<?xml version="1.0" encoding="UTF-8"?>
<TestRun id="19b6ea4e-64a2-4e90-a1d2-58ac33bb5f13" name="load.test@CHI-LAB-VSU-03 2016-02-23 03:34:19" runUser="MEDSEEKLAB\load.test" xmlns="http://microsoft.com/schemas/VisualStudio/TeamTest/2010">
  <TestSettings name="Local" id="3b1c1cf5-f0fc-4a30-a355-a117d32b02ff">
    <Description>These are default test settings for a local test run.</Description>
    <Execution>
      <TestTypeSpecific />
      <AgentRule name="Execution Agents">
      </AgentRule>
    </Execution>
    <Deployment runDeploymentRoot="load.test_CHI-LAB-VSU-03 2016-02-23 03_34_19" />
  </TestSettings>
  <Times creation="2016-02-23T03:34:19.0900580-06:00" queuing="2016-02-23T03:34:19.9168792-06:00" start="2016-02-23T03:34:20.0728832-06:00" finish="2016-02-23T03:34:33.5023430-06:00" />
  <ResultSummary outcome="Failed">
    <Counters total="1" executed="1" error="0" failed="1" timeout="0" aborted="0" inconclusive="0" passedButRunAborted="0" notRunnable="0" notExecuted="0" disconnected="0" warning="0" passed="0" completed="0" inProgress="0" pending="0" />
  </ResultSummary>
  <TestDefinitions>
    <WebTest name="WebTest2" storage="c:\medseek\automation\persuade\vsprojects\webandloadtestproject1\webandloadtestproject1\webtest2.webtest" id="f8443772-37d2-4a2c-8b70-37c98b4a53f0" persistedWebTest="77u/PD94bWwgdmVyc2lvbj0iMS4wIiBlbmNvZGluZz0iVVRGLTgiIHN0YW5kYWxvbmU9InllcyI/Pg0KPFdlYlRlc3QgTmFtZT0iV2ViVGVzdDIiIElkPSJmODQ0Mzc3Mi0zN2QyLTRhMmMtOGI3MC0zN2M5OGI0YTUzZjAiIE93bmVyPSIiIFByaW9yaXR5PSIyMTQ3NDgzNjQ3IiBFbmFibGVkPSJUcnVlIiBDc3NQcm9qZWN0U3RydWN0dXJlPSIiIENzc0l0ZXJhdGlvbj0iIiBUaW1lb3V0PSIwIiBXb3JrSXRlbUlkcz0iIiB4bWxucz0iaHR0cDovL21pY3Jvc29mdC5jb20vc2NoZW1hcy9WaXN1YWxTdHVkaW8vVGVhbVRlc3QvMjAxMCIgRGVzY3JpcHRpb249IiIgQ3JlZGVudGlhbFVzZXJOYW1lPSIiIENyZWRlbnRpYWxQYXNzd29yZD0iIiBQcmVBdXRoZW50aWNhdGU9IlRydWUiIFByb3h5PSIiIFN0b3BPbkVycm9yPSJGYWxzZSIgUmVjb3JkZWRSZXN1bHRGaWxlPSJXZWJUZXN0Mi4wNWM4MWE5OC1mOTYyLTRlYjQtYTRmMC02ODFkYzZkNGNiNTMucmVjLndlYnRlc3RyZXN1bHQiIFJlc3VsdHNMb2NhbGU9IiI+DQogIDxJdGVtcz4NCiAgICA8Q29tbWVudCBDb21tZW50VGV4dD0iTGFuZGluZyBwYWdlIiAvPg0KICAgIDxSZXF1ZXN0IE1ldGhvZD0iR0VUIiBHdWlkPSI4NmE4OTMzOC1lZjliLTQxYjUtODRhOC1kMWJmOTQ3YmI0NzciIFZlcnNpb249IjEuMSIgVXJsPSJ7e1VJU2VydmVyVVJMfX0vdW5pdmVyc2l0eWNvbG9yYWRvL3Nlc3Npb24vbG9naW4iIFRoaW5rVGltZT0iMiIgVGltZW91dD0iMzAwIiBQYXJzZURlcGVuZGVudFJlcXVlc3RzPSJUcnVlIiBGb2xsb3dSZWRpcmVjdHM9IlRydWUiIFJlY29yZFJlc3VsdD0iVHJ1ZSIgQ2FjaGU9IkZhbHNlIiBSZXNwb25zZVRpbWVHb2FsPSIwIiBFbmNvZGluZz0idXRmLTgiIEV4cGVjdGVkSHR0cFN0YXR1c0NvZGU9IjAiIEV4cGVjdGVkUmVzcG9uc2VVcmw9IiIgUmVwb3J0aW5nTmFtZT0iIiBJZ25vcmVIdHRwU3RhdHVzQ29kZT0iRmFsc2UiPg0KICAgICAgPERlcGVuZGVudFJlcXVlc3RzPg0KICAgICAgICA8UmVxdWVzdCBNZXRob2Q9IkdFVCIgR3VpZD0iNTg2YmFjYmEtNGZmYy00YjFjLTk2ZjMtYzEwNDc0ZmM3YTFmIiBWZXJzaW9uPSIxLjEiIFVybD0ie3tVSVNlcnZlclVSTH19L3JvdXRlcy5qc29uIiBUaGlua1RpbWU9IjAiIFRpbWVvdXQ9IjMwMCIgUGFyc2VEZXBlbmRlbnRSZXF1ZXN0cz0iVHJ1ZSIgRm9sbG93UmVkaXJlY3RzPSJUcnVlIiBSZWNvcmRSZXN1bHQ9IlRydWUiIENhY2hlPSJGYWxzZSIgUmVzcG9uc2VUaW1lR29hbD0iMCIgRW5jb2Rpbmc9InV0Zi04IiBFeHBlY3RlZEh0dHBTdGF0dXNDb2RlPSIwIiBFeHBlY3RlZFJlc3BvbnNlVXJsPSIiIFJlcG9ydGluZ05hbWU9IiIgSWdub3JlSHR0cFN0YXR1c0NvZGU9IkZhbHNlIj4NCiAgICAgICAgICA8SGVhZGVycz4NCiAgICAgICAgICAgIDxIZWFkZXIgTmFtZT0iQWNjZXB0IiBWYWx1ZT0iYXBwbGljYXRpb24vanNvbiwgdGV4dC9qYXZhc2NyaXB0LCAqLyo7IHE9MC4wMSIgLz4NCiAgICAgICAgICAgIDxIZWFkZXIgTmFtZT0iWC1SZXF1ZXN0ZWQtV2l0aCIgVmFsdWU9IlhNTEh0dHBSZXF1ZXN0IiAvPg0KICAgICAgICAgICAgPEhlYWRlciBOYW1lPSJSZWZlcmVyIiBWYWx1ZT0ie3tVSVNlcnZlclVSTH19L3VuaXZlcnNpdHljb2xvcmFkby9zZXNzaW9uL2xvZ2luIiAvPg0KICAgICAgICAgIDwvSGVhZGVycz4NCiAgICAgICAgICA8UXVlcnlTdHJpbmdQYXJhbWV0ZXJzPg0KICAgICAgICAgICAgPFF1ZXJ5U3RyaW5nUGFyYW1ldGVyIE5hbWU9Il8iIFZhbHVlPSIxNDU2MTM2ODgwNjgzIiBSZWNvcmRlZFZhbHVlPSIxNDU2MTM2ODgwNjgzIiBDb3JyZWxhdGlvbkJpbmRpbmc9IiIgVXJsRW5jb2RlPSJGYWxzZSIgVXNlVG9Hcm91cFJlc3VsdHM9IkZhbHNlIiAvPg0KICAgICAgICAgIDwvUXVlcnlTdHJpbmdQYXJhbWV0ZXJzPg0KICAgICAgICA8L1JlcXVlc3Q+DQogICAgICA8L0RlcGVuZGVudFJlcXVlc3RzPg0KICAgIDwvUmVxdWVzdD4NCiAgICA8UmVxdWVzdCBNZXRob2Q9IkdFVCIgR3VpZD0iNDc5NGQwNmUtM2NkMC00YmVlLWI2NDMtNjc4MGNkOTI1NjQ3IiBWZXJzaW9uPSIxLjEiIFVybD0ie3tXZWJTZXJ2ZXIyfX0vMS9lNGY2M2RhNjM3IiBUaGlua1RpbWU9IjAiIFRpbWVvdXQ9IjMwMCIgUGFyc2VEZXBlbmRlbnRSZXF1ZXN0cz0iVHJ1ZSIgRm9sbG93UmVkaXJlY3RzPSJUcnVlIiBSZWNvcmRSZXN1bHQ9IlRydWUiIENhY2hlPSJGYWxzZSIgUmVzcG9uc2VUaW1lR29hbD0iMCIgRW5jb2Rpbmc9Imlzby04ODU5LTEiIEV4cGVjdGVkSHR0cFN0YXR1c0NvZGU9IjAiIEV4cGVjdGVkUmVzcG9uc2VVcmw9IiIgUmVwb3J0aW5nTmFtZT0iIiBJZ25vcmVIdHRwU3RhdHVzQ29kZT0iRmFsc2UiPg0KICAgICAgPEhlYWRlcnM+DQogICAgICAgIDxIZWFkZXIgTmFtZT0iUmVmZXJlciIgVmFsdWU9Int7VUlTZXJ2ZXJVUkx9fS91bml2ZXJzaXR5Y29sb3JhZG8vc2Vzc2lvbi9sb2dpbiIgLz4NCiAgICAgIDwvSGVhZGVycz4NCiAgICAgIDxRdWVyeVN0cmluZ1BhcmFtZXRlcnM+DQogICAgICAgIDxRdWVyeVN0cmluZ1BhcmFtZXRlciBOYW1lPSJhIiBWYWx1ZT0iMTIzNDY2ODgiIFJlY29yZGVkVmFsdWU9IjEyMzQ2Njg4IiBDb3JyZWxhdGlvbkJpbmRpbmc9IiIgVXJsRW5jb2RlPSJGYWxzZSIgVXNlVG9Hcm91cFJlc3VsdHM9IkZhbHNlIiAvPg0KICAgICAgICA8UXVlcnlTdHJpbmdQYXJhbWV0ZXIgTmFtZT0idiIgVmFsdWU9Ijg1Mi5hMzZmMGZkIiBSZWNvcmRlZFZhbHVlPSI4NTIuYTM2ZjBmZCIgQ29ycmVsYXRpb25CaW5kaW5nPSIiIFVybEVuY29kZT0iRmFsc2UiIFVzZVRvR3JvdXBSZXN1bHRzPSJGYWxzZSIgLz4NCiAgICAgICAgPFF1ZXJ5U3RyaW5nUGFyYW1ldGVyIE5hbWU9InRvIiBWYWx1ZT0iTWdZQU4wUUhEQkZZVlVGYlh3dE1KeHRHRkFjUlNseEdIWGNnTjAxTUhBJTNEJTNEIiBSZWNvcmRlZFZhbHVlPSJNZ1lBTjBRSERCRllWVUZiWHd0TUp4dEdGQWNSU2x4R0hYY2dOMDFNSEElM0QlM0QiIENvcnJlbGF0aW9uQmluZGluZz0iIiBVcmxFbmNvZGU9IkZhbHNlIiBVc2VUb0dyb3VwUmVzdWx0cz0iRmFsc2UiIC8+DQogICAgICAgIDxRdWVyeVN0cmluZ1BhcmFtZXRlciBOYW1lPSJhcCIgVmFsdWU9IjAuMjQ5MiIgUmVjb3JkZWRWYWx1ZT0iMC4yNDkyIiBDb3JyZWxhdGlvbkJpbmRpbmc9IiIgVXJsRW5jb2RlPSJGYWxzZSIgVXNlVG9Hcm91cFJlc3VsdHM9IkZhbHNlIiAvPg0KICAgICAgICA8UXVlcnlTdHJpbmdQYXJhbWV0ZXIgTmFtZT0iYmUiIFZhbHVlPSIxNzM2IiBSZWNvcmRlZFZhbHVlPSIxNzM2IiBDb3JyZWxhdGlvbkJpbmRpbmc9IiIgVXJsRW5jb2RlPSJGYWxzZSIgVXNlVG9Hcm91cFJlc3VsdHM9IkZhbHNlIiAvPg0KICAgICAgICA8UXVlcnlTdHJpbmdQYXJhbWV0ZXIgTmFtZT0iZmUiIFZhbHVlPSIxOTQxIiBSZWNvcmRlZFZhbHVlPSIxOTQxIiBDb3JyZWxhdGlvbkJpbmRpbmc9IiIgVXJsRW5jb2RlPSJGYWxzZSIgVXNlVG9Hcm91cFJlc3VsdHM9IkZhbHNlIiAvPg0KICAgICAgICA8UXVlcnlTdHJpbmdQYXJhbWV0ZXIgTmFtZT0iZGMiIFZhbHVlPSIxNzk0IiBSZWNvcmRlZFZhbHVlPSIxNzk0IiBDb3JyZWxhdGlvbkJpbmRpbmc9IiIgVXJsRW5jb2RlPSJGYWxzZSIgVXNlVG9Hcm91cFJlc3VsdHM9IkZhbHNlIiAvPg0KICAgICAgICA8UXVlcnlTdHJpbmdQYXJhbWV0ZXIgTmFtZT0idHQiIFZhbHVlPSJmNmIzM2JhZjE2YjIxOCIgUmVjb3JkZWRWYWx1ZT0iZjZiMzNiYWYxNmIyMTgiIENvcnJlbGF0aW9uQmluZGluZz0iIiBVcmxFbmNvZGU9IkZhbHNlIiBVc2VUb0dyb3VwUmVzdWx0cz0iRmFsc2UiIC8+DQogICAgICAgIDxRdWVyeVN0cmluZ1BhcmFtZXRlciBOYW1lPSJmIiBWYWx1ZT0iJTVCJTIyZXJyJTIyLCUyMnhociUyMiwlMjJzdG4lMjIsJTIyaW5zJTIyJTVEIiBSZWNvcmRlZFZhbHVlPSIlNUIlMjJlcnIlMjIsJTIyeGhyJTIyLCUyMnN0biUyMiwlMjJpbnMlMjIlNUQiIENvcnJlbGF0aW9uQmluZGluZz0iIiBVcmxFbmNvZGU9IkZhbHNlIiBVc2VUb0dyb3VwUmVzdWx0cz0iRmFsc2UiIC8+DQogICAgICAgIDxRdWVyeVN0cmluZ1BhcmFtZXRlciBOYW1lPSJwZXJmIiBWYWx1ZT0iJTdCJTIydGltaW5nJTIyOiU3QiUyMm9mJTIyOjE0NTYxMzY4NzgyNzMsJTIybiUyMjowLCUyMmRsJTIyOjE2MjcsJTIyZGklMjI6MzUyOSwlMjJkcyUyMjozNTI5LCUyMmRlJTIyOjM2NTksJTIyZGMlMjI6MzY2MywlMjJsJTIyOjM2NzcsJTIybGUlMjI6MzY4MywlMjJmJTIyOjIsJTIyZG4lMjI6MiwlMjJkbmUlMjI6MiwlMjJjJTIyOjIsJTIyY2UlMjI6MiwlMjJycSUyMjoxNjI0LCUyMnJwJTIyOjE2MjcsJTIycnBlJTIyOjE2MzIlN0QsJTIybmF2aWdhdGlvbiUyMjolN0IlN0QlN0QiIFJlY29yZGVkVmFsdWU9IiU3QiUyMnRpbWluZyUyMjolN0IlMjJvZiUyMjoxNDU2MTM2ODc4MjczLCUyMm4lMjI6MCwlMjJkbCUyMjoxNjI3LCUyMmRpJTIyOjM1MjksJTIyZHMlMjI6MzUyOSwlMjJkZSUyMjozNjU5LCUyMmRjJTIyOjM2NjMsJTIybCUyMjozNjc3LCUyMmxlJTIyOjM2ODMsJTIyZiUyMjoyLCUyMmRuJTIyOjIsJTIyZG5lJTIyOjIsJTIyYyUyMjoyLCUyMmNlJTIyOjIsJTIycnElMjI6MTYyNCwlMjJycCUyMjoxNjI3LCUyMnJwZSUyMjoxNjMyJTdELCUyMm5hdmlnYXRpb24lMjI6JTdCJTdEJTdEIiBDb3JyZWxhdGlvbkJpbmRpbmc9IiIgVXJsRW5jb2RlPSJGYWxzZSIgVXNlVG9Hcm91cFJlc3VsdHM9IkZhbHNlIiAvPg0KICAgICAgICA8UXVlcnlTdHJpbmdQYXJhbWV0ZXIgTmFtZT0ianNvbnAiIFZhbHVlPSJOUkVVTS5zZXRUb2tlbiIgUmVjb3JkZWRWYWx1ZT0iTlJFVU0uc2V0VG9rZW4iIENvcnJlbGF0aW9uQmluZGluZz0iIiBVcmxFbmNvZGU9IkZhbHNlIiBVc2VUb0dyb3VwUmVzdWx0cz0iRmFsc2UiIC8+DQogICAgICA8L1F1ZXJ5U3RyaW5nUGFyYW1ldGVycz4NCiAgICA8L1JlcXVlc3Q+DQogICAgPFJlcXVlc3QgTWV0aG9kPSJQT1NUIiBHdWlkPSI0N2NiNjI2My02ODRlLTRkMGUtOThiZS1kZjBhODg1Y2RmMDYiIFZlcnNpb249IjEuMSIgVXJsPSJ7e1dlYlNlcnZlcjJ9fS9yZXNvdXJjZXMvMS9lNGY2M2RhNjM3IiBUaGlua1RpbWU9IjAiIFRpbWVvdXQ9IjMwMCIgUGFyc2VEZXBlbmRlbnRSZXF1ZXN0cz0iVHJ1ZSIgRm9sbG93UmVkaXJlY3RzPSJUcnVlIiBSZWNvcmRSZXN1bHQ9IlRydWUiIENhY2hlPSJGYWxzZSIgUmVzcG9uc2VUaW1lR29hbD0iMCIgRW5jb2Rpbmc9InV0Zi04IiBFeHBlY3RlZEh0dHBTdGF0dXNDb2RlPSIwIiBFeHBlY3RlZFJlc3BvbnNlVXJsPSIiIFJlcG9ydGluZ05hbWU9IiIgSWdub3JlSHR0cFN0YXR1c0NvZGU9IkZhbHNlIj4NCiAgICAgIDxIZWFkZXJzPg0KICAgICAgICA8SGVhZGVyIE5hbWU9IlJlZmVyZXIiIFZhbHVlPSJ7e1VJU2VydmVyVVJMfX0vdW5pdmVyc2l0eWNvbG9yYWRvL3Nlc3Npb24vbG9naW4iIC8+DQogICAgICA8L0hlYWRlcnM+DQogICAgICA8UXVlcnlTdHJpbmdQYXJhbWV0ZXJzPg0KICAgICAgICA8UXVlcnlTdHJpbmdQYXJhbWV0ZXIgTmFtZT0iYSIgVmFsdWU9IjEyMzQ2Njg4IiBSZWNvcmRlZFZhbHVlPSIxMjM0NjY4OCIgQ29ycmVsYXRpb25CaW5kaW5nPSIiIFVybEVuY29kZT0iRmFsc2UiIFVzZVRvR3JvdXBSZXN1bHRzPSJGYWxzZSIgLz4NCiAgICAgICAgPFF1ZXJ5U3RyaW5nUGFyYW1ldGVyIE5hbWU9InYiIFZhbHVlPSI4NTIuYTM2ZjBmZCIgUmVjb3JkZWRWYWx1ZT0iODUyLmEzNmYwZmQiIENvcnJlbGF0aW9uQmluZGluZz0iIiBVcmxFbmNvZGU9IkZhbHNlIiBVc2VUb0dyb3VwUmVzdWx0cz0iRmFsc2UiIC8+DQogICAgICAgIDxRdWVyeVN0cmluZ1BhcmFtZXRlciBOYW1lPSJ0byIgVmFsdWU9Ik1nWUFOMFFIREJGWVZVRmJYd3RNSnh0R0ZBY1JTbHhHSFhjZ04wMU1IQSUzRCUzRCIgUmVjb3JkZWRWYWx1ZT0iTWdZQU4wUUhEQkZZVlVGYlh3dE1KeHRHRkFjUlNseEdIWGNnTjAxTUhBJTNEJTNEIiBDb3JyZWxhdGlvbkJpbmRpbmc9IiIgVXJsRW5jb2RlPSJGYWxzZSIgVXNlVG9Hcm91cFJlc3VsdHM9IkZhbHNlIiAvPg0KICAgICAgICA8UXVlcnlTdHJpbmdQYXJhbWV0ZXIgTmFtZT0ic3QiIFZhbHVlPSIxNDU2MTM2ODc4MjczIiBSZWNvcmRlZFZhbHVlPSIxNDU2MTM2ODc4MjczIiBDb3JyZWxhdGlvbkJpbmRpbmc9IiIgVXJsRW5jb2RlPSJGYWxzZSIgVXNlVG9Hcm91cFJlc3VsdHM9IkZhbHNlIiAvPg0KICAgICAgPC9RdWVyeVN0cmluZ1BhcmFtZXRlcnM+DQogICAgICA8U3RyaW5nSHR0cEJvZHkgQ29udGVudFR5cGU9InRleHQvcGxhaW47Y2hhcnNldD1VVEYtOCIgSW5zZXJ0Qnl0ZU9yZGVyTWFyaz0iRmFsc2UiPmV3QWlBSElBWlFCekFDSUFPZ0JiQUhzQUlnQnVBQ0lBT2dBaUFHTUFid0J1QUc0QVpRQmpBSFFBUlFCdUFHUUFJZ0FzQUNJQWN3QWlBRG9BTWdBc0FDSUFaUUFpQURvQU1nQXNBQ0lBYndBaUFEb0FJZ0JrQUc4QVl3QjFBRzBBWlFCdUFIUUFJZ0FzQUNJQWRBQWlBRG9BSWdCMEFHa0FiUUJwQUc0QVp3QWlBSDBBTEFCN0FDSUFiZ0FpQURvQUlnQmpBRzhBYmdCdUFHVUFZd0IwQUZNQWRBQmhBSElBZEFBaUFDd0FJZ0J6QUNJQU9nQXlBQ3dBSWdCbEFDSUFPZ0F5QUN3QUlnQnZBQ0lBT2dBaUFHUUFid0JqQUhVQWJRQmxBRzRBZEFBaUFDd0FJZ0IwQUNJQU9nQWlBSFFBYVFCdEFHa0FiZ0JuQUNJQWZRQXNBSHNBSWdCdUFDSUFPZ0FpQUdRQWJ3QnRBRU1BYndCdEFIQUFiQUJsQUhRQVpRQWlBQ3dBSWdCekFDSUFPZ0F6QURZQU5nQXpBQ3dBSWdCbEFDSUFPZ0F6QURZQU5nQXpBQ3dBSWdCdkFDSUFPZ0FpQUdRQWJ3QmpBSFVBYlFCbEFHNEFkQUFpQUN3QUlnQjBBQ0lBT2dBaUFIUUFhUUJ0QUdrQWJnQm5BQ0lBZlFBc0FIc0FJZ0J1QUNJQU9nQWlBR1FBYndCdEFFTUFid0J1QUhRQVpRQnVBSFFBVEFCdkFHRUFaQUJsQUdRQVJRQjJBR1VBYmdCMEFFVUFiZ0JrQUNJQUxBQWlBSE1BSWdBNkFETUFOZ0ExQURrQUxBQWlBR1VBSWdBNkFETUFOZ0ExQURrQUxBQWlBRzhBSWdBNkFDSUFaQUJ2QUdNQWRRQnRBR1VBYmdCMEFDSUFMQUFpQUhRQUlnQTZBQ0lBZEFCcEFHMEFhUUJ1QUdjQUlnQjlBQ3dBZXdBaUFHNEFJZ0E2QUNJQVpBQnZBRzBBUXdCdkFHNEFkQUJsQUc0QWRBQk1BRzhBWVFCa0FHVUFaQUJGQUhZQVpRQnVBSFFBVXdCMEFHRUFjZ0IwQUNJQUxBQWlBSE1BSWdBNkFETUFOUUF5QURrQUxBQWlBR1VBSWdBNkFETUFOUUF5QURrQUxBQWlBRzhBSWdBNkFDSUFaQUJ2QUdNQWRRQnRBR1VBYmdCMEFDSUFMQUFpQUhRQUlnQTZBQ0lBZEFCcEFHMEFhUUJ1QUdjQUlnQjlBQ3dBZXdBaUFHNEFJZ0E2QUNJQVpBQnZBRzBBU1FCdUFIUUFaUUJ5QUdFQVl3QjBBR2tBZGdCbEFDSUFMQUFpQUhNQUlnQTZBRE1BTlFBeUFEa0FMQUFpQUdVQUlnQTZBRE1BTlFBeUFEa0FMQUFpQUc4QUlnQTZBQ0lBWkFCdkFHTUFkUUJ0QUdVQWJnQjBBQ0lBTEFBaUFIUUFJZ0E2QUNJQWRBQnBBRzBBYVFCdUFHY0FJZ0I5QUN3QWV3QWlBRzRBSWdBNkFDSUFaQUJ2QUcwQVRBQnZBR0VBWkFCcEFHNEFad0FpQUN3QUlnQnpBQ0lBT2dBeEFEWUFNZ0EzQUN3QUlnQmxBQ0lBT2dBeEFEWUFNZ0EzQUN3QUlnQnZBQ0lBT2dBaUFHUUFid0JqQUhVQWJRQmxBRzRBZEFBaUFDd0FJZ0IwQUNJQU9nQWlBSFFBYVFCdEFHa0FiZ0JuQUNJQWZRQXNBSHNBSWdCdUFDSUFPZ0FpQUdRQWJ3QnRBR0VBYVFCdUFFd0Fid0J2QUdzQWRRQndBRVVBYmdCa0FDSUFMQUFpQUhNQUlnQTZBRElBTEFBaUFHVUFJZ0E2QURJQUxBQWlBRzhBSWdBNkFDSUFaQUJ2QUdNQWRRQnRBR1VBYmdCMEFDSUFMQUFpQUhRQUlnQTZBQ0lBZEFCcEFHMEFhUUJ1QUdjQUlnQjlBQ3dBZXdBaUFHNEFJZ0E2QUNJQVpBQnZBRzBBWVFCcEFHNEFUQUJ2QUc4QWF3QjFBSEFBVXdCMEFHRUFjZ0IwQUNJQUxBQWlBSE1BSWdBNkFESUFMQUFpQUdVQUlnQTZBRElBTEFBaUFHOEFJZ0E2QUNJQVpBQnZBR01BZFFCdEFHVUFiZ0IwQUNJQUxBQWlBSFFBSWdBNkFDSUFkQUJwQUcwQWFRQnVBR2NBSWdCOUFDd0Fld0FpQUc0QUlnQTZBQ0lBWmdCbEFIUUFZd0JvQUZNQWRBQmhBSElBZEFBaUFDd0FJZ0J6QUNJQU9nQXlBQ3dBSWdCbEFDSUFPZ0F5QUN3QUlnQnZBQ0lBT2dBaUFHUUFid0JqQUhVQWJRQmxBRzRBZEFBaUFDd0FJZ0IwQUNJQU9nQWlBSFFBYVFCdEFHa0FiZ0JuQUNJQWZRQXNBSHNBSWdCdUFDSUFPZ0FpQUd3QWJ3QmhBR1FBUlFCMkFHVUFiZ0IwQUVVQWJnQmtBQ0lBTEFBaUFITUFJZ0E2QURNQU5nQTRBRE1BTEFBaUFHVUFJZ0E2QURNQU5nQTRBRE1BTEFBaUFHOEFJZ0E2QUNJQVpBQnZBR01BZFFCdEFHVUFiZ0IwQUNJQUxBQWlBSFFBSWdBNkFDSUFkQUJwQUcwQWFRQnVBR2NBSWdCOUFDd0Fld0FpQUc0QUlnQTZBQ0lBYkFCdkFHRUFaQUJGQUhZQVpRQnVBSFFBVXdCMEFHRUFjZ0IwQUNJQUxBQWlBSE1BSWdBNkFETUFOZ0EzQURjQUxBQWlBR1VBSWdBNkFETUFOZ0EzQURjQUxBQWlBRzhBSWdBNkFDSUFaQUJ2QUdNQWRRQnRBR1VBYmdCMEFDSUFMQUFpQUhRQUlnQTZBQ0lBZEFCcEFHMEFhUUJ1QUdjQUlnQjlBQ3dBZXdBaUFHNEFJZ0E2QUNJQWJRQnpBRVlBYVFCeUFITUFkQUJRQUdFQWFRQnVBSFFBSWdBc0FDSUFjd0FpQURvQU1nQTJBRFFBTlFBc0FDSUFaUUFpQURvQU1nQTJBRFFBTlFBc0FDSUFid0FpQURvQUlnQmtBRzhBWXdCMUFHMEFaUUJ1QUhRQUlnQXNBQ0lBZEFBaUFEb0FJZ0IwQUdrQWJRQnBBRzRBWndBaUFIMEFMQUI3QUNJQWJnQWlBRG9BSWdCdUFHRUFkZ0JwQUdjQVlRQjBBR2tBYndCdUFGTUFkQUJoQUhJQWRBQWlBQ3dBSWdCekFDSUFPZ0F3QUN3QUlnQmxBQ0lBT2dBd0FDd0FJZ0J2QUNJQU9nQWlBR1FBYndCakFIVUFiUUJsQUc0QWRBQWlBQ3dBSWdCMEFDSUFPZ0FpQUhRQWFRQnRBR2tBYmdCbkFDSUFmUUFzQUhzQUlnQnVBQ0lBT2dBaUFISUFaUUJ4QUhVQVpRQnpBSFFBVXdCMEFHRUFjZ0IwQUNJQUxBQWlBSE1BSWdBNkFERUFOZ0F5QURRQUxBQWlBR1VBSWdBNkFERUFOZ0F5QURRQUxBQWlBRzhBSWdBNkFDSUFaQUJ2QUdNQWRRQnRBR1VBYmdCMEFDSUFMQUFpQUhRQUlnQTZBQ0lBZEFCcEFHMEFhUUJ1QUdjQUlnQjlBQ3dBZXdBaUFHNEFJZ0E2QUNJQWNnQmxBSE1BY0FCdkFHNEFjd0JsQUVVQWJnQmtBQ0lBTEFBaUFITUFJZ0E2QURFQU5nQXpBRElBTEFBaUFHVUFJZ0E2QURFQU5nQXpBRElBTEFBaUFHOEFJZ0E2QUNJQVpBQnZBR01BZFFCdEFHVUFiZ0IwQUNJQUxBQWlBSFFBSWdBNkFDSUFkQUJwQUcwQWFRQnVBR2NBSWdCOUFDd0Fld0FpQUc0QUlnQTZBQ0lBY2dCbEFITUFjQUJ2QUc0QWN3QmxBRk1BZEFCaEFISUFkQUFpQUN3QUlnQnpBQ0lBT2dBeEFEWUFNZ0EzQUN3QUlnQmxBQ0lBT2dBeEFEWUFNZ0EzQUN3QUlnQnZBQ0lBT2dBaUFHUUFid0JqQUhVQWJRQmxBRzRBZEFBaUFDd0FJZ0IwQUNJQU9nQWlBSFFBYVFCdEFHa0FiZ0JuQUNJQWZRQXNBSHNBSWdCdUFDSUFPZ0FpQUd3QWFRQnVBR3NBSWdBc0FDSUFjd0FpQURvQU1RQTJBRE1BTkFBc0FDSUFaUUFpQURvQU1RQTJBRGdBTWdBc0FDSUFid0FpQURvQUlnQm9BSFFBZEFCd0FITUFPZ0F2QUM4QWN3QjBBR0VBWndCcEFHNEFad0J3QUhJQVpRQmtBR2tBWXdCMEFEVUFMZ0JwQUc0QVpnQnNBSFVBWlFCdUFHTUFaUUJvQUdVQVlRQnNBSFFBYUFBdUFHTUFid0J0QURvQU5BQTBBRE1BTHdBa0FHTUFjd0J6QUM4QWJnQnZBSElBYlFCaEFHd0FhUUI2QUdVQUxnQnRBR2tBYmdBdUFHTUFjd0J6QUNJQUxBQWlBSFFBSWdBNkFDSUFjZ0JsQUhNQWJ3QjFBSElBWXdCbEFDSUFmUUFzQUhzQUlnQnVBQ0lBT2dBaUFHd0FhUUJ1QUdzQUlnQXNBQ0lBY3dBaUFEb0FNUUEyQURNQU5nQXNBQ0lBWlFBaUFEb0FNUUEyQURZQU9BQXNBQ0lBYndBaUFEb0FJZ0JvQUhRQWRBQndBSE1BT2dBdkFDOEFjd0IwQUdFQVp3QnBBRzRBWndCd0FISUFaUUJrQUdrQVl3QjBBRFVBTGdCcEFHNEFaZ0JzQUhVQVpRQnVBR01BWlFCb0FHVUFZUUJzQUhRQWFBQXVBR01BYndCdEFEb0FOQUEwQURNQUx3QWtBSFVBYVFBdEFIQUFZUUIwQUhRQVpRQnlBRzRBY3dBdkFHUUFhUUJ6QUhRQUx3QjFBR2tBTFFCd0FHRUFkQUIwQUdVQWNnQnVBSE1BTGdCakFITUFjd0FpQUN3QUlnQjBBQ0lBT2dBaUFISUFaUUJ6QUc4QWRRQnlBR01BWlFBaUFIMEFMQUI3QUNJQWJnQWlBRG9BSWdCc0FHa0FiZ0JyQUNJQUxBQWlBSE1BSWdBNkFERUFOZ0F6QURrQUxBQWlBR1VBSWdBNkFERUFOZ0EzQURZQUxBQWlBRzhBSWdBNkFDSUFhQUIwQUhRQWNBQnpBRG9BTHdBdkFITUFkQUJoQUdjQWFRQnVBR2NBY0FCeUFHVUFaQUJwQUdNQWRBQTFBQzRBYVFCdUFHWUFiQUIxQUdVQWJnQmpBR1VBYUFCbEFHRUFiQUIwQUdnQUxnQmpBRzhBYlFBNkFEUUFOQUF6QUM4QVl3QnpBSE1BTHdCdUFHY0FMUUJuQUhJQWFRQmtBQzRBYlFCcEFHNEFMZ0JqQUhNQWN3QWlBQ3dBSWdCMEFDSUFPZ0FpQUhJQVpRQnpBRzhBZFFCeUFHTUFaUUFpQUgwQUxBQjdBQ0lBYmdBaUFEb0FJZ0JzQUdrQWJnQnJBQ0lBTEFBaUFITUFJZ0E2QURFQU5nQTBBREVBTEFBaUFHVUFJZ0E2QURFQU5nQTNBRGNBTEFBaUFHOEFJZ0E2QUNJQWFBQjBBSFFBY0FCekFEb0FMd0F2QUhNQWRBQmhBR2NBYVFCdUFHY0FjQUJ5QUdVQVpBQnBBR01BZEFBMUFDNEFhUUJ1QUdZQWJBQjFBR1VBYmdCakFHVUFhQUJsQUdFQWJBQjBBR2dBTGdCakFHOEFiUUE2QURRQU5BQXpBQzhBWXdCekFITUFMd0JxQUhFQWRRQmxBSElBZVFBdEFIVUFhUUF1QUdNQWN3QnpBQ0lBTEFBaUFIUUFJZ0E2QUNJQWNnQmxBSE1BYndCMUFISUFZd0JsQUNJQWZRQXNBSHNBSWdCdUFDSUFPZ0FpQUd3QWFRQnVBR3NBSWdBc0FDSUFjd0FpQURvQU1RQTJBRFFBTWdBc0FDSUFaUUFpQURvQU1RQTJBRGdBTVFBc0FDSUFid0FpQURvQUlnQm9BSFFBZEFCd0FITUFPZ0F2QUM4QWN3QjBBR0VBWndCcEFHNEFad0J3QUhJQVpRQmtBR2tBWXdCMEFEVUFMZ0JwQUc0QVpnQnNBSFVBWlFCdUFHTUFaUUJvQUdVQVlRQnNBSFFBYUFBdUFHTUFid0J0QURvQU5BQTBBRE1BTHdCakFITUFjd0F2QUdvQWN3QnNBR2tBWkFCbEFISUFMZ0JqQUhNQWN3QWlBQ3dBSWdCMEFDSUFPZ0FpQUhJQVpRQnpBRzhBZFFCeUFHTUFaUUFpQUgwQUxBQjdBQ0lBYmdBaUFEb0FJZ0JzQUdrQWJnQnJBQ0lBTEFBaUFITUFJZ0E2QURFQU5nQTBBRFFBTEFBaUFHVUFJZ0E2QURFQU5nQTRBRFVBTEFBaUFHOEFJZ0E2QUNJQWFBQjBBSFFBY0FCekFEb0FMd0F2QUhNQWRBQmhBR2NBYVFCdUFHY0FjQUJ5QUdVQVpBQnBBR01BZEFBMUFDNEFhUUJ1QUdZQWJBQjFBR1VBYmdCakFHVUFhQUJsQUdFQWJBQjBBR2dBTGdCakFHOEFiUUE2QURRQU5BQXpBQzhBWXdCekFITUFMd0JzQUdVQVlRQm1BR3dBWlFCMEFDNEFZd0J6QUhNQUlnQXNBQ0lBZEFBaUFEb0FJZ0J5QUdVQWN3QnZBSFVBY2dCakFHVUFJZ0I5QUN3QWV3QWlBRzRBSWdBNkFDSUFiQUJwQUc0QWF3QWlBQ3dBSWdCekFDSUFPZ0F4QURZQU5BQTFBQ3dBSWdCbEFDSUFPZ0F4QURZQU9RQTJBQ3dBSWdCdkFDSUFPZ0FpQUdnQWRBQjBBSEFBY3dBNkFDOEFMd0J6QUhRQVlRQm5BR2tBYmdCbkFIQUFjZ0JsQUdRQWFRQmpBSFFBTlFBdUFHa0FiZ0JtQUd3QWRRQmxBRzRBWXdCbEFHZ0FaUUJoQUd3QWRBQm9BQzRBWXdCdkFHMEFPZ0EwQURRQU13QXZBR01BY3dCekFDOEFUQUF1QUVNQWJ3QnVBSFFBY2dCdkFHd0FMZ0JRQUdFQWJnQXVBR01BY3dCekFDSUFMQUFpQUhRQUlnQTZBQ0lBY2dCbEFITUFid0IxQUhJQVl3QmxBQ0lBZlFBc0FIc0FJZ0J1QUNJQU9nQWlBR3dBYVFCdUFHc0FJZ0FzQUNJQWN3QWlBRG9BTVFBMkFEUUFOd0FzQUNJQVpRQWlBRG9BTVFBM0FERUFNUUFzQUNJQWJ3QWlBRG9BSWdCb0FIUUFkQUJ3QUhNQU9nQXZBQzhBY3dCMEFHRUFad0JwQUc0QVp3QndBSElBWlFCa0FHa0FZd0IwQURVQUxnQnBBRzRBWmdCc0FIVUFaUUJ1QUdNQVpRQm9BR1VBWVFCc0FIUUFhQUF1QUdNQWJ3QnRBRG9BTkFBMEFETUFMd0JqQUhNQWN3QXZBRXdBTGdCREFHOEFiZ0IwQUhJQWJ3QnNBQzRBVUFCaEFHNEFMZ0JwQUdVQUxnQmpBSE1BY3dBaUFDd0FJZ0IwQUNJQU9nQWlBSElBWlFCekFHOEFkUUJ5QUdNQVpRQWlBSDBBTEFCN0FDSUFiZ0FpQURvQUlnQnNBR2tBYmdCckFDSUFMQUFpQUhNQUlnQTZBREVBTmdBMEFEZ0FMQUFpQUdVQUlnQTZBREVBTndBd0FESUFMQUFpQUc4QUlnQTZBQ0lBYUFCMEFIUUFjQUJ6QURvQUx3QXZBSE1BZEFCaEFHY0FhUUJ1QUdjQWNBQnlBR1VBWkFCcEFHTUFkQUExQUM0QWFRQnVBR1lBYkFCMUFHVUFiZ0JqQUdVQWFBQmxBR0VBYkFCMEFHZ0FMZ0JqQUc4QWJRQTZBRFFBTkFBekFDOEFZd0J6QUhNQUx3QmlBRzhBYndCMEFITUFkQUJ5QUdFQWNBQXRBSE1BWlFCc0FHVUFZd0IwQUM0QWJRQnBBRzRBTGdCakFITUFjd0FpQUN3QUlnQjBBQ0lBT2dBaUFISUFaUUJ6QUc4QWRRQnlBR01BWlFBaUFIMEFMQUI3QUNJQWJnQWlBRG9BSWdCc0FHa0FiZ0JyQUNJQUxBQWlBSE1BSWdBNkFERUFOZ0ExQURBQUxBQWlBR1VBSWdBNkFERUFOd0F3QURRQUxBQWlBRzhBSWdBNkFDSUFhQUIwQUhRQWNBQnpBRG9BTHdBdkFITUFkQUJoQUdjQWFRQnVBR2NBY0FCeUFHVUFaQUJwQUdNQWRBQTFBQzRBYVFCdUFHWUFiQUIxQUdVQWJnQmpBR1VBYUFCbEFHRUFiQUIwQUdnQUxnQmpBRzhBYlFBNkFEUUFOQUF6QUM4QVl3QnpBSE1BTHdCTkFHRUFjZ0JyQUdVQWNnQkRBR3dBZFFCekFIUUFaUUJ5QUM0QVl3QnpBSE1BSWdBc0FDSUFkQUFpQURvQUlnQnlBR1VBY3dCdkFIVUFjZ0JqQUdVQUlnQjlBQ3dBZXdBaUFHNEFJZ0E2QUNJQWJBQnBBRzRBYXdBaUFDd0FJZ0J6QUNJQU9nQXhBRFlBTlFBeUFDd0FJZ0JsQUNJQU9nQXhBRGNBTUFBNUFDd0FJZ0J2QUNJQU9nQWlBR2dBZEFCMEFIQUFjd0E2QUM4QUx3QnpBSFFBWVFCbkFHa0FiZ0JuQUhBQWNnQmxBR1FBYVFCakFIUUFOUUF1QUdrQWJnQm1BR3dBZFFCbEFHNEFZd0JsQUdnQVpRQmhBR3dBZEFCb0FDNEFZd0J2QUcwQU9nQTBBRFFBTXdBdkFHTUFjd0J6QUM4QVRRQmhBSElBYXdCbEFISUFRd0JzQUhVQWN3QjBBR1VBY2dBdUFFUUFaUUJtQUdFQWRRQnNBSFFBTGdCakFITUFjd0FpQUN3QUlnQjBBQ0lBT2dBaUFISUFaUUJ6QUc4QWRRQnlBR01BWlFBaUFIMEFMQUI3QUNJQWJnQWlBRG9BSWdCc0FHa0FiZ0JyQUNJQUxBQWlBSE1BSWdBNkFERUFOZ0ExQURNQUxBQWlBR1VBSWdBNkFERUFOd0F4QURrQUxBQWlBRzhBSWdBNkFDSUFhQUIwQUhRQWNBQnpBRG9BTHdBdkFITUFkQUJoQUdjQWFRQnVBR2NBY0FCeUFHVUFaQUJwQUdNQWRBQTFBQzRBYVFCdUFHWUFiQUIxQUdVQWJnQmpBR1VBYUFCbEFHRUFiQUIwQUdnQUxnQmpBRzhBYlFBNkFEUUFOQUF6QUM4QVl3QnpBSE1BTHdCa0FHRUFkQUJsQUhBQWFRQmpBR3NBWlFCeUFDNEFZd0J6QUhNQUlnQXNBQ0lBZEFBaUFEb0FJZ0J5QUdVQWN3QnZBSFVBY2dCakFHVUFJZ0I5QUN3QWV3QWlBRzRBSWdBNkFDSUFiQUJwQUc0QWF3QWlBQ3dBSWdCekFDSUFPZ0F4QURZQU5RQTFBQ3dBSWdCbEFDSUFPZ0F4QURjQU13QXdBQ3dBSWdCdkFDSUFPZ0FpQUdnQWRBQjBBSEFBY3dBNkFDOEFMd0J6QUhRQVlRQm5BR2tBYmdCbkFIQUFjZ0JsQUdRQWFRQmpBSFFBTlFBdUFHa0FiZ0JtQUd3QWRRQmxBRzRBWXdCbEFHZ0FaUUJoQUd3QWRBQm9BQzRBWXdCdkFHMEFPZ0EwQURRQU13QXZBR01BY3dCekFDOEFaZ0J2QUc0QWRBQXRBR0VBZHdCbEFITUFid0J0QUdVQUxnQnRBR2tBYmdBdUFHTUFjd0J6QUNJQUxBQWlBSFFBSWdBNkFDSUFjZ0JsQUhNQWJ3QjFBSElBWXdCbEFDSUFmUUFzQUhzQUlnQnVBQ0lBT2dBaUFHd0FhUUJ1QUdzQUlnQXNBQ0lBY3dBaUFEb0FNUUEyQURVQU53QXNBQ0lBWlFBaUFEb0FNUUEzQURNQU5nQXNBQ0lBYndBaUFEb0FJZ0JvQUhRQWRBQndBSE1BT2dBdkFDOEFjd0IwQUdFQVp3QnBBRzRBWndCd0FISUFaUUJrQUdrQVl3QjBBRFVBTGdCcEFHNEFaZ0JzQUhVQVpRQnVBR01BWlFCb0FHVUFZUUJzQUhRQWFBQXVBR01BYndCdEFEb0FOQUEwQURNQUx3QmpBSE1BY3dBdkFHRUFiZ0JuQUhVQWJBQmhBSElBTFFCMUFHa0FMUUIwQUhJQVpRQmxBQzRBYlFCcEFHNEFMZ0JqQUhNQWN3QWlBQ3dBSWdCMEFDSUFPZ0FpQUhJQVpRQnpBRzhBZFFCeUFHTUFaUUFpQUgwQUxBQjdBQ0lBYmdBaUFEb0FJZ0JzQUdrQWJnQnJBQ0lBTEFBaUFITUFJZ0E2QURFQU5nQTFBRGdBTEFBaUFHVUFJZ0E2QURFQU9RQXpBRGtBTEFBaUFHOEFJZ0E2QUNJQWFBQjBBSFFBY0FCekFEb0FMd0F2QUhNQWRBQmhBR2NBYVFCdUFHY0FjQUJ5QUdVQVpBQnBBR01BZEFBMUFDNEFhUUJ1QUdZQWJBQjFBR1VBYmdCakFHVUFhQUJsQUdFQWJBQjBBR2dBTGdCakFHOEFiUUE2QURRQU5BQXpBQzhBZEFCb0FHVUFiUUJsQUhNQUx3QmtBR1VBWmdCaEFIVUFiQUIwQUM4QWJRQmhBR2tBYmdBdUFHTUFjd0J6QUNJQUxBQWlBSFFBSWdBNkFDSUFjZ0JsQUhNQWJ3QjFBSElBWXdCbEFDSUFmUUFzQUhzQUlnQnVBQ0lBT2dBaUFHd0FhUUJ1QUdzQUlnQXNBQ0lBY3dBaUFEb0FNUUEyQURZQU1BQXNBQ0lBWlFBaUFEb0FNUUEzQURRQU1BQXNBQ0lBYndBaUFEb0FJZ0JvQUhRQWRBQndBSE1BT2dBdkFDOEFjd0IwQUdFQVp3QnBBRzRBWndCd0FISUFaUUJrQUdrQVl3QjBBRFVBTGdCcEFHNEFaZ0JzQUhVQVpRQnVBR01BWlFCb0FHVUFZUUJzQUhRQWFBQXVBR01BYndCdEFEb0FOQUEwQURNQUx3QmpBSE1BY3dBdkFHd0FaUUJoQUdZQWJBQmxBSFFBTFFCUUFISUFkUUJ1QUdVQVF3QnNBSFVBY3dCMEFHVUFjZ0F1QUdNQWN3QnpBQ0lBTEFBaUFIUUFJZ0E2QUNJQWNnQmxBSE1BYndCMUFISUFZd0JsQUNJQWZRQXNBSHNBSWdCdUFDSUFPZ0FpQUhNQVl3QnlBR2tBY0FCMEFDSUFMQUFpQUhNQUlnQTZBREVBTmdBMkFERUFMQUFpQUdVQUlnQTZBREVBTndBMEFERUFMQUFpQUc4QUlnQTZBQ0lBYUFCMEFIUUFjQUJ6QURvQUx3QXZBSE1BZEFCaEFHY0FhUUJ1QUdjQWNBQnlBR1VBWkFCcEFHTUFkQUExQUM0QWFRQnVBR1lBYkFCMUFHVUFiZ0JqQUdVQWFBQmxBR0VBYkFCMEFHZ0FMZ0JqQUc4QWJRQTZBRFFBTkFBekFDOEFKQUJxQUhNQUx3QnFBSEVBZFFCbEFISUFlUUF1QUdvQWN3QWlBQ3dBSWdCMEFDSUFPZ0FpQUhJQVpRQnpBRzhBZFFCeUFHTUFaUUFpQUgwQUxBQjdBQ0lBYmdBaUFEb0FJZ0J6QUdNQWNnQnBBSEFBZEFBaUFDd0FJZ0J6QUNJQU9nQXhBRFlBTmdBekFDd0FJZ0JsQUNJQU9nQXlBREVBTUFBM0FDd0FJZ0J2QUNJQU9nQWlBR2dBZEFCMEFIQUFjd0E2QUM4QUx3QnpBSFFBWVFCbkFHa0FiZ0JuQUhBQWNnQmxBR1FBYVFCakFIUUFOUUF1QUdrQWJnQm1BR3dBZFFCbEFHNEFZd0JsQUdnQVpRQmhBR3dBZEFCb0FDNEFZd0J2QUcwQU9nQTBBRFFBTXdBdkFDUUFhZ0J6QUM4QVlRQnVBR2NBZFFCc0FHRUFjZ0F1QUdvQWN3QWlBQ3dBSWdCMEFDSUFPZ0FpQUhJQVpRQnpBRzhBZFFCeUFHTUFaUUFpQUgwQUxBQjdBQ0lBYmdBaUFEb0FJZ0J6QUdNQWNnQnBBSEFBZEFBaUFDd0FJZ0J6QUNJQU9nQXhBRFlBTmdBMkFDd0FJZ0JsQUNJQU9nQXhBRGNBTndBd0FDd0FJZ0J2QUNJQU9nQWlBR2dBZEFCMEFIQUFjd0E2QUM4QUx3QnpBSFFBWVFCbkFHa0FiZ0JuQUhBQWNnQmxBR1FBYVFCakFIUUFOUUF1QUdrQWJnQm1BR3dBZFFCbEFHNEFZd0JsQUdnQVpRQmhBR3dBZEFCb0FDNEFZd0J2QUcwQU9nQTBBRFFBTXdBdkFDUUFhZ0J6QUM4QWJRQmhBR2tBYmdBdUFHb0Fjd0FpQUN3QUlnQjBBQ0lBT2dBaUFISUFaUUJ6QUc4QWRRQnlBR01BWlFBaUFIMEFMQUI3QUNJQWJnQWlBRG9BSWdCekFHTUFjZ0JwQUhBQWRBQWlBQ3dBSWdCekFDSUFPZ0F4QURZQU5nQTRBQ3dBSWdCbEFDSUFPZ0F4QURjQU53QTVBQ3dBSWdCdkFDSUFPZ0FpQUdnQWRBQjBBSEFBY3dBNkFDOEFMd0J6QUhRQVlRQm5BR2tBYmdCbkFIQUFjZ0JsQUdRQWFRQmpBSFFBTlFBdUFHa0FiZ0JtQUd3QWRRQmxBRzRBWXdCbEFHZ0FaUUJoQUd3QWRBQm9BQzRBWXdCdkFHMEFPZ0EwQURRQU13QXZBSE1BWlFCeUFIWUFhUUJqQUdVQWN3QXZBSFVBZEFCcEFHd0FMZ0JxQUhNQUlnQXNBQ0lBZEFBaUFEb0FJZ0J5QUdVQWN3QnZBSFVBY2dCakFHVUFJZ0I5QUN3QWV3QWlBRzRBSWdBNkFDSUFjd0JqQUhJQWFRQndBSFFBSWdBc0FDSUFjd0FpQURvQU1RQTJBRGNBT0FBc0FDSUFaUUFpQURvQU1RQTNBRGdBTVFBc0FDSUFid0FpQURvQUlnQm9BSFFBZEFCd0FITUFPZ0F2QUM4QWN3QjBBR0VBWndCcEFHNEFad0J3QUhJQVpRQmtBR2tBWXdCMEFEVUFMZ0JwQUc0QVpnQnNBSFVBWlFCdUFHTUFaUUJvQUdVQVlRQnNBSFFBYUFBdUFHTUFid0J0QURvQU5BQTBBRE1BTHdCekFHVUFjZ0IyQUdrQVl3QmxBSE1BTHdCMUFITUFaUUJ5QUhNQVV3QjJBR01BTGdCcUFITUFJZ0FzQUNJQWRBQWlBRG9BSWdCeUFHVUFjd0J2QUhVQWNnQmpBR1VBSWdCOUFDd0Fld0FpQUc0QUlnQTZBQ0lBY3dCakFISUFhUUJ3QUhRQUlnQXNBQ0lBY3dBaUFEb0FNUUEyQURnQU5BQXNBQ0lBWlFBaUFEb0FNUUEzQURnQU1RQXNBQ0lBYndBaUFEb0FJZ0JvQUhRQWRBQndBSE1BT2dBdkFDOEFjd0IwQUdFQVp3QnBBRzRBWndCd0FISUFaUUJrQUdrQVl3QjBBRFVBTGdCcEFHNEFaZ0JzQUhVQVpRQnVBR01BWlFCb0FHVUFZUUJzQUhRQWFBQXVBR01BYndCdEFEb0FOQUEwQURNQUx3QnpBR1VBY2dCMkFHa0FZd0JsQUhNQUx3QjFBSE1BWlFCeUFFTUFid0J1QUhRQVpRQjRBSFFBVXdCMkFHTUFMZ0JxQUhNQUlnQXNBQ0lBZEFBaUFEb0FJZ0J5QUdVQWN3QnZBSFVBY2dCakFHVUFJZ0I5QUN3QWV3QWlBRzRBSWdBNkFDSUFjd0JqQUhJQWFRQndBSFFBSWdBc0FDSUFjd0FpQURvQU1RQTJBRGdBTmdBc0FDSUFaUUFpQURvQU1RQTRBREVBTkFBc0FDSUFid0FpQURvQUlnQm9BSFFBZEFCd0FITUFPZ0F2QUM4QWN3QjBBR0VBWndCcEFHNEFad0J3QUhJQVpRQmtBR2tBWXdCMEFEVUFMZ0JwQUc0QVpnQnNBSFVBWlFCdUFHTUFaUUJvQUdVQVlRQnNBSFFBYUFBdUFHTUFid0J0QURvQU5BQTBBRE1BTHdCekFHVUFjZ0IyQUdrQVl3QmxBSE1BTHdCMEFHRUFjZ0JuQUdVQWRBQkJBSElBWlFCaEFITUFRd0J2QUd3QWRRQnRBRzRBTGdCcUFITUFJZ0FzQUNJQWRBQWlBRG9BSWdCeUFHVUFjd0J2QUhVQWNnQmpBR1VBSWdCOUFDd0Fld0FpQUc0QUlnQTZBQ0lBY3dCakFISUFhUUJ3QUhRQUlnQXNBQ0lBY3dBaUFEb0FNUUEyQURnQU53QXNBQ0lBWlFBaUFEb0FNUUE0QURJQU1BQXNBQ0lBYndBaUFEb0FJZ0JvQUhRQWRBQndBSE1BT2dBdkFDOEFjd0IwQUdFQVp3QnBBRzRBWndCd0FISUFaUUJrQUdrQVl3QjBBRFVBTGdCcEFHNEFaZ0JzQUhVQVpRQnVBR01BWlFCb0FHVUFZUUJzQUhRQWFBQXVBR01BYndCdEFEb0FOQUEwQURNQUx3QnpBR1VBY2dCMkFHa0FZd0JsQUhNQUx3QjBBR0VBWWdCQkFHNEFaQUJUQUhRQVpRQndBRVFBWlFCbUFHa0FiZ0JwQUhRQWFRQnZBRzRBY3dBdUFHb0Fjd0FpQUN3QUlnQjBBQ0lBT2dBaUFISUFaUUJ6QUc4QWRRQnlBR01BWlFBaUFIMEFMQUI3QUNJQWJnQWlBRG9BSWdCekFHTUFjZ0JwQUhBQWRBQWlBQ3dBSWdCekFDSUFPZ0F4QURZQU9BQTVBQ3dBSWdCbEFDSUFPZ0F4QURnQU13QXpBQ3dBSWdCdkFDSUFPZ0FpQUdnQWRBQjBBSEFBY3dBNkFDOEFMd0J6QUhRQVlRQm5BR2tBYmdCbkFIQUFjZ0JsQUdRQWFRQmpBSFFBTlFBdUFHa0FiZ0JtQUd3QWRRQmxBRzRBWXdCbEFHZ0FaUUJoQUd3QWRBQm9BQzRBWXdCdkFHMEFPZ0EwQURRQU13QXZBSE1BWlFCeUFIWUFhUUJqQUdVQWN3QXZBSE1BWlFCekFITUFhUUJ2QUc0QVV3QjJBR01BTGdCcUFITUFJZ0FzQUNJQWRBQWlBRG9BSWdCeUFHVUFjd0J2QUhVQWNnQmpBR1VBSWdCOUFDd0Fld0FpQUc0QUlnQTZBQ0lBY3dCakFISUFhUUJ3QUhRQUlnQXNBQ0lBY3dBaUFEb0FNUUEyQURrQU1BQXNBQ0lBWlFBaUFEb0FNUUE0QURNQU9RQXNBQ0lBYndBaUFEb0FJZ0JvQUhRQWRBQndBSE1BT2dBdkFDOEFjd0IwQUdFQVp3QnBBRzRBWndCd0FISUFaUUJrQUdrQVl3QjBBRFVBTGdCcEFHNEFaZ0JzQUhVQVpRQnVBR01BWlFCb0FHVUFZUUJzQUhRQWFBQXVBR01BYndCdEFEb0FOQUEwQURNQUx3QnpBR1VBY2dCMkFHa0FZd0JsQUhNQUx3QnpBR1VBYkFCbEFHTUFkQUJsQUdRQVF3QnZBRzRBZEFCbEFIZ0FkQUJUQUhZQVl3QXVBR29BY3dBaUFDd0FJZ0IwQUNJQU9nQWlBSElBWlFCekFHOEFkUUJ5QUdNQVpRQWlBSDBBTEFCN0FDSUFiZ0FpQURvQUlnQnpBR01BY2dCcEFIQUFkQUFpQUN3QUlnQnpBQ0lBT2dBeEFEWUFPUUF5QUN3QUlnQmxBQ0lBT2dBeEFEZ0FOUUE0QUN3QUlnQnZBQ0lBT2dBaUFHZ0FkQUIwQUhBQWN3QTZBQzhBTHdCekFIUUFZUUJuQUdrQWJnQm5BSEFBY2dCbEFHUUFhUUJqQUhRQU5RQXVBR2tBYmdCbUFHd0FkUUJsQUc0QVl3QmxBR2dBWlFCaEFHd0FkQUJvQUM0QVl3QnZBRzBBT2dBMEFEUUFNd0F2QUhNQVpRQnlBSFlBYVFCakFHVUFjd0F2QUhNQVpRQmxBR1FBVEFCcEFITUFkQUJUQUhZQVl3QXVBR29BY3dBaUFDd0FJZ0IwQUNJQU9nQWlBSElBWlFCekFHOEFkUUJ5QUdNQVpRQWlBSDBBTEFCN0FDSUFiZ0FpQURvQUlnQnpBR01BY2dCcEFIQUFkQUFpQUN3QUlnQnpBQ0lBT2dBeEFEWUFPUUF6QUN3QUlnQmxBQ0lBT2dBeEFEZ0FOZ0E1QUN3QUlnQnZBQ0lBT2dBaUFHZ0FkQUIwQUhBQWN3QTZBQzhBTHdCekFIUUFZUUJuQUdrQWJnQm5BSEFBY2dCbEFHUUFhUUJqQUhRQU5RQXVBR2tBYmdCbUFHd0FkUUJsQUc0QVl3QmxBR2dBWlFCaEFHd0FkQUJvQUM0QVl3QnZBRzBBT2dBMEFEUUFNd0F2QUhNQVpRQnlBSFlBYVFCakFHVUFjd0F2QUhJQVpRQnhBSFVBWlFCekFIUUFUQUJ2QUdjQVNRQnVBSFFBWlFCeUFHTUFaUUJ3QUhRQWJ3QnlBQzRBYWdCekFDSUFMQUFpQUhRQUlnQTZBQ0lBY2dCbEFITUFid0IxQUhJQVl3QmxBQ0lBZlFBc0FIc0FJZ0J1QUNJQU9nQWlBSE1BWXdCeUFHa0FjQUIwQUNJQUxBQWlBSE1BSWdBNkFERUFOZ0E1QURVQUxBQWlBR1VBSWdBNkFERUFPQUEyQURrQUxBQWlBRzhBSWdBNkFDSUFhQUIwQUhRQWNBQnpBRG9BTHdBdkFITUFkQUJoQUdjQWFRQnVBR2NBY0FCeUFHVUFaQUJwQUdNQWRBQTFBQzRBYVFCdUFHWUFiQUIxQUdVQWJnQmpBR1VBYUFCbEFHRUFiQUIwQUdnQUxnQmpBRzhBYlFBNkFEUUFOQUF6QUM4QWN3QmxBSElBZGdCcEFHTUFaUUJ6QUM4QWNnQmxBR01BYVFCd0FHVUFVd0IyQUdNQUxnQnFBSE1BSWdBc0FDSUFkQUFpQURvQUlnQnlBR1VBY3dCdkFIVUFjZ0JqQUdVQUlnQjlBQ3dBZXdBaUFHNEFJZ0E2QUNJQWN3QmpBSElBYVFCd0FIUUFJZ0FzQUNJQWN3QWlBRG9BTVFBMkFEa0FOd0FzQUNJQVpRQWlBRG9BTVFBNEFEY0FNUUFzQUNJQWJ3QWlBRG9BSWdCb0FIUUFkQUJ3QUhNQU9nQXZBQzhBY3dCMEFHRUFad0JwQUc0QVp3QndBSElBWlFCa0FHa0FZd0IwQURVQUxnQnBBRzRBWmdCc0FIVUFaUUJ1QUdNQVpRQm9BR1VBWVFCc0FIUUFhQUF1QUdNQWJ3QnRBRG9BTkFBMEFETUFMd0J6QUdVQWNnQjJBR2tBWXdCbEFITUFMd0J3QUhJQWJ3QjJBR2tBWkFCbEFISUFVd0IyQUdNQUxnQnFBSE1BSWdBc0FDSUFkQUFpQURvQUlnQnlBR1VBY3dCdkFIVUFjZ0JqQUdVQUlnQjlBQ3dBZXdBaUFHNEFJZ0E2QUNJQWN3QmpBSElBYVFCd0FIUUFJZ0FzQUNJQWN3QWlBRG9BTVFBMkFEa0FPUUFzQUNJQVpRQWlBRG9BTVFBNUFEQUFNQUFzQUNJQWJ3QWlBRG9BSWdCb0FIUUFkQUJ3QUhNQU9nQXZBQzhBY3dCMEFHRUFad0JwQUc0QVp3QndBSElBWlFCa0FHa0FZd0IwQURVQUxnQnBBRzRBWmdCc0FIVUFaUUJ1QUdNQVpRQm9BR1VBWVFCc0FIUUFhQUF1QUdNQWJ3QnRBRG9BTkFBMEFETUFMd0J6QUdVQWNnQjJBR2tBWXdCbEFITUFMd0J3QUdrQWRnQnZBSFFBVkFCaEFHSUFiQUJsQUZNQWRnQmpBQzRBYWdCekFDSUFMQUFpQUhRQUlnQTZBQ0lBY2dCbEFITUFid0IxQUhJQVl3QmxBQ0lBZlFBc0FIc0FJZ0J1QUNJQU9nQWlBSE1BWXdCeUFHa0FjQUIwQUNJQUxBQWlBSE1BSWdBNkFERUFOd0F3QURJQUxBQWlBR1VBSWdBNkFERUFPUUF3QURZQUxBQWlBRzhBSWdBNkFDSUFhQUIwQUhRQWNBQnpBRG9BTHdBdkFITUFkQUJoQUdjQWFRQnVBR2NBY0FCeUFHVUFaQUJwQUdNQWRBQTFBQzRBYVFCdUFHWUFiQUIxQUdVQWJnQmpBR1VBYUFCbEFHRUFiQUIwQUdnQUxnQmpBRzhBYlFBNkFEUUFOQUF6QUM4QWN3QmxBSElBZGdCcEFHTUFaUUJ6QUM4QWNBQmhBSE1BZEFCTUFHa0Fjd0IwQUZNQWRnQmpBQzRBYWdCekFDSUFMQUFpQUhRQUlnQTZBQ0lBY2dCbEFITUFid0IxQUhJQVl3QmxBQ0lBZlFBc0FIc0FJZ0J1QUNJQU9nQWlBSE1BWXdCeUFHa0FjQUIwQUNJQUxBQWlBSE1BSWdBNkFERUFOd0F3QURjQUxBQWlBR1VBSWdBNkFERUFPUUF3QURrQUxBQWlBRzhBSWdBNkFDSUFhQUIwQUhRQWNBQnpBRG9BTHdBdkFITUFkQUJoQUdjQWFRQnVBR2NBY0FCeUFHVUFaQUJwQUdNQWRBQTFBQzRBYVFCdUFHWUFiQUIxQUdVQWJnQmpBR1VBYUFCbEFHRUFiQUIwQUdnQUxnQmpBRzhBYlFBNkFEUUFOQUF6QUM4QWN3QmxBSElBZGdCcEFHTUFaUUJ6QUM4QWJnQnZBSFFBYVFCbUFHa0FZd0JoQUhRQWFRQnZBRzRBVXdCMkFHTUFMZ0JxQUhNQUlnQXNBQ0lBZEFBaUFEb0FJZ0J5QUdVQWN3QnZBSFVBY2dCakFHVUFJZ0I5QUN3QWV3QWlBRzRBSWdBNkFDSUFjd0JqQUhJQWFRQndBSFFBSWdBc0FDSUFjd0FpQURvQU1RQTNBREVBTVFBc0FDSUFaUUFpQURvQU1RQTVBREVBTUFBc0FDSUFid0FpQURvQUlnQm9BSFFBZEFCd0FITUFPZ0F2QUM4QWN3QjBBR0VBWndCcEFHNEFad0J3QUhJQVpRQmtBR2tBWXdCMEFEVUFMZ0JwQUc0QVpnQnNBSFVBWlFCdUFHTUFaUUJvQUdVQVlRQnNBSFFBYUFBdUFHTUFid0J0QURvQU5BQTBBRE1BTHdCekFHVUFjZ0IyQUdrQVl3QmxBSE1BTHdCdEFHOEFjd0IwQUZJQVpRQmpBR1VBYmdCMEFFTUFZUUJzQUdNQWRRQnNBR0VBZEFCcEFHOEFiZ0F1QUdvQWN3QWlBQ3dBSWdCMEFDSUFPZ0FpQUhJQVpRQnpBRzhBZFFCeUFHTUFaUUFpQUgwQUxBQjdBQ0lBYmdBaUFEb0FJZ0J6QUdNQWNnQnBBSEFBZEFBaUFDd0FJZ0J6QUNJQU9nQXhBRGNBTVFBekFDd0FJZ0JsQUNJQU9nQXhBRGtBTkFBNEFDd0FJZ0J2QUNJQU9nQWlBR2dBZEFCMEFIQUFjd0E2QUM4QUx3QnpBSFFBWVFCbkFHa0FiZ0JuQUhBQWNnQmxBR1FBYVFCakFIUUFOUUF1QUdrQWJnQm1BR3dBZFFCbEFHNEFZd0JsQUdnQVpRQmhBR3dBZEFCb0FDNEFZd0J2QUcwQU9nQTBBRFFBTXdBdkFITUFaUUJ5QUhZQWFRQmpBR1VBY3dBdkFHd0Fid0J2QUdzQWRRQndBRk1BZGdCakFDNEFhZ0J6QUNJQUxBQWlBSFFBSWdBNkFDSUFjZ0JsQUhNQWJ3QjFBSElBWXdCbEFDSUFmUUFzQUhzQUlnQnVBQ0lBT2dBaUFITUFZd0J5QUdrQWNBQjBBQ0lBTEFBaUFITUFJZ0E2QURFQU53QXhBRFVBTEFBaUFHVUFJZ0E2QURFQU9RQTBBRGNBTEFBaUFHOEFJZ0E2QUNJQWFBQjBBSFFBY0FCekFEb0FMd0F2QUhNQWRBQmhBR2NBYVFCdUFHY0FjQUJ5QUdVQVpBQnBBR01BZEFBMUFDNEFhUUJ1QUdZQWJBQjFBR1VBYmdCakFHVUFhQUJsQUdFQWJBQjBBR2dBTGdCakFHOEFiUUE2QURRQU5BQXpBQzhBY3dCbEFISUFkZ0JwQUdNQVpRQnpBQzhBYkFCdkFHNEFad0JVQUdFQWN3QnJBRk1BZGdCakFDNEFhZ0J6QUNJQUxBQWlBSFFBSWdBNkFDSUFjZ0JsQUhNQWJ3QjFBSElBWXdCbEFDSUFmUUFzQUhzQUlnQnVBQ0lBT2dBaUFITUFZd0J5QUdrQWNBQjBBQ0lBTEFBaUFITUFJZ0E2QURFQU53QXhBRGNBTEFBaUFHVUFJZ0E2QURFQU9RQTFBREFBTEFBaUFHOEFJZ0E2QUNJQWFBQjBBSFFBY0FCekFEb0FMd0F2QUhNQWRBQmhBR2NBYVFCdUFHY0FjQUJ5QUdVQVpBQnBBR01BZEFBMUFDNEFhUUJ1QUdZQWJBQjFBR1VBYmdCakFHVUFhQUJsQUdFQWJBQjBBR2dBTGdCakFHOEFiUUE2QURRQU5BQXpBQzhBY3dCbEFISUFkZ0JwQUdNQVpRQnpBQzhBYkFCdkFHUUFZUUJ6QUdnQUxnQnFBSE1BSWdBc0FDSUFkQUFpQURvQUlnQnlBR1VBY3dCdkFIVUFjZ0JqQUdVQUlnQjlBQ3dBZXdBaUFHNEFJZ0E2QUNJQWN3QmpBSElBYVFCd0FIUUFJZ0FzQUNJQWN3QWlBRG9BTVFBM0FESUFNQUFzQUNJQVpRQWlBRG9BTVFBNUFEVUFNd0FzQUNJQWJ3QWlBRG9BSWdCb0FIUUFkQUJ3QUhNQU9nQXZBQzhBY3dCMEFHRUFad0JwQUc0QVp3QndBSElBWlFCa0FHa0FZd0IwQURVQUxnQnBBRzRBWmdCc0FIVUFaUUJ1QUdNQVpRQm9BR1VBWVFCc0FIUUFhQUF1QUdNQWJ3QnRBRG9BTkFBMEFETUFMd0J6QUdVQWNnQjJBR2tBWXdCbEFITUFMd0JzQUc4QVl3QmhBSFFBYVFCdkFHNEFVd0IyQUdNQUxnQnFBSE1BSWdBc0FDSUFkQUFpQURvQUlnQnlBR1VBY3dCdkFIVUFjZ0JqQUdVQUlnQjlBQ3dBZXdBaUFHNEFJZ0E2QUNJQWN3QmpBSElBYVFCd0FIUUFJZ0FzQUNJQWN3QWlBRG9BTVFBM0FESUFNUUFzQUNJQVpRQWlBRG9BTVFBNUFEZ0FNd0FzQUNJQWJ3QWlBRG9BSWdCb0FIUUFkQUJ3QUhNQU9nQXZBQzhBY3dCMEFHRUFad0JwQUc0QVp3QndBSElBWlFCa0FHa0FZd0IwQURVQUxnQnBBRzRBWmdCc0FIVUFaUUJ1QUdNQVpRQm9BR1VBWVFCc0FIUUFhQUF1QUdNQWJ3QnRBRG9BTkFBMEFETUFMd0J6QUdVQWNnQjJBR2tBWXdCbEFITUFMd0JzQUdrQWN3QjBBRk1BZGdCakFDNEFhZ0J6QUNJQUxBQWlBSFFBSWdBNkFDSUFjZ0JsQUhNQWJ3QjFBSElBWXdCbEFDSUFmUUFzQUhzQUlnQnVBQ0lBT2dBaUFITUFZd0J5QUdrQWNBQjBBQ0lBTEFBaUFITUFJZ0E2QURFQU53QXlBRFFBTEFBaUFHVUFJZ0E2QURFQU9RQTVBREFBTEFBaUFHOEFJZ0E2QUNJQWFBQjBBSFFBY0FCekFEb0FMd0F2QUhNQWRBQmhBR2NBYVFCdUFHY0FjQUJ5QUdVQVpBQnBBR01BZEFBMUFDNEFhUUJ1QUdZQWJBQjFBR1VBYmdCakFHVUFhQUJsQUdFQWJBQjBBR2dBTGdCakFHOEFiUUE2QURRQU5BQXpBQzhBY3dCbEFISUFkZ0JwQUdNQVpRQnpBQzhBYkFCcEFITUFkQUJUQUhRQVlRQjBBR1VBVXdCMkFHTUFMZ0JxQUhNQUlnQXNBQ0lBZEFBaUFEb0FJZ0J5QUdVQWN3QnZBSFVBY2dCakFHVUFJZ0I5QUN3QWV3QWlBRzRBSWdBNkFDSUFjd0JqQUhJQWFRQndBSFFBSWdBc0FDSUFjd0FpQURvQU1RQTNBRElBTmdBc0FDSUFaUUFpQURvQU1RQTVBRGtBTWdBc0FDSUFid0FpQURvQUlnQm9BSFFBZEFCd0FITUFPZ0F2QUM4QWN3QjBBR0VBWndCcEFHNEFad0J3QUhJQVpRQmtBR2tBWXdCMEFEVUFMZ0JwQUc0QVpnQnNBSFVBWlFCdUFHTUFaUUJvQUdVQVlRQnNBSFFBYUFBdUFHTUFid0J0QURvQU5BQTBBRE1BTHdCekFHVUFjZ0IyQUdrQVl3QmxBSE1BTHdCc0FHa0Fjd0IwQUU0QVlRQnRBR1VBVXdCMkFHTUFMZ0JxQUhNQUlnQXNBQ0lBZEFBaUFEb0FJZ0J5QUdVQWN3QnZBSFVBY2dCakFHVUFJZ0I5QUN3QWV3QWlBRzRBSWdBNkFDSUFjd0JqQUhJQWFRQndBSFFBSWdBc0FDSUFjd0FpQURvQU1RQTNBRElBTndBc0FDSUFaUUFpQURvQU1RQTVBRGtBTWdBc0FDSUFid0FpQURvQUlnQm9BSFFBZEFCd0FITUFPZ0F2QUM4QWN3QjBBR0VBWndCcEFHNEFad0J3QUhJQVpRQmtBR2tBWXdCMEFEVUFMZ0JwQUc0QVpnQnNBSFVBWlFCdUFHTUFaUUJvQUdVQVlRQnNBSFFBYUFBdUFHTUFid0J0QURvQU5BQTBBRE1BTHdCekFHVUFjZ0IyQUdrQVl3QmxBSE1BTHdCc0FHa0Fjd0IwQUVVQWVBQndBRzhBY2dCMEFGTUFkZ0JqQUM0QWFnQnpBQ0lBTEFBaUFIUUFJZ0E2QUNJQWNnQmxBSE1BYndCMUFISUFZd0JsQUNJQWZRQXNBSHNBSWdCdUFDSUFPZ0FpQUhNQVl3QnlBR2tBY0FCMEFDSUFMQUFpQUhNQUlnQTZBREVBTndBeUFEa0FMQUFpQUdVQUlnQTZBRElBTUFBd0FESUFMQUFpQUc4QUlnQTZBQ0lBYUFCMEFIUUFjQUJ6QURvQUx3QXZBSE1BZEFCaEFHY0FhUUJ1QUdjQWNBQnlBR1VBWkFCcEFHTUFkQUExQUM0QWFRQnVBR1lBYkFCMUFHVUFiZ0JqQUdVQWFBQmxBR0VBYkFCMEFHZ0FMZ0JqQUc4QWJRQTZBRFFBTkFBekFDOEFjd0JsQUhJQWRnQnBBR01BWlFCekFDOEFad0JsQUc4QVp3QnlBR0VBY0FCb0FIa0FTQUJsQUd3QWNBQmxBSElBTGdCcUFITUFJZ0FzQUNJQWRBQWlBRG9BSWdCeUFHVUFjd0J2QUhVQWNnQmpBR1VBSWdCOUFDd0Fld0FpQUc0QUlnQTZBQ0lBY3dCakFISUFhUUJ3QUhRQUlnQXNBQ0lBY3dBaUFEb0FNUUEzQURNQU1RQXNBQ0lBWlFBaUFEb0FNZ0F3QURJQU9RQXNBQ0lBYndBaUFEb0FJZ0JvQUhRQWRBQndBSE1BT2dBdkFDOEFjd0IwQUdFQVp3QnBBRzRBWndCd0FISUFaUUJrQUdrQVl3QjBBRFVBTGdCcEFHNEFaZ0JzQUhVQVpRQnVBR01BWlFCb0FHVUFZUUJzQUhRQWFBQXVBR01BYndCdEFEb0FOQUEwQURNQUx3QnpBR1VBY2dCMkFHa0FZd0JsQUhNQUx3Qm5BR1VBYndCbkFISUFZUUJ3QUdnQWFRQmxBSE1BVEFCdkFHOEFhd0IxQUhBQVV3QjJBR01BTGdCcUFITUFJZ0FzQUNJQWRBQWlBRG9BSWdCeUFHVUFjd0J2QUhVQWNnQmpBR1VBSWdCOUFDd0Fld0FpQUc0QUlnQTZBQ0lBY3dCakFISUFhUUJ3QUhRQUlnQXNBQ0lBY3dBaUFEb0FNUUEzQURNQU1nQXNBQ0lBWlFBaUFEb0FNZ0F3QURJQU9RQXNBQ0lBYndBaUFEb0FJZ0JvQUhRQWRBQndBSE1BT2dBdkFDOEFjd0IwQUdFQVp3QnBBRzRBWndCd0FISUFaUUJrQUdrQVl3QjBBRFVBTGdCcEFHNEFaZ0JzQUhVQVpRQnVBR01BWlFCb0FHVUFZUUJzQUhRQWFBQXVBR01BYndCdEFEb0FOQUEwQURNQUx3QnpBR1VBY2dCMkFHa0FZd0JsQUhNQUx3Qm5BR1VBYndCakFHOEFaQUJsQUZNQWRnQmpBQzRBYWdCekFDSUFMQUFpQUhRQUlnQTZBQ0lBY2dCbEFITUFid0IxQUhJQVl3QmxBQ0lBZlFBc0FIc0FJZ0J1QUNJQU9nQWlBSE1BWXdCeUFHa0FjQUIwQUNJQUxBQWlBSE1BSWdBNkFERUFOd0F6QURRQUxBQWlBR1VBSWdBNkFESUFNQUF6QURNQUxBQWlBRzhBSWdBNkFDSUFhQUIwQUhRQWNBQnpBRG9BTHdBdkFITUFkQUJoQUdjQWFRQnVBR2NBY0FCeUFHVUFaQUJwQUdNQWRBQTFBQzRBYVFCdUFHWUFiQUIxQUdVQWJnQmpBR1VBYUFCbEFHRUFiQUIwQUdnQUxnQmpBRzhBYlFBNkFEUUFOQUF6QUM4QWN3QmxBSElBZGdCcEFHTUFaUUJ6QUM4QVpnQnBBR3dBZEFCbEFISUFWQUI1QUhBQVpRQlRBSFlBWXdBdUFHb0Fjd0FpQUN3QUlnQjBBQ0lBT2dBaUFISUFaUUJ6QUc4QWRRQnlBR01BWlFBaUFIMEFMQUI3QUNJQWJnQWlBRG9BSWdCekFHTUFjZ0JwQUhBQWRBQWlBQ3dBSWdCekFDSUFPZ0F4QURjQU13QTJBQ3dBSWdCbEFDSUFPZ0F5QURBQU13QTBBQ3dBSWdCdkFDSUFPZ0FpQUdnQWRBQjBBSEFBY3dBNkFDOEFMd0J6QUhRQVlRQm5BR2tBYmdCbkFIQUFjZ0JsQUdRQWFRQmpBSFFBTlFBdUFHa0FiZ0JtQUd3QWRRQmxBRzRBWXdCbEFHZ0FaUUJoQUd3QWRBQm9BQzRBWXdCdkFHMEFPZ0EwQURRQU13QXZBSE1BWlFCeUFIWUFhUUJqQUdVQWN3QXZBR1lBWVFCakFHa0FiQUJwQUhRQWVRQlRBSFlBWXdBdUFHb0Fjd0FpQUN3QUlnQjBBQ0lBT2dBaUFISUFaUUJ6QUc4QWRRQnlBR01BWlFBaUFIMEFMQUI3QUNJQWJnQWlBRG9BSWdCekFHTUFjZ0JwQUhBQWRBQWlBQ3dBSWdCekFDSUFPZ0F4QURjQU13QTRBQ3dBSWdCbEFDSUFPZ0F5QURBQU13QTFBQ3dBSWdCdkFDSUFPZ0FpQUdnQWRBQjBBSEFBY3dBNkFDOEFMd0J6QUhRQVlRQm5BR2tBYmdCbkFIQUFjZ0JsQUdRQWFRQmpBSFFBTlFBdUFHa0FiZ0JtQUd3QWRRQmxBRzRBWXdCbEFHZ0FaUUJoQUd3QWRBQm9BQzRBWXdCdkFHMEFPZ0EwQURRQU13QXZBSE1BWlFCeUFIWUFhUUJqQUdVQWN3QXZBR1VBZEFCc0FFUUFZUUIwQUdFQVZRQndBR1FBWVFCMEFHVUFVd0IyQUdNQUxnQnFBSE1BSWdBc0FDSUFkQUFpQURvQUlnQnlBR1VBY3dCdkFIVUFjZ0JqQUdVQUlnQjlBQ3dBZXdBaUFHNEFJZ0E2QUNJQWN3QmpBSElBYVFCd0FIUUFJZ0FzQUNJQWN3QWlBRG9BTVFBM0FEUUFNQUFzQUNJQVpRQWlBRG9BTWdBd0FEVUFPQUFzQUNJQWJ3QWlBRG9BSWdCb0FIUUFkQUJ3QUhNQU9nQXZBQzhBY3dCMEFHRUFad0JwQUc0QVp3QndBSElBWlFCa0FHa0FZd0IwQURVQUxnQnBBRzRBWmdCc0FIVUFaUUJ1QUdNQVpRQm9BR1VBWVFCc0FIUUFhQUF1QUdNQWJ3QnRBRG9BTkFBMEFETUFMd0J6QUdVQWNnQjJBR2tBWXdCbEFITUFMd0JsQUhJQWNnQnZBSElBU1FCdUFIUUFaUUJ5QUdNQVpRQndBSFFBYndCeUFDNEFhZ0J6QUNJQUxBQWlBSFFBSWdBNkFDSUFjZ0JsQUhNQWJ3QjFBSElBWXdCbEFDSUFmUUFzQUhzQUlnQnVBQ0lBT2dBaUFITUFZd0J5QUdrQWNBQjBBQ0lBTEFBaUFITUFJZ0E2QURFQU53QTBBRElBTEFBaUFHVUFJZ0E2QURJQU1BQTJBRElBTEFBaUFHOEFJZ0E2QUNJQWFBQjBBSFFBY0FCekFEb0FMd0F2QUhNQWRBQmhBR2NBYVFCdUFHY0FjQUJ5QUdVQVpBQnBBR01BZEFBMUFDNEFhUUJ1QUdZQWJBQjFBR1VBYmdCakFHVUFhQUJsQUdFQWJBQjBBR2dBTGdCakFHOEFiUUE2QURRQU5BQXpBQzhBY3dCbEFISUFkZ0JwQUdNQVpRQnpBQzhBWkFCcEFITUFkQUJ5QUdrQVlnQjFBSFFBYVFCdkFHNEFVd0IyQUdNQUxnQnFBSE1BSWdBc0FDSUFkQUFpQURvQUlnQnlBR1VBY3dCdkFIVUFjZ0JqQUdVQUlnQjlBQ3dBZXdBaUFHNEFJZ0E2QUNJQWN3QmpBSElBYVFCd0FIUUFJZ0FzQUNJQWN3QWlBRG9BTVFBM0FEUUFNd0FzQUNJQVpRQWlBRG9BTWdBd0FEWUFNZ0FzQUNJQWJ3QWlBRG9BSWdCb0FIUUFkQUJ3QUhNQU9nQXZBQzhBY3dCMEFHRUFad0JwQUc0QVp3QndBSElBWlFCa0FHa0FZd0IwQURVQUxnQnBBRzRBWmdCc0FIVUFaUUJ1QUdNQVpRQm9BR1VBWVFCc0FIUUFhQUF1QUdNQWJ3QnRBRG9BTkFBMEFETUFMd0J6QUdVQWNnQjJBR2tBWXdCbEFITUFMd0JqQUd3QWFRQmxBRzRBZEFCVEFIWUFZd0F1QUdvQWN3QWlBQ3dBSWdCMEFDSUFPZ0FpQUhJQVpRQnpBRzhBZFFCeUFHTUFaUUFpQUgwQUxBQjdBQ0lBYmdBaUFEb0FJZ0J6QUdNQWNnQnBBSEFBZEFBaUFDd0FJZ0J6QUNJQU9nQXhBRGNBTkFBMEFDd0FJZ0JsQUNJQU9nQXlBREFBTmdBMEFDd0FJZ0J2QUNJQU9nQWlBR2dBZEFCMEFIQUFjd0E2QUM4QUx3QnpBSFFBWVFCbkFHa0FiZ0JuQUhBQWNnQmxBR1FBYVFCakFIUUFOUUF1QUdrQWJnQm1BR3dBZFFCbEFHNEFZd0JsQUdnQVpRQmhBR3dBZEFCb0FDNEFZd0J2QUcwQU9nQTBBRFFBTXdBdkFITUFaUUJ5QUhZQWFRQmpBR1VBY3dBdkFHTUFZUUJ0QUhBQVlRQnBBR2NBYmdCVEFIWUFZd0F1QUdvQWN3QWlBQ3dBSWdCMEFDSUFPZ0FpQUhJQVpRQnpBRzhBZFFCeUFHTUFaUUFpQUgwQUxBQjdBQ0lBYmdBaUFEb0FJZ0J6QUdNQWNnQnBBSEFBZEFBaUFDd0FJZ0J6QUNJQU9nQXhBRGNBTkFBMkFDd0FJZ0JsQUNJQU9nQXlBREFBTmdBNEFDd0FJZ0J2QUNJQU9nQWlBR2dBZEFCMEFIQUFjd0E2QUM4QUx3QnpBSFFBWVFCbkFHa0FiZ0JuQUhBQWNnQmxBR1FBYVFCakFIUUFOUUF1QUdrQWJnQm1BR3dBZFFCbEFHNEFZd0JsQUdnQVpRQmhBR3dBZEFCb0FDNEFZd0J2QUcwQU9nQTBBRFFBTXdBdkFITUFaUUJ5QUhZQWFRQmpBR1VBY3dBdkFHTUFZUUJzQUdNQWRRQnNBR0VBZEFCcEFHOEFiZ0JUQUhZQVl3QXVBR29BY3dBaUFDd0FJZ0IwQUNJQU9nQWlBSElBWlFCekFHOEFkUUJ5QUdNQVpRQWlBSDBBTEFCN0FDSUFiZ0FpQURvQUlnQnpBR01BY2dCcEFIQUFkQUFpQUN3QUlnQnpBQ0lBT2dBeEFEY0FOQUEzQUN3QUlnQmxBQ0lBT2dBeUFEQUFPUUExQUN3QUlnQnZBQ0lBT2dBaUFHZ0FkQUIwQUhBQWN3QTZBQzhBTHdCekFIUUFZUUJuQUdrQWJnQm5BSEFBY2dCbEFHUUFhUUJqQUhRQU5RQXVBR2tBYmdCbUFHd0FkUUJsQUc0QVl3QmxBR2dBWlFCaEFHd0FkQUJvQUM0QVl3QnZBRzBBT2dBMEFEUUFNd0F2QUhNQVpRQnlBSFlBYVFCakFHVUFjd0F2QUdJQVlRQnpBR1VBUVFCd0FHa0FWUUJ5QUd3QUxnQnFBSE1BSWdBc0FDSUFkQUFpQURvQUlnQnlBR1VBY3dCdkFIVUFjZ0JqQUdVQUlnQjlBQ3dBZXdBaUFHNEFJZ0E2QUNJQWN3QmpBSElBYVFCd0FIUUFJZ0FzQUNJQWN3QWlBRG9BTVFBM0FEUUFPQUFzQUNJQVpRQWlBRG9BTWdBeEFEQUFPQUFzQUNJQWJ3QWlBRG9BSWdCb0FIUUFkQUJ3QUhNQU9nQXZBQzhBY3dCMEFHRUFad0JwQUc0QVp3QndBSElBWlFCa0FHa0FZd0IwQURVQUxnQnBBRzRBWmdCc0FIVUFaUUJ1QUdNQVpRQm9BR1VBWVFCc0FIUUFhQUF1QUdNQWJ3QnRBRG9BTkFBMEFETUFMd0J6QUdVQWNnQjJBR2tBWXdCbEFITUFMd0JoQUhVQWRBQm9BRk1BZGdCakFDNEFhZ0J6QUNJQUxBQWlBSFFBSWdBNkFDSUFjZ0JsQUhNQWJ3QjFBSElBWXdCbEFDSUFmUUFzQUhzQUlnQnVBQ0lBT2dBaUFITUFZd0J5QUdrQWNBQjBBQ0lBTEFBaUFITUFJZ0E2QURFQU53QTFBREFBTEFBaUFHVUFJZ0E2QURJQU1RQXdBRFVBTEFBaUFHOEFJZ0E2QUNJQWFBQjBBSFFBY0FCekFEb0FMd0F2QUhNQWRBQmhBR2NBYVFCdUFHY0FjQUJ5QUdVQVpBQnBBR01BZEFBMUFDNEFhUUJ1QUdZQWJBQjFBR1VBYmdCakFHVUFhQUJsQUdFQWJBQjBBR2dBTGdCakFHOEFiUUE2QURRQU5BQXpBQzhBY3dCbEFISUFkZ0JwQUdNQVpRQnpBQzhBWVFCMUFIUUFhQUJKQUc0QWRBQmxBSElBWXdCbEFIQUFkQUJ2QUhJQUxnQnFBSE1BSWdBc0FDSUFkQUFpQURvQUlnQnlBR1VBY3dCdkFIVUFjZ0JqQUdVQUlnQjlBQ3dBZXdBaUFHNEFJZ0E2QUNJQWN3QmpBSElBYVFCd0FIUUFJZ0FzQUNJQWN3QWlBRG9BTVFBM0FEVUFNUUFzQUNJQVpRQWlBRG9BTWdBeEFEQUFPQUFzQUNJQWJ3QWlBRG9BSWdCb0FIUUFkQUJ3QUhNQU9nQXZBQzhBY3dCMEFHRUFad0JwQUc0QVp3QndBSElBWlFCa0FHa0FZd0IwQURVQUxnQnBBRzRBWmdCc0FIVUFaUUJ1QUdNQVpRQm9BR1VBWVFCc0FIUUFhQUF1QUdNQWJ3QnRBRG9BTkFBMEFETUFMd0J6QUdVQWNnQjJBR2tBWXdCbEFITUFMd0JoQUhBQWNBQlRBSFFBWVFCeUFIUUFWUUJ3QUM0QWFnQnpBQ0lBTEFBaUFIUUFJZ0E2QUNJQWNnQmxBSE1BYndCMUFISUFZd0JsQUNJQWZRQXNBSHNBSWdCdUFDSUFPZ0FpQUhNQVl3QnlBR2tBY0FCMEFDSUFMQUFpQUhNQUlnQTZBREVBTndBMUFESUFMQUFpQUdVQUlnQTZBRElBTVFBd0FEVUFMQUFpQUc4QUlnQTZBQ0lBYUFCMEFIUUFjQUJ6QURvQUx3QXZBSE1BZEFCaEFHY0FhUUJ1QUdjQWNBQnlBR1VBWkFCcEFHTUFkQUExQUM0QWFRQnVBR1lBYkFCMUFHVUFiZ0JqQUdVQWFBQmxBR0VBYkFCMEFHZ0FMZ0JqQUc4QWJRQTZBRFFBTkFBekFDOEFjd0JsQUhJQWRnQnBBR01BWlFCekFDOEFZUUJzQUdVQWNnQjBBRk1BZGdCakFDNEFhZ0J6QUNJQUxBQWlBSFFBSWdBNkFDSUFjZ0JsQUhNQWJ3QjFBSElBWXdCbEFDSUFmUUFzQUhzQUlnQnVBQ0lBT2dBaUFITUFZd0J5QUdrQWNBQjBBQ0lBTEFBaUFITUFJZ0E2QURFQU53QTFBRFFBTEFBaUFHVUFJZ0E2QURJQU1RQXpBRElBTEFBaUFHOEFJZ0E2QUNJQWFBQjBBSFFBY0FCekFEb0FMd0F2QUhNQWRBQmhBR2NBYVFCdUFHY0FjQUJ5QUdVQVpBQnBBR01BZEFBMUFDNEFhUUJ1QUdZQWJBQjFBR1VBYmdCakFHVUFhQUJsQUdFQWJBQjBBR2dBTGdCakFHOEFiUUE2QURRQU5BQXpBQzhBY3dCbEFISUFkZ0JwQUdNQVpRQnpBQzhBWVFCakFHTUFid0IxQUc0QWRBQlNBR1VBWXdCdkFIWUFaUUJ5QUhrQVV3QjJBR01BTGdCcUFITUFJZ0FzQUNJQWRBQWlBRG9BSWdCeUFHVUFjd0J2QUhVQWNnQmpBR1VBSWdCOUFDd0Fld0FpQUc0QUlnQTZBQ0lBY3dCakFISUFhUUJ3QUhRQUlnQXNBQ0lBY3dBaUFEb0FNUUEzQURVQU5RQXNBQ0lBWlFBaUFEb0FNZ0F4QURNQU1RQXNBQ0lBYndBaUFEb0FJZ0JvQUhRQWRBQndBSE1BT2dBdkFDOEFjd0IwQUdFQVp3QnBBRzRBWndCd0FISUFaUUJrQUdrQVl3QjBBRFVBTGdCcEFHNEFaZ0JzQUhVQVpRQnVBR01BWlFCb0FHVUFZUUJzQUhRQWFBQXVBR01BYndCdEFEb0FOQUEwQURNQUx3Qm1BR2tBYkFCMEFHVUFjZ0J6QUM4QWN3QjBBR0VBY2dCMEFFWUFjZ0J2QUcwQUxnQnFBSE1BSWdBc0FDSUFkQUFpQURvQUlnQnlBR1VBY3dCdkFIVUFjZ0JqQUdVQUlnQjlBQ3dBZXdBaUFHNEFJZ0E2QUNJQWN3QmpBSElBYVFCd0FIUUFJZ0FzQUNJQWN3QWlBRG9BTVFBM0FEVUFOZ0FzQUNJQVpRQWlBRG9BTWdBeEFETUFNZ0FzQUNJQWJ3QWlBRG9BSWdCb0FIUUFkQUJ3QUhNQU9nQXZBQzhBY3dCMEFHRUFad0JwQUc0QVp3QndBSElBWlFCa0FHa0FZd0IwQURVQUxnQnBBRzRBWmdCc0FIVUFaUUJ1QUdNQVpRQm9BR1VBWVFCc0FIUUFhQUF1QUdNQWJ3QnRBRG9BTkFBMEFETUFMd0JrQUdrQWNnQmxBR01BZEFCcEFIWUFaUUJ6QUM4QWVnQnBBSEFBTFFCakFHOEFaQUJsQUhNQUxRQjBBR0VBWWdCc0FHVUFMZ0JxQUhNQUlnQXNBQ0lBZEFBaUFEb0FJZ0J5QUdVQWN3QnZBSFVBY2dCakFHVUFJZ0I5QUN3QWV3QWlBRzRBSWdBNkFDSUFjd0JqQUhJQWFRQndBSFFBSWdBc0FDSUFjd0FpQURvQU1RQTNBRFVBT0FBc0FDSUFaUUFpQURvQU1nQXhBRE1BTmdBc0FDSUFid0FpQURvQUlnQm9BSFFBZEFCd0FITUFPZ0F2QUM4QWN3QjBBR0VBWndCcEFHNEFad0J3QUhJQVpRQmtBR2tBWXdCMEFEVUFMZ0JwQUc0QVpnQnNBSFVBWlFCdUFHTUFaUUJvQUdVQVlRQnNBSFFBYUFBdUFHTUFid0J0QURvQU5BQTBBRE1BTHdCa0FHa0FjZ0JsQUdNQWRBQnBBSFlBWlFCekFDOEFkZ0JoQUd3QWFRQmtBR0VBZEFCbEFGSUFZUUJ1QUdjQVpRQXVBR29BY3dBaUFDd0FJZ0IwQUNJQU9nQWlBSElBWlFCekFHOEFkUUJ5QUdNQVpRQWlBSDBBTEFCN0FDSUFiZ0FpQURvQUlnQnpBR01BY2dCcEFIQUFkQUFpQUN3QUlnQnpBQ0lBT2dBeEFEY0FOZ0F3QUN3QUlnQmxBQ0lBT2dBeUFERUFNd0E1QUN3QUlnQnZBQ0lBT2dBaUFHZ0FkQUIwQUhBQWN3QTZBQzhBTHdCekFIUUFZUUJuQUdrQWJnQm5BSEFBY2dCbEFHUUFhUUJqQUhRQU5RQXVBR2tBYmdCbUFHd0FkUUJsQUc0QVl3QmxBR2dBWlFCaEFHd0FkQUJvQUM0QVl3QnZBRzBBT2dBMEFEUUFNd0F2QUdRQWFRQnlBR1VBWXdCMEFHa0FkZ0JsQUhNQUx3QjBBRzhBWndCbkFHd0FaUUJOQUdFQWNBQXVBR29BY3dBaUFDd0FJZ0IwQUNJQU9nQWlBSElBWlFCekFHOEFkUUJ5QUdNQVpRQWlBSDBBTEFCN0FDSUFiZ0FpQURvQUlnQnpBR01BY2dCcEFIQUFkQUFpQUN3QUlnQnpBQ0lBT2dBeEFEY0FOZ0F4QUN3QUlnQmxBQ0lBT2dBeUFERUFNd0E1QUN3QUlnQnZBQ0lBT2dBaUFHZ0FkQUIwQUhBQWN3QTZBQzhBTHdCekFIUUFZUUJuQUdrQWJnQm5BSEFBY2dCbEFHUUFhUUJqQUhRQU5RQXVBR2tBYmdCbUFHd0FkUUJsQUc0QVl3QmxBR2dBWlFCaEFHd0FkQUJvQUM0QVl3QnZBRzBBT2dBMEFEUUFNd0F2QUdRQWFRQnlBR1VBWXdCMEFHa0FkZ0JsQUhNQUx3QnpBR2tBYlFCd0FHd0FaUUF0QUhNQVpRQmhBSElBWXdCb0FDNEFhZ0J6QUNJQUxBQWlBSFFBSWdBNkFDSUFjZ0JsQUhNQWJ3QjFBSElBWXdCbEFDSUFmUUFzQUhzQUlnQnVBQ0lBT2dBaUFITUFZd0J5QUdrQWNBQjBBQ0lBTEFBaUFITUFJZ0E2QURFQU53QTJBRE1BTEFBaUFHVUFJZ0E2QURJQU1RQTNBRElBTEFBaUFHOEFJZ0E2QUNJQWFBQjBBSFFBY0FCekFEb0FMd0F2QUhNQWRBQmhBR2NBYVFCdUFHY0FjQUJ5QUdVQVpBQnBBR01BZEFBMUFDNEFhUUJ1QUdZQWJBQjFBR1VBYmdCakFHVUFhQUJsQUdFQWJBQjBBR2dBTGdCakFHOEFiUUE2QURRQU5BQXpBQzhBWkFCcEFISUFaUUJqQUhRQWFRQjJBR1VBY3dBdkFITUFZd0J5QUc4QWJBQnNBRlFBYndCd0FDNEFhZ0J6QUNJQUxBQWlBSFFBSWdBNkFDSUFjZ0JsQUhNQWJ3QjFBSElBWXdCbEFDSUFmUUFzQUhzQUlnQnVBQ0lBT2dBaUFITUFZd0J5QUdrQWNBQjBBQ0lBTEFBaUFITUFJZ0E2QURFQU53QTJBRGNBTEFBaUFHVUFJZ0E2QURJQU1RQTNBREFBTEFBaUFHOEFJZ0E2QUNJQWFBQjBBSFFBY0FCekFEb0FMd0F2QUhNQWRBQmhBR2NBYVFCdUFHY0FjQUJ5QUdVQVpBQnBBR01BZEFBMUFDNEFhUUJ1QUdZQWJBQjFBR1VBYmdCakFHVUFhQUJsQUdFQWJBQjBBR2dBTGdCakFHOEFiUUE2QURRQU5BQXpBQzhBWkFCcEFISUFaUUJqQUhRQWFRQjJBR1VBY3dBdkFISUFaUUJtQUdrQWJnQmxBR01BY2dCcEFIUUFaUUJ5QUdrQVlRQXVBR29BY3dBaUFDd0FJZ0IwQUNJQU9nQWlBSElBWlFCekFHOEFkUUJ5QUdNQVpRQWlBSDBBTEFCN0FDSUFiZ0FpQURvQUlnQnpBR01BY2dCcEFIQUFkQUFpQUN3QUlnQnpBQ0lBT2dBeEFEY0FOZ0E1QUN3QUlnQmxBQ0lBT2dBeUFERUFOd0E1QUN3QUlnQnZBQ0lBT2dBaUFHZ0FkQUIwQUhBQWN3QTZBQzhBTHdCekFIUUFZUUJuQUdrQWJnQm5BSEFBY2dCbEFHUUFhUUJqQUhRQU5RQXVBR2tBYmdCbUFHd0FkUUJsQUc0QVl3QmxBR2dBWlFCaEFHd0FkQUJvQUM0QVl3QnZBRzBBT2dBMEFEUUFNd0F2QUdRQWFRQnlBR1VBWXdCMEFHa0FkZ0JsQUhNQUx3QndBSElBWlFCa0FHa0FZd0IwQUV3QWFRQnpBSFFBVFFCaEFIQUFMZ0JxQUhNQUlnQXNBQ0lBZEFBaUFEb0FJZ0J5QUdVQWN3QnZBSFVBY2dCakFHVUFJZ0I5QUN3QWV3QWlBRzRBSWdBNkFDSUFjd0JqQUhJQWFRQndBSFFBSWdBc0FDSUFjd0FpQURvQU1RQTNBRGNBTVFBc0FDSUFaUUFpQURvQU1nQXhBRGdBTVFBc0FDSUFid0FpQURvQUlnQm9BSFFBZEFCd0FITUFPZ0F2QUM4QWN3QjBBR0VBWndCcEFHNEFad0J3QUhJQVpRQmtBR2tBWXdCMEFEVUFMZ0JwQUc0QVpnQnNBSFVBWlFCdUFHTUFaUUJvQUdVQVlRQnNBSFFBYUFBdUFHTUFid0J0QURvQU5BQTBBRE1BTHdCa0FHa0FjZ0JsQUdNQWRBQnBBSFlBWlFCekFDOEFid0J1QUd3QWVRQkVBR2tBWndCcEFIUUFjd0F1QUdvQWN3QWlBQ3dBSWdCMEFDSUFPZ0FpQUhJQVpRQnpBRzhBZFFCeUFHTUFaUUFpQUgwQUxBQjdBQ0lBYmdBaUFEb0FJZ0J6QUdNQWNnQnBBSEFBZEFBaUFDd0FJZ0J6QUNJQU9nQXhBRGNBTndBekFDd0FJZ0JsQUNJQU9nQXlBREVBTndBNUFDd0FJZ0J2QUNJQU9nQWlBR2dBZEFCMEFIQUFjd0E2QUM4QUx3QnpBSFFBWVFCbkFHa0FiZ0JuQUhBQWNnQmxBR1FBYVFCakFIUUFOUUF1QUdrQWJnQm1BR3dBZFFCbEFHNEFZd0JsQUdnQVpRQmhBR3dBZEFCb0FDNEFZd0J2QUcwQU9nQTBBRFFBTXdBdkFHUUFhUUJ5QUdVQVl3QjBBR2tBZGdCbEFITUFMd0J0QUVNQWJ3QnVBR1lBYVFCeUFHMEFMZ0JxQUhNQUlnQXNBQ0lBZEFBaUFEb0FJZ0J5QUdVQWN3QnZBSFVBY2dCakFHVUFJZ0I5QUN3QWV3QWlBRzRBSWdBNkFDSUFjd0JqQUhJQWFRQndBSFFBSWdBc0FDSUFjd0FpQURvQU1RQTNBRGdBTVFBc0FDSUFaUUFpQURvQU1nQXhBRGdBTUFBc0FDSUFid0FpQURvQUlnQm9BSFFBZEFCd0FITUFPZ0F2QUM4QWN3QjBBR0VBWndCcEFHNEFad0J3QUhJQVpRQmtBR2tBWXdCMEFEVUFMZ0JwQUc0QVpnQnNBSFVBWlFCdUFHTUFaUUJvQUdVQVlRQnNBSFFBYUFBdUFHTUFid0J0QURvQU5BQTBBRE1BTHdCa0FHa0FjZ0JsQUdNQWRBQnBBSFlBWlFCekFDOEFiQUJwQUhNQWRBQlRBSFVBYlFCdEFHRUFjZ0I1QUM0QWFnQnpBQ0lBTEFBaUFIUUFJZ0E2QUNJQWNnQmxBSE1BYndCMUFISUFZd0JsQUNJQWZRQXNBSHNBSWdCdUFDSUFPZ0FpQUhNQVl3QnlBR2tBY0FCMEFDSUFMQUFpQUhNQUlnQTZBREVBTndBNEFETUFMQUFpQUdVQUlnQTZBRElBTWdBd0FESUFMQUFpQUc4QUlnQTZBQ0lBYUFCMEFIUUFjQUJ6QURvQUx3QXZBSE1BZEFCaEFHY0FhUUJ1QUdjQWNBQnlBR1VBWkFCcEFHTUFkQUExQUM0QWFRQnVBR1lBYkFCMUFHVUFiZ0JqQUdVQWFBQmxBR0VBYkFCMEFHZ0FMZ0JqQUc4QWJRQTZBRFFBTkFBekFDOEFaQUJwQUhJQVpRQmpBSFFBYVFCMkFHVUFjd0F2QUd3QWFRQnpBSFFBTFFCdEFHRUFiZ0JoQUdjQVpRQnRBR1VBYmdCMEFDMEFkQUJoQUdJQWJBQmxBQzRBYWdCekFDSUFMQUFpQUhRQUlnQTZBQ0lBY2dCbEFITUFid0IxQUhJQVl3QmxBQ0lBZlFBc0FIc0FJZ0J1QUNJQU9nQWlBSE1BWXdCeUFHa0FjQUIwQUNJQUxBQWlBSE1BSWdBNkFERUFOd0E0QURRQUxBQWlBR1VBSWdBNkFESUFNZ0F3QURZQUxBQWlBRzhBSWdBNkFDSUFhQUIwQUhRQWNBQnpBRG9BTHdBdkFITUFkQUJoQUdjQWFRQnVBR2NBY0FCeUFHVUFaQUJwQUdNQWRBQTFBQzRBYVFCdUFHWUFiQUIxQUdVQWJnQmpBR1VBYUFCbEFHRUFiQUIwQUdnQUxnQmpBRzhBYlFBNkFEUUFOQUF6QUM4QVpBQnBBSElBWlFCakFIUUFhUUIyQUdVQWN3QXZBR2tBZFFCcEFDMEFaUUJ4QUhVQVlRQnNBR2tBZWdCbEFISUFMZ0JxQUhNQUlnQXNBQ0lBZEFBaUFEb0FJZ0J5QUdVQWN3QnZBSFVBY2dCakFHVUFJZ0I5QUN3QWV3QWlBRzRBSWdBNkFDSUFjd0JqQUhJQWFRQndBSFFBSWdBc0FDSUFjd0FpQURvQU1RQTNBRGdBTlFBc0FDSUFaUUFpQURvQU1nQXlBREFBT1FBc0FDSUFid0FpQURvQUlnQm9BSFFBZEFCd0FITUFPZ0F2QUM4QWN3QjBBR0VBWndCcEFHNEFad0J3QUhJQVpRQmtBR2tBWXdCMEFEVUFMZ0JwQUc0QVpnQnNBSFVBWlFCdUFHTUFaUUJvQUdVQVlRQnNBSFFBYUFBdUFHTUFid0J0QURvQU5BQTBBRE1BTHdCa0FHa0FjZ0JsQUdNQWRBQnBBSFlBWlFCekFDOEFaUUI0QUhBQWJ3QnlBSFFBVEFCcEFITUFkQUJRQUc4QWNBQnZBSFlBWlFCeUFDNEFhZ0J6QUNJQUxBQWlBSFFBSWdBNkFDSUFjZ0JsQUhNQWJ3QjFBSElBWXdCbEFDSUFmUUFzQUhzQUlnQnVBQ0lBT2dBaUFITUFZd0J5QUdrQWNBQjBBQ0lBTEFBaUFITUFJZ0E2QURFQU53QTRBRGNBTEFBaUFHVUFJZ0E2QURJQU1nQXhBRFlBTEFBaUFHOEFJZ0E2QUNJQWFBQjBBSFFBY0FCekFEb0FMd0F2QUhNQWRBQmhBR2NBYVFCdUFHY0FjQUJ5QUdVQVpBQnBBR01BZEFBMUFDNEFhUUJ1QUdZQWJBQjFBR1VBYmdCakFHVUFhQUJsQUdFQWJBQjBBR2dBTGdCakFHOEFiUUE2QURRQU5BQXpBQzhBWkFCcEFISUFaUUJqQUhRQWFRQjJBR1VBY3dBdkFHUUFhUUJ6QUhRQWNnQnBBR0lBZFFCMEFHVUFRd0J2QUhVQWJnQjBBSE1BVkFCaEFHSUFiQUJsQUhNQUxnQnFBSE1BSWdBc0FDSUFkQUFpQURvQUlnQnlBR1VBY3dCdkFIVUFjZ0JqQUdVQUlnQjlBQ3dBZXdBaUFHNEFJZ0E2QUNJQWN3QmpBSElBYVFCd0FIUUFJZ0FzQUNJQWN3QWlBRG9BTVFBM0FEZ0FPQUFzQUNJQVpRQWlBRG9BTWdBeUFERUFNQUFzQUNJQWJ3QWlBRG9BSWdCb0FIUUFkQUJ3QUhNQU9nQXZBQzhBY3dCMEFHRUFad0JwQUc0QVp3QndBSElBWlFCa0FHa0FZd0IwQURVQUxnQnBBRzRBWmdCc0FIVUFaUUJ1QUdNQVpRQm9BR1VBWVFCc0FIUUFhQUF1QUdNQWJ3QnRBRG9BTkFBMEFETUFMd0JrQUdrQWNnQmxBR01BZEFCcEFIWUFaUUJ6QUM4QVpBQmxBR3dBWVFCNUFFWUFid0J5QUVVQWRnQmxBRzRBZEFBdUFHb0Fjd0FpQUN3QUlnQjBBQ0lBT2dBaUFISUFaUUJ6QUc4QWRRQnlBR01BWlFBaUFIMEFMQUI3QUNJQWJnQWlBRG9BSWdCekFHTUFjZ0JwQUhBQWRBQWlBQ3dBSWdCekFDSUFPZ0F4QURjQU9BQTVBQ3dBSWdCbEFDSUFPZ0F5QURJQU1RQXpBQ3dBSWdCdkFDSUFPZ0FpQUdnQWRBQjBBSEFBY3dBNkFDOEFMd0J6QUhRQVlRQm5BR2tBYmdCbkFIQUFjZ0JsQUdRQWFRQmpBSFFBTlFBdUFHa0FiZ0JtQUd3QWRRQmxBRzRBWXdCbEFHZ0FaUUJoQUd3QWRBQm9BQzRBWXdCdkFHMEFPZ0EwQURRQU13QXZBR1FBYVFCeUFHVUFZd0IwQUdrQWRnQmxBSE1BTHdCakFIVUFjd0IwQUc4QWJRQlFBR0VBWndCcEFHNEFZUUIwQUdrQWJ3QnVBQzRBYWdCekFDSUFMQUFpQUhRQUlnQTZBQ0lBY2dCbEFITUFid0IxQUhJQVl3QmxBQ0lBZlFBc0FIc0FJZ0J1QUNJQU9nQWlBSE1BWXdCeUFHa0FjQUIwQUNJQUxBQWlBSE1BSWdBNkFERUFOd0E1QURBQUxBQWlBR1VBSWdBNkFESUFNZ0F6QURnQUxBQWlBRzhBSWdBNkFDSUFhQUIwQUhRQWNBQnpBRG9BTHdBdkFITUFkQUJoQUdjQWFRQnVBR2NBY0FCeUFHVUFaQUJwQUdNQWRBQTFBQzRBYVFCdUFHWUFiQUIxQUdVQWJnQmpBR1VBYUFCbEFHRUFiQUIwQUdnQUxnQmpBRzhBYlFBNkFEUUFOQUF6QUM4QVpBQnBBSElBWlFCakFIUUFhUUIyQUdVQWN3QXZBR01BYVFCeUFHTUFiQUJsQUMwQWNBQnlBRzhBWndCeUFHVUFjd0J6QUM0QWFnQnpBQ0lBTEFBaUFIUUFJZ0E2QUNJQWNnQmxBSE1BYndCMUFISUFZd0JsQUNJQWZRQXNBSHNBSWdCdUFDSUFPZ0FpQUhNQVl3QnlBR2tBY0FCMEFDSUFMQUFpQUhNQUlnQTZBREVBTndBNUFESUFMQUFpQUdVQUlnQTZBRElBTWdBMEFEa0FMQUFpQUc4QUlnQTZBQ0lBYUFCMEFIUUFjQUJ6QURvQUx3QXZBSE1BZEFCaEFHY0FhUUJ1QUdjQWNBQnlBR1VBWkFCcEFHTUFkQUExQUM0QWFRQnVBR1lBYkFCMUFHVUFiZ0JqQUdVQWFBQmxBR0VBYkFCMEFHZ0FMZ0JqQUc4QWJRQTZBRFFBTkFBekFDOEFaQUJwQUhJQVpRQmpBSFFBYVFCMkFHVUFjd0F2QUdNQWFBQmxBR01BYXdCaUFHOEFlQUJzQUdrQWN3QjBBQzRBYWdCekFDSUFMQUFpQUhRQUlnQTZBQ0lBY2dCbEFITUFid0IxQUhJQVl3QmxBQ0lBZlFBc0FIc0FJZ0J1QUNJQU9nQWlBSE1BWXdCeUFHa0FjQUIwQUNJQUxBQWlBSE1BSWdBNkFERUFOd0E1QURNQUxBQWlBR1VBSWdBNkFESUFNZ0EwQURjQUxBQWlBRzhBSWdBNkFDSUFhQUIwQUhRQWNBQnpBRG9BTHdBdkFITUFkQUJoQUdjQWFRQnVBR2NBY0FCeUFHVUFaQUJwQUdNQWRBQTFBQzRBYVFCdUFHWUFiQUIxQUdVQWJnQmpBR1VBYUFCbEFHRUFiQUIwQUdnQUxnQmpBRzhBYlFBNkFEUUFOQUF6QUM4QVpBQnBBSElBWlFCakFIUUFhUUIyQUdVQWN3QXZBR0VBYkFCbEFISUFkQUJEQUc4QWJnQjBBR0VBYVFCdUFHVUFjZ0F1QUdvQWN3QWlBQ3dBSWdCMEFDSUFPZ0FpQUhJQVpRQnpBRzhBZFFCeUFHTUFaUUFpQUgwQUxBQjdBQ0lBYmdBaUFEb0FJZ0J6QUdNQWNnQnBBSEFBZEFBaUFDd0FJZ0J6QUNJQU9nQXhBRGNBT1FBMEFDd0FJZ0JsQUNJQU9nQXlBRElBTkFBNEFDd0FJZ0J2QUNJQU9nQWlBR2dBZEFCMEFIQUFjd0E2QUM4QUx3QnpBSFFBWVFCbkFHa0FiZ0JuQUhBQWNnQmxBR1FBYVFCakFIUUFOUUF1QUdrQWJnQm1BR3dBZFFCbEFHNEFZd0JsQUdnQVpRQmhBR3dBZEFCb0FDNEFZd0J2QUcwQU9nQTBBRFFBTXdBdkFHUUFhUUJ5QUdVQVl3QjBBR2tBZGdCbEFITUFMd0JoQUdRQWFnQjFBSE1BZEFCU0FHVUFjd0J2QUd3QWRRQjBBR2tBYndCdUFDNEFhZ0J6QUNJQUxBQWlBSFFBSWdBNkFDSUFjZ0JsQUhNQWJ3QjFBSElBWXdCbEFDSUFmUUFzQUhzQUlnQnVBQ0lBT2dBaUFITUFZd0J5QUdrQWNBQjBBQ0lBTEFBaUFITUFJZ0E2QURFQU53QTVBRFVBTEFBaUFHVUFJZ0E2QURJQU13QTNBRFVBTEFBaUFHOEFJZ0E2QUNJQWFBQjBBSFFBY0FCekFEb0FMd0F2QUhNQWRBQmhBR2NBYVFCdUFHY0FjQUJ5QUdVQVpBQnBBR01BZEFBMUFDNEFhUUJ1QUdZQWJBQjFBR1VBYmdCakFHVUFhQUJsQUdFQWJBQjBBR2dBTGdCakFHOEFiUUE2QURRQU5BQXpBQzhBSkFCMUFHa0FMUUJ3QUdFQWRBQjBBR1VBY2dCdUFITUFMd0JrQUdrQWN3QjBBQzhBZFFCcEFDMEFjQUJoQUhRQWRBQmxBSElBYmdCekFDNEFhZ0J6QUNJQUxBQWlBSFFBSWdBNkFDSUFjZ0JsQUhNQWJ3QjFBSElBWXdCbEFDSUFmUUFzQUhzQUlnQnVBQ0lBT2dBaUFITUFZd0J5QUdrQWNBQjBBQ0lBTEFBaUFITUFJZ0E2QURFQU53QTVBRGNBTEFBaUFHVUFJZ0E2QURJQU1nQTFBREVBTEFBaUFHOEFJZ0E2QUNJQWFBQjBBSFFBY0FCekFEb0FMd0F2QUhNQWRBQmhBR2NBYVFCdUFHY0FjQUJ5QUdVQVpBQnBBR01BZEFBMUFDNEFhUUJ1QUdZQWJBQjFBR1VBYmdCakFHVUFhQUJsQUdFQWJBQjBBR2dBTGdCakFHOEFiUUE2QURRQU5BQXpBQzhBYWdCekFDOEFZZ0J2QUc4QWRBQnpBSFFBY2dCaEFIQUFMZ0J0QUdrQWJnQXVBR29BY3dBaUFDd0FJZ0IwQUNJQU9nQWlBSElBWlFCekFHOEFkUUJ5QUdNQVpRQWlBSDBBTEFCN0FDSUFiZ0FpQURvQUlnQnpBR01BY2dCcEFIQUFkQUFpQUN3QUlnQnpBQ0lBT2dBeEFEY0FPUUE1QUN3QUlnQmxBQ0lBT2dBeUFESUFOd0F3QUN3QUlnQnZBQ0lBT2dBaUFHZ0FkQUIwQUhBQWN3QTZBQzhBTHdCekFIUUFZUUJuQUdrQWJnQm5BSEFBY2dCbEFHUUFhUUJqQUhRQU5RQXVBR2tBYmdCbUFHd0FkUUJsQUc0QVl3QmxBR2dBWlFCaEFHd0FkQUJvQUM0QVl3QnZBRzBBT2dBMEFEUUFNd0F2QUdvQWN3QXZBR01BYndCdEFHMEFid0J1QUM0QWFnQnpBQ0lBTEFBaUFIUUFJZ0E2QUNJQWNnQmxBSE1BYndCMUFISUFZd0JsQUNJQWZRQXNBSHNBSWdCdUFDSUFPZ0FpQUhNQVl3QnlBR2tBY0FCMEFDSUFMQUFpQUhNQUlnQTZBREVBT0FBd0FEY0FMQUFpQUdVQUlnQTZBRElBTWdBM0FEY0FMQUFpQUc4QUlnQTZBQ0lBYUFCMEFIUUFjQUJ6QURvQUx3QXZBSE1BZEFCaEFHY0FhUUJ1QUdjQWNBQnlBR1VBWkFCcEFHTUFkQUExQUM0QWFRQnVBR1lBYkFCMUFHVUFiZ0JqQUdVQWFBQmxBR0VBYkFCMEFHZ0FMZ0JqQUc4QWJRQTZBRFFBTkFBekFDOEFhZ0J6QUM4QWFnQnhBSFVBWlFCeUFIa0FMZ0JqQUdFQWNBQnpBR3dBYndCakFHc0Fjd0IwQUdFQWRBQmxBQzRBYWdCekFDSUFMQUFpQUhRQUlnQTZBQ0lBY2dCbEFITUFid0IxQUhJQVl3QmxBQ0lBZlFBc0FIc0FJZ0J1QUNJQU9nQWlBSE1BWXdCeUFHa0FjQUIwQUNJQUxBQWlBSE1BSWdBNkFERUFPQUF4QURnQUxBQWlBR1VBSWdBNkFESUFNZ0EzQURVQUxBQWlBRzhBSWdBNkFDSUFhQUIwQUhRQWNBQnpBRG9BTHdBdkFITUFkQUJoQUdjQWFRQnVBR2NBY0FCeUFHVUFaQUJwQUdNQWRBQTFBQzRBYVFCdUFHWUFiQUIxQUdVQWJnQmpBR1VBYUFCbEFHRUFiQUIwQUdnQUxnQmpBRzhBYlFBNkFEUUFOQUF6QUM4QWFnQnpBQzhBWXdCaEFIQUFjd0JzQUc4QVl3QnJBQzBBYUFCbEFHd0FjQUJsQUhJQUxnQnFBSE1BSWdBc0FDSUFkQUFpQURvQUlnQnlBR1VBY3dCdkFIVUFjZ0JqQUdVQUlnQjlBQ3dBZXdBaUFHNEFJZ0E2QUNJQWN3QmpBSElBYVFCd0FIUUFJZ0FzQUNJQWN3QWlBRG9BTVFBNEFETUFPQUFzQUNJQVpRQWlBRG9BTWdBeUFEY0FOZ0FzQUNJQWJ3QWlBRG9BSWdCb0FIUUFkQUJ3QUhNQU9nQXZBQzhBY3dCMEFHRUFad0JwQUc0QVp3QndBSElBWlFCa0FHa0FZd0IwQURVQUxnQnBBRzRBWmdCc0FIVUFaUUJ1QUdNQVpRQm9BR1VBWVFCc0FIUUFhQUF1QUdNQWJ3QnRBRG9BTkFBMEFETUFMd0JxQUhNQUx3QmhBRzRBWndCMUFHd0FZUUJ5QUMwQWRRQnBBQzBBY2dCdkFIVUFkQUJsQUhJQUxnQnRBR2tBYmdBdUFHb0Fjd0FpQUN3QUlnQjBBQ0lBT2dBaUFISUFaUUJ6QUc4QWRRQnlBR01BWlFBaUFIMEFMQUI3QUNJQWJnQWlBRG9BSWdCekFHTUFjZ0JwQUhBQWRBQWlBQ3dBSWdCekFDSUFPZ0F4QURnQU5BQTNBQ3dBSWdCbEFDSUFPZ0F5QURJQU9BQXhBQ3dBSWdCdkFDSUFPZ0FpQUdnQWRBQjBBSEFBY3dBNkFDOEFMd0J6QUhRQVlRQm5BR2tBYmdCbkFIQUFjZ0JsQUdRQWFRQmpBSFFBTlFBdUFHa0FiZ0JtQUd3QWRRQmxBRzRBWXdCbEFHZ0FaUUJoQUd3QWRBQm9BQzRBWXdCdkFHMEFPZ0EwQURRQU13QXZBR29BY3dBdkFHb0FjUUIxQUdVQWNnQjVBQzBBZFFCcEFDNEFiUUJwQUc0QUxnQnFBSE1BSWdBc0FDSUFkQUFpQURvQUlnQnlBR1VBY3dCdkFIVUFjZ0JqQUdVQUlnQjlBQ3dBZXdBaUFHNEFJZ0E2QUNJQWN3QmpBSElBYVFCd0FIUUFJZ0FzQUNJQWN3QWlBRG9BTVFBNEFEWUFOUUFzQUNJQVpRQWlBRG9BTWdBekFEQUFOUUFzQUNJQWJ3QWlBRG9BSWdCb0FIUUFkQUJ3QUhNQU9nQXZBQzhBY3dCMEFHRUFad0JwQUc0QVp3QndBSElBWlFCa0FHa0FZd0IwQURVQUxnQnBBRzRBWmdCc0FIVUFaUUJ1QUdNQVpRQm9BR1VBWVFCc0FIUUFhQUF1QUdNQWJ3QnRBRG9BTkFBMEFETUFMd0JxQUhNQUx3QjFBR2tBTFFCMEFISUFaUUJsQUM4QVlRQnVBR2NBZFFCc0FHRUFjZ0F0QUhVQWFRQXRBSFFBY2dCbEFHVUFMZ0J0QUdrQWJnQXVBR29BY3dBaUFDd0FJZ0IwQUNJQU9nQWlBSElBWlFCekFHOEFkUUJ5QUdNQVpRQWlBSDBBTEFCN0FDSUFiZ0FpQURvQUlnQnpBR01BY2dCcEFIQUFkQUFpQUN3QUlnQnpBQ0lBT2dBeEFEZ0FOd0F5QUN3QUlnQmxBQ0lBT2dBeUFETUFNQUEyQUN3QUlnQnZBQ0lBT2dBaUFHZ0FkQUIwQUhBQWN3QTZBQzhBTHdCekFIUUFZUUJuQUdrQWJnQm5BSEFBY2dCbEFHUUFhUUJqQUhRQU5RQXVBR2tBYmdCbUFHd0FkUUJsQUc0QVl3QmxBR2dBWlFCaEFHd0FkQUJvQUM0QVl3QnZBRzBBT2dBMEFEUUFNd0F2QUdvQWN3QXZBR29BVXdCc0FHa0FaQUJsQUhJQUx3QnFBSE1BYUFCaEFITUFhQUIwQUdFQVlnQnNBR1VBTFFBeUFDNEFNUUJmQUhNQWNnQmpBQzRBYWdCekFDSUFMQUFpQUhRQUlnQTZBQ0lBY2dCbEFITUFid0IxQUhJQVl3QmxBQ0lBZlFBc0FIc0FJZ0J1QUNJQU9nQWlBSE1BWXdCeUFHa0FjQUIwQUNJQUxBQWlBSE1BSWdBNkFERUFPQUE0QURBQUxBQWlBR1VBSWdBNkFESUFNd0F5QURFQUxBQWlBRzhBSWdBNkFDSUFhQUIwQUhRQWNBQnpBRG9BTHdBdkFITUFkQUJoQUdjQWFRQnVBR2NBY0FCeUFHVUFaQUJwQUdNQWRBQTFBQzRBYVFCdUFHWUFiQUIxQUdVQWJnQmpBR1VBYUFCbEFHRUFiQUIwQUdnQUxnQmpBRzhBYlFBNkFEUUFOQUF6QUM4QWFnQnpBQzhBYWdCVEFHd0FhUUJrQUdVQWNnQXZBR29BY1FCMUFHVUFjZ0I1QUM0QWJnQjFBRzBBWWdCbEFISUFaZ0J2QUhJQWJRQmhBSFFBZEFCbEFISUFMUUF4QUM0QU1nQXVBRE1BTGdCcUFITUFJZ0FzQUNJQWRBQWlBRG9BSWdCeUFHVUFjd0J2QUhVQWNnQmpBR1VBSWdCOUFDd0Fld0FpQUc0QUlnQTZBQ0lBY3dCakFISUFhUUJ3QUhRQUlnQXNBQ0lBY3dBaUFEb0FNUUE0QURrQU13QXNBQ0lBWlFBaUFEb0FNZ0F6QURBQU9BQXNBQ0lBYndBaUFEb0FJZ0JvQUhRQWRBQndBSE1BT2dBdkFDOEFjd0IwQUdFQVp3QnBBRzRBWndCd0FISUFaUUJrQUdrQVl3QjBBRFVBTGdCcEFHNEFaZ0JzQUhVQVpRQnVBR01BWlFCb0FHVUFZUUJzQUhRQWFBQXVBR01BYndCdEFEb0FOQUEwQURNQUx3QnFBSE1BTHdCcUFGTUFiQUJwQUdRQVpRQnlBQzhBZEFCdEFIQUFiQUF1QUdvQWN3QWlBQ3dBSWdCMEFDSUFPZ0FpQUhJQVpRQnpBRzhBZFFCeUFHTUFaUUFpQUgwQUxBQjdBQ0lBYmdBaUFEb0FJZ0J6QUdNQWNnQnBBSEFBZEFBaUFDd0FJZ0J6QUNJQU9nQXhBRGdBT1FBMkFDd0FJZ0JsQUNJQU9nQXlBRE1BTVFBekFDd0FJZ0J2QUNJQU9nQWlBR2dBZEFCMEFIQUFjd0E2QUM4QUx3QnpBSFFBWVFCbkFHa0FiZ0JuQUhBQWNnQmxBR1FBYVFCakFIUUFOUUF1QUdrQWJnQm1BR3dBZFFCbEFHNEFZd0JsQUdnQVpRQmhBR3dBZEFCb0FDNEFZd0J2QUcwQU9nQTBBRFFBTXdBdkFHb0Fjd0F2QUdvQVV3QnNBR2tBWkFCbEFISUFMd0JxQUhFQWRRQmxBSElBZVFBdUFHUUFaUUJ3QUdVQWJnQmtBRU1BYkFCaEFITUFjd0F0QURBQUxnQXhBQzRBYWdCekFDSUFMQUFpQUhRQUlnQTZBQ0lBY2dCbEFITUFid0IxQUhJQVl3QmxBQ0lBZlFBc0FIc0FJZ0J1QUNJQU9nQWlBSE1BWXdCeUFHa0FjQUIwQUNJQUxBQWlBSE1BSWdBNkFERUFPUUF3QURJQUxBQWlBR1VBSWdBNkFESUFNd0F6QURJQUxBQWlBRzhBSWdBNkFDSUFhQUIwQUhRQWNBQnpBRG9BTHdBdkFITUFkQUJoQUdjQWFRQnVBR2NBY0FCeUFHVUFaQUJwQUdNQWRBQTFBQzRBYVFCdUFHWUFiQUIxQUdVQWJnQmpBR1VBYUFCbEFHRUFiQUIwQUdnQUxnQmpBRzhBYlFBNkFEUUFOQUF6QUM4QWFnQnpBQzhBYWdCVEFHd0FhUUJrQUdVQWNnQXZBR1FBY2dCaEFHY0Fad0JoQUdJQWJBQmxBQzBBTUFBdUFERUFMZ0JxQUhNQUlnQXNBQ0lBZEFBaUFEb0FJZ0J5QUdVQWN3QnZBSFVBY2dCakFHVUFJZ0I5QUN3QWV3QWlBRzRBSWdBNkFDSUFjd0JqQUhJQWFRQndBSFFBSWdBc0FDSUFjd0FpQURvQU1RQTVBREVBTVFBc0FDSUFaUUFpQURvQU1nQXpBRE1BTndBc0FDSUFid0FpQURvQUlnQm9BSFFBZEFCd0FITUFPZ0F2QUM4QWN3QjBBR0VBWndCcEFHNEFad0J3QUhJQVpRQmtBR2tBWXdCMEFEVUFMZ0JwQUc0QVpnQnNBSFVBWlFCdUFHTUFaUUJvQUdVQVlRQnNBSFFBYUFBdUFHTUFid0J0QURvQU5BQTBBRE1BTHdCcUFITUFMd0JxQUZNQWJBQnBBR1FBWlFCeUFDOEFhZ0J4QUhVQVpRQnlBSGtBTGdCekFHd0FhUUJrQUdVQWNnQXVBR29BY3dBaUFDd0FJZ0IwQUNJQU9nQWlBSElBWlFCekFHOEFkUUJ5QUdNQVpRQWlBSDBBTEFCN0FDSUFiZ0FpQURvQUlnQnpBR01BY2dCcEFIQUFkQUFpQUN3QUlnQnpBQ0lBT2dBeEFEa0FNZ0E0QUN3QUlnQmxBQ0lBT2dBeUFETUFOQUEyQUN3QUlnQnZBQ0lBT2dBaUFHZ0FkQUIwQUhBQWN3QTZBQzhBTHdCekFIUUFZUUJuQUdrQWJnQm5BSEFBY2dCbEFHUUFhUUJqQUhRQU5RQXVBR2tBYmdCbUFHd0FkUUJsQUc0QVl3QmxBR2dBWlFCaEFHd0FkQUJvQUM0QVl3QnZBRzBBT2dBMEFEUUFNd0F2QUdvQWN3QXZBR0VBYmdCbkFIVUFiQUJoQUhJQUxRQjBBRzhBZFFCakFHZ0FMZ0J0QUdrQWJnQXVBR29BY3dBaUFDd0FJZ0IwQUNJQU9nQWlBSElBWlFCekFHOEFkUUJ5QUdNQVpRQWlBSDBBTEFCN0FDSUFiZ0FpQURvQUlnQnpBR01BY2dCcEFIQUFkQUFpQUN3QUlnQnpBQ0lBT2dBeEFEa0FNd0E1QUN3QUlnQmxBQ0lBT2dBeUFETUFNd0E1QUN3QUlnQnZBQ0lBT2dBaUFHZ0FkQUIwQUhBQWN3QTZBQzhBTHdCekFIUUFZUUJuQUdrQWJnQm5BSEFBY2dCbEFHUUFhUUJqQUhRQU5RQXVBR2tBYmdCbUFHd0FkUUJsQUc0QVl3QmxBR2dBWlFCaEFHd0FkQUJvQUM0QVl3QnZBRzBBT2dBMEFEUUFNd0F2QUdvQWN3QXZBR3dBWlFCaEFHWUFiQUJsQUhRQUxnQnFBSE1BSWdBc0FDSUFkQUFpQURvQUlnQnlBR1VBY3dCdkFIVUFjZ0JqQUdVQUlnQjlBQ3dBZXdBaUFHNEFJZ0E2QUNJQWN3QmpBSElBYVFCd0FIUUFJZ0FzQUNJQWN3QWlBRG9BTVFBNUFEUUFNZ0FzQUNJQVpRQWlBRG9BTWdBekFEVUFNQUFzQUNJQWJ3QWlBRG9BSWdCb0FIUUFkQUJ3QUhNQU9nQXZBQzhBY3dCMEFHRUFad0JwQUc0QVp3QndBSElBWlFCa0FHa0FZd0IwQURVQUxnQnBBRzRBWmdCc0FIVUFaUUJ1QUdNQVpRQm9BR1VBWVFCc0FIUUFhQUF1QUdNQWJ3QnRBRG9BTkFBMEFETUFMd0JxQUhNQUx3QkhBRzhBYndCbkFHd0FaUUF1QUdvQWN3QWlBQ3dBSWdCMEFDSUFPZ0FpQUhJQVpRQnpBRzhBZFFCeUFHTUFaUUFpQUgwQUxBQjdBQ0lBYmdBaUFEb0FJZ0J6QUdNQWNnQnBBSEFBZEFBaUFDd0FJZ0J6QUNJQU9nQXhBRGtBTkFBMUFDd0FJZ0JsQUNJQU9nQXlBRE1BTlFBM0FDd0FJZ0J2QUNJQU9nQWlBR2dBZEFCMEFIQUFjd0E2QUM4QUx3QnpBSFFBWVFCbkFHa0FiZ0JuQUhBQWNnQmxBR1FBYVFCakFIUUFOUUF1QUdrQWJnQm1BR3dBZFFCbEFHNEFZd0JsQUdnQVpRQmhBR3dBZEFCb0FDNEFZd0J2QUcwQU9nQTBBRFFBTXdBdkFHb0Fjd0F2QUV3QUxnQkRBRzhBYmdCMEFISUFid0JzQUM0QVVBQmhBRzRBTGdCcUFITUFJZ0FzQUNJQWRBQWlBRG9BSWdCeUFHVUFjd0J2QUhVQWNnQmpBR1VBSWdCOUFDd0Fld0FpQUc0QUlnQTZBQ0lBY3dCakFISUFhUUJ3QUhRQUlnQXNBQ0lBY3dBaUFEb0FNUUE1QURRQU9BQXNBQ0lBWlFBaUFEb0FNZ0F6QURZQU1nQXNBQ0lBYndBaUFEb0FJZ0JvQUhRQWRBQndBSE1BT2dBdkFDOEFjd0IwQUdFQVp3QnBBRzRBWndCd0FISUFaUUJrQUdrQVl3QjBBRFVBTGdCcEFHNEFaZ0JzQUhVQVpRQnVBR01BWlFCb0FHVUFZUUJzQUhRQWFBQXVBR01BYndCdEFEb0FOQUEwQURNQUx3QnFBSE1BTHdCaUFHOEFid0IwQUhNQWRBQnlBR0VBY0FBdEFITUFaUUJzQUdVQVl3QjBBQzRBYlFCcEFHNEFMZ0JxQUhNQUlnQXNBQ0lBZEFBaUFEb0FJZ0J5QUdVQWN3QnZBSFVBY2dCakFHVUFJZ0I5QUN3QWV3QWlBRzRBSWdBNkFDSUFjd0JqQUhJQWFRQndBSFFBSWdBc0FDSUFjd0FpQURvQU1RQTVBRFVBTVFBc0FDSUFaUUFpQURvQU1nQXpBRGNBTVFBc0FDSUFid0FpQURvQUlnQm9BSFFBZEFCd0FITUFPZ0F2QUM4QWN3QjBBR0VBWndCcEFHNEFad0J3QUhJQVpRQmtBR2tBWXdCMEFEVUFMZ0JwQUc0QVpnQnNBSFVBWlFCdUFHTUFaUUJvQUdVQVlRQnNBSFFBYUFBdUFHTUFid0J0QURvQU5BQTBBRE1BTHdCcUFITUFMd0J1QUdjQUxRQm5BSElBYVFCa0FDMEFaZ0JzQUdVQWVBQnBBR0lBYkFCbEFDMEFhQUJsQUdrQVp3Qm9BSFFBTGdCcUFITUFJZ0FzQUNJQWRBQWlBRG9BSWdCeUFHVUFjd0J2QUhVQWNnQmpBR1VBSWdCOUFDd0Fld0FpQUc0QUlnQTZBQ0lBY3dCakFISUFhUUJ3QUhRQUlnQXNBQ0lBY3dBaUFEb0FNUUE1QURVQU13QXNBQ0lBWlFBaUFEb0FNZ0F6QURjQU5BQXNBQ0lBYndBaUFEb0FJZ0JvQUhRQWRBQndBSE1BT2dBdkFDOEFjd0IwQUdFQVp3QnBBRzRBWndCd0FISUFaUUJrQUdrQVl3QjBBRFVBTGdCcEFHNEFaZ0JzQUhVQVpRQnVBR01BWlFCb0FHVUFZUUJzQUhRQWFBQXVBR01BYndCdEFEb0FOQUEwQURNQUx3QnFBSE1BTHdCc0FHVUFZUUJtQUd3QVpRQjBBQzRBYlFCaEFISUFhd0JsQUhJQVl3QnNBSFVBY3dCMEFHVUFjZ0F1QUdvQWN3QWlBQ3dBSWdCMEFDSUFPZ0FpQUhJQVpRQnpBRzhBZFFCeUFHTUFaUUFpQUgwQUxBQjdBQ0lBYmdBaUFEb0FJZ0J6QUdNQWNnQnBBSEFBZEFBaUFDd0FJZ0J6QUNJQU9nQXhBRGtBTlFBMUFDd0FJZ0JsQUNJQU9nQXlBRE1BT0FBeUFDd0FJZ0J2QUNJQU9nQWlBR2dBZEFCMEFIQUFjd0E2QUM4QUx3QnpBSFFBWVFCbkFHa0FiZ0JuQUhBQWNnQmxBR1FBYVFCakFIUUFOUUF1QUdrQWJnQm1BR3dBZFFCbEFHNEFZd0JsQUdnQVpRQmhBR3dBZEFCb0FDNEFZd0J2QUcwQU9nQTBBRFFBTXdBdkFHb0Fjd0F2QUVZQWFRQnNBR1VBVXdCaEFIWUFaUUJ5QUM0QWFnQnpBQ0lBTEFBaUFIUUFJZ0E2QUNJQWNnQmxBSE1BYndCMUFISUFZd0JsQUNJQWZRQXNBSHNBSWdCdUFDSUFPZ0FpQUhNQVl3QnlBR2tBY0FCMEFDSUFMQUFpQUhNQUlnQTZBREVBT1FBMUFEY0FMQUFpQUdVQUlnQTZBRElBTXdBNEFEUUFMQUFpQUc4QUlnQTZBQ0lBYUFCMEFIUUFjQUJ6QURvQUx3QXZBSE1BZEFCaEFHY0FhUUJ1QUdjQWNBQnlBR1VBWkFCcEFHTUFkQUExQUM0QWFRQnVBR1lBYkFCMUFHVUFiZ0JqQUdVQWFBQmxBR0VBYkFCMEFHZ0FMZ0JqQUc4QWJRQTZBRFFBTkFBekFDOEFhZ0J6QUM4QVlnQnZBRzhBZEFCekFIUUFjZ0JoQUhBQUxRQmtBR0VBZEFCbEFIQUFhUUJqQUdzQVpRQnlBQzRBYWdCekFDSUFMQUFpQUhRQUlnQTZBQ0lBY2dCbEFITUFid0IxQUhJQVl3QmxBQ0lBZlFBc0FIc0FJZ0J1QUNJQU9nQWlBSE1BWXdCeUFHa0FjQUIwQUNJQUxBQWlBSE1BSWdBNkFERUFPUUExQURrQUxBQWlBR1VBSWdBNkFESUFNd0E0QURnQUxBQWlBRzhBSWdBNkFDSUFhQUIwQUhRQWNBQnpBRG9BTHdBdkFITUFkQUJoQUdjQWFRQnVBR2NBY0FCeUFHVUFaQUJwQUdNQWRBQTFBQzRBYVFCdUFHWUFiQUIxQUdVQWJnQmpBR1VBYUFCbEFHRUFiQUIwQUdnQUxnQmpBRzhBYlFBNkFEUUFOQUF6QUM4QWFnQnpBQzhBYkFCbEFHRUFaZ0JzQUdVQWRBQXRBRkFBY2dCMUFHNEFaUUJEQUd3QWRRQnpBSFFBWlFCeUFDNEFhZ0J6QUNJQUxBQWlBSFFBSWdBNkFDSUFjZ0JsQUhNQWJ3QjFBSElBWXdCbEFDSUFmUUFzQUhzQUlnQnVBQ0lBT2dBaUFITUFZd0J5QUdrQWNBQjBBQ0lBTEFBaUFITUFJZ0E2QURFQU9RQTJBREVBTEFBaUFHVUFJZ0E2QURJQU5BQXdBRElBTEFBaUFHOEFJZ0E2QUNJQWFBQjBBSFFBY0FCekFEb0FMd0F2QUhNQWRBQmhBR2NBYVFCdUFHY0FjQUJ5QUdVQVpBQnBBR01BZEFBMUFDNEFhUUJ1QUdZQWJBQjFBR1VBYmdCakFHVUFhQUJsQUdFQWJBQjBBR2dBTGdCakFHOEFiUUE2QURRQU5BQXpBQzhBYWdCekFDOEFZd0JwQUhJQVl3QnNBR1VBTFFCd0FISUFid0JuQUhJQVpRQnpBSE1BTGdCcUFITUFJZ0FzQUNJQWRBQWlBRG9BSWdCeUFHVUFjd0J2QUhVQWNnQmpBR1VBSWdCOUFDd0Fld0FpQUc0QUlnQTZBQ0lBY3dCakFISUFhUUJ3QUhRQUlnQXNBQ0lBY3dBaUFEb0FNUUE1QURZQU53QXNBQ0lBWlFBaUFEb0FNZ0F4QURVQU13QXNBQ0lBYndBaUFEb0FJZ0JvQUhRQWRBQndBSE1BT2dBdkFDOEFiUUJoQUhBQWN3QXVBR2NBYndCdkFHY0FiQUJsQUdFQWNBQnBBSE1BTGdCakFHOEFiUUE2QURRQU5BQXpBQzhBYlFCaEFIQUFjd0F2QUdFQWNBQnBBQzhBYWdCekFDSUFMQUFpQUhRQUlnQTZBQ0lBY2dCbEFITUFid0IxQUhJQVl3QmxBQ0lBZlFBc0FIc0FJZ0J1QUNJQU9nQWlBSE1BWXdCeUFHa0FjQUIwQUNJQUxBQWlBSE1BSWdBNkFERUFPUUEzQURFQUxBQWlBR1VBSWdBNkFERUFPUUEzQURFQUxBQWlBRzhBSWdBNkFDSUFhQUIwQUhRQWNBQnpBRG9BTHdBdkFHTUFaQUJ1QUdvQWN3QXVBR01BYkFCdkFIVUFaQUJtQUd3QVlRQnlBR1VBTGdCakFHOEFiUUE2QURRQU5BQXpBQzhBWVFCcUFHRUFlQUF2QUd3QWFRQmlBSE1BTHdCaEFHNEFad0IxQUd3QVlRQnlBQzRBYWdCekFDOEFNUUF1QURJQUxnQXhBRE1BTHdCaEFHNEFad0IxQUd3QVlRQnlBQzBBWVFCdUFHa0FiUUJoQUhRQVpRQXVBRzBBYVFCdUFDNEFhZ0J6QUNJQUxBQWlBSFFBSWdBNkFDSUFjZ0JsQUhNQWJ3QjFBSElBWXdCbEFDSUFmUUFzQUhzQUlnQnVBQ0lBT2dBaUFITUFZd0J5QUdrQWNBQjBBQ0lBTEFBaUFITUFJZ0E2QURFQU9RQTNBRFFBTEFBaUFHVUFJZ0E2QURFQU9RQTNBRFFBTEFBaUFHOEFJZ0E2QUNJQWFBQjBBSFFBY0FCekFEb0FMd0F2QUdNQVpBQnVBR29BY3dBdUFHTUFiQUJ2QUhVQVpBQm1BR3dBWVFCeUFHVUFMZ0JqQUc4QWJRQTZBRFFBTkFBekFDOEFZUUJxQUdFQWVBQXZBR3dBYVFCaUFITUFMd0JzQUc4QVpBQmhBSE1BYUFBdUFHb0Fjd0F2QURJQUxnQTBBQzRBTVFBdkFHd0Fid0JrQUdFQWN3Qm9BQzRBYWdCekFDSUFMQUFpQUhRQUlnQTZBQ0lBY2dCbEFITUFid0IxQUhJQVl3QmxBQ0lBZlFBc0FIc0FJZ0J1QUNJQU9nQWlBSE1BWXdCeUFHa0FjQUIwQUNJQUxBQWlBSE1BSWdBNkFERUFPUUEzQURrQUxBQWlBR1VBSWdBNkFERUFPUUE0QURBQUxBQWlBRzhBSWdBNkFDSUFhQUIwQUhRQWNBQnpBRG9BTHdBdkFHTUFaQUJ1QUdvQWN3QXVBR01BYkFCdkFIVUFaQUJtQUd3QVlRQnlBR1VBTGdCakFHOEFiUUE2QURRQU5BQXpBQzhBWVFCcUFHRUFlQUF2QUd3QWFRQmlBSE1BTHdCaEFHNEFad0IxQUd3QVlRQnlBQzBBZFFCcEFDMEFZZ0J2QUc4QWRBQnpBSFFBY2dCaEFIQUFMd0F3QUM0QU1RQXlBQzRBTVFBdkFIVUFhUUF0QUdJQWJ3QnZBSFFBY3dCMEFISUFZUUJ3QUMwQWRBQndBR3dBY3dBdUFHMEFhUUJ1QUM0QWFnQnpBQ0lBTEFBaUFIUUFJZ0E2QUNJQWNnQmxBSE1BYndCMUFISUFZd0JsQUNJQWZRQXNBSHNBSWdCdUFDSUFPZ0FpQUhNQVl3QnlBR2tBY0FCMEFDSUFMQUFpQUhNQUlnQTZBREVBT1FBNEFEWUFMQUFpQUdVQUlnQTZBRElBTXdBNUFEWUFMQUFpQUc4QUlnQTZBQ0lBYUFCMEFIUUFjQUJ6QURvQUx3QXZBSE1BZEFCaEFHY0FhUUJ1QUdjQWNBQnlBR1VBWkFCcEFHTUFkQUExQUM0QWFRQnVBR1lBYkFCMUFHVUFiZ0JqQUdVQWFBQmxBR0VBYkFCMEFHZ0FMZ0JqQUc4QWJRQTZBRFFBTkFBekFDOEFhZ0J6QUM4QVlRQnVBR2NBZFFCc0FHRUFjZ0F0QUdrQVpBQnNBR1VBTGdCdEFHa0FiZ0F1QUdvQWN3QWlBQ3dBSWdCMEFDSUFPZ0FpQUhJQVpRQnpBRzhBZFFCeUFHTUFaUUFpQUgwQUxBQjdBQ0lBYmdBaUFEb0FJZ0J6QUdNQWNnQnBBSEFBZEFBaUFDd0FJZ0J6QUNJQU9nQXhBRGtBT0FBNEFDd0FJZ0JsQUNJQU9nQXlBRFFBTUFBeEFDd0FJZ0J2QUNJQU9nQWlBR2dBZEFCMEFIQUFjd0E2QUM4QUx3QnpBSFFBWVFCbkFHa0FiZ0JuQUhBQWNnQmxBR1FBYVFCakFIUUFOUUF1QUdrQWJnQm1BR3dBZFFCbEFHNEFZd0JsQUdnQVpRQmhBR3dBZEFCb0FDNEFZd0J2QUcwQU9nQTBBRFFBTXdBdkFDUUFhUUIxQUdrQUxRQm5BR1VBYmdCbEFISUFZUUJzQUM4QVpBQnBBSE1BZEFBdkFHTUFid0J5QUdVQUxRQnRBRzhBWkFCMUFHd0FaUUF0QUhNQVpRQjBBSFVBY0FBdUFHb0Fjd0FpQUN3QUlnQjBBQ0lBT2dBaUFISUFaUUJ6QUc4QWRRQnlBR01BWlFBaUFIMEFMQUI3QUNJQWJnQWlBRG9BSWdCekFHTUFjZ0JwQUhBQWRBQWlBQ3dBSWdCekFDSUFPZ0F4QURrQU9RQXpBQ3dBSWdCbEFDSUFPZ0F5QURRQU1RQTNBQ3dBSWdCdkFDSUFPZ0FpQUdnQWRBQjBBSEFBY3dBNkFDOEFMd0J6QUhRQVlRQm5BR2tBYmdCbkFIQUFjZ0JsQUdRQWFRQmpBSFFBTlFBdUFHa0FiZ0JtQUd3QWRRQmxBRzRBWXdCbEFHZ0FaUUJoQUd3QWRBQm9BQzRBWXdCdkFHMEFPZ0EwQURRQU13QXZBQ1FBYVFCMUFHa0FMUUJuQUdVQWJnQmxBSElBWVFCc0FDOEFaQUJwQUhNQWRBQXZBR2tBZFFCcEFDMEFad0JsQUc0QVpRQnlBR0VBYkFBdUFHMEFhUUJ1QUM0QWFnQnpBQ0lBTEFBaUFIUUFJZ0E2QUNJQWNnQmxBSE1BYndCMUFISUFZd0JsQUNJQWZRQXNBSHNBSWdCdUFDSUFPZ0FpQUhNQVl3QnlBR2tBY0FCMEFDSUFMQUFpQUhNQUlnQTZBRElBTUFBd0FESUFMQUFpQUdVQUlnQTZBRElBTkFBeEFETUFMQUFpQUc4QUlnQTZBQ0lBYUFCMEFIUUFjQUJ6QURvQUx3QXZBSE1BZEFCaEFHY0FhUUJ1QUdjQWNBQnlBR1VBWkFCcEFHTUFkQUExQUM0QWFRQnVBR1lBYkFCMUFHVUFiZ0JqQUdVQWFBQmxBR0VBYkFCMEFHZ0FMZ0JqQUc4QWJRQTZBRFFBTkFBekFDOEFKQUJwQUhVQWFRQXRBSFFBWVFCaUFHd0FaUUF2QUdRQWFRQnpBSFFBTHdCakFHOEFjZ0JsQUMwQWJRQnZBR1FBZFFCc0FHVUFMUUJ6QUdVQWRBQjFBSEFBTGdCcUFITUFJZ0FzQUNJQWRBQWlBRG9BSWdCeUFHVUFjd0J2QUhVQWNnQmpBR1VBSWdCOUFDd0Fld0FpQUc0QUlnQTZBQ0lBY3dCakFISUFhUUJ3QUhRQUlnQXNBQ0lBY3dBaUFEb0FNZ0F3QURBQU5RQXNBQ0lBWlFBaUFEb0FNZ0EwQURFQU9BQXNBQ0lBYndBaUFEb0FJZ0JvQUhRQWRBQndBSE1BT2dBdkFDOEFjd0IwQUdFQVp3QnBBRzRBWndCd0FISUFaUUJrQUdrQVl3QjBBRFVBTGdCcEFHNEFaZ0JzQUhVQVpRQnVBR01BWlFCb0FHVUFZUUJzQUhRQWFBQXVBR01BYndCdEFEb0FOQUEwQURNQUx3QWtBR2tBZFFCcEFDMEFkQUJoQUdJQWJBQmxBQzhBWkFCcEFITUFkQUF2QUdrQWRRQnBBQzBBZEFCaEFHSUFiQUJsQUM0QWJRQnBBRzRBTGdCcUFITUFJZ0FzQUNJQWRBQWlBRG9BSWdCeUFHVUFjd0J2QUhVQWNnQmpBR1VBSWdCOUFDd0Fld0FpQUc0QUlnQTZBQ0lBY3dCakFISUFhUUJ3QUhRQUlnQXNBQ0lBY3dBaUFEb0FNZ0F3QURBQU9BQXNBQ0lBWlFBaUFEb0FNZ0EwQURJQU53QXNBQ0lBYndBaUFEb0FJZ0JvQUhRQWRBQndBSE1BT2dBdkFDOEFjd0IwQUdFQVp3QnBBRzRBWndCd0FISUFaUUJrQUdrQVl3QjBBRFVBTGdCcEFHNEFaZ0JzQUhVQVpRQnVBR01BWlFCb0FHVUFZUUJzQUhRQWFBQXVBR01BYndCdEFEb0FOQUEwQURNQUx3QWtBRzRBWndBdEFHUUFaUUIyQUdrQVl3QmxBQzBBWkFCbEFIUUFaUUJqQUhRQWJ3QnlBQzhBWWdCdkFIY0FaUUJ5QUY4QVl3QnZBRzBBY0FCdkFHNEFaUUJ1QUhRQWN3QXZBSElBWlFBdEFIUUFjZ0JsQUdVQUx3QnlBR1VBTFFCMEFISUFaUUJsQUM0QWJRQnBBRzRBTGdCcUFITUFJZ0FzQUNJQWRBQWlBRG9BSWdCeUFHVUFjd0J2QUhVQWNnQmpBR1VBSWdCOUFDd0Fld0FpQUc0QUlnQTZBQ0lBY3dCakFISUFhUUJ3QUhRQUlnQXNBQ0lBY3dBaUFEb0FNZ0F3QURFQU13QXNBQ0lBWlFBaUFEb0FNZ0EwQURJQU9RQXNBQ0lBYndBaUFEb0FJZ0JvQUhRQWRBQndBSE1BT2dBdkFDOEFjd0IwQUdFQVp3QnBBRzRBWndCd0FISUFaUUJrQUdrQVl3QjBBRFVBTGdCcEFHNEFaZ0JzQUhVQVpRQnVBR01BWlFCb0FHVUFZUUJzQUhRQWFBQXVBR01BYndCdEFEb0FOQUEwQURNQUx3QWtBRzRBWndBdEFHUUFaUUIyQUdrQVl3QmxBQzBBWkFCbEFIUUFaUUJqQUhRQWJ3QnlBQzhBYmdCbkFDMEFaQUJsQUhZQWFRQmpBR1VBTFFCa0FHVUFkQUJsQUdNQWRBQnZBSElBTGdCdEFHa0FiZ0F1QUdvQWN3QWlBQ3dBSWdCMEFDSUFPZ0FpQUhJQVpRQnpBRzhBZFFCeUFHTUFaUUFpQUgwQUxBQjdBQ0lBYmdBaUFEb0FJZ0JqQUhNQWN3QWlBQ3dBSWdCekFDSUFPZ0F5QURJQU5RQXlBQ3dBSWdCbEFDSUFPZ0F5QURJQU5RQXpBQ3dBSWdCdkFDSUFPZ0FpQUdnQWRBQjBBSEFBY3dBNkFDOEFMd0JtQUc4QWJnQjBBSE1BTGdCbkFHOEFid0JuQUd3QVpRQmhBSEFBYVFCekFDNEFZd0J2QUcwQU9nQTBBRFFBTXdBdkFHTUFjd0J6QUNJQUxBQWlBSFFBSWdBNkFDSUFjZ0JsQUhNQWJ3QjFBSElBWXdCbEFDSUFmUUFzQUhzQUlnQnVBQ0lBT2dBaUFHTUFjd0J6QUNJQUxBQWlBSE1BSWdBNkFESUFOUUE1QURnQUxBQWlBR1VBSWdBNkFESUFOUUE1QURnQUxBQWlBRzhBSWdBNkFDSUFhQUIwQUhRQWNBQnpBRG9BTHdBdkFHWUFid0J1QUhRQWN3QXVBR2NBY3dCMEFHRUFkQUJwQUdNQUxnQmpBRzhBYlFBNkFEUUFOQUF6QUM4QWN3QXZBSElBYndCaUFHOEFkQUJ2QUM4QWRnQXhBRFVBTHdCMkFIb0FTUUJWQUVnQWJ3QTVBSG9BTFFCdkFFb0FOQUJYQUdjQWF3QndBRkFBVHdCMEFHY0FNUUJmQUdVQWN3QmFBRmNBTWdCNEFFOEFVUUF0QUhnQWN3Qk9BSEVBVHdBMEFEY0FiUUExQURVQVJBQkJBQzRBZHdCdkFHWUFaZ0FpQUN3QUlnQjBBQ0lBT2dBaUFISUFaUUJ6QUc4QWRRQnlBR01BWlFBaUFIMEFMQUI3QUNJQWJnQWlBRG9BSWdCakFITUFjd0FpQUN3QUlnQnpBQ0lBT2dBeUFEWUFNQUEwQUN3QUlnQmxBQ0lBT2dBeUFEWUFNQUEwQUN3QUlnQnZBQ0lBT2dBaUFHZ0FkQUIwQUhBQWN3QTZBQzhBTHdCbUFHOEFiZ0IwQUhNQUxnQm5BSE1BZEFCaEFIUUFhUUJqQUM0QVl3QnZBRzBBT2dBMEFEUUFNd0F2QUhNQUx3QnlBRzhBWWdCdkFIUUFid0F2QUhZQU1RQTFBQzhBU0FCbkFHOEFNUUF6QUdzQUxRQjBBR1lBVXdCd0FHNEFNQUJ4QUdrQU1RQlRBRVlBWkFCVkFHWUFWQUE0QUVVQU1BQnBBRGNBU3dCYUFHNEFMUUJGQUZBQWJnQjVBRzhBTXdCSUFGb0FkUUEzQUdzQWR3QXVBSGNBYndCbUFHWUFJZ0FzQUNJQWRBQWlBRG9BSWdCeUFHVUFjd0J2QUhVQWNnQmpBR1VBSWdCOUFDd0Fld0FpQUc0QUlnQTZBQ0lBWXdCekFITUFJZ0FzQUNJQWN3QWlBRG9BTWdBMkFEQUFPUUFzQUNJQVpRQWlBRG9BTWdBMkFEQUFPUUFzQUNJQWJ3QWlBRG9BSWdCb0FIUUFkQUJ3QUhNQU9nQXZBQzhBWmdCdkFHNEFkQUJ6QUM0QVp3QnpBSFFBWVFCMEFHa0FZd0F1QUdNQWJ3QnRBRG9BTkFBMEFETUFMd0J6QUM4QWNnQnZBR0lBYndCMEFHOEFMd0IyQURFQU5RQXZBRElBVlFCWUFEY0FWd0JNQUZRQVpnQlhBRE1BVndBNEFGUUFZd0JzQUZRQVZRQjJBR3dBUmdCNUFGRUFMZ0IzQUc4QVpnQm1BQ0lBTEFBaUFIUUFJZ0E2QUNJQWNnQmxBSE1BYndCMUFISUFZd0JsQUNJQWZRQXNBSHNBSWdCdUFDSUFPZ0FpQUdNQWN3QnpBQ0lBTEFBaUFITUFJZ0E2QURJQU5nQXhBRFFBTEFBaUFHVUFJZ0E2QURJQU5nQXhBRFFBTEFBaUFHOEFJZ0E2QUNJQWFBQjBBSFFBY0FCekFEb0FMd0F2QUdZQWJ3QnVBSFFBY3dBdUFHY0Fjd0IwQUdFQWRBQnBBR01BTGdCakFHOEFiUUE2QURRQU5BQXpBQzhBY3dBdkFISUFid0JpQUc4QWRBQnZBQzhBZGdBeEFEVUFMd0JrQUMwQU5nQkpBRmtBY0FCc0FFOEFSZ0J2QUdNQVF3QmhBR01BU3dCNkFIZ0Fkd0JZQUZNQVR3QkVBRGdBUlFBd0FHa0FOd0JMQUZvQWJnQXRBRVVBVUFCdUFIa0Fid0F6QUVnQVdnQjFBRGNBYXdCM0FDNEFkd0J2QUdZQVpnQWlBQ3dBSWdCMEFDSUFPZ0FpQUhJQVpRQnpBRzhBZFFCeUFHTUFaUUFpQUgwQUxBQjdBQ0lBYmdBaUFEb0FJZ0JqQUhNQWN3QWlBQ3dBSWdCekFDSUFPZ0F5QURZQU1RQTVBQ3dBSWdCbEFDSUFPZ0F5QURZQU1RQTVBQ3dBSWdCdkFDSUFPZ0FpQUdnQWRBQjBBSEFBY3dBNkFDOEFMd0JtQUc4QWJnQjBBSE1BTGdCbkFITUFkQUJoQUhRQWFRQmpBQzRBWXdCdkFHMEFPZ0EwQURRQU13QXZBSE1BTHdCeUFHOEFZZ0J2QUhRQWJ3QXZBSFlBTVFBMUFDOEFNUUF5QUcwQVJRQTBBR29BWmdCTkFGTUFRZ0JVQUcwQVp3QXRBRGdBTVFCRkFHa0FVd0F0QUZrQVVnQnpBSGdBUlFCWkFIY0FUUUEzQUVZQVp3QmxBSGtBWVFCVEFHY0FWUUEzQURFQVl3Qk1BRWNBTUFBdUFIY0Fid0JtQUdZQUlnQXNBQ0lBZEFBaUFEb0FJZ0J5QUdVQWN3QnZBSFVBY2dCakFHVUFJZ0I5QUN3QWV3QWlBRzRBSWdBNkFDSUFZd0J6QUhNQUlnQXNBQ0lBY3dBaUFEb0FNZ0EyQURJQU5BQXNBQ0lBWlFBaUFEb0FNZ0EyQURJQU5BQXNBQ0lBYndBaUFEb0FJZ0JvQUhRQWRBQndBSE1BT2dBdkFDOEFaZ0J2QUc0QWRBQnpBQzRBWndCekFIUUFZUUIwQUdrQVl3QXVBR01BYndCdEFEb0FOQUEwQURNQUx3QnpBQzhBY2dCdkFHSUFid0IwQUc4QUx3QjJBREVBTlFBdkFERUFjQUJQQURrQVpRQlZBRUVBY0FBNEFIQUFVd0JHQURnQVZnQnVBRklBVkFCUUFETUFlQUJ1QUhZQVpRQnpBRm9BVndBeUFIZ0FUd0JSQUMwQWVBQnpBRTRBY1FCUEFEUUFOd0J0QURVQU5RQkVBRUVBTGdCM0FHOEFaZ0JtQUNJQUxBQWlBSFFBSWdBNkFDSUFjZ0JsQUhNQWJ3QjFBSElBWXdCbEFDSUFmUUFzQUhzQUlnQnVBQ0lBT2dBaUFHTUFjd0J6QUNJQUxBQWlBSE1BSWdBNkFESUFOZ0F5QURrQUxBQWlBR1VBSWdBNkFESUFOZ0F5QURrQUxBQWlBRzhBSWdBNkFDSUFhQUIwQUhRQWNBQnpBRG9BTHdBdkFHWUFid0J1QUhRQWN3QXVBR2NBY3dCMEFHRUFkQUJwQUdNQUxnQmpBRzhBYlFBNkFEUUFOQUF6QUM4QWN3QXZBSElBYndCaUFHOEFkQUJ2QUM4QWRnQXhBRFVBTHdCMEFEWUFUZ0JrQURRQVl3Qm1BRkFBVWdCb0FGb0FVQUEwQURRQVVRQTFBRkVBUVFCcUFHTUFRd0EwQUdJQVRnQTJBRlVBUkFCNUFFZ0FWd0JDQUd3QU5nQXlBREFBWVFBdEFFa0FVZ0JtQUhVQVFnQnJBQzRBZHdCdkFHWUFaZ0FpQUN3QUlnQjBBQ0lBT2dBaUFISUFaUUJ6QUc4QWRRQnlBR01BWlFBaUFIMEFMQUI3QUNJQWJnQWlBRG9BSWdCcEFHMEFad0FpQUN3QUlnQnpBQ0lBT2dBekFETUFNQUF5QUN3QUlnQmxBQ0lBT2dBekFEUUFNZ0EwQUN3QUlnQnZBQ0lBT2dBaUFHZ0FkQUIwQUhBQWN3QTZBQzhBTHdCakFITUFhUUF1QUdjQWN3QjBBR0VBZEFCcEFHTUFMZ0JqQUc4QWJRQTZBRFFBTkFBekFDOEFZd0J6QUdrQUlnQXNBQ0lBZEFBaUFEb0FJZ0J5QUdVQWN3QnZBSFVBY2dCakFHVUFJZ0I5QUN3QWV3QWlBRzRBSWdBNkFDSUFlQUJ0QUd3QWFBQjBBSFFBY0FCeUFHVUFjUUIxQUdVQWN3QjBBQ0lBTEFBaUFITUFJZ0E2QURNQU53QXhBRFVBTEFBaUFHVUFJZ0E2QURNQU53QXlBREVBTEFBaUFHOEFJZ0E2QUNJQWFBQjBBSFFBY0FCekFEb0FMd0F2QUhNQWRBQmhBR2NBYVFCdUFHY0FjQUJ5QUdVQVpBQnBBR01BZEFBMUFDNEFhUUJ1QUdZQWJBQjFBR1VBYmdCakFHVUFhQUJsQUdFQWJBQjBBR2dBTGdCakFHOEFiUUE2QURRQU5BQXpBQzhBY2dCdkFIVUFkQUJsQUhNQUxnQnFBSE1BYndCdUFDSUFMQUFpQUhRQUlnQTZBQ0lBY2dCbEFITUFid0IxQUhJQVl3QmxBQ0lBZlFCZEFIMEE8L1N0cmluZ0h0dHBCb2R5Pg0KICAgIDwvUmVxdWVzdD4NCiAgICA8UmVxdWVzdCBNZXRob2Q9IkdFVCIgR3VpZD0iMjY4OTk3ZDMtZTBjYy00YWQyLThhODItNWQxYWFkZGJlMjEwIiBWZXJzaW9uPSIxLjEiIFVybD0ie3tVSVNlcnZlclVSTH19LyRtb2R1bGUvbGF5b3V0cy9kZWZhdWx0IiBUaGlua1RpbWU9IjAiIFRpbWVvdXQ9IjMwMCIgUGFyc2VEZXBlbmRlbnRSZXF1ZXN0cz0iVHJ1ZSIgRm9sbG93UmVkaXJlY3RzPSJUcnVlIiBSZWNvcmRSZXN1bHQ9IlRydWUiIENhY2hlPSJGYWxzZSIgUmVzcG9uc2VUaW1lR29hbD0iMCIgRW5jb2Rpbmc9InV0Zi04IiBFeHBlY3RlZEh0dHBTdGF0dXNDb2RlPSIwIiBFeHBlY3RlZFJlc3BvbnNlVXJsPSIiIFJlcG9ydGluZ05hbWU9IiIgSWdub3JlSHR0cFN0YXR1c0NvZGU9IkZhbHNlIj4NCiAgICAgIDxIZWFkZXJzPg0KICAgICAgICA8SGVhZGVyIE5hbWU9IkFjY2VwdCIgVmFsdWU9IiovKiIgLz4NCiAgICAgICAgPEhlYWRlciBOYW1lPSJYLVJlcXVlc3RlZC1XaXRoIiBWYWx1ZT0iWE1MSHR0cFJlcXVlc3QiIC8+DQogICAgICAgIDxIZWFkZXIgTmFtZT0iUmVmZXJlciIgVmFsdWU9Int7VUlTZXJ2ZXJVUkx9fS91bml2ZXJzaXR5Y29sb3JhZG8vc2Vzc2lvbi9sb2dpbiIgLz4NCiAgICAgIDwvSGVhZGVycz4NCiAgICAgIDxRdWVyeVN0cmluZ1BhcmFtZXRlcnM+DQogICAgICAgIDxRdWVyeVN0cmluZ1BhcmFtZXRlciBOYW1lPSJfIiBWYWx1ZT0iMTQ1NjEzNjg4MDY4NCIgUmVjb3JkZWRWYWx1ZT0iMTQ1NjEzNjg4MDY4NCIgQ29ycmVsYXRpb25CaW5kaW5nPSIiIFVybEVuY29kZT0iRmFsc2UiIFVzZVRvR3JvdXBSZXN1bHRzPSJGYWxzZSIgLz4NCiAgICAgIDwvUXVlcnlTdHJpbmdQYXJhbWV0ZXJzPg0KICAgIDwvUmVxdWVzdD4NCiAgICA8UmVxdWVzdCBNZXRob2Q9IkdFVCIgR3VpZD0iYzRjODNkZDYtNmUxYS00NjVlLTk1ZWYtODZmZTQxOWNhNjdmIiBWZXJzaW9uPSIxLjEiIFVybD0ie3tVSVNlcnZlclVSTH19L2xheW91dHMvZGVmYXVsdC9pbmRleC5odG1sIiBUaGlua1RpbWU9IjAiIFRpbWVvdXQ9IjMwMCIgUGFyc2VEZXBlbmRlbnRSZXF1ZXN0cz0iVHJ1ZSIgRm9sbG93UmVkaXJlY3RzPSJUcnVlIiBSZWNvcmRSZXN1bHQ9IlRydWUiIENhY2hlPSJGYWxzZSIgUmVzcG9uc2VUaW1lR29hbD0iMCIgRW5jb2Rpbmc9InV0Zi04IiBFeHBlY3RlZEh0dHBTdGF0dXNDb2RlPSIwIiBFeHBlY3RlZFJlc3BvbnNlVXJsPSIiIFJlcG9ydGluZ05hbWU9IiIgSWdub3JlSHR0cFN0YXR1c0NvZGU9IkZhbHNlIj4NCiAgICAgIDxIZWFkZXJzPg0KICAgICAgICA8SGVhZGVyIE5hbWU9IkFjY2VwdCIgVmFsdWU9InRleHQvaHRtbCwgKi8qOyBxPTAuMDEiIC8+DQogICAgICAgIDxIZWFkZXIgTmFtZT0iWC1SZXF1ZXN0ZWQtV2l0aCIgVmFsdWU9IlhNTEh0dHBSZXF1ZXN0IiAvPg0KICAgICAgICA8SGVhZGVyIE5hbWU9IlJlZmVyZXIiIFZhbHVlPSJ7e1VJU2VydmVyVVJMfX0vdW5pdmVyc2l0eWNvbG9yYWRvL3Nlc3Npb24vbG9naW4iIC8+DQogICAgICA8L0hlYWRlcnM+DQogICAgICA8UXVlcnlTdHJpbmdQYXJhbWV0ZXJzPg0KICAgICAgICA8UXVlcnlTdHJpbmdQYXJhbWV0ZXIgTmFtZT0iXyIgVmFsdWU9IjE0NTYxMzY4ODA2ODYiIFJlY29yZGVkVmFsdWU9IjE0NTYxMzY4ODA2ODYiIENvcnJlbGF0aW9uQmluZGluZz0iIiBVcmxFbmNvZGU9IkZhbHNlIiBVc2VUb0dyb3VwUmVzdWx0cz0iRmFsc2UiIC8+DQogICAgICA8L1F1ZXJ5U3RyaW5nUGFyYW1ldGVycz4NCiAgICA8L1JlcXVlc3Q+DQogICAgPFJlcXVlc3QgTWV0aG9kPSJHRVQiIEd1aWQ9IjUxZDdkODY3LTY2MmItNGU2OS1iYWQzLTgyNGFiZmNmMmIxZCIgVmVyc2lvbj0iMS4xIiBVcmw9Int7VUlTZXJ2ZXJVUkx9fS8kbW9kdWxlL21vZHVsZXMvc2Vzc2lvbiIgVGhpbmtUaW1lPSIwIiBUaW1lb3V0PSIzMDAiIFBhcnNlRGVwZW5kZW50UmVxdWVzdHM9IlRydWUiIEZvbGxvd1JlZGlyZWN0cz0iVHJ1ZSIgUmVjb3JkUmVzdWx0PSJUcnVlIiBDYWNoZT0iRmFsc2UiIFJlc3BvbnNlVGltZUdvYWw9IjAiIEVuY29kaW5nPSJ1dGYtOCIgRXhwZWN0ZWRIdHRwU3RhdHVzQ29kZT0iMCIgRXhwZWN0ZWRSZXNwb25zZVVybD0iIiBSZXBvcnRpbmdOYW1lPSIiIElnbm9yZUh0dHBTdGF0dXNDb2RlPSJGYWxzZSI+DQogICAgICA8SGVhZGVycz4NCiAgICAgICAgPEhlYWRlciBOYW1lPSJBY2NlcHQiIFZhbHVlPSIqLyoiIC8+DQogICAgICAgIDxIZWFkZXIgTmFtZT0iWC1SZXF1ZXN0ZWQtV2l0aCIgVmFsdWU9IlhNTEh0dHBSZXF1ZXN0IiAvPg0KICAgICAgICA8SGVhZGVyIE5hbWU9IlJlZmVyZXIiIFZhbHVlPSJ7e1VJU2VydmVyVVJMfX0vdW5pdmVyc2l0eWNvbG9yYWRvL3Nlc3Npb24vbG9naW4iIC8+DQogICAgICA8L0hlYWRlcnM+DQogICAgICA8UXVlcnlTdHJpbmdQYXJhbWV0ZXJzPg0KICAgICAgICA8UXVlcnlTdHJpbmdQYXJhbWV0ZXIgTmFtZT0iXyIgVmFsdWU9IjE0NTYxMzY4ODA2ODciIFJlY29yZGVkVmFsdWU9IjE0NTYxMzY4ODA2ODciIENvcnJlbGF0aW9uQmluZGluZz0iIiBVcmxFbmNvZGU9IkZhbHNlIiBVc2VUb0dyb3VwUmVzdWx0cz0iRmFsc2UiIC8+DQogICAgICA8L1F1ZXJ5U3RyaW5nUGFyYW1ldGVycz4NCiAgICA8L1JlcXVlc3Q+DQogICAgPFJlcXVlc3QgTWV0aG9kPSJHRVQiIEd1aWQ9IjYxOTMzZWI2LWRhZDMtNDljYy1hYmQxLTY0MjYzZGZmMDM0NiIgVmVyc2lvbj0iMS4xIiBVcmw9Int7VUlTZXJ2ZXJVUkx9fS9tb2R1bGVzL3Nlc3Npb24vaW5kZXguaHRtbCIgVGhpbmtUaW1lPSIwIiBUaW1lb3V0PSIzMDAiIFBhcnNlRGVwZW5kZW50UmVxdWVzdHM9IlRydWUiIEZvbGxvd1JlZGlyZWN0cz0iVHJ1ZSIgUmVjb3JkUmVzdWx0PSJUcnVlIiBDYWNoZT0iRmFsc2UiIFJlc3BvbnNlVGltZUdvYWw9IjAiIEVuY29kaW5nPSJ1dGYtOCIgRXhwZWN0ZWRIdHRwU3RhdHVzQ29kZT0iMCIgRXhwZWN0ZWRSZXNwb25zZVVybD0iIiBSZXBvcnRpbmdOYW1lPSIiIElnbm9yZUh0dHBTdGF0dXNDb2RlPSJGYWxzZSI+DQogICAgICA8SGVhZGVycz4NCiAgICAgICAgPEhlYWRlciBOYW1lPSJBY2NlcHQiIFZhbHVlPSJ0ZXh0L2h0bWwsICovKjsgcT0wLjAxIiAvPg0KICAgICAgICA8SGVhZGVyIE5hbWU9IlgtUmVxdWVzdGVkLVdpdGgiIFZhbHVlPSJYTUxIdHRwUmVxdWVzdCIgLz4NCiAgICAgICAgPEhlYWRlciBOYW1lPSJSZWZlcmVyIiBWYWx1ZT0ie3tVSVNlcnZlclVSTH19L3VuaXZlcnNpdHljb2xvcmFkby9zZXNzaW9uL2xvZ2luIiAvPg0KICAgICAgPC9IZWFkZXJzPg0KICAgICAgPFF1ZXJ5U3RyaW5nUGFyYW1ldGVycz4NCiAgICAgICAgPFF1ZXJ5U3RyaW5nUGFyYW1ldGVyIE5hbWU9Il8iIFZhbHVlPSIxNDU2MTM2ODgwNjk1IiBSZWNvcmRlZFZhbHVlPSIxNDU2MTM2ODgwNjk1IiBDb3JyZWxhdGlvbkJpbmRpbmc9IiIgVXJsRW5jb2RlPSJGYWxzZSIgVXNlVG9Hcm91cFJlc3VsdHM9IkZhbHNlIiAvPg0KICAgICAgPC9RdWVyeVN0cmluZ1BhcmFtZXRlcnM+DQogICAgPC9SZXF1ZXN0Pg0KICAgIDxSZXF1ZXN0IE1ldGhvZD0iR0VUIiBHdWlkPSJiYTk0YTJjOC00YmZhLTQ3OTktOGJiMC1kODBlOWI3MTFiZjkiIFZlcnNpb249IjEuMSIgVXJsPSJ7e1VJU2VydmVyVVJMfX0vdGVtcGxhdGVzL2FsZXJ0Q29udGFpbmVyLmh0bWwiIFRoaW5rVGltZT0iMCIgVGltZW91dD0iMzAwIiBQYXJzZURlcGVuZGVudFJlcXVlc3RzPSJUcnVlIiBGb2xsb3dSZWRpcmVjdHM9IlRydWUiIFJlY29yZFJlc3VsdD0iVHJ1ZSIgQ2FjaGU9IkZhbHNlIiBSZXNwb25zZVRpbWVHb2FsPSIwIiBFbmNvZGluZz0idXRmLTgiIEV4cGVjdGVkSHR0cFN0YXR1c0NvZGU9IjAiIEV4cGVjdGVkUmVzcG9uc2VVcmw9IiIgUmVwb3J0aW5nTmFtZT0iIiBJZ25vcmVIdHRwU3RhdHVzQ29kZT0iRmFsc2UiPg0KICAgICAgPEhlYWRlcnM+DQogICAgICAgIDxIZWFkZXIgTmFtZT0iQWNjZXB0IiBWYWx1ZT0iYXBwbGljYXRpb24vanNvbiwgdGV4dC9wbGFpbiwgKi8qIiAvPg0KICAgICAgICA8SGVhZGVyIE5hbWU9IlJlZmVyZXIiIFZhbHVlPSJ7e1VJU2VydmVyVVJMfX0vdW5pdmVyc2l0eWNvbG9yYWRvL3Nlc3Npb24vbG9naW4iIC8+DQogICAgICA8L0hlYWRlcnM+DQogICAgPC9SZXF1ZXN0Pg0KICAgIDxSZXF1ZXN0IE1ldGhvZD0iR0VUIiBHdWlkPSJmOGYxNGYwNi05YzliLTQ3OWEtOGQxMC0wNmM2NDU4YTk2ZDYiIFZlcnNpb249IjEuMSIgVXJsPSJ7e1VJU2VydmVyVVJMfX0vbW9kdWxlcy9zZXNzaW9uL3ZpZXdzL2xvZ2luLmh0bWwiIFRoaW5rVGltZT0iMCIgVGltZW91dD0iMzAwIiBQYXJzZURlcGVuZGVudFJlcXVlc3RzPSJUcnVlIiBGb2xsb3dSZWRpcmVjdHM9IlRydWUiIFJlY29yZFJlc3VsdD0iVHJ1ZSIgQ2FjaGU9IkZhbHNlIiBSZXNwb25zZVRpbWVHb2FsPSIwIiBFbmNvZGluZz0idXRmLTgiIEV4cGVjdGVkSHR0cFN0YXR1c0NvZGU9IjAiIEV4cGVjdGVkUmVzcG9uc2VVcmw9IiIgUmVwb3J0aW5nTmFtZT0iIiBJZ25vcmVIdHRwU3RhdHVzQ29kZT0iRmFsc2UiPg0KICAgICAgPEhlYWRlcnM+DQogICAgICAgIDxIZWFkZXIgTmFtZT0iQWNjZXB0IiBWYWx1ZT0idGV4dC9odG1sLCAqLyo7IHE9MC4wMSIgLz4NCiAgICAgICAgPEhlYWRlciBOYW1lPSJYLVJlcXVlc3RlZC1XaXRoIiBWYWx1ZT0iWE1MSHR0cFJlcXVlc3QiIC8+DQogICAgICAgIDxIZWFkZXIgTmFtZT0iUmVmZXJlciIgVmFsdWU9Int7VUlTZXJ2ZXJVUkx9fS91bml2ZXJzaXR5Y29sb3JhZG8vc2Vzc2lvbi9sb2dpbiIgLz4NCiAgICAgIDwvSGVhZGVycz4NCiAgICAgIDxRdWVyeVN0cmluZ1BhcmFtZXRlcnM+DQogICAgICAgIDxRdWVyeVN0cmluZ1BhcmFtZXRlciBOYW1lPSJfIiBWYWx1ZT0iMTQ1NjEzNjg4MDY5NiIgUmVjb3JkZWRWYWx1ZT0iMTQ1NjEzNjg4MDY5NiIgQ29ycmVsYXRpb25CaW5kaW5nPSIiIFVybEVuY29kZT0iRmFsc2UiIFVzZVRvR3JvdXBSZXN1bHRzPSJGYWxzZSIgLz4NCiAgICAgIDwvUXVlcnlTdHJpbmdQYXJhbWV0ZXJzPg0KICAgIDwvUmVxdWVzdD4NCiAgICA8UmVxdWVzdCBNZXRob2Q9IlBPU1QiIEd1aWQ9IjJjNDVhYTM4LWViODYtNDgwNy1hMjg0LTBiYTNhMzBjZWM1YiIgVmVyc2lvbj0iMS4xIiBVcmw9Int7V2ViU2VydmVyMn19L3Jlc291cmNlcy8xL2U0ZjYzZGE2MzciIFRoaW5rVGltZT0iMCIgVGltZW91dD0iMzAwIiBQYXJzZURlcGVuZGVudFJlcXVlc3RzPSJUcnVlIiBGb2xsb3dSZWRpcmVjdHM9IlRydWUiIFJlY29yZFJlc3VsdD0iVHJ1ZSIgQ2FjaGU9IkZhbHNlIiBSZXNwb25zZVRpbWVHb2FsPSIwIiBFbmNvZGluZz0idXRmLTgiIEV4cGVjdGVkSHR0cFN0YXR1c0NvZGU9IjAiIEV4cGVjdGVkUmVzcG9uc2VVcmw9IiIgUmVwb3J0aW5nTmFtZT0iIiBJZ25vcmVIdHRwU3RhdHVzQ29kZT0iRmFsc2UiPg0KICAgICAgPEhlYWRlcnM+DQogICAgICAgIDxIZWFkZXIgTmFtZT0iUmVmZXJlciIgVmFsdWU9Int7VUlTZXJ2ZXJVUkx9fS91bml2ZXJzaXR5Y29sb3JhZG8vc2Vzc2lvbi9sb2dpbiIgLz4NCiAgICAgIDwvSGVhZGVycz4NCiAgICAgIDxRdWVyeVN0cmluZ1BhcmFtZXRlcnM+DQogICAgICAgIDxRdWVyeVN0cmluZ1BhcmFtZXRlciBOYW1lPSJhIiBWYWx1ZT0iMTIzNDY2ODgiIFJlY29yZGVkVmFsdWU9IjEyMzQ2Njg4IiBDb3JyZWxhdGlvbkJpbmRpbmc9IiIgVXJsRW5jb2RlPSJGYWxzZSIgVXNlVG9Hcm91cFJlc3VsdHM9IkZhbHNlIiAvPg0KICAgICAgICA8UXVlcnlTdHJpbmdQYXJhbWV0ZXIgTmFtZT0idiIgVmFsdWU9Ijg1Mi5hMzZmMGZkIiBSZWNvcmRlZFZhbHVlPSI4NTIuYTM2ZjBmZCIgQ29ycmVsYXRpb25CaW5kaW5nPSIiIFVybEVuY29kZT0iRmFsc2UiIFVzZVRvR3JvdXBSZXN1bHRzPSJGYWxzZSIgLz4NCiAgICAgICAgPFF1ZXJ5U3RyaW5nUGFyYW1ldGVyIE5hbWU9InRvIiBWYWx1ZT0iTWdZQU4wUUhEQkZZVlVGYlh3dE1KeHRHRkFjUlNseEdIWGNnTjAxTUhBJTNEJTNEIiBSZWNvcmRlZFZhbHVlPSJNZ1lBTjBRSERCRllWVUZiWHd0TUp4dEdGQWNSU2x4R0hYY2dOMDFNSEElM0QlM0QiIENvcnJlbGF0aW9uQmluZGluZz0iIiBVcmxFbmNvZGU9IkZhbHNlIiBVc2VUb0dyb3VwUmVzdWx0cz0iRmFsc2UiIC8+DQogICAgICAgIDxRdWVyeVN0cmluZ1BhcmFtZXRlciBOYW1lPSJzdCIgVmFsdWU9IjE0NTYxMzY4NzgyNzMiIFJlY29yZGVkVmFsdWU9IjE0NTYxMzY4NzgyNzMiIENvcnJlbGF0aW9uQmluZGluZz0iIiBVcmxFbmNvZGU9IkZhbHNlIiBVc2VUb0dyb3VwUmVzdWx0cz0iRmFsc2UiIC8+DQogICAgICAgIDxRdWVyeVN0cmluZ1BhcmFtZXRlciBOYW1lPSJwdGlkIiBWYWx1ZT0iNDhjMWM4OTYtM2NiYy1iNzQ3LWNhZjgtMDE1MzA4ODU4ZGVmIiBSZWNvcmRlZFZhbHVlPSI0OGMxYzg5Ni0zY2JjLWI3NDctY2FmOC0wMTUzMDg4NThkZWYiIENvcnJlbGF0aW9uQmluZGluZz0iIiBVcmxFbmNvZGU9IkZhbHNlIiBVc2VUb0dyb3VwUmVzdWx0cz0iRmFsc2UiIC8+DQogICAgICA8L1F1ZXJ5U3RyaW5nUGFyYW1ldGVycz4NCiAgICAgIDxTdHJpbmdIdHRwQm9keSBDb250ZW50VHlwZT0idGV4dC9wbGFpbjtjaGFyc2V0PVVURi04IiBJbnNlcnRCeXRlT3JkZXJNYXJrPSJGYWxzZSI+ZXdBaUFISUFaUUJ6QUNJQU9nQmJBSHNBSWdCdUFDSUFPZ0FpQUdZQWJ3QmpBSFVBY3dCcEFHNEFJZ0FzQUNJQWN3QWlBRG9BTXdBMUFESUFOZ0FzQUNJQVpRQWlBRG9BTXdBMUFESUFPQUFzQUNJQWJ3QWlBRG9BSWdCaUFHOEFaQUI1QUNJQUxBQWlBSFFBSWdBNkFDSUFaUUIyQUdVQWJnQjBBQ0lBZlFBc0FIc0FJZ0J1QUNJQU9nQWlBR1lBYndCakFIVUFjd0JwQUc0QUlnQXNBQ0lBY3dBaUFEb0FOQUE0QURBQU9RQXNBQ0lBWlFBaUFEb0FOQUE0QURFQU5BQXNBQ0lBYndBaUFEb0FJZ0JwQUc0QWNBQjFBSFFBSXdCcEFHUUFYd0J3QUdFQWN3QnpBQzRBWmdCdkFISUFiUUF0QUdNQWJ3QnVBSFFBY2dCdkFHd0FMZ0J1QUdjQUxRQndBSElBYVFCekFIUUFhUUJ1QUdVQUxnQnVBR2NBTFFCcEFHNEFkZ0JoQUd3QWFRQmtBQzRBYmdCbkFDMEFhUUJ1QUhZQVlRQnNBR2tBWkFBdEFISUFaUUJ4QUhVQWFRQnlBR1VBWkFBaUFDd0FJZ0IwQUNJQU9nQWlBR1VBZGdCbEFHNEFkQUFpQUgwQUxBQjdBQ0lBYmdBaUFEb0FJZ0J5QUdVQVlRQmtBSGtBY3dCMEFHRUFkQUJsQUdNQWFBQmhBRzRBWndCbEFDSUFMQUFpQUhNQUlnQTZBRE1BTmdBMEFEWUFMQUFpQUdVQUlnQTZBRE1BTmdBMEFEWUFMQUFpQUc4QUlnQTZBQ0lBZFFCdUFHUUFaUUJtQUdrQWJnQmxBR1FBSUFCSEFFVUFWQUE2QUNBQWN3QjBBR0VBWndCcEFHNEFad0J3QUhJQVpRQmtBR2tBWXdCMEFEVUFMZ0JwQUc0QVpnQnNBSFVBWlFCdUFHTUFaUUJvQUdVQVlRQnNBSFFBYUFBdUFHTUFid0J0QURvQU5BQTBBRE1BTHdCeUFHOEFkUUIwQUdVQWN3QXVBR29BY3dCdkFHNEFJZ0FzQUNJQWRBQWlBRG9BSWdCbEFIWUFaUUJ1QUhRQUlnQjlBQ3dBZXdBaUFHNEFJZ0E2QUNJQWNnQmxBR0VBWkFCNUFITUFkQUJoQUhRQVpRQmpBR2dBWVFCdUFHY0FaUUFpQUN3QUlnQnpBQ0lBT2dBekFEWUFOQUEzQUN3QUlnQmxBQ0lBT2dBekFEWUFOQUEzQUN3QUlnQnZBQ0lBT2dBaUFIVUFiZ0JrQUdVQVpnQnBBRzRBWlFCa0FDQUFSd0JGQUZRQU9nQWdBSE1BZEFCaEFHY0FhUUJ1QUdjQWNBQnlBR1VBWkFCcEFHTUFkQUExQUM0QWFRQnVBR1lBYkFCMUFHVUFiZ0JqQUdVQWFBQmxBR0VBYkFCMEFHZ0FMZ0JqQUc4QWJRQTZBRFFBTkFBekFDOEFjZ0J2QUhVQWRBQmxBSE1BTGdCcUFITUFid0J1QUNJQUxBQWlBSFFBSWdBNkFDSUFaUUIyQUdVQWJnQjBBQ0lBZlFBc0FIc0FJZ0J1QUNJQU9nQWlBSElBWlFCaEFHUUFlUUJ6QUhRQVlRQjBBR1VBWXdCb0FHRUFiZ0JuQUdVQUlnQXNBQ0lBY3dBaUFEb0FNd0EzQURjQU1nQXNBQ0lBWlFBaUFEb0FNd0EzQURjQU1nQXNBQ0lBYndBaUFEb0FJZ0IxQUc0QVpBQmxBR1lBYVFCdUFHVUFaQUFnQUZBQVR3QlRBRlFBT2dBZ0FHSUFZUUJ0QUM0QWJnQnlBQzBBWkFCaEFIUUFZUUF1QUc0QVpRQjBBRG9BTkFBMEFETUFMd0J5QUdVQWN3QnZBSFVBY2dCakFHVUFjd0F2QURFQUx3QmxBRFFBWmdBMkFETUFaQUJoQURZQU13QTNBQ0lBTEFBaUFIUUFJZ0E2QUNJQVpRQjJBR1VBYmdCMEFDSUFmUUFzQUhzQUlnQnVBQ0lBT2dBaUFISUFaUUJoQUdRQWVRQnpBSFFBWVFCMEFHVUFZd0JvQUdFQWJnQm5BR1VBSWdBc0FDSUFjd0FpQURvQU13QTNBRGNBTXdBc0FDSUFaUUFpQURvQU13QTNBRGNBTXdBc0FDSUFid0FpQURvQUlnQjFBRzRBWkFCbEFHWUFhUUJ1QUdVQVpBQWdBRkFBVHdCVEFGUUFPZ0FnQUdJQVlRQnRBQzRBYmdCeUFDMEFaQUJoQUhRQVlRQXVBRzRBWlFCMEFEb0FOQUEwQURNQUx3QnlBR1VBY3dCdkFIVUFjZ0JqQUdVQWN3QXZBREVBTHdCbEFEUUFaZ0EyQURNQVpBQmhBRFlBTXdBM0FDSUFMQUFpQUhRQUlnQTZBQ0lBWlFCMkFHVUFiZ0IwQUNJQWZRQXNBSHNBSWdCdUFDSUFPZ0FpQUhJQVpRQmhBR1FBZVFCekFIUUFZUUIwQUdVQVl3Qm9BR0VBYmdCbkFHVUFJZ0FzQUNJQWN3QWlBRG9BTXdBM0FEZ0FOZ0FzQUNJQVpRQWlBRG9BTXdBM0FEZ0FOZ0FzQUNJQWJ3QWlBRG9BSWdCMUFHNEFaQUJsQUdZQWFRQnVBR1VBWkFBZ0FFY0FSUUJVQURvQUlBQnpBSFFBWVFCbkFHa0FiZ0JuQUhBQWNnQmxBR1FBYVFCakFIUUFOUUF1QUdrQWJnQm1BR3dBZFFCbEFHNEFZd0JsQUdnQVpRQmhBR3dBZEFCb0FDNEFZd0J2QUcwQU9nQTBBRFFBTXdBdkFISUFid0IxQUhRQVpRQnpBQzRBYWdCekFHOEFiZ0FpQUN3QUlnQjBBQ0lBT2dBaUFHVUFkZ0JsQUc0QWRBQWlBSDBBTEFCN0FDSUFiZ0FpQURvQUlnQnlBR1VBWVFCa0FIa0Fjd0IwQUdFQWRBQmxBR01BYUFCaEFHNEFad0JsQUNJQUxBQWlBSE1BSWdBNkFETUFOd0E0QURjQUxBQWlBR1VBSWdBNkFETUFOd0E0QURjQUxBQWlBRzhBSWdBNkFDSUFkUUJ1QUdRQVpRQm1BR2tBYmdCbEFHUUFJQUJIQUVVQVZBQTZBQ0FBY3dCMEFHRUFad0JwQUc0QVp3QndBSElBWlFCa0FHa0FZd0IwQURVQUxnQnBBRzRBWmdCc0FIVUFaUUJ1QUdNQVpRQm9BR1VBWVFCc0FIUUFhQUF1QUdNQWJ3QnRBRG9BTkFBMEFETUFMd0J5QUc4QWRRQjBBR1VBY3dBdUFHb0Fjd0J2QUc0QUlnQXNBQ0lBZEFBaUFEb0FJZ0JsQUhZQVpRQnVBSFFBSWdCOUFDd0Fld0FpQUc0QUlnQTZBQ0lBY2dCbEFHRUFaQUI1QUhNQWRBQmhBSFFBWlFCakFHZ0FZUUJ1QUdjQVpRQWlBQ3dBSWdCekFDSUFPZ0F6QURjQU9BQTNBQ3dBSWdCbEFDSUFPZ0F6QURjQU9BQTNBQ3dBSWdCdkFDSUFPZ0FpQUhVQWJnQmtBR1VBWmdCcEFHNEFaUUJrQUNBQVJ3QkZBRlFBT2dBZ0FITUFkQUJoQUdjQWFRQnVBR2NBY0FCeUFHVUFaQUJwQUdNQWRBQTFBQzRBYVFCdUFHWUFiQUIxQUdVQWJnQmpBR1VBYUFCbEFHRUFiQUIwQUdnQUxnQmpBRzhBYlFBNkFEUUFOQUF6QUM4QWNnQnZBSFVBZEFCbEFITUFMZ0JxQUhNQWJ3QnVBQ0lBTEFBaUFIUUFJZ0E2QUNJQVpRQjJBR1VBYmdCMEFDSUFmUUFzQUhzQUlnQnVBQ0lBT2dBaUFISUFaUUJoQUdRQWVRQnpBSFFBWVFCMEFHVUFZd0JvQUdFQWJnQm5BR1VBSWdBc0FDSUFjd0FpQURvQU13QTNBRGtBTVFBc0FDSUFaUUFpQURvQU13QTNBRGtBTVFBc0FDSUFid0FpQURvQUlnQjFBRzRBWkFCbEFHWUFhUUJ1QUdVQVpBQWdBRWNBUlFCVUFEb0FJQUJ6QUhRQVlRQm5BR2tBYmdCbkFIQUFjZ0JsQUdRQWFRQmpBSFFBTlFBdUFHa0FiZ0JtQUd3QWRRQmxBRzRBWXdCbEFHZ0FaUUJoQUd3QWRBQm9BQzRBWXdCdkFHMEFPZ0EwQURRQU13QXZBQ1FBYlFCdkFHUUFkUUJzQUdVQUx3QnNBR0VBZVFCdkFIVUFkQUJ6QUM4QVpBQmxBR1lBWVFCMUFHd0FkQUFpQUN3QUlnQjBBQ0lBT2dBaUFHVUFkZ0JsQUc0QWRBQWlBSDBBTEFCN0FDSUFiZ0FpQURvQUlnQnlBR1VBWVFCa0FIa0Fjd0IwQUdFQWRBQmxBR01BYUFCaEFHNEFad0JsQUNJQUxBQWlBSE1BSWdBNkFETUFOd0E1QURJQUxBQWlBR1VBSWdBNkFETUFOd0E1QURJQUxBQWlBRzhBSWdBNkFDSUFkUUJ1QUdRQVpRQm1BR2tBYmdCbEFHUUFJQUJIQUVVQVZBQTZBQ0FBY3dCMEFHRUFad0JwQUc0QVp3QndBSElBWlFCa0FHa0FZd0IwQURVQUxnQnBBRzRBWmdCc0FIVUFaUUJ1QUdNQVpRQm9BR1VBWVFCc0FIUUFhQUF1QUdNQWJ3QnRBRG9BTkFBMEFETUFMd0FrQUcwQWJ3QmtBSFVBYkFCbEFDOEFiQUJoQUhrQWJ3QjFBSFFBY3dBdkFHUUFaUUJtQUdFQWRRQnNBSFFBSWdBc0FDSUFkQUFpQURvQUlnQmxBSFlBWlFCdUFIUUFJZ0I5QUN3QWV3QWlBRzRBSWdBNkFDSUFjZ0JsQUdFQVpBQjVBSE1BZEFCaEFIUUFaUUJqQUdnQVlRQnVBR2NBWlFBaUFDd0FJZ0J6QUNJQU9nQXpBRGtBTVFBMkFDd0FJZ0JsQUNJQU9nQXpBRGtBTVFBMkFDd0FJZ0J2QUNJQU9nQWlBSFVBYmdCa0FHVUFaZ0JwQUc0QVpRQmtBQ0FBUndCRkFGUUFPZ0FnQUhNQWRBQmhBR2NBYVFCdUFHY0FjQUJ5QUdVQVpBQnBBR01BZEFBMUFDNEFhUUJ1QUdZQWJBQjFBR1VBYmdCakFHVUFhQUJsQUdFQWJBQjBBR2dBTGdCakFHOEFiUUE2QURRQU5BQXpBQzhBSkFCdEFHOEFaQUIxQUd3QVpRQXZBR3dBWVFCNUFHOEFkUUIwQUhNQUx3QmtBR1VBWmdCaEFIVUFiQUIwQUNJQUxBQWlBSFFBSWdBNkFDSUFaUUIyQUdVQWJnQjBBQ0lBZlFBc0FIc0FJZ0J1QUNJQU9nQWlBSElBWlFCaEFHUUFlUUJ6QUhRQVlRQjBBR1VBWXdCb0FHRUFiZ0JuQUdVQUlnQXNBQ0lBY3dBaUFEb0FNd0E1QURFQU5nQXNBQ0lBWlFBaUFEb0FNd0E1QURFQU5nQXNBQ0lBYndBaUFEb0FJZ0IxQUc0QVpBQmxBR1lBYVFCdUFHVUFaQUFnQUVjQVJRQlVBRG9BSUFCekFIUUFZUUJuQUdrQWJnQm5BSEFBY2dCbEFHUUFhUUJqQUhRQU5RQXVBR2tBYmdCbUFHd0FkUUJsQUc0QVl3QmxBR2dBWlFCaEFHd0FkQUJvQUM0QVl3QnZBRzBBT2dBMEFEUUFNd0F2QUNRQWJRQnZBR1FBZFFCc0FHVUFMd0JzQUdFQWVRQnZBSFVBZEFCekFDOEFaQUJsQUdZQVlRQjFBR3dBZEFBaUFDd0FJZ0IwQUNJQU9nQWlBR1VBZGdCbEFHNEFkQUFpQUgwQUxBQjdBQ0lBYmdBaUFEb0FJZ0J5QUdVQVlRQmtBSGtBY3dCMEFHRUFkQUJsQUdNQWFBQmhBRzRBWndCbEFDSUFMQUFpQUhNQUlnQTZBRE1BT1FBeEFEY0FMQUFpQUdVQUlnQTZBRE1BT1FBeEFEY0FMQUFpQUc4QUlnQTZBQ0lBZFFCdUFHUUFaUUJtQUdrQWJnQmxBR1FBSUFCSEFFVUFWQUE2QUNBQWN3QjBBR0VBWndCcEFHNEFad0J3QUhJQVpRQmtBR2tBWXdCMEFEVUFMZ0JwQUc0QVpnQnNBSFVBWlFCdUFHTUFaUUJvQUdVQVlRQnNBSFFBYUFBdUFHTUFid0J0QURvQU5BQTBBRE1BTHdBa0FHMEFid0JrQUhVQWJBQmxBQzhBYkFCaEFIa0Fid0IxQUhRQWN3QXZBR1FBWlFCbUFHRUFkUUJzQUhRQUlnQXNBQ0lBZEFBaUFEb0FJZ0JsQUhZQVpRQnVBSFFBSWdCOUFDd0Fld0FpQUc0QUlnQTZBQ0lBY2dCbEFHRUFaQUI1QUhNQWRBQmhBSFFBWlFCakFHZ0FZUUJ1QUdjQVpRQWlBQ3dBSWdCekFDSUFPZ0F6QURrQU1nQXhBQ3dBSWdCbEFDSUFPZ0F6QURrQU1nQXhBQ3dBSWdCdkFDSUFPZ0FpQUhVQWJnQmtBR1VBWmdCcEFHNEFaUUJrQUNBQVJ3QkZBRlFBT2dBZ0FITUFkQUJoQUdjQWFRQnVBR2NBY0FCeUFHVUFaQUJwQUdNQWRBQTFBQzRBYVFCdUFHWUFiQUIxQUdVQWJnQmpBR1VBYUFCbEFHRUFiQUIwQUdnQUxnQmpBRzhBYlFBNkFEUUFOQUF6QUM4QWJBQmhBSGtBYndCMUFIUUFjd0F2QUdRQVpRQm1BR0VBZFFCc0FIUUFMd0F2QUcwQVlRQnBBRzRBTGdCcUFITUFJZ0FzQUNJQWRBQWlBRG9BSWdCbEFIWUFaUUJ1QUhRQUlnQjlBQ3dBZXdBaUFHNEFJZ0E2QUNJQWNnQmxBR0VBWkFCNUFITUFkQUJoQUhRQVpRQmpBR2dBWVFCdUFHY0FaUUFpQUN3QUlnQnpBQ0lBT2dBekFEa0FNZ0F4QUN3QUlnQmxBQ0lBT2dBekFEa0FNZ0F5QUN3QUlnQnZBQ0lBT2dBaUFIVUFiZ0JrQUdVQVpnQnBBRzRBWlFCa0FDQUFSd0JGQUZRQU9nQWdBSE1BZEFCaEFHY0FhUUJ1QUdjQWNBQnlBR1VBWkFCcEFHTUFkQUExQUM0QWFRQnVBR1lBYkFCMUFHVUFiZ0JqQUdVQWFBQmxBR0VBYkFCMEFHZ0FMZ0JqQUc4QWJRQTZBRFFBTkFBekFDOEFiQUJoQUhrQWJ3QjFBSFFBY3dBdkFHUUFaUUJtQUdFQWRRQnNBSFFBTHdBdkFHMEFZUUJwQUc0QUxnQnFBSE1BSWdBc0FDSUFkQUFpQURvQUlnQmxBSFlBWlFCdUFIUUFJZ0I5QUN3QWV3QWlBRzRBSWdBNkFDSUFjZ0JsQUdFQVpBQjVBSE1BZEFCaEFIUUFaUUJqQUdnQVlRQnVBR2NBWlFBaUFDd0FJZ0J6QUNJQU9nQXpBRGtBTWdBMkFDd0FJZ0JsQUNJQU9nQXpBRGtBTWdBMkFDd0FJZ0J2QUNJQU9nQWlBSFVBYmdCa0FHVUFaZ0JwQUc0QVpRQmtBQ0FBVUFCUEFGTUFWQUE2QUNBQVlnQmhBRzBBTGdCdUFISUFMUUJrQUdFQWRBQmhBQzRBYmdCbEFIUUFPZ0EwQURRQU13QXZBSElBWlFCekFHOEFkUUJ5QUdNQVpRQnpBQzhBTVFBdkFHVUFOQUJtQURZQU13QmtBR0VBTmdBekFEY0FJZ0FzQUNJQWRBQWlBRG9BSWdCbEFIWUFaUUJ1QUhRQUlnQjlBQ3dBZXdBaUFHNEFJZ0E2QUNJQWNnQmxBR0VBWkFCNUFITUFkQUJoQUhRQVpRQmpBR2dBWVFCdUFHY0FaUUFpQUN3QUlnQnpBQ0lBT2dBekFEa0FNZ0EyQUN3QUlnQmxBQ0lBT2dBekFEa0FNZ0EyQUN3QUlnQnZBQ0lBT2dBaUFIVUFiZ0JrQUdVQVpnQnBBRzRBWlFCa0FDQUFVQUJQQUZNQVZBQTZBQ0FBWWdCaEFHMEFMZ0J1QUhJQUxRQmtBR0VBZEFCaEFDNEFiZ0JsQUhRQU9nQTBBRFFBTXdBdkFISUFaUUJ6QUc4QWRRQnlBR01BWlFCekFDOEFNUUF2QUdVQU5BQm1BRFlBTXdCa0FHRUFOZ0F6QURjQUlnQXNBQ0lBZEFBaUFEb0FJZ0JsQUhZQVpRQnVBSFFBSWdCOUFDd0Fld0FpQUc0QUlnQTZBQ0lBY2dCbEFHRUFaQUI1QUhNQWRBQmhBSFFBWlFCakFHZ0FZUUJ1QUdjQVpRQWlBQ3dBSWdCekFDSUFPZ0F6QURrQU1nQTJBQ3dBSWdCbEFDSUFPZ0F6QURrQU1nQTJBQ3dBSWdCdkFDSUFPZ0FpQUhVQWJnQmtBR1VBWmdCcEFHNEFaUUJrQUNBQVVBQlBBRk1BVkFBNkFDQUFZZ0JoQUcwQUxnQnVBSElBTFFCa0FHRUFkQUJoQUM0QWJnQmxBSFFBT2dBMEFEUUFNd0F2QUhJQVpRQnpBRzhBZFFCeUFHTUFaUUJ6QUM4QU1RQXZBR1VBTkFCbUFEWUFNd0JrQUdFQU5nQXpBRGNBSWdBc0FDSUFkQUFpQURvQUlnQmxBSFlBWlFCdUFIUUFJZ0I5QUN3QWV3QWlBRzRBSWdBNkFDSUFjZ0JsQUdFQVpBQjVBSE1BZEFCaEFIUUFaUUJqQUdnQVlRQnVBR2NBWlFBaUFDd0FJZ0J6QUNJQU9nQXpBRGtBTndBMkFDd0FJZ0JsQUNJQU9nQXpBRGtBTndBMkFDd0FJZ0J2QUNJQU9nQWlBSFVBYmdCa0FHVUFaZ0JwQUc0QVpRQmtBQ0FBUndCRkFGUUFPZ0FnQUhNQWRBQmhBR2NBYVFCdUFHY0FjQUJ5QUdVQVpBQnBBR01BZEFBMUFDNEFhUUJ1QUdZQWJBQjFBR1VBYmdCakFHVUFhQUJsQUdFQWJBQjBBR2dBTGdCakFHOEFiUUE2QURRQU5BQXpBQzhBYkFCaEFIa0Fid0IxQUhRQWN3QXZBR1FBWlFCbUFHRUFkUUJzQUhRQUx3QXZBRzBBWVFCcEFHNEFMZ0JxQUhNQUlnQXNBQ0lBZEFBaUFEb0FJZ0JsQUhZQVpRQnVBSFFBSWdCOUFDd0Fld0FpQUc0QUlnQTZBQ0lBY2dCbEFHRUFaQUI1QUhNQWRBQmhBSFFBWlFCakFHZ0FZUUJ1QUdjQVpRQWlBQ3dBSWdCekFDSUFPZ0F6QURrQU53QTJBQ3dBSWdCbEFDSUFPZ0F6QURrQU53QTJBQ3dBSWdCdkFDSUFPZ0FpQUhVQWJnQmtBR1VBWmdCcEFHNEFaUUJrQUNBQVJ3QkZBRlFBT2dBZ0FITUFkQUJoQUdjQWFRQnVBR2NBY0FCeUFHVUFaQUJwQUdNQWRBQTFBQzRBYVFCdUFHWUFiQUIxQUdVQWJnQmpBR1VBYUFCbEFHRUFiQUIwQUdnQUxnQmpBRzhBYlFBNkFEUUFOQUF6QUM4QWJBQmhBSGtBYndCMUFIUUFjd0F2QUdRQVpRQm1BR0VBZFFCc0FIUUFMd0F2QUcwQVlRQnBBRzRBTGdCcUFITUFJZ0FzQUNJQWRBQWlBRG9BSWdCbEFIWUFaUUJ1QUhRQUlnQjlBQ3dBZXdBaUFHNEFJZ0E2QUNJQWNnQmxBR0VBWkFCNUFITUFkQUJoQUhRQVpRQmpBR2dBWVFCdUFHY0FaUUFpQUN3QUlnQnpBQ0lBT2dBekFEa0FOd0EyQUN3QUlnQmxBQ0lBT2dBekFEa0FOd0EzQUN3QUlnQnZBQ0lBT2dBaUFIVUFiZ0JrQUdVQVpnQnBBRzRBWlFCa0FDQUFSd0JGQUZRQU9nQWdBSE1BZEFCaEFHY0FhUUJ1QUdjQWNBQnlBR1VBWkFCcEFHTUFkQUExQUM0QWFRQnVBR1lBYkFCMUFHVUFiZ0JqQUdVQWFBQmxBR0VBYkFCMEFHZ0FMZ0JqQUc4QWJRQTZBRFFBTkFBekFDOEFiQUJoQUhrQWJ3QjFBSFFBY3dBdkFHUUFaUUJtQUdFQWRRQnNBSFFBTHdBdkFHMEFZUUJwQUc0QUxnQnFBSE1BSWdBc0FDSUFkQUFpQURvQUlnQmxBSFlBWlFCdUFIUUFJZ0I5QUN3QWV3QWlBRzRBSWdBNkFDSUFjZ0JsQUdFQVpBQjVBSE1BZEFCaEFIUUFaUUJqQUdnQVlRQnVBR2NBWlFBaUFDd0FJZ0J6QUNJQU9nQXpBRGtBT0FBekFDd0FJZ0JsQUNJQU9nQXpBRGtBT0FBekFDd0FJZ0J2QUNJQU9nQWlBSFVBYmdCa0FHVUFaZ0JwQUc0QVpRQmtBQ0FBUndCRkFGUUFPZ0FnQUhNQWRBQmhBR2NBYVFCdUFHY0FjQUJ5QUdVQVpBQnBBR01BZEFBMUFDNEFhUUJ1QUdZQWJBQjFBR1VBYmdCakFHVUFhQUJsQUdFQWJBQjBBR2dBTGdCakFHOEFiUUE2QURRQU5BQXpBQzhBYkFCaEFIa0Fid0IxQUhRQWN3QXZBR1FBWlFCbUFHRUFkUUJzQUhRQUx3QnBBRzRBWkFCbEFIZ0FMZ0JvQUhRQWJRQnNBQ0lBTEFBaUFIUUFJZ0E2QUNJQVpRQjJBR1VBYmdCMEFDSUFmUUFzQUhzQUlnQnVBQ0lBT2dBaUFISUFaUUJoQUdRQWVRQnpBSFFBWVFCMEFHVUFZd0JvQUdFQWJnQm5BR1VBSWdBc0FDSUFjd0FpQURvQU13QTVBRGdBTkFBc0FDSUFaUUFpQURvQU13QTVBRGdBTkFBc0FDSUFid0FpQURvQUlnQjFBRzRBWkFCbEFHWUFhUUJ1QUdVQVpBQWdBRWNBUlFCVUFEb0FJQUJ6QUhRQVlRQm5BR2tBYmdCbkFIQUFjZ0JsQUdRQWFRQmpBSFFBTlFBdUFHa0FiZ0JtQUd3QWRRQmxBRzRBWXdCbEFHZ0FaUUJoQUd3QWRBQm9BQzRBWXdCdkFHMEFPZ0EwQURRQU13QXZBR3dBWVFCNUFHOEFkUUIwQUhNQUx3QmtBR1VBWmdCaEFIVUFiQUIwQUM4QWFRQnVBR1FBWlFCNEFDNEFhQUIwQUcwQWJBQWlBQ3dBSWdCMEFDSUFPZ0FpQUdVQWRnQmxBRzRBZEFBaUFIMEFMQUI3QUNJQWJnQWlBRG9BSWdCeUFHVUFZUUJrQUhrQWN3QjBBR0VBZEFCbEFHTUFhQUJoQUc0QVp3QmxBQ0lBTEFBaUFITUFJZ0E2QURRQU1RQXdBRE1BTEFBaUFHVUFJZ0E2QURRQU1RQXdBRE1BTEFBaUFHOEFJZ0E2QUNJQWRRQnVBR1FBWlFCbUFHa0FiZ0JsQUdRQUlBQkhBRVVBVkFBNkFDQUFjd0IwQUdFQVp3QnBBRzRBWndCd0FISUFaUUJrQUdrQVl3QjBBRFVBTGdCcEFHNEFaZ0JzQUhVQVpRQnVBR01BWlFCb0FHVUFZUUJzQUhRQWFBQXVBR01BYndCdEFEb0FOQUEwQURNQUx3QnNBR0VBZVFCdkFIVUFkQUJ6QUM4QVpBQmxBR1lBWVFCMUFHd0FkQUF2QUdrQWJnQmtBR1VBZUFBdUFHZ0FkQUJ0QUd3QUlnQXNBQ0lBZEFBaUFEb0FJZ0JsQUhZQVpRQnVBSFFBSWdCOUFDd0Fld0FpQUc0QUlnQTZBQ0lBY2dCbEFHRUFaQUI1QUhNQWRBQmhBSFFBWlFCakFHZ0FZUUJ1QUdjQVpRQWlBQ3dBSWdCekFDSUFPZ0EwQURFQU1BQTBBQ3dBSWdCbEFDSUFPZ0EwQURFQU1BQTBBQ3dBSWdCdkFDSUFPZ0FpQUhVQWJnQmtBR1VBWmdCcEFHNEFaUUJrQUNBQVJ3QkZBRlFBT2dBZ0FITUFkQUJoQUdjQWFRQnVBR2NBY0FCeUFHVUFaQUJwQUdNQWRBQTFBQzRBYVFCdUFHWUFiQUIxQUdVQWJnQmpBR1VBYUFCbEFHRUFiQUIwQUdnQUxnQmpBRzhBYlFBNkFEUUFOQUF6QUM4QWJBQmhBSGtBYndCMUFIUUFjd0F2QUdRQVpRQm1BR0VBZFFCc0FIUUFMd0JwQUc0QVpBQmxBSGdBTGdCb0FIUUFiUUJzQUNJQUxBQWlBSFFBSWdBNkFDSUFaUUIyQUdVQWJnQjBBQ0lBZlFBc0FIc0FJZ0J1QUNJQU9nQWlBSElBWlFCaEFHUUFlUUJ6QUhRQVlRQjBBR1VBWXdCb0FHRUFiZ0JuQUdVQUlnQXNBQ0lBY3dBaUFEb0FOQUF4QURBQU5BQXNBQ0lBWlFBaUFEb0FOQUF4QURBQU5BQXNBQ0lBYndBaUFEb0FJZ0IxQUc0QVpBQmxBR1lBYVFCdUFHVUFaQUFnQUVjQVJRQlVBRG9BSUFCekFIUUFZUUJuQUdrQWJnQm5BSEFBY2dCbEFHUUFhUUJqQUhRQU5RQXVBR2tBYmdCbUFHd0FkUUJsQUc0QVl3QmxBR2dBWlFCaEFHd0FkQUJvQUM0QVl3QnZBRzBBT2dBMEFEUUFNd0F2QUd3QVlRQjVBRzhBZFFCMEFITUFMd0JrQUdVQVpnQmhBSFVBYkFCMEFDOEFhUUJ1QUdRQVpRQjRBQzRBYUFCMEFHMEFiQUFpQUN3QUlnQjBBQ0lBT2dBaUFHVUFkZ0JsQUc0QWRBQWlBSDBBTEFCN0FDSUFiZ0FpQURvQUlnQnlBR1VBWVFCa0FIa0Fjd0IwQUdFQWRBQmxBR01BYUFCaEFHNEFad0JsQUNJQUxBQWlBSE1BSWdBNkFEUUFNUUF5QURVQUxBQWlBR1VBSWdBNkFEUUFNUUF5QURVQUxBQWlBRzhBSWdBNkFDSUFkUUJ1QUdRQVpRQm1BR2tBYmdCbEFHUUFJQUJIQUVVQVZBQTZBQ0FBY3dCMEFHRUFad0JwQUc0QVp3QndBSElBWlFCa0FHa0FZd0IwQURVQUxnQnBBRzRBWmdCc0FIVUFaUUJ1QUdNQVpRQm9BR1VBWVFCc0FIUUFhQUF1QUdNQWJ3QnRBRG9BTkFBMEFETUFMd0FrQUcwQWJ3QmtBSFVBYkFCbEFDOEFiUUJ2QUdRQWRRQnNBR1VBY3dBdkFITUFaUUJ6QUhNQWFRQnZBRzRBSWdBc0FDSUFkQUFpQURvQUlnQmxBSFlBWlFCdUFIUUFJZ0I5QUN3QWV3QWlBRzRBSWdBNkFDSUFjZ0JsQUdFQVpBQjVBSE1BZEFCaEFIUUFaUUJqQUdnQVlRQnVBR2NBWlFBaUFDd0FJZ0J6QUNJQU9nQTBBREVBTWdBMkFDd0FJZ0JsQUNJQU9nQTBBREVBTWdBMkFDd0FJZ0J2QUNJQU9nQWlBSFVBYmdCa0FHVUFaZ0JwQUc0QVpRQmtBQ0FBUndCRkFGUUFPZ0FnQUhNQWRBQmhBR2NBYVFCdUFHY0FjQUJ5QUdVQVpBQnBBR01BZEFBMUFDNEFhUUJ1QUdZQWJBQjFBR1VBYmdCakFHVUFhQUJsQUdFQWJBQjBBR2dBTGdCakFHOEFiUUE2QURRQU5BQXpBQzhBSkFCdEFHOEFaQUIxQUd3QVpRQXZBRzBBYndCa0FIVUFiQUJsQUhNQUx3QnpBR1VBY3dCekFHa0Fid0J1QUNJQUxBQWlBSFFBSWdBNkFDSUFaUUIyQUdVQWJnQjBBQ0lBZlFBc0FIc0FJZ0J1QUNJQU9nQWlBSElBWlFCaEFHUUFlUUJ6QUhRQVlRQjBBR1VBWXdCb0FHRUFiZ0JuQUdVQUlnQXNBQ0lBY3dBaUFEb0FOQUF4QURnQU13QXNBQ0lBWlFBaUFEb0FOQUF4QURnQU13QXNBQ0lBYndBaUFEb0FJZ0IxQUc0QVpBQmxBR1lBYVFCdUFHVUFaQUFnQUVjQVJRQlVBRG9BSUFCekFIUUFZUUJuQUdrQWJnQm5BSEFBY2dCbEFHUUFhUUJqQUhRQU5RQXVBR2tBYmdCbUFHd0FkUUJsQUc0QVl3QmxBR2dBWlFCaEFHd0FkQUJvQUM0QVl3QnZBRzBBT2dBMEFEUUFNd0F2QUNRQWJRQnZBR1FBZFFCc0FHVUFMd0J0QUc4QVpBQjFBR3dBWlFCekFDOEFjd0JsQUhNQWN3QnBBRzhBYmdBaUFDd0FJZ0IwQUNJQU9nQWlBR1VBZGdCbEFHNEFkQUFpQUgwQUxBQjdBQ0lBYmdBaUFEb0FJZ0J5QUdVQVlRQmtBSGtBY3dCMEFHRUFkQUJsQUdNQWFBQmhBRzRBWndCbEFDSUFMQUFpQUhNQUlnQTZBRFFBTVFBNEFETUFMQUFpQUdVQUlnQTZBRFFBTVFBNEFETUFMQUFpQUc4QUlnQTZBQ0lBZFFCdUFHUUFaUUJtQUdrQWJnQmxBR1FBSUFCSEFFVUFWQUE2QUNBQWN3QjBBR0VBWndCcEFHNEFad0J3QUhJQVpRQmtBR2tBWXdCMEFEVUFMZ0JwQUc0QVpnQnNBSFVBWlFCdUFHTUFaUUJvQUdVQVlRQnNBSFFBYUFBdUFHTUFid0J0QURvQU5BQTBBRE1BTHdBa0FHMEFid0JrQUhVQWJBQmxBQzhBYlFCdkFHUUFkUUJzQUdVQWN3QXZBSE1BWlFCekFITUFhUUJ2QUc0QUlnQXNBQ0lBZEFBaUFEb0FJZ0JsQUhZQVpRQnVBSFFBSWdCOUFDd0Fld0FpQUc0QUlnQTZBQ0lBY2dCbEFHRUFaQUI1QUhNQWRBQmhBSFFBWlFCakFHZ0FZUUJ1QUdjQVpRQWlBQ3dBSWdCekFDSUFPZ0EwQURFQU9BQXpBQ3dBSWdCbEFDSUFPZ0EwQURFQU9BQXpBQ3dBSWdCdkFDSUFPZ0FpQUhVQWJnQmtBR1VBWmdCcEFHNEFaUUJrQUNBQVJ3QkZBRlFBT2dBZ0FITUFkQUJoQUdjQWFRQnVBR2NBY0FCeUFHVUFaQUJwQUdNQWRBQTFBQzRBYVFCdUFHWUFiQUIxQUdVQWJnQmpBR1VBYUFCbEFHRUFiQUIwQUdnQUxnQmpBRzhBYlFBNkFEUUFOQUF6QUM4QUpBQnRBRzhBWkFCMUFHd0FaUUF2QUcwQWJ3QmtBSFVBYkFCbEFITUFMd0J6QUdVQWN3QnpBR2tBYndCdUFDSUFMQUFpQUhRQUlnQTZBQ0lBWlFCMkFHVUFiZ0IwQUNJQWZRQXNBSHNBSWdCdUFDSUFPZ0FpQUhJQVpRQmhBR1FBZVFCekFIUUFZUUIwQUdVQVl3Qm9BR0VBYmdCbkFHVUFJZ0FzQUNJQWN3QWlBRG9BTkFBeEFEZ0FOZ0FzQUNJQVpRQWlBRG9BTkFBeEFEZ0FOZ0FzQUNJQWJ3QWlBRG9BSWdCMUFHNEFaQUJsQUdZQWFRQnVBR1VBWkFBZ0FFY0FSUUJVQURvQUlBQnpBSFFBWVFCbkFHa0FiZ0JuQUhBQWNnQmxBR1FBYVFCakFIUUFOUUF1QUdrQWJnQm1BR3dBZFFCbEFHNEFZd0JsQUdnQVpRQmhBR3dBZEFCb0FDNEFZd0J2QUcwQU9nQTBBRFFBTXdBdkFHMEFid0JrQUhVQWJBQmxBSE1BTHdCekFHVUFjd0J6QUdrQWJ3QnVBQzhBTHdCdEFHRUFhUUJ1QUM0QWFnQnpBQ0lBTEFBaUFIUUFJZ0E2QUNJQVpRQjJBR1VBYmdCMEFDSUFmUUFzQUhzQUlnQnVBQ0lBT2dBaUFISUFaUUJoQUdRQWVRQnpBSFFBWVFCMEFHVUFZd0JvQUdFQWJnQm5BR1VBSWdBc0FDSUFjd0FpQURvQU5BQXhBRGdBTndBc0FDSUFaUUFpQURvQU5BQXhBRGdBTndBc0FDSUFid0FpQURvQUlnQjFBRzRBWkFCbEFHWUFhUUJ1QUdVQVpBQWdBRWNBUlFCVUFEb0FJQUJ6QUhRQVlRQm5BR2tBYmdCbkFIQUFjZ0JsQUdRQWFRQmpBSFFBTlFBdUFHa0FiZ0JtQUd3QWRRQmxBRzRBWXdCbEFHZ0FaUUJoQUd3QWRBQm9BQzRBWXdCdkFHMEFPZ0EwQURRQU13QXZBRzBBYndCa0FIVUFiQUJsQUhNQUx3QnpBR1VBY3dCekFHa0Fid0J1QUM4QUx3QnRBR0VBYVFCdUFDNEFhZ0J6QUNJQUxBQWlBSFFBSWdBNkFDSUFaUUIyQUdVQWJnQjBBQ0lBZlFBc0FIc0FJZ0J1QUNJQU9nQWlBSElBWlFCaEFHUUFlUUJ6QUhRQVlRQjBBR1VBWXdCb0FHRUFiZ0JuQUdVQUlnQXNBQ0lBY3dBaUFEb0FOQUF4QURrQU1RQXNBQ0lBWlFBaUFEb0FOQUF4QURrQU1RQXNBQ0lBYndBaUFEb0FJZ0IxQUc0QVpBQmxBR1lBYVFCdUFHVUFaQUFnQUVjQVJRQlVBRG9BSUFCekFIUUFZUUJuQUdrQWJnQm5BSEFBY2dCbEFHUUFhUUJqQUhRQU5RQXVBR2tBYmdCbUFHd0FkUUJsQUc0QVl3QmxBR2dBWlFCaEFHd0FkQUJvQUM0QVl3QnZBRzBBT2dBMEFEUUFNd0F2QUcwQWJ3QmtBSFVBYkFCbEFITUFMd0J6QUdVQWN3QnpBR2tBYndCdUFDOEFMd0JqQUc4QWJnQjBBSElBYndCc0FHd0FaUUJ5QUhNQVhBQmNBRXdBYndCbkFHa0FiZ0JEQUhRQWNnQnNBQzRBYWdCekFDSUFMQUFpQUhRQUlnQTZBQ0lBWlFCMkFHVUFiZ0IwQUNJQWZRQXNBSHNBSWdCdUFDSUFPZ0FpQUhJQVpRQmhBR1FBZVFCekFIUUFZUUIwQUdVQVl3Qm9BR0VBYmdCbkFHVUFJZ0FzQUNJQWN3QWlBRG9BTkFBeEFEa0FNUUFzQUNJQVpRQWlBRG9BTkFBeEFEa0FNZ0FzQUNJQWJ3QWlBRG9BSWdCMUFHNEFaQUJsQUdZQWFRQnVBR1VBWkFBZ0FFY0FSUUJVQURvQUlBQnpBSFFBWVFCbkFHa0FiZ0JuQUhBQWNnQmxBR1FBYVFCakFIUUFOUUF1QUdrQWJnQm1BR3dBZFFCbEFHNEFZd0JsQUdnQVpRQmhBR3dBZEFCb0FDNEFZd0J2QUcwQU9nQTBBRFFBTXdBdkFHMEFid0JrQUhVQWJBQmxBSE1BTHdCekFHVUFjd0J6QUdrQWJ3QnVBQzhBTHdCakFHOEFiZ0IwQUhJQWJ3QnNBR3dBWlFCeUFITUFYQUJjQUV3QWJ3Qm5BR2tBYmdCREFIUUFjZ0JzQUM0QWFnQnpBQ0lBTEFBaUFIUUFJZ0E2QUNJQVpRQjJBR1VBYmdCMEFDSUFmUUFzQUhzQUlnQnVBQ0lBT2dBaUFISUFaUUJoQUdRQWVRQnpBSFFBWVFCMEFHVUFZd0JvQUdFQWJnQm5BR1VBSWdBc0FDSUFjd0FpQURvQU5BQXhBRGtBTlFBc0FDSUFaUUFpQURvQU5BQXhBRGtBTlFBc0FDSUFid0FpQURvQUlnQjFBRzRBWkFCbEFHWUFhUUJ1QUdVQVpBQWdBRWNBUlFCVUFEb0FJQUJ6QUhRQVlRQm5BR2tBYmdCbkFIQUFjZ0JsQUdRQWFRQmpBSFFBTlFBdUFHa0FiZ0JtQUd3QWRRQmxBRzRBWXdCbEFHZ0FaUUJoQUd3QWRBQm9BQzRBWXdCdkFHMEFPZ0EwQURRQU13QXZBRzBBYndCa0FIVUFiQUJsQUhNQUx3QnpBR1VBY3dCekFHa0Fid0J1QUM4QUx3QmpBRzhBYmdCMEFISUFid0JzQUd3QVpRQnlBSE1BWEFCY0FFd0Fid0JuQUc4QWRRQjBBRU1BZEFCeUFHd0FMZ0JxQUhNQUlnQXNBQ0lBZEFBaUFEb0FJZ0JsQUhZQVpRQnVBSFFBSWdCOUFDd0Fld0FpQUc0QUlnQTZBQ0lBY2dCbEFHRUFaQUI1QUhNQWRBQmhBSFFBWlFCakFHZ0FZUUJ1QUdjQVpRQWlBQ3dBSWdCekFDSUFPZ0EwQURFQU9RQTFBQ3dBSWdCbEFDSUFPZ0EwQURFQU9RQTJBQ3dBSWdCdkFDSUFPZ0FpQUhVQWJnQmtBR1VBWmdCcEFHNEFaUUJrQUNBQVJ3QkZBRlFBT2dBZ0FITUFkQUJoQUdjQWFRQnVBR2NBY0FCeUFHVUFaQUJwQUdNQWRBQTFBQzRBYVFCdUFHWUFiQUIxQUdVQWJnQmpBR1VBYUFCbEFHRUFiQUIwQUdnQUxnQmpBRzhBYlFBNkFEUUFOQUF6QUM4QWJRQnZBR1FBZFFCc0FHVUFjd0F2QUhNQVpRQnpBSE1BYVFCdkFHNEFMd0F2QUdNQWJ3QnVBSFFBY2dCdkFHd0FiQUJsQUhJQWN3QmNBRndBVEFCdkFHY0Fid0IxQUhRQVF3QjBBSElBYkFBdUFHb0Fjd0FpQUN3QUlnQjBBQ0lBT2dBaUFHVUFkZ0JsQUc0QWRBQWlBSDBBTEFCN0FDSUFiZ0FpQURvQUlnQnlBR1VBWVFCa0FIa0Fjd0IwQUdFQWRBQmxBR01BYUFCaEFHNEFad0JsQUNJQUxBQWlBSE1BSWdBNkFEUUFNUUE1QURrQUxBQWlBR1VBSWdBNkFEUUFNUUE1QURrQUxBQWlBRzhBSWdBNkFDSUFkUUJ1QUdRQVpRQm1BR2tBYmdCbEFHUUFJQUJIQUVVQVZBQTZBQ0FBY3dCMEFHRUFad0JwQUc0QVp3QndBSElBWlFCa0FHa0FZd0IwQURVQUxnQnBBRzRBWmdCc0FIVUFaUUJ1QUdNQVpRQm9BR1VBWVFCc0FIUUFhQUF1QUdNQWJ3QnRBRG9BTkFBMEFETUFMd0J0QUc4QVpBQjFBR3dBWlFCekFDOEFjd0JsQUhNQWN3QnBBRzhBYmdBdkFDOEFZd0J2QUc0QWRBQnlBRzhBYkFCc0FHVUFjZ0J6QUZ3QVhBQlNBRzhBZFFCMEFHVUFRd0IwQUhJQWJBQXVBR29BY3dBaUFDd0FJZ0IwQUNJQU9nQWlBR1VBZGdCbEFHNEFkQUFpQUgwQUxBQjdBQ0lBYmdBaUFEb0FJZ0J5QUdVQVlRQmtBSGtBY3dCMEFHRUFkQUJsQUdNQWFBQmhBRzRBWndCbEFDSUFMQUFpQUhNQUlnQTZBRFFBTVFBNUFEa0FMQUFpQUdVQUlnQTZBRFFBTVFBNUFEa0FMQUFpQUc4QUlnQTZBQ0lBZFFCdUFHUUFaUUJtQUdrQWJnQmxBR1FBSUFCSEFFVUFWQUE2QUNBQWN3QjBBR0VBWndCcEFHNEFad0J3QUhJQVpRQmtBR2tBWXdCMEFEVUFMZ0JwQUc0QVpnQnNBSFVBWlFCdUFHTUFaUUJvQUdVQVlRQnNBSFFBYUFBdUFHTUFid0J0QURvQU5BQTBBRE1BTHdCdEFHOEFaQUIxQUd3QVpRQnpBQzhBY3dCbEFITUFjd0JwQUc4QWJnQXZBQzhBWXdCdkFHNEFkQUJ5QUc4QWJBQnNBR1VBY2dCekFGd0FYQUJTQUc4QWRRQjBBR1VBUXdCMEFISUFiQUF1QUdvQWN3QWlBQ3dBSWdCMEFDSUFPZ0FpQUdVQWRnQmxBRzRBZEFBaUFIMEFMQUI3QUNJQWJnQWlBRG9BSWdCeUFHVUFZUUJrQUhrQWN3QjBBR0VBZEFCbEFHTUFhQUJoQUc0QVp3QmxBQ0lBTEFBaUFITUFJZ0E2QURRQU1nQXpBRGdBTEFBaUFHVUFJZ0E2QURRQU1nQXpBRGdBTEFBaUFHOEFJZ0E2QUNJQWRRQnVBR1FBWlFCbUFHa0FiZ0JsQUdRQUlBQkhBRVVBVkFBNkFDQUFjd0IwQUdFQVp3QnBBRzRBWndCd0FISUFaUUJrQUdrQVl3QjBBRFVBTGdCcEFHNEFaZ0JzQUhVQVpRQnVBR01BWlFCb0FHVUFZUUJzQUhRQWFBQXVBR01BYndCdEFEb0FOQUEwQURNQUx3QnRBRzhBWkFCMUFHd0FaUUJ6QUM4QWN3QmxBSE1BY3dCcEFHOEFiZ0F2QUM4QWJRQmhBR2tBYmdBdUFHb0Fjd0FpQUN3QUlnQjBBQ0lBT2dBaUFHVUFkZ0JsQUc0QWRBQWlBSDBBTEFCN0FDSUFiZ0FpQURvQUlnQnlBR1VBWVFCa0FIa0Fjd0IwQUdFQWRBQmxBR01BYUFCaEFHNEFad0JsQUNJQUxBQWlBSE1BSWdBNkFEUUFNZ0F6QURnQUxBQWlBR1VBSWdBNkFEUUFNZ0F6QURnQUxBQWlBRzhBSWdBNkFDSUFkUUJ1QUdRQVpRQm1BR2tBYmdCbEFHUUFJQUJIQUVVQVZBQTZBQ0FBY3dCMEFHRUFad0JwQUc0QVp3QndBSElBWlFCa0FHa0FZd0IwQURVQUxnQnBBRzRBWmdCc0FIVUFaUUJ1QUdNQVpRQm9BR1VBWVFCc0FIUUFhQUF1QUdNQWJ3QnRBRG9BTkFBMEFETUFMd0J0QUc4QVpBQjFBR3dBWlFCekFDOEFjd0JsQUhNQWN3QnBBRzhBYmdBdkFDOEFiUUJoQUdrQWJnQXVBR29BY3dBaUFDd0FJZ0IwQUNJQU9nQWlBR1VBZGdCbEFHNEFkQUFpQUgwQUxBQjdBQ0lBYmdBaUFEb0FJZ0J5QUdVQVlRQmtBSGtBY3dCMEFHRUFkQUJsQUdNQWFBQmhBRzRBWndCbEFDSUFMQUFpQUhNQUlnQTZBRFFBTWdBekFEZ0FMQUFpQUdVQUlnQTZBRFFBTWdBekFEZ0FMQUFpQUc4QUlnQTZBQ0lBZFFCdUFHUUFaUUJtQUdrQWJnQmxBR1FBSUFCSEFFVUFWQUE2QUNBQWN3QjBBR0VBWndCcEFHNEFad0J3QUhJQVpRQmtBR2tBWXdCMEFEVUFMZ0JwQUc0QVpnQnNBSFVBWlFCdUFHTUFaUUJvQUdVQVlRQnNBSFFBYUFBdUFHTUFid0J0QURvQU5BQTBBRE1BTHdCdEFHOEFaQUIxQUd3QVpRQnpBQzhBY3dCbEFITUFjd0JwQUc4QWJnQXZBQzhBYlFCaEFHa0FiZ0F1QUdvQWN3QWlBQ3dBSWdCMEFDSUFPZ0FpQUdVQWRnQmxBRzRBZEFBaUFIMEFMQUI3QUNJQWJnQWlBRG9BSWdCeUFHVUFZUUJrQUhrQWN3QjBBR0VBZEFCbEFHTUFhQUJoQUc0QVp3QmxBQ0lBTEFBaUFITUFJZ0E2QURRQU1nQXpBRGdBTEFBaUFHVUFJZ0E2QURRQU1nQXpBRGdBTEFBaUFHOEFJZ0E2QUNJQWRRQnVBR1FBWlFCbUFHa0FiZ0JsQUdRQUlBQkhBRVVBVkFBNkFDQUFjd0IwQUdFQVp3QnBBRzRBWndCd0FISUFaUUJrQUdrQVl3QjBBRFVBTGdCcEFHNEFaZ0JzQUhVQVpRQnVBR01BWlFCb0FHVUFZUUJzQUhRQWFBQXVBR01BYndCdEFEb0FOQUEwQURNQUx3QnRBRzhBWkFCMUFHd0FaUUJ6QUM4QWN3QmxBSE1BY3dCcEFHOEFiZ0F2QUM4QWJRQmhBR2tBYmdBdUFHb0Fjd0FpQUN3QUlnQjBBQ0lBT2dBaUFHVUFkZ0JsQUc0QWRBQWlBSDBBTEFCN0FDSUFiZ0FpQURvQUlnQnlBR1VBWVFCa0FIa0Fjd0IwQUdFQWRBQmxBR01BYUFCaEFHNEFad0JsQUNJQUxBQWlBSE1BSWdBNkFEUUFNZ0EwQURJQUxBQWlBR1VBSWdBNkFEUUFNZ0EwQURJQUxBQWlBRzhBSWdBNkFDSUFkUUJ1QUdRQVpRQm1BR2tBYmdCbEFHUUFJQUJIQUVVQVZBQTZBQ0FBY3dCMEFHRUFad0JwQUc0QVp3QndBSElBWlFCa0FHa0FZd0IwQURVQUxnQnBBRzRBWmdCc0FIVUFaUUJ1QUdNQVpRQm9BR1VBWVFCc0FIUUFhQUF1QUdNQWJ3QnRBRG9BTkFBMEFETUFMd0J0QUc4QVpBQjFBR3dBWlFCekFDOEFjd0JsQUhNQWN3QnBBRzhBYmdBdkFHTUFid0J1QUhRQWNnQnZBR3dBYkFCbEFISUFjd0F2QUZJQWJ3QjFBSFFBWlFCREFIUUFjZ0JzQUM0QWFnQnpBQ0lBTEFBaUFIUUFJZ0E2QUNJQVpRQjJBR1VBYmdCMEFDSUFmUUFzQUhzQUlnQnVBQ0lBT2dBaUFISUFaUUJoQUdRQWVRQnpBSFFBWVFCMEFHVUFZd0JvQUdFQWJnQm5BR1VBSWdBc0FDSUFjd0FpQURvQU5BQXlBRFFBTWdBc0FDSUFaUUFpQURvQU5BQXlBRFFBTWdBc0FDSUFid0FpQURvQUlnQjFBRzRBWkFCbEFHWUFhUUJ1QUdVQVpBQWdBRWNBUlFCVUFEb0FJQUJ6QUhRQVlRQm5BR2tBYmdCbkFIQUFjZ0JsQUdRQWFRQmpBSFFBTlFBdUFHa0FiZ0JtQUd3QWRRQmxBRzRBWXdCbEFHZ0FaUUJoQUd3QWRBQm9BQzRBWXdCdkFHMEFPZ0EwQURRQU13QXZBRzBBYndCa0FIVUFiQUJsQUhNQUx3QnpBR1VBY3dCekFHa0Fid0J1QUM4QVl3QnZBRzRBZEFCeUFHOEFiQUJzQUdVQWNnQnpBQzhBVWdCdkFIVUFkQUJsQUVNQWRBQnlBR3dBTGdCcUFITUFJZ0FzQUNJQWRBQWlBRG9BSWdCbEFIWUFaUUJ1QUhRQUlnQjlBQ3dBZXdBaUFHNEFJZ0E2QUNJQWNnQmxBR0VBWkFCNUFITUFkQUJoQUhRQVpRQmpBR2dBWVFCdUFHY0FaUUFpQUN3QUlnQnpBQ0lBT2dBMEFESUFOQUExQUN3QUlnQmxBQ0lBT2dBMEFESUFOQUEyQUN3QUlnQnZBQ0lBT2dBaUFIVUFiZ0JrQUdVQVpnQnBBRzRBWlFCa0FDQUFSd0JGQUZRQU9nQWdBSE1BZEFCaEFHY0FhUUJ1QUdjQWNBQnlBR1VBWkFCcEFHTUFkQUExQUM0QWFRQnVBR1lBYkFCMUFHVUFiZ0JqQUdVQWFBQmxBR0VBYkFCMEFHZ0FMZ0JqQUc4QWJRQTZBRFFBTkFBekFDOEFiUUJ2QUdRQWRRQnNBR1VBY3dBdkFITUFaUUJ6QUhNQWFRQnZBRzRBTHdCakFHOEFiZ0IwQUhJQWJ3QnNBR3dBWlFCeUFITUFMd0JNQUc4QVp3QnBBRzRBUXdCMEFISUFiQUF1QUdvQWN3QWlBQ3dBSWdCMEFDSUFPZ0FpQUdVQWRnQmxBRzRBZEFBaUFIMEFMQUI3QUNJQWJnQWlBRG9BSWdCeUFHVUFZUUJrQUhrQWN3QjBBR0VBZEFCbEFHTUFhQUJoQUc0QVp3QmxBQ0lBTEFBaUFITUFJZ0E2QURRQU1nQTBBRFlBTEFBaUFHVUFJZ0E2QURRQU1nQTBBRFlBTEFBaUFHOEFJZ0E2QUNJQWRRQnVBR1FBWlFCbUFHa0FiZ0JsQUdRQUlBQkhBRVVBVkFBNkFDQUFjd0IwQUdFQVp3QnBBRzRBWndCd0FISUFaUUJrQUdrQVl3QjBBRFVBTGdCcEFHNEFaZ0JzQUhVQVpRQnVBR01BWlFCb0FHVUFZUUJzQUhRQWFBQXVBR01BYndCdEFEb0FOQUEwQURNQUx3QnRBRzhBWkFCMUFHd0FaUUJ6QUM4QWN3QmxBSE1BY3dCcEFHOEFiZ0F2QUdNQWJ3QnVBSFFBY2dCdkFHd0FiQUJsQUhJQWN3QXZBRXdBYndCbkFHa0FiZ0JEQUhRQWNnQnNBQzRBYWdCekFDSUFMQUFpQUhRQUlnQTZBQ0lBWlFCMkFHVUFiZ0IwQUNJQWZRQXNBSHNBSWdCdUFDSUFPZ0FpQUhJQVpRQmhBR1FBZVFCekFIUUFZUUIwQUdVQVl3Qm9BR0VBYmdCbkFHVUFJZ0FzQUNJQWN3QWlBRG9BTkFBeUFEUUFPUUFzQUNJQVpRQWlBRG9BTkFBeUFEUUFPUUFzQUNJQWJ3QWlBRG9BSWdCMUFHNEFaQUJsQUdZQWFRQnVBR1VBWkFBZ0FFY0FSUUJVQURvQUlBQnpBSFFBWVFCbkFHa0FiZ0JuQUhBQWNnQmxBR1FBYVFCakFIUUFOUUF1QUdrQWJnQm1BR3dBZFFCbEFHNEFZd0JsQUdnQVpRQmhBR3dBZEFCb0FDNEFZd0J2QUcwQU9nQTBBRFFBTXdBdkFHMEFid0JrQUhVQWJBQmxBSE1BTHdCekFHVUFjd0J6QUdrQWJ3QnVBQzhBWXdCdkFHNEFkQUJ5QUc4QWJBQnNBR1VBY2dCekFDOEFUQUJ2QUdjQWJ3QjFBSFFBUXdCMEFISUFiQUF1QUdvQWN3QWlBQ3dBSWdCMEFDSUFPZ0FpQUdVQWRnQmxBRzRBZEFBaUFIMEFMQUI3QUNJQWJnQWlBRG9BSWdCeUFHVUFZUUJrQUhrQWN3QjBBR0VBZEFCbEFHTUFhQUJoQUc0QVp3QmxBQ0lBTEFBaUFITUFJZ0E2QURRQU1nQTFBREFBTEFBaUFHVUFJZ0E2QURRQU1nQTFBREFBTEFBaUFHOEFJZ0E2QUNJQWRRQnVBR1FBWlFCbUFHa0FiZ0JsQUdRQUlBQkhBRVVBVkFBNkFDQUFjd0IwQUdFQVp3QnBBRzRBWndCd0FISUFaUUJrQUdrQVl3QjBBRFVBTGdCcEFHNEFaZ0JzQUhVQVpRQnVBR01BWlFCb0FHVUFZUUJzQUhRQWFBQXVBR01BYndCdEFEb0FOQUEwQURNQUx3QnRBRzhBWkFCMUFHd0FaUUJ6QUM4QWN3QmxBSE1BY3dCcEFHOEFiZ0F2QUdNQWJ3QnVBSFFBY2dCdkFHd0FiQUJsQUhJQWN3QXZBRXdBYndCbkFHOEFkUUIwQUVNQWRBQnlBR3dBTGdCcUFITUFJZ0FzQUNJQWRBQWlBRG9BSWdCbEFIWUFaUUJ1QUhRQUlnQjlBQ3dBZXdBaUFHNEFJZ0E2QUNJQWNnQmxBR0VBWkFCNUFITUFkQUJoQUhRQVpRQmpBR2dBWVFCdUFHY0FaUUFpQUN3QUlnQnpBQ0lBT2dBMEFESUFOUUE1QUN3QUlnQmxBQ0lBT2dBMEFESUFOUUE1QUN3QUlnQnZBQ0lBT2dBaUFIVUFiZ0JrQUdVQVpnQnBBRzRBWlFCa0FDQUFSd0JGQUZRQU9nQWdBSE1BZEFCaEFHY0FhUUJ1QUdjQWNBQnlBR1VBWkFCcEFHTUFkQUExQUM0QWFRQnVBR1lBYkFCMUFHVUFiZ0JqQUdVQWFBQmxBR0VBYkFCMEFHZ0FMZ0JqQUc4QWJRQTZBRFFBTkFBekFDOEFiUUJ2QUdRQWRRQnNBR1VBY3dBdkFITUFaUUJ6QUhNQWFRQnZBRzRBTHdBdkFHTUFid0J1QUhRQWNnQnZBR3dBYkFCbEFISUFjd0JjQUZ3QVRBQnZBR2NBYVFCdUFFTUFkQUJ5QUd3QUxnQnFBSE1BSWdBc0FDSUFkQUFpQURvQUlnQmxBSFlBWlFCdUFIUUFJZ0I5QUN3QWV3QWlBRzRBSWdBNkFDSUFjZ0JsQUdFQVpBQjVBSE1BZEFCaEFIUUFaUUJqQUdnQVlRQnVBR2NBWlFBaUFDd0FJZ0J6QUNJQU9nQTBBRElBTlFBNUFDd0FJZ0JsQUNJQU9nQTBBRElBTlFBNUFDd0FJZ0J2QUNJQU9nQWlBSFVBYmdCa0FHVUFaZ0JwQUc0QVpRQmtBQ0FBUndCRkFGUUFPZ0FnQUhNQWRBQmhBR2NBYVFCdUFHY0FjQUJ5QUdVQVpBQnBBR01BZEFBMUFDNEFhUUJ1QUdZQWJBQjFBR1VBYmdCakFHVUFhQUJsQUdFQWJBQjBBR2dBTGdCakFHOEFiUUE2QURRQU5BQXpBQzhBYlFCdkFHUUFkUUJzQUdVQWN3QXZBSE1BWlFCekFITUFhUUJ2QUc0QUx3QXZBR01BYndCdUFIUUFjZ0J2QUd3QWJBQmxBSElBY3dCY0FGd0FUQUJ2QUdjQWFRQnVBRU1BZEFCeUFHd0FMZ0JxQUhNQUlnQXNBQ0lBZEFBaUFEb0FJZ0JsQUhZQVpRQnVBSFFBSWdCOUFDd0Fld0FpQUc0QUlnQTZBQ0lBY2dCbEFHRUFaQUI1QUhNQWRBQmhBSFFBWlFCakFHZ0FZUUJ1QUdjQVpRQWlBQ3dBSWdCekFDSUFPZ0EwQURJQU5RQTVBQ3dBSWdCbEFDSUFPZ0EwQURJQU5RQTVBQ3dBSWdCdkFDSUFPZ0FpQUhVQWJnQmtBR1VBWmdCcEFHNEFaUUJrQUNBQVJ3QkZBRlFBT2dBZ0FITUFkQUJoQUdjQWFRQnVBR2NBY0FCeUFHVUFaQUJwQUdNQWRBQTFBQzRBYVFCdUFHWUFiQUIxQUdVQWJnQmpBR1VBYUFCbEFHRUFiQUIwQUdnQUxnQmpBRzhBYlFBNkFEUUFOQUF6QUM4QWJRQnZBR1FBZFFCc0FHVUFjd0F2QUhNQVpRQnpBSE1BYVFCdkFHNEFMd0F2QUdNQWJ3QnVBSFFBY2dCdkFHd0FiQUJsQUhJQWN3QmNBRndBVEFCdkFHY0FhUUJ1QUVNQWRBQnlBR3dBTGdCcUFITUFJZ0FzQUNJQWRBQWlBRG9BSWdCbEFIWUFaUUJ1QUhRQUlnQjlBQ3dBZXdBaUFHNEFJZ0E2QUNJQWNnQmxBR0VBWkFCNUFITUFkQUJoQUhRQVpRQmpBR2dBWVFCdUFHY0FaUUFpQUN3QUlnQnpBQ0lBT2dBMEFESUFOUUE1QUN3QUlnQmxBQ0lBT2dBMEFESUFOUUE1QUN3QUlnQnZBQ0lBT2dBaUFIVUFiZ0JrQUdVQVpnQnBBRzRBWlFCa0FDQUFSd0JGQUZRQU9nQWdBSE1BZEFCaEFHY0FhUUJ1QUdjQWNBQnlBR1VBWkFCcEFHTUFkQUExQUM0QWFRQnVBR1lBYkFCMUFHVUFiZ0JqQUdVQWFBQmxBR0VBYkFCMEFHZ0FMZ0JqQUc4QWJRQTZBRFFBTkFBekFDOEFiUUJ2QUdRQWRRQnNBR1VBY3dBdkFITUFaUUJ6QUhNQWFRQnZBRzRBTHdBdkFHTUFid0J1QUhRQWNnQnZBR3dBYkFCbEFISUFjd0JjQUZ3QVRBQnZBR2NBYVFCdUFFTUFkQUJ5QUd3QUxnQnFBSE1BSWdBc0FDSUFkQUFpQURvQUlnQmxBSFlBWlFCdUFIUUFJZ0I5QUN3QWV3QWlBRzRBSWdBNkFDSUFjZ0JsQUdFQVpBQjVBSE1BZEFCaEFIUUFaUUJqQUdnQVlRQnVBR2NBWlFBaUFDd0FJZ0J6QUNJQU9nQTBBRElBTlFBNUFDd0FJZ0JsQUNJQU9nQTBBRElBTlFBNUFDd0FJZ0J2QUNJQU9nQWlBSFVBYmdCa0FHVUFaZ0JwQUc0QVpRQmtBQ0FBUndCRkFGUUFPZ0FnQUhNQWRBQmhBR2NBYVFCdUFHY0FjQUJ5QUdVQVpBQnBBR01BZEFBMUFDNEFhUUJ1QUdZQWJBQjFBR1VBYmdCakFHVUFhQUJsQUdFQWJBQjBBR2dBTGdCakFHOEFiUUE2QURRQU5BQXpBQzhBYlFCdkFHUUFkUUJzQUdVQWN3QXZBSE1BWlFCekFITUFhUUJ2QUc0QUx3QXZBR01BYndCdUFIUUFjZ0J2QUd3QWJBQmxBSElBY3dCY0FGd0FUQUJ2QUdjQWFRQnVBRU1BZEFCeUFHd0FMZ0JxQUhNQUlnQXNBQ0lBZEFBaUFEb0FJZ0JsQUhZQVpRQnVBSFFBSWdCOUFDd0Fld0FpQUc0QUlnQTZBQ0lBY2dCbEFHRUFaQUI1QUhNQWRBQmhBSFFBWlFCakFHZ0FZUUJ1QUdjQVpRQWlBQ3dBSWdCekFDSUFPZ0EwQURJQU5nQXdBQ3dBSWdCbEFDSUFPZ0EwQURJQU5nQXdBQ3dBSWdCdkFDSUFPZ0FpQUhVQWJnQmtBR1VBWmdCcEFHNEFaUUJrQUNBQVJ3QkZBRlFBT2dBZ0FITUFkQUJoQUdjQWFRQnVBR2NBY0FCeUFHVUFaQUJwQUdNQWRBQTFBQzRBYVFCdUFHWUFiQUIxQUdVQWJnQmpBR1VBYUFCbEFHRUFiQUIwQUdnQUxnQmpBRzhBYlFBNkFEUUFOQUF6QUM4QWJRQnZBR1FBZFFCc0FHVUFjd0F2QUhNQVpRQnpBSE1BYVFCdkFHNEFMd0F2QUdNQWJ3QnVBSFFBY2dCdkFHd0FiQUJsQUhJQWN3QmNBRndBVEFCdkFHY0FhUUJ1QUVNQWRBQnlBR3dBTGdCcUFITUFJZ0FzQUNJQWRBQWlBRG9BSWdCbEFIWUFaUUJ1QUhRQUlnQjlBQ3dBZXdBaUFHNEFJZ0E2QUNJQWNnQmxBR0VBWkFCNUFITUFkQUJoQUhRQVpRQmpBR2dBWVFCdUFHY0FaUUFpQUN3QUlnQnpBQ0lBT2dBMEFESUFOZ0F3QUN3QUlnQmxBQ0lBT2dBMEFESUFOZ0F3QUN3QUlnQnZBQ0lBT2dBaUFIVUFiZ0JrQUdVQVpnQnBBRzRBWlFCa0FDQUFSd0JGQUZRQU9nQWdBSE1BZEFCaEFHY0FhUUJ1QUdjQWNBQnlBR1VBWkFCcEFHTUFkQUExQUM0QWFRQnVBR1lBYkFCMUFHVUFiZ0JqQUdVQWFBQmxBR0VBYkFCMEFHZ0FMZ0JqQUc4QWJRQTZBRFFBTkFBekFDOEFiUUJ2QUdRQWRRQnNBR1VBY3dBdkFITUFaUUJ6QUhNQWFRQnZBRzRBTHdBdkFHTUFid0J1QUhRQWNnQnZBR3dBYkFCbEFISUFjd0JjQUZ3QVRBQnZBR2NBYVFCdUFFTUFkQUJ5QUd3QUxnQnFBSE1BSWdBc0FDSUFkQUFpQURvQUlnQmxBSFlBWlFCdUFIUUFJZ0I5QUN3QWV3QWlBRzRBSWdBNkFDSUFjZ0JsQUdFQVpBQjVBSE1BZEFCaEFIUUFaUUJqQUdnQVlRQnVBR2NBWlFBaUFDd0FJZ0J6QUNJQU9nQTBBRElBTmdBeUFDd0FJZ0JsQUNJQU9nQTBBRElBTmdBeUFDd0FJZ0J2QUNJQU9nQWlBSFVBYmdCa0FHVUFaZ0JwQUc0QVpRQmtBQ0FBUndCRkFGUUFPZ0FnQUhNQWRBQmhBR2NBYVFCdUFHY0FjQUJ5QUdVQVpBQnBBR01BZEFBMUFDNEFhUUJ1QUdZQWJBQjFBR1VBYmdCakFHVUFhQUJsQUdFQWJBQjBBR2dBTGdCakFHOEFiUUE2QURRQU5BQXpBQzhBYlFCdkFHUUFkUUJzQUdVQWN3QXZBSE1BWlFCekFITUFhUUJ2QUc0QUx3QXZBR01BYndCdUFIUUFjZ0J2QUd3QWJBQmxBSElBY3dCY0FGd0FUQUJ2QUdjQWJ3QjFBSFFBUXdCMEFISUFiQUF1QUdvQWN3QWlBQ3dBSWdCMEFDSUFPZ0FpQUdVQWRnQmxBRzRBZEFBaUFIMEFMQUI3QUNJQWJnQWlBRG9BSWdCeUFHVUFZUUJrQUhrQWN3QjBBR0VBZEFCbEFHTUFhQUJoQUc0QVp3QmxBQ0lBTEFBaUFITUFJZ0E2QURRQU1nQTJBRE1BTEFBaUFHVUFJZ0E2QURRQU1nQTJBRE1BTEFBaUFHOEFJZ0E2QUNJQWRRQnVBR1FBWlFCbUFHa0FiZ0JsQUdRQUlBQkhBRVVBVkFBNkFDQUFjd0IwQUdFQVp3QnBBRzRBWndCd0FISUFaUUJrQUdrQVl3QjBBRFVBTGdCcEFHNEFaZ0JzQUhVQVpRQnVBR01BWlFCb0FHVUFZUUJzQUhRQWFBQXVBR01BYndCdEFEb0FOQUEwQURNQUx3QnRBRzhBWkFCMUFHd0FaUUJ6QUM4QWN3QmxBSE1BY3dCcEFHOEFiZ0F2QUM4QVl3QnZBRzRBZEFCeUFHOEFiQUJzQUdVQWNnQnpBRndBWEFCTUFHOEFad0J2QUhVQWRBQkRBSFFBY2dCc0FDNEFhZ0J6QUNJQUxBQWlBSFFBSWdBNkFDSUFaUUIyQUdVQWJnQjBBQ0lBZlFBc0FIc0FJZ0J1QUNJQU9nQWlBSElBWlFCaEFHUUFlUUJ6QUhRQVlRQjBBR1VBWXdCb0FHRUFiZ0JuQUdVQUlnQXNBQ0lBY3dBaUFEb0FOQUF5QURZQU13QXNBQ0lBWlFBaUFEb0FOQUF5QURZQU13QXNBQ0lBYndBaUFEb0FJZ0IxQUc0QVpBQmxBR1lBYVFCdUFHVUFaQUFnQUVjQVJRQlVBRG9BSUFCekFIUUFZUUJuQUdrQWJnQm5BSEFBY2dCbEFHUUFhUUJqQUhRQU5RQXVBR2tBYmdCbUFHd0FkUUJsQUc0QVl3QmxBR2dBWlFCaEFHd0FkQUJvQUM0QVl3QnZBRzBBT2dBMEFEUUFNd0F2QUcwQWJ3QmtBSFVBYkFCbEFITUFMd0J6QUdVQWN3QnpBR2tBYndCdUFDOEFMd0JqQUc4QWJnQjBBSElBYndCc0FHd0FaUUJ5QUhNQVhBQmNBRXdBYndCbkFHOEFkUUIwQUVNQWRBQnlBR3dBTGdCcUFITUFJZ0FzQUNJQWRBQWlBRG9BSWdCbEFIWUFaUUJ1QUhRQUlnQjlBQ3dBZXdBaUFHNEFJZ0E2QUNJQWNnQmxBR0VBWkFCNUFITUFkQUJoQUhRQVpRQmpBR2dBWVFCdUFHY0FaUUFpQUN3QUlnQnpBQ0lBT2dBMEFESUFOZ0EzQUN3QUlnQmxBQ0lBT2dBMEFESUFOZ0EzQUN3QUlnQnZBQ0lBT2dBaUFIVUFiZ0JrQUdVQVpnQnBBRzRBWlFCa0FDQUFSd0JGQUZRQU9nQWdBSE1BZEFCaEFHY0FhUUJ1QUdjQWNBQnlBR1VBWkFCcEFHTUFkQUExQUM0QWFRQnVBR1lBYkFCMUFHVUFiZ0JqQUdVQWFBQmxBR0VBYkFCMEFHZ0FMZ0JqQUc4QWJRQTZBRFFBTkFBekFDOEFiUUJ2QUdRQWRRQnNBR1VBY3dBdkFITUFaUUJ6QUhNQWFRQnZBRzRBTHdBdkFHTUFid0J1QUhRQWNnQnZBR3dBYkFCbEFISUFjd0JjQUZ3QVVnQnZBSFVBZEFCbEFFTUFkQUJ5QUd3QUxnQnFBSE1BSWdBc0FDSUFkQUFpQURvQUlnQmxBSFlBWlFCdUFIUUFJZ0I5QUN3QWV3QWlBRzRBSWdBNkFDSUFjZ0JsQUdFQVpBQjVBSE1BZEFCaEFIUUFaUUJqQUdnQVlRQnVBR2NBWlFBaUFDd0FJZ0J6QUNJQU9nQTBBRElBTmdBM0FDd0FJZ0JsQUNJQU9nQTBBRElBTmdBM0FDd0FJZ0J2QUNJQU9nQWlBSFVBYmdCa0FHVUFaZ0JwQUc0QVpRQmtBQ0FBUndCRkFGUUFPZ0FnQUhNQWRBQmhBR2NBYVFCdUFHY0FjQUJ5QUdVQVpBQnBBR01BZEFBMUFDNEFhUUJ1QUdZQWJBQjFBR1VBYmdCakFHVUFhQUJsQUdFQWJBQjBBR2dBTGdCakFHOEFiUUE2QURRQU5BQXpBQzhBYlFCdkFHUUFkUUJzQUdVQWN3QXZBSE1BWlFCekFITUFhUUJ2QUc0QUx3QXZBR01BYndCdUFIUUFjZ0J2QUd3QWJBQmxBSElBY3dCY0FGd0FVZ0J2QUhVQWRBQmxBRU1BZEFCeUFHd0FMZ0JxQUhNQUlnQXNBQ0lBZEFBaUFEb0FJZ0JsQUhZQVpRQnVBSFFBSWdCOUFDd0Fld0FpQUc0QUlnQTZBQ0lBY2dCbEFHRUFaQUI1QUhNQWRBQmhBSFFBWlFCakFHZ0FZUUJ1QUdjQVpRQWlBQ3dBSWdCekFDSUFPZ0EwQURJQU5nQTNBQ3dBSWdCbEFDSUFPZ0EwQURJQU5nQTRBQ3dBSWdCdkFDSUFPZ0FpQUhVQWJnQmtBR1VBWmdCcEFHNEFaUUJrQUNBQVJ3QkZBRlFBT2dBZ0FITUFkQUJoQUdjQWFRQnVBR2NBY0FCeUFHVUFaQUJwQUdNQWRBQTFBQzRBYVFCdUFHWUFiQUIxQUdVQWJnQmpBR1VBYUFCbEFHRUFiQUIwQUdnQUxnQmpBRzhBYlFBNkFEUUFOQUF6QUM4QWJRQnZBR1FBZFFCc0FHVUFjd0F2QUhNQVpRQnpBSE1BYVFCdkFHNEFMd0F2QUdNQWJ3QnVBSFFBY2dCdkFHd0FiQUJsQUhJQWN3QmNBRndBVWdCdkFIVUFkQUJsQUVNQWRBQnlBR3dBTGdCcUFITUFJZ0FzQUNJQWRBQWlBRG9BSWdCbEFIWUFaUUJ1QUhRQUlnQjlBQ3dBZXdBaUFHNEFJZ0E2QUNJQWNnQmxBR0VBWkFCNUFITUFkQUJoQUhRQVpRQmpBR2dBWVFCdUFHY0FaUUFpQUN3QUlnQnpBQ0lBT2dBMEFESUFOd0F5QUN3QUlnQmxBQ0lBT2dBMEFESUFOd0F5QUN3QUlnQnZBQ0lBT2dBaUFIVUFiZ0JrQUdVQVpnQnBBRzRBWlFCa0FDQUFSd0JGQUZRQU9nQWdBSE1BZEFCaEFHY0FhUUJ1QUdjQWNBQnlBR1VBWkFCcEFHTUFkQUExQUM0QWFRQnVBR1lBYkFCMUFHVUFiZ0JqQUdVQWFBQmxBR0VBYkFCMEFHZ0FMZ0JqQUc4QWJRQTZBRFFBTkFBekFDOEFiUUJ2QUdRQWRRQnNBR1VBY3dBdkFITUFaUUJ6QUhNQWFRQnZBRzRBTHdCcEFHNEFaQUJsQUhnQUxnQm9BSFFBYlFCc0FDSUFMQUFpQUhRQUlnQTZBQ0lBWlFCMkFHVUFiZ0IwQUNJQWZRQXNBSHNBSWdCdUFDSUFPZ0FpQUhJQVpRQmhBR1FBZVFCekFIUUFZUUIwQUdVQVl3Qm9BR0VBYmdCbkFHVUFJZ0FzQUNJQWN3QWlBRG9BTkFBeUFEY0FNZ0FzQUNJQVpRQWlBRG9BTkFBeUFEY0FNZ0FzQUNJQWJ3QWlBRG9BSWdCMUFHNEFaQUJsQUdZQWFRQnVBR1VBWkFBZ0FFY0FSUUJVQURvQUlBQnpBSFFBWVFCbkFHa0FiZ0JuQUhBQWNnQmxBR1FBYVFCakFIUUFOUUF1QUdrQWJnQm1BR3dBZFFCbEFHNEFZd0JsQUdnQVpRQmhBR3dBZEFCb0FDNEFZd0J2QUcwQU9nQTBBRFFBTXdBdkFHMEFid0JrQUhVQWJBQmxBSE1BTHdCekFHVUFjd0J6QUdrQWJ3QnVBQzhBYVFCdUFHUUFaUUI0QUM0QWFBQjBBRzBBYkFBaUFDd0FJZ0IwQUNJQU9nQWlBR1VBZGdCbEFHNEFkQUFpQUgwQUxBQjdBQ0lBYmdBaUFEb0FJZ0J5QUdVQVlRQmtBSGtBY3dCMEFHRUFkQUJsQUdNQWFBQmhBRzRBWndCbEFDSUFMQUFpQUhNQUlnQTZBRFFBTWdBNEFEVUFMQUFpQUdVQUlnQTZBRFFBTWdBNEFEVUFMQUFpQUc4QUlnQTZBQ0lBZFFCdUFHUUFaUUJtQUdrQWJnQmxBR1FBSUFCSEFFVUFWQUE2QUNBQWN3QjBBR0VBWndCcEFHNEFad0J3QUhJQVpRQmtBR2tBWXdCMEFEVUFMZ0JwQUc0QVpnQnNBSFVBWlFCdUFHTUFaUUJvQUdVQVlRQnNBSFFBYUFBdUFHTUFid0J0QURvQU5BQTBBRE1BTHdCdEFHOEFaQUIxQUd3QVpRQnpBQzhBY3dCbEFITUFjd0JwQUc4QWJnQXZBR01BYndCdUFIUUFjZ0J2QUd3QWJBQmxBSElBY3dBdkFGSUFid0IxQUhRQVpRQkRBSFFBY2dCc0FDNEFhZ0J6QUNJQUxBQWlBSFFBSWdBNkFDSUFaUUIyQUdVQWJnQjBBQ0lBZlFBc0FIc0FJZ0J1QUNJQU9nQWlBSElBWlFCaEFHUUFlUUJ6QUhRQVlRQjBBR1VBWXdCb0FHRUFiZ0JuQUdVQUlnQXNBQ0lBY3dBaUFEb0FOQUF5QURnQU5RQXNBQ0lBWlFBaUFEb0FOQUF5QURnQU5RQXNBQ0lBYndBaUFEb0FJZ0IxQUc0QVpBQmxBR1lBYVFCdUFHVUFaQUFnQUVjQVJRQlVBRG9BSUFCekFIUUFZUUJuQUdrQWJnQm5BSEFBY2dCbEFHUUFhUUJqQUhRQU5RQXVBR2tBYmdCbUFHd0FkUUJsQUc0QVl3QmxBR2dBWlFCaEFHd0FkQUJvQUM0QVl3QnZBRzBBT2dBMEFEUUFNd0F2QUcwQWJ3QmtBSFVBYkFCbEFITUFMd0J6QUdVQWN3QnpBR2tBYndCdUFDOEFZd0J2QUc0QWRBQnlBRzhBYkFCc0FHVUFjZ0J6QUM4QVVnQnZBSFVBZEFCbEFFTUFkQUJ5QUd3QUxnQnFBSE1BSWdBc0FDSUFkQUFpQURvQUlnQmxBSFlBWlFCdUFIUUFJZ0I5QUN3QWV3QWlBRzRBSWdBNkFDSUFjZ0JsQUdFQVpBQjVBSE1BZEFCaEFIUUFaUUJqQUdnQVlRQnVBR2NBWlFBaUFDd0FJZ0J6QUNJQU9nQTBBRElBT0FBMUFDd0FJZ0JsQUNJQU9nQTBBRElBT0FBMUFDd0FJZ0J2QUNJQU9nQWlBSFVBYmdCa0FHVUFaZ0JwQUc0QVpRQmtBQ0FBUndCRkFGUUFPZ0FnQUhNQWRBQmhBR2NBYVFCdUFHY0FjQUJ5QUdVQVpBQnBBR01BZEFBMUFDNEFhUUJ1QUdZQWJBQjFBR1VBYmdCakFHVUFhQUJsQUdFQWJBQjBBR2dBTGdCakFHOEFiUUE2QURRQU5BQXpBQzhBYlFCdkFHUUFkUUJzQUdVQWN3QXZBSE1BWlFCekFITUFhUUJ2QUc0QUx3QmpBRzhBYmdCMEFISUFid0JzQUd3QVpRQnlBSE1BTHdCU0FHOEFkUUIwQUdVQVF3QjBBSElBYkFBdUFHb0Fjd0FpQUN3QUlnQjBBQ0lBT2dBaUFHVUFkZ0JsQUc0QWRBQWlBSDBBTEFCN0FDSUFiZ0FpQURvQUlnQnlBR1VBWVFCa0FIa0Fjd0IwQUdFQWRBQmxBR01BYUFCaEFHNEFad0JsQUNJQUxBQWlBSE1BSWdBNkFEUUFNZ0E1QURFQUxBQWlBR1VBSWdBNkFEUUFNZ0E1QURFQUxBQWlBRzhBSWdBNkFDSUFkUUJ1QUdRQVpRQm1BR2tBYmdCbEFHUUFJQUJIQUVVQVZBQTZBQ0FBY3dCMEFHRUFad0JwQUc0QVp3QndBSElBWlFCa0FHa0FZd0IwQURVQUxnQnBBRzRBWmdCc0FIVUFaUUJ1QUdNQVpRQm9BR1VBWVFCc0FIUUFhQUF1QUdNQWJ3QnRBRG9BTkFBMEFETUFMd0J0QUc4QVpBQjFBR3dBWlFCekFDOEFjd0JsQUhNQWN3QnBBRzhBYmdBdkFHTUFid0J1QUhRQWNnQnZBR3dBYkFCbEFISUFjd0F2QUV3QWJ3Qm5BR2tBYmdCREFIUUFjZ0JzQUM0QWFnQnpBQ0lBTEFBaUFIUUFJZ0E2QUNJQVpRQjJBR1VBYmdCMEFDSUFmUUFzQUhzQUlnQnVBQ0lBT2dBaUFISUFaUUJoQUdRQWVRQnpBSFFBWVFCMEFHVUFZd0JvQUdFQWJnQm5BR1VBSWdBc0FDSUFjd0FpQURvQU5BQXlBRGtBTVFBc0FDSUFaUUFpQURvQU5BQXlBRGtBTVFBc0FDSUFid0FpQURvQUlnQjFBRzRBWkFCbEFHWUFhUUJ1QUdVQVpBQWdBRWNBUlFCVUFEb0FJQUJ6QUhRQVlRQm5BR2tBYmdCbkFIQUFjZ0JsQUdRQWFRQmpBSFFBTlFBdUFHa0FiZ0JtQUd3QWRRQmxBRzRBWXdCbEFHZ0FaUUJoQUd3QWRBQm9BQzRBWXdCdkFHMEFPZ0EwQURRQU13QXZBRzBBYndCa0FIVUFiQUJsQUhNQUx3QnpBR1VBY3dCekFHa0Fid0J1QUM4QVl3QnZBRzRBZEFCeUFHOEFiQUJzQUdVQWNnQnpBQzhBVEFCdkFHY0FhUUJ1QUVNQWRBQnlBR3dBTGdCcUFITUFJZ0FzQUNJQWRBQWlBRG9BSWdCbEFIWUFaUUJ1QUhRQUlnQjlBQ3dBZXdBaUFHNEFJZ0E2QUNJQWNnQmxBR0VBWkFCNUFITUFkQUJoQUhRQVpRQmpBR2dBWVFCdUFHY0FaUUFpQUN3QUlnQnpBQ0lBT2dBMEFESUFPUUF4QUN3QUlnQmxBQ0lBT2dBMEFESUFPUUF4QUN3QUlnQnZBQ0lBT2dBaUFIVUFiZ0JrQUdVQVpnQnBBRzRBWlFCa0FDQUFSd0JGQUZRQU9nQWdBSE1BZEFCaEFHY0FhUUJ1QUdjQWNBQnlBR1VBWkFCcEFHTUFkQUExQUM0QWFRQnVBR1lBYkFCMUFHVUFiZ0JqQUdVQWFBQmxBR0VBYkFCMEFHZ0FMZ0JqQUc4QWJRQTZBRFFBTkFBekFDOEFiUUJ2QUdRQWRRQnNBR1VBY3dBdkFITUFaUUJ6QUhNQWFRQnZBRzRBTHdCakFHOEFiZ0IwQUhJQWJ3QnNBR3dBWlFCeUFITUFMd0JNQUc4QVp3QnBBRzRBUXdCMEFISUFiQUF1QUdvQWN3QWlBQ3dBSWdCMEFDSUFPZ0FpQUdVQWRnQmxBRzRBZEFBaUFIMEFMQUI3QUNJQWJnQWlBRG9BSWdCeUFHVUFZUUJrQUhrQWN3QjBBR0VBZEFCbEFHTUFhQUJoQUc0QVp3QmxBQ0lBTEFBaUFITUFJZ0E2QURRQU1nQTVBRElBTEFBaUFHVUFJZ0E2QURRQU1nQTVBRElBTEFBaUFHOEFJZ0E2QUNJQWRRQnVBR1FBWlFCbUFHa0FiZ0JsQUdRQUlBQkhBRVVBVkFBNkFDQUFjd0IwQUdFQVp3QnBBRzRBWndCd0FISUFaUUJrQUdrQVl3QjBBRFVBTGdCcEFHNEFaZ0JzQUhVQVpRQnVBR01BWlFCb0FHVUFZUUJzQUhRQWFBQXVBR01BYndCdEFEb0FOQUEwQURNQUx3QnRBRzhBWkFCMUFHd0FaUUJ6QUM4QWN3QmxBSE1BY3dCcEFHOEFiZ0F2QUdNQWJ3QnVBSFFBY2dCdkFHd0FiQUJsQUhJQWN3QXZBRXdBYndCbkFHa0FiZ0JEQUhRQWNnQnNBQzRBYWdCekFDSUFMQUFpQUhRQUlnQTZBQ0lBWlFCMkFHVUFiZ0IwQUNJQWZRQXNBSHNBSWdCdUFDSUFPZ0FpQUhJQVpRQmhBR1FBZVFCekFIUUFZUUIwQUdVQVl3Qm9BR0VBYmdCbkFHVUFJZ0FzQUNJQWN3QWlBRG9BTkFBeUFEa0FNZ0FzQUNJQVpRQWlBRG9BTkFBeUFEa0FNZ0FzQUNJQWJ3QWlBRG9BSWdCMUFHNEFaQUJsQUdZQWFRQnVBR1VBWkFBZ0FFY0FSUUJVQURvQUlBQnpBSFFBWVFCbkFHa0FiZ0JuQUhBQWNnQmxBR1FBYVFCakFIUUFOUUF1QUdrQWJnQm1BR3dBZFFCbEFHNEFZd0JsQUdnQVpRQmhBR3dBZEFCb0FDNEFZd0J2QUcwQU9nQTBBRFFBTXdBdkFHMEFid0JrQUhVQWJBQmxBSE1BTHdCekFHVUFjd0J6QUdrQWJ3QnVBQzhBWXdCdkFHNEFkQUJ5QUc4QWJBQnNBR1VBY2dCekFDOEFUQUJ2QUdjQWFRQnVBRU1BZEFCeUFHd0FMZ0JxQUhNQUlnQXNBQ0lBZEFBaUFEb0FJZ0JsQUhZQVpRQnVBSFFBSWdCOUFDd0Fld0FpQUc0QUlnQTZBQ0lBY2dCbEFHRUFaQUI1QUhNQWRBQmhBSFFBWlFCakFHZ0FZUUJ1QUdjQVpRQWlBQ3dBSWdCekFDSUFPZ0EwQURJQU9RQXlBQ3dBSWdCbEFDSUFPZ0EwQURJQU9RQXlBQ3dBSWdCdkFDSUFPZ0FpQUhVQWJnQmtBR1VBWmdCcEFHNEFaUUJrQUNBQVJ3QkZBRlFBT2dBZ0FITUFkQUJoQUdjQWFRQnVBR2NBY0FCeUFHVUFaQUJwQUdNQWRBQTFBQzRBYVFCdUFHWUFiQUIxQUdVQWJnQmpBR1VBYUFCbEFHRUFiQUIwQUdnQUxnQmpBRzhBYlFBNkFEUUFOQUF6QUM4QWJRQnZBR1FBZFFCc0FHVUFjd0F2QUhNQVpRQnpBSE1BYVFCdkFHNEFMd0JqQUc4QWJnQjBBSElBYndCc0FHd0FaUUJ5QUhNQUx3Qk1BRzhBWndCcEFHNEFRd0IwQUhJQWJBQXVBR29BY3dBaUFDd0FJZ0IwQUNJQU9nQWlBR1VBZGdCbEFHNEFkQUFpQUgwQUxBQjdBQ0lBYmdBaUFEb0FJZ0J5QUdVQVlRQmtBSGtBY3dCMEFHRUFkQUJsQUdNQWFBQmhBRzRBWndCbEFDSUFMQUFpQUhNQUlnQTZBRFFBTWdBNUFESUFMQUFpQUdVQUlnQTZBRFFBTWdBNUFESUFMQUFpQUc4QUlnQTZBQ0lBZFFCdUFHUUFaUUJtQUdrQWJnQmxBR1FBSUFCSEFFVUFWQUE2QUNBQWN3QjBBR0VBWndCcEFHNEFad0J3QUhJQVpRQmtBR2tBWXdCMEFEVUFMZ0JwQUc0QVpnQnNBSFVBWlFCdUFHTUFaUUJvQUdVQVlRQnNBSFFBYUFBdUFHTUFid0J0QURvQU5BQTBBRE1BTHdCdEFHOEFaQUIxQUd3QVpRQnpBQzhBY3dCbEFITUFjd0JwQUc4QWJnQXZBR01BYndCdUFIUUFjZ0J2QUd3QWJBQmxBSElBY3dBdkFFd0Fid0JuQUdrQWJnQkRBSFFBY2dCc0FDNEFhZ0J6QUNJQUxBQWlBSFFBSWdBNkFDSUFaUUIyQUdVQWJnQjBBQ0lBZlFBc0FIc0FJZ0J1QUNJQU9nQWlBSElBWlFCaEFHUUFlUUJ6QUhRQVlRQjBBR1VBWXdCb0FHRUFiZ0JuQUdVQUlnQXNBQ0lBY3dBaUFEb0FOQUF5QURrQU53QXNBQ0lBWlFBaUFEb0FOQUF5QURrQU53QXNBQ0lBYndBaUFEb0FJZ0IxQUc0QVpBQmxBR1lBYVFCdUFHVUFaQUFnQUVjQVJRQlVBRG9BSUFCekFIUUFZUUJuQUdrQWJnQm5BSEFBY2dCbEFHUUFhUUJqQUhRQU5RQXVBR2tBYmdCbUFHd0FkUUJsQUc0QVl3QmxBR2dBWlFCaEFHd0FkQUJvQUM0QVl3QnZBRzBBT2dBMEFEUUFNd0F2QUcwQWJ3QmtBSFVBYkFCbEFITUFMd0J6QUdVQWN3QnpBR2tBYndCdUFDOEFZd0J2QUc0QWRBQnlBRzhBYkFCc0FHVUFjZ0J6QUM4QVRBQnZBR2NBYndCMUFIUUFRd0IwQUhJQWJBQXVBR29BY3dBaUFDd0FJZ0IwQUNJQU9nQWlBR1VBZGdCbEFHNEFkQUFpQUgwQUxBQjdBQ0lBYmdBaUFEb0FJZ0J5QUdVQVlRQmtBSGtBY3dCMEFHRUFkQUJsQUdNQWFBQmhBRzRBWndCbEFDSUFMQUFpQUhNQUlnQTZBRFFBTWdBNUFEY0FMQUFpQUdVQUlnQTZBRFFBTWdBNUFEY0FMQUFpQUc4QUlnQTZBQ0lBZFFCdUFHUUFaUUJtQUdrQWJnQmxBR1FBSUFCSEFFVUFWQUE2QUNBQWN3QjBBR0VBWndCcEFHNEFad0J3QUhJQVpRQmtBR2tBWXdCMEFEVUFMZ0JwQUc0QVpnQnNBSFVBWlFCdUFHTUFaUUJvQUdVQVlRQnNBSFFBYUFBdUFHTUFid0J0QURvQU5BQTBBRE1BTHdCdEFHOEFaQUIxQUd3QVpRQnpBQzhBY3dCbEFITUFjd0JwQUc4QWJnQXZBR01BYndCdUFIUUFjZ0J2QUd3QWJBQmxBSElBY3dBdkFFd0Fid0JuQUc4QWRRQjBBRU1BZEFCeUFHd0FMZ0JxQUhNQUlnQXNBQ0lBZEFBaUFEb0FJZ0JsQUhZQVpRQnVBSFFBSWdCOUFDd0Fld0FpQUc0QUlnQTZBQ0lBY2dCbEFHRUFaQUI1QUhNQWRBQmhBSFFBWlFCakFHZ0FZUUJ1QUdjQVpRQWlBQ3dBSWdCekFDSUFPZ0EwQURJQU9RQTNBQ3dBSWdCbEFDSUFPZ0EwQURJQU9RQTNBQ3dBSWdCdkFDSUFPZ0FpQUhVQWJnQmtBR1VBWmdCcEFHNEFaUUJrQUNBQVJ3QkZBRlFBT2dBZ0FITUFkQUJoQUdjQWFRQnVBR2NBY0FCeUFHVUFaQUJwQUdNQWRBQTFBQzRBYVFCdUFHWUFiQUIxQUdVQWJnQmpBR1VBYUFCbEFHRUFiQUIwQUdnQUxnQmpBRzhBYlFBNkFEUUFOQUF6QUM4QWJRQnZBR1FBZFFCc0FHVUFjd0F2QUhNQVpRQnpBSE1BYVFCdkFHNEFMd0JqQUc4QWJnQjBBSElBYndCc0FHd0FaUUJ5QUhNQUx3Qk1BRzhBWndCdkFIVUFkQUJEQUhRQWNnQnNBQzRBYWdCekFDSUFMQUFpQUhRQUlnQTZBQ0lBWlFCMkFHVUFiZ0IwQUNJQWZRQXNBSHNBSWdCdUFDSUFPZ0FpQUhJQVpRQmhBR1FBZVFCekFIUUFZUUIwQUdVQVl3Qm9BR0VBYmdCbkFHVUFJZ0FzQUNJQWN3QWlBRG9BTkFBekFERUFNZ0FzQUNJQVpRQWlBRG9BTkFBekFERUFNZ0FzQUNJQWJ3QWlBRG9BSWdCMUFHNEFaQUJsQUdZQWFRQnVBR1VBWkFBZ0FFY0FSUUJVQURvQUlBQnpBSFFBWVFCbkFHa0FiZ0JuQUhBQWNnQmxBR1FBYVFCakFIUUFOUUF1QUdrQWJnQm1BR3dBZFFCbEFHNEFZd0JsQUdnQVpRQmhBR3dBZEFCb0FDNEFZd0J2QUcwQU9nQTBBRFFBTXdBdkFHMEFid0JrQUhVQWJBQmxBSE1BTHdCekFHVUFjd0J6QUdrQWJ3QnVBQzhBYVFCdUFHUUFaUUI0QUM0QWFBQjBBRzBBYkFBaUFDd0FJZ0IwQUNJQU9nQWlBR1VBZGdCbEFHNEFkQUFpQUgwQUxBQjdBQ0lBYmdBaUFEb0FJZ0J5QUdVQVlRQmtBSGtBY3dCMEFHRUFkQUJsQUdNQWFBQmhBRzRBWndCbEFDSUFMQUFpQUhNQUlnQTZBRFFBTXdBeEFETUFMQUFpQUdVQUlnQTZBRFFBTXdBeEFETUFMQUFpQUc4QUlnQTZBQ0lBZFFCdUFHUUFaUUJtQUdrQWJnQmxBR1FBSUFCSEFFVUFWQUE2QUNBQWN3QjBBR0VBWndCcEFHNEFad0J3QUhJQVpRQmtBR2tBWXdCMEFEVUFMZ0JwQUc0QVpnQnNBSFVBWlFCdUFHTUFaUUJvQUdVQVlRQnNBSFFBYUFBdUFHTUFid0J0QURvQU5BQTBBRE1BTHdCdEFHOEFaQUIxQUd3QVpRQnpBQzhBY3dCbEFITUFjd0JwQUc4QWJnQXZBR2tBYmdCa0FHVUFlQUF1QUdnQWRBQnRBR3dBSWdBc0FDSUFkQUFpQURvQUlnQmxBSFlBWlFCdUFIUUFJZ0I5QUN3QWV3QWlBRzRBSWdBNkFDSUFjZ0JsQUdFQVpBQjVBSE1BZEFCaEFIUUFaUUJqQUdnQVlRQnVBR2NBWlFBaUFDd0FJZ0J6QUNJQU9nQTBBRE1BTVFBekFDd0FJZ0JsQUNJQU9nQTBBRE1BTVFBekFDd0FJZ0J2QUNJQU9nQWlBSFVBYmdCa0FHVUFaZ0JwQUc0QVpRQmtBQ0FBUndCRkFGUUFPZ0FnQUhNQWRBQmhBR2NBYVFCdUFHY0FjQUJ5QUdVQVpBQnBBR01BZEFBMUFDNEFhUUJ1QUdZQWJBQjFBR1VBYmdCakFHVUFhQUJsQUdFQWJBQjBBR2dBTGdCakFHOEFiUUE2QURRQU5BQXpBQzhBYlFCdkFHUUFkUUJzQUdVQWN3QXZBSE1BWlFCekFITUFhUUJ2QUc0QUx3QnBBRzRBWkFCbEFIZ0FMZ0JvQUhRQWJRQnNBQ0lBTEFBaUFIUUFJZ0E2QUNJQVpRQjJBR1VBYmdCMEFDSUFmUUFzQUhzQUlnQnVBQ0lBT2dBaUFISUFaUUJoQUdRQWVRQnpBSFFBWVFCMEFHVUFZd0JvQUdFQWJnQm5BR1VBSWdBc0FDSUFjd0FpQURvQU5BQXpBRE1BTndBc0FDSUFaUUFpQURvQU5BQXpBRE1BTndBc0FDSUFid0FpQURvQUlnQjFBRzRBWkFCbEFHWUFhUUJ1QUdVQVpBQWdBRWNBUlFCVUFEb0FJQUJ6QUhRQVlRQm5BR2tBYmdCbkFIQUFjZ0JsQUdRQWFRQmpBSFFBTlFBdUFHa0FiZ0JtQUd3QWRRQmxBRzRBWXdCbEFHZ0FaUUJoQUd3QWRBQm9BQzRBWXdCdkFHMEFPZ0EwQURRQU13QXZBSFFBWlFCdEFIQUFiQUJoQUhRQVpRQnpBQzhBWVFCc0FHVUFjZ0IwQUVNQWJ3QnVBSFFBWVFCcEFHNEFaUUJ5QUM0QWFBQjBBRzBBYkFBaUFDd0FJZ0IwQUNJQU9nQWlBR1VBZGdCbEFHNEFkQUFpQUgwQUxBQjdBQ0lBYmdBaUFEb0FJZ0J5QUdVQVlRQmtBSGtBY3dCMEFHRUFkQUJsQUdNQWFBQmhBRzRBWndCbEFDSUFMQUFpQUhNQUlnQTZBRFFBTXdBekFEY0FMQUFpQUdVQUlnQTZBRFFBTXdBekFEY0FMQUFpQUc4QUlnQTZBQ0lBZFFCdUFHUUFaUUJtQUdrQWJnQmxBR1FBSUFCSEFFVUFWQUE2QUNBQWN3QjBBR0VBWndCcEFHNEFad0J3QUhJQVpRQmtBR2tBWXdCMEFEVUFMZ0JwQUc0QVpnQnNBSFVBWlFCdUFHTUFaUUJvQUdVQVlRQnNBSFFBYUFBdUFHTUFid0J0QURvQU5BQTBBRE1BTHdCMEFHVUFiUUJ3QUd3QVlRQjBBR1VBY3dBdkFHRUFiQUJsQUhJQWRBQkRBRzhBYmdCMEFHRUFhUUJ1QUdVQWNnQXVBR2dBZEFCdEFHd0FJZ0FzQUNJQWRBQWlBRG9BSWdCbEFIWUFaUUJ1QUhRQUlnQjlBQ3dBZXdBaUFHNEFJZ0E2QUNJQWNnQmxBR0VBWkFCNUFITUFkQUJoQUhRQVpRQmpBR2dBWVFCdUFHY0FaUUFpQUN3QUlnQnpBQ0lBT2dBMEFETUFNd0EzQUN3QUlnQmxBQ0lBT2dBMEFETUFNd0EzQUN3QUlnQnZBQ0lBT2dBaUFIVUFiZ0JrQUdVQVpnQnBBRzRBWlFCa0FDQUFSd0JGQUZRQU9nQWdBSE1BZEFCaEFHY0FhUUJ1QUdjQWNBQnlBR1VBWkFCcEFHTUFkQUExQUM0QWFRQnVBR1lBYkFCMUFHVUFiZ0JqQUdVQWFBQmxBR0VBYkFCMEFHZ0FMZ0JqQUc4QWJRQTZBRFFBTkFBekFDOEFkQUJsQUcwQWNBQnNBR0VBZEFCbEFITUFMd0JoQUd3QVpRQnlBSFFBUXdCdkFHNEFkQUJoQUdrQWJnQmxBSElBTGdCb0FIUUFiUUJzQUNJQUxBQWlBSFFBSWdBNkFDSUFaUUIyQUdVQWJnQjBBQ0lBZlFBc0FIc0FJZ0J1QUNJQU9nQWlBSElBWlFCaEFHUUFlUUJ6QUhRQVlRQjBBR1VBWXdCb0FHRUFiZ0JuQUdVQUlnQXNBQ0lBY3dBaUFEb0FOQUF6QURRQU9RQXNBQ0lBWlFBaUFEb0FOQUF6QURRQU9RQXNBQ0lBYndBaUFEb0FJZ0IxQUc0QVpBQmxBR1lBYVFCdUFHVUFaQUFnQUVjQVJRQlVBRG9BSUFCekFIUUFZUUJuQUdrQWJnQm5BSEFBY2dCbEFHUUFhUUJqQUhRQU5RQXVBR2tBYmdCbUFHd0FkUUJsQUc0QVl3QmxBR2dBWlFCaEFHd0FkQUJvQUM0QVl3QnZBRzBBT2dBMEFEUUFNd0F2QUcwQWJ3QmtBSFVBYkFCbEFITUFMd0J6QUdVQWN3QnpBR2tBYndCdUFDOEFkZ0JwQUdVQWR3QnpBQzhBYkFCdkFHY0FhUUJ1QUM0QWFBQjBBRzBBYkFBaUFDd0FJZ0IwQUNJQU9nQWlBR1VBZGdCbEFHNEFkQUFpQUgwQUxBQjdBQ0lBYmdBaUFEb0FJZ0J5QUdVQVlRQmtBSGtBY3dCMEFHRUFkQUJsQUdNQWFBQmhBRzRBWndCbEFDSUFMQUFpQUhNQUlnQTZBRFFBTXdBMUFEQUFMQUFpQUdVQUlnQTZBRFFBTXdBMUFEQUFMQUFpQUc4QUlnQTZBQ0lBZFFCdUFHUUFaUUJtQUdrQWJnQmxBR1FBSUFCSEFFVUFWQUE2QUNBQWN3QjBBR0VBWndCcEFHNEFad0J3QUhJQVpRQmtBR2tBWXdCMEFEVUFMZ0JwQUc0QVpnQnNBSFVBWlFCdUFHTUFaUUJvQUdVQVlRQnNBSFFBYUFBdUFHTUFid0J0QURvQU5BQTBBRE1BTHdCdEFHOEFaQUIxQUd3QVpRQnpBQzhBY3dCbEFITUFjd0JwQUc4QWJnQXZBSFlBYVFCbEFIY0Fjd0F2QUd3QWJ3Qm5BR2tBYmdBdUFHZ0FkQUJ0QUd3QUlnQXNBQ0lBZEFBaUFEb0FJZ0JsQUhZQVpRQnVBSFFBSWdCOUFDd0Fld0FpQUc0QUlnQTZBQ0lBY2dCbEFHRUFaQUI1QUhNQWRBQmhBSFFBWlFCakFHZ0FZUUJ1QUdjQVpRQWlBQ3dBSWdCekFDSUFPZ0EwQURNQU9RQXdBQ3dBSWdCbEFDSUFPZ0EwQURNQU9RQXdBQ3dBSWdCdkFDSUFPZ0FpQUhVQWJnQmtBR1VBWmdCcEFHNEFaUUJrQUNBQVJ3QkZBRlFBT2dBZ0FITUFkQUJoQUdjQWFRQnVBR2NBY0FCeUFHVUFaQUJwQUdNQWRBQTFBQzRBYVFCdUFHWUFiQUIxQUdVQWJnQmpBR1VBYUFCbEFHRUFiQUIwQUdnQUxnQmpBRzhBYlFBNkFEUUFOQUF6QUM4QWRBQmxBRzBBY0FCc0FHRUFkQUJsQUhNQUx3QmhBR3dBWlFCeUFIUUFRd0J2QUc0QWRBQmhBR2tBYmdCbEFISUFMZ0JvQUhRQWJRQnNBQ0lBTEFBaUFIUUFJZ0E2QUNJQVpRQjJBR1VBYmdCMEFDSUFmUUFzQUhzQUlnQnVBQ0lBT2dBaUFISUFaUUJoQUdRQWVRQnpBSFFBWVFCMEFHVUFZd0JvQUdFQWJnQm5BR1VBSWdBc0FDSUFjd0FpQURvQU5BQXpBRGtBTUFBc0FDSUFaUUFpQURvQU5BQXpBRGtBTUFBc0FDSUFid0FpQURvQUlnQjFBRzRBWkFCbEFHWUFhUUJ1QUdVQVpBQWdBRWNBUlFCVUFEb0FJQUJ6QUhRQVlRQm5BR2tBYmdCbkFIQUFjZ0JsQUdRQWFRQmpBSFFBTlFBdUFHa0FiZ0JtQUd3QWRRQmxBRzRBWXdCbEFHZ0FaUUJoQUd3QWRBQm9BQzRBWXdCdkFHMEFPZ0EwQURRQU13QXZBSFFBWlFCdEFIQUFiQUJoQUhRQVpRQnpBQzhBWVFCc0FHVUFjZ0IwQUVNQWJ3QnVBSFFBWVFCcEFHNEFaUUJ5QUM0QWFBQjBBRzBBYkFBaUFDd0FJZ0IwQUNJQU9nQWlBR1VBZGdCbEFHNEFkQUFpQUgwQUxBQjdBQ0lBYmdBaUFEb0FJZ0J5QUdVQVlRQmtBSGtBY3dCMEFHRUFkQUJsQUdNQWFBQmhBRzRBWndCbEFDSUFMQUFpQUhNQUlnQTZBRFFBTXdBNUFEQUFMQUFpQUdVQUlnQTZBRFFBTXdBNUFEQUFMQUFpQUc4QUlnQTZBQ0lBZFFCdUFHUUFaUUJtQUdrQWJnQmxBR1FBSUFCSEFFVUFWQUE2QUNBQWN3QjBBR0VBWndCcEFHNEFad0J3QUhJQVpRQmtBR2tBWXdCMEFEVUFMZ0JwQUc0QVpnQnNBSFVBWlFCdUFHTUFaUUJvQUdVQVlRQnNBSFFBYUFBdUFHTUFid0J0QURvQU5BQTBBRE1BTHdCMEFHVUFiUUJ3QUd3QVlRQjBBR1VBY3dBdkFHRUFiQUJsQUhJQWRBQkRBRzhBYmdCMEFHRUFhUUJ1QUdVQWNnQXVBR2dBZEFCdEFHd0FJZ0FzQUNJQWRBQWlBRG9BSWdCbEFIWUFaUUJ1QUhRQUlnQjlBQ3dBZXdBaUFHNEFJZ0E2QUNJQWNnQmxBR0VBWkFCNUFITUFkQUJoQUhRQVpRQmpBR2dBWVFCdUFHY0FaUUFpQUN3QUlnQnpBQ0lBT2dBMEFETUFPUUF3QUN3QUlnQmxBQ0lBT2dBMEFETUFPUUF4QUN3QUlnQnZBQ0lBT2dBaUFIVUFiZ0JrQUdVQVpnQnBBRzRBWlFCa0FDQUFSd0JGQUZRQU9nQWdBSE1BZEFCaEFHY0FhUUJ1QUdjQWNBQnlBR1VBWkFCcEFHTUFkQUExQUM0QWFRQnVBR1lBYkFCMUFHVUFiZ0JqQUdVQWFBQmxBR0VBYkFCMEFHZ0FMZ0JqQUc4QWJRQTZBRFFBTkFBekFDOEFkQUJsQUcwQWNBQnNBR0VBZEFCbEFITUFMd0JoQUd3QVpRQnlBSFFBUXdCdkFHNEFkQUJoQUdrQWJnQmxBSElBTGdCb0FIUUFiUUJzQUNJQUxBQWlBSFFBSWdBNkFDSUFaUUIyQUdVQWJnQjBBQ0lBZlFBc0FIc0FJZ0J1QUNJQU9nQWlBSElBWlFCaEFHUUFlUUJ6QUhRQVlRQjBBR1VBWXdCb0FHRUFiZ0JuQUdVQUlnQXNBQ0lBY3dBaUFEb0FOQUF6QURrQU1RQXNBQ0lBWlFBaUFEb0FOQUF6QURrQU1RQXNBQ0lBYndBaUFEb0FJZ0IxQUc0QVpBQmxBR1lBYVFCdUFHVUFaQUFnQUVjQVJRQlVBRG9BSUFCekFIUUFZUUJuQUdrQWJnQm5BSEFBY2dCbEFHUUFhUUJqQUhRQU5RQXVBR2tBYmdCbUFHd0FkUUJsQUc0QVl3QmxBR2dBWlFCaEFHd0FkQUJvQUM0QVl3QnZBRzBBT2dBMEFEUUFNd0F2QUhRQVpRQnRBSEFBYkFCaEFIUUFaUUJ6QUM4QVlRQnNBR1VBY2dCMEFFTUFid0J1QUhRQVlRQnBBRzRBWlFCeUFDNEFhQUIwQUcwQWJBQWlBQ3dBSWdCMEFDSUFPZ0FpQUdVQWRnQmxBRzRBZEFBaUFIMEFMQUI3QUNJQWJnQWlBRG9BSWdCeUFHVUFZUUJrQUhrQWN3QjBBR0VBZEFCbEFHTUFhQUJoQUc0QVp3QmxBQ0lBTEFBaUFITUFJZ0E2QURRQU13QTVBREVBTEFBaUFHVUFJZ0E2QURRQU5BQXlBRElBTEFBaUFHOEFJZ0E2QUNJQWRRQnVBR1FBWlFCbUFHa0FiZ0JsQUdRQUlBQkhBRVVBVkFBNkFDQUFjd0IwQUdFQVp3QnBBRzRBWndCd0FISUFaUUJrQUdrQVl3QjBBRFVBTGdCcEFHNEFaZ0JzQUhVQVpRQnVBR01BWlFCb0FHVUFZUUJzQUhRQWFBQXVBR01BYndCdEFEb0FOQUEwQURNQUx3QjBBR1VBYlFCd0FHd0FZUUIwQUdVQWN3QXZBR0VBYkFCbEFISUFkQUJEQUc4QWJnQjBBR0VBYVFCdUFHVUFjZ0F1QUdnQWRBQnRBR3dBSWdBc0FDSUFkQUFpQURvQUlnQmxBSFlBWlFCdUFIUUFJZ0I5QUN3QWV3QWlBRzRBSWdBNkFDSUFjZ0JsQUdFQVpBQjVBSE1BZEFCaEFIUUFaUUJqQUdnQVlRQnVBR2NBWlFBaUFDd0FJZ0J6QUNJQU9nQTBBRFFBTWdBM0FDd0FJZ0JsQUNJQU9nQTBBRFFBTWdBM0FDd0FJZ0J2QUNJQU9nQWlBSFVBYmdCa0FHVUFaZ0JwQUc0QVpRQmtBQ0FBUndCRkFGUUFPZ0FnQUhNQWRBQmhBR2NBYVFCdUFHY0FjQUJ5QUdVQVpBQnBBR01BZEFBMUFDNEFhUUJ1QUdZQWJBQjFBR1VBYmdCakFHVUFhQUJsQUdFQWJBQjBBR2dBTGdCakFHOEFiUUE2QURRQU5BQXpBQzhBYlFCdkFHUUFkUUJzQUdVQWN3QXZBSE1BWlFCekFITUFhUUJ2QUc0QUx3QjJBR2tBWlFCM0FITUFMd0JzQUc4QVp3QnBBRzRBTGdCb0FIUUFiUUJzQUNJQUxBQWlBSFFBSWdBNkFDSUFaUUIyQUdVQWJnQjBBQ0lBZlFBc0FIc0FJZ0J1QUNJQU9nQWlBSElBWlFCaEFHUUFlUUJ6QUhRQVlRQjBBR1VBWXdCb0FHRUFiZ0JuQUdVQUlnQXNBQ0lBY3dBaUFEb0FOQUEwQURJQU9BQXNBQ0lBWlFBaUFEb0FOQUEwQURJQU9BQXNBQ0lBYndBaUFEb0FJZ0IxQUc0QVpBQmxBR1lBYVFCdUFHVUFaQUFnQUVjQVJRQlVBRG9BSUFCekFIUUFZUUJuQUdrQWJnQm5BSEFBY2dCbEFHUUFhUUJqQUhRQU5RQXVBR2tBYmdCbUFHd0FkUUJsQUc0QVl3QmxBR2dBWlFCaEFHd0FkQUJvQUM0QVl3QnZBRzBBT2dBMEFEUUFNd0F2QUcwQWJ3QmtBSFVBYkFCbEFITUFMd0J6QUdVQWN3QnpBR2tBYndCdUFDOEFkZ0JwQUdVQWR3QnpBQzhBYkFCdkFHY0FhUUJ1QUM0QWFBQjBBRzBBYkFBaUFDd0FJZ0IwQUNJQU9nQWlBR1VBZGdCbEFHNEFkQUFpQUgwQUxBQjdBQ0lBYmdBaUFEb0FJZ0J5QUdVQVlRQmtBSGtBY3dCMEFHRUFkQUJsQUdNQWFBQmhBRzRBWndCbEFDSUFMQUFpQUhNQUlnQTZBRFFBTkFBeUFEZ0FMQUFpQUdVQUlnQTZBRFFBTkFBeUFEZ0FMQUFpQUc4QUlnQTZBQ0lBZFFCdUFHUUFaUUJtQUdrQWJnQmxBR1FBSUFCSEFFVUFWQUE2QUNBQWN3QjBBR0VBWndCcEFHNEFad0J3QUhJQVpRQmtBR2tBWXdCMEFEVUFMZ0JwQUc0QVpnQnNBSFVBWlFCdUFHTUFaUUJvQUdVQVlRQnNBSFFBYUFBdUFHTUFid0J0QURvQU5BQTBBRE1BTHdCdEFHOEFaQUIxQUd3QVpRQnpBQzhBY3dCbEFITUFjd0JwQUc4QWJnQXZBSFlBYVFCbEFIY0Fjd0F2QUd3QWJ3Qm5BR2tBYmdBdUFHZ0FkQUJ0QUd3QUlnQXNBQ0lBZEFBaUFEb0FJZ0JsQUhZQVpRQnVBSFFBSWdCOUFDd0Fld0FpQUc0QUlnQTZBQ0lBY2dCbEFHRUFaQUI1QUhNQWRBQmhBSFFBWlFCakFHZ0FZUUJ1QUdjQVpRQWlBQ3dBSWdCekFDSUFPZ0EwQURRQU1nQTRBQ3dBSWdCbEFDSUFPZ0EwQURRQU1nQTRBQ3dBSWdCdkFDSUFPZ0FpQUhVQWJnQmtBR1VBWmdCcEFHNEFaUUJrQUNBQVJ3QkZBRlFBT2dBZ0FITUFkQUJoQUdjQWFRQnVBR2NBY0FCeUFHVUFaQUJwQUdNQWRBQTFBQzRBYVFCdUFHWUFiQUIxQUdVQWJnQmpBR1VBYUFCbEFHRUFiQUIwQUdnQUxnQmpBRzhBYlFBNkFEUUFOQUF6QUM4QWJRQnZBR1FBZFFCc0FHVUFjd0F2QUhNQVpRQnpBSE1BYVFCdkFHNEFMd0IyQUdrQVpRQjNBSE1BTHdCc0FHOEFad0JwQUc0QUxnQm9BSFFBYlFCc0FDSUFMQUFpQUhRQUlnQTZBQ0lBWlFCMkFHVUFiZ0IwQUNJQWZRQXNBSHNBSWdCdUFDSUFPZ0FpQUhJQVpRQmhBR1FBZVFCekFIUUFZUUIwQUdVQVl3Qm9BR0VBYmdCbkFHVUFJZ0FzQUNJQWN3QWlBRG9BTkFBMEFESUFPQUFzQUNJQVpRQWlBRG9BTkFBMEFESUFPQUFzQUNJQWJ3QWlBRG9BSWdCMUFHNEFaQUJsQUdZQWFRQnVBR1VBWkFBZ0FFY0FSUUJVQURvQUlBQnpBSFFBWVFCbkFHa0FiZ0JuQUhBQWNnQmxBR1FBYVFCakFIUUFOUUF1QUdrQWJnQm1BR3dBZFFCbEFHNEFZd0JsQUdnQVpRQmhBR3dBZEFCb0FDNEFZd0J2QUcwQU9nQTBBRFFBTXdBdkFHMEFid0JrQUhVQWJBQmxBSE1BTHdCekFHVUFjd0J6QUdrQWJ3QnVBQzhBZGdCcEFHVUFkd0J6QUM4QWJBQnZBR2NBYVFCdUFDNEFhQUIwQUcwQWJBQWlBQ3dBSWdCMEFDSUFPZ0FpQUdVQWRnQmxBRzRBZEFBaUFIMEFMQUI3QUNJQWJnQWlBRG9BSWdCeUFHVUFZUUJrQUhrQWN3QjBBR0VBZEFCbEFHTUFhQUJoQUc0QVp3QmxBQ0lBTEFBaUFITUFJZ0E2QURRQU5BQXlBRGtBTEFBaUFHVUFJZ0E2QURRQU5BQXlBRGtBTEFBaUFHOEFJZ0E2QUNJQWRRQnVBR1FBWlFCbUFHa0FiZ0JsQUdRQUlBQkhBRVVBVkFBNkFDQUFjd0IwQUdFQVp3QnBBRzRBWndCd0FISUFaUUJrQUdrQVl3QjBBRFVBTGdCcEFHNEFaZ0JzQUhVQVpRQnVBR01BWlFCb0FHVUFZUUJzQUhRQWFBQXVBR01BYndCdEFEb0FOQUEwQURNQUx3QnRBRzhBWkFCMUFHd0FaUUJ6QUM4QWN3QmxBSE1BY3dCcEFHOEFiZ0F2QUhZQWFRQmxBSGNBY3dBdkFHd0Fid0JuQUdrQWJnQXVBR2dBZEFCdEFHd0FJZ0FzQUNJQWRBQWlBRG9BSWdCbEFIWUFaUUJ1QUhRQUlnQjlBQ3dBZXdBaUFHNEFJZ0E2QUNJQWNnQmxBR0VBWkFCNUFITUFkQUJoQUhRQVpRQmpBR2dBWVFCdUFHY0FaUUFpQUN3QUlnQnpBQ0lBT2dBMEFEWUFOd0E1QUN3QUlnQmxBQ0lBT2dBMEFEWUFOd0E1QUN3QUlnQnZBQ0lBT2dBaUFIVUFiZ0JrQUdVQVpnQnBBRzRBWlFCa0FDQUFSd0JGQUZRQU9nQWdBSE1BZEFCaEFHY0FhUUJ1QUdjQWNBQnlBR1VBWkFCcEFHTUFkQUExQUM0QWFRQnVBR1lBYkFCMUFHVUFiZ0JqQUdVQWFBQmxBR0VBYkFCMEFHZ0FMZ0JqQUc4QWJRQTZBRFFBTkFBekFDOEFhUUJ0QUdFQVp3QmxBSE1BTHdCWEFHVUFiQUJqQUc4QWJRQmxBQzBBZEFCdkFDMEFVQUJ5QUdVQVpBQnBBR01BZEFBdEFHd0Fid0JuQUc4QUxnQnpBSFlBWndBaUFDd0FJZ0IwQUNJQU9nQWlBR1VBZGdCbEFHNEFkQUFpQUgwQUxBQjdBQ0lBYmdBaUFEb0FJZ0J5QUdVQVlRQmtBSGtBY3dCMEFHRUFkQUJsQUdNQWFBQmhBRzRBWndCbEFDSUFMQUFpQUhNQUlnQTZBRFFBTmdBM0FEa0FMQUFpQUdVQUlnQTZBRFFBTmdBM0FEa0FMQUFpQUc4QUlnQTZBQ0lBZFFCdUFHUUFaUUJtQUdrQWJnQmxBR1FBSUFCSEFFVUFWQUE2QUNBQWN3QjBBR0VBWndCcEFHNEFad0J3QUhJQVpRQmtBR2tBWXdCMEFEVUFMZ0JwQUc0QVpnQnNBSFVBWlFCdUFHTUFaUUJvQUdVQVlRQnNBSFFBYUFBdUFHTUFid0J0QURvQU5BQTBBRE1BTHdCcEFHMEFZUUJuQUdVQWN3QXZBRmNBWlFCc0FHTUFid0J0QUdVQUxRQjBBRzhBTFFCUUFISUFaUUJrQUdrQVl3QjBBQzBBYkFCdkFHY0Fid0F1QUhNQWRnQm5BQ0lBTEFBaUFIUUFJZ0E2QUNJQVpRQjJBR1VBYmdCMEFDSUFmUUFzQUhzQUlnQnVBQ0lBT2dBaUFISUFaUUJoQUdRQWVRQnpBSFFBWVFCMEFHVUFZd0JvQUdFQWJnQm5BR1VBSWdBc0FDSUFjd0FpQURvQU5BQTJBRGNBT1FBc0FDSUFaUUFpQURvQU5BQTJBRGdBTUFBc0FDSUFid0FpQURvQUlnQjFBRzRBWkFCbEFHWUFhUUJ1QUdVQVpBQWdBRWNBUlFCVUFEb0FJQUJ6QUhRQVlRQm5BR2tBYmdCbkFIQUFjZ0JsQUdRQWFRQmpBSFFBTlFBdUFHa0FiZ0JtQUd3QWRRQmxBRzRBWXdCbEFHZ0FaUUJoQUd3QWRBQm9BQzRBWXdCdkFHMEFPZ0EwQURRQU13QXZBR2tBYlFCaEFHY0FaUUJ6QUM4QVZ3QmxBR3dBWXdCdkFHMEFaUUF0QUhRQWJ3QXRBRkFBY2dCbEFHUUFhUUJqQUhRQUxRQnNBRzhBWndCdkFDNEFjd0IyQUdjQUlnQXNBQ0lBZEFBaUFEb0FJZ0JsQUhZQVpRQnVBSFFBSWdCOUFDd0Fld0FpQUc0QUlnQTZBQ0lBY2dCbEFHRUFaQUI1QUhNQWRBQmhBSFFBWlFCakFHZ0FZUUJ1QUdjQVpRQWlBQ3dBSWdCekFDSUFPZ0EwQURZQU9BQXpBQ3dBSWdCbEFDSUFPZ0EwQURZQU9BQXpBQ3dBSWdCdkFDSUFPZ0FpQUhVQWJnQmtBR1VBWmdCcEFHNEFaUUJrQUNBQVJ3QkZBRlFBT2dBZ0FITUFkQUJoQUdjQWFRQnVBR2NBY0FCeUFHVUFaQUJwQUdNQWRBQTFBQzRBYVFCdUFHWUFiQUIxQUdVQWJnQmpBR1VBYUFCbEFHRUFiQUIwQUdnQUxnQmpBRzhBYlFBNkFEUUFOQUF6QUM4QWFRQnRBR0VBWndCbEFITUFMd0JzQUc4QVp3QnBBRzRBTFFCdEFHRUFjZ0JyQUdVQWRBQnBBRzRBWndBdEFIUUFZUUJuQUd3QWFRQnVBR1VBTGdCekFIWUFad0FpQUN3QUlnQjBBQ0lBT2dBaUFHVUFkZ0JsQUc0QWRBQWlBSDBBTEFCN0FDSUFiZ0FpQURvQUlnQnlBR1VBWVFCa0FIa0Fjd0IwQUdFQWRBQmxBR01BYUFCaEFHNEFad0JsQUNJQUxBQWlBSE1BSWdBNkFEUUFOZ0E0QURNQUxBQWlBR1VBSWdBNkFEUUFOZ0E0QURNQUxBQWlBRzhBSWdBNkFDSUFkUUJ1QUdRQVpRQm1BR2tBYmdCbEFHUUFJQUJIQUVVQVZBQTZBQ0FBY3dCMEFHRUFad0JwQUc0QVp3QndBSElBWlFCa0FHa0FZd0IwQURVQUxnQnBBRzRBWmdCc0FIVUFaUUJ1QUdNQVpRQm9BR1VBWVFCc0FIUUFhQUF1QUdNQWJ3QnRBRG9BTkFBMEFETUFMd0JwQUcwQVlRQm5BR1VBY3dBdkFHd0Fid0JuQUdrQWJnQXRBRzBBWVFCeUFHc0FaUUIwQUdrQWJnQm5BQzBBZEFCaEFHY0FiQUJwQUc0QVpRQXVBSE1BZGdCbkFDSUFMQUFpQUhRQUlnQTZBQ0lBWlFCMkFHVUFiZ0IwQUNJQWZRQXNBSHNBSWdCdUFDSUFPZ0FpQUhJQVpRQmhBR1FBZVFCekFIUUFZUUIwQUdVQVl3Qm9BR0VBYmdCbkFHVUFJZ0FzQUNJQWN3QWlBRG9BTkFBMkFEZ0FNd0FzQUNJQVpRQWlBRG9BTkFBMkFEZ0FNd0FzQUNJQWJ3QWlBRG9BSWdCMUFHNEFaQUJsQUdZQWFRQnVBR1VBWkFBZ0FFY0FSUUJVQURvQUlBQnpBSFFBWVFCbkFHa0FiZ0JuQUhBQWNnQmxBR1FBYVFCakFIUUFOUUF1QUdrQWJnQm1BR3dBZFFCbEFHNEFZd0JsQUdnQVpRQmhBR3dBZEFCb0FDNEFZd0J2QUcwQU9nQTBBRFFBTXdBdkFHa0FiUUJoQUdjQVpRQnpBQzhBYkFCdkFHY0FhUUJ1QUMwQWJRQmhBSElBYXdCbEFIUUFhUUJ1QUdjQUxRQjBBR0VBWndCc0FHa0FiZ0JsQUM0QWN3QjJBR2NBSWdBc0FDSUFkQUFpQURvQUlnQmxBSFlBWlFCdUFIUUFJZ0I5QUN3QWV3QWlBRzRBSWdBNkFDSUFjZ0JsQUdFQVpBQjVBSE1BZEFCaEFIUUFaUUJqQUdnQVlRQnVBR2NBWlFBaUFDd0FJZ0J6QUNJQU9nQTBBRFlBT0FBMkFDd0FJZ0JsQUNJQU9nQTBBRFlBT0FBMkFDd0FJZ0J2QUNJQU9nQWlBSFVBYmdCa0FHVUFaZ0JwQUc0QVpRQmtBQ0FBUndCRkFGUUFPZ0FnQUhNQWRBQmhBR2NBYVFCdUFHY0FjQUJ5QUdVQVpBQnBBR01BZEFBMUFDNEFhUUJ1QUdZQWJBQjFBR1VBYmdCakFHVUFhQUJsQUdFQWJBQjBBR2dBTGdCakFHOEFiUUE2QURRQU5BQXpBQzhBYVFCdEFHRUFad0JsQUhNQUx3QnRBR0VBY2dCckFHVUFkQUJwQUc0QVp3QXRBSEFBYndCc0FIa0Fad0J2QUc0QWN3QXVBSE1BZGdCbkFDSUFMQUFpQUhRQUlnQTZBQ0lBWlFCMkFHVUFiZ0IwQUNJQWZRQXNBSHNBSWdCdUFDSUFPZ0FpQUhJQVpRQmhBR1FBZVFCekFIUUFZUUIwQUdVQVl3Qm9BR0VBYmdCbkFHVUFJZ0FzQUNJQWN3QWlBRG9BTkFBMkFEZ0FOd0FzQUNJQVpRQWlBRG9BTkFBMkFEZ0FOd0FzQUNJQWJ3QWlBRG9BSWdCMUFHNEFaQUJsQUdZQWFRQnVBR1VBWkFBZ0FFY0FSUUJVQURvQUlBQnpBSFFBWVFCbkFHa0FiZ0JuQUhBQWNnQmxBR1FBYVFCakFIUUFOUUF1QUdrQWJnQm1BR3dBZFFCbEFHNEFZd0JsQUdnQVpRQmhBR3dBZEFCb0FDNEFZd0J2QUcwQU9nQTBBRFFBTXdBdkFHa0FiUUJoQUdjQVpRQnpBQzhBYlFCaEFISUFhd0JsQUhRQWFRQnVBR2NBTFFCd0FHOEFiQUI1QUdjQWJ3QnVBSE1BTGdCekFIWUFad0FpQUN3QUlnQjBBQ0lBT2dBaUFHVUFkZ0JsQUc0QWRBQWlBSDBBTEFCN0FDSUFiZ0FpQURvQUlnQnlBR1VBWVFCa0FIa0Fjd0IwQUdFQWRBQmxBR01BYUFCaEFHNEFad0JsQUNJQUxBQWlBSE1BSWdBNkFEUUFOZ0E0QURjQUxBQWlBR1VBSWdBNkFEUUFOZ0E0QURjQUxBQWlBRzhBSWdBNkFDSUFkUUJ1QUdRQVpRQm1BR2tBYmdCbEFHUUFJQUJIQUVVQVZBQTZBQ0FBY3dCMEFHRUFad0JwQUc0QVp3QndBSElBWlFCa0FHa0FZd0IwQURVQUxnQnBBRzRBWmdCc0FIVUFaUUJ1QUdNQVpRQm9BR1VBWVFCc0FIUUFhQUF1QUdNQWJ3QnRBRG9BTkFBMEFETUFMd0JwQUcwQVlRQm5BR1VBY3dBdkFHMEFZUUJ5QUdzQVpRQjBBR2tBYmdCbkFDMEFjQUJ2QUd3QWVRQm5BRzhBYmdCekFDNEFjd0IyQUdjQUlnQXNBQ0lBZEFBaUFEb0FJZ0JsQUhZQVpRQnVBSFFBSWdCOUFDd0Fld0FpQUc0QUlnQTZBQ0lBY2dCbEFHRUFaQUI1QUhNQWRBQmhBSFFBWlFCakFHZ0FZUUJ1QUdjQVpRQWlBQ3dBSWdCekFDSUFPZ0EwQURnQU13QTNBQ3dBSWdCbEFDSUFPZ0EwQURnQU13QTNBQ3dBSWdCdkFDSUFPZ0FpQUhVQWJnQmtBR1VBWmdCcEFHNEFaUUJrQUNBQVJ3QkZBRlFBT2dBZ0FITUFkQUJoQUdjQWFRQnVBR2NBY0FCeUFHVUFaQUJwQUdNQWRBQTFBQzRBYVFCdUFHWUFiQUIxQUdVQWJnQmpBR1VBYUFCbEFHRUFiQUIwQUdnQUxnQmpBRzhBYlFBNkFEUUFOQUF6QUM4QWFRQnRBR0VBWndCbEFITUFMd0JYQUdVQWJBQmpBRzhBYlFCbEFDMEFkQUJ2QUMwQVVBQnlBR1VBWkFCcEFHTUFkQUF0QUd3QWJ3Qm5BRzhBTGdCekFIWUFad0FpQUN3QUlnQjBBQ0lBT2dBaUFHVUFkZ0JsQUc0QWRBQWlBSDBBTEFCN0FDSUFiZ0FpQURvQUlnQnlBR1VBWVFCa0FIa0Fjd0IwQUdFQWRBQmxBR01BYUFCaEFHNEFad0JsQUNJQUxBQWlBSE1BSWdBNkFEUUFPQUF6QURjQUxBQWlBR1VBSWdBNkFEUUFPQUF6QURjQUxBQWlBRzhBSWdBNkFDSUFkUUJ1QUdRQVpRQm1BR2tBYmdCbEFHUUFJQUJIQUVVQVZBQTZBQ0FBY3dCMEFHRUFad0JwQUc0QVp3QndBSElBWlFCa0FHa0FZd0IwQURVQUxnQnBBRzRBWmdCc0FIVUFaUUJ1QUdNQVpRQm9BR1VBWVFCc0FIUUFhQUF1QUdNQWJ3QnRBRG9BTkFBMEFETUFMd0JwQUcwQVlRQm5BR1VBY3dBdkFGY0FaUUJzQUdNQWJ3QnRBR1VBTFFCMEFHOEFMUUJRQUhJQVpRQmtBR2tBWXdCMEFDMEFiQUJ2QUdjQWJ3QXVBSE1BZGdCbkFDSUFMQUFpQUhRQUlnQTZBQ0lBWlFCMkFHVUFiZ0IwQUNJQWZRQXNBSHNBSWdCdUFDSUFPZ0FpQUhJQVpRQmhBR1FBZVFCekFIUUFZUUIwQUdVQVl3Qm9BR0VBYmdCbkFHVUFJZ0FzQUNJQWN3QWlBRG9BTkFBNEFETUFOd0FzQUNJQVpRQWlBRG9BTkFBNEFETUFOd0FzQUNJQWJ3QWlBRG9BSWdCMUFHNEFaQUJsQUdZQWFRQnVBR1VBWkFBZ0FFY0FSUUJVQURvQUlBQnpBSFFBWVFCbkFHa0FiZ0JuQUhBQWNnQmxBR1FBYVFCakFIUUFOUUF1QUdrQWJnQm1BR3dBZFFCbEFHNEFZd0JsQUdnQVpRQmhBR3dBZEFCb0FDNEFZd0J2QUcwQU9nQTBBRFFBTXdBdkFHa0FiUUJoQUdjQVpRQnpBQzhBVndCbEFHd0FZd0J2QUcwQVpRQXRBSFFBYndBdEFGQUFjZ0JsQUdRQWFRQmpBSFFBTFFCc0FHOEFad0J2QUM0QWN3QjJBR2NBSWdBc0FDSUFkQUFpQURvQUlnQmxBSFlBWlFCdUFIUUFJZ0I5QUN3QWV3QWlBRzRBSWdBNkFDSUFjZ0JsQUdFQVpBQjVBSE1BZEFCaEFIUUFaUUJqQUdnQVlRQnVBR2NBWlFBaUFDd0FJZ0J6QUNJQU9nQTBBRGdBTXdBM0FDd0FJZ0JsQUNJQU9nQTBBRGdBTXdBM0FDd0FJZ0J2QUNJQU9nQWlBSFVBYmdCa0FHVUFaZ0JwQUc0QVpRQmtBQ0FBUndCRkFGUUFPZ0FnQUhNQWRBQmhBR2NBYVFCdUFHY0FjQUJ5QUdVQVpBQnBBR01BZEFBMUFDNEFhUUJ1QUdZQWJBQjFBR1VBYmdCakFHVUFhQUJsQUdFQWJBQjBBR2dBTGdCakFHOEFiUUE2QURRQU5BQXpBQzhBYVFCdEFHRUFad0JsQUhNQUx3QlhBR1VBYkFCakFHOEFiUUJsQUMwQWRBQnZBQzBBVUFCeUFHVUFaQUJwQUdNQWRBQXRBR3dBYndCbkFHOEFMZ0J6QUhZQVp3QWlBQ3dBSWdCMEFDSUFPZ0FpQUdVQWRnQmxBRzRBZEFBaUFIMEFMQUI3QUNJQWJnQWlBRG9BSWdCeUFHVUFZUUJrQUhrQWN3QjBBR0VBZEFCbEFHTUFhQUJoQUc0QVp3QmxBQ0lBTEFBaUFITUFJZ0E2QURRQU9BQXpBRGdBTEFBaUFHVUFJZ0E2QURRQU9BQXpBRGdBTEFBaUFHOEFJZ0E2QUNJQWRRQnVBR1FBWlFCbUFHa0FiZ0JsQUdRQUlBQkhBRVVBVkFBNkFDQUFjd0IwQUdFQVp3QnBBRzRBWndCd0FISUFaUUJrQUdrQVl3QjBBRFVBTGdCcEFHNEFaZ0JzQUhVQVpRQnVBR01BWlFCb0FHVUFZUUJzQUhRQWFBQXVBR01BYndCdEFEb0FOQUEwQURNQUx3QnBBRzBBWVFCbkFHVUFjd0F2QUZjQVpRQnNBR01BYndCdEFHVUFMUUIwQUc4QUxRQlFBSElBWlFCa0FHa0FZd0IwQUMwQWJBQnZBR2NBYndBdUFITUFkZ0JuQUNJQUxBQWlBSFFBSWdBNkFDSUFaUUIyQUdVQWJnQjBBQ0lBZlFBc0FIc0FJZ0J1QUNJQU9nQWlBSElBWlFCaEFHUUFlUUJ6QUhRQVlRQjBBR1VBWXdCb0FHRUFiZ0JuQUdVQUlnQXNBQ0lBY3dBaUFEb0FOQUE0QURNQU9BQXNBQ0lBWlFBaUFEb0FOQUE0QURNQU9BQXNBQ0lBYndBaUFEb0FJZ0IxQUc0QVpBQmxBR1lBYVFCdUFHVUFaQUFnQUVjQVJRQlVBRG9BSUFCekFIUUFZUUJuQUdrQWJnQm5BSEFBY2dCbEFHUUFhUUJqQUhRQU5RQXVBR2tBYmdCbUFHd0FkUUJsQUc0QVl3QmxBR2dBWlFCaEFHd0FkQUJvQUM0QVl3QnZBRzBBT2dBMEFEUUFNd0F2QUdrQWJRQmhBR2NBWlFCekFDOEFWd0JsQUd3QVl3QnZBRzBBWlFBdEFIUUFid0F0QUZBQWNnQmxBR1FBYVFCakFIUUFMUUJzQUc4QVp3QnZBQzRBY3dCMkFHY0FJZ0FzQUNJQWRBQWlBRG9BSWdCbEFIWUFaUUJ1QUhRQUlnQjlBQ3dBZXdBaUFHNEFJZ0E2QUNJQWNnQmxBR0VBWkFCNUFITUFkQUJoQUhRQVpRQmpBR2dBWVFCdUFHY0FaUUFpQUN3QUlnQnpBQ0lBT2dBMEFEZ0FNd0E0QUN3QUlnQmxBQ0lBT2dBMEFEZ0FNd0E0QUN3QUlnQnZBQ0lBT2dBaUFIVUFiZ0JrQUdVQVpnQnBBRzRBWlFCa0FDQUFSd0JGQUZRQU9nQWdBSE1BZEFCaEFHY0FhUUJ1QUdjQWNBQnlBR1VBWkFCcEFHTUFkQUExQUM0QWFRQnVBR1lBYkFCMUFHVUFiZ0JqQUdVQWFBQmxBR0VBYkFCMEFHZ0FMZ0JqQUc4QWJRQTZBRFFBTkFBekFDOEFhUUJ0QUdFQVp3QmxBSE1BTHdCWEFHVUFiQUJqQUc4QWJRQmxBQzBBZEFCdkFDMEFVQUJ5QUdVQVpBQnBBR01BZEFBdEFHd0Fid0JuQUc4QUxnQnpBSFlBWndBaUFDd0FJZ0IwQUNJQU9nQWlBR1VBZGdCbEFHNEFkQUFpQUgwQUxBQjdBQ0lBYmdBaUFEb0FJZ0J5QUdVQVlRQmtBSGtBY3dCMEFHRUFkQUJsQUdNQWFBQmhBRzRBWndCbEFDSUFMQUFpQUhNQUlnQTZBRFFBT0FBekFEZ0FMQUFpQUdVQUlnQTZBRFFBT0FBekFEZ0FMQUFpQUc4QUlnQTZBQ0lBZFFCdUFHUUFaUUJtQUdrQWJnQmxBR1FBSUFCSEFFVUFWQUE2QUNBQWN3QjBBR0VBWndCcEFHNEFad0J3QUhJQVpRQmtBR2tBWXdCMEFEVUFMZ0JwQUc0QVpnQnNBSFVBWlFCdUFHTUFaUUJvQUdVQVlRQnNBSFFBYUFBdUFHTUFid0J0QURvQU5BQTBBRE1BTHdCcEFHMEFZUUJuQUdVQWN3QXZBRmNBWlFCc0FHTUFid0J0QUdVQUxRQjBBRzhBTFFCUUFISUFaUUJrQUdrQVl3QjBBQzBBYkFCdkFHY0Fid0F1QUhNQWRnQm5BQ0lBTEFBaUFIUUFJZ0E2QUNJQVpRQjJBR1VBYmdCMEFDSUFmUUFzQUhzQUlnQnVBQ0lBT2dBaUFISUFaUUJoQUdRQWVRQnpBSFFBWVFCMEFHVUFZd0JvQUdFQWJnQm5BR1VBSWdBc0FDSUFjd0FpQURvQU5BQTRBRE1BT0FBc0FDSUFaUUFpQURvQU5BQTRBRE1BT0FBc0FDSUFid0FpQURvQUlnQjFBRzRBWkFCbEFHWUFhUUJ1QUdVQVpBQWdBRWNBUlFCVUFEb0FJQUJ6QUhRQVlRQm5BR2tBYmdCbkFIQUFjZ0JsQUdRQWFRQmpBSFFBTlFBdUFHa0FiZ0JtQUd3QWRRQmxBRzRBWXdCbEFHZ0FaUUJoQUd3QWRBQm9BQzRBWXdCdkFHMEFPZ0EwQURRQU13QXZBR2tBYlFCaEFHY0FaUUJ6QUM4QVZ3QmxBR3dBWXdCdkFHMEFaUUF0QUhRQWJ3QXRBRkFBY2dCbEFHUUFhUUJqQUhRQUxRQnNBRzhBWndCdkFDNEFjd0IyQUdjQUlnQXNBQ0lBZEFBaUFEb0FJZ0JsQUhZQVpRQnVBSFFBSWdCOUFDd0Fld0FpQUc0QUlnQTZBQ0lBY2dCbEFHRUFaQUI1QUhNQWRBQmhBSFFBWlFCakFHZ0FZUUJ1QUdjQVpRQWlBQ3dBSWdCekFDSUFPZ0EwQURnQU13QTRBQ3dBSWdCbEFDSUFPZ0EwQURnQU53QTJBQ3dBSWdCdkFDSUFPZ0FpQUhVQWJnQmtBR1VBWmdCcEFHNEFaUUJrQUNBQVJ3QkZBRlFBT2dBZ0FITUFkQUJoQUdjQWFRQnVBR2NBY0FCeUFHVUFaQUJwQUdNQWRBQTFBQzRBYVFCdUFHWUFiQUIxQUdVQWJnQmpBR1VBYUFCbEFHRUFiQUIwQUdnQUxnQmpBRzhBYlFBNkFEUUFOQUF6QUM4QWFRQnRBR0VBWndCbEFITUFMd0JYQUdVQWJBQmpBRzhBYlFCbEFDMEFkQUJ2QUMwQVVBQnlBR1VBWkFCcEFHTUFkQUF0QUd3QWJ3Qm5BRzhBTGdCekFIWUFad0FpQUN3QUlnQjBBQ0lBT2dBaUFHVUFkZ0JsQUc0QWRBQWlBSDBBTEFCN0FDSUFiZ0FpQURvQUlnQnlBR1VBWVFCa0FIa0Fjd0IwQUdFQWRBQmxBR01BYUFCaEFHNEFad0JsQUNJQUxBQWlBSE1BSWdBNkFEUUFPQUEzQURjQUxBQWlBR1VBSWdBNkFEUUFPQUEzQURjQUxBQWlBRzhBSWdBNkFDSUFkUUJ1QUdRQVpRQm1BR2tBYmdCbEFHUUFJQUJIQUVVQVZBQTZBQ0FBY3dCMEFHRUFad0JwQUc0QVp3QndBSElBWlFCa0FHa0FZd0IwQURVQUxnQnBBRzRBWmdCc0FIVUFaUUJ1QUdNQVpRQm9BR1VBWVFCc0FIUUFhQUF1QUdNQWJ3QnRBRG9BTkFBMEFETUFMd0JwQUcwQVlRQm5BR1VBY3dBdkFHd0Fid0JuQUdrQWJnQXRBRzBBWVFCeUFHc0FaUUIwQUdrQWJnQm5BQzBBZEFCaEFHY0FiQUJwQUc0QVpRQXVBSE1BZGdCbkFDSUFMQUFpQUhRQUlnQTZBQ0lBWlFCMkFHVUFiZ0IwQUNJQWZRQXNBSHNBSWdCdUFDSUFPZ0FpQUhJQVpRQmhBR1FBZVFCekFIUUFZUUIwQUdVQVl3Qm9BR0VBYmdCbkFHVUFJZ0FzQUNJQWN3QWlBRG9BTkFBNEFEY0FOd0FzQUNJQVpRQWlBRG9BTkFBNEFEY0FOd0FzQUNJQWJ3QWlBRG9BSWdCMUFHNEFaQUJsQUdZQWFRQnVBR1VBWkFBZ0FFY0FSUUJVQURvQUlBQnpBSFFBWVFCbkFHa0FiZ0JuQUhBQWNnQmxBR1FBYVFCakFIUUFOUUF1QUdrQWJnQm1BR3dBZFFCbEFHNEFZd0JsQUdnQVpRQmhBR3dBZEFCb0FDNEFZd0J2QUcwQU9nQTBBRFFBTXdBdkFHa0FiUUJoQUdjQVpRQnpBQzhBYkFCdkFHY0FhUUJ1QUMwQWJRQmhBSElBYXdCbEFIUUFhUUJ1QUdjQUxRQjBBR0VBWndCc0FHa0FiZ0JsQUM0QWN3QjJBR2NBSWdBc0FDSUFkQUFpQURvQUlnQmxBSFlBWlFCdUFIUUFJZ0I5QUN3QWV3QWlBRzRBSWdBNkFDSUFjZ0JsQUdFQVpBQjVBSE1BZEFCaEFIUUFaUUJqQUdnQVlRQnVBR2NBWlFBaUFDd0FJZ0J6QUNJQU9nQTBBRGdBTndBM0FDd0FJZ0JsQUNJQU9nQTBBRGdBTndBM0FDd0FJZ0J2QUNJQU9nQWlBSFVBYmdCa0FHVUFaZ0JwQUc0QVpRQmtBQ0FBUndCRkFGUUFPZ0FnQUhNQWRBQmhBR2NBYVFCdUFHY0FjQUJ5QUdVQVpBQnBBR01BZEFBMUFDNEFhUUJ1QUdZQWJBQjFBR1VBYmdCakFHVUFhQUJsQUdFQWJBQjBBR2dBTGdCakFHOEFiUUE2QURRQU5BQXpBQzhBYVFCdEFHRUFad0JsQUhNQUx3QnNBRzhBWndCcEFHNEFMUUJ0QUdFQWNnQnJBR1VBZEFCcEFHNEFad0F0QUhRQVlRQm5BR3dBYVFCdUFHVUFMZ0J6QUhZQVp3QWlBQ3dBSWdCMEFDSUFPZ0FpQUdVQWRnQmxBRzRBZEFBaUFIMEFMQUI3QUNJQWJnQWlBRG9BSWdCeUFHVUFZUUJrQUhrQWN3QjBBR0VBZEFCbEFHTUFhQUJoQUc0QVp3QmxBQ0lBTEFBaUFITUFJZ0E2QURRQU9BQTNBRGdBTEFBaUFHVUFJZ0E2QURRQU9BQTNBRGdBTEFBaUFHOEFJZ0E2QUNJQWRRQnVBR1FBWlFCbUFHa0FiZ0JsQUdRQUlBQkhBRVVBVkFBNkFDQUFjd0IwQUdFQVp3QnBBRzRBWndCd0FISUFaUUJrQUdrQVl3QjBBRFVBTGdCcEFHNEFaZ0JzQUhVQVpRQnVBR01BWlFCb0FHVUFZUUJzQUhRQWFBQXVBR01BYndCdEFEb0FOQUEwQURNQUx3QnBBRzBBWVFCbkFHVUFjd0F2QUd3QWJ3Qm5BR2tBYmdBdEFHMEFZUUJ5QUdzQVpRQjBBR2tBYmdCbkFDMEFkQUJoQUdjQWJBQnBBRzRBWlFBdUFITUFkZ0JuQUNJQUxBQWlBSFFBSWdBNkFDSUFaUUIyQUdVQWJnQjBBQ0lBZlFBc0FIc0FJZ0J1QUNJQU9nQWlBSElBWlFCaEFHUUFlUUJ6QUhRQVlRQjBBR1VBWXdCb0FHRUFiZ0JuQUdVQUlnQXNBQ0lBY3dBaUFEb0FOQUE0QURjQU9BQXNBQ0lBWlFBaUFEb0FOQUE0QURjQU9BQXNBQ0lBYndBaUFEb0FJZ0IxQUc0QVpBQmxBR1lBYVFCdUFHVUFaQUFnQUVjQVJRQlVBRG9BSUFCekFIUUFZUUJuQUdrQWJnQm5BSEFBY2dCbEFHUUFhUUJqQUhRQU5RQXVBR2tBYmdCbUFHd0FkUUJsQUc0QVl3QmxBR2dBWlFCaEFHd0FkQUJvQUM0QVl3QnZBRzBBT2dBMEFEUUFNd0F2QUdrQWJRQmhBR2NBWlFCekFDOEFiQUJ2QUdjQWFRQnVBQzBBYlFCaEFISUFhd0JsQUhRQWFRQnVBR2NBTFFCMEFHRUFad0JzQUdrQWJnQmxBQzRBY3dCMkFHY0FJZ0FzQUNJQWRBQWlBRG9BSWdCbEFIWUFaUUJ1QUhRQUlnQjlBQ3dBZXdBaUFHNEFJZ0E2QUNJQWNnQmxBR0VBWkFCNUFITUFkQUJoQUhRQVpRQmpBR2dBWVFCdUFHY0FaUUFpQUN3QUlnQnpBQ0lBT2dBMEFEZ0FOd0E0QUN3QUlnQmxBQ0lBT2dBMEFEZ0FOd0E0QUN3QUlnQnZBQ0lBT2dBaUFIVUFiZ0JrQUdVQVpnQnBBRzRBWlFCa0FDQUFSd0JGQUZRQU9nQWdBSE1BZEFCaEFHY0FhUUJ1QUdjQWNBQnlBR1VBWkFCcEFHTUFkQUExQUM0QWFRQnVBR1lBYkFCMUFHVUFiZ0JqQUdVQWFBQmxBR0VBYkFCMEFHZ0FMZ0JqQUc4QWJRQTZBRFFBTkFBekFDOEFhUUJ0QUdFQVp3QmxBSE1BTHdCc0FHOEFad0JwQUc0QUxRQnRBR0VBY2dCckFHVUFkQUJwQUc0QVp3QXRBSFFBWVFCbkFHd0FhUUJ1QUdVQUxnQnpBSFlBWndBaUFDd0FJZ0IwQUNJQU9nQWlBR1VBZGdCbEFHNEFkQUFpQUgwQUxBQjdBQ0lBYmdBaUFEb0FJZ0J5QUdVQVlRQmtBSGtBY3dCMEFHRUFkQUJsQUdNQWFBQmhBRzRBWndCbEFDSUFMQUFpQUhNQUlnQTZBRFFBT0FBM0FEZ0FMQUFpQUdVQUlnQTZBRFFBT0FBM0FEZ0FMQUFpQUc4QUlnQTZBQ0lBZFFCdUFHUUFaUUJtQUdrQWJnQmxBR1FBSUFCSEFFVUFWQUE2QUNBQWN3QjBBR0VBWndCcEFHNEFad0J3QUhJQVpRQmtBR2tBWXdCMEFEVUFMZ0JwQUc0QVpnQnNBSFVBWlFCdUFHTUFaUUJvQUdVQVlRQnNBSFFBYUFBdUFHTUFid0J0QURvQU5BQTBBRE1BTHdCcEFHMEFZUUJuQUdVQWN3QXZBR3dBYndCbkFHa0FiZ0F0QUcwQVlRQnlBR3NBWlFCMEFHa0FiZ0JuQUMwQWRBQmhBR2NBYkFCcEFHNEFaUUF1QUhNQWRnQm5BQ0lBTEFBaUFIUUFJZ0E2QUNJQVpRQjJBR1VBYmdCMEFDSUFmUUFzQUhzQUlnQnVBQ0lBT2dBaUFISUFaUUJoQUdRQWVRQnpBSFFBWVFCMEFHVUFZd0JvQUdFQWJnQm5BR1VBSWdBc0FDSUFjd0FpQURvQU5BQTRBRGNBT0FBc0FDSUFaUUFpQURvQU5BQTRBRGNBT0FBc0FDSUFid0FpQURvQUlnQjFBRzRBWkFCbEFHWUFhUUJ1QUdVQVpBQWdBRWNBUlFCVUFEb0FJQUJ6QUhRQVlRQm5BR2tBYmdCbkFIQUFjZ0JsQUdRQWFRQmpBSFFBTlFBdUFHa0FiZ0JtQUd3QWRRQmxBRzRBWXdCbEFHZ0FaUUJoQUd3QWRBQm9BQzRBWXdCdkFHMEFPZ0EwQURRQU13QXZBR2tBYlFCaEFHY0FaUUJ6QUM4QWJBQnZBR2NBYVFCdUFDMEFiUUJoQUhJQWF3QmxBSFFBYVFCdUFHY0FMUUIwQUdFQVp3QnNBR2tBYmdCbEFDNEFjd0IyQUdjQUlnQXNBQ0lBZEFBaUFEb0FJZ0JsQUhZQVpRQnVBSFFBSWdCOUFDd0Fld0FpQUc0QUlnQTZBQ0lBY2dCbEFHRUFaQUI1QUhNQWRBQmhBSFFBWlFCakFHZ0FZUUJ1QUdjQVpRQWlBQ3dBSWdCekFDSUFPZ0EwQURnQU53QTRBQ3dBSWdCbEFDSUFPZ0EwQURnQU53QTRBQ3dBSWdCdkFDSUFPZ0FpQUhVQWJnQmtBR1VBWmdCcEFHNEFaUUJrQUNBQVJ3QkZBRlFBT2dBZ0FITUFkQUJoQUdjQWFRQnVBR2NBY0FCeUFHVUFaQUJwQUdNQWRBQTFBQzRBYVFCdUFHWUFiQUIxQUdVQWJnQmpBR1VBYUFCbEFHRUFiQUIwQUdnQUxnQmpBRzhBYlFBNkFEUUFOQUF6QUM4QWFRQnRBR0VBWndCbEFITUFMd0JzQUc4QVp3QnBBRzRBTFFCdEFHRUFjZ0JyQUdVQWRBQnBBRzRBWndBdEFIUUFZUUJuQUd3QWFRQnVBR1VBTGdCekFIWUFad0FpQUN3QUlnQjBBQ0lBT2dBaUFHVUFkZ0JsQUc0QWRBQWlBSDBBTEFCN0FDSUFiZ0FpQURvQUlnQnlBR1VBWVFCa0FIa0Fjd0IwQUdFQWRBQmxBR01BYUFCaEFHNEFad0JsQUNJQUxBQWlBSE1BSWdBNkFEUUFPQUEzQURrQUxBQWlBR1VBSWdBNkFEUUFPQUEzQURrQUxBQWlBRzhBSWdBNkFDSUFkUUJ1QUdRQVpRQm1BR2tBYmdCbEFHUUFJQUJIQUVVQVZBQTZBQ0FBY3dCMEFHRUFad0JwQUc0QVp3QndBSElBWlFCa0FHa0FZd0IwQURVQUxnQnBBRzRBWmdCc0FIVUFaUUJ1QUdNQVpRQm9BR1VBWVFCc0FIUUFhQUF1QUdNQWJ3QnRBRG9BTkFBMEFETUFMd0JwQUcwQVlRQm5BR1VBY3dBdkFHd0Fid0JuQUdrQWJnQXRBRzBBWVFCeUFHc0FaUUIwQUdrQWJnQm5BQzBBZEFCaEFHY0FiQUJwQUc0QVpRQXVBSE1BZGdCbkFDSUFMQUFpQUhRQUlnQTZBQ0lBWlFCMkFHVUFiZ0IwQUNJQWZRQXNBSHNBSWdCdUFDSUFPZ0FpQUhJQVpRQmhBR1FBZVFCekFIUUFZUUIwQUdVQVl3Qm9BR0VBYmdCbkFHVUFJZ0FzQUNJQWN3QWlBRG9BTkFBNEFEY0FPUUFzQUNJQVpRQWlBRG9BTkFBNEFEY0FPUUFzQUNJQWJ3QWlBRG9BSWdCMUFHNEFaQUJsQUdZQWFRQnVBR1VBWkFBZ0FFY0FSUUJVQURvQUlBQnpBSFFBWVFCbkFHa0FiZ0JuQUhBQWNnQmxBR1FBYVFCakFIUUFOUUF1QUdrQWJnQm1BR3dBZFFCbEFHNEFZd0JsQUdnQVpRQmhBR3dBZEFCb0FDNEFZd0J2QUcwQU9nQTBBRFFBTXdBdkFHa0FiUUJoQUdjQVpRQnpBQzhBYkFCdkFHY0FhUUJ1QUMwQWJRQmhBSElBYXdCbEFIUUFhUUJ1QUdjQUxRQjBBR0VBWndCc0FHa0FiZ0JsQUM0QWN3QjJBR2NBSWdBc0FDSUFkQUFpQURvQUlnQmxBSFlBWlFCdUFIUUFJZ0I5QUN3QWV3QWlBRzRBSWdBNkFDSUFjZ0JsQUdFQVpBQjVBSE1BZEFCaEFIUUFaUUJqQUdnQVlRQnVBR2NBWlFBaUFDd0FJZ0J6QUNJQU9nQTBBRGdBTndBNUFDd0FJZ0JsQUNJQU9nQTBBRGtBTUFBd0FDd0FJZ0J2QUNJQU9nQWlBSFVBYmdCa0FHVUFaZ0JwQUc0QVpRQmtBQ0FBUndCRkFGUUFPZ0FnQUhNQWRBQmhBR2NBYVFCdUFHY0FjQUJ5QUdVQVpBQnBBR01BZEFBMUFDNEFhUUJ1QUdZQWJBQjFBR1VBYmdCakFHVUFhQUJsQUdFQWJBQjBBR2dBTGdCakFHOEFiUUE2QURRQU5BQXpBQzhBYVFCdEFHRUFad0JsQUhNQUx3QnNBRzhBWndCcEFHNEFMUUJ0QUdFQWNnQnJBR1VBZEFCcEFHNEFad0F0QUhRQVlRQm5BR3dBYVFCdUFHVUFMZ0J6QUhZQVp3QWlBQ3dBSWdCMEFDSUFPZ0FpQUdVQWRnQmxBRzRBZEFBaUFIMEFMQUI3QUNJQWJnQWlBRG9BSWdCeUFHVUFZUUJrQUhrQWN3QjBBR0VBZEFCbEFHTUFhQUJoQUc0QVp3QmxBQ0lBTEFBaUFITUFJZ0E2QURRQU9RQXdBREVBTEFBaUFHVUFJZ0E2QURRQU9RQXdBREVBTEFBaUFHOEFJZ0E2QUNJQWRRQnVBR1FBWlFCbUFHa0FiZ0JsQUdRQUlBQkhBRVVBVkFBNkFDQUFjd0IwQUdFQVp3QnBBRzRBWndCd0FISUFaUUJrQUdrQVl3QjBBRFVBTGdCcEFHNEFaZ0JzQUhVQVpRQnVBR01BWlFCb0FHVUFZUUJzQUhRQWFBQXVBR01BYndCdEFEb0FOQUEwQURNQUx3QnBBRzBBWVFCbkFHVUFjd0F2QUcwQVlRQnlBR3NBWlFCMEFHa0FiZ0JuQUMwQWNBQnZBR3dBZVFCbkFHOEFiZ0J6QUM0QWN3QjJBR2NBSWdBc0FDSUFkQUFpQURvQUlnQmxBSFlBWlFCdUFIUUFJZ0I5QUN3QWV3QWlBRzRBSWdBNkFDSUFjZ0JsQUdFQVpBQjVBSE1BZEFCaEFIUUFaUUJqQUdnQVlRQnVBR2NBWlFBaUFDd0FJZ0J6QUNJQU9nQTBBRGtBTUFBeEFDd0FJZ0JsQUNJQU9nQTBBRGtBTUFBeEFDd0FJZ0J2QUNJQU9nQWlBSFVBYmdCa0FHVUFaZ0JwQUc0QVpRQmtBQ0FBUndCRkFGUUFPZ0FnQUhNQWRBQmhBR2NBYVFCdUFHY0FjQUJ5QUdVQVpBQnBBR01BZEFBMUFDNEFhUUJ1QUdZQWJBQjFBR1VBYmdCakFHVUFhQUJsQUdFQWJBQjBBR2dBTGdCakFHOEFiUUE2QURRQU5BQXpBQzhBYVFCdEFHRUFad0JsQUhNQUx3QnRBR0VBY2dCckFHVUFkQUJwQUc0QVp3QXRBSEFBYndCc0FIa0Fad0J2QUc0QWN3QXVBSE1BZGdCbkFDSUFMQUFpQUhRQUlnQTZBQ0lBWlFCMkFHVUFiZ0IwQUNJQWZRQXNBSHNBSWdCdUFDSUFPZ0FpQUhJQVpRQmhBR1FBZVFCekFIUUFZUUIwQUdVQVl3Qm9BR0VBYmdCbkFHVUFJZ0FzQUNJQWN3QWlBRG9BTkFBNUFEQUFNUUFzQUNJQVpRQWlBRG9BTkFBNUFEQUFNUUFzQUNJQWJ3QWlBRG9BSWdCMUFHNEFaQUJsQUdZQWFRQnVBR1VBWkFBZ0FFY0FSUUJVQURvQUlBQnpBSFFBWVFCbkFHa0FiZ0JuQUhBQWNnQmxBR1FBYVFCakFIUUFOUUF1QUdrQWJnQm1BR3dBZFFCbEFHNEFZd0JsQUdnQVpRQmhBR3dBZEFCb0FDNEFZd0J2QUcwQU9nQTBBRFFBTXdBdkFHa0FiUUJoQUdjQVpRQnpBQzhBYlFCaEFISUFhd0JsQUhRQWFRQnVBR2NBTFFCd0FHOEFiQUI1QUdjQWJ3QnVBSE1BTGdCekFIWUFad0FpQUN3QUlnQjBBQ0lBT2dBaUFHVUFkZ0JsQUc0QWRBQWlBSDBBTEFCN0FDSUFiZ0FpQURvQUlnQnlBR1VBWVFCa0FIa0Fjd0IwQUdFQWRBQmxBR01BYUFCaEFHNEFad0JsQUNJQUxBQWlBSE1BSWdBNkFEUUFPUUF3QURFQUxBQWlBR1VBSWdBNkFEUUFPUUF3QURFQUxBQWlBRzhBSWdBNkFDSUFkUUJ1QUdRQVpRQm1BR2tBYmdCbEFHUUFJQUJIQUVVQVZBQTZBQ0FBY3dCMEFHRUFad0JwQUc0QVp3QndBSElBWlFCa0FHa0FZd0IwQURVQUxnQnBBRzRBWmdCc0FIVUFaUUJ1QUdNQVpRQm9BR1VBWVFCc0FIUUFhQUF1QUdNQWJ3QnRBRG9BTkFBMEFETUFMd0JwQUcwQVlRQm5BR1VBY3dBdkFHMEFZUUJ5QUdzQVpRQjBBR2tBYmdCbkFDMEFjQUJ2QUd3QWVRQm5BRzhBYmdCekFDNEFjd0IyQUdjQUlnQXNBQ0lBZEFBaUFEb0FJZ0JsQUhZQVpRQnVBSFFBSWdCOUFDd0Fld0FpQUc0QUlnQTZBQ0lBY2dCbEFHRUFaQUI1QUhNQWRBQmhBSFFBWlFCakFHZ0FZUUJ1QUdjQVpRQWlBQ3dBSWdCekFDSUFPZ0EwQURrQU1BQXhBQ3dBSWdCbEFDSUFPZ0EwQURrQU1BQXhBQ3dBSWdCdkFDSUFPZ0FpQUhVQWJnQmtBR1VBWmdCcEFHNEFaUUJrQUNBQVJ3QkZBRlFBT2dBZ0FITUFkQUJoQUdjQWFRQnVBR2NBY0FCeUFHVUFaQUJwQUdNQWRBQTFBQzRBYVFCdUFHWUFiQUIxQUdVQWJnQmpBR1VBYUFCbEFHRUFiQUIwQUdnQUxnQmpBRzhBYlFBNkFEUUFOQUF6QUM4QWFRQnRBR0VBWndCbEFITUFMd0J0QUdFQWNnQnJBR1VBZEFCcEFHNEFad0F0QUhBQWJ3QnNBSGtBWndCdkFHNEFjd0F1QUhNQWRnQm5BQ0lBTEFBaUFIUUFJZ0E2QUNJQVpRQjJBR1VBYmdCMEFDSUFmUUFzQUhzQUlnQnVBQ0lBT2dBaUFISUFaUUJoQUdRQWVRQnpBSFFBWVFCMEFHVUFZd0JvQUdFQWJnQm5BR1VBSWdBc0FDSUFjd0FpQURvQU5BQTVBREFBTVFBc0FDSUFaUUFpQURvQU5BQTVBREVBTVFBc0FDSUFid0FpQURvQUlnQjFBRzRBWkFCbEFHWUFhUUJ1QUdVQVpBQWdBRWNBUlFCVUFEb0FJQUJ6QUhRQVlRQm5BR2tBYmdCbkFIQUFjZ0JsQUdRQWFRQmpBSFFBTlFBdUFHa0FiZ0JtQUd3QWRRQmxBRzRBWXdCbEFHZ0FaUUJoQUd3QWRBQm9BQzRBWXdCdkFHMEFPZ0EwQURRQU13QXZBR2tBYlFCaEFHY0FaUUJ6QUM4QWJRQmhBSElBYXdCbEFIUUFhUUJ1QUdjQUxRQndBRzhBYkFCNUFHY0Fid0J1QUhNQUxnQnpBSFlBWndBaUFDd0FJZ0IwQUNJQU9nQWlBR1VBZGdCbEFHNEFkQUFpQUgwQUxBQjdBQ0lBYmdBaUFEb0FJZ0JFQUU4QVRRQkRBRzhBYmdCMEFHVUFiZ0IwQUV3QWJ3QmhBR1FBWlFCa0FDSUFMQUFpQUhNQUlnQTZBRE1BTlFBekFEQUFMQUFpQUdVQUlnQTZBRE1BTmdBMUFEa0FMQUFpQUc4QUlnQTZBQ0lBWkFCdkFHTUFkUUJ0QUdVQWJnQjBBQ0lBTEFBaUFIUUFJZ0E2QUNJQVpRQjJBR1VBYmdCMEFDSUFmUUFzQUhzQUlnQnVBQ0lBT2dBaUFHd0Fid0JoQUdRQUlnQXNBQ0lBY3dBaUFEb0FNd0EyQURnQU13QXNBQ0lBWlFBaUFEb0FNd0EyQURnQU5BQXNBQ0lBYndBaUFEb0FJZ0IzQUdrQWJnQmtBRzhBZHdBaUFDd0FJZ0IwQUNJQU9nQWlBR1VBZGdCbEFHNEFkQUFpQUgwQUxBQjdBQ0lBYmdBaUFEb0FJZ0JzQUc4QVlRQmtBQ0lBTEFBaUFITUFJZ0E2QURNQU53QTRBRGNBTEFBaUFHVUFJZ0E2QURNQU53QTVBRGtBTEFBaUFHOEFJZ0E2QUNJQU1nQXdBREFBSUFCSEFFVUFWQUE2QUNBQWN3QjBBR0VBWndCcEFHNEFad0J3QUhJQVpRQmtBR2tBWXdCMEFEVUFMZ0JwQUc0QVpnQnNBSFVBWlFCdUFHTUFaUUJvQUdVQVlRQnNBSFFBYUFBdUFHTUFid0J0QURvQU5BQTBBRE1BTHdCeUFHOEFkUUIwQUdVQWN3QXVBR29BY3dCdkFHNEFJZ0FzQUNJQWRBQWlBRG9BSWdCbEFIWUFaUUJ1QUhRQUlnQjlBQ3dBZXdBaUFHNEFJZ0E2QUNJQWJBQnZBR0VBWkFBaUFDd0FJZ0J6QUNJQU9nQXpBRGtBTVFBM0FDd0FJZ0JsQUNJQU9nQXpBRGtBTWdBMkFDd0FJZ0J2QUNJQU9nQWlBRElBTUFBd0FDQUFSd0JGQUZRQU9nQWdBSE1BZEFCaEFHY0FhUUJ1QUdjQWNBQnlBR1VBWkFCcEFHTUFkQUExQUM0QWFRQnVBR1lBYkFCMUFHVUFiZ0JqQUdVQWFBQmxBR0VBYkFCMEFHZ0FMZ0JqQUc4QWJRQTZBRFFBTkFBekFDOEFKQUJ0QUc4QVpBQjFBR3dBWlFBdkFHd0FZUUI1QUc4QWRRQjBBSE1BTHdCa0FHVUFaZ0JoQUhVQWJBQjBBQ0lBTEFBaUFIUUFJZ0E2QUNJQVpRQjJBR1VBYmdCMEFDSUFmUUFzQUhzQUlnQnVBQ0lBT2dBaUFHd0Fid0JoQUdRQUlnQXNBQ0lBY3dBaUFEb0FNd0E1QURJQU53QXNBQ0lBWlFBaUFEb0FNd0E1QURJQU53QXNBQ0lBYndBaUFEb0FJZ0F5QURBQU1BQWdBRkFBVHdCVEFGUUFPZ0FnQUdJQVlRQnRBQzRBYmdCeUFDMEFaQUJoQUhRQVlRQXVBRzRBWlFCMEFEb0FOQUEwQURNQUx3QnlBR1VBY3dCdkFIVUFjZ0JqQUdVQWN3QXZBREVBTHdCbEFEUUFaZ0EyQURNQVpBQmhBRFlBTXdBM0FDSUFMQUFpQUhRQUlnQTZBQ0lBWlFCMkFHVUFiZ0IwQUNJQWZRQXNBSHNBSWdCdUFDSUFPZ0FpQUd3QWJ3QmhBR1FBSWdBc0FDSUFjd0FpQURvQU13QTVBRGNBTndBc0FDSUFaUUFpQURvQU13QTVBRGdBT0FBc0FDSUFid0FpQURvQUlnQXlBREFBTUFBZ0FFY0FSUUJVQURvQUlBQnpBSFFBWVFCbkFHa0FiZ0JuQUhBQWNnQmxBR1FBYVFCakFIUUFOUUF1QUdrQWJnQm1BR3dBZFFCbEFHNEFZd0JsQUdnQVpRQmhBR3dBZEFCb0FDNEFZd0J2QUcwQU9nQTBBRFFBTXdBdkFHd0FZUUI1QUc4QWRRQjBBSE1BTHdCa0FHVUFaZ0JoQUhVQWJBQjBBQzhBTHdCdEFHRUFhUUJ1QUM0QWFnQnpBQ0lBTEFBaUFIUUFJZ0E2QUNJQVpRQjJBR1VBYmdCMEFDSUFmUUFzQUhzQUlnQnVBQ0lBT2dBaUFHd0Fid0JoQUdRQUlnQXNBQ0lBY3dBaUFEb0FOQUF4QURBQU5BQXNBQ0lBWlFBaUFEb0FOQUF4QURNQU1BQXNBQ0lBYndBaUFEb0FJZ0F5QURBQU1BQWdBRWNBUlFCVUFEb0FJQUJ6QUhRQVlRQm5BR2tBYmdCbkFIQUFjZ0JsQUdRQWFRQmpBSFFBTlFBdUFHa0FiZ0JtQUd3QWRRQmxBRzRBWXdCbEFHZ0FaUUJoQUd3QWRBQm9BQzRBWXdCdkFHMEFPZ0EwQURRQU13QXZBR3dBWVFCNUFHOEFkUUIwQUhNQUx3QmtBR1VBWmdCaEFIVUFiQUIwQUM4QWFRQnVBR1FBWlFCNEFDNEFhQUIwQUcwQWJBQWlBQ3dBSWdCMEFDSUFPZ0FpQUdVQWRnQmxBRzRBZEFBaUFIMEFMQUI3QUNJQWJnQWlBRG9BSWdCc0FHOEFZUUJrQUNJQUxBQWlBSE1BSWdBNkFEUUFNUUE0QURRQUxBQWlBR1VBSWdBNkFEUUFNZ0F3QURJQUxBQWlBRzhBSWdBNkFDSUFNZ0F3QURBQUlBQkhBRVVBVkFBNkFDQUFjd0IwQUdFQVp3QnBBRzRBWndCd0FISUFaUUJrQUdrQVl3QjBBRFVBTGdCcEFHNEFaZ0JzQUhVQVpRQnVBR01BWlFCb0FHVUFZUUJzQUhRQWFBQXVBR01BYndCdEFEb0FOQUEwQURNQUx3QWtBRzBBYndCa0FIVUFiQUJsQUM4QWJRQnZBR1FBZFFCc0FHVUFjd0F2QUhNQVpRQnpBSE1BYVFCdkFHNEFJZ0FzQUNJQWRBQWlBRG9BSWdCbEFIWUFaUUJ1QUhRQUlnQjlBQ3dBZXdBaUFHNEFJZ0E2QUNJQWJBQnZBR0VBWkFBaUFDd0FJZ0J6QUNJQU9nQTBBRElBTXdBNUFDd0FJZ0JsQUNJQU9nQTBBRElBTlFBeUFDd0FJZ0J2QUNJQU9nQWlBRElBTUFBd0FDQUFSd0JGQUZRQU9nQWdBSE1BZEFCaEFHY0FhUUJ1QUdjQWNBQnlBR1VBWkFCcEFHTUFkQUExQUM0QWFRQnVBR1lBYkFCMUFHVUFiZ0JqQUdVQWFBQmxBR0VBYkFCMEFHZ0FMZ0JqQUc4QWJRQTZBRFFBTkFBekFDOEFiUUJ2QUdRQWRRQnNBR1VBY3dBdkFITUFaUUJ6QUhNQWFRQnZBRzRBTHdBdkFHMEFZUUJwQUc0QUxnQnFBSE1BSWdBc0FDSUFkQUFpQURvQUlnQmxBSFlBWlFCdUFIUUFJZ0I5QUN3QWV3QWlBRzRBSWdBNkFDSUFiQUJ2QUdFQVpBQWlBQ3dBSWdCekFDSUFPZ0EwQURJQU5nQXdBQ3dBSWdCbEFDSUFPZ0EwQURJQU5nQXlBQ3dBSWdCdkFDSUFPZ0FpQURJQU1BQXdBQ0FBUndCRkFGUUFPZ0FnQUhNQWRBQmhBR2NBYVFCdUFHY0FjQUJ5QUdVQVpBQnBBR01BZEFBMUFDNEFhUUJ1QUdZQWJBQjFBR1VBYmdCakFHVUFhQUJsQUdFQWJBQjBBR2dBTGdCakFHOEFiUUE2QURRQU5BQXpBQzhBYlFCdkFHUUFkUUJzQUdVQWN3QXZBSE1BWlFCekFITUFhUUJ2QUc0QUx3QXZBR01BYndCdUFIUUFjZ0J2QUd3QWJBQmxBSElBY3dCY0FGd0FUQUJ2QUdjQWFRQnVBRU1BZEFCeUFHd0FMZ0JxQUhNQUlnQXNBQ0lBZEFBaUFEb0FJZ0JsQUhZQVpRQnVBSFFBSWdCOUFDd0Fld0FpQUc0QUlnQTZBQ0lBYkFCdkFHRUFaQUFpQUN3QUlnQnpBQ0lBT2dBMEFESUFOZ0F6QUN3QUlnQmxBQ0lBT2dBMEFESUFOZ0EwQUN3QUlnQnZBQ0lBT2dBaUFESUFNQUF3QUNBQVJ3QkZBRlFBT2dBZ0FITUFkQUJoQUdjQWFRQnVBR2NBY0FCeUFHVUFaQUJwQUdNQWRBQTFBQzRBYVFCdUFHWUFiQUIxQUdVQWJnQmpBR1VBYUFCbEFHRUFiQUIwQUdnQUxnQmpBRzhBYlFBNkFEUUFOQUF6QUM4QWJRQnZBR1FBZFFCc0FHVUFjd0F2QUhNQVpRQnpBSE1BYVFCdkFHNEFMd0F2QUdNQWJ3QnVBSFFBY2dCdkFHd0FiQUJsQUhJQWN3QmNBRndBVEFCdkFHY0Fid0IxQUhRQVF3QjBBSElBYkFBdUFHb0Fjd0FpQUN3QUlnQjBBQ0lBT2dBaUFHVUFkZ0JsQUc0QWRBQWlBSDBBTEFCN0FDSUFiZ0FpQURvQUlnQnNBRzhBWVFCa0FDSUFMQUFpQUhNQUlnQTZBRFFBTWdBMkFEZ0FMQUFpQUdVQUlnQTZBRFFBTWdBM0FEVUFMQUFpQUc4QUlnQTZBQ0lBTWdBd0FEQUFJQUJIQUVVQVZBQTZBQ0FBY3dCMEFHRUFad0JwQUc0QVp3QndBSElBWlFCa0FHa0FZd0IwQURVQUxnQnBBRzRBWmdCc0FIVUFaUUJ1QUdNQVpRQm9BR1VBWVFCc0FIUUFhQUF1QUdNQWJ3QnRBRG9BTkFBMEFETUFMd0J0QUc4QVpBQjFBR3dBWlFCekFDOEFjd0JsQUhNQWN3QnBBRzhBYmdBdkFDOEFZd0J2QUc0QWRBQnlBRzhBYkFCc0FHVUFjZ0J6QUZ3QVhBQlNBRzhBZFFCMEFHVUFRd0IwQUhJQWJBQXVBR29BY3dBaUFDd0FJZ0IwQUNJQU9nQWlBR1VBZGdCbEFHNEFkQUFpQUgwQUxBQjdBQ0lBYmdBaUFEb0FJZ0JzQUc4QVlRQmtBQ0lBTEFBaUFITUFJZ0E2QURRQU1nQTRBRFlBTEFBaUFHVUFJZ0E2QURRQU1nQTRBRFlBTEFBaUFHOEFJZ0E2QUNJQU1nQXdBREFBSUFCSEFFVUFWQUE2QUNBQWN3QjBBR0VBWndCcEFHNEFad0J3QUhJQVpRQmtBR2tBWXdCMEFEVUFMZ0JwQUc0QVpnQnNBSFVBWlFCdUFHTUFaUUJvQUdVQVlRQnNBSFFBYUFBdUFHTUFid0J0QURvQU5BQTBBRE1BTHdCdEFHOEFaQUIxQUd3QVpRQnpBQzhBY3dCbEFITUFjd0JwQUc4QWJnQXZBR01BYndCdUFIUUFjZ0J2QUd3QWJBQmxBSElBY3dBdkFGSUFid0IxQUhRQVpRQkRBSFFBY2dCc0FDNEFhZ0J6QUNJQUxBQWlBSFFBSWdBNkFDSUFaUUIyQUdVQWJnQjBBQ0lBZlFBc0FIc0FJZ0J1QUNJQU9nQWlBR3dBYndCaEFHUUFJZ0FzQUNJQWN3QWlBRG9BTkFBeUFEa0FNZ0FzQUNJQVpRQWlBRG9BTkFBeUFEa0FOQUFzQUNJQWJ3QWlBRG9BSWdBeUFEQUFNQUFnQUVjQVJRQlVBRG9BSUFCekFIUUFZUUJuQUdrQWJnQm5BSEFBY2dCbEFHUUFhUUJqQUhRQU5RQXVBR2tBYmdCbUFHd0FkUUJsQUc0QVl3QmxBR2dBWlFCaEFHd0FkQUJvQUM0QVl3QnZBRzBBT2dBMEFEUUFNd0F2QUcwQWJ3QmtBSFVBYkFCbEFITUFMd0J6QUdVQWN3QnpBR2tBYndCdUFDOEFZd0J2QUc0QWRBQnlBRzhBYkFCc0FHVUFjZ0J6QUM4QVRBQnZBR2NBYVFCdUFFTUFkQUJ5QUd3QUxnQnFBSE1BSWdBc0FDSUFkQUFpQURvQUlnQmxBSFlBWlFCdUFIUUFJZ0I5QUN3QWV3QWlBRzRBSWdBNkFDSUFiQUJ2QUdFQVpBQWlBQ3dBSWdCekFDSUFPZ0EwQURJQU9RQTRBQ3dBSWdCbEFDSUFPZ0EwQURJQU9RQTVBQ3dBSWdCdkFDSUFPZ0FpQURJQU1BQXdBQ0FBUndCRkFGUUFPZ0FnQUhNQWRBQmhBR2NBYVFCdUFHY0FjQUJ5QUdVQVpBQnBBR01BZEFBMUFDNEFhUUJ1QUdZQWJBQjFBR1VBYmdCakFHVUFhQUJsQUdFQWJBQjBBR2dBTGdCakFHOEFiUUE2QURRQU5BQXpBQzhBYlFCdkFHUUFkUUJzQUdVQWN3QXZBSE1BWlFCekFITUFhUUJ2QUc0QUx3QmpBRzhBYmdCMEFISUFid0JzQUd3QVpRQnlBSE1BTHdCTUFHOEFad0J2QUhVQWRBQkRBSFFBY2dCc0FDNEFhZ0J6QUNJQUxBQWlBSFFBSWdBNkFDSUFaUUIyQUdVQWJnQjBBQ0lBZlFBc0FIc0FJZ0J1QUNJQU9nQWlBR3dBYndCaEFHUUFJZ0FzQUNJQWN3QWlBRG9BTkFBekFERUFNd0FzQUNJQVpRQWlBRG9BTkFBekFEVUFNZ0FzQUNJQWJ3QWlBRG9BSWdBeUFEQUFNQUFnQUVjQVJRQlVBRG9BSUFCekFIUUFZUUJuQUdrQWJnQm5BSEFBY2dCbEFHUUFhUUJqQUhRQU5RQXVBR2tBYmdCbUFHd0FkUUJsQUc0QVl3QmxBR2dBWlFCaEFHd0FkQUJvQUM0QVl3QnZBRzBBT2dBMEFEUUFNd0F2QUcwQWJ3QmtBSFVBYkFCbEFITUFMd0J6QUdVQWN3QnpBR2tBYndCdUFDOEFhUUJ1QUdRQVpRQjRBQzRBYUFCMEFHMEFiQUFpQUN3QUlnQjBBQ0lBT2dBaUFHVUFkZ0JsQUc0QWRBQWlBSDBBTEFCN0FDSUFiZ0FpQURvQUlnQnNBRzhBWVFCa0FDSUFMQUFpQUhNQUlnQTZBRFFBTkFBeUFEa0FMQUFpQUdVQUlnQTZBRFFBTndBekFEVUFMQUFpQUc4QUlnQTZBQ0lBTWdBd0FEQUFJQUJIQUVVQVZBQTZBQ0FBY3dCMEFHRUFad0JwQUc0QVp3QndBSElBWlFCa0FHa0FZd0IwQURVQUxnQnBBRzRBWmdCc0FIVUFaUUJ1QUdNQVpRQm9BR1VBWVFCc0FIUUFhQUF1QUdNQWJ3QnRBRG9BTkFBMEFETUFMd0J0QUc4QVpBQjFBR3dBWlFCekFDOEFjd0JsQUhNQWN3QnBBRzhBYmdBdkFIWUFhUUJsQUhjQWN3QXZBR3dBYndCbkFHa0FiZ0F1QUdnQWRBQnRBR3dBSWdBc0FDSUFkQUFpQURvQUlnQmxBSFlBWlFCdUFIUUFJZ0I5QUN3QWV3QWlBRzRBSWdBNkFDSUFaZ0J2QUdNQWRRQnpBQ0lBTEFBaUFITUFJZ0E2QURNQU53QXdBRGdBTEFBaUFHVUFJZ0E2QURNQU53QXdBRGtBTEFBaUFHOEFJZ0E2QUNJQWR3QnBBRzRBWkFCdkFIY0FJZ0FzQUNJQWRBQWlBRG9BSWdCbEFIWUFaUUJ1QUhRQUlnQjlBQ3dBZXdBaUFHNEFJZ0E2QUNJQWN3QmxBSFFBVkFCcEFHMEFaUUJ2QUhVQWRBQWlBQ3dBSWdCekFDSUFPZ0F6QURjQU9BQTFBQ3dBSWdCbEFDSUFPZ0F6QURjQU9BQTFBQ3dBSWdCdkFDSUFPZ0FpQUhjQWFRQnVBR1FBYndCM0FDSUFMQUFpQUhRQUlnQTZBQ0lBZEFCcEFHMEFaUUJ5QUNJQWZRQXNBSHNBSWdCdUFDSUFPZ0FpQUhNQVpRQjBBRlFBYVFCdEFHVUFid0IxQUhRQUlnQXNBQ0lBY3dBaUFEb0FOQUF4QURNQU9BQXNBQ0lBWlFBaUFEb0FOQUF4QURNQU9RQXNBQ0lBYndBaUFEb0FJZ0IzQUdrQWJnQmtBRzhBZHdBaUFDd0FJZ0IwQUNJQU9nQWlBSFFBYVFCdEFHVUFjZ0FpQUgwQUxBQjdBQ0lBYmdBaUFEb0FJZ0J6QUdVQWRBQlVBR2tBYlFCbEFHOEFkUUIwQUNJQUxBQWlBSE1BSWdBNkFEUUFNZ0F3QURNQUxBQWlBR1VBSWdBNkFEUUFNZ0F3QURRQUxBQWlBRzhBSWdBNkFDSUFkd0JwQUc0QVpBQnZBSGNBSWdBc0FDSUFkQUFpQURvQUlnQjBBR2tBYlFCbEFISUFJZ0I5QUN3QWV3QWlBRzRBSWdBNkFDSUFjd0JsQUhRQVZBQnBBRzBBWlFCdkFIVUFkQUFpQUN3QUlnQnpBQ0lBT2dBMEFEZ0FNQUF3QUN3QUlnQmxBQ0lBT2dBMEFEZ0FNQUF3QUN3QUlnQnZBQ0lBT2dBaUFIY0FhUUJ1QUdRQWJ3QjNBQ0lBTEFBaUFIUUFJZ0E2QUNJQWRBQnBBRzBBWlFCeUFDSUFmUUFzQUhzQUlnQnVBQ0lBT2dBaUFITUFaUUIwQUZRQWFRQnRBR1VBYndCMUFIUUFJZ0FzQUNJQWN3QWlBRG9BTkFBNEFEQUFNQUFzQUNJQVpRQWlBRG9BTkFBNEFEQUFNUUFzQUNJQWJ3QWlBRG9BSWdCM0FHa0FiZ0JrQUc4QWR3QWlBQ3dBSWdCMEFDSUFPZ0FpQUhRQWFRQnRBR1VBY2dBaUFIMEFMQUI3QUNJQWJnQWlBRG9BSWdCekFHVUFkQUJVQUdrQWJRQmxBRzhBZFFCMEFDSUFMQUFpQUhNQUlnQTZBRFFBT0FBd0FERUFMQUFpQUdVQUlnQTZBRFFBT0FBd0FETUFMQUFpQUc4QUlnQTZBQ0lBZHdCcEFHNEFaQUJ2QUhjQUlnQXNBQ0lBZEFBaUFEb0FJZ0IwQUdrQWJRQmxBSElBSWdCOUFDd0Fld0FpQUc0QUlnQTZBQ0lBY3dCbEFIUUFWQUJwQUcwQVpRQnZBSFVBZEFBaUFDd0FJZ0J6QUNJQU9nQTBBRGdBTUFBekFDd0FJZ0JsQUNJQU9nQTBBRGdBTXdBeEFDd0FJZ0J2QUNJQU9nQWlBSGNBYVFCdUFHUUFid0IzQUNJQUxBQWlBSFFBSWdBNkFDSUFkQUJwQUcwQVpRQnlBQ0lBZlFBc0FIc0FJZ0J1QUNJQU9nQWlBSE1BWlFCMEFGUUFhUUJ0QUdVQWJ3QjFBSFFBSWdBc0FDSUFjd0FpQURvQU5BQTRBRE1BTVFBc0FDSUFaUUFpQURvQU5BQTRBRE1BTWdBc0FDSUFid0FpQURvQUlnQjNBR2tBYmdCa0FHOEFkd0FpQUN3QUlnQjBBQ0lBT2dBaUFIUUFhUUJ0QUdVQWNnQWlBSDBBTEFCN0FDSUFiZ0FpQURvQUlnQnpBR1VBZEFCVUFHa0FiUUJsQUc4QWRRQjBBQ0lBTEFBaUFITUFJZ0E2QURRQU9BQXpBRElBTEFBaUFHVUFJZ0E2QURRQU9BQXpBRFVBTEFBaUFHOEFJZ0E2QUNJQWR3QnBBRzRBWkFCdkFIY0FJZ0FzQUNJQWRBQWlBRG9BSWdCMEFHa0FiUUJsQUhJQUlnQjlBQ3dBZXdBaUFHNEFJZ0E2QUNJQWN3QmxBSFFBVkFCcEFHMEFaUUJ2QUhVQWRBQWlBQ3dBSWdCekFDSUFPZ0F4QURrQU5BQXhBRGNBTEFBaUFHVUFJZ0E2QURFQU9RQTBBREVBTndBc0FDSUFid0FpQURvQUlnQjNBR2tBYmdCa0FHOEFkd0FpQUN3QUlnQjBBQ0lBT2dBaUFIUUFhUUJ0QUdVQWNnQWlBSDBBTEFCN0FDSUFiZ0FpQURvQUlnQnpBR1VBZEFCVUFHa0FiUUJsQUc4QWRRQjBBQ0lBTEFBaUFITUFJZ0E2QURFQU9RQTBBREVBTndBc0FDSUFaUUFpQURvQU1RQTVBRFFBTVFBNUFDd0FJZ0J2QUNJQU9nQWlBSGNBYVFCdUFHUUFid0IzQUNJQUxBQWlBSFFBSWdBNkFDSUFkQUJwQUcwQVpRQnlBQ0lBZlFBc0FIc0FJZ0J1QUNJQU9nQWlBSE1BWlFCMEFGUUFhUUJ0QUdVQWJ3QjFBSFFBSWdBc0FDSUFjd0FpQURvQU1RQTVBRFFBTVFBNUFDd0FJZ0JsQUNJQU9nQXhBRGtBTkFBeEFEa0FMQUFpQUc4QUlnQTZBQ0lBZHdCcEFHNEFaQUJ2QUhjQUlnQXNBQ0lBZEFBaUFEb0FJZ0IwQUdrQWJRQmxBSElBSWdCOUFDd0Fld0FpQUc0QUlnQTZBQ0lBY3dCbEFIUUFWQUJwQUcwQVpRQnZBSFVBZEFBaUFDd0FJZ0J6QUNJQU9nQXhBRGtBTkFBeEFEa0FMQUFpQUdVQUlnQTZBREVBT1FBMEFESUFNUUFzQUNJQWJ3QWlBRG9BSWdCM0FHa0FiZ0JrQUc4QWR3QWlBQ3dBSWdCMEFDSUFPZ0FpQUhRQWFRQnRBR1VBY2dBaUFIMEFMQUI3QUNJQWJnQWlBRG9BSWdCekFHVUFkQUJVQUdrQWJRQmxBRzhBZFFCMEFDSUFMQUFpQUhNQUlnQTZBREVBT1FBMEFESUFNUUFzQUNJQVpRQWlBRG9BTVFBNUFEUUFNZ0F5QUN3QUlnQnZBQ0lBT2dBaUFIY0FhUUJ1QUdRQWJ3QjNBQ0lBTEFBaUFIUUFJZ0E2QUNJQWRBQnBBRzBBWlFCeUFDSUFmUUFzQUhzQUlnQnVBQ0lBT2dBaUFITUFaUUIwQUZRQWFRQnRBR1VBYndCMUFIUUFJZ0FzQUNJQWN3QWlBRG9BTVFBNUFEUUFNZ0F5QUN3QUlnQmxBQ0lBT2dBeEFEa0FOQUF5QURVQUxBQWlBRzhBSWdBNkFDSUFkd0JwQUc0QVpBQnZBSGNBSWdBc0FDSUFkQUFpQURvQUlnQjBBR2tBYlFCbEFISUFJZ0I5QUN3QWV3QWlBRzRBSWdBNkFDSUFjd0JsQUhRQVZBQnBBRzBBWlFCdkFIVUFkQUFpQUN3QUlnQnpBQ0lBT2dBeEFEa0FOQUF5QURVQUxBQWlBR1VBSWdBNkFERUFPUUEwQURRQU1RQXNBQ0lBYndBaUFEb0FJZ0IzQUdrQWJnQmtBRzhBZHdBaUFDd0FJZ0IwQUNJQU9nQWlBSFFBYVFCdEFHVUFjZ0FpQUgwQUxBQjdBQ0lBYmdBaUFEb0FJZ0J6QUdVQWRBQlVBR2tBYlFCbEFHOEFkUUIwQUNJQUxBQWlBSE1BSWdBNkFERUFPUUEwQURRQU1RQXNBQ0lBWlFBaUFEb0FNUUE1QURRQU5BQXhBQ3dBSWdCdkFDSUFPZ0FpQUhjQWFRQnVBR1FBYndCM0FDSUFMQUFpQUhRQUlnQTZBQ0lBZEFCcEFHMEFaUUJ5QUNJQWZRQXNBSHNBSWdCdUFDSUFPZ0FpQUhBQWNnQnZBR2NBY2dCbEFITUFjd0FpQUN3QUlnQnpBQ0lBT2dBekFEY0FPQUEzQUN3QUlnQmxBQ0lBT2dBekFEY0FPQUEzQUN3QUlnQnZBQ0lBT2dBaUFIVUFiZ0JrQUdVQVpnQnBBRzRBWlFCa0FDQUFSd0JGQUZRQU9nQWdBSE1BZEFCaEFHY0FhUUJ1QUdjQWNBQnlBR1VBWkFCcEFHTUFkQUExQUM0QWFRQnVBR1lBYkFCMUFHVUFiZ0JqQUdVQWFBQmxBR0VBYkFCMEFHZ0FMZ0JqQUc4QWJRQTZBRFFBTkFBekFDOEFjZ0J2QUhVQWRBQmxBSE1BTGdCcUFITUFid0J1QUNJQUxBQWlBSFFBSWdBNkFDSUFaUUIyQUdVQWJnQjBBQ0lBZlFBc0FIc0FJZ0J1QUNJQU9nQWlBSEFBY2dCdkFHY0FjZ0JsQUhNQWN3QWlBQ3dBSWdCekFDSUFPZ0F6QURrQU1RQTJBQ3dBSWdCbEFDSUFPZ0F6QURrQU1RQTJBQ3dBSWdCdkFDSUFPZ0FpQUhVQWJnQmtBR1VBWmdCcEFHNEFaUUJrQUNBQVJ3QkZBRlFBT2dBZ0FITUFkQUJoQUdjQWFRQnVBR2NBY0FCeUFHVUFaQUJwQUdNQWRBQTFBQzRBYVFCdUFHWUFiQUIxQUdVQWJnQmpBR1VBYUFCbEFHRUFiQUIwQUdnQUxnQmpBRzhBYlFBNkFEUUFOQUF6QUM4QUpBQnRBRzhBWkFCMUFHd0FaUUF2QUd3QVlRQjVBRzhBZFFCMEFITUFMd0JrQUdVQVpnQmhBSFVBYkFCMEFDSUFMQUFpQUhRQUlnQTZBQ0lBWlFCMkFHVUFiZ0IwQUNJQWZRQXNBSHNBSWdCdUFDSUFPZ0FpQUhBQWNnQnZBR2NBY2dCbEFITUFjd0FpQUN3QUlnQnpBQ0lBT2dBekFEa0FNZ0EyQUN3QUlnQmxBQ0lBT2dBekFEa0FNZ0EyQUN3QUlnQnZBQ0lBT2dBaUFIVUFiZ0JrQUdVQVpnQnBBRzRBWlFCa0FDQUFVQUJQQUZNQVZBQTZBQ0FBWWdCaEFHMEFMZ0J1QUhJQUxRQmtBR0VBZEFCaEFDNEFiZ0JsQUhRQU9nQTBBRFFBTXdBdkFISUFaUUJ6QUc4QWRRQnlBR01BWlFCekFDOEFNUUF2QUdVQU5BQm1BRFlBTXdCa0FHRUFOZ0F6QURjQUlnQXNBQ0lBZEFBaUFEb0FJZ0JsQUhZQVpRQnVBSFFBSWdCOUFDd0Fld0FpQUc0QUlnQTZBQ0lBY0FCeUFHOEFad0J5QUdVQWN3QnpBQ0lBTEFBaUFITUFJZ0E2QURNQU9RQTNBRFlBTEFBaUFHVUFJZ0E2QURNQU9RQTNBRFlBTEFBaUFHOEFJZ0E2QUNJQWRRQnVBR1FBWlFCbUFHa0FiZ0JsQUdRQUlBQkhBRVVBVkFBNkFDQUFjd0IwQUdFQVp3QnBBRzRBWndCd0FISUFaUUJrQUdrQVl3QjBBRFVBTGdCcEFHNEFaZ0JzQUhVQVpRQnVBR01BWlFCb0FHVUFZUUJzQUhRQWFBQXVBR01BYndCdEFEb0FOQUEwQURNQUx3QnNBR0VBZVFCdkFIVUFkQUJ6QUM4QVpBQmxBR1lBWVFCMUFHd0FkQUF2QUM4QWJRQmhBR2tBYmdBdUFHb0Fjd0FpQUN3QUlnQjBBQ0lBT2dBaUFHVUFkZ0JsQUc0QWRBQWlBSDBBTEFCN0FDSUFiZ0FpQURvQUlnQndBSElBYndCbkFISUFaUUJ6QUhNQUlnQXNBQ0lBY3dBaUFEb0FOQUF4QURBQU5BQXNBQ0lBWlFBaUFEb0FOQUF4QURBQU5BQXNBQ0lBYndBaUFEb0FJZ0IxQUc0QVpBQmxBR1lBYVFCdUFHVUFaQUFnQUVjQVJRQlVBRG9BSUFCekFIUUFZUUJuQUdrQWJnQm5BSEFBY2dCbEFHUUFhUUJqQUhRQU5RQXVBR2tBYmdCbUFHd0FkUUJsQUc0QVl3QmxBR2dBWlFCaEFHd0FkQUJvQUM0QVl3QnZBRzBBT2dBMEFEUUFNd0F2QUd3QVlRQjVBRzhBZFFCMEFITUFMd0JrQUdVQVpnQmhBSFVBYkFCMEFDOEFhUUJ1QUdRQVpRQjRBQzRBYUFCMEFHMEFiQUFpQUN3QUlnQjBBQ0lBT2dBaUFHVUFkZ0JsQUc0QWRBQWlBSDBBTEFCN0FDSUFiZ0FpQURvQUlnQndBSElBYndCbkFISUFaUUJ6QUhNQUlnQXNBQ0lBY3dBaUFEb0FOQUF4QURnQU13QXNBQ0lBWlFBaUFEb0FOQUF4QURnQU13QXNBQ0lBYndBaUFEb0FJZ0IxQUc0QVpBQmxBR1lBYVFCdUFHVUFaQUFnQUVjQVJRQlVBRG9BSUFCekFIUUFZUUJuQUdrQWJnQm5BSEFBY2dCbEFHUUFhUUJqQUhRQU5RQXVBR2tBYmdCbUFHd0FkUUJsQUc0QVl3QmxBR2dBWlFCaEFHd0FkQUJvQUM0QVl3QnZBRzBBT2dBMEFEUUFNd0F2QUNRQWJRQnZBR1FBZFFCc0FHVUFMd0J0QUc4QVpBQjFBR3dBWlFCekFDOEFjd0JsQUhNQWN3QnBBRzhBYmdBaUFDd0FJZ0IwQUNJQU9nQWlBR1VBZGdCbEFHNEFkQUFpQUgwQUxBQjdBQ0lBYmdBaUFEb0FJZ0J3QUhJQWJ3Qm5BSElBWlFCekFITUFJZ0FzQUNJQWN3QWlBRG9BTkFBeUFETUFPQUFzQUNJQVpRQWlBRG9BTkFBeUFETUFPQUFzQUNJQWJ3QWlBRG9BSWdCMUFHNEFaQUJsQUdZQWFRQnVBR1VBWkFBZ0FFY0FSUUJVQURvQUlBQnpBSFFBWVFCbkFHa0FiZ0JuQUhBQWNnQmxBR1FBYVFCakFIUUFOUUF1QUdrQWJnQm1BR3dBZFFCbEFHNEFZd0JsQUdnQVpRQmhBR3dBZEFCb0FDNEFZd0J2QUcwQU9nQTBBRFFBTXdBdkFHMEFid0JrQUhVQWJBQmxBSE1BTHdCekFHVUFjd0J6QUdrQWJ3QnVBQzhBTHdCdEFHRUFhUUJ1QUM0QWFnQnpBQ0lBTEFBaUFIUUFJZ0E2QUNJQVpRQjJBR1VBYmdCMEFDSUFmUUFzQUhzQUlnQnVBQ0lBT2dBaUFIQUFjZ0J2QUdjQWNnQmxBSE1BY3dBaUFDd0FJZ0J6QUNJQU9nQTBBRElBTXdBNEFDd0FJZ0JsQUNJQU9nQTBBRElBTXdBNEFDd0FJZ0J2QUNJQU9nQWlBSFVBYmdCa0FHVUFaZ0JwQUc0QVpRQmtBQ0FBUndCRkFGUUFPZ0FnQUhNQWRBQmhBR2NBYVFCdUFHY0FjQUJ5QUdVQVpBQnBBR01BZEFBMUFDNEFhUUJ1QUdZQWJBQjFBR1VBYmdCakFHVUFhQUJsQUdFQWJBQjBBR2dBTGdCakFHOEFiUUE2QURRQU5BQXpBQzhBYlFCdkFHUUFkUUJzQUdVQWN3QXZBSE1BWlFCekFITUFhUUJ2QUc0QUx3QXZBRzBBWVFCcEFHNEFMZ0JxQUhNQUlnQXNBQ0lBZEFBaUFEb0FJZ0JsQUhZQVpRQnVBSFFBSWdCOUFDd0Fld0FpQUc0QUlnQTZBQ0lBY0FCeUFHOEFad0J5QUdVQWN3QnpBQ0lBTEFBaUFITUFJZ0E2QURRQU1nQTFBRGtBTEFBaUFHVUFJZ0E2QURRQU1nQTFBRGtBTEFBaUFHOEFJZ0E2QUNJQWRRQnVBR1FBWlFCbUFHa0FiZ0JsQUdRQUlBQkhBRVVBVkFBNkFDQUFjd0IwQUdFQVp3QnBBRzRBWndCd0FISUFaUUJrQUdrQVl3QjBBRFVBTGdCcEFHNEFaZ0JzQUhVQVpRQnVBR01BWlFCb0FHVUFZUUJzQUhRQWFBQXVBR01BYndCdEFEb0FOQUEwQURNQUx3QnRBRzhBWkFCMUFHd0FaUUJ6QUM4QWN3QmxBSE1BY3dCcEFHOEFiZ0F2QUM4QVl3QnZBRzRBZEFCeUFHOEFiQUJzQUdVQWNnQnpBRndBWEFCTUFHOEFad0JwQUc0QVF3QjBBSElBYkFBdUFHb0Fjd0FpQUN3QUlnQjBBQ0lBT2dBaUFHVUFkZ0JsQUc0QWRBQWlBSDBBTEFCN0FDSUFiZ0FpQURvQUlnQndBSElBYndCbkFISUFaUUJ6QUhNQUlnQXNBQ0lBY3dBaUFEb0FOQUF5QURZQU1BQXNBQ0lBWlFBaUFEb0FOQUF5QURZQU1BQXNBQ0lBYndBaUFEb0FJZ0IxQUc0QVpBQmxBR1lBYVFCdUFHVUFaQUFnQUVjQVJRQlVBRG9BSUFCekFIUUFZUUJuQUdrQWJnQm5BSEFBY2dCbEFHUUFhUUJqQUhRQU5RQXVBR2tBYmdCbUFHd0FkUUJsQUc0QVl3QmxBR2dBWlFCaEFHd0FkQUJvQUM0QVl3QnZBRzBBT2dBMEFEUUFNd0F2QUcwQWJ3QmtBSFVBYkFCbEFITUFMd0J6QUdVQWN3QnpBR2tBYndCdUFDOEFMd0JqQUc4QWJnQjBBSElBYndCc0FHd0FaUUJ5QUhNQVhBQmNBRXdBYndCbkFHa0FiZ0JEQUhRQWNnQnNBQzRBYWdCekFDSUFMQUFpQUhRQUlnQTZBQ0lBWlFCMkFHVUFiZ0IwQUNJQWZRQXNBSHNBSWdCdUFDSUFPZ0FpQUhBQWNnQnZBR2NBY2dCbEFITUFjd0FpQUN3QUlnQnpBQ0lBT2dBMEFESUFOZ0F6QUN3QUlnQmxBQ0lBT2dBMEFESUFOZ0F6QUN3QUlnQnZBQ0lBT2dBaUFIVUFiZ0JrQUdVQVpnQnBBRzRBWlFCa0FDQUFSd0JGQUZRQU9nQWdBSE1BZEFCaEFHY0FhUUJ1QUdjQWNBQnlBR1VBWkFCcEFHTUFkQUExQUM0QWFRQnVBR1lBYkFCMUFHVUFiZ0JqQUdVQWFBQmxBR0VBYkFCMEFHZ0FMZ0JqQUc4QWJRQTZBRFFBTkFBekFDOEFiUUJ2QUdRQWRRQnNBR1VBY3dBdkFITUFaUUJ6QUhNQWFRQnZBRzRBTHdBdkFHTUFid0J1QUhRQWNnQnZBR3dBYkFCbEFISUFjd0JjQUZ3QVRBQnZBR2NBYndCMUFIUUFRd0IwQUhJQWJBQXVBR29BY3dBaUFDd0FJZ0IwQUNJQU9nQWlBR1VBZGdCbEFHNEFkQUFpQUgwQUxBQjdBQ0lBYmdBaUFEb0FJZ0J3QUhJQWJ3Qm5BSElBWlFCekFITUFJZ0FzQUNJQWN3QWlBRG9BTkFBeUFEWUFOd0FzQUNJQVpRQWlBRG9BTkFBeUFEWUFOd0FzQUNJQWJ3QWlBRG9BSWdCMUFHNEFaQUJsQUdZQWFRQnVBR1VBWkFBZ0FFY0FSUUJVQURvQUlBQnpBSFFBWVFCbkFHa0FiZ0JuQUhBQWNnQmxBR1FBYVFCakFIUUFOUUF1QUdrQWJnQm1BR3dBZFFCbEFHNEFZd0JsQUdnQVpRQmhBR3dBZEFCb0FDNEFZd0J2QUcwQU9nQTBBRFFBTXdBdkFHMEFid0JrQUhVQWJBQmxBSE1BTHdCekFHVUFjd0J6QUdrQWJ3QnVBQzhBTHdCakFHOEFiZ0IwQUhJQWJ3QnNBR3dBWlFCeUFITUFYQUJjQUZJQWJ3QjFBSFFBWlFCREFIUUFjZ0JzQUM0QWFnQnpBQ0lBTEFBaUFIUUFJZ0E2QUNJQVpRQjJBR1VBYmdCMEFDSUFmUUFzQUhzQUlnQnVBQ0lBT2dBaUFIQUFjZ0J2QUdjQWNnQmxBSE1BY3dBaUFDd0FJZ0J6QUNJQU9nQTBBRElBT0FBMUFDd0FJZ0JsQUNJQU9nQTBBRElBT0FBMUFDd0FJZ0J2QUNJQU9nQWlBSFVBYmdCa0FHVUFaZ0JwQUc0QVpRQmtBQ0FBUndCRkFGUUFPZ0FnQUhNQWRBQmhBR2NBYVFCdUFHY0FjQUJ5QUdVQVpBQnBBR01BZEFBMUFDNEFhUUJ1QUdZQWJBQjFBR1VBYmdCakFHVUFhQUJsQUdFQWJBQjBBR2dBTGdCakFHOEFiUUE2QURRQU5BQXpBQzhBYlFCdkFHUUFkUUJzQUdVQWN3QXZBSE1BWlFCekFITUFhUUJ2QUc0QUx3QmpBRzhBYmdCMEFISUFid0JzQUd3QVpRQnlBSE1BTHdCU0FHOEFkUUIwQUdVQVF3QjBBSElBYkFBdUFHb0Fjd0FpQUN3QUlnQjBBQ0lBT2dBaUFHVUFkZ0JsQUc0QWRBQWlBSDBBTEFCN0FDSUFiZ0FpQURvQUlnQndBSElBYndCbkFISUFaUUJ6QUhNQUlnQXNBQ0lBY3dBaUFEb0FOQUF5QURrQU1RQXNBQ0lBWlFBaUFEb0FOQUF5QURrQU1RQXNBQ0lBYndBaUFEb0FJZ0IxQUc0QVpBQmxBR1lBYVFCdUFHVUFaQUFnQUVjQVJRQlVBRG9BSUFCekFIUUFZUUJuQUdrQWJnQm5BSEFBY2dCbEFHUUFhUUJqQUhRQU5RQXVBR2tBYmdCbUFHd0FkUUJsQUc0QVl3QmxBR2dBWlFCaEFHd0FkQUJvQUM0QVl3QnZBRzBBT2dBMEFEUUFNd0F2QUcwQWJ3QmtBSFVBYkFCbEFITUFMd0J6QUdVQWN3QnpBR2tBYndCdUFDOEFZd0J2QUc0QWRBQnlBRzhBYkFCc0FHVUFjZ0J6QUM4QVRBQnZBR2NBYVFCdUFFTUFkQUJ5QUd3QUxnQnFBSE1BSWdBc0FDSUFkQUFpQURvQUlnQmxBSFlBWlFCdUFIUUFJZ0I5QUN3QWV3QWlBRzRBSWdBNkFDSUFjQUJ5QUc4QVp3QnlBR1VBY3dCekFDSUFMQUFpQUhNQUlnQTZBRFFBTWdBNUFESUFMQUFpQUdVQUlnQTZBRFFBTWdBNUFESUFMQUFpQUc4QUlnQTZBQ0lBZFFCdUFHUUFaUUJtQUdrQWJnQmxBR1FBSUFCSEFFVUFWQUE2QUNBQWN3QjBBR0VBWndCcEFHNEFad0J3QUhJQVpRQmtBR2tBWXdCMEFEVUFMZ0JwQUc0QVpnQnNBSFVBWlFCdUFHTUFaUUJvQUdVQVlRQnNBSFFBYUFBdUFHTUFid0J0QURvQU5BQTBBRE1BTHdCdEFHOEFaQUIxQUd3QVpRQnpBQzhBY3dCbEFITUFjd0JwQUc4QWJnQXZBR01BYndCdUFIUUFjZ0J2QUd3QWJBQmxBSElBY3dBdkFFd0Fid0JuQUdrQWJnQkRBSFFBY2dCc0FDNEFhZ0J6QUNJQUxBQWlBSFFBSWdBNkFDSUFaUUIyQUdVQWJnQjBBQ0lBZlFBc0FIc0FJZ0J1QUNJQU9nQWlBSEFBY2dCdkFHY0FjZ0JsQUhNQWN3QWlBQ3dBSWdCekFDSUFPZ0EwQURJQU9RQTNBQ3dBSWdCbEFDSUFPZ0EwQURJQU9RQTNBQ3dBSWdCdkFDSUFPZ0FpQUhVQWJnQmtBR1VBWmdCcEFHNEFaUUJrQUNBQVJ3QkZBRlFBT2dBZ0FITUFkQUJoQUdjQWFRQnVBR2NBY0FCeUFHVUFaQUJwQUdNQWRBQTFBQzRBYVFCdUFHWUFiQUIxQUdVQWJnQmpBR1VBYUFCbEFHRUFiQUIwQUdnQUxnQmpBRzhBYlFBNkFEUUFOQUF6QUM4QWJRQnZBR1FBZFFCc0FHVUFjd0F2QUhNQVpRQnpBSE1BYVFCdkFHNEFMd0JqQUc4QWJnQjBBSElBYndCc0FHd0FaUUJ5QUhNQUx3Qk1BRzhBWndCdkFIVUFkQUJEQUhRQWNnQnNBQzRBYWdCekFDSUFMQUFpQUhRQUlnQTZBQ0lBWlFCMkFHVUFiZ0IwQUNJQWZRQXNBSHNBSWdCdUFDSUFPZ0FpQUhBQWNnQnZBR2NBY2dCbEFITUFjd0FpQUN3QUlnQnpBQ0lBT2dBMEFETUFNUUF6QUN3QUlnQmxBQ0lBT2dBMEFETUFNUUF6QUN3QUlnQnZBQ0lBT2dBaUFIVUFiZ0JrQUdVQVpnQnBBRzRBWlFCa0FDQUFSd0JGQUZRQU9nQWdBSE1BZEFCaEFHY0FhUUJ1QUdjQWNBQnlBR1VBWkFCcEFHTUFkQUExQUM0QWFRQnVBR1lBYkFCMUFHVUFiZ0JqQUdVQWFBQmxBR0VBYkFCMEFHZ0FMZ0JqQUc4QWJRQTZBRFFBTkFBekFDOEFiUUJ2QUdRQWRRQnNBR1VBY3dBdkFITUFaUUJ6QUhNQWFRQnZBRzRBTHdCcEFHNEFaQUJsQUhnQUxnQm9BSFFBYlFCc0FDSUFMQUFpQUhRQUlnQTZBQ0lBWlFCMkFHVUFiZ0IwQUNJQWZRQXNBSHNBSWdCdUFDSUFPZ0FpQUhBQWNnQnZBR2NBY2dCbEFITUFjd0FpQUN3QUlnQnpBQ0lBT2dBMEFETUFPUUF4QUN3QUlnQmxBQ0lBT2dBMEFETUFPUUF4QUN3QUlnQnZBQ0lBT2dBaUFIVUFiZ0JrQUdVQVpnQnBBRzRBWlFCa0FDQUFSd0JGQUZRQU9nQWdBSE1BZEFCaEFHY0FhUUJ1QUdjQWNBQnlBR1VBWkFCcEFHTUFkQUExQUM0QWFRQnVBR1lBYkFCMUFHVUFiZ0JqQUdVQWFBQmxBR0VBYkFCMEFHZ0FMZ0JqQUc4QWJRQTZBRFFBTkFBekFDOEFkQUJsQUcwQWNBQnNBR0VBZEFCbEFITUFMd0JoQUd3QVpRQnlBSFFBUXdCdkFHNEFkQUJoQUdrQWJnQmxBSElBTGdCb0FIUUFiUUJzQUNJQUxBQWlBSFFBSWdBNkFDSUFaUUIyQUdVQWJnQjBBQ0lBZlFBc0FIc0FJZ0J1QUNJQU9nQWlBSEFBY2dCdkFHY0FjZ0JsQUhNQWN3QWlBQ3dBSWdCekFDSUFPZ0EwQURRQU1nQTRBQ3dBSWdCbEFDSUFPZ0EwQURRQU1nQTRBQ3dBSWdCdkFDSUFPZ0FpQUhVQWJnQmtBR1VBWmdCcEFHNEFaUUJrQUNBQVJ3QkZBRlFBT2dBZ0FITUFkQUJoQUdjQWFRQnVBR2NBY0FCeUFHVUFaQUJwQUdNQWRBQTFBQzRBYVFCdUFHWUFiQUIxQUdVQWJnQmpBR1VBYUFCbEFHRUFiQUIwQUdnQUxnQmpBRzhBYlFBNkFEUUFOQUF6QUM4QWJRQnZBR1FBZFFCc0FHVUFjd0F2QUhNQVpRQnpBSE1BYVFCdkFHNEFMd0IyQUdrQVpRQjNBSE1BTHdCc0FHOEFad0JwQUc0QUxnQm9BSFFBYlFCc0FDSUFMQUFpQUhRQUlnQTZBQ0lBWlFCMkFHVUFiZ0IwQUNJQWZRQXNBSHNBSWdCdUFDSUFPZ0FpQUhBQWNnQnZBR2NBY2dCbEFITUFjd0FpQUN3QUlnQnpBQ0lBT2dBMEFEUUFNZ0E0QUN3QUlnQmxBQ0lBT2dBMEFEUUFNZ0E0QUN3QUlnQnZBQ0lBT2dBaUFIVUFiZ0JrQUdVQVpnQnBBRzRBWlFCa0FDQUFSd0JGQUZRQU9nQWdBSE1BZEFCaEFHY0FhUUJ1QUdjQWNBQnlBR1VBWkFCcEFHTUFkQUExQUM0QWFRQnVBR1lBYkFCMUFHVUFiZ0JqQUdVQWFBQmxBR0VBYkFCMEFHZ0FMZ0JqQUc4QWJRQTZBRFFBTkFBekFDOEFiUUJ2QUdRQWRRQnNBR1VBY3dBdkFITUFaUUJ6QUhNQWFRQnZBRzRBTHdCMkFHa0FaUUIzQUhNQUx3QnNBRzhBWndCcEFHNEFMZ0JvQUhRQWJRQnNBQ0lBTEFBaUFIUUFJZ0E2QUNJQVpRQjJBR1VBYmdCMEFDSUFmUUFzQUhzQUlnQnVBQ0lBT2dBaUFIQUFjZ0J2QUdjQWNnQmxBSE1BY3dBaUFDd0FJZ0J6QUNJQU9nQTBBRGdBTXdBNEFDd0FJZ0JsQUNJQU9nQTBBRGdBTXdBNEFDd0FJZ0J2QUNJQU9nQWlBSFVBYmdCa0FHVUFaZ0JwQUc0QVpRQmtBQ0FBUndCRkFGUUFPZ0FnQUhNQWRBQmhBR2NBYVFCdUFHY0FjQUJ5QUdVQVpBQnBBR01BZEFBMUFDNEFhUUJ1QUdZQWJBQjFBR1VBYmdCakFHVUFhQUJsQUdFQWJBQjBBR2dBTGdCakFHOEFiUUE2QURRQU5BQXpBQzhBYVFCdEFHRUFad0JsQUhNQUx3QlhBR1VBYkFCakFHOEFiUUJsQUMwQWRBQnZBQzBBVUFCeUFHVUFaQUJwQUdNQWRBQXRBR3dBYndCbkFHOEFMZ0J6QUhZQVp3QWlBQ3dBSWdCMEFDSUFPZ0FpQUdVQWRnQmxBRzRBZEFBaUFIMEFMQUI3QUNJQWJnQWlBRG9BSWdCd0FISUFid0JuQUhJQVpRQnpBSE1BSWdBc0FDSUFjd0FpQURvQU5BQTRBRE1BT0FBc0FDSUFaUUFpQURvQU5BQTRBRE1BT0FBc0FDSUFid0FpQURvQUlnQjFBRzRBWkFCbEFHWUFhUUJ1QUdVQVpBQWdBRWNBUlFCVUFEb0FJQUJ6QUhRQVlRQm5BR2tBYmdCbkFIQUFjZ0JsQUdRQWFRQmpBSFFBTlFBdUFHa0FiZ0JtQUd3QWRRQmxBRzRBWXdCbEFHZ0FaUUJoQUd3QWRBQm9BQzRBWXdCdkFHMEFPZ0EwQURRQU13QXZBR2tBYlFCaEFHY0FaUUJ6QUM4QVZ3QmxBR3dBWXdCdkFHMEFaUUF0QUhRQWJ3QXRBRkFBY2dCbEFHUUFhUUJqQUhRQUxRQnNBRzhBWndCdkFDNEFjd0IyQUdjQUlnQXNBQ0lBZEFBaUFEb0FJZ0JsQUhZQVpRQnVBSFFBSWdCOUFDd0Fld0FpQUc0QUlnQTZBQ0lBY0FCeUFHOEFad0J5QUdVQWN3QnpBQ0lBTEFBaUFITUFJZ0E2QURRQU9BQTNBRGdBTEFBaUFHVUFJZ0E2QURRQU9BQTNBRGdBTEFBaUFHOEFJZ0E2QUNJQWRRQnVBR1FBWlFCbUFHa0FiZ0JsQUdRQUlBQkhBRVVBVkFBNkFDQUFjd0IwQUdFQVp3QnBBRzRBWndCd0FISUFaUUJrQUdrQVl3QjBBRFVBTGdCcEFHNEFaZ0JzQUhVQVpRQnVBR01BWlFCb0FHVUFZUUJzQUhRQWFBQXVBR01BYndCdEFEb0FOQUEwQURNQUx3QnBBRzBBWVFCbkFHVUFjd0F2QUd3QWJ3Qm5BR2tBYmdBdEFHMEFZUUJ5QUdzQVpRQjBBR2tBYmdCbkFDMEFkQUJoQUdjQWJBQnBBRzRBWlFBdUFITUFkZ0JuQUNJQUxBQWlBSFFBSWdBNkFDSUFaUUIyQUdVQWJnQjBBQ0lBZlFBc0FIc0FJZ0J1QUNJQU9nQWlBSEFBY2dCdkFHY0FjZ0JsQUhNQWN3QWlBQ3dBSWdCekFDSUFPZ0EwQURnQU53QTVBQ3dBSWdCbEFDSUFPZ0EwQURnQU53QTVBQ3dBSWdCdkFDSUFPZ0FpQUhVQWJnQmtBR1VBWmdCcEFHNEFaUUJrQUNBQVJ3QkZBRlFBT2dBZ0FITUFkQUJoQUdjQWFRQnVBR2NBY0FCeUFHVUFaQUJwQUdNQWRBQTFBQzRBYVFCdUFHWUFiQUIxQUdVQWJnQmpBR1VBYUFCbEFHRUFiQUIwQUdnQUxnQmpBRzhBYlFBNkFEUUFOQUF6QUM4QWFRQnRBR0VBWndCbEFITUFMd0JzQUc4QVp3QnBBRzRBTFFCdEFHRUFjZ0JyQUdVQWRBQnBBRzRBWndBdEFIUUFZUUJuQUd3QWFRQnVBR1VBTGdCekFIWUFad0FpQUN3QUlnQjBBQ0lBT2dBaUFHVUFkZ0JsQUc0QWRBQWlBSDBBTEFCN0FDSUFiZ0FpQURvQUlnQndBSElBYndCbkFISUFaUUJ6QUhNQUlnQXNBQ0lBY3dBaUFEb0FOQUE1QURBQU1RQXNBQ0lBWlFBaUFEb0FOQUE1QURBQU1RQXNBQ0lBYndBaUFEb0FJZ0IxQUc0QVpBQmxBR1lBYVFCdUFHVUFaQUFnQUVjQVJRQlVBRG9BSUFCekFIUUFZUUJuQUdrQWJnQm5BSEFBY2dCbEFHUUFhUUJqQUhRQU5RQXVBR2tBYmdCbUFHd0FkUUJsQUc0QVl3QmxBR2dBWlFCaEFHd0FkQUJvQUM0QVl3QnZBRzBBT2dBMEFEUUFNd0F2QUdrQWJRQmhBR2NBWlFCekFDOEFiUUJoQUhJQWF3QmxBSFFBYVFCdUFHY0FMUUJ3QUc4QWJBQjVBR2NBYndCdUFITUFMZ0J6QUhZQVp3QWlBQ3dBSWdCMEFDSUFPZ0FpQUdVQWRnQmxBRzRBZEFBaUFIMEFMQUI3QUNJQWJnQWlBRG9BSWdCQkFHb0FZUUI0QUNJQUxBQWlBSE1BSWdBNkFETUFOZ0EwQURZQUxBQWlBR1VBSWdBNkFETUFOd0E1QURrQUxBQWlBRzhBSWdBNkFDSUFNZ0F3QURBQUlBQkhBRVVBVkFBNkFDQUFjd0IwQUdFQVp3QnBBRzRBWndCd0FISUFaUUJrQUdrQVl3QjBBRFVBTGdCcEFHNEFaZ0JzQUhVQVpRQnVBR01BWlFCb0FHVUFZUUJzQUhRQWFBQXVBR01BYndCdEFEb0FOQUEwQURNQUx3QnlBRzhBZFFCMEFHVUFjd0F1QUdvQWN3QnZBRzRBSWdBc0FDSUFkQUFpQURvQUlnQmhBR29BWVFCNEFDSUFmUUFzQUhzQUlnQnVBQ0lBT2dBaUFFRUFhZ0JoQUhnQUlnQXNBQ0lBY3dBaUFEb0FNd0EzQURrQU1nQXNBQ0lBWlFBaUFEb0FNd0E1QURJQU5nQXNBQ0lBYndBaUFEb0FJZ0F5QURBQU1BQWdBRWNBUlFCVUFEb0FJQUJ6QUhRQVlRQm5BR2tBYmdCbkFIQUFjZ0JsQUdRQWFRQmpBSFFBTlFBdUFHa0FiZ0JtQUd3QWRRQmxBRzRBWXdCbEFHZ0FaUUJoQUd3QWRBQm9BQzRBWXdCdkFHMEFPZ0EwQURRQU13QXZBQ1FBYlFCdkFHUUFkUUJzQUdVQUx3QnNBR0VBZVFCdkFIVUFkQUJ6QUM4QVpBQmxBR1lBWVFCMUFHd0FkQUFpQUN3QUlnQjBBQ0lBT2dBaUFHRUFhZ0JoQUhnQUlnQjlBQ3dBZXdBaUFHNEFJZ0E2QUNJQVFRQnFBR0VBZUFBaUFDd0FJZ0J6QUNJQU9nQXpBRGNBTndBeUFDd0FJZ0JsQUNJQU9nQXpBRGtBTWdBM0FDd0FJZ0J2QUNJQU9nQWlBRElBTUFBd0FDQUFVQUJQQUZNQVZBQTZBQ0FBWWdCaEFHMEFMZ0J1QUhJQUxRQmtBR0VBZEFCaEFDNEFiZ0JsQUhRQU9nQTBBRFFBTXdBdkFISUFaUUJ6QUc4QWRRQnlBR01BWlFCekFDOEFNUUF2QUdVQU5BQm1BRFlBTXdCa0FHRUFOZ0F6QURjQUlnQXNBQ0lBZEFBaUFEb0FJZ0JoQUdvQVlRQjRBQ0lBZlFBc0FIc0FJZ0J1QUNJQU9nQWlBRUVBYWdCaEFIZ0FJZ0FzQUNJQWN3QWlBRG9BTXdBNUFESUFNUUFzQUNJQVpRQWlBRG9BTXdBNUFEZ0FPQUFzQUNJQWJ3QWlBRG9BSWdBeUFEQUFNQUFnQUVjQVJRQlVBRG9BSUFCekFIUUFZUUJuQUdrQWJnQm5BSEFBY2dCbEFHUUFhUUJqQUhRQU5RQXVBR2tBYmdCbUFHd0FkUUJsQUc0QVl3QmxBR2dBWlFCaEFHd0FkQUJvQUM0QVl3QnZBRzBBT2dBMEFEUUFNd0F2QUd3QVlRQjVBRzhBZFFCMEFITUFMd0JrQUdVQVpnQmhBSFVBYkFCMEFDOEFMd0J0QUdFQWFRQnVBQzRBYWdCekFDSUFMQUFpQUhRQUlnQTZBQ0lBWVFCcUFHRUFlQUFpQUgwQUxBQjdBQ0lBYmdBaUFEb0FJZ0JCQUdvQVlRQjRBQ0lBTEFBaUFITUFJZ0E2QURNQU9RQTRBRFFBTEFBaUFHVUFJZ0E2QURRQU1RQXpBREFBTEFBaUFHOEFJZ0E2QUNJQU1nQXdBREFBSUFCSEFFVUFWQUE2QUNBQWN3QjBBR0VBWndCcEFHNEFad0J3QUhJQVpRQmtBR2tBWXdCMEFEVUFMZ0JwQUc0QVpnQnNBSFVBWlFCdUFHTUFaUUJvQUdVQVlRQnNBSFFBYUFBdUFHTUFid0J0QURvQU5BQTBBRE1BTHdCc0FHRUFlUUJ2QUhVQWRBQnpBQzhBWkFCbEFHWUFZUUIxQUd3QWRBQXZBR2tBYmdCa0FHVUFlQUF1QUdnQWRBQnRBR3dBSWdBc0FDSUFkQUFpQURvQUlnQmhBR29BWVFCNEFDSUFmUUFzQUhzQUlnQnVBQ0lBT2dBaUFFRUFhZ0JoQUhnQUlnQXNBQ0lBY3dBaUFEb0FOQUF4QURJQU5RQXNBQ0lBWlFBaUFEb0FOQUF5QURBQU1nQXNBQ0lBYndBaUFEb0FJZ0F5QURBQU1BQWdBRWNBUlFCVUFEb0FJQUJ6QUhRQVlRQm5BR2tBYmdCbkFIQUFjZ0JsQUdRQWFRQmpBSFFBTlFBdUFHa0FiZ0JtQUd3QWRRQmxBRzRBWXdCbEFHZ0FaUUJoQUd3QWRBQm9BQzRBWXdCdkFHMEFPZ0EwQURRQU13QXZBQ1FBYlFCdkFHUUFkUUJzQUdVQUx3QnRBRzhBWkFCMUFHd0FaUUJ6QUM4QWN3QmxBSE1BY3dCcEFHOEFiZ0FpQUN3QUlnQjBBQ0lBT2dBaUFHRUFhZ0JoQUhnQUlnQjlBQ3dBZXdBaUFHNEFJZ0E2QUNJQVFRQnFBR0VBZUFBaUFDd0FJZ0J6QUNJQU9nQTBBREVBT0FBMkFDd0FJZ0JsQUNJQU9nQTBBRElBTlFBeUFDd0FJZ0J2QUNJQU9nQWlBRElBTUFBd0FDQUFSd0JGQUZRQU9nQWdBSE1BZEFCaEFHY0FhUUJ1QUdjQWNBQnlBR1VBWkFCcEFHTUFkQUExQUM0QWFRQnVBR1lBYkFCMUFHVUFiZ0JqQUdVQWFBQmxBR0VBYkFCMEFHZ0FMZ0JqQUc4QWJRQTZBRFFBTkFBekFDOEFiUUJ2QUdRQWRRQnNBR1VBY3dBdkFITUFaUUJ6QUhNQWFRQnZBRzRBTHdBdkFHMEFZUUJwQUc0QUxnQnFBSE1BSWdBc0FDSUFkQUFpQURvQUlnQmhBR29BWVFCNEFDSUFmUUFzQUhzQUlnQnVBQ0lBT2dBaUFFRUFhZ0JoQUhnQUlnQXNBQ0lBY3dBaUFEb0FOQUF4QURrQU1RQXNBQ0lBWlFBaUFEb0FOQUF5QURZQU1nQXNBQ0lBYndBaUFEb0FJZ0F5QURBQU1BQWdBRWNBUlFCVUFEb0FJQUJ6QUhRQVlRQm5BR2tBYmdCbkFIQUFjZ0JsQUdRQWFRQmpBSFFBTlFBdUFHa0FiZ0JtQUd3QWRRQmxBRzRBWXdCbEFHZ0FaUUJoQUd3QWRBQm9BQzRBWXdCdkFHMEFPZ0EwQURRQU13QXZBRzBBYndCa0FIVUFiQUJsQUhNQUx3QnpBR1VBY3dCekFHa0Fid0J1QUM4QUx3QmpBRzhBYmdCMEFISUFid0JzQUd3QVpRQnlBSE1BWEFCY0FFd0Fid0JuQUdrQWJnQkRBSFFBY2dCc0FDNEFhZ0J6QUNJQUxBQWlBSFFBSWdBNkFDSUFZUUJxQUdFQWVBQWlBSDBBTEFCN0FDSUFiZ0FpQURvQUlnQkJBR29BWVFCNEFDSUFMQUFpQUhNQUlnQTZBRFFBTVFBNUFEVUFMQUFpQUdVQUlnQTZBRFFBTWdBMkFEUUFMQUFpQUc4QUlnQTZBQ0lBTWdBd0FEQUFJQUJIQUVVQVZBQTZBQ0FBY3dCMEFHRUFad0JwQUc0QVp3QndBSElBWlFCa0FHa0FZd0IwQURVQUxnQnBBRzRBWmdCc0FIVUFaUUJ1QUdNQVpRQm9BR1VBWVFCc0FIUUFhQUF1QUdNQWJ3QnRBRG9BTkFBMEFETUFMd0J0QUc4QVpBQjFBR3dBWlFCekFDOEFjd0JsQUhNQWN3QnBBRzhBYmdBdkFDOEFZd0J2QUc0QWRBQnlBRzhBYkFCc0FHVUFjZ0J6QUZ3QVhBQk1BRzhBWndCdkFIVUFkQUJEQUhRQWNnQnNBQzRBYWdCekFDSUFMQUFpQUhRQUlnQTZBQ0lBWVFCcUFHRUFlQUFpQUgwQUxBQjdBQ0lBYmdBaUFEb0FJZ0JCQUdvQVlRQjRBQ0lBTEFBaUFITUFJZ0E2QURRQU1RQTVBRGtBTEFBaUFHVUFJZ0E2QURRQU1nQTNBRFVBTEFBaUFHOEFJZ0E2QUNJQU1nQXdBREFBSUFCSEFFVUFWQUE2QUNBQWN3QjBBR0VBWndCcEFHNEFad0J3QUhJQVpRQmtBR2tBWXdCMEFEVUFMZ0JwQUc0QVpnQnNBSFVBWlFCdUFHTUFaUUJvQUdVQVlRQnNBSFFBYUFBdUFHTUFid0J0QURvQU5BQTBBRE1BTHdCdEFHOEFaQUIxQUd3QVpRQnpBQzhBY3dCbEFITUFjd0JwQUc4QWJnQXZBQzhBWXdCdkFHNEFkQUJ5QUc4QWJBQnNBR1VBY2dCekFGd0FYQUJTQUc4QWRRQjBBR1VBUXdCMEFISUFiQUF1QUdvQWN3QWlBQ3dBSWdCMEFDSUFPZ0FpQUdFQWFnQmhBSGdBSWdCOUFDd0Fld0FpQUc0QUlnQTZBQ0lBUVFCcUFHRUFlQUFpQUN3QUlnQnpBQ0lBT2dBMEFESUFOQUF5QUN3QUlnQmxBQ0lBT2dBMEFESUFPQUEyQUN3QUlnQnZBQ0lBT2dBaUFESUFNQUF3QUNBQVJ3QkZBRlFBT2dBZ0FITUFkQUJoQUdjQWFRQnVBR2NBY0FCeUFHVUFaQUJwQUdNQWRBQTFBQzRBYVFCdUFHWUFiQUIxQUdVQWJnQmpBR1VBYUFCbEFHRUFiQUIwQUdnQUxnQmpBRzhBYlFBNkFEUUFOQUF6QUM4QWJRQnZBR1FBZFFCc0FHVUFjd0F2QUhNQVpRQnpBSE1BYVFCdkFHNEFMd0JqQUc4QWJnQjBBSElBYndCc0FHd0FaUUJ5QUhNQUx3QlNBRzhBZFFCMEFHVUFRd0IwQUhJQWJBQXVBR29BY3dBaUFDd0FJZ0IwQUNJQU9nQWlBR0VBYWdCaEFIZ0FJZ0I5QUN3QWV3QWlBRzRBSWdBNkFDSUFRUUJxQUdFQWVBQWlBQ3dBSWdCekFDSUFPZ0EwQURJQU5BQTJBQ3dBSWdCbEFDSUFPZ0EwQURJQU9RQTBBQ3dBSWdCdkFDSUFPZ0FpQURJQU1BQXdBQ0FBUndCRkFGUUFPZ0FnQUhNQWRBQmhBR2NBYVFCdUFHY0FjQUJ5QUdVQVpBQnBBR01BZEFBMUFDNEFhUUJ1QUdZQWJBQjFBR1VBYmdCakFHVUFhQUJsQUdFQWJBQjBBR2dBTGdCakFHOEFiUUE2QURRQU5BQXpBQzhBYlFCdkFHUUFkUUJzQUdVQWN3QXZBSE1BWlFCekFITUFhUUJ2QUc0QUx3QmpBRzhBYmdCMEFISUFid0JzQUd3QVpRQnlBSE1BTHdCTUFHOEFad0JwQUc0QVF3QjBBSElBYkFBdUFHb0Fjd0FpQUN3QUlnQjBBQ0lBT2dBaUFHRUFhZ0JoQUhnQUlnQjlBQ3dBZXdBaUFHNEFJZ0E2QUNJQVFRQnFBR0VBZUFBaUFDd0FJZ0J6QUNJQU9nQTBBRElBTlFBd0FDd0FJZ0JsQUNJQU9nQTBBRElBT1FBNEFDd0FJZ0J2QUNJQU9nQWlBRElBTUFBd0FDQUFSd0JGQUZRQU9nQWdBSE1BZEFCaEFHY0FhUUJ1QUdjQWNBQnlBR1VBWkFCcEFHTUFkQUExQUM0QWFRQnVBR1lBYkFCMUFHVUFiZ0JqQUdVQWFBQmxBR0VBYkFCMEFHZ0FMZ0JqQUc4QWJRQTZBRFFBTkFBekFDOEFiUUJ2QUdRQWRRQnNBR1VBY3dBdkFITUFaUUJ6QUhNQWFRQnZBRzRBTHdCakFHOEFiZ0IwQUhJQWJ3QnNBR3dBWlFCeUFITUFMd0JNQUc4QVp3QnZBSFVBZEFCREFIUUFjZ0JzQUM0QWFnQnpBQ0lBTEFBaUFIUUFJZ0E2QUNJQVlRQnFBR0VBZUFBaUFIMEFMQUI3QUNJQWJnQWlBRG9BSWdCQkFHb0FZUUI0QUNJQUxBQWlBSE1BSWdBNkFEUUFNZ0EzQURJQUxBQWlBR1VBSWdBNkFEUUFNd0ExQURJQUxBQWlBRzhBSWdBNkFDSUFNZ0F3QURBQUlBQkhBRVVBVkFBNkFDQUFjd0IwQUdFQVp3QnBBRzRBWndCd0FISUFaUUJrQUdrQVl3QjBBRFVBTGdCcEFHNEFaZ0JzQUhVQVpRQnVBR01BWlFCb0FHVUFZUUJzQUhRQWFBQXVBR01BYndCdEFEb0FOQUEwQURNQUx3QnRBRzhBWkFCMUFHd0FaUUJ6QUM4QWN3QmxBSE1BY3dCcEFHOEFiZ0F2QUdrQWJnQmtBR1VBZUFBdUFHZ0FkQUJ0QUd3QUlnQXNBQ0lBZEFBaUFEb0FJZ0JoQUdvQVlRQjRBQ0lBZlFBc0FIc0FJZ0J1QUNJQU9nQWlBRUVBYWdCaEFIZ0FJZ0FzQUNJQWN3QWlBRG9BTkFBekFETUFOd0FzQUNJQVpRQWlBRG9BTkFBMEFESUFNd0FzQUNJQWJ3QWlBRG9BSWdBeUFEQUFNQUFnQUVjQVJRQlVBRG9BSUFCekFIUUFZUUJuQUdrQWJnQm5BSEFBY2dCbEFHUUFhUUJqQUhRQU5RQXVBR2tBYmdCbUFHd0FkUUJsQUc0QVl3QmxBR2dBWlFCaEFHd0FkQUJvQUM0QVl3QnZBRzBBT2dBMEFEUUFNd0F2QUhRQVpRQnRBSEFBYkFCaEFIUUFaUUJ6QUM4QVlRQnNBR1VBY2dCMEFFTUFid0J1QUhRQVlRQnBBRzRBWlFCeUFDNEFhQUIwQUcwQWJBQWlBQ3dBSWdCMEFDSUFPZ0FpQUdFQWFnQmhBSGdBSWdCOUFDd0Fld0FpQUc0QUlnQTZBQ0lBUVFCcUFHRUFlQUFpQUN3QUlnQnpBQ0lBT2dBMEFETUFOQUE1QUN3QUlnQmxBQ0lBT2dBMEFEY0FNd0ExQUN3QUlnQnZBQ0lBT2dBaUFESUFNQUF3QUNBQVJ3QkZBRlFBT2dBZ0FITUFkQUJoQUdjQWFRQnVBR2NBY0FCeUFHVUFaQUJwQUdNQWRBQTFBQzRBYVFCdUFHWUFiQUIxQUdVQWJnQmpBR1VBYUFCbEFHRUFiQUIwQUdnQUxnQmpBRzhBYlFBNkFEUUFOQUF6QUM4QWJRQnZBR1FBZFFCc0FHVUFjd0F2QUhNQVpRQnpBSE1BYVFCdkFHNEFMd0IyQUdrQVpRQjNBSE1BTHdCc0FHOEFad0JwQUc0QUxnQm9BSFFBYlFCc0FDSUFMQUFpQUhRQUlnQTZBQ0lBWVFCcUFHRUFlQUFpQUgwQUxBQjdBQ0lBYmdBaUFEb0FJZ0JCQUdvQVlRQjRBQ0lBTEFBaUFITUFJZ0E2QURRQU5nQTNBRGtBTEFBaUFHVUFJZ0E2QURRQU9BQTNBRGNBTEFBaUFHOEFJZ0E2QUNJQU1nQXdBREFBSUFCSEFFVUFWQUE2QUNBQWN3QjBBR0VBWndCcEFHNEFad0J3QUhJQVpRQmtBR2tBWXdCMEFEVUFMZ0JwQUc0QVpnQnNBSFVBWlFCdUFHTUFaUUJvQUdVQVlRQnNBSFFBYUFBdUFHTUFid0J0QURvQU5BQTBBRE1BTHdCcEFHMEFZUUJuQUdVQWN3QXZBRmNBWlFCc0FHTUFid0J0QUdVQUxRQjBBRzhBTFFCUUFISUFaUUJrQUdrQVl3QjBBQzBBYkFCdkFHY0Fid0F1QUhNQWRnQm5BQ0lBTEFBaUFIUUFJZ0E2QUNJQVlRQnFBR0VBZUFBaUFIMEFMQUI3QUNJQWJnQWlBRG9BSWdCQkFHb0FZUUI0QUNJQUxBQWlBSE1BSWdBNkFEUUFOZ0E0QURNQUxBQWlBR1VBSWdBNkFEUUFPUUF3QURFQUxBQWlBRzhBSWdBNkFDSUFNZ0F3QURBQUlBQkhBRVVBVkFBNkFDQUFjd0IwQUdFQVp3QnBBRzRBWndCd0FISUFaUUJrQUdrQVl3QjBBRFVBTGdCcEFHNEFaZ0JzQUhVQVpRQnVBR01BWlFCb0FHVUFZUUJzQUhRQWFBQXVBR01BYndCdEFEb0FOQUEwQURNQUx3QnBBRzBBWVFCbkFHVUFjd0F2QUd3QWJ3Qm5BR2tBYmdBdEFHMEFZUUJ5QUdzQVpRQjBBR2tBYmdCbkFDMEFkQUJoQUdjQWJBQnBBRzRBWlFBdUFITUFkZ0JuQUNJQUxBQWlBSFFBSWdBNkFDSUFZUUJxQUdFQWVBQWlBSDBBTEFCN0FDSUFiZ0FpQURvQUlnQkJBR29BWVFCNEFDSUFMQUFpQUhNQUlnQTZBRFFBTmdBNEFEY0FMQUFpQUdVQUlnQTZBRFFBT1FBeEFESUFMQUFpQUc4QUlnQTZBQ0lBTWdBd0FEQUFJQUJIQUVVQVZBQTZBQ0FBY3dCMEFHRUFad0JwQUc0QVp3QndBSElBWlFCa0FHa0FZd0IwQURVQUxnQnBBRzRBWmdCc0FIVUFaUUJ1QUdNQVpRQm9BR1VBWVFCc0FIUUFhQUF1QUdNQWJ3QnRBRG9BTkFBMEFETUFMd0JwQUcwQVlRQm5BR1VBY3dBdkFHMEFZUUJ5QUdzQVpRQjBBR2tBYmdCbkFDMEFjQUJ2QUd3QWVRQm5BRzhBYmdCekFDNEFjd0IyQUdjQUlnQXNBQ0lBZEFBaUFEb0FJZ0JoQUdvQVlRQjRBQ0lBZlFBc0FIc0FJZ0J1QUNJQU9nQWlBSE1BZEFCdkFISUFZUUJuQUdVQUlnQXNBQ0lBY3dBaUFEb0FOQUEwQURJQU13QXNBQ0lBWlFBaUFEb0FOQUEwQURJQU13QXNBQ0lBYndBaUFEb0FJZ0IzQUdrQWJnQmtBRzhBZHdBaUFDd0FJZ0IwQUNJQU9nQWlBR1VBZGdCbEFHNEFkQUFpQUgwQUxBQjdBQ0lBYmdBaUFEb0FJZ0J6QUhRQWJ3QnlBR0VBWndCbEFDSUFMQUFpQUhNQUlnQTZBRFFBTndBMUFEWUFMQUFpQUdVQUlnQTZBRFFBTndBMUFEWUFMQUFpQUc4QUlnQTZBQ0lBZHdCcEFHNEFaQUJ2QUhjQUlnQXNBQ0lBZEFBaUFEb0FJZ0JsQUhZQVpRQnVBSFFBSWdCOUFDd0Fld0FpQUc0QUlnQTZBQ0lBY3dCMEFHOEFjZ0JoQUdjQVpRQWlBQ3dBSWdCekFDSUFPZ0EwQURjQU5RQTNBQ3dBSWdCbEFDSUFPZ0EwQURjQU5RQTNBQ3dBSWdCdkFDSUFPZ0FpQUhjQWFRQnVBR1FBYndCM0FDSUFMQUFpQUhRQUlnQTZBQ0lBWlFCMkFHVUFiZ0IwQUNJQWZRQXNBSHNBSWdCdUFDSUFPZ0FpQUhNQWRBQnZBSElBWVFCbkFHVUFJZ0FzQUNJQWN3QWlBRG9BTkFBM0FEVUFOd0FzQUNJQVpRQWlBRG9BTkFBM0FEVUFOd0FzQUNJQWJ3QWlBRG9BSWdCM0FHa0FiZ0JrQUc4QWR3QWlBQ3dBSWdCMEFDSUFPZ0FpQUdVQWRnQmxBRzRBZEFBaUFIMEFMQUI3QUNJQWJnQWlBRG9BSWdCekFIUUFid0J5QUdFQVp3QmxBQ0lBTEFBaUFITUFJZ0E2QURRQU53QTFBRGNBTEFBaUFHVUFJZ0E2QURRQU53QTFBRGNBTEFBaUFHOEFJZ0E2QUNJQWR3QnBBRzRBWkFCdkFIY0FJZ0FzQUNJQWRBQWlBRG9BSWdCbEFIWUFaUUJ1QUhRQUlnQjlBQ3dBZXdBaUFHNEFJZ0E2QUNJQWN3QjBBRzhBY2dCaEFHY0FaUUFpQUN3QUlnQnpBQ0lBT2dBMEFEY0FOUUE0QUN3QUlnQmxBQ0lBT2dBMEFEY0FOUUE0QUN3QUlnQnZBQ0lBT2dBaUFIY0FhUUJ1QUdRQWJ3QjNBQ0lBTEFBaUFIUUFJZ0E2QUNJQVpRQjJBR1VBYmdCMEFDSUFmUUFzQUhzQUlnQnVBQ0lBT2dBaUFITUFkQUJ2QUhJQVlRQm5BR1VBSWdBc0FDSUFjd0FpQURvQU5BQTNBRFVBT0FBc0FDSUFaUUFpQURvQU5BQTNBRFVBT0FBc0FDSUFid0FpQURvQUlnQjNBR2tBYmdCa0FHOEFkd0FpQUN3QUlnQjBBQ0lBT2dBaUFHVUFkZ0JsQUc0QWRBQWlBSDBBTEFCN0FDSUFiZ0FpQURvQUlnQnpBSFFBYndCeUFHRUFad0JsQUNJQUxBQWlBSE1BSWdBNkFEUUFOd0ExQURnQUxBQWlBR1VBSWdBNkFEUUFOd0ExQURnQUxBQWlBRzhBSWdBNkFDSUFkd0JwQUc0QVpBQnZBSGNBSWdBc0FDSUFkQUFpQURvQUlnQmxBSFlBWlFCdUFIUUFJZ0I5QUN3QWV3QWlBRzRBSWdBNkFDSUFjd0IwQUc4QWNnQmhBR2NBWlFBaUFDd0FJZ0J6QUNJQU9nQTBBRGtBTWdBekFDd0FJZ0JsQUNJQU9nQTBBRGtBTWdBekFDd0FJZ0J2QUNJQU9nQWlBSGNBYVFCdUFHUUFid0IzQUNJQUxBQWlBSFFBSWdBNkFDSUFaUUIyQUdVQWJnQjBBQ0lBZlFBc0FIc0FJZ0J1QUNJQU9nQWlBSE1BZEFCdkFISUFZUUJuQUdVQUlnQXNBQ0lBY3dBaUFEb0FOQUE1QURJQU5BQXNBQ0lBWlFBaUFEb0FOQUE1QURJQU5BQXNBQ0lBYndBaUFEb0FJZ0IzQUdrQWJnQmtBRzhBZHdBaUFDd0FJZ0IwQUNJQU9nQWlBR1VBZGdCbEFHNEFkQUFpQUgwQUxBQjdBQ0lBYmdBaUFEb0FJZ0J6QUhRQWJ3QnlBR0VBWndCbEFDSUFMQUFpQUhNQUlnQTZBRFFBT1FBeUFEUUFMQUFpQUdVQUlnQTZBRFFBT1FBeUFEUUFMQUFpQUc4QUlnQTZBQ0lBZHdCcEFHNEFaQUJ2QUhjQUlnQXNBQ0lBZEFBaUFEb0FJZ0JsQUhZQVpRQnVBSFFBSWdCOUFDd0Fld0FpQUc0QUlnQTZBQ0lBYVFCdUFIQUFkUUIwQUNJQUxBQWlBSE1BSWdBNkFEUUFPUUF4QURJQUxBQWlBR1VBSWdBNkFEUUFPUUF4QURZQUxBQWlBRzhBSWdBNkFDSUFhUUJ1QUhBQWRRQjBBQ01BYVFCa0FGOEFjQUJoQUhNQWN3QXVBR1lBYndCeUFHMEFMUUJqQUc4QWJnQjBBSElBYndCc0FDNEFiZ0JuQUMwQWFRQnVBSFlBWVFCc0FHa0FaQUF1QUc0QVp3QXRBR2tBYmdCMkFHRUFiQUJwQUdRQUxRQnlBR1VBY1FCMUFHa0FjZ0JsQUdRQUxnQnVBR2NBTFFCa0FHa0FjZ0IwQUhrQUlnQXNBQ0lBZEFBaUFEb0FJZ0JsQUhZQVpRQnVBSFFBSWdCOUFDd0Fld0FpQUc0QUlnQTZBQ0lBZUFCdEFHd0FhQUIwQUhRQWNBQnlBR1VBY1FCMUFHVUFjd0IwQUNJQUxBQWlBSE1BSWdBNkFETUFOd0F4QURVQUxBQWlBR1VBSWdBNkFETUFOd0F5QURFQUxBQWlBRzhBSWdBNkFDSUFhQUIwQUhRQWNBQnpBRG9BTHdBdkFITUFkQUJoQUdjQWFRQnVBR2NBY0FCeUFHVUFaQUJwQUdNQWRBQTFBQzRBYVFCdUFHWUFiQUIxQUdVQWJnQmpBR1VBYUFCbEFHRUFiQUIwQUdnQUxnQmpBRzhBYlFBNkFEUUFOQUF6QUM4QWNnQnZBSFVBZEFCbEFITUFMZ0JxQUhNQWJ3QnVBQ0lBTEFBaUFIUUFJZ0E2QUNJQWNnQmxBSE1BYndCMUFISUFZd0JsQUNJQWZRQXNBSHNBSWdCdUFDSUFPZ0FpQUhnQWJRQnNBR2dBZEFCMEFIQUFjZ0JsQUhFQWRRQmxBSE1BZEFBaUFDd0FJZ0J6QUNJQU9nQXpBRGNBT1FBNUFDd0FJZ0JsQUNJQU9nQXpBRGtBTVFBMUFDd0FJZ0J2QUNJQU9nQWlBR2dBZEFCMEFIQUFjd0E2QUM4QUx3QmlBR0VBYlFBdUFHNEFjZ0F0QUdRQVlRQjBBR0VBTGdCdUFHVUFkQUE2QURRQU5BQXpBQzhBY2dCbEFITUFid0IxQUhJQVl3QmxBSE1BTHdBeEFDOEFaUUEwQUdZQU5nQXpBR1FBWVFBMkFETUFOd0FpQUN3QUlnQjBBQ0lBT2dBaUFISUFaUUJ6QUc4QWRRQnlBR01BWlFBaUFIMEFMQUI3QUNJQWJnQWlBRG9BSWdCNEFHMEFiQUJvQUhRQWRBQndBSElBWlFCeEFIVUFaUUJ6QUhRQUlnQXNBQ0lBY3dBaUFEb0FNd0E1QURBQU13QXNBQ0lBWlFBaUFEb0FNd0E1QURFQU1RQXNBQ0lBYndBaUFEb0FJZ0JvQUhRQWRBQndBSE1BT2dBdkFDOEFjd0IwQUdFQVp3QnBBRzRBWndCd0FISUFaUUJrQUdrQVl3QjBBRFVBTGdCcEFHNEFaZ0JzQUhVQVpRQnVBR01BWlFCb0FHVUFZUUJzQUhRQWFBQXVBR01BYndCdEFEb0FOQUEwQURNQUx3QWtBRzBBYndCa0FIVUFiQUJsQUM4QWJBQmhBSGtBYndCMUFIUUFjd0F2QUdRQVpRQm1BR0VBZFFCc0FIUUFJZ0FzQUNJQWRBQWlBRG9BSWdCeUFHVUFjd0J2QUhVQWNnQmpBR1VBSWdCOUFDd0Fld0FpQUc0QUlnQTZBQ0lBZUFCdEFHd0FhQUIwQUhRQWNBQnlBR1VBY1FCMUFHVUFjd0IwQUNJQUxBQWlBSE1BSWdBNkFETUFPUUF5QURjQUxBQWlBR1VBSWdBNkFETUFPUUEzQURVQUxBQWlBRzhBSWdBNkFDSUFhQUIwQUhRQWNBQnpBRG9BTHdBdkFITUFkQUJoQUdjQWFRQnVBR2NBY0FCeUFHVUFaQUJwQUdNQWRBQTFBQzRBYVFCdUFHWUFiQUIxQUdVQWJnQmpBR1VBYUFCbEFHRUFiQUIwQUdnQUxnQmpBRzhBYlFBNkFEUUFOQUF6QUM4QWJBQmhBSGtBYndCMUFIUUFjd0F2QUdRQVpRQm1BR0VBZFFCc0FIUUFMd0F2QUcwQVlRQnBBRzRBTGdCcUFITUFJZ0FzQUNJQWRBQWlBRG9BSWdCeUFHVUFjd0J2QUhVQWNnQmpBR1VBSWdCOUFDd0Fld0FpQUc0QUlnQTZBQ0lBZUFCdEFHd0FhQUIwQUhRQWNBQnlBR1VBY1FCMUFHVUFjd0IwQUNJQUxBQWlBSE1BSWdBNkFETUFPUUE0QURnQUxBQWlBR1VBSWdBNkFEUUFNUUF3QURNQUxBQWlBRzhBSWdBNkFDSUFhQUIwQUhRQWNBQnpBRG9BTHdBdkFITUFkQUJoQUdjQWFRQnVBR2NBY0FCeUFHVUFaQUJwQUdNQWRBQTFBQzRBYVFCdUFHWUFiQUIxQUdVQWJnQmpBR1VBYUFCbEFHRUFiQUIwQUdnQUxnQmpBRzhBYlFBNkFEUUFOQUF6QUM4QWJBQmhBSGtBYndCMUFIUUFjd0F2QUdRQVpRQm1BR0VBZFFCc0FIUUFMd0JwQUc0QVpBQmxBSGdBTGdCb0FIUUFiUUJzQUNJQUxBQWlBSFFBSWdBNkFDSUFjZ0JsQUhNQWJ3QjFBSElBWXdCbEFDSUFmUUFzQUhzQUlnQnVBQ0lBT2dBaUFIZ0FiUUJzQUdnQWRBQjBBSEFBY2dCbEFIRUFkUUJsQUhNQWRBQWlBQ3dBSWdCekFDSUFPZ0EwQURFQU13QXdBQ3dBSWdCbEFDSUFPZ0EwQURFQU9BQXlBQ3dBSWdCdkFDSUFPZ0FpQUdnQWRBQjBBSEFBY3dBNkFDOEFMd0J6QUhRQVlRQm5BR2tBYmdCbkFIQUFjZ0JsQUdRQWFRQmpBSFFBTlFBdUFHa0FiZ0JtQUd3QWRRQmxBRzRBWXdCbEFHZ0FaUUJoQUd3QWRBQm9BQzRBWXdCdkFHMEFPZ0EwQURRQU13QXZBQ1FBYlFCdkFHUUFkUUJzQUdVQUx3QnRBRzhBWkFCMUFHd0FaUUJ6QUM4QWN3QmxBSE1BY3dCcEFHOEFiZ0FpQUN3QUlnQjBBQ0lBT2dBaUFISUFaUUJ6QUc4QWRRQnlBR01BWlFBaUFIMEFMQUI3QUNJQWJnQWlBRG9BSWdCNEFHMEFiQUJvQUhRQWRBQndBSElBWlFCeEFIVUFaUUJ6QUhRQUlnQXNBQ0lBY3dBaUFEb0FOQUF5QURBQU1nQXNBQ0lBWlFBaUFEb0FOQUF5QURNQU53QXNBQ0lBYndBaUFEb0FJZ0JvQUhRQWRBQndBSE1BT2dBdkFDOEFjd0IwQUdFQVp3QnBBRzRBWndCd0FISUFaUUJrQUdrQVl3QjBBRFVBTGdCcEFHNEFaZ0JzQUhVQVpRQnVBR01BWlFCb0FHVUFZUUJzQUhRQWFBQXVBR01BYndCdEFEb0FOQUEwQURNQUx3QnRBRzhBWkFCMUFHd0FaUUJ6QUM4QWN3QmxBSE1BY3dCcEFHOEFiZ0F2QUM4QWJRQmhBR2tBYmdBdUFHb0Fjd0FpQUN3QUlnQjBBQ0lBT2dBaUFISUFaUUJ6QUc4QWRRQnlBR01BWlFBaUFIMEFMQUI3QUNJQWJnQWlBRG9BSWdCNEFHMEFiQUJvQUhRQWRBQndBSElBWlFCeEFIVUFaUUJ6QUhRQUlnQXNBQ0lBY3dBaUFEb0FOQUF5QURBQU1nQXNBQ0lBWlFBaUFEb0FOQUF5QURVQU5nQXNBQ0lBYndBaUFEb0FJZ0JvQUhRQWRBQndBSE1BT2dBdkFDOEFjd0IwQUdFQVp3QnBBRzRBWndCd0FISUFaUUJrQUdrQVl3QjBBRFVBTGdCcEFHNEFaZ0JzQUhVQVpRQnVBR01BWlFCb0FHVUFZUUJzQUhRQWFBQXVBR01BYndCdEFEb0FOQUEwQURNQUx3QnRBRzhBWkFCMUFHd0FaUUJ6QUM4QWN3QmxBSE1BY3dCcEFHOEFiZ0F2QUM4QVl3QnZBRzRBZEFCeUFHOEFiQUJzQUdVQWNnQnpBQzhBVEFCdkFHY0FhUUJ1QUVNQWRBQnlBR3dBTGdCcUFITUFJZ0FzQUNJQWRBQWlBRG9BSWdCeUFHVUFjd0J2QUhVQWNnQmpBR1VBSWdCOUFDd0Fld0FpQUc0QUlnQTZBQ0lBZUFCdEFHd0FhQUIwQUhRQWNBQnlBR1VBY1FCMUFHVUFjd0IwQUNJQUxBQWlBSE1BSWdBNkFEUUFNZ0F3QURJQUxBQWlBR1VBSWdBNkFEUUFNZ0ExQURnQUxBQWlBRzhBSWdBNkFDSUFhQUIwQUhRQWNBQnpBRG9BTHdBdkFITUFkQUJoQUdjQWFRQnVBR2NBY0FCeUFHVUFaQUJwQUdNQWRBQTFBQzRBYVFCdUFHWUFiQUIxQUdVQWJnQmpBR1VBYUFCbEFHRUFiQUIwQUdnQUxnQmpBRzhBYlFBNkFEUUFOQUF6QUM4QWJRQnZBR1FBZFFCc0FHVUFjd0F2QUhNQVpRQnpBSE1BYVFCdkFHNEFMd0F2QUdNQWJ3QnVBSFFBY2dCdkFHd0FiQUJsQUhJQWN3QXZBRXdBYndCbkFHOEFkUUIwQUVNQWRBQnlBR3dBTGdCcUFITUFJZ0FzQUNJQWRBQWlBRG9BSWdCeUFHVUFjd0J2QUhVQWNnQmpBR1VBSWdCOUFDd0Fld0FpQUc0QUlnQTZBQ0lBZUFCdEFHd0FhQUIwQUhRQWNBQnlBR1VBY1FCMUFHVUFjd0IwQUNJQUxBQWlBSE1BSWdBNkFEUUFNZ0F3QURJQUxBQWlBR1VBSWdBNkFEUUFNZ0EyQURZQUxBQWlBRzhBSWdBNkFDSUFhQUIwQUhRQWNBQnpBRG9BTHdBdkFITUFkQUJoQUdjQWFRQnVBR2NBY0FCeUFHVUFaQUJwQUdNQWRBQTFBQzRBYVFCdUFHWUFiQUIxQUdVQWJnQmpBR1VBYUFCbEFHRUFiQUIwQUdnQUxnQmpBRzhBYlFBNkFEUUFOQUF6QUM4QWJRQnZBR1FBZFFCc0FHVUFjd0F2QUhNQVpRQnpBSE1BYVFCdkFHNEFMd0F2QUdNQWJ3QnVBSFFBY2dCdkFHd0FiQUJsQUhJQWN3QXZBRklBYndCMUFIUUFaUUJEQUhRQWNnQnNBQzRBYWdCekFDSUFMQUFpQUhRQUlnQTZBQ0lBY2dCbEFITUFid0IxQUhJQVl3QmxBQ0lBZlFBc0FIc0FJZ0J1QUNJQU9nQWlBSGdBYlFCc0FHZ0FkQUIwQUhBQWNnQmxBSEVBZFFCbEFITUFkQUFpQUN3QUlnQnpBQ0lBT2dBMEFESUFOZ0EwQUN3QUlnQmxBQ0lBT2dBMEFESUFPQUEwQUN3QUlnQnZBQ0lBT2dBaUFHZ0FkQUIwQUhBQWN3QTZBQzhBTHdCekFIUUFZUUJuQUdrQWJnQm5BSEFBY2dCbEFHUUFhUUJqQUhRQU5RQXVBR2tBYmdCbUFHd0FkUUJsQUc0QVl3QmxBR2dBWlFCaEFHd0FkQUJvQUM0QVl3QnZBRzBBT2dBMEFEUUFNd0F2QUcwQWJ3QmtBSFVBYkFCbEFITUFMd0J6QUdVQWN3QnpBR2tBYndCdUFDOEFZd0J2QUc0QWRBQnlBRzhBYkFCc0FHVUFjZ0J6QUM4QVVnQnZBSFVBZEFCbEFFTUFkQUJ5QUd3QUxnQnFBSE1BSWdBc0FDSUFkQUFpQURvQUlnQnlBR1VBY3dCdkFIVUFjZ0JqQUdVQUlnQjlBQ3dBZXdBaUFHNEFJZ0E2QUNJQWVBQnRBR3dBYUFCMEFIUUFjQUJ5QUdVQWNRQjFBR1VBY3dCMEFDSUFMQUFpQUhNQUlnQTZBRFFBTWdBMkFEWUFMQUFpQUdVQUlnQTZBRFFBTWdBNUFEQUFMQUFpQUc4QUlnQTZBQ0lBYUFCMEFIUUFjQUJ6QURvQUx3QXZBSE1BZEFCaEFHY0FhUUJ1QUdjQWNBQnlBR1VBWkFCcEFHTUFkQUExQUM0QWFRQnVBR1lBYkFCMUFHVUFiZ0JqQUdVQWFBQmxBR0VBYkFCMEFHZ0FMZ0JqQUc4QWJRQTZBRFFBTkFBekFDOEFiUUJ2QUdRQWRRQnNBR1VBY3dBdkFITUFaUUJ6QUhNQWFRQnZBRzRBTHdCakFHOEFiZ0IwQUhJQWJ3QnNBR3dBWlFCeUFITUFMd0JNQUc4QVp3QnBBRzRBUXdCMEFISUFiQUF1QUdvQWN3QWlBQ3dBSWdCMEFDSUFPZ0FpQUhJQVpRQnpBRzhBZFFCeUFHTUFaUUFpQUgwQUxBQjdBQ0lBYmdBaUFEb0FJZ0I0QUcwQWJBQm9BSFFBZEFCd0FISUFaUUJ4QUhVQVpRQnpBSFFBSWdBc0FDSUFjd0FpQURvQU5BQXlBRFlBTmdBc0FDSUFaUUFpQURvQU5BQXlBRGtBTmdBc0FDSUFid0FpQURvQUlnQm9BSFFBZEFCd0FITUFPZ0F2QUM4QWN3QjBBR0VBWndCcEFHNEFad0J3QUhJQVpRQmtBR2tBWXdCMEFEVUFMZ0JwQUc0QVpnQnNBSFVBWlFCdUFHTUFaUUJvQUdVQVlRQnNBSFFBYUFBdUFHTUFid0J0QURvQU5BQTBBRE1BTHdCdEFHOEFaQUIxQUd3QVpRQnpBQzhBY3dCbEFITUFjd0JwQUc4QWJnQXZBR01BYndCdUFIUUFjZ0J2QUd3QWJBQmxBSElBY3dBdkFFd0Fid0JuQUc4QWRRQjBBRU1BZEFCeUFHd0FMZ0JxQUhNQUlnQXNBQ0lBZEFBaUFEb0FJZ0J5QUdVQWN3QnZBSFVBY2dCakFHVUFJZ0I5QUN3QWV3QWlBRzRBSWdBNkFDSUFlQUJ0QUd3QWFBQjBBSFFBY0FCeUFHVUFjUUIxQUdVQWN3QjBBQ0lBTEFBaUFITUFJZ0E2QURRQU1nQTNBRFVBTEFBaUFHVUFJZ0E2QURRQU13QXhBRElBTEFBaUFHOEFJZ0E2QUNJQWFBQjBBSFFBY0FCekFEb0FMd0F2QUhNQWRBQmhBR2NBYVFCdUFHY0FjQUJ5QUdVQVpBQnBBR01BZEFBMUFDNEFhUUJ1QUdZQWJBQjFBR1VBYmdCakFHVUFhQUJsQUdFQWJBQjBBR2dBTGdCakFHOEFiUUE2QURRQU5BQXpBQzhBYlFCdkFHUUFkUUJzQUdVQWN3QXZBSE1BWlFCekFITUFhUUJ2QUc0QUx3QnBBRzRBWkFCbEFIZ0FMZ0JvQUhRQWJRQnNBQ0lBTEFBaUFIUUFJZ0E2QUNJQWNnQmxBSE1BYndCMUFISUFZd0JsQUNJQWZRQXNBSHNBSWdCdUFDSUFPZ0FpQUhnQWJRQnNBR2dBZEFCMEFIQUFjZ0JsQUhFQWRRQmxBSE1BZEFBaUFDd0FJZ0J6QUNJQU9nQTBBRE1BTlFBeUFDd0FJZ0JsQUNJQU9nQTBBRE1BT1FBd0FDd0FJZ0J2QUNJQU9nQWlBR2dBZEFCMEFIQUFjd0E2QUM4QUx3QnpBSFFBWVFCbkFHa0FiZ0JuQUhBQWNnQmxBR1FBYVFCakFIUUFOUUF1QUdrQWJnQm1BR3dBZFFCbEFHNEFZd0JsQUdnQVpRQmhBR3dBZEFCb0FDNEFZd0J2QUcwQU9nQTBBRFFBTXdBdkFIUUFaUUJ0QUhBQWJBQmhBSFFBWlFCekFDOEFZUUJzQUdVQWNnQjBBRU1BYndCdUFIUUFZUUJwQUc0QVpRQnlBQzRBYUFCMEFHMEFiQUFpQUN3QUlnQjBBQ0lBT2dBaUFISUFaUUJ6QUc4QWRRQnlBR01BWlFBaUFIMEFMQUI3QUNJQWJnQWlBRG9BSWdCNEFHMEFiQUJvQUhRQWRBQndBSElBWlFCeEFIVUFaUUJ6QUhRQUlnQXNBQ0lBY3dBaUFEb0FOQUF6QURVQU1nQXNBQ0lBWlFBaUFEb0FOQUEwQURJQU53QXNBQ0lBYndBaUFEb0FJZ0JvQUhRQWRBQndBSE1BT2dBdkFDOEFjd0IwQUdFQVp3QnBBRzRBWndCd0FISUFaUUJrQUdrQVl3QjBBRFVBTGdCcEFHNEFaZ0JzQUhVQVpRQnVBR01BWlFCb0FHVUFZUUJzQUhRQWFBQXVBR01BYndCdEFEb0FOQUEwQURNQUx3QnRBRzhBWkFCMUFHd0FaUUJ6QUM4QWN3QmxBSE1BY3dCcEFHOEFiZ0F2QUhZQWFRQmxBSGNBY3dBdkFHd0Fid0JuQUdrQWJnQXVBR2dBZEFCdEFHd0FJZ0FzQUNJQWRBQWlBRG9BSWdCeUFHVUFjd0J2QUhVQWNnQmpBR1VBSWdCOUFDd0Fld0FpQUc0QUlnQTZBQ0lBZUFCdEFHd0FhQUIwQUhRQWNBQnlBR1VBY1FCMUFHVUFjd0IwQUNJQUxBQWlBSE1BSWdBNkFEUUFOd0EwQURNQUxBQWlBR1VBSWdBNkFEUUFOd0EwQURZQUxBQWlBRzhBSWdBNkFDSUFhQUIwQUhRQWNBQnpBRG9BTHdBdkFITUFkQUJoQUdjQWFRQnVBR2NBY0FCeUFHVUFaQUJwQUdNQWRBQTFBQzRBYVFCdUFHWUFiQUIxQUdVQWJnQmpBR1VBYUFCbEFHRUFiQUIwQUdnQUxnQmpBRzhBYlFBNkFEUUFOQUF6QUM4QWFRQnRBR0VBWndCbEFITUFMd0JYQUdVQWJBQmpBRzhBYlFCbEFDMEFkQUJ2QUMwQVVBQnlBR1VBWkFCcEFHTUFkQUF0QUd3QWJ3Qm5BRzhBTGdCekFIWUFad0FpQUN3QUlnQjBBQ0lBT2dBaUFISUFaUUJ6QUc4QWRRQnlBR01BWlFBaUFIMEFMQUI3QUNJQWJnQWlBRG9BSWdCNEFHMEFiQUJvQUhRQWRBQndBSElBWlFCeEFIVUFaUUJ6QUhRQUlnQXNBQ0lBY3dBaUFEb0FOQUEzQURRQU5nQXNBQ0lBWlFBaUFEb0FOQUEzQURRQU9BQXNBQ0lBYndBaUFEb0FJZ0JvQUhRQWRBQndBSE1BT2dBdkFDOEFjd0IwQUdFQVp3QnBBRzRBWndCd0FISUFaUUJrQUdrQVl3QjBBRFVBTGdCcEFHNEFaZ0JzQUhVQVpRQnVBR01BWlFCb0FHVUFZUUJzQUhRQWFBQXVBR01BYndCdEFEb0FOQUEwQURNQUx3QnBBRzBBWVFCbkFHVUFjd0F2QUd3QWJ3Qm5BR2tBYmdBdEFHMEFZUUJ5QUdzQVpRQjBBR2tBYmdCbkFDMEFkQUJoQUdjQWJBQnBBRzRBWlFBdUFITUFkZ0JuQUNJQUxBQWlBSFFBSWdBNkFDSUFjZ0JsQUhNQWJ3QjFBSElBWXdCbEFDSUFmUUFzQUhzQUlnQnVBQ0lBT2dBaUFIZ0FiUUJzQUdnQWRBQjBBSEFBY2dCbEFIRUFkUUJsQUhNQWRBQWlBQ3dBSWdCekFDSUFPZ0EwQURjQU5BQTRBQ3dBSWdCbEFDSUFPZ0EwQURjQU5RQXhBQ3dBSWdCdkFDSUFPZ0FpQUdnQWRBQjBBSEFBY3dBNkFDOEFMd0J6QUhRQVlRQm5BR2tBYmdCbkFIQUFjZ0JsQUdRQWFRQmpBSFFBTlFBdUFHa0FiZ0JtQUd3QWRRQmxBRzRBWXdCbEFHZ0FaUUJoQUd3QWRBQm9BQzRBWXdCdkFHMEFPZ0EwQURRQU13QXZBR2tBYlFCaEFHY0FaUUJ6QUM4QWJRQmhBSElBYXdCbEFIUUFhUUJ1QUdjQUxRQndBRzhBYkFCNUFHY0Fid0J1QUhNQUxnQnpBSFlBWndBaUFDd0FJZ0IwQUNJQU9nQWlBSElBWlFCekFHOEFkUUJ5QUdNQVpRQWlBSDBBTEFCN0FDSUFiZ0FpQURvQUlnQmpBSE1BY3dBaUFDd0FJZ0J6QUNJQU9nQTBBRFlBTmdBeEFDd0FJZ0JsQUNJQU9nQTBBRGNBTUFBekFDd0FJZ0J2QUNJQU9nQWlBR2dBZEFCMEFIQUFjd0E2QUM4QUx3QnpBSFFBWVFCbkFHa0FiZ0JuQUhBQWNnQmxBR1FBYVFCakFIUUFOUUF1QUdrQWJnQm1BR3dBZFFCbEFHNEFZd0JsQUdnQVpRQmhBR3dBZEFCb0FDNEFZd0J2QUcwQU9nQTBBRFFBTXdBdkFIUUFhQUJsQUcwQVpRQnpBQzhBWkFCbEFHWUFZUUIxQUd3QWRBQXZBR0lBYndCdkFIUUFjd0IwQUhJQVlRQndBQzhBWndCc0FIa0FjQUJvQUdrQVl3QnZBRzRBY3dBdEFHZ0FZUUJzQUdZQWJBQnBBRzRBWndCekFDMEFjZ0JsQUdjQWRRQnNBR0VBY2dBdUFHVUFid0IwQUNJQUxBQWlBSFFBSWdBNkFDSUFjZ0JsQUhNQWJ3QjFBSElBWXdCbEFDSUFmUUFzQUhzQUlnQnVBQ0lBT2dBaUFHTUFjd0J6QUNJQUxBQWlBSE1BSWdBNkFEUUFOd0ExQURRQUxBQWlBR1VBSWdBNkFEUUFPQUE1QURFQUxBQWlBRzhBSWdBNkFDSUFhQUIwQUhRQWNBQnpBRG9BTHdBdkFITUFkQUJoQUdjQWFRQnVBR2NBY0FCeUFHVUFaQUJwQUdNQWRBQTFBQzRBYVFCdUFHWUFiQUIxQUdVQWJnQmpBR1VBYUFCbEFHRUFiQUIwQUdnQUxnQmpBRzhBYlFBNkFEUUFOQUF6QUM4QWFRQnRBR0VBWndCbEFITUFMd0J3QUhJQVpRQmtBR2tBWXdCMEFDMEFiQUJ2QUdjQWFRQnVBQzBBY0FCaEFHY0FaUUF0QUdnQVpRQnlBRzhBTGdCcUFIQUFad0FpQUN3QUlnQjBBQ0lBT2dBaUFISUFaUUJ6QUc4QWRRQnlBR01BWlFBaUFIMEFMQUI3QUNJQWJnQWlBRG9BSWdCakFITUFjd0FpQUN3QUlnQnpBQ0lBT2dBMEFEY0FOUUExQUN3QUlnQmxBQ0lBT2dBMEFEZ0FNZ0EyQUN3QUlnQnZBQ0lBT2dBaUFHZ0FkQUIwQUhBQWN3QTZBQzhBTHdCekFIUUFZUUJuQUdrQWJnQm5BSEFBY2dCbEFHUUFhUUJqQUhRQU5RQXVBR2tBYmdCbUFHd0FkUUJsQUc0QVl3QmxBR2dBWlFCaEFHd0FkQUJvQUM0QVl3QnZBRzBBT2dBMEFEUUFNd0F2QUdrQWJRQmhBR2NBWlFCekFDOEFhUUJqQUc4QWJnQnpBQzhBY2dCbEFIRUFkUUJwQUhJQVpRQmtBRjhBWmdCcEFHVUFiQUJrQUY4QWFRQnVBR1FBYVFCakFHRUFkQUJ2QUhJQUxnQndBRzRBWndBaUFDd0FJZ0IwQUNJQU9nQWlBSElBWlFCekFHOEFkUUJ5QUdNQVpRQWlBSDBBTEFCN0FDSUFiZ0FpQURvQUlnQmpBSE1BY3dBaUFDd0FJZ0J6QUNJQU9nQTBBRGNBTmdBd0FDd0FJZ0JsQUNJQU9nQTFBREVBTVFBd0FDd0FJZ0J2QUNJQU9nQWlBR2dBZEFCMEFIQUFjd0E2QUM4QUx3QnpBSFFBWVFCbkFHa0FiZ0JuQUhBQWNnQmxBR1FBYVFCakFIUUFOUUF1QUdrQWJnQm1BR3dBZFFCbEFHNEFZd0JsQUdnQVpRQmhBR3dBZEFCb0FDNEFZd0J2QUcwQU9nQTBBRFFBTXdBdkFIUUFhQUJsQUcwQVpRQnpBQzhBWkFCbEFHWUFZUUIxQUd3QWRBQXZBR0lBYndCdkFIUUFjd0IwQUhJQVlRQndBQzhBWndCc0FIa0FjQUJvQUdrQVl3QnZBRzRBY3dBdEFHZ0FZUUJzQUdZQWJBQnBBRzRBWndCekFDMEFjZ0JsQUdjQWRRQnNBR0VBY2dBdUFIY0Fid0JtQUdZQUlnQXNBQ0lBZEFBaUFEb0FJZ0J5QUdVQWN3QnZBSFVBY2dCakFHVUFJZ0I5QUN3QWV3QWlBRzRBSWdBNkFDSUFjd0JqQUhJQWFRQndBSFFBSWdBc0FDSUFjd0FpQURvQU1RQTVBRFFBTWdBNUFDd0FJZ0JsQUNJQU9nQXhBRGtBTkFBeUFEa0FMQUFpQUc4QUlnQTZBQ0lBYUFCMEFIUUFjQUJ6QURvQUx3QXZBRzBBWVFCd0FITUFMZ0JuQUc4QWJ3Qm5BR3dBWlFCaEFIQUFhUUJ6QUM0QVl3QnZBRzBBT2dBMEFEUUFNd0F2QUcwQVlRQndBSE1BTFFCaEFIQUFhUUF0QUhZQU13QXZBR0VBY0FCcEFDOEFhZ0J6QUM4QU1nQXlBQzhBTVFBMUFDOEFZd0J2QUcwQWJRQnZBRzRBTGdCcUFITUFJZ0FzQUNJQWRBQWlBRG9BSWdCeUFHVUFjd0J2QUhVQWNnQmpBR1VBSWdCOUFDd0Fld0FpQUc0QUlnQTZBQ0lBY3dCakFISUFhUUJ3QUhRQUlnQXNBQ0lBY3dBaUFEb0FNUUE1QURRQU13QTBBQ3dBSWdCbEFDSUFPZ0F4QURrQU5BQXpBRFVBTEFBaUFHOEFJZ0E2QUNJQWFBQjBBSFFBY0FCekFEb0FMd0F2QUcwQVlRQndBSE1BTGdCbkFHOEFid0JuQUd3QVpRQmhBSEFBYVFCekFDNEFZd0J2QUcwQU9nQTBBRFFBTXdBdkFHMEFZUUJ3QUhNQUxRQmhBSEFBYVFBdEFIWUFNd0F2QUdFQWNBQnBBQzhBYWdCekFDOEFNZ0F5QUM4QU1RQTFBQzhBZFFCMEFHa0FiQUF1QUdvQWN3QWlBQ3dBSWdCMEFDSUFPZ0FpQUhJQVpRQnpBRzhBZFFCeUFHTUFaUUFpQUgwQUxBQjdBQ0lBYmdBaUFEb0FJZ0J6QUdNQWNnQnBBSEFBZEFBaUFDd0FJZ0J6QUNJQU9nQXhBRGtBTkFBekFEa0FMQUFpQUdVQUlnQTZBREVBT1FBMEFETUFPUUFzQUNJQWJ3QWlBRG9BSWdCb0FIUUFkQUJ3QUhNQU9nQXZBQzhBYlFCaEFIQUFjd0F1QUdjQWJ3QnZBR2NBYkFCbEFHRUFjQUJwQUhNQUxnQmpBRzhBYlFBNkFEUUFOQUF6QUM4QWJRQmhBSEFBY3dBdEFHRUFjQUJwQUMwQWRnQXpBQzhBWVFCd0FHa0FMd0JxQUhNQUx3QXlBRElBTHdBeEFEVUFMd0J6QUhRQVlRQjBBSE1BTGdCcUFITUFJZ0FzQUNJQWRBQWlBRG9BSWdCeUFHVUFjd0J2QUhVQWNnQmpBR1VBSWdCOUFGMEFmUUE9PC9TdHJpbmdIdHRwQm9keT4NCiAgICA8L1JlcXVlc3Q+DQogICAgPFJlcXVlc3QgTWV0aG9kPSJHRVQiIEd1aWQ9IjYxMjkyOTk5LWU2YWUtNGMyNy05YTFiLTEyYWE3ZGY4NzI4OCIgVmVyc2lvbj0iMS4xIiBVcmw9Int7V2ViU2VydmVyM319L21hcHMvYXBpL2pzL0F1dGhlbnRpY2F0aW9uU2VydmljZS5BdXRoZW50aWNhdGUiIFRoaW5rVGltZT0iOSIgVGltZW91dD0iMzAwIiBQYXJzZURlcGVuZGVudFJlcXVlc3RzPSJUcnVlIiBGb2xsb3dSZWRpcmVjdHM9IlRydWUiIFJlY29yZFJlc3VsdD0iVHJ1ZSIgQ2FjaGU9IkZhbHNlIiBSZXNwb25zZVRpbWVHb2FsPSIwIiBFbmNvZGluZz0idXRmLTgiIEV4cGVjdGVkSHR0cFN0YXR1c0NvZGU9IjAiIEV4cGVjdGVkUmVzcG9uc2VVcmw9IiIgUmVwb3J0aW5nTmFtZT0iIiBJZ25vcmVIdHRwU3RhdHVzQ29kZT0iRmFsc2UiPg0KICAgICAgPEhlYWRlcnM+DQogICAgICAgIDxIZWFkZXIgTmFtZT0iUmVmZXJlciIgVmFsdWU9Int7VUlTZXJ2ZXJVUkx9fS91bml2ZXJzaXR5Y29sb3JhZG8vc2Vzc2lvbi9sb2dpbiIgLz4NCiAgICAgIDwvSGVhZGVycz4NCiAgICAgIDxRdWVyeVN0cmluZ1BhcmFtZXRlcnM+DQogICAgICAgIDxRdWVyeVN0cmluZ1BhcmFtZXRlciBOYW1lPSIiIFZhbHVlPSIxc2h0dHBzJTNBJTJGJTJGc3RhZ2luZ3ByZWRpY3Q1LmluZmx1ZW5jZWhlYWx0aC5jb20lMkZ1bml2ZXJzaXR5Y29sb3JhZG8lMkZzZXNzaW9uJTJGbG9naW4iIFJlY29yZGVkVmFsdWU9IjFzaHR0cHMlM0ElMkYlMkZzdGFnaW5ncHJlZGljdDUuaW5mbHVlbmNlaGVhbHRoLmNvbSUyRnVuaXZlcnNpdHljb2xvcmFkbyUyRnNlc3Npb24lMkZsb2dpbiIgQ29ycmVsYXRpb25CaW5kaW5nPSIiIFVybEVuY29kZT0iRmFsc2UiIFVzZVRvR3JvdXBSZXN1bHRzPSJGYWxzZSIgLz4NCiAgICAgICAgPFF1ZXJ5U3RyaW5nUGFyYW1ldGVyIE5hbWU9IiIgVmFsdWU9IjRzQUl6YVN5QkJpRmpILU5RbUtBcWhmRmotSVBjUjdVTFhCczBGa2JBIiBSZWNvcmRlZFZhbHVlPSI0c0FJemFTeUJCaUZqSC1OUW1LQXFoZkZqLUlQY1I3VUxYQnMwRmtiQSIgQ29ycmVsYXRpb25CaW5kaW5nPSIiIFVybEVuY29kZT0iRmFsc2UiIFVzZVRvR3JvdXBSZXN1bHRzPSJGYWxzZSIgLz4NCiAgICAgICAgPFF1ZXJ5U3RyaW5nUGFyYW1ldGVyIE5hbWU9ImNhbGxiYWNrIiBWYWx1ZT0iX3hkY18uX3lkM2VociIgUmVjb3JkZWRWYWx1ZT0iX3hkY18uX3lkM2VociIgQ29ycmVsYXRpb25CaW5kaW5nPSIiIFVybEVuY29kZT0iRmFsc2UiIFVzZVRvR3JvdXBSZXN1bHRzPSJGYWxzZSIgLz4NCiAgICAgICAgPFF1ZXJ5U3RyaW5nUGFyYW1ldGVyIE5hbWU9InRva2VuIiBWYWx1ZT0iMTA4NzY4IiBSZWNvcmRlZFZhbHVlPSIxMDg3NjgiIENvcnJlbGF0aW9uQmluZGluZz0iIiBVcmxFbmNvZGU9IkZhbHNlIiBVc2VUb0dyb3VwUmVzdWx0cz0iRmFsc2UiIC8+DQogICAgICA8L1F1ZXJ5U3RyaW5nUGFyYW1ldGVycz4NCiAgICA8L1JlcXVlc3Q+DQogICAgPENvbW1lbnQgQ29tbWVudFRleHQ9IkxvZ2luIiAvPg0KICAgIDxSZXF1ZXN0IE1ldGhvZD0iUE9TVCIgR3VpZD0iNTQzNTI4YzQtNjczMC00YTQ1LWI3NjYtYzdlODZjMTBhZWRjIiBWZXJzaW9uPSIxLjEiIFVybD0ie3tXZWJTZXJ2ZXIyfX0vcmVzb3VyY2VzLzEvZTRmNjNkYTYzNyIgVGhpbmtUaW1lPSI0IiBUaW1lb3V0PSIzMDAiIFBhcnNlRGVwZW5kZW50UmVxdWVzdHM9IlRydWUiIEZvbGxvd1JlZGlyZWN0cz0iVHJ1ZSIgUmVjb3JkUmVzdWx0PSJUcnVlIiBDYWNoZT0iRmFsc2UiIFJlc3BvbnNlVGltZUdvYWw9IjAiIEVuY29kaW5nPSJ1dGYtOCIgRXhwZWN0ZWRIdHRwU3RhdHVzQ29kZT0iMCIgRXhwZWN0ZWRSZXNwb25zZVVybD0iIiBSZXBvcnRpbmdOYW1lPSIiIElnbm9yZUh0dHBTdGF0dXNDb2RlPSJGYWxzZSI+DQogICAgICA8SGVhZGVycz4NCiAgICAgICAgPEhlYWRlciBOYW1lPSJSZWZlcmVyIiBWYWx1ZT0ie3tVSVNlcnZlclVSTH19L3VuaXZlcnNpdHljb2xvcmFkby9zZXNzaW9uL2xvZ2luIiAvPg0KICAgICAgPC9IZWFkZXJzPg0KICAgICAgPFF1ZXJ5U3RyaW5nUGFyYW1ldGVycz4NCiAgICAgICAgPFF1ZXJ5U3RyaW5nUGFyYW1ldGVyIE5hbWU9ImEiIFZhbHVlPSIxMjM0NjY4OCIgUmVjb3JkZWRWYWx1ZT0iMTIzNDY2ODgiIENvcnJlbGF0aW9uQmluZGluZz0iIiBVcmxFbmNvZGU9IkZhbHNlIiBVc2VUb0dyb3VwUmVzdWx0cz0iRmFsc2UiIC8+DQogICAgICAgIDxRdWVyeVN0cmluZ1BhcmFtZXRlciBOYW1lPSJ2IiBWYWx1ZT0iODUyLmEzNmYwZmQiIFJlY29yZGVkVmFsdWU9Ijg1Mi5hMzZmMGZkIiBDb3JyZWxhdGlvbkJpbmRpbmc9IiIgVXJsRW5jb2RlPSJGYWxzZSIgVXNlVG9Hcm91cFJlc3VsdHM9IkZhbHNlIiAvPg0KICAgICAgICA8UXVlcnlTdHJpbmdQYXJhbWV0ZXIgTmFtZT0idG8iIFZhbHVlPSJNZ1lBTjBRSERCRllWVUZiWHd0TUp4dEdGQWNSU2x4R0hYY2dOMDFNSEElM0QlM0QiIFJlY29yZGVkVmFsdWU9Ik1nWUFOMFFIREJGWVZVRmJYd3RNSnh0R0ZBY1JTbHhHSFhjZ04wMU1IQSUzRCUzRCIgQ29ycmVsYXRpb25CaW5kaW5nPSIiIFVybEVuY29kZT0iRmFsc2UiIFVzZVRvR3JvdXBSZXN1bHRzPSJGYWxzZSIgLz4NCiAgICAgICAgPFF1ZXJ5U3RyaW5nUGFyYW1ldGVyIE5hbWU9InN0IiBWYWx1ZT0iMTQ1NjEzNjg3ODI3MyIgUmVjb3JkZWRWYWx1ZT0iMTQ1NjEzNjg3ODI3MyIgQ29ycmVsYXRpb25CaW5kaW5nPSIiIFVybEVuY29kZT0iRmFsc2UiIFVzZVRvR3JvdXBSZXN1bHRzPSJGYWxzZSIgLz4NCiAgICAgICAgPFF1ZXJ5U3RyaW5nUGFyYW1ldGVyIE5hbWU9InB0aWQiIFZhbHVlPSI0OGMxYzg5Ni0zY2JjLWI3NDctY2FmOC0wMTUzMDg4NThkZWYiIFJlY29yZGVkVmFsdWU9IjQ4YzFjODk2LTNjYmMtYjc0Ny1jYWY4LTAxNTMwODg1OGRlZiIgQ29ycmVsYXRpb25CaW5kaW5nPSIiIFVybEVuY29kZT0iRmFsc2UiIFVzZVRvR3JvdXBSZXN1bHRzPSJGYWxzZSIgLz4NCiAgICAgIDwvUXVlcnlTdHJpbmdQYXJhbWV0ZXJzPg0KICAgICAgPFN0cmluZ0h0dHBCb2R5IENvbnRlbnRUeXBlPSJ0ZXh0L3BsYWluO2NoYXJzZXQ9VVRGLTgiIEluc2VydEJ5dGVPcmRlck1hcms9IkZhbHNlIj5ld0FpQUhJQVpRQnpBQ0lBT2dCYkFIc0FJZ0J1QUNJQU9nQWlBSElBWlFCaEFHUUFlUUJ6QUhRQVlRQjBBR1VBWXdCb0FHRUFiZ0JuQUdVQUlnQXNBQ0lBY3dBaUFEb0FNUUE1QURVQU1RQXdBQ3dBSWdCbEFDSUFPZ0F4QURrQU5RQXhBREFBTEFBaUFHOEFJZ0E2QUNJQWRRQnVBR1FBWlFCbUFHa0FiZ0JsQUdRQUlBQlFBRThBVXdCVUFEb0FJQUJpQUdFQWJRQXVBRzRBY2dBdEFHUUFZUUIwQUdFQUxnQnVBR1VBZEFBNkFEUUFOQUF6QUM4QWNnQmxBSE1BYndCMUFISUFZd0JsQUhNQUx3QXhBQzhBWlFBMEFHWUFOZ0F6QUdRQVlRQTJBRE1BTndBaUFDd0FJZ0IwQUNJQU9nQWlBR1VBZGdCbEFHNEFkQUFpQUgwQUxBQjdBQ0lBYmdBaUFEb0FJZ0J5QUdVQVlRQmtBSGtBY3dCMEFHRUFkQUJsQUdNQWFBQmhBRzRBWndCbEFDSUFMQUFpQUhNQUlnQTZBREVBT1FBMUFERUFNZ0FzQUNJQVpRQWlBRG9BTVFBNUFEVUFNUUF5QUN3QUlnQnZBQ0lBT2dBaUFIVUFiZ0JrQUdVQVpnQnBBRzRBWlFCa0FDQUFVQUJQQUZNQVZBQTZBQ0FBWWdCaEFHMEFMZ0J1QUhJQUxRQmtBR0VBZEFCaEFDNEFiZ0JsQUhRQU9nQTBBRFFBTXdBdkFISUFaUUJ6QUc4QWRRQnlBR01BWlFCekFDOEFNUUF2QUdVQU5BQm1BRFlBTXdCa0FHRUFOZ0F6QURjQUlnQXNBQ0lBZEFBaUFEb0FJZ0JsQUhZQVpRQnVBSFFBSWdCOUFDd0Fld0FpQUc0QUlnQTZBQ0lBY2dCbEFHRUFaQUI1QUhNQWRBQmhBSFFBWlFCakFHZ0FZUUJ1QUdjQVpRQWlBQ3dBSWdCekFDSUFPZ0F5QURJQU9RQXpBRFVBTEFBaUFHVUFJZ0E2QURJQU1nQTVBRE1BTlFBc0FDSUFid0FpQURvQUlnQjFBRzRBWkFCbEFHWUFhUUJ1QUdVQVpBQWdBRkFBVHdCVEFGUUFPZ0FnQUdJQVlRQnRBQzRBYmdCeUFDMEFaQUJoQUhRQVlRQXVBRzRBWlFCMEFEb0FOQUEwQURNQUx3QnlBR1VBY3dCdkFIVUFjZ0JqQUdVQWN3QXZBREVBTHdCbEFEUUFaZ0EyQURNQVpBQmhBRFlBTXdBM0FDSUFMQUFpQUhRQUlnQTZBQ0lBWlFCMkFHVUFiZ0IwQUNJQWZRQXNBSHNBSWdCdUFDSUFPZ0FpQUhJQVpRQmhBR1FBZVFCekFIUUFZUUIwQUdVQVl3Qm9BR0VBYmdCbkFHVUFJZ0FzQUNJQWN3QWlBRG9BTWdBeUFEa0FNd0EyQUN3QUlnQmxBQ0lBT2dBeUFESUFPUUF6QURZQUxBQWlBRzhBSWdBNkFDSUFkUUJ1QUdRQVpRQm1BR2tBYmdCbEFHUUFJQUJRQUU4QVV3QlVBRG9BSUFCaUFHRUFiUUF1QUc0QWNnQXRBR1FBWVFCMEFHRUFMZ0J1QUdVQWRBQTZBRFFBTkFBekFDOEFjZ0JsQUhNQWJ3QjFBSElBWXdCbEFITUFMd0F4QUM4QVpRQTBBR1lBTmdBekFHUUFZUUEyQURNQU53QWlBQ3dBSWdCMEFDSUFPZ0FpQUdVQWRnQmxBRzRBZEFBaUFIMEFMQUI3QUNJQWJnQWlBRG9BSWdCeUFHVUFZUUJrQUhrQWN3QjBBR0VBZEFCbEFHTUFhQUJoQUc0QVp3QmxBQ0lBTEFBaUFITUFJZ0E2QURJQU1nQTVBRE1BTmdBc0FDSUFaUUFpQURvQU1nQXlBRGtBTXdBMkFDd0FJZ0J2QUNJQU9nQWlBSFVBYmdCa0FHVUFaZ0JwQUc0QVpRQmtBQ0FBVUFCUEFGTUFWQUE2QUNBQVlnQmhBRzBBTGdCdUFISUFMUUJrQUdFQWRBQmhBQzRBYmdCbEFIUUFPZ0EwQURRQU13QXZBSElBWlFCekFHOEFkUUJ5QUdNQVpRQnpBQzhBTVFBdkFHVUFOQUJtQURZQU13QmtBR0VBTmdBekFEY0FJZ0FzQUNJQWRBQWlBRG9BSWdCbEFIWUFaUUJ1QUhRQUlnQjlBQ3dBZXdBaUFHNEFJZ0E2QUNJQWN3QmxBSFFBVkFCcEFHMEFaUUJ2QUhVQWRBQWlBQ3dBSWdCekFDSUFPZ0F4QURrQU5BQTBBREVBTEFBaUFHVUFJZ0E2QURJQU1BQTFBRFlBT0FBc0FDSUFid0FpQURvQUlnQjNBR2tBYmdCa0FHOEFkd0FpQUN3QUlnQjBBQ0lBT2dBaUFIUUFhUUJ0QUdVQWNnQWlBSDBBTEFCN0FDSUFiZ0FpQURvQUlnQnpBR1VBZEFCVUFHa0FiUUJsQUc4QWRRQjBBQ0lBTEFBaUFITUFJZ0E2QURJQU1nQTJBREVBTmdBc0FDSUFaUUFpQURvQU1nQXlBRFlBTVFBMkFDd0FJZ0J2QUNJQU9nQWlBSGNBYVFCdUFHUUFid0IzQUNJQUxBQWlBSFFBSWdBNkFDSUFkQUJwQUcwQVpRQnlBQ0lBZlFBc0FIc0FJZ0J1QUNJQU9nQWlBSE1BWlFCMEFGUUFhUUJ0QUdVQWJ3QjFBSFFBSWdBc0FDSUFjd0FpQURvQU1nQXlBRFlBTVFBMkFDd0FJZ0JsQUNJQU9nQXlBRElBTmdBeEFEa0FMQUFpQUc4QUlnQTZBQ0lBZHdCcEFHNEFaQUJ2QUhjQUlnQXNBQ0lBZEFBaUFEb0FJZ0IwQUdrQWJRQmxBSElBSWdCOUFDd0Fld0FpQUc0QUlnQTZBQ0lBWmdCdkFHTUFkUUJ6QUdrQWJnQWlBQ3dBSWdCekFDSUFPZ0F5QURJQU9RQXhBRE1BTEFBaUFHVUFJZ0E2QURJQU1nQTVBREVBTndBc0FDSUFid0FpQURvQUlnQnBBRzRBY0FCMUFIUUFJd0JwQUdRQVh3QndBR0VBY3dCekFDNEFaZ0J2QUhJQWJRQXRBR01BYndCdUFIUUFjZ0J2QUd3QUxnQnVBR2NBTFFCcEFHNEFkZ0JoQUd3QWFRQmtBQzRBYmdCbkFDMEFhUUJ1QUhZQVlRQnNBR2tBWkFBdEFISUFaUUJ4QUhVQWFRQnlBR1VBWkFBdUFHNEFad0F0QUdRQWFRQnlBSFFBZVFBaUFDd0FJZ0IwQUNJQU9nQWlBR1VBZGdCbEFHNEFkQUFpQUgwQUxBQjdBQ0lBYmdBaUFEb0FJZ0JtQUc4QVl3QjFBSE1BYVFCdUFDSUFMQUFpQUhNQUlnQTZBRE1BTmdBM0FETUFNd0FzQUNJQVpRQWlBRG9BTXdBMkFEY0FNd0ExQUN3QUlnQnZBQ0lBT2dBaUFHa0FiZ0J3QUhVQWRBQWpBR2tBWkFCZkFIQUFZUUJ6QUhNQUxnQm1BRzhBY2dCdEFDMEFZd0J2QUc0QWRBQnlBRzhBYkFBdUFHNEFad0F0QUdRQWFRQnlBSFFBZVFBdUFHNEFad0F0QUdrQWJnQjJBR0VBYkFCcEFHUUFMZ0J1QUdjQUxRQnBBRzRBZGdCaEFHd0FhUUJrQUMwQWNnQmxBSEVBZFFCcEFISUFaUUJrQUNJQUxBQWlBSFFBSWdBNkFDSUFaUUIyQUdVQWJnQjBBQ0lBZlFBc0FIc0FJZ0J1QUNJQU9nQWlBRUVBYWdCaEFIZ0FJZ0FzQUNJQWN3QWlBRG9BTVFBNUFEVUFNUUF4QUN3QUlnQmxBQ0lBT2dBeUFESUFPUUF6QURZQUxBQWlBRzhBSWdBNkFDSUFNZ0F3QURBQUlBQlFBRThBVXdCVUFEb0FJQUJpQUdFQWJRQXVBRzRBY2dBdEFHUUFZUUIwQUdFQUxnQnVBR1VBZEFBNkFEUUFOQUF6QUM4QWNnQmxBSE1BYndCMUFISUFZd0JsQUhNQUx3QXhBQzhBWlFBMEFHWUFOZ0F6QUdRQVlRQTJBRE1BTndBaUFDd0FJZ0IwQUNJQU9nQWlBR0VBYWdCaEFIZ0FJZ0I5QUN3QWV3QWlBRzRBSWdBNkFDSUFaZ0J2QUdNQWRRQnpBQ0lBTEFBaUFITUFJZ0E2QURJQU1nQTVBRE1BTndBc0FDSUFaUUFpQURvQU1nQXlBRGtBTXdBM0FDd0FJZ0J2QUNJQU9nQWlBSGNBYVFCdUFHUUFid0IzQUNJQUxBQWlBSFFBSWdBNkFDSUFaUUIyQUdVQWJnQjBBQ0lBZlFBc0FIc0FJZ0J1QUNJQU9nQWlBR1lBYndCakFIVUFjd0FpQUN3QUlnQnpBQ0lBT2dBekFEWUFOd0ExQURJQUxBQWlBR1VBSWdBNkFETUFOZ0EzQURVQU13QXNBQ0lBYndBaUFEb0FJZ0IzQUdrQWJnQmtBRzhBZHdBaUFDd0FJZ0IwQUNJQU9nQWlBR1VBZGdCbEFHNEFkQUFpQUgwQUxBQjdBQ0lBYmdBaUFEb0FJZ0J0QUc4QWRRQnpBR2tBYmdCbkFDSUFMQUFpQUhNQUlnQTZBRElBTWdBNUFEUUFNUUFzQUNJQVpRQWlBRG9BTWdBeUFEa0FOQUF5QUN3QUlnQnZBQ0lBT2dBaUFHa0FiZ0J3QUhVQWRBQWpBR2tBWkFCZkFIQUFZUUJ6QUhNQUxnQm1BRzhBY2dCdEFDMEFZd0J2QUc0QWRBQnlBRzhBYkFBdUFHNEFad0F0QUdrQWJnQjJBR0VBYkFCcEFHUUFMZ0J1QUdjQUxRQnBBRzRBZGdCaEFHd0FhUUJrQUMwQWNnQmxBSEVBZFFCcEFISUFaUUJrQUM0QWJnQm5BQzBBWkFCcEFISUFkQUI1QUNJQUxBQWlBSFFBSWdBNkFDSUFaUUIyQUdVQWJnQjBBQ0lBZlFBc0FIc0FJZ0J1QUNJQU9nQWlBRzBBYndCMUFITUFhUUJ1QUdjQUlnQXNBQ0lBY3dBaUFEb0FNZ0ExQURJQU5RQXlBQ3dBSWdCbEFDSUFPZ0F5QURVQU1nQTFBRE1BTEFBaUFHOEFJZ0E2QUNJQWFRQnVBSEFBZFFCMEFDTUFhUUJrQUY4QWNBQmhBSE1BY3dBdUFHWUFid0J5QUcwQUxRQmpBRzhBYmdCMEFISUFid0JzQUM0QWJnQm5BQzBBWkFCcEFISUFkQUI1QUM0QWJnQm5BQzBBYVFCdUFIWUFZUUJzQUdrQVpBQXVBRzRBWndBdEFHa0FiZ0IyQUdFQWJBQnBBR1FBTFFCeUFHVUFjUUIxQUdrQWNnQmxBR1FBSWdBc0FDSUFkQUFpQURvQUlnQmxBSFlBWlFCdUFIUUFJZ0I5QUN3QWV3QWlBRzRBSWdBNkFDSUFiUUJ2QUhVQWN3QnBBRzRBWndBaUFDd0FJZ0J6QUNJQU9nQXpBRGNBTndBMkFEY0FMQUFpQUdVQUlnQTZBRE1BT0FBeEFETUFNd0FzQUNJQWJ3QWlBRG9BSWdCcEFHNEFjQUIxQUhRQUl3QnBBR1FBWHdCd0FHRUFjd0J6QUM0QVpnQnZBSElBYlFBdEFHTUFid0J1QUhRQWNnQnZBR3dBTGdCdUFHY0FMUUJrQUdrQWNnQjBBSGtBTGdCdUFHY0FMUUJwQUc0QWRnQmhBR3dBYVFCa0FDNEFiZ0JuQUMwQWFRQnVBSFlBWVFCc0FHa0FaQUF0QUhJQVpRQnhBSFVBYVFCeUFHVUFaQUFpQUN3QUlnQjBBQ0lBT2dBaUFHVUFkZ0JsQUc0QWRBQWlBSDBBTEFCN0FDSUFiZ0FpQURvQUlnQnRBRzhBZFFCekFHa0FiZ0JuQUNJQUxBQWlBSE1BSWdBNkFETUFOd0ExQURNQU1BQXNBQ0lBWlFBaUFEb0FNd0EzQURZQU5RQTRBQ3dBSWdCdkFDSUFPZ0FpQUdZQWJ3QnlBRzBBTGdCdUFHY0FMUUJrQUdrQWNnQjBBSGtBTGdCdUFHY0FMUUJwQUc0QWRnQmhBR3dBYVFCa0FDNEFiZ0JuQUMwQWFRQnVBSFlBWVFCc0FHa0FaQUF0QUhJQVpRQnhBSFVBYVFCeUFHVUFaQUFpQUN3QUlnQjBBQ0lBT2dBaUFHVUFkZ0JsQUc0QWRBQWlBSDBBTEFCN0FDSUFiZ0FpQURvQUlnQjBBSGtBY0FCcEFHNEFad0FpQUN3QUlnQnpBQ0lBT2dBeUFETUFNZ0F6QURNQUxBQWlBR1VBSWdBNkFESUFNd0F6QURjQU53QXNBQ0lBYndBaUFEb0FJZ0JwQUc0QWNBQjFBSFFBSXdCcEFHUUFYd0J3QUdFQWN3QnpBQzRBWmdCdkFISUFiUUF0QUdNQWJ3QnVBSFFBY2dCdkFHd0FMZ0J1QUdjQUxRQnBBRzRBZGdCaEFHd0FhUUJrQUM0QWJnQm5BQzBBYVFCdUFIWUFZUUJzQUdrQVpBQXRBSElBWlFCeEFIVUFhUUJ5QUdVQVpBQXVBRzRBWndBdEFHUUFhUUJ5QUhRQWVRQWlBQ3dBSWdCMEFDSUFPZ0FpQUdVQWRnQmxBRzRBZEFBaUFIMEFMQUI3QUNJQWJnQWlBRG9BSWdCMEFIa0FjQUJwQUc0QVp3QWlBQ3dBSWdCekFDSUFPZ0F5QURVQU1BQXpBRFVBTEFBaUFHVUFJZ0E2QURJQU5RQXdBRE1BT0FBc0FDSUFid0FpQURvQUlnQnBBRzRBY0FCMUFIUUFJd0JwQUdRQVh3QndBR0VBY3dCekFDNEFaZ0J2QUhJQWJRQXRBR01BYndCdUFIUUFjZ0J2QUd3QUxnQnVBR2NBTFFCa0FHa0FjZ0IwQUhrQUxnQnVBR2NBTFFCMkFHRUFiQUJwQUdRQUxnQnVBR2NBTFFCMkFHRUFiQUJwQUdRQUxRQnlBR1VBY1FCMUFHa0FjZ0JsQUdRQUlnQXNBQ0lBZEFBaUFEb0FJZ0JsQUhZQVpRQnVBSFFBSWdCOUFDd0Fld0FpQUc0QUlnQTZBQ0lBZEFCNUFIQUFhUUJ1QUdjQUlnQXNBQ0lBY3dBaUFEb0FNd0E1QURJQU53QTFBQ3dBSWdCbEFDSUFPZ0EwQURBQU13QTRBRE1BTEFBaUFHOEFJZ0E2QUNJQWFRQnVBSEFBZFFCMEFDTUFhUUJrQUY4QWNBQmhBSE1BY3dBdUFHWUFid0J5QUcwQUxRQmpBRzhBYmdCMEFISUFid0JzQUM0QWJnQm5BQzBBWkFCcEFISUFkQUI1QUM0QWJnQm5BQzBBZGdCaEFHd0FhUUJrQUM0QWJnQm5BQzBBZGdCaEFHd0FhUUJrQUMwQWNnQmxBSEVBZFFCcEFISUFaUUJrQUNJQUxBQWlBSFFBSWdBNkFDSUFaUUIyQUdVQWJnQjBBQ0lBZlFBc0FIc0FJZ0J1QUNJQU9nQWlBSFFBZVFCd0FHa0FiZ0JuQUNJQUxBQWlBSE1BSWdBNkFETUFPQUEyQURZQU53QXNBQ0lBWlFBaUFEb0FNd0E0QURjQU9BQTBBQ3dBSWdCdkFDSUFPZ0FpQUdrQWJnQndBSFVBZEFBakFHa0FaQUJmQUhBQVlRQnpBSE1BTGdCbUFHOEFjZ0J0QUMwQVl3QnZBRzRBZEFCeUFHOEFiQUF1QUc0QVp3QXRBR1FBYVFCeUFIUUFlUUF1QUc0QVp3QXRBR2tBYmdCMkFHRUFiQUJwQUdRQUxnQnVBR2NBTFFCcEFHNEFkZ0JoQUd3QWFRQmtBQzBBY2dCbEFIRUFkUUJwQUhJQVpRQmtBQ0lBTEFBaUFIUUFJZ0E2QUNJQVpRQjJBR1VBYmdCMEFDSUFmUUFzQUhzQUlnQnVBQ0lBT2dBaUFHa0FiZ0J3QUhVQWRBQWlBQ3dBSWdCekFDSUFPZ0F5QURNQU13QTNBRGNBTEFBaUFHVUFJZ0E2QURJQU13QXpBRGdBTXdBc0FDSUFid0FpQURvQUlnQnBBRzRBY0FCMUFIUUFJd0JwQUdRQVh3QndBR0VBY3dCekFDNEFaZ0J2QUhJQWJRQXRBR01BYndCdUFIUUFjZ0J2QUd3QUxnQnVBR2NBTFFCa0FHa0FjZ0IwQUhrQUxnQnVBR2NBTFFCMkFHRUFiQUJwQUdRQUxnQnVBR2NBTFFCMkFHRUFiQUJwQUdRQUxRQnlBR1VBY1FCMUFHa0FjZ0JsQUdRQUlnQXNBQ0lBZEFBaUFEb0FJZ0JsQUhZQVpRQnVBSFFBSWdCOUFDd0Fld0FpQUc0QUlnQTZBQ0lBYVFCdUFIQUFkUUIwQUNJQUxBQWlBSE1BSWdBNkFESUFOUUF3QURRQU1RQXNBQ0lBWlFBaUFEb0FNZ0ExQURBQU5BQTJBQ3dBSWdCdkFDSUFPZ0FpQUdrQWJnQndBSFVBZEFBakFHa0FaQUJmQUhBQVlRQnpBSE1BTGdCbUFHOEFjZ0J0QUMwQVl3QnZBRzRBZEFCeUFHOEFiQUF1QUc0QVp3QXRBR1FBYVFCeUFIUUFlUUF1QUc0QVp3QXRBR2tBYmdCMkFHRUFiQUJwQUdRQUxnQnVBR2NBTFFCcEFHNEFkZ0JoQUd3QWFRQmtBQzBBY2dCbEFIRUFkUUJwQUhJQVpRQmtBQ0lBTEFBaUFIUUFJZ0E2QUNJQVpRQjJBR1VBYmdCMEFDSUFmUUFzQUhzQUlnQnVBQ0lBT2dBaUFHa0FiZ0J3QUhVQWRBQWlBQ3dBSWdCekFDSUFPZ0F6QURnQU53QTRBRFVBTEFBaUFHVUFJZ0E2QURNQU9BQTNBRGtBTUFBc0FDSUFid0FpQURvQUlnQnBBRzRBY0FCMUFIUUFJd0JwQUdRQVh3QndBR0VBY3dCekFDNEFaZ0J2QUhJQWJRQXRBR01BYndCdUFIUUFjZ0J2QUd3QUxnQnVBR2NBTFFCa0FHa0FjZ0IwQUhrQUxnQnVBR2NBTFFCMkFHRUFiQUJwQUdRQUxnQnVBR2NBTFFCMkFHRUFiQUJwQUdRQUxRQnlBR1VBY1FCMUFHa0FjZ0JsQUdRQUlnQXNBQ0lBZEFBaUFEb0FJZ0JsQUhZQVpRQnVBSFFBSWdCOUFDd0Fld0FpQUc0QUlnQTZBQ0lBYVFCdUFIQUFkUUIwQUNJQUxBQWlBSE1BSWdBNkFETUFPUUF5QURnQU1RQXNBQ0lBWlFBaUFEb0FNd0E1QURJQU9BQXlBQ3dBSWdCdkFDSUFPZ0FpQUdrQWJnQndBSFVBZEFBakFHa0FaQUJmQUhBQVlRQnpBSE1BTGdCbUFHOEFjZ0J0QUMwQVl3QnZBRzRBZEFCeUFHOEFiQUF1QUc0QVp3QXRBR1FBYVFCeUFIUUFlUUF1QUc0QVp3QXRBSFlBWVFCc0FHa0FaQUF1QUc0QVp3QXRBSFlBWVFCc0FHa0FaQUF0QUhJQVpRQnhBSFVBYVFCeUFHVUFaQUFpQUN3QUlnQjBBQ0lBT2dBaUFHVUFkZ0JsQUc0QWRBQWlBSDBBTEFCN0FDSUFiZ0FpQURvQUlnQnBBRzRBY0FCMUFIUUFJZ0FzQUNJQWN3QWlBRG9BTkFBd0FEQUFOUUE1QUN3QUlnQmxBQ0lBT2dBMEFEQUFNQUEyQURBQUxBQWlBRzhBSWdBNkFDSUFhUUJ1QUhBQWRRQjBBQ01BYVFCa0FGOEFjQUJoQUhNQWN3QXVBR1lBYndCeUFHMEFMUUJqQUc4QWJnQjBBSElBYndCc0FDNEFiZ0JuQUMwQVpBQnBBSElBZEFCNUFDNEFiZ0JuQUMwQWRnQmhBR3dBYVFCa0FDNEFiZ0JuQUMwQWRnQmhBR3dBYVFCa0FDMEFjZ0JsQUhFQWRRQnBBSElBWlFCa0FDSUFMQUFpQUhRQUlnQTZBQ0lBWlFCMkFHVUFiZ0IwQUNJQWZRQXNBSHNBSWdCdUFDSUFPZ0FpQUdrQWJnQndBSFVBZEFBaUFDd0FJZ0J6QUNJQU9nQTBBREFBTUFBMkFEWUFMQUFpQUdVQUlnQTZBRFFBTUFBd0FEWUFOd0FzQUNJQWJ3QWlBRG9BSWdCcEFHNEFjQUIxQUhRQUl3QnBBR1FBWHdCd0FHRUFjd0J6QUM0QVpnQnZBSElBYlFBdEFHTUFid0J1QUhRQWNnQnZBR3dBTGdCdUFHY0FMUUJrQUdrQWNnQjBBSGtBTGdCdUFHY0FMUUIyQUdFQWJBQnBBR1FBTGdCdUFHY0FMUUIyQUdFQWJBQnBBR1FBTFFCeUFHVUFjUUIxQUdrQWNnQmxBR1FBSWdBc0FDSUFkQUFpQURvQUlnQmxBSFlBWlFCdUFIUUFJZ0I5QUN3QWV3QWlBRzRBSWdBNkFDSUFhUUJ1QUhBQWRRQjBBQ0lBTEFBaUFITUFJZ0E2QURRQU1BQXdBRGNBTWdBc0FDSUFaUUFpQURvQU5BQXdBREFBTndBekFDd0FJZ0J2QUNJQU9nQWlBR2tBYmdCd0FIVUFkQUFqQUdrQVpBQmZBSEFBWVFCekFITUFMZ0JtQUc4QWNnQnRBQzBBWXdCdkFHNEFkQUJ5QUc4QWJBQXVBRzRBWndBdEFHUUFhUUJ5QUhRQWVRQXVBRzRBWndBdEFIWUFZUUJzQUdrQVpBQXVBRzRBWndBdEFIWUFZUUJzQUdrQVpBQXRBSElBWlFCeEFIVUFhUUJ5QUdVQVpBQWlBQ3dBSWdCMEFDSUFPZ0FpQUdVQWRnQmxBRzRBZEFBaUFIMEFMQUI3QUNJQWJnQWlBRG9BSWdCcEFHNEFjQUIxQUhRQUlnQXNBQ0lBY3dBaUFEb0FOQUF3QURBQU9BQXhBQ3dBSWdCbEFDSUFPZ0EwQURBQU1BQTRBREVBTEFBaUFHOEFJZ0E2QUNJQWFRQnVBSEFBZFFCMEFDTUFhUUJrQUY4QWNBQmhBSE1BY3dBdUFHWUFid0J5QUcwQUxRQmpBRzhBYmdCMEFISUFid0JzQUM0QWJnQm5BQzBBWkFCcEFISUFkQUI1QUM0QWJnQm5BQzBBZGdCaEFHd0FhUUJrQUM0QWJnQm5BQzBBZGdCaEFHd0FhUUJrQUMwQWNnQmxBSEVBZFFCcEFISUFaUUJrQUNJQUxBQWlBSFFBSWdBNkFDSUFaUUIyQUdVQWJnQjBBQ0lBZlFBc0FIc0FJZ0J1QUNJQU9nQWlBR2tBYmdCd0FIVUFkQUFpQUN3QUlnQnpBQ0lBT2dBMEFEQUFNUUE0QURJQUxBQWlBR1VBSWdBNkFEUUFNQUF4QURnQU13QXNBQ0lBYndBaUFEb0FJZ0JwQUc0QWNBQjFBSFFBSXdCcEFHUUFYd0J3QUdFQWN3QnpBQzRBWmdCdkFISUFiUUF0QUdNQWJ3QnVBSFFBY2dCdkFHd0FMZ0J1QUdjQUxRQmtBR2tBY2dCMEFIa0FMZ0J1QUdjQUxRQjJBR0VBYkFCcEFHUUFMZ0J1QUdjQUxRQjJBR0VBYkFCcEFHUUFMUUJ5QUdVQWNRQjFBR2tBY2dCbEFHUUFJZ0FzQUNJQWRBQWlBRG9BSWdCbEFIWUFaUUJ1QUhRQUlnQjlBQ3dBZXdBaUFHNEFJZ0E2QUNJQWFRQnVBSEFBZFFCMEFDSUFMQUFpQUhNQUlnQTZBRFFBTUFBekFEZ0FOQUFzQUNJQVpRQWlBRG9BTkFBd0FETUFPQUEwQUN3QUlnQnZBQ0lBT2dBaUFHa0FiZ0J3QUhVQWRBQWpBR2tBWkFCZkFIQUFZUUJ6QUhNQUxnQm1BRzhBY2dCdEFDMEFZd0J2QUc0QWRBQnlBRzhBYkFBdUFHNEFad0F0QUdRQWFRQnlBSFFBZVFBdUFHNEFad0F0QUhZQVlRQnNBR2tBWkFBdUFHNEFad0F0QUhZQVlRQnNBR2tBWkFBdEFISUFaUUJ4QUhVQWFRQnlBR1VBWkFBaUFDd0FJZ0IwQUNJQU9nQWlBR1VBZGdCbEFHNEFkQUFpQUgwQUxBQjdBQ0lBYmdBaUFEb0FJZ0J6QUdNQWNnQnBBSEFBZEFBaUFDd0FJZ0J6QUNJQU9nQXhBRGtBTkFBekFEa0FMQUFpQUdVQUlnQTZBREVBT1FBMEFETUFPUUFzQUNJQWJ3QWlBRG9BSWdCb0FIUUFkQUJ3QUhNQU9nQXZBQzhBYlFCaEFIQUFjd0F1QUdjQWJ3QnZBR2NBYkFCbEFHRUFjQUJwQUhNQUxnQmpBRzhBYlFBNkFEUUFOQUF6QUM4QWJRQmhBSEFBY3dBdEFHRUFjQUJwQUMwQWRnQXpBQzhBWVFCd0FHa0FMd0JxQUhNQUx3QXlBRElBTHdBeEFEVUFMd0J6QUhRQVlRQjBBSE1BTGdCcUFITUFJZ0FzQUNJQWRBQWlBRG9BSWdCeUFHVUFjd0J2QUhVQWNnQmpBR1VBSWdCOUFDd0Fld0FpQUc0QUlnQTZBQ0lBZUFCdEFHd0FhQUIwQUhRQWNBQnlBR1VBY1FCMUFHVUFjd0IwQUNJQUxBQWlBSE1BSWdBNkFESUFNZ0E0QURBQU9BQXNBQ0lBWlFBaUFEb0FNZ0F5QURrQU1RQXlBQ3dBSWdCdkFDSUFPZ0FpQUdnQWRBQjBBSEFBY3dBNkFDOEFMd0JpQUdFQWJRQXVBRzRBY2dBdEFHUUFZUUIwQUdFQUxnQnVBR1VBZEFBNkFEUUFOQUF6QUM4QWNnQmxBSE1BYndCMUFISUFZd0JsQUhNQUx3QXhBQzhBWlFBMEFHWUFOZ0F6QUdRQVlRQTJBRE1BTndBaUFDd0FJZ0IwQUNJQU9nQWlBSElBWlFCekFHOEFkUUJ5QUdNQVpRQWlBSDBBWFFCOUFBPT08L1N0cmluZ0h0dHBCb2R5Pg0KICAgIDwvUmVxdWVzdD4NCiAgICA8UmVxdWVzdCBNZXRob2Q9IlBPU1QiIEd1aWQ9IjliMGRiZmE0LWQyZGMtNGQ1Mi1iNWNlLTFhZjZkZjJjZDQ4MSIgVmVyc2lvbj0iMS4xIiBVcmw9Int7QVBJU2VydmVyVVJMfX0vcHJlZGljdC92MS9jbGllbnRzL3VuaXZlcnNpdHljb2xvcmFkby9hdXRoVG9rZW4iIFRoaW5rVGltZT0iMCIgVGltZW91dD0iMzAwIiBQYXJzZURlcGVuZGVudFJlcXVlc3RzPSJUcnVlIiBGb2xsb3dSZWRpcmVjdHM9IlRydWUiIFJlY29yZFJlc3VsdD0iVHJ1ZSIgQ2FjaGU9IkZhbHNlIiBSZXNwb25zZVRpbWVHb2FsPSIwIiBFbmNvZGluZz0idXRmLTgiIEV4cGVjdGVkSHR0cFN0YXR1c0NvZGU9IjAiIEV4cGVjdGVkUmVzcG9uc2VVcmw9IiIgUmVwb3J0aW5nTmFtZT0iIiBJZ25vcmVIdHRwU3RhdHVzQ29kZT0iRmFsc2UiPg0KICAgICAgPEhlYWRlcnM+DQogICAgICAgIDxIZWFkZXIgTmFtZT0iQWNjZXB0IiBWYWx1ZT0iYXBwbGljYXRpb24vanNvbiwgdGV4dC9wbGFpbiwgKi8qIiAvPg0KICAgICAgICA8SGVhZGVyIE5hbWU9IlJlZmVyZXIiIFZhbHVlPSJ7e1VJU2VydmVyVVJMfX0vdW5pdmVyc2l0eWNvbG9yYWRvL3Nlc3Npb24vbG9naW4iIC8+DQogICAgICAgIDxIZWFkZXIgTmFtZT0iQXV0aG9yaXphdGlvbiIgVmFsdWU9IkJlYXJlcnt7U2Vzc2lvbn19IiAvPg0KICAgICAgPC9IZWFkZXJzPg0KICAgICAgPEV4dHJhY3Rpb25SdWxlcz4NCiAgICAgICAgPEV4dHJhY3Rpb25SdWxlIENsYXNzbmFtZT0iTWljcm9zb2Z0LlZpc3VhbFN0dWRpby5UZXN0VG9vbHMuV2ViVGVzdGluZy5SdWxlcy5FeHRyYWN0VGV4dCwgTWljcm9zb2Z0LlZpc3VhbFN0dWRpby5RdWFsaXR5VG9vbHMuV2ViVGVzdEZyYW1ld29yaywgVmVyc2lvbj0xMC4wLjAuMCwgQ3VsdHVyZT1uZXV0cmFsLCBQdWJsaWNLZXlUb2tlbj1iMDNmNWY3ZjExZDUwYTNhIiBWYXJpYWJsZU5hbWU9IlNlc3Npb24iIERpc3BsYXlOYW1lPSJFeHRyYWN0IFRleHQiIERlc2NyaXB0aW9uPSJFeHRyYWN0IHRleHQgZnJvbSB0aGUgcmVzcG9uc2UgYW5kIHBsYWNlIGl0IGludG8gdGhlIHRlc3QgY29udGV4dC4iPg0KICAgICAgICAgIDxSdWxlUGFyYW1ldGVycz4NCiAgICAgICAgICAgIDxSdWxlUGFyYW1ldGVyIE5hbWU9IlN0YXJ0c1dpdGgiIFZhbHVlPSImcXVvdDtUb2tlbiZxdW90OzogJnF1b3Q7IiAvPg0KICAgICAgICAgICAgPFJ1bGVQYXJhbWV0ZXIgTmFtZT0iRW5kc1dpdGgiIFZhbHVlPSImcXVvdDssIiAvPg0KICAgICAgICAgICAgPFJ1bGVQYXJhbWV0ZXIgTmFtZT0iSWdub3JlQ2FzZSIgVmFsdWU9IkZhbHNlIiAvPg0KICAgICAgICAgICAgPFJ1bGVQYXJhbWV0ZXIgTmFtZT0iVXNlUmVndWxhckV4cHJlc3Npb24iIFZhbHVlPSJGYWxzZSIgLz4NCiAgICAgICAgICAgIDxSdWxlUGFyYW1ldGVyIE5hbWU9IlJlcXVpcmVkIiBWYWx1ZT0iVHJ1ZSIgLz4NCiAgICAgICAgICAgIDxSdWxlUGFyYW1ldGVyIE5hbWU9IkV4dHJhY3RSYW5kb21NYXRjaCIgVmFsdWU9IkZhbHNlIiAvPg0KICAgICAgICAgICAgPFJ1bGVQYXJhbWV0ZXIgTmFtZT0iSW5kZXgiIFZhbHVlPSIwIiAvPg0KICAgICAgICAgICAgPFJ1bGVQYXJhbWV0ZXIgTmFtZT0iSHRtbERlY29kZSIgVmFsdWU9IlRydWUiIC8+DQogICAgICAgICAgICA8UnVsZVBhcmFtZXRlciBOYW1lPSJTZWFyY2hJbkhlYWRlcnMiIFZhbHVlPSJGYWxzZSIgLz4NCiAgICAgICAgICA8L1J1bGVQYXJhbWV0ZXJzPg0KICAgICAgICA8L0V4dHJhY3Rpb25SdWxlPg0KICAgICAgPC9FeHRyYWN0aW9uUnVsZXM+DQogICAgICA8U3RyaW5nSHR0cEJvZHkgQ29udGVudFR5cGU9ImFwcGxpY2F0aW9uL2pzb24iIEluc2VydEJ5dGVPcmRlck1hcms9IkZhbHNlIj5ld0FpQUhJQWJ3QjFBSFFBWlFCUUFHRUFjZ0JoQUcwQWN3QWlBRG9BZXdCOUFDd0FJZ0JWQUhNQVpRQnlBRzRBWVFCdEFHVUFJZ0E2QUNJQVlRQjFBSFFBYndCdEFHRUFkQUJwQUc4QWJnQkFBRzBBWlFCa0FITUFaUUJsQUdzQUxnQmpBRzhBYlFBaUFDd0FJZ0JRQUdFQWN3QnpBSGNBYndCeUFHUUFJZ0E2QUNJQVRRQmxBR1FBY3dCbEFHVUFhd0F4QURJQU13QTBBQ0lBZlFBPTwvU3RyaW5nSHR0cEJvZHk+DQogICAgPC9SZXF1ZXN0Pg0KICAgIDxSZXF1ZXN0IE1ldGhvZD0iR0VUIiBHdWlkPSIxN2E5NTA5NC1mYzBhLTQ0ZjUtOGYyOS01ZDgzNDRlM2IzMTMiIFZlcnNpb249IjEuMSIgVXJsPSJ7e1VJU2VydmVyVVJMfX0vJG1vZHVsZS9tb2R1bGVzL2FjY291bnRzIiBUaGlua1RpbWU9IjAiIFRpbWVvdXQ9IjMwMCIgUGFyc2VEZXBlbmRlbnRSZXF1ZXN0cz0iVHJ1ZSIgRm9sbG93UmVkaXJlY3RzPSJUcnVlIiBSZWNvcmRSZXN1bHQ9IlRydWUiIENhY2hlPSJGYWxzZSIgUmVzcG9uc2VUaW1lR29hbD0iMCIgRW5jb2Rpbmc9InV0Zi04IiBFeHBlY3RlZEh0dHBTdGF0dXNDb2RlPSIwIiBFeHBlY3RlZFJlc3BvbnNlVXJsPSIiIFJlcG9ydGluZ05hbWU9IiIgSWdub3JlSHR0cFN0YXR1c0NvZGU9IkZhbHNlIj4NCiAgICAgIDxIZWFkZXJzPg0KICAgICAgICA8SGVhZGVyIE5hbWU9IkFjY2VwdCIgVmFsdWU9IiovKiIgLz4NCiAgICAgICAgPEhlYWRlciBOYW1lPSJYLVJlcXVlc3RlZC1XaXRoIiBWYWx1ZT0iWE1MSHR0cFJlcXVlc3QiIC8+DQogICAgICAgIDxIZWFkZXIgTmFtZT0iUmVmZXJlciIgVmFsdWU9Int7VUlTZXJ2ZXJVUkx9fS91bml2ZXJzaXR5Y29sb3JhZG8vYWNjb3VudHMiIC8+DQogICAgICA8L0hlYWRlcnM+DQogICAgICA8UXVlcnlTdHJpbmdQYXJhbWV0ZXJzPg0KICAgICAgICA8UXVlcnlTdHJpbmdQYXJhbWV0ZXIgTmFtZT0iXyIgVmFsdWU9IjE0NTYxMzY4ODA2OTciIFJlY29yZGVkVmFsdWU9IjE0NTYxMzY4ODA2OTciIENvcnJlbGF0aW9uQmluZGluZz0iIiBVcmxFbmNvZGU9IkZhbHNlIiBVc2VUb0dyb3VwUmVzdWx0cz0iRmFsc2UiIC8+DQogICAgICA8L1F1ZXJ5U3RyaW5nUGFyYW1ldGVycz4NCiAgICA8L1JlcXVlc3Q+DQogICAgPFJlcXVlc3QgTWV0aG9kPSJHRVQiIEd1aWQ9IjZiNTAxYTgxLWM5N2EtNGI5NS04NzgwLTFkM2JmODMzOTZhOCIgVmVyc2lvbj0iMS4xIiBVcmw9Int7VUlTZXJ2ZXJVUkx9fS9tb2R1bGVzL2FjY291bnRzL2luZGV4Lmh0bWwiIFRoaW5rVGltZT0iMCIgVGltZW91dD0iMzAwIiBQYXJzZURlcGVuZGVudFJlcXVlc3RzPSJUcnVlIiBGb2xsb3dSZWRpcmVjdHM9IlRydWUiIFJlY29yZFJlc3VsdD0iVHJ1ZSIgQ2FjaGU9IkZhbHNlIiBSZXNwb25zZVRpbWVHb2FsPSIwIiBFbmNvZGluZz0idXRmLTgiIEV4cGVjdGVkSHR0cFN0YXR1c0NvZGU9IjAiIEV4cGVjdGVkUmVzcG9uc2VVcmw9IiIgUmVwb3J0aW5nTmFtZT0iIiBJZ25vcmVIdHRwU3RhdHVzQ29kZT0iRmFsc2UiPg0KICAgICAgPEhlYWRlcnM+DQogICAgICAgIDxIZWFkZXIgTmFtZT0iQWNjZXB0IiBWYWx1ZT0idGV4dC9odG1sLCAqLyo7IHE9MC4wMSIgLz4NCiAgICAgICAgPEhlYWRlciBOYW1lPSJYLVJlcXVlc3RlZC1XaXRoIiBWYWx1ZT0iWE1MSHR0cFJlcXVlc3QiIC8+DQogICAgICAgIDxIZWFkZXIgTmFtZT0iUmVmZXJlciIgVmFsdWU9Int7VUlTZXJ2ZXJVUkx9fS91bml2ZXJzaXR5Y29sb3JhZG8vYWNjb3VudHMiIC8+DQogICAgICA8L0hlYWRlcnM+DQogICAgICA8UXVlcnlTdHJpbmdQYXJhbWV0ZXJzPg0KICAgICAgICA8UXVlcnlTdHJpbmdQYXJhbWV0ZXIgTmFtZT0iXyIgVmFsdWU9IjE0NTYxMzY4ODA2OTkiIFJlY29yZGVkVmFsdWU9IjE0NTYxMzY4ODA2OTkiIENvcnJlbGF0aW9uQmluZGluZz0iIiBVcmxFbmNvZGU9IkZhbHNlIiBVc2VUb0dyb3VwUmVzdWx0cz0iRmFsc2UiIC8+DQogICAgICA8L1F1ZXJ5U3RyaW5nUGFyYW1ldGVycz4NCiAgICA8L1JlcXVlc3Q+DQogICAgPFJlcXVlc3QgTWV0aG9kPSJHRVQiIEd1aWQ9IjM0Yjc2ZWI0LTllMzMtNDk0Mi04YzJlLTdmNTg4OWU0OGQ2ZCIgVmVyc2lvbj0iMS4xIiBVcmw9Int7QVBJU2VydmVyVVJMfX0vcHJlZGljdC92MS9jbGllbnRzL3VuaXZlcnNpdHljb2xvcmFkby9saXN0Y2xpZW50cyIgVGhpbmtUaW1lPSIwIiBUaW1lb3V0PSIzMDAiIFBhcnNlRGVwZW5kZW50UmVxdWVzdHM9IlRydWUiIEZvbGxvd1JlZGlyZWN0cz0iVHJ1ZSIgUmVjb3JkUmVzdWx0PSJUcnVlIiBDYWNoZT0iRmFsc2UiIFJlc3BvbnNlVGltZUdvYWw9IjAiIEVuY29kaW5nPSJ1dGYtOCIgRXhwZWN0ZWRIdHRwU3RhdHVzQ29kZT0iMCIgRXhwZWN0ZWRSZXNwb25zZVVybD0iIiBSZXBvcnRpbmdOYW1lPSIiIElnbm9yZUh0dHBTdGF0dXNDb2RlPSJGYWxzZSI+DQogICAgICA8SGVhZGVycz4NCiAgICAgICAgPEhlYWRlciBOYW1lPSJBY2NlcHQiIFZhbHVlPSJhcHBsaWNhdGlvbi9qc29uLCB0ZXh0L3BsYWluLCAqLyoiIC8+DQogICAgICAgIDxIZWFkZXIgTmFtZT0iUmVmZXJlciIgVmFsdWU9Int7VUlTZXJ2ZXJVUkx9fS91bml2ZXJzaXR5Y29sb3JhZG8vYWNjb3VudHMiIC8+DQogICAgICAgIDxIZWFkZXIgTmFtZT0iQXV0aG9yaXphdGlvbiIgVmFsdWU9IkJlYXJlcnt7U2Vzc2lvbn19IiAvPg0KICAgICAgPC9IZWFkZXJzPg0KICAgICAgPFF1ZXJ5U3RyaW5nUGFyYW1ldGVycz4NCiAgICAgICAgPFF1ZXJ5U3RyaW5nUGFyYW1ldGVyIE5hbWU9IklkIiBWYWx1ZT0idW5pdmVyc2l0eWNvbG9yYWRvIiBSZWNvcmRlZFZhbHVlPSJ1bml2ZXJzaXR5Y29sb3JhZG8iIENvcnJlbGF0aW9uQmluZGluZz0iIiBVcmxFbmNvZGU9IkZhbHNlIiBVc2VUb0dyb3VwUmVzdWx0cz0iRmFsc2UiIC8+DQogICAgICA8L1F1ZXJ5U3RyaW5nUGFyYW1ldGVycz4NCiAgICA8L1JlcXVlc3Q+DQogICAgPFJlcXVlc3QgTWV0aG9kPSJHRVQiIEd1aWQ9ImM4NWQzNTZlLTIwMmQtNGNhMS1hOTU4LWRjOTlmZGY4M2IxOSIgVmVyc2lvbj0iMS4xIiBVcmw9Int7VUlTZXJ2ZXJVUkx9fS9tb2R1bGVzL2FjY291bnRzL3ZpZXdzL2Nob29zZS1jb250ZXh0Lmh0bWwiIFRoaW5rVGltZT0iMCIgVGltZW91dD0iMzAwIiBQYXJzZURlcGVuZGVudFJlcXVlc3RzPSJUcnVlIiBGb2xsb3dSZWRpcmVjdHM9IlRydWUiIFJlY29yZFJlc3VsdD0iVHJ1ZSIgQ2FjaGU9IkZhbHNlIiBSZXNwb25zZVRpbWVHb2FsPSIwIiBFbmNvZGluZz0idXRmLTgiIEV4cGVjdGVkSHR0cFN0YXR1c0NvZGU9IjAiIEV4cGVjdGVkUmVzcG9uc2VVcmw9IiIgUmVwb3J0aW5nTmFtZT0iIiBJZ25vcmVIdHRwU3RhdHVzQ29kZT0iRmFsc2UiPg0KICAgICAgPEhlYWRlcnM+DQogICAgICAgIDxIZWFkZXIgTmFtZT0iQWNjZXB0IiBWYWx1ZT0idGV4dC9odG1sLCAqLyo7IHE9MC4wMSIgLz4NCiAgICAgICAgPEhlYWRlciBOYW1lPSJYLVJlcXVlc3RlZC1XaXRoIiBWYWx1ZT0iWE1MSHR0cFJlcXVlc3QiIC8+DQogICAgICAgIDxIZWFkZXIgTmFtZT0iUmVmZXJlciIgVmFsdWU9Int7VUlTZXJ2ZXJVUkx9fS91bml2ZXJzaXR5Y29sb3JhZG8vYWNjb3VudHMiIC8+DQogICAgICA8L0hlYWRlcnM+DQogICAgICA8UXVlcnlTdHJpbmdQYXJhbWV0ZXJzPg0KICAgICAgICA8UXVlcnlTdHJpbmdQYXJhbWV0ZXIgTmFtZT0iXyIgVmFsdWU9IjE0NTYxMzY4ODA3MDAiIFJlY29yZGVkVmFsdWU9IjE0NTYxMzY4ODA3MDAiIENvcnJlbGF0aW9uQmluZGluZz0iIiBVcmxFbmNvZGU9IkZhbHNlIiBVc2VUb0dyb3VwUmVzdWx0cz0iRmFsc2UiIC8+DQogICAgICA8L1F1ZXJ5U3RyaW5nUGFyYW1ldGVycz4NCiAgICA8L1JlcXVlc3Q+DQogICAgPFJlcXVlc3QgTWV0aG9kPSJHRVQiIEd1aWQ9IjA4MTljMjVkLTQzN2YtNGIwMS04NzRlLTQ5MDUwMWFjYjc5MyIgVmVyc2lvbj0iMS4xIiBVcmw9Int7VUlTZXJ2ZXJVUkx9fS8kbW9kdWxlL2xheW91dHMvYmFzZSIgVGhpbmtUaW1lPSIwIiBUaW1lb3V0PSIzMDAiIFBhcnNlRGVwZW5kZW50UmVxdWVzdHM9IlRydWUiIEZvbGxvd1JlZGlyZWN0cz0iVHJ1ZSIgUmVjb3JkUmVzdWx0PSJUcnVlIiBDYWNoZT0iRmFsc2UiIFJlc3BvbnNlVGltZUdvYWw9IjAiIEVuY29kaW5nPSJ1dGYtOCIgRXhwZWN0ZWRIdHRwU3RhdHVzQ29kZT0iMCIgRXhwZWN0ZWRSZXNwb25zZVVybD0iIiBSZXBvcnRpbmdOYW1lPSIiIElnbm9yZUh0dHBTdGF0dXNDb2RlPSJGYWxzZSI+DQogICAgICA8SGVhZGVycz4NCiAgICAgICAgPEhlYWRlciBOYW1lPSJBY2NlcHQiIFZhbHVlPSIqLyoiIC8+DQogICAgICAgIDxIZWFkZXIgTmFtZT0iWC1SZXF1ZXN0ZWQtV2l0aCIgVmFsdWU9IlhNTEh0dHBSZXF1ZXN0IiAvPg0KICAgICAgICA8SGVhZGVyIE5hbWU9IlJlZmVyZXIiIFZhbHVlPSJ7e1VJU2VydmVyVVJMfX0vdW5pdmVyc2l0eWNvbG9yYWRvIiAvPg0KICAgICAgPC9IZWFkZXJzPg0KICAgICAgPFF1ZXJ5U3RyaW5nUGFyYW1ldGVycz4NCiAgICAgICAgPFF1ZXJ5U3RyaW5nUGFyYW1ldGVyIE5hbWU9Il8iIFZhbHVlPSIxNDU2MTM2ODgwNzAxIiBSZWNvcmRlZFZhbHVlPSIxNDU2MTM2ODgwNzAxIiBDb3JyZWxhdGlvbkJpbmRpbmc9IiIgVXJsRW5jb2RlPSJGYWxzZSIgVXNlVG9Hcm91cFJlc3VsdHM9IkZhbHNlIiAvPg0KICAgICAgPC9RdWVyeVN0cmluZ1BhcmFtZXRlcnM+DQogICAgPC9SZXF1ZXN0Pg0KICAgIDxSZXF1ZXN0IE1ldGhvZD0iR0VUIiBHdWlkPSI2OGI1NjY4OS01MDIxLTRjNDEtOGJlNC1jYWJhZjZiMTc5NGUiIFZlcnNpb249IjEuMSIgVXJsPSJ7e1VJU2VydmVyVVJMfX0vbGF5b3V0cy9iYXNlL2luZGV4Lmh0bWwiIFRoaW5rVGltZT0iMCIgVGltZW91dD0iMzAwIiBQYXJzZURlcGVuZGVudFJlcXVlc3RzPSJUcnVlIiBGb2xsb3dSZWRpcmVjdHM9IlRydWUiIFJlY29yZFJlc3VsdD0iVHJ1ZSIgQ2FjaGU9IkZhbHNlIiBSZXNwb25zZVRpbWVHb2FsPSIwIiBFbmNvZGluZz0idXRmLTgiIEV4cGVjdGVkSHR0cFN0YXR1c0NvZGU9IjAiIEV4cGVjdGVkUmVzcG9uc2VVcmw9IiIgUmVwb3J0aW5nTmFtZT0iIiBJZ25vcmVIdHRwU3RhdHVzQ29kZT0iRmFsc2UiPg0KICAgICAgPEhlYWRlcnM+DQogICAgICAgIDxIZWFkZXIgTmFtZT0iQWNjZXB0IiBWYWx1ZT0idGV4dC9odG1sLCAqLyo7IHE9MC4wMSIgLz4NCiAgICAgICAgPEhlYWRlciBOYW1lPSJYLVJlcXVlc3RlZC1XaXRoIiBWYWx1ZT0iWE1MSHR0cFJlcXVlc3QiIC8+DQogICAgICAgIDxIZWFkZXIgTmFtZT0iUmVmZXJlciIgVmFsdWU9Int7VUlTZXJ2ZXJVUkx9fS91bml2ZXJzaXR5Y29sb3JhZG8vcHJpbWFyeSIgLz4NCiAgICAgIDwvSGVhZGVycz4NCiAgICAgIDxRdWVyeVN0cmluZ1BhcmFtZXRlcnM+DQogICAgICAgIDxRdWVyeVN0cmluZ1BhcmFtZXRlciBOYW1lPSJfIiBWYWx1ZT0iMTQ1NjEzNjg4MDcwMyIgUmVjb3JkZWRWYWx1ZT0iMTQ1NjEzNjg4MDcwMyIgQ29ycmVsYXRpb25CaW5kaW5nPSIiIFVybEVuY29kZT0iRmFsc2UiIFVzZVRvR3JvdXBSZXN1bHRzPSJGYWxzZSIgLz4NCiAgICAgIDwvUXVlcnlTdHJpbmdQYXJhbWV0ZXJzPg0KICAgIDwvUmVxdWVzdD4NCiAgICA8UmVxdWVzdCBNZXRob2Q9IkdFVCIgR3VpZD0iMThkNGU3YTgtYWM5NS00ZGY2LWI3MTMtNzI1MmI0NzM0YmE3IiBWZXJzaW9uPSIxLjEiIFVybD0ie3tBUElTZXJ2ZXJVUkx9fS9wcmVkaWN0L3YxL2xvbmdSdW5uaW5nVGFza3MiIFRoaW5rVGltZT0iMCIgVGltZW91dD0iMzAwIiBQYXJzZURlcGVuZGVudFJlcXVlc3RzPSJUcnVlIiBGb2xsb3dSZWRpcmVjdHM9IlRydWUiIFJlY29yZFJlc3VsdD0iVHJ1ZSIgQ2FjaGU9IkZhbHNlIiBSZXNwb25zZVRpbWVHb2FsPSIwIiBFbmNvZGluZz0idXRmLTgiIEV4cGVjdGVkSHR0cFN0YXR1c0NvZGU9IjAiIEV4cGVjdGVkUmVzcG9uc2VVcmw9IiIgUmVwb3J0aW5nTmFtZT0iIiBJZ25vcmVIdHRwU3RhdHVzQ29kZT0iRmFsc2UiPg0KICAgICAgPEhlYWRlcnM+DQogICAgICAgIDxIZWFkZXIgTmFtZT0iQWNjZXB0IiBWYWx1ZT0iYXBwbGljYXRpb24vanNvbiwgdGV4dC9wbGFpbiwgKi8qIiAvPg0KICAgICAgICA8SGVhZGVyIE5hbWU9IlJlZmVyZXIiIFZhbHVlPSJ7e1VJU2VydmVyVVJMfX0vdW5pdmVyc2l0eWNvbG9yYWRvL3ByaW1hcnkiIC8+DQogICAgICAgIDxIZWFkZXIgTmFtZT0iQXV0aG9yaXphdGlvbiIgVmFsdWU9IkJlYXJlcnt7U2Vzc2lvbn19IiAvPg0KICAgICAgPC9IZWFkZXJzPg0KICAgIDwvUmVxdWVzdD4NCiAgICA8UmVxdWVzdCBNZXRob2Q9IkdFVCIgR3VpZD0iM2RkZjc5N2MtYzg2Zi00MTRiLTg3MzktZTczZWRiZTUyNzU5IiBWZXJzaW9uPSIxLjEiIFVybD0ie3tVSVNlcnZlclVSTH19LyRtb2R1bGUvbW9kdWxlcy9ob21lIiBUaGlua1RpbWU9IjAiIFRpbWVvdXQ9IjMwMCIgUGFyc2VEZXBlbmRlbnRSZXF1ZXN0cz0iVHJ1ZSIgRm9sbG93UmVkaXJlY3RzPSJUcnVlIiBSZWNvcmRSZXN1bHQ9IlRydWUiIENhY2hlPSJGYWxzZSIgUmVzcG9uc2VUaW1lR29hbD0iMCIgRW5jb2Rpbmc9InV0Zi04IiBFeHBlY3RlZEh0dHBTdGF0dXNDb2RlPSIwIiBFeHBlY3RlZFJlc3BvbnNlVXJsPSIiIFJlcG9ydGluZ05hbWU9IiIgSWdub3JlSHR0cFN0YXR1c0NvZGU9IkZhbHNlIj4NCiAgICAgIDxIZWFkZXJzPg0KICAgICAgICA8SGVhZGVyIE5hbWU9IkFjY2VwdCIgVmFsdWU9IiovKiIgLz4NCiAgICAgICAgPEhlYWRlciBOYW1lPSJYLVJlcXVlc3RlZC1XaXRoIiBWYWx1ZT0iWE1MSHR0cFJlcXVlc3QiIC8+DQogICAgICAgIDxIZWFkZXIgTmFtZT0iUmVmZXJlciIgVmFsdWU9Int7VUlTZXJ2ZXJVUkx9fS91bml2ZXJzaXR5Y29sb3JhZG8vcHJpbWFyeSIgLz4NCiAgICAgIDwvSGVhZGVycz4NCiAgICAgIDxRdWVyeVN0cmluZ1BhcmFtZXRlcnM+DQogICAgICAgIDxRdWVyeVN0cmluZ1BhcmFtZXRlciBOYW1lPSJfIiBWYWx1ZT0iMTQ1NjEzNjg4MDcwNCIgUmVjb3JkZWRWYWx1ZT0iMTQ1NjEzNjg4MDcwNCIgQ29ycmVsYXRpb25CaW5kaW5nPSIiIFVybEVuY29kZT0iRmFsc2UiIFVzZVRvR3JvdXBSZXN1bHRzPSJGYWxzZSIgLz4NCiAgICAgIDwvUXVlcnlTdHJpbmdQYXJhbWV0ZXJzPg0KICAgIDwvUmVxdWVzdD4NCiAgICA8UmVxdWVzdCBNZXRob2Q9IkdFVCIgR3VpZD0iYTk3YzYzNjAtMzI0OC00MTE5LTlhMDctMDg4NTMxOGRkNTYxIiBWZXJzaW9uPSIxLjEiIFVybD0ie3tVSVNlcnZlclVSTH19L2xheW91dHMvYmFzZS9zZWxlY3QtY29udGV4dC5odG1sIiBUaGlua1RpbWU9IjAiIFRpbWVvdXQ9IjMwMCIgUGFyc2VEZXBlbmRlbnRSZXF1ZXN0cz0iVHJ1ZSIgRm9sbG93UmVkaXJlY3RzPSJUcnVlIiBSZWNvcmRSZXN1bHQ9IlRydWUiIENhY2hlPSJGYWxzZSIgUmVzcG9uc2VUaW1lR29hbD0iMCIgRW5jb2Rpbmc9InV0Zi04IiBFeHBlY3RlZEh0dHBTdGF0dXNDb2RlPSIwIiBFeHBlY3RlZFJlc3BvbnNlVXJsPSIiIFJlcG9ydGluZ05hbWU9IiIgSWdub3JlSHR0cFN0YXR1c0NvZGU9IkZhbHNlIj4NCiAgICAgIDxIZWFkZXJzPg0KICAgICAgICA8SGVhZGVyIE5hbWU9IkFjY2VwdCIgVmFsdWU9ImFwcGxpY2F0aW9uL2pzb24sIHRleHQvcGxhaW4sICovKiIgLz4NCiAgICAgICAgPEhlYWRlciBOYW1lPSJSZWZlcmVyIiBWYWx1ZT0ie3tVSVNlcnZlclVSTH19L3VuaXZlcnNpdHljb2xvcmFkby9wcmltYXJ5IiAvPg0KICAgICAgPC9IZWFkZXJzPg0KICAgIDwvUmVxdWVzdD4NCiAgICA8UmVxdWVzdCBNZXRob2Q9IkdFVCIgR3VpZD0iZTQ3NzI4ZjEtZGUzNy00ZGRmLWEwN2UtZWNhMDMwMTg4ZTU0IiBWZXJzaW9uPSIxLjEiIFVybD0ie3tVSVNlcnZlclVSTH19L2xheW91dHMvYmFzZS9zZWNvbmRhcnktc2lkZWJhci1uYXZpZ2F0aW9uLmh0bWwiIFRoaW5rVGltZT0iMSIgVGltZW91dD0iMzAwIiBQYXJzZURlcGVuZGVudFJlcXVlc3RzPSJUcnVlIiBGb2xsb3dSZWRpcmVjdHM9IlRydWUiIFJlY29yZFJlc3VsdD0iVHJ1ZSIgQ2FjaGU9IkZhbHNlIiBSZXNwb25zZVRpbWVHb2FsPSIwIiBFbmNvZGluZz0idXRmLTgiIEV4cGVjdGVkSHR0cFN0YXR1c0NvZGU9IjAiIEV4cGVjdGVkUmVzcG9uc2VVcmw9IiIgUmVwb3J0aW5nTmFtZT0iIiBJZ25vcmVIdHRwU3RhdHVzQ29kZT0iRmFsc2UiPg0KICAgICAgPEhlYWRlcnM+DQogICAgICAgIDxIZWFkZXIgTmFtZT0iQWNjZXB0IiBWYWx1ZT0iYXBwbGljYXRpb24vanNvbiwgdGV4dC9wbGFpbiwgKi8qIiAvPg0KICAgICAgICA8SGVhZGVyIE5hbWU9IlJlZmVyZXIiIFZhbHVlPSJ7e1VJU2VydmVyVVJMfX0vdW5pdmVyc2l0eWNvbG9yYWRvL3ByaW1hcnkiIC8+DQogICAgICA8L0hlYWRlcnM+DQogICAgPC9SZXF1ZXN0Pg0KICAgIDxSZXF1ZXN0IE1ldGhvZD0iR0VUIiBHdWlkPSJkZGUwMjJkOS0xODc1LTRlNDgtOTIzOC1lZjYxMWIwOTdlNjUiIFZlcnNpb249IjEuMSIgVXJsPSJ7e1VJU2VydmVyVVJMfX0vY3NzL2ZvbnRzL2ZvbnRhd2Vzb21lLXdlYmZvbnQuZW90IiBUaGlua1RpbWU9IjAiIFRpbWVvdXQ9IjMwMCIgUGFyc2VEZXBlbmRlbnRSZXF1ZXN0cz0iVHJ1ZSIgRm9sbG93UmVkaXJlY3RzPSJUcnVlIiBSZWNvcmRSZXN1bHQ9IlRydWUiIENhY2hlPSJGYWxzZSIgUmVzcG9uc2VUaW1lR29hbD0iMCIgRW5jb2Rpbmc9InV0Zi04IiBFeHBlY3RlZEh0dHBTdGF0dXNDb2RlPSIwIiBFeHBlY3RlZFJlc3BvbnNlVXJsPSIiIFJlcG9ydGluZ05hbWU9IiIgSWdub3JlSHR0cFN0YXR1c0NvZGU9IkZhbHNlIj4NCiAgICAgIDxIZWFkZXJzPg0KICAgICAgICA8SGVhZGVyIE5hbWU9IlJlZmVyZXIiIFZhbHVlPSJ7e1VJU2VydmVyVVJMfX0vdW5pdmVyc2l0eWNvbG9yYWRvL3Nlc3Npb24vbG9naW4iIC8+DQogICAgICA8L0hlYWRlcnM+DQogICAgICA8UXVlcnlTdHJpbmdQYXJhbWV0ZXJzPg0KICAgICAgICA8UXVlcnlTdHJpbmdQYXJhbWV0ZXIgTmFtZT0iIiBWYWx1ZT0iIiBSZWNvcmRlZFZhbHVlPSIiIENvcnJlbGF0aW9uQmluZGluZz0iIiBVcmxFbmNvZGU9IkZhbHNlIiBVc2VUb0dyb3VwUmVzdWx0cz0iRmFsc2UiIC8+DQogICAgICA8L1F1ZXJ5U3RyaW5nUGFyYW1ldGVycz4NCiAgICA8L1JlcXVlc3Q+DQogICAgPFJlcXVlc3QgTWV0aG9kPSJHRVQiIEd1aWQ9ImEyYmQxZWE3LTBhZmYtNGQxNS1iMDY1LWYzMTJmYWNmMDhlZiIgVmVyc2lvbj0iMS4xIiBVcmw9Int7VUlTZXJ2ZXJVUkx9fS9tb2R1bGVzL2hvbWUvaW5kZXguaHRtbCIgVGhpbmtUaW1lPSIwIiBUaW1lb3V0PSIzMDAiIFBhcnNlRGVwZW5kZW50UmVxdWVzdHM9IlRydWUiIEZvbGxvd1JlZGlyZWN0cz0iVHJ1ZSIgUmVjb3JkUmVzdWx0PSJUcnVlIiBDYWNoZT0iRmFsc2UiIFJlc3BvbnNlVGltZUdvYWw9IjAiIEVuY29kaW5nPSJ1dGYtOCIgRXhwZWN0ZWRIdHRwU3RhdHVzQ29kZT0iMCIgRXhwZWN0ZWRSZXNwb25zZVVybD0iIiBSZXBvcnRpbmdOYW1lPSIiIElnbm9yZUh0dHBTdGF0dXNDb2RlPSJGYWxzZSI+DQogICAgICA8SGVhZGVycz4NCiAgICAgICAgPEhlYWRlciBOYW1lPSJBY2NlcHQiIFZhbHVlPSJ0ZXh0L2h0bWwsICovKjsgcT0wLjAxIiAvPg0KICAgICAgICA8SGVhZGVyIE5hbWU9IlgtUmVxdWVzdGVkLVdpdGgiIFZhbHVlPSJYTUxIdHRwUmVxdWVzdCIgLz4NCiAgICAgICAgPEhlYWRlciBOYW1lPSJSZWZlcmVyIiBWYWx1ZT0ie3tVSVNlcnZlclVSTH19L3VuaXZlcnNpdHljb2xvcmFkby9wcmltYXJ5IiAvPg0KICAgICAgPC9IZWFkZXJzPg0KICAgICAgPFF1ZXJ5U3RyaW5nUGFyYW1ldGVycz4NCiAgICAgICAgPFF1ZXJ5U3RyaW5nUGFyYW1ldGVyIE5hbWU9Il8iIFZhbHVlPSIxNDU2MTM2ODgwNzA4IiBSZWNvcmRlZFZhbHVlPSIxNDU2MTM2ODgwNzA4IiBDb3JyZWxhdGlvbkJpbmRpbmc9IiIgVXJsRW5jb2RlPSJGYWxzZSIgVXNlVG9Hcm91cFJlc3VsdHM9IkZhbHNlIiAvPg0KICAgICAgPC9RdWVyeVN0cmluZ1BhcmFtZXRlcnM+DQogICAgPC9SZXF1ZXN0Pg0KICAgIDxSZXF1ZXN0IE1ldGhvZD0iR0VUIiBHdWlkPSJjZDhhMGI0YS1hNjQ5LTQ2MTQtOTk2OC0yOWRlYTVjYzNmYjYiIFZlcnNpb249IjEuMSIgVXJsPSJ7e1VJU2VydmVyVVJMfX0vbW9kdWxlcy9ob21lL3ZpZXdzL3dlbGNvbWUuaHRtbCIgVGhpbmtUaW1lPSIwIiBUaW1lb3V0PSIzMDAiIFBhcnNlRGVwZW5kZW50UmVxdWVzdHM9IlRydWUiIEZvbGxvd1JlZGlyZWN0cz0iVHJ1ZSIgUmVjb3JkUmVzdWx0PSJUcnVlIiBDYWNoZT0iRmFsc2UiIFJlc3BvbnNlVGltZUdvYWw9IjAiIEVuY29kaW5nPSJ1dGYtOCIgRXhwZWN0ZWRIdHRwU3RhdHVzQ29kZT0iMCIgRXhwZWN0ZWRSZXNwb25zZVVybD0iIiBSZXBvcnRpbmdOYW1lPSIiIElnbm9yZUh0dHBTdGF0dXNDb2RlPSJGYWxzZSI+DQogICAgICA8SGVhZGVycz4NCiAgICAgICAgPEhlYWRlciBOYW1lPSJBY2NlcHQiIFZhbHVlPSJ0ZXh0L2h0bWwsICovKjsgcT0wLjAxIiAvPg0KICAgICAgICA8SGVhZGVyIE5hbWU9IlgtUmVxdWVzdGVkLVdpdGgiIFZhbHVlPSJYTUxIdHRwUmVxdWVzdCIgLz4NCiAgICAgICAgPEhlYWRlciBOYW1lPSJSZWZlcmVyIiBWYWx1ZT0ie3tVSVNlcnZlclVSTH19L3VuaXZlcnNpdHljb2xvcmFkby9wcmltYXJ5IiAvPg0KICAgICAgPC9IZWFkZXJzPg0KICAgICAgPFF1ZXJ5U3RyaW5nUGFyYW1ldGVycz4NCiAgICAgICAgPFF1ZXJ5U3RyaW5nUGFyYW1ldGVyIE5hbWU9Il8iIFZhbHVlPSIxNDU2MTM2ODgwNzA5IiBSZWNvcmRlZFZhbHVlPSIxNDU2MTM2ODgwNzA5IiBDb3JyZWxhdGlvbkJpbmRpbmc9IiIgVXJsRW5jb2RlPSJGYWxzZSIgVXNlVG9Hcm91cFJlc3VsdHM9IkZhbHNlIiAvPg0KICAgICAgPC9RdWVyeVN0cmluZ1BhcmFtZXRlcnM+DQogICAgPC9SZXF1ZXN0Pg0KICAgIDxSZXF1ZXN0IE1ldGhvZD0iR0VUIiBHdWlkPSIyZDc3OTFkMi1lZDdiLTQ5MGMtODc1MS0wYThkNjczZWI1NjIiIFZlcnNpb249IjEuMSIgVXJsPSJ7e1VJU2VydmVyVVJMfX0vbW9kdWxlcy9ob21lL3ZpZXdzL2RlbW8uaHRtbCIgVGhpbmtUaW1lPSIwIiBUaW1lb3V0PSIzMDAiIFBhcnNlRGVwZW5kZW50UmVxdWVzdHM9IlRydWUiIEZvbGxvd1JlZGlyZWN0cz0iVHJ1ZSIgUmVjb3JkUmVzdWx0PSJUcnVlIiBDYWNoZT0iRmFsc2UiIFJlc3BvbnNlVGltZUdvYWw9IjAiIEVuY29kaW5nPSJ1dGYtOCIgRXhwZWN0ZWRIdHRwU3RhdHVzQ29kZT0iMCIgRXhwZWN0ZWRSZXNwb25zZVVybD0iIiBSZXBvcnRpbmdOYW1lPSIiIElnbm9yZUh0dHBTdGF0dXNDb2RlPSJGYWxzZSI+DQogICAgICA8SGVhZGVycz4NCiAgICAgICAgPEhlYWRlciBOYW1lPSJBY2NlcHQiIFZhbHVlPSJ0ZXh0L2h0bWwsICovKjsgcT0wLjAxIiAvPg0KICAgICAgICA8SGVhZGVyIE5hbWU9IlgtUmVxdWVzdGVkLVdpdGgiIFZhbHVlPSJYTUxIdHRwUmVxdWVzdCIgLz4NCiAgICAgICAgPEhlYWRlciBOYW1lPSJSZWZlcmVyIiBWYWx1ZT0ie3tVSVNlcnZlclVSTH19L3VuaXZlcnNpdHljb2xvcmFkby9wcmltYXJ5IiAvPg0KICAgICAgPC9IZWFkZXJzPg0KICAgICAgPFF1ZXJ5U3RyaW5nUGFyYW1ldGVycz4NCiAgICAgICAgPFF1ZXJ5U3RyaW5nUGFyYW1ldGVyIE5hbWU9Il8iIFZhbHVlPSIxNDU2MTM2ODgwNzEwIiBSZWNvcmRlZFZhbHVlPSIxNDU2MTM2ODgwNzEwIiBDb3JyZWxhdGlvbkJpbmRpbmc9IiIgVXJsRW5jb2RlPSJGYWxzZSIgVXNlVG9Hcm91cFJlc3VsdHM9IkZhbHNlIiAvPg0KICAgICAgPC9RdWVyeVN0cmluZ1BhcmFtZXRlcnM+DQogICAgPC9SZXF1ZXN0Pg0KICAgIDxSZXF1ZXN0IE1ldGhvZD0iR0VUIiBHdWlkPSI4MDdlOGE1Zi0xZmIxLTQxNmQtYjJjZS04MzJmNGY4ZmY5YzAiIFZlcnNpb249IjEuMSIgVXJsPSJ7e0FQSVNlcnZlclVSTH19L3ByZWRpY3QvdjEvbG9uZ1J1bm5pbmdUYXNrcyIgVGhpbmtUaW1lPSIxIiBUaW1lb3V0PSIzMDAiIFBhcnNlRGVwZW5kZW50UmVxdWVzdHM9IlRydWUiIEZvbGxvd1JlZGlyZWN0cz0iVHJ1ZSIgUmVjb3JkUmVzdWx0PSJUcnVlIiBDYWNoZT0iRmFsc2UiIFJlc3BvbnNlVGltZUdvYWw9IjAiIEVuY29kaW5nPSJ1dGYtOCIgRXhwZWN0ZWRIdHRwU3RhdHVzQ29kZT0iMCIgRXhwZWN0ZWRSZXNwb25zZVVybD0iIiBSZXBvcnRpbmdOYW1lPSIiIElnbm9yZUh0dHBTdGF0dXNDb2RlPSJGYWxzZSI+DQogICAgICA8SGVhZGVycz4NCiAgICAgICAgPEhlYWRlciBOYW1lPSJBY2NlcHQiIFZhbHVlPSJhcHBsaWNhdGlvbi9qc29uLCB0ZXh0L3BsYWluLCAqLyoiIC8+DQogICAgICAgIDxIZWFkZXIgTmFtZT0iUmVmZXJlciIgVmFsdWU9Int7VUlTZXJ2ZXJVUkx9fS91bml2ZXJzaXR5Y29sb3JhZG8vcHJpbWFyeSIgLz4NCiAgICAgICAgPEhlYWRlciBOYW1lPSJBdXRob3JpemF0aW9uIiBWYWx1ZT0iQmVhcmVye3tTZXNzaW9ufX0iIC8+DQogICAgICA8L0hlYWRlcnM+DQogICAgPC9SZXF1ZXN0Pg0KICAgIDxSZXF1ZXN0IE1ldGhvZD0iUE9TVCIgR3VpZD0iNjE0OGE0MGUtODVkOS00YzY1LWFmYzktNWJiMjczOTg1ZmVhIiBWZXJzaW9uPSIxLjEiIFVybD0ie3tXZWJTZXJ2ZXIyfX0vcmVzb3VyY2VzLzEvZTRmNjNkYTYzNyIgVGhpbmtUaW1lPSIwIiBUaW1lb3V0PSIzMDAiIFBhcnNlRGVwZW5kZW50UmVxdWVzdHM9IlRydWUiIEZvbGxvd1JlZGlyZWN0cz0iVHJ1ZSIgUmVjb3JkUmVzdWx0PSJUcnVlIiBDYWNoZT0iRmFsc2UiIFJlc3BvbnNlVGltZUdvYWw9IjAiIEVuY29kaW5nPSJ1dGYtOCIgRXhwZWN0ZWRIdHRwU3RhdHVzQ29kZT0iMCIgRXhwZWN0ZWRSZXNwb25zZVVybD0iIiBSZXBvcnRpbmdOYW1lPSIiIElnbm9yZUh0dHBTdGF0dXNDb2RlPSJGYWxzZSI+DQogICAgICA8SGVhZGVycz4NCiAgICAgICAgPEhlYWRlciBOYW1lPSJSZWZlcmVyIiBWYWx1ZT0ie3tVSVNlcnZlclVSTH19L3VuaXZlcnNpdHljb2xvcmFkby9wcmltYXJ5IiAvPg0KICAgICAgPC9IZWFkZXJzPg0KICAgICAgPFF1ZXJ5U3RyaW5nUGFyYW1ldGVycz4NCiAgICAgICAgPFF1ZXJ5U3RyaW5nUGFyYW1ldGVyIE5hbWU9ImEiIFZhbHVlPSIxMjM0NjY4OCIgUmVjb3JkZWRWYWx1ZT0iMTIzNDY2ODgiIENvcnJlbGF0aW9uQmluZGluZz0iIiBVcmxFbmNvZGU9IkZhbHNlIiBVc2VUb0dyb3VwUmVzdWx0cz0iRmFsc2UiIC8+DQogICAgICAgIDxRdWVyeVN0cmluZ1BhcmFtZXRlciBOYW1lPSJ2IiBWYWx1ZT0iODUyLmEzNmYwZmQiIFJlY29yZGVkVmFsdWU9Ijg1Mi5hMzZmMGZkIiBDb3JyZWxhdGlvbkJpbmRpbmc9IiIgVXJsRW5jb2RlPSJGYWxzZSIgVXNlVG9Hcm91cFJlc3VsdHM9IkZhbHNlIiAvPg0KICAgICAgICA8UXVlcnlTdHJpbmdQYXJhbWV0ZXIgTmFtZT0idG8iIFZhbHVlPSJNZ1lBTjBRSERCRllWVUZiWHd0TUp4dEdGQWNSU2x4R0hYY2dOMDFNSEElM0QlM0QiIFJlY29yZGVkVmFsdWU9Ik1nWUFOMFFIREJGWVZVRmJYd3RNSnh0R0ZBY1JTbHhHSFhjZ04wMU1IQSUzRCUzRCIgQ29ycmVsYXRpb25CaW5kaW5nPSIiIFVybEVuY29kZT0iRmFsc2UiIFVzZVRvR3JvdXBSZXN1bHRzPSJGYWxzZSIgLz4NCiAgICAgICAgPFF1ZXJ5U3RyaW5nUGFyYW1ldGVyIE5hbWU9InN0IiBWYWx1ZT0iMTQ1NjEzNjg3ODI3MyIgUmVjb3JkZWRWYWx1ZT0iMTQ1NjEzNjg3ODI3MyIgQ29ycmVsYXRpb25CaW5kaW5nPSIiIFVybEVuY29kZT0iRmFsc2UiIFVzZVRvR3JvdXBSZXN1bHRzPSJGYWxzZSIgLz4NCiAgICAgICAgPFF1ZXJ5U3RyaW5nUGFyYW1ldGVyIE5hbWU9InB0aWQiIFZhbHVlPSI0OGMxYzg5Ni0zY2JjLWI3NDctY2FmOC0wMTUzMDg4NThkZWYiIFJlY29yZGVkVmFsdWU9IjQ4YzFjODk2LTNjYmMtYjc0Ny1jYWY4LTAxNTMwODg1OGRlZiIgQ29ycmVsYXRpb25CaW5kaW5nPSIiIFVybEVuY29kZT0iRmFsc2UiIFVzZVRvR3JvdXBSZXN1bHRzPSJGYWxzZSIgLz4NCiAgICAgIDwvUXVlcnlTdHJpbmdQYXJhbWV0ZXJzPg0KICAgICAgPFN0cmluZ0h0dHBCb2R5IENvbnRlbnRUeXBlPSJ0ZXh0L3BsYWluO2NoYXJzZXQ9VVRGLTgiIEluc2VydEJ5dGVPcmRlck1hcms9IkZhbHNlIj5ld0FpQUhJQVpRQnpBQ0lBT2dCYkFIc0FJZ0J1QUNJQU9nQWlBSElBWlFCaEFHUUFlUUJ6QUhRQVlRQjBBR1VBWXdCb0FHRUFiZ0JuQUdVQUlnQXNBQ0lBY3dBaUFEb0FOQUF3QURZQU1nQTBBQ3dBSWdCbEFDSUFPZ0EwQURBQU5nQXlBRFFBTEFBaUFHOEFJZ0E2QUNJQWRRQnVBR1FBWlFCbUFHa0FiZ0JsQUdRQUlBQlFBRThBVXdCVUFEb0FJQUJpQUdFQWJRQXVBRzRBY2dBdEFHUUFZUUIwQUdFQUxnQnVBR1VBZEFBNkFEUUFOQUF6QUM4QWNnQmxBSE1BYndCMUFISUFZd0JsQUhNQUx3QXhBQzhBWlFBMEFHWUFOZ0F6QUdRQVlRQTJBRE1BTndBaUFDd0FJZ0IwQUNJQU9nQWlBR1VBZGdCbEFHNEFkQUFpQUgwQUxBQjdBQ0lBYmdBaUFEb0FJZ0J5QUdVQVlRQmtBSGtBY3dCMEFHRUFkQUJsQUdNQWFBQmhBRzRBWndCbEFDSUFMQUFpQUhNQUlnQTZBRFFBTUFBMkFESUFOQUFzQUNJQVpRQWlBRG9BTkFBd0FEWUFNZ0EwQUN3QUlnQnZBQ0lBT2dBaUFIVUFiZ0JrQUdVQVpnQnBBRzRBWlFCa0FDQUFVQUJQQUZNQVZBQTZBQ0FBWWdCaEFHMEFMZ0J1QUhJQUxRQmtBR0VBZEFCaEFDNEFiZ0JsQUhRQU9nQTBBRFFBTXdBdkFISUFaUUJ6QUc4QWRRQnlBR01BWlFCekFDOEFNUUF2QUdVQU5BQm1BRFlBTXdCa0FHRUFOZ0F6QURjQUlnQXNBQ0lBZEFBaUFEb0FJZ0JsQUhZQVpRQnVBSFFBSWdCOUFDd0Fld0FpQUc0QUlnQTZBQ0lBY2dCbEFHRUFaQUI1QUhNQWRBQmhBSFFBWlFCakFHZ0FZUUJ1QUdjQVpRQWlBQ3dBSWdCekFDSUFPZ0EwQURBQU5nQTRBRFVBTEFBaUFHVUFJZ0E2QURRQU1BQTJBRGdBTlFBc0FDSUFid0FpQURvQUlnQjFBRzRBWkFCbEFHWUFhUUJ1QUdVQVpBQWdBRkFBVHdCVEFGUUFPZ0FnQUdJQVlRQnRBQzRBYmdCeUFDMEFaQUJoQUhRQVlRQXVBRzRBWlFCMEFEb0FOQUEwQURNQUx3QnlBR1VBY3dCdkFIVUFjZ0JqQUdVQWN3QXZBREVBTHdCbEFEUUFaZ0EyQURNQVpBQmhBRFlBTXdBM0FDSUFMQUFpQUhRQUlnQTZBQ0lBWlFCMkFHVUFiZ0IwQUNJQWZRQXNBSHNBSWdCdUFDSUFPZ0FpQUhJQVpRQmhBR1FBZVFCekFIUUFZUUIwQUdVQVl3Qm9BR0VBYmdCbkFHVUFJZ0FzQUNJQWN3QWlBRG9BTkFBd0FEWUFPQUExQUN3QUlnQmxBQ0lBT2dBMEFEQUFOZ0E0QURVQUxBQWlBRzhBSWdBNkFDSUFkUUJ1QUdRQVpRQm1BR2tBYmdCbEFHUUFJQUJRQUU4QVV3QlVBRG9BSUFCaUFHRUFiUUF1QUc0QWNnQXRBR1FBWVFCMEFHRUFMZ0J1QUdVQWRBQTZBRFFBTkFBekFDOEFjZ0JsQUhNQWJ3QjFBSElBWXdCbEFITUFMd0F4QUM4QVpRQTBBR1lBTmdBekFHUUFZUUEyQURNQU53QWlBQ3dBSWdCMEFDSUFPZ0FpQUdVQWRnQmxBRzRBZEFBaUFIMEFMQUI3QUNJQWJnQWlBRG9BSWdCeUFHVUFZUUJrQUhrQWN3QjBBR0VBZEFCbEFHTUFhQUJoQUc0QVp3QmxBQ0lBTEFBaUFITUFJZ0E2QURRQU1BQTJBRGdBTlFBc0FDSUFaUUFpQURvQU5BQXdBRFlBT0FBMUFDd0FJZ0J2QUNJQU9nQWlBSFVBYmdCa0FHVUFaZ0JwQUc0QVpRQmtBQ0FBVUFCUEFGTUFWQUE2QUNBQVlnQmhBRzBBTGdCdUFISUFMUUJrQUdFQWRBQmhBQzRBYmdCbEFIUUFPZ0EwQURRQU13QXZBSElBWlFCekFHOEFkUUJ5QUdNQVpRQnpBQzhBTVFBdkFHVUFOQUJtQURZQU13QmtBR0VBTmdBekFEY0FJZ0FzQUNJQWRBQWlBRG9BSWdCbEFIWUFaUUJ1QUhRQUlnQjlBQ3dBZXdBaUFHNEFJZ0E2QUNJQWNnQmxBR0VBWkFCNUFITUFkQUJoQUhRQVpRQmpBR2dBWVFCdUFHY0FaUUFpQUN3QUlnQnpBQ0lBT2dBMEFEUUFPQUF3QURjQUxBQWlBR1VBSWdBNkFEUUFOQUE0QURBQU53QXNBQ0lBYndBaUFEb0FJZ0IxQUc0QVpBQmxBR1lBYVFCdUFHVUFaQUFnQUZBQVR3QlRBRlFBT2dBZ0FITUFkQUJoQUdjQWFRQnVBR2NBY0FCeUFHVUFaQUJwQUdNQWRBQTFBQzRBYVFCdUFHWUFiQUIxQUdVQWJnQmpBR1VBYUFCbEFHRUFiQUIwQUdnQUxnQmpBRzhBYlFBNkFETUFNQUF3QURBQUx3QndBSElBWlFCa0FHa0FZd0IwQUM4QWRnQXhBQzhBWXdCc0FHa0FaUUJ1QUhRQWN3QXZBSFVBYmdCcEFIWUFaUUJ5QUhNQWFRQjBBSGtBWXdCdkFHd0Fid0J5QUdFQVpBQnZBQzhBWVFCMUFIUUFhQUJVQUc4QWF3QmxBRzRBSWdBc0FDSUFkQUFpQURvQUlnQmxBSFlBWlFCdUFIUUFJZ0I5QUN3QWV3QWlBRzRBSWdBNkFDSUFjZ0JsQUdFQVpBQjVBSE1BZEFCaEFIUUFaUUJqQUdnQVlRQnVBR2NBWlFBaUFDd0FJZ0J6QUNJQU9nQTBBRFFBT0FBd0FEZ0FMQUFpQUdVQUlnQTZBRFFBTkFBNEFEQUFPQUFzQUNJQWJ3QWlBRG9BSWdCMUFHNEFaQUJsQUdZQWFRQnVBR1VBWkFBZ0FGQUFUd0JUQUZRQU9nQWdBSE1BZEFCaEFHY0FhUUJ1QUdjQWNBQnlBR1VBWkFCcEFHTUFkQUExQUM0QWFRQnVBR1lBYkFCMUFHVUFiZ0JqQUdVQWFBQmxBR0VBYkFCMEFHZ0FMZ0JqQUc4QWJRQTZBRE1BTUFBd0FEQUFMd0J3QUhJQVpRQmtBR2tBWXdCMEFDOEFkZ0F4QUM4QVl3QnNBR2tBWlFCdUFIUUFjd0F2QUhVQWJnQnBBSFlBWlFCeUFITUFhUUIwQUhrQVl3QnZBR3dBYndCeUFHRUFaQUJ2QUM4QVlRQjFBSFFBYUFCVUFHOEFhd0JsQUc0QUlnQXNBQ0lBZEFBaUFEb0FJZ0JsQUhZQVpRQnVBSFFBSWdCOUFDd0Fld0FpQUc0QUlnQTZBQ0lBY2dCbEFHRUFaQUI1QUhNQWRBQmhBSFFBWlFCakFHZ0FZUUJ1QUdjQVpRQWlBQ3dBSWdCekFDSUFPZ0EwQURRQU9BQXdBRGdBTEFBaUFHVUFJZ0E2QURRQU5BQTRBREFBT0FBc0FDSUFid0FpQURvQUlnQjFBRzRBWkFCbEFHWUFhUUJ1QUdVQVpBQWdBRkFBVHdCVEFGUUFPZ0FnQUhNQWRBQmhBR2NBYVFCdUFHY0FjQUJ5QUdVQVpBQnBBR01BZEFBMUFDNEFhUUJ1QUdZQWJBQjFBR1VBYmdCakFHVUFhQUJsQUdFQWJBQjBBR2dBTGdCakFHOEFiUUE2QURNQU1BQXdBREFBTHdCd0FISUFaUUJrQUdrQVl3QjBBQzhBZGdBeEFDOEFZd0JzQUdrQVpRQnVBSFFBY3dBdkFIVUFiZ0JwQUhZQVpRQnlBSE1BYVFCMEFIa0FZd0J2QUd3QWJ3QnlBR0VBWkFCdkFDOEFZUUIxQUhRQWFBQlVBRzhBYXdCbEFHNEFJZ0FzQUNJQWRBQWlBRG9BSWdCbEFIWUFaUUJ1QUhRQUlnQjlBQ3dBZXdBaUFHNEFJZ0E2QUNJQWNnQmxBR0VBWkFCNUFITUFkQUJoQUhRQVpRQmpBR2dBWVFCdUFHY0FaUUFpQUN3QUlnQnpBQ0lBT2dBMEFEWUFPUUF6QURVQUxBQWlBR1VBSWdBNkFEUUFOZ0E1QURNQU5RQXNBQ0lBYndBaUFEb0FJZ0IxQUc0QVpBQmxBR1lBYVFCdUFHVUFaQUFnQUZBQVR3QlRBRlFBT2dBZ0FITUFkQUJoQUdjQWFRQnVBR2NBY0FCeUFHVUFaQUJwQUdNQWRBQTFBQzRBYVFCdUFHWUFiQUIxQUdVQWJnQmpBR1VBYUFCbEFHRUFiQUIwQUdnQUxnQmpBRzhBYlFBNkFETUFNQUF3QURBQUx3QndBSElBWlFCa0FHa0FZd0IwQUM4QWRnQXhBQzhBWXdCc0FHa0FaUUJ1QUhRQWN3QXZBSFVBYmdCcEFIWUFaUUJ5QUhNQWFRQjBBSGtBWXdCdkFHd0Fid0J5QUdFQVpBQnZBQzhBWVFCMUFIUUFhQUJVQUc4QWF3QmxBRzRBSWdBc0FDSUFkQUFpQURvQUlnQmxBSFlBWlFCdUFIUUFJZ0I5QUN3QWV3QWlBRzRBSWdBNkFDSUFjZ0JsQUdFQVpBQjVBSE1BZEFCaEFIUUFaUUJqQUdnQVlRQnVBR2NBWlFBaUFDd0FJZ0J6QUNJQU9nQTBBRFlBT1FBekFEVUFMQUFpQUdVQUlnQTZBRFFBTmdBNUFETUFOUUFzQUNJQWJ3QWlBRG9BSWdCMUFHNEFaQUJsQUdZQWFRQnVBR1VBWkFBZ0FGQUFUd0JUQUZRQU9nQWdBSE1BZEFCaEFHY0FhUUJ1QUdjQWNBQnlBR1VBWkFCcEFHTUFkQUExQUM0QWFRQnVBR1lBYkFCMUFHVUFiZ0JqQUdVQWFBQmxBR0VBYkFCMEFHZ0FMZ0JqQUc4QWJRQTZBRE1BTUFBd0FEQUFMd0J3QUhJQVpRQmtBR2tBWXdCMEFDOEFkZ0F4QUM4QVl3QnNBR2tBWlFCdUFIUUFjd0F2QUhVQWJnQnBBSFlBWlFCeUFITUFhUUIwQUhrQVl3QnZBR3dBYndCeUFHRUFaQUJ2QUM4QVlRQjFBSFFBYUFCVUFHOEFhd0JsQUc0QUlnQXNBQ0lBZEFBaUFEb0FJZ0JsQUhZQVpRQnVBSFFBSWdCOUFDd0Fld0FpQUc0QUlnQTZBQ0lBY2dCbEFHRUFaQUI1QUhNQWRBQmhBSFFBWlFCakFHZ0FZUUJ1QUdjQVpRQWlBQ3dBSWdCekFDSUFPZ0EwQURZQU9RQXpBRFVBTEFBaUFHVUFJZ0E2QURRQU5nQTVBRE1BTlFBc0FDSUFid0FpQURvQUlnQjFBRzRBWkFCbEFHWUFhUUJ1QUdVQVpBQWdBRkFBVHdCVEFGUUFPZ0FnQUhNQWRBQmhBR2NBYVFCdUFHY0FjQUJ5QUdVQVpBQnBBR01BZEFBMUFDNEFhUUJ1QUdZQWJBQjFBR1VBYmdCakFHVUFhQUJsQUdFQWJBQjBBR2dBTGdCakFHOEFiUUE2QURNQU1BQXdBREFBTHdCd0FISUFaUUJrQUdrQVl3QjBBQzhBZGdBeEFDOEFZd0JzQUdrQVpRQnVBSFFBY3dBdkFIVUFiZ0JwQUhZQVpRQnlBSE1BYVFCMEFIa0FZd0J2QUd3QWJ3QnlBR0VBWkFCdkFDOEFZUUIxQUhRQWFBQlVBRzhBYXdCbEFHNEFJZ0FzQUNJQWRBQWlBRG9BSWdCbEFIWUFaUUJ1QUhRQUlnQjlBQ3dBZXdBaUFHNEFJZ0E2QUNJQWNnQmxBR0VBWkFCNUFITUFkQUJoQUhRQVpRQmpBR2dBWVFCdUFHY0FaUUFpQUN3QUlnQnpBQ0lBT2dBMEFEWUFPUUF6QURVQUxBQWlBR1VBSWdBNkFEUUFOZ0E1QURNQU5RQXNBQ0lBYndBaUFEb0FJZ0IxQUc0QVpBQmxBR1lBYVFCdUFHVUFaQUFnQUZBQVR3QlRBRlFBT2dBZ0FITUFkQUJoQUdjQWFRQnVBR2NBY0FCeUFHVUFaQUJwQUdNQWRBQTFBQzRBYVFCdUFHWUFiQUIxQUdVQWJnQmpBR1VBYUFCbEFHRUFiQUIwQUdnQUxnQmpBRzhBYlFBNkFETUFNQUF3QURBQUx3QndBSElBWlFCa0FHa0FZd0IwQUM4QWRnQXhBQzhBWXdCc0FHa0FaUUJ1QUhRQWN3QXZBSFVBYmdCcEFIWUFaUUJ5QUhNQWFRQjBBSGtBWXdCdkFHd0Fid0J5QUdFQVpBQnZBQzhBWVFCMUFIUUFhQUJVQUc4QWF3QmxBRzRBSWdBc0FDSUFkQUFpQURvQUlnQmxBSFlBWlFCdUFIUUFJZ0I5QUN3QWV3QWlBRzRBSWdBNkFDSUFjZ0JsQUdFQVpBQjVBSE1BZEFCaEFIUUFaUUJqQUdnQVlRQnVBR2NBWlFBaUFDd0FJZ0J6QUNJQU9nQTBBRFlBT1FBekFEVUFMQUFpQUdVQUlnQTZBRFFBTmdBNUFETUFOUUFzQUNJQWJ3QWlBRG9BSWdCMUFHNEFaQUJsQUdZQWFRQnVBR1VBWkFBZ0FGQUFUd0JUQUZRQU9nQWdBSE1BZEFCaEFHY0FhUUJ1QUdjQWNBQnlBR1VBWkFCcEFHTUFkQUExQUM0QWFRQnVBR1lBYkFCMUFHVUFiZ0JqQUdVQWFBQmxBR0VBYkFCMEFHZ0FMZ0JqQUc4QWJRQTZBRE1BTUFBd0FEQUFMd0J3QUhJQVpRQmtBR2tBWXdCMEFDOEFkZ0F4QUM4QVl3QnNBR2tBWlFCdUFIUUFjd0F2QUhVQWJnQnBBSFlBWlFCeUFITUFhUUIwQUhrQVl3QnZBR3dBYndCeUFHRUFaQUJ2QUM4QVlRQjFBSFFBYUFCVUFHOEFhd0JsQUc0QUlnQXNBQ0lBZEFBaUFEb0FJZ0JsQUhZQVpRQnVBSFFBSWdCOUFDd0Fld0FpQUc0QUlnQTZBQ0lBY2dCbEFHRUFaQUI1QUhNQWRBQmhBSFFBWlFCakFHZ0FZUUJ1QUdjQVpRQWlBQ3dBSWdCekFDSUFPZ0EwQURZQU9RQTBBRGtBTEFBaUFHVUFJZ0E2QURRQU5nQTVBRFFBT1FBc0FDSUFid0FpQURvQUlnQjFBRzRBWkFCbEFHWUFhUUJ1QUdVQVpBQWdBRWNBUlFCVUFEb0FJQUJ6QUhRQVlRQm5BR2tBYmdCbkFIQUFjZ0JsQUdRQWFRQmpBSFFBTlFBdUFHa0FiZ0JtQUd3QWRRQmxBRzRBWXdCbEFHZ0FaUUJoQUd3QWRBQm9BQzRBWXdCdkFHMEFPZ0EwQURRQU13QXZBQ1FBYlFCdkFHUUFkUUJzQUdVQUx3QnRBRzhBWkFCMUFHd0FaUUJ6QUM4QVlRQmpBR01BYndCMUFHNEFkQUJ6QUNJQUxBQWlBSFFBSWdBNkFDSUFaUUIyQUdVQWJnQjBBQ0lBZlFBc0FIc0FJZ0J1QUNJQU9nQWlBSElBWlFCaEFHUUFlUUJ6QUhRQVlRQjBBR1VBWXdCb0FHRUFiZ0JuQUdVQUlnQXNBQ0lBY3dBaUFEb0FOQUEyQURrQU5RQXdBQ3dBSWdCbEFDSUFPZ0EwQURZQU9RQTFBREFBTEFBaUFHOEFJZ0E2QUNJQWRRQnVBR1FBWlFCbUFHa0FiZ0JsQUdRQUlBQkhBRVVBVkFBNkFDQUFjd0IwQUdFQVp3QnBBRzRBWndCd0FISUFaUUJrQUdrQVl3QjBBRFVBTGdCcEFHNEFaZ0JzQUhVQVpRQnVBR01BWlFCb0FHVUFZUUJzQUhRQWFBQXVBR01BYndCdEFEb0FOQUEwQURNQUx3QWtBRzBBYndCa0FIVUFiQUJsQUM4QWJRQnZBR1FBZFFCc0FHVUFjd0F2QUdFQVl3QmpBRzhBZFFCdUFIUUFjd0FpQUN3QUlnQjBBQ0lBT2dBaUFHVUFkZ0JsQUc0QWRBQWlBSDBBTEFCN0FDSUFiZ0FpQURvQUlnQnlBR1VBWVFCa0FIa0Fjd0IwQUdFQWRBQmxBR01BYUFCaEFHNEFad0JsQUNJQUxBQWlBSE1BSWdBNkFEUUFOZ0E1QURNQU5RQXNBQ0lBWlFBaUFEb0FOQUEyQURrQU5RQXhBQ3dBSWdCdkFDSUFPZ0FpQUhVQWJnQmtBR1VBWmdCcEFHNEFaUUJrQUNBQVVBQlBBRk1BVkFBNkFDQUFjd0IwQUdFQVp3QnBBRzRBWndCd0FISUFaUUJrQUdrQVl3QjBBRFVBTGdCcEFHNEFaZ0JzQUhVQVpRQnVBR01BWlFCb0FHVUFZUUJzQUhRQWFBQXVBR01BYndCdEFEb0FNd0F3QURBQU1BQXZBSEFBY2dCbEFHUUFhUUJqQUhRQUx3QjJBREVBTHdCakFHd0FhUUJsQUc0QWRBQnpBQzhBZFFCdUFHa0FkZ0JsQUhJQWN3QnBBSFFBZVFCakFHOEFiQUJ2QUhJQVlRQmtBRzhBTHdCaEFIVUFkQUJvQUZRQWJ3QnJBR1VBYmdBaUFDd0FJZ0IwQUNJQU9nQWlBR1VBZGdCbEFHNEFkQUFpQUgwQUxBQjdBQ0lBYmdBaUFEb0FJZ0J5QUdVQVlRQmtBSGtBY3dCMEFHRUFkQUJsQUdNQWFBQmhBRzRBWndCbEFDSUFMQUFpQUhNQUlnQTZBRFFBTndBd0FEQUFOUUFzQUNJQVpRQWlBRG9BTkFBM0FEQUFNQUExQUN3QUlnQnZBQ0lBT2dBaUFIVUFiZ0JrQUdVQVpnQnBBRzRBWlFCa0FDQUFSd0JGQUZRQU9nQWdBSE1BZEFCaEFHY0FhUUJ1QUdjQWNBQnlBR1VBWkFCcEFHTUFkQUExQUM0QWFRQnVBR1lBYkFCMUFHVUFiZ0JqQUdVQWFBQmxBR0VBYkFCMEFHZ0FMZ0JqQUc4QWJRQTZBRFFBTkFBekFDOEFKQUJ0QUc4QVpBQjFBR3dBWlFBdkFHMEFid0JrQUhVQWJBQmxBSE1BTHdCaEFHTUFZd0J2QUhVQWJnQjBBSE1BSWdBc0FDSUFkQUFpQURvQUlnQmxBSFlBWlFCdUFIUUFJZ0I5QUN3QWV3QWlBRzRBSWdBNkFDSUFjZ0JsQUdFQVpBQjVBSE1BZEFCaEFIUUFaUUJqQUdnQVlRQnVBR2NBWlFBaUFDd0FJZ0J6QUNJQU9nQTBBRGNBTUFBd0FEVUFMQUFpQUdVQUlnQTZBRFFBTndBd0FEQUFOUUFzQUNJQWJ3QWlBRG9BSWdCMUFHNEFaQUJsQUdZQWFRQnVBR1VBWkFBZ0FFY0FSUUJVQURvQUlBQnpBSFFBWVFCbkFHa0FiZ0JuQUhBQWNnQmxBR1FBYVFCakFIUUFOUUF1QUdrQWJnQm1BR3dBZFFCbEFHNEFZd0JsQUdnQVpRQmhBR3dBZEFCb0FDNEFZd0J2QUcwQU9nQTBBRFFBTXdBdkFDUUFiUUJ2QUdRQWRRQnNBR1VBTHdCdEFHOEFaQUIxQUd3QVpRQnpBQzhBWVFCakFHTUFid0IxQUc0QWRBQnpBQ0lBTEFBaUFIUUFJZ0E2QUNJQVpRQjJBR1VBYmdCMEFDSUFmUUFzQUhzQUlnQnVBQ0lBT2dBaUFISUFaUUJoQUdRQWVRQnpBSFFBWVFCMEFHVUFZd0JvQUdFQWJnQm5BR1VBSWdBc0FDSUFjd0FpQURvQU5BQTNBREFBTUFBMkFDd0FJZ0JsQUNJQU9nQTBBRGNBTUFBd0FEWUFMQUFpQUc4QUlnQTZBQ0lBZFFCdUFHUUFaUUJtQUdrQWJnQmxBR1FBSUFCSEFFVUFWQUE2QUNBQWN3QjBBR0VBWndCcEFHNEFad0J3QUhJQVpRQmtBR2tBWXdCMEFEVUFMZ0JwQUc0QVpnQnNBSFVBWlFCdUFHTUFaUUJvQUdVQVlRQnNBSFFBYUFBdUFHTUFid0J0QURvQU5BQTBBRE1BTHdBa0FHMEFid0JrQUhVQWJBQmxBQzhBYlFCdkFHUUFkUUJzQUdVQWN3QXZBR0VBWXdCakFHOEFkUUJ1QUhRQWN3QWlBQ3dBSWdCMEFDSUFPZ0FpQUdVQWRnQmxBRzRBZEFBaUFIMEFMQUI3QUNJQWJnQWlBRG9BSWdCeUFHVUFZUUJrQUhrQWN3QjBBR0VBZEFCbEFHTUFhQUJoQUc0QVp3QmxBQ0lBTEFBaUFITUFJZ0E2QURRQU53QXdBREFBT1FBc0FDSUFaUUFpQURvQU5BQTNBREFBTUFBNUFDd0FJZ0J2QUNJQU9nQWlBSFVBYmdCa0FHVUFaZ0JwQUc0QVpRQmtBQ0FBUndCRkFGUUFPZ0FnQUhNQWRBQmhBR2NBYVFCdUFHY0FjQUJ5QUdVQVpBQnBBR01BZEFBMUFDNEFhUUJ1QUdZQWJBQjFBR1VBYmdCakFHVUFhQUJsQUdFQWJBQjBBR2dBTGdCakFHOEFiUUE2QURRQU5BQXpBQzhBYlFCdkFHUUFkUUJzQUdVQWN3QXZBR0VBWXdCakFHOEFkUUJ1QUhRQWN3QXZBQzhBWXdCdkFHNEFkQUJ5QUc4QWJBQnNBR1VBY2dCekFGd0FYQUJCQUdNQVl3QnZBSFVBYmdCMEFITUFRd0IwQUhJQWJBQXVBR29BY3dBaUFDd0FJZ0IwQUNJQU9nQWlBR1VBZGdCbEFHNEFkQUFpQUgwQUxBQjdBQ0lBYmdBaUFEb0FJZ0J5QUdVQVlRQmtBSGtBY3dCMEFHRUFkQUJsQUdNQWFBQmhBRzRBWndCbEFDSUFMQUFpQUhNQUlnQTZBRFFBTndBd0FERUFNQUFzQUNJQVpRQWlBRG9BTkFBM0FEQUFNUUF3QUN3QUlnQnZBQ0lBT2dBaUFIVUFiZ0JrQUdVQVpnQnBBRzRBWlFCa0FDQUFSd0JGQUZRQU9nQWdBSE1BZEFCaEFHY0FhUUJ1QUdjQWNBQnlBR1VBWkFCcEFHTUFkQUExQUM0QWFRQnVBR1lBYkFCMUFHVUFiZ0JqQUdVQWFBQmxBR0VBYkFCMEFHZ0FMZ0JqQUc4QWJRQTZBRFFBTkFBekFDOEFiUUJ2QUdRQWRRQnNBR1VBY3dBdkFHRUFZd0JqQUc4QWRRQnVBSFFBY3dBdkFDOEFZd0J2QUc0QWRBQnlBRzhBYkFCc0FHVUFjZ0J6QUZ3QVhBQkJBR01BWXdCdkFIVUFiZ0IwQUhNQVF3QjBBSElBYkFBdUFHb0Fjd0FpQUN3QUlnQjBBQ0lBT2dBaUFHVUFkZ0JsQUc0QWRBQWlBSDBBTEFCN0FDSUFiZ0FpQURvQUlnQnlBR1VBWVFCa0FIa0Fjd0IwQUdFQWRBQmxBR01BYUFCaEFHNEFad0JsQUNJQUxBQWlBSE1BSWdBNkFEUUFOd0F3QURjQU5BQXNBQ0lBWlFBaUFEb0FOQUEzQURBQU53QTBBQ3dBSWdCdkFDSUFPZ0FpQUhVQWJnQmtBR1VBWmdCcEFHNEFaUUJrQUNBQVJ3QkZBRlFBT2dBZ0FITUFkQUJoQUdjQWFRQnVBR2NBY0FCeUFHVUFaQUJwQUdNQWRBQTFBQzRBYVFCdUFHWUFiQUIxQUdVQWJnQmpBR1VBYUFCbEFHRUFiQUIwQUdnQUxnQmpBRzhBYlFBNkFEUUFOQUF6QUM4QWJRQnZBR1FBZFFCc0FHVUFjd0F2QUdFQVl3QmpBRzhBZFFCdUFIUUFjd0F2QUM4QVl3QnZBRzRBZEFCeUFHOEFiQUJzQUdVQWNnQnpBRndBWEFCQkFHTUFZd0J2QUhVQWJnQjBBSE1BUXdCMEFISUFiQUF1QUdvQWN3QWlBQ3dBSWdCMEFDSUFPZ0FpQUdVQWRnQmxBRzRBZEFBaUFIMEFMQUI3QUNJQWJnQWlBRG9BSWdCeUFHVUFZUUJrQUhrQWN3QjBBR0VBZEFCbEFHTUFhQUJoQUc0QVp3QmxBQ0lBTEFBaUFITUFJZ0E2QURRQU53QXdBRGNBTkFBc0FDSUFaUUFpQURvQU5BQTNBREFBTndBMEFDd0FJZ0J2QUNJQU9nQWlBSFVBYmdCa0FHVUFaZ0JwQUc0QVpRQmtBQ0FBUndCRkFGUUFPZ0FnQUhNQWRBQmhBR2NBYVFCdUFHY0FjQUJ5QUdVQVpBQnBBR01BZEFBMUFDNEFhUUJ1QUdZQWJBQjFBR1VBYmdCakFHVUFhQUJsQUdFQWJBQjBBR2dBTGdCakFHOEFiUUE2QURRQU5BQXpBQzhBYlFCdkFHUUFkUUJzQUdVQWN3QXZBR0VBWXdCakFHOEFkUUJ1QUhRQWN3QXZBQzhBWXdCdkFHNEFkQUJ5QUc4QWJBQnNBR1VBY2dCekFGd0FYQUJCQUdNQVl3QnZBSFVBYmdCMEFITUFRd0IwQUhJQWJBQXVBR29BY3dBaUFDd0FJZ0IwQUNJQU9nQWlBR1VBZGdCbEFHNEFkQUFpQUgwQUxBQjdBQ0lBYmdBaUFEb0FJZ0J5QUdVQVlRQmtBSGtBY3dCMEFHRUFkQUJsQUdNQWFBQmhBRzRBWndCbEFDSUFMQUFpQUhNQUlnQTZBRFFBTndBd0FEY0FOQUFzQUNJQVpRQWlBRG9BTkFBM0FEQUFOd0EwQUN3QUlnQnZBQ0lBT2dBaUFIVUFiZ0JrQUdVQVpnQnBBRzRBWlFCa0FDQUFSd0JGQUZRQU9nQWdBSE1BZEFCaEFHY0FhUUJ1QUdjQWNBQnlBR1VBWkFCcEFHTUFkQUExQUM0QWFRQnVBR1lBYkFCMUFHVUFiZ0JqQUdVQWFBQmxBR0VBYkFCMEFHZ0FMZ0JqQUc4QWJRQTZBRFFBTkFBekFDOEFiUUJ2QUdRQWRRQnNBR1VBY3dBdkFHRUFZd0JqQUc4QWRRQnVBSFFBY3dBdkFDOEFZd0J2QUc0QWRBQnlBRzhBYkFCc0FHVUFjZ0J6QUZ3QVhBQkJBR01BWXdCdkFIVUFiZ0IwQUhNQVF3QjBBSElBYkFBdUFHb0Fjd0FpQUN3QUlnQjBBQ0lBT2dBaUFHVUFkZ0JsQUc0QWRBQWlBSDBBTEFCN0FDSUFiZ0FpQURvQUlnQnlBR1VBWVFCa0FIa0Fjd0IwQUdFQWRBQmxBR01BYUFCaEFHNEFad0JsQUNJQUxBQWlBSE1BSWdBNkFEUUFOd0F5QURjQU5nQXNBQ0lBWlFBaUFEb0FOQUEzQURJQU53QTJBQ3dBSWdCdkFDSUFPZ0FpQUhVQWJnQmtBR1VBWmdCcEFHNEFaUUJrQUNBQVJ3QkZBRlFBT2dBZ0FITUFkQUJoQUdjQWFRQnVBR2NBY0FCeUFHVUFaQUJwQUdNQWRBQTFBQzRBYVFCdUFHWUFiQUIxQUdVQWJnQmpBR1VBYUFCbEFHRUFiQUIwQUdnQUxnQmpBRzhBYlFBNkFEUUFOQUF6QUM4QWJRQnZBR1FBZFFCc0FHVUFjd0F2QUdFQVl3QmpBRzhBZFFCdUFIUUFjd0F2QUdrQWJnQmtBR1VBZUFBdUFHZ0FkQUJ0QUd3QUlnQXNBQ0lBZEFBaUFEb0FJZ0JsQUhZQVpRQnVBSFFBSWdCOUFDd0Fld0FpQUc0QUlnQTZBQ0lBY2dCbEFHRUFaQUI1QUhNQWRBQmhBSFFBWlFCakFHZ0FZUUJ1QUdjQVpRQWlBQ3dBSWdCekFDSUFPZ0EwQURjQU1nQTRBRFlBTEFBaUFHVUFJZ0E2QURRQU53QXlBRGdBTmdBc0FDSUFid0FpQURvQUlnQjFBRzRBWkFCbEFHWUFhUUJ1QUdVQVpBQWdBRWNBUlFCVUFEb0FJQUJ6QUhRQVlRQm5BR2tBYmdCbkFIQUFjZ0JsQUdRQWFRQmpBSFFBTlFBdUFHa0FiZ0JtQUd3QWRRQmxBRzRBWXdCbEFHZ0FaUUJoQUd3QWRBQm9BQzRBWXdCdkFHMEFPZ0EwQURRQU13QXZBRzBBYndCa0FIVUFiQUJsQUhNQUx3QmhBR01BWXdCdkFIVUFiZ0IwQUhNQUx3QnBBRzRBWkFCbEFIZ0FMZ0JvQUhRQWJRQnNBQ0lBTEFBaUFIUUFJZ0E2QUNJQVpRQjJBR1VBYmdCMEFDSUFmUUFzQUhzQUlnQnVBQ0lBT2dBaUFISUFaUUJoQUdRQWVRQnpBSFFBWVFCMEFHVUFZd0JvQUdFQWJnQm5BR1VBSWdBc0FDSUFjd0FpQURvQU5BQTNBRFVBTndBM0FDd0FJZ0JsQUNJQU9nQTBBRGNBTlFBM0FEY0FMQUFpQUc4QUlnQTZBQ0lBZFFCdUFHUUFaUUJtQUdrQWJnQmxBR1FBSUFCSEFFVUFWQUE2QUNBQWN3QjBBR0VBWndCcEFHNEFad0J3QUhJQVpRQmtBR2tBWXdCMEFEVUFMZ0JwQUc0QVpnQnNBSFVBWlFCdUFHTUFaUUJvQUdVQVlRQnNBSFFBYUFBdUFHTUFid0J0QURvQU5BQTBBRE1BTHdCdEFHOEFaQUIxQUd3QVpRQnpBQzhBWVFCakFHTUFid0IxQUc0QWRBQnpBQzhBYVFCdUFHUUFaUUI0QUM0QWFBQjBBRzBBYkFBaUFDd0FJZ0IwQUNJQU9nQWlBR1VBZGdCbEFHNEFkQUFpQUgwQUxBQjdBQ0lBYmdBaUFEb0FJZ0J5QUdVQVlRQmtBSGtBY3dCMEFHRUFkQUJsQUdNQWFBQmhBRzRBWndCbEFDSUFMQUFpQUhNQUlnQTZBRFFBTndBMUFEY0FOd0FzQUNJQVpRQWlBRG9BTkFBM0FEVUFOd0EzQUN3QUlnQnZBQ0lBT2dBaUFIVUFiZ0JrQUdVQVpnQnBBRzRBWlFCa0FDQUFSd0JGQUZRQU9nQWdBSE1BZEFCaEFHY0FhUUJ1QUdjQWNBQnlBR1VBWkFCcEFHTUFkQUExQUM0QWFRQnVBR1lBYkFCMUFHVUFiZ0JqQUdVQWFBQmxBR0VBYkFCMEFHZ0FMZ0JqQUc4QWJRQTZBRFFBTkFBekFDOEFiUUJ2QUdRQWRRQnNBR1VBY3dBdkFHRUFZd0JqQUc4QWRRQnVBSFFBY3dBdkFHa0FiZ0JrQUdVQWVBQXVBR2dBZEFCdEFHd0FJZ0FzQUNJQWRBQWlBRG9BSWdCbEFIWUFaUUJ1QUhRQUlnQjlBQ3dBZXdBaUFHNEFJZ0E2QUNJQWNnQmxBR0VBWkFCNUFITUFkQUJoQUhRQVpRQmpBR2dBWVFCdUFHY0FaUUFpQUN3QUlnQnpBQ0lBT2dBMEFEY0FOUUEzQURjQUxBQWlBR1VBSWdBNkFEUUFOd0ExQURjQU53QXNBQ0lBYndBaUFEb0FJZ0IxQUc0QVpBQmxBR1lBYVFCdUFHVUFaQUFnQUVjQVJRQlVBRG9BSUFCekFIUUFZUUJuQUdrQWJnQm5BSEFBY2dCbEFHUUFhUUJqQUhRQU5RQXVBR2tBYmdCbUFHd0FkUUJsQUc0QVl3QmxBR2dBWlFCaEFHd0FkQUJvQUM0QVl3QnZBRzBBT2dBMEFEUUFNd0F2QUcwQWJ3QmtBSFVBYkFCbEFITUFMd0JoQUdNQVl3QnZBSFVBYmdCMEFITUFMd0JwQUc0QVpBQmxBSGdBTGdCb0FIUUFiUUJzQUNJQUxBQWlBSFFBSWdBNkFDSUFaUUIyQUdVQWJnQjBBQ0lBZlFBc0FIc0FJZ0J1QUNJQU9nQWlBSElBWlFCaEFHUUFlUUJ6QUhRQVlRQjBBR1VBWXdCb0FHRUFiZ0JuQUdVQUlnQXNBQ0lBY3dBaUFEb0FOQUEzQURVQU9RQXdBQ3dBSWdCbEFDSUFPZ0EwQURjQU5RQTVBREFBTEFBaUFHOEFJZ0E2QUNJQWRRQnVBR1FBWlFCbUFHa0FiZ0JsQUdRQUlBQkhBRVVBVkFBNkFDQUFjd0IwQUdFQVp3QnBBRzRBWndCd0FISUFaUUJrQUdrQVl3QjBBRFVBTGdCcEFHNEFaZ0JzQUhVQVpRQnVBR01BWlFCb0FHVUFZUUJzQUhRQWFBQXVBR01BYndCdEFEb0FNd0F3QURBQU1BQXZBSEFBY2dCbEFHUUFhUUJqQUhRQUx3QjJBREVBTHdCakFHd0FhUUJsQUc0QWRBQnpBQzhBZFFCdUFHa0FkZ0JsQUhJQWN3QnBBSFFBZVFCakFHOEFiQUJ2QUhJQVlRQmtBRzhBTHdCc0FHa0Fjd0IwQUdNQWJBQnBBR1VBYmdCMEFITUFJZ0FzQUNJQWRBQWlBRG9BSWdCbEFIWUFaUUJ1QUhRQUlnQjlBQ3dBZXdBaUFHNEFJZ0E2QUNJQWNnQmxBR0VBWkFCNUFITUFkQUJoQUhRQVpRQmpBR2dBWVFCdUFHY0FaUUFpQUN3QUlnQnpBQ0lBT2dBMEFEY0FOUUE1QURFQUxBQWlBR1VBSWdBNkFEUUFOd0ExQURrQU1RQXNBQ0lBYndBaUFEb0FJZ0IxQUc0QVpBQmxBR1lBYVFCdUFHVUFaQUFnQUVjQVJRQlVBRG9BSUFCekFIUUFZUUJuQUdrQWJnQm5BSEFBY2dCbEFHUUFhUUJqQUhRQU5RQXVBR2tBYmdCbUFHd0FkUUJsQUc0QVl3QmxBR2dBWlFCaEFHd0FkQUJvQUM0QVl3QnZBRzBBT2dBekFEQUFNQUF3QUM4QWNBQnlBR1VBWkFCcEFHTUFkQUF2QUhZQU1RQXZBR01BYkFCcEFHVUFiZ0IwQUhNQUx3QjFBRzRBYVFCMkFHVUFjZ0J6QUdrQWRBQjVBR01BYndCc0FHOEFjZ0JoQUdRQWJ3QXZBR3dBYVFCekFIUUFZd0JzQUdrQVpRQnVBSFFBY3dBaUFDd0FJZ0IwQUNJQU9nQWlBR1VBZGdCbEFHNEFkQUFpQUgwQUxBQjdBQ0lBYmdBaUFEb0FJZ0J5QUdVQVlRQmtBSGtBY3dCMEFHRUFkQUJsQUdNQWFBQmhBRzRBWndCbEFDSUFMQUFpQUhNQUlnQTZBRFFBTndBMUFEa0FNUUFzQUNJQVpRQWlBRG9BTkFBM0FEVUFPUUF4QUN3QUlnQnZBQ0lBT2dBaUFIVUFiZ0JrQUdVQVpnQnBBRzRBWlFCa0FDQUFSd0JGQUZRQU9nQWdBSE1BZEFCaEFHY0FhUUJ1QUdjQWNBQnlBR1VBWkFCcEFHTUFkQUExQUM0QWFRQnVBR1lBYkFCMUFHVUFiZ0JqQUdVQWFBQmxBR0VBYkFCMEFHZ0FMZ0JqQUc4QWJRQTZBRE1BTUFBd0FEQUFMd0J3QUhJQVpRQmtBR2tBWXdCMEFDOEFkZ0F4QUM4QVl3QnNBR2tBWlFCdUFIUUFjd0F2QUhVQWJnQnBBSFlBWlFCeUFITUFhUUIwQUhrQVl3QnZBR3dBYndCeUFHRUFaQUJ2QUM4QWJBQnBBSE1BZEFCakFHd0FhUUJsQUc0QWRBQnpBQ0lBTEFBaUFIUUFJZ0E2QUNJQVpRQjJBR1VBYmdCMEFDSUFmUUFzQUhzQUlnQnVBQ0lBT2dBaUFISUFaUUJoQUdRQWVRQnpBSFFBWVFCMEFHVUFZd0JvQUdFQWJnQm5BR1VBSWdBc0FDSUFjd0FpQURvQU5BQTNBRFVBT1FBMUFDd0FJZ0JsQUNJQU9nQTBBRGNBTlFBNUFEVUFMQUFpQUc4QUlnQTZBQ0lBZFFCdUFHUUFaUUJtQUdrQWJnQmxBR1FBSUFCSEFFVUFWQUE2QUNBQWN3QjBBR0VBWndCcEFHNEFad0J3QUhJQVpRQmtBR2tBWXdCMEFEVUFMZ0JwQUc0QVpnQnNBSFVBWlFCdUFHTUFaUUJvQUdVQVlRQnNBSFFBYUFBdUFHTUFid0J0QURvQU5BQTBBRE1BTHdCdEFHOEFaQUIxQUd3QVpRQnpBQzhBWVFCakFHTUFid0IxQUc0QWRBQnpBQzhBZGdCcEFHVUFkd0J6QUM4QVl3Qm9BRzhBYndCekFHVUFMUUJqQUc4QWJnQjBBR1VBZUFCMEFDNEFhQUIwQUcwQWJBQWlBQ3dBSWdCMEFDSUFPZ0FpQUdVQWRnQmxBRzRBZEFBaUFIMEFMQUI3QUNJQWJnQWlBRG9BSWdCeUFHVUFZUUJrQUhrQWN3QjBBR0VBZEFCbEFHTUFhQUJoQUc0QVp3QmxBQ0lBTEFBaUFITUFJZ0E2QURRQU53QTFBRGtBTmdBc0FDSUFaUUFpQURvQU5BQTNBRFVBT1FBMkFDd0FJZ0J2QUNJQU9nQWlBSFVBYmdCa0FHVUFaZ0JwQUc0QVpRQmtBQ0FBUndCRkFGUUFPZ0FnQUhNQWRBQmhBR2NBYVFCdUFHY0FjQUJ5QUdVQVpBQnBBR01BZEFBMUFDNEFhUUJ1QUdZQWJBQjFBR1VBYmdCakFHVUFhQUJsQUdFQWJBQjBBR2dBTGdCakFHOEFiUUE2QURRQU5BQXpBQzhBYlFCdkFHUUFkUUJzQUdVQWN3QXZBR0VBWXdCakFHOEFkUUJ1QUhRQWN3QXZBSFlBYVFCbEFIY0Fjd0F2QUdNQWFBQnZBRzhBY3dCbEFDMEFZd0J2QUc0QWRBQmxBSGdBZEFBdUFHZ0FkQUJ0QUd3QUlnQXNBQ0lBZEFBaUFEb0FJZ0JsQUhZQVpRQnVBSFFBSWdCOUFDd0Fld0FpQUc0QUlnQTZBQ0lBY2dCbEFHRUFaQUI1QUhNQWRBQmhBSFFBWlFCakFHZ0FZUUJ1QUdjQVpRQWlBQ3dBSWdCekFDSUFPZ0EwQURnQU1nQXdBREVBTEFBaUFHVUFJZ0E2QURRQU9BQXlBREFBTWdBc0FDSUFid0FpQURvQUlnQjFBRzRBWkFCbEFHWUFhUUJ1QUdVQVpBQWdBRWNBUlFCVUFEb0FJQUJ6QUhRQVlRQm5BR2tBYmdCbkFIQUFjZ0JsQUdRQWFRQmpBSFFBTlFBdUFHa0FiZ0JtQUd3QWRRQmxBRzRBWXdCbEFHZ0FaUUJoQUd3QWRBQm9BQzRBWXdCdkFHMEFPZ0F6QURBQU1BQXdBQzhBY0FCeUFHVUFaQUJwQUdNQWRBQXZBSFlBTVFBdkFHTUFiQUJwQUdVQWJnQjBBSE1BTHdCMUFHNEFhUUIyQUdVQWNnQnpBR2tBZEFCNUFHTUFid0JzQUc4QWNnQmhBR1FBYndBdkFHd0FhUUJ6QUhRQVl3QnNBR2tBWlFCdUFIUUFjd0FpQUN3QUlnQjBBQ0lBT2dBaUFHVUFkZ0JsQUc0QWRBQWlBSDBBTEFCN0FDSUFiZ0FpQURvQUlnQnlBR1VBWVFCa0FIa0Fjd0IwQUdFQWRBQmxBR01BYUFCaEFHNEFad0JsQUNJQUxBQWlBSE1BSWdBNkFEUUFPQUF5QURBQU1nQXNBQ0lBWlFBaUFEb0FOQUE0QURJQU1BQXlBQ3dBSWdCdkFDSUFPZ0FpQUhVQWJnQmtBR1VBWmdCcEFHNEFaUUJrQUNBQVJ3QkZBRlFBT2dBZ0FITUFkQUJoQUdjQWFRQnVBR2NBY0FCeUFHVUFaQUJwQUdNQWRBQTFBQzRBYVFCdUFHWUFiQUIxQUdVQWJnQmpBR1VBYUFCbEFHRUFiQUIwQUdnQUxnQmpBRzhBYlFBNkFETUFNQUF3QURBQUx3QndBSElBWlFCa0FHa0FZd0IwQUM4QWRnQXhBQzhBWXdCc0FHa0FaUUJ1QUhRQWN3QXZBSFVBYmdCcEFIWUFaUUJ5QUhNQWFRQjBBSGtBWXdCdkFHd0Fid0J5QUdFQVpBQnZBQzhBYkFCcEFITUFkQUJqQUd3QWFRQmxBRzRBZEFCekFDSUFMQUFpQUhRQUlnQTZBQ0lBWlFCMkFHVUFiZ0IwQUNJQWZRQXNBSHNBSWdCdUFDSUFPZ0FpQUhJQVpRQmhBR1FBZVFCekFIUUFZUUIwQUdVQVl3Qm9BR0VBYmdCbkFHVUFJZ0FzQUNJQWN3QWlBRG9BTkFBNEFESUFNQUF5QUN3QUlnQmxBQ0lBT2dBMEFEZ0FNZ0F3QURJQUxBQWlBRzhBSWdBNkFDSUFkUUJ1QUdRQVpRQm1BR2tBYmdCbEFHUUFJQUJIQUVVQVZBQTZBQ0FBY3dCMEFHRUFad0JwQUc0QVp3QndBSElBWlFCa0FHa0FZd0IwQURVQUxnQnBBRzRBWmdCc0FIVUFaUUJ1QUdNQVpRQm9BR1VBWVFCc0FIUUFhQUF1QUdNQWJ3QnRBRG9BTXdBd0FEQUFNQUF2QUhBQWNnQmxBR1FBYVFCakFIUUFMd0IyQURFQUx3QmpBR3dBYVFCbEFHNEFkQUJ6QUM4QWRRQnVBR2tBZGdCbEFISUFjd0JwQUhRQWVRQmpBRzhBYkFCdkFISUFZUUJrQUc4QUx3QnNBR2tBY3dCMEFHTUFiQUJwQUdVQWJnQjBBSE1BSWdBc0FDSUFkQUFpQURvQUlnQmxBSFlBWlFCdUFIUUFJZ0I5QUN3QWV3QWlBRzRBSWdBNkFDSUFjZ0JsQUdFQVpBQjVBSE1BZEFCaEFIUUFaUUJqQUdnQVlRQnVBR2NBWlFBaUFDd0FJZ0J6QUNJQU9nQTBBRGdBTWdBd0FESUFMQUFpQUdVQUlnQTZBRFFBT0FBeUFEQUFNZ0FzQUNJQWJ3QWlBRG9BSWdCMUFHNEFaQUJsQUdZQWFRQnVBR1VBWkFBZ0FFY0FSUUJVQURvQUlBQnpBSFFBWVFCbkFHa0FiZ0JuQUhBQWNnQmxBR1FBYVFCakFIUUFOUUF1QUdrQWJnQm1BR3dBZFFCbEFHNEFZd0JsQUdnQVpRQmhBR3dBZEFCb0FDNEFZd0J2QUcwQU9nQXpBREFBTUFBd0FDOEFjQUJ5QUdVQVpBQnBBR01BZEFBdkFIWUFNUUF2QUdNQWJBQnBBR1VBYmdCMEFITUFMd0IxQUc0QWFRQjJBR1VBY2dCekFHa0FkQUI1QUdNQWJ3QnNBRzhBY2dCaEFHUUFid0F2QUd3QWFRQnpBSFFBWXdCc0FHa0FaUUJ1QUhRQWN3QWlBQ3dBSWdCMEFDSUFPZ0FpQUdVQWRnQmxBRzRBZEFBaUFIMEFMQUI3QUNJQWJnQWlBRG9BSWdCeUFHVUFZUUJrQUhrQWN3QjBBR0VBZEFCbEFHTUFhQUJoQUc0QVp3QmxBQ0lBTEFBaUFITUFJZ0E2QURRQU9BQXlBREFBTWdBc0FDSUFaUUFpQURvQU5BQTRBRElBTUFBeUFDd0FJZ0J2QUNJQU9nQWlBSFVBYmdCa0FHVUFaZ0JwQUc0QVpRQmtBQ0FBUndCRkFGUUFPZ0FnQUhNQWRBQmhBR2NBYVFCdUFHY0FjQUJ5QUdVQVpBQnBBR01BZEFBMUFDNEFhUUJ1QUdZQWJBQjFBR1VBYmdCakFHVUFhQUJsQUdFQWJBQjBBR2dBTGdCakFHOEFiUUE2QURNQU1BQXdBREFBTHdCd0FISUFaUUJrQUdrQVl3QjBBQzhBZGdBeEFDOEFZd0JzQUdrQVpRQnVBSFFBY3dBdkFIVUFiZ0JwQUhZQVpRQnlBSE1BYVFCMEFIa0FZd0J2QUd3QWJ3QnlBR0VBWkFCdkFDOEFiQUJwQUhNQWRBQmpBR3dBYVFCbEFHNEFkQUJ6QUNJQUxBQWlBSFFBSWdBNkFDSUFaUUIyQUdVQWJnQjBBQ0lBZlFBc0FIc0FJZ0J1QUNJQU9nQWlBSElBWlFCaEFHUUFlUUJ6QUhRQVlRQjBBR1VBWXdCb0FHRUFiZ0JuQUdVQUlnQXNBQ0lBY3dBaUFEb0FOQUE0QURJQU1RQXpBQ3dBSWdCbEFDSUFPZ0EwQURnQU1nQXhBRE1BTEFBaUFHOEFJZ0E2QUNJQWRRQnVBR1FBWlFCbUFHa0FiZ0JsQUdRQUlBQkhBRVVBVkFBNkFDQUFjd0IwQUdFQVp3QnBBRzRBWndCd0FISUFaUUJrQUdrQVl3QjBBRFVBTGdCcEFHNEFaZ0JzQUhVQVpRQnVBR01BWlFCb0FHVUFZUUJzQUhRQWFBQXVBR01BYndCdEFEb0FOQUEwQURNQUx3QWtBRzBBYndCa0FIVUFiQUJsQUM4QWJBQmhBSGtBYndCMUFIUUFjd0F2QUdJQVlRQnpBR1VBSWdBc0FDSUFkQUFpQURvQUlnQmxBSFlBWlFCdUFIUUFJZ0I5QUN3QWV3QWlBRzRBSWdBNkFDSUFjZ0JsQUdFQVpBQjVBSE1BZEFCaEFIUUFaUUJqQUdnQVlRQnVBR2NBWlFBaUFDd0FJZ0J6QUNJQU9nQTBBRGdBTWdBeEFETUFMQUFpQUdVQUlnQTZBRFFBT0FBeUFERUFNd0FzQUNJQWJ3QWlBRG9BSWdCMUFHNEFaQUJsQUdZQWFRQnVBR1VBWkFBZ0FFY0FSUUJVQURvQUlBQnpBSFFBWVFCbkFHa0FiZ0JuQUhBQWNnQmxBR1FBYVFCakFIUUFOUUF1QUdrQWJnQm1BR3dBZFFCbEFHNEFZd0JsQUdnQVpRQmhBR3dBZEFCb0FDNEFZd0J2QUcwQU9nQTBBRFFBTXdBdkFDUUFiUUJ2QUdRQWRRQnNBR1VBTHdCc0FHRUFlUUJ2QUhVQWRBQnpBQzhBWWdCaEFITUFaUUFpQUN3QUlnQjBBQ0lBT2dBaUFHVUFkZ0JsQUc0QWRBQWlBSDBBTEFCN0FDSUFiZ0FpQURvQUlnQnlBR1VBWVFCa0FIa0Fjd0IwQUdFQWRBQmxBR01BYUFCaEFHNEFad0JsQUNJQUxBQWlBSE1BSWdBNkFEUUFPQUF5QURBQU1nQXNBQ0lBWlFBaUFEb0FOQUE0QURJQU1RQTJBQ3dBSWdCdkFDSUFPZ0FpQUhVQWJnQmtBR1VBWmdCcEFHNEFaUUJrQUNBQVJ3QkZBRlFBT2dBZ0FITUFkQUJoQUdjQWFRQnVBR2NBY0FCeUFHVUFaQUJwQUdNQWRBQTFBQzRBYVFCdUFHWUFiQUIxQUdVQWJnQmpBR1VBYUFCbEFHRUFiQUIwQUdnQUxnQmpBRzhBYlFBNkFETUFNQUF3QURBQUx3QndBSElBWlFCa0FHa0FZd0IwQUM4QWRnQXhBQzhBWXdCc0FHa0FaUUJ1QUhRQWN3QXZBSFVBYmdCcEFIWUFaUUJ5QUhNQWFRQjBBSGtBWXdCdkFHd0Fid0J5QUdFQVpBQnZBQzhBYkFCcEFITUFkQUJqQUd3QWFRQmxBRzRBZEFCekFDSUFMQUFpQUhRQUlnQTZBQ0lBWlFCMkFHVUFiZ0IwQUNJQWZRQXNBSHNBSWdCdUFDSUFPZ0FpQUhJQVpRQmhBR1FBZVFCekFIUUFZUUIwQUdVQVl3Qm9BR0VBYmdCbkFHVUFJZ0FzQUNJQWN3QWlBRG9BTkFBNEFESUFNUUEzQUN3QUlnQmxBQ0lBT2dBMEFEZ0FNZ0F4QURjQUxBQWlBRzhBSWdBNkFDSUFkUUJ1QUdRQVpRQm1BR2tBYmdCbEFHUUFJQUJIQUVVQVZBQTZBQ0FBY3dCMEFHRUFad0JwQUc0QVp3QndBSElBWlFCa0FHa0FZd0IwQURVQUxnQnBBRzRBWmdCc0FIVUFaUUJ1QUdNQVpRQm9BR1VBWVFCc0FIUUFhQUF1QUdNQWJ3QnRBRG9BTkFBMEFETUFMd0J0QUc4QVpBQjFBR3dBWlFCekFDOEFZUUJqQUdNQWJ3QjFBRzRBZEFCekFDOEFkZ0JwQUdVQWR3QnpBQzhBWXdCb0FHOEFid0J6QUdVQUxRQmpBRzhBYmdCMEFHVUFlQUIwQUM0QWFBQjBBRzBBYkFBaUFDd0FJZ0IwQUNJQU9nQWlBR1VBZGdCbEFHNEFkQUFpQUgwQUxBQjdBQ0lBYmdBaUFEb0FJZ0J5QUdVQVlRQmtBSGtBY3dCMEFHRUFkQUJsQUdNQWFBQmhBRzRBWndCbEFDSUFMQUFpQUhNQUlnQTZBRFFBT0FBeUFERUFPQUFzQUNJQVpRQWlBRG9BTkFBNEFESUFNUUE0QUN3QUlnQnZBQ0lBT2dBaUFIVUFiZ0JrQUdVQVpnQnBBRzRBWlFCa0FDQUFSd0JGQUZRQU9nQWdBSE1BZEFCaEFHY0FhUUJ1QUdjQWNBQnlBR1VBWkFCcEFHTUFkQUExQUM0QWFRQnVBR1lBYkFCMUFHVUFiZ0JqQUdVQWFBQmxBR0VBYkFCMEFHZ0FMZ0JqQUc4QWJRQTZBRFFBTkFBekFDOEFiUUJ2QUdRQWRRQnNBR1VBY3dBdkFHRUFZd0JqQUc4QWRRQnVBSFFBY3dBdkFIWUFhUUJsQUhjQWN3QXZBR01BYUFCdkFHOEFjd0JsQUMwQVl3QnZBRzRBZEFCbEFIZ0FkQUF1QUdnQWRBQnRBR3dBSWdBc0FDSUFkQUFpQURvQUlnQmxBSFlBWlFCdUFIUUFJZ0I5QUN3QWV3QWlBRzRBSWdBNkFDSUFjZ0JsQUdFQVpBQjVBSE1BZEFCaEFIUUFaUUJqQUdnQVlRQnVBR2NBWlFBaUFDd0FJZ0J6QUNJQU9nQTBBRGdBTWdBeEFEZ0FMQUFpQUdVQUlnQTZBRFFBT0FBeUFERUFPQUFzQUNJQWJ3QWlBRG9BSWdCMUFHNEFaQUJsQUdZQWFRQnVBR1VBWkFBZ0FFY0FSUUJVQURvQUlBQnpBSFFBWVFCbkFHa0FiZ0JuQUhBQWNnQmxBR1FBYVFCakFIUUFOUUF1QUdrQWJnQm1BR3dBZFFCbEFHNEFZd0JsQUdnQVpRQmhBR3dBZEFCb0FDNEFZd0J2QUcwQU9nQTBBRFFBTXdBdkFHMEFid0JrQUhVQWJBQmxBSE1BTHdCaEFHTUFZd0J2QUhVQWJnQjBBSE1BTHdCMkFHa0FaUUIzQUhNQUx3QmpBR2dBYndCdkFITUFaUUF0QUdNQWJ3QnVBSFFBWlFCNEFIUUFMZ0JvQUhRQWJRQnNBQ0lBTEFBaUFIUUFJZ0E2QUNJQVpRQjJBR1VBYmdCMEFDSUFmUUFzQUhzQUlnQnVBQ0lBT2dBaUFISUFaUUJoQUdRQWVRQnpBSFFBWVFCMEFHVUFZd0JvQUdFQWJnQm5BR1VBSWdBc0FDSUFjd0FpQURvQU5BQTRBRElBT0FBeUFDd0FJZ0JsQUNJQU9nQTBBRGdBTWdBNEFESUFMQUFpQUc4QUlnQTZBQ0lBZFFCdUFHUUFaUUJtQUdrQWJnQmxBR1FBSUFCSEFFVUFWQUE2QUNBQWN3QjBBR0VBWndCcEFHNEFad0J3QUhJQVpRQmtBR2tBWXdCMEFEVUFMZ0JwQUc0QVpnQnNBSFVBWlFCdUFHTUFaUUJvQUdVQVlRQnNBSFFBYUFBdUFHTUFid0J0QURvQU5BQTBBRE1BTHdBa0FHMEFid0JrQUhVQWJBQmxBQzhBYkFCaEFIa0Fid0IxQUhRQWN3QXZBR0lBWVFCekFHVUFJZ0FzQUNJQWRBQWlBRG9BSWdCbEFIWUFaUUJ1QUhRQUlnQjlBQ3dBZXdBaUFHNEFJZ0E2QUNJQWNnQmxBR0VBWkFCNUFITUFkQUJoQUhRQVpRQmpBR2dBWVFCdUFHY0FaUUFpQUN3QUlnQnpBQ0lBT2dBMEFEZ0FNZ0E0QURJQUxBQWlBR1VBSWdBNkFEUUFPQUF5QURnQU1nQXNBQ0lBYndBaUFEb0FJZ0IxQUc0QVpBQmxBR1lBYVFCdUFHVUFaQUFnQUVjQVJRQlVBRG9BSUFCekFIUUFZUUJuQUdrQWJnQm5BSEFBY2dCbEFHUUFhUUJqQUhRQU5RQXVBR2tBYmdCbUFHd0FkUUJsQUc0QVl3QmxBR2dBWlFCaEFHd0FkQUJvQUM0QVl3QnZBRzBBT2dBMEFEUUFNd0F2QUNRQWJRQnZBR1FBZFFCc0FHVUFMd0JzQUdFQWVRQnZBSFVBZEFCekFDOEFZZ0JoQUhNQVpRQWlBQ3dBSWdCMEFDSUFPZ0FpQUdVQWRnQmxBRzRBZEFBaUFIMEFMQUI3QUNJQWJnQWlBRG9BSWdCeUFHVUFZUUJrQUhrQWN3QjBBR0VBZEFCbEFHTUFhQUJoQUc0QVp3QmxBQ0lBTEFBaUFITUFJZ0E2QURRQU9BQXlBRGdBTXdBc0FDSUFaUUFpQURvQU5BQTRBRElBT0FBekFDd0FJZ0J2QUNJQU9nQWlBSFVBYmdCa0FHVUFaZ0JwQUc0QVpRQmtBQ0FBUndCRkFGUUFPZ0FnQUhNQWRBQmhBR2NBYVFCdUFHY0FjQUJ5QUdVQVpBQnBBR01BZEFBMUFDNEFhUUJ1QUdZQWJBQjFBR1VBYmdCakFHVUFhQUJsQUdFQWJBQjBBR2dBTGdCakFHOEFiUUE2QURRQU5BQXpBQzhBSkFCdEFHOEFaQUIxQUd3QVpRQXZBR3dBWVFCNUFHOEFkUUIwQUhNQUx3QmlBR0VBY3dCbEFDSUFMQUFpQUhRQUlnQTZBQ0lBWlFCMkFHVUFiZ0IwQUNJQWZRQXNBSHNBSWdCdUFDSUFPZ0FpQUhJQVpRQmhBR1FBZVFCekFIUUFZUUIwQUdVQVl3Qm9BR0VBYmdCbkFHVUFJZ0FzQUNJQWN3QWlBRG9BTkFBNEFESUFPQUExQUN3QUlnQmxBQ0lBT2dBMEFEZ0FNZ0E0QURVQUxBQWlBRzhBSWdBNkFDSUFkUUJ1QUdRQVpRQm1BR2tBYmdCbEFHUUFJQUJIQUVVQVZBQTZBQ0FBY3dCMEFHRUFad0JwQUc0QVp3QndBSElBWlFCa0FHa0FZd0IwQURVQUxnQnBBRzRBWmdCc0FIVUFaUUJ1QUdNQVpRQm9BR1VBWVFCc0FIUUFhQUF1QUdNQWJ3QnRBRG9BTkFBMEFETUFMd0JzQUdFQWVRQnZBSFVBZEFCekFDOEFZZ0JoQUhNQVpRQXZBQzhBYlFCaEFHa0FiZ0F1QUdvQWN3QWlBQ3dBSWdCMEFDSUFPZ0FpQUdVQWRnQmxBRzRBZEFBaUFIMEFMQUI3QUNJQWJnQWlBRG9BSWdCeUFHVUFZUUJrQUhrQWN3QjBBR0VBZEFCbEFHTUFhQUJoQUc0QVp3QmxBQ0lBTEFBaUFITUFJZ0E2QURRQU9BQXlBRGdBTlFBc0FDSUFaUUFpQURvQU5BQTRBRElBT0FBMUFDd0FJZ0J2QUNJQU9nQWlBSFVBYmdCa0FHVUFaZ0JwQUc0QVpRQmtBQ0FBUndCRkFGUUFPZ0FnQUhNQWRBQmhBR2NBYVFCdUFHY0FjQUJ5QUdVQVpBQnBBR01BZEFBMUFDNEFhUUJ1QUdZQWJBQjFBR1VBYmdCakFHVUFhQUJsQUdFQWJBQjBBR2dBTGdCakFHOEFiUUE2QURRQU5BQXpBQzhBYkFCaEFIa0Fid0IxQUhRQWN3QXZBR0lBWVFCekFHVUFMd0F2QUcwQVlRQnBBRzRBTGdCcUFITUFJZ0FzQUNJQWRBQWlBRG9BSWdCbEFIWUFaUUJ1QUhRQUlnQjlBQ3dBZXdBaUFHNEFJZ0E2QUNJQWNnQmxBR0VBWkFCNUFITUFkQUJoQUhRQVpRQmpBR2dBWVFCdUFHY0FaUUFpQUN3QUlnQnpBQ0lBT2dBMEFEZ0FNd0EwQURFQUxBQWlBR1VBSWdBNkFEUUFPQUF6QURRQU1RQXNBQ0lBYndBaUFEb0FJZ0IxQUc0QVpBQmxBR1lBYVFCdUFHVUFaQUFnQUVjQVJRQlVBRG9BSUFCekFIUUFZUUJuQUdrQWJnQm5BSEFBY2dCbEFHUUFhUUJqQUhRQU5RQXVBR2tBYmdCbUFHd0FkUUJsQUc0QVl3QmxBR2dBWlFCaEFHd0FkQUJvQUM0QVl3QnZBRzBBT2dBMEFEUUFNd0F2QUd3QVlRQjVBRzhBZFFCMEFITUFMd0JpQUdFQWN3QmxBQzhBTHdCdEFHRUFhUUJ1QUM0QWFnQnpBQ0lBTEFBaUFIUUFJZ0E2QUNJQVpRQjJBR1VBYmdCMEFDSUFmUUFzQUhzQUlnQnVBQ0lBT2dBaUFISUFaUUJoQUdRQWVRQnpBSFFBWVFCMEFHVUFZd0JvQUdFQWJnQm5BR1VBSWdBc0FDSUFjd0FpQURvQU5BQTRBRE1BTkFBeUFDd0FJZ0JsQUNJQU9nQTBBRGdBTXdBMEFESUFMQUFpQUc4QUlnQTZBQ0lBZFFCdUFHUUFaUUJtQUdrQWJnQmxBR1FBSUFCSEFFVUFWQUE2QUNBQWN3QjBBR0VBWndCcEFHNEFad0J3QUhJQVpRQmtBR2tBWXdCMEFEVUFMZ0JwQUc0QVpnQnNBSFVBWlFCdUFHTUFaUUJvQUdVQVlRQnNBSFFBYUFBdUFHTUFid0J0QURvQU5BQTBBRE1BTHdCc0FHRUFlUUJ2QUhVQWRBQnpBQzhBWWdCaEFITUFaUUF2QUM4QWJRQmhBR2tBYmdBdUFHb0Fjd0FpQUN3QUlnQjBBQ0lBT2dBaUFHVUFkZ0JsQUc0QWRBQWlBSDBBTEFCN0FDSUFiZ0FpQURvQUlnQnlBR1VBWVFCa0FIa0Fjd0IwQUdFQWRBQmxBR01BYUFCaEFHNEFad0JsQUNJQUxBQWlBSE1BSWdBNkFEUUFPQUF6QURRQU1nQXNBQ0lBWlFBaUFEb0FOQUE0QURNQU5BQXlBQ3dBSWdCdkFDSUFPZ0FpQUhVQWJnQmtBR1VBWmdCcEFHNEFaUUJrQUNBQVJ3QkZBRlFBT2dBZ0FITUFkQUJoQUdjQWFRQnVBR2NBY0FCeUFHVUFaQUJwQUdNQWRBQTFBQzRBYVFCdUFHWUFiQUIxQUdVQWJnQmpBR1VBYUFCbEFHRUFiQUIwQUdnQUxnQmpBRzhBYlFBNkFEUUFOQUF6QUM4QWJBQmhBSGtBYndCMUFIUUFjd0F2QUdJQVlRQnpBR1VBTHdBdkFHMEFZUUJwQUc0QUxnQnFBSE1BSWdBc0FDSUFkQUFpQURvQUlnQmxBSFlBWlFCdUFIUUFJZ0I5QUN3QWV3QWlBRzRBSWdBNkFDSUFjZ0JsQUdFQVpBQjVBSE1BZEFCaEFIUUFaUUJqQUdnQVlRQnVBR2NBWlFBaUFDd0FJZ0J6QUNJQU9nQTBBRGdBTXdBMEFESUFMQUFpQUdVQUlnQTZBRFFBT0FBekFEUUFNZ0FzQUNJQWJ3QWlBRG9BSWdCMUFHNEFaQUJsQUdZQWFRQnVBR1VBWkFBZ0FFY0FSUUJVQURvQUlBQnpBSFFBWVFCbkFHa0FiZ0JuQUhBQWNnQmxBR1FBYVFCakFIUUFOUUF1QUdrQWJnQm1BR3dBZFFCbEFHNEFZd0JsQUdnQVpRQmhBR3dBZEFCb0FDNEFZd0J2QUcwQU9nQTBBRFFBTXdBdkFHd0FZUUI1QUc4QWRRQjBBSE1BTHdCaUFHRUFjd0JsQUM4QUx3QnRBR0VBYVFCdUFDNEFhZ0J6QUNJQUxBQWlBSFFBSWdBNkFDSUFaUUIyQUdVQWJnQjBBQ0lBZlFBc0FIc0FJZ0J1QUNJQU9nQWlBSElBWlFCaEFHUUFlUUJ6QUhRQVlRQjBBR1VBWXdCb0FHRUFiZ0JuQUdVQUlnQXNBQ0lBY3dBaUFEb0FOQUE0QURNQU5BQXlBQ3dBSWdCbEFDSUFPZ0EwQURnQU13QTBBRElBTEFBaUFHOEFJZ0E2QUNJQWRRQnVBR1FBWlFCbUFHa0FiZ0JsQUdRQUlBQkhBRVVBVkFBNkFDQUFjd0IwQUdFQVp3QnBBRzRBWndCd0FISUFaUUJrQUdrQVl3QjBBRFVBTGdCcEFHNEFaZ0JzQUhVQVpRQnVBR01BWlFCb0FHVUFZUUJzQUhRQWFBQXVBR01BYndCdEFEb0FOQUEwQURNQUx3QnNBR0VBZVFCdkFIVUFkQUJ6QUM4QVlnQmhBSE1BWlFBdkFDOEFiUUJoQUdrQWJnQXVBR29BY3dBaUFDd0FJZ0IwQUNJQU9nQWlBR1VBZGdCbEFHNEFkQUFpQUgwQUxBQjdBQ0lBYmdBaUFEb0FJZ0J5QUdVQVlRQmtBSGtBY3dCMEFHRUFkQUJsQUdNQWFBQmhBRzRBWndCbEFDSUFMQUFpQUhNQUlnQTZBRFFBT0FBekFEUUFNZ0FzQUNJQVpRQWlBRG9BTkFBNEFETUFOQUF5QUN3QUlnQnZBQ0lBT2dBaUFIVUFiZ0JrQUdVQVpnQnBBRzRBWlFCa0FDQUFSd0JGQUZRQU9nQWdBSE1BZEFCaEFHY0FhUUJ1QUdjQWNBQnlBR1VBWkFCcEFHTUFkQUExQUM0QWFRQnVBR1lBYkFCMUFHVUFiZ0JqQUdVQWFBQmxBR0VBYkFCMEFHZ0FMZ0JqQUc4QWJRQTZBRFFBTkFBekFDOEFiQUJoQUhrQWJ3QjFBSFFBY3dBdkFHSUFZUUJ6QUdVQUx3QXZBRzBBWVFCcEFHNEFMZ0JxQUhNQUlnQXNBQ0lBZEFBaUFEb0FJZ0JsQUhZQVpRQnVBSFFBSWdCOUFDd0Fld0FpQUc0QUlnQTZBQ0lBY2dCbEFHRUFaQUI1QUhNQWRBQmhBSFFBWlFCakFHZ0FZUUJ1QUdjQVpRQWlBQ3dBSWdCekFDSUFPZ0EwQURnQU13QTBBRElBTEFBaUFHVUFJZ0E2QURRQU9BQXpBRFFBTWdBc0FDSUFid0FpQURvQUlnQjFBRzRBWkFCbEFHWUFhUUJ1QUdVQVpBQWdBRWNBUlFCVUFEb0FJQUJ6QUhRQVlRQm5BR2tBYmdCbkFIQUFjZ0JsQUdRQWFRQmpBSFFBTlFBdUFHa0FiZ0JtQUd3QWRRQmxBRzRBWXdCbEFHZ0FaUUJoQUd3QWRBQm9BQzRBWXdCdkFHMEFPZ0EwQURRQU13QXZBR3dBWVFCNUFHOEFkUUIwQUhNQUx3QmlBR0VBY3dCbEFDOEFMd0J0QUdFQWFRQnVBQzRBYWdCekFDSUFMQUFpQUhRQUlnQTZBQ0lBWlFCMkFHVUFiZ0IwQUNJQWZRQXNBSHNBSWdCdUFDSUFPZ0FpQUhJQVpRQmhBR1FBZVFCekFIUUFZUUIwQUdVQVl3Qm9BR0VBYmdCbkFHVUFJZ0FzQUNJQWN3QWlBRG9BTkFBNEFETUFOQUF6QUN3QUlnQmxBQ0lBT2dBMEFEZ0FNd0EwQURNQUxBQWlBRzhBSWdBNkFDSUFkUUJ1QUdRQVpRQm1BR2tBYmdCbEFHUUFJQUJIQUVVQVZBQTZBQ0FBY3dCMEFHRUFad0JwQUc0QVp3QndBSElBWlFCa0FHa0FZd0IwQURVQUxnQnBBRzRBWmdCc0FIVUFaUUJ1QUdNQVpRQm9BR1VBWVFCc0FIUUFhQUF1QUdNQWJ3QnRBRG9BTkFBMEFETUFMd0JzQUdFQWVRQnZBSFVBZEFCekFDOEFZZ0JoQUhNQVpRQXZBQzhBYlFCaEFHa0FiZ0F1QUdvQWN3QWlBQ3dBSWdCMEFDSUFPZ0FpQUdVQWRnQmxBRzRBZEFBaUFIMEFMQUI3QUNJQWJnQWlBRG9BSWdCeUFHVUFZUUJrQUhrQWN3QjBBR0VBZEFCbEFHTUFhQUJoQUc0QVp3QmxBQ0lBTEFBaUFITUFJZ0E2QURRQU9BQXpBRFVBTWdBc0FDSUFaUUFpQURvQU5BQTRBRE1BTlFBeUFDd0FJZ0J2QUNJQU9nQWlBSFVBYmdCa0FHVUFaZ0JwQUc0QVpRQmtBQ0FBUndCRkFGUUFPZ0FnQUhNQWRBQmhBR2NBYVFCdUFHY0FjQUJ5QUdVQVpBQnBBR01BZEFBMUFDNEFhUUJ1QUdZQWJBQjFBR1VBYmdCakFHVUFhQUJsQUdFQWJBQjBBR2dBTGdCakFHOEFiUUE2QURRQU5BQXpBQzhBYkFCaEFIa0Fid0IxQUhRQWN3QXZBR0lBWVFCekFHVUFMd0JwQUc0QVpBQmxBSGdBTGdCb0FIUUFiUUJzQUNJQUxBQWlBSFFBSWdBNkFDSUFaUUIyQUdVQWJnQjBBQ0lBZlFBc0FIc0FJZ0J1QUNJQU9nQWlBSElBWlFCaEFHUUFlUUJ6QUhRQVlRQjBBR1VBWXdCb0FHRUFiZ0JuQUdVQUlnQXNBQ0lBY3dBaUFEb0FOQUE0QURNQU5RQXlBQ3dBSWdCbEFDSUFPZ0EwQURnQU13QTFBRElBTEFBaUFHOEFJZ0E2QUNJQWRRQnVBR1FBWlFCbUFHa0FiZ0JsQUdRQUlBQkhBRVVBVkFBNkFDQUFjd0IwQUdFQVp3QnBBRzRBWndCd0FISUFaUUJrQUdrQVl3QjBBRFVBTGdCcEFHNEFaZ0JzQUhVQVpRQnVBR01BWlFCb0FHVUFZUUJzQUhRQWFBQXVBR01BYndCdEFEb0FOQUEwQURNQUx3QnNBR0VBZVFCdkFIVUFkQUJ6QUM4QVlnQmhBSE1BWlFBdkFHa0FiZ0JrQUdVQWVBQXVBR2dBZEFCdEFHd0FJZ0FzQUNJQWRBQWlBRG9BSWdCbEFIWUFaUUJ1QUhRQUlnQjlBQ3dBZXdBaUFHNEFJZ0E2QUNJQWNnQmxBR0VBWkFCNUFITUFkQUJoQUhRQVpRQmpBR2dBWVFCdUFHY0FaUUFpQUN3QUlnQnpBQ0lBT2dBMEFEZ0FOQUF3QURBQUxBQWlBR1VBSWdBNkFEUUFPQUEwQURBQU1BQXNBQ0lBYndBaUFEb0FJZ0IxQUc0QVpBQmxBR1lBYVFCdUFHVUFaQUFnQUVjQVJRQlVBRG9BSUFCekFIUUFZUUJuQUdrQWJnQm5BSEFBY2dCbEFHUUFhUUJqQUhRQU5RQXVBR2tBYmdCbUFHd0FkUUJsQUc0QVl3QmxBR2dBWlFCaEFHd0FkQUJvQUM0QVl3QnZBRzBBT2dBMEFEUUFNd0F2QUd3QVlRQjVBRzhBZFFCMEFITUFMd0JpQUdFQWN3QmxBQzhBYVFCdUFHUUFaUUI0QUM0QWFBQjBBRzBBYkFBaUFDd0FJZ0IwQUNJQU9nQWlBR1VBZGdCbEFHNEFkQUFpQUgwQUxBQjdBQ0lBYmdBaUFEb0FJZ0J5QUdVQVlRQmtBSGtBY3dCMEFHRUFkQUJsQUdNQWFBQmhBRzRBWndCbEFDSUFMQUFpQUhNQUlnQTZBRFFBT0FBMEFEQUFNQUFzQUNJQVpRQWlBRG9BTkFBNEFEUUFNQUF3QUN3QUlnQnZBQ0lBT2dBaUFIVUFiZ0JrQUdVQVpnQnBBRzRBWlFCa0FDQUFSd0JGQUZRQU9nQWdBSE1BZEFCaEFHY0FhUUJ1QUdjQWNBQnlBR1VBWkFCcEFHTUFkQUExQUM0QWFRQnVBR1lBYkFCMUFHVUFiZ0JqQUdVQWFBQmxBR0VBYkFCMEFHZ0FMZ0JqQUc4QWJRQTZBRFFBTkFBekFDOEFiQUJoQUhrQWJ3QjFBSFFBY3dBdkFHSUFZUUJ6QUdVQUx3QnBBRzRBWkFCbEFIZ0FMZ0JvQUhRQWJRQnNBQ0lBTEFBaUFIUUFJZ0E2QUNJQVpRQjJBR1VBYmdCMEFDSUFmUUFzQUhzQUlnQnVBQ0lBT2dBaUFISUFaUUJoQUdRQWVRQnpBSFFBWVFCMEFHVUFZd0JvQUdFQWJnQm5BR1VBSWdBc0FDSUFjd0FpQURvQU5BQTRBRFFBTUFBd0FDd0FJZ0JsQUNJQU9nQTBBRGdBTkFBd0FEQUFMQUFpQUc4QUlnQTZBQ0lBZFFCdUFHUUFaUUJtQUdrQWJnQmxBR1FBSUFCSEFFVUFWQUE2QUNBQWN3QjBBR0VBWndCcEFHNEFad0J3QUhJQVpRQmtBR2tBWXdCMEFEVUFMZ0JwQUc0QVpnQnNBSFVBWlFCdUFHTUFaUUJvQUdVQVlRQnNBSFFBYUFBdUFHTUFid0J0QURvQU5BQTBBRE1BTHdCc0FHRUFlUUJ2QUhVQWRBQnpBQzhBWWdCaEFITUFaUUF2QUdrQWJnQmtBR1VBZUFBdUFHZ0FkQUJ0QUd3QUlnQXNBQ0lBZEFBaUFEb0FJZ0JsQUhZQVpRQnVBSFFBSWdCOUFDd0Fld0FpQUc0QUlnQTZBQ0lBY2dCbEFHRUFaQUI1QUhNQWRBQmhBSFFBWlFCakFHZ0FZUUJ1QUdjQVpRQWlBQ3dBSWdCekFDSUFPZ0EwQURnQU5BQXdBREFBTEFBaUFHVUFJZ0E2QURRQU9BQTBBREFBTVFBc0FDSUFid0FpQURvQUlnQjFBRzRBWkFCbEFHWUFhUUJ1QUdVQVpBQWdBRWNBUlFCVUFEb0FJQUJ6QUhRQVlRQm5BR2tBYmdCbkFIQUFjZ0JsQUdRQWFRQmpBSFFBTlFBdUFHa0FiZ0JtQUd3QWRRQmxBRzRBWXdCbEFHZ0FaUUJoQUd3QWRBQm9BQzRBWXdCdkFHMEFPZ0EwQURRQU13QXZBR3dBWVFCNUFHOEFkUUIwQUhNQUx3QmlBR0VBY3dCbEFDOEFhUUJ1QUdRQVpRQjRBQzRBYUFCMEFHMEFiQUFpQUN3QUlnQjBBQ0lBT2dBaUFHVUFkZ0JsQUc0QWRBQWlBSDBBTEFCN0FDSUFiZ0FpQURvQUlnQnlBR1VBWVFCa0FIa0Fjd0IwQUdFQWRBQmxBR01BYUFCaEFHNEFad0JsQUNJQUxBQWlBSE1BSWdBNkFEUUFPQUEwQURBQU1RQXNBQ0lBWlFBaUFEb0FOQUE0QURRQU1BQXhBQ3dBSWdCdkFDSUFPZ0FpQUhVQWJnQmtBR1VBWmdCcEFHNEFaUUJrQUNBQVJ3QkZBRlFBT2dBZ0FITUFkQUJoQUdjQWFRQnVBR2NBY0FCeUFHVUFaQUJwQUdNQWRBQTFBQzRBYVFCdUFHWUFiQUIxQUdVQWJnQmpBR1VBYUFCbEFHRUFiQUIwQUdnQUxnQmpBRzhBYlFBNkFEUUFOQUF6QUM4QWJBQmhBSGtBYndCMUFIUUFjd0F2QUdJQVlRQnpBR1VBTHdCcEFHNEFaQUJsQUhnQUxnQm9BSFFBYlFCc0FDSUFMQUFpQUhRQUlnQTZBQ0lBWlFCMkFHVUFiZ0IwQUNJQWZRQXNBSHNBSWdCdUFDSUFPZ0FpQUhJQVpRQmhBR1FBZVFCekFIUUFZUUIwQUdVQVl3Qm9BR0VBYmdCbkFHVUFJZ0FzQUNJQWN3QWlBRG9BTkFBNEFEUUFNQUF4QUN3QUlnQmxBQ0lBT2dBMEFEZ0FOQUF3QURFQUxBQWlBRzhBSWdBNkFDSUFkUUJ1QUdRQVpRQm1BR2tBYmdCbEFHUUFJQUJIQUVVQVZBQTZBQ0FBY3dCMEFHRUFad0JwQUc0QVp3QndBSElBWlFCa0FHa0FZd0IwQURVQUxnQnBBRzRBWmdCc0FIVUFaUUJ1QUdNQVpRQm9BR1VBWVFCc0FIUUFhQUF1QUdNQWJ3QnRBRG9BTkFBMEFETUFMd0JzQUdFQWVRQnZBSFVBZEFCekFDOEFZZ0JoQUhNQVpRQXZBR2tBYmdCa0FHVUFlQUF1QUdnQWRBQnRBR3dBSWdBc0FDSUFkQUFpQURvQUlnQmxBSFlBWlFCdUFIUUFJZ0I5QUN3QWV3QWlBRzRBSWdBNkFDSUFjZ0JsQUdFQVpBQjVBSE1BZEFCaEFIUUFaUUJqQUdnQVlRQnVBR2NBWlFBaUFDd0FJZ0J6QUNJQU9nQTBBRGdBTkFBd0FERUFMQUFpQUdVQUlnQTZBRFFBT0FBMEFEQUFNUUFzQUNJQWJ3QWlBRG9BSWdCMUFHNEFaQUJsQUdZQWFRQnVBR1VBWkFBZ0FFY0FSUUJVQURvQUlBQnpBSFFBWVFCbkFHa0FiZ0JuQUhBQWNnQmxBR1FBYVFCakFIUUFOUUF1QUdrQWJnQm1BR3dBZFFCbEFHNEFZd0JsQUdnQVpRQmhBR3dBZEFCb0FDNEFZd0J2QUcwQU9nQTBBRFFBTXdBdkFHd0FZUUI1QUc4QWRRQjBBSE1BTHdCaUFHRUFjd0JsQUM4QWFRQnVBR1FBWlFCNEFDNEFhQUIwQUcwQWJBQWlBQ3dBSWdCMEFDSUFPZ0FpQUdVQWRnQmxBRzRBZEFBaUFIMEFMQUI3QUNJQWJnQWlBRG9BSWdCeUFHVUFZUUJrQUhrQWN3QjBBR0VBZEFCbEFHTUFhQUJoQUc0QVp3QmxBQ0lBTEFBaUFITUFJZ0E2QURRQU9BQTFBRFlBTkFBc0FDSUFaUUFpQURvQU5BQTRBRFVBTmdBMUFDd0FJZ0J2QUNJQU9nQWlBSFVBYmdCa0FHVUFaZ0JwQUc0QVpRQmtBQ0FBUndCRkFGUUFPZ0FnQUhNQWRBQmhBR2NBYVFCdUFHY0FjQUJ5QUdVQVpBQnBBR01BZEFBMUFDNEFhUUJ1QUdZQWJBQjFBR1VBYmdCakFHVUFhQUJsQUdFQWJBQjBBR2dBTGdCakFHOEFiUUE2QURNQU1BQXdBREFBTHdCd0FISUFaUUJrQUdrQVl3QjBBQzhBZGdBeEFDOEFiQUJ2QUc0QVp3QlNBSFVBYmdCdUFHa0FiZ0JuQUZRQVlRQnpBR3NBY3dBaUFDd0FJZ0IwQUNJQU9nQWlBR1VBZGdCbEFHNEFkQUFpQUgwQUxBQjdBQ0lBYmdBaUFEb0FJZ0J5QUdVQVlRQmtBSGtBY3dCMEFHRUFkQUJsQUdNQWFBQmhBRzRBWndCbEFDSUFMQUFpQUhNQUlnQTZBRFFBT0FBMUFEWUFOUUFzQUNJQVpRQWlBRG9BTkFBNEFEVUFOZ0ExQUN3QUlnQnZBQ0lBT2dBaUFIVUFiZ0JrQUdVQVpnQnBBRzRBWlFCa0FDQUFSd0JGQUZRQU9nQWdBSE1BZEFCaEFHY0FhUUJ1QUdjQWNBQnlBR1VBWkFCcEFHTUFkQUExQUM0QWFRQnVBR1lBYkFCMUFHVUFiZ0JqQUdVQWFBQmxBR0VBYkFCMEFHZ0FMZ0JqQUc4QWJRQTZBRE1BTUFBd0FEQUFMd0J3QUhJQVpRQmtBR2tBWXdCMEFDOEFkZ0F4QUM4QWJBQnZBRzRBWndCU0FIVUFiZ0J1QUdrQWJnQm5BRlFBWVFCekFHc0Fjd0FpQUN3QUlnQjBBQ0lBT2dBaUFHVUFkZ0JsQUc0QWRBQWlBSDBBTEFCN0FDSUFiZ0FpQURvQUlnQnlBR1VBWVFCa0FIa0Fjd0IwQUdFQWRBQmxBR01BYUFCaEFHNEFad0JsQUNJQUxBQWlBSE1BSWdBNkFEUUFPQUExQURZQU5RQXNBQ0lBWlFBaUFEb0FOQUE0QURVQU5nQTFBQ3dBSWdCdkFDSUFPZ0FpQUhVQWJnQmtBR1VBWmdCcEFHNEFaUUJrQUNBQVJ3QkZBRlFBT2dBZ0FITUFkQUJoQUdjQWFRQnVBR2NBY0FCeUFHVUFaQUJwQUdNQWRBQTFBQzRBYVFCdUFHWUFiQUIxQUdVQWJnQmpBR1VBYUFCbEFHRUFiQUIwQUdnQUxnQmpBRzhBYlFBNkFETUFNQUF3QURBQUx3QndBSElBWlFCa0FHa0FZd0IwQUM4QWRnQXhBQzhBYkFCdkFHNEFad0JTQUhVQWJnQnVBR2tBYmdCbkFGUUFZUUJ6QUdzQWN3QWlBQ3dBSWdCMEFDSUFPZ0FpQUdVQWRnQmxBRzRBZEFBaUFIMEFMQUI3QUNJQWJnQWlBRG9BSWdCeUFHVUFZUUJrQUhrQWN3QjBBR0VBZEFCbEFHTUFhQUJoQUc0QVp3QmxBQ0lBTEFBaUFITUFJZ0E2QURRQU9BQTJBREFBT1FBc0FDSUFaUUFpQURvQU5BQTRBRFlBTUFBNUFDd0FJZ0J2QUNJQU9nQWlBSFVBYmdCa0FHVUFaZ0JwQUc0QVpRQmtBQ0FBUndCRkFGUUFPZ0FnQUhNQWRBQmhBR2NBYVFCdUFHY0FjQUJ5QUdVQVpBQnBBR01BZEFBMUFDNEFhUUJ1QUdZQWJBQjFBR1VBYmdCakFHVUFhQUJsQUdFQWJBQjBBR2dBTGdCakFHOEFiUUE2QURRQU5BQXpBQzhBSkFCdEFHOEFaQUIxQUd3QVpRQXZBRzBBYndCa0FIVUFiQUJsQUhNQUx3Qm9BRzhBYlFCbEFDSUFMQUFpQUhRQUlnQTZBQ0lBWlFCMkFHVUFiZ0IwQUNJQWZRQXNBSHNBSWdCdUFDSUFPZ0FpQUhJQVpRQmhBR1FBZVFCekFIUUFZUUIwQUdVQVl3Qm9BR0VBYmdCbkFHVUFJZ0FzQUNJQWN3QWlBRG9BTkFBNEFEWUFNQUE1QUN3QUlnQmxBQ0lBT2dBMEFEZ0FOZ0F3QURrQUxBQWlBRzhBSWdBNkFDSUFkUUJ1QUdRQVpRQm1BR2tBYmdCbEFHUUFJQUJIQUVVQVZBQTZBQ0FBY3dCMEFHRUFad0JwQUc0QVp3QndBSElBWlFCa0FHa0FZd0IwQURVQUxnQnBBRzRBWmdCc0FIVUFaUUJ1QUdNQVpRQm9BR1VBWVFCc0FIUUFhQUF1QUdNQWJ3QnRBRG9BTkFBMEFETUFMd0FrQUcwQWJ3QmtBSFVBYkFCbEFDOEFiUUJ2QUdRQWRRQnNBR1VBY3dBdkFHZ0Fid0J0QUdVQUlnQXNBQ0lBZEFBaUFEb0FJZ0JsQUhZQVpRQnVBSFFBSWdCOUFDd0Fld0FpQUc0QUlnQTZBQ0lBY2dCbEFHRUFaQUI1QUhNQWRBQmhBSFFBWlFCakFHZ0FZUUJ1QUdjQVpRQWlBQ3dBSWdCekFDSUFPZ0EwQURnQU5nQTBBRGNBTEFBaUFHVUFJZ0E2QURRQU9BQTJBRFFBTndBc0FDSUFid0FpQURvQUlnQjFBRzRBWkFCbEFHWUFhUUJ1QUdVQVpBQWdBRWNBUlFCVUFEb0FJQUJ6QUhRQVlRQm5BR2tBYmdCbkFIQUFjZ0JsQUdRQWFRQmpBSFFBTlFBdUFHa0FiZ0JtQUd3QWRRQmxBRzRBWXdCbEFHZ0FaUUJoQUd3QWRBQm9BQzRBWXdCdkFHMEFPZ0EwQURRQU13QXZBSFFBWlFCdEFIQUFiQUJoQUhRQVpRQnpBQzhBWWdCaEFITUFhUUJqQUM4QWFRQjFBR2tBTFFCd0FHOEFjZ0IwQUdFQWJBQXRBR3dBYndCbkFHOEFMZ0JvQUhRQWJRQnNBQ0lBTEFBaUFIUUFJZ0E2QUNJQVpRQjJBR1VBYmdCMEFDSUFmUUFzQUhzQUlnQnVBQ0lBT2dBaUFISUFaUUJoQUdRQWVRQnpBSFFBWVFCMEFHVUFZd0JvQUdFQWJnQm5BR1VBSWdBc0FDSUFjd0FpQURvQU5BQTRBRFlBTkFBNEFDd0FJZ0JsQUNJQU9nQTBBRGdBTmdBMEFEZ0FMQUFpQUc4QUlnQTZBQ0lBZFFCdUFHUUFaUUJtQUdrQWJnQmxBR1FBSUFCSEFFVUFWQUE2QUNBQWN3QjBBR0VBWndCcEFHNEFad0J3QUhJQVpRQmtBR2tBWXdCMEFEVUFMZ0JwQUc0QVpnQnNBSFVBWlFCdUFHTUFaUUJvQUdVQVlRQnNBSFFBYUFBdUFHTUFid0J0QURvQU5BQTBBRE1BTHdCMEFHVUFiUUJ3QUd3QVlRQjBBR1VBY3dBdkFHSUFZUUJ6QUdrQVl3QXZBR2tBZFFCcEFDMEFjQUJ2QUhJQWRBQmhBR3dBTFFCc0FHOEFad0J2QUM0QWFBQjBBRzBBYkFBaUFDd0FJZ0IwQUNJQU9nQWlBR1VBZGdCbEFHNEFkQUFpQUgwQUxBQjdBQ0lBYmdBaUFEb0FJZ0J5QUdVQVlRQmtBSGtBY3dCMEFHRUFkQUJsQUdNQWFBQmhBRzRBWndCbEFDSUFMQUFpQUhNQUlnQTZBRFFBT0FBMkFEUUFPQUFzQUNJQVpRQWlBRG9BTkFBNEFEWUFOQUE0QUN3QUlnQnZBQ0lBT2dBaUFIVUFiZ0JrQUdVQVpnQnBBRzRBWlFCa0FDQUFSd0JGQUZRQU9nQWdBSE1BZEFCaEFHY0FhUUJ1QUdjQWNBQnlBR1VBWkFCcEFHTUFkQUExQUM0QWFRQnVBR1lBYkFCMUFHVUFiZ0JqQUdVQWFBQmxBR0VBYkFCMEFHZ0FMZ0JqQUc4QWJRQTZBRFFBTkFBekFDOEFkQUJsQUcwQWNBQnNBR0VBZEFCbEFITUFMd0JpQUdFQWN3QnBBR01BTHdCcEFIVUFhUUF0QUhBQWJ3QnlBSFFBWVFCc0FDMEFiQUJ2QUdjQWJ3QXVBR2dBZEFCdEFHd0FJZ0FzQUNJQWRBQWlBRG9BSWdCbEFIWUFaUUJ1QUhRQUlnQjlBQ3dBZXdBaUFHNEFJZ0E2QUNJQWNnQmxBR0VBWkFCNUFITUFkQUJoQUhRQVpRQmpBR2dBWVFCdUFHY0FaUUFpQUN3QUlnQnpBQ0lBT2dBMEFEZ0FOZ0ExQURBQUxBQWlBR1VBSWdBNkFEUUFPQUEyQURVQU1BQXNBQ0lBYndBaUFEb0FJZ0IxQUc0QVpBQmxBR1lBYVFCdUFHVUFaQUFnQUVjQVJRQlVBRG9BSUFCekFIUUFZUUJuQUdrQWJnQm5BSEFBY2dCbEFHUUFhUUJqQUhRQU5RQXVBR2tBYmdCbUFHd0FkUUJsQUc0QVl3QmxBR2dBWlFCaEFHd0FkQUJvQUM0QVl3QnZBRzBBT2dBMEFEUUFNd0F2QUd3QVlRQjVBRzhBZFFCMEFITUFMd0JpQUdFQWN3QmxBQzhBY3dCbEFHd0FaUUJqQUhRQUxRQmpBRzhBYmdCMEFHVUFlQUIwQUM0QWFBQjBBRzBBYkFBaUFDd0FJZ0IwQUNJQU9nQWlBR1VBZGdCbEFHNEFkQUFpQUgwQUxBQjdBQ0lBYmdBaUFEb0FJZ0J5QUdVQVlRQmtBSGtBY3dCMEFHRUFkQUJsQUdNQWFBQmhBRzRBWndCbEFDSUFMQUFpQUhNQUlnQTZBRFFBT0FBMkFEVUFNUUFzQUNJQVpRQWlBRG9BTkFBNEFEWUFOUUF4QUN3QUlnQnZBQ0lBT2dBaUFIVUFiZ0JrQUdVQVpnQnBBRzRBWlFCa0FDQUFSd0JGQUZRQU9nQWdBSE1BZEFCaEFHY0FhUUJ1QUdjQWNBQnlBR1VBWkFCcEFHTUFkQUExQUM0QWFRQnVBR1lBYkFCMUFHVUFiZ0JqQUdVQWFBQmxBR0VBYkFCMEFHZ0FMZ0JqQUc4QWJRQTZBRFFBTkFBekFDOEFiQUJoQUhrQWJ3QjFBSFFBY3dBdkFHSUFZUUJ6QUdVQUx3QnpBR1VBYkFCbEFHTUFkQUF0QUdNQWJ3QnVBSFFBWlFCNEFIUUFMZ0JvQUhRQWJRQnNBQ0lBTEFBaUFIUUFJZ0E2QUNJQVpRQjJBR1VBYmdCMEFDSUFmUUFzQUhzQUlnQnVBQ0lBT2dBaUFISUFaUUJoQUdRQWVRQnpBSFFBWVFCMEFHVUFZd0JvQUdFQWJnQm5BR1VBSWdBc0FDSUFjd0FpQURvQU5BQTRBRFlBTlFBeEFDd0FJZ0JsQUNJQU9nQTBBRGdBTmdBMUFERUFMQUFpQUc4QUlnQTZBQ0lBZFFCdUFHUUFaUUJtQUdrQWJnQmxBR1FBSUFCSEFFVUFWQUE2QUNBQWN3QjBBR0VBWndCcEFHNEFad0J3QUhJQVpRQmtBR2tBWXdCMEFEVUFMZ0JwQUc0QVpnQnNBSFVBWlFCdUFHTUFaUUJvQUdVQVlRQnNBSFFBYUFBdUFHTUFid0J0QURvQU5BQTBBRE1BTHdCc0FHRUFlUUJ2QUhVQWRBQnpBQzhBWWdCaEFITUFaUUF2QUhNQVpRQnNBR1VBWXdCMEFDMEFZd0J2QUc0QWRBQmxBSGdBZEFBdUFHZ0FkQUJ0QUd3QUlnQXNBQ0lBZEFBaUFEb0FJZ0JsQUhZQVpRQnVBSFFBSWdCOUFDd0Fld0FpQUc0QUlnQTZBQ0lBY2dCbEFHRUFaQUI1QUhNQWRBQmhBSFFBWlFCakFHZ0FZUUJ1QUdjQVpRQWlBQ3dBSWdCekFDSUFPZ0EwQURnQU5nQTFBRFFBTEFBaUFHVUFJZ0E2QURRQU9BQTJBRFVBTkFBc0FDSUFid0FpQURvQUlnQjFBRzRBWkFCbEFHWUFhUUJ1QUdVQVpBQWdBRWNBUlFCVUFEb0FJQUJ6QUhRQVlRQm5BR2tBYmdCbkFIQUFjZ0JsQUdRQWFRQmpBSFFBTlFBdUFHa0FiZ0JtQUd3QWRRQmxBRzRBWXdCbEFHZ0FaUUJoQUd3QWRBQm9BQzRBWXdCdkFHMEFPZ0EwQURRQU13QXZBR3dBWVFCNUFHOEFkUUIwQUhNQUx3QmlBR0VBY3dCbEFDOEFjd0JsQUdNQWJ3QnVBR1FBWVFCeUFIa0FMUUJ6QUdrQVpBQmxBR0lBWVFCeUFDMEFiZ0JoQUhZQWFRQm5BR0VBZEFCcEFHOEFiZ0F1QUdnQWRBQnRBR3dBSWdBc0FDSUFkQUFpQURvQUlnQmxBSFlBWlFCdUFIUUFJZ0I5QUN3QWV3QWlBRzRBSWdBNkFDSUFjZ0JsQUdFQVpBQjVBSE1BZEFCaEFIUUFaUUJqQUdnQVlRQnVBR2NBWlFBaUFDd0FJZ0J6QUNJQU9nQTBBRGdBTmdBMUFEVUFMQUFpQUdVQUlnQTZBRFFBT0FBMkFEVUFOUUFzQUNJQWJ3QWlBRG9BSWdCMUFHNEFaQUJsQUdZQWFRQnVBR1VBWkFBZ0FFY0FSUUJVQURvQUlBQnpBSFFBWVFCbkFHa0FiZ0JuQUhBQWNnQmxBR1FBYVFCakFIUUFOUUF1QUdrQWJnQm1BR3dBZFFCbEFHNEFZd0JsQUdnQVpRQmhBR3dBZEFCb0FDNEFZd0J2QUcwQU9nQTBBRFFBTXdBdkFHd0FZUUI1QUc4QWRRQjBBSE1BTHdCaUFHRUFjd0JsQUM4QWN3QmxBR01BYndCdUFHUUFZUUJ5QUhrQUxRQnpBR2tBWkFCbEFHSUFZUUJ5QUMwQWJnQmhBSFlBYVFCbkFHRUFkQUJwQUc4QWJnQXVBR2dBZEFCdEFHd0FJZ0FzQUNJQWRBQWlBRG9BSWdCbEFIWUFaUUJ1QUhRQUlnQjlBQ3dBZXdBaUFHNEFJZ0E2QUNJQWNnQmxBR0VBWkFCNUFITUFkQUJoQUhRQVpRQmpBR2dBWVFCdUFHY0FaUUFpQUN3QUlnQnpBQ0lBT2dBMEFEZ0FOZ0ExQURVQUxBQWlBR1VBSWdBNkFEUUFPQUEyQURVQU5RQXNBQ0lBYndBaUFEb0FJZ0IxQUc0QVpBQmxBR1lBYVFCdUFHVUFaQUFnQUVjQVJRQlVBRG9BSUFCekFIUUFZUUJuQUdrQWJnQm5BSEFBY2dCbEFHUUFhUUJqQUhRQU5RQXVBR2tBYmdCbUFHd0FkUUJsQUc0QVl3QmxBR2dBWlFCaEFHd0FkQUJvQUM0QVl3QnZBRzBBT2dBMEFEUUFNd0F2QUd3QVlRQjVBRzhBZFFCMEFITUFMd0JpQUdFQWN3QmxBQzhBY3dCbEFHTUFid0J1QUdRQVlRQnlBSGtBTFFCekFHa0FaQUJsQUdJQVlRQnlBQzBBYmdCaEFIWUFhUUJuQUdFQWRBQnBBRzhBYmdBdUFHZ0FkQUJ0QUd3QUlnQXNBQ0lBZEFBaUFEb0FJZ0JsQUhZQVpRQnVBSFFBSWdCOUFDd0Fld0FpQUc0QUlnQTZBQ0lBY2dCbEFHRUFaQUI1QUhNQWRBQmhBSFFBWlFCakFHZ0FZUUJ1QUdjQVpRQWlBQ3dBSWdCekFDSUFPZ0EwQURnQU53QTBBRE1BTEFBaUFHVUFJZ0E2QURRQU9BQTNBRFFBTXdBc0FDSUFid0FpQURvQUlnQjFBRzRBWkFCbEFHWUFhUUJ1QUdVQVpBQWdBRWNBUlFCVUFEb0FJQUJ6QUhRQVlRQm5BR2tBYmdCbkFIQUFjZ0JsQUdRQWFRQmpBSFFBTlFBdUFHa0FiZ0JtQUd3QWRRQmxBRzRBWXdCbEFHZ0FaUUJoQUd3QWRBQm9BQzRBWXdCdkFHMEFPZ0F6QURBQU1BQXdBQzhBY0FCeUFHVUFaQUJwQUdNQWRBQXZBSFlBTVFBdkFHd0Fid0J1QUdjQVVnQjFBRzRBYmdCcEFHNEFad0JVQUdFQWN3QnJBSE1BSWdBc0FDSUFkQUFpQURvQUlnQmxBSFlBWlFCdUFIUUFJZ0I5QUN3QWV3QWlBRzRBSWdBNkFDSUFjZ0JsQUdFQVpBQjVBSE1BZEFCaEFIUUFaUUJqQUdnQVlRQnVBR2NBWlFBaUFDd0FJZ0J6QUNJQU9nQTBBRGdBTndBMEFETUFMQUFpQUdVQUlnQTZBRFFBT0FBM0FEUUFNd0FzQUNJQWJ3QWlBRG9BSWdCMUFHNEFaQUJsQUdZQWFRQnVBR1VBWkFBZ0FFY0FSUUJVQURvQUlBQnpBSFFBWVFCbkFHa0FiZ0JuQUhBQWNnQmxBR1FBYVFCakFIUUFOUUF1QUdrQWJnQm1BR3dBZFFCbEFHNEFZd0JsQUdnQVpRQmhBR3dBZEFCb0FDNEFZd0J2QUcwQU9nQXpBREFBTUFBd0FDOEFjQUJ5QUdVQVpBQnBBR01BZEFBdkFIWUFNUUF2QUd3QWJ3QnVBR2NBVWdCMUFHNEFiZ0JwQUc0QVp3QlVBR0VBY3dCckFITUFJZ0FzQUNJQWRBQWlBRG9BSWdCbEFIWUFaUUJ1QUhRQUlnQjlBQ3dBZXdBaUFHNEFJZ0E2QUNJQWNnQmxBR0VBWkFCNUFITUFkQUJoQUhRQVpRQmpBR2dBWVFCdUFHY0FaUUFpQUN3QUlnQnpBQ0lBT2dBMEFEZ0FOd0EwQURNQUxBQWlBR1VBSWdBNkFEUUFPQUEzQURRQU13QXNBQ0lBYndBaUFEb0FJZ0IxQUc0QVpBQmxBR1lBYVFCdUFHVUFaQUFnQUVjQVJRQlVBRG9BSUFCekFIUUFZUUJuQUdrQWJnQm5BSEFBY2dCbEFHUUFhUUJqQUhRQU5RQXVBR2tBYmdCbUFHd0FkUUJsQUc0QVl3QmxBR2dBWlFCaEFHd0FkQUJvQUM0QVl3QnZBRzBBT2dBekFEQUFNQUF3QUM4QWNBQnlBR1VBWkFCcEFHTUFkQUF2QUhZQU1RQXZBR3dBYndCdUFHY0FVZ0IxQUc0QWJnQnBBRzRBWndCVUFHRUFjd0JyQUhNQUlnQXNBQ0lBZEFBaUFEb0FJZ0JsQUhZQVpRQnVBSFFBSWdCOUFDd0Fld0FpQUc0QUlnQTZBQ0lBY2dCbEFHRUFaQUI1QUhNQWRBQmhBSFFBWlFCakFHZ0FZUUJ1QUdjQVpRQWlBQ3dBSWdCekFDSUFPZ0EwQURnQU53QTBBRE1BTEFBaUFHVUFJZ0E2QURRQU9BQTNBRFFBTXdBc0FDSUFid0FpQURvQUlnQjFBRzRBWkFCbEFHWUFhUUJ1QUdVQVpBQWdBRWNBUlFCVUFEb0FJQUJ6QUhRQVlRQm5BR2tBYmdCbkFIQUFjZ0JsQUdRQWFRQmpBSFFBTlFBdUFHa0FiZ0JtQUd3QWRRQmxBRzRBWXdCbEFHZ0FaUUJoQUd3QWRBQm9BQzRBWXdCdkFHMEFPZ0F6QURBQU1BQXdBQzhBY0FCeUFHVUFaQUJwQUdNQWRBQXZBSFlBTVFBdkFHd0Fid0J1QUdjQVVnQjFBRzRBYmdCcEFHNEFad0JVQUdFQWN3QnJBSE1BSWdBc0FDSUFkQUFpQURvQUlnQmxBSFlBWlFCdUFIUUFJZ0I5QUN3QWV3QWlBRzRBSWdBNkFDSUFjZ0JsQUdFQVpBQjVBSE1BZEFCaEFIUUFaUUJqQUdnQVlRQnVBR2NBWlFBaUFDd0FJZ0J6QUNJQU9nQTBBRGdBTndBMEFETUFMQUFpQUdVQUlnQTZBRFFBT0FBM0FEUUFNd0FzQUNJQWJ3QWlBRG9BSWdCMUFHNEFaQUJsQUdZQWFRQnVBR1VBWkFBZ0FFY0FSUUJVQURvQUlBQnpBSFFBWVFCbkFHa0FiZ0JuQUhBQWNnQmxBR1FBYVFCakFIUUFOUUF1QUdrQWJnQm1BR3dBZFFCbEFHNEFZd0JsQUdnQVpRQmhBR3dBZEFCb0FDNEFZd0J2QUcwQU9nQXpBREFBTUFBd0FDOEFjQUJ5QUdVQVpBQnBBR01BZEFBdkFIWUFNUUF2QUd3QWJ3QnVBR2NBVWdCMUFHNEFiZ0JwQUc0QVp3QlVBR0VBY3dCckFITUFJZ0FzQUNJQWRBQWlBRG9BSWdCbEFIWUFaUUJ1QUhRQUlnQjlBQ3dBZXdBaUFHNEFJZ0E2QUNJQWNnQmxBR0VBWkFCNUFITUFkQUJoQUhRQVpRQmpBR2dBWVFCdUFHY0FaUUFpQUN3QUlnQnpBQ0lBT2dBMEFEZ0FOd0EwQURNQUxBQWlBR1VBSWdBNkFEUUFPQUEzQURRQU13QXNBQ0lBYndBaUFEb0FJZ0IxQUc0QVpBQmxBR1lBYVFCdUFHVUFaQUFnQUVjQVJRQlVBRG9BSUFCekFIUUFZUUJuQUdrQWJnQm5BSEFBY2dCbEFHUUFhUUJqQUhRQU5RQXVBR2tBYmdCbUFHd0FkUUJsQUc0QVl3QmxBR2dBWlFCaEFHd0FkQUJvQUM0QVl3QnZBRzBBT2dBekFEQUFNQUF3QUM4QWNBQnlBR1VBWkFCcEFHTUFkQUF2QUhZQU1RQXZBR3dBYndCdUFHY0FVZ0IxQUc0QWJnQnBBRzRBWndCVUFHRUFjd0JyQUhNQUlnQXNBQ0lBZEFBaUFEb0FJZ0JsQUhZQVpRQnVBSFFBSWdCOUFDd0Fld0FpQUc0QUlnQTZBQ0lBY2dCbEFHRUFaQUI1QUhNQWRBQmhBSFFBWlFCakFHZ0FZUUJ1QUdjQVpRQWlBQ3dBSWdCekFDSUFPZ0EwQURnQU53QTBBRFFBTEFBaUFHVUFJZ0E2QURRQU9BQTNBRFFBTkFBc0FDSUFid0FpQURvQUlnQjFBRzRBWkFCbEFHWUFhUUJ1QUdVQVpBQWdBRWNBUlFCVUFEb0FJQUJ6QUhRQVlRQm5BR2tBYmdCbkFIQUFjZ0JsQUdRQWFRQmpBSFFBTlFBdUFHa0FiZ0JtQUd3QWRRQmxBRzRBWXdCbEFHZ0FaUUJoQUd3QWRBQm9BQzRBWXdCdkFHMEFPZ0F6QURBQU1BQXdBQzhBY0FCeUFHVUFaQUJwQUdNQWRBQXZBSFlBTVFBdkFHd0Fid0J1QUdjQVVnQjFBRzRBYmdCcEFHNEFad0JVQUdFQWN3QnJBSE1BSWdBc0FDSUFkQUFpQURvQUlnQmxBSFlBWlFCdUFIUUFJZ0I5QUN3QWV3QWlBRzRBSWdBNkFDSUFjZ0JsQUdFQVpBQjVBSE1BZEFCaEFIUUFaUUJqQUdnQVlRQnVBR2NBWlFBaUFDd0FJZ0J6QUNJQU9nQTBBRGdBTndBMEFEUUFMQUFpQUdVQUlnQTZBRFFBT0FBM0FEUUFOQUFzQUNJQWJ3QWlBRG9BSWdCMUFHNEFaQUJsQUdZQWFRQnVBR1VBWkFBZ0FFY0FSUUJVQURvQUlBQnpBSFFBWVFCbkFHa0FiZ0JuQUhBQWNnQmxBR1FBYVFCakFIUUFOUUF1QUdrQWJnQm1BR3dBZFFCbEFHNEFZd0JsQUdnQVpRQmhBR3dBZEFCb0FDNEFZd0J2QUcwQU9nQXpBREFBTUFBd0FDOEFjQUJ5QUdVQVpBQnBBR01BZEFBdkFIWUFNUUF2QUd3QWJ3QnVBR2NBVWdCMUFHNEFiZ0JwQUc0QVp3QlVBR0VBY3dCckFITUFJZ0FzQUNJQWRBQWlBRG9BSWdCbEFIWUFaUUJ1QUhRQUlnQjlBQ3dBZXdBaUFHNEFJZ0E2QUNJQWNnQmxBR0VBWkFCNUFITUFkQUJoQUhRQVpRQmpBR2dBWVFCdUFHY0FaUUFpQUN3QUlnQnpBQ0lBT2dBMEFEZ0FOd0EwQURRQUxBQWlBR1VBSWdBNkFEUUFPQUEzQURRQU5BQXNBQ0lBYndBaUFEb0FJZ0IxQUc0QVpBQmxBR1lBYVFCdUFHVUFaQUFnQUVjQVJRQlVBRG9BSUFCekFIUUFZUUJuQUdrQWJnQm5BSEFBY2dCbEFHUUFhUUJqQUhRQU5RQXVBR2tBYmdCbUFHd0FkUUJsQUc0QVl3QmxBR2dBWlFCaEFHd0FkQUJvQUM0QVl3QnZBRzBBT2dBekFEQUFNQUF3QUM4QWNBQnlBR1VBWkFCcEFHTUFkQUF2QUhZQU1RQXZBR3dBYndCdUFHY0FVZ0IxQUc0QWJnQnBBRzRBWndCVUFHRUFjd0JyQUhNQUlnQXNBQ0lBZEFBaUFEb0FJZ0JsQUhZQVpRQnVBSFFBSWdCOUFDd0Fld0FpQUc0QUlnQTZBQ0lBY2dCbEFHRUFaQUI1QUhNQWRBQmhBSFFBWlFCakFHZ0FZUUJ1QUdjQVpRQWlBQ3dBSWdCekFDSUFPZ0EwQURnQU53QTBBRFFBTEFBaUFHVUFJZ0E2QURRQU9BQTNBRFFBTkFBc0FDSUFid0FpQURvQUlnQjFBRzRBWkFCbEFHWUFhUUJ1QUdVQVpBQWdBRWNBUlFCVUFEb0FJQUJ6QUhRQVlRQm5BR2tBYmdCbkFIQUFjZ0JsQUdRQWFRQmpBSFFBTlFBdUFHa0FiZ0JtQUd3QWRRQmxBRzRBWXdCbEFHZ0FaUUJoQUd3QWRBQm9BQzRBWXdCdkFHMEFPZ0F6QURBQU1BQXdBQzhBY0FCeUFHVUFaQUJwQUdNQWRBQXZBSFlBTVFBdkFHd0Fid0J1QUdjQVVnQjFBRzRBYmdCcEFHNEFad0JVQUdFQWN3QnJBSE1BSWdBc0FDSUFkQUFpQURvQUlnQmxBSFlBWlFCdUFIUUFJZ0I5QUN3QWV3QWlBRzRBSWdBNkFDSUFjZ0JsQUdFQVpBQjVBSE1BZEFCaEFIUUFaUUJqQUdnQVlRQnVBR2NBWlFBaUFDd0FJZ0J6QUNJQU9nQTBBRGdBTndBMEFEUUFMQUFpQUdVQUlnQTZBRFFBT0FBM0FEUUFOQUFzQUNJQWJ3QWlBRG9BSWdCMUFHNEFaQUJsQUdZQWFRQnVBR1VBWkFBZ0FFY0FSUUJVQURvQUlBQnpBSFFBWVFCbkFHa0FiZ0JuQUhBQWNnQmxBR1FBYVFCakFIUUFOUUF1QUdrQWJnQm1BR3dBZFFCbEFHNEFZd0JsQUdnQVpRQmhBR3dBZEFCb0FDNEFZd0J2QUcwQU9nQXpBREFBTUFBd0FDOEFjQUJ5QUdVQVpBQnBBR01BZEFBdkFIWUFNUUF2QUd3QWJ3QnVBR2NBVWdCMUFHNEFiZ0JwQUc0QVp3QlVBR0VBY3dCckFITUFJZ0FzQUNJQWRBQWlBRG9BSWdCbEFIWUFaUUJ1QUhRQUlnQjlBQ3dBZXdBaUFHNEFJZ0E2QUNJQWNnQmxBR0VBWkFCNUFITUFkQUJoQUhRQVpRQmpBR2dBWVFCdUFHY0FaUUFpQUN3QUlnQnpBQ0lBT2dBMEFEZ0FOd0EwQURRQUxBQWlBR1VBSWdBNkFEUUFPUUE1QURjQU5RQXNBQ0lBYndBaUFEb0FJZ0IxQUc0QVpBQmxBR1lBYVFCdUFHVUFaQUFnQUVjQVJRQlVBRG9BSUFCekFIUUFZUUJuQUdrQWJnQm5BSEFBY2dCbEFHUUFhUUJqQUhRQU5RQXVBR2tBYmdCbUFHd0FkUUJsQUc0QVl3QmxBR2dBWlFCaEFHd0FkQUJvQUM0QVl3QnZBRzBBT2dBekFEQUFNQUF3QUM4QWNBQnlBR1VBWkFCcEFHTUFkQUF2QUhZQU1RQXZBR3dBYndCdUFHY0FVZ0IxQUc0QWJnQnBBRzRBWndCVUFHRUFjd0JyQUhNQUlnQXNBQ0lBZEFBaUFEb0FJZ0JsQUhZQVpRQnVBSFFBSWdCOUFDd0Fld0FpQUc0QUlnQTZBQ0lBY2dCbEFHRUFaQUI1QUhNQWRBQmhBSFFBWlFCakFHZ0FZUUJ1QUdjQVpRQWlBQ3dBSWdCekFDSUFPZ0EwQURrQU9RQTNBRFlBTEFBaUFHVUFJZ0E2QURRQU9RQTVBRGNBTmdBc0FDSUFid0FpQURvQUlnQjFBRzRBWkFCbEFHWUFhUUJ1QUdVQVpBQWdBRWNBUlFCVUFEb0FJQUJ6QUhRQVlRQm5BR2tBYmdCbkFIQUFjZ0JsQUdRQWFRQmpBSFFBTlFBdUFHa0FiZ0JtQUd3QWRRQmxBRzRBWXdCbEFHZ0FaUUJoQUd3QWRBQm9BQzRBWXdCdkFHMEFPZ0EwQURRQU13QXZBQ1FBYlFCdkFHUUFkUUJzQUdVQUx3QnRBRzhBWkFCMUFHd0FaUUJ6QUM4QWFBQnZBRzBBWlFBaUFDd0FJZ0IwQUNJQU9nQWlBR1VBZGdCbEFHNEFkQUFpQUgwQUxBQjdBQ0lBYmdBaUFEb0FJZ0J5QUdVQVlRQmtBSGtBY3dCMEFHRUFkQUJsQUdNQWFBQmhBRzRBWndCbEFDSUFMQUFpQUhNQUlnQTZBRFFBT1FBNUFEY0FOZ0FzQUNJQVpRQWlBRG9BTkFBNUFEa0FOd0EyQUN3QUlnQnZBQ0lBT2dBaUFIVUFiZ0JrQUdVQVpnQnBBRzRBWlFCa0FDQUFSd0JGQUZRQU9nQWdBSE1BZEFCaEFHY0FhUUJ1QUdjQWNBQnlBR1VBWkFCcEFHTUFkQUExQUM0QWFRQnVBR1lBYkFCMUFHVUFiZ0JqQUdVQWFBQmxBR0VBYkFCMEFHZ0FMZ0JqQUc4QWJRQTZBRFFBTkFBekFDOEFKQUJ0QUc4QVpBQjFBR3dBWlFBdkFHMEFid0JrQUhVQWJBQmxBSE1BTHdCb0FHOEFiUUJsQUNJQUxBQWlBSFFBSWdBNkFDSUFaUUIyQUdVQWJnQjBBQ0lBZlFBc0FIc0FJZ0J1QUNJQU9nQWlBSElBWlFCaEFHUUFlUUJ6QUhRQVlRQjBBR1VBWXdCb0FHRUFiZ0JuQUdVQUlnQXNBQ0lBY3dBaUFEb0FOQUE1QURrQU53QTJBQ3dBSWdCbEFDSUFPZ0EwQURrQU9RQTNBRFlBTEFBaUFHOEFJZ0E2QUNJQWRRQnVBR1FBWlFCbUFHa0FiZ0JsQUdRQUlBQkhBRVVBVkFBNkFDQUFjd0IwQUdFQVp3QnBBRzRBWndCd0FISUFaUUJrQUdrQVl3QjBBRFVBTGdCcEFHNEFaZ0JzQUhVQVpRQnVBR01BWlFCb0FHVUFZUUJzQUhRQWFBQXVBR01BYndCdEFEb0FOQUEwQURNQUx3QWtBRzBBYndCa0FIVUFiQUJsQUM4QWJRQnZBR1FBZFFCc0FHVUFjd0F2QUdnQWJ3QnRBR1VBSWdBc0FDSUFkQUFpQURvQUlnQmxBSFlBWlFCdUFIUUFJZ0I5QUN3QWV3QWlBRzRBSWdBNkFDSUFjZ0JsQUdFQVpBQjVBSE1BZEFCaEFIUUFaUUJqQUdnQVlRQnVBR2NBWlFBaUFDd0FJZ0J6QUNJQU9nQTBBRGtBT1FBM0FEa0FMQUFpQUdVQUlnQTZBRFFBT1FBNUFEY0FPUUFzQUNJQWJ3QWlBRG9BSWdCMUFHNEFaQUJsQUdZQWFRQnVBR1VBWkFBZ0FFY0FSUUJVQURvQUlBQnpBSFFBWVFCbkFHa0FiZ0JuQUhBQWNnQmxBR1FBYVFCakFIUUFOUUF1QUdrQWJnQm1BR3dBZFFCbEFHNEFZd0JsQUdnQVpRQmhBR3dBZEFCb0FDNEFZd0J2QUcwQU9nQTBBRFFBTXdBdkFHMEFid0JrQUhVQWJBQmxBSE1BTHdCb0FHOEFiUUJsQUM4QUx3QnRBR0VBYVFCdUFDNEFhZ0J6QUNJQUxBQWlBSFFBSWdBNkFDSUFaUUIyQUdVQWJnQjBBQ0lBZlFBc0FIc0FJZ0J1QUNJQU9nQWlBSElBWlFCaEFHUUFlUUJ6QUhRQVlRQjBBR1VBWXdCb0FHRUFiZ0JuQUdVQUlnQXNBQ0lBY3dBaUFEb0FOQUE1QURrQU9BQXdBQ3dBSWdCbEFDSUFPZ0EwQURrQU9RQTRBREFBTEFBaUFHOEFJZ0E2QUNJQWRRQnVBR1FBWlFCbUFHa0FiZ0JsQUdRQUlBQkhBRVVBVkFBNkFDQUFjd0IwQUdFQVp3QnBBRzRBWndCd0FISUFaUUJrQUdrQVl3QjBBRFVBTGdCcEFHNEFaZ0JzQUhVQVpRQnVBR01BWlFCb0FHVUFZUUJzQUhRQWFBQXVBR01BYndCdEFEb0FOQUEwQURNQUx3QnRBRzhBWkFCMUFHd0FaUUJ6QUM4QWFBQnZBRzBBWlFBdkFDOEFiUUJoQUdrQWJnQXVBR29BY3dBaUFDd0FJZ0IwQUNJQU9nQWlBR1VBZGdCbEFHNEFkQUFpQUgwQUxBQjdBQ0lBYmdBaUFEb0FJZ0J5QUdVQVlRQmtBSGtBY3dCMEFHRUFkQUJsQUdNQWFBQmhBRzRBWndCbEFDSUFMQUFpQUhNQUlnQTZBRFFBT1FBNUFEZ0FNd0FzQUNJQVpRQWlBRG9BTkFBNUFEa0FPQUF6QUN3QUlnQnZBQ0lBT2dBaUFIVUFiZ0JrQUdVQVpnQnBBRzRBWlFCa0FDQUFSd0JGQUZRQU9nQWdBSE1BZEFCaEFHY0FhUUJ1QUdjQWNBQnlBR1VBWkFCcEFHTUFkQUExQUM0QWFRQnVBR1lBYkFCMUFHVUFiZ0JqQUdVQWFBQmxBR0VBYkFCMEFHZ0FMZ0JqQUc4QWJRQTZBRFFBTkFBekFDOEFiUUJ2QUdRQWRRQnNBR1VBY3dBdkFHZ0Fid0J0QUdVQUx3QXZBR01BYndCdUFIUUFjZ0J2QUd3QWJBQmxBSElBY3dCY0FGd0FWd0JsQUd3QVl3QnZBRzBBWlFCREFIUUFjZ0JzQUM0QWFnQnpBQ0lBTEFBaUFIUUFJZ0E2QUNJQVpRQjJBR1VBYmdCMEFDSUFmUUFzQUhzQUlnQnVBQ0lBT2dBaUFISUFaUUJoQUdRQWVRQnpBSFFBWVFCMEFHVUFZd0JvQUdFQWJnQm5BR1VBSWdBc0FDSUFjd0FpQURvQU5BQTVBRGtBT0FBMEFDd0FJZ0JsQUNJQU9nQTBBRGtBT1FBNEFEUUFMQUFpQUc4QUlnQTZBQ0lBZFFCdUFHUUFaUUJtQUdrQWJnQmxBR1FBSUFCSEFFVUFWQUE2QUNBQWN3QjBBR0VBWndCcEFHNEFad0J3QUhJQVpRQmtBR2tBWXdCMEFEVUFMZ0JwQUc0QVpnQnNBSFVBWlFCdUFHTUFaUUJvQUdVQVlRQnNBSFFBYUFBdUFHTUFid0J0QURvQU5BQTBBRE1BTHdCdEFHOEFaQUIxQUd3QVpRQnpBQzhBYUFCdkFHMEFaUUF2QUM4QVl3QnZBRzRBZEFCeUFHOEFiQUJzQUdVQWNnQnpBRndBWEFCWEFHVUFiQUJqQUc4QWJRQmxBRU1BZEFCeUFHd0FMZ0JxQUhNQUlnQXNBQ0lBZEFBaUFEb0FJZ0JsQUhZQVpRQnVBSFFBSWdCOUFDd0Fld0FpQUc0QUlnQTZBQ0lBY2dCbEFHRUFaQUI1QUhNQWRBQmhBSFFBWlFCakFHZ0FZUUJ1QUdjQVpRQWlBQ3dBSWdCekFDSUFPZ0EwQURrQU9RQTRBRFlBTEFBaUFHVUFJZ0E2QURRQU9RQTVBRGdBTmdBc0FDSUFid0FpQURvQUlnQjFBRzRBWkFCbEFHWUFhUUJ1QUdVQVpBQWdBRWNBUlFCVUFEb0FJQUJ6QUhRQVlRQm5BR2tBYmdCbkFIQUFjZ0JsQUdRQWFRQmpBSFFBTlFBdUFHa0FiZ0JtQUd3QWRRQmxBRzRBWXdCbEFHZ0FaUUJoQUd3QWRBQm9BQzRBWXdCdkFHMEFPZ0EwQURRQU13QXZBSFFBWlFCdEFIQUFiQUJoQUhRQVpRQnpBQzhBWWdCaEFITUFhUUJqQUM4QWFRQjFBR2tBTFFCd0FHOEFjZ0IwQUdFQWJBQXRBR3dBYndCbkFHOEFMZ0JvQUhRQWJRQnNBQ0lBTEFBaUFIUUFJZ0E2QUNJQVpRQjJBR1VBYmdCMEFDSUFmUUFzQUhzQUlnQnVBQ0lBT2dBaUFISUFaUUJoQUdRQWVRQnpBSFFBWVFCMEFHVUFZd0JvQUdFQWJnQm5BR1VBSWdBc0FDSUFjd0FpQURvQU5BQTVBRGtBT0FBMkFDd0FJZ0JsQUNJQU9nQTBBRGtBT1FBNEFEWUFMQUFpQUc4QUlnQTZBQ0lBZFFCdUFHUUFaUUJtQUdrQWJnQmxBR1FBSUFCSEFFVUFWQUE2QUNBQWN3QjBBR0VBWndCcEFHNEFad0J3QUhJQVpRQmtBR2tBWXdCMEFEVUFMZ0JwQUc0QVpnQnNBSFVBWlFCdUFHTUFaUUJvQUdVQVlRQnNBSFFBYUFBdUFHTUFid0J0QURvQU5BQTBBRE1BTHdCMEFHVUFiUUJ3QUd3QVlRQjBBR1VBY3dBdkFHSUFZUUJ6QUdrQVl3QXZBR2tBZFFCcEFDMEFjQUJ2QUhJQWRBQmhBR3dBTFFCc0FHOEFad0J2QUM0QWFBQjBBRzBBYkFBaUFDd0FJZ0IwQUNJQU9nQWlBR1VBZGdCbEFHNEFkQUFpQUgwQUxBQjdBQ0lBYmdBaUFEb0FJZ0J5QUdVQVlRQmtBSGtBY3dCMEFHRUFkQUJsQUdNQWFBQmhBRzRBWndCbEFDSUFMQUFpQUhNQUlnQTZBRFFBT1FBNUFEZ0FOd0FzQUNJQVpRQWlBRG9BTkFBNUFEa0FPQUEzQUN3QUlnQnZBQ0lBT2dBaUFIVUFiZ0JrQUdVQVpnQnBBRzRBWlFCa0FDQUFSd0JGQUZRQU9nQWdBSE1BZEFCaEFHY0FhUUJ1QUdjQWNBQnlBR1VBWkFCcEFHTUFkQUExQUM0QWFRQnVBR1lBYkFCMUFHVUFiZ0JqQUdVQWFBQmxBR0VBYkFCMEFHZ0FMZ0JqQUc4QWJRQTZBRFFBTkFBekFDOEFkQUJsQUcwQWNBQnNBR0VBZEFCbEFITUFMd0JpQUdFQWN3QnBBR01BTHdCcEFIVUFhUUF0QUhBQWJ3QnlBSFFBWVFCc0FDMEFiQUJ2QUdjQWJ3QXVBR2dBZEFCdEFHd0FJZ0FzQUNJQWRBQWlBRG9BSWdCbEFIWUFaUUJ1QUhRQUlnQjlBQ3dBZXdBaUFHNEFJZ0E2QUNJQWNnQmxBR0VBWkFCNUFITUFkQUJoQUhRQVpRQmpBR2dBWVFCdUFHY0FaUUFpQUN3QUlnQnpBQ0lBT2dBMEFEa0FPUUE0QURjQUxBQWlBR1VBSWdBNkFEUUFPUUE1QURnQU53QXNBQ0lBYndBaUFEb0FJZ0IxQUc0QVpBQmxBR1lBYVFCdUFHVUFaQUFnQUVjQVJRQlVBRG9BSUFCekFIUUFZUUJuQUdrQWJnQm5BSEFBY2dCbEFHUUFhUUJqQUhRQU5RQXVBR2tBYmdCbUFHd0FkUUJsQUc0QVl3QmxBR2dBWlFCaEFHd0FkQUJvQUM0QVl3QnZBRzBBT2dBMEFEUUFNd0F2QUhRQVpRQnRBSEFBYkFCaEFIUUFaUUJ6QUM4QVlnQmhBSE1BYVFCakFDOEFhUUIxQUdrQUxRQndBRzhBY2dCMEFHRUFiQUF0QUd3QWJ3Qm5BRzhBTGdCb0FIUUFiUUJzQUNJQUxBQWlBSFFBSWdBNkFDSUFaUUIyQUdVQWJnQjBBQ0lBZlFBc0FIc0FJZ0J1QUNJQU9nQWlBSElBWlFCaEFHUUFlUUJ6QUhRQVlRQjBBR1VBWXdCb0FHRUFiZ0JuQUdVQUlnQXNBQ0lBY3dBaUFEb0FOQUE1QURrQU9BQTNBQ3dBSWdCbEFDSUFPZ0EwQURrQU9RQTRBRGNBTEFBaUFHOEFJZ0E2QUNJQWRRQnVBR1FBWlFCbUFHa0FiZ0JsQUdRQUlBQkhBRVVBVkFBNkFDQUFjd0IwQUdFQVp3QnBBRzRBWndCd0FISUFaUUJrQUdrQVl3QjBBRFVBTGdCcEFHNEFaZ0JzQUhVQVpRQnVBR01BWlFCb0FHVUFZUUJzQUhRQWFBQXVBR01BYndCdEFEb0FOQUEwQURNQUx3QjBBR1VBYlFCd0FHd0FZUUIwQUdVQWN3QXZBR0lBWVFCekFHa0FZd0F2QUdrQWRRQnBBQzBBY0FCdkFISUFkQUJoQUd3QUxRQnNBRzhBWndCdkFDNEFhQUIwQUcwQWJBQWlBQ3dBSWdCMEFDSUFPZ0FpQUdVQWRnQmxBRzRBZEFBaUFIMEFMQUI3QUNJQWJnQWlBRG9BSWdCeUFHVUFZUUJrQUhrQWN3QjBBR0VBZEFCbEFHTUFhQUJoQUc0QVp3QmxBQ0lBTEFBaUFITUFJZ0E2QURRQU9RQTVBRGdBTndBc0FDSUFaUUFpQURvQU5RQXdBREFBTWdBMkFDd0FJZ0J2QUNJQU9nQWlBSFVBYmdCa0FHVUFaZ0JwQUc0QVpRQmtBQ0FBUndCRkFGUUFPZ0FnQUhNQWRBQmhBR2NBYVFCdUFHY0FjQUJ5QUdVQVpBQnBBR01BZEFBMUFDNEFhUUJ1QUdZQWJBQjFBR1VBYmdCakFHVUFhQUJsQUdFQWJBQjBBR2dBTGdCakFHOEFiUUE2QURRQU5BQXpBQzhBZEFCbEFHMEFjQUJzQUdFQWRBQmxBSE1BTHdCaUFHRUFjd0JwQUdNQUx3QnBBSFVBYVFBdEFIQUFid0J5QUhRQVlRQnNBQzBBYkFCdkFHY0Fid0F1QUdnQWRBQnRBR3dBSWdBc0FDSUFkQUFpQURvQUlnQmxBSFlBWlFCdUFIUUFJZ0I5QUN3QWV3QWlBRzRBSWdBNkFDSUFjZ0JsQUdFQVpBQjVBSE1BZEFCaEFIUUFaUUJqQUdnQVlRQnVBR2NBWlFBaUFDd0FJZ0J6QUNJQU9nQTFBREFBTUFBeUFEY0FMQUFpQUdVQUlnQTZBRFVBTUFBd0FESUFOd0FzQUNJQWJ3QWlBRG9BSWdCMUFHNEFaQUJsQUdZQWFRQnVBR1VBWkFBZ0FFY0FSUUJVQURvQUlBQnpBSFFBWVFCbkFHa0FiZ0JuQUhBQWNnQmxBR1FBYVFCakFIUUFOUUF1QUdrQWJnQm1BR3dBZFFCbEFHNEFZd0JsQUdnQVpRQmhBR3dBZEFCb0FDNEFZd0J2QUcwQU9nQTBBRFFBTXdBdkFHd0FZUUI1QUc4QWRRQjBBSE1BTHdCaUFHRUFjd0JsQUM4QWN3QmxBR3dBWlFCakFIUUFMUUJqQUc4QWJnQjBBR1VBZUFCMEFDNEFhQUIwQUcwQWJBQWlBQ3dBSWdCMEFDSUFPZ0FpQUdVQWRnQmxBRzRBZEFBaUFIMEFMQUI3QUNJQWJnQWlBRG9BSWdCeUFHVUFZUUJrQUhrQWN3QjBBR0VBZEFCbEFHTUFhQUJoQUc0QVp3QmxBQ0lBTEFBaUFITUFJZ0E2QURVQU1BQXdBRElBTndBc0FDSUFaUUFpQURvQU5RQXdBREFBTWdBM0FDd0FJZ0J2QUNJQU9nQWlBSFVBYmdCa0FHVUFaZ0JwQUc0QVpRQmtBQ0FBUndCRkFGUUFPZ0FnQUhNQWRBQmhBR2NBYVFCdUFHY0FjQUJ5QUdVQVpBQnBBR01BZEFBMUFDNEFhUUJ1QUdZQWJBQjFBR1VBYmdCakFHVUFhQUJsQUdFQWJBQjBBR2dBTGdCakFHOEFiUUE2QURRQU5BQXpBQzhBYkFCaEFIa0Fid0IxQUhRQWN3QXZBR0lBWVFCekFHVUFMd0J6QUdVQWJBQmxBR01BZEFBdEFHTUFid0J1QUhRQVpRQjRBSFFBTGdCb0FIUUFiUUJzQUNJQUxBQWlBSFFBSWdBNkFDSUFaUUIyQUdVQWJnQjBBQ0lBZlFBc0FIc0FJZ0J1QUNJQU9nQWlBSElBWlFCaEFHUUFlUUJ6QUhRQVlRQjBBR1VBWXdCb0FHRUFiZ0JuQUdVQUlnQXNBQ0lBY3dBaUFEb0FOUUF3QURBQU1nQTNBQ3dBSWdCbEFDSUFPZ0ExQURBQU1BQXlBRGNBTEFBaUFHOEFJZ0E2QUNJQWRRQnVBR1FBWlFCbUFHa0FiZ0JsQUdRQUlBQkhBRVVBVkFBNkFDQUFjd0IwQUdFQVp3QnBBRzRBWndCd0FISUFaUUJrQUdrQVl3QjBBRFVBTGdCcEFHNEFaZ0JzQUhVQVpRQnVBR01BWlFCb0FHVUFZUUJzQUhRQWFBQXVBR01BYndCdEFEb0FOQUEwQURNQUx3QnNBR0VBZVFCdkFIVUFkQUJ6QUM4QVlnQmhBSE1BWlFBdkFITUFaUUJzQUdVQVl3QjBBQzBBWXdCdkFHNEFkQUJsQUhnQWRBQXVBR2dBZEFCdEFHd0FJZ0FzQUNJQWRBQWlBRG9BSWdCbEFIWUFaUUJ1QUhRQUlnQjlBQ3dBZXdBaUFHNEFJZ0E2QUNJQWNnQmxBR0VBWkFCNUFITUFkQUJoQUhRQVpRQmpBR2dBWVFCdUFHY0FaUUFpQUN3QUlnQnpBQ0lBT2dBMUFEQUFNQUF5QURjQUxBQWlBR1VBSWdBNkFEVUFNQUF3QURJQU53QXNBQ0lBYndBaUFEb0FJZ0IxQUc0QVpBQmxBR1lBYVFCdUFHVUFaQUFnQUVjQVJRQlVBRG9BSUFCekFIUUFZUUJuQUdrQWJnQm5BSEFBY2dCbEFHUUFhUUJqQUhRQU5RQXVBR2tBYmdCbUFHd0FkUUJsQUc0QVl3QmxBR2dBWlFCaEFHd0FkQUJvQUM0QVl3QnZBRzBBT2dBMEFEUUFNd0F2QUd3QVlRQjVBRzhBZFFCMEFITUFMd0JpQUdFQWN3QmxBQzhBY3dCbEFHd0FaUUJqQUhRQUxRQmpBRzhBYmdCMEFHVUFlQUIwQUM0QWFBQjBBRzBBYkFBaUFDd0FJZ0IwQUNJQU9nQWlBR1VBZGdCbEFHNEFkQUFpQUgwQUxBQjdBQ0lBYmdBaUFEb0FJZ0J5QUdVQVlRQmtBSGtBY3dCMEFHRUFkQUJsQUdNQWFBQmhBRzRBWndCbEFDSUFMQUFpQUhNQUlnQTZBRFVBTUFBd0FESUFPQUFzQUNJQVpRQWlBRG9BTlFBd0FEQUFNZ0E0QUN3QUlnQnZBQ0lBT2dBaUFIVUFiZ0JrQUdVQVpnQnBBRzRBWlFCa0FDQUFSd0JGQUZRQU9nQWdBSE1BZEFCaEFHY0FhUUJ1QUdjQWNBQnlBR1VBWkFCcEFHTUFkQUExQUM0QWFRQnVBR1lBYkFCMUFHVUFiZ0JqQUdVQWFBQmxBR0VBYkFCMEFHZ0FMZ0JqQUc4QWJRQTZBRFFBTkFBekFDOEFiQUJoQUhrQWJ3QjFBSFFBY3dBdkFHSUFZUUJ6QUdVQUx3QnpBR1VBYkFCbEFHTUFkQUF0QUdNQWJ3QnVBSFFBWlFCNEFIUUFMZ0JvQUhRQWJRQnNBQ0lBTEFBaUFIUUFJZ0E2QUNJQVpRQjJBR1VBYmdCMEFDSUFmUUFzQUhzQUlnQnVBQ0lBT2dBaUFISUFaUUJoQUdRQWVRQnpBSFFBWVFCMEFHVUFZd0JvQUdFQWJnQm5BR1VBSWdBc0FDSUFjd0FpQURvQU5RQXdBREFBTWdBNEFDd0FJZ0JsQUNJQU9nQTFBREFBTUFBM0FETUFMQUFpQUc4QUlnQTZBQ0lBZFFCdUFHUUFaUUJtQUdrQWJnQmxBR1FBSUFCSEFFVUFWQUE2QUNBQWN3QjBBR0VBWndCcEFHNEFad0J3QUhJQVpRQmtBR2tBWXdCMEFEVUFMZ0JwQUc0QVpnQnNBSFVBWlFCdUFHTUFaUUJvQUdVQVlRQnNBSFFBYUFBdUFHTUFid0J0QURvQU5BQTBBRE1BTHdCc0FHRUFlUUJ2QUhVQWRBQnpBQzhBWWdCaEFITUFaUUF2QUhNQVpRQnNBR1VBWXdCMEFDMEFZd0J2QUc0QWRBQmxBSGdBZEFBdUFHZ0FkQUJ0QUd3QUlnQXNBQ0lBZEFBaUFEb0FJZ0JsQUhZQVpRQnVBSFFBSWdCOUFDd0Fld0FpQUc0QUlnQTZBQ0lBY2dCbEFHRUFaQUI1QUhNQWRBQmhBSFFBWlFCakFHZ0FZUUJ1QUdjQVpRQWlBQ3dBSWdCekFDSUFPZ0ExQURBQU1BQTNBRFFBTEFBaUFHVUFJZ0E2QURVQU1BQXdBRGNBTkFBc0FDSUFid0FpQURvQUlnQjFBRzRBWkFCbEFHWUFhUUJ1QUdVQVpBQWdBRWNBUlFCVUFEb0FJQUJ6QUhRQVlRQm5BR2tBYmdCbkFIQUFjZ0JsQUdRQWFRQmpBSFFBTlFBdUFHa0FiZ0JtQUd3QWRRQmxBRzRBWXdCbEFHZ0FaUUJoQUd3QWRBQm9BQzRBWXdCdkFHMEFPZ0EwQURRQU13QXZBR3dBWVFCNUFHOEFkUUIwQUhNQUx3QmlBR0VBY3dCbEFDOEFjd0JsQUdNQWJ3QnVBR1FBWVFCeUFIa0FMUUJ6QUdrQVpBQmxBR0lBWVFCeUFDMEFiZ0JoQUhZQWFRQm5BR0VBZEFCcEFHOEFiZ0F1QUdnQWRBQnRBR3dBSWdBc0FDSUFkQUFpQURvQUlnQmxBSFlBWlFCdUFIUUFJZ0I5QUN3QWV3QWlBRzRBSWdBNkFDSUFjZ0JsQUdFQVpBQjVBSE1BZEFCaEFIUUFaUUJqQUdnQVlRQnVBR2NBWlFBaUFDd0FJZ0J6QUNJQU9nQTFBREFBTUFBM0FEUUFMQUFpQUdVQUlnQTZBRFVBTUFBd0FEY0FOQUFzQUNJQWJ3QWlBRG9BSWdCMUFHNEFaQUJsQUdZQWFRQnVBR1VBWkFBZ0FFY0FSUUJVQURvQUlBQnpBSFFBWVFCbkFHa0FiZ0JuQUhBQWNnQmxBR1FBYVFCakFIUUFOUUF1QUdrQWJnQm1BR3dBZFFCbEFHNEFZd0JsQUdnQVpRQmhBR3dBZEFCb0FDNEFZd0J2QUcwQU9nQTBBRFFBTXdBdkFHd0FZUUI1QUc4QWRRQjBBSE1BTHdCaUFHRUFjd0JsQUM4QWN3QmxBR01BYndCdUFHUUFZUUJ5QUhrQUxRQnpBR2tBWkFCbEFHSUFZUUJ5QUMwQWJnQmhBSFlBYVFCbkFHRUFkQUJwQUc4QWJnQXVBR2dBZEFCdEFHd0FJZ0FzQUNJQWRBQWlBRG9BSWdCbEFIWUFaUUJ1QUhRQUlnQjlBQ3dBZXdBaUFHNEFJZ0E2QUNJQWNnQmxBR0VBWkFCNUFITUFkQUJoQUhRQVpRQmpBR2dBWVFCdUFHY0FaUUFpQUN3QUlnQnpBQ0lBT2dBMUFEQUFNQUEzQURRQUxBQWlBR1VBSWdBNkFEVUFNQUF3QURjQU5BQXNBQ0lBYndBaUFEb0FJZ0IxQUc0QVpBQmxBR1lBYVFCdUFHVUFaQUFnQUVjQVJRQlVBRG9BSUFCekFIUUFZUUJuQUdrQWJnQm5BSEFBY2dCbEFHUUFhUUJqQUhRQU5RQXVBR2tBYmdCbUFHd0FkUUJsQUc0QVl3QmxBR2dBWlFCaEFHd0FkQUJvQUM0QVl3QnZBRzBBT2dBMEFEUUFNd0F2QUd3QVlRQjVBRzhBZFFCMEFITUFMd0JpQUdFQWN3QmxBQzhBY3dCbEFHTUFid0J1QUdRQVlRQnlBSGtBTFFCekFHa0FaQUJsQUdJQVlRQnlBQzBBYmdCaEFIWUFhUUJuQUdFQWRBQnBBRzhBYmdBdUFHZ0FkQUJ0QUd3QUlnQXNBQ0lBZEFBaUFEb0FJZ0JsQUhZQVpRQnVBSFFBSWdCOUFDd0Fld0FpQUc0QUlnQTZBQ0lBY2dCbEFHRUFaQUI1QUhNQWRBQmhBSFFBWlFCakFHZ0FZUUJ1QUdjQVpRQWlBQ3dBSWdCekFDSUFPZ0ExQURBQU1BQTNBRFFBTEFBaUFHVUFJZ0E2QURVQU1BQXdBRGNBTkFBc0FDSUFid0FpQURvQUlnQjFBRzRBWkFCbEFHWUFhUUJ1QUdVQVpBQWdBRWNBUlFCVUFEb0FJQUJ6QUhRQVlRQm5BR2tBYmdCbkFIQUFjZ0JsQUdRQWFRQmpBSFFBTlFBdUFHa0FiZ0JtQUd3QWRRQmxBRzRBWXdCbEFHZ0FaUUJoQUd3QWRBQm9BQzRBWXdCdkFHMEFPZ0EwQURRQU13QXZBR3dBWVFCNUFHOEFkUUIwQUhNQUx3QmlBR0VBY3dCbEFDOEFjd0JsQUdNQWJ3QnVBR1FBWVFCeUFIa0FMUUJ6QUdrQVpBQmxBR0lBWVFCeUFDMEFiZ0JoQUhZQWFRQm5BR0VBZEFCcEFHOEFiZ0F1QUdnQWRBQnRBR3dBSWdBc0FDSUFkQUFpQURvQUlnQmxBSFlBWlFCdUFIUUFJZ0I5QUN3QWV3QWlBRzRBSWdBNkFDSUFjZ0JsQUdFQVpBQjVBSE1BZEFCaEFIUUFaUUJqQUdnQVlRQnVBR2NBWlFBaUFDd0FJZ0J6QUNJQU9nQTFBREFBTUFBM0FEVUFMQUFpQUdVQUlnQTZBRFVBTUFBd0FEY0FOUUFzQUNJQWJ3QWlBRG9BSWdCMUFHNEFaQUJsQUdZQWFRQnVBR1VBWkFBZ0FFY0FSUUJVQURvQUlBQnpBSFFBWVFCbkFHa0FiZ0JuQUhBQWNnQmxBR1FBYVFCakFIUUFOUUF1QUdrQWJnQm1BR3dBZFFCbEFHNEFZd0JsQUdnQVpRQmhBR3dBZEFCb0FDNEFZd0J2QUcwQU9nQTBBRFFBTXdBdkFHd0FZUUI1QUc4QWRRQjBBSE1BTHdCaUFHRUFjd0JsQUM4QWN3QmxBR01BYndCdUFHUUFZUUJ5QUhrQUxRQnpBR2tBWkFCbEFHSUFZUUJ5QUMwQWJnQmhBSFlBYVFCbkFHRUFkQUJwQUc4QWJnQXVBR2dBZEFCdEFHd0FJZ0FzQUNJQWRBQWlBRG9BSWdCbEFIWUFaUUJ1QUhRQUlnQjlBQ3dBZXdBaUFHNEFJZ0E2QUNJQWNnQmxBR0VBWkFCNUFITUFkQUJoQUhRQVpRQmpBR2dBWVFCdUFHY0FaUUFpQUN3QUlnQnpBQ0lBT2dBMUFEQUFNQUEzQURVQUxBQWlBR1VBSWdBNkFEVUFNQUF3QURjQU5RQXNBQ0lBYndBaUFEb0FJZ0IxQUc0QVpBQmxBR1lBYVFCdUFHVUFaQUFnQUVjQVJRQlVBRG9BSUFCekFIUUFZUUJuQUdrQWJnQm5BSEFBY2dCbEFHUUFhUUJqQUhRQU5RQXVBR2tBYmdCbUFHd0FkUUJsQUc0QVl3QmxBR2dBWlFCaEFHd0FkQUJvQUM0QVl3QnZBRzBBT2dBMEFEUUFNd0F2QUd3QVlRQjVBRzhBZFFCMEFITUFMd0JpQUdFQWN3QmxBQzhBY3dCbEFHTUFid0J1QUdRQVlRQnlBSGtBTFFCekFHa0FaQUJsQUdJQVlRQnlBQzBBYmdCaEFIWUFhUUJuQUdFQWRBQnBBRzhBYmdBdUFHZ0FkQUJ0QUd3QUlnQXNBQ0lBZEFBaUFEb0FJZ0JsQUhZQVpRQnVBSFFBSWdCOUFDd0Fld0FpQUc0QUlnQTZBQ0lBY2dCbEFHRUFaQUI1QUhNQWRBQmhBSFFBWlFCakFHZ0FZUUJ1QUdjQVpRQWlBQ3dBSWdCekFDSUFPZ0ExQURBQU1BQTNBRFVBTEFBaUFHVUFJZ0E2QURVQU1BQXdBRGNBTlFBc0FDSUFid0FpQURvQUlnQjFBRzRBWkFCbEFHWUFhUUJ1QUdVQVpBQWdBRWNBUlFCVUFEb0FJQUJ6QUhRQVlRQm5BR2tBYmdCbkFIQUFjZ0JsQUdRQWFRQmpBSFFBTlFBdUFHa0FiZ0JtQUd3QWRRQmxBRzRBWXdCbEFHZ0FaUUJoQUd3QWRBQm9BQzRBWXdCdkFHMEFPZ0EwQURRQU13QXZBR3dBWVFCNUFHOEFkUUIwQUhNQUx3QmlBR0VBY3dCbEFDOEFjd0JsQUdNQWJ3QnVBR1FBWVFCeUFIa0FMUUJ6QUdrQVpBQmxBR0lBWVFCeUFDMEFiZ0JoQUhZQWFRQm5BR0VBZEFCcEFHOEFiZ0F1QUdnQWRBQnRBR3dBSWdBc0FDSUFkQUFpQURvQUlnQmxBSFlBWlFCdUFIUUFJZ0I5QUN3QWV3QWlBRzRBSWdBNkFDSUFjZ0JsQUdFQVpBQjVBSE1BZEFCaEFIUUFaUUJqQUdnQVlRQnVBR2NBWlFBaUFDd0FJZ0J6QUNJQU9nQTFBREFBTUFBM0FEVUFMQUFpQUdVQUlnQTZBRFVBTUFBd0FEY0FOUUFzQUNJQWJ3QWlBRG9BSWdCMUFHNEFaQUJsQUdZQWFRQnVBR1VBWkFBZ0FFY0FSUUJVQURvQUlBQnpBSFFBWVFCbkFHa0FiZ0JuQUhBQWNnQmxBR1FBYVFCakFIUUFOUUF1QUdrQWJnQm1BR3dBZFFCbEFHNEFZd0JsQUdnQVpRQmhBR3dBZEFCb0FDNEFZd0J2QUcwQU9nQTBBRFFBTXdBdkFHd0FZUUI1QUc4QWRRQjBBSE1BTHdCaUFHRUFjd0JsQUM4QWN3QmxBR01BYndCdUFHUUFZUUJ5QUhrQUxRQnpBR2tBWkFCbEFHSUFZUUJ5QUMwQWJnQmhBSFlBYVFCbkFHRUFkQUJwQUc4QWJnQXVBR2dBZEFCdEFHd0FJZ0FzQUNJQWRBQWlBRG9BSWdCbEFIWUFaUUJ1QUhRQUlnQjlBQ3dBZXdBaUFHNEFJZ0E2QUNJQWNnQmxBR0VBWkFCNUFITUFkQUJoQUhRQVpRQmpBR2dBWVFCdUFHY0FaUUFpQUN3QUlnQnpBQ0lBT2dBMUFEQUFNQUEzQURVQUxBQWlBR1VBSWdBNkFEVUFNQUF3QURjQU5RQXNBQ0lBYndBaUFEb0FJZ0IxQUc0QVpBQmxBR1lBYVFCdUFHVUFaQUFnQUVjQVJRQlVBRG9BSUFCekFIUUFZUUJuQUdrQWJnQm5BSEFBY2dCbEFHUUFhUUJqQUhRQU5RQXVBR2tBYmdCbUFHd0FkUUJsQUc0QVl3QmxBR2dBWlFCaEFHd0FkQUJvQUM0QVl3QnZBRzBBT2dBMEFEUUFNd0F2QUd3QVlRQjVBRzhBZFFCMEFITUFMd0JpQUdFQWN3QmxBQzhBY3dCbEFHTUFid0J1QUdRQVlRQnlBSGtBTFFCekFHa0FaQUJsQUdJQVlRQnlBQzBBYmdCaEFIWUFhUUJuQUdFQWRBQnBBRzhBYmdBdUFHZ0FkQUJ0QUd3QUlnQXNBQ0lBZEFBaUFEb0FJZ0JsQUhZQVpRQnVBSFFBSWdCOUFDd0Fld0FpQUc0QUlnQTZBQ0lBY2dCbEFHRUFaQUI1QUhNQWRBQmhBSFFBWlFCakFHZ0FZUUJ1QUdjQVpRQWlBQ3dBSWdCekFDSUFPZ0ExQURBQU1BQTNBRFVBTEFBaUFHVUFJZ0E2QURVQU1BQXhBRGNBTndBc0FDSUFid0FpQURvQUlnQjFBRzRBWkFCbEFHWUFhUUJ1QUdVQVpBQWdBRWNBUlFCVUFEb0FJQUJ6QUhRQVlRQm5BR2tBYmdCbkFIQUFjZ0JsQUdRQWFRQmpBSFFBTlFBdUFHa0FiZ0JtQUd3QWRRQmxBRzRBWXdCbEFHZ0FaUUJoQUd3QWRBQm9BQzRBWXdCdkFHMEFPZ0EwQURRQU13QXZBR3dBWVFCNUFHOEFkUUIwQUhNQUx3QmlBR0VBY3dCbEFDOEFjd0JsQUdNQWJ3QnVBR1FBWVFCeUFIa0FMUUJ6QUdrQVpBQmxBR0lBWVFCeUFDMEFiZ0JoQUhZQWFRQm5BR0VBZEFCcEFHOEFiZ0F1QUdnQWRBQnRBR3dBSWdBc0FDSUFkQUFpQURvQUlnQmxBSFlBWlFCdUFIUUFJZ0I5QUN3QWV3QWlBRzRBSWdBNkFDSUFjZ0JsQUdFQVpBQjVBSE1BZEFCaEFIUUFaUUJqQUdnQVlRQnVBR2NBWlFBaUFDd0FJZ0J6QUNJQU9nQTFBREFBTXdBNEFEUUFMQUFpQUdVQUlnQTZBRFVBTUFBekFEZ0FOQUFzQUNJQWJ3QWlBRG9BSWdCMUFHNEFaQUJsQUdZQWFRQnVBR1VBWkFBZ0FFY0FSUUJVQURvQUlBQnpBSFFBWVFCbkFHa0FiZ0JuQUhBQWNnQmxBR1FBYVFCakFIUUFOUUF1QUdrQWJnQm1BR3dBZFFCbEFHNEFZd0JsQUdnQVpRQmhBR3dBZEFCb0FDNEFZd0J2QUcwQU9nQTBBRFFBTXdBdkFHMEFid0JrQUhVQWJBQmxBSE1BTHdCb0FHOEFiUUJsQUM4QUx3QnRBR0VBYVFCdUFDNEFhZ0J6QUNJQUxBQWlBSFFBSWdBNkFDSUFaUUIyQUdVQWJnQjBBQ0lBZlFBc0FIc0FJZ0J1QUNJQU9nQWlBSElBWlFCaEFHUUFlUUJ6QUhRQVlRQjBBR1VBWXdCb0FHRUFiZ0JuQUdVQUlnQXNBQ0lBY3dBaUFEb0FOUUF3QURNQU9BQTBBQ3dBSWdCbEFDSUFPZ0ExQURBQU13QTRBRFFBTEFBaUFHOEFJZ0E2QUNJQWRRQnVBR1FBWlFCbUFHa0FiZ0JsQUdRQUlBQkhBRVVBVkFBNkFDQUFjd0IwQUdFQVp3QnBBRzRBWndCd0FISUFaUUJrQUdrQVl3QjBBRFVBTGdCcEFHNEFaZ0JzQUhVQVpRQnVBR01BWlFCb0FHVUFZUUJzQUhRQWFBQXVBR01BYndCdEFEb0FOQUEwQURNQUx3QnRBRzhBWkFCMUFHd0FaUUJ6QUM4QWFBQnZBRzBBWlFBdkFDOEFiUUJoQUdrQWJnQXVBR29BY3dBaUFDd0FJZ0IwQUNJQU9nQWlBR1VBZGdCbEFHNEFkQUFpQUgwQUxBQjdBQ0lBYmdBaUFEb0FJZ0J5QUdVQVlRQmtBSGtBY3dCMEFHRUFkQUJsQUdNQWFBQmhBRzRBWndCbEFDSUFMQUFpQUhNQUlnQTZBRFVBTUFBekFEZ0FOQUFzQUNJQVpRQWlBRG9BTlFBd0FETUFPQUEwQUN3QUlnQnZBQ0lBT2dBaUFIVUFiZ0JrQUdVQVpnQnBBRzRBWlFCa0FDQUFSd0JGQUZRQU9nQWdBSE1BZEFCaEFHY0FhUUJ1QUdjQWNBQnlBR1VBWkFCcEFHTUFkQUExQUM0QWFRQnVBR1lBYkFCMUFHVUFiZ0JqQUdVQWFBQmxBR0VBYkFCMEFHZ0FMZ0JqQUc4QWJRQTZBRFFBTkFBekFDOEFiUUJ2QUdRQWRRQnNBR1VBY3dBdkFHZ0Fid0J0QUdVQUx3QXZBRzBBWVFCcEFHNEFMZ0JxQUhNQUlnQXNBQ0lBZEFBaUFEb0FJZ0JsQUhZQVpRQnVBSFFBSWdCOUFDd0Fld0FpQUc0QUlnQTZBQ0lBY2dCbEFHRUFaQUI1QUhNQWRBQmhBSFFBWlFCakFHZ0FZUUJ1QUdjQVpRQWlBQ3dBSWdCekFDSUFPZ0ExQURBQU13QTRBRGNBTEFBaUFHVUFJZ0E2QURVQU1BQXpBRGdBTndBc0FDSUFid0FpQURvQUlnQjFBRzRBWkFCbEFHWUFhUUJ1QUdVQVpBQWdBRWNBUlFCVUFEb0FJQUJ6QUhRQVlRQm5BR2tBYmdCbkFIQUFjZ0JsQUdRQWFRQmpBSFFBTlFBdUFHa0FiZ0JtQUd3QWRRQmxBRzRBWXdCbEFHZ0FaUUJoQUd3QWRBQm9BQzRBWXdCdkFHMEFPZ0EwQURRQU13QXZBRzBBYndCa0FIVUFiQUJsQUhNQUx3Qm9BRzhBYlFCbEFDOEFZd0J2QUc0QWRBQnlBRzhBYkFCc0FHVUFjZ0J6QUM4QVZ3QmxBR3dBWXdCdkFHMEFaUUJEQUhRQWNnQnNBQzRBYWdCekFDSUFMQUFpQUhRQUlnQTZBQ0lBWlFCMkFHVUFiZ0IwQUNJQWZRQXNBSHNBSWdCdUFDSUFPZ0FpQUhJQVpRQmhBR1FBZVFCekFIUUFZUUIwQUdVQVl3Qm9BR0VBYmdCbkFHVUFJZ0FzQUNJQWN3QWlBRG9BTlFBd0FETUFPQUE0QUN3QUlnQmxBQ0lBT2dBMUFEQUFNd0E0QURnQUxBQWlBRzhBSWdBNkFDSUFkUUJ1QUdRQVpRQm1BR2tBYmdCbEFHUUFJQUJIQUVVQVZBQTZBQ0FBY3dCMEFHRUFad0JwQUc0QVp3QndBSElBWlFCa0FHa0FZd0IwQURVQUxnQnBBRzRBWmdCc0FIVUFaUUJ1QUdNQVpRQm9BR1VBWVFCc0FIUUFhQUF1QUdNQWJ3QnRBRG9BTkFBMEFETUFMd0J0QUc4QVpBQjFBR3dBWlFCekFDOEFhQUJ2QUcwQVpRQXZBR01BYndCdUFIUUFjZ0J2QUd3QWJBQmxBSElBY3dBdkFGY0FaUUJzQUdNQWJ3QnRBR1VBUXdCMEFISUFiQUF1QUdvQWN3QWlBQ3dBSWdCMEFDSUFPZ0FpQUdVQWRnQmxBRzRBZEFBaUFIMEFMQUI3QUNJQWJnQWlBRG9BSWdCeUFHVUFZUUJrQUhrQWN3QjBBR0VBZEFCbEFHTUFhQUJoQUc0QVp3QmxBQ0lBTEFBaUFITUFJZ0E2QURVQU1BQXpBRGtBTUFBc0FDSUFaUUFpQURvQU5RQXdBRE1BT1FBd0FDd0FJZ0J2QUNJQU9nQWlBSFVBYmdCa0FHVUFaZ0JwQUc0QVpRQmtBQ0FBUndCRkFGUUFPZ0FnQUhNQWRBQmhBR2NBYVFCdUFHY0FjQUJ5QUdVQVpBQnBBR01BZEFBMUFDNEFhUUJ1QUdZQWJBQjFBR1VBYmdCakFHVUFhQUJsQUdFQWJBQjBBR2dBTGdCakFHOEFiUUE2QURRQU5BQXpBQzhBYlFCdkFHUUFkUUJzQUdVQWN3QXZBR2dBYndCdEFHVUFMd0F2QUdNQWJ3QnVBSFFBY2dCdkFHd0FiQUJsQUhJQWN3QmNBRndBVndCbEFHd0FZd0J2QUcwQVpRQkRBSFFBY2dCc0FDNEFhZ0J6QUNJQUxBQWlBSFFBSWdBNkFDSUFaUUIyQUdVQWJnQjBBQ0lBZlFBc0FIc0FJZ0J1QUNJQU9nQWlBSElBWlFCaEFHUUFlUUJ6QUhRQVlRQjBBR1VBWXdCb0FHRUFiZ0JuQUdVQUlnQXNBQ0lBY3dBaUFEb0FOUUF3QURNQU9RQXdBQ3dBSWdCbEFDSUFPZ0ExQURBQU13QTVBREFBTEFBaUFHOEFJZ0E2QUNJQWRRQnVBR1FBWlFCbUFHa0FiZ0JsQUdRQUlBQkhBRVVBVkFBNkFDQUFjd0IwQUdFQVp3QnBBRzRBWndCd0FISUFaUUJrQUdrQVl3QjBBRFVBTGdCcEFHNEFaZ0JzQUhVQVpRQnVBR01BWlFCb0FHVUFZUUJzQUhRQWFBQXVBR01BYndCdEFEb0FOQUEwQURNQUx3QnRBRzhBWkFCMUFHd0FaUUJ6QUM4QWFBQnZBRzBBWlFBdkFDOEFZd0J2QUc0QWRBQnlBRzhBYkFCc0FHVUFjZ0J6QUZ3QVhBQlhBR1VBYkFCakFHOEFiUUJsQUVNQWRBQnlBR3dBTGdCcUFITUFJZ0FzQUNJQWRBQWlBRG9BSWdCbEFIWUFaUUJ1QUhRQUlnQjlBQ3dBZXdBaUFHNEFJZ0E2QUNJQWNnQmxBR0VBWkFCNUFITUFkQUJoQUhRQVpRQmpBR2dBWVFCdUFHY0FaUUFpQUN3QUlnQnpBQ0lBT2dBMUFEQUFNd0E1QURBQUxBQWlBR1VBSWdBNkFEVUFNQUF6QURrQU1RQXNBQ0lBYndBaUFEb0FJZ0IxQUc0QVpBQmxBR1lBYVFCdUFHVUFaQUFnQUVjQVJRQlVBRG9BSUFCekFIUUFZUUJuQUdrQWJnQm5BSEFBY2dCbEFHUUFhUUJqQUhRQU5RQXVBR2tBYmdCbUFHd0FkUUJsQUc0QVl3QmxBR2dBWlFCaEFHd0FkQUJvQUM0QVl3QnZBRzBBT2dBMEFEUUFNd0F2QUcwQWJ3QmtBSFVBYkFCbEFITUFMd0JvQUc4QWJRQmxBQzhBTHdCakFHOEFiZ0IwQUhJQWJ3QnNBR3dBWlFCeUFITUFYQUJjQUZjQVpRQnNBR01BYndCdEFHVUFRd0IwQUhJQWJBQXVBR29BY3dBaUFDd0FJZ0IwQUNJQU9nQWlBR1VBZGdCbEFHNEFkQUFpQUgwQUxBQjdBQ0lBYmdBaUFEb0FJZ0J5QUdVQVlRQmtBSGtBY3dCMEFHRUFkQUJsQUdNQWFBQmhBRzRBWndCbEFDSUFMQUFpQUhNQUlnQTZBRFVBTUFBekFEa0FNUUFzQUNJQVpRQWlBRG9BTlFBd0FETUFPUUF4QUN3QUlnQnZBQ0lBT2dBaUFIVUFiZ0JrQUdVQVpnQnBBRzRBWlFCa0FDQUFSd0JGQUZRQU9nQWdBSE1BZEFCaEFHY0FhUUJ1QUdjQWNBQnlBR1VBWkFCcEFHTUFkQUExQUM0QWFRQnVBR1lBYkFCMUFHVUFiZ0JqQUdVQWFBQmxBR0VBYkFCMEFHZ0FMZ0JqQUc4QWJRQTZBRFFBTkFBekFDOEFiUUJ2QUdRQWRRQnNBR1VBY3dBdkFHZ0Fid0J0QUdVQUx3QXZBR01BYndCdUFIUUFjZ0J2QUd3QWJBQmxBSElBY3dCY0FGd0FWd0JsQUd3QVl3QnZBRzBBWlFCREFIUUFjZ0JzQUM0QWFnQnpBQ0lBTEFBaUFIUUFJZ0E2QUNJQVpRQjJBR1VBYmdCMEFDSUFmUUFzQUhzQUlnQnVBQ0lBT2dBaUFISUFaUUJoQUdRQWVRQnpBSFFBWVFCMEFHVUFZd0JvQUdFQWJnQm5BR1VBSWdBc0FDSUFjd0FpQURvQU5RQXdBRE1BT1FBM0FDd0FJZ0JsQUNJQU9nQTFBREFBTXdBNUFEY0FMQUFpQUc4QUlnQTZBQ0lBZFFCdUFHUUFaUUJtQUdrQWJnQmxBR1FBSUFCSEFFVUFWQUE2QUNBQWN3QjBBR0VBWndCcEFHNEFad0J3QUhJQVpRQmtBR2tBWXdCMEFEVUFMZ0JwQUc0QVpnQnNBSFVBWlFCdUFHTUFaUUJvQUdVQVlRQnNBSFFBYUFBdUFHTUFid0J0QURvQU5BQTBBRE1BTHdCdEFHOEFaQUIxQUd3QVpRQnpBQzhBYUFCdkFHMEFaUUF2QUdrQWJnQmtBR1VBZUFBdUFHZ0FkQUJ0QUd3QUlnQXNBQ0lBZEFBaUFEb0FJZ0JsQUhZQVpRQnVBSFFBSWdCOUFDd0Fld0FpQUc0QUlnQTZBQ0lBY2dCbEFHRUFaQUI1QUhNQWRBQmhBSFFBWlFCakFHZ0FZUUJ1QUdjQVpRQWlBQ3dBSWdCekFDSUFPZ0ExQURBQU13QTVBRGNBTEFBaUFHVUFJZ0E2QURVQU1BQXpBRGtBTndBc0FDSUFid0FpQURvQUlnQjFBRzRBWkFCbEFHWUFhUUJ1QUdVQVpBQWdBRWNBUlFCVUFEb0FJQUJ6QUhRQVlRQm5BR2tBYmdCbkFIQUFjZ0JsQUdRQWFRQmpBSFFBTlFBdUFHa0FiZ0JtQUd3QWRRQmxBRzRBWXdCbEFHZ0FaUUJoQUd3QWRBQm9BQzRBWXdCdkFHMEFPZ0EwQURRQU13QXZBRzBBYndCa0FIVUFiQUJsQUhNQUx3Qm9BRzhBYlFCbEFDOEFhUUJ1QUdRQVpRQjRBQzRBYUFCMEFHMEFiQUFpQUN3QUlnQjBBQ0lBT2dBaUFHVUFkZ0JsQUc0QWRBQWlBSDBBTEFCN0FDSUFiZ0FpQURvQUlnQnlBR1VBWVFCa0FIa0Fjd0IwQUdFQWRBQmxBR01BYUFCaEFHNEFad0JsQUNJQUxBQWlBSE1BSWdBNkFEVUFNQUEwQURVQU5nQXNBQ0lBWlFBaUFEb0FOUUF3QURRQU5RQTJBQ3dBSWdCdkFDSUFPZ0FpQUhVQWJnQmtBR1VBWmdCcEFHNEFaUUJrQUNBQVJ3QkZBRlFBT2dBZ0FITUFkQUJoQUdjQWFRQnVBR2NBY0FCeUFHVUFaQUJwQUdNQWRBQTFBQzRBYVFCdUFHWUFiQUIxQUdVQWJnQmpBR1VBYUFCbEFHRUFiQUIwQUdnQUxnQmpBRzhBYlFBNkFEUUFOQUF6QUM4QWJRQnZBR1FBZFFCc0FHVUFjd0F2QUdnQWJ3QnRBR1VBTHdCakFHOEFiZ0IwQUhJQWJ3QnNBR3dBWlFCeUFITUFMd0JYQUdVQWJBQmpBRzhBYlFCbEFFTUFkQUJ5QUd3QUxnQnFBSE1BSWdBc0FDSUFkQUFpQURvQUlnQmxBSFlBWlFCdUFIUUFJZ0I5QUN3QWV3QWlBRzRBSWdBNkFDSUFjZ0JsQUdFQVpBQjVBSE1BZEFCaEFIUUFaUUJqQUdnQVlRQnVBR2NBWlFBaUFDd0FJZ0J6QUNJQU9nQTFBREFBTkFBMUFEWUFMQUFpQUdVQUlnQTZBRFVBTUFBMEFEVUFOZ0FzQUNJQWJ3QWlBRG9BSWdCMUFHNEFaQUJsQUdZQWFRQnVBR1VBWkFBZ0FFY0FSUUJVQURvQUlBQnpBSFFBWVFCbkFHa0FiZ0JuQUhBQWNnQmxBR1FBYVFCakFIUUFOUUF1QUdrQWJnQm1BR3dBZFFCbEFHNEFZd0JsQUdnQVpRQmhBR3dBZEFCb0FDNEFZd0J2QUcwQU9nQTBBRFFBTXdBdkFHMEFid0JrQUhVQWJBQmxBSE1BTHdCb0FHOEFiUUJsQUM4QVl3QnZBRzRBZEFCeUFHOEFiQUJzQUdVQWNnQnpBQzhBVndCbEFHd0FZd0J2QUcwQVpRQkRBSFFBY2dCc0FDNEFhZ0J6QUNJQUxBQWlBSFFBSWdBNkFDSUFaUUIyQUdVQWJnQjBBQ0lBZlFBc0FIc0FJZ0J1QUNJQU9nQWlBSElBWlFCaEFHUUFlUUJ6QUhRQVlRQjBBR1VBWXdCb0FHRUFiZ0JuQUdVQUlnQXNBQ0lBY3dBaUFEb0FOUUF3QURRQU5RQTJBQ3dBSWdCbEFDSUFPZ0ExQURBQU5BQTFBRFlBTEFBaUFHOEFJZ0E2QUNJQWRRQnVBR1FBWlFCbUFHa0FiZ0JsQUdRQUlBQkhBRVVBVkFBNkFDQUFjd0IwQUdFQVp3QnBBRzRBWndCd0FISUFaUUJrQUdrQVl3QjBBRFVBTGdCcEFHNEFaZ0JzQUhVQVpRQnVBR01BWlFCb0FHVUFZUUJzQUhRQWFBQXVBR01BYndCdEFEb0FOQUEwQURNQUx3QnRBRzhBWkFCMUFHd0FaUUJ6QUM4QWFBQnZBRzBBWlFBdkFHTUFid0J1QUhRQWNnQnZBR3dBYkFCbEFISUFjd0F2QUZjQVpRQnNBR01BYndCdEFHVUFRd0IwQUhJQWJBQXVBR29BY3dBaUFDd0FJZ0IwQUNJQU9nQWlBR1VBZGdCbEFHNEFkQUFpQUgwQUxBQjdBQ0lBYmdBaUFEb0FJZ0J5QUdVQVlRQmtBSGtBY3dCMEFHRUFkQUJsQUdNQWFBQmhBRzRBWndCbEFDSUFMQUFpQUhNQUlnQTZBRFVBTUFBMEFEVUFOZ0FzQUNJQVpRQWlBRG9BTlFBd0FEUUFOUUEzQUN3QUlnQnZBQ0lBT2dBaUFIVUFiZ0JrQUdVQVpnQnBBRzRBWlFCa0FDQUFSd0JGQUZRQU9nQWdBSE1BZEFCaEFHY0FhUUJ1QUdjQWNBQnlBR1VBWkFCcEFHTUFkQUExQUM0QWFRQnVBR1lBYkFCMUFHVUFiZ0JqQUdVQWFBQmxBR0VBYkFCMEFHZ0FMZ0JqQUc4QWJRQTZBRFFBTkFBekFDOEFiUUJ2QUdRQWRRQnNBR1VBY3dBdkFHZ0Fid0J0QUdVQUx3QmpBRzhBYmdCMEFISUFid0JzQUd3QVpRQnlBSE1BTHdCWEFHVUFiQUJqQUc4QWJRQmxBRU1BZEFCeUFHd0FMZ0JxQUhNQUlnQXNBQ0lBZEFBaUFEb0FJZ0JsQUhZQVpRQnVBSFFBSWdCOUFDd0Fld0FpQUc0QUlnQTZBQ0lBY2dCbEFHRUFaQUI1QUhNQWRBQmhBSFFBWlFCakFHZ0FZUUJ1QUdjQVpRQWlBQ3dBSWdCekFDSUFPZ0ExQURBQU5BQTJBRE1BTEFBaUFHVUFJZ0E2QURVQU1BQTBBRFlBTXdBc0FDSUFid0FpQURvQUlnQjFBRzRBWkFCbEFHWUFhUUJ1QUdVQVpBQWdBRWNBUlFCVUFEb0FJQUJ6QUhRQVlRQm5BR2tBYmdCbkFIQUFjZ0JsQUdRQWFRQmpBSFFBTlFBdUFHa0FiZ0JtQUd3QWRRQmxBRzRBWXdCbEFHZ0FaUUJoQUd3QWRBQm9BQzRBWXdCdkFHMEFPZ0EwQURRQU13QXZBRzBBYndCa0FIVUFiQUJsQUhNQUx3Qm9BRzhBYlFCbEFDOEFhUUJ1QUdRQVpRQjRBQzRBYUFCMEFHMEFiQUFpQUN3QUlnQjBBQ0lBT2dBaUFHVUFkZ0JsQUc0QWRBQWlBSDBBTEFCN0FDSUFiZ0FpQURvQUlnQnlBR1VBWVFCa0FIa0Fjd0IwQUdFQWRBQmxBR01BYUFCaEFHNEFad0JsQUNJQUxBQWlBSE1BSWdBNkFEVUFNQUEwQURZQU13QXNBQ0lBWlFBaUFEb0FOUUF3QURRQU5nQXpBQ3dBSWdCdkFDSUFPZ0FpQUhVQWJnQmtBR1VBWmdCcEFHNEFaUUJrQUNBQVJ3QkZBRlFBT2dBZ0FITUFkQUJoQUdjQWFRQnVBR2NBY0FCeUFHVUFaQUJwQUdNQWRBQTFBQzRBYVFCdUFHWUFiQUIxQUdVQWJnQmpBR1VBYUFCbEFHRUFiQUIwQUdnQUxnQmpBRzhBYlFBNkFEUUFOQUF6QUM4QWJRQnZBR1FBZFFCc0FHVUFjd0F2QUdnQWJ3QnRBR1VBTHdCcEFHNEFaQUJsQUhnQUxnQm9BSFFBYlFCc0FDSUFMQUFpQUhRQUlnQTZBQ0lBWlFCMkFHVUFiZ0IwQUNJQWZRQXNBSHNBSWdCdUFDSUFPZ0FpQUhJQVpRQmhBR1FBZVFCekFIUUFZUUIwQUdVQVl3Qm9BR0VBYmdCbkFHVUFJZ0FzQUNJQWN3QWlBRG9BTlFBd0FEUUFOZ0F6QUN3QUlnQmxBQ0lBT2dBMUFEQUFOQUEyQURNQUxBQWlBRzhBSWdBNkFDSUFkUUJ1QUdRQVpRQm1BR2tBYmdCbEFHUUFJQUJIQUVVQVZBQTZBQ0FBY3dCMEFHRUFad0JwQUc0QVp3QndBSElBWlFCa0FHa0FZd0IwQURVQUxnQnBBRzRBWmdCc0FIVUFaUUJ1QUdNQVpRQm9BR1VBWVFCc0FIUUFhQUF1QUdNQWJ3QnRBRG9BTkFBMEFETUFMd0J0QUc4QVpBQjFBR3dBWlFCekFDOEFhQUJ2QUcwQVpRQXZBR2tBYmdCa0FHVUFlQUF1QUdnQWRBQnRBR3dBSWdBc0FDSUFkQUFpQURvQUlnQmxBSFlBWlFCdUFIUUFJZ0I5QUN3QWV3QWlBRzRBSWdBNkFDSUFjZ0JsQUdFQVpBQjVBSE1BZEFCaEFIUUFaUUJqQUdnQVlRQnVBR2NBWlFBaUFDd0FJZ0J6QUNJQU9nQTFBREFBTkFBNUFETUFMQUFpQUdVQUlnQTZBRFVBTUFBMEFEa0FNd0FzQUNJQWJ3QWlBRG9BSWdCMUFHNEFaQUJsQUdZQWFRQnVBR1VBWkFBZ0FFY0FSUUJVQURvQUlBQnpBSFFBWVFCbkFHa0FiZ0JuQUhBQWNnQmxBR1FBYVFCakFIUUFOUUF1QUdrQWJnQm1BR3dBZFFCbEFHNEFZd0JsQUdnQVpRQmhBR3dBZEFCb0FDNEFZd0J2QUcwQU9nQTBBRFFBTXdBdkFHMEFid0JrQUhVQWJBQmxBSE1BTHdCb0FHOEFiUUJsQUM4QWRnQnBBR1VBZHdCekFDOEFkd0JsQUd3QVl3QnZBRzBBWlFBdUFHZ0FkQUJ0QUd3QUlnQXNBQ0lBZEFBaUFEb0FJZ0JsQUhZQVpRQnVBSFFBSWdCOUFDd0Fld0FpQUc0QUlnQTZBQ0lBY2dCbEFHRUFaQUI1QUhNQWRBQmhBSFFBWlFCakFHZ0FZUUJ1QUdjQVpRQWlBQ3dBSWdCekFDSUFPZ0ExQURBQU5BQTVBRFFBTEFBaUFHVUFJZ0E2QURVQU1BQTBBRGtBTkFBc0FDSUFid0FpQURvQUlnQjFBRzRBWkFCbEFHWUFhUUJ1QUdVQVpBQWdBRWNBUlFCVUFEb0FJQUJ6QUhRQVlRQm5BR2tBYmdCbkFIQUFjZ0JsQUdRQWFRQmpBSFFBTlFBdUFHa0FiZ0JtQUd3QWRRQmxBRzRBWXdCbEFHZ0FaUUJoQUd3QWRBQm9BQzRBWXdCdkFHMEFPZ0EwQURRQU13QXZBRzBBYndCa0FIVUFiQUJsQUhNQUx3Qm9BRzhBYlFCbEFDOEFkZ0JwQUdVQWR3QnpBQzhBZHdCbEFHd0FZd0J2QUcwQVpRQXVBR2dBZEFCdEFHd0FJZ0FzQUNJQWRBQWlBRG9BSWdCbEFIWUFaUUJ1QUhRQUlnQjlBQ3dBZXdBaUFHNEFJZ0E2QUNJQWNnQmxBR0VBWkFCNUFITUFkQUJoQUhRQVpRQmpBR2dBWVFCdUFHY0FaUUFpQUN3QUlnQnpBQ0lBT2dBMUFEQUFOQUE1QURjQUxBQWlBR1VBSWdBNkFEVUFNQUEwQURrQU53QXNBQ0lBYndBaUFEb0FJZ0IxQUc0QVpBQmxBR1lBYVFCdUFHVUFaQUFnQUVjQVJRQlVBRG9BSUFCekFIUUFZUUJuQUdrQWJnQm5BSEFBY2dCbEFHUUFhUUJqQUhRQU5RQXVBR2tBYmdCbUFHd0FkUUJsQUc0QVl3QmxBR2dBWlFCaEFHd0FkQUJvQUM0QVl3QnZBRzBBT2dBMEFEUUFNd0F2QUcwQWJ3QmtBSFVBYkFCbEFITUFMd0JvQUc4QWJRQmxBQzhBZGdCcEFHVUFkd0J6QUM4QVpBQmxBRzBBYndBdUFHZ0FkQUJ0QUd3QUlnQXNBQ0lBZEFBaUFEb0FJZ0JsQUhZQVpRQnVBSFFBSWdCOUFDd0Fld0FpQUc0QUlnQTZBQ0lBY2dCbEFHRUFaQUI1QUhNQWRBQmhBSFFBWlFCakFHZ0FZUUJ1QUdjQVpRQWlBQ3dBSWdCekFDSUFPZ0ExQURBQU5BQTVBRGdBTEFBaUFHVUFJZ0E2QURVQU1BQTBBRGtBT0FBc0FDSUFid0FpQURvQUlnQjFBRzRBWkFCbEFHWUFhUUJ1QUdVQVpBQWdBRWNBUlFCVUFEb0FJQUJ6QUhRQVlRQm5BR2tBYmdCbkFIQUFjZ0JsQUdRQWFRQmpBSFFBTlFBdUFHa0FiZ0JtQUd3QWRRQmxBRzRBWXdCbEFHZ0FaUUJoQUd3QWRBQm9BQzRBWXdCdkFHMEFPZ0EwQURRQU13QXZBRzBBYndCa0FIVUFiQUJsQUhNQUx3Qm9BRzhBYlFCbEFDOEFkZ0JwQUdVQWR3QnpBQzhBWkFCbEFHMEFid0F1QUdnQWRBQnRBR3dBSWdBc0FDSUFkQUFpQURvQUlnQmxBSFlBWlFCdUFIUUFJZ0I5QUN3QWV3QWlBRzRBSWdBNkFDSUFjZ0JsQUdFQVpBQjVBSE1BZEFCaEFIUUFaUUJqQUdnQVlRQnVBR2NBWlFBaUFDd0FJZ0J6QUNJQU9nQTFBREFBTlFBMUFESUFMQUFpQUdVQUlnQTZBRFVBTUFBMUFEVUFNZ0FzQUNJQWJ3QWlBRG9BSWdCMUFHNEFaQUJsQUdZQWFRQnVBR1VBWkFBZ0FFY0FSUUJVQURvQUlBQnpBSFFBWVFCbkFHa0FiZ0JuQUhBQWNnQmxBR1FBYVFCakFIUUFOUUF1QUdrQWJnQm1BR3dBZFFCbEFHNEFZd0JsQUdnQVpRQmhBR3dBZEFCb0FDNEFZd0J2QUcwQU9nQTBBRFFBTXdBdkFHMEFid0JrQUhVQWJBQmxBSE1BTHdCb0FHOEFiUUJsQUM4QWRnQnBBR1VBZHdCekFDOEFkd0JsQUd3QVl3QnZBRzBBWlFBdUFHZ0FkQUJ0QUd3QUlnQXNBQ0lBZEFBaUFEb0FJZ0JsQUhZQVpRQnVBSFFBSWdCOUFDd0Fld0FpQUc0QUlnQTZBQ0lBY2dCbEFHRUFaQUI1QUhNQWRBQmhBSFFBWlFCakFHZ0FZUUJ1QUdjQVpRQWlBQ3dBSWdCekFDSUFPZ0ExQURBQU5RQTFBRE1BTEFBaUFHVUFJZ0E2QURVQU1BQTFBRFVBTXdBc0FDSUFid0FpQURvQUlnQjFBRzRBWkFCbEFHWUFhUUJ1QUdVQVpBQWdBRWNBUlFCVUFEb0FJQUJ6QUhRQVlRQm5BR2tBYmdCbkFIQUFjZ0JsQUdRQWFRQmpBSFFBTlFBdUFHa0FiZ0JtQUd3QWRRQmxBRzRBWXdCbEFHZ0FaUUJoQUd3QWRBQm9BQzRBWXdCdkFHMEFPZ0EwQURRQU13QXZBRzBBYndCa0FIVUFiQUJsQUhNQUx3Qm9BRzhBYlFCbEFDOEFkZ0JwQUdVQWR3QnpBQzhBZHdCbEFHd0FZd0J2QUcwQVpRQXVBR2dBZEFCdEFHd0FJZ0FzQUNJQWRBQWlBRG9BSWdCbEFIWUFaUUJ1QUhRQUlnQjlBQ3dBZXdBaUFHNEFJZ0E2QUNJQWNnQmxBR0VBWkFCNUFITUFkQUJoQUhRQVpRQmpBR2dBWVFCdUFHY0FaUUFpQUN3QUlnQnpBQ0lBT2dBMUFEQUFOUUExQURNQUxBQWlBR1VBSWdBNkFEVUFNQUExQURVQU13QXNBQ0lBYndBaUFEb0FJZ0IxQUc0QVpBQmxBR1lBYVFCdUFHVUFaQUFnQUVjQVJRQlVBRG9BSUFCekFIUUFZUUJuQUdrQWJnQm5BSEFBY2dCbEFHUUFhUUJqQUhRQU5RQXVBR2tBYmdCbUFHd0FkUUJsQUc0QVl3QmxBR2dBWlFCaEFHd0FkQUJvQUM0QVl3QnZBRzBBT2dBMEFEUUFNd0F2QUcwQWJ3QmtBSFVBYkFCbEFITUFMd0JvQUc4QWJRQmxBQzhBZGdCcEFHVUFkd0J6QUM4QWR3QmxBR3dBWXdCdkFHMEFaUUF1QUdnQWRBQnRBR3dBSWdBc0FDSUFkQUFpQURvQUlnQmxBSFlBWlFCdUFIUUFJZ0I5QUN3QWV3QWlBRzRBSWdBNkFDSUFjZ0JsQUdFQVpBQjVBSE1BZEFCaEFIUUFaUUJqQUdnQVlRQnVBR2NBWlFBaUFDd0FJZ0J6QUNJQU9nQTFBREFBTlFBNEFETUFMQUFpQUdVQUlnQTZBRFVBTUFBMUFEZ0FNd0FzQUNJQWJ3QWlBRG9BSWdCMUFHNEFaQUJsQUdZQWFRQnVBR1VBWkFBZ0FFY0FSUUJVQURvQUlBQnpBSFFBWVFCbkFHa0FiZ0JuQUhBQWNnQmxBR1FBYVFCakFIUUFOUUF1QUdrQWJnQm1BR3dBZFFCbEFHNEFZd0JsQUdnQVpRQmhBR3dBZEFCb0FDNEFZd0J2QUcwQU9nQXpBREFBTUFBd0FDOEFjQUJ5QUdVQVpBQnBBR01BZEFBdkFIWUFNUUF2QUd3QWJ3QnVBR2NBVWdCMUFHNEFiZ0JwQUc0QVp3QlVBR0VBY3dCckFITUFJZ0FzQUNJQWRBQWlBRG9BSWdCbEFIWUFaUUJ1QUhRQUlnQjlBQ3dBZXdBaUFHNEFJZ0E2QUNJQWNnQmxBR0VBWkFCNUFITUFkQUJoQUhRQVpRQmpBR2dBWVFCdUFHY0FaUUFpQUN3QUlnQnpBQ0lBT2dBMUFEQUFOUUE0QURRQUxBQWlBR1VBSWdBNkFEVUFNQUExQURnQU5RQXNBQ0lBYndBaUFEb0FJZ0IxQUc0QVpBQmxBR1lBYVFCdUFHVUFaQUFnQUVjQVJRQlVBRG9BSUFCekFIUUFZUUJuQUdrQWJnQm5BSEFBY2dCbEFHUUFhUUJqQUhRQU5RQXVBR2tBYmdCbUFHd0FkUUJsQUc0QVl3QmxBR2dBWlFCaEFHd0FkQUJvQUM0QVl3QnZBRzBBT2dBekFEQUFNQUF3QUM4QWNBQnlBR1VBWkFCcEFHTUFkQUF2QUhZQU1RQXZBR3dBYndCdUFHY0FVZ0IxQUc0QWJnQnBBRzRBWndCVUFHRUFjd0JyQUhNQUlnQXNBQ0lBZEFBaUFEb0FJZ0JsQUhZQVpRQnVBSFFBSWdCOUFDd0Fld0FpQUc0QUlnQTZBQ0lBY2dCbEFHRUFaQUI1QUhNQWRBQmhBSFFBWlFCakFHZ0FZUUJ1QUdjQVpRQWlBQ3dBSWdCekFDSUFPZ0ExQURBQU5RQTRBRFVBTEFBaUFHVUFJZ0E2QURVQU1BQTFBRGdBTlFBc0FDSUFid0FpQURvQUlnQjFBRzRBWkFCbEFHWUFhUUJ1QUdVQVpBQWdBRWNBUlFCVUFEb0FJQUJ6QUhRQVlRQm5BR2tBYmdCbkFIQUFjZ0JsQUdRQWFRQmpBSFFBTlFBdUFHa0FiZ0JtQUd3QWRRQmxBRzRBWXdCbEFHZ0FaUUJoQUd3QWRBQm9BQzRBWXdCdkFHMEFPZ0F6QURBQU1BQXdBQzhBY0FCeUFHVUFaQUJwQUdNQWRBQXZBSFlBTVFBdkFHd0Fid0J1QUdjQVVnQjFBRzRBYmdCcEFHNEFad0JVQUdFQWN3QnJBSE1BSWdBc0FDSUFkQUFpQURvQUlnQmxBSFlBWlFCdUFIUUFJZ0I5QUN3QWV3QWlBRzRBSWdBNkFDSUFjZ0JsQUdFQVpBQjVBSE1BZEFCaEFIUUFaUUJqQUdnQVlRQnVBR2NBWlFBaUFDd0FJZ0J6QUNJQU9nQTFBREFBTmdBekFERUFMQUFpQUdVQUlnQTZBRFVBTUFBMkFETUFNUUFzQUNJQWJ3QWlBRG9BSWdCMUFHNEFaQUJsQUdZQWFRQnVBR1VBWkFBZ0FFY0FSUUJVQURvQUlBQnpBSFFBWVFCbkFHa0FiZ0JuQUhBQWNnQmxBR1FBYVFCakFIUUFOUUF1QUdrQWJnQm1BR3dBZFFCbEFHNEFZd0JsQUdnQVpRQmhBR3dBZEFCb0FDNEFZd0J2QUcwQU9nQXpBREFBTUFBd0FDOEFjQUJ5QUdVQVpBQnBBR01BZEFBdkFIWUFNUUF2QUd3QWJ3QnVBR2NBVWdCMUFHNEFiZ0JwQUc0QVp3QlVBR0VBY3dCckFITUFJZ0FzQUNJQWRBQWlBRG9BSWdCbEFIWUFaUUJ1QUhRQUlnQjlBQ3dBZXdBaUFHNEFJZ0E2QUNJQWNnQmxBR0VBWkFCNUFITUFkQUJoQUhRQVpRQmpBR2dBWVFCdUFHY0FaUUFpQUN3QUlnQnpBQ0lBT2dBMUFEQUFOZ0F6QURFQUxBQWlBR1VBSWdBNkFEVUFNQUEyQURNQU1RQXNBQ0lBYndBaUFEb0FJZ0IxQUc0QVpBQmxBR1lBYVFCdUFHVUFaQUFnQUVjQVJRQlVBRG9BSUFCekFIUUFZUUJuQUdrQWJnQm5BSEFBY2dCbEFHUUFhUUJqQUhRQU5RQXVBR2tBYmdCbUFHd0FkUUJsQUc0QVl3QmxBR2dBWlFCaEFHd0FkQUJvQUM0QVl3QnZBRzBBT2dBekFEQUFNQUF3QUM4QWNBQnlBR1VBWkFCcEFHTUFkQUF2QUhZQU1RQXZBR3dBYndCdUFHY0FVZ0IxQUc0QWJnQnBBRzRBWndCVUFHRUFjd0JyQUhNQUlnQXNBQ0lBZEFBaUFEb0FJZ0JsQUhZQVpRQnVBSFFBSWdCOUFDd0Fld0FpQUc0QUlnQTZBQ0lBY2dCbEFHRUFaQUI1QUhNQWRBQmhBSFFBWlFCakFHZ0FZUUJ1QUdjQVpRQWlBQ3dBSWdCekFDSUFPZ0ExQURBQU5nQXpBREVBTEFBaUFHVUFJZ0E2QURVQU1BQTJBRE1BTWdBc0FDSUFid0FpQURvQUlnQjFBRzRBWkFCbEFHWUFhUUJ1QUdVQVpBQWdBRWNBUlFCVUFEb0FJQUJ6QUhRQVlRQm5BR2tBYmdCbkFIQUFjZ0JsQUdRQWFRQmpBSFFBTlFBdUFHa0FiZ0JtQUd3QWRRQmxBRzRBWXdCbEFHZ0FaUUJoQUd3QWRBQm9BQzRBWXdCdkFHMEFPZ0F6QURBQU1BQXdBQzhBY0FCeUFHVUFaQUJwQUdNQWRBQXZBSFlBTVFBdkFHd0Fid0J1QUdjQVVnQjFBRzRBYmdCcEFHNEFad0JVQUdFQWN3QnJBSE1BSWdBc0FDSUFkQUFpQURvQUlnQmxBSFlBWlFCdUFIUUFJZ0I5QUN3QWV3QWlBRzRBSWdBNkFDSUFjZ0JsQUdFQVpBQjVBSE1BZEFCaEFIUUFaUUJqQUdnQVlRQnVBR2NBWlFBaUFDd0FJZ0J6QUNJQU9nQTFBREFBTmdBekFESUFMQUFpQUdVQUlnQTZBRFVBTUFBMkFETUFNZ0FzQUNJQWJ3QWlBRG9BSWdCMUFHNEFaQUJsQUdZQWFRQnVBR1VBWkFBZ0FFY0FSUUJVQURvQUlBQnpBSFFBWVFCbkFHa0FiZ0JuQUhBQWNnQmxBR1FBYVFCakFIUUFOUUF1QUdrQWJnQm1BR3dBZFFCbEFHNEFZd0JsQUdnQVpRQmhBR3dBZEFCb0FDNEFZd0J2QUcwQU9nQXpBREFBTUFBd0FDOEFjQUJ5QUdVQVpBQnBBR01BZEFBdkFIWUFNUUF2QUd3QWJ3QnVBR2NBVWdCMUFHNEFiZ0JwQUc0QVp3QlVBR0VBY3dCckFITUFJZ0FzQUNJQWRBQWlBRG9BSWdCbEFIWUFaUUJ1QUhRQUlnQjlBQ3dBZXdBaUFHNEFJZ0E2QUNJQWNnQmxBR0VBWkFCNUFITUFkQUJoQUhRQVpRQmpBR2dBWVFCdUFHY0FaUUFpQUN3QUlnQnpBQ0lBT2dBMUFEQUFOZ0F6QURJQUxBQWlBR1VBSWdBNkFEVUFNQUEyQURNQU1nQXNBQ0lBYndBaUFEb0FJZ0IxQUc0QVpBQmxBR1lBYVFCdUFHVUFaQUFnQUVjQVJRQlVBRG9BSUFCekFIUUFZUUJuQUdrQWJnQm5BSEFBY2dCbEFHUUFhUUJqQUhRQU5RQXVBR2tBYmdCbUFHd0FkUUJsQUc0QVl3QmxBR2dBWlFCaEFHd0FkQUJvQUM0QVl3QnZBRzBBT2dBekFEQUFNQUF3QUM4QWNBQnlBR1VBWkFCcEFHTUFkQUF2QUhZQU1RQXZBR3dBYndCdUFHY0FVZ0IxQUc0QWJnQnBBRzRBWndCVUFHRUFjd0JyQUhNQUlnQXNBQ0lBZEFBaUFEb0FJZ0JsQUhZQVpRQnVBSFFBSWdCOUFDd0Fld0FpQUc0QUlnQTZBQ0lBY2dCbEFHRUFaQUI1QUhNQWRBQmhBSFFBWlFCakFHZ0FZUUJ1QUdjQVpRQWlBQ3dBSWdCekFDSUFPZ0ExQURBQU5nQXpBRElBTEFBaUFHVUFJZ0E2QURVQU1BQTJBRE1BTWdBc0FDSUFid0FpQURvQUlnQjFBRzRBWkFCbEFHWUFhUUJ1QUdVQVpBQWdBRWNBUlFCVUFEb0FJQUJ6QUhRQVlRQm5BR2tBYmdCbkFIQUFjZ0JsQUdRQWFRQmpBSFFBTlFBdUFHa0FiZ0JtQUd3QWRRQmxBRzRBWXdCbEFHZ0FaUUJoQUd3QWRBQm9BQzRBWXdCdkFHMEFPZ0F6QURBQU1BQXdBQzhBY0FCeUFHVUFaQUJwQUdNQWRBQXZBSFlBTVFBdkFHd0Fid0J1QUdjQVVnQjFBRzRBYmdCcEFHNEFad0JVQUdFQWN3QnJBSE1BSWdBc0FDSUFkQUFpQURvQUlnQmxBSFlBWlFCdUFIUUFJZ0I5QUN3QWV3QWlBRzRBSWdBNkFDSUFjZ0JsQUdFQVpBQjVBSE1BZEFCaEFIUUFaUUJqQUdnQVlRQnVBR2NBWlFBaUFDd0FJZ0J6QUNJQU9nQTFBREFBTmdBekFESUFMQUFpQUdVQUlnQTZBRFVBTUFBMkFETUFNZ0FzQUNJQWJ3QWlBRG9BSWdCMUFHNEFaQUJsQUdZQWFRQnVBR1VBWkFBZ0FFY0FSUUJVQURvQUlBQnpBSFFBWVFCbkFHa0FiZ0JuQUhBQWNnQmxBR1FBYVFCakFIUUFOUUF1QUdrQWJnQm1BR3dBZFFCbEFHNEFZd0JsQUdnQVpRQmhBR3dBZEFCb0FDNEFZd0J2QUcwQU9nQXpBREFBTUFBd0FDOEFjQUJ5QUdVQVpBQnBBR01BZEFBdkFIWUFNUUF2QUd3QWJ3QnVBR2NBVWdCMUFHNEFiZ0JwQUc0QVp3QlVBR0VBY3dCckFITUFJZ0FzQUNJQWRBQWlBRG9BSWdCbEFIWUFaUUJ1QUhRQUlnQjlBQ3dBZXdBaUFHNEFJZ0E2QUNJQWNnQmxBR0VBWkFCNUFITUFkQUJoQUhRQVpRQmpBR2dBWVFCdUFHY0FaUUFpQUN3QUlnQnpBQ0lBT2dBMUFEQUFOZ0F6QURJQUxBQWlBR1VBSWdBNkFEVUFNQUEyQURNQU1nQXNBQ0lBYndBaUFEb0FJZ0IxQUc0QVpBQmxBR1lBYVFCdUFHVUFaQUFnQUVjQVJRQlVBRG9BSUFCekFIUUFZUUJuQUdrQWJnQm5BSEFBY2dCbEFHUUFhUUJqQUhRQU5RQXVBR2tBYmdCbUFHd0FkUUJsQUc0QVl3QmxBR2dBWlFCaEFHd0FkQUJvQUM0QVl3QnZBRzBBT2dBekFEQUFNQUF3QUM4QWNBQnlBR1VBWkFCcEFHTUFkQUF2QUhZQU1RQXZBR3dBYndCdUFHY0FVZ0IxQUc0QWJnQnBBRzRBWndCVUFHRUFjd0JyQUhNQUlnQXNBQ0lBZEFBaUFEb0FJZ0JsQUhZQVpRQnVBSFFBSWdCOUFDd0Fld0FpQUc0QUlnQTZBQ0lBY2dCbEFHRUFaQUI1QUhNQWRBQmhBSFFBWlFCakFHZ0FZUUJ1QUdjQVpRQWlBQ3dBSWdCekFDSUFPZ0ExQURBQU5nQXpBRElBTEFBaUFHVUFJZ0E2QURVQU1BQTJBRE1BTWdBc0FDSUFid0FpQURvQUlnQjFBRzRBWkFCbEFHWUFhUUJ1QUdVQVpBQWdBRWNBUlFCVUFEb0FJQUJ6QUhRQVlRQm5BR2tBYmdCbkFIQUFjZ0JsQUdRQWFRQmpBSFFBTlFBdUFHa0FiZ0JtQUd3QWRRQmxBRzRBWXdCbEFHZ0FaUUJoQUd3QWRBQm9BQzRBWXdCdkFHMEFPZ0F6QURBQU1BQXdBQzhBY0FCeUFHVUFaQUJwQUdNQWRBQXZBSFlBTVFBdkFHd0Fid0J1QUdjQVVnQjFBRzRBYmdCcEFHNEFad0JVQUdFQWN3QnJBSE1BSWdBc0FDSUFkQUFpQURvQUlnQmxBSFlBWlFCdUFIUUFJZ0I5QUN3QWV3QWlBRzRBSWdBNkFDSUFjZ0JsQUdFQVpBQjVBSE1BZEFCaEFIUUFaUUJqQUdnQVlRQnVBR2NBWlFBaUFDd0FJZ0J6QUNJQU9nQTFBREFBTmdBekFESUFMQUFpQUdVQUlnQTZBRFVBTUFBMkFETUFNZ0FzQUNJQWJ3QWlBRG9BSWdCMUFHNEFaQUJsQUdZQWFRQnVBR1VBWkFBZ0FFY0FSUUJVQURvQUlBQnpBSFFBWVFCbkFHa0FiZ0JuQUhBQWNnQmxBR1FBYVFCakFIUUFOUUF1QUdrQWJnQm1BR3dBZFFCbEFHNEFZd0JsQUdnQVpRQmhBR3dBZEFCb0FDNEFZd0J2QUcwQU9nQXpBREFBTUFBd0FDOEFjQUJ5QUdVQVpBQnBBR01BZEFBdkFIWUFNUUF2QUd3QWJ3QnVBR2NBVWdCMUFHNEFiZ0JwQUc0QVp3QlVBR0VBY3dCckFITUFJZ0FzQUNJQWRBQWlBRG9BSWdCbEFIWUFaUUJ1QUhRQUlnQjlBQ3dBZXdBaUFHNEFJZ0E2QUNJQWNnQmxBR0VBWkFCNUFITUFkQUJoQUhRQVpRQmpBR2dBWVFCdUFHY0FaUUFpQUN3QUlnQnpBQ0lBT2dBMUFEQUFOZ0F6QURNQUxBQWlBR1VBSWdBNkFEVUFNQUEyQURNQU13QXNBQ0lBYndBaUFEb0FJZ0IxQUc0QVpBQmxBR1lBYVFCdUFHVUFaQUFnQUVjQVJRQlVBRG9BSUFCekFIUUFZUUJuQUdrQWJnQm5BSEFBY2dCbEFHUUFhUUJqQUhRQU5RQXVBR2tBYmdCbUFHd0FkUUJsQUc0QVl3QmxBR2dBWlFCaEFHd0FkQUJvQUM0QVl3QnZBRzBBT2dBekFEQUFNQUF3QUM4QWNBQnlBR1VBWkFCcEFHTUFkQUF2QUhZQU1RQXZBR3dBYndCdUFHY0FVZ0IxQUc0QWJnQnBBRzRBWndCVUFHRUFjd0JyQUhNQUlnQXNBQ0lBZEFBaUFEb0FJZ0JsQUhZQVpRQnVBSFFBSWdCOUFDd0Fld0FpQUc0QUlnQTZBQ0lBY2dCbEFHRUFaQUI1QUhNQWRBQmhBSFFBWlFCakFHZ0FZUUJ1QUdjQVpRQWlBQ3dBSWdCekFDSUFPZ0ExQURBQU5nQXpBRE1BTEFBaUFHVUFJZ0E2QURVQU1RQTFBRFFBTVFBc0FDSUFid0FpQURvQUlnQjFBRzRBWkFCbEFHWUFhUUJ1QUdVQVpBQWdBRWNBUlFCVUFEb0FJQUJ6QUhRQVlRQm5BR2tBYmdCbkFIQUFjZ0JsQUdRQWFRQmpBSFFBTlFBdUFHa0FiZ0JtQUd3QWRRQmxBRzRBWXdCbEFHZ0FaUUJoQUd3QWRBQm9BQzRBWXdCdkFHMEFPZ0F6QURBQU1BQXdBQzhBY0FCeUFHVUFaQUJwQUdNQWRBQXZBSFlBTVFBdkFHd0Fid0J1QUdjQVVnQjFBRzRBYmdCcEFHNEFad0JVQUdFQWN3QnJBSE1BSWdBc0FDSUFkQUFpQURvQUlnQmxBSFlBWlFCdUFIUUFJZ0I5QUN3QWV3QWlBRzRBSWdBNkFDSUFjZ0JsQUdFQVpBQjVBSE1BZEFCaEFIUUFaUUJqQUdnQVlRQnVBR2NBWlFBaUFDd0FJZ0J6QUNJQU9nQTFBREVBTlFBMEFERUFMQUFpQUdVQUlnQTZBRFVBTVFBMUFEUUFNUUFzQUNJQWJ3QWlBRG9BSWdCMUFHNEFaQUJsQUdZQWFRQnVBR1VBWkFBZ0FFY0FSUUJVQURvQUlBQnpBSFFBWVFCbkFHa0FiZ0JuQUhBQWNnQmxBR1FBYVFCakFIUUFOUUF1QUdrQWJnQm1BR3dBZFFCbEFHNEFZd0JsQUdnQVpRQmhBR3dBZEFCb0FDNEFZd0J2QUcwQU9nQTBBRFFBTXdBdkFHMEFid0JrQUhVQWJBQmxBSE1BTHdCb0FHOEFiUUJsQUM4QWRnQnBBR1VBZHdCekFDOEFaQUJsQUcwQWJ3QXVBR2dBZEFCdEFHd0FJZ0FzQUNJQWRBQWlBRG9BSWdCbEFIWUFaUUJ1QUhRQUlnQjlBQ3dBZXdBaUFHNEFJZ0E2QUNJQWNnQmxBR0VBWkFCNUFITUFkQUJoQUhRQVpRQmpBR2dBWVFCdUFHY0FaUUFpQUN3QUlnQnpBQ0lBT2dBMUFERUFOUUEwQURFQUxBQWlBR1VBSWdBNkFEVUFNUUExQURRQU1RQXNBQ0lBYndBaUFEb0FJZ0IxQUc0QVpBQmxBR1lBYVFCdUFHVUFaQUFnQUVjQVJRQlVBRG9BSUFCekFIUUFZUUJuQUdrQWJnQm5BSEFBY2dCbEFHUUFhUUJqQUhRQU5RQXVBR2tBYmdCbUFHd0FkUUJsQUc0QVl3QmxBR2dBWlFCaEFHd0FkQUJvQUM0QVl3QnZBRzBBT2dBMEFEUUFNd0F2QUcwQWJ3QmtBSFVBYkFCbEFITUFMd0JvQUc4QWJRQmxBQzhBZGdCcEFHVUFkd0J6QUM4QVpBQmxBRzBBYndBdUFHZ0FkQUJ0QUd3QUlnQXNBQ0lBZEFBaUFEb0FJZ0JsQUhZQVpRQnVBSFFBSWdCOUFDd0Fld0FpQUc0QUlnQTZBQ0lBY2dCbEFHRUFaQUI1QUhNQWRBQmhBSFFBWlFCakFHZ0FZUUJ1QUdjQVpRQWlBQ3dBSWdCekFDSUFPZ0ExQURFQU5RQTBBREVBTEFBaUFHVUFJZ0E2QURVQU1RQTFBRFFBTVFBc0FDSUFid0FpQURvQUlnQjFBRzRBWkFCbEFHWUFhUUJ1QUdVQVpBQWdBRWNBUlFCVUFEb0FJQUJ6QUhRQVlRQm5BR2tBYmdCbkFIQUFjZ0JsQUdRQWFRQmpBSFFBTlFBdUFHa0FiZ0JtQUd3QWRRQmxBRzRBWXdCbEFHZ0FaUUJoQUd3QWRBQm9BQzRBWXdCdkFHMEFPZ0EwQURRQU13QXZBRzBBYndCa0FIVUFiQUJsQUhNQUx3Qm9BRzhBYlFCbEFDOEFkZ0JwQUdVQWR3QnpBQzhBWkFCbEFHMEFid0F1QUdnQWRBQnRBR3dBSWdBc0FDSUFkQUFpQURvQUlnQmxBSFlBWlFCdUFIUUFJZ0I5QUN3QWV3QWlBRzRBSWdBNkFDSUFjZ0JsQUdFQVpBQjVBSE1BZEFCaEFIUUFaUUJqQUdnQVlRQnVBR2NBWlFBaUFDd0FJZ0J6QUNJQU9nQTFBREVBTlFBM0FETUFMQUFpQUdVQUlnQTZBRFVBTVFBMUFEY0FNd0FzQUNJQWJ3QWlBRG9BSWdCMUFHNEFaQUJsQUdZQWFRQnVBR1VBWkFBZ0FFY0FSUUJVQURvQUlBQnpBSFFBWVFCbkFHa0FiZ0JuQUhBQWNnQmxBR1FBYVFCakFIUUFOUUF1QUdrQWJnQm1BR3dBZFFCbEFHNEFZd0JsQUdnQVpRQmhBR3dBZEFCb0FDNEFZd0J2QUcwQU9nQTBBRFFBTXdBdkFHa0FiUUJoQUdjQVpRQnpBQzhBZEFCcEFHd0FaUUJ6QUM4QWRBQnBBR3dBWlFBdEFHMEFZUUJ5QUdzQVpRQjBBR2tBYmdCbkFDMEFhUUJ1QUhRQVpRQnNBR3dBYVFCbkFHVUFiZ0JqQUdVQUxnQnpBSFlBWndBaUFDd0FJZ0IwQUNJQU9nQWlBR1VBZGdCbEFHNEFkQUFpQUgwQUxBQjdBQ0lBYmdBaUFEb0FJZ0J5QUdVQVlRQmtBSGtBY3dCMEFHRUFkQUJsQUdNQWFBQmhBRzRBWndCbEFDSUFMQUFpQUhNQUlnQTZBRFVBTVFBMUFEY0FOQUFzQUNJQVpRQWlBRG9BTlFBeEFEVUFOd0EwQUN3QUlnQnZBQ0lBT2dBaUFIVUFiZ0JrQUdVQVpnQnBBRzRBWlFCa0FDQUFSd0JGQUZRQU9nQWdBSE1BZEFCaEFHY0FhUUJ1QUdjQWNBQnlBR1VBWkFCcEFHTUFkQUExQUM0QWFRQnVBR1lBYkFCMUFHVUFiZ0JqQUdVQWFBQmxBR0VBYkFCMEFHZ0FMZ0JqQUc4QWJRQTZBRFFBTkFBekFDOEFhUUJ0QUdFQVp3QmxBSE1BTHdCMEFHa0FiQUJsQUhNQUx3QjBBR2tBYkFCbEFDMEFiUUJoQUhJQWF3QmxBSFFBYVFCdUFHY0FMUUJwQUc0QWRBQmxBR3dBYkFCcEFHY0FaUUJ1QUdNQVpRQXVBSE1BZGdCbkFDSUFMQUFpQUhRQUlnQTZBQ0lBWlFCMkFHVUFiZ0IwQUNJQWZRQXNBSHNBSWdCdUFDSUFPZ0FpQUhJQVpRQmhBR1FBZVFCekFIUUFZUUIwQUdVQVl3Qm9BR0VBYmdCbkFHVUFJZ0FzQUNJQWN3QWlBRG9BTlFBeEFEVUFOd0EwQUN3QUlnQmxBQ0lBT2dBMUFERUFOUUEzQURRQUxBQWlBRzhBSWdBNkFDSUFkUUJ1QUdRQVpRQm1BR2tBYmdCbEFHUUFJQUJIQUVVQVZBQTZBQ0FBY3dCMEFHRUFad0JwQUc0QVp3QndBSElBWlFCa0FHa0FZd0IwQURVQUxnQnBBRzRBWmdCc0FIVUFaUUJ1QUdNQVpRQm9BR1VBWVFCc0FIUUFhQUF1QUdNQWJ3QnRBRG9BTkFBMEFETUFMd0JwQUcwQVlRQm5BR1VBY3dBdkFIUUFhUUJzQUdVQWN3QXZBSFFBYVFCc0FHVUFMUUJ0QUdFQWNnQnJBR1VBZEFCcEFHNEFad0F0QUdrQWJnQjBBR1VBYkFCc0FHa0Fad0JsQUc0QVl3QmxBQzRBY3dCMkFHY0FJZ0FzQUNJQWRBQWlBRG9BSWdCbEFIWUFaUUJ1QUhRQUlnQjlBQ3dBZXdBaUFHNEFJZ0E2QUNJQWNnQmxBR0VBWkFCNUFITUFkQUJoQUhRQVpRQmpBR2dBWVFCdUFHY0FaUUFpQUN3QUlnQnpBQ0lBT2dBMUFERUFOUUEzQURVQUxBQWlBR1VBSWdBNkFEVUFNUUExQURjQU5RQXNBQ0lBYndBaUFEb0FJZ0IxQUc0QVpBQmxBR1lBYVFCdUFHVUFaQUFnQUVjQVJRQlVBRG9BSUFCekFIUUFZUUJuQUdrQWJnQm5BSEFBY2dCbEFHUUFhUUJqQUhRQU5RQXVBR2tBYmdCbUFHd0FkUUJsQUc0QVl3QmxBR2dBWlFCaEFHd0FkQUJvQUM0QVl3QnZBRzBBT2dBMEFEUUFNd0F2QUdrQWJRQmhBR2NBWlFCekFDOEFkQUJwQUd3QVpRQnpBQzhBZEFCcEFHd0FaUUF0QUcwQWVRQXRBR01BWVFCdEFIQUFZUUJwQUdjQWJnQnpBQzRBY3dCMkFHY0FJZ0FzQUNJQWRBQWlBRG9BSWdCbEFIWUFaUUJ1QUhRQUlnQjlBQ3dBZXdBaUFHNEFJZ0E2QUNJQWNnQmxBR0VBWkFCNUFITUFkQUJoQUhRQVpRQmpBR2dBWVFCdUFHY0FaUUFpQUN3QUlnQnpBQ0lBT2dBMUFERUFOUUEzQURZQUxBQWlBR1VBSWdBNkFEVUFNUUExQURjQU5nQXNBQ0lBYndBaUFEb0FJZ0IxQUc0QVpBQmxBR1lBYVFCdUFHVUFaQUFnQUVjQVJRQlVBRG9BSUFCekFIUUFZUUJuQUdrQWJnQm5BSEFBY2dCbEFHUUFhUUJqQUhRQU5RQXVBR2tBYmdCbUFHd0FkUUJsQUc0QVl3QmxBR2dBWlFCaEFHd0FkQUJvQUM0QVl3QnZBRzBBT2dBMEFEUUFNd0F2QUdrQWJRQmhBR2NBWlFCekFDOEFkQUJwQUd3QVpRQnpBQzhBZEFCcEFHd0FaUUF0QUcwQWVRQXRBR01BWVFCdEFIQUFZUUJwQUdjQWJnQnpBQzRBY3dCMkFHY0FJZ0FzQUNJQWRBQWlBRG9BSWdCbEFIWUFaUUJ1QUhRQUlnQjlBQ3dBZXdBaUFHNEFJZ0E2QUNJQWNnQmxBR0VBWkFCNUFITUFkQUJoQUhRQVpRQmpBR2dBWVFCdUFHY0FaUUFpQUN3QUlnQnpBQ0lBT2dBMUFERUFOUUEzQURZQUxBQWlBR1VBSWdBNkFEVUFNUUExQURjQU5nQXNBQ0lBYndBaUFEb0FJZ0IxQUc0QVpBQmxBR1lBYVFCdUFHVUFaQUFnQUVjQVJRQlVBRG9BSUFCekFIUUFZUUJuQUdrQWJnQm5BSEFBY2dCbEFHUUFhUUJqQUhRQU5RQXVBR2tBYmdCbUFHd0FkUUJsQUc0QVl3QmxBR2dBWlFCaEFHd0FkQUJvQUM0QVl3QnZBRzBBT2dBMEFEUUFNd0F2QUdrQWJRQmhBR2NBWlFCekFDOEFkQUJwQUd3QVpRQnpBQzhBZEFCcEFHd0FaUUF0QUcwQWVRQXRBR01BWVFCdEFIQUFZUUJwQUdjQWJnQnpBQzRBY3dCMkFHY0FJZ0FzQUNJQWRBQWlBRG9BSWdCbEFIWUFaUUJ1QUhRQUlnQjlBQ3dBZXdBaUFHNEFJZ0E2QUNJQWN3QmxBSFFBVkFCcEFHMEFaUUJ2QUhVQWRBQWlBQ3dBSWdCekFDSUFPZ0EwQURBQU5RQTJBRGtBTEFBaUFHVUFJZ0E2QURRQU1BQTJBRElBTndBc0FDSUFid0FpQURvQUlnQjNBR2tBYmdCa0FHOEFkd0FpQUN3QUlnQjBBQ0lBT2dBaUFIUUFhUUJ0QUdVQWNnQWlBSDBBTEFCN0FDSUFiZ0FpQURvQUlnQnpBR1VBZEFCVUFHa0FiUUJsQUc4QWRRQjBBQ0lBTEFBaUFITUFJZ0E2QURRQU5nQTNBREVBTlFBc0FDSUFaUUFpQURvQU5BQTJBRGNBTVFBNEFDd0FJZ0J2QUNJQU9nQWlBSGNBYVFCdUFHUUFid0IzQUNJQUxBQWlBSFFBSWdBNkFDSUFkQUJwQUcwQVpRQnlBQ0lBZlFBc0FIc0FJZ0J1QUNJQU9nQWlBSE1BWlFCMEFGUUFhUUJ0QUdVQWJ3QjFBSFFBSWdBc0FDSUFjd0FpQURvQU5BQTJBRGtBT0FBMUFDd0FJZ0JsQUNJQU9nQTBBRFlBT1FBNEFEVUFMQUFpQUc4QUlnQTZBQ0lBZHdCcEFHNEFaQUJ2QUhjQUlnQXNBQ0lBZEFBaUFEb0FJZ0IwQUdrQWJRQmxBSElBSWdCOUFDd0Fld0FpQUc0QUlnQTZBQ0lBY3dCbEFIUUFWQUJwQUcwQVpRQnZBSFVBZEFBaUFDd0FJZ0J6QUNJQU9nQTBBRGNBTXdBd0FETUFMQUFpQUdVQUlnQTZBRFFBTndBekFEQUFNd0FzQUNJQWJ3QWlBRG9BSWdCM0FHa0FiZ0JrQUc4QWR3QWlBQ3dBSWdCMEFDSUFPZ0FpQUhRQWFRQnRBR1VBY2dBaUFIMEFMQUI3QUNJQWJnQWlBRG9BSWdCekFHVUFkQUJVQUdrQWJRQmxBRzhBZFFCMEFDSUFMQUFpQUhNQUlnQTZBRFFBTndBekFEQUFNd0FzQUNJQVpRQWlBRG9BTkFBM0FETUFNQUEwQUN3QUlnQnZBQ0lBT2dBaUFIY0FhUUJ1QUdRQWJ3QjNBQ0lBTEFBaUFIUUFJZ0E2QUNJQWRBQnBBRzBBWlFCeUFDSUFmUUFzQUhzQUlnQnVBQ0lBT2dBaUFITUFaUUIwQUZRQWFRQnRBR1VBYndCMUFIUUFJZ0FzQUNJQWN3QWlBRG9BTkFBM0FETUFNQUEwQUN3QUlnQmxBQ0lBT2dBMEFEY0FNd0F3QURRQUxBQWlBRzhBSWdBNkFDSUFkd0JwQUc0QVpBQnZBSGNBSWdBc0FDSUFkQUFpQURvQUlnQjBBR2tBYlFCbEFISUFJZ0I5QUN3QWV3QWlBRzRBSWdBNkFDSUFjd0JsQUhRQVZBQnBBRzBBWlFCdkFIVUFkQUFpQUN3QUlnQnpBQ0lBT2dBMEFEY0FNd0F3QURRQUxBQWlBR1VBSWdBNkFEUUFOd0F6QURBQU5BQXNBQ0lBYndBaUFEb0FJZ0IzQUdrQWJnQmtBRzhBZHdBaUFDd0FJZ0IwQUNJQU9nQWlBSFFBYVFCdEFHVUFjZ0FpQUgwQUxBQjdBQ0lBYmdBaUFEb0FJZ0J6QUdVQWRBQlVBR2tBYlFCbEFHOEFkUUIwQUNJQUxBQWlBSE1BSWdBNkFEUUFOd0F6QURBQU5BQXNBQ0lBWlFBaUFEb0FOQUEzQURNQU1BQTNBQ3dBSWdCdkFDSUFPZ0FpQUhjQWFRQnVBR1FBYndCM0FDSUFMQUFpQUhRQUlnQTZBQ0lBZEFCcEFHMEFaUUJ5QUNJQWZRQXNBSHNBSWdCdUFDSUFPZ0FpQUhNQVpRQjBBRlFBYVFCdEFHVUFid0IxQUhRQUlnQXNBQ0lBY3dBaUFEb0FOQUEzQURVQU53QXpBQ3dBSWdCbEFDSUFPZ0EwQURjQU5RQTNBRE1BTEFBaUFHOEFJZ0E2QUNJQWR3QnBBRzRBWkFCdkFIY0FJZ0FzQUNJQWRBQWlBRG9BSWdCMEFHa0FiUUJsQUhJQUlnQjlBQ3dBZXdBaUFHNEFJZ0E2QUNJQWN3QmxBSFFBVkFCcEFHMEFaUUJ2QUhVQWRBQWlBQ3dBSWdCekFDSUFPZ0EwQURjQU5nQXhBRGdBTEFBaUFHVUFJZ0E2QURRQU53QTJBRElBTUFBc0FDSUFid0FpQURvQUlnQjNBR2tBYmdCa0FHOEFkd0FpQUN3QUlnQjBBQ0lBT2dBaUFIUUFhUUJ0QUdVQWNnQWlBSDBBTEFCN0FDSUFiZ0FpQURvQUlnQnpBR1VBZEFCVUFHa0FiUUJsQUc4QWRRQjBBQ0lBTEFBaUFITUFJZ0E2QURRQU9BQXhBRGNBTndBc0FDSUFaUUFpQURvQU5BQTRBREVBT0FBeEFDd0FJZ0J2QUNJQU9nQWlBSGNBYVFCdUFHUUFid0IzQUNJQUxBQWlBSFFBSWdBNkFDSUFkQUJwQUcwQVpRQnlBQ0lBZlFBc0FIc0FJZ0J1QUNJQU9nQWlBSE1BWlFCMEFGUUFhUUJ0QUdVQWJ3QjFBSFFBSWdBc0FDSUFjd0FpQURvQU5BQTRBREVBT0FBeEFDd0FJZ0JsQUNJQU9nQTBBRGdBTVFBNEFERUFMQUFpQUc4QUlnQTZBQ0lBZHdCcEFHNEFaQUJ2QUhjQUlnQXNBQ0lBZEFBaUFEb0FJZ0IwQUdrQWJRQmxBSElBSWdCOUFDd0Fld0FpQUc0QUlnQTZBQ0lBY3dCbEFIUUFWQUJwQUcwQVpRQnZBSFVBZEFBaUFDd0FJZ0J6QUNJQU9nQTBBRGdBTVFBNEFERUFMQUFpQUdVQUlnQTZBRFFBT0FBeEFEZ0FOd0FzQUNJQWJ3QWlBRG9BSWdCM0FHa0FiZ0JrQUc4QWR3QWlBQ3dBSWdCMEFDSUFPZ0FpQUhRQWFRQnRBR1VBY2dBaUFIMEFMQUI3QUNJQWJnQWlBRG9BSWdCekFHVUFkQUJVQUdrQWJRQmxBRzhBZFFCMEFDSUFMQUFpQUhNQUlnQTZBRFFBT0FBeEFEZ0FOd0FzQUNJQVpRQWlBRG9BTkFBNEFERUFPUUF5QUN3QUlnQnZBQ0lBT2dBaUFIY0FhUUJ1QUdRQWJ3QjNBQ0lBTEFBaUFIUUFJZ0E2QUNJQWRBQnBBRzBBWlFCeUFDSUFmUUFzQUhzQUlnQnVBQ0lBT2dBaUFITUFaUUIwQUZRQWFRQnRBR1VBYndCMUFIUUFJZ0FzQUNJQWN3QWlBRG9BTkFBNEFERUFPUUF5QUN3QUlnQmxBQ0lBT2dBMEFEZ0FNUUE1QURnQUxBQWlBRzhBSWdBNkFDSUFkd0JwQUc0QVpBQnZBSGNBSWdBc0FDSUFkQUFpQURvQUlnQjBBR2tBYlFCbEFISUFJZ0I5QUN3QWV3QWlBRzRBSWdBNkFDSUFjd0JsQUhRQVZBQnBBRzBBWlFCdkFIVUFkQUFpQUN3QUlnQnpBQ0lBT2dBMEFEZ0FNZ0E0QURBQUxBQWlBR1VBSWdBNkFEUUFPQUF5QURnQU1BQXNBQ0lBYndBaUFEb0FJZ0IzQUdrQWJnQmtBRzhBZHdBaUFDd0FJZ0IwQUNJQU9nQWlBSFFBYVFCdEFHVUFjZ0FpQUgwQUxBQjdBQ0lBYmdBaUFEb0FJZ0J6QUdVQWRBQlVBR2tBYlFCbEFHOEFkUUIwQUNJQUxBQWlBSE1BSWdBNkFEUUFPQUEzQURBQU53QXNBQ0lBWlFBaUFEb0FOQUE0QURjQU1BQTVBQ3dBSWdCdkFDSUFPZ0FpQUhjQWFRQnVBR1FBYndCM0FDSUFMQUFpQUhRQUlnQTZBQ0lBZEFCcEFHMEFaUUJ5QUNJQWZRQXNBSHNBSWdCdUFDSUFPZ0FpQUhNQVpRQjBBRlFBYVFCdEFHVUFid0IxQUhRQUlnQXNBQ0lBY3dBaUFEb0FOQUE0QURjQU1BQTVBQ3dBSWdCbEFDSUFPZ0EwQURnQU53QXhBRFFBTEFBaUFHOEFJZ0E2QUNJQWR3QnBBRzRBWkFCdkFIY0FJZ0FzQUNJQWRBQWlBRG9BSWdCMEFHa0FiUUJsQUhJQUlnQjlBQ3dBZXdBaUFHNEFJZ0E2QUNJQWN3QmxBSFFBVkFCcEFHMEFaUUJ2QUhVQWRBQWlBQ3dBSWdCekFDSUFPZ0EwQURnQU53QXhBRFFBTEFBaUFHVUFJZ0E2QURRQU9BQTNBREVBT1FBc0FDSUFid0FpQURvQUlnQjNBR2tBYmdCa0FHOEFkd0FpQUN3QUlnQjBBQ0lBT2dBaUFIUUFhUUJ0QUdVQWNnQWlBSDBBTEFCN0FDSUFiZ0FpQURvQUlnQnpBR1VBZEFCVUFHa0FiUUJsQUc4QWRRQjBBQ0lBTEFBaUFITUFJZ0E2QURRQU9BQTNBREVBT1FBc0FDSUFaUUFpQURvQU5BQTRBRGNBTWdBMEFDd0FJZ0J2QUNJQU9nQWlBSGNBYVFCdUFHUUFid0IzQUNJQUxBQWlBSFFBSWdBNkFDSUFkQUJwQUcwQVpRQnlBQ0lBZlFBc0FIc0FJZ0J1QUNJQU9nQWlBSE1BWlFCMEFGUUFhUUJ0QUdVQWJ3QjFBSFFBSWdBc0FDSUFjd0FpQURvQU5BQTRBRGNBTWdBMEFDd0FJZ0JsQUNJQU9nQTBBRGdBTndBeUFEWUFMQUFpQUc4QUlnQTZBQ0lBZHdCcEFHNEFaQUJ2QUhjQUlnQXNBQ0lBZEFBaUFEb0FJZ0IwQUdrQWJRQmxBSElBSWdCOUFDd0Fld0FpQUc0QUlnQTZBQ0lBY3dCbEFIUUFWQUJwQUcwQVpRQnZBSFVBZEFBaUFDd0FJZ0J6QUNJQU9nQTFBREFBTXdBekFEUUFMQUFpQUdVQUlnQTZBRFVBTUFBekFETUFOQUFzQUNJQWJ3QWlBRG9BSWdCM0FHa0FiZ0JrQUc4QWR3QWlBQ3dBSWdCMEFDSUFPZ0FpQUhRQWFRQnRBR1VBY2dBaUFIMEFMQUI3QUNJQWJnQWlBRG9BSWdCekFHVUFkQUJVQUdrQWJRQmxBRzhBZFFCMEFDSUFMQUFpQUhNQUlnQTZBRFVBTUFBekFETUFOQUFzQUNJQVpRQWlBRG9BTlFBd0FETUFNd0EwQUN3QUlnQnZBQ0lBT2dBaUFIY0FhUUJ1QUdRQWJ3QjNBQ0lBTEFBaUFIUUFJZ0E2QUNJQWRBQnBBRzBBWlFCeUFDSUFmUUFzQUhzQUlnQnVBQ0lBT2dBaUFITUFaUUIwQUZRQWFRQnRBR1VBYndCMUFIUUFJZ0FzQUNJQWN3QWlBRG9BTlFBd0FETUFNd0EwQUN3QUlnQmxBQ0lBT2dBMUFEQUFNd0F6QURnQUxBQWlBRzhBSWdBNkFDSUFkd0JwQUc0QVpBQnZBSGNBSWdBc0FDSUFkQUFpQURvQUlnQjBBR2tBYlFCbEFISUFJZ0I5QUN3QWV3QWlBRzRBSWdBNkFDSUFjd0JsQUhRQVZBQnBBRzBBWlFCdkFIVUFkQUFpQUN3QUlnQnpBQ0lBT2dBMUFEQUFNd0F6QURnQUxBQWlBR1VBSWdBNkFEVUFNQUF6QURRQU13QXNBQ0lBYndBaUFEb0FJZ0IzQUdrQWJnQmtBRzhBZHdBaUFDd0FJZ0IwQUNJQU9nQWlBSFFBYVFCdEFHVUFjZ0FpQUgwQUxBQjdBQ0lBYmdBaUFEb0FJZ0J6QUdVQWRBQlVBR2tBYlFCbEFHOEFkUUIwQUNJQUxBQWlBSE1BSWdBNkFEVUFNQUF6QURRQU13QXNBQ0lBWlFBaUFEb0FOUUF3QURNQU5BQTNBQ3dBSWdCdkFDSUFPZ0FpQUhjQWFRQnVBR1FBYndCM0FDSUFMQUFpQUhRQUlnQTZBQ0lBZEFCcEFHMEFaUUJ5QUNJQWZRQXNBSHNBSWdCdUFDSUFPZ0FpQUhNQVpRQjBBRlFBYVFCdEFHVUFid0IxQUhRQUlnQXNBQ0lBY3dBaUFEb0FOUUF3QURNQU5BQTNBQ3dBSWdCbEFDSUFPZ0ExQURBQU13QTBBRGNBTEFBaUFHOEFJZ0E2QUNJQWR3QnBBRzRBWkFCdkFIY0FJZ0FzQUNJQWRBQWlBRG9BSWdCMEFHa0FiUUJsQUhJQUlnQjlBQ3dBZXdBaUFHNEFJZ0E2QUNJQWN3QmxBSFFBVkFCcEFHMEFaUUJ2QUhVQWRBQWlBQ3dBSWdCekFDSUFPZ0ExQURBQU13QTBBRGNBTEFBaUFHVUFJZ0E2QURVQU1BQXpBRFFBTndBc0FDSUFid0FpQURvQUlnQjNBR2tBYmdCa0FHOEFkd0FpQUN3QUlnQjBBQ0lBT2dBaUFIUUFhUUJ0QUdVQWNnQWlBSDBBTEFCN0FDSUFiZ0FpQURvQUlnQnpBR1VBZEFCVUFHa0FiUUJsQUc4QWRRQjBBQ0lBTEFBaUFITUFJZ0E2QURVQU1BQXpBRFFBTndBc0FDSUFaUUFpQURvQU5RQXdBRE1BTkFBM0FDd0FJZ0J2QUNJQU9nQWlBSGNBYVFCdUFHUUFid0IzQUNJQUxBQWlBSFFBSWdBNkFDSUFkQUJwQUcwQVpRQnlBQ0lBZlFBc0FIc0FJZ0J1QUNJQU9nQWlBSE1BWlFCMEFGUUFhUUJ0QUdVQWJ3QjFBSFFBSWdBc0FDSUFjd0FpQURvQU5RQXdBRE1BTkFBM0FDd0FJZ0JsQUNJQU9nQTFBREFBTXdBMkFEWUFMQUFpQUc4QUlnQTZBQ0lBZHdCcEFHNEFaQUJ2QUhjQUlnQXNBQ0lBZEFBaUFEb0FJZ0IwQUdrQWJRQmxBSElBSWdCOUFDd0Fld0FpQUc0QUlnQTZBQ0lBY3dCbEFIUUFWQUJwQUcwQVpRQnZBSFVBZEFBaUFDd0FJZ0J6QUNJQU9nQTFBREVBTlFBNUFESUFMQUFpQUdVQUlnQTZBRFVBTVFBMUFEa0FOQUFzQUNJQWJ3QWlBRG9BSWdCM0FHa0FiZ0JrQUc4QWR3QWlBQ3dBSWdCMEFDSUFPZ0FpQUhRQWFRQnRBR1VBY2dBaUFIMEFMQUI3QUNJQWJnQWlBRG9BSWdCMEFIa0FjQUJwQUc0QVp3QWlBQ3dBSWdCekFDSUFPZ0EwQURBQU5nQXlBRGdBTEFBaUFHVUFJZ0E2QURRQU1BQTVBRFVBT1FBc0FDSUFid0FpQURvQUlnQnBBRzRBY0FCMUFIUUFJd0JwQUdRQVh3QndBR0VBY3dCekFDNEFaZ0J2QUhJQWJRQXRBR01BYndCdUFIUUFjZ0J2QUd3QUxnQnVBR2NBTFFCa0FHa0FjZ0IwQUhrQUxnQnVBR2NBTFFCMkFHRUFiQUJwQUdRQUxnQnVBR2NBTFFCMkFHRUFiQUJwQUdRQUxRQnlBR1VBY1FCMUFHa0FjZ0JsQUdRQUlnQXNBQ0lBZEFBaUFEb0FJZ0JsQUhZQVpRQnVBSFFBSWdCOUFDd0Fld0FpQUc0QUlnQTZBQ0lBYVFCdUFIQUFkUUIwQUNJQUxBQWlBSE1BSWdBNkFEUUFNQUEyQURNQU5BQXNBQ0lBWlFBaUFEb0FOQUF3QURZQU13QTBBQ3dBSWdCdkFDSUFPZ0FpQUdrQWJnQndBSFVBZEFBakFHa0FaQUJmQUhBQVlRQnpBSE1BTGdCbUFHOEFjZ0J0QUMwQVl3QnZBRzRBZEFCeUFHOEFiQUF1QUc0QVp3QXRBR1FBYVFCeUFIUUFlUUF1QUc0QVp3QXRBSFlBWVFCc0FHa0FaQUF1QUc0QVp3QXRBSFlBWVFCc0FHa0FaQUF0QUhJQVpRQnhBSFVBYVFCeUFHVUFaQUFpQUN3QUlnQjBBQ0lBT2dBaUFHVUFkZ0JsQUc0QWRBQWlBSDBBTEFCN0FDSUFiZ0FpQURvQUlnQnBBRzRBY0FCMUFIUUFJZ0FzQUNJQWN3QWlBRG9BTkFBd0FEY0FPQUEwQUN3QUlnQmxBQ0lBT2dBMEFEQUFOd0E0QURRQUxBQWlBRzhBSWdBNkFDSUFhUUJ1QUhBQWRRQjBBQ01BYVFCa0FGOEFjQUJoQUhNQWN3QXVBR1lBYndCeUFHMEFMUUJqQUc4QWJnQjBBSElBYndCc0FDNEFiZ0JuQUMwQVpBQnBBSElBZEFCNUFDNEFiZ0JuQUMwQWRnQmhBR3dBYVFCa0FDNEFiZ0JuQUMwQWRnQmhBR3dBYVFCa0FDMEFjZ0JsQUhFQWRRQnBBSElBWlFCa0FDSUFMQUFpQUhRQUlnQTZBQ0lBWlFCMkFHVUFiZ0IwQUNJQWZRQXNBSHNBSWdCdUFDSUFPZ0FpQUdrQWJnQndBSFVBZEFBaUFDd0FJZ0J6QUNJQU9nQTBBREFBT1FBMkFEQUFMQUFpQUdVQUlnQTZBRFFBTUFBNUFEWUFNQUFzQUNJQWJ3QWlBRG9BSWdCcEFHNEFjQUIxQUhRQUl3QnBBR1FBWHdCd0FHRUFjd0J6QUM0QVpnQnZBSElBYlFBdEFHTUFid0J1QUhRQWNnQnZBR3dBTGdCdUFHY0FMUUJrQUdrQWNnQjBBSGtBTGdCdUFHY0FMUUIyQUdFQWJBQnBBR1FBTGdCdUFHY0FMUUIyQUdFQWJBQnBBR1FBTFFCeUFHVUFjUUIxQUdrQWNnQmxBR1FBSWdBc0FDSUFkQUFpQURvQUlnQmxBSFlBWlFCdUFIUUFJZ0I5QUN3QWV3QWlBRzRBSWdBNkFDSUFRUUJxQUdFQWVBQWlBQ3dBSWdCekFDSUFPZ0EwQURBQU5nQXlBRFFBTEFBaUFHVUFJZ0E2QURRQU1BQTJBRGdBTmdBc0FDSUFid0FpQURvQUlnQXlBREFBTUFBZ0FGQUFUd0JUQUZRQU9nQWdBR0lBWVFCdEFDNEFiZ0J5QUMwQVpBQmhBSFFBWVFBdUFHNEFaUUIwQURvQU5BQTBBRE1BTHdCeUFHVUFjd0J2QUhVQWNnQmpBR1VBY3dBdkFERUFMd0JsQURRQVpnQTJBRE1BWkFCaEFEWUFNd0EzQUNJQUxBQWlBSFFBSWdBNkFDSUFZUUJxQUdFQWVBQWlBSDBBTEFCN0FDSUFiZ0FpQURvQUlnQkJBR29BWVFCNEFDSUFMQUFpQUhNQUlnQTZBRFFBTkFBNEFEQUFPQUFzQUNJQVpRQWlBRG9BTkFBMkFEa0FOUUF5QUN3QUlnQnZBQ0lBT2dBaUFESUFNQUF3QUNBQVVBQlBBRk1BVkFBNkFDQUFjd0IwQUdFQVp3QnBBRzRBWndCd0FISUFaUUJrQUdrQVl3QjBBRFVBTGdCcEFHNEFaZ0JzQUhVQVpRQnVBR01BWlFCb0FHVUFZUUJzQUhRQWFBQXVBR01BYndCdEFEb0FNd0F3QURBQU1BQXZBSEFBY2dCbEFHUUFhUUJqQUhRQUx3QjJBREVBTHdCakFHd0FhUUJsQUc0QWRBQnpBQzhBZFFCdUFHa0FkZ0JsQUhJQWN3QnBBSFFBZVFCakFHOEFiQUJ2QUhJQVlRQmtBRzhBTHdCaEFIVUFkQUJvQUZRQWJ3QnJBR1VBYmdBaUFDd0FJZ0IwQUNJQU9nQWlBR0VBYWdCaEFIZ0FJZ0I5QUN3QWV3QWlBRzRBSWdBNkFDSUFRUUJxQUdFQWVBQWlBQ3dBSWdCekFDSUFPZ0EwQURZQU9RQTBBRGtBTEFBaUFHVUFJZ0E2QURRQU53QXdBREVBTWdBc0FDSUFid0FpQURvQUlnQXlBREFBTUFBZ0FFY0FSUUJVQURvQUlBQnpBSFFBWVFCbkFHa0FiZ0JuQUhBQWNnQmxBR1FBYVFCakFIUUFOUUF1QUdrQWJnQm1BR3dBZFFCbEFHNEFZd0JsQUdnQVpRQmhBR3dBZEFCb0FDNEFZd0J2QUcwQU9nQTBBRFFBTXdBdkFDUUFiUUJ2QUdRQWRRQnNBR1VBTHdCdEFHOEFaQUIxQUd3QVpRQnpBQzhBWVFCakFHTUFid0IxQUc0QWRBQnpBQ0lBTEFBaUFIUUFJZ0E2QUNJQVlRQnFBR0VBZUFBaUFIMEFMQUI3QUNJQWJnQWlBRG9BSWdCQkFHb0FZUUI0QUNJQUxBQWlBSE1BSWdBNkFEUUFOd0F3QURFQU1BQXNBQ0lBWlFBaUFEb0FOQUEzQURJQU9BQTRBQ3dBSWdCdkFDSUFPZ0FpQURJQU1BQXdBQ0FBUndCRkFGUUFPZ0FnQUhNQWRBQmhBR2NBYVFCdUFHY0FjQUJ5QUdVQVpBQnBBR01BZEFBMUFDNEFhUUJ1QUdZQWJBQjFBR1VBYmdCakFHVUFhQUJsQUdFQWJBQjBBR2dBTGdCakFHOEFiUUE2QURRQU5BQXpBQzhBYlFCdkFHUUFkUUJzQUdVQWN3QXZBR0VBWXdCakFHOEFkUUJ1QUhRQWN3QXZBQzhBWXdCdkFHNEFkQUJ5QUc4QWJBQnNBR1VBY2dCekFGd0FYQUJCQUdNQVl3QnZBSFVBYmdCMEFITUFRd0IwQUhJQWJBQXVBR29BY3dBaUFDd0FJZ0IwQUNJQU9nQWlBR0VBYWdCaEFIZ0FJZ0I5QUN3QWV3QWlBRzRBSWdBNkFDSUFRUUJxQUdFQWVBQWlBQ3dBSWdCekFDSUFPZ0EwQURjQU1nQTRBRFVBTEFBaUFHVUFJZ0E2QURRQU53QTFBRGtBT0FBc0FDSUFid0FpQURvQUlnQXlBREFBTUFBZ0FFY0FSUUJVQURvQUlBQnpBSFFBWVFCbkFHa0FiZ0JuQUhBQWNnQmxBR1FBYVFCakFIUUFOUUF1QUdrQWJnQm1BR3dBZFFCbEFHNEFZd0JsQUdnQVpRQmhBR3dBZEFCb0FDNEFZd0J2QUcwQU9nQTBBRFFBTXdBdkFHMEFid0JrQUhVQWJBQmxBSE1BTHdCaEFHTUFZd0J2QUhVQWJnQjBBSE1BTHdCcEFHNEFaQUJsQUhnQUxnQm9BSFFBYlFCc0FDSUFMQUFpQUhRQUlnQTZBQ0lBWVFCcUFHRUFlQUFpQUgwQUxBQjdBQ0lBYmdBaUFEb0FJZ0JCQUdvQVlRQjRBQ0lBTEFBaUFITUFJZ0E2QURRQU53QTFBRGtBTUFBc0FDSUFaUUFpQURvQU5BQTRBRElBTVFBMkFDd0FJZ0J2QUNJQU9nQWlBRElBTUFBd0FDQUFSd0JGQUZRQU9nQWdBSE1BZEFCaEFHY0FhUUJ1QUdjQWNBQnlBR1VBWkFCcEFHTUFkQUExQUM0QWFRQnVBR1lBYkFCMUFHVUFiZ0JqQUdVQWFBQmxBR0VBYkFCMEFHZ0FMZ0JqQUc4QWJRQTZBRE1BTUFBd0FEQUFMd0J3QUhJQVpRQmtBR2tBWXdCMEFDOEFkZ0F4QUM4QVl3QnNBR2tBWlFCdUFIUUFjd0F2QUhVQWJnQnBBSFlBWlFCeUFITUFhUUIwQUhrQVl3QnZBR3dBYndCeUFHRUFaQUJ2QUM4QWJBQnBBSE1BZEFCakFHd0FhUUJsQUc0QWRBQnpBQ0lBTEFBaUFIUUFJZ0E2QUNJQVlRQnFBR0VBZUFBaUFIMEFMQUI3QUNJQWJnQWlBRG9BSWdCQkFHb0FZUUI0QUNJQUxBQWlBSE1BSWdBNkFEUUFOd0ExQURrQU5nQXNBQ0lBWlFBaUFEb0FOQUE0QURJQU5RQTJBQ3dBSWdCdkFDSUFPZ0FpQURJQU1BQXdBQ0FBUndCRkFGUUFPZ0FnQUhNQWRBQmhBR2NBYVFCdUFHY0FjQUJ5QUdVQVpBQnBBR01BZEFBMUFDNEFhUUJ1QUdZQWJBQjFBR1VBYmdCakFHVUFhQUJsQUdFQWJBQjBBR2dBTGdCakFHOEFiUUE2QURRQU5BQXpBQzhBYlFCdkFHUUFkUUJzQUdVQWN3QXZBR0VBWXdCakFHOEFkUUJ1QUhRQWN3QXZBSFlBYVFCbEFIY0Fjd0F2QUdNQWFBQnZBRzhBY3dCbEFDMEFZd0J2QUc0QWRBQmxBSGdBZEFBdUFHZ0FkQUJ0QUd3QUlnQXNBQ0lBZEFBaUFEb0FJZ0JoQUdvQVlRQjRBQ0lBZlFBc0FIc0FJZ0J1QUNJQU9nQWlBRUVBYWdCaEFIZ0FJZ0FzQUNJQWN3QWlBRG9BTkFBNEFESUFNUUF6QUN3QUlnQmxBQ0lBT2dBMEFEZ0FNZ0E0QURjQUxBQWlBRzhBSWdBNkFDSUFNZ0F3QURBQUlBQkhBRVVBVkFBNkFDQUFjd0IwQUdFQVp3QnBBRzRBWndCd0FISUFaUUJrQUdrQVl3QjBBRFVBTGdCcEFHNEFaZ0JzQUhVQVpRQnVBR01BWlFCb0FHVUFZUUJzQUhRQWFBQXVBR01BYndCdEFEb0FOQUEwQURNQUx3QWtBRzBBYndCa0FIVUFiQUJsQUM4QWJBQmhBSGtBYndCMUFIUUFjd0F2QUdJQVlRQnpBR1VBSWdBc0FDSUFkQUFpQURvQUlnQmhBR29BWVFCNEFDSUFmUUFzQUhzQUlnQnVBQ0lBT2dBaUFFRUFhZ0JoQUhnQUlnQXNBQ0lBY3dBaUFEb0FOQUE0QURJQU9BQTFBQ3dBSWdCbEFDSUFPZ0EwQURnQU13QTFBRFFBTEFBaUFHOEFJZ0E2QUNJQU1nQXdBREFBSUFCSEFFVUFWQUE2QUNBQWN3QjBBR0VBWndCcEFHNEFad0J3QUhJQVpRQmtBR2tBWXdCMEFEVUFMZ0JwQUc0QVpnQnNBSFVBWlFCdUFHTUFaUUJvQUdVQVlRQnNBSFFBYUFBdUFHTUFid0J0QURvQU5BQTBBRE1BTHdCc0FHRUFlUUJ2QUhVQWRBQnpBQzhBWWdCaEFITUFaUUF2QUM4QWJRQmhBR2tBYmdBdUFHb0Fjd0FpQUN3QUlnQjBBQ0lBT2dBaUFHRUFhZ0JoQUhnQUlnQjlBQ3dBZXdBaUFHNEFJZ0E2QUNJQVFRQnFBR0VBZUFBaUFDd0FJZ0J6QUNJQU9nQTBBRGdBTXdBMUFESUFMQUFpQUdVQUlnQTZBRFFBT0FBMkFEZ0FOQUFzQUNJQWJ3QWlBRG9BSWdBeUFEQUFNQUFnQUVjQVJRQlVBRG9BSUFCekFIUUFZUUJuQUdrQWJnQm5BSEFBY2dCbEFHUUFhUUJqQUhRQU5RQXVBR2tBYmdCbUFHd0FkUUJsQUc0QVl3QmxBR2dBWlFCaEFHd0FkQUJvQUM0QVl3QnZBRzBBT2dBMEFEUUFNd0F2QUd3QVlRQjVBRzhBZFFCMEFITUFMd0JpQUdFQWN3QmxBQzhBYVFCdUFHUUFaUUI0QUM0QWFBQjBBRzBBYkFBaUFDd0FJZ0IwQUNJQU9nQWlBR0VBYWdCaEFIZ0FJZ0I5QUN3QWV3QWlBRzRBSWdBNkFDSUFRUUJxQUdFQWVBQWlBQ3dBSWdCekFDSUFPZ0EwQURnQU5RQTJBRFVBTEFBaUFHVUFJZ0E2QURRQU9RQTVBRGNBTlFBc0FDSUFid0FpQURvQUlnQXlBREFBTUFBZ0FFY0FSUUJVQURvQUlBQnpBSFFBWVFCbkFHa0FiZ0JuQUhBQWNnQmxBR1FBYVFCakFIUUFOUUF1QUdrQWJnQm1BR3dBZFFCbEFHNEFZd0JsQUdnQVpRQmhBR3dBZEFCb0FDNEFZd0J2QUcwQU9nQXpBREFBTUFBd0FDOEFjQUJ5QUdVQVpBQnBBR01BZEFBdkFIWUFNUUF2QUd3QWJ3QnVBR2NBVWdCMUFHNEFiZ0JwQUc0QVp3QlVBR0VBY3dCckFITUFJZ0FzQUNJQWRBQWlBRG9BSWdCaEFHb0FZUUI0QUNJQWZRQXNBSHNBSWdCdUFDSUFPZ0FpQUVFQWFnQmhBSGdBSWdBc0FDSUFjd0FpQURvQU5BQTRBRFlBTUFBNUFDd0FJZ0JsQUNJQU9nQTBBRGtBT1FBNEFEWUFMQUFpQUc4QUlnQTZBQ0lBTWdBd0FEQUFJQUJIQUVVQVZBQTZBQ0FBY3dCMEFHRUFad0JwQUc0QVp3QndBSElBWlFCa0FHa0FZd0IwQURVQUxnQnBBRzRBWmdCc0FIVUFaUUJ1QUdNQVpRQm9BR1VBWVFCc0FIUUFhQUF1QUdNQWJ3QnRBRG9BTkFBMEFETUFMd0FrQUcwQWJ3QmtBSFVBYkFCbEFDOEFiUUJ2QUdRQWRRQnNBR1VBY3dBdkFHZ0Fid0J0QUdVQUlnQXNBQ0lBZEFBaUFEb0FJZ0JoQUdvQVlRQjRBQ0lBZlFBc0FIc0FJZ0J1QUNJQU9nQWlBRUVBYWdCaEFIZ0FJZ0FzQUNJQWN3QWlBRG9BTkFBNEFEWUFOQUEzQUN3QUlnQmxBQ0lBT2dBMUFEQUFNQUF5QURjQUxBQWlBRzhBSWdBNkFDSUFOQUF3QURRQUlBQkhBRVVBVkFBNkFDQUFjd0IwQUdFQVp3QnBBRzRBWndCd0FISUFaUUJrQUdrQVl3QjBBRFVBTGdCcEFHNEFaZ0JzQUhVQVpRQnVBR01BWlFCb0FHVUFZUUJzQUhRQWFBQXVBR01BYndCdEFEb0FOQUEwQURNQUx3QjBBR1VBYlFCd0FHd0FZUUIwQUdVQWN3QXZBR0lBWVFCekFHa0FZd0F2QUdrQWRRQnBBQzBBY0FCdkFISUFkQUJoQUd3QUxRQnNBRzhBWndCdkFDNEFhQUIwQUcwQWJBQWlBQ3dBSWdCMEFDSUFPZ0FpQUdFQWFnQmhBSGdBSWdCOUFDd0Fld0FpQUc0QUlnQTZBQ0lBUVFCcUFHRUFlQUFpQUN3QUlnQnpBQ0lBT2dBMEFEZ0FOZ0ExQURFQUxBQWlBR1VBSWdBNkFEVUFNQUF3QURjQU5BQXNBQ0lBYndBaUFEb0FJZ0F5QURBQU1BQWdBRWNBUlFCVUFEb0FJQUJ6QUhRQVlRQm5BR2tBYmdCbkFIQUFjZ0JsQUdRQWFRQmpBSFFBTlFBdUFHa0FiZ0JtQUd3QWRRQmxBRzRBWXdCbEFHZ0FaUUJoQUd3QWRBQm9BQzRBWXdCdkFHMEFPZ0EwQURRQU13QXZBR3dBWVFCNUFHOEFkUUIwQUhNQUx3QmlBR0VBY3dCbEFDOEFjd0JsQUd3QVpRQmpBSFFBTFFCakFHOEFiZ0IwQUdVQWVBQjBBQzRBYUFCMEFHMEFiQUFpQUN3QUlnQjBBQ0lBT2dBaUFHRUFhZ0JoQUhnQUlnQjlBQ3dBZXdBaUFHNEFJZ0E2QUNJQVFRQnFBR0VBZUFBaUFDd0FJZ0J6QUNJQU9nQTBBRGdBTmdBMUFEUUFMQUFpQUdVQUlnQTZBRFVBTUFBeEFEY0FOd0FzQUNJQWJ3QWlBRG9BSWdBeUFEQUFNQUFnQUVjQVJRQlVBRG9BSUFCekFIUUFZUUJuQUdrQWJnQm5BSEFBY2dCbEFHUUFhUUJqQUhRQU5RQXVBR2tBYmdCbUFHd0FkUUJsQUc0QVl3QmxBR2dBWlFCaEFHd0FkQUJvQUM0QVl3QnZBRzBBT2dBMEFEUUFNd0F2QUd3QVlRQjVBRzhBZFFCMEFITUFMd0JpQUdFQWN3QmxBQzhBY3dCbEFHTUFid0J1QUdRQVlRQnlBSGtBTFFCekFHa0FaQUJsQUdJQVlRQnlBQzBBYmdCaEFIWUFhUUJuQUdFQWRBQnBBRzhBYmdBdUFHZ0FkQUJ0QUd3QUlnQXNBQ0lBZEFBaUFEb0FJZ0JoQUdvQVlRQjRBQ0lBZlFBc0FIc0FJZ0J1QUNJQU9nQWlBRUVBYWdCaEFIZ0FJZ0FzQUNJQWN3QWlBRG9BTkFBNUFEa0FPQUF3QUN3QUlnQmxBQ0lBT2dBMUFEQUFNd0E1QURBQUxBQWlBRzhBSWdBNkFDSUFNZ0F3QURBQUlBQkhBRVVBVkFBNkFDQUFjd0IwQUdFQVp3QnBBRzRBWndCd0FISUFaUUJrQUdrQVl3QjBBRFVBTGdCcEFHNEFaZ0JzQUhVQVpRQnVBR01BWlFCb0FHVUFZUUJzQUhRQWFBQXVBR01BYndCdEFEb0FOQUEwQURNQUx3QnRBRzhBWkFCMUFHd0FaUUJ6QUM4QWFBQnZBRzBBWlFBdkFDOEFiUUJoQUdrQWJnQXVBR29BY3dBaUFDd0FJZ0IwQUNJQU9nQWlBR0VBYWdCaEFIZ0FJZ0I5QUN3QWV3QWlBRzRBSWdBNkFDSUFRUUJxQUdFQWVBQWlBQ3dBSWdCekFDSUFPZ0EwQURrQU9RQTRBRFFBTEFBaUFHVUFJZ0E2QURVQU1BQTBBREFBTWdBc0FDSUFid0FpQURvQUlnQXlBREFBTUFBZ0FFY0FSUUJVQURvQUlBQnpBSFFBWVFCbkFHa0FiZ0JuQUhBQWNnQmxBR1FBYVFCakFIUUFOUUF1QUdrQWJnQm1BR3dBZFFCbEFHNEFZd0JsQUdnQVpRQmhBR3dBZEFCb0FDNEFZd0J2QUcwQU9nQTBBRFFBTXdBdkFHMEFid0JrQUhVQWJBQmxBSE1BTHdCb0FHOEFiUUJsQUM4QUx3QmpBRzhBYmdCMEFISUFid0JzQUd3QVpRQnlBSE1BWEFCY0FGY0FaUUJzQUdNQWJ3QnRBR1VBUXdCMEFISUFiQUF1QUdvQWN3QWlBQ3dBSWdCMEFDSUFPZ0FpQUdFQWFnQmhBSGdBSWdCOUFDd0Fld0FpQUc0QUlnQTZBQ0lBUVFCcUFHRUFlQUFpQUN3QUlnQnpBQ0lBT2dBMUFEQUFNd0E0QURjQUxBQWlBR1VBSWdBNkFEVUFNQUEwQURVQU9RQXNBQ0lBYndBaUFEb0FJZ0F5QURBQU1BQWdBRWNBUlFCVUFEb0FJQUJ6QUhRQVlRQm5BR2tBYmdCbkFIQUFjZ0JsQUdRQWFRQmpBSFFBTlFBdUFHa0FiZ0JtQUd3QWRRQmxBRzRBWXdCbEFHZ0FaUUJoQUd3QWRBQm9BQzRBWXdCdkFHMEFPZ0EwQURRQU13QXZBRzBBYndCa0FIVUFiQUJsQUhNQUx3Qm9BRzhBYlFCbEFDOEFZd0J2QUc0QWRBQnlBRzhBYkFCc0FHVUFjZ0J6QUM4QVZ3QmxBR3dBWXdCdkFHMEFaUUJEQUhRQWNnQnNBQzRBYWdCekFDSUFMQUFpQUhRQUlnQTZBQ0lBWVFCcUFHRUFlQUFpQUgwQUxBQjdBQ0lBYmdBaUFEb0FJZ0JCQUdvQVlRQjRBQ0lBTEFBaUFITUFJZ0E2QURVQU1BQXpBRGtBTndBc0FDSUFaUUFpQURvQU5RQXdBRFVBTUFBMkFDd0FJZ0J2QUNJQU9nQWlBRElBTUFBd0FDQUFSd0JGQUZRQU9nQWdBSE1BZEFCaEFHY0FhUUJ1QUdjQWNBQnlBR1VBWkFCcEFHTUFkQUExQUM0QWFRQnVBR1lBYkFCMUFHVUFiZ0JqQUdVQWFBQmxBR0VBYkFCMEFHZ0FMZ0JqQUc4QWJRQTZBRFFBTkFBekFDOEFiUUJ2QUdRQWRRQnNBR1VBY3dBdkFHZ0Fid0J0QUdVQUx3QnBBRzRBWkFCbEFIZ0FMZ0JvQUhRQWJRQnNBQ0lBTEFBaUFIUUFJZ0E2QUNJQVlRQnFBR0VBZUFBaUFIMEFMQUI3QUNJQWJnQWlBRG9BSWdCQkFHb0FZUUI0QUNJQUxBQWlBSE1BSWdBNkFEVUFNQUEwQURrQU13QXNBQ0lBWlFBaUFEb0FOUUF3QURZQU1nQTJBQ3dBSWdCdkFDSUFPZ0FpQURJQU1BQXdBQ0FBUndCRkFGUUFPZ0FnQUhNQWRBQmhBR2NBYVFCdUFHY0FjQUJ5QUdVQVpBQnBBR01BZEFBMUFDNEFhUUJ1QUdZQWJBQjFBR1VBYmdCakFHVUFhQUJsQUdFQWJBQjBBR2dBTGdCakFHOEFiUUE2QURRQU5BQXpBQzhBYlFCdkFHUUFkUUJzQUdVQWN3QXZBR2dBYndCdEFHVUFMd0IyQUdrQVpRQjNBSE1BTHdCM0FHVUFiQUJqQUc4QWJRQmxBQzRBYUFCMEFHMEFiQUFpQUN3QUlnQjBBQ0lBT2dBaUFHRUFhZ0JoQUhnQUlnQjlBQ3dBZXdBaUFHNEFJZ0E2QUNJQVFRQnFBR0VBZUFBaUFDd0FJZ0J6QUNJQU9nQTFBREFBTlFBNEFEUUFMQUFpQUdVQUlnQTZBRFVBTVFBMUFEUUFNUUFzQUNJQWJ3QWlBRG9BSWdBeUFEQUFNQUFnQUVjQVJRQlVBRG9BSUFCekFIUUFZUUJuQUdrQWJnQm5BSEFBY2dCbEFHUUFhUUJqQUhRQU5RQXVBR2tBYmdCbUFHd0FkUUJsQUc0QVl3QmxBR2dBWlFCaEFHd0FkQUJvQUM0QVl3QnZBRzBBT2dBekFEQUFNQUF3QUM4QWNBQnlBR1VBWkFCcEFHTUFkQUF2QUhZQU1RQXZBR3dBYndCdUFHY0FVZ0IxQUc0QWJnQnBBRzRBWndCVUFHRUFjd0JyQUhNQUlnQXNBQ0lBZEFBaUFEb0FJZ0JoQUdvQVlRQjRBQ0lBZlFBc0FIc0FJZ0J1QUNJQU9nQWlBRUVBYWdCaEFIZ0FJZ0FzQUNJQWN3QWlBRG9BTlFBd0FEUUFPUUE0QUN3QUlnQmxBQ0lBT2dBMUFERUFOUUEzQURrQUxBQWlBRzhBSWdBNkFDSUFNZ0F3QURBQUlBQkhBRVVBVkFBNkFDQUFjd0IwQUdFQVp3QnBBRzRBWndCd0FISUFaUUJrQUdrQVl3QjBBRFVBTGdCcEFHNEFaZ0JzQUhVQVpRQnVBR01BWlFCb0FHVUFZUUJzQUhRQWFBQXVBR01BYndCdEFEb0FOQUEwQURNQUx3QnRBRzhBWkFCMUFHd0FaUUJ6QUM4QWFBQnZBRzBBWlFBdkFIWUFhUUJsQUhjQWN3QXZBR1FBWlFCdEFHOEFMZ0JvQUhRQWJRQnNBQ0lBTEFBaUFIUUFJZ0E2QUNJQVlRQnFBR0VBZUFBaUFIMEFMQUI3QUNJQWJnQWlBRG9BSWdCdEFHOEFkUUJ6QUdrQWJnQm5BQ0lBTEFBaUFITUFJZ0E2QURRQU1RQTVBRFVBTkFBc0FDSUFaUUFpQURvQU5BQXhBRGtBTlFBMUFDd0FJZ0J2QUNJQU9nQWlBR2tBYmdCd0FIVUFkQUFqQUdrQVpBQmZBSEFBWVFCekFITUFMZ0JtQUc4QWNnQnRBQzBBWXdCdkFHNEFkQUJ5QUc4QWJBQXVBRzRBWndBdEFHUUFhUUJ5QUhRQWVRQXVBRzRBWndBdEFIWUFZUUJzQUdrQVpBQXVBRzRBWndBdEFIWUFZUUJzQUdrQVpBQXRBSElBWlFCeEFIVUFhUUJ5QUdVQVpBQWlBQ3dBSWdCMEFDSUFPZ0FpQUdVQWRnQmxBRzRBZEFBaUFIMEFMQUI3QUNJQWJnQWlBRG9BSWdCdEFHOEFkUUJ6QUdrQWJnQm5BQ0lBTEFBaUFITUFJZ0E2QURRQU1nQXhBREFBTmdBc0FDSUFaUUFpQURvQU5BQXlBREVBTUFBM0FDd0FJZ0J2QUNJQU9nQWlBR0VBSWdBc0FDSUFkQUFpQURvQUlnQmxBSFlBWlFCdUFIUUFJZ0I5QUN3QWV3QWlBRzRBSWdBNkFDSUFiUUJ2QUhVQWN3QnBBRzRBWndBaUFDd0FJZ0J6QUNJQU9nQTBBRElBTWdBeEFEZ0FMQUFpQUdVQUlnQTZBRFFBTXdBeUFEQUFNZ0FzQUNJQWJ3QWlBRG9BSWdCaUFIVUFkQUIwQUc4QWJnQXVBR0lBZEFCdUFDNEFZZ0IwQUc0QUxRQndBSElBYVFCdEFHRUFjZ0I1QUM0QVlnQjBBRzRBTFFCaUFHd0Fid0JqQUdzQUlnQXNBQ0lBZEFBaUFEb0FJZ0JsQUhZQVpRQnVBSFFBSWdCOUFDd0Fld0FpQUc0QUlnQTZBQ0lBYlFCdkFIVUFjd0JwQUc0QVp3QWlBQ3dBSWdCekFDSUFPZ0EwQURRQU9BQXlBRFlBTEFBaUFHVUFJZ0E2QURRQU5RQXdBRFFBTVFBc0FDSUFid0FpQURvQUlnQmlBSFVBZEFCMEFHOEFiZ0F1QUdJQWRBQnVBQzRBWWdCMEFHNEFMUUJ3QUhJQWFRQnRBR0VBY2dCNUFDNEFZZ0IwQUc0QUxRQmlBR3dBYndCakFHc0FJZ0FzQUNJQWRBQWlBRG9BSWdCbEFIWUFaUUJ1QUhRQUlnQjlBQ3dBZXdBaUFHNEFJZ0E2QUNJQWJRQnZBSFVBY3dCcEFHNEFad0FpQUN3QUlnQnpBQ0lBT2dBMEFEWUFOZ0E1QURFQUxBQWlBR1VBSWdBNkFEUUFOZ0EyQURrQU1nQXNBQ0lBYndBaUFEb0FJZ0JrQUdrQWRnQXVBR3dBYndCbkFHa0FiZ0F0QUhBQVlRQnVBR1VBYkFBdEFITUFhd0JsQUhjQUlnQXNBQ0lBZEFBaUFEb0FJZ0JsQUhZQVpRQnVBSFFBSWdCOUFDd0Fld0FpQUc0QUlnQTZBQ0lBYlFCdkFIVUFjd0JwQUc0QVp3QWlBQ3dBSWdCekFDSUFPZ0EwQURZQU53QTBBRElBTEFBaUFHVUFJZ0E2QURRQU5nQTNBRFFBTWdBc0FDSUFid0FpQURvQUlnQnpBR1VBWXdCMEFHa0Fid0J1QUM0QWJBQnZBR2NBYVFCdUFDMEFkd0J5QUdFQWNBQXVBRzRBWndBdEFITUFZd0J2QUhBQVpRQWlBQ3dBSWdCMEFDSUFPZ0FpQUdVQWRnQmxBRzRBZEFBaUFIMEFMQUI3QUNJQWJnQWlBRG9BSWdCdEFHOEFkUUJ6QUdrQWJnQm5BQ0lBTEFBaUFITUFJZ0E2QURRQU5nQTNBRGtBT0FBc0FDSUFaUUFpQURvQU5BQTJBRGNBT1FBNUFDd0FJZ0J2QUNJQU9nQWlBR1FBYVFCMkFDNEFiQUJ2QUdjQWFRQnVBQzBBY0FCaEFHNEFaUUJzQUNJQUxBQWlBSFFBSWdBNkFDSUFaUUIyQUdVQWJnQjBBQ0lBZlFBc0FIc0FJZ0J1QUNJQU9nQWlBR01BYUFCaEFHNEFad0JsQUNJQUxBQWlBSE1BSWdBNkFEUUFOQUEzQURBQU1nQXNBQ0lBWlFBaUFEb0FOQUEwQURjQU1BQXlBQ3dBSWdCdkFDSUFPZ0FpQUdrQWJnQndBSFVBZEFBakFHa0FaQUJmQUhBQVlRQnpBSE1BTGdCbUFHOEFjZ0J0QUMwQVl3QnZBRzRBZEFCeUFHOEFiQUF1QUc0QVp3QXRBR1FBYVFCeUFIUUFlUUF1QUc0QVp3QXRBSFlBWVFCc0FHa0FaQUF1QUc0QVp3QXRBSFlBWVFCc0FHa0FaQUF0QUhJQVpRQnhBSFVBYVFCeUFHVUFaQUFpQUN3QUlnQjBBQ0lBT2dBaUFHVUFkZ0JsQUc0QWRBQWlBSDBBTEFCN0FDSUFiZ0FpQURvQUlnQm1BRzhBWXdCMUFITUFhUUJ1QUNJQUxBQWlBSE1BSWdBNkFEUUFOQUEzQURBQU5BQXNBQ0lBWlFBaUFEb0FOQUEwQURjQU1BQTRBQ3dBSWdCdkFDSUFPZ0FpQUdJQWRRQjBBSFFBYndCdUFDNEFZZ0IwQUc0QUxnQmlBSFFBYmdBdEFIQUFjZ0JwQUcwQVlRQnlBSGtBTGdCaUFIUUFiZ0F0QUdJQWJBQnZBR01BYXdBaUFDd0FJZ0IwQUNJQU9nQWlBR1VBZGdCbEFHNEFkQUFpQUgwQUxBQjdBQ0lBYmdBaUFEb0FJZ0JqQUd3QWFRQmpBR3NBSWdBc0FDSUFjd0FpQURvQU5BQTBBRGNBT1FBekFDd0FJZ0JsQUNJQU9nQTBBRFFBTndBNUFEUUFMQUFpQUc4QUlnQTZBQ0lBWWdCMUFIUUFkQUJ2QUc0QUxnQmlBSFFBYmdBdUFHSUFkQUJ1QUMwQWNBQnlBR2tBYlFCaEFISUFlUUF1QUdJQWRBQnVBQzBBWWdCc0FHOEFZd0JyQUNJQUxBQWlBSFFBSWdBNkFDSUFaUUIyQUdVQWJnQjBBQ0lBZlFBc0FIc0FJZ0J1QUNJQU9nQWlBR01BYkFCcEFHTUFhd0FpQUN3QUlnQnpBQ0lBT2dBMEFEUUFOd0E1QURRQUxBQWlBR1VBSWdBNkFEUUFOQUEzQURrQU5BQXNBQ0lBYndBaUFEb0FJZ0JpQUhVQWRBQjBBRzhBYmdBdUFHSUFkQUJ1QUM0QVlnQjBBRzRBTFFCd0FISUFhUUJ0QUdFQWNnQjVBQzRBWWdCMEFHNEFMUUJpQUd3QWJ3QmpBR3NBSWdBc0FDSUFkQUFpQURvQUlnQmxBSFlBWlFCdUFIUUFJZ0I5QUN3QWV3QWlBRzRBSWdBNkFDSUFZd0JzQUdrQVl3QnJBQ0lBTEFBaUFITUFJZ0E2QURRQU5BQTNBRGtBTkFBc0FDSUFaUUFpQURvQU5BQTBBRGNBT1FBNUFDd0FJZ0J2QUNJQU9nQWlBR0lBZFFCMEFIUUFid0J1QUM0QVlnQjBBRzRBTGdCaUFIUUFiZ0F0QUhBQWNnQnBBRzBBWVFCeUFIa0FMZ0JpQUhRQWJnQXRBR0lBYkFCdkFHTUFhd0FpQUN3QUlnQjBBQ0lBT2dBaUFHVUFkZ0JsQUc0QWRBQWlBSDBBTEFCN0FDSUFiZ0FpQURvQUlnQmpBR3dBYVFCakFHc0FJZ0FzQUNJQWN3QWlBRG9BTkFBMEFEY0FPUUE1QUN3QUlnQmxBQ0lBT2dBMEFEUUFPQUF3QURBQUxBQWlBRzhBSWdBNkFDSUFZZ0IxQUhRQWRBQnZBRzRBTGdCaUFIUUFiZ0F1QUdJQWRBQnVBQzBBY0FCeUFHa0FiUUJoQUhJQWVRQXVBR0lBZEFCdUFDMEFZZ0JzQUc4QVl3QnJBQ0lBTEFBaUFIUUFJZ0E2QUNJQVpRQjJBR1VBYmdCMEFDSUFmUUFzQUhzQUlnQnVBQ0lBT2dBaUFITUFkUUJpQUcwQWFRQjBBQ0lBTEFBaUFITUFJZ0E2QURRQU5BQTRBREFBTXdBc0FDSUFaUUFpQURvQU5BQTBBRGdBTUFBekFDd0FJZ0J2QUNJQU9nQWlBR1lBYndCeUFHMEFMZ0J1QUdjQUxRQmtBR2tBY2dCMEFIa0FMZ0J1QUdjQUxRQjJBR0VBYkFCcEFHUUFMZ0J1QUdjQUxRQjJBR0VBYkFCcEFHUUFMUUJ5QUdVQWNRQjFBR2tBY2dCbEFHUUFJZ0FzQUNJQWRBQWlBRG9BSWdCbEFIWUFaUUJ1QUhRQUlnQjlBQ3dBZXdBaUFHNEFJZ0E2QUNJQWN3QjFBR0lBYlFCcEFIUUFJZ0FzQUNJQWN3QWlBRG9BTkFBMEFEZ0FNQUEwQUN3QUlnQmxBQ0lBT2dBMEFEUUFPQUF4QURVQUxBQWlBRzhBSWdBNkFDSUFaZ0J2QUhJQWJRQXVBRzRBWndBdEFHUUFhUUJ5QUhRQWVRQXVBRzRBWndBdEFIWUFZUUJzQUdrQVpBQXVBRzRBWndBdEFIWUFZUUJzQUdrQVpBQXRBSElBWlFCeEFIVUFhUUJ5QUdVQVpBQWlBQ3dBSWdCMEFDSUFPZ0FpQUdVQWRnQmxBRzRBZEFBaUFIMEFMQUI3QUNJQWJnQWlBRG9BSWdCekFIUUFid0J5QUdFQVp3QmxBQ0lBTEFBaUFITUFJZ0E2QURRQU5BQTRBREVBT0FBc0FDSUFaUUFpQURvQU5BQTBBRGdBTVFBNEFDd0FJZ0J2QUNJQU9nQWlBSGNBYVFCdUFHUUFid0IzQUNJQUxBQWlBSFFBSWdBNkFDSUFaUUIyQUdVQWJnQjBBQ0lBZlFBc0FIc0FJZ0J1QUNJQU9nQWlBSE1BZEFCdkFISUFZUUJuQUdVQUlnQXNBQ0lBY3dBaUFEb0FOQUEyQURrQU5RQXlBQ3dBSWdCbEFDSUFPZ0EwQURZQU9RQTFBRElBTEFBaUFHOEFJZ0E2QUNJQWR3QnBBRzRBWkFCdkFIY0FJZ0FzQUNJQWRBQWlBRG9BSWdCbEFIWUFaUUJ1QUhRQUlnQjlBQ3dBZXdBaUFHNEFJZ0E2QUNJQWN3QjBBRzhBY2dCaEFHY0FaUUFpQUN3QUlnQnpBQ0lBT2dBMEFEWUFPUUExQURJQUxBQWlBR1VBSWdBNkFEUUFOZ0E1QURVQU1nQXNBQ0lBYndBaUFEb0FJZ0IzQUdrQWJnQmtBRzhBZHdBaUFDd0FJZ0IwQUNJQU9nQWlBR1VBZGdCbEFHNEFkQUFpQUgwQUxBQjdBQ0lBYmdBaUFEb0FJZ0J6QUhRQWJ3QnlBR0VBWndCbEFDSUFMQUFpQUhNQUlnQTZBRFFBTmdBNUFEVUFNd0FzQUNJQVpRQWlBRG9BTkFBMkFEa0FOUUF6QUN3QUlnQnZBQ0lBT2dBaUFIY0FhUUJ1QUdRQWJ3QjNBQ0lBTEFBaUFIUUFJZ0E2QUNJQVpRQjJBR1VBYmdCMEFDSUFmUUFzQUhzQUlnQnVBQ0lBT2dBaUFITUFkQUJ2QUhJQVlRQm5BR1VBSWdBc0FDSUFjd0FpQURvQU5BQTJBRGtBTlFBekFDd0FJZ0JsQUNJQU9nQTBBRFlBT1FBMUFETUFMQUFpQUc4QUlnQTZBQ0lBZHdCcEFHNEFaQUJ2QUhjQUlnQXNBQ0lBZEFBaUFEb0FJZ0JsQUhZQVpRQnVBSFFBSWdCOUFDd0Fld0FpQUc0QUlnQTZBQ0lBY3dCMEFHOEFjZ0JoQUdjQVpRQWlBQ3dBSWdCekFDSUFPZ0EwQURZQU9RQTFBRE1BTEFBaUFHVUFJZ0E2QURRQU5nQTVBRFVBTXdBc0FDSUFid0FpQURvQUlnQjNBR2tBYmdCa0FHOEFkd0FpQUN3QUlnQjBBQ0lBT2dBaUFHVUFkZ0JsQUc0QWRBQWlBSDBBTEFCN0FDSUFiZ0FpQURvQUlnQnpBSFFBYndCeUFHRUFad0JsQUNJQUxBQWlBSE1BSWdBNkFEUUFOZ0E1QURVQU13QXNBQ0lBWlFBaUFEb0FOQUEyQURrQU5RQXpBQ3dBSWdCdkFDSUFPZ0FpQUhjQWFRQnVBR1FBYndCM0FDSUFMQUFpQUhRQUlnQTZBQ0lBWlFCMkFHVUFiZ0IwQUNJQWZRQXNBSHNBSWdCdUFDSUFPZ0FpQUhNQWRBQnZBSElBWVFCbkFHVUFJZ0FzQUNJQWN3QWlBRG9BTkFBMkFEa0FOUUF6QUN3QUlnQmxBQ0lBT2dBMEFEWUFPUUExQURNQUxBQWlBRzhBSWdBNkFDSUFkd0JwQUc0QVpBQnZBSGNBSWdBc0FDSUFkQUFpQURvQUlnQmxBSFlBWlFCdUFIUUFJZ0I5QUN3QWV3QWlBRzRBSWdBNkFDSUFjd0IwQUc4QWNnQmhBR2NBWlFBaUFDd0FJZ0J6QUNJQU9nQTBBRFlBT1FBMUFEUUFMQUFpQUdVQUlnQTZBRFFBTmdBNUFEVUFOQUFzQUNJQWJ3QWlBRG9BSWdCM0FHa0FiZ0JrQUc4QWR3QWlBQ3dBSWdCMEFDSUFPZ0FpQUdVQWRnQmxBRzRBZEFBaUFIMEFMQUI3QUNJQWJnQWlBRG9BSWdCekFIUUFid0J5QUdFQVp3QmxBQ0lBTEFBaUFITUFJZ0E2QURRQU5nQTVBRFVBTkFBc0FDSUFaUUFpQURvQU5BQTJBRGtBTlFBMEFDd0FJZ0J2QUNJQU9nQWlBSGNBYVFCdUFHUUFid0IzQUNJQUxBQWlBSFFBSWdBNkFDSUFaUUIyQUdVQWJnQjBBQ0lBZlFBc0FIc0FJZ0J1QUNJQU9nQWlBSE1BZEFCdkFISUFZUUJuQUdVQUlnQXNBQ0lBY3dBaUFEb0FOQUEyQURrQU5RQTBBQ3dBSWdCbEFDSUFPZ0EwQURZQU9RQTFBRFFBTEFBaUFHOEFJZ0E2QUNJQWR3QnBBRzRBWkFCdkFIY0FJZ0FzQUNJQWRBQWlBRG9BSWdCbEFIWUFaUUJ1QUhRQUlnQjlBQ3dBZXdBaUFHNEFJZ0E2QUNJQWN3QjBBRzhBY2dCaEFHY0FaUUFpQUN3QUlnQnpBQ0lBT2dBMEFEWUFPUUExQURRQUxBQWlBR1VBSWdBNkFEUUFOZ0E1QURVQU5BQXNBQ0lBYndBaUFEb0FJZ0IzQUdrQWJnQmtBRzhBZHdBaUFDd0FJZ0IwQUNJQU9nQWlBR1VBZGdCbEFHNEFkQUFpQUgwQUxBQjdBQ0lBYmdBaUFEb0FJZ0J6QUhRQWJ3QnlBR0VBWndCbEFDSUFMQUFpQUhNQUlnQTZBRFFBTmdBNUFEVUFOQUFzQUNJQVpRQWlBRG9BTkFBMkFEa0FOUUEwQUN3QUlnQnZBQ0lBT2dBaUFIY0FhUUJ1QUdRQWJ3QjNBQ0lBTEFBaUFIUUFJZ0E2QUNJQVpRQjJBR1VBYmdCMEFDSUFmUUFzQUhzQUlnQnVBQ0lBT2dBaUFITUFkQUJ2QUhJQVlRQm5BR1VBSWdBc0FDSUFjd0FpQURvQU5BQTRBRElBTmdBd0FDd0FJZ0JsQUNJQU9nQTBBRGdBTWdBMkFERUFMQUFpQUc4QUlnQTZBQ0lBZHdCcEFHNEFaQUJ2QUhjQUlnQXNBQ0lBZEFBaUFEb0FJZ0JsQUhZQVpRQnVBSFFBSWdCOUFDd0Fld0FpQUc0QUlnQTZBQ0lBY3dCMEFHOEFjZ0JoQUdjQVpRQWlBQ3dBSWdCekFDSUFPZ0EwQURnQU1nQTJBREVBTEFBaUFHVUFJZ0E2QURRQU9BQXlBRFlBTVFBc0FDSUFid0FpQURvQUlnQjNBR2tBYmdCa0FHOEFkd0FpQUN3QUlnQjBBQ0lBT2dBaUFHVUFkZ0JsQUc0QWRBQWlBSDBBTEFCN0FDSUFiZ0FpQURvQUlnQnpBSFFBYndCeUFHRUFad0JsQUNJQUxBQWlBSE1BSWdBNkFEUUFPQUF5QURZQU1RQXNBQ0lBWlFBaUFEb0FOQUE0QURJQU5nQXhBQ3dBSWdCdkFDSUFPZ0FpQUhjQWFRQnVBR1FBYndCM0FDSUFMQUFpQUhRQUlnQTZBQ0lBWlFCMkFHVUFiZ0IwQUNJQWZRQXNBSHNBSWdCdUFDSUFPZ0FpQUhNQWRBQnZBSElBWVFCbkFHVUFJZ0FzQUNJQWN3QWlBRG9BTkFBNEFESUFOZ0F4QUN3QUlnQmxBQ0lBT2dBMEFEZ0FNZ0EyQURFQUxBQWlBRzhBSWdBNkFDSUFkd0JwQUc0QVpBQnZBSGNBSWdBc0FDSUFkQUFpQURvQUlnQmxBSFlBWlFCdUFIUUFJZ0I5QUN3QWV3QWlBRzRBSWdBNkFDSUFjd0IwQUc4QWNnQmhBR2NBWlFBaUFDd0FJZ0J6QUNJQU9nQTBBRGdBTWdBMkFESUFMQUFpQUdVQUlnQTZBRFFBT0FBeUFEWUFNZ0FzQUNJQWJ3QWlBRG9BSWdCM0FHa0FiZ0JrQUc4QWR3QWlBQ3dBSWdCMEFDSUFPZ0FpQUdVQWRnQmxBRzRBZEFBaUFIMEFMQUI3QUNJQWJnQWlBRG9BSWdCekFIUUFid0J5QUdFQVp3QmxBQ0lBTEFBaUFITUFJZ0E2QURRQU9BQXlBRFlBTWdBc0FDSUFaUUFpQURvQU5BQTRBRElBTmdBeUFDd0FJZ0J2QUNJQU9nQWlBSGNBYVFCdUFHUUFid0IzQUNJQUxBQWlBSFFBSWdBNkFDSUFaUUIyQUdVQWJnQjBBQ0lBZlFBc0FIc0FJZ0J1QUNJQU9nQWlBSE1BZEFCdkFISUFZUUJuQUdVQUlnQXNBQ0lBY3dBaUFEb0FOQUE0QURJQU5nQXlBQ3dBSWdCbEFDSUFPZ0EwQURnQU1nQTJBRElBTEFBaUFHOEFJZ0E2QUNJQWR3QnBBRzRBWkFCdkFIY0FJZ0FzQUNJQWRBQWlBRG9BSWdCbEFIWUFaUUJ1QUhRQUlnQjlBQ3dBZXdBaUFHNEFJZ0E2QUNJQWN3QjBBRzhBY2dCaEFHY0FaUUFpQUN3QUlnQnpBQ0lBT2dBMEFEZ0FNZ0EyQURJQUxBQWlBR1VBSWdBNkFEUUFPQUF5QURZQU1nQXNBQ0lBYndBaUFEb0FJZ0IzQUdrQWJnQmtBRzhBZHdBaUFDd0FJZ0IwQUNJQU9nQWlBR1VBZGdCbEFHNEFkQUFpQUgwQUxBQjdBQ0lBYmdBaUFEb0FJZ0J6QUhRQWJ3QnlBR0VBWndCbEFDSUFMQUFpQUhNQUlnQTZBRFFBT0FBeUFEWUFNZ0FzQUNJQVpRQWlBRG9BTkFBNEFESUFOZ0F6QUN3QUlnQnZBQ0lBT2dBaUFIY0FhUUJ1QUdRQWJ3QjNBQ0lBTEFBaUFIUUFJZ0E2QUNJQVpRQjJBR1VBYmdCMEFDSUFmUUFzQUhzQUlnQnVBQ0lBT2dBaUFITUFkQUJ2QUhJQVlRQm5BR1VBSWdBc0FDSUFjd0FpQURvQU5BQTRBRElBTmdBekFDd0FJZ0JsQUNJQU9nQTBBRGdBTWdBMkFETUFMQUFpQUc4QUlnQTZBQ0lBZHdCcEFHNEFaQUJ2QUhjQUlnQXNBQ0lBZEFBaUFEb0FJZ0JsQUhZQVpRQnVBSFFBSWdCOUFDd0Fld0FpQUc0QUlnQTZBQ0lBY3dCMEFHOEFjZ0JoQUdjQVpRQWlBQ3dBSWdCekFDSUFPZ0EwQURnQU5nQTRBRGtBTEFBaUFHVUFJZ0E2QURRQU9BQTJBRGdBT1FBc0FDSUFid0FpQURvQUlnQjNBR2tBYmdCa0FHOEFkd0FpQUN3QUlnQjBBQ0lBT2dBaUFHVUFkZ0JsQUc0QWRBQWlBSDBBTEFCN0FDSUFiZ0FpQURvQUlnQnpBSFFBYndCeUFHRUFad0JsQUNJQUxBQWlBSE1BSWdBNkFEUUFPQUEyQURnQU9RQXNBQ0lBWlFBaUFEb0FOQUE0QURZQU9BQTVBQ3dBSWdCdkFDSUFPZ0FpQUhjQWFRQnVBR1FBYndCM0FDSUFMQUFpQUhRQUlnQTZBQ0lBWlFCMkFHVUFiZ0IwQUNJQWZRQXNBSHNBSWdCdUFDSUFPZ0FpQUhNQWRBQnZBSElBWVFCbkFHVUFJZ0FzQUNJQWN3QWlBRG9BTkFBNEFEWUFPQUE1QUN3QUlnQmxBQ0lBT2dBMEFEZ0FOZ0E0QURrQUxBQWlBRzhBSWdBNkFDSUFkd0JwQUc0QVpBQnZBSGNBSWdBc0FDSUFkQUFpQURvQUlnQmxBSFlBWlFCdUFIUUFJZ0I5QUN3QWV3QWlBRzRBSWdBNkFDSUFjd0IwQUc4QWNnQmhBR2NBWlFBaUFDd0FJZ0J6QUNJQU9nQTBBRGdBTmdBNUFEQUFMQUFpQUdVQUlnQTZBRFFBT0FBMkFEa0FNQUFzQUNJQWJ3QWlBRG9BSWdCM0FHa0FiZ0JrQUc4QWR3QWlBQ3dBSWdCMEFDSUFPZ0FpQUdVQWRnQmxBRzRBZEFBaUFIMEFMQUI3QUNJQWJnQWlBRG9BSWdCekFIUUFid0J5QUdFQVp3QmxBQ0lBTEFBaUFITUFJZ0E2QURRQU9BQTJBRGtBTUFBc0FDSUFaUUFpQURvQU5BQTRBRFlBT1FBd0FDd0FJZ0J2QUNJQU9nQWlBSGNBYVFCdUFHUUFid0IzQUNJQUxBQWlBSFFBSWdBNkFDSUFaUUIyQUdVQWJnQjBBQ0lBZlFBc0FIc0FJZ0J1QUNJQU9nQWlBSE1BZEFCdkFISUFZUUJuQUdVQUlnQXNBQ0lBY3dBaUFEb0FOQUE0QURZQU9RQXdBQ3dBSWdCbEFDSUFPZ0EwQURnQU5nQTVBREFBTEFBaUFHOEFJZ0E2QUNJQWR3QnBBRzRBWkFCdkFIY0FJZ0FzQUNJQWRBQWlBRG9BSWdCbEFIWUFaUUJ1QUhRQUlnQjlBQ3dBZXdBaUFHNEFJZ0E2QUNJQWN3QjBBRzhBY2dCaEFHY0FaUUFpQUN3QUlnQnpBQ0lBT2dBMEFEZ0FOZ0E1QURBQUxBQWlBR1VBSWdBNkFEUUFPQUEyQURrQU1BQXNBQ0lBYndBaUFEb0FJZ0IzQUdrQWJnQmtBRzhBZHdBaUFDd0FJZ0IwQUNJQU9nQWlBR1VBZGdCbEFHNEFkQUFpQUgwQUxBQjdBQ0lBYmdBaUFEb0FJZ0J6QUhRQWJ3QnlBR0VBWndCbEFDSUFMQUFpQUhNQUlnQTZBRFFBT0FBMkFEa0FNQUFzQUNJQVpRQWlBRG9BTkFBNEFEWUFPUUF3QUN3QUlnQnZBQ0lBT2dBaUFIY0FhUUJ1QUdRQWJ3QjNBQ0lBTEFBaUFIUUFJZ0E2QUNJQVpRQjJBR1VBYmdCMEFDSUFmUUFzQUhzQUlnQnVBQ0lBT2dBaUFITUFkQUJ2QUhJQVlRQm5BR1VBSWdBc0FDSUFjd0FpQURvQU5BQTRBRGNBTWdBM0FDd0FJZ0JsQUNJQU9nQTBBRGdBTndBekFEQUFMQUFpQUc4QUlnQTZBQ0lBZHdCcEFHNEFaQUJ2QUhjQUlnQXNBQ0lBZEFBaUFEb0FJZ0JsQUhZQVpRQnVBSFFBSWdCOUFDd0Fld0FpQUc0QUlnQTZBQ0lBY3dCMEFHOEFjZ0JoQUdjQVpRQWlBQ3dBSWdCekFDSUFPZ0EwQURnQU53QXpBREVBTEFBaUFHVUFJZ0E2QURRQU9BQTNBRE1BTVFBc0FDSUFid0FpQURvQUlnQjNBR2tBYmdCa0FHOEFkd0FpQUN3QUlnQjBBQ0lBT2dBaUFHVUFkZ0JsQUc0QWRBQWlBSDBBTEFCN0FDSUFiZ0FpQURvQUlnQnpBSFFBYndCeUFHRUFad0JsQUNJQUxBQWlBSE1BSWdBNkFEVUFNQUF4QURnQU5RQXNBQ0lBWlFBaUFEb0FOUUF3QURFQU9BQTFBQ3dBSWdCdkFDSUFPZ0FpQUhjQWFRQnVBR1FBYndCM0FDSUFMQUFpQUhRQUlnQTZBQ0lBWlFCMkFHVUFiZ0IwQUNJQWZRQXNBSHNBSWdCdUFDSUFPZ0FpQUhNQWRBQnZBSElBWVFCbkFHVUFJZ0FzQUNJQWN3QWlBRG9BTlFBd0FERUFPQUExQUN3QUlnQmxBQ0lBT2dBMUFEQUFNUUE0QURVQUxBQWlBRzhBSWdBNkFDSUFkd0JwQUc0QVpBQnZBSGNBSWdBc0FDSUFkQUFpQURvQUlnQmxBSFlBWlFCdUFIUUFJZ0I5QUN3QWV3QWlBRzRBSWdBNkFDSUFjd0IwQUc4QWNnQmhBR2NBWlFBaUFDd0FJZ0J6QUNJQU9nQTFBREFBTVFBNEFEWUFMQUFpQUdVQUlnQTZBRFVBTUFBeEFEZ0FOZ0FzQUNJQWJ3QWlBRG9BSWdCM0FHa0FiZ0JrQUc4QWR3QWlBQ3dBSWdCMEFDSUFPZ0FpQUdVQWRnQmxBRzRBZEFBaUFIMEFMQUI3QUNJQWJnQWlBRG9BSWdCekFIUUFid0J5QUdFQVp3QmxBQ0lBTEFBaUFITUFJZ0E2QURVQU1BQXhBRGdBTmdBc0FDSUFaUUFpQURvQU5RQXdBREVBT0FBMkFDd0FJZ0J2QUNJQU9nQWlBSGNBYVFCdUFHUUFid0IzQUNJQUxBQWlBSFFBSWdBNkFDSUFaUUIyQUdVQWJnQjBBQ0lBZlFBc0FIc0FJZ0J1QUNJQU9nQWlBSE1BZEFCdkFISUFZUUJuQUdVQUlnQXNBQ0lBY3dBaUFEb0FOUUF3QURFQU9BQTJBQ3dBSWdCbEFDSUFPZ0ExQURBQU1RQTRBRFlBTEFBaUFHOEFJZ0E2QUNJQWR3QnBBRzRBWkFCdkFIY0FJZ0FzQUNJQWRBQWlBRG9BSWdCbEFIWUFaUUJ1QUhRQUlnQjlBQ3dBZXdBaUFHNEFJZ0E2QUNJQWN3QjBBRzhBY2dCaEFHY0FaUUFpQUN3QUlnQnpBQ0lBT2dBMUFEQUFNUUE0QURZQUxBQWlBR1VBSWdBNkFEVUFNQUF4QURnQU5nQXNBQ0lBYndBaUFEb0FJZ0IzQUdrQWJnQmtBRzhBZHdBaUFDd0FJZ0IwQUNJQU9nQWlBR1VBZGdCbEFHNEFkQUFpQUgwQUxBQjdBQ0lBYmdBaUFEb0FJZ0J6QUhRQWJ3QnlBR0VBWndCbEFDSUFMQUFpQUhNQUlnQTZBRFVBTUFBeEFEZ0FOd0FzQUNJQVpRQWlBRG9BTlFBd0FERUFPQUEzQUN3QUlnQnZBQ0lBT2dBaUFIY0FhUUJ1QUdRQWJ3QjNBQ0lBTEFBaUFIUUFJZ0E2QUNJQVpRQjJBR1VBYmdCMEFDSUFmUUFzQUhzQUlnQnVBQ0lBT2dBaUFITUFkQUJ2QUhJQVlRQm5BR1VBSWdBc0FDSUFjd0FpQURvQU5RQXdBREVBT0FBM0FDd0FJZ0JsQUNJQU9nQTFBREFBTVFBNEFEY0FMQUFpQUc4QUlnQTZBQ0lBZHdCcEFHNEFaQUJ2QUhjQUlnQXNBQ0lBZEFBaUFEb0FJZ0JsQUhZQVpRQnVBSFFBSWdCOUFDd0Fld0FpQUc0QUlnQTZBQ0lBY3dCMEFHOEFjZ0JoQUdjQVpRQWlBQ3dBSWdCekFDSUFPZ0ExQURBQU1RQTRBRGNBTEFBaUFHVUFJZ0E2QURVQU1BQXhBRGdBTndBc0FDSUFid0FpQURvQUlnQjNBR2tBYmdCa0FHOEFkd0FpQUN3QUlnQjBBQ0lBT2dBaUFHVUFkZ0JsQUc0QWRBQWlBSDBBTEFCN0FDSUFiZ0FpQURvQUlnQnpBSFFBYndCeUFHRUFad0JsQUNJQUxBQWlBSE1BSWdBNkFEVUFNQUF4QURnQU53QXNBQ0lBWlFBaUFEb0FOUUF3QURFQU9BQTNBQ3dBSWdCdkFDSUFPZ0FpQUhjQWFRQnVBR1FBYndCM0FDSUFMQUFpQUhRQUlnQTZBQ0lBWlFCMkFHVUFiZ0IwQUNJQWZRQXNBSHNBSWdCdUFDSUFPZ0FpQUhNQWRBQnZBSElBWVFCbkFHVUFJZ0FzQUNJQWN3QWlBRG9BTlFBd0FERUFPQUE0QUN3QUlnQmxBQ0lBT2dBMUFEQUFNUUE0QURnQUxBQWlBRzhBSWdBNkFDSUFkd0JwQUc0QVpBQnZBSGNBSWdBc0FDSUFkQUFpQURvQUlnQmxBSFlBWlFCdUFIUUFJZ0I5QUN3QWV3QWlBRzRBSWdBNkFDSUFjd0IwQUc4QWNnQmhBR2NBWlFBaUFDd0FJZ0J6QUNJQU9nQTFBREFBTVFBNEFEZ0FMQUFpQUdVQUlnQTZBRFVBTUFBeEFEZ0FPQUFzQUNJQWJ3QWlBRG9BSWdCM0FHa0FiZ0JrQUc4QWR3QWlBQ3dBSWdCMEFDSUFPZ0FpQUdVQWRnQmxBRzRBZEFBaUFIMEFMQUI3QUNJQWJnQWlBRG9BSWdCekFIUUFid0J5QUdFQVp3QmxBQ0lBTEFBaUFITUFJZ0E2QURVQU1BQXhBRGdBT0FBc0FDSUFaUUFpQURvQU5RQXdBREVBT0FBNEFDd0FJZ0J2QUNJQU9nQWlBSGNBYVFCdUFHUUFid0IzQUNJQUxBQWlBSFFBSWdBNkFDSUFaUUIyQUdVQWJnQjBBQ0lBZlFBc0FIc0FJZ0J1QUNJQU9nQWlBSE1BZEFCdkFISUFZUUJuQUdVQUlnQXNBQ0lBY3dBaUFEb0FOUUF3QURFQU9BQTRBQ3dBSWdCbEFDSUFPZ0ExQURBQU1RQTRBRGdBTEFBaUFHOEFJZ0E2QUNJQWR3QnBBRzRBWkFCdkFIY0FJZ0FzQUNJQWRBQWlBRG9BSWdCbEFIWUFaUUJ1QUhRQUlnQjlBQ3dBZXdBaUFHNEFJZ0E2QUNJQWN3QjBBRzhBY2dCaEFHY0FaUUFpQUN3QUlnQnpBQ0lBT2dBMUFEQUFNUUE0QURrQUxBQWlBR1VBSWdBNkFEVUFNQUF4QURnQU9RQXNBQ0lBYndBaUFEb0FJZ0IzQUdrQWJnQmtBRzhBZHdBaUFDd0FJZ0IwQUNJQU9nQWlBR1VBZGdCbEFHNEFkQUFpQUgwQUxBQjdBQ0lBYmdBaUFEb0FJZ0J6QUhRQWJ3QnlBR0VBWndCbEFDSUFMQUFpQUhNQUlnQTZBRFVBTUFBeEFEZ0FPUUFzQUNJQVpRQWlBRG9BTlFBd0FERUFPQUE1QUN3QUlnQnZBQ0lBT2dBaUFIY0FhUUJ1QUdRQWJ3QjNBQ0lBTEFBaUFIUUFJZ0E2QUNJQVpRQjJBR1VBYmdCMEFDSUFmUUFzQUhzQUlnQnVBQ0lBT2dBaUFITUFkQUJ2QUhJQVlRQm5BR1VBSWdBc0FDSUFjd0FpQURvQU5RQXdBREVBT0FBNUFDd0FJZ0JsQUNJQU9nQTFBREFBTVFBNEFEa0FMQUFpQUc4QUlnQTZBQ0lBZHdCcEFHNEFaQUJ2QUhjQUlnQXNBQ0lBZEFBaUFEb0FJZ0JsQUhZQVpRQnVBSFFBSWdCOUFDd0Fld0FpQUc0QUlnQTZBQ0lBY3dCMEFHOEFjZ0JoQUdjQVpRQWlBQ3dBSWdCekFDSUFPZ0ExQURBQU1RQTRBRGtBTEFBaUFHVUFJZ0E2QURVQU1BQXhBRGtBTUFBc0FDSUFid0FpQURvQUlnQjNBR2tBYmdCa0FHOEFkd0FpQUN3QUlnQjBBQ0lBT2dBaUFHVUFkZ0JsQUc0QWRBQWlBSDBBTEFCN0FDSUFiZ0FpQURvQUlnQnpBSFFBYndCeUFHRUFad0JsQUNJQUxBQWlBSE1BSWdBNkFEVUFNQUF4QURrQU1BQXNBQ0lBWlFBaUFEb0FOUUF3QURFQU9RQXdBQ3dBSWdCdkFDSUFPZ0FpQUhjQWFRQnVBR1FBYndCM0FDSUFMQUFpQUhRQUlnQTZBQ0lBWlFCMkFHVUFiZ0IwQUNJQWZRQXNBSHNBSWdCdUFDSUFPZ0FpQUhNQWRBQnZBSElBWVFCbkFHVUFJZ0FzQUNJQWN3QWlBRG9BTlFBd0FERUFPUUF3QUN3QUlnQmxBQ0lBT2dBMUFEQUFNUUE1QURBQUxBQWlBRzhBSWdBNkFDSUFkd0JwQUc0QVpBQnZBSGNBSWdBc0FDSUFkQUFpQURvQUlnQmxBSFlBWlFCdUFIUUFJZ0I5QUN3QWV3QWlBRzRBSWdBNkFDSUFjd0IwQUc4QWNnQmhBR2NBWlFBaUFDd0FJZ0J6QUNJQU9nQTFBREFBTVFBNUFEQUFMQUFpQUdVQUlnQTZBRFVBTUFBeEFEa0FNQUFzQUNJQWJ3QWlBRG9BSWdCM0FHa0FiZ0JrQUc4QWR3QWlBQ3dBSWdCMEFDSUFPZ0FpQUdVQWRnQmxBRzRBZEFBaUFIMEFMQUI3QUNJQWJnQWlBRG9BSWdCekFIUUFid0J5QUdFQVp3QmxBQ0lBTEFBaUFITUFJZ0E2QURVQU1BQXhBRGtBTVFBc0FDSUFaUUFpQURvQU5RQXdBREVBT1FBeEFDd0FJZ0J2QUNJQU9nQWlBSGNBYVFCdUFHUUFid0IzQUNJQUxBQWlBSFFBSWdBNkFDSUFaUUIyQUdVQWJnQjBBQ0lBZlFBc0FIc0FJZ0J1QUNJQU9nQWlBSE1BZEFCdkFISUFZUUJuQUdVQUlnQXNBQ0lBY3dBaUFEb0FOUUF3QURFQU9RQXhBQ3dBSWdCbEFDSUFPZ0ExQURBQU1RQTVBREVBTEFBaUFHOEFJZ0E2QUNJQWR3QnBBRzRBWkFCdkFIY0FJZ0FzQUNJQWRBQWlBRG9BSWdCbEFIWUFaUUJ1QUhRQUlnQjlBQ3dBZXdBaUFHNEFJZ0E2QUNJQWN3QjBBRzhBY2dCaEFHY0FaUUFpQUN3QUlnQnpBQ0lBT2dBMUFEQUFNUUE1QURFQUxBQWlBR1VBSWdBNkFEVUFNQUF4QURrQU1RQXNBQ0lBYndBaUFEb0FJZ0IzQUdrQWJnQmtBRzhBZHdBaUFDd0FJZ0IwQUNJQU9nQWlBR1VBZGdCbEFHNEFkQUFpQUgwQUxBQjdBQ0lBYmdBaUFEb0FJZ0J6QUhRQWJ3QnlBR0VBWndCbEFDSUFMQUFpQUhNQUlnQTZBRFVBTUFBeEFEa0FNUUFzQUNJQVpRQWlBRG9BTlFBd0FERUFPUUF4QUN3QUlnQnZBQ0lBT2dBaUFIY0FhUUJ1QUdRQWJ3QjNBQ0lBTEFBaUFIUUFJZ0E2QUNJQVpRQjJBR1VBYmdCMEFDSUFmUUFzQUhzQUlnQnVBQ0lBT2dBaUFITUFkQUJ2QUhJQVlRQm5BR1VBSWdBc0FDSUFjd0FpQURvQU5RQXdBREVBT1FBeUFDd0FJZ0JsQUNJQU9nQTFBREFBTVFBNUFESUFMQUFpQUc4QUlnQTZBQ0lBZHdCcEFHNEFaQUJ2QUhjQUlnQXNBQ0lBZEFBaUFEb0FJZ0JsQUhZQVpRQnVBSFFBSWdCOUFDd0Fld0FpQUc0QUlnQTZBQ0lBY3dCMEFHOEFjZ0JoQUdjQVpRQWlBQ3dBSWdCekFDSUFPZ0ExQURBQU1RQTVBRElBTEFBaUFHVUFJZ0E2QURVQU1BQXhBRGtBTWdBc0FDSUFid0FpQURvQUlnQjNBR2tBYmdCa0FHOEFkd0FpQUN3QUlnQjBBQ0lBT2dBaUFHVUFkZ0JsQUc0QWRBQWlBSDBBTEFCN0FDSUFiZ0FpQURvQUlnQnpBSFFBYndCeUFHRUFad0JsQUNJQUxBQWlBSE1BSWdBNkFEVUFNQUF4QURrQU1nQXNBQ0lBWlFBaUFEb0FOUUF3QURFQU9RQXlBQ3dBSWdCdkFDSUFPZ0FpQUhjQWFRQnVBR1FBYndCM0FDSUFMQUFpQUhRQUlnQTZBQ0lBWlFCMkFHVUFiZ0IwQUNJQWZRQXNBSHNBSWdCdUFDSUFPZ0FpQUhNQWRBQnZBSElBWVFCbkFHVUFJZ0FzQUNJQWN3QWlBRG9BTlFBd0FERUFPUUF5QUN3QUlnQmxBQ0lBT2dBMUFEQUFNUUE1QURJQUxBQWlBRzhBSWdBNkFDSUFkd0JwQUc0QVpBQnZBSGNBSWdBc0FDSUFkQUFpQURvQUlnQmxBSFlBWlFCdUFIUUFJZ0I5QUN3QWV3QWlBRzRBSWdBNkFDSUFjd0IwQUc4QWNnQmhBR2NBWlFBaUFDd0FJZ0J6QUNJQU9nQTFBREFBTVFBNUFESUFMQUFpQUdVQUlnQTZBRFVBTUFBeEFEa0FNd0FzQUNJQWJ3QWlBRG9BSWdCM0FHa0FiZ0JrQUc4QWR3QWlBQ3dBSWdCMEFDSUFPZ0FpQUdVQWRnQmxBRzRBZEFBaUFIMEFMQUI3QUNJQWJnQWlBRG9BSWdCekFIUUFid0J5QUdFQVp3QmxBQ0lBTEFBaUFITUFJZ0E2QURVQU1BQXhBRGtBTXdBc0FDSUFaUUFpQURvQU5RQXdBREVBT1FBekFDd0FJZ0J2QUNJQU9nQWlBSGNBYVFCdUFHUUFid0IzQUNJQUxBQWlBSFFBSWdBNkFDSUFaUUIyQUdVQWJnQjBBQ0lBZlFBc0FIc0FJZ0J1QUNJQU9nQWlBSE1BZEFCdkFISUFZUUJuQUdVQUlnQXNBQ0lBY3dBaUFEb0FOUUF3QURFQU9RQXpBQ3dBSWdCbEFDSUFPZ0ExQURBQU1RQTVBRE1BTEFBaUFHOEFJZ0E2QUNJQWR3QnBBRzRBWkFCdkFIY0FJZ0FzQUNJQWRBQWlBRG9BSWdCbEFIWUFaUUJ1QUhRQUlnQjlBQ3dBZXdBaUFHNEFJZ0E2QUNJQWN3QjBBRzhBY2dCaEFHY0FaUUFpQUN3QUlnQnpBQ0lBT2dBMUFEQUFNUUE1QURNQUxBQWlBR1VBSWdBNkFEVUFNQUF4QURrQU13QXNBQ0lBYndBaUFEb0FJZ0IzQUdrQWJnQmtBRzhBZHdBaUFDd0FJZ0IwQUNJQU9nQWlBR1VBZGdCbEFHNEFkQUFpQUgwQUxBQjdBQ0lBYmdBaUFEb0FJZ0J6QUhRQWJ3QnlBR0VBWndCbEFDSUFMQUFpQUhNQUlnQTZBRFVBTUFBeEFEa0FNd0FzQUNJQVpRQWlBRG9BTlFBd0FERUFPUUEwQUN3QUlnQnZBQ0lBT2dBaUFIY0FhUUJ1QUdRQWJ3QjNBQ0lBTEFBaUFIUUFJZ0E2QUNJQVpRQjJBR1VBYmdCMEFDSUFmUUFzQUhzQUlnQnVBQ0lBT2dBaUFITUFkQUJ2QUhJQVlRQm5BR1VBSWdBc0FDSUFjd0FpQURvQU5RQXdBREVBT1FBMEFDd0FJZ0JsQUNJQU9nQTFBREFBTVFBNUFEUUFMQUFpQUc4QUlnQTZBQ0lBZHdCcEFHNEFaQUJ2QUhjQUlnQXNBQ0lBZEFBaUFEb0FJZ0JsQUhZQVpRQnVBSFFBSWdCOUFDd0Fld0FpQUc0QUlnQTZBQ0lBY3dCMEFHOEFjZ0JoQUdjQVpRQWlBQ3dBSWdCekFDSUFPZ0ExQURBQU1RQTVBRFFBTEFBaUFHVUFJZ0E2QURVQU1BQXhBRGtBTkFBc0FDSUFid0FpQURvQUlnQjNBR2tBYmdCa0FHOEFkd0FpQUN3QUlnQjBBQ0lBT2dBaUFHVUFkZ0JsQUc0QWRBQWlBSDBBTEFCN0FDSUFiZ0FpQURvQUlnQnpBSFFBYndCeUFHRUFad0JsQUNJQUxBQWlBSE1BSWdBNkFEVUFNQUF4QURrQU5BQXNBQ0lBWlFBaUFEb0FOUUF3QURFQU9RQTBBQ3dBSWdCdkFDSUFPZ0FpQUhjQWFRQnVBR1FBYndCM0FDSUFMQUFpQUhRQUlnQTZBQ0lBWlFCMkFHVUFiZ0IwQUNJQWZRQXNBSHNBSWdCdUFDSUFPZ0FpQUhNQWRBQnZBSElBWVFCbkFHVUFJZ0FzQUNJQWN3QWlBRG9BTlFBd0FERUFPUUEwQUN3QUlnQmxBQ0lBT2dBMUFEQUFNUUE1QURVQUxBQWlBRzhBSWdBNkFDSUFkd0JwQUc0QVpBQnZBSGNBSWdBc0FDSUFkQUFpQURvQUlnQmxBSFlBWlFCdUFIUUFJZ0I5QUN3QWV3QWlBRzRBSWdBNkFDSUFjd0IwQUc4QWNnQmhBR2NBWlFBaUFDd0FJZ0J6QUNJQU9nQTFBREFBTVFBNUFEVUFMQUFpQUdVQUlnQTZBRFVBTUFBeEFEa0FOUUFzQUNJQWJ3QWlBRG9BSWdCM0FHa0FiZ0JrQUc4QWR3QWlBQ3dBSWdCMEFDSUFPZ0FpQUdVQWRnQmxBRzRBZEFBaUFIMEFMQUI3QUNJQWJnQWlBRG9BSWdCekFIUUFid0J5QUdFQVp3QmxBQ0lBTEFBaUFITUFJZ0E2QURVQU1BQXhBRGtBTlFBc0FDSUFaUUFpQURvQU5RQXdBREVBT1FBMUFDd0FJZ0J2QUNJQU9nQWlBSGNBYVFCdUFHUUFid0IzQUNJQUxBQWlBSFFBSWdBNkFDSUFaUUIyQUdVQWJnQjBBQ0lBZlFBc0FIc0FJZ0J1QUNJQU9nQWlBSE1BZEFCdkFISUFZUUJuQUdVQUlnQXNBQ0lBY3dBaUFEb0FOUUF3QURFQU9RQTFBQ3dBSWdCbEFDSUFPZ0ExQURBQU1RQTVBRFVBTEFBaUFHOEFJZ0E2QUNJQWR3QnBBRzRBWkFCdkFIY0FJZ0FzQUNJQWRBQWlBRG9BSWdCbEFIWUFaUUJ1QUhRQUlnQjlBQ3dBZXdBaUFHNEFJZ0E2QUNJQWN3QjBBRzhBY2dCaEFHY0FaUUFpQUN3QUlnQnpBQ0lBT2dBMUFEQUFNUUE1QURVQUxBQWlBR1VBSWdBNkFEVUFNQUF4QURrQU5nQXNBQ0lBYndBaUFEb0FJZ0IzQUdrQWJnQmtBRzhBZHdBaUFDd0FJZ0IwQUNJQU9nQWlBR1VBZGdCbEFHNEFkQUFpQUgwQUxBQjdBQ0lBYmdBaUFEb0FJZ0J6QUhRQWJ3QnlBR0VBWndCbEFDSUFMQUFpQUhNQUlnQTZBRFVBTUFBeEFEa0FOZ0FzQUNJQVpRQWlBRG9BTlFBd0FERUFPUUEyQUN3QUlnQnZBQ0lBT2dBaUFIY0FhUUJ1QUdRQWJ3QjNBQ0lBTEFBaUFIUUFJZ0E2QUNJQVpRQjJBR1VBYmdCMEFDSUFmUUFzQUhzQUlnQnVBQ0lBT2dBaUFITUFkQUJ2QUhJQVlRQm5BR1VBSWdBc0FDSUFjd0FpQURvQU5RQXdBREVBT1FBMkFDd0FJZ0JsQUNJQU9nQTFBREFBTVFBNUFEWUFMQUFpQUc4QUlnQTZBQ0lBZHdCcEFHNEFaQUJ2QUhjQUlnQXNBQ0lBZEFBaUFEb0FJZ0JsQUhZQVpRQnVBSFFBSWdCOUFDd0Fld0FpQUc0QUlnQTZBQ0lBY3dCMEFHOEFjZ0JoQUdjQVpRQWlBQ3dBSWdCekFDSUFPZ0ExQURBQU1RQTVBRFlBTEFBaUFHVUFJZ0E2QURVQU1BQXhBRGtBTmdBc0FDSUFid0FpQURvQUlnQjNBR2tBYmdCa0FHOEFkd0FpQUN3QUlnQjBBQ0lBT2dBaUFHVUFkZ0JsQUc0QWRBQWlBSDBBTEFCN0FDSUFiZ0FpQURvQUlnQnpBSFFBYndCeUFHRUFad0JsQUNJQUxBQWlBSE1BSWdBNkFEVUFNQUF4QURrQU5nQXNBQ0lBWlFBaUFEb0FOUUF3QURFQU9RQTNBQ3dBSWdCdkFDSUFPZ0FpQUhjQWFRQnVBR1FBYndCM0FDSUFMQUFpQUhRQUlnQTZBQ0lBWlFCMkFHVUFiZ0IwQUNJQWZRQXNBSHNBSWdCdUFDSUFPZ0FpQUhNQWRBQnZBSElBWVFCbkFHVUFJZ0FzQUNJQWN3QWlBRG9BTlFBd0FERUFPUUEzQUN3QUlnQmxBQ0lBT2dBMUFEQUFNUUE1QURjQUxBQWlBRzhBSWdBNkFDSUFkd0JwQUc0QVpBQnZBSGNBSWdBc0FDSUFkQUFpQURvQUlnQmxBSFlBWlFCdUFIUUFJZ0I5QUN3QWV3QWlBRzRBSWdBNkFDSUFjd0IwQUc4QWNnQmhBR2NBWlFBaUFDd0FJZ0J6QUNJQU9nQTFBREFBTVFBNUFEY0FMQUFpQUdVQUlnQTZBRFVBTUFBeEFEa0FOd0FzQUNJQWJ3QWlBRG9BSWdCM0FHa0FiZ0JrQUc4QWR3QWlBQ3dBSWdCMEFDSUFPZ0FpQUdVQWRnQmxBRzRBZEFBaUFIMEFMQUI3QUNJQWJnQWlBRG9BSWdCekFIUUFid0J5QUdFQVp3QmxBQ0lBTEFBaUFITUFJZ0E2QURVQU1BQXhBRGtBTndBc0FDSUFaUUFpQURvQU5RQXdBREVBT1FBM0FDd0FJZ0J2QUNJQU9nQWlBSGNBYVFCdUFHUUFid0IzQUNJQUxBQWlBSFFBSWdBNkFDSUFaUUIyQUdVQWJnQjBBQ0lBZlFBc0FIc0FJZ0J1QUNJQU9nQWlBSE1BZEFCdkFISUFZUUJuQUdVQUlnQXNBQ0lBY3dBaUFEb0FOUUF3QURFQU9RQTNBQ3dBSWdCbEFDSUFPZ0ExQURBQU1RQTVBRGNBTEFBaUFHOEFJZ0E2QUNJQWR3QnBBRzRBWkFCdkFIY0FJZ0FzQUNJQWRBQWlBRG9BSWdCbEFIWUFaUUJ1QUhRQUlnQjlBQ3dBZXdBaUFHNEFJZ0E2QUNJQWN3QjBBRzhBY2dCaEFHY0FaUUFpQUN3QUlnQnpBQ0lBT2dBMUFEQUFNUUE1QURnQUxBQWlBR1VBSWdBNkFEVUFNQUF4QURrQU9BQXNBQ0lBYndBaUFEb0FJZ0IzQUdrQWJnQmtBRzhBZHdBaUFDd0FJZ0IwQUNJQU9nQWlBR1VBZGdCbEFHNEFkQUFpQUgwQUxBQjdBQ0lBYmdBaUFEb0FJZ0J6QUhRQWJ3QnlBR0VBWndCbEFDSUFMQUFpQUhNQUlnQTZBRFVBTUFBeEFEa0FPQUFzQUNJQVpRQWlBRG9BTlFBd0FERUFPUUE0QUN3QUlnQnZBQ0lBT2dBaUFIY0FhUUJ1QUdRQWJ3QjNBQ0lBTEFBaUFIUUFJZ0E2QUNJQVpRQjJBR1VBYmdCMEFDSUFmUUFzQUhzQUlnQnVBQ0lBT2dBaUFITUFkQUJ2QUhJQVlRQm5BR1VBSWdBc0FDSUFjd0FpQURvQU5RQXdBREVBT1FBNEFDd0FJZ0JsQUNJQU9nQTFBREFBTVFBNUFEZ0FMQUFpQUc4QUlnQTZBQ0lBZHdCcEFHNEFaQUJ2QUhjQUlnQXNBQ0lBZEFBaUFEb0FJZ0JsQUhZQVpRQnVBSFFBSWdCOUFDd0Fld0FpQUc0QUlnQTZBQ0lBY3dCMEFHOEFjZ0JoQUdjQVpRQWlBQ3dBSWdCekFDSUFPZ0ExQURBQU1RQTVBRGdBTEFBaUFHVUFJZ0E2QURVQU1BQXhBRGtBT0FBc0FDSUFid0FpQURvQUlnQjNBR2tBYmdCa0FHOEFkd0FpQUN3QUlnQjBBQ0lBT2dBaUFHVUFkZ0JsQUc0QWRBQWlBSDBBTEFCN0FDSUFiZ0FpQURvQUlnQnpBSFFBYndCeUFHRUFad0JsQUNJQUxBQWlBSE1BSWdBNkFEVUFNQUF4QURrQU9RQXNBQ0lBWlFBaUFEb0FOUUF3QURFQU9RQTVBQ3dBSWdCdkFDSUFPZ0FpQUhjQWFRQnVBR1FBYndCM0FDSUFMQUFpQUhRQUlnQTZBQ0lBWlFCMkFHVUFiZ0IwQUNJQWZRQXNBSHNBSWdCdUFDSUFPZ0FpQUhNQWRBQnZBSElBWVFCbkFHVUFJZ0FzQUNJQWN3QWlBRG9BTlFBd0FERUFPUUE1QUN3QUlnQmxBQ0lBT2dBMUFEQUFNUUE1QURrQUxBQWlBRzhBSWdBNkFDSUFkd0JwQUc0QVpBQnZBSGNBSWdBc0FDSUFkQUFpQURvQUlnQmxBSFlBWlFCdUFIUUFJZ0I5QUN3QWV3QWlBRzRBSWdBNkFDSUFjd0IwQUc4QWNnQmhBR2NBWlFBaUFDd0FJZ0J6QUNJQU9nQTFBREFBTVFBNUFEa0FMQUFpQUdVQUlnQTZBRFVBTUFBeEFEa0FPUUFzQUNJQWJ3QWlBRG9BSWdCM0FHa0FiZ0JrQUc4QWR3QWlBQ3dBSWdCMEFDSUFPZ0FpQUdVQWRnQmxBRzRBZEFBaUFIMEFMQUI3QUNJQWJnQWlBRG9BSWdCekFIUUFid0J5QUdFQVp3QmxBQ0lBTEFBaUFITUFJZ0E2QURVQU1BQTJBRE1BTVFBc0FDSUFaUUFpQURvQU5RQXdBRFlBTXdBeEFDd0FJZ0J2QUNJQU9nQWlBSGNBYVFCdUFHUUFid0IzQUNJQUxBQWlBSFFBSWdBNkFDSUFaUUIyQUdVQWJnQjBBQ0lBZlFBc0FIc0FJZ0J1QUNJQU9nQWlBSE1BZEFCdkFISUFZUUJuQUdVQUlnQXNBQ0lBY3dBaUFEb0FOUUF4QURVQU53QTVBQ3dBSWdCbEFDSUFPZ0ExQURFQU5RQTNBRGtBTEFBaUFHOEFJZ0E2QUNJQWR3QnBBRzRBWkFCdkFIY0FJZ0FzQUNJQWRBQWlBRG9BSWdCbEFIWUFaUUJ1QUhRQUlnQjlBQ3dBZXdBaUFHNEFJZ0E2QUNJQWN3QjBBRzhBY2dCaEFHY0FaUUFpQUN3QUlnQnpBQ0lBT2dBMUFERUFOUUEzQURrQUxBQWlBR1VBSWdBNkFEVUFNUUExQURjQU9RQXNBQ0lBYndBaUFEb0FJZ0IzQUdrQWJnQmtBRzhBZHdBaUFDd0FJZ0IwQUNJQU9nQWlBR1VBZGdCbEFHNEFkQUFpQUgwQUxBQjdBQ0lBYmdBaUFEb0FJZ0J6QUhRQWJ3QnlBR0VBWndCbEFDSUFMQUFpQUhNQUlnQTZBRFVBTVFBMUFEZ0FNQUFzQUNJQVpRQWlBRG9BTlFBeEFEVUFPQUF3QUN3QUlnQnZBQ0lBT2dBaUFIY0FhUUJ1QUdRQWJ3QjNBQ0lBTEFBaUFIUUFJZ0E2QUNJQVpRQjJBR1VBYmdCMEFDSUFmUUFzQUhzQUlnQnVBQ0lBT2dBaUFITUFkQUJ2QUhJQVlRQm5BR1VBSWdBc0FDSUFjd0FpQURvQU5RQXhBRFVBT0FBd0FDd0FJZ0JsQUNJQU9nQTFBREVBTlFBNEFEQUFMQUFpQUc4QUlnQTZBQ0lBZHdCcEFHNEFaQUJ2QUhjQUlnQXNBQ0lBZEFBaUFEb0FJZ0JsQUhZQVpRQnVBSFFBSWdCOUFDd0Fld0FpQUc0QUlnQTZBQ0lBY3dCMEFHOEFjZ0JoQUdjQVpRQWlBQ3dBSWdCekFDSUFPZ0ExQURFQU5RQTRBREFBTEFBaUFHVUFJZ0E2QURVQU1RQTFBRGdBTUFBc0FDSUFid0FpQURvQUlnQjNBR2tBYmdCa0FHOEFkd0FpQUN3QUlnQjBBQ0lBT2dBaUFHVUFkZ0JsQUc0QWRBQWlBSDBBTEFCN0FDSUFiZ0FpQURvQUlnQnpBSFFBYndCeUFHRUFad0JsQUNJQUxBQWlBSE1BSWdBNkFEVUFNUUExQURnQU1BQXNBQ0lBWlFBaUFEb0FOUUF4QURVQU9BQXdBQ3dBSWdCdkFDSUFPZ0FpQUhjQWFRQnVBR1FBYndCM0FDSUFMQUFpQUhRQUlnQTZBQ0lBWlFCMkFHVUFiZ0IwQUNJQWZRQXNBSHNBSWdCdUFDSUFPZ0FpQUhNQWRBQnZBSElBWVFCbkFHVUFJZ0FzQUNJQWN3QWlBRG9BTlFBeEFEVUFPQUF3QUN3QUlnQmxBQ0lBT2dBMUFERUFOUUE0QURBQUxBQWlBRzhBSWdBNkFDSUFkd0JwQUc0QVpBQnZBSGNBSWdBc0FDSUFkQUFpQURvQUlnQmxBSFlBWlFCdUFIUUFJZ0I5QUN3QWV3QWlBRzRBSWdBNkFDSUFjd0IwQUc4QWNnQmhBR2NBWlFBaUFDd0FJZ0J6QUNJQU9nQTFBREVBTlFBNEFEQUFMQUFpQUdVQUlnQTZBRFVBTVFBMUFEZ0FNQUFzQUNJQWJ3QWlBRG9BSWdCM0FHa0FiZ0JrQUc4QWR3QWlBQ3dBSWdCMEFDSUFPZ0FpQUdVQWRnQmxBRzRBZEFBaUFIMEFMQUI3QUNJQWJnQWlBRG9BSWdCekFIUUFid0J5QUdFQVp3QmxBQ0lBTEFBaUFITUFJZ0E2QURVQU1RQTFBRGdBTUFBc0FDSUFaUUFpQURvQU5RQXhBRFVBT0FBd0FDd0FJZ0J2QUNJQU9nQWlBSGNBYVFCdUFHUUFid0IzQUNJQUxBQWlBSFFBSWdBNkFDSUFaUUIyQUdVQWJnQjBBQ0lBZlFBc0FIc0FJZ0J1QUNJQU9nQWlBSE1BZEFCdkFISUFZUUJuQUdVQUlnQXNBQ0lBY3dBaUFEb0FOUUF4QURVQU9BQXdBQ3dBSWdCbEFDSUFPZ0ExQURFQU5RQTRBREFBTEFBaUFHOEFJZ0E2QUNJQWR3QnBBRzRBWkFCdkFIY0FJZ0FzQUNJQWRBQWlBRG9BSWdCbEFIWUFaUUJ1QUhRQUlnQjlBQ3dBZXdBaUFHNEFJZ0E2QUNJQWN3QjBBRzhBY2dCaEFHY0FaUUFpQUN3QUlnQnpBQ0lBT2dBMUFERUFOUUE0QURBQUxBQWlBR1VBSWdBNkFEVUFNUUExQURnQU1BQXNBQ0lBYndBaUFEb0FJZ0IzQUdrQWJnQmtBRzhBZHdBaUFDd0FJZ0IwQUNJQU9nQWlBR1VBZGdCbEFHNEFkQUFpQUgwQUxBQjdBQ0lBYmdBaUFEb0FJZ0J6QUhRQWJ3QnlBR0VBWndCbEFDSUFMQUFpQUhNQUlnQTZBRFVBTVFBMUFEZ0FNUUFzQUNJQVpRQWlBRG9BTlFBeEFEVUFPQUF4QUN3QUlnQnZBQ0lBT2dBaUFIY0FhUUJ1QUdRQWJ3QjNBQ0lBTEFBaUFIUUFJZ0E2QUNJQVpRQjJBR1VBYmdCMEFDSUFmUUFzQUhzQUlnQnVBQ0lBT2dBaUFITUFkQUJ2QUhJQVlRQm5BR1VBSWdBc0FDSUFjd0FpQURvQU5RQXhBRFVBT0FBeEFDd0FJZ0JsQUNJQU9nQTFBREVBTlFBNEFERUFMQUFpQUc4QUlnQTZBQ0lBZHdCcEFHNEFaQUJ2QUhjQUlnQXNBQ0lBZEFBaUFEb0FJZ0JsQUhZQVpRQnVBSFFBSWdCOUFDd0Fld0FpQUc0QUlnQTZBQ0lBY3dCMEFHOEFjZ0JoQUdjQVpRQWlBQ3dBSWdCekFDSUFPZ0ExQURFQU5RQTRBREVBTEFBaUFHVUFJZ0E2QURVQU1RQTFBRGdBTVFBc0FDSUFid0FpQURvQUlnQjNBR2tBYmdCa0FHOEFkd0FpQUN3QUlnQjBBQ0lBT2dBaUFHVUFkZ0JsQUc0QWRBQWlBSDBBTEFCN0FDSUFiZ0FpQURvQUlnQnpBSFFBYndCeUFHRUFad0JsQUNJQUxBQWlBSE1BSWdBNkFEVUFNUUExQURnQU1RQXNBQ0lBWlFBaUFEb0FOUUF4QURVQU9BQXhBQ3dBSWdCdkFDSUFPZ0FpQUhjQWFRQnVBR1FBYndCM0FDSUFMQUFpQUhRQUlnQTZBQ0lBWlFCMkFHVUFiZ0IwQUNJQWZRQXNBSHNBSWdCdUFDSUFPZ0FpQUhNQWRBQnZBSElBWVFCbkFHVUFJZ0FzQUNJQWN3QWlBRG9BTlFBeEFEVUFPQUF4QUN3QUlnQmxBQ0lBT2dBMUFERUFOUUE0QURFQUxBQWlBRzhBSWdBNkFDSUFkd0JwQUc0QVpBQnZBSGNBSWdBc0FDSUFkQUFpQURvQUlnQmxBSFlBWlFCdUFIUUFJZ0I5QUN3QWV3QWlBRzRBSWdBNkFDSUFjd0IwQUc4QWNnQmhBR2NBWlFBaUFDd0FJZ0J6QUNJQU9nQTFBREVBTlFBNEFERUFMQUFpQUdVQUlnQTZBRFVBTVFBMUFEZ0FNUUFzQUNJQWJ3QWlBRG9BSWdCM0FHa0FiZ0JrQUc4QWR3QWlBQ3dBSWdCMEFDSUFPZ0FpQUdVQWRnQmxBRzRBZEFBaUFIMEFMQUI3QUNJQWJnQWlBRG9BSWdCekFIUUFid0J5QUdFQVp3QmxBQ0lBTEFBaUFITUFJZ0E2QURVQU1RQTFBRGdBTVFBc0FDSUFaUUFpQURvQU5RQXhBRFVBT0FBeEFDd0FJZ0J2QUNJQU9nQWlBSGNBYVFCdUFHUUFid0IzQUNJQUxBQWlBSFFBSWdBNkFDSUFaUUIyQUdVQWJnQjBBQ0lBZlFBc0FIc0FJZ0J1QUNJQU9nQWlBSE1BZEFCdkFISUFZUUJuQUdVQUlnQXNBQ0lBY3dBaUFEb0FOUUF4QURVQU9BQXhBQ3dBSWdCbEFDSUFPZ0ExQURFQU5RQTRBREVBTEFBaUFHOEFJZ0E2QUNJQWR3QnBBRzRBWkFCdkFIY0FJZ0FzQUNJQWRBQWlBRG9BSWdCbEFIWUFaUUJ1QUhRQUlnQjlBQ3dBZXdBaUFHNEFJZ0E2QUNJQWN3QjBBRzhBY2dCaEFHY0FaUUFpQUN3QUlnQnpBQ0lBT2dBMUFERUFOUUE0QURFQUxBQWlBR1VBSWdBNkFEVUFNUUExQURnQU1RQXNBQ0lBYndBaUFEb0FJZ0IzQUdrQWJnQmtBRzhBZHdBaUFDd0FJZ0IwQUNJQU9nQWlBR1VBZGdCbEFHNEFkQUFpQUgwQUxBQjdBQ0lBYmdBaUFEb0FJZ0J6QUhRQWJ3QnlBR0VBWndCbEFDSUFMQUFpQUhNQUlnQTZBRFVBTVFBMUFEZ0FNZ0FzQUNJQVpRQWlBRG9BTlFBeEFEVUFPQUF5QUN3QUlnQnZBQ0lBT2dBaUFIY0FhUUJ1QUdRQWJ3QjNBQ0lBTEFBaUFIUUFJZ0E2QUNJQVpRQjJBR1VBYmdCMEFDSUFmUUFzQUhzQUlnQnVBQ0lBT2dBaUFITUFkQUJ2QUhJQVlRQm5BR1VBSWdBc0FDSUFjd0FpQURvQU5RQXhBRFVBT0FBeUFDd0FJZ0JsQUNJQU9nQTFBREVBTlFBNEFESUFMQUFpQUc4QUlnQTZBQ0lBZHdCcEFHNEFaQUJ2QUhjQUlnQXNBQ0lBZEFBaUFEb0FJZ0JsQUhZQVpRQnVBSFFBSWdCOUFDd0Fld0FpQUc0QUlnQTZBQ0lBY3dCMEFHOEFjZ0JoQUdjQVpRQWlBQ3dBSWdCekFDSUFPZ0ExQURFQU5RQTRBRElBTEFBaUFHVUFJZ0E2QURVQU1RQTFBRGdBTWdBc0FDSUFid0FpQURvQUlnQjNBR2tBYmdCa0FHOEFkd0FpQUN3QUlnQjBBQ0lBT2dBaUFHVUFkZ0JsQUc0QWRBQWlBSDBBTEFCN0FDSUFiZ0FpQURvQUlnQnpBSFFBYndCeUFHRUFad0JsQUNJQUxBQWlBSE1BSWdBNkFEVUFNUUExQURnQU1nQXNBQ0lBWlFBaUFEb0FOUUF4QURVQU9BQXlBQ3dBSWdCdkFDSUFPZ0FpQUhjQWFRQnVBR1FBYndCM0FDSUFMQUFpQUhRQUlnQTZBQ0lBWlFCMkFHVUFiZ0IwQUNJQWZRQXNBSHNBSWdCdUFDSUFPZ0FpQUhNQWRBQnZBSElBWVFCbkFHVUFJZ0FzQUNJQWN3QWlBRG9BTlFBeEFEVUFPQUF5QUN3QUlnQmxBQ0lBT2dBMUFERUFOUUE0QURJQUxBQWlBRzhBSWdBNkFDSUFkd0JwQUc0QVpBQnZBSGNBSWdBc0FDSUFkQUFpQURvQUlnQmxBSFlBWlFCdUFIUUFJZ0I5QUN3QWV3QWlBRzRBSWdBNkFDSUFjd0IwQUc4QWNnQmhBR2NBWlFBaUFDd0FJZ0J6QUNJQU9nQTFBREVBTlFBNEFESUFMQUFpQUdVQUlnQTZBRFVBTVFBMUFEZ0FNZ0FzQUNJQWJ3QWlBRG9BSWdCM0FHa0FiZ0JrQUc4QWR3QWlBQ3dBSWdCMEFDSUFPZ0FpQUdVQWRnQmxBRzRBZEFBaUFIMEFMQUI3QUNJQWJnQWlBRG9BSWdCekFIUUFid0J5QUdFQVp3QmxBQ0lBTEFBaUFITUFJZ0E2QURVQU1RQTFBRGdBTWdBc0FDSUFaUUFpQURvQU5RQXhBRFVBT0FBeUFDd0FJZ0J2QUNJQU9nQWlBSGNBYVFCdUFHUUFid0IzQUNJQUxBQWlBSFFBSWdBNkFDSUFaUUIyQUdVQWJnQjBBQ0lBZlFBc0FIc0FJZ0J1QUNJQU9nQWlBSE1BZEFCdkFISUFZUUJuQUdVQUlnQXNBQ0lBY3dBaUFEb0FOUUF4QURVQU9BQXlBQ3dBSWdCbEFDSUFPZ0ExQURFQU5RQTRBRElBTEFBaUFHOEFJZ0E2QUNJQWR3QnBBRzRBWkFCdkFIY0FJZ0FzQUNJQWRBQWlBRG9BSWdCbEFIWUFaUUJ1QUhRQUlnQjlBQ3dBZXdBaUFHNEFJZ0E2QUNJQWN3QjBBRzhBY2dCaEFHY0FaUUFpQUN3QUlnQnpBQ0lBT2dBMUFERUFOUUE0QURJQUxBQWlBR1VBSWdBNkFEVUFNUUExQURnQU1nQXNBQ0lBYndBaUFEb0FJZ0IzQUdrQWJnQmtBRzhBZHdBaUFDd0FJZ0IwQUNJQU9nQWlBR1VBZGdCbEFHNEFkQUFpQUgwQUxBQjdBQ0lBYmdBaUFEb0FJZ0J6QUhRQWJ3QnlBR0VBWndCbEFDSUFMQUFpQUhNQUlnQTZBRFVBTVFBMUFEZ0FNZ0FzQUNJQVpRQWlBRG9BTlFBeEFEVUFPQUF5QUN3QUlnQnZBQ0lBT2dBaUFIY0FhUUJ1QUdRQWJ3QjNBQ0lBTEFBaUFIUUFJZ0E2QUNJQVpRQjJBR1VBYmdCMEFDSUFmUUFzQUhzQUlnQnVBQ0lBT2dBaUFITUFkQUJ2QUhJQVlRQm5BR1VBSWdBc0FDSUFjd0FpQURvQU5RQXhBRFVBT0FBekFDd0FJZ0JsQUNJQU9nQTFBREVBTlFBNEFETUFMQUFpQUc4QUlnQTZBQ0lBZHdCcEFHNEFaQUJ2QUhjQUlnQXNBQ0lBZEFBaUFEb0FJZ0JsQUhZQVpRQnVBSFFBSWdCOUFDd0Fld0FpQUc0QUlnQTZBQ0lBY3dCMEFHOEFjZ0JoQUdjQVpRQWlBQ3dBSWdCekFDSUFPZ0ExQURFQU5RQTRBRE1BTEFBaUFHVUFJZ0E2QURVQU1RQTFBRGdBTXdBc0FDSUFid0FpQURvQUlnQjNBR2tBYmdCa0FHOEFkd0FpQUN3QUlnQjBBQ0lBT2dBaUFHVUFkZ0JsQUc0QWRBQWlBSDBBTEFCN0FDSUFiZ0FpQURvQUlnQnpBSFFBYndCeUFHRUFad0JsQUNJQUxBQWlBSE1BSWdBNkFEVUFNUUExQURnQU13QXNBQ0lBWlFBaUFEb0FOUUF4QURVQU9BQXpBQ3dBSWdCdkFDSUFPZ0FpQUhjQWFRQnVBR1FBYndCM0FDSUFMQUFpQUhRQUlnQTZBQ0lBWlFCMkFHVUFiZ0IwQUNJQWZRQXNBSHNBSWdCdUFDSUFPZ0FpQUhNQWRBQnZBSElBWVFCbkFHVUFJZ0FzQUNJQWN3QWlBRG9BTlFBeEFEVUFPQUF6QUN3QUlnQmxBQ0lBT2dBMUFERUFOUUE0QURNQUxBQWlBRzhBSWdBNkFDSUFkd0JwQUc0QVpBQnZBSGNBSWdBc0FDSUFkQUFpQURvQUlnQmxBSFlBWlFCdUFIUUFJZ0I5QUN3QWV3QWlBRzRBSWdBNkFDSUFjd0IwQUc4QWNnQmhBR2NBWlFBaUFDd0FJZ0J6QUNJQU9nQTFBREVBTlFBNEFETUFMQUFpQUdVQUlnQTZBRFVBTVFBMUFEZ0FNd0FzQUNJQWJ3QWlBRG9BSWdCM0FHa0FiZ0JrQUc4QWR3QWlBQ3dBSWdCMEFDSUFPZ0FpQUdVQWRnQmxBRzRBZEFBaUFIMEFMQUI3QUNJQWJnQWlBRG9BSWdCekFIUUFid0J5QUdFQVp3QmxBQ0lBTEFBaUFITUFJZ0E2QURVQU1RQTFBRGdBTXdBc0FDSUFaUUFpQURvQU5RQXhBRFVBT0FBekFDd0FJZ0J2QUNJQU9nQWlBSGNBYVFCdUFHUUFid0IzQUNJQUxBQWlBSFFBSWdBNkFDSUFaUUIyQUdVQWJnQjBBQ0lBZlFBc0FIc0FJZ0J1QUNJQU9nQWlBSE1BZEFCdkFISUFZUUJuQUdVQUlnQXNBQ0lBY3dBaUFEb0FOUUF4QURVQU9BQXpBQ3dBSWdCbEFDSUFPZ0ExQURFQU5RQTRBRE1BTEFBaUFHOEFJZ0E2QUNJQWR3QnBBRzRBWkFCdkFIY0FJZ0FzQUNJQWRBQWlBRG9BSWdCbEFIWUFaUUJ1QUhRQUlnQjlBQ3dBZXdBaUFHNEFJZ0E2QUNJQWN3QjBBRzhBY2dCaEFHY0FaUUFpQUN3QUlnQnpBQ0lBT2dBMUFERUFOUUE0QURNQUxBQWlBR1VBSWdBNkFEVUFNUUExQURnQU13QXNBQ0lBYndBaUFEb0FJZ0IzQUdrQWJnQmtBRzhBZHdBaUFDd0FJZ0IwQUNJQU9nQWlBR1VBZGdCbEFHNEFkQUFpQUgwQUxBQjdBQ0lBYmdBaUFEb0FJZ0J6QUhRQWJ3QnlBR0VBWndCbEFDSUFMQUFpQUhNQUlnQTZBRFVBTVFBMUFEZ0FNd0FzQUNJQVpRQWlBRG9BTlFBeEFEVUFPQUF6QUN3QUlnQnZBQ0lBT2dBaUFIY0FhUUJ1QUdRQWJ3QjNBQ0lBTEFBaUFIUUFJZ0E2QUNJQVpRQjJBR1VBYmdCMEFDSUFmUUFzQUhzQUlnQnVBQ0lBT2dBaUFITUFkQUJ2QUhJQVlRQm5BR1VBSWdBc0FDSUFjd0FpQURvQU5RQXhBRFVBT0FBMEFDd0FJZ0JsQUNJQU9nQTFBREVBTlFBNEFEUUFMQUFpQUc4QUlnQTZBQ0lBZHdCcEFHNEFaQUJ2QUhjQUlnQXNBQ0lBZEFBaUFEb0FJZ0JsQUhZQVpRQnVBSFFBSWdCOUFDd0Fld0FpQUc0QUlnQTZBQ0lBY3dCMEFHOEFjZ0JoQUdjQVpRQWlBQ3dBSWdCekFDSUFPZ0ExQURFQU5RQTRBRFFBTEFBaUFHVUFJZ0E2QURVQU1RQTFBRGdBTkFBc0FDSUFid0FpQURvQUlnQjNBR2tBYmdCa0FHOEFkd0FpQUN3QUlnQjBBQ0lBT2dBaUFHVUFkZ0JsQUc0QWRBQWlBSDBBTEFCN0FDSUFiZ0FpQURvQUlnQnpBSFFBYndCeUFHRUFad0JsQUNJQUxBQWlBSE1BSWdBNkFEVUFNUUExQURnQU5BQXNBQ0lBWlFBaUFEb0FOUUF4QURVQU9BQTBBQ3dBSWdCdkFDSUFPZ0FpQUhjQWFRQnVBR1FBYndCM0FDSUFMQUFpQUhRQUlnQTZBQ0lBWlFCMkFHVUFiZ0IwQUNJQWZRQXNBSHNBSWdCdUFDSUFPZ0FpQUhNQWRBQnZBSElBWVFCbkFHVUFJZ0FzQUNJQWN3QWlBRG9BTlFBeEFEVUFPQUEwQUN3QUlnQmxBQ0lBT2dBMUFERUFOUUE0QURRQUxBQWlBRzhBSWdBNkFDSUFkd0JwQUc0QVpBQnZBSGNBSWdBc0FDSUFkQUFpQURvQUlnQmxBSFlBWlFCdUFIUUFJZ0I5QUN3QWV3QWlBRzRBSWdBNkFDSUFjd0IwQUc4QWNnQmhBR2NBWlFBaUFDd0FJZ0J6QUNJQU9nQTFBREVBTlFBNEFEUUFMQUFpQUdVQUlnQTZBRFVBTVFBMUFEZ0FOQUFzQUNJQWJ3QWlBRG9BSWdCM0FHa0FiZ0JrQUc4QWR3QWlBQ3dBSWdCMEFDSUFPZ0FpQUdVQWRnQmxBRzRBZEFBaUFIMEFMQUI3QUNJQWJnQWlBRG9BSWdCekFIUUFid0J5QUdFQVp3QmxBQ0lBTEFBaUFITUFJZ0E2QURVQU1RQTFBRGdBTkFBc0FDSUFaUUFpQURvQU5RQXhBRFVBT0FBMEFDd0FJZ0J2QUNJQU9nQWlBSGNBYVFCdUFHUUFid0IzQUNJQUxBQWlBSFFBSWdBNkFDSUFaUUIyQUdVQWJnQjBBQ0lBZlFBc0FIc0FJZ0J1QUNJQU9nQWlBSE1BZEFCdkFISUFZUUJuQUdVQUlnQXNBQ0lBY3dBaUFEb0FOUUF4QURVQU9BQTBBQ3dBSWdCbEFDSUFPZ0ExQURFQU5RQTRBRFFBTEFBaUFHOEFJZ0E2QUNJQWR3QnBBRzRBWkFCdkFIY0FJZ0FzQUNJQWRBQWlBRG9BSWdCbEFIWUFaUUJ1QUhRQUlnQjlBQ3dBZXdBaUFHNEFJZ0E2QUNJQWN3QjBBRzhBY2dCaEFHY0FaUUFpQUN3QUlnQnpBQ0lBT2dBMUFERUFOUUE0QURRQUxBQWlBR1VBSWdBNkFEVUFNUUExQURnQU5BQXNBQ0lBYndBaUFEb0FJZ0IzQUdrQWJnQmtBRzhBZHdBaUFDd0FJZ0IwQUNJQU9nQWlBR1VBZGdCbEFHNEFkQUFpQUgwQUxBQjdBQ0lBYmdBaUFEb0FJZ0J6QUhRQWJ3QnlBR0VBWndCbEFDSUFMQUFpQUhNQUlnQTZBRFVBTVFBMUFEZ0FOQUFzQUNJQVpRQWlBRG9BTlFBeEFEVUFPQUEwQUN3QUlnQnZBQ0lBT2dBaUFIY0FhUUJ1QUdRQWJ3QjNBQ0lBTEFBaUFIUUFJZ0E2QUNJQVpRQjJBR1VBYmdCMEFDSUFmUUFzQUhzQUlnQnVBQ0lBT2dBaUFITUFkQUJ2QUhJQVlRQm5BR1VBSWdBc0FDSUFjd0FpQURvQU5RQXhBRFVBT0FBMUFDd0FJZ0JsQUNJQU9nQTFBREVBTlFBNEFEVUFMQUFpQUc4QUlnQTZBQ0lBZHdCcEFHNEFaQUJ2QUhjQUlnQXNBQ0lBZEFBaUFEb0FJZ0JsQUhZQVpRQnVBSFFBSWdCOUFDd0Fld0FpQUc0QUlnQTZBQ0lBY3dCMEFHOEFjZ0JoQUdjQVpRQWlBQ3dBSWdCekFDSUFPZ0ExQURFQU5RQTRBRFVBTEFBaUFHVUFJZ0E2QURVQU1RQTFBRGdBTlFBc0FDSUFid0FpQURvQUlnQjNBR2tBYmdCa0FHOEFkd0FpQUN3QUlnQjBBQ0lBT2dBaUFHVUFkZ0JsQUc0QWRBQWlBSDBBTEFCN0FDSUFiZ0FpQURvQUlnQnpBSFFBYndCeUFHRUFad0JsQUNJQUxBQWlBSE1BSWdBNkFEVUFNUUExQURnQU5RQXNBQ0lBWlFBaUFEb0FOUUF4QURVQU9BQTFBQ3dBSWdCdkFDSUFPZ0FpQUhjQWFRQnVBR1FBYndCM0FDSUFMQUFpQUhRQUlnQTZBQ0lBWlFCMkFHVUFiZ0IwQUNJQWZRQXNBSHNBSWdCdUFDSUFPZ0FpQUhNQWRBQnZBSElBWVFCbkFHVUFJZ0FzQUNJQWN3QWlBRG9BTlFBeEFEVUFPQUExQUN3QUlnQmxBQ0lBT2dBMUFERUFOUUE0QURVQUxBQWlBRzhBSWdBNkFDSUFkd0JwQUc0QVpBQnZBSGNBSWdBc0FDSUFkQUFpQURvQUlnQmxBSFlBWlFCdUFIUUFJZ0I5QUN3QWV3QWlBRzRBSWdBNkFDSUFjd0IwQUc4QWNnQmhBR2NBWlFBaUFDd0FJZ0J6QUNJQU9nQTFBREVBTlFBNEFEVUFMQUFpQUdVQUlnQTZBRFVBTVFBMUFEZ0FOUUFzQUNJQWJ3QWlBRG9BSWdCM0FHa0FiZ0JrQUc4QWR3QWlBQ3dBSWdCMEFDSUFPZ0FpQUdVQWRnQmxBRzRBZEFBaUFIMEFMQUI3QUNJQWJnQWlBRG9BSWdCeUFHVUFjUUIxQUdVQWN3QjBBRUVBYmdCcEFHMEFZUUIwQUdrQWJ3QnVBRVlBY2dCaEFHMEFaUUFpQUN3QUlnQnpBQ0lBT2dBMEFEUUFPQUF6QURNQUxBQWlBR1VBSWdBNkFEUUFOQUE0QURNQU5nQXNBQ0lBYndBaUFEb0FJZ0IzQUdrQWJnQmtBRzhBZHdBaUFDd0FJZ0IwQUNJQU9nQWlBSElBWlFCeEFIVUFaUUJ6QUhRQVFRQnVBR2tBYlFCaEFIUUFhUUJ2QUc0QVJnQnlBR0VBYlFCbEFDSUFmUUFzQUhzQUlnQnVBQ0lBT2dBaUFISUFaUUJ4QUhVQVpRQnpBSFFBUVFCdUFHa0FiUUJoQUhRQWFRQnZBRzRBUmdCeUFHRUFiUUJsQUNJQUxBQWlBSE1BSWdBNkFEUUFOZ0E1QURnQU13QXNBQ0lBWlFBaUFEb0FOQUEyQURrQU9BQTFBQ3dBSWdCdkFDSUFPZ0FpQUhjQWFRQnVBR1FBYndCM0FDSUFMQUFpQUhRQUlnQTZBQ0lBY2dCbEFIRUFkUUJsQUhNQWRBQkJBRzRBYVFCdEFHRUFkQUJwQUc4QWJnQkdBSElBWVFCdEFHVUFJZ0I5QUN3QWV3QWlBRzRBSWdBNkFDSUFjZ0JsQUhFQWRRQmxBSE1BZEFCQkFHNEFhUUJ0QUdFQWRBQnBBRzhBYmdCR0FISUFZUUJ0QUdVQUlnQXNBQ0lBY3dBaUFEb0FOQUEzQURNQU1BQTRBQ3dBSWdCbEFDSUFPZ0EwQURjQU13QXdBRGtBTEFBaUFHOEFJZ0E2QUNJQWR3QnBBRzRBWkFCdkFIY0FJZ0FzQUNJQWRBQWlBRG9BSWdCeUFHVUFjUUIxQUdVQWN3QjBBRUVBYmdCcEFHMEFZUUIwQUdrQWJ3QnVBRVlBY2dCaEFHMEFaUUFpQUgwQUxBQjdBQ0lBYmdBaUFEb0FJZ0J5QUdVQWNRQjFBR1VBY3dCMEFFRUFiZ0JwQUcwQVlRQjBBR2tBYndCdUFFWUFjZ0JoQUcwQVpRQWlBQ3dBSWdCekFDSUFPZ0EwQURnQU1nQTNBRGtBTEFBaUFHVUFJZ0E2QURRQU9BQXlBRGdBTUFBc0FDSUFid0FpQURvQUlnQjNBR2tBYmdCa0FHOEFkd0FpQUN3QUlnQjBBQ0lBT2dBaUFISUFaUUJ4QUhVQVpRQnpBSFFBUVFCdUFHa0FiUUJoQUhRQWFRQnZBRzRBUmdCeUFHRUFiUUJsQUNJQWZRQXNBSHNBSWdCdUFDSUFPZ0FpQUhBQWNnQnZBR2NBY2dCbEFITUFjd0FpQUN3QUlnQnpBQ0lBT2dBMEFEWUFPUUF6QURVQUxBQWlBR1VBSWdBNkFEUUFOZ0E1QURNQU5RQXNBQ0lBYndBaUFEb0FJZ0IxQUc0QVpBQmxBR1lBYVFCdUFHVUFaQUFnQUZBQVR3QlRBRlFBT2dBZ0FITUFkQUJoQUdjQWFRQnVBR2NBY0FCeUFHVUFaQUJwQUdNQWRBQTFBQzRBYVFCdUFHWUFiQUIxQUdVQWJnQmpBR1VBYUFCbEFHRUFiQUIwQUdnQUxnQmpBRzhBYlFBNkFETUFNQUF3QURBQUx3QndBSElBWlFCa0FHa0FZd0IwQUM4QWRnQXhBQzhBWXdCc0FHa0FaUUJ1QUhRQWN3QXZBSFVBYmdCcEFIWUFaUUJ5QUhNQWFRQjBBSGtBWXdCdkFHd0Fid0J5QUdFQVpBQnZBQzhBWVFCMUFIUUFhQUJVQUc4QWF3QmxBRzRBSWdBc0FDSUFkQUFpQURvQUlnQmxBSFlBWlFCdUFIUUFJZ0I5QUN3QWV3QWlBRzRBSWdBNkFDSUFjQUJ5QUc4QVp3QnlBR1VBY3dCekFDSUFMQUFpQUhNQUlnQTZBRFFBTndBd0FEQUFOZ0FzQUNJQVpRQWlBRG9BTkFBM0FEQUFNQUEyQUN3QUlnQnZBQ0lBT2dBaUFIVUFiZ0JrQUdVQVpnQnBBRzRBWlFCa0FDQUFSd0JGQUZRQU9nQWdBSE1BZEFCaEFHY0FhUUJ1QUdjQWNBQnlBR1VBWkFCcEFHTUFkQUExQUM0QWFRQnVBR1lBYkFCMUFHVUFiZ0JqQUdVQWFBQmxBR0VBYkFCMEFHZ0FMZ0JqQUc4QWJRQTZBRFFBTkFBekFDOEFKQUJ0QUc4QVpBQjFBR3dBWlFBdkFHMEFid0JrQUhVQWJBQmxBSE1BTHdCaEFHTUFZd0J2QUhVQWJnQjBBSE1BSWdBc0FDSUFkQUFpQURvQUlnQmxBSFlBWlFCdUFIUUFJZ0I5QUN3QWV3QWlBRzRBSWdBNkFDSUFjQUJ5QUc4QVp3QnlBR1VBY3dCekFDSUFMQUFpQUhNQUlnQTZBRFFBTndBd0FEY0FOQUFzQUNJQVpRQWlBRG9BTkFBM0FEQUFOd0EwQUN3QUlnQnZBQ0lBT2dBaUFIVUFiZ0JrQUdVQVpnQnBBRzRBWlFCa0FDQUFSd0JGQUZRQU9nQWdBSE1BZEFCaEFHY0FhUUJ1QUdjQWNBQnlBR1VBWkFCcEFHTUFkQUExQUM0QWFRQnVBR1lBYkFCMUFHVUFiZ0JqQUdVQWFBQmxBR0VBYkFCMEFHZ0FMZ0JqQUc4QWJRQTZBRFFBTkFBekFDOEFiUUJ2QUdRQWRRQnNBR1VBY3dBdkFHRUFZd0JqQUc4QWRRQnVBSFFBY3dBdkFDOEFZd0J2QUc0QWRBQnlBRzhBYkFCc0FHVUFjZ0J6QUZ3QVhBQkJBR01BWXdCdkFIVUFiZ0IwQUhNQVF3QjBBSElBYkFBdUFHb0Fjd0FpQUN3QUlnQjBBQ0lBT2dBaUFHVUFkZ0JsQUc0QWRBQWlBSDBBTEFCN0FDSUFiZ0FpQURvQUlnQndBSElBYndCbkFISUFaUUJ6QUhNQUlnQXNBQ0lBY3dBaUFEb0FOQUEzQURVQU53QTNBQ3dBSWdCbEFDSUFPZ0EwQURjQU5RQTNBRGNBTEFBaUFHOEFJZ0E2QUNJQWRRQnVBR1FBWlFCbUFHa0FiZ0JsQUdRQUlBQkhBRVVBVkFBNkFDQUFjd0IwQUdFQVp3QnBBRzRBWndCd0FISUFaUUJrQUdrQVl3QjBBRFVBTGdCcEFHNEFaZ0JzQUhVQVpRQnVBR01BWlFCb0FHVUFZUUJzQUhRQWFBQXVBR01BYndCdEFEb0FOQUEwQURNQUx3QnRBRzhBWkFCMUFHd0FaUUJ6QUM4QVlRQmpBR01BYndCMUFHNEFkQUJ6QUM4QWFRQnVBR1FBWlFCNEFDNEFhQUIwQUcwQWJBQWlBQ3dBSWdCMEFDSUFPZ0FpQUdVQWRnQmxBRzRBZEFBaUFIMEFMQUI3QUNJQWJnQWlBRG9BSWdCd0FISUFid0JuQUhJQVpRQnpBSE1BSWdBc0FDSUFjd0FpQURvQU5BQTRBRElBTUFBeUFDd0FJZ0JsQUNJQU9nQTBBRGdBTWdBd0FESUFMQUFpQUc4QUlnQTZBQ0lBZFFCdUFHUUFaUUJtQUdrQWJnQmxBR1FBSUFCSEFFVUFWQUE2QUNBQWN3QjBBR0VBWndCcEFHNEFad0J3QUhJQVpRQmtBR2tBWXdCMEFEVUFMZ0JwQUc0QVpnQnNBSFVBWlFCdUFHTUFaUUJvQUdVQVlRQnNBSFFBYUFBdUFHTUFid0J0QURvQU13QXdBREFBTUFBdkFIQUFjZ0JsQUdRQWFRQmpBSFFBTHdCMkFERUFMd0JqQUd3QWFRQmxBRzRBZEFCekFDOEFkUUJ1QUdrQWRnQmxBSElBY3dCcEFIUUFlUUJqQUc4QWJBQnZBSElBWVFCa0FHOEFMd0JzQUdrQWN3QjBBR01BYkFCcEFHVUFiZ0IwQUhNQUlnQXNBQ0lBZEFBaUFEb0FJZ0JsQUhZQVpRQnVBSFFBSWdCOUFDd0Fld0FpQUc0QUlnQTZBQ0lBY0FCeUFHOEFad0J5QUdVQWN3QnpBQ0lBTEFBaUFITUFJZ0E2QURRQU9BQXlBREVBT0FBc0FDSUFaUUFpQURvQU5BQTRBRElBTVFBNEFDd0FJZ0J2QUNJQU9nQWlBSFVBYmdCa0FHVUFaZ0JwQUc0QVpRQmtBQ0FBUndCRkFGUUFPZ0FnQUhNQWRBQmhBR2NBYVFCdUFHY0FjQUJ5QUdVQVpBQnBBR01BZEFBMUFDNEFhUUJ1QUdZQWJBQjFBR1VBYmdCakFHVUFhQUJsQUdFQWJBQjBBR2dBTGdCakFHOEFiUUE2QURRQU5BQXpBQzhBYlFCdkFHUUFkUUJzQUdVQWN3QXZBR0VBWXdCakFHOEFkUUJ1QUhRQWN3QXZBSFlBYVFCbEFIY0Fjd0F2QUdNQWFBQnZBRzhBY3dCbEFDMEFZd0J2QUc0QWRBQmxBSGdBZEFBdUFHZ0FkQUJ0QUd3QUlnQXNBQ0lBZEFBaUFEb0FJZ0JsQUhZQVpRQnVBSFFBSWdCOUFDd0Fld0FpQUc0QUlnQTZBQ0lBY0FCeUFHOEFad0J5QUdVQWN3QnpBQ0lBTEFBaUFITUFJZ0E2QURRQU9BQXlBRGdBTXdBc0FDSUFaUUFpQURvQU5BQTRBRElBT0FBekFDd0FJZ0J2QUNJQU9nQWlBSFVBYmdCa0FHVUFaZ0JwQUc0QVpRQmtBQ0FBUndCRkFGUUFPZ0FnQUhNQWRBQmhBR2NBYVFCdUFHY0FjQUJ5QUdVQVpBQnBBR01BZEFBMUFDNEFhUUJ1QUdZQWJBQjFBR1VBYmdCakFHVUFhQUJsQUdFQWJBQjBBR2dBTGdCakFHOEFiUUE2QURRQU5BQXpBQzhBSkFCdEFHOEFaQUIxQUd3QVpRQXZBR3dBWVFCNUFHOEFkUUIwQUhNQUx3QmlBR0VBY3dCbEFDSUFMQUFpQUhRQUlnQTZBQ0lBWlFCMkFHVUFiZ0IwQUNJQWZRQXNBSHNBSWdCdUFDSUFPZ0FpQUhBQWNnQnZBR2NBY2dCbEFITUFjd0FpQUN3QUlnQnpBQ0lBT2dBMEFEZ0FNd0EwQURJQUxBQWlBR1VBSWdBNkFEUUFPQUF6QURRQU1nQXNBQ0lBYndBaUFEb0FJZ0IxQUc0QVpBQmxBR1lBYVFCdUFHVUFaQUFnQUVjQVJRQlVBRG9BSUFCekFIUUFZUUJuQUdrQWJnQm5BSEFBY2dCbEFHUUFhUUJqQUhRQU5RQXVBR2tBYmdCbUFHd0FkUUJsQUc0QVl3QmxBR2dBWlFCaEFHd0FkQUJvQUM0QVl3QnZBRzBBT2dBMEFEUUFNd0F2QUd3QVlRQjVBRzhBZFFCMEFITUFMd0JpQUdFQWN3QmxBQzhBTHdCdEFHRUFhUUJ1QUM0QWFnQnpBQ0lBTEFBaUFIUUFJZ0E2QUNJQVpRQjJBR1VBYmdCMEFDSUFmUUFzQUhzQUlnQnVBQ0lBT2dBaUFIQUFjZ0J2QUdjQWNnQmxBSE1BY3dBaUFDd0FJZ0J6QUNJQU9nQTBBRGdBTXdBMEFETUFMQUFpQUdVQUlnQTZBRFFBT0FBekFEUUFNd0FzQUNJQWJ3QWlBRG9BSWdCMUFHNEFaQUJsQUdZQWFRQnVBR1VBWkFBZ0FFY0FSUUJVQURvQUlBQnpBSFFBWVFCbkFHa0FiZ0JuQUhBQWNnQmxBR1FBYVFCakFIUUFOUUF1QUdrQWJnQm1BR3dBZFFCbEFHNEFZd0JsQUdnQVpRQmhBR3dBZEFCb0FDNEFZd0J2QUcwQU9nQTBBRFFBTXdBdkFHd0FZUUI1QUc4QWRRQjBBSE1BTHdCaUFHRUFjd0JsQUM4QUx3QnRBR0VBYVFCdUFDNEFhZ0J6QUNJQUxBQWlBSFFBSWdBNkFDSUFaUUIyQUdVQWJnQjBBQ0lBZlFBc0FIc0FJZ0J1QUNJQU9nQWlBSEFBY2dCdkFHY0FjZ0JsQUhNQWN3QWlBQ3dBSWdCekFDSUFPZ0EwQURnQU5BQXdBREFBTEFBaUFHVUFJZ0E2QURRQU9BQTBBREFBTUFBc0FDSUFid0FpQURvQUlnQjFBRzRBWkFCbEFHWUFhUUJ1QUdVQVpBQWdBRWNBUlFCVUFEb0FJQUJ6QUhRQVlRQm5BR2tBYmdCbkFIQUFjZ0JsQUdRQWFRQmpBSFFBTlFBdUFHa0FiZ0JtQUd3QWRRQmxBRzRBWXdCbEFHZ0FaUUJoQUd3QWRBQm9BQzRBWXdCdkFHMEFPZ0EwQURRQU13QXZBR3dBWVFCNUFHOEFkUUIwQUhNQUx3QmlBR0VBY3dCbEFDOEFhUUJ1QUdRQVpRQjRBQzRBYUFCMEFHMEFiQUFpQUN3QUlnQjBBQ0lBT2dBaUFHVUFkZ0JsQUc0QWRBQWlBSDBBTEFCN0FDSUFiZ0FpQURvQUlnQndBSElBYndCbkFISUFaUUJ6QUhNQUlnQXNBQ0lBY3dBaUFEb0FOQUE0QURRQU1BQXhBQ3dBSWdCbEFDSUFPZ0EwQURnQU5BQXdBREVBTEFBaUFHOEFJZ0E2QUNJQWRRQnVBR1FBWlFCbUFHa0FiZ0JsQUdRQUlBQkhBRVVBVkFBNkFDQUFjd0IwQUdFQVp3QnBBRzRBWndCd0FISUFaUUJrQUdrQVl3QjBBRFVBTGdCcEFHNEFaZ0JzQUhVQVpRQnVBR01BWlFCb0FHVUFZUUJzQUhRQWFBQXVBR01BYndCdEFEb0FOQUEwQURNQUx3QnNBR0VBZVFCdkFIVUFkQUJ6QUM4QVlnQmhBSE1BWlFBdkFHa0FiZ0JrQUdVQWVBQXVBR2dBZEFCdEFHd0FJZ0FzQUNJQWRBQWlBRG9BSWdCbEFIWUFaUUJ1QUhRQUlnQjlBQ3dBZXdBaUFHNEFJZ0E2QUNJQWNBQnlBRzhBWndCeUFHVUFjd0J6QUNJQUxBQWlBSE1BSWdBNkFEUUFPQUEzQURRQU13QXNBQ0lBWlFBaUFEb0FOQUE0QURjQU5BQXpBQ3dBSWdCdkFDSUFPZ0FpQUhVQWJnQmtBR1VBWmdCcEFHNEFaUUJrQUNBQVJ3QkZBRlFBT2dBZ0FITUFkQUJoQUdjQWFRQnVBR2NBY0FCeUFHVUFaQUJwQUdNQWRBQTFBQzRBYVFCdUFHWUFiQUIxQUdVQWJnQmpBR1VBYUFCbEFHRUFiQUIwQUdnQUxnQmpBRzhBYlFBNkFETUFNQUF3QURBQUx3QndBSElBWlFCa0FHa0FZd0IwQUM4QWRnQXhBQzhBYkFCdkFHNEFad0JTQUhVQWJnQnVBR2tBYmdCbkFGUUFZUUJ6QUdzQWN3QWlBQ3dBSWdCMEFDSUFPZ0FpQUdVQWRnQmxBRzRBZEFBaUFIMEFMQUI3QUNJQWJnQWlBRG9BSWdCd0FISUFid0JuQUhJQVpRQnpBSE1BSWdBc0FDSUFjd0FpQURvQU5BQTRBRGNBTkFBMEFDd0FJZ0JsQUNJQU9nQTBBRGdBTndBMEFEUUFMQUFpQUc4QUlnQTZBQ0lBZFFCdUFHUUFaUUJtQUdrQWJnQmxBR1FBSUFCSEFFVUFWQUE2QUNBQWN3QjBBR0VBWndCcEFHNEFad0J3QUhJQVpRQmtBR2tBWXdCMEFEVUFMZ0JwQUc0QVpnQnNBSFVBWlFCdUFHTUFaUUJvQUdVQVlRQnNBSFFBYUFBdUFHTUFid0J0QURvQU13QXdBREFBTUFBdkFIQUFjZ0JsQUdRQWFRQmpBSFFBTHdCMkFERUFMd0JzQUc4QWJnQm5BRklBZFFCdUFHNEFhUUJ1QUdjQVZBQmhBSE1BYXdCekFDSUFMQUFpQUhRQUlnQTZBQ0lBWlFCMkFHVUFiZ0IwQUNJQWZRQXNBSHNBSWdCdUFDSUFPZ0FpQUhBQWNnQnZBR2NBY2dCbEFITUFjd0FpQUN3QUlnQnpBQ0lBT2dBMEFEa0FPUUEzQURZQUxBQWlBR1VBSWdBNkFEUUFPUUE1QURjQU5nQXNBQ0lBYndBaUFEb0FJZ0IxQUc0QVpBQmxBR1lBYVFCdUFHVUFaQUFnQUVjQVJRQlVBRG9BSUFCekFIUUFZUUJuQUdrQWJnQm5BSEFBY2dCbEFHUUFhUUJqQUhRQU5RQXVBR2tBYmdCbUFHd0FkUUJsQUc0QVl3QmxBR2dBWlFCaEFHd0FkQUJvQUM0QVl3QnZBRzBBT2dBMEFEUUFNd0F2QUNRQWJRQnZBR1FBZFFCc0FHVUFMd0J0QUc4QVpBQjFBR3dBWlFCekFDOEFhQUJ2QUcwQVpRQWlBQ3dBSWdCMEFDSUFPZ0FpQUdVQWRnQmxBRzRBZEFBaUFIMEFMQUI3QUNJQWJnQWlBRG9BSWdCd0FISUFid0JuQUhJQVpRQnpBSE1BSWdBc0FDSUFjd0FpQURvQU5BQTVBRGtBT0FBM0FDd0FJZ0JsQUNJQU9nQTBBRGtBT1FBNEFEY0FMQUFpQUc4QUlnQTZBQ0lBZFFCdUFHUUFaUUJtQUdrQWJnQmxBR1FBSUFCSEFFVUFWQUE2QUNBQWN3QjBBR0VBWndCcEFHNEFad0J3QUhJQVpRQmtBR2tBWXdCMEFEVUFMZ0JwQUc0QVpnQnNBSFVBWlFCdUFHTUFaUUJvQUdVQVlRQnNBSFFBYUFBdUFHTUFid0J0QURvQU5BQTBBRE1BTHdCMEFHVUFiUUJ3QUd3QVlRQjBBR1VBY3dBdkFHSUFZUUJ6QUdrQVl3QXZBR2tBZFFCcEFDMEFjQUJ2QUhJQWRBQmhBR3dBTFFCc0FHOEFad0J2QUM0QWFBQjBBRzBBYkFBaUFDd0FJZ0IwQUNJQU9nQWlBR1VBZGdCbEFHNEFkQUFpQUgwQUxBQjdBQ0lBYmdBaUFEb0FJZ0J3QUhJQWJ3Qm5BSElBWlFCekFITUFJZ0FzQUNJQWN3QWlBRG9BTlFBd0FEQUFNZ0EzQUN3QUlnQmxBQ0lBT2dBMUFEQUFNQUF5QURjQUxBQWlBRzhBSWdBNkFDSUFkUUJ1QUdRQVpRQm1BR2tBYmdCbEFHUUFJQUJIQUVVQVZBQTZBQ0FBY3dCMEFHRUFad0JwQUc0QVp3QndBSElBWlFCa0FHa0FZd0IwQURVQUxnQnBBRzRBWmdCc0FIVUFaUUJ1QUdNQVpRQm9BR1VBWVFCc0FIUUFhQUF1QUdNQWJ3QnRBRG9BTkFBMEFETUFMd0JzQUdFQWVRQnZBSFVBZEFCekFDOEFZZ0JoQUhNQVpRQXZBSE1BWlFCc0FHVUFZd0IwQUMwQVl3QnZBRzRBZEFCbEFIZ0FkQUF1QUdnQWRBQnRBR3dBSWdBc0FDSUFkQUFpQURvQUlnQmxBSFlBWlFCdUFIUUFJZ0I5QUN3QWV3QWlBRzRBSWdBNkFDSUFjQUJ5QUc4QVp3QnlBR1VBY3dCekFDSUFMQUFpQUhNQUlnQTZBRFVBTUFBd0FEY0FOQUFzQUNJQVpRQWlBRG9BTlFBd0FEQUFOd0EwQUN3QUlnQnZBQ0lBT2dBaUFIVUFiZ0JrQUdVQVpnQnBBRzRBWlFCa0FDQUFSd0JGQUZRQU9nQWdBSE1BZEFCaEFHY0FhUUJ1QUdjQWNBQnlBR1VBWkFCcEFHTUFkQUExQUM0QWFRQnVBR1lBYkFCMUFHVUFiZ0JqQUdVQWFBQmxBR0VBYkFCMEFHZ0FMZ0JqQUc4QWJRQTZBRFFBTkFBekFDOEFiQUJoQUhrQWJ3QjFBSFFBY3dBdkFHSUFZUUJ6QUdVQUx3QnpBR1VBWXdCdkFHNEFaQUJoQUhJQWVRQXRBSE1BYVFCa0FHVUFZZ0JoQUhJQUxRQnVBR0VBZGdCcEFHY0FZUUIwQUdrQWJ3QnVBQzRBYUFCMEFHMEFiQUFpQUN3QUlnQjBBQ0lBT2dBaUFHVUFkZ0JsQUc0QWRBQWlBSDBBTEFCN0FDSUFiZ0FpQURvQUlnQndBSElBYndCbkFISUFaUUJ6QUhNQUlnQXNBQ0lBY3dBaUFEb0FOUUF3QURBQU53QTFBQ3dBSWdCbEFDSUFPZ0ExQURBQU1BQTNBRFVBTEFBaUFHOEFJZ0E2QUNJQWRRQnVBR1FBWlFCbUFHa0FiZ0JsQUdRQUlBQkhBRVVBVkFBNkFDQUFjd0IwQUdFQVp3QnBBRzRBWndCd0FISUFaUUJrQUdrQVl3QjBBRFVBTGdCcEFHNEFaZ0JzQUhVQVpRQnVBR01BWlFCb0FHVUFZUUJzQUhRQWFBQXVBR01BYndCdEFEb0FOQUEwQURNQUx3QnNBR0VBZVFCdkFIVUFkQUJ6QUM4QVlnQmhBSE1BWlFBdkFITUFaUUJqQUc4QWJnQmtBR0VBY2dCNUFDMEFjd0JwQUdRQVpRQmlBR0VBY2dBdEFHNEFZUUIyQUdrQVp3QmhBSFFBYVFCdkFHNEFMZ0JvQUhRQWJRQnNBQ0lBTEFBaUFIUUFJZ0E2QUNJQVpRQjJBR1VBYmdCMEFDSUFmUUFzQUhzQUlnQnVBQ0lBT2dBaUFIQUFjZ0J2QUdjQWNnQmxBSE1BY3dBaUFDd0FJZ0J6QUNJQU9nQTFBREFBTXdBNEFEUUFMQUFpQUdVQUlnQTZBRFVBTUFBekFEZ0FOQUFzQUNJQWJ3QWlBRG9BSWdCMUFHNEFaQUJsQUdZQWFRQnVBR1VBWkFBZ0FFY0FSUUJVQURvQUlBQnpBSFFBWVFCbkFHa0FiZ0JuQUhBQWNnQmxBR1FBYVFCakFIUUFOUUF1QUdrQWJnQm1BR3dBZFFCbEFHNEFZd0JsQUdnQVpRQmhBR3dBZEFCb0FDNEFZd0J2QUcwQU9nQTBBRFFBTXdBdkFHMEFid0JrQUhVQWJBQmxBSE1BTHdCb0FHOEFiUUJsQUM4QUx3QnRBR0VBYVFCdUFDNEFhZ0J6QUNJQUxBQWlBSFFBSWdBNkFDSUFaUUIyQUdVQWJnQjBBQ0lBZlFBc0FIc0FJZ0J1QUNJQU9nQWlBSEFBY2dCdkFHY0FjZ0JsQUhNQWN3QWlBQ3dBSWdCekFDSUFPZ0ExQURBQU13QTVBREFBTEFBaUFHVUFJZ0E2QURVQU1BQXpBRGtBTUFBc0FDSUFid0FpQURvQUlnQjFBRzRBWkFCbEFHWUFhUUJ1QUdVQVpBQWdBRWNBUlFCVUFEb0FJQUJ6QUhRQVlRQm5BR2tBYmdCbkFIQUFjZ0JsQUdRQWFRQmpBSFFBTlFBdUFHa0FiZ0JtQUd3QWRRQmxBRzRBWXdCbEFHZ0FaUUJoQUd3QWRBQm9BQzRBWXdCdkFHMEFPZ0EwQURRQU13QXZBRzBBYndCa0FIVUFiQUJsQUhNQUx3Qm9BRzhBYlFCbEFDOEFMd0JqQUc4QWJnQjBBSElBYndCc0FHd0FaUUJ5QUhNQVhBQmNBRmNBWlFCc0FHTUFid0J0QUdVQVF3QjBBSElBYkFBdUFHb0Fjd0FpQUN3QUlnQjBBQ0lBT2dBaUFHVUFkZ0JsQUc0QWRBQWlBSDBBTEFCN0FDSUFiZ0FpQURvQUlnQndBSElBYndCbkFISUFaUUJ6QUhNQUlnQXNBQ0lBY3dBaUFEb0FOUUF3QURNQU9RQXhBQ3dBSWdCbEFDSUFPZ0ExQURBQU13QTVBREVBTEFBaUFHOEFJZ0E2QUNJQWRRQnVBR1FBWlFCbUFHa0FiZ0JsQUdRQUlBQkhBRVVBVkFBNkFDQUFjd0IwQUdFQVp3QnBBRzRBWndCd0FISUFaUUJrQUdrQVl3QjBBRFVBTGdCcEFHNEFaZ0JzQUhVQVpRQnVBR01BWlFCb0FHVUFZUUJzQUhRQWFBQXVBR01BYndCdEFEb0FOQUEwQURNQUx3QnRBRzhBWkFCMUFHd0FaUUJ6QUM4QWFBQnZBRzBBWlFBdkFDOEFZd0J2QUc0QWRBQnlBRzhBYkFCc0FHVUFjZ0J6QUZ3QVhBQlhBR1VBYkFCakFHOEFiUUJsQUVNQWRBQnlBR3dBTGdCcUFITUFJZ0FzQUNJQWRBQWlBRG9BSWdCbEFIWUFaUUJ1QUhRQUlnQjlBQ3dBZXdBaUFHNEFJZ0E2QUNJQWNBQnlBRzhBWndCeUFHVUFjd0J6QUNJQUxBQWlBSE1BSWdBNkFEVUFNQUEwQURVQU5nQXNBQ0lBWlFBaUFEb0FOUUF3QURRQU5RQTJBQ3dBSWdCdkFDSUFPZ0FpQUhVQWJnQmtBR1VBWmdCcEFHNEFaUUJrQUNBQVJ3QkZBRlFBT2dBZ0FITUFkQUJoQUdjQWFRQnVBR2NBY0FCeUFHVUFaQUJwQUdNQWRBQTFBQzRBYVFCdUFHWUFiQUIxQUdVQWJnQmpBR1VBYUFCbEFHRUFiQUIwQUdnQUxnQmpBRzhBYlFBNkFEUUFOQUF6QUM4QWJRQnZBR1FBZFFCc0FHVUFjd0F2QUdnQWJ3QnRBR1VBTHdCakFHOEFiZ0IwQUhJQWJ3QnNBR3dBWlFCeUFITUFMd0JYQUdVQWJBQmpBRzhBYlFCbEFFTUFkQUJ5QUd3QUxnQnFBSE1BSWdBc0FDSUFkQUFpQURvQUlnQmxBSFlBWlFCdUFIUUFJZ0I5QUN3QWV3QWlBRzRBSWdBNkFDSUFjQUJ5QUc4QVp3QnlBR1VBY3dCekFDSUFMQUFpQUhNQUlnQTZBRFVBTUFBMEFEVUFOZ0FzQUNJQVpRQWlBRG9BTlFBd0FEUUFOUUEyQUN3QUlnQnZBQ0lBT2dBaUFIVUFiZ0JrQUdVQVpnQnBBRzRBWlFCa0FDQUFSd0JGQUZRQU9nQWdBSE1BZEFCaEFHY0FhUUJ1QUdjQWNBQnlBR1VBWkFCcEFHTUFkQUExQUM0QWFRQnVBR1lBYkFCMUFHVUFiZ0JqQUdVQWFBQmxBR0VBYkFCMEFHZ0FMZ0JqQUc4QWJRQTZBRFFBTkFBekFDOEFiUUJ2QUdRQWRRQnNBR1VBY3dBdkFHZ0Fid0J0QUdVQUx3QmpBRzhBYmdCMEFISUFid0JzQUd3QVpRQnlBSE1BTHdCWEFHVUFiQUJqQUc4QWJRQmxBRU1BZEFCeUFHd0FMZ0JxQUhNQUlnQXNBQ0lBZEFBaUFEb0FJZ0JsQUhZQVpRQnVBSFFBSWdCOUFDd0Fld0FpQUc0QUlnQTZBQ0lBY0FCeUFHOEFad0J5QUdVQWN3QnpBQ0lBTEFBaUFITUFJZ0E2QURVQU1BQTBBRFlBTXdBc0FDSUFaUUFpQURvQU5RQXdBRFFBTmdBekFDd0FJZ0J2QUNJQU9nQWlBSFVBYmdCa0FHVUFaZ0JwQUc0QVpRQmtBQ0FBUndCRkFGUUFPZ0FnQUhNQWRBQmhBR2NBYVFCdUFHY0FjQUJ5QUdVQVpBQnBBR01BZEFBMUFDNEFhUUJ1QUdZQWJBQjFBR1VBYmdCakFHVUFhQUJsQUdFQWJBQjBBR2dBTGdCakFHOEFiUUE2QURRQU5BQXpBQzhBYlFCdkFHUUFkUUJzQUdVQWN3QXZBR2dBYndCdEFHVUFMd0JwQUc0QVpBQmxBSGdBTGdCb0FIUUFiUUJzQUNJQUxBQWlBSFFBSWdBNkFDSUFaUUIyQUdVQWJnQjBBQ0lBZlFBc0FIc0FJZ0J1QUNJQU9nQWlBSEFBY2dCdkFHY0FjZ0JsQUhNQWN3QWlBQ3dBSWdCekFDSUFPZ0ExQURBQU5RQTFBRE1BTEFBaUFHVUFJZ0E2QURVQU1BQTFBRFVBTXdBc0FDSUFid0FpQURvQUlnQjFBRzRBWkFCbEFHWUFhUUJ1QUdVQVpBQWdBRWNBUlFCVUFEb0FJQUJ6QUhRQVlRQm5BR2tBYmdCbkFIQUFjZ0JsQUdRQWFRQmpBSFFBTlFBdUFHa0FiZ0JtQUd3QWRRQmxBRzRBWXdCbEFHZ0FaUUJoQUd3QWRBQm9BQzRBWXdCdkFHMEFPZ0EwQURRQU13QXZBRzBBYndCa0FIVUFiQUJsQUhNQUx3Qm9BRzhBYlFCbEFDOEFkZ0JwQUdVQWR3QnpBQzhBZHdCbEFHd0FZd0J2QUcwQVpRQXVBR2dBZEFCdEFHd0FJZ0FzQUNJQWRBQWlBRG9BSWdCbEFIWUFaUUJ1QUhRQUlnQjlBQ3dBZXdBaUFHNEFJZ0E2QUNJQWNBQnlBRzhBWndCeUFHVUFjd0J6QUNJQUxBQWlBSE1BSWdBNkFEVUFNQUEyQURNQU1nQXNBQ0lBWlFBaUFEb0FOUUF3QURZQU13QXlBQ3dBSWdCdkFDSUFPZ0FpQUhVQWJnQmtBR1VBWmdCcEFHNEFaUUJrQUNBQVJ3QkZBRlFBT2dBZ0FITUFkQUJoQUdjQWFRQnVBR2NBY0FCeUFHVUFaQUJwQUdNQWRBQTFBQzRBYVFCdUFHWUFiQUIxQUdVQWJnQmpBR1VBYUFCbEFHRUFiQUIwQUdnQUxnQmpBRzhBYlFBNkFETUFNQUF3QURBQUx3QndBSElBWlFCa0FHa0FZd0IwQUM4QWRnQXhBQzhBYkFCdkFHNEFad0JTQUhVQWJnQnVBR2tBYmdCbkFGUUFZUUJ6QUdzQWN3QWlBQ3dBSWdCMEFDSUFPZ0FpQUdVQWRnQmxBRzRBZEFBaUFIMEFMQUI3QUNJQWJnQWlBRG9BSWdCd0FISUFid0JuQUhJQVpRQnpBSE1BSWdBc0FDSUFjd0FpQURvQU5RQXdBRFlBTXdBeUFDd0FJZ0JsQUNJQU9nQTFBREFBTmdBekFESUFMQUFpQUc4QUlnQTZBQ0lBZFFCdUFHUUFaUUJtQUdrQWJnQmxBR1FBSUFCSEFFVUFWQUE2QUNBQWN3QjBBR0VBWndCcEFHNEFad0J3QUhJQVpRQmtBR2tBWXdCMEFEVUFMZ0JwQUc0QVpnQnNBSFVBWlFCdUFHTUFaUUJvQUdVQVlRQnNBSFFBYUFBdUFHTUFid0J0QURvQU13QXdBREFBTUFBdkFIQUFjZ0JsQUdRQWFRQmpBSFFBTHdCMkFERUFMd0JzQUc4QWJnQm5BRklBZFFCdUFHNEFhUUJ1QUdjQVZBQmhBSE1BYXdCekFDSUFMQUFpQUhRQUlnQTZBQ0lBWlFCMkFHVUFiZ0IwQUNJQWZRQXNBSHNBSWdCdUFDSUFPZ0FpQUhBQWNnQnZBR2NBY2dCbEFITUFjd0FpQUN3QUlnQnpBQ0lBT2dBMUFERUFOUUEwQURFQUxBQWlBR1VBSWdBNkFEVUFNUUExQURRQU1RQXNBQ0lBYndBaUFEb0FJZ0IxQUc0QVpBQmxBR1lBYVFCdUFHVUFaQUFnQUVjQVJRQlVBRG9BSUFCekFIUUFZUUJuQUdrQWJnQm5BSEFBY2dCbEFHUUFhUUJqQUhRQU5RQXVBR2tBYmdCbUFHd0FkUUJsQUc0QVl3QmxBR2dBWlFCaEFHd0FkQUJvQUM0QVl3QnZBRzBBT2dBMEFEUUFNd0F2QUcwQWJ3QmtBSFVBYkFCbEFITUFMd0JvQUc4QWJRQmxBQzhBZGdCcEFHVUFkd0J6QUM4QVpBQmxBRzBBYndBdUFHZ0FkQUJ0QUd3QUlnQXNBQ0lBZEFBaUFEb0FJZ0JsQUhZQVpRQnVBSFFBSWdCOUFDd0Fld0FpQUc0QUlnQTZBQ0lBYUFCcEFITUFkQUJ2QUhJQWVRQXVBSEFBZFFCekFHZ0FVd0IwQUdFQWRBQmxBQ0lBTEFBaUFITUFJZ0E2QURRQU5nQTVBRFFBTVFBc0FDSUFaUUFpQURvQU5BQTJBRGtBTkFBeEFDd0FJZ0J2QUNJQU9nQWlBQzhBZFFCdUFHa0FkZ0JsQUhJQWN3QnBBSFFBZVFCakFHOEFiQUJ2QUhJQVlRQmtBRzhBTHdCaEFHTUFZd0J2QUhVQWJnQjBBSE1BSWdBc0FDSUFkQUFpQURvQUlnQXZBSFVBYmdCcEFIWUFaUUJ5QUhNQWFRQjBBSGtBWXdCdkFHd0Fid0J5QUdFQVpBQnZBQzhBY3dCbEFITUFjd0JwQUc4QWJnQXZBR3dBYndCbkFHa0FiZ0FpQUgwQUxBQjdBQ0lBYmdBaUFEb0FJZ0JvQUdrQWN3QjBBRzhBY2dCNUFDNEFjQUIxQUhNQWFBQlRBSFFBWVFCMEFHVUFJZ0FzQUNJQWN3QWlBRG9BTkFBNEFESUFNQUEzQUN3QUlnQmxBQ0lBT2dBMEFEZ0FNZ0F3QURjQUxBQWlBRzhBSWdBNkFDSUFMd0IxQUc0QWFRQjJBR1VBY2dCekFHa0FkQUI1QUdNQWJ3QnNBRzhBY2dCaEFHUUFid0FpQUN3QUlnQjBBQ0lBT2dBaUFDOEFkUUJ1QUdrQWRnQmxBSElBY3dCcEFIUUFlUUJqQUc4QWJBQnZBSElBWVFCa0FHOEFMd0JoQUdNQVl3QnZBSFVBYmdCMEFITUFJZ0I5QUN3QWV3QWlBRzRBSWdBNkFDSUFhQUJwQUhNQWRBQnZBSElBZVFBdUFIQUFkUUJ6QUdnQVV3QjBBR0VBZEFCbEFDSUFMQUFpQUhNQUlnQTZBRFFBT0FBeUFEVUFOQUFzQUNJQVpRQWlBRG9BTkFBNEFESUFOUUEwQUN3QUlnQnZBQ0lBT2dBaUFDOEFkUUJ1QUdrQWRnQmxBSElBY3dCcEFIUUFlUUJqQUc4QWJBQnZBSElBWVFCa0FHOEFMd0J3QUhJQWFRQnRBR0VBY2dCNUFDSUFMQUFpQUhRQUlnQTZBQ0lBTHdCMUFHNEFhUUIyQUdVQWNnQnpBR2tBZEFCNUFHTUFid0JzQUc4QWNnQmhBR1FBYndBaUFIMEFMQUI3QUNJQWJnQWlBRG9BSWdCc0FHOEFZUUJrQUNJQUxBQWlBSE1BSWdBNkFEUUFOd0F3QURBQU5nQXNBQ0lBWlFBaUFEb0FOQUEzQURBQU1RQXlBQ3dBSWdCdkFDSUFPZ0FpQURJQU1BQXdBQ0FBUndCRkFGUUFPZ0FnQUhNQWRBQmhBR2NBYVFCdUFHY0FjQUJ5QUdVQVpBQnBBR01BZEFBMUFDNEFhUUJ1QUdZQWJBQjFBR1VBYmdCakFHVUFhQUJsQUdFQWJBQjBBR2dBTGdCakFHOEFiUUE2QURRQU5BQXpBQzhBSkFCdEFHOEFaQUIxQUd3QVpRQXZBRzBBYndCa0FIVUFiQUJsQUhNQUx3QmhBR01BWXdCdkFIVUFiZ0IwQUhNQUlnQXNBQ0lBZEFBaUFEb0FJZ0JsQUhZQVpRQnVBSFFBSWdCOUFDd0Fld0FpQUc0QUlnQTZBQ0lBYkFCdkFHRUFaQUFpQUN3QUlnQnpBQ0lBT2dBMEFEY0FNQUEzQURVQUxBQWlBR1VBSWdBNkFEUUFOd0F5QURnQU9BQXNBQ0lBYndBaUFEb0FJZ0F5QURBQU1BQWdBRWNBUlFCVUFEb0FJQUJ6QUhRQVlRQm5BR2tBYmdCbkFIQUFjZ0JsQUdRQWFRQmpBSFFBTlFBdUFHa0FiZ0JtQUd3QWRRQmxBRzRBWXdCbEFHZ0FaUUJoQUd3QWRBQm9BQzRBWXdCdkFHMEFPZ0EwQURRQU13QXZBRzBBYndCa0FIVUFiQUJsQUhNQUx3QmhBR01BWXdCdkFIVUFiZ0IwQUhNQUx3QXZBR01BYndCdUFIUUFjZ0J2QUd3QWJBQmxBSElBY3dCY0FGd0FRUUJqQUdNQWJ3QjFBRzRBZEFCekFFTUFkQUJ5QUd3QUxnQnFBSE1BSWdBc0FDSUFkQUFpQURvQUlnQmxBSFlBWlFCdUFIUUFJZ0I5QUN3QWV3QWlBRzRBSWdBNkFDSUFiQUJ2QUdFQVpBQWlBQ3dBSWdCekFDSUFPZ0EwQURjQU5RQTNBRGNBTEFBaUFHVUFJZ0E2QURRQU53QTFBRGtBT0FBc0FDSUFid0FpQURvQUlnQXlBREFBTUFBZ0FFY0FSUUJVQURvQUlBQnpBSFFBWVFCbkFHa0FiZ0JuQUhBQWNnQmxBR1FBYVFCakFIUUFOUUF1QUdrQWJnQm1BR3dBZFFCbEFHNEFZd0JsQUdnQVpRQmhBR3dBZEFCb0FDNEFZd0J2QUcwQU9nQTBBRFFBTXdBdkFHMEFid0JrQUhVQWJBQmxBSE1BTHdCaEFHTUFZd0J2QUhVQWJnQjBBSE1BTHdCcEFHNEFaQUJsQUhnQUxnQm9BSFFBYlFCc0FDSUFMQUFpQUhRQUlnQTZBQ0lBWlFCMkFHVUFiZ0IwQUNJQWZRQXNBSHNBSWdCdUFDSUFPZ0FpQUd3QWJ3QmhBR1FBSWdBc0FDSUFjd0FpQURvQU5BQTRBRElBTVFBNEFDd0FJZ0JsQUNJQU9nQTBBRGdBTWdBMUFEWUFMQUFpQUc4QUlnQTZBQ0lBTWdBd0FEQUFJQUJIQUVVQVZBQTZBQ0FBY3dCMEFHRUFad0JwQUc0QVp3QndBSElBWlFCa0FHa0FZd0IwQURVQUxnQnBBRzRBWmdCc0FIVUFaUUJ1QUdNQVpRQm9BR1VBWVFCc0FIUUFhQUF1QUdNQWJ3QnRBRG9BTkFBMEFETUFMd0J0QUc4QVpBQjFBR3dBWlFCekFDOEFZUUJqQUdNQWJ3QjFBRzRBZEFCekFDOEFkZ0JwQUdVQWR3QnpBQzhBWXdCb0FHOEFid0J6QUdVQUxRQmpBRzhBYmdCMEFHVUFlQUIwQUM0QWFBQjBBRzBBYkFBaUFDd0FJZ0IwQUNJQU9nQWlBR1VBZGdCbEFHNEFkQUFpQUgwQUxBQjdBQ0lBYmdBaUFEb0FJZ0JzQUc4QVlRQmtBQ0lBTEFBaUFITUFJZ0E2QURRQU9BQXlBRGdBTXdBc0FDSUFaUUFpQURvQU5BQTRBRElBT0FBM0FDd0FJZ0J2QUNJQU9nQWlBRElBTUFBd0FDQUFSd0JGQUZRQU9nQWdBSE1BZEFCaEFHY0FhUUJ1QUdjQWNBQnlBR1VBWkFCcEFHTUFkQUExQUM0QWFRQnVBR1lBYkFCMUFHVUFiZ0JqQUdVQWFBQmxBR0VBYkFCMEFHZ0FMZ0JqQUc4QWJRQTZBRFFBTkFBekFDOEFKQUJ0QUc4QVpBQjFBR3dBWlFBdkFHd0FZUUI1QUc4QWRRQjBBSE1BTHdCaUFHRUFjd0JsQUNJQUxBQWlBSFFBSWdBNkFDSUFaUUIyQUdVQWJnQjBBQ0lBZlFBc0FIc0FJZ0J1QUNJQU9nQWlBR3dBYndCaEFHUUFJZ0FzQUNJQWN3QWlBRG9BTkFBNEFETUFOQUF6QUN3QUlnQmxBQ0lBT2dBMEFEZ0FNd0ExQURRQUxBQWlBRzhBSWdBNkFDSUFNZ0F3QURBQUlBQkhBRVVBVkFBNkFDQUFjd0IwQUdFQVp3QnBBRzRBWndCd0FISUFaUUJrQUdrQVl3QjBBRFVBTGdCcEFHNEFaZ0JzQUhVQVpRQnVBR01BWlFCb0FHVUFZUUJzQUhRQWFBQXVBR01BYndCdEFEb0FOQUEwQURNQUx3QnNBR0VBZVFCdkFIVUFkQUJ6QUM4QVlnQmhBSE1BWlFBdkFDOEFiUUJoQUdrQWJnQXVBR29BY3dBaUFDd0FJZ0IwQUNJQU9nQWlBR1VBZGdCbEFHNEFkQUFpQUgwQUxBQjdBQ0lBYmdBaUFEb0FJZ0JzQUc4QVlRQmtBQ0lBTEFBaUFITUFJZ0E2QURRQU9BQTBBREFBTVFBc0FDSUFaUUFpQURvQU5BQTRBRFlBT0FBMUFDd0FJZ0J2QUNJQU9nQWlBRElBTUFBd0FDQUFSd0JGQUZRQU9nQWdBSE1BZEFCaEFHY0FhUUJ1QUdjQWNBQnlBR1VBWkFCcEFHTUFkQUExQUM0QWFRQnVBR1lBYkFCMUFHVUFiZ0JqQUdVQWFBQmxBR0VBYkFCMEFHZ0FMZ0JqQUc4QWJRQTZBRFFBTkFBekFDOEFiQUJoQUhrQWJ3QjFBSFFBY3dBdkFHSUFZUUJ6QUdVQUx3QnBBRzRBWkFCbEFIZ0FMZ0JvQUhRQWJRQnNBQ0lBTEFBaUFIUUFJZ0E2QUNJQVpRQjJBR1VBYmdCMEFDSUFmUUFzQUhzQUlnQnVBQ0lBT2dBaUFHd0Fid0JoQUdRQUlnQXNBQ0lBY3dBaUFEb0FOQUE1QURrQU53QTJBQ3dBSWdCbEFDSUFPZ0EwQURrQU9RQTRBRFlBTEFBaUFHOEFJZ0E2QUNJQU1nQXdBREFBSUFCSEFFVUFWQUE2QUNBQWN3QjBBR0VBWndCcEFHNEFad0J3QUhJQVpRQmtBR2tBWXdCMEFEVUFMZ0JwQUc0QVpnQnNBSFVBWlFCdUFHTUFaUUJvQUdVQVlRQnNBSFFBYUFBdUFHTUFid0J0QURvQU5BQTBBRE1BTHdBa0FHMEFid0JrQUhVQWJBQmxBQzhBYlFCdkFHUUFkUUJzQUdVQWN3QXZBR2dBYndCdEFHVUFJZ0FzQUNJQWRBQWlBRG9BSWdCbEFIWUFaUUJ1QUhRQUlnQjlBQ3dBZXdBaUFHNEFJZ0E2QUNJQWJBQnZBR0VBWkFBaUFDd0FJZ0J6QUNJQU9nQTFBREFBTXdBNEFEUUFMQUFpQUdVQUlnQTZBRFVBTUFBekFEa0FNQUFzQUNJQWJ3QWlBRG9BSWdBeUFEQUFNQUFnQUVjQVJRQlVBRG9BSUFCekFIUUFZUUJuQUdrQWJnQm5BSEFBY2dCbEFHUUFhUUJqQUhRQU5RQXVBR2tBYmdCbUFHd0FkUUJsQUc0QVl3QmxBR2dBWlFCaEFHd0FkQUJvQUM0QVl3QnZBRzBBT2dBMEFEUUFNd0F2QUcwQWJ3QmtBSFVBYkFCbEFITUFMd0JvQUc4QWJRQmxBQzhBTHdCdEFHRUFhUUJ1QUM0QWFnQnpBQ0lBTEFBaUFIUUFJZ0E2QUNJQVpRQjJBR1VBYmdCMEFDSUFmUUFzQUhzQUlnQnVBQ0lBT2dBaUFHd0Fid0JoQUdRQUlnQXNBQ0lBY3dBaUFEb0FOUUF3QURNQU9RQXhBQ3dBSWdCbEFDSUFPZ0ExQURBQU5BQXdBRElBTEFBaUFHOEFJZ0E2QUNJQU1nQXdBREFBSUFCSEFFVUFWQUE2QUNBQWN3QjBBR0VBWndCcEFHNEFad0J3QUhJQVpRQmtBR2tBWXdCMEFEVUFMZ0JwQUc0QVpnQnNBSFVBWlFCdUFHTUFaUUJvQUdVQVlRQnNBSFFBYUFBdUFHTUFid0J0QURvQU5BQTBBRE1BTHdCdEFHOEFaQUIxQUd3QVpRQnpBQzhBYUFCdkFHMEFaUUF2QUM4QVl3QnZBRzRBZEFCeUFHOEFiQUJzQUdVQWNnQnpBRndBWEFCWEFHVUFiQUJqQUc4QWJRQmxBRU1BZEFCeUFHd0FMZ0JxQUhNQUlnQXNBQ0lBZEFBaUFEb0FJZ0JsQUhZQVpRQnVBSFFBSWdCOUFDd0Fld0FpQUc0QUlnQTZBQ0lBYkFCdkFHRUFaQUFpQUN3QUlnQnpBQ0lBT2dBMUFEQUFOQUExQURjQUxBQWlBR1VBSWdBNkFEVUFNQUEwQURVQU9RQXNBQ0lBYndBaUFEb0FJZ0F5QURBQU1BQWdBRWNBUlFCVUFEb0FJQUJ6QUhRQVlRQm5BR2tBYmdCbkFIQUFjZ0JsQUdRQWFRQmpBSFFBTlFBdUFHa0FiZ0JtQUd3QWRRQmxBRzRBWXdCbEFHZ0FaUUJoQUd3QWRBQm9BQzRBWXdCdkFHMEFPZ0EwQURRQU13QXZBRzBBYndCa0FIVUFiQUJsQUhNQUx3Qm9BRzhBYlFCbEFDOEFZd0J2QUc0QWRBQnlBRzhBYkFCc0FHVUFjZ0J6QUM4QVZ3QmxBR3dBWXdCdkFHMEFaUUJEQUhRQWNnQnNBQzRBYWdCekFDSUFMQUFpQUhRQUlnQTZBQ0lBWlFCMkFHVUFiZ0IwQUNJQWZRQXNBSHNBSWdCdUFDSUFPZ0FpQUd3QWJ3QmhBR1FBSWdBc0FDSUFjd0FpQURvQU5RQXdBRFFBTmdBekFDd0FJZ0JsQUNJQU9nQTFBREFBTlFBd0FEWUFMQUFpQUc4QUlnQTZBQ0lBTWdBd0FEQUFJQUJIQUVVQVZBQTZBQ0FBY3dCMEFHRUFad0JwQUc0QVp3QndBSElBWlFCa0FHa0FZd0IwQURVQUxnQnBBRzRBWmdCc0FIVUFaUUJ1QUdNQVpRQm9BR1VBWVFCc0FIUUFhQUF1QUdNQWJ3QnRBRG9BTkFBMEFETUFMd0J0QUc4QVpBQjFBR3dBWlFCekFDOEFhQUJ2QUcwQVpRQXZBR2tBYmdCa0FHVUFlQUF1QUdnQWRBQnRBR3dBSWdBc0FDSUFkQUFpQURvQUlnQmxBSFlBWlFCdUFIUUFJZ0I5QUN3QWV3QWlBRzRBSWdBNkFDSUFiQUJ2QUdFQVpBQWlBQ3dBSWdCekFDSUFPZ0ExQURBQU5RQTFBRE1BTEFBaUFHVUFJZ0E2QURVQU1BQTJBRElBTmdBc0FDSUFid0FpQURvQUlnQXlBREFBTUFBZ0FFY0FSUUJVQURvQUlBQnpBSFFBWVFCbkFHa0FiZ0JuQUhBQWNnQmxBR1FBYVFCakFIUUFOUUF1QUdrQWJnQm1BR3dBZFFCbEFHNEFZd0JsQUdnQVpRQmhBR3dBZEFCb0FDNEFZd0J2QUcwQU9nQTBBRFFBTXdBdkFHMEFid0JrQUhVQWJBQmxBSE1BTHdCb0FHOEFiUUJsQUM4QWRnQnBBR1VBZHdCekFDOEFkd0JsQUd3QVl3QnZBRzBBWlFBdUFHZ0FkQUJ0QUd3QUlnQXNBQ0lBZEFBaUFEb0FJZ0JsQUhZQVpRQnVBSFFBSWdCOUFDd0Fld0FpQUc0QUlnQTZBQ0lBYkFCdkFHRUFaQUFpQUN3QUlnQnpBQ0lBT2dBMUFERUFOUUEwQURFQUxBQWlBR1VBSWdBNkFEVUFNUUExQURjQU9RQXNBQ0lBYndBaUFEb0FJZ0F5QURBQU1BQWdBRWNBUlFCVUFEb0FJQUJ6QUhRQVlRQm5BR2tBYmdCbkFIQUFjZ0JsQUdRQWFRQmpBSFFBTlFBdUFHa0FiZ0JtQUd3QWRRQmxBRzRBWXdCbEFHZ0FaUUJoQUd3QWRBQm9BQzRBWXdCdkFHMEFPZ0EwQURRQU13QXZBRzBBYndCa0FIVUFiQUJsQUhNQUx3Qm9BRzhBYlFCbEFDOEFkZ0JwQUdVQWR3QnpBQzhBWkFCbEFHMEFid0F1QUdnQWRBQnRBR3dBSWdBc0FDSUFkQUFpQURvQUlnQmxBSFlBWlFCdUFIUUFJZ0I5QUN3QWV3QWlBRzRBSWdBNkFDSUFaUUJ5QUhJQWJ3QnlBQ0lBTEFBaUFITUFJZ0E2QURRQU9BQTNBRElBTndBc0FDSUFaUUFpQURvQU5BQTRBRGNBTWdBM0FDd0FJZ0J2QUNJQU9nQWlBRk1BZVFCdUFIUUFZUUI0QUNBQVpRQnlBSElBYndCeUFDSUFMQUFpQUhRQUlnQTZBRGdBTndBNEFEQUFOQUE0QURJQU1BQXhBSDBBTEFCN0FDSUFiZ0FpQURvQUlnQjRBRzBBYkFCb0FIUUFkQUJ3QUhJQVpRQnhBSFVBWlFCekFIUUFJZ0FzQUNJQWN3QWlBRG9BTWdBeUFEZ0FNQUE0QUN3QUlnQmxBQ0lBT2dBeUFESUFPUUF4QURJQUxBQWlBRzhBSWdBNkFDSUFhQUIwQUhRQWNBQnpBRG9BTHdBdkFHSUFZUUJ0QUM0QWJnQnlBQzBBWkFCaEFIUUFZUUF1QUc0QVpRQjBBRG9BTkFBMEFETUFMd0J5QUdVQWN3QnZBSFVBY2dCakFHVUFjd0F2QURFQUx3QmxBRFFBWmdBMkFETUFaQUJoQURZQU13QTNBQ0lBTEFBaUFIUUFJZ0E2QUNJQWNnQmxBSE1BYndCMUFISUFZd0JsQUNJQWZRQXNBSHNBSWdCdUFDSUFPZ0FpQUhnQWJRQnNBR2dBZEFCMEFIQUFjZ0JsQUhFQWRRQmxBSE1BZEFBaUFDd0FJZ0J6QUNJQU9nQTBBREFBTmdBeUFEWUFMQUFpQUdVQUlnQTZBRFFBTUFBMkFEZ0FNd0FzQUNJQWJ3QWlBRG9BSWdCb0FIUUFkQUJ3QUhNQU9nQXZBQzhBWWdCaEFHMEFMZ0J1QUhJQUxRQmtBR0VBZEFCaEFDNEFiZ0JsQUhRQU9nQTBBRFFBTXdBdkFISUFaUUJ6QUc4QWRRQnlBR01BWlFCekFDOEFNUUF2QUdVQU5BQm1BRFlBTXdCa0FHRUFOZ0F6QURjQUlnQXNBQ0lBZEFBaUFEb0FJZ0J5QUdVQWN3QnZBSFVBY2dCakFHVUFJZ0I5QUN3QWV3QWlBRzRBSWdBNkFDSUFlQUJ0QUd3QWFBQjBBSFFBY0FCeUFHVUFjUUIxQUdVQWN3QjBBQ0lBTEFBaUFITUFJZ0E2QURRQU5BQTRBREVBTndBc0FDSUFaUUFpQURvQU5BQTJBRGtBTXdBekFDd0FJZ0J2QUNJQU9nQWlBR2dBZEFCMEFIQUFjd0E2QUM4QUx3QnpBSFFBWVFCbkFHa0FiZ0JuQUhBQWNnQmxBR1FBYVFCakFIUUFOUUF1QUdrQWJnQm1BR3dBZFFCbEFHNEFZd0JsQUdnQVpRQmhBR3dBZEFCb0FDNEFZd0J2QUcwQU9nQXpBREFBTUFBd0FDOEFjQUJ5QUdVQVpBQnBBR01BZEFBdkFIWUFNUUF2QUdNQWJBQnBBR1VBYmdCMEFITUFMd0IxQUc0QWFRQjJBR1VBY2dCekFHa0FkQUI1QUdNQWJ3QnNBRzhBY2dCaEFHUUFid0F2QUdFQWRRQjBBR2dBVkFCdkFHc0FaUUJ1QUNJQUxBQWlBSFFBSWdBNkFDSUFjZ0JsQUhNQWJ3QjFBSElBWXdCbEFDSUFmUUFzQUhzQUlnQnVBQ0lBT2dBaUFIZ0FiUUJzQUdnQWRBQjBBSEFBY2dCbEFIRUFkUUJsQUhNQWRBQWlBQ3dBSWdCekFDSUFPZ0EwQURZQU9RQTFBRFFBTEFBaUFHVUFJZ0E2QURRQU53QXdBREFBTkFBc0FDSUFid0FpQURvQUlnQm9BSFFBZEFCd0FITUFPZ0F2QUM4QWN3QjBBR0VBWndCcEFHNEFad0J3QUhJQVpRQmtBR2tBWXdCMEFEVUFMZ0JwQUc0QVpnQnNBSFVBWlFCdUFHTUFaUUJvQUdVQVlRQnNBSFFBYUFBdUFHTUFid0J0QURvQU5BQTBBRE1BTHdBa0FHMEFid0JrQUhVQWJBQmxBQzhBYlFCdkFHUUFkUUJzQUdVQWN3QXZBR0VBWXdCakFHOEFkUUJ1QUhRQWN3QWlBQ3dBSWdCMEFDSUFPZ0FpQUhJQVpRQnpBRzhBZFFCeUFHTUFaUUFpQUgwQUxBQjdBQ0lBYmdBaUFEb0FJZ0I0QUcwQWJBQm9BSFFBZEFCd0FISUFaUUJ4QUhVQVpRQnpBSFFBSWdBc0FDSUFjd0FpQURvQU5BQTNBREFBTVFBeUFDd0FJZ0JsQUNJQU9nQTBBRGNBTUFBM0FESUFMQUFpQUc4QUlnQTZBQ0lBYUFCMEFIUUFjQUJ6QURvQUx3QXZBSE1BZEFCaEFHY0FhUUJ1QUdjQWNBQnlBR1VBWkFCcEFHTUFkQUExQUM0QWFRQnVBR1lBYkFCMUFHVUFiZ0JqQUdVQWFBQmxBR0VBYkFCMEFHZ0FMZ0JqQUc4QWJRQTZBRFFBTkFBekFDOEFiUUJ2QUdRQWRRQnNBR1VBY3dBdkFHRUFZd0JqQUc4QWRRQnVBSFFBY3dBdkFDOEFZd0J2QUc0QWRBQnlBRzhBYkFCc0FHVUFjZ0J6QUM4QVFRQmpBR01BYndCMUFHNEFkQUJ6QUVNQWRBQnlBR3dBTGdCcUFITUFJZ0FzQUNJQWRBQWlBRG9BSWdCeUFHVUFjd0J2QUhVQWNnQmpBR1VBSWdCOUFDd0Fld0FpQUc0QUlnQTZBQ0lBZUFCdEFHd0FhQUIwQUhRQWNBQnlBR1VBY1FCMUFHVUFjd0IwQUNJQUxBQWlBSE1BSWdBNkFEUUFOd0F6QURBQU5RQXNBQ0lBWlFBaUFEb0FOQUEzQURVQU53QTFBQ3dBSWdCdkFDSUFPZ0FpQUdnQWRBQjBBSEFBY3dBNkFDOEFMd0J6QUhRQVlRQm5BR2tBYmdCbkFIQUFjZ0JsQUdRQWFRQmpBSFFBTlFBdUFHa0FiZ0JtQUd3QWRRQmxBRzRBWXdCbEFHZ0FaUUJoQUd3QWRBQm9BQzRBWXdCdkFHMEFPZ0EwQURRQU13QXZBRzBBYndCa0FIVUFiQUJsQUhNQUx3QmhBR01BWXdCdkFIVUFiZ0IwQUhNQUx3QnBBRzRBWkFCbEFIZ0FMZ0JvQUhRQWJRQnNBQ0lBTEFBaUFIUUFJZ0E2QUNJQWNnQmxBSE1BYndCMUFISUFZd0JsQUNJQWZRQXNBSHNBSWdCdUFDSUFPZ0FpQUhnQWJRQnNBR2dBZEFCMEFIQUFjZ0JsQUhFQWRRQmxBSE1BZEFBaUFDd0FJZ0J6QUNJQU9nQTBBRGNBTlFBNUFEZ0FMQUFpQUdVQUlnQTZBRFFBT0FBeEFEWUFPUUFzQUNJQWJ3QWlBRG9BSWdCb0FIUUFkQUJ3QUhNQU9nQXZBQzhBY3dCMEFHRUFad0JwQUc0QVp3QndBSElBWlFCa0FHa0FZd0IwQURVQUxnQnBBRzRBWmdCc0FIVUFaUUJ1QUdNQVpRQm9BR1VBWVFCc0FIUUFhQUF1QUdNQWJ3QnRBRG9BTXdBd0FEQUFNQUF2QUhBQWNnQmxBR1FBYVFCakFIUUFMd0IyQURFQUx3QmpBR3dBYVFCbEFHNEFkQUJ6QUM4QWRRQnVBR2tBZGdCbEFISUFjd0JwQUhRQWVRQmpBRzhBYkFCdkFISUFZUUJrQUc4QUx3QnNBR2tBY3dCMEFHTUFiQUJwQUdVQWJnQjBBSE1BSWdBc0FDSUFkQUFpQURvQUlnQnlBR1VBY3dCdkFIVUFjZ0JqQUdVQUlnQjlBQ3dBZXdBaUFHNEFJZ0E2QUNJQWVBQnRBR3dBYUFCMEFIUUFjQUJ5QUdVQWNRQjFBR1VBY3dCMEFDSUFMQUFpQUhNQUlnQTZBRFFBTndBMUFEa0FPQUFzQUNJQVpRQWlBRG9BTkFBNEFESUFNQUF3QUN3QUlnQnZBQ0lBT2dBaUFHZ0FkQUIwQUhBQWN3QTZBQzhBTHdCekFIUUFZUUJuQUdrQWJnQm5BSEFBY2dCbEFHUUFhUUJqQUhRQU5RQXVBR2tBYmdCbUFHd0FkUUJsQUc0QVl3QmxBR2dBWlFCaEFHd0FkQUJvQUM0QVl3QnZBRzBBT2dBMEFEUUFNd0F2QUcwQWJ3QmtBSFVBYkFCbEFITUFMd0JoQUdNQVl3QnZBSFVBYmdCMEFITUFMd0IyQUdrQVpRQjNBSE1BTHdCakFHZ0Fid0J2QUhNQVpRQXRBR01BYndCdUFIUUFaUUI0QUhRQUxnQm9BSFFBYlFCc0FDSUFMQUFpQUhRQUlnQTZBQ0lBY2dCbEFITUFid0IxQUhJQVl3QmxBQ0lBZlFBc0FIc0FJZ0J1QUNJQU9nQWlBSGdBYlFCc0FHZ0FkQUIwQUhBQWNnQmxBSEVBZFFCbEFITUFkQUFpQUN3QUlnQnpBQ0lBT2dBMEFEZ0FNZ0EyQURJQUxBQWlBR1VBSWdBNkFEUUFPQUF5QURnQU1RQXNBQ0lBYndBaUFEb0FJZ0JvQUhRQWRBQndBSE1BT2dBdkFDOEFjd0IwQUdFQVp3QnBBRzRBWndCd0FISUFaUUJrQUdrQVl3QjBBRFVBTGdCcEFHNEFaZ0JzQUhVQVpRQnVBR01BWlFCb0FHVUFZUUJzQUhRQWFBQXVBR01BYndCdEFEb0FOQUEwQURNQUx3QWtBRzBBYndCa0FIVUFiQUJsQUM4QWJBQmhBSGtBYndCMUFIUUFjd0F2QUdJQVlRQnpBR1VBSWdBc0FDSUFkQUFpQURvQUlnQnlBR1VBY3dCdkFIVUFjZ0JqQUdVQUlnQjlBQ3dBZXdBaUFHNEFJZ0E2QUNJQWVBQnRBR3dBYUFCMEFIUUFjQUJ5QUdVQWNRQjFBR1VBY3dCMEFDSUFMQUFpQUhNQUlnQTZBRFFBT0FBeUFEZ0FOZ0FzQUNJQVpRQWlBRG9BTkFBNEFETUFOQUF3QUN3QUlnQnZBQ0lBT2dBaUFHZ0FkQUIwQUhBQWN3QTZBQzhBTHdCekFIUUFZUUJuQUdrQWJnQm5BSEFBY2dCbEFHUUFhUUJqQUhRQU5RQXVBR2tBYmdCbUFHd0FkUUJsQUc0QVl3QmxBR2dBWlFCaEFHd0FkQUJvQUM0QVl3QnZBRzBBT2dBMEFEUUFNd0F2QUd3QVlRQjVBRzhBZFFCMEFITUFMd0JpQUdFQWN3QmxBQzhBTHdCdEFHRUFhUUJ1QUM0QWFnQnpBQ0lBTEFBaUFIUUFJZ0E2QUNJQWNnQmxBSE1BYndCMUFISUFZd0JsQUNJQWZRQXNBSHNBSWdCdUFDSUFPZ0FpQUhnQWJRQnNBR2dBZEFCMEFIQUFjZ0JsQUhFQWRRQmxBSE1BZEFBaUFDd0FJZ0J6QUNJQU9nQTBBRGdBTXdBMUFETUFMQUFpQUdVQUlnQTZBRFFBT0FBekFEa0FPQUFzQUNJQWJ3QWlBRG9BSWdCb0FIUUFkQUJ3QUhNQU9nQXZBQzhBY3dCMEFHRUFad0JwQUc0QVp3QndBSElBWlFCa0FHa0FZd0IwQURVQUxnQnBBRzRBWmdCc0FIVUFaUUJ1QUdNQVpRQm9BR1VBWVFCc0FIUUFhQUF1QUdNQWJ3QnRBRG9BTkFBMEFETUFMd0JzQUdFQWVRQnZBSFVBZEFCekFDOEFZZ0JoQUhNQVpRQXZBR2tBYmdCa0FHVUFlQUF1QUdnQWRBQnRBR3dBSWdBc0FDSUFkQUFpQURvQUlnQnlBR1VBY3dCdkFIVUFjZ0JqQUdVQUlnQjlBQ3dBZXdBaUFHNEFJZ0E2QUNJQWVBQnRBR3dBYUFCMEFIUUFjQUJ5QUdVQWNRQjFBR1VBY3dCMEFDSUFMQUFpQUhNQUlnQTZBRFFBT0FBM0FETUFNQUFzQUNJQVpRQWlBRG9BTkFBNEFEY0FNd0F6QUN3QUlnQnZBQ0lBT2dBaUFHZ0FkQUIwQUhBQWN3QTZBQzhBTHdCekFIUUFZUUJuQUdrQWJnQm5BSEFBY2dCbEFHUUFhUUJqQUhRQU5RQXVBR2tBYmdCbUFHd0FkUUJsQUc0QVl3QmxBR2dBWlFCaEFHd0FkQUJvQUM0QVl3QnZBRzBBT2dBekFEQUFNQUF3QUM4QWNBQnlBR1VBWkFCcEFHTUFkQUF2QUhZQU1RQXZBR3dBYndCdUFHY0FVZ0IxQUc0QWJnQnBBRzRBWndCVUFHRUFjd0JyQUhNQUlnQXNBQ0lBZEFBaUFEb0FJZ0J5QUdVQWN3QnZBSFVBY2dCakFHVUFJZ0I5QUN3QWV3QWlBRzRBSWdBNkFDSUFlQUJ0QUd3QWFBQjBBSFFBY0FCeUFHVUFjUUIxQUdVQWN3QjBBQ0lBTEFBaUFITUFJZ0E2QURRQU9BQTNBRE1BTXdBc0FDSUFaUUFpQURvQU5BQTRBRGNBTXdBMUFDd0FJZ0J2QUNJQU9nQWlBR2dBZEFCMEFIQUFjd0E2QUM4QUx3QnpBSFFBWVFCbkFHa0FiZ0JuQUhBQWNnQmxBR1FBYVFCakFIUUFOUUF1QUdrQWJnQm1BR3dBZFFCbEFHNEFZd0JsQUdnQVpRQmhBR3dBZEFCb0FDNEFZd0J2QUcwQU9nQTBBRFFBTXdBdkFDUUFiUUJ2QUdRQWRRQnNBR1VBTHdCdEFHOEFaQUIxQUd3QVpRQnpBQzhBYUFCdkFHMEFaUUFpQUN3QUlnQjBBQ0lBT2dBaUFISUFaUUJ6QUc4QWRRQnlBR01BWlFBaUFIMEFMQUI3QUNJQWJnQWlBRG9BSWdCNEFHMEFiQUJvQUhRQWRBQndBSElBWlFCeEFIVUFaUUJ6QUhRQUlnQXNBQ0lBY3dBaUFEb0FOQUE0QURjQU13QTFBQ3dBSWdCbEFDSUFPZ0EwQURnQU53QXpBRGNBTEFBaUFHOEFJZ0E2QUNJQWFBQjBBSFFBY0FCekFEb0FMd0F2QUhNQWRBQmhBR2NBYVFCdUFHY0FjQUJ5QUdVQVpBQnBBR01BZEFBMUFDNEFhUUJ1QUdZQWJBQjFBR1VBYmdCakFHVUFhQUJsQUdFQWJBQjBBR2dBTGdCakFHOEFiUUE2QURRQU5BQXpBQzhBZEFCbEFHMEFjQUJzQUdFQWRBQmxBSE1BTHdCaUFHRUFjd0JwQUdNQUx3QnBBSFVBYVFBdEFIQUFid0J5QUhRQVlRQnNBQzBBYkFCdkFHY0Fid0F1QUdnQWRBQnRBR3dBSWdBc0FDSUFkQUFpQURvQUlnQnlBR1VBY3dCdkFIVUFjZ0JqQUdVQUlnQjlBQ3dBZXdBaUFHNEFJZ0E2QUNJQWVBQnRBR3dBYUFCMEFIUUFjQUJ5QUdVQWNRQjFBR1VBY3dCMEFDSUFMQUFpQUhNQUlnQTZBRFFBT0FBM0FETUFOd0FzQUNJQVpRQWlBRG9BTkFBNEFEY0FNd0E1QUN3QUlnQnZBQ0lBT2dBaUFHZ0FkQUIwQUhBQWN3QTZBQzhBTHdCekFIUUFZUUJuQUdrQWJnQm5BSEFBY2dCbEFHUUFhUUJqQUhRQU5RQXVBR2tBYmdCbUFHd0FkUUJsQUc0QVl3QmxBR2dBWlFCaEFHd0FkQUJvQUM0QVl3QnZBRzBBT2dBMEFEUUFNd0F2QUd3QVlRQjVBRzhBZFFCMEFITUFMd0JpQUdFQWN3QmxBQzhBY3dCbEFHd0FaUUJqQUhRQUxRQmpBRzhBYmdCMEFHVUFlQUIwQUM0QWFBQjBBRzBBYkFBaUFDd0FJZ0IwQUNJQU9nQWlBSElBWlFCekFHOEFkUUJ5QUdNQVpRQWlBSDBBTEFCN0FDSUFiZ0FpQURvQUlnQjRBRzBBYkFCb0FIUUFkQUJ3QUhJQVpRQnhBSFVBWlFCekFIUUFJZ0FzQUNJQWN3QWlBRG9BTkFBNEFEY0FNd0E1QUN3QUlnQmxBQ0lBT2dBMEFEZ0FOd0EwQURBQUxBQWlBRzhBSWdBNkFDSUFhQUIwQUhRQWNBQnpBRG9BTHdBdkFITUFkQUJoQUdjQWFRQnVBR2NBY0FCeUFHVUFaQUJwQUdNQWRBQTFBQzRBYVFCdUFHWUFiQUIxQUdVQWJnQmpBR1VBYUFCbEFHRUFiQUIwQUdnQUxnQmpBRzhBYlFBNkFEUUFOQUF6QUM4QWJBQmhBSGtBYndCMUFIUUFjd0F2QUdJQVlRQnpBR1VBTHdCekFHVUFZd0J2QUc0QVpBQmhBSElBZVFBdEFITUFhUUJrQUdVQVlnQmhBSElBTFFCdUFHRUFkZ0JwQUdjQVlRQjBBR2tBYndCdUFDNEFhQUIwQUcwQWJBQWlBQ3dBSWdCMEFDSUFPZ0FpQUhJQVpRQnpBRzhBZFFCeUFHTUFaUUFpQUgwQUxBQjdBQ0lBYmdBaUFEb0FJZ0I0QUcwQWJBQm9BSFFBZEFCd0FISUFaUUJ4QUhVQVpRQnpBSFFBSWdBc0FDSUFjd0FpQURvQU5RQXdBRE1BTndBMEFDd0FJZ0JsQUNJQU9nQTFBREFBTXdBM0FEZ0FMQUFpQUc4QUlnQTZBQ0lBYUFCMEFIUUFjQUJ6QURvQUx3QXZBSE1BZEFCaEFHY0FhUUJ1QUdjQWNBQnlBR1VBWkFCcEFHTUFkQUExQUM0QWFRQnVBR1lBYkFCMUFHVUFiZ0JqQUdVQWFBQmxBR0VBYkFCMEFHZ0FMZ0JqQUc4QWJRQTZBRFFBTkFBekFDOEFiUUJ2QUdRQWRRQnNBR1VBY3dBdkFHZ0Fid0J0QUdVQUx3QXZBRzBBWVFCcEFHNEFMZ0JxQUhNQUlnQXNBQ0lBZEFBaUFEb0FJZ0J5QUdVQWN3QnZBSFVBY2dCakFHVUFJZ0I5QUN3QWV3QWlBRzRBSWdBNkFDSUFlQUJ0QUd3QWFBQjBBSFFBY0FCeUFHVUFjUUIxQUdVQWN3QjBBQ0lBTEFBaUFITUFJZ0E2QURVQU1BQXpBRGNBT0FBc0FDSUFaUUFpQURvQU5RQXdBRE1BT0FBeUFDd0FJZ0J2QUNJQU9nQWlBR2dBZEFCMEFIQUFjd0E2QUM4QUx3QnpBSFFBWVFCbkFHa0FiZ0JuQUhBQWNnQmxBR1FBYVFCakFIUUFOUUF1QUdrQWJnQm1BR3dBZFFCbEFHNEFZd0JsQUdnQVpRQmhBR3dBZEFCb0FDNEFZd0J2QUcwQU9nQTBBRFFBTXdBdkFHMEFid0JrQUhVQWJBQmxBSE1BTHdCb0FHOEFiUUJsQUM4QUx3QmpBRzhBYmdCMEFISUFid0JzQUd3QVpRQnlBSE1BTHdCWEFHVUFiQUJqQUc4QWJRQmxBRU1BZEFCeUFHd0FMZ0JxQUhNQUlnQXNBQ0lBZEFBaUFEb0FJZ0J5QUdVQWN3QnZBSFVBY2dCakFHVUFJZ0I5QUN3QWV3QWlBRzRBSWdBNkFDSUFlQUJ0QUd3QWFBQjBBSFFBY0FCeUFHVUFjUUIxQUdVQWN3QjBBQ0lBTEFBaUFITUFJZ0E2QURVQU1BQTBBREFBTWdBc0FDSUFaUUFpQURvQU5RQXdBRFFBTlFBMEFDd0FJZ0J2QUNJQU9nQWlBR2dBZEFCMEFIQUFjd0E2QUM4QUx3QnpBSFFBWVFCbkFHa0FiZ0JuQUhBQWNnQmxBR1FBYVFCakFIUUFOUUF1QUdrQWJnQm1BR3dBZFFCbEFHNEFZd0JsQUdnQVpRQmhBR3dBZEFCb0FDNEFZd0J2QUcwQU9nQTBBRFFBTXdBdkFHMEFid0JrQUhVQWJBQmxBSE1BTHdCb0FHOEFiUUJsQUM4QVl3QnZBRzRBZEFCeUFHOEFiQUJzQUdVQWNnQnpBQzhBVndCbEFHd0FZd0J2QUcwQVpRQkRBSFFBY2dCc0FDNEFhZ0J6QUNJQUxBQWlBSFFBSWdBNkFDSUFjZ0JsQUhNQWJ3QjFBSElBWXdCbEFDSUFmUUFzQUhzQUlnQnVBQ0lBT2dBaUFIZ0FiUUJzQUdnQWRBQjBBSEFBY2dCbEFIRUFkUUJsQUhNQWRBQWlBQ3dBSWdCekFDSUFPZ0ExQURBQU5BQXdBRElBTEFBaUFHVUFJZ0E2QURVQU1BQTBBRFlBTVFBc0FDSUFid0FpQURvQUlnQm9BSFFBZEFCd0FITUFPZ0F2QUM4QWN3QjBBR0VBWndCcEFHNEFad0J3QUhJQVpRQmtBR2tBWXdCMEFEVUFMZ0JwQUc0QVpnQnNBSFVBWlFCdUFHTUFaUUJvQUdVQVlRQnNBSFFBYUFBdUFHTUFid0J0QURvQU5BQTBBRE1BTHdCdEFHOEFaQUIxQUd3QVpRQnpBQzhBYUFCdkFHMEFaUUF2QUdrQWJnQmtBR1VBZUFBdUFHZ0FkQUJ0QUd3QUlnQXNBQ0lBZEFBaUFEb0FJZ0J5QUdVQWN3QnZBSFVBY2dCakFHVUFJZ0I5QUN3QWV3QWlBRzRBSWdBNkFDSUFlQUJ0QUd3QWFBQjBBSFFBY0FCeUFHVUFjUUIxQUdVQWN3QjBBQ0lBTEFBaUFITUFJZ0E2QURVQU1BQTFBREFBTmdBc0FDSUFaUUFpQURvQU5RQXdBRFVBTlFBeEFDd0FJZ0J2QUNJQU9nQWlBR2dBZEFCMEFIQUFjd0E2QUM4QUx3QnpBSFFBWVFCbkFHa0FiZ0JuQUhBQWNnQmxBR1FBYVFCakFIUUFOUUF1QUdrQWJnQm1BR3dBZFFCbEFHNEFZd0JsQUdnQVpRQmhBR3dBZEFCb0FDNEFZd0J2QUcwQU9nQTBBRFFBTXdBdkFHMEFid0JrQUhVQWJBQmxBSE1BTHdCb0FHOEFiUUJsQUM4QWRnQnBBR1VBZHdCekFDOEFkd0JsQUd3QVl3QnZBRzBBWlFBdUFHZ0FkQUJ0QUd3QUlnQXNBQ0lBZEFBaUFEb0FJZ0J5QUdVQWN3QnZBSFVBY2dCakFHVUFJZ0I5QUN3QWV3QWlBRzRBSWdBNkFDSUFlQUJ0QUd3QWFBQjBBSFFBY0FCeUFHVUFjUUIxQUdVQWN3QjBBQ0lBTEFBaUFITUFJZ0E2QURVQU1BQTFBREFBTmdBc0FDSUFaUUFpQURvQU5RQXdBRFlBTWdBNUFDd0FJZ0J2QUNJQU9nQWlBR2dBZEFCMEFIQUFjd0E2QUM4QUx3QnpBSFFBWVFCbkFHa0FiZ0JuQUhBQWNnQmxBR1FBYVFCakFIUUFOUUF1QUdrQWJnQm1BR3dBZFFCbEFHNEFZd0JsQUdnQVpRQmhBR3dBZEFCb0FDNEFZd0J2QUcwQU9nQTBBRFFBTXdBdkFHMEFid0JrQUhVQWJBQmxBSE1BTHdCb0FHOEFiUUJsQUM4QWRnQnBBR1VBZHdCekFDOEFaQUJsQUcwQWJ3QXVBR2dBZEFCdEFHd0FJZ0FzQUNJQWRBQWlBRG9BSWdCeUFHVUFjd0J2QUhVQWNnQmpBR1VBSWdCOUFDd0Fld0FpQUc0QUlnQTZBQ0lBZUFCdEFHd0FhQUIwQUhRQWNBQnlBR1VBY1FCMUFHVUFjd0IwQUNJQUxBQWlBSE1BSWdBNkFEVUFNQUExQURnQU5nQXNBQ0lBWlFBaUFEb0FOUUF3QURVQU9BQTNBQ3dBSWdCdkFDSUFPZ0FpQUdnQWRBQjBBSEFBY3dBNkFDOEFMd0J6QUhRQVlRQm5BR2tBYmdCbkFIQUFjZ0JsQUdRQWFRQmpBSFFBTlFBdUFHa0FiZ0JtQUd3QWRRQmxBRzRBWXdCbEFHZ0FaUUJoQUd3QWRBQm9BQzRBWXdCdkFHMEFPZ0F6QURBQU1BQXdBQzhBY0FCeUFHVUFaQUJwQUdNQWRBQXZBSFlBTVFBdkFHd0Fid0J1QUdjQVVnQjFBRzRBYmdCcEFHNEFad0JVQUdFQWN3QnJBSE1BSWdBc0FDSUFkQUFpQURvQUlnQnlBR1VBY3dCdkFIVUFjZ0JqQUdVQUlnQjlBQ3dBZXdBaUFHNEFJZ0E2QUNJQWFRQnRBR2NBSWdBc0FDSUFjd0FpQURvQU5BQTRBRFFBTVFBeUFDd0FJZ0JsQUNJQU9nQTBBRGdBTkFBMkFETUFMQUFpQUc4QUlnQTZBQ0lBYUFCMEFIUUFjQUJ6QURvQUx3QXZBSE1BZEFCaEFHY0FhUUJ1QUdjQWNBQnlBR1VBWkFCcEFHTUFkQUExQUM0QWFRQnVBR1lBYkFCMUFHVUFiZ0JqQUdVQWFBQmxBR0VBYkFCMEFHZ0FMZ0JqQUc4QWJRQTZBRFFBTkFBekFDOEFhUUJ0QUdFQVp3QmxBSE1BTHdCcEFHTUFid0J1QUhNQUx3QnBBR01BYndCdUFGOEFZd0JzQUc4QWN3QmxBRjhBTXdBekFETUFNd0F6QURNQVh3QXpBREFBZUFBekFEQUFMZ0J3QUc0QVp3QWlBQ3dBSWdCMEFDSUFPZ0FpQUhJQVpRQnpBRzhBZFFCeUFHTUFaUUFpQUgwQUxBQjdBQ0lBYmdBaUFEb0FJZ0JwQUcwQVp3QWlBQ3dBSWdCekFDSUFPZ0EwQURnQU5BQXhBRFFBTEFBaUFHVUFJZ0E2QURRQU9BQTBBRFlBT1FBc0FDSUFid0FpQURvQUlnQm9BSFFBZEFCd0FITUFPZ0F2QUM4QWN3QjBBR0VBWndCcEFHNEFad0J3QUhJQVpRQmtBR2tBWXdCMEFEVUFMZ0JwQUc0QVpnQnNBSFVBWlFCdUFHTUFaUUJvQUdVQVlRQnNBSFFBYUFBdUFHTUFid0J0QURvQU5BQTBBRE1BTHdCcEFHMEFZUUJuQUdVQWN3QXZBR2tBYmdCbUFHd0FkUUJsQUc0QVl3QmxBR2dBWlFCaEFHd0FkQUJvQUMwQWJBQnZBR2NBYndBdEFIY0FhQUJwQUhRQVpRQXVBSEFBYmdCbkFDSUFMQUFpQUhRQUlnQTZBQ0lBY2dCbEFITUFid0IxQUhJQVl3QmxBQ0lBZlFCZEFIMEE8L1N0cmluZ0h0dHBCb2R5Pg0KICAgIDwvUmVxdWVzdD4NCiAgPC9JdGVtcz4NCiAgPENvbnRleHRQYXJhbWV0ZXJzPg0KICAgIDxDb250ZXh0UGFyYW1ldGVyIE5hbWU9IlVJU2VydmVyVVJMIiBWYWx1ZT0iaHR0cHM6Ly9zdGFnaW5ncHJlZGljdDUuaW5mbHVlbmNlaGVhbHRoLmNvbSIgLz4NCiAgICA8Q29udGV4dFBhcmFtZXRlciBOYW1lPSJXZWJTZXJ2ZXIyIiBWYWx1ZT0iaHR0cHM6Ly9iYW0ubnItZGF0YS5uZXQiIC8+DQogICAgPENvbnRleHRQYXJhbWV0ZXIgTmFtZT0iV2ViU2VydmVyMyIgVmFsdWU9Imh0dHBzOi8vbWFwcy5nb29nbGVhcGlzLmNvbSIgLz4NCiAgICA8Q29udGV4dFBhcmFtZXRlciBOYW1lPSJBUElTZXJ2ZXJVUkwiIFZhbHVlPSJodHRwczovL3N0YWdpbmdwcmVkaWN0NS5pbmZsdWVuY2VoZWFsdGguY29tOjMwMDAiIC8+DQogIDwvQ29udGV4dFBhcmFtZXRlcnM+DQogIDxWYWxpZGF0aW9uUnVsZXM+DQogICAgPFZhbGlkYXRpb25SdWxlIENsYXNzbmFtZT0iTWljcm9zb2Z0LlZpc3VhbFN0dWRpby5UZXN0VG9vbHMuV2ViVGVzdGluZy5SdWxlcy5WYWxpZGF0ZVJlc3BvbnNlVXJsLCBNaWNyb3NvZnQuVmlzdWFsU3R1ZGlvLlF1YWxpdHlUb29scy5XZWJUZXN0RnJhbWV3b3JrLCBWZXJzaW9uPTEwLjAuMC4wLCBDdWx0dXJlPW5ldXRyYWwsIFB1YmxpY0tleVRva2VuPWIwM2Y1ZjdmMTFkNTBhM2EiIERpc3BsYXlOYW1lPSJSZXNwb25zZSBVUkwiIERlc2NyaXB0aW9uPSJWYWxpZGF0ZXMgdGhhdCB0aGUgcmVzcG9uc2UgVVJMIGFmdGVyIHJlZGlyZWN0cyBhcmUgZm9sbG93ZWQgaXMgdGhlIHNhbWUgYXMgdGhlIHJlY29yZGVkIHJlc3BvbnNlIFVSTC4gIFF1ZXJ5U3RyaW5nIHBhcmFtZXRlcnMgYXJlIGlnbm9yZWQuIiBMZXZlbD0iTG93IiBFeGVjdHVpb25PcmRlcj0iQmVmb3JlRGVwZW5kZW50cyIgLz4NCiAgICA8VmFsaWRhdGlvblJ1bGUgQ2xhc3NuYW1lPSJNaWNyb3NvZnQuVmlzdWFsU3R1ZGlvLlRlc3RUb29scy5XZWJUZXN0aW5nLlJ1bGVzLlZhbGlkYXRpb25SdWxlUmVzcG9uc2VUaW1lR29hbCwgTWljcm9zb2Z0LlZpc3VhbFN0dWRpby5RdWFsaXR5VG9vbHMuV2ViVGVzdEZyYW1ld29yaywgVmVyc2lvbj0xMC4wLjAuMCwgQ3VsdHVyZT1uZXV0cmFsLCBQdWJsaWNLZXlUb2tlbj1iMDNmNWY3ZjExZDUwYTNhIiBEaXNwbGF5TmFtZT0iUmVzcG9uc2UgVGltZSBHb2FsIiBEZXNjcmlwdGlvbj0iVmFsaWRhdGVzIHRoYXQgdGhlIHJlc3BvbnNlIHRpbWUgZm9yIHRoZSByZXF1ZXN0IGlzIGxlc3MgdGhhbiBvciBlcXVhbCB0byB0aGUgcmVzcG9uc2UgdGltZSBnb2FsIGFzIHNwZWNpZmllZCBvbiB0aGUgcmVxdWVzdC4gIFJlc3BvbnNlIHRpbWUgZ29hbHMgb2YgemVybyB3aWxsIGJlIGlnbm9yZWQuIiBMZXZlbD0iTG93IiBFeGVjdHVpb25PcmRlcj0iQWZ0ZXJEZXBlbmRlbnRzIj4NCiAgICAgIDxSdWxlUGFyYW1ldGVycz4NCiAgICAgICAgPFJ1bGVQYXJhbWV0ZXIgTmFtZT0iVG9sZXJhbmNlIiBWYWx1ZT0iMCIgLz4NCiAgICAgIDwvUnVsZVBhcmFtZXRlcnM+DQogICAgPC9WYWxpZGF0aW9uUnVsZT4NCiAgPC9WYWxpZGF0aW9uUnVsZXM+DQo8L1dlYlRlc3Q+">
      <Execution id="e9a63274-c525-4022-9fe8-be87887c0742" />
    </WebTest>
  </TestDefinitions>
  <TestLists>
    <TestList name="Results Not in a List" id="8c84fa94-04c1-424b-9868-57a2d4851a1d" />
    <TestList name="All Loaded Results" id="19431567-8539-422a-85d7-44ee4e166bda" />
  </TestLists>
  <TestEntries>
    <TestEntry isTransparent="false" testId="f8443772-37d2-4a2c-8b70-37c98b4a53f0" executionId="e9a63274-c525-4022-9fe8-be87887c0742" testListId="8c84fa94-04c1-424b-9868-57a2d4851a1d" />
  </TestEntries>
  <Results>
    <WebTestResult executionId="e9a63274-c525-4022-9fe8-be87887c0742" testId="f8443772-37d2-4a2c-8b70-37c98b4a53f0" testName="WebTest2" computerName="CHI-LAB-VSU-03" duration="00:00:02.5826368" startTime="2016-02-23T03:34:20.1508852-06:00" endTime="2016-02-23T03:34:33.3113239-06:00" testType="4e7599fa-5ecb-43e9-a887-cd63cf72d207" outcome="Failed" testListId="8c84fa94-04c1-424b-9868-57a2d4851a1d" relativeResultsDirectory="e9a63274-c525-4022-9fe8-be87887c0742">
      <Output>
        <ErrorInfo>
          <Message>4 primary requests, 0 dependant requests and 0 conditional rules failed</Message>
        </ErrorInfo>
      </Output>
      <ResultFiles>
        <ResultFile path="WebTest2.webtestResult" />
      </ResultFiles>
      <TestSettings name="Local" id="3b1c1cf5-f0fc-4a30-a355-a117d32b02ff">
        <Description>These are default test settings for a local test run.</Description>
        <Execution>
          <TestTypeSpecific>
            <WebTestRunConfiguration testTypeId="4e7599fa-5ecb-43e9-a887-cd63cf72d207">
              <Browser name="Internet Explorer 9.0" MaxConnections="6">
                <Headers>
                  <Header name="User-Agent" value="Mozilla/5.0 (compatible; MSIE 9.0; Windows NT 6.1; Trident/5.0)" />
                  <Header name="Accept" value="*/*" />
                  <Header name="Accept-Language" value="{{$IEAcceptLanguage}}" />
                  <Header name="Accept-Encoding" value="GZIP" />
                </Headers>
              </Browser>
            </WebTestRunConfiguration>
          </TestTypeSpecific>
          <AgentRule name="Execution Agents">
          </AgentRule>
        </Execution>
        <Deployment runDeploymentRoot="load.test_CHI-LAB-VSU-03 2016-02-23 03_34_19" />
      </TestSettings>
      <WebTestResultFilePath>load.test_CHI-LAB-VSU-03 2016-02-23 03_34_19\In\e9a63274-c525-4022-9fe8-be87887c0742\WebTest2.webtestResult</WebTestResultFilePath>
    </WebTestResult>
  </Results>
</TestRun>