<?xml version="1.0" encoding="UTF-8"?>
<TestRun id="c7e95651-e4ff-4378-8838-56dfc4ba5f56" name="load.test@CHI-LAB-VSU-03 2016-02-22 04:29:32" runUser="MEDSEEKLAB\load.test" xmlns="http://microsoft.com/schemas/VisualStudio/TeamTest/2010">
  <TestSettings name="Local" id="3b1c1cf5-f0fc-4a30-a355-a117d32b02ff">
    <Description>These are default test settings for a local test run.</Description>
    <Execution>
      <TestTypeSpecific />
      <AgentRule name="Execution Agents">
      </AgentRule>
    </Execution>
    <Deployment runDeploymentRoot="load.test_CHI-LAB-VSU-03 2016-02-22 04_29_32" />
  </TestSettings>
  <Times creation="2016-02-22T04:29:32.3898943-06:00" queuing="2016-02-22T04:29:32.7639317-06:00" start="2016-02-22T04:29:32.9479501-06:00" finish="2016-02-22T04:29:49.3605912-06:00" />
  <ResultSummary outcome="Failed">
    <Counters total="1" executed="1" error="0" failed="1" timeout="0" aborted="0" inconclusive="0" passedButRunAborted="0" notRunnable="0" notExecuted="0" disconnected="0" warning="0" passed="0" completed="0" inProgress="0" pending="0" />
  </ResultSummary>
  <TestDefinitions>
    <WebTest name="WebTest2" storage="c:\medseek\automation\persuade\vsprojects\webandloadtestproject1\webandloadtestproject1\webtest2.webtest" id="f8443772-37d2-4a2c-8b70-37c98b4a53f0" persistedWebTest="77u/PD94bWwgdmVyc2lvbj0iMS4wIiBlbmNvZGluZz0iVVRGLTgiIHN0YW5kYWxvbmU9InllcyI/Pg0KPFdlYlRlc3QgTmFtZT0iV2ViVGVzdDIiIElkPSJmODQ0Mzc3Mi0zN2QyLTRhMmMtOGI3MC0zN2M5OGI0YTUzZjAiIE93bmVyPSIiIFByaW9yaXR5PSIyMTQ3NDgzNjQ3IiBFbmFibGVkPSJUcnVlIiBDc3NQcm9qZWN0U3RydWN0dXJlPSIiIENzc0l0ZXJhdGlvbj0iIiBUaW1lb3V0PSIwIiBXb3JrSXRlbUlkcz0iIiB4bWxucz0iaHR0cDovL21pY3Jvc29mdC5jb20vc2NoZW1hcy9WaXN1YWxTdHVkaW8vVGVhbVRlc3QvMjAxMCIgRGVzY3JpcHRpb249IiIgQ3JlZGVudGlhbFVzZXJOYW1lPSIiIENyZWRlbnRpYWxQYXNzd29yZD0iIiBQcmVBdXRoZW50aWNhdGU9IlRydWUiIFByb3h5PSIiIFN0b3BPbkVycm9yPSJGYWxzZSIgUmVjb3JkZWRSZXN1bHRGaWxlPSJXZWJUZXN0Mi4wNWM4MWE5OC1mOTYyLTRlYjQtYTRmMC02ODFkYzZkNGNiNTMucmVjLndlYnRlc3RyZXN1bHQiIFJlc3VsdHNMb2NhbGU9IiI+DQogIDxJdGVtcz4NCiAgICA8Q29tbWVudCBDb21tZW50VGV4dD0iTGFuZGluZyBwYWdlIiAvPg0KICAgIDxSZXF1ZXN0IE1ldGhvZD0iR0VUIiBHdWlkPSI4NmE4OTMzOC1lZjliLTQxYjUtODRhOC1kMWJmOTQ3YmI0NzciIFZlcnNpb249IjEuMSIgVXJsPSJodHRwczovL3N0YWdpbmdwcmVkaWN0NS5pbmZsdWVuY2VoZWFsdGguY29tL3VuaXZlcnNpdHljb2xvcmFkby9zZXNzaW9uL2xvZ2luIiBUaGlua1RpbWU9IjIiIFRpbWVvdXQ9IjMwMCIgUGFyc2VEZXBlbmRlbnRSZXF1ZXN0cz0iVHJ1ZSIgRm9sbG93UmVkaXJlY3RzPSJUcnVlIiBSZWNvcmRSZXN1bHQ9IlRydWUiIENhY2hlPSJGYWxzZSIgUmVzcG9uc2VUaW1lR29hbD0iMCIgRW5jb2Rpbmc9InV0Zi04IiBFeHBlY3RlZEh0dHBTdGF0dXNDb2RlPSIwIiBFeHBlY3RlZFJlc3BvbnNlVXJsPSIiIFJlcG9ydGluZ05hbWU9IiIgSWdub3JlSHR0cFN0YXR1c0NvZGU9IkZhbHNlIj4NCiAgICAgIDxEZXBlbmRlbnRSZXF1ZXN0cz4NCiAgICAgICAgPFJlcXVlc3QgTWV0aG9kPSJHRVQiIEd1aWQ9IjU4NmJhY2JhLTRmZmMtNGIxYy05NmYzLWMxMDQ3NGZjN2ExZiIgVmVyc2lvbj0iMS4xIiBVcmw9Imh0dHBzOi8vc3RhZ2luZ3ByZWRpY3Q1LmluZmx1ZW5jZWhlYWx0aC5jb20vcm91dGVzLmpzb24iIFRoaW5rVGltZT0iMCIgVGltZW91dD0iMzAwIiBQYXJzZURlcGVuZGVudFJlcXVlc3RzPSJUcnVlIiBGb2xsb3dSZWRpcmVjdHM9IlRydWUiIFJlY29yZFJlc3VsdD0iVHJ1ZSIgQ2FjaGU9IkZhbHNlIiBSZXNwb25zZVRpbWVHb2FsPSIwIiBFbmNvZGluZz0idXRmLTgiIEV4cGVjdGVkSHR0cFN0YXR1c0NvZGU9IjAiIEV4cGVjdGVkUmVzcG9uc2VVcmw9IiIgUmVwb3J0aW5nTmFtZT0iIiBJZ25vcmVIdHRwU3RhdHVzQ29kZT0iRmFsc2UiPg0KICAgICAgICAgIDxIZWFkZXJzPg0KICAgICAgICAgICAgPEhlYWRlciBOYW1lPSJBY2NlcHQiIFZhbHVlPSJhcHBsaWNhdGlvbi9qc29uLCB0ZXh0L2phdmFzY3JpcHQsICovKjsgcT0wLjAxIiAvPg0KICAgICAgICAgICAgPEhlYWRlciBOYW1lPSJYLVJlcXVlc3RlZC1XaXRoIiBWYWx1ZT0iWE1MSHR0cFJlcXVlc3QiIC8+DQogICAgICAgICAgICA8SGVhZGVyIE5hbWU9IlJlZmVyZXIiIFZhbHVlPSJodHRwczovL3N0YWdpbmdwcmVkaWN0NS5pbmZsdWVuY2VoZWFsdGguY29tL3VuaXZlcnNpdHljb2xvcmFkby9zZXNzaW9uL2xvZ2luIiAvPg0KICAgICAgICAgIDwvSGVhZGVycz4NCiAgICAgICAgICA8UXVlcnlTdHJpbmdQYXJhbWV0ZXJzPg0KICAgICAgICAgICAgPFF1ZXJ5U3RyaW5nUGFyYW1ldGVyIE5hbWU9Il8iIFZhbHVlPSIxNDU2MTM2ODgwNjgzIiBSZWNvcmRlZFZhbHVlPSIxNDU2MTM2ODgwNjgzIiBDb3JyZWxhdGlvbkJpbmRpbmc9IiIgVXJsRW5jb2RlPSJGYWxzZSIgVXNlVG9Hcm91cFJlc3VsdHM9IkZhbHNlIiAvPg0KICAgICAgICAgIDwvUXVlcnlTdHJpbmdQYXJhbWV0ZXJzPg0KICAgICAgICA8L1JlcXVlc3Q+DQogICAgICA8L0RlcGVuZGVudFJlcXVlc3RzPg0KICAgIDwvUmVxdWVzdD4NCiAgICA8UmVxdWVzdCBNZXRob2Q9IkdFVCIgR3VpZD0iNDc5NGQwNmUtM2NkMC00YmVlLWI2NDMtNjc4MGNkOTI1NjQ3IiBWZXJzaW9uPSIxLjEiIFVybD0iaHR0cHM6Ly9iYW0ubnItZGF0YS5uZXQvMS9lNGY2M2RhNjM3IiBUaGlua1RpbWU9IjAiIFRpbWVvdXQ9IjMwMCIgUGFyc2VEZXBlbmRlbnRSZXF1ZXN0cz0iVHJ1ZSIgRm9sbG93UmVkaXJlY3RzPSJUcnVlIiBSZWNvcmRSZXN1bHQ9IlRydWUiIENhY2hlPSJGYWxzZSIgUmVzcG9uc2VUaW1lR29hbD0iMCIgRW5jb2Rpbmc9Imlzby04ODU5LTEiIEV4cGVjdGVkSHR0cFN0YXR1c0NvZGU9IjAiIEV4cGVjdGVkUmVzcG9uc2VVcmw9IiIgUmVwb3J0aW5nTmFtZT0iIiBJZ25vcmVIdHRwU3RhdHVzQ29kZT0iRmFsc2UiPg0KICAgICAgPEhlYWRlcnM+DQogICAgICAgIDxIZWFkZXIgTmFtZT0iUmVmZXJlciIgVmFsdWU9Imh0dHBzOi8vc3RhZ2luZ3ByZWRpY3Q1LmluZmx1ZW5jZWhlYWx0aC5jb20vdW5pdmVyc2l0eWNvbG9yYWRvL3Nlc3Npb24vbG9naW4iIC8+DQogICAgICA8L0hlYWRlcnM+DQogICAgICA8UXVlcnlTdHJpbmdQYXJhbWV0ZXJzPg0KICAgICAgICA8UXVlcnlTdHJpbmdQYXJhbWV0ZXIgTmFtZT0iYSIgVmFsdWU9IjEyMzQ2Njg4IiBSZWNvcmRlZFZhbHVlPSIxMjM0NjY4OCIgQ29ycmVsYXRpb25CaW5kaW5nPSIiIFVybEVuY29kZT0iRmFsc2UiIFVzZVRvR3JvdXBSZXN1bHRzPSJGYWxzZSIgLz4NCiAgICAgICAgPFF1ZXJ5U3RyaW5nUGFyYW1ldGVyIE5hbWU9InYiIFZhbHVlPSI4NTIuYTM2ZjBmZCIgUmVjb3JkZWRWYWx1ZT0iODUyLmEzNmYwZmQiIENvcnJlbGF0aW9uQmluZGluZz0iIiBVcmxFbmNvZGU9IkZhbHNlIiBVc2VUb0dyb3VwUmVzdWx0cz0iRmFsc2UiIC8+DQogICAgICAgIDxRdWVyeVN0cmluZ1BhcmFtZXRlciBOYW1lPSJ0byIgVmFsdWU9Ik1nWUFOMFFIREJGWVZVRmJYd3RNSnh0R0ZBY1JTbHhHSFhjZ04wMU1IQSUzRCUzRCIgUmVjb3JkZWRWYWx1ZT0iTWdZQU4wUUhEQkZZVlVGYlh3dE1KeHRHRkFjUlNseEdIWGNnTjAxTUhBJTNEJTNEIiBDb3JyZWxhdGlvbkJpbmRpbmc9IiIgVXJsRW5jb2RlPSJGYWxzZSIgVXNlVG9Hcm91cFJlc3VsdHM9IkZhbHNlIiAvPg0KICAgICAgICA8UXVlcnlTdHJpbmdQYXJhbWV0ZXIgTmFtZT0iYXAiIFZhbHVlPSIwLjI0OTIiIFJlY29yZGVkVmFsdWU9IjAuMjQ5MiIgQ29ycmVsYXRpb25CaW5kaW5nPSIiIFVybEVuY29kZT0iRmFsc2UiIFVzZVRvR3JvdXBSZXN1bHRzPSJGYWxzZSIgLz4NCiAgICAgICAgPFF1ZXJ5U3RyaW5nUGFyYW1ldGVyIE5hbWU9ImJlIiBWYWx1ZT0iMTczNiIgUmVjb3JkZWRWYWx1ZT0iMTczNiIgQ29ycmVsYXRpb25CaW5kaW5nPSIiIFVybEVuY29kZT0iRmFsc2UiIFVzZVRvR3JvdXBSZXN1bHRzPSJGYWxzZSIgLz4NCiAgICAgICAgPFF1ZXJ5U3RyaW5nUGFyYW1ldGVyIE5hbWU9ImZlIiBWYWx1ZT0iMTk0MSIgUmVjb3JkZWRWYWx1ZT0iMTk0MSIgQ29ycmVsYXRpb25CaW5kaW5nPSIiIFVybEVuY29kZT0iRmFsc2UiIFVzZVRvR3JvdXBSZXN1bHRzPSJGYWxzZSIgLz4NCiAgICAgICAgPFF1ZXJ5U3RyaW5nUGFyYW1ldGVyIE5hbWU9ImRjIiBWYWx1ZT0iMTc5NCIgUmVjb3JkZWRWYWx1ZT0iMTc5NCIgQ29ycmVsYXRpb25CaW5kaW5nPSIiIFVybEVuY29kZT0iRmFsc2UiIFVzZVRvR3JvdXBSZXN1bHRzPSJGYWxzZSIgLz4NCiAgICAgICAgPFF1ZXJ5U3RyaW5nUGFyYW1ldGVyIE5hbWU9InR0IiBWYWx1ZT0iZjZiMzNiYWYxNmIyMTgiIFJlY29yZGVkVmFsdWU9ImY2YjMzYmFmMTZiMjE4IiBDb3JyZWxhdGlvbkJpbmRpbmc9IiIgVXJsRW5jb2RlPSJGYWxzZSIgVXNlVG9Hcm91cFJlc3VsdHM9IkZhbHNlIiAvPg0KICAgICAgICA8UXVlcnlTdHJpbmdQYXJhbWV0ZXIgTmFtZT0iZiIgVmFsdWU9IiU1QiUyMmVyciUyMiwlMjJ4aHIlMjIsJTIyc3RuJTIyLCUyMmlucyUyMiU1RCIgUmVjb3JkZWRWYWx1ZT0iJTVCJTIyZXJyJTIyLCUyMnhociUyMiwlMjJzdG4lMjIsJTIyaW5zJTIyJTVEIiBDb3JyZWxhdGlvbkJpbmRpbmc9IiIgVXJsRW5jb2RlPSJGYWxzZSIgVXNlVG9Hcm91cFJlc3VsdHM9IkZhbHNlIiAvPg0KICAgICAgICA8UXVlcnlTdHJpbmdQYXJhbWV0ZXIgTmFtZT0icGVyZiIgVmFsdWU9IiU3QiUyMnRpbWluZyUyMjolN0IlMjJvZiUyMjoxNDU2MTM2ODc4MjczLCUyMm4lMjI6MCwlMjJkbCUyMjoxNjI3LCUyMmRpJTIyOjM1MjksJTIyZHMlMjI6MzUyOSwlMjJkZSUyMjozNjU5LCUyMmRjJTIyOjM2NjMsJTIybCUyMjozNjc3LCUyMmxlJTIyOjM2ODMsJTIyZiUyMjoyLCUyMmRuJTIyOjIsJTIyZG5lJTIyOjIsJTIyYyUyMjoyLCUyMmNlJTIyOjIsJTIycnElMjI6MTYyNCwlMjJycCUyMjoxNjI3LCUyMnJwZSUyMjoxNjMyJTdELCUyMm5hdmlnYXRpb24lMjI6JTdCJTdEJTdEIiBSZWNvcmRlZFZhbHVlPSIlN0IlMjJ0aW1pbmclMjI6JTdCJTIyb2YlMjI6MTQ1NjEzNjg3ODI3MywlMjJuJTIyOjAsJTIyZGwlMjI6MTYyNywlMjJkaSUyMjozNTI5LCUyMmRzJTIyOjM1MjksJTIyZGUlMjI6MzY1OSwlMjJkYyUyMjozNjYzLCUyMmwlMjI6MzY3NywlMjJsZSUyMjozNjgzLCUyMmYlMjI6MiwlMjJkbiUyMjoyLCUyMmRuZSUyMjoyLCUyMmMlMjI6MiwlMjJjZSUyMjoyLCUyMnJxJTIyOjE2MjQsJTIycnAlMjI6MTYyNywlMjJycGUlMjI6MTYzMiU3RCwlMjJuYXZpZ2F0aW9uJTIyOiU3QiU3RCU3RCIgQ29ycmVsYXRpb25CaW5kaW5nPSIiIFVybEVuY29kZT0iRmFsc2UiIFVzZVRvR3JvdXBSZXN1bHRzPSJGYWxzZSIgLz4NCiAgICAgICAgPFF1ZXJ5U3RyaW5nUGFyYW1ldGVyIE5hbWU9Impzb25wIiBWYWx1ZT0iTlJFVU0uc2V0VG9rZW4iIFJlY29yZGVkVmFsdWU9Ik5SRVVNLnNldFRva2VuIiBDb3JyZWxhdGlvbkJpbmRpbmc9IiIgVXJsRW5jb2RlPSJGYWxzZSIgVXNlVG9Hcm91cFJlc3VsdHM9IkZhbHNlIiAvPg0KICAgICAgPC9RdWVyeVN0cmluZ1BhcmFtZXRlcnM+DQogICAgPC9SZXF1ZXN0Pg0KICAgIDxSZXF1ZXN0IE1ldGhvZD0iUE9TVCIgR3VpZD0iNDdjYjYyNjMtNjg0ZS00ZDBlLTk4YmUtZGYwYTg4NWNkZjA2IiBWZXJzaW9uPSIxLjEiIFVybD0iaHR0cHM6Ly9iYW0ubnItZGF0YS5uZXQvcmVzb3VyY2VzLzEvZTRmNjNkYTYzNyIgVGhpbmtUaW1lPSIwIiBUaW1lb3V0PSIzMDAiIFBhcnNlRGVwZW5kZW50UmVxdWVzdHM9IlRydWUiIEZvbGxvd1JlZGlyZWN0cz0iVHJ1ZSIgUmVjb3JkUmVzdWx0PSJUcnVlIiBDYWNoZT0iRmFsc2UiIFJlc3BvbnNlVGltZUdvYWw9IjAiIEVuY29kaW5nPSJ1dGYtOCIgRXhwZWN0ZWRIdHRwU3RhdHVzQ29kZT0iMCIgRXhwZWN0ZWRSZXNwb25zZVVybD0iIiBSZXBvcnRpbmdOYW1lPSIiIElnbm9yZUh0dHBTdGF0dXNDb2RlPSJGYWxzZSI+DQogICAgICA8SGVhZGVycz4NCiAgICAgICAgPEhlYWRlciBOYW1lPSJSZWZlcmVyIiBWYWx1ZT0iaHR0cHM6Ly9zdGFnaW5ncHJlZGljdDUuaW5mbHVlbmNlaGVhbHRoLmNvbS91bml2ZXJzaXR5Y29sb3JhZG8vc2Vzc2lvbi9sb2dpbiIgLz4NCiAgICAgIDwvSGVhZGVycz4NCiAgICAgIDxRdWVyeVN0cmluZ1BhcmFtZXRlcnM+DQogICAgICAgIDxRdWVyeVN0cmluZ1BhcmFtZXRlciBOYW1lPSJhIiBWYWx1ZT0iMTIzNDY2ODgiIFJlY29yZGVkVmFsdWU9IjEyMzQ2Njg4IiBDb3JyZWxhdGlvbkJpbmRpbmc9IiIgVXJsRW5jb2RlPSJGYWxzZSIgVXNlVG9Hcm91cFJlc3VsdHM9IkZhbHNlIiAvPg0KICAgICAgICA8UXVlcnlTdHJpbmdQYXJhbWV0ZXIgTmFtZT0idiIgVmFsdWU9Ijg1Mi5hMzZmMGZkIiBSZWNvcmRlZFZhbHVlPSI4NTIuYTM2ZjBmZCIgQ29ycmVsYXRpb25CaW5kaW5nPSIiIFVybEVuY29kZT0iRmFsc2UiIFVzZVRvR3JvdXBSZXN1bHRzPSJGYWxzZSIgLz4NCiAgICAgICAgPFF1ZXJ5U3RyaW5nUGFyYW1ldGVyIE5hbWU9InRvIiBWYWx1ZT0iTWdZQU4wUUhEQkZZVlVGYlh3dE1KeHRHRkFjUlNseEdIWGNnTjAxTUhBJTNEJTNEIiBSZWNvcmRlZFZhbHVlPSJNZ1lBTjBRSERCRllWVUZiWHd0TUp4dEdGQWNSU2x4R0hYY2dOMDFNSEElM0QlM0QiIENvcnJlbGF0aW9uQmluZGluZz0iIiBVcmxFbmNvZGU9IkZhbHNlIiBVc2VUb0dyb3VwUmVzdWx0cz0iRmFsc2UiIC8+DQogICAgICAgIDxRdWVyeVN0cmluZ1BhcmFtZXRlciBOYW1lPSJzdCIgVmFsdWU9IjE0NTYxMzY4NzgyNzMiIFJlY29yZGVkVmFsdWU9IjE0NTYxMzY4NzgyNzMiIENvcnJlbGF0aW9uQmluZGluZz0iIiBVcmxFbmNvZGU9IkZhbHNlIiBVc2VUb0dyb3VwUmVzdWx0cz0iRmFsc2UiIC8+DQogICAgICA8L1F1ZXJ5U3RyaW5nUGFyYW1ldGVycz4NCiAgICAgIDxTdHJpbmdIdHRwQm9keSBDb250ZW50VHlwZT0idGV4dC9wbGFpbjtjaGFyc2V0PVVURi04IiBJbnNlcnRCeXRlT3JkZXJNYXJrPSJGYWxzZSI+ZXdBaUFISUFaUUJ6QUNJQU9nQmJBSHNBSWdCdUFDSUFPZ0FpQUdNQWJ3QnVBRzRBWlFCakFIUUFSUUJ1QUdRQUlnQXNBQ0lBY3dBaUFEb0FNZ0FzQUNJQVpRQWlBRG9BTWdBc0FDSUFid0FpQURvQUlnQmtBRzhBWXdCMUFHMEFaUUJ1QUhRQUlnQXNBQ0lBZEFBaUFEb0FJZ0IwQUdrQWJRQnBBRzRBWndBaUFIMEFMQUI3QUNJQWJnQWlBRG9BSWdCakFHOEFiZ0J1QUdVQVl3QjBBRk1BZEFCaEFISUFkQUFpQUN3QUlnQnpBQ0lBT2dBeUFDd0FJZ0JsQUNJQU9nQXlBQ3dBSWdCdkFDSUFPZ0FpQUdRQWJ3QmpBSFVBYlFCbEFHNEFkQUFpQUN3QUlnQjBBQ0lBT2dBaUFIUUFhUUJ0QUdrQWJnQm5BQ0lBZlFBc0FIc0FJZ0J1QUNJQU9nQWlBR1FBYndCdEFFTUFid0J0QUhBQWJBQmxBSFFBWlFBaUFDd0FJZ0J6QUNJQU9nQXpBRFlBTmdBekFDd0FJZ0JsQUNJQU9nQXpBRFlBTmdBekFDd0FJZ0J2QUNJQU9nQWlBR1FBYndCakFIVUFiUUJsQUc0QWRBQWlBQ3dBSWdCMEFDSUFPZ0FpQUhRQWFRQnRBR2tBYmdCbkFDSUFmUUFzQUhzQUlnQnVBQ0lBT2dBaUFHUUFid0J0QUVNQWJ3QnVBSFFBWlFCdUFIUUFUQUJ2QUdFQVpBQmxBR1FBUlFCMkFHVUFiZ0IwQUVVQWJnQmtBQ0lBTEFBaUFITUFJZ0E2QURNQU5nQTFBRGtBTEFBaUFHVUFJZ0E2QURNQU5nQTFBRGtBTEFBaUFHOEFJZ0E2QUNJQVpBQnZBR01BZFFCdEFHVUFiZ0IwQUNJQUxBQWlBSFFBSWdBNkFDSUFkQUJwQUcwQWFRQnVBR2NBSWdCOUFDd0Fld0FpQUc0QUlnQTZBQ0lBWkFCdkFHMEFRd0J2QUc0QWRBQmxBRzRBZEFCTUFHOEFZUUJrQUdVQVpBQkZBSFlBWlFCdUFIUUFVd0IwQUdFQWNnQjBBQ0lBTEFBaUFITUFJZ0E2QURNQU5RQXlBRGtBTEFBaUFHVUFJZ0E2QURNQU5RQXlBRGtBTEFBaUFHOEFJZ0E2QUNJQVpBQnZBR01BZFFCdEFHVUFiZ0IwQUNJQUxBQWlBSFFBSWdBNkFDSUFkQUJwQUcwQWFRQnVBR2NBSWdCOUFDd0Fld0FpQUc0QUlnQTZBQ0lBWkFCdkFHMEFTUUJ1QUhRQVpRQnlBR0VBWXdCMEFHa0FkZ0JsQUNJQUxBQWlBSE1BSWdBNkFETUFOUUF5QURrQUxBQWlBR1VBSWdBNkFETUFOUUF5QURrQUxBQWlBRzhBSWdBNkFDSUFaQUJ2QUdNQWRRQnRBR1VBYmdCMEFDSUFMQUFpQUhRQUlnQTZBQ0lBZEFCcEFHMEFhUUJ1QUdjQUlnQjlBQ3dBZXdBaUFHNEFJZ0E2QUNJQVpBQnZBRzBBVEFCdkFHRUFaQUJwQUc0QVp3QWlBQ3dBSWdCekFDSUFPZ0F4QURZQU1nQTNBQ3dBSWdCbEFDSUFPZ0F4QURZQU1nQTNBQ3dBSWdCdkFDSUFPZ0FpQUdRQWJ3QmpBSFVBYlFCbEFHNEFkQUFpQUN3QUlnQjBBQ0lBT2dBaUFIUUFhUUJ0QUdrQWJnQm5BQ0lBZlFBc0FIc0FJZ0J1QUNJQU9nQWlBR1FBYndCdEFHRUFhUUJ1QUV3QWJ3QnZBR3NBZFFCd0FFVUFiZ0JrQUNJQUxBQWlBSE1BSWdBNkFESUFMQUFpQUdVQUlnQTZBRElBTEFBaUFHOEFJZ0E2QUNJQVpBQnZBR01BZFFCdEFHVUFiZ0IwQUNJQUxBQWlBSFFBSWdBNkFDSUFkQUJwQUcwQWFRQnVBR2NBSWdCOUFDd0Fld0FpQUc0QUlnQTZBQ0lBWkFCdkFHMEFZUUJwQUc0QVRBQnZBRzhBYXdCMUFIQUFVd0IwQUdFQWNnQjBBQ0lBTEFBaUFITUFJZ0E2QURJQUxBQWlBR1VBSWdBNkFESUFMQUFpQUc4QUlnQTZBQ0lBWkFCdkFHTUFkUUJ0QUdVQWJnQjBBQ0lBTEFBaUFIUUFJZ0E2QUNJQWRBQnBBRzBBYVFCdUFHY0FJZ0I5QUN3QWV3QWlBRzRBSWdBNkFDSUFaZ0JsQUhRQVl3Qm9BRk1BZEFCaEFISUFkQUFpQUN3QUlnQnpBQ0lBT2dBeUFDd0FJZ0JsQUNJQU9nQXlBQ3dBSWdCdkFDSUFPZ0FpQUdRQWJ3QmpBSFVBYlFCbEFHNEFkQUFpQUN3QUlnQjBBQ0lBT2dBaUFIUUFhUUJ0QUdrQWJnQm5BQ0lBZlFBc0FIc0FJZ0J1QUNJQU9nQWlBR3dBYndCaEFHUUFSUUIyQUdVQWJnQjBBRVVBYmdCa0FDSUFMQUFpQUhNQUlnQTZBRE1BTmdBNEFETUFMQUFpQUdVQUlnQTZBRE1BTmdBNEFETUFMQUFpQUc4QUlnQTZBQ0lBWkFCdkFHTUFkUUJ0QUdVQWJnQjBBQ0lBTEFBaUFIUUFJZ0E2QUNJQWRBQnBBRzBBYVFCdUFHY0FJZ0I5QUN3QWV3QWlBRzRBSWdBNkFDSUFiQUJ2QUdFQVpBQkZBSFlBWlFCdUFIUUFVd0IwQUdFQWNnQjBBQ0lBTEFBaUFITUFJZ0E2QURNQU5nQTNBRGNBTEFBaUFHVUFJZ0E2QURNQU5nQTNBRGNBTEFBaUFHOEFJZ0E2QUNJQVpBQnZBR01BZFFCdEFHVUFiZ0IwQUNJQUxBQWlBSFFBSWdBNkFDSUFkQUJwQUcwQWFRQnVBR2NBSWdCOUFDd0Fld0FpQUc0QUlnQTZBQ0lBYlFCekFFWUFhUUJ5QUhNQWRBQlFBR0VBYVFCdUFIUUFJZ0FzQUNJQWN3QWlBRG9BTWdBMkFEUUFOUUFzQUNJQVpRQWlBRG9BTWdBMkFEUUFOUUFzQUNJQWJ3QWlBRG9BSWdCa0FHOEFZd0IxQUcwQVpRQnVBSFFBSWdBc0FDSUFkQUFpQURvQUlnQjBBR2tBYlFCcEFHNEFad0FpQUgwQUxBQjdBQ0lBYmdBaUFEb0FJZ0J1QUdFQWRnQnBBR2NBWVFCMEFHa0Fid0J1QUZNQWRBQmhBSElBZEFBaUFDd0FJZ0J6QUNJQU9nQXdBQ3dBSWdCbEFDSUFPZ0F3QUN3QUlnQnZBQ0lBT2dBaUFHUUFid0JqQUhVQWJRQmxBRzRBZEFBaUFDd0FJZ0IwQUNJQU9nQWlBSFFBYVFCdEFHa0FiZ0JuQUNJQWZRQXNBSHNBSWdCdUFDSUFPZ0FpQUhJQVpRQnhBSFVBWlFCekFIUUFVd0IwQUdFQWNnQjBBQ0lBTEFBaUFITUFJZ0E2QURFQU5nQXlBRFFBTEFBaUFHVUFJZ0E2QURFQU5nQXlBRFFBTEFBaUFHOEFJZ0E2QUNJQVpBQnZBR01BZFFCdEFHVUFiZ0IwQUNJQUxBQWlBSFFBSWdBNkFDSUFkQUJwQUcwQWFRQnVBR2NBSWdCOUFDd0Fld0FpQUc0QUlnQTZBQ0lBY2dCbEFITUFjQUJ2QUc0QWN3QmxBRVVBYmdCa0FDSUFMQUFpQUhNQUlnQTZBREVBTmdBekFESUFMQUFpQUdVQUlnQTZBREVBTmdBekFESUFMQUFpQUc4QUlnQTZBQ0lBWkFCdkFHTUFkUUJ0QUdVQWJnQjBBQ0lBTEFBaUFIUUFJZ0E2QUNJQWRBQnBBRzBBYVFCdUFHY0FJZ0I5QUN3QWV3QWlBRzRBSWdBNkFDSUFjZ0JsQUhNQWNBQnZBRzRBY3dCbEFGTUFkQUJoQUhJQWRBQWlBQ3dBSWdCekFDSUFPZ0F4QURZQU1nQTNBQ3dBSWdCbEFDSUFPZ0F4QURZQU1nQTNBQ3dBSWdCdkFDSUFPZ0FpQUdRQWJ3QmpBSFVBYlFCbEFHNEFkQUFpQUN3QUlnQjBBQ0lBT2dBaUFIUUFhUUJ0QUdrQWJnQm5BQ0lBZlFBc0FIc0FJZ0J1QUNJQU9nQWlBR3dBYVFCdUFHc0FJZ0FzQUNJQWN3QWlBRG9BTVFBMkFETUFOQUFzQUNJQVpRQWlBRG9BTVFBMkFEZ0FNZ0FzQUNJQWJ3QWlBRG9BSWdCb0FIUUFkQUJ3QUhNQU9nQXZBQzhBY3dCMEFHRUFad0JwQUc0QVp3QndBSElBWlFCa0FHa0FZd0IwQURVQUxnQnBBRzRBWmdCc0FIVUFaUUJ1QUdNQVpRQm9BR1VBWVFCc0FIUUFhQUF1QUdNQWJ3QnRBRG9BTkFBMEFETUFMd0FrQUdNQWN3QnpBQzhBYmdCdkFISUFiUUJoQUd3QWFRQjZBR1VBTGdCdEFHa0FiZ0F1QUdNQWN3QnpBQ0lBTEFBaUFIUUFJZ0E2QUNJQWNnQmxBSE1BYndCMUFISUFZd0JsQUNJQWZRQXNBSHNBSWdCdUFDSUFPZ0FpQUd3QWFRQnVBR3NBSWdBc0FDSUFjd0FpQURvQU1RQTJBRE1BTmdBc0FDSUFaUUFpQURvQU1RQTJBRFlBT0FBc0FDSUFid0FpQURvQUlnQm9BSFFBZEFCd0FITUFPZ0F2QUM4QWN3QjBBR0VBWndCcEFHNEFad0J3QUhJQVpRQmtBR2tBWXdCMEFEVUFMZ0JwQUc0QVpnQnNBSFVBWlFCdUFHTUFaUUJvQUdVQVlRQnNBSFFBYUFBdUFHTUFid0J0QURvQU5BQTBBRE1BTHdBa0FIVUFhUUF0QUhBQVlRQjBBSFFBWlFCeUFHNEFjd0F2QUdRQWFRQnpBSFFBTHdCMUFHa0FMUUJ3QUdFQWRBQjBBR1VBY2dCdUFITUFMZ0JqQUhNQWN3QWlBQ3dBSWdCMEFDSUFPZ0FpQUhJQVpRQnpBRzhBZFFCeUFHTUFaUUFpQUgwQUxBQjdBQ0lBYmdBaUFEb0FJZ0JzQUdrQWJnQnJBQ0lBTEFBaUFITUFJZ0E2QURFQU5nQXpBRGtBTEFBaUFHVUFJZ0E2QURFQU5nQTNBRFlBTEFBaUFHOEFJZ0E2QUNJQWFBQjBBSFFBY0FCekFEb0FMd0F2QUhNQWRBQmhBR2NBYVFCdUFHY0FjQUJ5QUdVQVpBQnBBR01BZEFBMUFDNEFhUUJ1QUdZQWJBQjFBR1VBYmdCakFHVUFhQUJsQUdFQWJBQjBBR2dBTGdCakFHOEFiUUE2QURRQU5BQXpBQzhBWXdCekFITUFMd0J1QUdjQUxRQm5BSElBYVFCa0FDNEFiUUJwQUc0QUxnQmpBSE1BY3dBaUFDd0FJZ0IwQUNJQU9nQWlBSElBWlFCekFHOEFkUUJ5QUdNQVpRQWlBSDBBTEFCN0FDSUFiZ0FpQURvQUlnQnNBR2tBYmdCckFDSUFMQUFpQUhNQUlnQTZBREVBTmdBMEFERUFMQUFpQUdVQUlnQTZBREVBTmdBM0FEY0FMQUFpQUc4QUlnQTZBQ0lBYUFCMEFIUUFjQUJ6QURvQUx3QXZBSE1BZEFCaEFHY0FhUUJ1QUdjQWNBQnlBR1VBWkFCcEFHTUFkQUExQUM0QWFRQnVBR1lBYkFCMUFHVUFiZ0JqQUdVQWFBQmxBR0VBYkFCMEFHZ0FMZ0JqQUc4QWJRQTZBRFFBTkFBekFDOEFZd0J6QUhNQUx3QnFBSEVBZFFCbEFISUFlUUF0QUhVQWFRQXVBR01BY3dCekFDSUFMQUFpQUhRQUlnQTZBQ0lBY2dCbEFITUFid0IxQUhJQVl3QmxBQ0lBZlFBc0FIc0FJZ0J1QUNJQU9nQWlBR3dBYVFCdUFHc0FJZ0FzQUNJQWN3QWlBRG9BTVFBMkFEUUFNZ0FzQUNJQVpRQWlBRG9BTVFBMkFEZ0FNUUFzQUNJQWJ3QWlBRG9BSWdCb0FIUUFkQUJ3QUhNQU9nQXZBQzhBY3dCMEFHRUFad0JwQUc0QVp3QndBSElBWlFCa0FHa0FZd0IwQURVQUxnQnBBRzRBWmdCc0FIVUFaUUJ1QUdNQVpRQm9BR1VBWVFCc0FIUUFhQUF1QUdNQWJ3QnRBRG9BTkFBMEFETUFMd0JqQUhNQWN3QXZBR29BY3dCc0FHa0FaQUJsQUhJQUxnQmpBSE1BY3dBaUFDd0FJZ0IwQUNJQU9nQWlBSElBWlFCekFHOEFkUUJ5QUdNQVpRQWlBSDBBTEFCN0FDSUFiZ0FpQURvQUlnQnNBR2tBYmdCckFDSUFMQUFpQUhNQUlnQTZBREVBTmdBMEFEUUFMQUFpQUdVQUlnQTZBREVBTmdBNEFEVUFMQUFpQUc4QUlnQTZBQ0lBYUFCMEFIUUFjQUJ6QURvQUx3QXZBSE1BZEFCaEFHY0FhUUJ1QUdjQWNBQnlBR1VBWkFCcEFHTUFkQUExQUM0QWFRQnVBR1lBYkFCMUFHVUFiZ0JqQUdVQWFBQmxBR0VBYkFCMEFHZ0FMZ0JqQUc4QWJRQTZBRFFBTkFBekFDOEFZd0J6QUhNQUx3QnNBR1VBWVFCbUFHd0FaUUIwQUM0QVl3QnpBSE1BSWdBc0FDSUFkQUFpQURvQUlnQnlBR1VBY3dCdkFIVUFjZ0JqQUdVQUlnQjlBQ3dBZXdBaUFHNEFJZ0E2QUNJQWJBQnBBRzRBYXdBaUFDd0FJZ0J6QUNJQU9nQXhBRFlBTkFBMUFDd0FJZ0JsQUNJQU9nQXhBRFlBT1FBMkFDd0FJZ0J2QUNJQU9nQWlBR2dBZEFCMEFIQUFjd0E2QUM4QUx3QnpBSFFBWVFCbkFHa0FiZ0JuQUhBQWNnQmxBR1FBYVFCakFIUUFOUUF1QUdrQWJnQm1BR3dBZFFCbEFHNEFZd0JsQUdnQVpRQmhBR3dBZEFCb0FDNEFZd0J2QUcwQU9nQTBBRFFBTXdBdkFHTUFjd0J6QUM4QVRBQXVBRU1BYndCdUFIUUFjZ0J2QUd3QUxnQlFBR0VBYmdBdUFHTUFjd0J6QUNJQUxBQWlBSFFBSWdBNkFDSUFjZ0JsQUhNQWJ3QjFBSElBWXdCbEFDSUFmUUFzQUhzQUlnQnVBQ0lBT2dBaUFHd0FhUUJ1QUdzQUlnQXNBQ0lBY3dBaUFEb0FNUUEyQURRQU53QXNBQ0lBWlFBaUFEb0FNUUEzQURFQU1RQXNBQ0lBYndBaUFEb0FJZ0JvQUhRQWRBQndBSE1BT2dBdkFDOEFjd0IwQUdFQVp3QnBBRzRBWndCd0FISUFaUUJrQUdrQVl3QjBBRFVBTGdCcEFHNEFaZ0JzQUhVQVpRQnVBR01BWlFCb0FHVUFZUUJzQUhRQWFBQXVBR01BYndCdEFEb0FOQUEwQURNQUx3QmpBSE1BY3dBdkFFd0FMZ0JEQUc4QWJnQjBBSElBYndCc0FDNEFVQUJoQUc0QUxnQnBBR1VBTGdCakFITUFjd0FpQUN3QUlnQjBBQ0lBT2dBaUFISUFaUUJ6QUc4QWRRQnlBR01BWlFBaUFIMEFMQUI3QUNJQWJnQWlBRG9BSWdCc0FHa0FiZ0JyQUNJQUxBQWlBSE1BSWdBNkFERUFOZ0EwQURnQUxBQWlBR1VBSWdBNkFERUFOd0F3QURJQUxBQWlBRzhBSWdBNkFDSUFhQUIwQUhRQWNBQnpBRG9BTHdBdkFITUFkQUJoQUdjQWFRQnVBR2NBY0FCeUFHVUFaQUJwQUdNQWRBQTFBQzRBYVFCdUFHWUFiQUIxQUdVQWJnQmpBR1VBYUFCbEFHRUFiQUIwQUdnQUxnQmpBRzhBYlFBNkFEUUFOQUF6QUM4QVl3QnpBSE1BTHdCaUFHOEFid0IwQUhNQWRBQnlBR0VBY0FBdEFITUFaUUJzQUdVQVl3QjBBQzRBYlFCcEFHNEFMZ0JqQUhNQWN3QWlBQ3dBSWdCMEFDSUFPZ0FpQUhJQVpRQnpBRzhBZFFCeUFHTUFaUUFpQUgwQUxBQjdBQ0lBYmdBaUFEb0FJZ0JzQUdrQWJnQnJBQ0lBTEFBaUFITUFJZ0E2QURFQU5nQTFBREFBTEFBaUFHVUFJZ0E2QURFQU53QXdBRFFBTEFBaUFHOEFJZ0E2QUNJQWFBQjBBSFFBY0FCekFEb0FMd0F2QUhNQWRBQmhBR2NBYVFCdUFHY0FjQUJ5QUdVQVpBQnBBR01BZEFBMUFDNEFhUUJ1QUdZQWJBQjFBR1VBYmdCakFHVUFhQUJsQUdFQWJBQjBBR2dBTGdCakFHOEFiUUE2QURRQU5BQXpBQzhBWXdCekFITUFMd0JOQUdFQWNnQnJBR1VBY2dCREFHd0FkUUJ6QUhRQVpRQnlBQzRBWXdCekFITUFJZ0FzQUNJQWRBQWlBRG9BSWdCeUFHVUFjd0J2QUhVQWNnQmpBR1VBSWdCOUFDd0Fld0FpQUc0QUlnQTZBQ0lBYkFCcEFHNEFhd0FpQUN3QUlnQnpBQ0lBT2dBeEFEWUFOUUF5QUN3QUlnQmxBQ0lBT2dBeEFEY0FNQUE1QUN3QUlnQnZBQ0lBT2dBaUFHZ0FkQUIwQUhBQWN3QTZBQzhBTHdCekFIUUFZUUJuQUdrQWJnQm5BSEFBY2dCbEFHUUFhUUJqQUhRQU5RQXVBR2tBYmdCbUFHd0FkUUJsQUc0QVl3QmxBR2dBWlFCaEFHd0FkQUJvQUM0QVl3QnZBRzBBT2dBMEFEUUFNd0F2QUdNQWN3QnpBQzhBVFFCaEFISUFhd0JsQUhJQVF3QnNBSFVBY3dCMEFHVUFjZ0F1QUVRQVpRQm1BR0VBZFFCc0FIUUFMZ0JqQUhNQWN3QWlBQ3dBSWdCMEFDSUFPZ0FpQUhJQVpRQnpBRzhBZFFCeUFHTUFaUUFpQUgwQUxBQjdBQ0lBYmdBaUFEb0FJZ0JzQUdrQWJnQnJBQ0lBTEFBaUFITUFJZ0E2QURFQU5nQTFBRE1BTEFBaUFHVUFJZ0E2QURFQU53QXhBRGtBTEFBaUFHOEFJZ0E2QUNJQWFBQjBBSFFBY0FCekFEb0FMd0F2QUhNQWRBQmhBR2NBYVFCdUFHY0FjQUJ5QUdVQVpBQnBBR01BZEFBMUFDNEFhUUJ1QUdZQWJBQjFBR1VBYmdCakFHVUFhQUJsQUdFQWJBQjBBR2dBTGdCakFHOEFiUUE2QURRQU5BQXpBQzhBWXdCekFITUFMd0JrQUdFQWRBQmxBSEFBYVFCakFHc0FaUUJ5QUM0QVl3QnpBSE1BSWdBc0FDSUFkQUFpQURvQUlnQnlBR1VBY3dCdkFIVUFjZ0JqQUdVQUlnQjlBQ3dBZXdBaUFHNEFJZ0E2QUNJQWJBQnBBRzRBYXdBaUFDd0FJZ0J6QUNJQU9nQXhBRFlBTlFBMUFDd0FJZ0JsQUNJQU9nQXhBRGNBTXdBd0FDd0FJZ0J2QUNJQU9nQWlBR2dBZEFCMEFIQUFjd0E2QUM4QUx3QnpBSFFBWVFCbkFHa0FiZ0JuQUhBQWNnQmxBR1FBYVFCakFIUUFOUUF1QUdrQWJnQm1BR3dBZFFCbEFHNEFZd0JsQUdnQVpRQmhBR3dBZEFCb0FDNEFZd0J2QUcwQU9nQTBBRFFBTXdBdkFHTUFjd0J6QUM4QVpnQnZBRzRBZEFBdEFHRUFkd0JsQUhNQWJ3QnRBR1VBTGdCdEFHa0FiZ0F1QUdNQWN3QnpBQ0lBTEFBaUFIUUFJZ0E2QUNJQWNnQmxBSE1BYndCMUFISUFZd0JsQUNJQWZRQXNBSHNBSWdCdUFDSUFPZ0FpQUd3QWFRQnVBR3NBSWdBc0FDSUFjd0FpQURvQU1RQTJBRFVBTndBc0FDSUFaUUFpQURvQU1RQTNBRE1BTmdBc0FDSUFid0FpQURvQUlnQm9BSFFBZEFCd0FITUFPZ0F2QUM4QWN3QjBBR0VBWndCcEFHNEFad0J3QUhJQVpRQmtBR2tBWXdCMEFEVUFMZ0JwQUc0QVpnQnNBSFVBWlFCdUFHTUFaUUJvQUdVQVlRQnNBSFFBYUFBdUFHTUFid0J0QURvQU5BQTBBRE1BTHdCakFITUFjd0F2QUdFQWJnQm5BSFVBYkFCaEFISUFMUUIxQUdrQUxRQjBBSElBWlFCbEFDNEFiUUJwQUc0QUxnQmpBSE1BY3dBaUFDd0FJZ0IwQUNJQU9nQWlBSElBWlFCekFHOEFkUUJ5QUdNQVpRQWlBSDBBTEFCN0FDSUFiZ0FpQURvQUlnQnNBR2tBYmdCckFDSUFMQUFpQUhNQUlnQTZBREVBTmdBMUFEZ0FMQUFpQUdVQUlnQTZBREVBT1FBekFEa0FMQUFpQUc4QUlnQTZBQ0lBYUFCMEFIUUFjQUJ6QURvQUx3QXZBSE1BZEFCaEFHY0FhUUJ1QUdjQWNBQnlBR1VBWkFCcEFHTUFkQUExQUM0QWFRQnVBR1lBYkFCMUFHVUFiZ0JqQUdVQWFBQmxBR0VBYkFCMEFHZ0FMZ0JqQUc4QWJRQTZBRFFBTkFBekFDOEFkQUJvQUdVQWJRQmxBSE1BTHdCa0FHVUFaZ0JoQUhVQWJBQjBBQzhBYlFCaEFHa0FiZ0F1QUdNQWN3QnpBQ0lBTEFBaUFIUUFJZ0E2QUNJQWNnQmxBSE1BYndCMUFISUFZd0JsQUNJQWZRQXNBSHNBSWdCdUFDSUFPZ0FpQUd3QWFRQnVBR3NBSWdBc0FDSUFjd0FpQURvQU1RQTJBRFlBTUFBc0FDSUFaUUFpQURvQU1RQTNBRFFBTUFBc0FDSUFid0FpQURvQUlnQm9BSFFBZEFCd0FITUFPZ0F2QUM4QWN3QjBBR0VBWndCcEFHNEFad0J3QUhJQVpRQmtBR2tBWXdCMEFEVUFMZ0JwQUc0QVpnQnNBSFVBWlFCdUFHTUFaUUJvQUdVQVlRQnNBSFFBYUFBdUFHTUFid0J0QURvQU5BQTBBRE1BTHdCakFITUFjd0F2QUd3QVpRQmhBR1lBYkFCbEFIUUFMUUJRQUhJQWRRQnVBR1VBUXdCc0FIVUFjd0IwQUdVQWNnQXVBR01BY3dCekFDSUFMQUFpQUhRQUlnQTZBQ0lBY2dCbEFITUFid0IxQUhJQVl3QmxBQ0lBZlFBc0FIc0FJZ0J1QUNJQU9nQWlBSE1BWXdCeUFHa0FjQUIwQUNJQUxBQWlBSE1BSWdBNkFERUFOZ0EyQURFQUxBQWlBR1VBSWdBNkFERUFOd0EwQURFQUxBQWlBRzhBSWdBNkFDSUFhQUIwQUhRQWNBQnpBRG9BTHdBdkFITUFkQUJoQUdjQWFRQnVBR2NBY0FCeUFHVUFaQUJwQUdNQWRBQTFBQzRBYVFCdUFHWUFiQUIxQUdVQWJnQmpBR1VBYUFCbEFHRUFiQUIwQUdnQUxnQmpBRzhBYlFBNkFEUUFOQUF6QUM4QUpBQnFBSE1BTHdCcUFIRUFkUUJsQUhJQWVRQXVBR29BY3dBaUFDd0FJZ0IwQUNJQU9nQWlBSElBWlFCekFHOEFkUUJ5QUdNQVpRQWlBSDBBTEFCN0FDSUFiZ0FpQURvQUlnQnpBR01BY2dCcEFIQUFkQUFpQUN3QUlnQnpBQ0lBT2dBeEFEWUFOZ0F6QUN3QUlnQmxBQ0lBT2dBeUFERUFNQUEzQUN3QUlnQnZBQ0lBT2dBaUFHZ0FkQUIwQUhBQWN3QTZBQzhBTHdCekFIUUFZUUJuQUdrQWJnQm5BSEFBY2dCbEFHUUFhUUJqQUhRQU5RQXVBR2tBYmdCbUFHd0FkUUJsQUc0QVl3QmxBR2dBWlFCaEFHd0FkQUJvQUM0QVl3QnZBRzBBT2dBMEFEUUFNd0F2QUNRQWFnQnpBQzhBWVFCdUFHY0FkUUJzQUdFQWNnQXVBR29BY3dBaUFDd0FJZ0IwQUNJQU9nQWlBSElBWlFCekFHOEFkUUJ5QUdNQVpRQWlBSDBBTEFCN0FDSUFiZ0FpQURvQUlnQnpBR01BY2dCcEFIQUFkQUFpQUN3QUlnQnpBQ0lBT2dBeEFEWUFOZ0EyQUN3QUlnQmxBQ0lBT2dBeEFEY0FOd0F3QUN3QUlnQnZBQ0lBT2dBaUFHZ0FkQUIwQUhBQWN3QTZBQzhBTHdCekFIUUFZUUJuQUdrQWJnQm5BSEFBY2dCbEFHUUFhUUJqQUhRQU5RQXVBR2tBYmdCbUFHd0FkUUJsQUc0QVl3QmxBR2dBWlFCaEFHd0FkQUJvQUM0QVl3QnZBRzBBT2dBMEFEUUFNd0F2QUNRQWFnQnpBQzhBYlFCaEFHa0FiZ0F1QUdvQWN3QWlBQ3dBSWdCMEFDSUFPZ0FpQUhJQVpRQnpBRzhBZFFCeUFHTUFaUUFpQUgwQUxBQjdBQ0lBYmdBaUFEb0FJZ0J6QUdNQWNnQnBBSEFBZEFBaUFDd0FJZ0J6QUNJQU9nQXhBRFlBTmdBNEFDd0FJZ0JsQUNJQU9nQXhBRGNBTndBNUFDd0FJZ0J2QUNJQU9nQWlBR2dBZEFCMEFIQUFjd0E2QUM4QUx3QnpBSFFBWVFCbkFHa0FiZ0JuQUhBQWNnQmxBR1FBYVFCakFIUUFOUUF1QUdrQWJnQm1BR3dBZFFCbEFHNEFZd0JsQUdnQVpRQmhBR3dBZEFCb0FDNEFZd0J2QUcwQU9nQTBBRFFBTXdBdkFITUFaUUJ5QUhZQWFRQmpBR1VBY3dBdkFIVUFkQUJwQUd3QUxnQnFBSE1BSWdBc0FDSUFkQUFpQURvQUlnQnlBR1VBY3dCdkFIVUFjZ0JqQUdVQUlnQjlBQ3dBZXdBaUFHNEFJZ0E2QUNJQWN3QmpBSElBYVFCd0FIUUFJZ0FzQUNJQWN3QWlBRG9BTVFBMkFEY0FPQUFzQUNJQVpRQWlBRG9BTVFBM0FEZ0FNUUFzQUNJQWJ3QWlBRG9BSWdCb0FIUUFkQUJ3QUhNQU9nQXZBQzhBY3dCMEFHRUFad0JwQUc0QVp3QndBSElBWlFCa0FHa0FZd0IwQURVQUxnQnBBRzRBWmdCc0FIVUFaUUJ1QUdNQVpRQm9BR1VBWVFCc0FIUUFhQUF1QUdNQWJ3QnRBRG9BTkFBMEFETUFMd0J6QUdVQWNnQjJBR2tBWXdCbEFITUFMd0IxQUhNQVpRQnlBSE1BVXdCMkFHTUFMZ0JxQUhNQUlnQXNBQ0lBZEFBaUFEb0FJZ0J5QUdVQWN3QnZBSFVBY2dCakFHVUFJZ0I5QUN3QWV3QWlBRzRBSWdBNkFDSUFjd0JqQUhJQWFRQndBSFFBSWdBc0FDSUFjd0FpQURvQU1RQTJBRGdBTkFBc0FDSUFaUUFpQURvQU1RQTNBRGdBTVFBc0FDSUFid0FpQURvQUlnQm9BSFFBZEFCd0FITUFPZ0F2QUM4QWN3QjBBR0VBWndCcEFHNEFad0J3QUhJQVpRQmtBR2tBWXdCMEFEVUFMZ0JwQUc0QVpnQnNBSFVBWlFCdUFHTUFaUUJvQUdVQVlRQnNBSFFBYUFBdUFHTUFid0J0QURvQU5BQTBBRE1BTHdCekFHVUFjZ0IyQUdrQVl3QmxBSE1BTHdCMUFITUFaUUJ5QUVNQWJ3QnVBSFFBWlFCNEFIUUFVd0IyQUdNQUxnQnFBSE1BSWdBc0FDSUFkQUFpQURvQUlnQnlBR1VBY3dCdkFIVUFjZ0JqQUdVQUlnQjlBQ3dBZXdBaUFHNEFJZ0E2QUNJQWN3QmpBSElBYVFCd0FIUUFJZ0FzQUNJQWN3QWlBRG9BTVFBMkFEZ0FOZ0FzQUNJQVpRQWlBRG9BTVFBNEFERUFOQUFzQUNJQWJ3QWlBRG9BSWdCb0FIUUFkQUJ3QUhNQU9nQXZBQzhBY3dCMEFHRUFad0JwQUc0QVp3QndBSElBWlFCa0FHa0FZd0IwQURVQUxnQnBBRzRBWmdCc0FIVUFaUUJ1QUdNQVpRQm9BR1VBWVFCc0FIUUFhQUF1QUdNQWJ3QnRBRG9BTkFBMEFETUFMd0J6QUdVQWNnQjJBR2tBWXdCbEFITUFMd0IwQUdFQWNnQm5BR1VBZEFCQkFISUFaUUJoQUhNQVF3QnZBR3dBZFFCdEFHNEFMZ0JxQUhNQUlnQXNBQ0lBZEFBaUFEb0FJZ0J5QUdVQWN3QnZBSFVBY2dCakFHVUFJZ0I5QUN3QWV3QWlBRzRBSWdBNkFDSUFjd0JqQUhJQWFRQndBSFFBSWdBc0FDSUFjd0FpQURvQU1RQTJBRGdBTndBc0FDSUFaUUFpQURvQU1RQTRBRElBTUFBc0FDSUFid0FpQURvQUlnQm9BSFFBZEFCd0FITUFPZ0F2QUM4QWN3QjBBR0VBWndCcEFHNEFad0J3QUhJQVpRQmtBR2tBWXdCMEFEVUFMZ0JwQUc0QVpnQnNBSFVBWlFCdUFHTUFaUUJvQUdVQVlRQnNBSFFBYUFBdUFHTUFid0J0QURvQU5BQTBBRE1BTHdCekFHVUFjZ0IyQUdrQVl3QmxBSE1BTHdCMEFHRUFZZ0JCQUc0QVpBQlRBSFFBWlFCd0FFUUFaUUJtQUdrQWJnQnBBSFFBYVFCdkFHNEFjd0F1QUdvQWN3QWlBQ3dBSWdCMEFDSUFPZ0FpQUhJQVpRQnpBRzhBZFFCeUFHTUFaUUFpQUgwQUxBQjdBQ0lBYmdBaUFEb0FJZ0J6QUdNQWNnQnBBSEFBZEFBaUFDd0FJZ0J6QUNJQU9nQXhBRFlBT0FBNUFDd0FJZ0JsQUNJQU9nQXhBRGdBTXdBekFDd0FJZ0J2QUNJQU9nQWlBR2dBZEFCMEFIQUFjd0E2QUM4QUx3QnpBSFFBWVFCbkFHa0FiZ0JuQUhBQWNnQmxBR1FBYVFCakFIUUFOUUF1QUdrQWJnQm1BR3dBZFFCbEFHNEFZd0JsQUdnQVpRQmhBR3dBZEFCb0FDNEFZd0J2QUcwQU9nQTBBRFFBTXdBdkFITUFaUUJ5QUhZQWFRQmpBR1VBY3dBdkFITUFaUUJ6QUhNQWFRQnZBRzRBVXdCMkFHTUFMZ0JxQUhNQUlnQXNBQ0lBZEFBaUFEb0FJZ0J5QUdVQWN3QnZBSFVBY2dCakFHVUFJZ0I5QUN3QWV3QWlBRzRBSWdBNkFDSUFjd0JqQUhJQWFRQndBSFFBSWdBc0FDSUFjd0FpQURvQU1RQTJBRGtBTUFBc0FDSUFaUUFpQURvQU1RQTRBRE1BT1FBc0FDSUFid0FpQURvQUlnQm9BSFFBZEFCd0FITUFPZ0F2QUM4QWN3QjBBR0VBWndCcEFHNEFad0J3QUhJQVpRQmtBR2tBWXdCMEFEVUFMZ0JwQUc0QVpnQnNBSFVBWlFCdUFHTUFaUUJvQUdVQVlRQnNBSFFBYUFBdUFHTUFid0J0QURvQU5BQTBBRE1BTHdCekFHVUFjZ0IyQUdrQVl3QmxBSE1BTHdCekFHVUFiQUJsQUdNQWRBQmxBR1FBUXdCdkFHNEFkQUJsQUhnQWRBQlRBSFlBWXdBdUFHb0Fjd0FpQUN3QUlnQjBBQ0lBT2dBaUFISUFaUUJ6QUc4QWRRQnlBR01BWlFBaUFIMEFMQUI3QUNJQWJnQWlBRG9BSWdCekFHTUFjZ0JwQUhBQWRBQWlBQ3dBSWdCekFDSUFPZ0F4QURZQU9RQXlBQ3dBSWdCbEFDSUFPZ0F4QURnQU5RQTRBQ3dBSWdCdkFDSUFPZ0FpQUdnQWRBQjBBSEFBY3dBNkFDOEFMd0J6QUhRQVlRQm5BR2tBYmdCbkFIQUFjZ0JsQUdRQWFRQmpBSFFBTlFBdUFHa0FiZ0JtQUd3QWRRQmxBRzRBWXdCbEFHZ0FaUUJoQUd3QWRBQm9BQzRBWXdCdkFHMEFPZ0EwQURRQU13QXZBSE1BWlFCeUFIWUFhUUJqQUdVQWN3QXZBSE1BWlFCbEFHUUFUQUJwQUhNQWRBQlRBSFlBWXdBdUFHb0Fjd0FpQUN3QUlnQjBBQ0lBT2dBaUFISUFaUUJ6QUc4QWRRQnlBR01BWlFBaUFIMEFMQUI3QUNJQWJnQWlBRG9BSWdCekFHTUFjZ0JwQUhBQWRBQWlBQ3dBSWdCekFDSUFPZ0F4QURZQU9RQXpBQ3dBSWdCbEFDSUFPZ0F4QURnQU5nQTVBQ3dBSWdCdkFDSUFPZ0FpQUdnQWRBQjBBSEFBY3dBNkFDOEFMd0J6QUhRQVlRQm5BR2tBYmdCbkFIQUFjZ0JsQUdRQWFRQmpBSFFBTlFBdUFHa0FiZ0JtQUd3QWRRQmxBRzRBWXdCbEFHZ0FaUUJoQUd3QWRBQm9BQzRBWXdCdkFHMEFPZ0EwQURRQU13QXZBSE1BWlFCeUFIWUFhUUJqQUdVQWN3QXZBSElBWlFCeEFIVUFaUUJ6QUhRQVRBQnZBR2NBU1FCdUFIUUFaUUJ5QUdNQVpRQndBSFFBYndCeUFDNEFhZ0J6QUNJQUxBQWlBSFFBSWdBNkFDSUFjZ0JsQUhNQWJ3QjFBSElBWXdCbEFDSUFmUUFzQUhzQUlnQnVBQ0lBT2dBaUFITUFZd0J5QUdrQWNBQjBBQ0lBTEFBaUFITUFJZ0E2QURFQU5nQTVBRFVBTEFBaUFHVUFJZ0E2QURFQU9BQTJBRGtBTEFBaUFHOEFJZ0E2QUNJQWFBQjBBSFFBY0FCekFEb0FMd0F2QUhNQWRBQmhBR2NBYVFCdUFHY0FjQUJ5QUdVQVpBQnBBR01BZEFBMUFDNEFhUUJ1QUdZQWJBQjFBR1VBYmdCakFHVUFhQUJsQUdFQWJBQjBBR2dBTGdCakFHOEFiUUE2QURRQU5BQXpBQzhBY3dCbEFISUFkZ0JwQUdNQVpRQnpBQzhBY2dCbEFHTUFhUUJ3QUdVQVV3QjJBR01BTGdCcUFITUFJZ0FzQUNJQWRBQWlBRG9BSWdCeUFHVUFjd0J2QUhVQWNnQmpBR1VBSWdCOUFDd0Fld0FpQUc0QUlnQTZBQ0lBY3dCakFISUFhUUJ3QUhRQUlnQXNBQ0lBY3dBaUFEb0FNUUEyQURrQU53QXNBQ0lBWlFBaUFEb0FNUUE0QURjQU1RQXNBQ0lBYndBaUFEb0FJZ0JvQUhRQWRBQndBSE1BT2dBdkFDOEFjd0IwQUdFQVp3QnBBRzRBWndCd0FISUFaUUJrQUdrQVl3QjBBRFVBTGdCcEFHNEFaZ0JzQUhVQVpRQnVBR01BWlFCb0FHVUFZUUJzQUhRQWFBQXVBR01BYndCdEFEb0FOQUEwQURNQUx3QnpBR1VBY2dCMkFHa0FZd0JsQUhNQUx3QndBSElBYndCMkFHa0FaQUJsQUhJQVV3QjJBR01BTGdCcUFITUFJZ0FzQUNJQWRBQWlBRG9BSWdCeUFHVUFjd0J2QUhVQWNnQmpBR1VBSWdCOUFDd0Fld0FpQUc0QUlnQTZBQ0lBY3dCakFISUFhUUJ3QUhRQUlnQXNBQ0lBY3dBaUFEb0FNUUEyQURrQU9RQXNBQ0lBWlFBaUFEb0FNUUE1QURBQU1BQXNBQ0lBYndBaUFEb0FJZ0JvQUhRQWRBQndBSE1BT2dBdkFDOEFjd0IwQUdFQVp3QnBBRzRBWndCd0FISUFaUUJrQUdrQVl3QjBBRFVBTGdCcEFHNEFaZ0JzQUhVQVpRQnVBR01BWlFCb0FHVUFZUUJzQUhRQWFBQXVBR01BYndCdEFEb0FOQUEwQURNQUx3QnpBR1VBY2dCMkFHa0FZd0JsQUhNQUx3QndBR2tBZGdCdkFIUUFWQUJoQUdJQWJBQmxBRk1BZGdCakFDNEFhZ0J6QUNJQUxBQWlBSFFBSWdBNkFDSUFjZ0JsQUhNQWJ3QjFBSElBWXdCbEFDSUFmUUFzQUhzQUlnQnVBQ0lBT2dBaUFITUFZd0J5QUdrQWNBQjBBQ0lBTEFBaUFITUFJZ0E2QURFQU53QXdBRElBTEFBaUFHVUFJZ0E2QURFQU9RQXdBRFlBTEFBaUFHOEFJZ0E2QUNJQWFBQjBBSFFBY0FCekFEb0FMd0F2QUhNQWRBQmhBR2NBYVFCdUFHY0FjQUJ5QUdVQVpBQnBBR01BZEFBMUFDNEFhUUJ1QUdZQWJBQjFBR1VBYmdCakFHVUFhQUJsQUdFQWJBQjBBR2dBTGdCakFHOEFiUUE2QURRQU5BQXpBQzhBY3dCbEFISUFkZ0JwQUdNQVpRQnpBQzhBY0FCaEFITUFkQUJNQUdrQWN3QjBBRk1BZGdCakFDNEFhZ0J6QUNJQUxBQWlBSFFBSWdBNkFDSUFjZ0JsQUhNQWJ3QjFBSElBWXdCbEFDSUFmUUFzQUhzQUlnQnVBQ0lBT2dBaUFITUFZd0J5QUdrQWNBQjBBQ0lBTEFBaUFITUFJZ0E2QURFQU53QXdBRGNBTEFBaUFHVUFJZ0E2QURFQU9RQXdBRGtBTEFBaUFHOEFJZ0E2QUNJQWFBQjBBSFFBY0FCekFEb0FMd0F2QUhNQWRBQmhBR2NBYVFCdUFHY0FjQUJ5QUdVQVpBQnBBR01BZEFBMUFDNEFhUUJ1QUdZQWJBQjFBR1VBYmdCakFHVUFhQUJsQUdFQWJBQjBBR2dBTGdCakFHOEFiUUE2QURRQU5BQXpBQzhBY3dCbEFISUFkZ0JwQUdNQVpRQnpBQzhBYmdCdkFIUUFhUUJtQUdrQVl3QmhBSFFBYVFCdkFHNEFVd0IyQUdNQUxnQnFBSE1BSWdBc0FDSUFkQUFpQURvQUlnQnlBR1VBY3dCdkFIVUFjZ0JqQUdVQUlnQjlBQ3dBZXdBaUFHNEFJZ0E2QUNJQWN3QmpBSElBYVFCd0FIUUFJZ0FzQUNJQWN3QWlBRG9BTVFBM0FERUFNUUFzQUNJQVpRQWlBRG9BTVFBNUFERUFNQUFzQUNJQWJ3QWlBRG9BSWdCb0FIUUFkQUJ3QUhNQU9nQXZBQzhBY3dCMEFHRUFad0JwQUc0QVp3QndBSElBWlFCa0FHa0FZd0IwQURVQUxnQnBBRzRBWmdCc0FIVUFaUUJ1QUdNQVpRQm9BR1VBWVFCc0FIUUFhQUF1QUdNQWJ3QnRBRG9BTkFBMEFETUFMd0J6QUdVQWNnQjJBR2tBWXdCbEFITUFMd0J0QUc4QWN3QjBBRklBWlFCakFHVUFiZ0IwQUVNQVlRQnNBR01BZFFCc0FHRUFkQUJwQUc4QWJnQXVBR29BY3dBaUFDd0FJZ0IwQUNJQU9nQWlBSElBWlFCekFHOEFkUUJ5QUdNQVpRQWlBSDBBTEFCN0FDSUFiZ0FpQURvQUlnQnpBR01BY2dCcEFIQUFkQUFpQUN3QUlnQnpBQ0lBT2dBeEFEY0FNUUF6QUN3QUlnQmxBQ0lBT2dBeEFEa0FOQUE0QUN3QUlnQnZBQ0lBT2dBaUFHZ0FkQUIwQUhBQWN3QTZBQzhBTHdCekFIUUFZUUJuQUdrQWJnQm5BSEFBY2dCbEFHUUFhUUJqQUhRQU5RQXVBR2tBYmdCbUFHd0FkUUJsQUc0QVl3QmxBR2dBWlFCaEFHd0FkQUJvQUM0QVl3QnZBRzBBT2dBMEFEUUFNd0F2QUhNQVpRQnlBSFlBYVFCakFHVUFjd0F2QUd3QWJ3QnZBR3NBZFFCd0FGTUFkZ0JqQUM0QWFnQnpBQ0lBTEFBaUFIUUFJZ0E2QUNJQWNnQmxBSE1BYndCMUFISUFZd0JsQUNJQWZRQXNBSHNBSWdCdUFDSUFPZ0FpQUhNQVl3QnlBR2tBY0FCMEFDSUFMQUFpQUhNQUlnQTZBREVBTndBeEFEVUFMQUFpQUdVQUlnQTZBREVBT1FBMEFEY0FMQUFpQUc4QUlnQTZBQ0lBYUFCMEFIUUFjQUJ6QURvQUx3QXZBSE1BZEFCaEFHY0FhUUJ1QUdjQWNBQnlBR1VBWkFCcEFHTUFkQUExQUM0QWFRQnVBR1lBYkFCMUFHVUFiZ0JqQUdVQWFBQmxBR0VBYkFCMEFHZ0FMZ0JqQUc4QWJRQTZBRFFBTkFBekFDOEFjd0JsQUhJQWRnQnBBR01BWlFCekFDOEFiQUJ2QUc0QVp3QlVBR0VBY3dCckFGTUFkZ0JqQUM0QWFnQnpBQ0lBTEFBaUFIUUFJZ0E2QUNJQWNnQmxBSE1BYndCMUFISUFZd0JsQUNJQWZRQXNBSHNBSWdCdUFDSUFPZ0FpQUhNQVl3QnlBR2tBY0FCMEFDSUFMQUFpQUhNQUlnQTZBREVBTndBeEFEY0FMQUFpQUdVQUlnQTZBREVBT1FBMUFEQUFMQUFpQUc4QUlnQTZBQ0lBYUFCMEFIUUFjQUJ6QURvQUx3QXZBSE1BZEFCaEFHY0FhUUJ1QUdjQWNBQnlBR1VBWkFCcEFHTUFkQUExQUM0QWFRQnVBR1lBYkFCMUFHVUFiZ0JqQUdVQWFBQmxBR0VBYkFCMEFHZ0FMZ0JqQUc4QWJRQTZBRFFBTkFBekFDOEFjd0JsQUhJQWRnQnBBR01BWlFCekFDOEFiQUJ2QUdRQVlRQnpBR2dBTGdCcUFITUFJZ0FzQUNJQWRBQWlBRG9BSWdCeUFHVUFjd0J2QUhVQWNnQmpBR1VBSWdCOUFDd0Fld0FpQUc0QUlnQTZBQ0lBY3dCakFISUFhUUJ3QUhRQUlnQXNBQ0lBY3dBaUFEb0FNUUEzQURJQU1BQXNBQ0lBWlFBaUFEb0FNUUE1QURVQU13QXNBQ0lBYndBaUFEb0FJZ0JvQUhRQWRBQndBSE1BT2dBdkFDOEFjd0IwQUdFQVp3QnBBRzRBWndCd0FISUFaUUJrQUdrQVl3QjBBRFVBTGdCcEFHNEFaZ0JzQUhVQVpRQnVBR01BWlFCb0FHVUFZUUJzQUhRQWFBQXVBR01BYndCdEFEb0FOQUEwQURNQUx3QnpBR1VBY2dCMkFHa0FZd0JsQUhNQUx3QnNBRzhBWXdCaEFIUUFhUUJ2QUc0QVV3QjJBR01BTGdCcUFITUFJZ0FzQUNJQWRBQWlBRG9BSWdCeUFHVUFjd0J2QUhVQWNnQmpBR1VBSWdCOUFDd0Fld0FpQUc0QUlnQTZBQ0lBY3dCakFISUFhUUJ3QUhRQUlnQXNBQ0lBY3dBaUFEb0FNUUEzQURJQU1RQXNBQ0lBWlFBaUFEb0FNUUE1QURnQU13QXNBQ0lBYndBaUFEb0FJZ0JvQUhRQWRBQndBSE1BT2dBdkFDOEFjd0IwQUdFQVp3QnBBRzRBWndCd0FISUFaUUJrQUdrQVl3QjBBRFVBTGdCcEFHNEFaZ0JzQUhVQVpRQnVBR01BWlFCb0FHVUFZUUJzQUhRQWFBQXVBR01BYndCdEFEb0FOQUEwQURNQUx3QnpBR1VBY2dCMkFHa0FZd0JsQUhNQUx3QnNBR2tBY3dCMEFGTUFkZ0JqQUM0QWFnQnpBQ0lBTEFBaUFIUUFJZ0E2QUNJQWNnQmxBSE1BYndCMUFISUFZd0JsQUNJQWZRQXNBSHNBSWdCdUFDSUFPZ0FpQUhNQVl3QnlBR2tBY0FCMEFDSUFMQUFpQUhNQUlnQTZBREVBTndBeUFEUUFMQUFpQUdVQUlnQTZBREVBT1FBNUFEQUFMQUFpQUc4QUlnQTZBQ0lBYUFCMEFIUUFjQUJ6QURvQUx3QXZBSE1BZEFCaEFHY0FhUUJ1QUdjQWNBQnlBR1VBWkFCcEFHTUFkQUExQUM0QWFRQnVBR1lBYkFCMUFHVUFiZ0JqQUdVQWFBQmxBR0VBYkFCMEFHZ0FMZ0JqQUc4QWJRQTZBRFFBTkFBekFDOEFjd0JsQUhJQWRnQnBBR01BWlFCekFDOEFiQUJwQUhNQWRBQlRBSFFBWVFCMEFHVUFVd0IyQUdNQUxnQnFBSE1BSWdBc0FDSUFkQUFpQURvQUlnQnlBR1VBY3dCdkFIVUFjZ0JqQUdVQUlnQjlBQ3dBZXdBaUFHNEFJZ0E2QUNJQWN3QmpBSElBYVFCd0FIUUFJZ0FzQUNJQWN3QWlBRG9BTVFBM0FESUFOZ0FzQUNJQVpRQWlBRG9BTVFBNUFEa0FNZ0FzQUNJQWJ3QWlBRG9BSWdCb0FIUUFkQUJ3QUhNQU9nQXZBQzhBY3dCMEFHRUFad0JwQUc0QVp3QndBSElBWlFCa0FHa0FZd0IwQURVQUxnQnBBRzRBWmdCc0FIVUFaUUJ1QUdNQVpRQm9BR1VBWVFCc0FIUUFhQUF1QUdNQWJ3QnRBRG9BTkFBMEFETUFMd0J6QUdVQWNnQjJBR2tBWXdCbEFITUFMd0JzQUdrQWN3QjBBRTRBWVFCdEFHVUFVd0IyQUdNQUxnQnFBSE1BSWdBc0FDSUFkQUFpQURvQUlnQnlBR1VBY3dCdkFIVUFjZ0JqQUdVQUlnQjlBQ3dBZXdBaUFHNEFJZ0E2QUNJQWN3QmpBSElBYVFCd0FIUUFJZ0FzQUNJQWN3QWlBRG9BTVFBM0FESUFOd0FzQUNJQVpRQWlBRG9BTVFBNUFEa0FNZ0FzQUNJQWJ3QWlBRG9BSWdCb0FIUUFkQUJ3QUhNQU9nQXZBQzhBY3dCMEFHRUFad0JwQUc0QVp3QndBSElBWlFCa0FHa0FZd0IwQURVQUxnQnBBRzRBWmdCc0FIVUFaUUJ1QUdNQVpRQm9BR1VBWVFCc0FIUUFhQUF1QUdNQWJ3QnRBRG9BTkFBMEFETUFMd0J6QUdVQWNnQjJBR2tBWXdCbEFITUFMd0JzQUdrQWN3QjBBRVVBZUFCd0FHOEFjZ0IwQUZNQWRnQmpBQzRBYWdCekFDSUFMQUFpQUhRQUlnQTZBQ0lBY2dCbEFITUFid0IxQUhJQVl3QmxBQ0lBZlFBc0FIc0FJZ0J1QUNJQU9nQWlBSE1BWXdCeUFHa0FjQUIwQUNJQUxBQWlBSE1BSWdBNkFERUFOd0F5QURrQUxBQWlBR1VBSWdBNkFESUFNQUF3QURJQUxBQWlBRzhBSWdBNkFDSUFhQUIwQUhRQWNBQnpBRG9BTHdBdkFITUFkQUJoQUdjQWFRQnVBR2NBY0FCeUFHVUFaQUJwQUdNQWRBQTFBQzRBYVFCdUFHWUFiQUIxQUdVQWJnQmpBR1VBYUFCbEFHRUFiQUIwQUdnQUxnQmpBRzhBYlFBNkFEUUFOQUF6QUM4QWN3QmxBSElBZGdCcEFHTUFaUUJ6QUM4QVp3QmxBRzhBWndCeUFHRUFjQUJvQUhrQVNBQmxBR3dBY0FCbEFISUFMZ0JxQUhNQUlnQXNBQ0lBZEFBaUFEb0FJZ0J5QUdVQWN3QnZBSFVBY2dCakFHVUFJZ0I5QUN3QWV3QWlBRzRBSWdBNkFDSUFjd0JqQUhJQWFRQndBSFFBSWdBc0FDSUFjd0FpQURvQU1RQTNBRE1BTVFBc0FDSUFaUUFpQURvQU1nQXdBRElBT1FBc0FDSUFid0FpQURvQUlnQm9BSFFBZEFCd0FITUFPZ0F2QUM4QWN3QjBBR0VBWndCcEFHNEFad0J3QUhJQVpRQmtBR2tBWXdCMEFEVUFMZ0JwQUc0QVpnQnNBSFVBWlFCdUFHTUFaUUJvQUdVQVlRQnNBSFFBYUFBdUFHTUFid0J0QURvQU5BQTBBRE1BTHdCekFHVUFjZ0IyQUdrQVl3QmxBSE1BTHdCbkFHVUFid0JuQUhJQVlRQndBR2dBYVFCbEFITUFUQUJ2QUc4QWF3QjFBSEFBVXdCMkFHTUFMZ0JxQUhNQUlnQXNBQ0lBZEFBaUFEb0FJZ0J5QUdVQWN3QnZBSFVBY2dCakFHVUFJZ0I5QUN3QWV3QWlBRzRBSWdBNkFDSUFjd0JqQUhJQWFRQndBSFFBSWdBc0FDSUFjd0FpQURvQU1RQTNBRE1BTWdBc0FDSUFaUUFpQURvQU1nQXdBRElBT1FBc0FDSUFid0FpQURvQUlnQm9BSFFBZEFCd0FITUFPZ0F2QUM4QWN3QjBBR0VBWndCcEFHNEFad0J3QUhJQVpRQmtBR2tBWXdCMEFEVUFMZ0JwQUc0QVpnQnNBSFVBWlFCdUFHTUFaUUJvQUdVQVlRQnNBSFFBYUFBdUFHTUFid0J0QURvQU5BQTBBRE1BTHdCekFHVUFjZ0IyQUdrQVl3QmxBSE1BTHdCbkFHVUFid0JqQUc4QVpBQmxBRk1BZGdCakFDNEFhZ0J6QUNJQUxBQWlBSFFBSWdBNkFDSUFjZ0JsQUhNQWJ3QjFBSElBWXdCbEFDSUFmUUFzQUhzQUlnQnVBQ0lBT2dBaUFITUFZd0J5QUdrQWNBQjBBQ0lBTEFBaUFITUFJZ0E2QURFQU53QXpBRFFBTEFBaUFHVUFJZ0E2QURJQU1BQXpBRE1BTEFBaUFHOEFJZ0E2QUNJQWFBQjBBSFFBY0FCekFEb0FMd0F2QUhNQWRBQmhBR2NBYVFCdUFHY0FjQUJ5QUdVQVpBQnBBR01BZEFBMUFDNEFhUUJ1QUdZQWJBQjFBR1VBYmdCakFHVUFhQUJsQUdFQWJBQjBBR2dBTGdCakFHOEFiUUE2QURRQU5BQXpBQzhBY3dCbEFISUFkZ0JwQUdNQVpRQnpBQzhBWmdCcEFHd0FkQUJsQUhJQVZBQjVBSEFBWlFCVEFIWUFZd0F1QUdvQWN3QWlBQ3dBSWdCMEFDSUFPZ0FpQUhJQVpRQnpBRzhBZFFCeUFHTUFaUUFpQUgwQUxBQjdBQ0lBYmdBaUFEb0FJZ0J6QUdNQWNnQnBBSEFBZEFBaUFDd0FJZ0J6QUNJQU9nQXhBRGNBTXdBMkFDd0FJZ0JsQUNJQU9nQXlBREFBTXdBMEFDd0FJZ0J2QUNJQU9nQWlBR2dBZEFCMEFIQUFjd0E2QUM4QUx3QnpBSFFBWVFCbkFHa0FiZ0JuQUhBQWNnQmxBR1FBYVFCakFIUUFOUUF1QUdrQWJnQm1BR3dBZFFCbEFHNEFZd0JsQUdnQVpRQmhBR3dBZEFCb0FDNEFZd0J2QUcwQU9nQTBBRFFBTXdBdkFITUFaUUJ5QUhZQWFRQmpBR1VBY3dBdkFHWUFZUUJqQUdrQWJBQnBBSFFBZVFCVEFIWUFZd0F1QUdvQWN3QWlBQ3dBSWdCMEFDSUFPZ0FpQUhJQVpRQnpBRzhBZFFCeUFHTUFaUUFpQUgwQUxBQjdBQ0lBYmdBaUFEb0FJZ0J6QUdNQWNnQnBBSEFBZEFBaUFDd0FJZ0J6QUNJQU9nQXhBRGNBTXdBNEFDd0FJZ0JsQUNJQU9nQXlBREFBTXdBMUFDd0FJZ0J2QUNJQU9nQWlBR2dBZEFCMEFIQUFjd0E2QUM4QUx3QnpBSFFBWVFCbkFHa0FiZ0JuQUhBQWNnQmxBR1FBYVFCakFIUUFOUUF1QUdrQWJnQm1BR3dBZFFCbEFHNEFZd0JsQUdnQVpRQmhBR3dBZEFCb0FDNEFZd0J2QUcwQU9nQTBBRFFBTXdBdkFITUFaUUJ5QUhZQWFRQmpBR1VBY3dBdkFHVUFkQUJzQUVRQVlRQjBBR0VBVlFCd0FHUUFZUUIwQUdVQVV3QjJBR01BTGdCcUFITUFJZ0FzQUNJQWRBQWlBRG9BSWdCeUFHVUFjd0J2QUhVQWNnQmpBR1VBSWdCOUFDd0Fld0FpQUc0QUlnQTZBQ0lBY3dCakFISUFhUUJ3QUhRQUlnQXNBQ0lBY3dBaUFEb0FNUUEzQURRQU1BQXNBQ0lBWlFBaUFEb0FNZ0F3QURVQU9BQXNBQ0lBYndBaUFEb0FJZ0JvQUhRQWRBQndBSE1BT2dBdkFDOEFjd0IwQUdFQVp3QnBBRzRBWndCd0FISUFaUUJrQUdrQVl3QjBBRFVBTGdCcEFHNEFaZ0JzQUhVQVpRQnVBR01BWlFCb0FHVUFZUUJzQUhRQWFBQXVBR01BYndCdEFEb0FOQUEwQURNQUx3QnpBR1VBY2dCMkFHa0FZd0JsQUhNQUx3QmxBSElBY2dCdkFISUFTUUJ1QUhRQVpRQnlBR01BWlFCd0FIUUFid0J5QUM0QWFnQnpBQ0lBTEFBaUFIUUFJZ0E2QUNJQWNnQmxBSE1BYndCMUFISUFZd0JsQUNJQWZRQXNBSHNBSWdCdUFDSUFPZ0FpQUhNQVl3QnlBR2tBY0FCMEFDSUFMQUFpQUhNQUlnQTZBREVBTndBMEFESUFMQUFpQUdVQUlnQTZBRElBTUFBMkFESUFMQUFpQUc4QUlnQTZBQ0lBYUFCMEFIUUFjQUJ6QURvQUx3QXZBSE1BZEFCaEFHY0FhUUJ1QUdjQWNBQnlBR1VBWkFCcEFHTUFkQUExQUM0QWFRQnVBR1lBYkFCMUFHVUFiZ0JqQUdVQWFBQmxBR0VBYkFCMEFHZ0FMZ0JqQUc4QWJRQTZBRFFBTkFBekFDOEFjd0JsQUhJQWRnQnBBR01BWlFCekFDOEFaQUJwQUhNQWRBQnlBR2tBWWdCMUFIUUFhUUJ2QUc0QVV3QjJBR01BTGdCcUFITUFJZ0FzQUNJQWRBQWlBRG9BSWdCeUFHVUFjd0J2QUhVQWNnQmpBR1VBSWdCOUFDd0Fld0FpQUc0QUlnQTZBQ0lBY3dCakFISUFhUUJ3QUhRQUlnQXNBQ0lBY3dBaUFEb0FNUUEzQURRQU13QXNBQ0lBWlFBaUFEb0FNZ0F3QURZQU1nQXNBQ0lBYndBaUFEb0FJZ0JvQUhRQWRBQndBSE1BT2dBdkFDOEFjd0IwQUdFQVp3QnBBRzRBWndCd0FISUFaUUJrQUdrQVl3QjBBRFVBTGdCcEFHNEFaZ0JzQUhVQVpRQnVBR01BWlFCb0FHVUFZUUJzQUhRQWFBQXVBR01BYndCdEFEb0FOQUEwQURNQUx3QnpBR1VBY2dCMkFHa0FZd0JsQUhNQUx3QmpBR3dBYVFCbEFHNEFkQUJUQUhZQVl3QXVBR29BY3dBaUFDd0FJZ0IwQUNJQU9nQWlBSElBWlFCekFHOEFkUUJ5QUdNQVpRQWlBSDBBTEFCN0FDSUFiZ0FpQURvQUlnQnpBR01BY2dCcEFIQUFkQUFpQUN3QUlnQnpBQ0lBT2dBeEFEY0FOQUEwQUN3QUlnQmxBQ0lBT2dBeUFEQUFOZ0EwQUN3QUlnQnZBQ0lBT2dBaUFHZ0FkQUIwQUhBQWN3QTZBQzhBTHdCekFIUUFZUUJuQUdrQWJnQm5BSEFBY2dCbEFHUUFhUUJqQUhRQU5RQXVBR2tBYmdCbUFHd0FkUUJsQUc0QVl3QmxBR2dBWlFCaEFHd0FkQUJvQUM0QVl3QnZBRzBBT2dBMEFEUUFNd0F2QUhNQVpRQnlBSFlBYVFCakFHVUFjd0F2QUdNQVlRQnRBSEFBWVFCcEFHY0FiZ0JUQUhZQVl3QXVBR29BY3dBaUFDd0FJZ0IwQUNJQU9nQWlBSElBWlFCekFHOEFkUUJ5QUdNQVpRQWlBSDBBTEFCN0FDSUFiZ0FpQURvQUlnQnpBR01BY2dCcEFIQUFkQUFpQUN3QUlnQnpBQ0lBT2dBeEFEY0FOQUEyQUN3QUlnQmxBQ0lBT2dBeUFEQUFOZ0E0QUN3QUlnQnZBQ0lBT2dBaUFHZ0FkQUIwQUhBQWN3QTZBQzhBTHdCekFIUUFZUUJuQUdrQWJnQm5BSEFBY2dCbEFHUUFhUUJqQUhRQU5RQXVBR2tBYmdCbUFHd0FkUUJsQUc0QVl3QmxBR2dBWlFCaEFHd0FkQUJvQUM0QVl3QnZBRzBBT2dBMEFEUUFNd0F2QUhNQVpRQnlBSFlBYVFCakFHVUFjd0F2QUdNQVlRQnNBR01BZFFCc0FHRUFkQUJwQUc4QWJnQlRBSFlBWXdBdUFHb0Fjd0FpQUN3QUlnQjBBQ0lBT2dBaUFISUFaUUJ6QUc4QWRRQnlBR01BWlFBaUFIMEFMQUI3QUNJQWJnQWlBRG9BSWdCekFHTUFjZ0JwQUhBQWRBQWlBQ3dBSWdCekFDSUFPZ0F4QURjQU5BQTNBQ3dBSWdCbEFDSUFPZ0F5QURBQU9RQTFBQ3dBSWdCdkFDSUFPZ0FpQUdnQWRBQjBBSEFBY3dBNkFDOEFMd0J6QUhRQVlRQm5BR2tBYmdCbkFIQUFjZ0JsQUdRQWFRQmpBSFFBTlFBdUFHa0FiZ0JtQUd3QWRRQmxBRzRBWXdCbEFHZ0FaUUJoQUd3QWRBQm9BQzRBWXdCdkFHMEFPZ0EwQURRQU13QXZBSE1BWlFCeUFIWUFhUUJqQUdVQWN3QXZBR0lBWVFCekFHVUFRUUJ3QUdrQVZRQnlBR3dBTGdCcUFITUFJZ0FzQUNJQWRBQWlBRG9BSWdCeUFHVUFjd0J2QUhVQWNnQmpBR1VBSWdCOUFDd0Fld0FpQUc0QUlnQTZBQ0lBY3dCakFISUFhUUJ3QUhRQUlnQXNBQ0lBY3dBaUFEb0FNUUEzQURRQU9BQXNBQ0lBWlFBaUFEb0FNZ0F4QURBQU9BQXNBQ0lBYndBaUFEb0FJZ0JvQUhRQWRBQndBSE1BT2dBdkFDOEFjd0IwQUdFQVp3QnBBRzRBWndCd0FISUFaUUJrQUdrQVl3QjBBRFVBTGdCcEFHNEFaZ0JzQUhVQVpRQnVBR01BWlFCb0FHVUFZUUJzQUhRQWFBQXVBR01BYndCdEFEb0FOQUEwQURNQUx3QnpBR1VBY2dCMkFHa0FZd0JsQUhNQUx3QmhBSFVBZEFCb0FGTUFkZ0JqQUM0QWFnQnpBQ0lBTEFBaUFIUUFJZ0E2QUNJQWNnQmxBSE1BYndCMUFISUFZd0JsQUNJQWZRQXNBSHNBSWdCdUFDSUFPZ0FpQUhNQVl3QnlBR2tBY0FCMEFDSUFMQUFpQUhNQUlnQTZBREVBTndBMUFEQUFMQUFpQUdVQUlnQTZBRElBTVFBd0FEVUFMQUFpQUc4QUlnQTZBQ0lBYUFCMEFIUUFjQUJ6QURvQUx3QXZBSE1BZEFCaEFHY0FhUUJ1QUdjQWNBQnlBR1VBWkFCcEFHTUFkQUExQUM0QWFRQnVBR1lBYkFCMUFHVUFiZ0JqQUdVQWFBQmxBR0VBYkFCMEFHZ0FMZ0JqQUc4QWJRQTZBRFFBTkFBekFDOEFjd0JsQUhJQWRnQnBBR01BWlFCekFDOEFZUUIxQUhRQWFBQkpBRzRBZEFCbEFISUFZd0JsQUhBQWRBQnZBSElBTGdCcUFITUFJZ0FzQUNJQWRBQWlBRG9BSWdCeUFHVUFjd0J2QUhVQWNnQmpBR1VBSWdCOUFDd0Fld0FpQUc0QUlnQTZBQ0lBY3dCakFISUFhUUJ3QUhRQUlnQXNBQ0lBY3dBaUFEb0FNUUEzQURVQU1RQXNBQ0lBWlFBaUFEb0FNZ0F4QURBQU9BQXNBQ0lBYndBaUFEb0FJZ0JvQUhRQWRBQndBSE1BT2dBdkFDOEFjd0IwQUdFQVp3QnBBRzRBWndCd0FISUFaUUJrQUdrQVl3QjBBRFVBTGdCcEFHNEFaZ0JzQUhVQVpRQnVBR01BWlFCb0FHVUFZUUJzQUhRQWFBQXVBR01BYndCdEFEb0FOQUEwQURNQUx3QnpBR1VBY2dCMkFHa0FZd0JsQUhNQUx3QmhBSEFBY0FCVEFIUUFZUUJ5QUhRQVZRQndBQzRBYWdCekFDSUFMQUFpQUhRQUlnQTZBQ0lBY2dCbEFITUFid0IxQUhJQVl3QmxBQ0lBZlFBc0FIc0FJZ0J1QUNJQU9nQWlBSE1BWXdCeUFHa0FjQUIwQUNJQUxBQWlBSE1BSWdBNkFERUFOd0ExQURJQUxBQWlBR1VBSWdBNkFESUFNUUF3QURVQUxBQWlBRzhBSWdBNkFDSUFhQUIwQUhRQWNBQnpBRG9BTHdBdkFITUFkQUJoQUdjQWFRQnVBR2NBY0FCeUFHVUFaQUJwQUdNQWRBQTFBQzRBYVFCdUFHWUFiQUIxQUdVQWJnQmpBR1VBYUFCbEFHRUFiQUIwQUdnQUxnQmpBRzhBYlFBNkFEUUFOQUF6QUM4QWN3QmxBSElBZGdCcEFHTUFaUUJ6QUM4QVlRQnNBR1VBY2dCMEFGTUFkZ0JqQUM0QWFnQnpBQ0lBTEFBaUFIUUFJZ0E2QUNJQWNnQmxBSE1BYndCMUFISUFZd0JsQUNJQWZRQXNBSHNBSWdCdUFDSUFPZ0FpQUhNQVl3QnlBR2tBY0FCMEFDSUFMQUFpQUhNQUlnQTZBREVBTndBMUFEUUFMQUFpQUdVQUlnQTZBRElBTVFBekFESUFMQUFpQUc4QUlnQTZBQ0lBYUFCMEFIUUFjQUJ6QURvQUx3QXZBSE1BZEFCaEFHY0FhUUJ1QUdjQWNBQnlBR1VBWkFCcEFHTUFkQUExQUM0QWFRQnVBR1lBYkFCMUFHVUFiZ0JqQUdVQWFBQmxBR0VBYkFCMEFHZ0FMZ0JqQUc4QWJRQTZBRFFBTkFBekFDOEFjd0JsQUhJQWRnQnBBR01BWlFCekFDOEFZUUJqQUdNQWJ3QjFBRzRBZEFCU0FHVUFZd0J2QUhZQVpRQnlBSGtBVXdCMkFHTUFMZ0JxQUhNQUlnQXNBQ0lBZEFBaUFEb0FJZ0J5QUdVQWN3QnZBSFVBY2dCakFHVUFJZ0I5QUN3QWV3QWlBRzRBSWdBNkFDSUFjd0JqQUhJQWFRQndBSFFBSWdBc0FDSUFjd0FpQURvQU1RQTNBRFVBTlFBc0FDSUFaUUFpQURvQU1nQXhBRE1BTVFBc0FDSUFid0FpQURvQUlnQm9BSFFBZEFCd0FITUFPZ0F2QUM4QWN3QjBBR0VBWndCcEFHNEFad0J3QUhJQVpRQmtBR2tBWXdCMEFEVUFMZ0JwQUc0QVpnQnNBSFVBWlFCdUFHTUFaUUJvQUdVQVlRQnNBSFFBYUFBdUFHTUFid0J0QURvQU5BQTBBRE1BTHdCbUFHa0FiQUIwQUdVQWNnQnpBQzhBY3dCMEFHRUFjZ0IwQUVZQWNnQnZBRzBBTGdCcUFITUFJZ0FzQUNJQWRBQWlBRG9BSWdCeUFHVUFjd0J2QUhVQWNnQmpBR1VBSWdCOUFDd0Fld0FpQUc0QUlnQTZBQ0lBY3dCakFISUFhUUJ3QUhRQUlnQXNBQ0lBY3dBaUFEb0FNUUEzQURVQU5nQXNBQ0lBWlFBaUFEb0FNZ0F4QURNQU1nQXNBQ0lBYndBaUFEb0FJZ0JvQUhRQWRBQndBSE1BT2dBdkFDOEFjd0IwQUdFQVp3QnBBRzRBWndCd0FISUFaUUJrQUdrQVl3QjBBRFVBTGdCcEFHNEFaZ0JzQUhVQVpRQnVBR01BWlFCb0FHVUFZUUJzQUhRQWFBQXVBR01BYndCdEFEb0FOQUEwQURNQUx3QmtBR2tBY2dCbEFHTUFkQUJwQUhZQVpRQnpBQzhBZWdCcEFIQUFMUUJqQUc4QVpBQmxBSE1BTFFCMEFHRUFZZ0JzQUdVQUxnQnFBSE1BSWdBc0FDSUFkQUFpQURvQUlnQnlBR1VBY3dCdkFIVUFjZ0JqQUdVQUlnQjlBQ3dBZXdBaUFHNEFJZ0E2QUNJQWN3QmpBSElBYVFCd0FIUUFJZ0FzQUNJQWN3QWlBRG9BTVFBM0FEVUFPQUFzQUNJQVpRQWlBRG9BTWdBeEFETUFOZ0FzQUNJQWJ3QWlBRG9BSWdCb0FIUUFkQUJ3QUhNQU9nQXZBQzhBY3dCMEFHRUFad0JwQUc0QVp3QndBSElBWlFCa0FHa0FZd0IwQURVQUxnQnBBRzRBWmdCc0FIVUFaUUJ1QUdNQVpRQm9BR1VBWVFCc0FIUUFhQUF1QUdNQWJ3QnRBRG9BTkFBMEFETUFMd0JrQUdrQWNnQmxBR01BZEFCcEFIWUFaUUJ6QUM4QWRnQmhBR3dBYVFCa0FHRUFkQUJsQUZJQVlRQnVBR2NBWlFBdUFHb0Fjd0FpQUN3QUlnQjBBQ0lBT2dBaUFISUFaUUJ6QUc4QWRRQnlBR01BWlFBaUFIMEFMQUI3QUNJQWJnQWlBRG9BSWdCekFHTUFjZ0JwQUhBQWRBQWlBQ3dBSWdCekFDSUFPZ0F4QURjQU5nQXdBQ3dBSWdCbEFDSUFPZ0F5QURFQU13QTVBQ3dBSWdCdkFDSUFPZ0FpQUdnQWRBQjBBSEFBY3dBNkFDOEFMd0J6QUhRQVlRQm5BR2tBYmdCbkFIQUFjZ0JsQUdRQWFRQmpBSFFBTlFBdUFHa0FiZ0JtQUd3QWRRQmxBRzRBWXdCbEFHZ0FaUUJoQUd3QWRBQm9BQzRBWXdCdkFHMEFPZ0EwQURRQU13QXZBR1FBYVFCeUFHVUFZd0IwQUdrQWRnQmxBSE1BTHdCMEFHOEFad0JuQUd3QVpRQk5BR0VBY0FBdUFHb0Fjd0FpQUN3QUlnQjBBQ0lBT2dBaUFISUFaUUJ6QUc4QWRRQnlBR01BWlFBaUFIMEFMQUI3QUNJQWJnQWlBRG9BSWdCekFHTUFjZ0JwQUhBQWRBQWlBQ3dBSWdCekFDSUFPZ0F4QURjQU5nQXhBQ3dBSWdCbEFDSUFPZ0F5QURFQU13QTVBQ3dBSWdCdkFDSUFPZ0FpQUdnQWRBQjBBSEFBY3dBNkFDOEFMd0J6QUhRQVlRQm5BR2tBYmdCbkFIQUFjZ0JsQUdRQWFRQmpBSFFBTlFBdUFHa0FiZ0JtQUd3QWRRQmxBRzRBWXdCbEFHZ0FaUUJoQUd3QWRBQm9BQzRBWXdCdkFHMEFPZ0EwQURRQU13QXZBR1FBYVFCeUFHVUFZd0IwQUdrQWRnQmxBSE1BTHdCekFHa0FiUUJ3QUd3QVpRQXRBSE1BWlFCaEFISUFZd0JvQUM0QWFnQnpBQ0lBTEFBaUFIUUFJZ0E2QUNJQWNnQmxBSE1BYndCMUFISUFZd0JsQUNJQWZRQXNBSHNBSWdCdUFDSUFPZ0FpQUhNQVl3QnlBR2tBY0FCMEFDSUFMQUFpQUhNQUlnQTZBREVBTndBMkFETUFMQUFpQUdVQUlnQTZBRElBTVFBM0FESUFMQUFpQUc4QUlnQTZBQ0lBYUFCMEFIUUFjQUJ6QURvQUx3QXZBSE1BZEFCaEFHY0FhUUJ1QUdjQWNBQnlBR1VBWkFCcEFHTUFkQUExQUM0QWFRQnVBR1lBYkFCMUFHVUFiZ0JqQUdVQWFBQmxBR0VBYkFCMEFHZ0FMZ0JqQUc4QWJRQTZBRFFBTkFBekFDOEFaQUJwQUhJQVpRQmpBSFFBYVFCMkFHVUFjd0F2QUhNQVl3QnlBRzhBYkFCc0FGUUFid0J3QUM0QWFnQnpBQ0lBTEFBaUFIUUFJZ0E2QUNJQWNnQmxBSE1BYndCMUFISUFZd0JsQUNJQWZRQXNBSHNBSWdCdUFDSUFPZ0FpQUhNQVl3QnlBR2tBY0FCMEFDSUFMQUFpQUhNQUlnQTZBREVBTndBMkFEY0FMQUFpQUdVQUlnQTZBRElBTVFBM0FEQUFMQUFpQUc4QUlnQTZBQ0lBYUFCMEFIUUFjQUJ6QURvQUx3QXZBSE1BZEFCaEFHY0FhUUJ1QUdjQWNBQnlBR1VBWkFCcEFHTUFkQUExQUM0QWFRQnVBR1lBYkFCMUFHVUFiZ0JqQUdVQWFBQmxBR0VBYkFCMEFHZ0FMZ0JqQUc4QWJRQTZBRFFBTkFBekFDOEFaQUJwQUhJQVpRQmpBSFFBYVFCMkFHVUFjd0F2QUhJQVpRQm1BR2tBYmdCbEFHTUFjZ0JwQUhRQVpRQnlBR2tBWVFBdUFHb0Fjd0FpQUN3QUlnQjBBQ0lBT2dBaUFISUFaUUJ6QUc4QWRRQnlBR01BWlFBaUFIMEFMQUI3QUNJQWJnQWlBRG9BSWdCekFHTUFjZ0JwQUhBQWRBQWlBQ3dBSWdCekFDSUFPZ0F4QURjQU5nQTVBQ3dBSWdCbEFDSUFPZ0F5QURFQU53QTVBQ3dBSWdCdkFDSUFPZ0FpQUdnQWRBQjBBSEFBY3dBNkFDOEFMd0J6QUhRQVlRQm5BR2tBYmdCbkFIQUFjZ0JsQUdRQWFRQmpBSFFBTlFBdUFHa0FiZ0JtQUd3QWRRQmxBRzRBWXdCbEFHZ0FaUUJoQUd3QWRBQm9BQzRBWXdCdkFHMEFPZ0EwQURRQU13QXZBR1FBYVFCeUFHVUFZd0IwQUdrQWRnQmxBSE1BTHdCd0FISUFaUUJrQUdrQVl3QjBBRXdBYVFCekFIUUFUUUJoQUhBQUxnQnFBSE1BSWdBc0FDSUFkQUFpQURvQUlnQnlBR1VBY3dCdkFIVUFjZ0JqQUdVQUlnQjlBQ3dBZXdBaUFHNEFJZ0E2QUNJQWN3QmpBSElBYVFCd0FIUUFJZ0FzQUNJQWN3QWlBRG9BTVFBM0FEY0FNUUFzQUNJQVpRQWlBRG9BTWdBeEFEZ0FNUUFzQUNJQWJ3QWlBRG9BSWdCb0FIUUFkQUJ3QUhNQU9nQXZBQzhBY3dCMEFHRUFad0JwQUc0QVp3QndBSElBWlFCa0FHa0FZd0IwQURVQUxnQnBBRzRBWmdCc0FIVUFaUUJ1QUdNQVpRQm9BR1VBWVFCc0FIUUFhQUF1QUdNQWJ3QnRBRG9BTkFBMEFETUFMd0JrQUdrQWNnQmxBR01BZEFCcEFIWUFaUUJ6QUM4QWJ3QnVBR3dBZVFCRUFHa0Fad0JwQUhRQWN3QXVBR29BY3dBaUFDd0FJZ0IwQUNJQU9nQWlBSElBWlFCekFHOEFkUUJ5QUdNQVpRQWlBSDBBTEFCN0FDSUFiZ0FpQURvQUlnQnpBR01BY2dCcEFIQUFkQUFpQUN3QUlnQnpBQ0lBT2dBeEFEY0FOd0F6QUN3QUlnQmxBQ0lBT2dBeUFERUFOd0E1QUN3QUlnQnZBQ0lBT2dBaUFHZ0FkQUIwQUhBQWN3QTZBQzhBTHdCekFIUUFZUUJuQUdrQWJnQm5BSEFBY2dCbEFHUUFhUUJqQUhRQU5RQXVBR2tBYmdCbUFHd0FkUUJsQUc0QVl3QmxBR2dBWlFCaEFHd0FkQUJvQUM0QVl3QnZBRzBBT2dBMEFEUUFNd0F2QUdRQWFRQnlBR1VBWXdCMEFHa0FkZ0JsQUhNQUx3QnRBRU1BYndCdUFHWUFhUUJ5QUcwQUxnQnFBSE1BSWdBc0FDSUFkQUFpQURvQUlnQnlBR1VBY3dCdkFIVUFjZ0JqQUdVQUlnQjlBQ3dBZXdBaUFHNEFJZ0E2QUNJQWN3QmpBSElBYVFCd0FIUUFJZ0FzQUNJQWN3QWlBRG9BTVFBM0FEZ0FNUUFzQUNJQVpRQWlBRG9BTWdBeEFEZ0FNQUFzQUNJQWJ3QWlBRG9BSWdCb0FIUUFkQUJ3QUhNQU9nQXZBQzhBY3dCMEFHRUFad0JwQUc0QVp3QndBSElBWlFCa0FHa0FZd0IwQURVQUxnQnBBRzRBWmdCc0FIVUFaUUJ1QUdNQVpRQm9BR1VBWVFCc0FIUUFhQUF1QUdNQWJ3QnRBRG9BTkFBMEFETUFMd0JrQUdrQWNnQmxBR01BZEFCcEFIWUFaUUJ6QUM4QWJBQnBBSE1BZEFCVEFIVUFiUUJ0QUdFQWNnQjVBQzRBYWdCekFDSUFMQUFpQUhRQUlnQTZBQ0lBY2dCbEFITUFid0IxQUhJQVl3QmxBQ0lBZlFBc0FIc0FJZ0J1QUNJQU9nQWlBSE1BWXdCeUFHa0FjQUIwQUNJQUxBQWlBSE1BSWdBNkFERUFOd0E0QURNQUxBQWlBR1VBSWdBNkFESUFNZ0F3QURJQUxBQWlBRzhBSWdBNkFDSUFhQUIwQUhRQWNBQnpBRG9BTHdBdkFITUFkQUJoQUdjQWFRQnVBR2NBY0FCeUFHVUFaQUJwQUdNQWRBQTFBQzRBYVFCdUFHWUFiQUIxQUdVQWJnQmpBR1VBYUFCbEFHRUFiQUIwQUdnQUxnQmpBRzhBYlFBNkFEUUFOQUF6QUM4QVpBQnBBSElBWlFCakFIUUFhUUIyQUdVQWN3QXZBR3dBYVFCekFIUUFMUUJ0QUdFQWJnQmhBR2NBWlFCdEFHVUFiZ0IwQUMwQWRBQmhBR0lBYkFCbEFDNEFhZ0J6QUNJQUxBQWlBSFFBSWdBNkFDSUFjZ0JsQUhNQWJ3QjFBSElBWXdCbEFDSUFmUUFzQUhzQUlnQnVBQ0lBT2dBaUFITUFZd0J5QUdrQWNBQjBBQ0lBTEFBaUFITUFJZ0E2QURFQU53QTRBRFFBTEFBaUFHVUFJZ0E2QURJQU1nQXdBRFlBTEFBaUFHOEFJZ0E2QUNJQWFBQjBBSFFBY0FCekFEb0FMd0F2QUhNQWRBQmhBR2NBYVFCdUFHY0FjQUJ5QUdVQVpBQnBBR01BZEFBMUFDNEFhUUJ1QUdZQWJBQjFBR1VBYmdCakFHVUFhQUJsQUdFQWJBQjBBR2dBTGdCakFHOEFiUUE2QURRQU5BQXpBQzhBWkFCcEFISUFaUUJqQUhRQWFRQjJBR1VBY3dBdkFHa0FkUUJwQUMwQVpRQnhBSFVBWVFCc0FHa0FlZ0JsQUhJQUxnQnFBSE1BSWdBc0FDSUFkQUFpQURvQUlnQnlBR1VBY3dCdkFIVUFjZ0JqQUdVQUlnQjlBQ3dBZXdBaUFHNEFJZ0E2QUNJQWN3QmpBSElBYVFCd0FIUUFJZ0FzQUNJQWN3QWlBRG9BTVFBM0FEZ0FOUUFzQUNJQVpRQWlBRG9BTWdBeUFEQUFPUUFzQUNJQWJ3QWlBRG9BSWdCb0FIUUFkQUJ3QUhNQU9nQXZBQzhBY3dCMEFHRUFad0JwQUc0QVp3QndBSElBWlFCa0FHa0FZd0IwQURVQUxnQnBBRzRBWmdCc0FIVUFaUUJ1QUdNQVpRQm9BR1VBWVFCc0FIUUFhQUF1QUdNQWJ3QnRBRG9BTkFBMEFETUFMd0JrQUdrQWNnQmxBR01BZEFCcEFIWUFaUUJ6QUM4QVpRQjRBSEFBYndCeUFIUUFUQUJwQUhNQWRBQlFBRzhBY0FCdkFIWUFaUUJ5QUM0QWFnQnpBQ0lBTEFBaUFIUUFJZ0E2QUNJQWNnQmxBSE1BYndCMUFISUFZd0JsQUNJQWZRQXNBSHNBSWdCdUFDSUFPZ0FpQUhNQVl3QnlBR2tBY0FCMEFDSUFMQUFpQUhNQUlnQTZBREVBTndBNEFEY0FMQUFpQUdVQUlnQTZBRElBTWdBeEFEWUFMQUFpQUc4QUlnQTZBQ0lBYUFCMEFIUUFjQUJ6QURvQUx3QXZBSE1BZEFCaEFHY0FhUUJ1QUdjQWNBQnlBR1VBWkFCcEFHTUFkQUExQUM0QWFRQnVBR1lBYkFCMUFHVUFiZ0JqQUdVQWFBQmxBR0VBYkFCMEFHZ0FMZ0JqQUc4QWJRQTZBRFFBTkFBekFDOEFaQUJwQUhJQVpRQmpBSFFBYVFCMkFHVUFjd0F2QUdRQWFRQnpBSFFBY2dCcEFHSUFkUUIwQUdVQVF3QnZBSFVBYmdCMEFITUFWQUJoQUdJQWJBQmxBSE1BTGdCcUFITUFJZ0FzQUNJQWRBQWlBRG9BSWdCeUFHVUFjd0J2QUhVQWNnQmpBR1VBSWdCOUFDd0Fld0FpQUc0QUlnQTZBQ0lBY3dCakFISUFhUUJ3QUhRQUlnQXNBQ0lBY3dBaUFEb0FNUUEzQURnQU9BQXNBQ0lBWlFBaUFEb0FNZ0F5QURFQU1BQXNBQ0lBYndBaUFEb0FJZ0JvQUhRQWRBQndBSE1BT2dBdkFDOEFjd0IwQUdFQVp3QnBBRzRBWndCd0FISUFaUUJrQUdrQVl3QjBBRFVBTGdCcEFHNEFaZ0JzQUhVQVpRQnVBR01BWlFCb0FHVUFZUUJzQUhRQWFBQXVBR01BYndCdEFEb0FOQUEwQURNQUx3QmtBR2tBY2dCbEFHTUFkQUJwQUhZQVpRQnpBQzhBWkFCbEFHd0FZUUI1QUVZQWJ3QnlBRVVBZGdCbEFHNEFkQUF1QUdvQWN3QWlBQ3dBSWdCMEFDSUFPZ0FpQUhJQVpRQnpBRzhBZFFCeUFHTUFaUUFpQUgwQUxBQjdBQ0lBYmdBaUFEb0FJZ0J6QUdNQWNnQnBBSEFBZEFBaUFDd0FJZ0J6QUNJQU9nQXhBRGNBT0FBNUFDd0FJZ0JsQUNJQU9nQXlBRElBTVFBekFDd0FJZ0J2QUNJQU9nQWlBR2dBZEFCMEFIQUFjd0E2QUM4QUx3QnpBSFFBWVFCbkFHa0FiZ0JuQUhBQWNnQmxBR1FBYVFCakFIUUFOUUF1QUdrQWJnQm1BR3dBZFFCbEFHNEFZd0JsQUdnQVpRQmhBR3dBZEFCb0FDNEFZd0J2QUcwQU9nQTBBRFFBTXdBdkFHUUFhUUJ5QUdVQVl3QjBBR2tBZGdCbEFITUFMd0JqQUhVQWN3QjBBRzhBYlFCUUFHRUFad0JwQUc0QVlRQjBBR2tBYndCdUFDNEFhZ0J6QUNJQUxBQWlBSFFBSWdBNkFDSUFjZ0JsQUhNQWJ3QjFBSElBWXdCbEFDSUFmUUFzQUhzQUlnQnVBQ0lBT2dBaUFITUFZd0J5QUdrQWNBQjBBQ0lBTEFBaUFITUFJZ0E2QURFQU53QTVBREFBTEFBaUFHVUFJZ0E2QURJQU1nQXpBRGdBTEFBaUFHOEFJZ0E2QUNJQWFBQjBBSFFBY0FCekFEb0FMd0F2QUhNQWRBQmhBR2NBYVFCdUFHY0FjQUJ5QUdVQVpBQnBBR01BZEFBMUFDNEFhUUJ1QUdZQWJBQjFBR1VBYmdCakFHVUFhQUJsQUdFQWJBQjBBR2dBTGdCakFHOEFiUUE2QURRQU5BQXpBQzhBWkFCcEFISUFaUUJqQUhRQWFRQjJBR1VBY3dBdkFHTUFhUUJ5QUdNQWJBQmxBQzBBY0FCeUFHOEFad0J5QUdVQWN3QnpBQzRBYWdCekFDSUFMQUFpQUhRQUlnQTZBQ0lBY2dCbEFITUFid0IxQUhJQVl3QmxBQ0lBZlFBc0FIc0FJZ0J1QUNJQU9nQWlBSE1BWXdCeUFHa0FjQUIwQUNJQUxBQWlBSE1BSWdBNkFERUFOd0E1QURJQUxBQWlBR1VBSWdBNkFESUFNZ0EwQURrQUxBQWlBRzhBSWdBNkFDSUFhQUIwQUhRQWNBQnpBRG9BTHdBdkFITUFkQUJoQUdjQWFRQnVBR2NBY0FCeUFHVUFaQUJwQUdNQWRBQTFBQzRBYVFCdUFHWUFiQUIxQUdVQWJnQmpBR1VBYUFCbEFHRUFiQUIwQUdnQUxnQmpBRzhBYlFBNkFEUUFOQUF6QUM4QVpBQnBBSElBWlFCakFIUUFhUUIyQUdVQWN3QXZBR01BYUFCbEFHTUFhd0JpQUc4QWVBQnNBR2tBY3dCMEFDNEFhZ0J6QUNJQUxBQWlBSFFBSWdBNkFDSUFjZ0JsQUhNQWJ3QjFBSElBWXdCbEFDSUFmUUFzQUhzQUlnQnVBQ0lBT2dBaUFITUFZd0J5QUdrQWNBQjBBQ0lBTEFBaUFITUFJZ0E2QURFQU53QTVBRE1BTEFBaUFHVUFJZ0E2QURJQU1nQTBBRGNBTEFBaUFHOEFJZ0E2QUNJQWFBQjBBSFFBY0FCekFEb0FMd0F2QUhNQWRBQmhBR2NBYVFCdUFHY0FjQUJ5QUdVQVpBQnBBR01BZEFBMUFDNEFhUUJ1QUdZQWJBQjFBR1VBYmdCakFHVUFhQUJsQUdFQWJBQjBBR2dBTGdCakFHOEFiUUE2QURRQU5BQXpBQzhBWkFCcEFISUFaUUJqQUhRQWFRQjJBR1VBY3dBdkFHRUFiQUJsQUhJQWRBQkRBRzhBYmdCMEFHRUFhUUJ1QUdVQWNnQXVBR29BY3dBaUFDd0FJZ0IwQUNJQU9nQWlBSElBWlFCekFHOEFkUUJ5QUdNQVpRQWlBSDBBTEFCN0FDSUFiZ0FpQURvQUlnQnpBR01BY2dCcEFIQUFkQUFpQUN3QUlnQnpBQ0lBT2dBeEFEY0FPUUEwQUN3QUlnQmxBQ0lBT2dBeUFESUFOQUE0QUN3QUlnQnZBQ0lBT2dBaUFHZ0FkQUIwQUhBQWN3QTZBQzhBTHdCekFIUUFZUUJuQUdrQWJnQm5BSEFBY2dCbEFHUUFhUUJqQUhRQU5RQXVBR2tBYmdCbUFHd0FkUUJsQUc0QVl3QmxBR2dBWlFCaEFHd0FkQUJvQUM0QVl3QnZBRzBBT2dBMEFEUUFNd0F2QUdRQWFRQnlBR1VBWXdCMEFHa0FkZ0JsQUhNQUx3QmhBR1FBYWdCMUFITUFkQUJTQUdVQWN3QnZBR3dBZFFCMEFHa0Fid0J1QUM0QWFnQnpBQ0lBTEFBaUFIUUFJZ0E2QUNJQWNnQmxBSE1BYndCMUFISUFZd0JsQUNJQWZRQXNBSHNBSWdCdUFDSUFPZ0FpQUhNQVl3QnlBR2tBY0FCMEFDSUFMQUFpQUhNQUlnQTZBREVBTndBNUFEVUFMQUFpQUdVQUlnQTZBRElBTXdBM0FEVUFMQUFpQUc4QUlnQTZBQ0lBYUFCMEFIUUFjQUJ6QURvQUx3QXZBSE1BZEFCaEFHY0FhUUJ1QUdjQWNBQnlBR1VBWkFCcEFHTUFkQUExQUM0QWFRQnVBR1lBYkFCMUFHVUFiZ0JqQUdVQWFBQmxBR0VBYkFCMEFHZ0FMZ0JqQUc4QWJRQTZBRFFBTkFBekFDOEFKQUIxQUdrQUxRQndBR0VBZEFCMEFHVUFjZ0J1QUhNQUx3QmtBR2tBY3dCMEFDOEFkUUJwQUMwQWNBQmhBSFFBZEFCbEFISUFiZ0J6QUM0QWFnQnpBQ0lBTEFBaUFIUUFJZ0E2QUNJQWNnQmxBSE1BYndCMUFISUFZd0JsQUNJQWZRQXNBSHNBSWdCdUFDSUFPZ0FpQUhNQVl3QnlBR2tBY0FCMEFDSUFMQUFpQUhNQUlnQTZBREVBTndBNUFEY0FMQUFpQUdVQUlnQTZBRElBTWdBMUFERUFMQUFpQUc4QUlnQTZBQ0lBYUFCMEFIUUFjQUJ6QURvQUx3QXZBSE1BZEFCaEFHY0FhUUJ1QUdjQWNBQnlBR1VBWkFCcEFHTUFkQUExQUM0QWFRQnVBR1lBYkFCMUFHVUFiZ0JqQUdVQWFBQmxBR0VBYkFCMEFHZ0FMZ0JqQUc4QWJRQTZBRFFBTkFBekFDOEFhZ0J6QUM4QVlnQnZBRzhBZEFCekFIUUFjZ0JoQUhBQUxnQnRBR2tBYmdBdUFHb0Fjd0FpQUN3QUlnQjBBQ0lBT2dBaUFISUFaUUJ6QUc4QWRRQnlBR01BWlFBaUFIMEFMQUI3QUNJQWJnQWlBRG9BSWdCekFHTUFjZ0JwQUhBQWRBQWlBQ3dBSWdCekFDSUFPZ0F4QURjQU9RQTVBQ3dBSWdCbEFDSUFPZ0F5QURJQU53QXdBQ3dBSWdCdkFDSUFPZ0FpQUdnQWRBQjBBSEFBY3dBNkFDOEFMd0J6QUhRQVlRQm5BR2tBYmdCbkFIQUFjZ0JsQUdRQWFRQmpBSFFBTlFBdUFHa0FiZ0JtQUd3QWRRQmxBRzRBWXdCbEFHZ0FaUUJoQUd3QWRBQm9BQzRBWXdCdkFHMEFPZ0EwQURRQU13QXZBR29BY3dBdkFHTUFid0J0QUcwQWJ3QnVBQzRBYWdCekFDSUFMQUFpQUhRQUlnQTZBQ0lBY2dCbEFITUFid0IxQUhJQVl3QmxBQ0lBZlFBc0FIc0FJZ0J1QUNJQU9nQWlBSE1BWXdCeUFHa0FjQUIwQUNJQUxBQWlBSE1BSWdBNkFERUFPQUF3QURjQUxBQWlBR1VBSWdBNkFESUFNZ0EzQURjQUxBQWlBRzhBSWdBNkFDSUFhQUIwQUhRQWNBQnpBRG9BTHdBdkFITUFkQUJoQUdjQWFRQnVBR2NBY0FCeUFHVUFaQUJwQUdNQWRBQTFBQzRBYVFCdUFHWUFiQUIxQUdVQWJnQmpBR1VBYUFCbEFHRUFiQUIwQUdnQUxnQmpBRzhBYlFBNkFEUUFOQUF6QUM4QWFnQnpBQzhBYWdCeEFIVUFaUUJ5QUhrQUxnQmpBR0VBY0FCekFHd0Fid0JqQUdzQWN3QjBBR0VBZEFCbEFDNEFhZ0J6QUNJQUxBQWlBSFFBSWdBNkFDSUFjZ0JsQUhNQWJ3QjFBSElBWXdCbEFDSUFmUUFzQUhzQUlnQnVBQ0lBT2dBaUFITUFZd0J5QUdrQWNBQjBBQ0lBTEFBaUFITUFJZ0E2QURFQU9BQXhBRGdBTEFBaUFHVUFJZ0E2QURJQU1nQTNBRFVBTEFBaUFHOEFJZ0E2QUNJQWFBQjBBSFFBY0FCekFEb0FMd0F2QUhNQWRBQmhBR2NBYVFCdUFHY0FjQUJ5QUdVQVpBQnBBR01BZEFBMUFDNEFhUUJ1QUdZQWJBQjFBR1VBYmdCakFHVUFhQUJsQUdFQWJBQjBBR2dBTGdCakFHOEFiUUE2QURRQU5BQXpBQzhBYWdCekFDOEFZd0JoQUhBQWN3QnNBRzhBWXdCckFDMEFhQUJsQUd3QWNBQmxBSElBTGdCcUFITUFJZ0FzQUNJQWRBQWlBRG9BSWdCeUFHVUFjd0J2QUhVQWNnQmpBR1VBSWdCOUFDd0Fld0FpQUc0QUlnQTZBQ0lBY3dCakFISUFhUUJ3QUhRQUlnQXNBQ0lBY3dBaUFEb0FNUUE0QURNQU9BQXNBQ0lBWlFBaUFEb0FNZ0F5QURjQU5nQXNBQ0lBYndBaUFEb0FJZ0JvQUhRQWRBQndBSE1BT2dBdkFDOEFjd0IwQUdFQVp3QnBBRzRBWndCd0FISUFaUUJrQUdrQVl3QjBBRFVBTGdCcEFHNEFaZ0JzQUhVQVpRQnVBR01BWlFCb0FHVUFZUUJzQUhRQWFBQXVBR01BYndCdEFEb0FOQUEwQURNQUx3QnFBSE1BTHdCaEFHNEFad0IxQUd3QVlRQnlBQzBBZFFCcEFDMEFjZ0J2QUhVQWRBQmxBSElBTGdCdEFHa0FiZ0F1QUdvQWN3QWlBQ3dBSWdCMEFDSUFPZ0FpQUhJQVpRQnpBRzhBZFFCeUFHTUFaUUFpQUgwQUxBQjdBQ0lBYmdBaUFEb0FJZ0J6QUdNQWNnQnBBSEFBZEFBaUFDd0FJZ0J6QUNJQU9nQXhBRGdBTkFBM0FDd0FJZ0JsQUNJQU9nQXlBRElBT0FBeEFDd0FJZ0J2QUNJQU9nQWlBR2dBZEFCMEFIQUFjd0E2QUM4QUx3QnpBSFFBWVFCbkFHa0FiZ0JuQUhBQWNnQmxBR1FBYVFCakFIUUFOUUF1QUdrQWJnQm1BR3dBZFFCbEFHNEFZd0JsQUdnQVpRQmhBR3dBZEFCb0FDNEFZd0J2QUcwQU9nQTBBRFFBTXdBdkFHb0Fjd0F2QUdvQWNRQjFBR1VBY2dCNUFDMEFkUUJwQUM0QWJRQnBBRzRBTGdCcUFITUFJZ0FzQUNJQWRBQWlBRG9BSWdCeUFHVUFjd0J2QUhVQWNnQmpBR1VBSWdCOUFDd0Fld0FpQUc0QUlnQTZBQ0lBY3dCakFISUFhUUJ3QUhRQUlnQXNBQ0lBY3dBaUFEb0FNUUE0QURZQU5RQXNBQ0lBWlFBaUFEb0FNZ0F6QURBQU5RQXNBQ0lBYndBaUFEb0FJZ0JvQUhRQWRBQndBSE1BT2dBdkFDOEFjd0IwQUdFQVp3QnBBRzRBWndCd0FISUFaUUJrQUdrQVl3QjBBRFVBTGdCcEFHNEFaZ0JzQUhVQVpRQnVBR01BWlFCb0FHVUFZUUJzQUhRQWFBQXVBR01BYndCdEFEb0FOQUEwQURNQUx3QnFBSE1BTHdCMUFHa0FMUUIwQUhJQVpRQmxBQzhBWVFCdUFHY0FkUUJzQUdFQWNnQXRBSFVBYVFBdEFIUUFjZ0JsQUdVQUxnQnRBR2tBYmdBdUFHb0Fjd0FpQUN3QUlnQjBBQ0lBT2dBaUFISUFaUUJ6QUc4QWRRQnlBR01BWlFBaUFIMEFMQUI3QUNJQWJnQWlBRG9BSWdCekFHTUFjZ0JwQUhBQWRBQWlBQ3dBSWdCekFDSUFPZ0F4QURnQU53QXlBQ3dBSWdCbEFDSUFPZ0F5QURNQU1BQTJBQ3dBSWdCdkFDSUFPZ0FpQUdnQWRBQjBBSEFBY3dBNkFDOEFMd0J6QUhRQVlRQm5BR2tBYmdCbkFIQUFjZ0JsQUdRQWFRQmpBSFFBTlFBdUFHa0FiZ0JtQUd3QWRRQmxBRzRBWXdCbEFHZ0FaUUJoQUd3QWRBQm9BQzRBWXdCdkFHMEFPZ0EwQURRQU13QXZBR29BY3dBdkFHb0FVd0JzQUdrQVpBQmxBSElBTHdCcUFITUFhQUJoQUhNQWFBQjBBR0VBWWdCc0FHVUFMUUF5QUM0QU1RQmZBSE1BY2dCakFDNEFhZ0J6QUNJQUxBQWlBSFFBSWdBNkFDSUFjZ0JsQUhNQWJ3QjFBSElBWXdCbEFDSUFmUUFzQUhzQUlnQnVBQ0lBT2dBaUFITUFZd0J5QUdrQWNBQjBBQ0lBTEFBaUFITUFJZ0E2QURFQU9BQTRBREFBTEFBaUFHVUFJZ0E2QURJQU13QXlBREVBTEFBaUFHOEFJZ0E2QUNJQWFBQjBBSFFBY0FCekFEb0FMd0F2QUhNQWRBQmhBR2NBYVFCdUFHY0FjQUJ5QUdVQVpBQnBBR01BZEFBMUFDNEFhUUJ1QUdZQWJBQjFBR1VBYmdCakFHVUFhQUJsQUdFQWJBQjBBR2dBTGdCakFHOEFiUUE2QURRQU5BQXpBQzhBYWdCekFDOEFhZ0JUQUd3QWFRQmtBR1VBY2dBdkFHb0FjUUIxQUdVQWNnQjVBQzRBYmdCMUFHMEFZZ0JsQUhJQVpnQnZBSElBYlFCaEFIUUFkQUJsQUhJQUxRQXhBQzRBTWdBdUFETUFMZ0JxQUhNQUlnQXNBQ0lBZEFBaUFEb0FJZ0J5QUdVQWN3QnZBSFVBY2dCakFHVUFJZ0I5QUN3QWV3QWlBRzRBSWdBNkFDSUFjd0JqQUhJQWFRQndBSFFBSWdBc0FDSUFjd0FpQURvQU1RQTRBRGtBTXdBc0FDSUFaUUFpQURvQU1nQXpBREFBT0FBc0FDSUFid0FpQURvQUlnQm9BSFFBZEFCd0FITUFPZ0F2QUM4QWN3QjBBR0VBWndCcEFHNEFad0J3QUhJQVpRQmtBR2tBWXdCMEFEVUFMZ0JwQUc0QVpnQnNBSFVBWlFCdUFHTUFaUUJvQUdVQVlRQnNBSFFBYUFBdUFHTUFid0J0QURvQU5BQTBBRE1BTHdCcUFITUFMd0JxQUZNQWJBQnBBR1FBWlFCeUFDOEFkQUJ0QUhBQWJBQXVBR29BY3dBaUFDd0FJZ0IwQUNJQU9nQWlBSElBWlFCekFHOEFkUUJ5QUdNQVpRQWlBSDBBTEFCN0FDSUFiZ0FpQURvQUlnQnpBR01BY2dCcEFIQUFkQUFpQUN3QUlnQnpBQ0lBT2dBeEFEZ0FPUUEyQUN3QUlnQmxBQ0lBT2dBeUFETUFNUUF6QUN3QUlnQnZBQ0lBT2dBaUFHZ0FkQUIwQUhBQWN3QTZBQzhBTHdCekFIUUFZUUJuQUdrQWJnQm5BSEFBY2dCbEFHUUFhUUJqQUhRQU5RQXVBR2tBYmdCbUFHd0FkUUJsQUc0QVl3QmxBR2dBWlFCaEFHd0FkQUJvQUM0QVl3QnZBRzBBT2dBMEFEUUFNd0F2QUdvQWN3QXZBR29BVXdCc0FHa0FaQUJsQUhJQUx3QnFBSEVBZFFCbEFISUFlUUF1QUdRQVpRQndBR1VBYmdCa0FFTUFiQUJoQUhNQWN3QXRBREFBTGdBeEFDNEFhZ0J6QUNJQUxBQWlBSFFBSWdBNkFDSUFjZ0JsQUhNQWJ3QjFBSElBWXdCbEFDSUFmUUFzQUhzQUlnQnVBQ0lBT2dBaUFITUFZd0J5QUdrQWNBQjBBQ0lBTEFBaUFITUFJZ0E2QURFQU9RQXdBRElBTEFBaUFHVUFJZ0E2QURJQU13QXpBRElBTEFBaUFHOEFJZ0E2QUNJQWFBQjBBSFFBY0FCekFEb0FMd0F2QUhNQWRBQmhBR2NBYVFCdUFHY0FjQUJ5QUdVQVpBQnBBR01BZEFBMUFDNEFhUUJ1QUdZQWJBQjFBR1VBYmdCakFHVUFhQUJsQUdFQWJBQjBBR2dBTGdCakFHOEFiUUE2QURRQU5BQXpBQzhBYWdCekFDOEFhZ0JUQUd3QWFRQmtBR1VBY2dBdkFHUUFjZ0JoQUdjQVp3QmhBR0lBYkFCbEFDMEFNQUF1QURFQUxnQnFBSE1BSWdBc0FDSUFkQUFpQURvQUlnQnlBR1VBY3dCdkFIVUFjZ0JqQUdVQUlnQjlBQ3dBZXdBaUFHNEFJZ0E2QUNJQWN3QmpBSElBYVFCd0FIUUFJZ0FzQUNJQWN3QWlBRG9BTVFBNUFERUFNUUFzQUNJQVpRQWlBRG9BTWdBekFETUFOd0FzQUNJQWJ3QWlBRG9BSWdCb0FIUUFkQUJ3QUhNQU9nQXZBQzhBY3dCMEFHRUFad0JwQUc0QVp3QndBSElBWlFCa0FHa0FZd0IwQURVQUxnQnBBRzRBWmdCc0FIVUFaUUJ1QUdNQVpRQm9BR1VBWVFCc0FIUUFhQUF1QUdNQWJ3QnRBRG9BTkFBMEFETUFMd0JxQUhNQUx3QnFBRk1BYkFCcEFHUUFaUUJ5QUM4QWFnQnhBSFVBWlFCeUFIa0FMZ0J6QUd3QWFRQmtBR1VBY2dBdUFHb0Fjd0FpQUN3QUlnQjBBQ0lBT2dBaUFISUFaUUJ6QUc4QWRRQnlBR01BWlFBaUFIMEFMQUI3QUNJQWJnQWlBRG9BSWdCekFHTUFjZ0JwQUhBQWRBQWlBQ3dBSWdCekFDSUFPZ0F4QURrQU1nQTRBQ3dBSWdCbEFDSUFPZ0F5QURNQU5BQTJBQ3dBSWdCdkFDSUFPZ0FpQUdnQWRBQjBBSEFBY3dBNkFDOEFMd0J6QUhRQVlRQm5BR2tBYmdCbkFIQUFjZ0JsQUdRQWFRQmpBSFFBTlFBdUFHa0FiZ0JtQUd3QWRRQmxBRzRBWXdCbEFHZ0FaUUJoQUd3QWRBQm9BQzRBWXdCdkFHMEFPZ0EwQURRQU13QXZBR29BY3dBdkFHRUFiZ0JuQUhVQWJBQmhBSElBTFFCMEFHOEFkUUJqQUdnQUxnQnRBR2tBYmdBdUFHb0Fjd0FpQUN3QUlnQjBBQ0lBT2dBaUFISUFaUUJ6QUc4QWRRQnlBR01BWlFBaUFIMEFMQUI3QUNJQWJnQWlBRG9BSWdCekFHTUFjZ0JwQUhBQWRBQWlBQ3dBSWdCekFDSUFPZ0F4QURrQU13QTVBQ3dBSWdCbEFDSUFPZ0F5QURNQU13QTVBQ3dBSWdCdkFDSUFPZ0FpQUdnQWRBQjBBSEFBY3dBNkFDOEFMd0J6QUhRQVlRQm5BR2tBYmdCbkFIQUFjZ0JsQUdRQWFRQmpBSFFBTlFBdUFHa0FiZ0JtQUd3QWRRQmxBRzRBWXdCbEFHZ0FaUUJoQUd3QWRBQm9BQzRBWXdCdkFHMEFPZ0EwQURRQU13QXZBR29BY3dBdkFHd0FaUUJoQUdZQWJBQmxBSFFBTGdCcUFITUFJZ0FzQUNJQWRBQWlBRG9BSWdCeUFHVUFjd0J2QUhVQWNnQmpBR1VBSWdCOUFDd0Fld0FpQUc0QUlnQTZBQ0lBY3dCakFISUFhUUJ3QUhRQUlnQXNBQ0lBY3dBaUFEb0FNUUE1QURRQU1nQXNBQ0lBWlFBaUFEb0FNZ0F6QURVQU1BQXNBQ0lBYndBaUFEb0FJZ0JvQUhRQWRBQndBSE1BT2dBdkFDOEFjd0IwQUdFQVp3QnBBRzRBWndCd0FISUFaUUJrQUdrQVl3QjBBRFVBTGdCcEFHNEFaZ0JzQUhVQVpRQnVBR01BWlFCb0FHVUFZUUJzQUhRQWFBQXVBR01BYndCdEFEb0FOQUEwQURNQUx3QnFBSE1BTHdCSEFHOEFid0JuQUd3QVpRQXVBR29BY3dBaUFDd0FJZ0IwQUNJQU9nQWlBSElBWlFCekFHOEFkUUJ5QUdNQVpRQWlBSDBBTEFCN0FDSUFiZ0FpQURvQUlnQnpBR01BY2dCcEFIQUFkQUFpQUN3QUlnQnpBQ0lBT2dBeEFEa0FOQUExQUN3QUlnQmxBQ0lBT2dBeUFETUFOUUEzQUN3QUlnQnZBQ0lBT2dBaUFHZ0FkQUIwQUhBQWN3QTZBQzhBTHdCekFIUUFZUUJuQUdrQWJnQm5BSEFBY2dCbEFHUUFhUUJqQUhRQU5RQXVBR2tBYmdCbUFHd0FkUUJsQUc0QVl3QmxBR2dBWlFCaEFHd0FkQUJvQUM0QVl3QnZBRzBBT2dBMEFEUUFNd0F2QUdvQWN3QXZBRXdBTGdCREFHOEFiZ0IwQUhJQWJ3QnNBQzRBVUFCaEFHNEFMZ0JxQUhNQUlnQXNBQ0lBZEFBaUFEb0FJZ0J5QUdVQWN3QnZBSFVBY2dCakFHVUFJZ0I5QUN3QWV3QWlBRzRBSWdBNkFDSUFjd0JqQUhJQWFRQndBSFFBSWdBc0FDSUFjd0FpQURvQU1RQTVBRFFBT0FBc0FDSUFaUUFpQURvQU1nQXpBRFlBTWdBc0FDSUFid0FpQURvQUlnQm9BSFFBZEFCd0FITUFPZ0F2QUM4QWN3QjBBR0VBWndCcEFHNEFad0J3QUhJQVpRQmtBR2tBWXdCMEFEVUFMZ0JwQUc0QVpnQnNBSFVBWlFCdUFHTUFaUUJvQUdVQVlRQnNBSFFBYUFBdUFHTUFid0J0QURvQU5BQTBBRE1BTHdCcUFITUFMd0JpQUc4QWJ3QjBBSE1BZEFCeUFHRUFjQUF0QUhNQVpRQnNBR1VBWXdCMEFDNEFiUUJwQUc0QUxnQnFBSE1BSWdBc0FDSUFkQUFpQURvQUlnQnlBR1VBY3dCdkFIVUFjZ0JqQUdVQUlnQjlBQ3dBZXdBaUFHNEFJZ0E2QUNJQWN3QmpBSElBYVFCd0FIUUFJZ0FzQUNJQWN3QWlBRG9BTVFBNUFEVUFNUUFzQUNJQVpRQWlBRG9BTWdBekFEY0FNUUFzQUNJQWJ3QWlBRG9BSWdCb0FIUUFkQUJ3QUhNQU9nQXZBQzhBY3dCMEFHRUFad0JwQUc0QVp3QndBSElBWlFCa0FHa0FZd0IwQURVQUxnQnBBRzRBWmdCc0FIVUFaUUJ1QUdNQVpRQm9BR1VBWVFCc0FIUUFhQUF1QUdNQWJ3QnRBRG9BTkFBMEFETUFMd0JxQUhNQUx3QnVBR2NBTFFCbkFISUFhUUJrQUMwQVpnQnNBR1VBZUFCcEFHSUFiQUJsQUMwQWFBQmxBR2tBWndCb0FIUUFMZ0JxQUhNQUlnQXNBQ0lBZEFBaUFEb0FJZ0J5QUdVQWN3QnZBSFVBY2dCakFHVUFJZ0I5QUN3QWV3QWlBRzRBSWdBNkFDSUFjd0JqQUhJQWFRQndBSFFBSWdBc0FDSUFjd0FpQURvQU1RQTVBRFVBTXdBc0FDSUFaUUFpQURvQU1nQXpBRGNBTkFBc0FDSUFid0FpQURvQUlnQm9BSFFBZEFCd0FITUFPZ0F2QUM4QWN3QjBBR0VBWndCcEFHNEFad0J3QUhJQVpRQmtBR2tBWXdCMEFEVUFMZ0JwQUc0QVpnQnNBSFVBWlFCdUFHTUFaUUJvQUdVQVlRQnNBSFFBYUFBdUFHTUFid0J0QURvQU5BQTBBRE1BTHdCcUFITUFMd0JzQUdVQVlRQm1BR3dBWlFCMEFDNEFiUUJoQUhJQWF3QmxBSElBWXdCc0FIVUFjd0IwQUdVQWNnQXVBR29BY3dBaUFDd0FJZ0IwQUNJQU9nQWlBSElBWlFCekFHOEFkUUJ5QUdNQVpRQWlBSDBBTEFCN0FDSUFiZ0FpQURvQUlnQnpBR01BY2dCcEFIQUFkQUFpQUN3QUlnQnpBQ0lBT2dBeEFEa0FOUUExQUN3QUlnQmxBQ0lBT2dBeUFETUFPQUF5QUN3QUlnQnZBQ0lBT2dBaUFHZ0FkQUIwQUhBQWN3QTZBQzhBTHdCekFIUUFZUUJuQUdrQWJnQm5BSEFBY2dCbEFHUUFhUUJqQUhRQU5RQXVBR2tBYmdCbUFHd0FkUUJsQUc0QVl3QmxBR2dBWlFCaEFHd0FkQUJvQUM0QVl3QnZBRzBBT2dBMEFEUUFNd0F2QUdvQWN3QXZBRVlBYVFCc0FHVUFVd0JoQUhZQVpRQnlBQzRBYWdCekFDSUFMQUFpQUhRQUlnQTZBQ0lBY2dCbEFITUFid0IxQUhJQVl3QmxBQ0lBZlFBc0FIc0FJZ0J1QUNJQU9nQWlBSE1BWXdCeUFHa0FjQUIwQUNJQUxBQWlBSE1BSWdBNkFERUFPUUExQURjQUxBQWlBR1VBSWdBNkFESUFNd0E0QURRQUxBQWlBRzhBSWdBNkFDSUFhQUIwQUhRQWNBQnpBRG9BTHdBdkFITUFkQUJoQUdjQWFRQnVBR2NBY0FCeUFHVUFaQUJwQUdNQWRBQTFBQzRBYVFCdUFHWUFiQUIxQUdVQWJnQmpBR1VBYUFCbEFHRUFiQUIwQUdnQUxnQmpBRzhBYlFBNkFEUUFOQUF6QUM4QWFnQnpBQzhBWWdCdkFHOEFkQUJ6QUhRQWNnQmhBSEFBTFFCa0FHRUFkQUJsQUhBQWFRQmpBR3NBWlFCeUFDNEFhZ0J6QUNJQUxBQWlBSFFBSWdBNkFDSUFjZ0JsQUhNQWJ3QjFBSElBWXdCbEFDSUFmUUFzQUhzQUlnQnVBQ0lBT2dBaUFITUFZd0J5QUdrQWNBQjBBQ0lBTEFBaUFITUFJZ0E2QURFQU9RQTFBRGtBTEFBaUFHVUFJZ0E2QURJQU13QTRBRGdBTEFBaUFHOEFJZ0E2QUNJQWFBQjBBSFFBY0FCekFEb0FMd0F2QUhNQWRBQmhBR2NBYVFCdUFHY0FjQUJ5QUdVQVpBQnBBR01BZEFBMUFDNEFhUUJ1QUdZQWJBQjFBR1VBYmdCakFHVUFhQUJsQUdFQWJBQjBBR2dBTGdCakFHOEFiUUE2QURRQU5BQXpBQzhBYWdCekFDOEFiQUJsQUdFQVpnQnNBR1VBZEFBdEFGQUFjZ0IxQUc0QVpRQkRBR3dBZFFCekFIUUFaUUJ5QUM0QWFnQnpBQ0lBTEFBaUFIUUFJZ0E2QUNJQWNnQmxBSE1BYndCMUFISUFZd0JsQUNJQWZRQXNBSHNBSWdCdUFDSUFPZ0FpQUhNQVl3QnlBR2tBY0FCMEFDSUFMQUFpQUhNQUlnQTZBREVBT1FBMkFERUFMQUFpQUdVQUlnQTZBRElBTkFBd0FESUFMQUFpQUc4QUlnQTZBQ0lBYUFCMEFIUUFjQUJ6QURvQUx3QXZBSE1BZEFCaEFHY0FhUUJ1QUdjQWNBQnlBR1VBWkFCcEFHTUFkQUExQUM0QWFRQnVBR1lBYkFCMUFHVUFiZ0JqQUdVQWFBQmxBR0VBYkFCMEFHZ0FMZ0JqQUc4QWJRQTZBRFFBTkFBekFDOEFhZ0J6QUM4QVl3QnBBSElBWXdCc0FHVUFMUUJ3QUhJQWJ3Qm5BSElBWlFCekFITUFMZ0JxQUhNQUlnQXNBQ0lBZEFBaUFEb0FJZ0J5QUdVQWN3QnZBSFVBY2dCakFHVUFJZ0I5QUN3QWV3QWlBRzRBSWdBNkFDSUFjd0JqQUhJQWFRQndBSFFBSWdBc0FDSUFjd0FpQURvQU1RQTVBRFlBTndBc0FDSUFaUUFpQURvQU1nQXhBRFVBTXdBc0FDSUFid0FpQURvQUlnQm9BSFFBZEFCd0FITUFPZ0F2QUM4QWJRQmhBSEFBY3dBdUFHY0Fid0J2QUdjQWJBQmxBR0VBY0FCcEFITUFMZ0JqQUc4QWJRQTZBRFFBTkFBekFDOEFiUUJoQUhBQWN3QXZBR0VBY0FCcEFDOEFhZ0J6QUNJQUxBQWlBSFFBSWdBNkFDSUFjZ0JsQUhNQWJ3QjFBSElBWXdCbEFDSUFmUUFzQUhzQUlnQnVBQ0lBT2dBaUFITUFZd0J5QUdrQWNBQjBBQ0lBTEFBaUFITUFJZ0E2QURFQU9RQTNBREVBTEFBaUFHVUFJZ0E2QURFQU9RQTNBREVBTEFBaUFHOEFJZ0E2QUNJQWFBQjBBSFFBY0FCekFEb0FMd0F2QUdNQVpBQnVBR29BY3dBdUFHTUFiQUJ2QUhVQVpBQm1BR3dBWVFCeUFHVUFMZ0JqQUc4QWJRQTZBRFFBTkFBekFDOEFZUUJxQUdFQWVBQXZBR3dBYVFCaUFITUFMd0JoQUc0QVp3QjFBR3dBWVFCeUFDNEFhZ0J6QUM4QU1RQXVBRElBTGdBeEFETUFMd0JoQUc0QVp3QjFBR3dBWVFCeUFDMEFZUUJ1QUdrQWJRQmhBSFFBWlFBdUFHMEFhUUJ1QUM0QWFnQnpBQ0lBTEFBaUFIUUFJZ0E2QUNJQWNnQmxBSE1BYndCMUFISUFZd0JsQUNJQWZRQXNBSHNBSWdCdUFDSUFPZ0FpQUhNQVl3QnlBR2tBY0FCMEFDSUFMQUFpQUhNQUlnQTZBREVBT1FBM0FEUUFMQUFpQUdVQUlnQTZBREVBT1FBM0FEUUFMQUFpQUc4QUlnQTZBQ0lBYUFCMEFIUUFjQUJ6QURvQUx3QXZBR01BWkFCdUFHb0Fjd0F1QUdNQWJBQnZBSFVBWkFCbUFHd0FZUUJ5QUdVQUxnQmpBRzhBYlFBNkFEUUFOQUF6QUM4QVlRQnFBR0VBZUFBdkFHd0FhUUJpQUhNQUx3QnNBRzhBWkFCaEFITUFhQUF1QUdvQWN3QXZBRElBTGdBMEFDNEFNUUF2QUd3QWJ3QmtBR0VBY3dCb0FDNEFhZ0J6QUNJQUxBQWlBSFFBSWdBNkFDSUFjZ0JsQUhNQWJ3QjFBSElBWXdCbEFDSUFmUUFzQUhzQUlnQnVBQ0lBT2dBaUFITUFZd0J5QUdrQWNBQjBBQ0lBTEFBaUFITUFJZ0E2QURFQU9RQTNBRGtBTEFBaUFHVUFJZ0E2QURFQU9RQTRBREFBTEFBaUFHOEFJZ0E2QUNJQWFBQjBBSFFBY0FCekFEb0FMd0F2QUdNQVpBQnVBR29BY3dBdUFHTUFiQUJ2QUhVQVpBQm1BR3dBWVFCeUFHVUFMZ0JqQUc4QWJRQTZBRFFBTkFBekFDOEFZUUJxQUdFQWVBQXZBR3dBYVFCaUFITUFMd0JoQUc0QVp3QjFBR3dBWVFCeUFDMEFkUUJwQUMwQVlnQnZBRzhBZEFCekFIUUFjZ0JoQUhBQUx3QXdBQzRBTVFBeUFDNEFNUUF2QUhVQWFRQXRBR0lBYndCdkFIUUFjd0IwQUhJQVlRQndBQzBBZEFCd0FHd0Fjd0F1QUcwQWFRQnVBQzRBYWdCekFDSUFMQUFpQUhRQUlnQTZBQ0lBY2dCbEFITUFid0IxQUhJQVl3QmxBQ0lBZlFBc0FIc0FJZ0J1QUNJQU9nQWlBSE1BWXdCeUFHa0FjQUIwQUNJQUxBQWlBSE1BSWdBNkFERUFPUUE0QURZQUxBQWlBR1VBSWdBNkFESUFNd0E1QURZQUxBQWlBRzhBSWdBNkFDSUFhQUIwQUhRQWNBQnpBRG9BTHdBdkFITUFkQUJoQUdjQWFRQnVBR2NBY0FCeUFHVUFaQUJwQUdNQWRBQTFBQzRBYVFCdUFHWUFiQUIxQUdVQWJnQmpBR1VBYUFCbEFHRUFiQUIwQUdnQUxnQmpBRzhBYlFBNkFEUUFOQUF6QUM4QWFnQnpBQzhBWVFCdUFHY0FkUUJzQUdFQWNnQXRBR2tBWkFCc0FHVUFMZ0J0QUdrQWJnQXVBR29BY3dBaUFDd0FJZ0IwQUNJQU9nQWlBSElBWlFCekFHOEFkUUJ5QUdNQVpRQWlBSDBBTEFCN0FDSUFiZ0FpQURvQUlnQnpBR01BY2dCcEFIQUFkQUFpQUN3QUlnQnpBQ0lBT2dBeEFEa0FPQUE0QUN3QUlnQmxBQ0lBT2dBeUFEUUFNQUF4QUN3QUlnQnZBQ0lBT2dBaUFHZ0FkQUIwQUhBQWN3QTZBQzhBTHdCekFIUUFZUUJuQUdrQWJnQm5BSEFBY2dCbEFHUUFhUUJqQUhRQU5RQXVBR2tBYmdCbUFHd0FkUUJsQUc0QVl3QmxBR2dBWlFCaEFHd0FkQUJvQUM0QVl3QnZBRzBBT2dBMEFEUUFNd0F2QUNRQWFRQjFBR2tBTFFCbkFHVUFiZ0JsQUhJQVlRQnNBQzhBWkFCcEFITUFkQUF2QUdNQWJ3QnlBR1VBTFFCdEFHOEFaQUIxQUd3QVpRQXRBSE1BWlFCMEFIVUFjQUF1QUdvQWN3QWlBQ3dBSWdCMEFDSUFPZ0FpQUhJQVpRQnpBRzhBZFFCeUFHTUFaUUFpQUgwQUxBQjdBQ0lBYmdBaUFEb0FJZ0J6QUdNQWNnQnBBSEFBZEFBaUFDd0FJZ0J6QUNJQU9nQXhBRGtBT1FBekFDd0FJZ0JsQUNJQU9nQXlBRFFBTVFBM0FDd0FJZ0J2QUNJQU9nQWlBR2dBZEFCMEFIQUFjd0E2QUM4QUx3QnpBSFFBWVFCbkFHa0FiZ0JuQUhBQWNnQmxBR1FBYVFCakFIUUFOUUF1QUdrQWJnQm1BR3dBZFFCbEFHNEFZd0JsQUdnQVpRQmhBR3dBZEFCb0FDNEFZd0J2QUcwQU9nQTBBRFFBTXdBdkFDUUFhUUIxQUdrQUxRQm5BR1VBYmdCbEFISUFZUUJzQUM4QVpBQnBBSE1BZEFBdkFHa0FkUUJwQUMwQVp3QmxBRzRBWlFCeUFHRUFiQUF1QUcwQWFRQnVBQzRBYWdCekFDSUFMQUFpQUhRQUlnQTZBQ0lBY2dCbEFITUFid0IxQUhJQVl3QmxBQ0lBZlFBc0FIc0FJZ0J1QUNJQU9nQWlBSE1BWXdCeUFHa0FjQUIwQUNJQUxBQWlBSE1BSWdBNkFESUFNQUF3QURJQUxBQWlBR1VBSWdBNkFESUFOQUF4QURNQUxBQWlBRzhBSWdBNkFDSUFhQUIwQUhRQWNBQnpBRG9BTHdBdkFITUFkQUJoQUdjQWFRQnVBR2NBY0FCeUFHVUFaQUJwQUdNQWRBQTFBQzRBYVFCdUFHWUFiQUIxQUdVQWJnQmpBR1VBYUFCbEFHRUFiQUIwQUdnQUxnQmpBRzhBYlFBNkFEUUFOQUF6QUM4QUpBQnBBSFVBYVFBdEFIUUFZUUJpQUd3QVpRQXZBR1FBYVFCekFIUUFMd0JqQUc4QWNnQmxBQzBBYlFCdkFHUUFkUUJzQUdVQUxRQnpBR1VBZEFCMUFIQUFMZ0JxQUhNQUlnQXNBQ0lBZEFBaUFEb0FJZ0J5QUdVQWN3QnZBSFVBY2dCakFHVUFJZ0I5QUN3QWV3QWlBRzRBSWdBNkFDSUFjd0JqQUhJQWFRQndBSFFBSWdBc0FDSUFjd0FpQURvQU1nQXdBREFBTlFBc0FDSUFaUUFpQURvQU1nQTBBREVBT0FBc0FDSUFid0FpQURvQUlnQm9BSFFBZEFCd0FITUFPZ0F2QUM4QWN3QjBBR0VBWndCcEFHNEFad0J3QUhJQVpRQmtBR2tBWXdCMEFEVUFMZ0JwQUc0QVpnQnNBSFVBWlFCdUFHTUFaUUJvQUdVQVlRQnNBSFFBYUFBdUFHTUFid0J0QURvQU5BQTBBRE1BTHdBa0FHa0FkUUJwQUMwQWRBQmhBR0lBYkFCbEFDOEFaQUJwQUhNQWRBQXZBR2tBZFFCcEFDMEFkQUJoQUdJQWJBQmxBQzRBYlFCcEFHNEFMZ0JxQUhNQUlnQXNBQ0lBZEFBaUFEb0FJZ0J5QUdVQWN3QnZBSFVBY2dCakFHVUFJZ0I5QUN3QWV3QWlBRzRBSWdBNkFDSUFjd0JqQUhJQWFRQndBSFFBSWdBc0FDSUFjd0FpQURvQU1nQXdBREFBT0FBc0FDSUFaUUFpQURvQU1nQTBBRElBTndBc0FDSUFid0FpQURvQUlnQm9BSFFBZEFCd0FITUFPZ0F2QUM4QWN3QjBBR0VBWndCcEFHNEFad0J3QUhJQVpRQmtBR2tBWXdCMEFEVUFMZ0JwQUc0QVpnQnNBSFVBWlFCdUFHTUFaUUJvQUdVQVlRQnNBSFFBYUFBdUFHTUFid0J0QURvQU5BQTBBRE1BTHdBa0FHNEFad0F0QUdRQVpRQjJBR2tBWXdCbEFDMEFaQUJsQUhRQVpRQmpBSFFBYndCeUFDOEFZZ0J2QUhjQVpRQnlBRjhBWXdCdkFHMEFjQUJ2QUc0QVpRQnVBSFFBY3dBdkFISUFaUUF0QUhRQWNnQmxBR1VBTHdCeUFHVUFMUUIwQUhJQVpRQmxBQzRBYlFCcEFHNEFMZ0JxQUhNQUlnQXNBQ0lBZEFBaUFEb0FJZ0J5QUdVQWN3QnZBSFVBY2dCakFHVUFJZ0I5QUN3QWV3QWlBRzRBSWdBNkFDSUFjd0JqQUhJQWFRQndBSFFBSWdBc0FDSUFjd0FpQURvQU1nQXdBREVBTXdBc0FDSUFaUUFpQURvQU1nQTBBRElBT1FBc0FDSUFid0FpQURvQUlnQm9BSFFBZEFCd0FITUFPZ0F2QUM4QWN3QjBBR0VBWndCcEFHNEFad0J3QUhJQVpRQmtBR2tBWXdCMEFEVUFMZ0JwQUc0QVpnQnNBSFVBWlFCdUFHTUFaUUJvQUdVQVlRQnNBSFFBYUFBdUFHTUFid0J0QURvQU5BQTBBRE1BTHdBa0FHNEFad0F0QUdRQVpRQjJBR2tBWXdCbEFDMEFaQUJsQUhRQVpRQmpBSFFBYndCeUFDOEFiZ0JuQUMwQVpBQmxBSFlBYVFCakFHVUFMUUJrQUdVQWRBQmxBR01BZEFCdkFISUFMZ0J0QUdrQWJnQXVBR29BY3dBaUFDd0FJZ0IwQUNJQU9nQWlBSElBWlFCekFHOEFkUUJ5QUdNQVpRQWlBSDBBTEFCN0FDSUFiZ0FpQURvQUlnQmpBSE1BY3dBaUFDd0FJZ0J6QUNJQU9nQXlBRElBTlFBeUFDd0FJZ0JsQUNJQU9nQXlBRElBTlFBekFDd0FJZ0J2QUNJQU9nQWlBR2dBZEFCMEFIQUFjd0E2QUM4QUx3Qm1BRzhBYmdCMEFITUFMZ0JuQUc4QWJ3Qm5BR3dBWlFCaEFIQUFhUUJ6QUM0QVl3QnZBRzBBT2dBMEFEUUFNd0F2QUdNQWN3QnpBQ0lBTEFBaUFIUUFJZ0E2QUNJQWNnQmxBSE1BYndCMUFISUFZd0JsQUNJQWZRQXNBSHNBSWdCdUFDSUFPZ0FpQUdNQWN3QnpBQ0lBTEFBaUFITUFJZ0E2QURJQU5RQTVBRGdBTEFBaUFHVUFJZ0E2QURJQU5RQTVBRGdBTEFBaUFHOEFJZ0E2QUNJQWFBQjBBSFFBY0FCekFEb0FMd0F2QUdZQWJ3QnVBSFFBY3dBdUFHY0Fjd0IwQUdFQWRBQnBBR01BTGdCakFHOEFiUUE2QURRQU5BQXpBQzhBY3dBdkFISUFid0JpQUc4QWRBQnZBQzhBZGdBeEFEVUFMd0IyQUhvQVNRQlZBRWdBYndBNUFIb0FMUUJ2QUVvQU5BQlhBR2NBYXdCd0FGQUFUd0IwQUdjQU1RQmZBR1VBY3dCYUFGY0FNZ0I0QUU4QVVRQXRBSGdBY3dCT0FIRUFUd0EwQURjQWJRQTFBRFVBUkFCQkFDNEFkd0J2QUdZQVpnQWlBQ3dBSWdCMEFDSUFPZ0FpQUhJQVpRQnpBRzhBZFFCeUFHTUFaUUFpQUgwQUxBQjdBQ0lBYmdBaUFEb0FJZ0JqQUhNQWN3QWlBQ3dBSWdCekFDSUFPZ0F5QURZQU1BQTBBQ3dBSWdCbEFDSUFPZ0F5QURZQU1BQTBBQ3dBSWdCdkFDSUFPZ0FpQUdnQWRBQjBBSEFBY3dBNkFDOEFMd0JtQUc4QWJnQjBBSE1BTGdCbkFITUFkQUJoQUhRQWFRQmpBQzRBWXdCdkFHMEFPZ0EwQURRQU13QXZBSE1BTHdCeUFHOEFZZ0J2QUhRQWJ3QXZBSFlBTVFBMUFDOEFTQUJuQUc4QU1RQXpBR3NBTFFCMEFHWUFVd0J3QUc0QU1BQnhBR2tBTVFCVEFFWUFaQUJWQUdZQVZBQTRBRVVBTUFCcEFEY0FTd0JhQUc0QUxRQkZBRkFBYmdCNUFHOEFNd0JJQUZvQWRRQTNBR3NBZHdBdUFIY0Fid0JtQUdZQUlnQXNBQ0lBZEFBaUFEb0FJZ0J5QUdVQWN3QnZBSFVBY2dCakFHVUFJZ0I5QUN3QWV3QWlBRzRBSWdBNkFDSUFZd0J6QUhNQUlnQXNBQ0lBY3dBaUFEb0FNZ0EyQURBQU9RQXNBQ0lBWlFBaUFEb0FNZ0EyQURBQU9RQXNBQ0lBYndBaUFEb0FJZ0JvQUhRQWRBQndBSE1BT2dBdkFDOEFaZ0J2QUc0QWRBQnpBQzRBWndCekFIUUFZUUIwQUdrQVl3QXVBR01BYndCdEFEb0FOQUEwQURNQUx3QnpBQzhBY2dCdkFHSUFid0IwQUc4QUx3QjJBREVBTlFBdkFESUFWUUJZQURjQVZ3Qk1BRlFBWmdCWEFETUFWd0E0QUZRQVl3QnNBRlFBVlFCMkFHd0FSZ0I1QUZFQUxnQjNBRzhBWmdCbUFDSUFMQUFpQUhRQUlnQTZBQ0lBY2dCbEFITUFid0IxQUhJQVl3QmxBQ0lBZlFBc0FIc0FJZ0J1QUNJQU9nQWlBR01BY3dCekFDSUFMQUFpQUhNQUlnQTZBRElBTmdBeEFEUUFMQUFpQUdVQUlnQTZBRElBTmdBeEFEUUFMQUFpQUc4QUlnQTZBQ0lBYUFCMEFIUUFjQUJ6QURvQUx3QXZBR1lBYndCdUFIUUFjd0F1QUdjQWN3QjBBR0VBZEFCcEFHTUFMZ0JqQUc4QWJRQTZBRFFBTkFBekFDOEFjd0F2QUhJQWJ3QmlBRzhBZEFCdkFDOEFkZ0F4QURVQUx3QmtBQzBBTmdCSkFGa0FjQUJzQUU4QVJnQnZBR01BUXdCaEFHTUFTd0I2QUhnQWR3QllBRk1BVHdCRUFEZ0FSUUF3QUdrQU53QkxBRm9BYmdBdEFFVUFVQUJ1QUhrQWJ3QXpBRWdBV2dCMUFEY0Fhd0IzQUM0QWR3QnZBR1lBWmdBaUFDd0FJZ0IwQUNJQU9nQWlBSElBWlFCekFHOEFkUUJ5QUdNQVpRQWlBSDBBTEFCN0FDSUFiZ0FpQURvQUlnQmpBSE1BY3dBaUFDd0FJZ0J6QUNJQU9nQXlBRFlBTVFBNUFDd0FJZ0JsQUNJQU9nQXlBRFlBTVFBNUFDd0FJZ0J2QUNJQU9nQWlBR2dBZEFCMEFIQUFjd0E2QUM4QUx3Qm1BRzhBYmdCMEFITUFMZ0JuQUhNQWRBQmhBSFFBYVFCakFDNEFZd0J2QUcwQU9nQTBBRFFBTXdBdkFITUFMd0J5QUc4QVlnQnZBSFFBYndBdkFIWUFNUUExQUM4QU1RQXlBRzBBUlFBMEFHb0FaZ0JOQUZNQVFnQlVBRzBBWndBdEFEZ0FNUUJGQUdrQVV3QXRBRmtBVWdCekFIZ0FSUUJaQUhjQVRRQTNBRVlBWndCbEFIa0FZUUJUQUdjQVZRQTNBREVBWXdCTUFFY0FNQUF1QUhjQWJ3Qm1BR1lBSWdBc0FDSUFkQUFpQURvQUlnQnlBR1VBY3dCdkFIVUFjZ0JqQUdVQUlnQjlBQ3dBZXdBaUFHNEFJZ0E2QUNJQVl3QnpBSE1BSWdBc0FDSUFjd0FpQURvQU1nQTJBRElBTkFBc0FDSUFaUUFpQURvQU1nQTJBRElBTkFBc0FDSUFid0FpQURvQUlnQm9BSFFBZEFCd0FITUFPZ0F2QUM4QVpnQnZBRzRBZEFCekFDNEFad0J6QUhRQVlRQjBBR2tBWXdBdUFHTUFid0J0QURvQU5BQTBBRE1BTHdCekFDOEFjZ0J2QUdJQWJ3QjBBRzhBTHdCMkFERUFOUUF2QURFQWNBQlBBRGtBWlFCVkFFRUFjQUE0QUhBQVV3QkdBRGdBVmdCdUFGSUFWQUJRQURNQWVBQnVBSFlBWlFCekFGb0FWd0F5QUhnQVR3QlJBQzBBZUFCekFFNEFjUUJQQURRQU53QnRBRFVBTlFCRUFFRUFMZ0IzQUc4QVpnQm1BQ0lBTEFBaUFIUUFJZ0E2QUNJQWNnQmxBSE1BYndCMUFISUFZd0JsQUNJQWZRQXNBSHNBSWdCdUFDSUFPZ0FpQUdNQWN3QnpBQ0lBTEFBaUFITUFJZ0E2QURJQU5nQXlBRGtBTEFBaUFHVUFJZ0E2QURJQU5nQXlBRGtBTEFBaUFHOEFJZ0E2QUNJQWFBQjBBSFFBY0FCekFEb0FMd0F2QUdZQWJ3QnVBSFFBY3dBdUFHY0Fjd0IwQUdFQWRBQnBBR01BTGdCakFHOEFiUUE2QURRQU5BQXpBQzhBY3dBdkFISUFid0JpQUc4QWRBQnZBQzhBZGdBeEFEVUFMd0IwQURZQVRnQmtBRFFBWXdCbUFGQUFVZ0JvQUZvQVVBQTBBRFFBVVFBMUFGRUFRUUJxQUdNQVF3QTBBR0lBVGdBMkFGVUFSQUI1QUVnQVZ3QkNBR3dBTmdBeUFEQUFZUUF0QUVrQVVnQm1BSFVBUWdCckFDNEFkd0J2QUdZQVpnQWlBQ3dBSWdCMEFDSUFPZ0FpQUhJQVpRQnpBRzhBZFFCeUFHTUFaUUFpQUgwQUxBQjdBQ0lBYmdBaUFEb0FJZ0JwQUcwQVp3QWlBQ3dBSWdCekFDSUFPZ0F6QURNQU1BQXlBQ3dBSWdCbEFDSUFPZ0F6QURRQU1nQTBBQ3dBSWdCdkFDSUFPZ0FpQUdnQWRBQjBBSEFBY3dBNkFDOEFMd0JqQUhNQWFRQXVBR2NBY3dCMEFHRUFkQUJwQUdNQUxnQmpBRzhBYlFBNkFEUUFOQUF6QUM4QVl3QnpBR2tBSWdBc0FDSUFkQUFpQURvQUlnQnlBR1VBY3dCdkFIVUFjZ0JqQUdVQUlnQjlBQ3dBZXdBaUFHNEFJZ0E2QUNJQWVBQnRBR3dBYUFCMEFIUUFjQUJ5QUdVQWNRQjFBR1VBY3dCMEFDSUFMQUFpQUhNQUlnQTZBRE1BTndBeEFEVUFMQUFpQUdVQUlnQTZBRE1BTndBeUFERUFMQUFpQUc4QUlnQTZBQ0lBYUFCMEFIUUFjQUJ6QURvQUx3QXZBSE1BZEFCaEFHY0FhUUJ1QUdjQWNBQnlBR1VBWkFCcEFHTUFkQUExQUM0QWFRQnVBR1lBYkFCMUFHVUFiZ0JqQUdVQWFBQmxBR0VBYkFCMEFHZ0FMZ0JqQUc4QWJRQTZBRFFBTkFBekFDOEFjZ0J2QUhVQWRBQmxBSE1BTGdCcUFITUFid0J1QUNJQUxBQWlBSFFBSWdBNkFDSUFjZ0JsQUhNQWJ3QjFBSElBWXdCbEFDSUFmUUJkQUgwQTwvU3RyaW5nSHR0cEJvZHk+DQogICAgPC9SZXF1ZXN0Pg0KICAgIDxSZXF1ZXN0IE1ldGhvZD0iR0VUIiBHdWlkPSIyNjg5OTdkMy1lMGNjLTRhZDItOGE4Mi01ZDFhYWRkYmUyMTAiIFZlcnNpb249IjEuMSIgVXJsPSJodHRwczovL3N0YWdpbmdwcmVkaWN0NS5pbmZsdWVuY2VoZWFsdGguY29tLyRtb2R1bGUvbGF5b3V0cy9kZWZhdWx0IiBUaGlua1RpbWU9IjAiIFRpbWVvdXQ9IjMwMCIgUGFyc2VEZXBlbmRlbnRSZXF1ZXN0cz0iVHJ1ZSIgRm9sbG93UmVkaXJlY3RzPSJUcnVlIiBSZWNvcmRSZXN1bHQ9IlRydWUiIENhY2hlPSJGYWxzZSIgUmVzcG9uc2VUaW1lR29hbD0iMCIgRW5jb2Rpbmc9InV0Zi04IiBFeHBlY3RlZEh0dHBTdGF0dXNDb2RlPSIwIiBFeHBlY3RlZFJlc3BvbnNlVXJsPSIiIFJlcG9ydGluZ05hbWU9IiIgSWdub3JlSHR0cFN0YXR1c0NvZGU9IkZhbHNlIj4NCiAgICAgIDxIZWFkZXJzPg0KICAgICAgICA8SGVhZGVyIE5hbWU9IkFjY2VwdCIgVmFsdWU9IiovKiIgLz4NCiAgICAgICAgPEhlYWRlciBOYW1lPSJYLVJlcXVlc3RlZC1XaXRoIiBWYWx1ZT0iWE1MSHR0cFJlcXVlc3QiIC8+DQogICAgICAgIDxIZWFkZXIgTmFtZT0iUmVmZXJlciIgVmFsdWU9Imh0dHBzOi8vc3RhZ2luZ3ByZWRpY3Q1LmluZmx1ZW5jZWhlYWx0aC5jb20vdW5pdmVyc2l0eWNvbG9yYWRvL3Nlc3Npb24vbG9naW4iIC8+DQogICAgICA8L0hlYWRlcnM+DQogICAgICA8UXVlcnlTdHJpbmdQYXJhbWV0ZXJzPg0KICAgICAgICA8UXVlcnlTdHJpbmdQYXJhbWV0ZXIgTmFtZT0iXyIgVmFsdWU9IjE0NTYxMzY4ODA2ODQiIFJlY29yZGVkVmFsdWU9IjE0NTYxMzY4ODA2ODQiIENvcnJlbGF0aW9uQmluZGluZz0iIiBVcmxFbmNvZGU9IkZhbHNlIiBVc2VUb0dyb3VwUmVzdWx0cz0iRmFsc2UiIC8+DQogICAgICA8L1F1ZXJ5U3RyaW5nUGFyYW1ldGVycz4NCiAgICA8L1JlcXVlc3Q+DQogICAgPFJlcXVlc3QgTWV0aG9kPSJHRVQiIEd1aWQ9ImM0YzgzZGQ2LTZlMWEtNDY1ZS05NWVmLTg2ZmU0MTljYTY3ZiIgVmVyc2lvbj0iMS4xIiBVcmw9Imh0dHBzOi8vc3RhZ2luZ3ByZWRpY3Q1LmluZmx1ZW5jZWhlYWx0aC5jb20vbGF5b3V0cy9kZWZhdWx0L2luZGV4Lmh0bWwiIFRoaW5rVGltZT0iMCIgVGltZW91dD0iMzAwIiBQYXJzZURlcGVuZGVudFJlcXVlc3RzPSJUcnVlIiBGb2xsb3dSZWRpcmVjdHM9IlRydWUiIFJlY29yZFJlc3VsdD0iVHJ1ZSIgQ2FjaGU9IkZhbHNlIiBSZXNwb25zZVRpbWVHb2FsPSIwIiBFbmNvZGluZz0idXRmLTgiIEV4cGVjdGVkSHR0cFN0YXR1c0NvZGU9IjAiIEV4cGVjdGVkUmVzcG9uc2VVcmw9IiIgUmVwb3J0aW5nTmFtZT0iIiBJZ25vcmVIdHRwU3RhdHVzQ29kZT0iRmFsc2UiPg0KICAgICAgPEhlYWRlcnM+DQogICAgICAgIDxIZWFkZXIgTmFtZT0iQWNjZXB0IiBWYWx1ZT0idGV4dC9odG1sLCAqLyo7IHE9MC4wMSIgLz4NCiAgICAgICAgPEhlYWRlciBOYW1lPSJYLVJlcXVlc3RlZC1XaXRoIiBWYWx1ZT0iWE1MSHR0cFJlcXVlc3QiIC8+DQogICAgICAgIDxIZWFkZXIgTmFtZT0iUmVmZXJlciIgVmFsdWU9Imh0dHBzOi8vc3RhZ2luZ3ByZWRpY3Q1LmluZmx1ZW5jZWhlYWx0aC5jb20vdW5pdmVyc2l0eWNvbG9yYWRvL3Nlc3Npb24vbG9naW4iIC8+DQogICAgICA8L0hlYWRlcnM+DQogICAgICA8UXVlcnlTdHJpbmdQYXJhbWV0ZXJzPg0KICAgICAgICA8UXVlcnlTdHJpbmdQYXJhbWV0ZXIgTmFtZT0iXyIgVmFsdWU9IjE0NTYxMzY4ODA2ODYiIFJlY29yZGVkVmFsdWU9IjE0NTYxMzY4ODA2ODYiIENvcnJlbGF0aW9uQmluZGluZz0iIiBVcmxFbmNvZGU9IkZhbHNlIiBVc2VUb0dyb3VwUmVzdWx0cz0iRmFsc2UiIC8+DQogICAgICA8L1F1ZXJ5U3RyaW5nUGFyYW1ldGVycz4NCiAgICA8L1JlcXVlc3Q+DQogICAgPFJlcXVlc3QgTWV0aG9kPSJHRVQiIEd1aWQ9IjUxZDdkODY3LTY2MmItNGU2OS1iYWQzLTgyNGFiZmNmMmIxZCIgVmVyc2lvbj0iMS4xIiBVcmw9Imh0dHBzOi8vc3RhZ2luZ3ByZWRpY3Q1LmluZmx1ZW5jZWhlYWx0aC5jb20vJG1vZHVsZS9tb2R1bGVzL3Nlc3Npb24iIFRoaW5rVGltZT0iMCIgVGltZW91dD0iMzAwIiBQYXJzZURlcGVuZGVudFJlcXVlc3RzPSJUcnVlIiBGb2xsb3dSZWRpcmVjdHM9IlRydWUiIFJlY29yZFJlc3VsdD0iVHJ1ZSIgQ2FjaGU9IkZhbHNlIiBSZXNwb25zZVRpbWVHb2FsPSIwIiBFbmNvZGluZz0idXRmLTgiIEV4cGVjdGVkSHR0cFN0YXR1c0NvZGU9IjAiIEV4cGVjdGVkUmVzcG9uc2VVcmw9IiIgUmVwb3J0aW5nTmFtZT0iIiBJZ25vcmVIdHRwU3RhdHVzQ29kZT0iRmFsc2UiPg0KICAgICAgPEhlYWRlcnM+DQogICAgICAgIDxIZWFkZXIgTmFtZT0iQWNjZXB0IiBWYWx1ZT0iKi8qIiAvPg0KICAgICAgICA8SGVhZGVyIE5hbWU9IlgtUmVxdWVzdGVkLVdpdGgiIFZhbHVlPSJYTUxIdHRwUmVxdWVzdCIgLz4NCiAgICAgICAgPEhlYWRlciBOYW1lPSJSZWZlcmVyIiBWYWx1ZT0iaHR0cHM6Ly9zdGFnaW5ncHJlZGljdDUuaW5mbHVlbmNlaGVhbHRoLmNvbS91bml2ZXJzaXR5Y29sb3JhZG8vc2Vzc2lvbi9sb2dpbiIgLz4NCiAgICAgIDwvSGVhZGVycz4NCiAgICAgIDxRdWVyeVN0cmluZ1BhcmFtZXRlcnM+DQogICAgICAgIDxRdWVyeVN0cmluZ1BhcmFtZXRlciBOYW1lPSJfIiBWYWx1ZT0iMTQ1NjEzNjg4MDY4NyIgUmVjb3JkZWRWYWx1ZT0iMTQ1NjEzNjg4MDY4NyIgQ29ycmVsYXRpb25CaW5kaW5nPSIiIFVybEVuY29kZT0iRmFsc2UiIFVzZVRvR3JvdXBSZXN1bHRzPSJGYWxzZSIgLz4NCiAgICAgIDwvUXVlcnlTdHJpbmdQYXJhbWV0ZXJzPg0KICAgIDwvUmVxdWVzdD4NCiAgICA8UmVxdWVzdCBNZXRob2Q9IkdFVCIgR3VpZD0iNjE5MzNlYjYtZGFkMy00OWNjLWFiZDEtNjQyNjNkZmYwMzQ2IiBWZXJzaW9uPSIxLjEiIFVybD0iaHR0cHM6Ly9zdGFnaW5ncHJlZGljdDUuaW5mbHVlbmNlaGVhbHRoLmNvbS9tb2R1bGVzL3Nlc3Npb24vaW5kZXguaHRtbCIgVGhpbmtUaW1lPSIwIiBUaW1lb3V0PSIzMDAiIFBhcnNlRGVwZW5kZW50UmVxdWVzdHM9IlRydWUiIEZvbGxvd1JlZGlyZWN0cz0iVHJ1ZSIgUmVjb3JkUmVzdWx0PSJUcnVlIiBDYWNoZT0iRmFsc2UiIFJlc3BvbnNlVGltZUdvYWw9IjAiIEVuY29kaW5nPSJ1dGYtOCIgRXhwZWN0ZWRIdHRwU3RhdHVzQ29kZT0iMCIgRXhwZWN0ZWRSZXNwb25zZVVybD0iIiBSZXBvcnRpbmdOYW1lPSIiIElnbm9yZUh0dHBTdGF0dXNDb2RlPSJGYWxzZSI+DQogICAgICA8SGVhZGVycz4NCiAgICAgICAgPEhlYWRlciBOYW1lPSJBY2NlcHQiIFZhbHVlPSJ0ZXh0L2h0bWwsICovKjsgcT0wLjAxIiAvPg0KICAgICAgICA8SGVhZGVyIE5hbWU9IlgtUmVxdWVzdGVkLVdpdGgiIFZhbHVlPSJYTUxIdHRwUmVxdWVzdCIgLz4NCiAgICAgICAgPEhlYWRlciBOYW1lPSJSZWZlcmVyIiBWYWx1ZT0iaHR0cHM6Ly9zdGFnaW5ncHJlZGljdDUuaW5mbHVlbmNlaGVhbHRoLmNvbS91bml2ZXJzaXR5Y29sb3JhZG8vc2Vzc2lvbi9sb2dpbiIgLz4NCiAgICAgIDwvSGVhZGVycz4NCiAgICAgIDxRdWVyeVN0cmluZ1BhcmFtZXRlcnM+DQogICAgICAgIDxRdWVyeVN0cmluZ1BhcmFtZXRlciBOYW1lPSJfIiBWYWx1ZT0iMTQ1NjEzNjg4MDY5NSIgUmVjb3JkZWRWYWx1ZT0iMTQ1NjEzNjg4MDY5NSIgQ29ycmVsYXRpb25CaW5kaW5nPSIiIFVybEVuY29kZT0iRmFsc2UiIFVzZVRvR3JvdXBSZXN1bHRzPSJGYWxzZSIgLz4NCiAgICAgIDwvUXVlcnlTdHJpbmdQYXJhbWV0ZXJzPg0KICAgIDwvUmVxdWVzdD4NCiAgICA8UmVxdWVzdCBNZXRob2Q9IkdFVCIgR3VpZD0iYmE5NGEyYzgtNGJmYS00Nzk5LThiYjAtZDgwZTliNzExYmY5IiBWZXJzaW9uPSIxLjEiIFVybD0iaHR0cHM6Ly9zdGFnaW5ncHJlZGljdDUuaW5mbHVlbmNlaGVhbHRoLmNvbS90ZW1wbGF0ZXMvYWxlcnRDb250YWluZXIuaHRtbCIgVGhpbmtUaW1lPSIwIiBUaW1lb3V0PSIzMDAiIFBhcnNlRGVwZW5kZW50UmVxdWVzdHM9IlRydWUiIEZvbGxvd1JlZGlyZWN0cz0iVHJ1ZSIgUmVjb3JkUmVzdWx0PSJUcnVlIiBDYWNoZT0iRmFsc2UiIFJlc3BvbnNlVGltZUdvYWw9IjAiIEVuY29kaW5nPSJ1dGYtOCIgRXhwZWN0ZWRIdHRwU3RhdHVzQ29kZT0iMCIgRXhwZWN0ZWRSZXNwb25zZVVybD0iIiBSZXBvcnRpbmdOYW1lPSIiIElnbm9yZUh0dHBTdGF0dXNDb2RlPSJGYWxzZSI+DQogICAgICA8SGVhZGVycz4NCiAgICAgICAgPEhlYWRlciBOYW1lPSJBY2NlcHQiIFZhbHVlPSJhcHBsaWNhdGlvbi9qc29uLCB0ZXh0L3BsYWluLCAqLyoiIC8+DQogICAgICAgIDxIZWFkZXIgTmFtZT0iUmVmZXJlciIgVmFsdWU9Imh0dHBzOi8vc3RhZ2luZ3ByZWRpY3Q1LmluZmx1ZW5jZWhlYWx0aC5jb20vdW5pdmVyc2l0eWNvbG9yYWRvL3Nlc3Npb24vbG9naW4iIC8+DQogICAgICA8L0hlYWRlcnM+DQogICAgPC9SZXF1ZXN0Pg0KICAgIDxSZXF1ZXN0IE1ldGhvZD0iR0VUIiBHdWlkPSJmOGYxNGYwNi05YzliLTQ3OWEtOGQxMC0wNmM2NDU4YTk2ZDYiIFZlcnNpb249IjEuMSIgVXJsPSJodHRwczovL3N0YWdpbmdwcmVkaWN0NS5pbmZsdWVuY2VoZWFsdGguY29tL21vZHVsZXMvc2Vzc2lvbi92aWV3cy9sb2dpbi5odG1sIiBUaGlua1RpbWU9IjAiIFRpbWVvdXQ9IjMwMCIgUGFyc2VEZXBlbmRlbnRSZXF1ZXN0cz0iVHJ1ZSIgRm9sbG93UmVkaXJlY3RzPSJUcnVlIiBSZWNvcmRSZXN1bHQ9IlRydWUiIENhY2hlPSJGYWxzZSIgUmVzcG9uc2VUaW1lR29hbD0iMCIgRW5jb2Rpbmc9InV0Zi04IiBFeHBlY3RlZEh0dHBTdGF0dXNDb2RlPSIwIiBFeHBlY3RlZFJlc3BvbnNlVXJsPSIiIFJlcG9ydGluZ05hbWU9IiIgSWdub3JlSHR0cFN0YXR1c0NvZGU9IkZhbHNlIj4NCiAgICAgIDxIZWFkZXJzPg0KICAgICAgICA8SGVhZGVyIE5hbWU9IkFjY2VwdCIgVmFsdWU9InRleHQvaHRtbCwgKi8qOyBxPTAuMDEiIC8+DQogICAgICAgIDxIZWFkZXIgTmFtZT0iWC1SZXF1ZXN0ZWQtV2l0aCIgVmFsdWU9IlhNTEh0dHBSZXF1ZXN0IiAvPg0KICAgICAgICA8SGVhZGVyIE5hbWU9IlJlZmVyZXIiIFZhbHVlPSJodHRwczovL3N0YWdpbmdwcmVkaWN0NS5pbmZsdWVuY2VoZWFsdGguY29tL3VuaXZlcnNpdHljb2xvcmFkby9zZXNzaW9uL2xvZ2luIiAvPg0KICAgICAgPC9IZWFkZXJzPg0KICAgICAgPFF1ZXJ5U3RyaW5nUGFyYW1ldGVycz4NCiAgICAgICAgPFF1ZXJ5U3RyaW5nUGFyYW1ldGVyIE5hbWU9Il8iIFZhbHVlPSIxNDU2MTM2ODgwNjk2IiBSZWNvcmRlZFZhbHVlPSIxNDU2MTM2ODgwNjk2IiBDb3JyZWxhdGlvbkJpbmRpbmc9IiIgVXJsRW5jb2RlPSJGYWxzZSIgVXNlVG9Hcm91cFJlc3VsdHM9IkZhbHNlIiAvPg0KICAgICAgPC9RdWVyeVN0cmluZ1BhcmFtZXRlcnM+DQogICAgPC9SZXF1ZXN0Pg0KICAgIDxSZXF1ZXN0IE1ldGhvZD0iR0VUIiBHdWlkPSI4NzI0N2NkNi1jNmZiLTQzMDQtYmMxMi1kY2U4N2RlZTE1NjEiIFZlcnNpb249IjEuMSIgVXJsPSJodHRwczovL3N0YWdpbmdwcmVkaWN0NS5pbmZsdWVuY2VoZWFsdGguY29tL3RoZW1lcy9kZWZhdWx0L2Jvb3RzdHJhcC9nbHlwaGljb25zLWhhbGZsaW5ncy1yZWd1bGFyLmVvdCIgVGhpbmtUaW1lPSIwIiBUaW1lb3V0PSIzMDAiIFBhcnNlRGVwZW5kZW50UmVxdWVzdHM9IlRydWUiIEZvbGxvd1JlZGlyZWN0cz0iVHJ1ZSIgUmVjb3JkUmVzdWx0PSJUcnVlIiBDYWNoZT0iRmFsc2UiIFJlc3BvbnNlVGltZUdvYWw9IjAiIEVuY29kaW5nPSJ1dGYtOCIgRXhwZWN0ZWRIdHRwU3RhdHVzQ29kZT0iMCIgRXhwZWN0ZWRSZXNwb25zZVVybD0iIiBSZXBvcnRpbmdOYW1lPSIiIElnbm9yZUh0dHBTdGF0dXNDb2RlPSJGYWxzZSI+DQogICAgICA8SGVhZGVycz4NCiAgICAgICAgPEhlYWRlciBOYW1lPSJSZWZlcmVyIiBWYWx1ZT0iaHR0cHM6Ly9zdGFnaW5ncHJlZGljdDUuaW5mbHVlbmNlaGVhbHRoLmNvbS91bml2ZXJzaXR5Y29sb3JhZG8vc2Vzc2lvbi9sb2dpbiIgLz4NCiAgICAgIDwvSGVhZGVycz4NCiAgICAgIDxRdWVyeVN0cmluZ1BhcmFtZXRlcnM+DQogICAgICAgIDxRdWVyeVN0cmluZ1BhcmFtZXRlciBOYW1lPSIiIFZhbHVlPSIiIFJlY29yZGVkVmFsdWU9IiIgQ29ycmVsYXRpb25CaW5kaW5nPSIiIFVybEVuY29kZT0iRmFsc2UiIFVzZVRvR3JvdXBSZXN1bHRzPSJGYWxzZSIgLz4NCiAgICAgIDwvUXVlcnlTdHJpbmdQYXJhbWV0ZXJzPg0KICAgIDwvUmVxdWVzdD4NCiAgICA8UmVxdWVzdCBNZXRob2Q9IkdFVCIgR3VpZD0iM2IzMTViMTctYzk5Yy00MmQ4LTg0NmItMTM1MTQwNDAxNjJkIiBWZXJzaW9uPSIxLjEiIFVybD0iaHR0cHM6Ly9zdGFnaW5ncHJlZGljdDUuaW5mbHVlbmNlaGVhbHRoLmNvbS90aGVtZXMvZGVmYXVsdC9ib290c3RyYXAvZ2x5cGhpY29ucy1oYWxmbGluZ3MtcmVndWxhci53b2ZmIiBUaGlua1RpbWU9IjE1IiBUaW1lb3V0PSIzMDAiIFBhcnNlRGVwZW5kZW50UmVxdWVzdHM9IlRydWUiIEZvbGxvd1JlZGlyZWN0cz0iVHJ1ZSIgUmVjb3JkUmVzdWx0PSJUcnVlIiBDYWNoZT0iRmFsc2UiIFJlc3BvbnNlVGltZUdvYWw9IjAiIEVuY29kaW5nPSJ1dGYtOCIgRXhwZWN0ZWRIdHRwU3RhdHVzQ29kZT0iMCIgRXhwZWN0ZWRSZXNwb25zZVVybD0iIiBSZXBvcnRpbmdOYW1lPSIiIElnbm9yZUh0dHBTdGF0dXNDb2RlPSJGYWxzZSI+DQogICAgICA8SGVhZGVycz4NCiAgICAgICAgPEhlYWRlciBOYW1lPSJSZWZlcmVyIiBWYWx1ZT0iaHR0cHM6Ly9zdGFnaW5ncHJlZGljdDUuaW5mbHVlbmNlaGVhbHRoLmNvbS91bml2ZXJzaXR5Y29sb3JhZG8vc2Vzc2lvbi9sb2dpbiIgLz4NCiAgICAgIDwvSGVhZGVycz4NCiAgICA8L1JlcXVlc3Q+DQogICAgPFJlcXVlc3QgTWV0aG9kPSJQT1NUIiBHdWlkPSIyYzQ1YWEzOC1lYjg2LTQ4MDctYTI4NC0wYmEzYTMwY2VjNWIiIFZlcnNpb249IjEuMSIgVXJsPSJodHRwczovL2JhbS5uci1kYXRhLm5ldC9yZXNvdXJjZXMvMS9lNGY2M2RhNjM3IiBUaGlua1RpbWU9IjAiIFRpbWVvdXQ9IjMwMCIgUGFyc2VEZXBlbmRlbnRSZXF1ZXN0cz0iVHJ1ZSIgRm9sbG93UmVkaXJlY3RzPSJUcnVlIiBSZWNvcmRSZXN1bHQ9IlRydWUiIENhY2hlPSJGYWxzZSIgUmVzcG9uc2VUaW1lR29hbD0iMCIgRW5jb2Rpbmc9InV0Zi04IiBFeHBlY3RlZEh0dHBTdGF0dXNDb2RlPSIwIiBFeHBlY3RlZFJlc3BvbnNlVXJsPSIiIFJlcG9ydGluZ05hbWU9IiIgSWdub3JlSHR0cFN0YXR1c0NvZGU9IkZhbHNlIj4NCiAgICAgIDxIZWFkZXJzPg0KICAgICAgICA8SGVhZGVyIE5hbWU9IlJlZmVyZXIiIFZhbHVlPSJodHRwczovL3N0YWdpbmdwcmVkaWN0NS5pbmZsdWVuY2VoZWFsdGguY29tL3VuaXZlcnNpdHljb2xvcmFkby9zZXNzaW9uL2xvZ2luIiAvPg0KICAgICAgPC9IZWFkZXJzPg0KICAgICAgPFF1ZXJ5U3RyaW5nUGFyYW1ldGVycz4NCiAgICAgICAgPFF1ZXJ5U3RyaW5nUGFyYW1ldGVyIE5hbWU9ImEiIFZhbHVlPSIxMjM0NjY4OCIgUmVjb3JkZWRWYWx1ZT0iMTIzNDY2ODgiIENvcnJlbGF0aW9uQmluZGluZz0iIiBVcmxFbmNvZGU9IkZhbHNlIiBVc2VUb0dyb3VwUmVzdWx0cz0iRmFsc2UiIC8+DQogICAgICAgIDxRdWVyeVN0cmluZ1BhcmFtZXRlciBOYW1lPSJ2IiBWYWx1ZT0iODUyLmEzNmYwZmQiIFJlY29yZGVkVmFsdWU9Ijg1Mi5hMzZmMGZkIiBDb3JyZWxhdGlvbkJpbmRpbmc9IiIgVXJsRW5jb2RlPSJGYWxzZSIgVXNlVG9Hcm91cFJlc3VsdHM9IkZhbHNlIiAvPg0KICAgICAgICA8UXVlcnlTdHJpbmdQYXJhbWV0ZXIgTmFtZT0idG8iIFZhbHVlPSJNZ1lBTjBRSERCRllWVUZiWHd0TUp4dEdGQWNSU2x4R0hYY2dOMDFNSEElM0QlM0QiIFJlY29yZGVkVmFsdWU9Ik1nWUFOMFFIREJGWVZVRmJYd3RNSnh0R0ZBY1JTbHhHSFhjZ04wMU1IQSUzRCUzRCIgQ29ycmVsYXRpb25CaW5kaW5nPSIiIFVybEVuY29kZT0iRmFsc2UiIFVzZVRvR3JvdXBSZXN1bHRzPSJGYWxzZSIgLz4NCiAgICAgICAgPFF1ZXJ5U3RyaW5nUGFyYW1ldGVyIE5hbWU9InN0IiBWYWx1ZT0iMTQ1NjEzNjg3ODI3MyIgUmVjb3JkZWRWYWx1ZT0iMTQ1NjEzNjg3ODI3MyIgQ29ycmVsYXRpb25CaW5kaW5nPSIiIFVybEVuY29kZT0iRmFsc2UiIFVzZVRvR3JvdXBSZXN1bHRzPSJGYWxzZSIgLz4NCiAgICAgICAgPFF1ZXJ5U3RyaW5nUGFyYW1ldGVyIE5hbWU9InB0aWQiIFZhbHVlPSI0OGMxYzg5Ni0zY2JjLWI3NDctY2FmOC0wMTUzMDg4NThkZWYiIFJlY29yZGVkVmFsdWU9IjQ4YzFjODk2LTNjYmMtYjc0Ny1jYWY4LTAxNTMwODg1OGRlZiIgQ29ycmVsYXRpb25CaW5kaW5nPSIiIFVybEVuY29kZT0iRmFsc2UiIFVzZVRvR3JvdXBSZXN1bHRzPSJGYWxzZSIgLz4NCiAgICAgIDwvUXVlcnlTdHJpbmdQYXJhbWV0ZXJzPg0KICAgICAgPFN0cmluZ0h0dHBCb2R5IENvbnRlbnRUeXBlPSJ0ZXh0L3BsYWluO2NoYXJzZXQ9VVRGLTgiIEluc2VydEJ5dGVPcmRlck1hcms9IkZhbHNlIj5ld0FpQUhJQVpRQnpBQ0lBT2dCYkFIc0FJZ0J1QUNJQU9nQWlBR1lBYndCakFIVUFjd0JwQUc0QUlnQXNBQ0lBY3dBaUFEb0FNd0ExQURJQU5nQXNBQ0lBWlFBaUFEb0FNd0ExQURJQU9BQXNBQ0lBYndBaUFEb0FJZ0JpQUc4QVpBQjVBQ0lBTEFBaUFIUUFJZ0E2QUNJQVpRQjJBR1VBYmdCMEFDSUFmUUFzQUhzQUlnQnVBQ0lBT2dBaUFHWUFid0JqQUhVQWN3QnBBRzRBSWdBc0FDSUFjd0FpQURvQU5BQTRBREFBT1FBc0FDSUFaUUFpQURvQU5BQTRBREVBTkFBc0FDSUFid0FpQURvQUlnQnBBRzRBY0FCMUFIUUFJd0JwQUdRQVh3QndBR0VBY3dCekFDNEFaZ0J2QUhJQWJRQXRBR01BYndCdUFIUUFjZ0J2QUd3QUxnQnVBR2NBTFFCd0FISUFhUUJ6QUhRQWFRQnVBR1VBTGdCdUFHY0FMUUJwQUc0QWRnQmhBR3dBYVFCa0FDNEFiZ0JuQUMwQWFRQnVBSFlBWVFCc0FHa0FaQUF0QUhJQVpRQnhBSFVBYVFCeUFHVUFaQUFpQUN3QUlnQjBBQ0lBT2dBaUFHVUFkZ0JsQUc0QWRBQWlBSDBBTEFCN0FDSUFiZ0FpQURvQUlnQnlBR1VBWVFCa0FIa0Fjd0IwQUdFQWRBQmxBR01BYUFCaEFHNEFad0JsQUNJQUxBQWlBSE1BSWdBNkFETUFOZ0EwQURZQUxBQWlBR1VBSWdBNkFETUFOZ0EwQURZQUxBQWlBRzhBSWdBNkFDSUFkUUJ1QUdRQVpRQm1BR2tBYmdCbEFHUUFJQUJIQUVVQVZBQTZBQ0FBY3dCMEFHRUFad0JwQUc0QVp3QndBSElBWlFCa0FHa0FZd0IwQURVQUxnQnBBRzRBWmdCc0FIVUFaUUJ1QUdNQVpRQm9BR1VBWVFCc0FIUUFhQUF1QUdNQWJ3QnRBRG9BTkFBMEFETUFMd0J5QUc4QWRRQjBBR1VBY3dBdUFHb0Fjd0J2QUc0QUlnQXNBQ0lBZEFBaUFEb0FJZ0JsQUhZQVpRQnVBSFFBSWdCOUFDd0Fld0FpQUc0QUlnQTZBQ0lBY2dCbEFHRUFaQUI1QUhNQWRBQmhBSFFBWlFCakFHZ0FZUUJ1QUdjQVpRQWlBQ3dBSWdCekFDSUFPZ0F6QURZQU5BQTNBQ3dBSWdCbEFDSUFPZ0F6QURZQU5BQTNBQ3dBSWdCdkFDSUFPZ0FpQUhVQWJnQmtBR1VBWmdCcEFHNEFaUUJrQUNBQVJ3QkZBRlFBT2dBZ0FITUFkQUJoQUdjQWFRQnVBR2NBY0FCeUFHVUFaQUJwQUdNQWRBQTFBQzRBYVFCdUFHWUFiQUIxQUdVQWJnQmpBR1VBYUFCbEFHRUFiQUIwQUdnQUxnQmpBRzhBYlFBNkFEUUFOQUF6QUM4QWNnQnZBSFVBZEFCbEFITUFMZ0JxQUhNQWJ3QnVBQ0lBTEFBaUFIUUFJZ0E2QUNJQVpRQjJBR1VBYmdCMEFDSUFmUUFzQUhzQUlnQnVBQ0lBT2dBaUFISUFaUUJoQUdRQWVRQnpBSFFBWVFCMEFHVUFZd0JvQUdFQWJnQm5BR1VBSWdBc0FDSUFjd0FpQURvQU13QTNBRGNBTWdBc0FDSUFaUUFpQURvQU13QTNBRGNBTWdBc0FDSUFid0FpQURvQUlnQjFBRzRBWkFCbEFHWUFhUUJ1QUdVQVpBQWdBRkFBVHdCVEFGUUFPZ0FnQUdJQVlRQnRBQzRBYmdCeUFDMEFaQUJoQUhRQVlRQXVBRzRBWlFCMEFEb0FOQUEwQURNQUx3QnlBR1VBY3dCdkFIVUFjZ0JqQUdVQWN3QXZBREVBTHdCbEFEUUFaZ0EyQURNQVpBQmhBRFlBTXdBM0FDSUFMQUFpQUhRQUlnQTZBQ0lBWlFCMkFHVUFiZ0IwQUNJQWZRQXNBSHNBSWdCdUFDSUFPZ0FpQUhJQVpRQmhBR1FBZVFCekFIUUFZUUIwQUdVQVl3Qm9BR0VBYmdCbkFHVUFJZ0FzQUNJQWN3QWlBRG9BTXdBM0FEY0FNd0FzQUNJQVpRQWlBRG9BTXdBM0FEY0FNd0FzQUNJQWJ3QWlBRG9BSWdCMUFHNEFaQUJsQUdZQWFRQnVBR1VBWkFBZ0FGQUFUd0JUQUZRQU9nQWdBR0lBWVFCdEFDNEFiZ0J5QUMwQVpBQmhBSFFBWVFBdUFHNEFaUUIwQURvQU5BQTBBRE1BTHdCeUFHVUFjd0J2QUhVQWNnQmpBR1VBY3dBdkFERUFMd0JsQURRQVpnQTJBRE1BWkFCaEFEWUFNd0EzQUNJQUxBQWlBSFFBSWdBNkFDSUFaUUIyQUdVQWJnQjBBQ0lBZlFBc0FIc0FJZ0J1QUNJQU9nQWlBSElBWlFCaEFHUUFlUUJ6QUhRQVlRQjBBR1VBWXdCb0FHRUFiZ0JuQUdVQUlnQXNBQ0lBY3dBaUFEb0FNd0EzQURnQU5nQXNBQ0lBWlFBaUFEb0FNd0EzQURnQU5nQXNBQ0lBYndBaUFEb0FJZ0IxQUc0QVpBQmxBR1lBYVFCdUFHVUFaQUFnQUVjQVJRQlVBRG9BSUFCekFIUUFZUUJuQUdrQWJnQm5BSEFBY2dCbEFHUUFhUUJqQUhRQU5RQXVBR2tBYmdCbUFHd0FkUUJsQUc0QVl3QmxBR2dBWlFCaEFHd0FkQUJvQUM0QVl3QnZBRzBBT2dBMEFEUUFNd0F2QUhJQWJ3QjFBSFFBWlFCekFDNEFhZ0J6QUc4QWJnQWlBQ3dBSWdCMEFDSUFPZ0FpQUdVQWRnQmxBRzRBZEFBaUFIMEFMQUI3QUNJQWJnQWlBRG9BSWdCeUFHVUFZUUJrQUhrQWN3QjBBR0VBZEFCbEFHTUFhQUJoQUc0QVp3QmxBQ0lBTEFBaUFITUFJZ0E2QURNQU53QTRBRGNBTEFBaUFHVUFJZ0E2QURNQU53QTRBRGNBTEFBaUFHOEFJZ0E2QUNJQWRRQnVBR1FBWlFCbUFHa0FiZ0JsQUdRQUlBQkhBRVVBVkFBNkFDQUFjd0IwQUdFQVp3QnBBRzRBWndCd0FISUFaUUJrQUdrQVl3QjBBRFVBTGdCcEFHNEFaZ0JzQUhVQVpRQnVBR01BWlFCb0FHVUFZUUJzQUhRQWFBQXVBR01BYndCdEFEb0FOQUEwQURNQUx3QnlBRzhBZFFCMEFHVUFjd0F1QUdvQWN3QnZBRzRBSWdBc0FDSUFkQUFpQURvQUlnQmxBSFlBWlFCdUFIUUFJZ0I5QUN3QWV3QWlBRzRBSWdBNkFDSUFjZ0JsQUdFQVpBQjVBSE1BZEFCaEFIUUFaUUJqQUdnQVlRQnVBR2NBWlFBaUFDd0FJZ0J6QUNJQU9nQXpBRGNBT0FBM0FDd0FJZ0JsQUNJQU9nQXpBRGNBT0FBM0FDd0FJZ0J2QUNJQU9nQWlBSFVBYmdCa0FHVUFaZ0JwQUc0QVpRQmtBQ0FBUndCRkFGUUFPZ0FnQUhNQWRBQmhBR2NBYVFCdUFHY0FjQUJ5QUdVQVpBQnBBR01BZEFBMUFDNEFhUUJ1QUdZQWJBQjFBR1VBYmdCakFHVUFhQUJsQUdFQWJBQjBBR2dBTGdCakFHOEFiUUE2QURRQU5BQXpBQzhBY2dCdkFIVUFkQUJsQUhNQUxnQnFBSE1BYndCdUFDSUFMQUFpQUhRQUlnQTZBQ0lBWlFCMkFHVUFiZ0IwQUNJQWZRQXNBSHNBSWdCdUFDSUFPZ0FpQUhJQVpRQmhBR1FBZVFCekFIUUFZUUIwQUdVQVl3Qm9BR0VBYmdCbkFHVUFJZ0FzQUNJQWN3QWlBRG9BTXdBM0FEa0FNUUFzQUNJQVpRQWlBRG9BTXdBM0FEa0FNUUFzQUNJQWJ3QWlBRG9BSWdCMUFHNEFaQUJsQUdZQWFRQnVBR1VBWkFBZ0FFY0FSUUJVQURvQUlBQnpBSFFBWVFCbkFHa0FiZ0JuQUhBQWNnQmxBR1FBYVFCakFIUUFOUUF1QUdrQWJnQm1BR3dBZFFCbEFHNEFZd0JsQUdnQVpRQmhBR3dBZEFCb0FDNEFZd0J2QUcwQU9nQTBBRFFBTXdBdkFDUUFiUUJ2QUdRQWRRQnNBR1VBTHdCc0FHRUFlUUJ2QUhVQWRBQnpBQzhBWkFCbEFHWUFZUUIxQUd3QWRBQWlBQ3dBSWdCMEFDSUFPZ0FpQUdVQWRnQmxBRzRBZEFBaUFIMEFMQUI3QUNJQWJnQWlBRG9BSWdCeUFHVUFZUUJrQUhrQWN3QjBBR0VBZEFCbEFHTUFhQUJoQUc0QVp3QmxBQ0lBTEFBaUFITUFJZ0E2QURNQU53QTVBRElBTEFBaUFHVUFJZ0E2QURNQU53QTVBRElBTEFBaUFHOEFJZ0E2QUNJQWRRQnVBR1FBWlFCbUFHa0FiZ0JsQUdRQUlBQkhBRVVBVkFBNkFDQUFjd0IwQUdFQVp3QnBBRzRBWndCd0FISUFaUUJrQUdrQVl3QjBBRFVBTGdCcEFHNEFaZ0JzQUhVQVpRQnVBR01BWlFCb0FHVUFZUUJzQUhRQWFBQXVBR01BYndCdEFEb0FOQUEwQURNQUx3QWtBRzBBYndCa0FIVUFiQUJsQUM4QWJBQmhBSGtBYndCMUFIUUFjd0F2QUdRQVpRQm1BR0VBZFFCc0FIUUFJZ0FzQUNJQWRBQWlBRG9BSWdCbEFIWUFaUUJ1QUhRQUlnQjlBQ3dBZXdBaUFHNEFJZ0E2QUNJQWNnQmxBR0VBWkFCNUFITUFkQUJoQUhRQVpRQmpBR2dBWVFCdUFHY0FaUUFpQUN3QUlnQnpBQ0lBT2dBekFEa0FNUUEyQUN3QUlnQmxBQ0lBT2dBekFEa0FNUUEyQUN3QUlnQnZBQ0lBT2dBaUFIVUFiZ0JrQUdVQVpnQnBBRzRBWlFCa0FDQUFSd0JGQUZRQU9nQWdBSE1BZEFCaEFHY0FhUUJ1QUdjQWNBQnlBR1VBWkFCcEFHTUFkQUExQUM0QWFRQnVBR1lBYkFCMUFHVUFiZ0JqQUdVQWFBQmxBR0VBYkFCMEFHZ0FMZ0JqQUc4QWJRQTZBRFFBTkFBekFDOEFKQUJ0QUc4QVpBQjFBR3dBWlFBdkFHd0FZUUI1QUc4QWRRQjBBSE1BTHdCa0FHVUFaZ0JoQUhVQWJBQjBBQ0lBTEFBaUFIUUFJZ0E2QUNJQVpRQjJBR1VBYmdCMEFDSUFmUUFzQUhzQUlnQnVBQ0lBT2dBaUFISUFaUUJoQUdRQWVRQnpBSFFBWVFCMEFHVUFZd0JvQUdFQWJnQm5BR1VBSWdBc0FDSUFjd0FpQURvQU13QTVBREVBTmdBc0FDSUFaUUFpQURvQU13QTVBREVBTmdBc0FDSUFid0FpQURvQUlnQjFBRzRBWkFCbEFHWUFhUUJ1QUdVQVpBQWdBRWNBUlFCVUFEb0FJQUJ6QUhRQVlRQm5BR2tBYmdCbkFIQUFjZ0JsQUdRQWFRQmpBSFFBTlFBdUFHa0FiZ0JtQUd3QWRRQmxBRzRBWXdCbEFHZ0FaUUJoQUd3QWRBQm9BQzRBWXdCdkFHMEFPZ0EwQURRQU13QXZBQ1FBYlFCdkFHUUFkUUJzQUdVQUx3QnNBR0VBZVFCdkFIVUFkQUJ6QUM4QVpBQmxBR1lBWVFCMUFHd0FkQUFpQUN3QUlnQjBBQ0lBT2dBaUFHVUFkZ0JsQUc0QWRBQWlBSDBBTEFCN0FDSUFiZ0FpQURvQUlnQnlBR1VBWVFCa0FIa0Fjd0IwQUdFQWRBQmxBR01BYUFCaEFHNEFad0JsQUNJQUxBQWlBSE1BSWdBNkFETUFPUUF4QURjQUxBQWlBR1VBSWdBNkFETUFPUUF4QURjQUxBQWlBRzhBSWdBNkFDSUFkUUJ1QUdRQVpRQm1BR2tBYmdCbEFHUUFJQUJIQUVVQVZBQTZBQ0FBY3dCMEFHRUFad0JwQUc0QVp3QndBSElBWlFCa0FHa0FZd0IwQURVQUxnQnBBRzRBWmdCc0FIVUFaUUJ1QUdNQVpRQm9BR1VBWVFCc0FIUUFhQUF1QUdNQWJ3QnRBRG9BTkFBMEFETUFMd0FrQUcwQWJ3QmtBSFVBYkFCbEFDOEFiQUJoQUhrQWJ3QjFBSFFBY3dBdkFHUUFaUUJtQUdFQWRRQnNBSFFBSWdBc0FDSUFkQUFpQURvQUlnQmxBSFlBWlFCdUFIUUFJZ0I5QUN3QWV3QWlBRzRBSWdBNkFDSUFjZ0JsQUdFQVpBQjVBSE1BZEFCaEFIUUFaUUJqQUdnQVlRQnVBR2NBWlFBaUFDd0FJZ0J6QUNJQU9nQXpBRGtBTWdBeEFDd0FJZ0JsQUNJQU9nQXpBRGtBTWdBeEFDd0FJZ0J2QUNJQU9nQWlBSFVBYmdCa0FHVUFaZ0JwQUc0QVpRQmtBQ0FBUndCRkFGUUFPZ0FnQUhNQWRBQmhBR2NBYVFCdUFHY0FjQUJ5QUdVQVpBQnBBR01BZEFBMUFDNEFhUUJ1QUdZQWJBQjFBR1VBYmdCakFHVUFhQUJsQUdFQWJBQjBBR2dBTGdCakFHOEFiUUE2QURRQU5BQXpBQzhBYkFCaEFIa0Fid0IxQUhRQWN3QXZBR1FBWlFCbUFHRUFkUUJzQUhRQUx3QXZBRzBBWVFCcEFHNEFMZ0JxQUhNQUlnQXNBQ0lBZEFBaUFEb0FJZ0JsQUhZQVpRQnVBSFFBSWdCOUFDd0Fld0FpQUc0QUlnQTZBQ0lBY2dCbEFHRUFaQUI1QUhNQWRBQmhBSFFBWlFCakFHZ0FZUUJ1QUdjQVpRQWlBQ3dBSWdCekFDSUFPZ0F6QURrQU1nQXhBQ3dBSWdCbEFDSUFPZ0F6QURrQU1nQXlBQ3dBSWdCdkFDSUFPZ0FpQUhVQWJnQmtBR1VBWmdCcEFHNEFaUUJrQUNBQVJ3QkZBRlFBT2dBZ0FITUFkQUJoQUdjQWFRQnVBR2NBY0FCeUFHVUFaQUJwQUdNQWRBQTFBQzRBYVFCdUFHWUFiQUIxQUdVQWJnQmpBR1VBYUFCbEFHRUFiQUIwQUdnQUxnQmpBRzhBYlFBNkFEUUFOQUF6QUM4QWJBQmhBSGtBYndCMUFIUUFjd0F2QUdRQVpRQm1BR0VBZFFCc0FIUUFMd0F2QUcwQVlRQnBBRzRBTGdCcUFITUFJZ0FzQUNJQWRBQWlBRG9BSWdCbEFIWUFaUUJ1QUhRQUlnQjlBQ3dBZXdBaUFHNEFJZ0E2QUNJQWNnQmxBR0VBWkFCNUFITUFkQUJoQUhRQVpRQmpBR2dBWVFCdUFHY0FaUUFpQUN3QUlnQnpBQ0lBT2dBekFEa0FNZ0EyQUN3QUlnQmxBQ0lBT2dBekFEa0FNZ0EyQUN3QUlnQnZBQ0lBT2dBaUFIVUFiZ0JrQUdVQVpnQnBBRzRBWlFCa0FDQUFVQUJQQUZNQVZBQTZBQ0FBWWdCaEFHMEFMZ0J1QUhJQUxRQmtBR0VBZEFCaEFDNEFiZ0JsQUhRQU9nQTBBRFFBTXdBdkFISUFaUUJ6QUc4QWRRQnlBR01BWlFCekFDOEFNUUF2QUdVQU5BQm1BRFlBTXdCa0FHRUFOZ0F6QURjQUlnQXNBQ0lBZEFBaUFEb0FJZ0JsQUhZQVpRQnVBSFFBSWdCOUFDd0Fld0FpQUc0QUlnQTZBQ0lBY2dCbEFHRUFaQUI1QUhNQWRBQmhBSFFBWlFCakFHZ0FZUUJ1QUdjQVpRQWlBQ3dBSWdCekFDSUFPZ0F6QURrQU1nQTJBQ3dBSWdCbEFDSUFPZ0F6QURrQU1nQTJBQ3dBSWdCdkFDSUFPZ0FpQUhVQWJnQmtBR1VBWmdCcEFHNEFaUUJrQUNBQVVBQlBBRk1BVkFBNkFDQUFZZ0JoQUcwQUxnQnVBSElBTFFCa0FHRUFkQUJoQUM0QWJnQmxBSFFBT2dBMEFEUUFNd0F2QUhJQVpRQnpBRzhBZFFCeUFHTUFaUUJ6QUM4QU1RQXZBR1VBTkFCbUFEWUFNd0JrQUdFQU5nQXpBRGNBSWdBc0FDSUFkQUFpQURvQUlnQmxBSFlBWlFCdUFIUUFJZ0I5QUN3QWV3QWlBRzRBSWdBNkFDSUFjZ0JsQUdFQVpBQjVBSE1BZEFCaEFIUUFaUUJqQUdnQVlRQnVBR2NBWlFBaUFDd0FJZ0J6QUNJQU9nQXpBRGtBTWdBMkFDd0FJZ0JsQUNJQU9nQXpBRGtBTWdBMkFDd0FJZ0J2QUNJQU9nQWlBSFVBYmdCa0FHVUFaZ0JwQUc0QVpRQmtBQ0FBVUFCUEFGTUFWQUE2QUNBQVlnQmhBRzBBTGdCdUFISUFMUUJrQUdFQWRBQmhBQzRBYmdCbEFIUUFPZ0EwQURRQU13QXZBSElBWlFCekFHOEFkUUJ5QUdNQVpRQnpBQzhBTVFBdkFHVUFOQUJtQURZQU13QmtBR0VBTmdBekFEY0FJZ0FzQUNJQWRBQWlBRG9BSWdCbEFIWUFaUUJ1QUhRQUlnQjlBQ3dBZXdBaUFHNEFJZ0E2QUNJQWNnQmxBR0VBWkFCNUFITUFkQUJoQUhRQVpRQmpBR2dBWVFCdUFHY0FaUUFpQUN3QUlnQnpBQ0lBT2dBekFEa0FOd0EyQUN3QUlnQmxBQ0lBT2dBekFEa0FOd0EyQUN3QUlnQnZBQ0lBT2dBaUFIVUFiZ0JrQUdVQVpnQnBBRzRBWlFCa0FDQUFSd0JGQUZRQU9nQWdBSE1BZEFCaEFHY0FhUUJ1QUdjQWNBQnlBR1VBWkFCcEFHTUFkQUExQUM0QWFRQnVBR1lBYkFCMUFHVUFiZ0JqQUdVQWFBQmxBR0VBYkFCMEFHZ0FMZ0JqQUc4QWJRQTZBRFFBTkFBekFDOEFiQUJoQUhrQWJ3QjFBSFFBY3dBdkFHUUFaUUJtQUdFQWRRQnNBSFFBTHdBdkFHMEFZUUJwQUc0QUxnQnFBSE1BSWdBc0FDSUFkQUFpQURvQUlnQmxBSFlBWlFCdUFIUUFJZ0I5QUN3QWV3QWlBRzRBSWdBNkFDSUFjZ0JsQUdFQVpBQjVBSE1BZEFCaEFIUUFaUUJqQUdnQVlRQnVBR2NBWlFBaUFDd0FJZ0J6QUNJQU9nQXpBRGtBTndBMkFDd0FJZ0JsQUNJQU9nQXpBRGtBTndBMkFDd0FJZ0J2QUNJQU9nQWlBSFVBYmdCa0FHVUFaZ0JwQUc0QVpRQmtBQ0FBUndCRkFGUUFPZ0FnQUhNQWRBQmhBR2NBYVFCdUFHY0FjQUJ5QUdVQVpBQnBBR01BZEFBMUFDNEFhUUJ1QUdZQWJBQjFBR1VBYmdCakFHVUFhQUJsQUdFQWJBQjBBR2dBTGdCakFHOEFiUUE2QURRQU5BQXpBQzhBYkFCaEFIa0Fid0IxQUhRQWN3QXZBR1FBWlFCbUFHRUFkUUJzQUhRQUx3QXZBRzBBWVFCcEFHNEFMZ0JxQUhNQUlnQXNBQ0lBZEFBaUFEb0FJZ0JsQUhZQVpRQnVBSFFBSWdCOUFDd0Fld0FpQUc0QUlnQTZBQ0lBY2dCbEFHRUFaQUI1QUhNQWRBQmhBSFFBWlFCakFHZ0FZUUJ1QUdjQVpRQWlBQ3dBSWdCekFDSUFPZ0F6QURrQU53QTJBQ3dBSWdCbEFDSUFPZ0F6QURrQU53QTNBQ3dBSWdCdkFDSUFPZ0FpQUhVQWJnQmtBR1VBWmdCcEFHNEFaUUJrQUNBQVJ3QkZBRlFBT2dBZ0FITUFkQUJoQUdjQWFRQnVBR2NBY0FCeUFHVUFaQUJwQUdNQWRBQTFBQzRBYVFCdUFHWUFiQUIxQUdVQWJnQmpBR1VBYUFCbEFHRUFiQUIwQUdnQUxnQmpBRzhBYlFBNkFEUUFOQUF6QUM4QWJBQmhBSGtBYndCMUFIUUFjd0F2QUdRQVpRQm1BR0VBZFFCc0FIUUFMd0F2QUcwQVlRQnBBRzRBTGdCcUFITUFJZ0FzQUNJQWRBQWlBRG9BSWdCbEFIWUFaUUJ1QUhRQUlnQjlBQ3dBZXdBaUFHNEFJZ0E2QUNJQWNnQmxBR0VBWkFCNUFITUFkQUJoQUhRQVpRQmpBR2dBWVFCdUFHY0FaUUFpQUN3QUlnQnpBQ0lBT2dBekFEa0FPQUF6QUN3QUlnQmxBQ0lBT2dBekFEa0FPQUF6QUN3QUlnQnZBQ0lBT2dBaUFIVUFiZ0JrQUdVQVpnQnBBRzRBWlFCa0FDQUFSd0JGQUZRQU9nQWdBSE1BZEFCaEFHY0FhUUJ1QUdjQWNBQnlBR1VBWkFCcEFHTUFkQUExQUM0QWFRQnVBR1lBYkFCMUFHVUFiZ0JqQUdVQWFBQmxBR0VBYkFCMEFHZ0FMZ0JqQUc4QWJRQTZBRFFBTkFBekFDOEFiQUJoQUhrQWJ3QjFBSFFBY3dBdkFHUUFaUUJtQUdFQWRRQnNBSFFBTHdCcEFHNEFaQUJsQUhnQUxnQm9BSFFBYlFCc0FDSUFMQUFpQUhRQUlnQTZBQ0lBWlFCMkFHVUFiZ0IwQUNJQWZRQXNBSHNBSWdCdUFDSUFPZ0FpQUhJQVpRQmhBR1FBZVFCekFIUUFZUUIwQUdVQVl3Qm9BR0VBYmdCbkFHVUFJZ0FzQUNJQWN3QWlBRG9BTXdBNUFEZ0FOQUFzQUNJQVpRQWlBRG9BTXdBNUFEZ0FOQUFzQUNJQWJ3QWlBRG9BSWdCMUFHNEFaQUJsQUdZQWFRQnVBR1VBWkFBZ0FFY0FSUUJVQURvQUlBQnpBSFFBWVFCbkFHa0FiZ0JuQUhBQWNnQmxBR1FBYVFCakFIUUFOUUF1QUdrQWJnQm1BR3dBZFFCbEFHNEFZd0JsQUdnQVpRQmhBR3dBZEFCb0FDNEFZd0J2QUcwQU9nQTBBRFFBTXdBdkFHd0FZUUI1QUc4QWRRQjBBSE1BTHdCa0FHVUFaZ0JoQUhVQWJBQjBBQzhBYVFCdUFHUUFaUUI0QUM0QWFBQjBBRzBBYkFBaUFDd0FJZ0IwQUNJQU9nQWlBR1VBZGdCbEFHNEFkQUFpQUgwQUxBQjdBQ0lBYmdBaUFEb0FJZ0J5QUdVQVlRQmtBSGtBY3dCMEFHRUFkQUJsQUdNQWFBQmhBRzRBWndCbEFDSUFMQUFpQUhNQUlnQTZBRFFBTVFBd0FETUFMQUFpQUdVQUlnQTZBRFFBTVFBd0FETUFMQUFpQUc4QUlnQTZBQ0lBZFFCdUFHUUFaUUJtQUdrQWJnQmxBR1FBSUFCSEFFVUFWQUE2QUNBQWN3QjBBR0VBWndCcEFHNEFad0J3QUhJQVpRQmtBR2tBWXdCMEFEVUFMZ0JwQUc0QVpnQnNBSFVBWlFCdUFHTUFaUUJvQUdVQVlRQnNBSFFBYUFBdUFHTUFid0J0QURvQU5BQTBBRE1BTHdCc0FHRUFlUUJ2QUhVQWRBQnpBQzhBWkFCbEFHWUFZUUIxQUd3QWRBQXZBR2tBYmdCa0FHVUFlQUF1QUdnQWRBQnRBR3dBSWdBc0FDSUFkQUFpQURvQUlnQmxBSFlBWlFCdUFIUUFJZ0I5QUN3QWV3QWlBRzRBSWdBNkFDSUFjZ0JsQUdFQVpBQjVBSE1BZEFCaEFIUUFaUUJqQUdnQVlRQnVBR2NBWlFBaUFDd0FJZ0J6QUNJQU9nQTBBREVBTUFBMEFDd0FJZ0JsQUNJQU9nQTBBREVBTUFBMEFDd0FJZ0J2QUNJQU9nQWlBSFVBYmdCa0FHVUFaZ0JwQUc0QVpRQmtBQ0FBUndCRkFGUUFPZ0FnQUhNQWRBQmhBR2NBYVFCdUFHY0FjQUJ5QUdVQVpBQnBBR01BZEFBMUFDNEFhUUJ1QUdZQWJBQjFBR1VBYmdCakFHVUFhQUJsQUdFQWJBQjBBR2dBTGdCakFHOEFiUUE2QURRQU5BQXpBQzhBYkFCaEFIa0Fid0IxQUhRQWN3QXZBR1FBWlFCbUFHRUFkUUJzQUhRQUx3QnBBRzRBWkFCbEFIZ0FMZ0JvQUhRQWJRQnNBQ0lBTEFBaUFIUUFJZ0E2QUNJQVpRQjJBR1VBYmdCMEFDSUFmUUFzQUhzQUlnQnVBQ0lBT2dBaUFISUFaUUJoQUdRQWVRQnpBSFFBWVFCMEFHVUFZd0JvQUdFQWJnQm5BR1VBSWdBc0FDSUFjd0FpQURvQU5BQXhBREFBTkFBc0FDSUFaUUFpQURvQU5BQXhBREFBTkFBc0FDSUFid0FpQURvQUlnQjFBRzRBWkFCbEFHWUFhUUJ1QUdVQVpBQWdBRWNBUlFCVUFEb0FJQUJ6QUhRQVlRQm5BR2tBYmdCbkFIQUFjZ0JsQUdRQWFRQmpBSFFBTlFBdUFHa0FiZ0JtQUd3QWRRQmxBRzRBWXdCbEFHZ0FaUUJoQUd3QWRBQm9BQzRBWXdCdkFHMEFPZ0EwQURRQU13QXZBR3dBWVFCNUFHOEFkUUIwQUhNQUx3QmtBR1VBWmdCaEFIVUFiQUIwQUM4QWFRQnVBR1FBWlFCNEFDNEFhQUIwQUcwQWJBQWlBQ3dBSWdCMEFDSUFPZ0FpQUdVQWRnQmxBRzRBZEFBaUFIMEFMQUI3QUNJQWJnQWlBRG9BSWdCeUFHVUFZUUJrQUhrQWN3QjBBR0VBZEFCbEFHTUFhQUJoQUc0QVp3QmxBQ0lBTEFBaUFITUFJZ0E2QURRQU1RQXlBRFVBTEFBaUFHVUFJZ0E2QURRQU1RQXlBRFVBTEFBaUFHOEFJZ0E2QUNJQWRRQnVBR1FBWlFCbUFHa0FiZ0JsQUdRQUlBQkhBRVVBVkFBNkFDQUFjd0IwQUdFQVp3QnBBRzRBWndCd0FISUFaUUJrQUdrQVl3QjBBRFVBTGdCcEFHNEFaZ0JzQUhVQVpRQnVBR01BWlFCb0FHVUFZUUJzQUhRQWFBQXVBR01BYndCdEFEb0FOQUEwQURNQUx3QWtBRzBBYndCa0FIVUFiQUJsQUM4QWJRQnZBR1FBZFFCc0FHVUFjd0F2QUhNQVpRQnpBSE1BYVFCdkFHNEFJZ0FzQUNJQWRBQWlBRG9BSWdCbEFIWUFaUUJ1QUhRQUlnQjlBQ3dBZXdBaUFHNEFJZ0E2QUNJQWNnQmxBR0VBWkFCNUFITUFkQUJoQUhRQVpRQmpBR2dBWVFCdUFHY0FaUUFpQUN3QUlnQnpBQ0lBT2dBMEFERUFNZ0EyQUN3QUlnQmxBQ0lBT2dBMEFERUFNZ0EyQUN3QUlnQnZBQ0lBT2dBaUFIVUFiZ0JrQUdVQVpnQnBBRzRBWlFCa0FDQUFSd0JGQUZRQU9nQWdBSE1BZEFCaEFHY0FhUUJ1QUdjQWNBQnlBR1VBWkFCcEFHTUFkQUExQUM0QWFRQnVBR1lBYkFCMUFHVUFiZ0JqQUdVQWFBQmxBR0VBYkFCMEFHZ0FMZ0JqQUc4QWJRQTZBRFFBTkFBekFDOEFKQUJ0QUc4QVpBQjFBR3dBWlFBdkFHMEFid0JrQUhVQWJBQmxBSE1BTHdCekFHVUFjd0J6QUdrQWJ3QnVBQ0lBTEFBaUFIUUFJZ0E2QUNJQVpRQjJBR1VBYmdCMEFDSUFmUUFzQUhzQUlnQnVBQ0lBT2dBaUFISUFaUUJoQUdRQWVRQnpBSFFBWVFCMEFHVUFZd0JvQUdFQWJnQm5BR1VBSWdBc0FDSUFjd0FpQURvQU5BQXhBRGdBTXdBc0FDSUFaUUFpQURvQU5BQXhBRGdBTXdBc0FDSUFid0FpQURvQUlnQjFBRzRBWkFCbEFHWUFhUUJ1QUdVQVpBQWdBRWNBUlFCVUFEb0FJQUJ6QUhRQVlRQm5BR2tBYmdCbkFIQUFjZ0JsQUdRQWFRQmpBSFFBTlFBdUFHa0FiZ0JtQUd3QWRRQmxBRzRBWXdCbEFHZ0FaUUJoQUd3QWRBQm9BQzRBWXdCdkFHMEFPZ0EwQURRQU13QXZBQ1FBYlFCdkFHUUFkUUJzQUdVQUx3QnRBRzhBWkFCMUFHd0FaUUJ6QUM4QWN3QmxBSE1BY3dCcEFHOEFiZ0FpQUN3QUlnQjBBQ0lBT2dBaUFHVUFkZ0JsQUc0QWRBQWlBSDBBTEFCN0FDSUFiZ0FpQURvQUlnQnlBR1VBWVFCa0FIa0Fjd0IwQUdFQWRBQmxBR01BYUFCaEFHNEFad0JsQUNJQUxBQWlBSE1BSWdBNkFEUUFNUUE0QURNQUxBQWlBR1VBSWdBNkFEUUFNUUE0QURNQUxBQWlBRzhBSWdBNkFDSUFkUUJ1QUdRQVpRQm1BR2tBYmdCbEFHUUFJQUJIQUVVQVZBQTZBQ0FBY3dCMEFHRUFad0JwQUc0QVp3QndBSElBWlFCa0FHa0FZd0IwQURVQUxnQnBBRzRBWmdCc0FIVUFaUUJ1QUdNQVpRQm9BR1VBWVFCc0FIUUFhQUF1QUdNQWJ3QnRBRG9BTkFBMEFETUFMd0FrQUcwQWJ3QmtBSFVBYkFCbEFDOEFiUUJ2QUdRQWRRQnNBR1VBY3dBdkFITUFaUUJ6QUhNQWFRQnZBRzRBSWdBc0FDSUFkQUFpQURvQUlnQmxBSFlBWlFCdUFIUUFJZ0I5QUN3QWV3QWlBRzRBSWdBNkFDSUFjZ0JsQUdFQVpBQjVBSE1BZEFCaEFIUUFaUUJqQUdnQVlRQnVBR2NBWlFBaUFDd0FJZ0J6QUNJQU9nQTBBREVBT0FBekFDd0FJZ0JsQUNJQU9nQTBBREVBT0FBekFDd0FJZ0J2QUNJQU9nQWlBSFVBYmdCa0FHVUFaZ0JwQUc0QVpRQmtBQ0FBUndCRkFGUUFPZ0FnQUhNQWRBQmhBR2NBYVFCdUFHY0FjQUJ5QUdVQVpBQnBBR01BZEFBMUFDNEFhUUJ1QUdZQWJBQjFBR1VBYmdCakFHVUFhQUJsQUdFQWJBQjBBR2dBTGdCakFHOEFiUUE2QURRQU5BQXpBQzhBSkFCdEFHOEFaQUIxQUd3QVpRQXZBRzBBYndCa0FIVUFiQUJsQUhNQUx3QnpBR1VBY3dCekFHa0Fid0J1QUNJQUxBQWlBSFFBSWdBNkFDSUFaUUIyQUdVQWJnQjBBQ0lBZlFBc0FIc0FJZ0J1QUNJQU9nQWlBSElBWlFCaEFHUUFlUUJ6QUhRQVlRQjBBR1VBWXdCb0FHRUFiZ0JuQUdVQUlnQXNBQ0lBY3dBaUFEb0FOQUF4QURnQU5nQXNBQ0lBWlFBaUFEb0FOQUF4QURnQU5nQXNBQ0lBYndBaUFEb0FJZ0IxQUc0QVpBQmxBR1lBYVFCdUFHVUFaQUFnQUVjQVJRQlVBRG9BSUFCekFIUUFZUUJuQUdrQWJnQm5BSEFBY2dCbEFHUUFhUUJqQUhRQU5RQXVBR2tBYmdCbUFHd0FkUUJsQUc0QVl3QmxBR2dBWlFCaEFHd0FkQUJvQUM0QVl3QnZBRzBBT2dBMEFEUUFNd0F2QUcwQWJ3QmtBSFVBYkFCbEFITUFMd0J6QUdVQWN3QnpBR2tBYndCdUFDOEFMd0J0QUdFQWFRQnVBQzRBYWdCekFDSUFMQUFpQUhRQUlnQTZBQ0lBWlFCMkFHVUFiZ0IwQUNJQWZRQXNBSHNBSWdCdUFDSUFPZ0FpQUhJQVpRQmhBR1FBZVFCekFIUUFZUUIwQUdVQVl3Qm9BR0VBYmdCbkFHVUFJZ0FzQUNJQWN3QWlBRG9BTkFBeEFEZ0FOd0FzQUNJQVpRQWlBRG9BTkFBeEFEZ0FOd0FzQUNJQWJ3QWlBRG9BSWdCMUFHNEFaQUJsQUdZQWFRQnVBR1VBWkFBZ0FFY0FSUUJVQURvQUlBQnpBSFFBWVFCbkFHa0FiZ0JuQUhBQWNnQmxBR1FBYVFCakFIUUFOUUF1QUdrQWJnQm1BR3dBZFFCbEFHNEFZd0JsQUdnQVpRQmhBR3dBZEFCb0FDNEFZd0J2QUcwQU9nQTBBRFFBTXdBdkFHMEFid0JrQUhVQWJBQmxBSE1BTHdCekFHVUFjd0J6QUdrQWJ3QnVBQzhBTHdCdEFHRUFhUUJ1QUM0QWFnQnpBQ0lBTEFBaUFIUUFJZ0E2QUNJQVpRQjJBR1VBYmdCMEFDSUFmUUFzQUhzQUlnQnVBQ0lBT2dBaUFISUFaUUJoQUdRQWVRQnpBSFFBWVFCMEFHVUFZd0JvQUdFQWJnQm5BR1VBSWdBc0FDSUFjd0FpQURvQU5BQXhBRGtBTVFBc0FDSUFaUUFpQURvQU5BQXhBRGtBTVFBc0FDSUFid0FpQURvQUlnQjFBRzRBWkFCbEFHWUFhUUJ1QUdVQVpBQWdBRWNBUlFCVUFEb0FJQUJ6QUhRQVlRQm5BR2tBYmdCbkFIQUFjZ0JsQUdRQWFRQmpBSFFBTlFBdUFHa0FiZ0JtQUd3QWRRQmxBRzRBWXdCbEFHZ0FaUUJoQUd3QWRBQm9BQzRBWXdCdkFHMEFPZ0EwQURRQU13QXZBRzBBYndCa0FIVUFiQUJsQUhNQUx3QnpBR1VBY3dCekFHa0Fid0J1QUM4QUx3QmpBRzhBYmdCMEFISUFid0JzQUd3QVpRQnlBSE1BWEFCY0FFd0Fid0JuQUdrQWJnQkRBSFFBY2dCc0FDNEFhZ0J6QUNJQUxBQWlBSFFBSWdBNkFDSUFaUUIyQUdVQWJnQjBBQ0lBZlFBc0FIc0FJZ0J1QUNJQU9nQWlBSElBWlFCaEFHUUFlUUJ6QUhRQVlRQjBBR1VBWXdCb0FHRUFiZ0JuQUdVQUlnQXNBQ0lBY3dBaUFEb0FOQUF4QURrQU1RQXNBQ0lBWlFBaUFEb0FOQUF4QURrQU1nQXNBQ0lBYndBaUFEb0FJZ0IxQUc0QVpBQmxBR1lBYVFCdUFHVUFaQUFnQUVjQVJRQlVBRG9BSUFCekFIUUFZUUJuQUdrQWJnQm5BSEFBY2dCbEFHUUFhUUJqQUhRQU5RQXVBR2tBYmdCbUFHd0FkUUJsQUc0QVl3QmxBR2dBWlFCaEFHd0FkQUJvQUM0QVl3QnZBRzBBT2dBMEFEUUFNd0F2QUcwQWJ3QmtBSFVBYkFCbEFITUFMd0J6QUdVQWN3QnpBR2tBYndCdUFDOEFMd0JqQUc4QWJnQjBBSElBYndCc0FHd0FaUUJ5QUhNQVhBQmNBRXdBYndCbkFHa0FiZ0JEQUhRQWNnQnNBQzRBYWdCekFDSUFMQUFpQUhRQUlnQTZBQ0lBWlFCMkFHVUFiZ0IwQUNJQWZRQXNBSHNBSWdCdUFDSUFPZ0FpQUhJQVpRQmhBR1FBZVFCekFIUUFZUUIwQUdVQVl3Qm9BR0VBYmdCbkFHVUFJZ0FzQUNJQWN3QWlBRG9BTkFBeEFEa0FOUUFzQUNJQVpRQWlBRG9BTkFBeEFEa0FOUUFzQUNJQWJ3QWlBRG9BSWdCMUFHNEFaQUJsQUdZQWFRQnVBR1VBWkFBZ0FFY0FSUUJVQURvQUlBQnpBSFFBWVFCbkFHa0FiZ0JuQUhBQWNnQmxBR1FBYVFCakFIUUFOUUF1QUdrQWJnQm1BR3dBZFFCbEFHNEFZd0JsQUdnQVpRQmhBR3dBZEFCb0FDNEFZd0J2QUcwQU9nQTBBRFFBTXdBdkFHMEFid0JrQUhVQWJBQmxBSE1BTHdCekFHVUFjd0J6QUdrQWJ3QnVBQzhBTHdCakFHOEFiZ0IwQUhJQWJ3QnNBR3dBWlFCeUFITUFYQUJjQUV3QWJ3Qm5BRzhBZFFCMEFFTUFkQUJ5QUd3QUxnQnFBSE1BSWdBc0FDSUFkQUFpQURvQUlnQmxBSFlBWlFCdUFIUUFJZ0I5QUN3QWV3QWlBRzRBSWdBNkFDSUFjZ0JsQUdFQVpBQjVBSE1BZEFCaEFIUUFaUUJqQUdnQVlRQnVBR2NBWlFBaUFDd0FJZ0J6QUNJQU9nQTBBREVBT1FBMUFDd0FJZ0JsQUNJQU9nQTBBREVBT1FBMkFDd0FJZ0J2QUNJQU9nQWlBSFVBYmdCa0FHVUFaZ0JwQUc0QVpRQmtBQ0FBUndCRkFGUUFPZ0FnQUhNQWRBQmhBR2NBYVFCdUFHY0FjQUJ5QUdVQVpBQnBBR01BZEFBMUFDNEFhUUJ1QUdZQWJBQjFBR1VBYmdCakFHVUFhQUJsQUdFQWJBQjBBR2dBTGdCakFHOEFiUUE2QURRQU5BQXpBQzhBYlFCdkFHUUFkUUJzQUdVQWN3QXZBSE1BWlFCekFITUFhUUJ2QUc0QUx3QXZBR01BYndCdUFIUUFjZ0J2QUd3QWJBQmxBSElBY3dCY0FGd0FUQUJ2QUdjQWJ3QjFBSFFBUXdCMEFISUFiQUF1QUdvQWN3QWlBQ3dBSWdCMEFDSUFPZ0FpQUdVQWRnQmxBRzRBZEFBaUFIMEFMQUI3QUNJQWJnQWlBRG9BSWdCeUFHVUFZUUJrQUhrQWN3QjBBR0VBZEFCbEFHTUFhQUJoQUc0QVp3QmxBQ0lBTEFBaUFITUFJZ0E2QURRQU1RQTVBRGtBTEFBaUFHVUFJZ0E2QURRQU1RQTVBRGtBTEFBaUFHOEFJZ0E2QUNJQWRRQnVBR1FBWlFCbUFHa0FiZ0JsQUdRQUlBQkhBRVVBVkFBNkFDQUFjd0IwQUdFQVp3QnBBRzRBWndCd0FISUFaUUJrQUdrQVl3QjBBRFVBTGdCcEFHNEFaZ0JzQUhVQVpRQnVBR01BWlFCb0FHVUFZUUJzQUhRQWFBQXVBR01BYndCdEFEb0FOQUEwQURNQUx3QnRBRzhBWkFCMUFHd0FaUUJ6QUM4QWN3QmxBSE1BY3dCcEFHOEFiZ0F2QUM4QVl3QnZBRzRBZEFCeUFHOEFiQUJzQUdVQWNnQnpBRndBWEFCU0FHOEFkUUIwQUdVQVF3QjBBSElBYkFBdUFHb0Fjd0FpQUN3QUlnQjBBQ0lBT2dBaUFHVUFkZ0JsQUc0QWRBQWlBSDBBTEFCN0FDSUFiZ0FpQURvQUlnQnlBR1VBWVFCa0FIa0Fjd0IwQUdFQWRBQmxBR01BYUFCaEFHNEFad0JsQUNJQUxBQWlBSE1BSWdBNkFEUUFNUUE1QURrQUxBQWlBR1VBSWdBNkFEUUFNUUE1QURrQUxBQWlBRzhBSWdBNkFDSUFkUUJ1QUdRQVpRQm1BR2tBYmdCbEFHUUFJQUJIQUVVQVZBQTZBQ0FBY3dCMEFHRUFad0JwQUc0QVp3QndBSElBWlFCa0FHa0FZd0IwQURVQUxnQnBBRzRBWmdCc0FIVUFaUUJ1QUdNQVpRQm9BR1VBWVFCc0FIUUFhQUF1QUdNQWJ3QnRBRG9BTkFBMEFETUFMd0J0QUc4QVpBQjFBR3dBWlFCekFDOEFjd0JsQUhNQWN3QnBBRzhBYmdBdkFDOEFZd0J2QUc0QWRBQnlBRzhBYkFCc0FHVUFjZ0J6QUZ3QVhBQlNBRzhBZFFCMEFHVUFRd0IwQUhJQWJBQXVBR29BY3dBaUFDd0FJZ0IwQUNJQU9nQWlBR1VBZGdCbEFHNEFkQUFpQUgwQUxBQjdBQ0lBYmdBaUFEb0FJZ0J5QUdVQVlRQmtBSGtBY3dCMEFHRUFkQUJsQUdNQWFBQmhBRzRBWndCbEFDSUFMQUFpQUhNQUlnQTZBRFFBTWdBekFEZ0FMQUFpQUdVQUlnQTZBRFFBTWdBekFEZ0FMQUFpQUc4QUlnQTZBQ0lBZFFCdUFHUUFaUUJtQUdrQWJnQmxBR1FBSUFCSEFFVUFWQUE2QUNBQWN3QjBBR0VBWndCcEFHNEFad0J3QUhJQVpRQmtBR2tBWXdCMEFEVUFMZ0JwQUc0QVpnQnNBSFVBWlFCdUFHTUFaUUJvQUdVQVlRQnNBSFFBYUFBdUFHTUFid0J0QURvQU5BQTBBRE1BTHdCdEFHOEFaQUIxQUd3QVpRQnpBQzhBY3dCbEFITUFjd0JwQUc4QWJnQXZBQzhBYlFCaEFHa0FiZ0F1QUdvQWN3QWlBQ3dBSWdCMEFDSUFPZ0FpQUdVQWRnQmxBRzRBZEFBaUFIMEFMQUI3QUNJQWJnQWlBRG9BSWdCeUFHVUFZUUJrQUhrQWN3QjBBR0VBZEFCbEFHTUFhQUJoQUc0QVp3QmxBQ0lBTEFBaUFITUFJZ0E2QURRQU1nQXpBRGdBTEFBaUFHVUFJZ0E2QURRQU1nQXpBRGdBTEFBaUFHOEFJZ0E2QUNJQWRRQnVBR1FBWlFCbUFHa0FiZ0JsQUdRQUlBQkhBRVVBVkFBNkFDQUFjd0IwQUdFQVp3QnBBRzRBWndCd0FISUFaUUJrQUdrQVl3QjBBRFVBTGdCcEFHNEFaZ0JzQUhVQVpRQnVBR01BWlFCb0FHVUFZUUJzQUhRQWFBQXVBR01BYndCdEFEb0FOQUEwQURNQUx3QnRBRzhBWkFCMUFHd0FaUUJ6QUM4QWN3QmxBSE1BY3dCcEFHOEFiZ0F2QUM4QWJRQmhBR2tBYmdBdUFHb0Fjd0FpQUN3QUlnQjBBQ0lBT2dBaUFHVUFkZ0JsQUc0QWRBQWlBSDBBTEFCN0FDSUFiZ0FpQURvQUlnQnlBR1VBWVFCa0FIa0Fjd0IwQUdFQWRBQmxBR01BYUFCaEFHNEFad0JsQUNJQUxBQWlBSE1BSWdBNkFEUUFNZ0F6QURnQUxBQWlBR1VBSWdBNkFEUUFNZ0F6QURnQUxBQWlBRzhBSWdBNkFDSUFkUUJ1QUdRQVpRQm1BR2tBYmdCbEFHUUFJQUJIQUVVQVZBQTZBQ0FBY3dCMEFHRUFad0JwQUc0QVp3QndBSElBWlFCa0FHa0FZd0IwQURVQUxnQnBBRzRBWmdCc0FIVUFaUUJ1QUdNQVpRQm9BR1VBWVFCc0FIUUFhQUF1QUdNQWJ3QnRBRG9BTkFBMEFETUFMd0J0QUc4QVpBQjFBR3dBWlFCekFDOEFjd0JsQUhNQWN3QnBBRzhBYmdBdkFDOEFiUUJoQUdrQWJnQXVBR29BY3dBaUFDd0FJZ0IwQUNJQU9nQWlBR1VBZGdCbEFHNEFkQUFpQUgwQUxBQjdBQ0lBYmdBaUFEb0FJZ0J5QUdVQVlRQmtBSGtBY3dCMEFHRUFkQUJsQUdNQWFBQmhBRzRBWndCbEFDSUFMQUFpQUhNQUlnQTZBRFFBTWdBekFEZ0FMQUFpQUdVQUlnQTZBRFFBTWdBekFEZ0FMQUFpQUc4QUlnQTZBQ0lBZFFCdUFHUUFaUUJtQUdrQWJnQmxBR1FBSUFCSEFFVUFWQUE2QUNBQWN3QjBBR0VBWndCcEFHNEFad0J3QUhJQVpRQmtBR2tBWXdCMEFEVUFMZ0JwQUc0QVpnQnNBSFVBWlFCdUFHTUFaUUJvQUdVQVlRQnNBSFFBYUFBdUFHTUFid0J0QURvQU5BQTBBRE1BTHdCdEFHOEFaQUIxQUd3QVpRQnpBQzhBY3dCbEFITUFjd0JwQUc4QWJnQXZBQzhBYlFCaEFHa0FiZ0F1QUdvQWN3QWlBQ3dBSWdCMEFDSUFPZ0FpQUdVQWRnQmxBRzRBZEFBaUFIMEFMQUI3QUNJQWJnQWlBRG9BSWdCeUFHVUFZUUJrQUhrQWN3QjBBR0VBZEFCbEFHTUFhQUJoQUc0QVp3QmxBQ0lBTEFBaUFITUFJZ0E2QURRQU1nQTBBRElBTEFBaUFHVUFJZ0E2QURRQU1nQTBBRElBTEFBaUFHOEFJZ0E2QUNJQWRRQnVBR1FBWlFCbUFHa0FiZ0JsQUdRQUlBQkhBRVVBVkFBNkFDQUFjd0IwQUdFQVp3QnBBRzRBWndCd0FISUFaUUJrQUdrQVl3QjBBRFVBTGdCcEFHNEFaZ0JzQUhVQVpRQnVBR01BWlFCb0FHVUFZUUJzQUhRQWFBQXVBR01BYndCdEFEb0FOQUEwQURNQUx3QnRBRzhBWkFCMUFHd0FaUUJ6QUM4QWN3QmxBSE1BY3dCcEFHOEFiZ0F2QUdNQWJ3QnVBSFFBY2dCdkFHd0FiQUJsQUhJQWN3QXZBRklBYndCMUFIUUFaUUJEQUhRQWNnQnNBQzRBYWdCekFDSUFMQUFpQUhRQUlnQTZBQ0lBWlFCMkFHVUFiZ0IwQUNJQWZRQXNBSHNBSWdCdUFDSUFPZ0FpQUhJQVpRQmhBR1FBZVFCekFIUUFZUUIwQUdVQVl3Qm9BR0VBYmdCbkFHVUFJZ0FzQUNJQWN3QWlBRG9BTkFBeUFEUUFNZ0FzQUNJQVpRQWlBRG9BTkFBeUFEUUFNZ0FzQUNJQWJ3QWlBRG9BSWdCMUFHNEFaQUJsQUdZQWFRQnVBR1VBWkFBZ0FFY0FSUUJVQURvQUlBQnpBSFFBWVFCbkFHa0FiZ0JuQUhBQWNnQmxBR1FBYVFCakFIUUFOUUF1QUdrQWJnQm1BR3dBZFFCbEFHNEFZd0JsQUdnQVpRQmhBR3dBZEFCb0FDNEFZd0J2QUcwQU9nQTBBRFFBTXdBdkFHMEFid0JrQUhVQWJBQmxBSE1BTHdCekFHVUFjd0J6QUdrQWJ3QnVBQzhBWXdCdkFHNEFkQUJ5QUc4QWJBQnNBR1VBY2dCekFDOEFVZ0J2QUhVQWRBQmxBRU1BZEFCeUFHd0FMZ0JxQUhNQUlnQXNBQ0lBZEFBaUFEb0FJZ0JsQUhZQVpRQnVBSFFBSWdCOUFDd0Fld0FpQUc0QUlnQTZBQ0lBY2dCbEFHRUFaQUI1QUhNQWRBQmhBSFFBWlFCakFHZ0FZUUJ1QUdjQVpRQWlBQ3dBSWdCekFDSUFPZ0EwQURJQU5BQTFBQ3dBSWdCbEFDSUFPZ0EwQURJQU5BQTJBQ3dBSWdCdkFDSUFPZ0FpQUhVQWJnQmtBR1VBWmdCcEFHNEFaUUJrQUNBQVJ3QkZBRlFBT2dBZ0FITUFkQUJoQUdjQWFRQnVBR2NBY0FCeUFHVUFaQUJwQUdNQWRBQTFBQzRBYVFCdUFHWUFiQUIxQUdVQWJnQmpBR1VBYUFCbEFHRUFiQUIwQUdnQUxnQmpBRzhBYlFBNkFEUUFOQUF6QUM4QWJRQnZBR1FBZFFCc0FHVUFjd0F2QUhNQVpRQnpBSE1BYVFCdkFHNEFMd0JqQUc4QWJnQjBBSElBYndCc0FHd0FaUUJ5QUhNQUx3Qk1BRzhBWndCcEFHNEFRd0IwQUhJQWJBQXVBR29BY3dBaUFDd0FJZ0IwQUNJQU9nQWlBR1VBZGdCbEFHNEFkQUFpQUgwQUxBQjdBQ0lBYmdBaUFEb0FJZ0J5QUdVQVlRQmtBSGtBY3dCMEFHRUFkQUJsQUdNQWFBQmhBRzRBWndCbEFDSUFMQUFpQUhNQUlnQTZBRFFBTWdBMEFEWUFMQUFpQUdVQUlnQTZBRFFBTWdBMEFEWUFMQUFpQUc4QUlnQTZBQ0lBZFFCdUFHUUFaUUJtQUdrQWJnQmxBR1FBSUFCSEFFVUFWQUE2QUNBQWN3QjBBR0VBWndCcEFHNEFad0J3QUhJQVpRQmtBR2tBWXdCMEFEVUFMZ0JwQUc0QVpnQnNBSFVBWlFCdUFHTUFaUUJvQUdVQVlRQnNBSFFBYUFBdUFHTUFid0J0QURvQU5BQTBBRE1BTHdCdEFHOEFaQUIxQUd3QVpRQnpBQzhBY3dCbEFITUFjd0JwQUc4QWJnQXZBR01BYndCdUFIUUFjZ0J2QUd3QWJBQmxBSElBY3dBdkFFd0Fid0JuQUdrQWJnQkRBSFFBY2dCc0FDNEFhZ0J6QUNJQUxBQWlBSFFBSWdBNkFDSUFaUUIyQUdVQWJnQjBBQ0lBZlFBc0FIc0FJZ0J1QUNJQU9nQWlBSElBWlFCaEFHUUFlUUJ6QUhRQVlRQjBBR1VBWXdCb0FHRUFiZ0JuQUdVQUlnQXNBQ0lBY3dBaUFEb0FOQUF5QURRQU9RQXNBQ0lBWlFBaUFEb0FOQUF5QURRQU9RQXNBQ0lBYndBaUFEb0FJZ0IxQUc0QVpBQmxBR1lBYVFCdUFHVUFaQUFnQUVjQVJRQlVBRG9BSUFCekFIUUFZUUJuQUdrQWJnQm5BSEFBY2dCbEFHUUFhUUJqQUhRQU5RQXVBR2tBYmdCbUFHd0FkUUJsQUc0QVl3QmxBR2dBWlFCaEFHd0FkQUJvQUM0QVl3QnZBRzBBT2dBMEFEUUFNd0F2QUcwQWJ3QmtBSFVBYkFCbEFITUFMd0J6QUdVQWN3QnpBR2tBYndCdUFDOEFZd0J2QUc0QWRBQnlBRzhBYkFCc0FHVUFjZ0J6QUM4QVRBQnZBR2NBYndCMUFIUUFRd0IwQUhJQWJBQXVBR29BY3dBaUFDd0FJZ0IwQUNJQU9nQWlBR1VBZGdCbEFHNEFkQUFpQUgwQUxBQjdBQ0lBYmdBaUFEb0FJZ0J5QUdVQVlRQmtBSGtBY3dCMEFHRUFkQUJsQUdNQWFBQmhBRzRBWndCbEFDSUFMQUFpQUhNQUlnQTZBRFFBTWdBMUFEQUFMQUFpQUdVQUlnQTZBRFFBTWdBMUFEQUFMQUFpQUc4QUlnQTZBQ0lBZFFCdUFHUUFaUUJtQUdrQWJnQmxBR1FBSUFCSEFFVUFWQUE2QUNBQWN3QjBBR0VBWndCcEFHNEFad0J3QUhJQVpRQmtBR2tBWXdCMEFEVUFMZ0JwQUc0QVpnQnNBSFVBWlFCdUFHTUFaUUJvQUdVQVlRQnNBSFFBYUFBdUFHTUFid0J0QURvQU5BQTBBRE1BTHdCdEFHOEFaQUIxQUd3QVpRQnpBQzhBY3dCbEFITUFjd0JwQUc4QWJnQXZBR01BYndCdUFIUUFjZ0J2QUd3QWJBQmxBSElBY3dBdkFFd0Fid0JuQUc4QWRRQjBBRU1BZEFCeUFHd0FMZ0JxQUhNQUlnQXNBQ0lBZEFBaUFEb0FJZ0JsQUhZQVpRQnVBSFFBSWdCOUFDd0Fld0FpQUc0QUlnQTZBQ0lBY2dCbEFHRUFaQUI1QUhNQWRBQmhBSFFBWlFCakFHZ0FZUUJ1QUdjQVpRQWlBQ3dBSWdCekFDSUFPZ0EwQURJQU5RQTVBQ3dBSWdCbEFDSUFPZ0EwQURJQU5RQTVBQ3dBSWdCdkFDSUFPZ0FpQUhVQWJnQmtBR1VBWmdCcEFHNEFaUUJrQUNBQVJ3QkZBRlFBT2dBZ0FITUFkQUJoQUdjQWFRQnVBR2NBY0FCeUFHVUFaQUJwQUdNQWRBQTFBQzRBYVFCdUFHWUFiQUIxQUdVQWJnQmpBR1VBYUFCbEFHRUFiQUIwQUdnQUxnQmpBRzhBYlFBNkFEUUFOQUF6QUM4QWJRQnZBR1FBZFFCc0FHVUFjd0F2QUhNQVpRQnpBSE1BYVFCdkFHNEFMd0F2QUdNQWJ3QnVBSFFBY2dCdkFHd0FiQUJsQUhJQWN3QmNBRndBVEFCdkFHY0FhUUJ1QUVNQWRBQnlBR3dBTGdCcUFITUFJZ0FzQUNJQWRBQWlBRG9BSWdCbEFIWUFaUUJ1QUhRQUlnQjlBQ3dBZXdBaUFHNEFJZ0E2QUNJQWNnQmxBR0VBWkFCNUFITUFkQUJoQUhRQVpRQmpBR2dBWVFCdUFHY0FaUUFpQUN3QUlnQnpBQ0lBT2dBMEFESUFOUUE1QUN3QUlnQmxBQ0lBT2dBMEFESUFOUUE1QUN3QUlnQnZBQ0lBT2dBaUFIVUFiZ0JrQUdVQVpnQnBBRzRBWlFCa0FDQUFSd0JGQUZRQU9nQWdBSE1BZEFCaEFHY0FhUUJ1QUdjQWNBQnlBR1VBWkFCcEFHTUFkQUExQUM0QWFRQnVBR1lBYkFCMUFHVUFiZ0JqQUdVQWFBQmxBR0VBYkFCMEFHZ0FMZ0JqQUc4QWJRQTZBRFFBTkFBekFDOEFiUUJ2QUdRQWRRQnNBR1VBY3dBdkFITUFaUUJ6QUhNQWFRQnZBRzRBTHdBdkFHTUFid0J1QUhRQWNnQnZBR3dBYkFCbEFISUFjd0JjQUZ3QVRBQnZBR2NBYVFCdUFFTUFkQUJ5QUd3QUxnQnFBSE1BSWdBc0FDSUFkQUFpQURvQUlnQmxBSFlBWlFCdUFIUUFJZ0I5QUN3QWV3QWlBRzRBSWdBNkFDSUFjZ0JsQUdFQVpBQjVBSE1BZEFCaEFIUUFaUUJqQUdnQVlRQnVBR2NBWlFBaUFDd0FJZ0J6QUNJQU9nQTBBRElBTlFBNUFDd0FJZ0JsQUNJQU9nQTBBRElBTlFBNUFDd0FJZ0J2QUNJQU9nQWlBSFVBYmdCa0FHVUFaZ0JwQUc0QVpRQmtBQ0FBUndCRkFGUUFPZ0FnQUhNQWRBQmhBR2NBYVFCdUFHY0FjQUJ5QUdVQVpBQnBBR01BZEFBMUFDNEFhUUJ1QUdZQWJBQjFBR1VBYmdCakFHVUFhQUJsQUdFQWJBQjBBR2dBTGdCakFHOEFiUUE2QURRQU5BQXpBQzhBYlFCdkFHUUFkUUJzQUdVQWN3QXZBSE1BWlFCekFITUFhUUJ2QUc0QUx3QXZBR01BYndCdUFIUUFjZ0J2QUd3QWJBQmxBSElBY3dCY0FGd0FUQUJ2QUdjQWFRQnVBRU1BZEFCeUFHd0FMZ0JxQUhNQUlnQXNBQ0lBZEFBaUFEb0FJZ0JsQUhZQVpRQnVBSFFBSWdCOUFDd0Fld0FpQUc0QUlnQTZBQ0lBY2dCbEFHRUFaQUI1QUhNQWRBQmhBSFFBWlFCakFHZ0FZUUJ1QUdjQVpRQWlBQ3dBSWdCekFDSUFPZ0EwQURJQU5RQTVBQ3dBSWdCbEFDSUFPZ0EwQURJQU5RQTVBQ3dBSWdCdkFDSUFPZ0FpQUhVQWJnQmtBR1VBWmdCcEFHNEFaUUJrQUNBQVJ3QkZBRlFBT2dBZ0FITUFkQUJoQUdjQWFRQnVBR2NBY0FCeUFHVUFaQUJwQUdNQWRBQTFBQzRBYVFCdUFHWUFiQUIxQUdVQWJnQmpBR1VBYUFCbEFHRUFiQUIwQUdnQUxnQmpBRzhBYlFBNkFEUUFOQUF6QUM4QWJRQnZBR1FBZFFCc0FHVUFjd0F2QUhNQVpRQnpBSE1BYVFCdkFHNEFMd0F2QUdNQWJ3QnVBSFFBY2dCdkFHd0FiQUJsQUhJQWN3QmNBRndBVEFCdkFHY0FhUUJ1QUVNQWRBQnlBR3dBTGdCcUFITUFJZ0FzQUNJQWRBQWlBRG9BSWdCbEFIWUFaUUJ1QUhRQUlnQjlBQ3dBZXdBaUFHNEFJZ0E2QUNJQWNnQmxBR0VBWkFCNUFITUFkQUJoQUhRQVpRQmpBR2dBWVFCdUFHY0FaUUFpQUN3QUlnQnpBQ0lBT2dBMEFESUFOUUE1QUN3QUlnQmxBQ0lBT2dBMEFESUFOUUE1QUN3QUlnQnZBQ0lBT2dBaUFIVUFiZ0JrQUdVQVpnQnBBRzRBWlFCa0FDQUFSd0JGQUZRQU9nQWdBSE1BZEFCaEFHY0FhUUJ1QUdjQWNBQnlBR1VBWkFCcEFHTUFkQUExQUM0QWFRQnVBR1lBYkFCMUFHVUFiZ0JqQUdVQWFBQmxBR0VBYkFCMEFHZ0FMZ0JqQUc4QWJRQTZBRFFBTkFBekFDOEFiUUJ2QUdRQWRRQnNBR1VBY3dBdkFITUFaUUJ6QUhNQWFRQnZBRzRBTHdBdkFHTUFid0J1QUhRQWNnQnZBR3dBYkFCbEFISUFjd0JjQUZ3QVRBQnZBR2NBYVFCdUFFTUFkQUJ5QUd3QUxnQnFBSE1BSWdBc0FDSUFkQUFpQURvQUlnQmxBSFlBWlFCdUFIUUFJZ0I5QUN3QWV3QWlBRzRBSWdBNkFDSUFjZ0JsQUdFQVpBQjVBSE1BZEFCaEFIUUFaUUJqQUdnQVlRQnVBR2NBWlFBaUFDd0FJZ0J6QUNJQU9nQTBBRElBTmdBd0FDd0FJZ0JsQUNJQU9nQTBBRElBTmdBd0FDd0FJZ0J2QUNJQU9nQWlBSFVBYmdCa0FHVUFaZ0JwQUc0QVpRQmtBQ0FBUndCRkFGUUFPZ0FnQUhNQWRBQmhBR2NBYVFCdUFHY0FjQUJ5QUdVQVpBQnBBR01BZEFBMUFDNEFhUUJ1QUdZQWJBQjFBR1VBYmdCakFHVUFhQUJsQUdFQWJBQjBBR2dBTGdCakFHOEFiUUE2QURRQU5BQXpBQzhBYlFCdkFHUUFkUUJzQUdVQWN3QXZBSE1BWlFCekFITUFhUUJ2QUc0QUx3QXZBR01BYndCdUFIUUFjZ0J2QUd3QWJBQmxBSElBY3dCY0FGd0FUQUJ2QUdjQWFRQnVBRU1BZEFCeUFHd0FMZ0JxQUhNQUlnQXNBQ0lBZEFBaUFEb0FJZ0JsQUhZQVpRQnVBSFFBSWdCOUFDd0Fld0FpQUc0QUlnQTZBQ0lBY2dCbEFHRUFaQUI1QUhNQWRBQmhBSFFBWlFCakFHZ0FZUUJ1QUdjQVpRQWlBQ3dBSWdCekFDSUFPZ0EwQURJQU5nQXdBQ3dBSWdCbEFDSUFPZ0EwQURJQU5nQXdBQ3dBSWdCdkFDSUFPZ0FpQUhVQWJnQmtBR1VBWmdCcEFHNEFaUUJrQUNBQVJ3QkZBRlFBT2dBZ0FITUFkQUJoQUdjQWFRQnVBR2NBY0FCeUFHVUFaQUJwQUdNQWRBQTFBQzRBYVFCdUFHWUFiQUIxQUdVQWJnQmpBR1VBYUFCbEFHRUFiQUIwQUdnQUxnQmpBRzhBYlFBNkFEUUFOQUF6QUM4QWJRQnZBR1FBZFFCc0FHVUFjd0F2QUhNQVpRQnpBSE1BYVFCdkFHNEFMd0F2QUdNQWJ3QnVBSFFBY2dCdkFHd0FiQUJsQUhJQWN3QmNBRndBVEFCdkFHY0FhUUJ1QUVNQWRBQnlBR3dBTGdCcUFITUFJZ0FzQUNJQWRBQWlBRG9BSWdCbEFIWUFaUUJ1QUhRQUlnQjlBQ3dBZXdBaUFHNEFJZ0E2QUNJQWNnQmxBR0VBWkFCNUFITUFkQUJoQUhRQVpRQmpBR2dBWVFCdUFHY0FaUUFpQUN3QUlnQnpBQ0lBT2dBMEFESUFOZ0F5QUN3QUlnQmxBQ0lBT2dBMEFESUFOZ0F5QUN3QUlnQnZBQ0lBT2dBaUFIVUFiZ0JrQUdVQVpnQnBBRzRBWlFCa0FDQUFSd0JGQUZRQU9nQWdBSE1BZEFCaEFHY0FhUUJ1QUdjQWNBQnlBR1VBWkFCcEFHTUFkQUExQUM0QWFRQnVBR1lBYkFCMUFHVUFiZ0JqQUdVQWFBQmxBR0VBYkFCMEFHZ0FMZ0JqQUc4QWJRQTZBRFFBTkFBekFDOEFiUUJ2QUdRQWRRQnNBR1VBY3dBdkFITUFaUUJ6QUhNQWFRQnZBRzRBTHdBdkFHTUFid0J1QUhRQWNnQnZBR3dBYkFCbEFISUFjd0JjQUZ3QVRBQnZBR2NBYndCMUFIUUFRd0IwQUhJQWJBQXVBR29BY3dBaUFDd0FJZ0IwQUNJQU9nQWlBR1VBZGdCbEFHNEFkQUFpQUgwQUxBQjdBQ0lBYmdBaUFEb0FJZ0J5QUdVQVlRQmtBSGtBY3dCMEFHRUFkQUJsQUdNQWFBQmhBRzRBWndCbEFDSUFMQUFpQUhNQUlnQTZBRFFBTWdBMkFETUFMQUFpQUdVQUlnQTZBRFFBTWdBMkFETUFMQUFpQUc4QUlnQTZBQ0lBZFFCdUFHUUFaUUJtQUdrQWJnQmxBR1FBSUFCSEFFVUFWQUE2QUNBQWN3QjBBR0VBWndCcEFHNEFad0J3QUhJQVpRQmtBR2tBWXdCMEFEVUFMZ0JwQUc0QVpnQnNBSFVBWlFCdUFHTUFaUUJvQUdVQVlRQnNBSFFBYUFBdUFHTUFid0J0QURvQU5BQTBBRE1BTHdCdEFHOEFaQUIxQUd3QVpRQnpBQzhBY3dCbEFITUFjd0JwQUc4QWJnQXZBQzhBWXdCdkFHNEFkQUJ5QUc4QWJBQnNBR1VBY2dCekFGd0FYQUJNQUc4QVp3QnZBSFVBZEFCREFIUUFjZ0JzQUM0QWFnQnpBQ0lBTEFBaUFIUUFJZ0E2QUNJQVpRQjJBR1VBYmdCMEFDSUFmUUFzQUhzQUlnQnVBQ0lBT2dBaUFISUFaUUJoQUdRQWVRQnpBSFFBWVFCMEFHVUFZd0JvQUdFQWJnQm5BR1VBSWdBc0FDSUFjd0FpQURvQU5BQXlBRFlBTXdBc0FDSUFaUUFpQURvQU5BQXlBRFlBTXdBc0FDSUFid0FpQURvQUlnQjFBRzRBWkFCbEFHWUFhUUJ1QUdVQVpBQWdBRWNBUlFCVUFEb0FJQUJ6QUhRQVlRQm5BR2tBYmdCbkFIQUFjZ0JsQUdRQWFRQmpBSFFBTlFBdUFHa0FiZ0JtQUd3QWRRQmxBRzRBWXdCbEFHZ0FaUUJoQUd3QWRBQm9BQzRBWXdCdkFHMEFPZ0EwQURRQU13QXZBRzBBYndCa0FIVUFiQUJsQUhNQUx3QnpBR1VBY3dCekFHa0Fid0J1QUM4QUx3QmpBRzhBYmdCMEFISUFid0JzQUd3QVpRQnlBSE1BWEFCY0FFd0Fid0JuQUc4QWRRQjBBRU1BZEFCeUFHd0FMZ0JxQUhNQUlnQXNBQ0lBZEFBaUFEb0FJZ0JsQUhZQVpRQnVBSFFBSWdCOUFDd0Fld0FpQUc0QUlnQTZBQ0lBY2dCbEFHRUFaQUI1QUhNQWRBQmhBSFFBWlFCakFHZ0FZUUJ1QUdjQVpRQWlBQ3dBSWdCekFDSUFPZ0EwQURJQU5nQTNBQ3dBSWdCbEFDSUFPZ0EwQURJQU5nQTNBQ3dBSWdCdkFDSUFPZ0FpQUhVQWJnQmtBR1VBWmdCcEFHNEFaUUJrQUNBQVJ3QkZBRlFBT2dBZ0FITUFkQUJoQUdjQWFRQnVBR2NBY0FCeUFHVUFaQUJwQUdNQWRBQTFBQzRBYVFCdUFHWUFiQUIxQUdVQWJnQmpBR1VBYUFCbEFHRUFiQUIwQUdnQUxnQmpBRzhBYlFBNkFEUUFOQUF6QUM4QWJRQnZBR1FBZFFCc0FHVUFjd0F2QUhNQVpRQnpBSE1BYVFCdkFHNEFMd0F2QUdNQWJ3QnVBSFFBY2dCdkFHd0FiQUJsQUhJQWN3QmNBRndBVWdCdkFIVUFkQUJsQUVNQWRBQnlBR3dBTGdCcUFITUFJZ0FzQUNJQWRBQWlBRG9BSWdCbEFIWUFaUUJ1QUhRQUlnQjlBQ3dBZXdBaUFHNEFJZ0E2QUNJQWNnQmxBR0VBWkFCNUFITUFkQUJoQUhRQVpRQmpBR2dBWVFCdUFHY0FaUUFpQUN3QUlnQnpBQ0lBT2dBMEFESUFOZ0EzQUN3QUlnQmxBQ0lBT2dBMEFESUFOZ0EzQUN3QUlnQnZBQ0lBT2dBaUFIVUFiZ0JrQUdVQVpnQnBBRzRBWlFCa0FDQUFSd0JGQUZRQU9nQWdBSE1BZEFCaEFHY0FhUUJ1QUdjQWNBQnlBR1VBWkFCcEFHTUFkQUExQUM0QWFRQnVBR1lBYkFCMUFHVUFiZ0JqQUdVQWFBQmxBR0VBYkFCMEFHZ0FMZ0JqQUc4QWJRQTZBRFFBTkFBekFDOEFiUUJ2QUdRQWRRQnNBR1VBY3dBdkFITUFaUUJ6QUhNQWFRQnZBRzRBTHdBdkFHTUFid0J1QUhRQWNnQnZBR3dBYkFCbEFISUFjd0JjQUZ3QVVnQnZBSFVBZEFCbEFFTUFkQUJ5QUd3QUxnQnFBSE1BSWdBc0FDSUFkQUFpQURvQUlnQmxBSFlBWlFCdUFIUUFJZ0I5QUN3QWV3QWlBRzRBSWdBNkFDSUFjZ0JsQUdFQVpBQjVBSE1BZEFCaEFIUUFaUUJqQUdnQVlRQnVBR2NBWlFBaUFDd0FJZ0J6QUNJQU9nQTBBRElBTmdBM0FDd0FJZ0JsQUNJQU9nQTBBRElBTmdBNEFDd0FJZ0J2QUNJQU9nQWlBSFVBYmdCa0FHVUFaZ0JwQUc0QVpRQmtBQ0FBUndCRkFGUUFPZ0FnQUhNQWRBQmhBR2NBYVFCdUFHY0FjQUJ5QUdVQVpBQnBBR01BZEFBMUFDNEFhUUJ1QUdZQWJBQjFBR1VBYmdCakFHVUFhQUJsQUdFQWJBQjBBR2dBTGdCakFHOEFiUUE2QURRQU5BQXpBQzhBYlFCdkFHUUFkUUJzQUdVQWN3QXZBSE1BWlFCekFITUFhUUJ2QUc0QUx3QXZBR01BYndCdUFIUUFjZ0J2QUd3QWJBQmxBSElBY3dCY0FGd0FVZ0J2QUhVQWRBQmxBRU1BZEFCeUFHd0FMZ0JxQUhNQUlnQXNBQ0lBZEFBaUFEb0FJZ0JsQUhZQVpRQnVBSFFBSWdCOUFDd0Fld0FpQUc0QUlnQTZBQ0lBY2dCbEFHRUFaQUI1QUhNQWRBQmhBSFFBWlFCakFHZ0FZUUJ1QUdjQVpRQWlBQ3dBSWdCekFDSUFPZ0EwQURJQU53QXlBQ3dBSWdCbEFDSUFPZ0EwQURJQU53QXlBQ3dBSWdCdkFDSUFPZ0FpQUhVQWJnQmtBR1VBWmdCcEFHNEFaUUJrQUNBQVJ3QkZBRlFBT2dBZ0FITUFkQUJoQUdjQWFRQnVBR2NBY0FCeUFHVUFaQUJwQUdNQWRBQTFBQzRBYVFCdUFHWUFiQUIxQUdVQWJnQmpBR1VBYUFCbEFHRUFiQUIwQUdnQUxnQmpBRzhBYlFBNkFEUUFOQUF6QUM4QWJRQnZBR1FBZFFCc0FHVUFjd0F2QUhNQVpRQnpBSE1BYVFCdkFHNEFMd0JwQUc0QVpBQmxBSGdBTGdCb0FIUUFiUUJzQUNJQUxBQWlBSFFBSWdBNkFDSUFaUUIyQUdVQWJnQjBBQ0lBZlFBc0FIc0FJZ0J1QUNJQU9nQWlBSElBWlFCaEFHUUFlUUJ6QUhRQVlRQjBBR1VBWXdCb0FHRUFiZ0JuQUdVQUlnQXNBQ0lBY3dBaUFEb0FOQUF5QURjQU1nQXNBQ0lBWlFBaUFEb0FOQUF5QURjQU1nQXNBQ0lBYndBaUFEb0FJZ0IxQUc0QVpBQmxBR1lBYVFCdUFHVUFaQUFnQUVjQVJRQlVBRG9BSUFCekFIUUFZUUJuQUdrQWJnQm5BSEFBY2dCbEFHUUFhUUJqQUhRQU5RQXVBR2tBYmdCbUFHd0FkUUJsQUc0QVl3QmxBR2dBWlFCaEFHd0FkQUJvQUM0QVl3QnZBRzBBT2dBMEFEUUFNd0F2QUcwQWJ3QmtBSFVBYkFCbEFITUFMd0J6QUdVQWN3QnpBR2tBYndCdUFDOEFhUUJ1QUdRQVpRQjRBQzRBYUFCMEFHMEFiQUFpQUN3QUlnQjBBQ0lBT2dBaUFHVUFkZ0JsQUc0QWRBQWlBSDBBTEFCN0FDSUFiZ0FpQURvQUlnQnlBR1VBWVFCa0FIa0Fjd0IwQUdFQWRBQmxBR01BYUFCaEFHNEFad0JsQUNJQUxBQWlBSE1BSWdBNkFEUUFNZ0E0QURVQUxBQWlBR1VBSWdBNkFEUUFNZ0E0QURVQUxBQWlBRzhBSWdBNkFDSUFkUUJ1QUdRQVpRQm1BR2tBYmdCbEFHUUFJQUJIQUVVQVZBQTZBQ0FBY3dCMEFHRUFad0JwQUc0QVp3QndBSElBWlFCa0FHa0FZd0IwQURVQUxnQnBBRzRBWmdCc0FIVUFaUUJ1QUdNQVpRQm9BR1VBWVFCc0FIUUFhQUF1QUdNQWJ3QnRBRG9BTkFBMEFETUFMd0J0QUc4QVpBQjFBR3dBWlFCekFDOEFjd0JsQUhNQWN3QnBBRzhBYmdBdkFHTUFid0J1QUhRQWNnQnZBR3dBYkFCbEFISUFjd0F2QUZJQWJ3QjFBSFFBWlFCREFIUUFjZ0JzQUM0QWFnQnpBQ0lBTEFBaUFIUUFJZ0E2QUNJQVpRQjJBR1VBYmdCMEFDSUFmUUFzQUhzQUlnQnVBQ0lBT2dBaUFISUFaUUJoQUdRQWVRQnpBSFFBWVFCMEFHVUFZd0JvQUdFQWJnQm5BR1VBSWdBc0FDSUFjd0FpQURvQU5BQXlBRGdBTlFBc0FDSUFaUUFpQURvQU5BQXlBRGdBTlFBc0FDSUFid0FpQURvQUlnQjFBRzRBWkFCbEFHWUFhUUJ1QUdVQVpBQWdBRWNBUlFCVUFEb0FJQUJ6QUhRQVlRQm5BR2tBYmdCbkFIQUFjZ0JsQUdRQWFRQmpBSFFBTlFBdUFHa0FiZ0JtQUd3QWRRQmxBRzRBWXdCbEFHZ0FaUUJoQUd3QWRBQm9BQzRBWXdCdkFHMEFPZ0EwQURRQU13QXZBRzBBYndCa0FIVUFiQUJsQUhNQUx3QnpBR1VBY3dCekFHa0Fid0J1QUM4QVl3QnZBRzRBZEFCeUFHOEFiQUJzQUdVQWNnQnpBQzhBVWdCdkFIVUFkQUJsQUVNQWRBQnlBR3dBTGdCcUFITUFJZ0FzQUNJQWRBQWlBRG9BSWdCbEFIWUFaUUJ1QUhRQUlnQjlBQ3dBZXdBaUFHNEFJZ0E2QUNJQWNnQmxBR0VBWkFCNUFITUFkQUJoQUhRQVpRQmpBR2dBWVFCdUFHY0FaUUFpQUN3QUlnQnpBQ0lBT2dBMEFESUFPQUExQUN3QUlnQmxBQ0lBT2dBMEFESUFPQUExQUN3QUlnQnZBQ0lBT2dBaUFIVUFiZ0JrQUdVQVpnQnBBRzRBWlFCa0FDQUFSd0JGQUZRQU9nQWdBSE1BZEFCaEFHY0FhUUJ1QUdjQWNBQnlBR1VBWkFCcEFHTUFkQUExQUM0QWFRQnVBR1lBYkFCMUFHVUFiZ0JqQUdVQWFBQmxBR0VBYkFCMEFHZ0FMZ0JqQUc4QWJRQTZBRFFBTkFBekFDOEFiUUJ2QUdRQWRRQnNBR1VBY3dBdkFITUFaUUJ6QUhNQWFRQnZBRzRBTHdCakFHOEFiZ0IwQUhJQWJ3QnNBR3dBWlFCeUFITUFMd0JTQUc4QWRRQjBBR1VBUXdCMEFISUFiQUF1QUdvQWN3QWlBQ3dBSWdCMEFDSUFPZ0FpQUdVQWRnQmxBRzRBZEFBaUFIMEFMQUI3QUNJQWJnQWlBRG9BSWdCeUFHVUFZUUJrQUhrQWN3QjBBR0VBZEFCbEFHTUFhQUJoQUc0QVp3QmxBQ0lBTEFBaUFITUFJZ0E2QURRQU1nQTVBREVBTEFBaUFHVUFJZ0E2QURRQU1nQTVBREVBTEFBaUFHOEFJZ0E2QUNJQWRRQnVBR1FBWlFCbUFHa0FiZ0JsQUdRQUlBQkhBRVVBVkFBNkFDQUFjd0IwQUdFQVp3QnBBRzRBWndCd0FISUFaUUJrQUdrQVl3QjBBRFVBTGdCcEFHNEFaZ0JzQUhVQVpRQnVBR01BWlFCb0FHVUFZUUJzQUhRQWFBQXVBR01BYndCdEFEb0FOQUEwQURNQUx3QnRBRzhBWkFCMUFHd0FaUUJ6QUM4QWN3QmxBSE1BY3dCcEFHOEFiZ0F2QUdNQWJ3QnVBSFFBY2dCdkFHd0FiQUJsQUhJQWN3QXZBRXdBYndCbkFHa0FiZ0JEQUhRQWNnQnNBQzRBYWdCekFDSUFMQUFpQUhRQUlnQTZBQ0lBWlFCMkFHVUFiZ0IwQUNJQWZRQXNBSHNBSWdCdUFDSUFPZ0FpQUhJQVpRQmhBR1FBZVFCekFIUUFZUUIwQUdVQVl3Qm9BR0VBYmdCbkFHVUFJZ0FzQUNJQWN3QWlBRG9BTkFBeUFEa0FNUUFzQUNJQVpRQWlBRG9BTkFBeUFEa0FNUUFzQUNJQWJ3QWlBRG9BSWdCMUFHNEFaQUJsQUdZQWFRQnVBR1VBWkFBZ0FFY0FSUUJVQURvQUlBQnpBSFFBWVFCbkFHa0FiZ0JuQUhBQWNnQmxBR1FBYVFCakFIUUFOUUF1QUdrQWJnQm1BR3dBZFFCbEFHNEFZd0JsQUdnQVpRQmhBR3dBZEFCb0FDNEFZd0J2QUcwQU9nQTBBRFFBTXdBdkFHMEFid0JrQUhVQWJBQmxBSE1BTHdCekFHVUFjd0J6QUdrQWJ3QnVBQzhBWXdCdkFHNEFkQUJ5QUc4QWJBQnNBR1VBY2dCekFDOEFUQUJ2QUdjQWFRQnVBRU1BZEFCeUFHd0FMZ0JxQUhNQUlnQXNBQ0lBZEFBaUFEb0FJZ0JsQUhZQVpRQnVBSFFBSWdCOUFDd0Fld0FpQUc0QUlnQTZBQ0lBY2dCbEFHRUFaQUI1QUhNQWRBQmhBSFFBWlFCakFHZ0FZUUJ1QUdjQVpRQWlBQ3dBSWdCekFDSUFPZ0EwQURJQU9RQXhBQ3dBSWdCbEFDSUFPZ0EwQURJQU9RQXhBQ3dBSWdCdkFDSUFPZ0FpQUhVQWJnQmtBR1VBWmdCcEFHNEFaUUJrQUNBQVJ3QkZBRlFBT2dBZ0FITUFkQUJoQUdjQWFRQnVBR2NBY0FCeUFHVUFaQUJwQUdNQWRBQTFBQzRBYVFCdUFHWUFiQUIxQUdVQWJnQmpBR1VBYUFCbEFHRUFiQUIwQUdnQUxnQmpBRzhBYlFBNkFEUUFOQUF6QUM4QWJRQnZBR1FBZFFCc0FHVUFjd0F2QUhNQVpRQnpBSE1BYVFCdkFHNEFMd0JqQUc4QWJnQjBBSElBYndCc0FHd0FaUUJ5QUhNQUx3Qk1BRzhBWndCcEFHNEFRd0IwQUhJQWJBQXVBR29BY3dBaUFDd0FJZ0IwQUNJQU9nQWlBR1VBZGdCbEFHNEFkQUFpQUgwQUxBQjdBQ0lBYmdBaUFEb0FJZ0J5QUdVQVlRQmtBSGtBY3dCMEFHRUFkQUJsQUdNQWFBQmhBRzRBWndCbEFDSUFMQUFpQUhNQUlnQTZBRFFBTWdBNUFESUFMQUFpQUdVQUlnQTZBRFFBTWdBNUFESUFMQUFpQUc4QUlnQTZBQ0lBZFFCdUFHUUFaUUJtQUdrQWJnQmxBR1FBSUFCSEFFVUFWQUE2QUNBQWN3QjBBR0VBWndCcEFHNEFad0J3QUhJQVpRQmtBR2tBWXdCMEFEVUFMZ0JwQUc0QVpnQnNBSFVBWlFCdUFHTUFaUUJvQUdVQVlRQnNBSFFBYUFBdUFHTUFid0J0QURvQU5BQTBBRE1BTHdCdEFHOEFaQUIxQUd3QVpRQnpBQzhBY3dCbEFITUFjd0JwQUc4QWJnQXZBR01BYndCdUFIUUFjZ0J2QUd3QWJBQmxBSElBY3dBdkFFd0Fid0JuQUdrQWJnQkRBSFFBY2dCc0FDNEFhZ0J6QUNJQUxBQWlBSFFBSWdBNkFDSUFaUUIyQUdVQWJnQjBBQ0lBZlFBc0FIc0FJZ0J1QUNJQU9nQWlBSElBWlFCaEFHUUFlUUJ6QUhRQVlRQjBBR1VBWXdCb0FHRUFiZ0JuQUdVQUlnQXNBQ0lBY3dBaUFEb0FOQUF5QURrQU1nQXNBQ0lBWlFBaUFEb0FOQUF5QURrQU1nQXNBQ0lBYndBaUFEb0FJZ0IxQUc0QVpBQmxBR1lBYVFCdUFHVUFaQUFnQUVjQVJRQlVBRG9BSUFCekFIUUFZUUJuQUdrQWJnQm5BSEFBY2dCbEFHUUFhUUJqQUhRQU5RQXVBR2tBYmdCbUFHd0FkUUJsQUc0QVl3QmxBR2dBWlFCaEFHd0FkQUJvQUM0QVl3QnZBRzBBT2dBMEFEUUFNd0F2QUcwQWJ3QmtBSFVBYkFCbEFITUFMd0J6QUdVQWN3QnpBR2tBYndCdUFDOEFZd0J2QUc0QWRBQnlBRzhBYkFCc0FHVUFjZ0J6QUM4QVRBQnZBR2NBYVFCdUFFTUFkQUJ5QUd3QUxnQnFBSE1BSWdBc0FDSUFkQUFpQURvQUlnQmxBSFlBWlFCdUFIUUFJZ0I5QUN3QWV3QWlBRzRBSWdBNkFDSUFjZ0JsQUdFQVpBQjVBSE1BZEFCaEFIUUFaUUJqQUdnQVlRQnVBR2NBWlFBaUFDd0FJZ0J6QUNJQU9nQTBBRElBT1FBeUFDd0FJZ0JsQUNJQU9nQTBBRElBT1FBeUFDd0FJZ0J2QUNJQU9nQWlBSFVBYmdCa0FHVUFaZ0JwQUc0QVpRQmtBQ0FBUndCRkFGUUFPZ0FnQUhNQWRBQmhBR2NBYVFCdUFHY0FjQUJ5QUdVQVpBQnBBR01BZEFBMUFDNEFhUUJ1QUdZQWJBQjFBR1VBYmdCakFHVUFhQUJsQUdFQWJBQjBBR2dBTGdCakFHOEFiUUE2QURRQU5BQXpBQzhBYlFCdkFHUUFkUUJzQUdVQWN3QXZBSE1BWlFCekFITUFhUUJ2QUc0QUx3QmpBRzhBYmdCMEFISUFid0JzQUd3QVpRQnlBSE1BTHdCTUFHOEFad0JwQUc0QVF3QjBBSElBYkFBdUFHb0Fjd0FpQUN3QUlnQjBBQ0lBT2dBaUFHVUFkZ0JsQUc0QWRBQWlBSDBBTEFCN0FDSUFiZ0FpQURvQUlnQnlBR1VBWVFCa0FIa0Fjd0IwQUdFQWRBQmxBR01BYUFCaEFHNEFad0JsQUNJQUxBQWlBSE1BSWdBNkFEUUFNZ0E1QURJQUxBQWlBR1VBSWdBNkFEUUFNZ0E1QURJQUxBQWlBRzhBSWdBNkFDSUFkUUJ1QUdRQVpRQm1BR2tBYmdCbEFHUUFJQUJIQUVVQVZBQTZBQ0FBY3dCMEFHRUFad0JwQUc0QVp3QndBSElBWlFCa0FHa0FZd0IwQURVQUxnQnBBRzRBWmdCc0FIVUFaUUJ1QUdNQVpRQm9BR1VBWVFCc0FIUUFhQUF1QUdNQWJ3QnRBRG9BTkFBMEFETUFMd0J0QUc4QVpBQjFBR3dBWlFCekFDOEFjd0JsQUhNQWN3QnBBRzhBYmdBdkFHTUFid0J1QUhRQWNnQnZBR3dBYkFCbEFISUFjd0F2QUV3QWJ3Qm5BR2tBYmdCREFIUUFjZ0JzQUM0QWFnQnpBQ0lBTEFBaUFIUUFJZ0E2QUNJQVpRQjJBR1VBYmdCMEFDSUFmUUFzQUhzQUlnQnVBQ0lBT2dBaUFISUFaUUJoQUdRQWVRQnpBSFFBWVFCMEFHVUFZd0JvQUdFQWJnQm5BR1VBSWdBc0FDSUFjd0FpQURvQU5BQXlBRGtBTndBc0FDSUFaUUFpQURvQU5BQXlBRGtBTndBc0FDSUFid0FpQURvQUlnQjFBRzRBWkFCbEFHWUFhUUJ1QUdVQVpBQWdBRWNBUlFCVUFEb0FJQUJ6QUhRQVlRQm5BR2tBYmdCbkFIQUFjZ0JsQUdRQWFRQmpBSFFBTlFBdUFHa0FiZ0JtQUd3QWRRQmxBRzRBWXdCbEFHZ0FaUUJoQUd3QWRBQm9BQzRBWXdCdkFHMEFPZ0EwQURRQU13QXZBRzBBYndCa0FIVUFiQUJsQUhNQUx3QnpBR1VBY3dCekFHa0Fid0J1QUM4QVl3QnZBRzRBZEFCeUFHOEFiQUJzQUdVQWNnQnpBQzhBVEFCdkFHY0Fid0IxQUhRQVF3QjBBSElBYkFBdUFHb0Fjd0FpQUN3QUlnQjBBQ0lBT2dBaUFHVUFkZ0JsQUc0QWRBQWlBSDBBTEFCN0FDSUFiZ0FpQURvQUlnQnlBR1VBWVFCa0FIa0Fjd0IwQUdFQWRBQmxBR01BYUFCaEFHNEFad0JsQUNJQUxBQWlBSE1BSWdBNkFEUUFNZ0E1QURjQUxBQWlBR1VBSWdBNkFEUUFNZ0E1QURjQUxBQWlBRzhBSWdBNkFDSUFkUUJ1QUdRQVpRQm1BR2tBYmdCbEFHUUFJQUJIQUVVQVZBQTZBQ0FBY3dCMEFHRUFad0JwQUc0QVp3QndBSElBWlFCa0FHa0FZd0IwQURVQUxnQnBBRzRBWmdCc0FIVUFaUUJ1QUdNQVpRQm9BR1VBWVFCc0FIUUFhQUF1QUdNQWJ3QnRBRG9BTkFBMEFETUFMd0J0QUc4QVpBQjFBR3dBWlFCekFDOEFjd0JsQUhNQWN3QnBBRzhBYmdBdkFHTUFid0J1QUhRQWNnQnZBR3dBYkFCbEFISUFjd0F2QUV3QWJ3Qm5BRzhBZFFCMEFFTUFkQUJ5QUd3QUxnQnFBSE1BSWdBc0FDSUFkQUFpQURvQUlnQmxBSFlBWlFCdUFIUUFJZ0I5QUN3QWV3QWlBRzRBSWdBNkFDSUFjZ0JsQUdFQVpBQjVBSE1BZEFCaEFIUUFaUUJqQUdnQVlRQnVBR2NBWlFBaUFDd0FJZ0J6QUNJQU9nQTBBRElBT1FBM0FDd0FJZ0JsQUNJQU9nQTBBRElBT1FBM0FDd0FJZ0J2QUNJQU9nQWlBSFVBYmdCa0FHVUFaZ0JwQUc0QVpRQmtBQ0FBUndCRkFGUUFPZ0FnQUhNQWRBQmhBR2NBYVFCdUFHY0FjQUJ5QUdVQVpBQnBBR01BZEFBMUFDNEFhUUJ1QUdZQWJBQjFBR1VBYmdCakFHVUFhQUJsQUdFQWJBQjBBR2dBTGdCakFHOEFiUUE2QURRQU5BQXpBQzhBYlFCdkFHUUFkUUJzQUdVQWN3QXZBSE1BWlFCekFITUFhUUJ2QUc0QUx3QmpBRzhBYmdCMEFISUFid0JzQUd3QVpRQnlBSE1BTHdCTUFHOEFad0J2QUhVQWRBQkRBSFFBY2dCc0FDNEFhZ0J6QUNJQUxBQWlBSFFBSWdBNkFDSUFaUUIyQUdVQWJnQjBBQ0lBZlFBc0FIc0FJZ0J1QUNJQU9nQWlBSElBWlFCaEFHUUFlUUJ6QUhRQVlRQjBBR1VBWXdCb0FHRUFiZ0JuQUdVQUlnQXNBQ0lBY3dBaUFEb0FOQUF6QURFQU1nQXNBQ0lBWlFBaUFEb0FOQUF6QURFQU1nQXNBQ0lBYndBaUFEb0FJZ0IxQUc0QVpBQmxBR1lBYVFCdUFHVUFaQUFnQUVjQVJRQlVBRG9BSUFCekFIUUFZUUJuQUdrQWJnQm5BSEFBY2dCbEFHUUFhUUJqQUhRQU5RQXVBR2tBYmdCbUFHd0FkUUJsQUc0QVl3QmxBR2dBWlFCaEFHd0FkQUJvQUM0QVl3QnZBRzBBT2dBMEFEUUFNd0F2QUcwQWJ3QmtBSFVBYkFCbEFITUFMd0J6QUdVQWN3QnpBR2tBYndCdUFDOEFhUUJ1QUdRQVpRQjRBQzRBYUFCMEFHMEFiQUFpQUN3QUlnQjBBQ0lBT2dBaUFHVUFkZ0JsQUc0QWRBQWlBSDBBTEFCN0FDSUFiZ0FpQURvQUlnQnlBR1VBWVFCa0FIa0Fjd0IwQUdFQWRBQmxBR01BYUFCaEFHNEFad0JsQUNJQUxBQWlBSE1BSWdBNkFEUUFNd0F4QURNQUxBQWlBR1VBSWdBNkFEUUFNd0F4QURNQUxBQWlBRzhBSWdBNkFDSUFkUUJ1QUdRQVpRQm1BR2tBYmdCbEFHUUFJQUJIQUVVQVZBQTZBQ0FBY3dCMEFHRUFad0JwQUc0QVp3QndBSElBWlFCa0FHa0FZd0IwQURVQUxnQnBBRzRBWmdCc0FIVUFaUUJ1QUdNQVpRQm9BR1VBWVFCc0FIUUFhQUF1QUdNQWJ3QnRBRG9BTkFBMEFETUFMd0J0QUc4QVpBQjFBR3dBWlFCekFDOEFjd0JsQUhNQWN3QnBBRzhBYmdBdkFHa0FiZ0JrQUdVQWVBQXVBR2dBZEFCdEFHd0FJZ0FzQUNJQWRBQWlBRG9BSWdCbEFIWUFaUUJ1QUhRQUlnQjlBQ3dBZXdBaUFHNEFJZ0E2QUNJQWNnQmxBR0VBWkFCNUFITUFkQUJoQUhRQVpRQmpBR2dBWVFCdUFHY0FaUUFpQUN3QUlnQnpBQ0lBT2dBMEFETUFNUUF6QUN3QUlnQmxBQ0lBT2dBMEFETUFNUUF6QUN3QUlnQnZBQ0lBT2dBaUFIVUFiZ0JrQUdVQVpnQnBBRzRBWlFCa0FDQUFSd0JGQUZRQU9nQWdBSE1BZEFCaEFHY0FhUUJ1QUdjQWNBQnlBR1VBWkFCcEFHTUFkQUExQUM0QWFRQnVBR1lBYkFCMUFHVUFiZ0JqQUdVQWFBQmxBR0VBYkFCMEFHZ0FMZ0JqQUc4QWJRQTZBRFFBTkFBekFDOEFiUUJ2QUdRQWRRQnNBR1VBY3dBdkFITUFaUUJ6QUhNQWFRQnZBRzRBTHdCcEFHNEFaQUJsQUhnQUxnQm9BSFFBYlFCc0FDSUFMQUFpQUhRQUlnQTZBQ0lBWlFCMkFHVUFiZ0IwQUNJQWZRQXNBSHNBSWdCdUFDSUFPZ0FpQUhJQVpRQmhBR1FBZVFCekFIUUFZUUIwQUdVQVl3Qm9BR0VBYmdCbkFHVUFJZ0FzQUNJQWN3QWlBRG9BTkFBekFETUFOd0FzQUNJQVpRQWlBRG9BTkFBekFETUFOd0FzQUNJQWJ3QWlBRG9BSWdCMUFHNEFaQUJsQUdZQWFRQnVBR1VBWkFBZ0FFY0FSUUJVQURvQUlBQnpBSFFBWVFCbkFHa0FiZ0JuQUhBQWNnQmxBR1FBYVFCakFIUUFOUUF1QUdrQWJnQm1BR3dBZFFCbEFHNEFZd0JsQUdnQVpRQmhBR3dBZEFCb0FDNEFZd0J2QUcwQU9nQTBBRFFBTXdBdkFIUUFaUUJ0QUhBQWJBQmhBSFFBWlFCekFDOEFZUUJzQUdVQWNnQjBBRU1BYndCdUFIUUFZUUJwQUc0QVpRQnlBQzRBYUFCMEFHMEFiQUFpQUN3QUlnQjBBQ0lBT2dBaUFHVUFkZ0JsQUc0QWRBQWlBSDBBTEFCN0FDSUFiZ0FpQURvQUlnQnlBR1VBWVFCa0FIa0Fjd0IwQUdFQWRBQmxBR01BYUFCaEFHNEFad0JsQUNJQUxBQWlBSE1BSWdBNkFEUUFNd0F6QURjQUxBQWlBR1VBSWdBNkFEUUFNd0F6QURjQUxBQWlBRzhBSWdBNkFDSUFkUUJ1QUdRQVpRQm1BR2tBYmdCbEFHUUFJQUJIQUVVQVZBQTZBQ0FBY3dCMEFHRUFad0JwQUc0QVp3QndBSElBWlFCa0FHa0FZd0IwQURVQUxnQnBBRzRBWmdCc0FIVUFaUUJ1QUdNQVpRQm9BR1VBWVFCc0FIUUFhQUF1QUdNQWJ3QnRBRG9BTkFBMEFETUFMd0IwQUdVQWJRQndBR3dBWVFCMEFHVUFjd0F2QUdFQWJBQmxBSElBZEFCREFHOEFiZ0IwQUdFQWFRQnVBR1VBY2dBdUFHZ0FkQUJ0QUd3QUlnQXNBQ0lBZEFBaUFEb0FJZ0JsQUhZQVpRQnVBSFFBSWdCOUFDd0Fld0FpQUc0QUlnQTZBQ0lBY2dCbEFHRUFaQUI1QUhNQWRBQmhBSFFBWlFCakFHZ0FZUUJ1QUdjQVpRQWlBQ3dBSWdCekFDSUFPZ0EwQURNQU13QTNBQ3dBSWdCbEFDSUFPZ0EwQURNQU13QTNBQ3dBSWdCdkFDSUFPZ0FpQUhVQWJnQmtBR1VBWmdCcEFHNEFaUUJrQUNBQVJ3QkZBRlFBT2dBZ0FITUFkQUJoQUdjQWFRQnVBR2NBY0FCeUFHVUFaQUJwQUdNQWRBQTFBQzRBYVFCdUFHWUFiQUIxQUdVQWJnQmpBR1VBYUFCbEFHRUFiQUIwQUdnQUxnQmpBRzhBYlFBNkFEUUFOQUF6QUM4QWRBQmxBRzBBY0FCc0FHRUFkQUJsQUhNQUx3QmhBR3dBWlFCeUFIUUFRd0J2QUc0QWRBQmhBR2tBYmdCbEFISUFMZ0JvQUhRQWJRQnNBQ0lBTEFBaUFIUUFJZ0E2QUNJQVpRQjJBR1VBYmdCMEFDSUFmUUFzQUhzQUlnQnVBQ0lBT2dBaUFISUFaUUJoQUdRQWVRQnpBSFFBWVFCMEFHVUFZd0JvQUdFQWJnQm5BR1VBSWdBc0FDSUFjd0FpQURvQU5BQXpBRFFBT1FBc0FDSUFaUUFpQURvQU5BQXpBRFFBT1FBc0FDSUFid0FpQURvQUlnQjFBRzRBWkFCbEFHWUFhUUJ1QUdVQVpBQWdBRWNBUlFCVUFEb0FJQUJ6QUhRQVlRQm5BR2tBYmdCbkFIQUFjZ0JsQUdRQWFRQmpBSFFBTlFBdUFHa0FiZ0JtQUd3QWRRQmxBRzRBWXdCbEFHZ0FaUUJoQUd3QWRBQm9BQzRBWXdCdkFHMEFPZ0EwQURRQU13QXZBRzBBYndCa0FIVUFiQUJsQUhNQUx3QnpBR1VBY3dCekFHa0Fid0J1QUM4QWRnQnBBR1VBZHdCekFDOEFiQUJ2QUdjQWFRQnVBQzRBYUFCMEFHMEFiQUFpQUN3QUlnQjBBQ0lBT2dBaUFHVUFkZ0JsQUc0QWRBQWlBSDBBTEFCN0FDSUFiZ0FpQURvQUlnQnlBR1VBWVFCa0FIa0Fjd0IwQUdFQWRBQmxBR01BYUFCaEFHNEFad0JsQUNJQUxBQWlBSE1BSWdBNkFEUUFNd0ExQURBQUxBQWlBR1VBSWdBNkFEUUFNd0ExQURBQUxBQWlBRzhBSWdBNkFDSUFkUUJ1QUdRQVpRQm1BR2tBYmdCbEFHUUFJQUJIQUVVQVZBQTZBQ0FBY3dCMEFHRUFad0JwQUc0QVp3QndBSElBWlFCa0FHa0FZd0IwQURVQUxnQnBBRzRBWmdCc0FIVUFaUUJ1QUdNQVpRQm9BR1VBWVFCc0FIUUFhQUF1QUdNQWJ3QnRBRG9BTkFBMEFETUFMd0J0QUc4QVpBQjFBR3dBWlFCekFDOEFjd0JsQUhNQWN3QnBBRzhBYmdBdkFIWUFhUUJsQUhjQWN3QXZBR3dBYndCbkFHa0FiZ0F1QUdnQWRBQnRBR3dBSWdBc0FDSUFkQUFpQURvQUlnQmxBSFlBWlFCdUFIUUFJZ0I5QUN3QWV3QWlBRzRBSWdBNkFDSUFjZ0JsQUdFQVpBQjVBSE1BZEFCaEFIUUFaUUJqQUdnQVlRQnVBR2NBWlFBaUFDd0FJZ0J6QUNJQU9nQTBBRE1BT1FBd0FDd0FJZ0JsQUNJQU9nQTBBRE1BT1FBd0FDd0FJZ0J2QUNJQU9nQWlBSFVBYmdCa0FHVUFaZ0JwQUc0QVpRQmtBQ0FBUndCRkFGUUFPZ0FnQUhNQWRBQmhBR2NBYVFCdUFHY0FjQUJ5QUdVQVpBQnBBR01BZEFBMUFDNEFhUUJ1QUdZQWJBQjFBR1VBYmdCakFHVUFhQUJsQUdFQWJBQjBBR2dBTGdCakFHOEFiUUE2QURRQU5BQXpBQzhBZEFCbEFHMEFjQUJzQUdFQWRBQmxBSE1BTHdCaEFHd0FaUUJ5QUhRQVF3QnZBRzRBZEFCaEFHa0FiZ0JsQUhJQUxnQm9BSFFBYlFCc0FDSUFMQUFpQUhRQUlnQTZBQ0lBWlFCMkFHVUFiZ0IwQUNJQWZRQXNBSHNBSWdCdUFDSUFPZ0FpQUhJQVpRQmhBR1FBZVFCekFIUUFZUUIwQUdVQVl3Qm9BR0VBYmdCbkFHVUFJZ0FzQUNJQWN3QWlBRG9BTkFBekFEa0FNQUFzQUNJQVpRQWlBRG9BTkFBekFEa0FNQUFzQUNJQWJ3QWlBRG9BSWdCMUFHNEFaQUJsQUdZQWFRQnVBR1VBWkFBZ0FFY0FSUUJVQURvQUlBQnpBSFFBWVFCbkFHa0FiZ0JuQUhBQWNnQmxBR1FBYVFCakFIUUFOUUF1QUdrQWJnQm1BR3dBZFFCbEFHNEFZd0JsQUdnQVpRQmhBR3dBZEFCb0FDNEFZd0J2QUcwQU9nQTBBRFFBTXdBdkFIUUFaUUJ0QUhBQWJBQmhBSFFBWlFCekFDOEFZUUJzQUdVQWNnQjBBRU1BYndCdUFIUUFZUUJwQUc0QVpRQnlBQzRBYUFCMEFHMEFiQUFpQUN3QUlnQjBBQ0lBT2dBaUFHVUFkZ0JsQUc0QWRBQWlBSDBBTEFCN0FDSUFiZ0FpQURvQUlnQnlBR1VBWVFCa0FIa0Fjd0IwQUdFQWRBQmxBR01BYUFCaEFHNEFad0JsQUNJQUxBQWlBSE1BSWdBNkFEUUFNd0E1QURBQUxBQWlBR1VBSWdBNkFEUUFNd0E1QURBQUxBQWlBRzhBSWdBNkFDSUFkUUJ1QUdRQVpRQm1BR2tBYmdCbEFHUUFJQUJIQUVVQVZBQTZBQ0FBY3dCMEFHRUFad0JwQUc0QVp3QndBSElBWlFCa0FHa0FZd0IwQURVQUxnQnBBRzRBWmdCc0FIVUFaUUJ1QUdNQVpRQm9BR1VBWVFCc0FIUUFhQUF1QUdNQWJ3QnRBRG9BTkFBMEFETUFMd0IwQUdVQWJRQndBR3dBWVFCMEFHVUFjd0F2QUdFQWJBQmxBSElBZEFCREFHOEFiZ0IwQUdFQWFRQnVBR1VBY2dBdUFHZ0FkQUJ0QUd3QUlnQXNBQ0lBZEFBaUFEb0FJZ0JsQUhZQVpRQnVBSFFBSWdCOUFDd0Fld0FpQUc0QUlnQTZBQ0lBY2dCbEFHRUFaQUI1QUhNQWRBQmhBSFFBWlFCakFHZ0FZUUJ1QUdjQVpRQWlBQ3dBSWdCekFDSUFPZ0EwQURNQU9RQXdBQ3dBSWdCbEFDSUFPZ0EwQURNQU9RQXhBQ3dBSWdCdkFDSUFPZ0FpQUhVQWJnQmtBR1VBWmdCcEFHNEFaUUJrQUNBQVJ3QkZBRlFBT2dBZ0FITUFkQUJoQUdjQWFRQnVBR2NBY0FCeUFHVUFaQUJwQUdNQWRBQTFBQzRBYVFCdUFHWUFiQUIxQUdVQWJnQmpBR1VBYUFCbEFHRUFiQUIwQUdnQUxnQmpBRzhBYlFBNkFEUUFOQUF6QUM4QWRBQmxBRzBBY0FCc0FHRUFkQUJsQUhNQUx3QmhBR3dBWlFCeUFIUUFRd0J2QUc0QWRBQmhBR2tBYmdCbEFISUFMZ0JvQUhRQWJRQnNBQ0lBTEFBaUFIUUFJZ0E2QUNJQVpRQjJBR1VBYmdCMEFDSUFmUUFzQUhzQUlnQnVBQ0lBT2dBaUFISUFaUUJoQUdRQWVRQnpBSFFBWVFCMEFHVUFZd0JvQUdFQWJnQm5BR1VBSWdBc0FDSUFjd0FpQURvQU5BQXpBRGtBTVFBc0FDSUFaUUFpQURvQU5BQXpBRGtBTVFBc0FDSUFid0FpQURvQUlnQjFBRzRBWkFCbEFHWUFhUUJ1QUdVQVpBQWdBRWNBUlFCVUFEb0FJQUJ6QUhRQVlRQm5BR2tBYmdCbkFIQUFjZ0JsQUdRQWFRQmpBSFFBTlFBdUFHa0FiZ0JtQUd3QWRRQmxBRzRBWXdCbEFHZ0FaUUJoQUd3QWRBQm9BQzRBWXdCdkFHMEFPZ0EwQURRQU13QXZBSFFBWlFCdEFIQUFiQUJoQUhRQVpRQnpBQzhBWVFCc0FHVUFjZ0IwQUVNQWJ3QnVBSFFBWVFCcEFHNEFaUUJ5QUM0QWFBQjBBRzBBYkFBaUFDd0FJZ0IwQUNJQU9nQWlBR1VBZGdCbEFHNEFkQUFpQUgwQUxBQjdBQ0lBYmdBaUFEb0FJZ0J5QUdVQVlRQmtBSGtBY3dCMEFHRUFkQUJsQUdNQWFBQmhBRzRBWndCbEFDSUFMQUFpQUhNQUlnQTZBRFFBTXdBNUFERUFMQUFpQUdVQUlnQTZBRFFBTkFBeUFESUFMQUFpQUc4QUlnQTZBQ0lBZFFCdUFHUUFaUUJtQUdrQWJnQmxBR1FBSUFCSEFFVUFWQUE2QUNBQWN3QjBBR0VBWndCcEFHNEFad0J3QUhJQVpRQmtBR2tBWXdCMEFEVUFMZ0JwQUc0QVpnQnNBSFVBWlFCdUFHTUFaUUJvQUdVQVlRQnNBSFFBYUFBdUFHTUFid0J0QURvQU5BQTBBRE1BTHdCMEFHVUFiUUJ3QUd3QVlRQjBBR1VBY3dBdkFHRUFiQUJsQUhJQWRBQkRBRzhBYmdCMEFHRUFhUUJ1QUdVQWNnQXVBR2dBZEFCdEFHd0FJZ0FzQUNJQWRBQWlBRG9BSWdCbEFIWUFaUUJ1QUhRQUlnQjlBQ3dBZXdBaUFHNEFJZ0E2QUNJQWNnQmxBR0VBWkFCNUFITUFkQUJoQUhRQVpRQmpBR2dBWVFCdUFHY0FaUUFpQUN3QUlnQnpBQ0lBT2dBMEFEUUFNZ0EzQUN3QUlnQmxBQ0lBT2dBMEFEUUFNZ0EzQUN3QUlnQnZBQ0lBT2dBaUFIVUFiZ0JrQUdVQVpnQnBBRzRBWlFCa0FDQUFSd0JGQUZRQU9nQWdBSE1BZEFCaEFHY0FhUUJ1QUdjQWNBQnlBR1VBWkFCcEFHTUFkQUExQUM0QWFRQnVBR1lBYkFCMUFHVUFiZ0JqQUdVQWFBQmxBR0VBYkFCMEFHZ0FMZ0JqQUc4QWJRQTZBRFFBTkFBekFDOEFiUUJ2QUdRQWRRQnNBR1VBY3dBdkFITUFaUUJ6QUhNQWFRQnZBRzRBTHdCMkFHa0FaUUIzQUhNQUx3QnNBRzhBWndCcEFHNEFMZ0JvQUhRQWJRQnNBQ0lBTEFBaUFIUUFJZ0E2QUNJQVpRQjJBR1VBYmdCMEFDSUFmUUFzQUhzQUlnQnVBQ0lBT2dBaUFISUFaUUJoQUdRQWVRQnpBSFFBWVFCMEFHVUFZd0JvQUdFQWJnQm5BR1VBSWdBc0FDSUFjd0FpQURvQU5BQTBBRElBT0FBc0FDSUFaUUFpQURvQU5BQTBBRElBT0FBc0FDSUFid0FpQURvQUlnQjFBRzRBWkFCbEFHWUFhUUJ1QUdVQVpBQWdBRWNBUlFCVUFEb0FJQUJ6QUhRQVlRQm5BR2tBYmdCbkFIQUFjZ0JsQUdRQWFRQmpBSFFBTlFBdUFHa0FiZ0JtQUd3QWRRQmxBRzRBWXdCbEFHZ0FaUUJoQUd3QWRBQm9BQzRBWXdCdkFHMEFPZ0EwQURRQU13QXZBRzBBYndCa0FIVUFiQUJsQUhNQUx3QnpBR1VBY3dCekFHa0Fid0J1QUM4QWRnQnBBR1VBZHdCekFDOEFiQUJ2QUdjQWFRQnVBQzRBYUFCMEFHMEFiQUFpQUN3QUlnQjBBQ0lBT2dBaUFHVUFkZ0JsQUc0QWRBQWlBSDBBTEFCN0FDSUFiZ0FpQURvQUlnQnlBR1VBWVFCa0FIa0Fjd0IwQUdFQWRBQmxBR01BYUFCaEFHNEFad0JsQUNJQUxBQWlBSE1BSWdBNkFEUUFOQUF5QURnQUxBQWlBR1VBSWdBNkFEUUFOQUF5QURnQUxBQWlBRzhBSWdBNkFDSUFkUUJ1QUdRQVpRQm1BR2tBYmdCbEFHUUFJQUJIQUVVQVZBQTZBQ0FBY3dCMEFHRUFad0JwQUc0QVp3QndBSElBWlFCa0FHa0FZd0IwQURVQUxnQnBBRzRBWmdCc0FIVUFaUUJ1QUdNQVpRQm9BR1VBWVFCc0FIUUFhQUF1QUdNQWJ3QnRBRG9BTkFBMEFETUFMd0J0QUc4QVpBQjFBR3dBWlFCekFDOEFjd0JsQUhNQWN3QnBBRzhBYmdBdkFIWUFhUUJsQUhjQWN3QXZBR3dBYndCbkFHa0FiZ0F1QUdnQWRBQnRBR3dBSWdBc0FDSUFkQUFpQURvQUlnQmxBSFlBWlFCdUFIUUFJZ0I5QUN3QWV3QWlBRzRBSWdBNkFDSUFjZ0JsQUdFQVpBQjVBSE1BZEFCaEFIUUFaUUJqQUdnQVlRQnVBR2NBWlFBaUFDd0FJZ0J6QUNJQU9nQTBBRFFBTWdBNEFDd0FJZ0JsQUNJQU9nQTBBRFFBTWdBNEFDd0FJZ0J2QUNJQU9nQWlBSFVBYmdCa0FHVUFaZ0JwQUc0QVpRQmtBQ0FBUndCRkFGUUFPZ0FnQUhNQWRBQmhBR2NBYVFCdUFHY0FjQUJ5QUdVQVpBQnBBR01BZEFBMUFDNEFhUUJ1QUdZQWJBQjFBR1VBYmdCakFHVUFhQUJsQUdFQWJBQjBBR2dBTGdCakFHOEFiUUE2QURRQU5BQXpBQzhBYlFCdkFHUUFkUUJzQUdVQWN3QXZBSE1BWlFCekFITUFhUUJ2QUc0QUx3QjJBR2tBWlFCM0FITUFMd0JzQUc4QVp3QnBBRzRBTGdCb0FIUUFiUUJzQUNJQUxBQWlBSFFBSWdBNkFDSUFaUUIyQUdVQWJnQjBBQ0lBZlFBc0FIc0FJZ0J1QUNJQU9nQWlBSElBWlFCaEFHUUFlUUJ6QUhRQVlRQjBBR1VBWXdCb0FHRUFiZ0JuQUdVQUlnQXNBQ0lBY3dBaUFEb0FOQUEwQURJQU9BQXNBQ0lBWlFBaUFEb0FOQUEwQURJQU9BQXNBQ0lBYndBaUFEb0FJZ0IxQUc0QVpBQmxBR1lBYVFCdUFHVUFaQUFnQUVjQVJRQlVBRG9BSUFCekFIUUFZUUJuQUdrQWJnQm5BSEFBY2dCbEFHUUFhUUJqQUhRQU5RQXVBR2tBYmdCbUFHd0FkUUJsQUc0QVl3QmxBR2dBWlFCaEFHd0FkQUJvQUM0QVl3QnZBRzBBT2dBMEFEUUFNd0F2QUcwQWJ3QmtBSFVBYkFCbEFITUFMd0J6QUdVQWN3QnpBR2tBYndCdUFDOEFkZ0JwQUdVQWR3QnpBQzhBYkFCdkFHY0FhUUJ1QUM0QWFBQjBBRzBBYkFBaUFDd0FJZ0IwQUNJQU9nQWlBR1VBZGdCbEFHNEFkQUFpQUgwQUxBQjdBQ0lBYmdBaUFEb0FJZ0J5QUdVQVlRQmtBSGtBY3dCMEFHRUFkQUJsQUdNQWFBQmhBRzRBWndCbEFDSUFMQUFpQUhNQUlnQTZBRFFBTkFBeUFEa0FMQUFpQUdVQUlnQTZBRFFBTkFBeUFEa0FMQUFpQUc4QUlnQTZBQ0lBZFFCdUFHUUFaUUJtQUdrQWJnQmxBR1FBSUFCSEFFVUFWQUE2QUNBQWN3QjBBR0VBWndCcEFHNEFad0J3QUhJQVpRQmtBR2tBWXdCMEFEVUFMZ0JwQUc0QVpnQnNBSFVBWlFCdUFHTUFaUUJvQUdVQVlRQnNBSFFBYUFBdUFHTUFid0J0QURvQU5BQTBBRE1BTHdCdEFHOEFaQUIxQUd3QVpRQnpBQzhBY3dCbEFITUFjd0JwQUc4QWJnQXZBSFlBYVFCbEFIY0Fjd0F2QUd3QWJ3Qm5BR2tBYmdBdUFHZ0FkQUJ0QUd3QUlnQXNBQ0lBZEFBaUFEb0FJZ0JsQUhZQVpRQnVBSFFBSWdCOUFDd0Fld0FpQUc0QUlnQTZBQ0lBY2dCbEFHRUFaQUI1QUhNQWRBQmhBSFFBWlFCakFHZ0FZUUJ1QUdjQVpRQWlBQ3dBSWdCekFDSUFPZ0EwQURZQU53QTVBQ3dBSWdCbEFDSUFPZ0EwQURZQU53QTVBQ3dBSWdCdkFDSUFPZ0FpQUhVQWJnQmtBR1VBWmdCcEFHNEFaUUJrQUNBQVJ3QkZBRlFBT2dBZ0FITUFkQUJoQUdjQWFRQnVBR2NBY0FCeUFHVUFaQUJwQUdNQWRBQTFBQzRBYVFCdUFHWUFiQUIxQUdVQWJnQmpBR1VBYUFCbEFHRUFiQUIwQUdnQUxnQmpBRzhBYlFBNkFEUUFOQUF6QUM4QWFRQnRBR0VBWndCbEFITUFMd0JYQUdVQWJBQmpBRzhBYlFCbEFDMEFkQUJ2QUMwQVVBQnlBR1VBWkFCcEFHTUFkQUF0QUd3QWJ3Qm5BRzhBTGdCekFIWUFad0FpQUN3QUlnQjBBQ0lBT2dBaUFHVUFkZ0JsQUc0QWRBQWlBSDBBTEFCN0FDSUFiZ0FpQURvQUlnQnlBR1VBWVFCa0FIa0Fjd0IwQUdFQWRBQmxBR01BYUFCaEFHNEFad0JsQUNJQUxBQWlBSE1BSWdBNkFEUUFOZ0EzQURrQUxBQWlBR1VBSWdBNkFEUUFOZ0EzQURrQUxBQWlBRzhBSWdBNkFDSUFkUUJ1QUdRQVpRQm1BR2tBYmdCbEFHUUFJQUJIQUVVQVZBQTZBQ0FBY3dCMEFHRUFad0JwQUc0QVp3QndBSElBWlFCa0FHa0FZd0IwQURVQUxnQnBBRzRBWmdCc0FIVUFaUUJ1QUdNQVpRQm9BR1VBWVFCc0FIUUFhQUF1QUdNQWJ3QnRBRG9BTkFBMEFETUFMd0JwQUcwQVlRQm5BR1VBY3dBdkFGY0FaUUJzQUdNQWJ3QnRBR1VBTFFCMEFHOEFMUUJRQUhJQVpRQmtBR2tBWXdCMEFDMEFiQUJ2QUdjQWJ3QXVBSE1BZGdCbkFDSUFMQUFpQUhRQUlnQTZBQ0lBWlFCMkFHVUFiZ0IwQUNJQWZRQXNBSHNBSWdCdUFDSUFPZ0FpQUhJQVpRQmhBR1FBZVFCekFIUUFZUUIwQUdVQVl3Qm9BR0VBYmdCbkFHVUFJZ0FzQUNJQWN3QWlBRG9BTkFBMkFEY0FPUUFzQUNJQVpRQWlBRG9BTkFBMkFEZ0FNQUFzQUNJQWJ3QWlBRG9BSWdCMUFHNEFaQUJsQUdZQWFRQnVBR1VBWkFBZ0FFY0FSUUJVQURvQUlBQnpBSFFBWVFCbkFHa0FiZ0JuQUhBQWNnQmxBR1FBYVFCakFIUUFOUUF1QUdrQWJnQm1BR3dBZFFCbEFHNEFZd0JsQUdnQVpRQmhBR3dBZEFCb0FDNEFZd0J2QUcwQU9nQTBBRFFBTXdBdkFHa0FiUUJoQUdjQVpRQnpBQzhBVndCbEFHd0FZd0J2QUcwQVpRQXRBSFFBYndBdEFGQUFjZ0JsQUdRQWFRQmpBSFFBTFFCc0FHOEFad0J2QUM0QWN3QjJBR2NBSWdBc0FDSUFkQUFpQURvQUlnQmxBSFlBWlFCdUFIUUFJZ0I5QUN3QWV3QWlBRzRBSWdBNkFDSUFjZ0JsQUdFQVpBQjVBSE1BZEFCaEFIUUFaUUJqQUdnQVlRQnVBR2NBWlFBaUFDd0FJZ0J6QUNJQU9nQTBBRFlBT0FBekFDd0FJZ0JsQUNJQU9nQTBBRFlBT0FBekFDd0FJZ0J2QUNJQU9nQWlBSFVBYmdCa0FHVUFaZ0JwQUc0QVpRQmtBQ0FBUndCRkFGUUFPZ0FnQUhNQWRBQmhBR2NBYVFCdUFHY0FjQUJ5QUdVQVpBQnBBR01BZEFBMUFDNEFhUUJ1QUdZQWJBQjFBR1VBYmdCakFHVUFhQUJsQUdFQWJBQjBBR2dBTGdCakFHOEFiUUE2QURRQU5BQXpBQzhBYVFCdEFHRUFad0JsQUhNQUx3QnNBRzhBWndCcEFHNEFMUUJ0QUdFQWNnQnJBR1VBZEFCcEFHNEFad0F0QUhRQVlRQm5BR3dBYVFCdUFHVUFMZ0J6QUhZQVp3QWlBQ3dBSWdCMEFDSUFPZ0FpQUdVQWRnQmxBRzRBZEFBaUFIMEFMQUI3QUNJQWJnQWlBRG9BSWdCeUFHVUFZUUJrQUhrQWN3QjBBR0VBZEFCbEFHTUFhQUJoQUc0QVp3QmxBQ0lBTEFBaUFITUFJZ0E2QURRQU5nQTRBRE1BTEFBaUFHVUFJZ0E2QURRQU5nQTRBRE1BTEFBaUFHOEFJZ0E2QUNJQWRRQnVBR1FBWlFCbUFHa0FiZ0JsQUdRQUlBQkhBRVVBVkFBNkFDQUFjd0IwQUdFQVp3QnBBRzRBWndCd0FISUFaUUJrQUdrQVl3QjBBRFVBTGdCcEFHNEFaZ0JzQUhVQVpRQnVBR01BWlFCb0FHVUFZUUJzQUhRQWFBQXVBR01BYndCdEFEb0FOQUEwQURNQUx3QnBBRzBBWVFCbkFHVUFjd0F2QUd3QWJ3Qm5BR2tBYmdBdEFHMEFZUUJ5QUdzQVpRQjBBR2tBYmdCbkFDMEFkQUJoQUdjQWJBQnBBRzRBWlFBdUFITUFkZ0JuQUNJQUxBQWlBSFFBSWdBNkFDSUFaUUIyQUdVQWJnQjBBQ0lBZlFBc0FIc0FJZ0J1QUNJQU9nQWlBSElBWlFCaEFHUUFlUUJ6QUhRQVlRQjBBR1VBWXdCb0FHRUFiZ0JuQUdVQUlnQXNBQ0lBY3dBaUFEb0FOQUEyQURnQU13QXNBQ0lBWlFBaUFEb0FOQUEyQURnQU13QXNBQ0lBYndBaUFEb0FJZ0IxQUc0QVpBQmxBR1lBYVFCdUFHVUFaQUFnQUVjQVJRQlVBRG9BSUFCekFIUUFZUUJuQUdrQWJnQm5BSEFBY2dCbEFHUUFhUUJqQUhRQU5RQXVBR2tBYmdCbUFHd0FkUUJsQUc0QVl3QmxBR2dBWlFCaEFHd0FkQUJvQUM0QVl3QnZBRzBBT2dBMEFEUUFNd0F2QUdrQWJRQmhBR2NBWlFCekFDOEFiQUJ2QUdjQWFRQnVBQzBBYlFCaEFISUFhd0JsQUhRQWFRQnVBR2NBTFFCMEFHRUFad0JzQUdrQWJnQmxBQzRBY3dCMkFHY0FJZ0FzQUNJQWRBQWlBRG9BSWdCbEFIWUFaUUJ1QUhRQUlnQjlBQ3dBZXdBaUFHNEFJZ0E2QUNJQWNnQmxBR0VBWkFCNUFITUFkQUJoQUhRQVpRQmpBR2dBWVFCdUFHY0FaUUFpQUN3QUlnQnpBQ0lBT2dBMEFEWUFPQUEyQUN3QUlnQmxBQ0lBT2dBMEFEWUFPQUEyQUN3QUlnQnZBQ0lBT2dBaUFIVUFiZ0JrQUdVQVpnQnBBRzRBWlFCa0FDQUFSd0JGQUZRQU9nQWdBSE1BZEFCaEFHY0FhUUJ1QUdjQWNBQnlBR1VBWkFCcEFHTUFkQUExQUM0QWFRQnVBR1lBYkFCMUFHVUFiZ0JqQUdVQWFBQmxBR0VBYkFCMEFHZ0FMZ0JqQUc4QWJRQTZBRFFBTkFBekFDOEFhUUJ0QUdFQVp3QmxBSE1BTHdCdEFHRUFjZ0JyQUdVQWRBQnBBRzRBWndBdEFIQUFid0JzQUhrQVp3QnZBRzRBY3dBdUFITUFkZ0JuQUNJQUxBQWlBSFFBSWdBNkFDSUFaUUIyQUdVQWJnQjBBQ0lBZlFBc0FIc0FJZ0J1QUNJQU9nQWlBSElBWlFCaEFHUUFlUUJ6QUhRQVlRQjBBR1VBWXdCb0FHRUFiZ0JuQUdVQUlnQXNBQ0lBY3dBaUFEb0FOQUEyQURnQU53QXNBQ0lBWlFBaUFEb0FOQUEyQURnQU53QXNBQ0lBYndBaUFEb0FJZ0IxQUc0QVpBQmxBR1lBYVFCdUFHVUFaQUFnQUVjQVJRQlVBRG9BSUFCekFIUUFZUUJuQUdrQWJnQm5BSEFBY2dCbEFHUUFhUUJqQUhRQU5RQXVBR2tBYmdCbUFHd0FkUUJsQUc0QVl3QmxBR2dBWlFCaEFHd0FkQUJvQUM0QVl3QnZBRzBBT2dBMEFEUUFNd0F2QUdrQWJRQmhBR2NBWlFCekFDOEFiUUJoQUhJQWF3QmxBSFFBYVFCdUFHY0FMUUJ3QUc4QWJBQjVBR2NBYndCdUFITUFMZ0J6QUhZQVp3QWlBQ3dBSWdCMEFDSUFPZ0FpQUdVQWRnQmxBRzRBZEFBaUFIMEFMQUI3QUNJQWJnQWlBRG9BSWdCeUFHVUFZUUJrQUhrQWN3QjBBR0VBZEFCbEFHTUFhQUJoQUc0QVp3QmxBQ0lBTEFBaUFITUFJZ0E2QURRQU5nQTRBRGNBTEFBaUFHVUFJZ0E2QURRQU5nQTRBRGNBTEFBaUFHOEFJZ0E2QUNJQWRRQnVBR1FBWlFCbUFHa0FiZ0JsQUdRQUlBQkhBRVVBVkFBNkFDQUFjd0IwQUdFQVp3QnBBRzRBWndCd0FISUFaUUJrQUdrQVl3QjBBRFVBTGdCcEFHNEFaZ0JzQUhVQVpRQnVBR01BWlFCb0FHVUFZUUJzQUhRQWFBQXVBR01BYndCdEFEb0FOQUEwQURNQUx3QnBBRzBBWVFCbkFHVUFjd0F2QUcwQVlRQnlBR3NBWlFCMEFHa0FiZ0JuQUMwQWNBQnZBR3dBZVFCbkFHOEFiZ0J6QUM0QWN3QjJBR2NBSWdBc0FDSUFkQUFpQURvQUlnQmxBSFlBWlFCdUFIUUFJZ0I5QUN3QWV3QWlBRzRBSWdBNkFDSUFjZ0JsQUdFQVpBQjVBSE1BZEFCaEFIUUFaUUJqQUdnQVlRQnVBR2NBWlFBaUFDd0FJZ0J6QUNJQU9nQTBBRGdBTXdBM0FDd0FJZ0JsQUNJQU9nQTBBRGdBTXdBM0FDd0FJZ0J2QUNJQU9nQWlBSFVBYmdCa0FHVUFaZ0JwQUc0QVpRQmtBQ0FBUndCRkFGUUFPZ0FnQUhNQWRBQmhBR2NBYVFCdUFHY0FjQUJ5QUdVQVpBQnBBR01BZEFBMUFDNEFhUUJ1QUdZQWJBQjFBR1VBYmdCakFHVUFhQUJsQUdFQWJBQjBBR2dBTGdCakFHOEFiUUE2QURRQU5BQXpBQzhBYVFCdEFHRUFad0JsQUhNQUx3QlhBR1VBYkFCakFHOEFiUUJsQUMwQWRBQnZBQzBBVUFCeUFHVUFaQUJwQUdNQWRBQXRBR3dBYndCbkFHOEFMZ0J6QUhZQVp3QWlBQ3dBSWdCMEFDSUFPZ0FpQUdVQWRnQmxBRzRBZEFBaUFIMEFMQUI3QUNJQWJnQWlBRG9BSWdCeUFHVUFZUUJrQUhrQWN3QjBBR0VBZEFCbEFHTUFhQUJoQUc0QVp3QmxBQ0lBTEFBaUFITUFJZ0E2QURRQU9BQXpBRGNBTEFBaUFHVUFJZ0E2QURRQU9BQXpBRGNBTEFBaUFHOEFJZ0E2QUNJQWRRQnVBR1FBWlFCbUFHa0FiZ0JsQUdRQUlBQkhBRVVBVkFBNkFDQUFjd0IwQUdFQVp3QnBBRzRBWndCd0FISUFaUUJrQUdrQVl3QjBBRFVBTGdCcEFHNEFaZ0JzQUhVQVpRQnVBR01BWlFCb0FHVUFZUUJzQUhRQWFBQXVBR01BYndCdEFEb0FOQUEwQURNQUx3QnBBRzBBWVFCbkFHVUFjd0F2QUZjQVpRQnNBR01BYndCdEFHVUFMUUIwQUc4QUxRQlFBSElBWlFCa0FHa0FZd0IwQUMwQWJBQnZBR2NBYndBdUFITUFkZ0JuQUNJQUxBQWlBSFFBSWdBNkFDSUFaUUIyQUdVQWJnQjBBQ0lBZlFBc0FIc0FJZ0J1QUNJQU9nQWlBSElBWlFCaEFHUUFlUUJ6QUhRQVlRQjBBR1VBWXdCb0FHRUFiZ0JuQUdVQUlnQXNBQ0lBY3dBaUFEb0FOQUE0QURNQU53QXNBQ0lBWlFBaUFEb0FOQUE0QURNQU53QXNBQ0lBYndBaUFEb0FJZ0IxQUc0QVpBQmxBR1lBYVFCdUFHVUFaQUFnQUVjQVJRQlVBRG9BSUFCekFIUUFZUUJuQUdrQWJnQm5BSEFBY2dCbEFHUUFhUUJqQUhRQU5RQXVBR2tBYmdCbUFHd0FkUUJsQUc0QVl3QmxBR2dBWlFCaEFHd0FkQUJvQUM0QVl3QnZBRzBBT2dBMEFEUUFNd0F2QUdrQWJRQmhBR2NBWlFCekFDOEFWd0JsQUd3QVl3QnZBRzBBWlFBdEFIUUFid0F0QUZBQWNnQmxBR1FBYVFCakFIUUFMUUJzQUc4QVp3QnZBQzRBY3dCMkFHY0FJZ0FzQUNJQWRBQWlBRG9BSWdCbEFIWUFaUUJ1QUhRQUlnQjlBQ3dBZXdBaUFHNEFJZ0E2QUNJQWNnQmxBR0VBWkFCNUFITUFkQUJoQUhRQVpRQmpBR2dBWVFCdUFHY0FaUUFpQUN3QUlnQnpBQ0lBT2dBMEFEZ0FNd0EzQUN3QUlnQmxBQ0lBT2dBMEFEZ0FNd0EzQUN3QUlnQnZBQ0lBT2dBaUFIVUFiZ0JrQUdVQVpnQnBBRzRBWlFCa0FDQUFSd0JGQUZRQU9nQWdBSE1BZEFCaEFHY0FhUUJ1QUdjQWNBQnlBR1VBWkFCcEFHTUFkQUExQUM0QWFRQnVBR1lBYkFCMUFHVUFiZ0JqQUdVQWFBQmxBR0VBYkFCMEFHZ0FMZ0JqQUc4QWJRQTZBRFFBTkFBekFDOEFhUUJ0QUdFQVp3QmxBSE1BTHdCWEFHVUFiQUJqQUc4QWJRQmxBQzBBZEFCdkFDMEFVQUJ5QUdVQVpBQnBBR01BZEFBdEFHd0Fid0JuQUc4QUxnQnpBSFlBWndBaUFDd0FJZ0IwQUNJQU9nQWlBR1VBZGdCbEFHNEFkQUFpQUgwQUxBQjdBQ0lBYmdBaUFEb0FJZ0J5QUdVQVlRQmtBSGtBY3dCMEFHRUFkQUJsQUdNQWFBQmhBRzRBWndCbEFDSUFMQUFpQUhNQUlnQTZBRFFBT0FBekFEZ0FMQUFpQUdVQUlnQTZBRFFBT0FBekFEZ0FMQUFpQUc4QUlnQTZBQ0lBZFFCdUFHUUFaUUJtQUdrQWJnQmxBR1FBSUFCSEFFVUFWQUE2QUNBQWN3QjBBR0VBWndCcEFHNEFad0J3QUhJQVpRQmtBR2tBWXdCMEFEVUFMZ0JwQUc0QVpnQnNBSFVBWlFCdUFHTUFaUUJvQUdVQVlRQnNBSFFBYUFBdUFHTUFid0J0QURvQU5BQTBBRE1BTHdCcEFHMEFZUUJuQUdVQWN3QXZBRmNBWlFCc0FHTUFid0J0QUdVQUxRQjBBRzhBTFFCUUFISUFaUUJrQUdrQVl3QjBBQzBBYkFCdkFHY0Fid0F1QUhNQWRnQm5BQ0lBTEFBaUFIUUFJZ0E2QUNJQVpRQjJBR1VBYmdCMEFDSUFmUUFzQUhzQUlnQnVBQ0lBT2dBaUFISUFaUUJoQUdRQWVRQnpBSFFBWVFCMEFHVUFZd0JvQUdFQWJnQm5BR1VBSWdBc0FDSUFjd0FpQURvQU5BQTRBRE1BT0FBc0FDSUFaUUFpQURvQU5BQTRBRE1BT0FBc0FDSUFid0FpQURvQUlnQjFBRzRBWkFCbEFHWUFhUUJ1QUdVQVpBQWdBRWNBUlFCVUFEb0FJQUJ6QUhRQVlRQm5BR2tBYmdCbkFIQUFjZ0JsQUdRQWFRQmpBSFFBTlFBdUFHa0FiZ0JtQUd3QWRRQmxBRzRBWXdCbEFHZ0FaUUJoQUd3QWRBQm9BQzRBWXdCdkFHMEFPZ0EwQURRQU13QXZBR2tBYlFCaEFHY0FaUUJ6QUM4QVZ3QmxBR3dBWXdCdkFHMEFaUUF0QUhRQWJ3QXRBRkFBY2dCbEFHUUFhUUJqQUhRQUxRQnNBRzhBWndCdkFDNEFjd0IyQUdjQUlnQXNBQ0lBZEFBaUFEb0FJZ0JsQUhZQVpRQnVBSFFBSWdCOUFDd0Fld0FpQUc0QUlnQTZBQ0lBY2dCbEFHRUFaQUI1QUhNQWRBQmhBSFFBWlFCakFHZ0FZUUJ1QUdjQVpRQWlBQ3dBSWdCekFDSUFPZ0EwQURnQU13QTRBQ3dBSWdCbEFDSUFPZ0EwQURnQU13QTRBQ3dBSWdCdkFDSUFPZ0FpQUhVQWJnQmtBR1VBWmdCcEFHNEFaUUJrQUNBQVJ3QkZBRlFBT2dBZ0FITUFkQUJoQUdjQWFRQnVBR2NBY0FCeUFHVUFaQUJwQUdNQWRBQTFBQzRBYVFCdUFHWUFiQUIxQUdVQWJnQmpBR1VBYUFCbEFHRUFiQUIwQUdnQUxnQmpBRzhBYlFBNkFEUUFOQUF6QUM4QWFRQnRBR0VBWndCbEFITUFMd0JYQUdVQWJBQmpBRzhBYlFCbEFDMEFkQUJ2QUMwQVVBQnlBR1VBWkFCcEFHTUFkQUF0QUd3QWJ3Qm5BRzhBTGdCekFIWUFad0FpQUN3QUlnQjBBQ0lBT2dBaUFHVUFkZ0JsQUc0QWRBQWlBSDBBTEFCN0FDSUFiZ0FpQURvQUlnQnlBR1VBWVFCa0FIa0Fjd0IwQUdFQWRBQmxBR01BYUFCaEFHNEFad0JsQUNJQUxBQWlBSE1BSWdBNkFEUUFPQUF6QURnQUxBQWlBR1VBSWdBNkFEUUFPQUF6QURnQUxBQWlBRzhBSWdBNkFDSUFkUUJ1QUdRQVpRQm1BR2tBYmdCbEFHUUFJQUJIQUVVQVZBQTZBQ0FBY3dCMEFHRUFad0JwQUc0QVp3QndBSElBWlFCa0FHa0FZd0IwQURVQUxnQnBBRzRBWmdCc0FIVUFaUUJ1QUdNQVpRQm9BR1VBWVFCc0FIUUFhQUF1QUdNQWJ3QnRBRG9BTkFBMEFETUFMd0JwQUcwQVlRQm5BR1VBY3dBdkFGY0FaUUJzQUdNQWJ3QnRBR1VBTFFCMEFHOEFMUUJRQUhJQVpRQmtBR2tBWXdCMEFDMEFiQUJ2QUdjQWJ3QXVBSE1BZGdCbkFDSUFMQUFpQUhRQUlnQTZBQ0lBWlFCMkFHVUFiZ0IwQUNJQWZRQXNBSHNBSWdCdUFDSUFPZ0FpQUhJQVpRQmhBR1FBZVFCekFIUUFZUUIwQUdVQVl3Qm9BR0VBYmdCbkFHVUFJZ0FzQUNJQWN3QWlBRG9BTkFBNEFETUFPQUFzQUNJQVpRQWlBRG9BTkFBNEFETUFPQUFzQUNJQWJ3QWlBRG9BSWdCMUFHNEFaQUJsQUdZQWFRQnVBR1VBWkFBZ0FFY0FSUUJVQURvQUlBQnpBSFFBWVFCbkFHa0FiZ0JuQUhBQWNnQmxBR1FBYVFCakFIUUFOUUF1QUdrQWJnQm1BR3dBZFFCbEFHNEFZd0JsQUdnQVpRQmhBR3dBZEFCb0FDNEFZd0J2QUcwQU9nQTBBRFFBTXdBdkFHa0FiUUJoQUdjQVpRQnpBQzhBVndCbEFHd0FZd0J2QUcwQVpRQXRBSFFBYndBdEFGQUFjZ0JsQUdRQWFRQmpBSFFBTFFCc0FHOEFad0J2QUM0QWN3QjJBR2NBSWdBc0FDSUFkQUFpQURvQUlnQmxBSFlBWlFCdUFIUUFJZ0I5QUN3QWV3QWlBRzRBSWdBNkFDSUFjZ0JsQUdFQVpBQjVBSE1BZEFCaEFIUUFaUUJqQUdnQVlRQnVBR2NBWlFBaUFDd0FJZ0J6QUNJQU9nQTBBRGdBTXdBNEFDd0FJZ0JsQUNJQU9nQTBBRGdBTndBMkFDd0FJZ0J2QUNJQU9nQWlBSFVBYmdCa0FHVUFaZ0JwQUc0QVpRQmtBQ0FBUndCRkFGUUFPZ0FnQUhNQWRBQmhBR2NBYVFCdUFHY0FjQUJ5QUdVQVpBQnBBR01BZEFBMUFDNEFhUUJ1QUdZQWJBQjFBR1VBYmdCakFHVUFhQUJsQUdFQWJBQjBBR2dBTGdCakFHOEFiUUE2QURRQU5BQXpBQzhBYVFCdEFHRUFad0JsQUhNQUx3QlhBR1VBYkFCakFHOEFiUUJsQUMwQWRBQnZBQzBBVUFCeUFHVUFaQUJwQUdNQWRBQXRBR3dBYndCbkFHOEFMZ0J6QUhZQVp3QWlBQ3dBSWdCMEFDSUFPZ0FpQUdVQWRnQmxBRzRBZEFBaUFIMEFMQUI3QUNJQWJnQWlBRG9BSWdCeUFHVUFZUUJrQUhrQWN3QjBBR0VBZEFCbEFHTUFhQUJoQUc0QVp3QmxBQ0lBTEFBaUFITUFJZ0E2QURRQU9BQTNBRGNBTEFBaUFHVUFJZ0E2QURRQU9BQTNBRGNBTEFBaUFHOEFJZ0E2QUNJQWRRQnVBR1FBWlFCbUFHa0FiZ0JsQUdRQUlBQkhBRVVBVkFBNkFDQUFjd0IwQUdFQVp3QnBBRzRBWndCd0FISUFaUUJrQUdrQVl3QjBBRFVBTGdCcEFHNEFaZ0JzQUhVQVpRQnVBR01BWlFCb0FHVUFZUUJzQUhRQWFBQXVBR01BYndCdEFEb0FOQUEwQURNQUx3QnBBRzBBWVFCbkFHVUFjd0F2QUd3QWJ3Qm5BR2tBYmdBdEFHMEFZUUJ5QUdzQVpRQjBBR2tBYmdCbkFDMEFkQUJoQUdjQWJBQnBBRzRBWlFBdUFITUFkZ0JuQUNJQUxBQWlBSFFBSWdBNkFDSUFaUUIyQUdVQWJnQjBBQ0lBZlFBc0FIc0FJZ0J1QUNJQU9nQWlBSElBWlFCaEFHUUFlUUJ6QUhRQVlRQjBBR1VBWXdCb0FHRUFiZ0JuQUdVQUlnQXNBQ0lBY3dBaUFEb0FOQUE0QURjQU53QXNBQ0lBWlFBaUFEb0FOQUE0QURjQU53QXNBQ0lBYndBaUFEb0FJZ0IxQUc0QVpBQmxBR1lBYVFCdUFHVUFaQUFnQUVjQVJRQlVBRG9BSUFCekFIUUFZUUJuQUdrQWJnQm5BSEFBY2dCbEFHUUFhUUJqQUhRQU5RQXVBR2tBYmdCbUFHd0FkUUJsQUc0QVl3QmxBR2dBWlFCaEFHd0FkQUJvQUM0QVl3QnZBRzBBT2dBMEFEUUFNd0F2QUdrQWJRQmhBR2NBWlFCekFDOEFiQUJ2QUdjQWFRQnVBQzBBYlFCaEFISUFhd0JsQUhRQWFRQnVBR2NBTFFCMEFHRUFad0JzQUdrQWJnQmxBQzRBY3dCMkFHY0FJZ0FzQUNJQWRBQWlBRG9BSWdCbEFIWUFaUUJ1QUhRQUlnQjlBQ3dBZXdBaUFHNEFJZ0E2QUNJQWNnQmxBR0VBWkFCNUFITUFkQUJoQUhRQVpRQmpBR2dBWVFCdUFHY0FaUUFpQUN3QUlnQnpBQ0lBT2dBMEFEZ0FOd0EzQUN3QUlnQmxBQ0lBT2dBMEFEZ0FOd0EzQUN3QUlnQnZBQ0lBT2dBaUFIVUFiZ0JrQUdVQVpnQnBBRzRBWlFCa0FDQUFSd0JGQUZRQU9nQWdBSE1BZEFCaEFHY0FhUUJ1QUdjQWNBQnlBR1VBWkFCcEFHTUFkQUExQUM0QWFRQnVBR1lBYkFCMUFHVUFiZ0JqQUdVQWFBQmxBR0VBYkFCMEFHZ0FMZ0JqQUc4QWJRQTZBRFFBTkFBekFDOEFhUUJ0QUdFQVp3QmxBSE1BTHdCc0FHOEFad0JwQUc0QUxRQnRBR0VBY2dCckFHVUFkQUJwQUc0QVp3QXRBSFFBWVFCbkFHd0FhUUJ1QUdVQUxnQnpBSFlBWndBaUFDd0FJZ0IwQUNJQU9nQWlBR1VBZGdCbEFHNEFkQUFpQUgwQUxBQjdBQ0lBYmdBaUFEb0FJZ0J5QUdVQVlRQmtBSGtBY3dCMEFHRUFkQUJsQUdNQWFBQmhBRzRBWndCbEFDSUFMQUFpQUhNQUlnQTZBRFFBT0FBM0FEZ0FMQUFpQUdVQUlnQTZBRFFBT0FBM0FEZ0FMQUFpQUc4QUlnQTZBQ0lBZFFCdUFHUUFaUUJtQUdrQWJnQmxBR1FBSUFCSEFFVUFWQUE2QUNBQWN3QjBBR0VBWndCcEFHNEFad0J3QUhJQVpRQmtBR2tBWXdCMEFEVUFMZ0JwQUc0QVpnQnNBSFVBWlFCdUFHTUFaUUJvQUdVQVlRQnNBSFFBYUFBdUFHTUFid0J0QURvQU5BQTBBRE1BTHdCcEFHMEFZUUJuQUdVQWN3QXZBR3dBYndCbkFHa0FiZ0F0QUcwQVlRQnlBR3NBWlFCMEFHa0FiZ0JuQUMwQWRBQmhBR2NBYkFCcEFHNEFaUUF1QUhNQWRnQm5BQ0lBTEFBaUFIUUFJZ0E2QUNJQVpRQjJBR1VBYmdCMEFDSUFmUUFzQUhzQUlnQnVBQ0lBT2dBaUFISUFaUUJoQUdRQWVRQnpBSFFBWVFCMEFHVUFZd0JvQUdFQWJnQm5BR1VBSWdBc0FDSUFjd0FpQURvQU5BQTRBRGNBT0FBc0FDSUFaUUFpQURvQU5BQTRBRGNBT0FBc0FDSUFid0FpQURvQUlnQjFBRzRBWkFCbEFHWUFhUUJ1QUdVQVpBQWdBRWNBUlFCVUFEb0FJQUJ6QUhRQVlRQm5BR2tBYmdCbkFIQUFjZ0JsQUdRQWFRQmpBSFFBTlFBdUFHa0FiZ0JtQUd3QWRRQmxBRzRBWXdCbEFHZ0FaUUJoQUd3QWRBQm9BQzRBWXdCdkFHMEFPZ0EwQURRQU13QXZBR2tBYlFCaEFHY0FaUUJ6QUM4QWJBQnZBR2NBYVFCdUFDMEFiUUJoQUhJQWF3QmxBSFFBYVFCdUFHY0FMUUIwQUdFQVp3QnNBR2tBYmdCbEFDNEFjd0IyQUdjQUlnQXNBQ0lBZEFBaUFEb0FJZ0JsQUhZQVpRQnVBSFFBSWdCOUFDd0Fld0FpQUc0QUlnQTZBQ0lBY2dCbEFHRUFaQUI1QUhNQWRBQmhBSFFBWlFCakFHZ0FZUUJ1QUdjQVpRQWlBQ3dBSWdCekFDSUFPZ0EwQURnQU53QTRBQ3dBSWdCbEFDSUFPZ0EwQURnQU53QTRBQ3dBSWdCdkFDSUFPZ0FpQUhVQWJnQmtBR1VBWmdCcEFHNEFaUUJrQUNBQVJ3QkZBRlFBT2dBZ0FITUFkQUJoQUdjQWFRQnVBR2NBY0FCeUFHVUFaQUJwQUdNQWRBQTFBQzRBYVFCdUFHWUFiQUIxQUdVQWJnQmpBR1VBYUFCbEFHRUFiQUIwQUdnQUxnQmpBRzhBYlFBNkFEUUFOQUF6QUM4QWFRQnRBR0VBWndCbEFITUFMd0JzQUc4QVp3QnBBRzRBTFFCdEFHRUFjZ0JyQUdVQWRBQnBBRzRBWndBdEFIUUFZUUJuQUd3QWFRQnVBR1VBTGdCekFIWUFad0FpQUN3QUlnQjBBQ0lBT2dBaUFHVUFkZ0JsQUc0QWRBQWlBSDBBTEFCN0FDSUFiZ0FpQURvQUlnQnlBR1VBWVFCa0FIa0Fjd0IwQUdFQWRBQmxBR01BYUFCaEFHNEFad0JsQUNJQUxBQWlBSE1BSWdBNkFEUUFPQUEzQURnQUxBQWlBR1VBSWdBNkFEUUFPQUEzQURnQUxBQWlBRzhBSWdBNkFDSUFkUUJ1QUdRQVpRQm1BR2tBYmdCbEFHUUFJQUJIQUVVQVZBQTZBQ0FBY3dCMEFHRUFad0JwQUc0QVp3QndBSElBWlFCa0FHa0FZd0IwQURVQUxnQnBBRzRBWmdCc0FIVUFaUUJ1QUdNQVpRQm9BR1VBWVFCc0FIUUFhQUF1QUdNQWJ3QnRBRG9BTkFBMEFETUFMd0JwQUcwQVlRQm5BR1VBY3dBdkFHd0Fid0JuQUdrQWJnQXRBRzBBWVFCeUFHc0FaUUIwQUdrQWJnQm5BQzBBZEFCaEFHY0FiQUJwQUc0QVpRQXVBSE1BZGdCbkFDSUFMQUFpQUhRQUlnQTZBQ0lBWlFCMkFHVUFiZ0IwQUNJQWZRQXNBSHNBSWdCdUFDSUFPZ0FpQUhJQVpRQmhBR1FBZVFCekFIUUFZUUIwQUdVQVl3Qm9BR0VBYmdCbkFHVUFJZ0FzQUNJQWN3QWlBRG9BTkFBNEFEY0FPQUFzQUNJQVpRQWlBRG9BTkFBNEFEY0FPQUFzQUNJQWJ3QWlBRG9BSWdCMUFHNEFaQUJsQUdZQWFRQnVBR1VBWkFBZ0FFY0FSUUJVQURvQUlBQnpBSFFBWVFCbkFHa0FiZ0JuQUhBQWNnQmxBR1FBYVFCakFIUUFOUUF1QUdrQWJnQm1BR3dBZFFCbEFHNEFZd0JsQUdnQVpRQmhBR3dBZEFCb0FDNEFZd0J2QUcwQU9nQTBBRFFBTXdBdkFHa0FiUUJoQUdjQVpRQnpBQzhBYkFCdkFHY0FhUUJ1QUMwQWJRQmhBSElBYXdCbEFIUUFhUUJ1QUdjQUxRQjBBR0VBWndCc0FHa0FiZ0JsQUM0QWN3QjJBR2NBSWdBc0FDSUFkQUFpQURvQUlnQmxBSFlBWlFCdUFIUUFJZ0I5QUN3QWV3QWlBRzRBSWdBNkFDSUFjZ0JsQUdFQVpBQjVBSE1BZEFCaEFIUUFaUUJqQUdnQVlRQnVBR2NBWlFBaUFDd0FJZ0J6QUNJQU9nQTBBRGdBTndBNEFDd0FJZ0JsQUNJQU9nQTBBRGdBTndBNEFDd0FJZ0J2QUNJQU9nQWlBSFVBYmdCa0FHVUFaZ0JwQUc0QVpRQmtBQ0FBUndCRkFGUUFPZ0FnQUhNQWRBQmhBR2NBYVFCdUFHY0FjQUJ5QUdVQVpBQnBBR01BZEFBMUFDNEFhUUJ1QUdZQWJBQjFBR1VBYmdCakFHVUFhQUJsQUdFQWJBQjBBR2dBTGdCakFHOEFiUUE2QURRQU5BQXpBQzhBYVFCdEFHRUFad0JsQUhNQUx3QnNBRzhBWndCcEFHNEFMUUJ0QUdFQWNnQnJBR1VBZEFCcEFHNEFad0F0QUhRQVlRQm5BR3dBYVFCdUFHVUFMZ0J6QUhZQVp3QWlBQ3dBSWdCMEFDSUFPZ0FpQUdVQWRnQmxBRzRBZEFBaUFIMEFMQUI3QUNJQWJnQWlBRG9BSWdCeUFHVUFZUUJrQUhrQWN3QjBBR0VBZEFCbEFHTUFhQUJoQUc0QVp3QmxBQ0lBTEFBaUFITUFJZ0E2QURRQU9BQTNBRGtBTEFBaUFHVUFJZ0E2QURRQU9BQTNBRGtBTEFBaUFHOEFJZ0E2QUNJQWRRQnVBR1FBWlFCbUFHa0FiZ0JsQUdRQUlBQkhBRVVBVkFBNkFDQUFjd0IwQUdFQVp3QnBBRzRBWndCd0FISUFaUUJrQUdrQVl3QjBBRFVBTGdCcEFHNEFaZ0JzQUhVQVpRQnVBR01BWlFCb0FHVUFZUUJzQUhRQWFBQXVBR01BYndCdEFEb0FOQUEwQURNQUx3QnBBRzBBWVFCbkFHVUFjd0F2QUd3QWJ3Qm5BR2tBYmdBdEFHMEFZUUJ5QUdzQVpRQjBBR2tBYmdCbkFDMEFkQUJoQUdjQWJBQnBBRzRBWlFBdUFITUFkZ0JuQUNJQUxBQWlBSFFBSWdBNkFDSUFaUUIyQUdVQWJnQjBBQ0lBZlFBc0FIc0FJZ0J1QUNJQU9nQWlBSElBWlFCaEFHUUFlUUJ6QUhRQVlRQjBBR1VBWXdCb0FHRUFiZ0JuQUdVQUlnQXNBQ0lBY3dBaUFEb0FOQUE0QURjQU9RQXNBQ0lBWlFBaUFEb0FOQUE0QURjQU9RQXNBQ0lBYndBaUFEb0FJZ0IxQUc0QVpBQmxBR1lBYVFCdUFHVUFaQUFnQUVjQVJRQlVBRG9BSUFCekFIUUFZUUJuQUdrQWJnQm5BSEFBY2dCbEFHUUFhUUJqQUhRQU5RQXVBR2tBYmdCbUFHd0FkUUJsQUc0QVl3QmxBR2dBWlFCaEFHd0FkQUJvQUM0QVl3QnZBRzBBT2dBMEFEUUFNd0F2QUdrQWJRQmhBR2NBWlFCekFDOEFiQUJ2QUdjQWFRQnVBQzBBYlFCaEFISUFhd0JsQUhRQWFRQnVBR2NBTFFCMEFHRUFad0JzQUdrQWJnQmxBQzRBY3dCMkFHY0FJZ0FzQUNJQWRBQWlBRG9BSWdCbEFIWUFaUUJ1QUhRQUlnQjlBQ3dBZXdBaUFHNEFJZ0E2QUNJQWNnQmxBR0VBWkFCNUFITUFkQUJoQUhRQVpRQmpBR2dBWVFCdUFHY0FaUUFpQUN3QUlnQnpBQ0lBT2dBMEFEZ0FOd0E1QUN3QUlnQmxBQ0lBT2dBMEFEa0FNQUF3QUN3QUlnQnZBQ0lBT2dBaUFIVUFiZ0JrQUdVQVpnQnBBRzRBWlFCa0FDQUFSd0JGQUZRQU9nQWdBSE1BZEFCaEFHY0FhUUJ1QUdjQWNBQnlBR1VBWkFCcEFHTUFkQUExQUM0QWFRQnVBR1lBYkFCMUFHVUFiZ0JqQUdVQWFBQmxBR0VBYkFCMEFHZ0FMZ0JqQUc4QWJRQTZBRFFBTkFBekFDOEFhUUJ0QUdFQVp3QmxBSE1BTHdCc0FHOEFad0JwQUc0QUxRQnRBR0VBY2dCckFHVUFkQUJwQUc0QVp3QXRBSFFBWVFCbkFHd0FhUUJ1QUdVQUxnQnpBSFlBWndBaUFDd0FJZ0IwQUNJQU9nQWlBR1VBZGdCbEFHNEFkQUFpQUgwQUxBQjdBQ0lBYmdBaUFEb0FJZ0J5QUdVQVlRQmtBSGtBY3dCMEFHRUFkQUJsQUdNQWFBQmhBRzRBWndCbEFDSUFMQUFpQUhNQUlnQTZBRFFBT1FBd0FERUFMQUFpQUdVQUlnQTZBRFFBT1FBd0FERUFMQUFpQUc4QUlnQTZBQ0lBZFFCdUFHUUFaUUJtQUdrQWJnQmxBR1FBSUFCSEFFVUFWQUE2QUNBQWN3QjBBR0VBWndCcEFHNEFad0J3QUhJQVpRQmtBR2tBWXdCMEFEVUFMZ0JwQUc0QVpnQnNBSFVBWlFCdUFHTUFaUUJvQUdVQVlRQnNBSFFBYUFBdUFHTUFid0J0QURvQU5BQTBBRE1BTHdCcEFHMEFZUUJuQUdVQWN3QXZBRzBBWVFCeUFHc0FaUUIwQUdrQWJnQm5BQzBBY0FCdkFHd0FlUUJuQUc4QWJnQnpBQzRBY3dCMkFHY0FJZ0FzQUNJQWRBQWlBRG9BSWdCbEFIWUFaUUJ1QUhRQUlnQjlBQ3dBZXdBaUFHNEFJZ0E2QUNJQWNnQmxBR0VBWkFCNUFITUFkQUJoQUhRQVpRQmpBR2dBWVFCdUFHY0FaUUFpQUN3QUlnQnpBQ0lBT2dBMEFEa0FNQUF4QUN3QUlnQmxBQ0lBT2dBMEFEa0FNQUF4QUN3QUlnQnZBQ0lBT2dBaUFIVUFiZ0JrQUdVQVpnQnBBRzRBWlFCa0FDQUFSd0JGQUZRQU9nQWdBSE1BZEFCaEFHY0FhUUJ1QUdjQWNBQnlBR1VBWkFCcEFHTUFkQUExQUM0QWFRQnVBR1lBYkFCMUFHVUFiZ0JqQUdVQWFBQmxBR0VBYkFCMEFHZ0FMZ0JqQUc4QWJRQTZBRFFBTkFBekFDOEFhUUJ0QUdFQVp3QmxBSE1BTHdCdEFHRUFjZ0JyQUdVQWRBQnBBRzRBWndBdEFIQUFid0JzQUhrQVp3QnZBRzRBY3dBdUFITUFkZ0JuQUNJQUxBQWlBSFFBSWdBNkFDSUFaUUIyQUdVQWJnQjBBQ0lBZlFBc0FIc0FJZ0J1QUNJQU9nQWlBSElBWlFCaEFHUUFlUUJ6QUhRQVlRQjBBR1VBWXdCb0FHRUFiZ0JuQUdVQUlnQXNBQ0lBY3dBaUFEb0FOQUE1QURBQU1RQXNBQ0lBWlFBaUFEb0FOQUE1QURBQU1RQXNBQ0lBYndBaUFEb0FJZ0IxQUc0QVpBQmxBR1lBYVFCdUFHVUFaQUFnQUVjQVJRQlVBRG9BSUFCekFIUUFZUUJuQUdrQWJnQm5BSEFBY2dCbEFHUUFhUUJqQUhRQU5RQXVBR2tBYmdCbUFHd0FkUUJsQUc0QVl3QmxBR2dBWlFCaEFHd0FkQUJvQUM0QVl3QnZBRzBBT2dBMEFEUUFNd0F2QUdrQWJRQmhBR2NBWlFCekFDOEFiUUJoQUhJQWF3QmxBSFFBYVFCdUFHY0FMUUJ3QUc4QWJBQjVBR2NBYndCdUFITUFMZ0J6QUhZQVp3QWlBQ3dBSWdCMEFDSUFPZ0FpQUdVQWRnQmxBRzRBZEFBaUFIMEFMQUI3QUNJQWJnQWlBRG9BSWdCeUFHVUFZUUJrQUhrQWN3QjBBR0VBZEFCbEFHTUFhQUJoQUc0QVp3QmxBQ0lBTEFBaUFITUFJZ0E2QURRQU9RQXdBREVBTEFBaUFHVUFJZ0E2QURRQU9RQXdBREVBTEFBaUFHOEFJZ0E2QUNJQWRRQnVBR1FBWlFCbUFHa0FiZ0JsQUdRQUlBQkhBRVVBVkFBNkFDQUFjd0IwQUdFQVp3QnBBRzRBWndCd0FISUFaUUJrQUdrQVl3QjBBRFVBTGdCcEFHNEFaZ0JzQUhVQVpRQnVBR01BWlFCb0FHVUFZUUJzQUhRQWFBQXVBR01BYndCdEFEb0FOQUEwQURNQUx3QnBBRzBBWVFCbkFHVUFjd0F2QUcwQVlRQnlBR3NBWlFCMEFHa0FiZ0JuQUMwQWNBQnZBR3dBZVFCbkFHOEFiZ0J6QUM0QWN3QjJBR2NBSWdBc0FDSUFkQUFpQURvQUlnQmxBSFlBWlFCdUFIUUFJZ0I5QUN3QWV3QWlBRzRBSWdBNkFDSUFjZ0JsQUdFQVpBQjVBSE1BZEFCaEFIUUFaUUJqQUdnQVlRQnVBR2NBWlFBaUFDd0FJZ0J6QUNJQU9nQTBBRGtBTUFBeEFDd0FJZ0JsQUNJQU9nQTBBRGtBTUFBeEFDd0FJZ0J2QUNJQU9nQWlBSFVBYmdCa0FHVUFaZ0JwQUc0QVpRQmtBQ0FBUndCRkFGUUFPZ0FnQUhNQWRBQmhBR2NBYVFCdUFHY0FjQUJ5QUdVQVpBQnBBR01BZEFBMUFDNEFhUUJ1QUdZQWJBQjFBR1VBYmdCakFHVUFhQUJsQUdFQWJBQjBBR2dBTGdCakFHOEFiUUE2QURRQU5BQXpBQzhBYVFCdEFHRUFad0JsQUhNQUx3QnRBR0VBY2dCckFHVUFkQUJwQUc0QVp3QXRBSEFBYndCc0FIa0Fad0J2QUc0QWN3QXVBSE1BZGdCbkFDSUFMQUFpQUhRQUlnQTZBQ0lBWlFCMkFHVUFiZ0IwQUNJQWZRQXNBSHNBSWdCdUFDSUFPZ0FpQUhJQVpRQmhBR1FBZVFCekFIUUFZUUIwQUdVQVl3Qm9BR0VBYmdCbkFHVUFJZ0FzQUNJQWN3QWlBRG9BTkFBNUFEQUFNUUFzQUNJQVpRQWlBRG9BTkFBNUFERUFNUUFzQUNJQWJ3QWlBRG9BSWdCMUFHNEFaQUJsQUdZQWFRQnVBR1VBWkFBZ0FFY0FSUUJVQURvQUlBQnpBSFFBWVFCbkFHa0FiZ0JuQUhBQWNnQmxBR1FBYVFCakFIUUFOUUF1QUdrQWJnQm1BR3dBZFFCbEFHNEFZd0JsQUdnQVpRQmhBR3dBZEFCb0FDNEFZd0J2QUcwQU9nQTBBRFFBTXdBdkFHa0FiUUJoQUdjQVpRQnpBQzhBYlFCaEFISUFhd0JsQUhRQWFRQnVBR2NBTFFCd0FHOEFiQUI1QUdjQWJ3QnVBSE1BTGdCekFIWUFad0FpQUN3QUlnQjBBQ0lBT2dBaUFHVUFkZ0JsQUc0QWRBQWlBSDBBTEFCN0FDSUFiZ0FpQURvQUlnQkVBRThBVFFCREFHOEFiZ0IwQUdVQWJnQjBBRXdBYndCaEFHUUFaUUJrQUNJQUxBQWlBSE1BSWdBNkFETUFOUUF6QURBQUxBQWlBR1VBSWdBNkFETUFOZ0ExQURrQUxBQWlBRzhBSWdBNkFDSUFaQUJ2QUdNQWRRQnRBR1VBYmdCMEFDSUFMQUFpQUhRQUlnQTZBQ0lBWlFCMkFHVUFiZ0IwQUNJQWZRQXNBSHNBSWdCdUFDSUFPZ0FpQUd3QWJ3QmhBR1FBSWdBc0FDSUFjd0FpQURvQU13QTJBRGdBTXdBc0FDSUFaUUFpQURvQU13QTJBRGdBTkFBc0FDSUFid0FpQURvQUlnQjNBR2tBYmdCa0FHOEFkd0FpQUN3QUlnQjBBQ0lBT2dBaUFHVUFkZ0JsQUc0QWRBQWlBSDBBTEFCN0FDSUFiZ0FpQURvQUlnQnNBRzhBWVFCa0FDSUFMQUFpQUhNQUlnQTZBRE1BTndBNEFEY0FMQUFpQUdVQUlnQTZBRE1BTndBNUFEa0FMQUFpQUc4QUlnQTZBQ0lBTWdBd0FEQUFJQUJIQUVVQVZBQTZBQ0FBY3dCMEFHRUFad0JwQUc0QVp3QndBSElBWlFCa0FHa0FZd0IwQURVQUxnQnBBRzRBWmdCc0FIVUFaUUJ1QUdNQVpRQm9BR1VBWVFCc0FIUUFhQUF1QUdNQWJ3QnRBRG9BTkFBMEFETUFMd0J5QUc4QWRRQjBBR1VBY3dBdUFHb0Fjd0J2QUc0QUlnQXNBQ0lBZEFBaUFEb0FJZ0JsQUhZQVpRQnVBSFFBSWdCOUFDd0Fld0FpQUc0QUlnQTZBQ0lBYkFCdkFHRUFaQUFpQUN3QUlnQnpBQ0lBT2dBekFEa0FNUUEzQUN3QUlnQmxBQ0lBT2dBekFEa0FNZ0EyQUN3QUlnQnZBQ0lBT2dBaUFESUFNQUF3QUNBQVJ3QkZBRlFBT2dBZ0FITUFkQUJoQUdjQWFRQnVBR2NBY0FCeUFHVUFaQUJwQUdNQWRBQTFBQzRBYVFCdUFHWUFiQUIxQUdVQWJnQmpBR1VBYUFCbEFHRUFiQUIwQUdnQUxnQmpBRzhBYlFBNkFEUUFOQUF6QUM4QUpBQnRBRzhBWkFCMUFHd0FaUUF2QUd3QVlRQjVBRzhBZFFCMEFITUFMd0JrQUdVQVpnQmhBSFVBYkFCMEFDSUFMQUFpQUhRQUlnQTZBQ0lBWlFCMkFHVUFiZ0IwQUNJQWZRQXNBSHNBSWdCdUFDSUFPZ0FpQUd3QWJ3QmhBR1FBSWdBc0FDSUFjd0FpQURvQU13QTVBRElBTndBc0FDSUFaUUFpQURvQU13QTVBRElBTndBc0FDSUFid0FpQURvQUlnQXlBREFBTUFBZ0FGQUFUd0JUQUZRQU9nQWdBR0lBWVFCdEFDNEFiZ0J5QUMwQVpBQmhBSFFBWVFBdUFHNEFaUUIwQURvQU5BQTBBRE1BTHdCeUFHVUFjd0J2QUhVQWNnQmpBR1VBY3dBdkFERUFMd0JsQURRQVpnQTJBRE1BWkFCaEFEWUFNd0EzQUNJQUxBQWlBSFFBSWdBNkFDSUFaUUIyQUdVQWJnQjBBQ0lBZlFBc0FIc0FJZ0J1QUNJQU9nQWlBR3dBYndCaEFHUUFJZ0FzQUNJQWN3QWlBRG9BTXdBNUFEY0FOd0FzQUNJQVpRQWlBRG9BTXdBNUFEZ0FPQUFzQUNJQWJ3QWlBRG9BSWdBeUFEQUFNQUFnQUVjQVJRQlVBRG9BSUFCekFIUUFZUUJuQUdrQWJnQm5BSEFBY2dCbEFHUUFhUUJqQUhRQU5RQXVBR2tBYmdCbUFHd0FkUUJsQUc0QVl3QmxBR2dBWlFCaEFHd0FkQUJvQUM0QVl3QnZBRzBBT2dBMEFEUUFNd0F2QUd3QVlRQjVBRzhBZFFCMEFITUFMd0JrQUdVQVpnQmhBSFVBYkFCMEFDOEFMd0J0QUdFQWFRQnVBQzRBYWdCekFDSUFMQUFpQUhRQUlnQTZBQ0lBWlFCMkFHVUFiZ0IwQUNJQWZRQXNBSHNBSWdCdUFDSUFPZ0FpQUd3QWJ3QmhBR1FBSWdBc0FDSUFjd0FpQURvQU5BQXhBREFBTkFBc0FDSUFaUUFpQURvQU5BQXhBRE1BTUFBc0FDSUFid0FpQURvQUlnQXlBREFBTUFBZ0FFY0FSUUJVQURvQUlBQnpBSFFBWVFCbkFHa0FiZ0JuQUhBQWNnQmxBR1FBYVFCakFIUUFOUUF1QUdrQWJnQm1BR3dBZFFCbEFHNEFZd0JsQUdnQVpRQmhBR3dBZEFCb0FDNEFZd0J2QUcwQU9nQTBBRFFBTXdBdkFHd0FZUUI1QUc4QWRRQjBBSE1BTHdCa0FHVUFaZ0JoQUhVQWJBQjBBQzhBYVFCdUFHUUFaUUI0QUM0QWFBQjBBRzBBYkFBaUFDd0FJZ0IwQUNJQU9nQWlBR1VBZGdCbEFHNEFkQUFpQUgwQUxBQjdBQ0lBYmdBaUFEb0FJZ0JzQUc4QVlRQmtBQ0lBTEFBaUFITUFJZ0E2QURRQU1RQTRBRFFBTEFBaUFHVUFJZ0E2QURRQU1nQXdBRElBTEFBaUFHOEFJZ0E2QUNJQU1nQXdBREFBSUFCSEFFVUFWQUE2QUNBQWN3QjBBR0VBWndCcEFHNEFad0J3QUhJQVpRQmtBR2tBWXdCMEFEVUFMZ0JwQUc0QVpnQnNBSFVBWlFCdUFHTUFaUUJvQUdVQVlRQnNBSFFBYUFBdUFHTUFid0J0QURvQU5BQTBBRE1BTHdBa0FHMEFid0JrQUhVQWJBQmxBQzhBYlFCdkFHUUFkUUJzQUdVQWN3QXZBSE1BWlFCekFITUFhUUJ2QUc0QUlnQXNBQ0lBZEFBaUFEb0FJZ0JsQUhZQVpRQnVBSFFBSWdCOUFDd0Fld0FpQUc0QUlnQTZBQ0lBYkFCdkFHRUFaQUFpQUN3QUlnQnpBQ0lBT2dBMEFESUFNd0E1QUN3QUlnQmxBQ0lBT2dBMEFESUFOUUF5QUN3QUlnQnZBQ0lBT2dBaUFESUFNQUF3QUNBQVJ3QkZBRlFBT2dBZ0FITUFkQUJoQUdjQWFRQnVBR2NBY0FCeUFHVUFaQUJwQUdNQWRBQTFBQzRBYVFCdUFHWUFiQUIxQUdVQWJnQmpBR1VBYUFCbEFHRUFiQUIwQUdnQUxnQmpBRzhBYlFBNkFEUUFOQUF6QUM4QWJRQnZBR1FBZFFCc0FHVUFjd0F2QUhNQVpRQnpBSE1BYVFCdkFHNEFMd0F2QUcwQVlRQnBBRzRBTGdCcUFITUFJZ0FzQUNJQWRBQWlBRG9BSWdCbEFIWUFaUUJ1QUhRQUlnQjlBQ3dBZXdBaUFHNEFJZ0E2QUNJQWJBQnZBR0VBWkFBaUFDd0FJZ0J6QUNJQU9nQTBBRElBTmdBd0FDd0FJZ0JsQUNJQU9nQTBBRElBTmdBeUFDd0FJZ0J2QUNJQU9nQWlBRElBTUFBd0FDQUFSd0JGQUZRQU9nQWdBSE1BZEFCaEFHY0FhUUJ1QUdjQWNBQnlBR1VBWkFCcEFHTUFkQUExQUM0QWFRQnVBR1lBYkFCMUFHVUFiZ0JqQUdVQWFBQmxBR0VBYkFCMEFHZ0FMZ0JqQUc4QWJRQTZBRFFBTkFBekFDOEFiUUJ2QUdRQWRRQnNBR1VBY3dBdkFITUFaUUJ6QUhNQWFRQnZBRzRBTHdBdkFHTUFid0J1QUhRQWNnQnZBR3dBYkFCbEFISUFjd0JjQUZ3QVRBQnZBR2NBYVFCdUFFTUFkQUJ5QUd3QUxnQnFBSE1BSWdBc0FDSUFkQUFpQURvQUlnQmxBSFlBWlFCdUFIUUFJZ0I5QUN3QWV3QWlBRzRBSWdBNkFDSUFiQUJ2QUdFQVpBQWlBQ3dBSWdCekFDSUFPZ0EwQURJQU5nQXpBQ3dBSWdCbEFDSUFPZ0EwQURJQU5nQTBBQ3dBSWdCdkFDSUFPZ0FpQURJQU1BQXdBQ0FBUndCRkFGUUFPZ0FnQUhNQWRBQmhBR2NBYVFCdUFHY0FjQUJ5QUdVQVpBQnBBR01BZEFBMUFDNEFhUUJ1QUdZQWJBQjFBR1VBYmdCakFHVUFhQUJsQUdFQWJBQjBBR2dBTGdCakFHOEFiUUE2QURRQU5BQXpBQzhBYlFCdkFHUUFkUUJzQUdVQWN3QXZBSE1BWlFCekFITUFhUUJ2QUc0QUx3QXZBR01BYndCdUFIUUFjZ0J2QUd3QWJBQmxBSElBY3dCY0FGd0FUQUJ2QUdjQWJ3QjFBSFFBUXdCMEFISUFiQUF1QUdvQWN3QWlBQ3dBSWdCMEFDSUFPZ0FpQUdVQWRnQmxBRzRBZEFBaUFIMEFMQUI3QUNJQWJnQWlBRG9BSWdCc0FHOEFZUUJrQUNJQUxBQWlBSE1BSWdBNkFEUUFNZ0EyQURnQUxBQWlBR1VBSWdBNkFEUUFNZ0EzQURVQUxBQWlBRzhBSWdBNkFDSUFNZ0F3QURBQUlBQkhBRVVBVkFBNkFDQUFjd0IwQUdFQVp3QnBBRzRBWndCd0FISUFaUUJrQUdrQVl3QjBBRFVBTGdCcEFHNEFaZ0JzQUhVQVpRQnVBR01BWlFCb0FHVUFZUUJzQUhRQWFBQXVBR01BYndCdEFEb0FOQUEwQURNQUx3QnRBRzhBWkFCMUFHd0FaUUJ6QUM4QWN3QmxBSE1BY3dCcEFHOEFiZ0F2QUM4QVl3QnZBRzRBZEFCeUFHOEFiQUJzQUdVQWNnQnpBRndBWEFCU0FHOEFkUUIwQUdVQVF3QjBBSElBYkFBdUFHb0Fjd0FpQUN3QUlnQjBBQ0lBT2dBaUFHVUFkZ0JsQUc0QWRBQWlBSDBBTEFCN0FDSUFiZ0FpQURvQUlnQnNBRzhBWVFCa0FDSUFMQUFpQUhNQUlnQTZBRFFBTWdBNEFEWUFMQUFpQUdVQUlnQTZBRFFBTWdBNEFEWUFMQUFpQUc4QUlnQTZBQ0lBTWdBd0FEQUFJQUJIQUVVQVZBQTZBQ0FBY3dCMEFHRUFad0JwQUc0QVp3QndBSElBWlFCa0FHa0FZd0IwQURVQUxnQnBBRzRBWmdCc0FIVUFaUUJ1QUdNQVpRQm9BR1VBWVFCc0FIUUFhQUF1QUdNQWJ3QnRBRG9BTkFBMEFETUFMd0J0QUc4QVpBQjFBR3dBWlFCekFDOEFjd0JsQUhNQWN3QnBBRzhBYmdBdkFHTUFid0J1QUhRQWNnQnZBR3dBYkFCbEFISUFjd0F2QUZJQWJ3QjFBSFFBWlFCREFIUUFjZ0JzQUM0QWFnQnpBQ0lBTEFBaUFIUUFJZ0E2QUNJQVpRQjJBR1VBYmdCMEFDSUFmUUFzQUhzQUlnQnVBQ0lBT2dBaUFHd0Fid0JoQUdRQUlnQXNBQ0lBY3dBaUFEb0FOQUF5QURrQU1nQXNBQ0lBWlFBaUFEb0FOQUF5QURrQU5BQXNBQ0lBYndBaUFEb0FJZ0F5QURBQU1BQWdBRWNBUlFCVUFEb0FJQUJ6QUhRQVlRQm5BR2tBYmdCbkFIQUFjZ0JsQUdRQWFRQmpBSFFBTlFBdUFHa0FiZ0JtQUd3QWRRQmxBRzRBWXdCbEFHZ0FaUUJoQUd3QWRBQm9BQzRBWXdCdkFHMEFPZ0EwQURRQU13QXZBRzBBYndCa0FIVUFiQUJsQUhNQUx3QnpBR1VBY3dCekFHa0Fid0J1QUM4QVl3QnZBRzRBZEFCeUFHOEFiQUJzQUdVQWNnQnpBQzhBVEFCdkFHY0FhUUJ1QUVNQWRBQnlBR3dBTGdCcUFITUFJZ0FzQUNJQWRBQWlBRG9BSWdCbEFIWUFaUUJ1QUhRQUlnQjlBQ3dBZXdBaUFHNEFJZ0E2QUNJQWJBQnZBR0VBWkFBaUFDd0FJZ0J6QUNJQU9nQTBBRElBT1FBNEFDd0FJZ0JsQUNJQU9nQTBBRElBT1FBNUFDd0FJZ0J2QUNJQU9nQWlBRElBTUFBd0FDQUFSd0JGQUZRQU9nQWdBSE1BZEFCaEFHY0FhUUJ1QUdjQWNBQnlBR1VBWkFCcEFHTUFkQUExQUM0QWFRQnVBR1lBYkFCMUFHVUFiZ0JqQUdVQWFBQmxBR0VBYkFCMEFHZ0FMZ0JqQUc4QWJRQTZBRFFBTkFBekFDOEFiUUJ2QUdRQWRRQnNBR1VBY3dBdkFITUFaUUJ6QUhNQWFRQnZBRzRBTHdCakFHOEFiZ0IwQUhJQWJ3QnNBR3dBWlFCeUFITUFMd0JNQUc4QVp3QnZBSFVBZEFCREFIUUFjZ0JzQUM0QWFnQnpBQ0lBTEFBaUFIUUFJZ0E2QUNJQVpRQjJBR1VBYmdCMEFDSUFmUUFzQUhzQUlnQnVBQ0lBT2dBaUFHd0Fid0JoQUdRQUlnQXNBQ0lBY3dBaUFEb0FOQUF6QURFQU13QXNBQ0lBWlFBaUFEb0FOQUF6QURVQU1nQXNBQ0lBYndBaUFEb0FJZ0F5QURBQU1BQWdBRWNBUlFCVUFEb0FJQUJ6QUhRQVlRQm5BR2tBYmdCbkFIQUFjZ0JsQUdRQWFRQmpBSFFBTlFBdUFHa0FiZ0JtQUd3QWRRQmxBRzRBWXdCbEFHZ0FaUUJoQUd3QWRBQm9BQzRBWXdCdkFHMEFPZ0EwQURRQU13QXZBRzBBYndCa0FIVUFiQUJsQUhNQUx3QnpBR1VBY3dCekFHa0Fid0J1QUM4QWFRQnVBR1FBWlFCNEFDNEFhQUIwQUcwQWJBQWlBQ3dBSWdCMEFDSUFPZ0FpQUdVQWRnQmxBRzRBZEFBaUFIMEFMQUI3QUNJQWJnQWlBRG9BSWdCc0FHOEFZUUJrQUNJQUxBQWlBSE1BSWdBNkFEUUFOQUF5QURrQUxBQWlBR1VBSWdBNkFEUUFOd0F6QURVQUxBQWlBRzhBSWdBNkFDSUFNZ0F3QURBQUlBQkhBRVVBVkFBNkFDQUFjd0IwQUdFQVp3QnBBRzRBWndCd0FISUFaUUJrQUdrQVl3QjBBRFVBTGdCcEFHNEFaZ0JzQUhVQVpRQnVBR01BWlFCb0FHVUFZUUJzQUhRQWFBQXVBR01BYndCdEFEb0FOQUEwQURNQUx3QnRBRzhBWkFCMUFHd0FaUUJ6QUM4QWN3QmxBSE1BY3dCcEFHOEFiZ0F2QUhZQWFRQmxBSGNBY3dBdkFHd0Fid0JuQUdrQWJnQXVBR2dBZEFCdEFHd0FJZ0FzQUNJQWRBQWlBRG9BSWdCbEFIWUFaUUJ1QUhRQUlnQjlBQ3dBZXdBaUFHNEFJZ0E2QUNJQVpnQnZBR01BZFFCekFDSUFMQUFpQUhNQUlnQTZBRE1BTndBd0FEZ0FMQUFpQUdVQUlnQTZBRE1BTndBd0FEa0FMQUFpQUc4QUlnQTZBQ0lBZHdCcEFHNEFaQUJ2QUhjQUlnQXNBQ0lBZEFBaUFEb0FJZ0JsQUhZQVpRQnVBSFFBSWdCOUFDd0Fld0FpQUc0QUlnQTZBQ0lBY3dCbEFIUUFWQUJwQUcwQVpRQnZBSFVBZEFBaUFDd0FJZ0J6QUNJQU9nQXpBRGNBT0FBMUFDd0FJZ0JsQUNJQU9nQXpBRGNBT0FBMUFDd0FJZ0J2QUNJQU9nQWlBSGNBYVFCdUFHUUFid0IzQUNJQUxBQWlBSFFBSWdBNkFDSUFkQUJwQUcwQVpRQnlBQ0lBZlFBc0FIc0FJZ0J1QUNJQU9nQWlBSE1BWlFCMEFGUUFhUUJ0QUdVQWJ3QjFBSFFBSWdBc0FDSUFjd0FpQURvQU5BQXhBRE1BT0FBc0FDSUFaUUFpQURvQU5BQXhBRE1BT1FBc0FDSUFid0FpQURvQUlnQjNBR2tBYmdCa0FHOEFkd0FpQUN3QUlnQjBBQ0lBT2dBaUFIUUFhUUJ0QUdVQWNnQWlBSDBBTEFCN0FDSUFiZ0FpQURvQUlnQnpBR1VBZEFCVUFHa0FiUUJsQUc4QWRRQjBBQ0lBTEFBaUFITUFJZ0E2QURRQU1nQXdBRE1BTEFBaUFHVUFJZ0E2QURRQU1nQXdBRFFBTEFBaUFHOEFJZ0E2QUNJQWR3QnBBRzRBWkFCdkFIY0FJZ0FzQUNJQWRBQWlBRG9BSWdCMEFHa0FiUUJsQUhJQUlnQjlBQ3dBZXdBaUFHNEFJZ0E2QUNJQWN3QmxBSFFBVkFCcEFHMEFaUUJ2QUhVQWRBQWlBQ3dBSWdCekFDSUFPZ0EwQURnQU1BQXdBQ3dBSWdCbEFDSUFPZ0EwQURnQU1BQXdBQ3dBSWdCdkFDSUFPZ0FpQUhjQWFRQnVBR1FBYndCM0FDSUFMQUFpQUhRQUlnQTZBQ0lBZEFCcEFHMEFaUUJ5QUNJQWZRQXNBSHNBSWdCdUFDSUFPZ0FpQUhNQVpRQjBBRlFBYVFCdEFHVUFid0IxQUhRQUlnQXNBQ0lBY3dBaUFEb0FOQUE0QURBQU1BQXNBQ0lBWlFBaUFEb0FOQUE0QURBQU1RQXNBQ0lBYndBaUFEb0FJZ0IzQUdrQWJnQmtBRzhBZHdBaUFDd0FJZ0IwQUNJQU9nQWlBSFFBYVFCdEFHVUFjZ0FpQUgwQUxBQjdBQ0lBYmdBaUFEb0FJZ0J6QUdVQWRBQlVBR2tBYlFCbEFHOEFkUUIwQUNJQUxBQWlBSE1BSWdBNkFEUUFPQUF3QURFQUxBQWlBR1VBSWdBNkFEUUFPQUF3QURNQUxBQWlBRzhBSWdBNkFDSUFkd0JwQUc0QVpBQnZBSGNBSWdBc0FDSUFkQUFpQURvQUlnQjBBR2tBYlFCbEFISUFJZ0I5QUN3QWV3QWlBRzRBSWdBNkFDSUFjd0JsQUhRQVZBQnBBRzBBWlFCdkFIVUFkQUFpQUN3QUlnQnpBQ0lBT2dBMEFEZ0FNQUF6QUN3QUlnQmxBQ0lBT2dBMEFEZ0FNd0F4QUN3QUlnQnZBQ0lBT2dBaUFIY0FhUUJ1QUdRQWJ3QjNBQ0lBTEFBaUFIUUFJZ0E2QUNJQWRBQnBBRzBBWlFCeUFDSUFmUUFzQUhzQUlnQnVBQ0lBT2dBaUFITUFaUUIwQUZRQWFRQnRBR1VBYndCMUFIUUFJZ0FzQUNJQWN3QWlBRG9BTkFBNEFETUFNUUFzQUNJQVpRQWlBRG9BTkFBNEFETUFNZ0FzQUNJQWJ3QWlBRG9BSWdCM0FHa0FiZ0JrQUc4QWR3QWlBQ3dBSWdCMEFDSUFPZ0FpQUhRQWFRQnRBR1VBY2dBaUFIMEFMQUI3QUNJQWJnQWlBRG9BSWdCekFHVUFkQUJVQUdrQWJRQmxBRzhBZFFCMEFDSUFMQUFpQUhNQUlnQTZBRFFBT0FBekFESUFMQUFpQUdVQUlnQTZBRFFBT0FBekFEVUFMQUFpQUc4QUlnQTZBQ0lBZHdCcEFHNEFaQUJ2QUhjQUlnQXNBQ0lBZEFBaUFEb0FJZ0IwQUdrQWJRQmxBSElBSWdCOUFDd0Fld0FpQUc0QUlnQTZBQ0lBY3dCbEFIUUFWQUJwQUcwQVpRQnZBSFVBZEFBaUFDd0FJZ0J6QUNJQU9nQXhBRGtBTkFBeEFEY0FMQUFpQUdVQUlnQTZBREVBT1FBMEFERUFOd0FzQUNJQWJ3QWlBRG9BSWdCM0FHa0FiZ0JrQUc4QWR3QWlBQ3dBSWdCMEFDSUFPZ0FpQUhRQWFRQnRBR1VBY2dBaUFIMEFMQUI3QUNJQWJnQWlBRG9BSWdCekFHVUFkQUJVQUdrQWJRQmxBRzhBZFFCMEFDSUFMQUFpQUhNQUlnQTZBREVBT1FBMEFERUFOd0FzQUNJQVpRQWlBRG9BTVFBNUFEUUFNUUE1QUN3QUlnQnZBQ0lBT2dBaUFIY0FhUUJ1QUdRQWJ3QjNBQ0lBTEFBaUFIUUFJZ0E2QUNJQWRBQnBBRzBBWlFCeUFDSUFmUUFzQUhzQUlnQnVBQ0lBT2dBaUFITUFaUUIwQUZRQWFRQnRBR1VBYndCMUFIUUFJZ0FzQUNJQWN3QWlBRG9BTVFBNUFEUUFNUUE1QUN3QUlnQmxBQ0lBT2dBeEFEa0FOQUF4QURrQUxBQWlBRzhBSWdBNkFDSUFkd0JwQUc0QVpBQnZBSGNBSWdBc0FDSUFkQUFpQURvQUlnQjBBR2tBYlFCbEFISUFJZ0I5QUN3QWV3QWlBRzRBSWdBNkFDSUFjd0JsQUhRQVZBQnBBRzBBWlFCdkFIVUFkQUFpQUN3QUlnQnpBQ0lBT2dBeEFEa0FOQUF4QURrQUxBQWlBR1VBSWdBNkFERUFPUUEwQURJQU1RQXNBQ0lBYndBaUFEb0FJZ0IzQUdrQWJnQmtBRzhBZHdBaUFDd0FJZ0IwQUNJQU9nQWlBSFFBYVFCdEFHVUFjZ0FpQUgwQUxBQjdBQ0lBYmdBaUFEb0FJZ0J6QUdVQWRBQlVBR2tBYlFCbEFHOEFkUUIwQUNJQUxBQWlBSE1BSWdBNkFERUFPUUEwQURJQU1RQXNBQ0lBWlFBaUFEb0FNUUE1QURRQU1nQXlBQ3dBSWdCdkFDSUFPZ0FpQUhjQWFRQnVBR1FBYndCM0FDSUFMQUFpQUhRQUlnQTZBQ0lBZEFCcEFHMEFaUUJ5QUNJQWZRQXNBSHNBSWdCdUFDSUFPZ0FpQUhNQVpRQjBBRlFBYVFCdEFHVUFid0IxQUhRQUlnQXNBQ0lBY3dBaUFEb0FNUUE1QURRQU1nQXlBQ3dBSWdCbEFDSUFPZ0F4QURrQU5BQXlBRFVBTEFBaUFHOEFJZ0E2QUNJQWR3QnBBRzRBWkFCdkFIY0FJZ0FzQUNJQWRBQWlBRG9BSWdCMEFHa0FiUUJsQUhJQUlnQjlBQ3dBZXdBaUFHNEFJZ0E2QUNJQWN3QmxBSFFBVkFCcEFHMEFaUUJ2QUhVQWRBQWlBQ3dBSWdCekFDSUFPZ0F4QURrQU5BQXlBRFVBTEFBaUFHVUFJZ0E2QURFQU9RQTBBRFFBTVFBc0FDSUFid0FpQURvQUlnQjNBR2tBYmdCa0FHOEFkd0FpQUN3QUlnQjBBQ0lBT2dBaUFIUUFhUUJ0QUdVQWNnQWlBSDBBTEFCN0FDSUFiZ0FpQURvQUlnQnpBR1VBZEFCVUFHa0FiUUJsQUc4QWRRQjBBQ0lBTEFBaUFITUFJZ0E2QURFQU9RQTBBRFFBTVFBc0FDSUFaUUFpQURvQU1RQTVBRFFBTkFBeEFDd0FJZ0J2QUNJQU9nQWlBSGNBYVFCdUFHUUFid0IzQUNJQUxBQWlBSFFBSWdBNkFDSUFkQUJwQUcwQVpRQnlBQ0lBZlFBc0FIc0FJZ0J1QUNJQU9nQWlBSEFBY2dCdkFHY0FjZ0JsQUhNQWN3QWlBQ3dBSWdCekFDSUFPZ0F6QURjQU9BQTNBQ3dBSWdCbEFDSUFPZ0F6QURjQU9BQTNBQ3dBSWdCdkFDSUFPZ0FpQUhVQWJnQmtBR1VBWmdCcEFHNEFaUUJrQUNBQVJ3QkZBRlFBT2dBZ0FITUFkQUJoQUdjQWFRQnVBR2NBY0FCeUFHVUFaQUJwQUdNQWRBQTFBQzRBYVFCdUFHWUFiQUIxQUdVQWJnQmpBR1VBYUFCbEFHRUFiQUIwQUdnQUxnQmpBRzhBYlFBNkFEUUFOQUF6QUM4QWNnQnZBSFVBZEFCbEFITUFMZ0JxQUhNQWJ3QnVBQ0lBTEFBaUFIUUFJZ0E2QUNJQVpRQjJBR1VBYmdCMEFDSUFmUUFzQUhzQUlnQnVBQ0lBT2dBaUFIQUFjZ0J2QUdjQWNnQmxBSE1BY3dBaUFDd0FJZ0J6QUNJQU9nQXpBRGtBTVFBMkFDd0FJZ0JsQUNJQU9nQXpBRGtBTVFBMkFDd0FJZ0J2QUNJQU9nQWlBSFVBYmdCa0FHVUFaZ0JwQUc0QVpRQmtBQ0FBUndCRkFGUUFPZ0FnQUhNQWRBQmhBR2NBYVFCdUFHY0FjQUJ5QUdVQVpBQnBBR01BZEFBMUFDNEFhUUJ1QUdZQWJBQjFBR1VBYmdCakFHVUFhQUJsQUdFQWJBQjBBR2dBTGdCakFHOEFiUUE2QURRQU5BQXpBQzhBSkFCdEFHOEFaQUIxQUd3QVpRQXZBR3dBWVFCNUFHOEFkUUIwQUhNQUx3QmtBR1VBWmdCaEFIVUFiQUIwQUNJQUxBQWlBSFFBSWdBNkFDSUFaUUIyQUdVQWJnQjBBQ0lBZlFBc0FIc0FJZ0J1QUNJQU9nQWlBSEFBY2dCdkFHY0FjZ0JsQUhNQWN3QWlBQ3dBSWdCekFDSUFPZ0F6QURrQU1nQTJBQ3dBSWdCbEFDSUFPZ0F6QURrQU1nQTJBQ3dBSWdCdkFDSUFPZ0FpQUhVQWJnQmtBR1VBWmdCcEFHNEFaUUJrQUNBQVVBQlBBRk1BVkFBNkFDQUFZZ0JoQUcwQUxnQnVBSElBTFFCa0FHRUFkQUJoQUM0QWJnQmxBSFFBT2dBMEFEUUFNd0F2QUhJQVpRQnpBRzhBZFFCeUFHTUFaUUJ6QUM4QU1RQXZBR1VBTkFCbUFEWUFNd0JrQUdFQU5nQXpBRGNBSWdBc0FDSUFkQUFpQURvQUlnQmxBSFlBWlFCdUFIUUFJZ0I5QUN3QWV3QWlBRzRBSWdBNkFDSUFjQUJ5QUc4QVp3QnlBR1VBY3dCekFDSUFMQUFpQUhNQUlnQTZBRE1BT1FBM0FEWUFMQUFpQUdVQUlnQTZBRE1BT1FBM0FEWUFMQUFpQUc4QUlnQTZBQ0lBZFFCdUFHUUFaUUJtQUdrQWJnQmxBR1FBSUFCSEFFVUFWQUE2QUNBQWN3QjBBR0VBWndCcEFHNEFad0J3QUhJQVpRQmtBR2tBWXdCMEFEVUFMZ0JwQUc0QVpnQnNBSFVBWlFCdUFHTUFaUUJvQUdVQVlRQnNBSFFBYUFBdUFHTUFid0J0QURvQU5BQTBBRE1BTHdCc0FHRUFlUUJ2QUhVQWRBQnpBQzhBWkFCbEFHWUFZUUIxQUd3QWRBQXZBQzhBYlFCaEFHa0FiZ0F1QUdvQWN3QWlBQ3dBSWdCMEFDSUFPZ0FpQUdVQWRnQmxBRzRBZEFBaUFIMEFMQUI3QUNJQWJnQWlBRG9BSWdCd0FISUFid0JuQUhJQVpRQnpBSE1BSWdBc0FDSUFjd0FpQURvQU5BQXhBREFBTkFBc0FDSUFaUUFpQURvQU5BQXhBREFBTkFBc0FDSUFid0FpQURvQUlnQjFBRzRBWkFCbEFHWUFhUUJ1QUdVQVpBQWdBRWNBUlFCVUFEb0FJQUJ6QUhRQVlRQm5BR2tBYmdCbkFIQUFjZ0JsQUdRQWFRQmpBSFFBTlFBdUFHa0FiZ0JtQUd3QWRRQmxBRzRBWXdCbEFHZ0FaUUJoQUd3QWRBQm9BQzRBWXdCdkFHMEFPZ0EwQURRQU13QXZBR3dBWVFCNUFHOEFkUUIwQUhNQUx3QmtBR1VBWmdCaEFIVUFiQUIwQUM4QWFRQnVBR1FBWlFCNEFDNEFhQUIwQUcwQWJBQWlBQ3dBSWdCMEFDSUFPZ0FpQUdVQWRnQmxBRzRBZEFBaUFIMEFMQUI3QUNJQWJnQWlBRG9BSWdCd0FISUFid0JuQUhJQVpRQnpBSE1BSWdBc0FDSUFjd0FpQURvQU5BQXhBRGdBTXdBc0FDSUFaUUFpQURvQU5BQXhBRGdBTXdBc0FDSUFid0FpQURvQUlnQjFBRzRBWkFCbEFHWUFhUUJ1QUdVQVpBQWdBRWNBUlFCVUFEb0FJQUJ6QUhRQVlRQm5BR2tBYmdCbkFIQUFjZ0JsQUdRQWFRQmpBSFFBTlFBdUFHa0FiZ0JtQUd3QWRRQmxBRzRBWXdCbEFHZ0FaUUJoQUd3QWRBQm9BQzRBWXdCdkFHMEFPZ0EwQURRQU13QXZBQ1FBYlFCdkFHUUFkUUJzQUdVQUx3QnRBRzhBWkFCMUFHd0FaUUJ6QUM4QWN3QmxBSE1BY3dCcEFHOEFiZ0FpQUN3QUlnQjBBQ0lBT2dBaUFHVUFkZ0JsQUc0QWRBQWlBSDBBTEFCN0FDSUFiZ0FpQURvQUlnQndBSElBYndCbkFISUFaUUJ6QUhNQUlnQXNBQ0lBY3dBaUFEb0FOQUF5QURNQU9BQXNBQ0lBWlFBaUFEb0FOQUF5QURNQU9BQXNBQ0lBYndBaUFEb0FJZ0IxQUc0QVpBQmxBR1lBYVFCdUFHVUFaQUFnQUVjQVJRQlVBRG9BSUFCekFIUUFZUUJuQUdrQWJnQm5BSEFBY2dCbEFHUUFhUUJqQUhRQU5RQXVBR2tBYmdCbUFHd0FkUUJsQUc0QVl3QmxBR2dBWlFCaEFHd0FkQUJvQUM0QVl3QnZBRzBBT2dBMEFEUUFNd0F2QUcwQWJ3QmtBSFVBYkFCbEFITUFMd0J6QUdVQWN3QnpBR2tBYndCdUFDOEFMd0J0QUdFQWFRQnVBQzRBYWdCekFDSUFMQUFpQUhRQUlnQTZBQ0lBWlFCMkFHVUFiZ0IwQUNJQWZRQXNBSHNBSWdCdUFDSUFPZ0FpQUhBQWNnQnZBR2NBY2dCbEFITUFjd0FpQUN3QUlnQnpBQ0lBT2dBMEFESUFNd0E0QUN3QUlnQmxBQ0lBT2dBMEFESUFNd0E0QUN3QUlnQnZBQ0lBT2dBaUFIVUFiZ0JrQUdVQVpnQnBBRzRBWlFCa0FDQUFSd0JGQUZRQU9nQWdBSE1BZEFCaEFHY0FhUUJ1QUdjQWNBQnlBR1VBWkFCcEFHTUFkQUExQUM0QWFRQnVBR1lBYkFCMUFHVUFiZ0JqQUdVQWFBQmxBR0VBYkFCMEFHZ0FMZ0JqQUc4QWJRQTZBRFFBTkFBekFDOEFiUUJ2QUdRQWRRQnNBR1VBY3dBdkFITUFaUUJ6QUhNQWFRQnZBRzRBTHdBdkFHMEFZUUJwQUc0QUxnQnFBSE1BSWdBc0FDSUFkQUFpQURvQUlnQmxBSFlBWlFCdUFIUUFJZ0I5QUN3QWV3QWlBRzRBSWdBNkFDSUFjQUJ5QUc4QVp3QnlBR1VBY3dCekFDSUFMQUFpQUhNQUlnQTZBRFFBTWdBMUFEa0FMQUFpQUdVQUlnQTZBRFFBTWdBMUFEa0FMQUFpQUc4QUlnQTZBQ0lBZFFCdUFHUUFaUUJtQUdrQWJnQmxBR1FBSUFCSEFFVUFWQUE2QUNBQWN3QjBBR0VBWndCcEFHNEFad0J3QUhJQVpRQmtBR2tBWXdCMEFEVUFMZ0JwQUc0QVpnQnNBSFVBWlFCdUFHTUFaUUJvQUdVQVlRQnNBSFFBYUFBdUFHTUFid0J0QURvQU5BQTBBRE1BTHdCdEFHOEFaQUIxQUd3QVpRQnpBQzhBY3dCbEFITUFjd0JwQUc4QWJnQXZBQzhBWXdCdkFHNEFkQUJ5QUc4QWJBQnNBR1VBY2dCekFGd0FYQUJNQUc4QVp3QnBBRzRBUXdCMEFISUFiQUF1QUdvQWN3QWlBQ3dBSWdCMEFDSUFPZ0FpQUdVQWRnQmxBRzRBZEFBaUFIMEFMQUI3QUNJQWJnQWlBRG9BSWdCd0FISUFid0JuQUhJQVpRQnpBSE1BSWdBc0FDSUFjd0FpQURvQU5BQXlBRFlBTUFBc0FDSUFaUUFpQURvQU5BQXlBRFlBTUFBc0FDSUFid0FpQURvQUlnQjFBRzRBWkFCbEFHWUFhUUJ1QUdVQVpBQWdBRWNBUlFCVUFEb0FJQUJ6QUhRQVlRQm5BR2tBYmdCbkFIQUFjZ0JsQUdRQWFRQmpBSFFBTlFBdUFHa0FiZ0JtQUd3QWRRQmxBRzRBWXdCbEFHZ0FaUUJoQUd3QWRBQm9BQzRBWXdCdkFHMEFPZ0EwQURRQU13QXZBRzBBYndCa0FIVUFiQUJsQUhNQUx3QnpBR1VBY3dCekFHa0Fid0J1QUM4QUx3QmpBRzhBYmdCMEFISUFid0JzQUd3QVpRQnlBSE1BWEFCY0FFd0Fid0JuQUdrQWJnQkRBSFFBY2dCc0FDNEFhZ0J6QUNJQUxBQWlBSFFBSWdBNkFDSUFaUUIyQUdVQWJnQjBBQ0lBZlFBc0FIc0FJZ0J1QUNJQU9nQWlBSEFBY2dCdkFHY0FjZ0JsQUhNQWN3QWlBQ3dBSWdCekFDSUFPZ0EwQURJQU5nQXpBQ3dBSWdCbEFDSUFPZ0EwQURJQU5nQXpBQ3dBSWdCdkFDSUFPZ0FpQUhVQWJnQmtBR1VBWmdCcEFHNEFaUUJrQUNBQVJ3QkZBRlFBT2dBZ0FITUFkQUJoQUdjQWFRQnVBR2NBY0FCeUFHVUFaQUJwQUdNQWRBQTFBQzRBYVFCdUFHWUFiQUIxQUdVQWJnQmpBR1VBYUFCbEFHRUFiQUIwQUdnQUxnQmpBRzhBYlFBNkFEUUFOQUF6QUM4QWJRQnZBR1FBZFFCc0FHVUFjd0F2QUhNQVpRQnpBSE1BYVFCdkFHNEFMd0F2QUdNQWJ3QnVBSFFBY2dCdkFHd0FiQUJsQUhJQWN3QmNBRndBVEFCdkFHY0Fid0IxQUhRQVF3QjBBSElBYkFBdUFHb0Fjd0FpQUN3QUlnQjBBQ0lBT2dBaUFHVUFkZ0JsQUc0QWRBQWlBSDBBTEFCN0FDSUFiZ0FpQURvQUlnQndBSElBYndCbkFISUFaUUJ6QUhNQUlnQXNBQ0lBY3dBaUFEb0FOQUF5QURZQU53QXNBQ0lBWlFBaUFEb0FOQUF5QURZQU53QXNBQ0lBYndBaUFEb0FJZ0IxQUc0QVpBQmxBR1lBYVFCdUFHVUFaQUFnQUVjQVJRQlVBRG9BSUFCekFIUUFZUUJuQUdrQWJnQm5BSEFBY2dCbEFHUUFhUUJqQUhRQU5RQXVBR2tBYmdCbUFHd0FkUUJsQUc0QVl3QmxBR2dBWlFCaEFHd0FkQUJvQUM0QVl3QnZBRzBBT2dBMEFEUUFNd0F2QUcwQWJ3QmtBSFVBYkFCbEFITUFMd0J6QUdVQWN3QnpBR2tBYndCdUFDOEFMd0JqQUc4QWJnQjBBSElBYndCc0FHd0FaUUJ5QUhNQVhBQmNBRklBYndCMUFIUUFaUUJEQUhRQWNnQnNBQzRBYWdCekFDSUFMQUFpQUhRQUlnQTZBQ0lBWlFCMkFHVUFiZ0IwQUNJQWZRQXNBSHNBSWdCdUFDSUFPZ0FpQUhBQWNnQnZBR2NBY2dCbEFITUFjd0FpQUN3QUlnQnpBQ0lBT2dBMEFESUFPQUExQUN3QUlnQmxBQ0lBT2dBMEFESUFPQUExQUN3QUlnQnZBQ0lBT2dBaUFIVUFiZ0JrQUdVQVpnQnBBRzRBWlFCa0FDQUFSd0JGQUZRQU9nQWdBSE1BZEFCaEFHY0FhUUJ1QUdjQWNBQnlBR1VBWkFCcEFHTUFkQUExQUM0QWFRQnVBR1lBYkFCMUFHVUFiZ0JqQUdVQWFBQmxBR0VBYkFCMEFHZ0FMZ0JqQUc4QWJRQTZBRFFBTkFBekFDOEFiUUJ2QUdRQWRRQnNBR1VBY3dBdkFITUFaUUJ6QUhNQWFRQnZBRzRBTHdCakFHOEFiZ0IwQUhJQWJ3QnNBR3dBWlFCeUFITUFMd0JTQUc4QWRRQjBBR1VBUXdCMEFISUFiQUF1QUdvQWN3QWlBQ3dBSWdCMEFDSUFPZ0FpQUdVQWRnQmxBRzRBZEFBaUFIMEFMQUI3QUNJQWJnQWlBRG9BSWdCd0FISUFid0JuQUhJQVpRQnpBSE1BSWdBc0FDSUFjd0FpQURvQU5BQXlBRGtBTVFBc0FDSUFaUUFpQURvQU5BQXlBRGtBTVFBc0FDSUFid0FpQURvQUlnQjFBRzRBWkFCbEFHWUFhUUJ1QUdVQVpBQWdBRWNBUlFCVUFEb0FJQUJ6QUhRQVlRQm5BR2tBYmdCbkFIQUFjZ0JsQUdRQWFRQmpBSFFBTlFBdUFHa0FiZ0JtQUd3QWRRQmxBRzRBWXdCbEFHZ0FaUUJoQUd3QWRBQm9BQzRBWXdCdkFHMEFPZ0EwQURRQU13QXZBRzBBYndCa0FIVUFiQUJsQUhNQUx3QnpBR1VBY3dCekFHa0Fid0J1QUM4QVl3QnZBRzRBZEFCeUFHOEFiQUJzQUdVQWNnQnpBQzhBVEFCdkFHY0FhUUJ1QUVNQWRBQnlBR3dBTGdCcUFITUFJZ0FzQUNJQWRBQWlBRG9BSWdCbEFIWUFaUUJ1QUhRQUlnQjlBQ3dBZXdBaUFHNEFJZ0E2QUNJQWNBQnlBRzhBWndCeUFHVUFjd0J6QUNJQUxBQWlBSE1BSWdBNkFEUUFNZ0E1QURJQUxBQWlBR1VBSWdBNkFEUUFNZ0E1QURJQUxBQWlBRzhBSWdBNkFDSUFkUUJ1QUdRQVpRQm1BR2tBYmdCbEFHUUFJQUJIQUVVQVZBQTZBQ0FBY3dCMEFHRUFad0JwQUc0QVp3QndBSElBWlFCa0FHa0FZd0IwQURVQUxnQnBBRzRBWmdCc0FIVUFaUUJ1QUdNQVpRQm9BR1VBWVFCc0FIUUFhQUF1QUdNQWJ3QnRBRG9BTkFBMEFETUFMd0J0QUc4QVpBQjFBR3dBWlFCekFDOEFjd0JsQUhNQWN3QnBBRzhBYmdBdkFHTUFid0J1QUhRQWNnQnZBR3dBYkFCbEFISUFjd0F2QUV3QWJ3Qm5BR2tBYmdCREFIUUFjZ0JzQUM0QWFnQnpBQ0lBTEFBaUFIUUFJZ0E2QUNJQVpRQjJBR1VBYmdCMEFDSUFmUUFzQUhzQUlnQnVBQ0lBT2dBaUFIQUFjZ0J2QUdjQWNnQmxBSE1BY3dBaUFDd0FJZ0J6QUNJQU9nQTBBRElBT1FBM0FDd0FJZ0JsQUNJQU9nQTBBRElBT1FBM0FDd0FJZ0J2QUNJQU9nQWlBSFVBYmdCa0FHVUFaZ0JwQUc0QVpRQmtBQ0FBUndCRkFGUUFPZ0FnQUhNQWRBQmhBR2NBYVFCdUFHY0FjQUJ5QUdVQVpBQnBBR01BZEFBMUFDNEFhUUJ1QUdZQWJBQjFBR1VBYmdCakFHVUFhQUJsQUdFQWJBQjBBR2dBTGdCakFHOEFiUUE2QURRQU5BQXpBQzhBYlFCdkFHUUFkUUJzQUdVQWN3QXZBSE1BWlFCekFITUFhUUJ2QUc0QUx3QmpBRzhBYmdCMEFISUFid0JzQUd3QVpRQnlBSE1BTHdCTUFHOEFad0J2QUhVQWRBQkRBSFFBY2dCc0FDNEFhZ0J6QUNJQUxBQWlBSFFBSWdBNkFDSUFaUUIyQUdVQWJnQjBBQ0lBZlFBc0FIc0FJZ0J1QUNJQU9nQWlBSEFBY2dCdkFHY0FjZ0JsQUhNQWN3QWlBQ3dBSWdCekFDSUFPZ0EwQURNQU1RQXpBQ3dBSWdCbEFDSUFPZ0EwQURNQU1RQXpBQ3dBSWdCdkFDSUFPZ0FpQUhVQWJnQmtBR1VBWmdCcEFHNEFaUUJrQUNBQVJ3QkZBRlFBT2dBZ0FITUFkQUJoQUdjQWFRQnVBR2NBY0FCeUFHVUFaQUJwQUdNQWRBQTFBQzRBYVFCdUFHWUFiQUIxQUdVQWJnQmpBR1VBYUFCbEFHRUFiQUIwQUdnQUxnQmpBRzhBYlFBNkFEUUFOQUF6QUM4QWJRQnZBR1FBZFFCc0FHVUFjd0F2QUhNQVpRQnpBSE1BYVFCdkFHNEFMd0JwQUc0QVpBQmxBSGdBTGdCb0FIUUFiUUJzQUNJQUxBQWlBSFFBSWdBNkFDSUFaUUIyQUdVQWJnQjBBQ0lBZlFBc0FIc0FJZ0J1QUNJQU9nQWlBSEFBY2dCdkFHY0FjZ0JsQUhNQWN3QWlBQ3dBSWdCekFDSUFPZ0EwQURNQU9RQXhBQ3dBSWdCbEFDSUFPZ0EwQURNQU9RQXhBQ3dBSWdCdkFDSUFPZ0FpQUhVQWJnQmtBR1VBWmdCcEFHNEFaUUJrQUNBQVJ3QkZBRlFBT2dBZ0FITUFkQUJoQUdjQWFRQnVBR2NBY0FCeUFHVUFaQUJwQUdNQWRBQTFBQzRBYVFCdUFHWUFiQUIxQUdVQWJnQmpBR1VBYUFCbEFHRUFiQUIwQUdnQUxnQmpBRzhBYlFBNkFEUUFOQUF6QUM4QWRBQmxBRzBBY0FCc0FHRUFkQUJsQUhNQUx3QmhBR3dBWlFCeUFIUUFRd0J2QUc0QWRBQmhBR2tBYmdCbEFISUFMZ0JvQUhRQWJRQnNBQ0lBTEFBaUFIUUFJZ0E2QUNJQVpRQjJBR1VBYmdCMEFDSUFmUUFzQUhzQUlnQnVBQ0lBT2dBaUFIQUFjZ0J2QUdjQWNnQmxBSE1BY3dBaUFDd0FJZ0J6QUNJQU9nQTBBRFFBTWdBNEFDd0FJZ0JsQUNJQU9nQTBBRFFBTWdBNEFDd0FJZ0J2QUNJQU9nQWlBSFVBYmdCa0FHVUFaZ0JwQUc0QVpRQmtBQ0FBUndCRkFGUUFPZ0FnQUhNQWRBQmhBR2NBYVFCdUFHY0FjQUJ5QUdVQVpBQnBBR01BZEFBMUFDNEFhUUJ1QUdZQWJBQjFBR1VBYmdCakFHVUFhQUJsQUdFQWJBQjBBR2dBTGdCakFHOEFiUUE2QURRQU5BQXpBQzhBYlFCdkFHUUFkUUJzQUdVQWN3QXZBSE1BWlFCekFITUFhUUJ2QUc0QUx3QjJBR2tBWlFCM0FITUFMd0JzQUc4QVp3QnBBRzRBTGdCb0FIUUFiUUJzQUNJQUxBQWlBSFFBSWdBNkFDSUFaUUIyQUdVQWJnQjBBQ0lBZlFBc0FIc0FJZ0J1QUNJQU9nQWlBSEFBY2dCdkFHY0FjZ0JsQUhNQWN3QWlBQ3dBSWdCekFDSUFPZ0EwQURRQU1nQTRBQ3dBSWdCbEFDSUFPZ0EwQURRQU1nQTRBQ3dBSWdCdkFDSUFPZ0FpQUhVQWJnQmtBR1VBWmdCcEFHNEFaUUJrQUNBQVJ3QkZBRlFBT2dBZ0FITUFkQUJoQUdjQWFRQnVBR2NBY0FCeUFHVUFaQUJwQUdNQWRBQTFBQzRBYVFCdUFHWUFiQUIxQUdVQWJnQmpBR1VBYUFCbEFHRUFiQUIwQUdnQUxnQmpBRzhBYlFBNkFEUUFOQUF6QUM4QWJRQnZBR1FBZFFCc0FHVUFjd0F2QUhNQVpRQnpBSE1BYVFCdkFHNEFMd0IyQUdrQVpRQjNBSE1BTHdCc0FHOEFad0JwQUc0QUxnQm9BSFFBYlFCc0FDSUFMQUFpQUhRQUlnQTZBQ0lBWlFCMkFHVUFiZ0IwQUNJQWZRQXNBSHNBSWdCdUFDSUFPZ0FpQUhBQWNnQnZBR2NBY2dCbEFITUFjd0FpQUN3QUlnQnpBQ0lBT2dBMEFEZ0FNd0E0QUN3QUlnQmxBQ0lBT2dBMEFEZ0FNd0E0QUN3QUlnQnZBQ0lBT2dBaUFIVUFiZ0JrQUdVQVpnQnBBRzRBWlFCa0FDQUFSd0JGQUZRQU9nQWdBSE1BZEFCaEFHY0FhUUJ1QUdjQWNBQnlBR1VBWkFCcEFHTUFkQUExQUM0QWFRQnVBR1lBYkFCMUFHVUFiZ0JqQUdVQWFBQmxBR0VBYkFCMEFHZ0FMZ0JqQUc4QWJRQTZBRFFBTkFBekFDOEFhUUJ0QUdFQVp3QmxBSE1BTHdCWEFHVUFiQUJqQUc4QWJRQmxBQzBBZEFCdkFDMEFVQUJ5QUdVQVpBQnBBR01BZEFBdEFHd0Fid0JuQUc4QUxnQnpBSFlBWndBaUFDd0FJZ0IwQUNJQU9nQWlBR1VBZGdCbEFHNEFkQUFpQUgwQUxBQjdBQ0lBYmdBaUFEb0FJZ0J3QUhJQWJ3Qm5BSElBWlFCekFITUFJZ0FzQUNJQWN3QWlBRG9BTkFBNEFETUFPQUFzQUNJQVpRQWlBRG9BTkFBNEFETUFPQUFzQUNJQWJ3QWlBRG9BSWdCMUFHNEFaQUJsQUdZQWFRQnVBR1VBWkFBZ0FFY0FSUUJVQURvQUlBQnpBSFFBWVFCbkFHa0FiZ0JuQUhBQWNnQmxBR1FBYVFCakFIUUFOUUF1QUdrQWJnQm1BR3dBZFFCbEFHNEFZd0JsQUdnQVpRQmhBR3dBZEFCb0FDNEFZd0J2QUcwQU9nQTBBRFFBTXdBdkFHa0FiUUJoQUdjQVpRQnpBQzhBVndCbEFHd0FZd0J2QUcwQVpRQXRBSFFBYndBdEFGQUFjZ0JsQUdRQWFRQmpBSFFBTFFCc0FHOEFad0J2QUM0QWN3QjJBR2NBSWdBc0FDSUFkQUFpQURvQUlnQmxBSFlBWlFCdUFIUUFJZ0I5QUN3QWV3QWlBRzRBSWdBNkFDSUFjQUJ5QUc4QVp3QnlBR1VBY3dCekFDSUFMQUFpQUhNQUlnQTZBRFFBT0FBM0FEZ0FMQUFpQUdVQUlnQTZBRFFBT0FBM0FEZ0FMQUFpQUc4QUlnQTZBQ0lBZFFCdUFHUUFaUUJtQUdrQWJnQmxBR1FBSUFCSEFFVUFWQUE2QUNBQWN3QjBBR0VBWndCcEFHNEFad0J3QUhJQVpRQmtBR2tBWXdCMEFEVUFMZ0JwQUc0QVpnQnNBSFVBWlFCdUFHTUFaUUJvQUdVQVlRQnNBSFFBYUFBdUFHTUFid0J0QURvQU5BQTBBRE1BTHdCcEFHMEFZUUJuQUdVQWN3QXZBR3dBYndCbkFHa0FiZ0F0QUcwQVlRQnlBR3NBWlFCMEFHa0FiZ0JuQUMwQWRBQmhBR2NBYkFCcEFHNEFaUUF1QUhNQWRnQm5BQ0lBTEFBaUFIUUFJZ0E2QUNJQVpRQjJBR1VBYmdCMEFDSUFmUUFzQUhzQUlnQnVBQ0lBT2dBaUFIQUFjZ0J2QUdjQWNnQmxBSE1BY3dBaUFDd0FJZ0J6QUNJQU9nQTBBRGdBTndBNUFDd0FJZ0JsQUNJQU9nQTBBRGdBTndBNUFDd0FJZ0J2QUNJQU9nQWlBSFVBYmdCa0FHVUFaZ0JwQUc0QVpRQmtBQ0FBUndCRkFGUUFPZ0FnQUhNQWRBQmhBR2NBYVFCdUFHY0FjQUJ5QUdVQVpBQnBBR01BZEFBMUFDNEFhUUJ1QUdZQWJBQjFBR1VBYmdCakFHVUFhQUJsQUdFQWJBQjBBR2dBTGdCakFHOEFiUUE2QURRQU5BQXpBQzhBYVFCdEFHRUFad0JsQUhNQUx3QnNBRzhBWndCcEFHNEFMUUJ0QUdFQWNnQnJBR1VBZEFCcEFHNEFad0F0QUhRQVlRQm5BR3dBYVFCdUFHVUFMZ0J6QUhZQVp3QWlBQ3dBSWdCMEFDSUFPZ0FpQUdVQWRnQmxBRzRBZEFBaUFIMEFMQUI3QUNJQWJnQWlBRG9BSWdCd0FISUFid0JuQUhJQVpRQnpBSE1BSWdBc0FDSUFjd0FpQURvQU5BQTVBREFBTVFBc0FDSUFaUUFpQURvQU5BQTVBREFBTVFBc0FDSUFid0FpQURvQUlnQjFBRzRBWkFCbEFHWUFhUUJ1QUdVQVpBQWdBRWNBUlFCVUFEb0FJQUJ6QUhRQVlRQm5BR2tBYmdCbkFIQUFjZ0JsQUdRQWFRQmpBSFFBTlFBdUFHa0FiZ0JtQUd3QWRRQmxBRzRBWXdCbEFHZ0FaUUJoQUd3QWRBQm9BQzRBWXdCdkFHMEFPZ0EwQURRQU13QXZBR2tBYlFCaEFHY0FaUUJ6QUM4QWJRQmhBSElBYXdCbEFIUUFhUUJ1QUdjQUxRQndBRzhBYkFCNUFHY0Fid0J1QUhNQUxnQnpBSFlBWndBaUFDd0FJZ0IwQUNJQU9nQWlBR1VBZGdCbEFHNEFkQUFpQUgwQUxBQjdBQ0lBYmdBaUFEb0FJZ0JCQUdvQVlRQjRBQ0lBTEFBaUFITUFJZ0E2QURNQU5nQTBBRFlBTEFBaUFHVUFJZ0E2QURNQU53QTVBRGtBTEFBaUFHOEFJZ0E2QUNJQU1nQXdBREFBSUFCSEFFVUFWQUE2QUNBQWN3QjBBR0VBWndCcEFHNEFad0J3QUhJQVpRQmtBR2tBWXdCMEFEVUFMZ0JwQUc0QVpnQnNBSFVBWlFCdUFHTUFaUUJvQUdVQVlRQnNBSFFBYUFBdUFHTUFid0J0QURvQU5BQTBBRE1BTHdCeUFHOEFkUUIwQUdVQWN3QXVBR29BY3dCdkFHNEFJZ0FzQUNJQWRBQWlBRG9BSWdCaEFHb0FZUUI0QUNJQWZRQXNBSHNBSWdCdUFDSUFPZ0FpQUVFQWFnQmhBSGdBSWdBc0FDSUFjd0FpQURvQU13QTNBRGtBTWdBc0FDSUFaUUFpQURvQU13QTVBRElBTmdBc0FDSUFid0FpQURvQUlnQXlBREFBTUFBZ0FFY0FSUUJVQURvQUlBQnpBSFFBWVFCbkFHa0FiZ0JuQUhBQWNnQmxBR1FBYVFCakFIUUFOUUF1QUdrQWJnQm1BR3dBZFFCbEFHNEFZd0JsQUdnQVpRQmhBR3dBZEFCb0FDNEFZd0J2QUcwQU9nQTBBRFFBTXdBdkFDUUFiUUJ2QUdRQWRRQnNBR1VBTHdCc0FHRUFlUUJ2QUhVQWRBQnpBQzhBWkFCbEFHWUFZUUIxQUd3QWRBQWlBQ3dBSWdCMEFDSUFPZ0FpQUdFQWFnQmhBSGdBSWdCOUFDd0Fld0FpQUc0QUlnQTZBQ0lBUVFCcUFHRUFlQUFpQUN3QUlnQnpBQ0lBT2dBekFEY0FOd0F5QUN3QUlnQmxBQ0lBT2dBekFEa0FNZ0EzQUN3QUlnQnZBQ0lBT2dBaUFESUFNQUF3QUNBQVVBQlBBRk1BVkFBNkFDQUFZZ0JoQUcwQUxnQnVBSElBTFFCa0FHRUFkQUJoQUM0QWJnQmxBSFFBT2dBMEFEUUFNd0F2QUhJQVpRQnpBRzhBZFFCeUFHTUFaUUJ6QUM4QU1RQXZBR1VBTkFCbUFEWUFNd0JrQUdFQU5nQXpBRGNBSWdBc0FDSUFkQUFpQURvQUlnQmhBR29BWVFCNEFDSUFmUUFzQUhzQUlnQnVBQ0lBT2dBaUFFRUFhZ0JoQUhnQUlnQXNBQ0lBY3dBaUFEb0FNd0E1QURJQU1RQXNBQ0lBWlFBaUFEb0FNd0E1QURnQU9BQXNBQ0lBYndBaUFEb0FJZ0F5QURBQU1BQWdBRWNBUlFCVUFEb0FJQUJ6QUhRQVlRQm5BR2tBYmdCbkFIQUFjZ0JsQUdRQWFRQmpBSFFBTlFBdUFHa0FiZ0JtQUd3QWRRQmxBRzRBWXdCbEFHZ0FaUUJoQUd3QWRBQm9BQzRBWXdCdkFHMEFPZ0EwQURRQU13QXZBR3dBWVFCNUFHOEFkUUIwQUhNQUx3QmtBR1VBWmdCaEFIVUFiQUIwQUM4QUx3QnRBR0VBYVFCdUFDNEFhZ0J6QUNJQUxBQWlBSFFBSWdBNkFDSUFZUUJxQUdFQWVBQWlBSDBBTEFCN0FDSUFiZ0FpQURvQUlnQkJBR29BWVFCNEFDSUFMQUFpQUhNQUlnQTZBRE1BT1FBNEFEUUFMQUFpQUdVQUlnQTZBRFFBTVFBekFEQUFMQUFpQUc4QUlnQTZBQ0lBTWdBd0FEQUFJQUJIQUVVQVZBQTZBQ0FBY3dCMEFHRUFad0JwQUc0QVp3QndBSElBWlFCa0FHa0FZd0IwQURVQUxnQnBBRzRBWmdCc0FIVUFaUUJ1QUdNQVpRQm9BR1VBWVFCc0FIUUFhQUF1QUdNQWJ3QnRBRG9BTkFBMEFETUFMd0JzQUdFQWVRQnZBSFVBZEFCekFDOEFaQUJsQUdZQVlRQjFBR3dBZEFBdkFHa0FiZ0JrQUdVQWVBQXVBR2dBZEFCdEFHd0FJZ0FzQUNJQWRBQWlBRG9BSWdCaEFHb0FZUUI0QUNJQWZRQXNBSHNBSWdCdUFDSUFPZ0FpQUVFQWFnQmhBSGdBSWdBc0FDSUFjd0FpQURvQU5BQXhBRElBTlFBc0FDSUFaUUFpQURvQU5BQXlBREFBTWdBc0FDSUFid0FpQURvQUlnQXlBREFBTUFBZ0FFY0FSUUJVQURvQUlBQnpBSFFBWVFCbkFHa0FiZ0JuQUhBQWNnQmxBR1FBYVFCakFIUUFOUUF1QUdrQWJnQm1BR3dBZFFCbEFHNEFZd0JsQUdnQVpRQmhBR3dBZEFCb0FDNEFZd0J2QUcwQU9nQTBBRFFBTXdBdkFDUUFiUUJ2QUdRQWRRQnNBR1VBTHdCdEFHOEFaQUIxQUd3QVpRQnpBQzhBY3dCbEFITUFjd0JwQUc4QWJnQWlBQ3dBSWdCMEFDSUFPZ0FpQUdFQWFnQmhBSGdBSWdCOUFDd0Fld0FpQUc0QUlnQTZBQ0lBUVFCcUFHRUFlQUFpQUN3QUlnQnpBQ0lBT2dBMEFERUFPQUEyQUN3QUlnQmxBQ0lBT2dBMEFESUFOUUF5QUN3QUlnQnZBQ0lBT2dBaUFESUFNQUF3QUNBQVJ3QkZBRlFBT2dBZ0FITUFkQUJoQUdjQWFRQnVBR2NBY0FCeUFHVUFaQUJwQUdNQWRBQTFBQzRBYVFCdUFHWUFiQUIxQUdVQWJnQmpBR1VBYUFCbEFHRUFiQUIwQUdnQUxnQmpBRzhBYlFBNkFEUUFOQUF6QUM4QWJRQnZBR1FBZFFCc0FHVUFjd0F2QUhNQVpRQnpBSE1BYVFCdkFHNEFMd0F2QUcwQVlRQnBBRzRBTGdCcUFITUFJZ0FzQUNJQWRBQWlBRG9BSWdCaEFHb0FZUUI0QUNJQWZRQXNBSHNBSWdCdUFDSUFPZ0FpQUVFQWFnQmhBSGdBSWdBc0FDSUFjd0FpQURvQU5BQXhBRGtBTVFBc0FDSUFaUUFpQURvQU5BQXlBRFlBTWdBc0FDSUFid0FpQURvQUlnQXlBREFBTUFBZ0FFY0FSUUJVQURvQUlBQnpBSFFBWVFCbkFHa0FiZ0JuQUhBQWNnQmxBR1FBYVFCakFIUUFOUUF1QUdrQWJnQm1BR3dBZFFCbEFHNEFZd0JsQUdnQVpRQmhBR3dBZEFCb0FDNEFZd0J2QUcwQU9nQTBBRFFBTXdBdkFHMEFid0JrQUhVQWJBQmxBSE1BTHdCekFHVUFjd0J6QUdrQWJ3QnVBQzhBTHdCakFHOEFiZ0IwQUhJQWJ3QnNBR3dBWlFCeUFITUFYQUJjQUV3QWJ3Qm5BR2tBYmdCREFIUUFjZ0JzQUM0QWFnQnpBQ0lBTEFBaUFIUUFJZ0E2QUNJQVlRQnFBR0VBZUFBaUFIMEFMQUI3QUNJQWJnQWlBRG9BSWdCQkFHb0FZUUI0QUNJQUxBQWlBSE1BSWdBNkFEUUFNUUE1QURVQUxBQWlBR1VBSWdBNkFEUUFNZ0EyQURRQUxBQWlBRzhBSWdBNkFDSUFNZ0F3QURBQUlBQkhBRVVBVkFBNkFDQUFjd0IwQUdFQVp3QnBBRzRBWndCd0FISUFaUUJrQUdrQVl3QjBBRFVBTGdCcEFHNEFaZ0JzQUhVQVpRQnVBR01BWlFCb0FHVUFZUUJzQUhRQWFBQXVBR01BYndCdEFEb0FOQUEwQURNQUx3QnRBRzhBWkFCMUFHd0FaUUJ6QUM4QWN3QmxBSE1BY3dCcEFHOEFiZ0F2QUM4QVl3QnZBRzRBZEFCeUFHOEFiQUJzQUdVQWNnQnpBRndBWEFCTUFHOEFad0J2QUhVQWRBQkRBSFFBY2dCc0FDNEFhZ0J6QUNJQUxBQWlBSFFBSWdBNkFDSUFZUUJxQUdFQWVBQWlBSDBBTEFCN0FDSUFiZ0FpQURvQUlnQkJBR29BWVFCNEFDSUFMQUFpQUhNQUlnQTZBRFFBTVFBNUFEa0FMQUFpQUdVQUlnQTZBRFFBTWdBM0FEVUFMQUFpQUc4QUlnQTZBQ0lBTWdBd0FEQUFJQUJIQUVVQVZBQTZBQ0FBY3dCMEFHRUFad0JwQUc0QVp3QndBSElBWlFCa0FHa0FZd0IwQURVQUxnQnBBRzRBWmdCc0FIVUFaUUJ1QUdNQVpRQm9BR1VBWVFCc0FIUUFhQUF1QUdNQWJ3QnRBRG9BTkFBMEFETUFMd0J0QUc4QVpBQjFBR3dBWlFCekFDOEFjd0JsQUhNQWN3QnBBRzhBYmdBdkFDOEFZd0J2QUc0QWRBQnlBRzhBYkFCc0FHVUFjZ0J6QUZ3QVhBQlNBRzhBZFFCMEFHVUFRd0IwQUhJQWJBQXVBR29BY3dBaUFDd0FJZ0IwQUNJQU9nQWlBR0VBYWdCaEFIZ0FJZ0I5QUN3QWV3QWlBRzRBSWdBNkFDSUFRUUJxQUdFQWVBQWlBQ3dBSWdCekFDSUFPZ0EwQURJQU5BQXlBQ3dBSWdCbEFDSUFPZ0EwQURJQU9BQTJBQ3dBSWdCdkFDSUFPZ0FpQURJQU1BQXdBQ0FBUndCRkFGUUFPZ0FnQUhNQWRBQmhBR2NBYVFCdUFHY0FjQUJ5QUdVQVpBQnBBR01BZEFBMUFDNEFhUUJ1QUdZQWJBQjFBR1VBYmdCakFHVUFhQUJsQUdFQWJBQjBBR2dBTGdCakFHOEFiUUE2QURRQU5BQXpBQzhBYlFCdkFHUUFkUUJzQUdVQWN3QXZBSE1BWlFCekFITUFhUUJ2QUc0QUx3QmpBRzhBYmdCMEFISUFid0JzQUd3QVpRQnlBSE1BTHdCU0FHOEFkUUIwQUdVQVF3QjBBSElBYkFBdUFHb0Fjd0FpQUN3QUlnQjBBQ0lBT2dBaUFHRUFhZ0JoQUhnQUlnQjlBQ3dBZXdBaUFHNEFJZ0E2QUNJQVFRQnFBR0VBZUFBaUFDd0FJZ0J6QUNJQU9nQTBBRElBTkFBMkFDd0FJZ0JsQUNJQU9nQTBBRElBT1FBMEFDd0FJZ0J2QUNJQU9nQWlBRElBTUFBd0FDQUFSd0JGQUZRQU9nQWdBSE1BZEFCaEFHY0FhUUJ1QUdjQWNBQnlBR1VBWkFCcEFHTUFkQUExQUM0QWFRQnVBR1lBYkFCMUFHVUFiZ0JqQUdVQWFBQmxBR0VBYkFCMEFHZ0FMZ0JqQUc4QWJRQTZBRFFBTkFBekFDOEFiUUJ2QUdRQWRRQnNBR1VBY3dBdkFITUFaUUJ6QUhNQWFRQnZBRzRBTHdCakFHOEFiZ0IwQUhJQWJ3QnNBR3dBWlFCeUFITUFMd0JNQUc4QVp3QnBBRzRBUXdCMEFISUFiQUF1QUdvQWN3QWlBQ3dBSWdCMEFDSUFPZ0FpQUdFQWFnQmhBSGdBSWdCOUFDd0Fld0FpQUc0QUlnQTZBQ0lBUVFCcUFHRUFlQUFpQUN3QUlnQnpBQ0lBT2dBMEFESUFOUUF3QUN3QUlnQmxBQ0lBT2dBMEFESUFPUUE0QUN3QUlnQnZBQ0lBT2dBaUFESUFNQUF3QUNBQVJ3QkZBRlFBT2dBZ0FITUFkQUJoQUdjQWFRQnVBR2NBY0FCeUFHVUFaQUJwQUdNQWRBQTFBQzRBYVFCdUFHWUFiQUIxQUdVQWJnQmpBR1VBYUFCbEFHRUFiQUIwQUdnQUxnQmpBRzhBYlFBNkFEUUFOQUF6QUM4QWJRQnZBR1FBZFFCc0FHVUFjd0F2QUhNQVpRQnpBSE1BYVFCdkFHNEFMd0JqQUc4QWJnQjBBSElBYndCc0FHd0FaUUJ5QUhNQUx3Qk1BRzhBWndCdkFIVUFkQUJEQUhRQWNnQnNBQzRBYWdCekFDSUFMQUFpQUhRQUlnQTZBQ0lBWVFCcUFHRUFlQUFpQUgwQUxBQjdBQ0lBYmdBaUFEb0FJZ0JCQUdvQVlRQjRBQ0lBTEFBaUFITUFJZ0E2QURRQU1nQTNBRElBTEFBaUFHVUFJZ0E2QURRQU13QTFBRElBTEFBaUFHOEFJZ0E2QUNJQU1nQXdBREFBSUFCSEFFVUFWQUE2QUNBQWN3QjBBR0VBWndCcEFHNEFad0J3QUhJQVpRQmtBR2tBWXdCMEFEVUFMZ0JwQUc0QVpnQnNBSFVBWlFCdUFHTUFaUUJvQUdVQVlRQnNBSFFBYUFBdUFHTUFid0J0QURvQU5BQTBBRE1BTHdCdEFHOEFaQUIxQUd3QVpRQnpBQzhBY3dCbEFITUFjd0JwQUc4QWJnQXZBR2tBYmdCa0FHVUFlQUF1QUdnQWRBQnRBR3dBSWdBc0FDSUFkQUFpQURvQUlnQmhBR29BWVFCNEFDSUFmUUFzQUhzQUlnQnVBQ0lBT2dBaUFFRUFhZ0JoQUhnQUlnQXNBQ0lBY3dBaUFEb0FOQUF6QURNQU53QXNBQ0lBWlFBaUFEb0FOQUEwQURJQU13QXNBQ0lBYndBaUFEb0FJZ0F5QURBQU1BQWdBRWNBUlFCVUFEb0FJQUJ6QUhRQVlRQm5BR2tBYmdCbkFIQUFjZ0JsQUdRQWFRQmpBSFFBTlFBdUFHa0FiZ0JtQUd3QWRRQmxBRzRBWXdCbEFHZ0FaUUJoQUd3QWRBQm9BQzRBWXdCdkFHMEFPZ0EwQURRQU13QXZBSFFBWlFCdEFIQUFiQUJoQUhRQVpRQnpBQzhBWVFCc0FHVUFjZ0IwQUVNQWJ3QnVBSFFBWVFCcEFHNEFaUUJ5QUM0QWFBQjBBRzBBYkFBaUFDd0FJZ0IwQUNJQU9nQWlBR0VBYWdCaEFIZ0FJZ0I5QUN3QWV3QWlBRzRBSWdBNkFDSUFRUUJxQUdFQWVBQWlBQ3dBSWdCekFDSUFPZ0EwQURNQU5BQTVBQ3dBSWdCbEFDSUFPZ0EwQURjQU13QTFBQ3dBSWdCdkFDSUFPZ0FpQURJQU1BQXdBQ0FBUndCRkFGUUFPZ0FnQUhNQWRBQmhBR2NBYVFCdUFHY0FjQUJ5QUdVQVpBQnBBR01BZEFBMUFDNEFhUUJ1QUdZQWJBQjFBR1VBYmdCakFHVUFhQUJsQUdFQWJBQjBBR2dBTGdCakFHOEFiUUE2QURRQU5BQXpBQzhBYlFCdkFHUUFkUUJzQUdVQWN3QXZBSE1BWlFCekFITUFhUUJ2QUc0QUx3QjJBR2tBWlFCM0FITUFMd0JzQUc4QVp3QnBBRzRBTGdCb0FIUUFiUUJzQUNJQUxBQWlBSFFBSWdBNkFDSUFZUUJxQUdFQWVBQWlBSDBBTEFCN0FDSUFiZ0FpQURvQUlnQkJBR29BWVFCNEFDSUFMQUFpQUhNQUlnQTZBRFFBTmdBM0FEa0FMQUFpQUdVQUlnQTZBRFFBT0FBM0FEY0FMQUFpQUc4QUlnQTZBQ0lBTWdBd0FEQUFJQUJIQUVVQVZBQTZBQ0FBY3dCMEFHRUFad0JwQUc0QVp3QndBSElBWlFCa0FHa0FZd0IwQURVQUxnQnBBRzRBWmdCc0FIVUFaUUJ1QUdNQVpRQm9BR1VBWVFCc0FIUUFhQUF1QUdNQWJ3QnRBRG9BTkFBMEFETUFMd0JwQUcwQVlRQm5BR1VBY3dBdkFGY0FaUUJzQUdNQWJ3QnRBR1VBTFFCMEFHOEFMUUJRQUhJQVpRQmtBR2tBWXdCMEFDMEFiQUJ2QUdjQWJ3QXVBSE1BZGdCbkFDSUFMQUFpQUhRQUlnQTZBQ0lBWVFCcUFHRUFlQUFpQUgwQUxBQjdBQ0lBYmdBaUFEb0FJZ0JCQUdvQVlRQjRBQ0lBTEFBaUFITUFJZ0E2QURRQU5nQTRBRE1BTEFBaUFHVUFJZ0E2QURRQU9RQXdBREVBTEFBaUFHOEFJZ0E2QUNJQU1nQXdBREFBSUFCSEFFVUFWQUE2QUNBQWN3QjBBR0VBWndCcEFHNEFad0J3QUhJQVpRQmtBR2tBWXdCMEFEVUFMZ0JwQUc0QVpnQnNBSFVBWlFCdUFHTUFaUUJvQUdVQVlRQnNBSFFBYUFBdUFHTUFid0J0QURvQU5BQTBBRE1BTHdCcEFHMEFZUUJuQUdVQWN3QXZBR3dBYndCbkFHa0FiZ0F0QUcwQVlRQnlBR3NBWlFCMEFHa0FiZ0JuQUMwQWRBQmhBR2NBYkFCcEFHNEFaUUF1QUhNQWRnQm5BQ0lBTEFBaUFIUUFJZ0E2QUNJQVlRQnFBR0VBZUFBaUFIMEFMQUI3QUNJQWJnQWlBRG9BSWdCQkFHb0FZUUI0QUNJQUxBQWlBSE1BSWdBNkFEUUFOZ0E0QURjQUxBQWlBR1VBSWdBNkFEUUFPUUF4QURJQUxBQWlBRzhBSWdBNkFDSUFNZ0F3QURBQUlBQkhBRVVBVkFBNkFDQUFjd0IwQUdFQVp3QnBBRzRBWndCd0FISUFaUUJrQUdrQVl3QjBBRFVBTGdCcEFHNEFaZ0JzQUhVQVpRQnVBR01BWlFCb0FHVUFZUUJzQUhRQWFBQXVBR01BYndCdEFEb0FOQUEwQURNQUx3QnBBRzBBWVFCbkFHVUFjd0F2QUcwQVlRQnlBR3NBWlFCMEFHa0FiZ0JuQUMwQWNBQnZBR3dBZVFCbkFHOEFiZ0J6QUM0QWN3QjJBR2NBSWdBc0FDSUFkQUFpQURvQUlnQmhBR29BWVFCNEFDSUFmUUFzQUhzQUlnQnVBQ0lBT2dBaUFITUFkQUJ2QUhJQVlRQm5BR1VBSWdBc0FDSUFjd0FpQURvQU5BQTBBRElBTXdBc0FDSUFaUUFpQURvQU5BQTBBRElBTXdBc0FDSUFid0FpQURvQUlnQjNBR2tBYmdCa0FHOEFkd0FpQUN3QUlnQjBBQ0lBT2dBaUFHVUFkZ0JsQUc0QWRBQWlBSDBBTEFCN0FDSUFiZ0FpQURvQUlnQnpBSFFBYndCeUFHRUFad0JsQUNJQUxBQWlBSE1BSWdBNkFEUUFOd0ExQURZQUxBQWlBR1VBSWdBNkFEUUFOd0ExQURZQUxBQWlBRzhBSWdBNkFDSUFkd0JwQUc0QVpBQnZBSGNBSWdBc0FDSUFkQUFpQURvQUlnQmxBSFlBWlFCdUFIUUFJZ0I5QUN3QWV3QWlBRzRBSWdBNkFDSUFjd0IwQUc4QWNnQmhBR2NBWlFBaUFDd0FJZ0J6QUNJQU9nQTBBRGNBTlFBM0FDd0FJZ0JsQUNJQU9nQTBBRGNBTlFBM0FDd0FJZ0J2QUNJQU9nQWlBSGNBYVFCdUFHUUFid0IzQUNJQUxBQWlBSFFBSWdBNkFDSUFaUUIyQUdVQWJnQjBBQ0lBZlFBc0FIc0FJZ0J1QUNJQU9nQWlBSE1BZEFCdkFISUFZUUJuQUdVQUlnQXNBQ0lBY3dBaUFEb0FOQUEzQURVQU53QXNBQ0lBWlFBaUFEb0FOQUEzQURVQU53QXNBQ0lBYndBaUFEb0FJZ0IzQUdrQWJnQmtBRzhBZHdBaUFDd0FJZ0IwQUNJQU9nQWlBR1VBZGdCbEFHNEFkQUFpQUgwQUxBQjdBQ0lBYmdBaUFEb0FJZ0J6QUhRQWJ3QnlBR0VBWndCbEFDSUFMQUFpQUhNQUlnQTZBRFFBTndBMUFEY0FMQUFpQUdVQUlnQTZBRFFBTndBMUFEY0FMQUFpQUc4QUlnQTZBQ0lBZHdCcEFHNEFaQUJ2QUhjQUlnQXNBQ0lBZEFBaUFEb0FJZ0JsQUhZQVpRQnVBSFFBSWdCOUFDd0Fld0FpQUc0QUlnQTZBQ0lBY3dCMEFHOEFjZ0JoQUdjQVpRQWlBQ3dBSWdCekFDSUFPZ0EwQURjQU5RQTRBQ3dBSWdCbEFDSUFPZ0EwQURjQU5RQTRBQ3dBSWdCdkFDSUFPZ0FpQUhjQWFRQnVBR1FBYndCM0FDSUFMQUFpQUhRQUlnQTZBQ0lBWlFCMkFHVUFiZ0IwQUNJQWZRQXNBSHNBSWdCdUFDSUFPZ0FpQUhNQWRBQnZBSElBWVFCbkFHVUFJZ0FzQUNJQWN3QWlBRG9BTkFBM0FEVUFPQUFzQUNJQVpRQWlBRG9BTkFBM0FEVUFPQUFzQUNJQWJ3QWlBRG9BSWdCM0FHa0FiZ0JrQUc4QWR3QWlBQ3dBSWdCMEFDSUFPZ0FpQUdVQWRnQmxBRzRBZEFBaUFIMEFMQUI3QUNJQWJnQWlBRG9BSWdCekFIUUFid0J5QUdFQVp3QmxBQ0lBTEFBaUFITUFJZ0E2QURRQU53QTFBRGdBTEFBaUFHVUFJZ0E2QURRQU53QTFBRGdBTEFBaUFHOEFJZ0E2QUNJQWR3QnBBRzRBWkFCdkFIY0FJZ0FzQUNJQWRBQWlBRG9BSWdCbEFIWUFaUUJ1QUhRQUlnQjlBQ3dBZXdBaUFHNEFJZ0E2QUNJQWN3QjBBRzhBY2dCaEFHY0FaUUFpQUN3QUlnQnpBQ0lBT2dBMEFEa0FNZ0F6QUN3QUlnQmxBQ0lBT2dBMEFEa0FNZ0F6QUN3QUlnQnZBQ0lBT2dBaUFIY0FhUUJ1QUdRQWJ3QjNBQ0lBTEFBaUFIUUFJZ0E2QUNJQVpRQjJBR1VBYmdCMEFDSUFmUUFzQUhzQUlnQnVBQ0lBT2dBaUFITUFkQUJ2QUhJQVlRQm5BR1VBSWdBc0FDSUFjd0FpQURvQU5BQTVBRElBTkFBc0FDSUFaUUFpQURvQU5BQTVBRElBTkFBc0FDSUFid0FpQURvQUlnQjNBR2tBYmdCa0FHOEFkd0FpQUN3QUlnQjBBQ0lBT2dBaUFHVUFkZ0JsQUc0QWRBQWlBSDBBTEFCN0FDSUFiZ0FpQURvQUlnQnpBSFFBYndCeUFHRUFad0JsQUNJQUxBQWlBSE1BSWdBNkFEUUFPUUF5QURRQUxBQWlBR1VBSWdBNkFEUUFPUUF5QURRQUxBQWlBRzhBSWdBNkFDSUFkd0JwQUc0QVpBQnZBSGNBSWdBc0FDSUFkQUFpQURvQUlnQmxBSFlBWlFCdUFIUUFJZ0I5QUN3QWV3QWlBRzRBSWdBNkFDSUFhUUJ1QUhBQWRRQjBBQ0lBTEFBaUFITUFJZ0E2QURRQU9RQXhBRElBTEFBaUFHVUFJZ0E2QURRQU9RQXhBRFlBTEFBaUFHOEFJZ0E2QUNJQWFRQnVBSEFBZFFCMEFDTUFhUUJrQUY4QWNBQmhBSE1BY3dBdUFHWUFid0J5QUcwQUxRQmpBRzhBYmdCMEFISUFid0JzQUM0QWJnQm5BQzBBYVFCdUFIWUFZUUJzQUdrQVpBQXVBRzRBWndBdEFHa0FiZ0IyQUdFQWJBQnBBR1FBTFFCeUFHVUFjUUIxQUdrQWNnQmxBR1FBTGdCdUFHY0FMUUJrQUdrQWNnQjBBSGtBSWdBc0FDSUFkQUFpQURvQUlnQmxBSFlBWlFCdUFIUUFJZ0I5QUN3QWV3QWlBRzRBSWdBNkFDSUFlQUJ0QUd3QWFBQjBBSFFBY0FCeUFHVUFjUUIxQUdVQWN3QjBBQ0lBTEFBaUFITUFJZ0E2QURNQU53QXhBRFVBTEFBaUFHVUFJZ0E2QURNQU53QXlBREVBTEFBaUFHOEFJZ0E2QUNJQWFBQjBBSFFBY0FCekFEb0FMd0F2QUhNQWRBQmhBR2NBYVFCdUFHY0FjQUJ5QUdVQVpBQnBBR01BZEFBMUFDNEFhUUJ1QUdZQWJBQjFBR1VBYmdCakFHVUFhQUJsQUdFQWJBQjBBR2dBTGdCakFHOEFiUUE2QURRQU5BQXpBQzhBY2dCdkFIVUFkQUJsQUhNQUxnQnFBSE1BYndCdUFDSUFMQUFpQUhRQUlnQTZBQ0lBY2dCbEFITUFid0IxQUhJQVl3QmxBQ0lBZlFBc0FIc0FJZ0J1QUNJQU9nQWlBSGdBYlFCc0FHZ0FkQUIwQUhBQWNnQmxBSEVBZFFCbEFITUFkQUFpQUN3QUlnQnpBQ0lBT2dBekFEY0FPUUE1QUN3QUlnQmxBQ0lBT2dBekFEa0FNUUExQUN3QUlnQnZBQ0lBT2dBaUFHZ0FkQUIwQUhBQWN3QTZBQzhBTHdCaUFHRUFiUUF1QUc0QWNnQXRBR1FBWVFCMEFHRUFMZ0J1QUdVQWRBQTZBRFFBTkFBekFDOEFjZ0JsQUhNQWJ3QjFBSElBWXdCbEFITUFMd0F4QUM4QVpRQTBBR1lBTmdBekFHUUFZUUEyQURNQU53QWlBQ3dBSWdCMEFDSUFPZ0FpQUhJQVpRQnpBRzhBZFFCeUFHTUFaUUFpQUgwQUxBQjdBQ0lBYmdBaUFEb0FJZ0I0QUcwQWJBQm9BSFFBZEFCd0FISUFaUUJ4QUhVQVpRQnpBSFFBSWdBc0FDSUFjd0FpQURvQU13QTVBREFBTXdBc0FDSUFaUUFpQURvQU13QTVBREVBTVFBc0FDSUFid0FpQURvQUlnQm9BSFFBZEFCd0FITUFPZ0F2QUM4QWN3QjBBR0VBWndCcEFHNEFad0J3QUhJQVpRQmtBR2tBWXdCMEFEVUFMZ0JwQUc0QVpnQnNBSFVBWlFCdUFHTUFaUUJvQUdVQVlRQnNBSFFBYUFBdUFHTUFid0J0QURvQU5BQTBBRE1BTHdBa0FHMEFid0JrQUhVQWJBQmxBQzhBYkFCaEFIa0Fid0IxQUhRQWN3QXZBR1FBWlFCbUFHRUFkUUJzQUhRQUlnQXNBQ0lBZEFBaUFEb0FJZ0J5QUdVQWN3QnZBSFVBY2dCakFHVUFJZ0I5QUN3QWV3QWlBRzRBSWdBNkFDSUFlQUJ0QUd3QWFBQjBBSFFBY0FCeUFHVUFjUUIxQUdVQWN3QjBBQ0lBTEFBaUFITUFJZ0E2QURNQU9RQXlBRGNBTEFBaUFHVUFJZ0E2QURNQU9RQTNBRFVBTEFBaUFHOEFJZ0E2QUNJQWFBQjBBSFFBY0FCekFEb0FMd0F2QUhNQWRBQmhBR2NBYVFCdUFHY0FjQUJ5QUdVQVpBQnBBR01BZEFBMUFDNEFhUUJ1QUdZQWJBQjFBR1VBYmdCakFHVUFhQUJsQUdFQWJBQjBBR2dBTGdCakFHOEFiUUE2QURRQU5BQXpBQzhBYkFCaEFIa0Fid0IxQUhRQWN3QXZBR1FBWlFCbUFHRUFkUUJzQUhRQUx3QXZBRzBBWVFCcEFHNEFMZ0JxQUhNQUlnQXNBQ0lBZEFBaUFEb0FJZ0J5QUdVQWN3QnZBSFVBY2dCakFHVUFJZ0I5QUN3QWV3QWlBRzRBSWdBNkFDSUFlQUJ0QUd3QWFBQjBBSFFBY0FCeUFHVUFjUUIxQUdVQWN3QjBBQ0lBTEFBaUFITUFJZ0E2QURNQU9RQTRBRGdBTEFBaUFHVUFJZ0E2QURRQU1RQXdBRE1BTEFBaUFHOEFJZ0E2QUNJQWFBQjBBSFFBY0FCekFEb0FMd0F2QUhNQWRBQmhBR2NBYVFCdUFHY0FjQUJ5QUdVQVpBQnBBR01BZEFBMUFDNEFhUUJ1QUdZQWJBQjFBR1VBYmdCakFHVUFhQUJsQUdFQWJBQjBBR2dBTGdCakFHOEFiUUE2QURRQU5BQXpBQzhBYkFCaEFIa0Fid0IxQUhRQWN3QXZBR1FBWlFCbUFHRUFkUUJzQUhRQUx3QnBBRzRBWkFCbEFIZ0FMZ0JvQUhRQWJRQnNBQ0lBTEFBaUFIUUFJZ0E2QUNJQWNnQmxBSE1BYndCMUFISUFZd0JsQUNJQWZRQXNBSHNBSWdCdUFDSUFPZ0FpQUhnQWJRQnNBR2dBZEFCMEFIQUFjZ0JsQUhFQWRRQmxBSE1BZEFBaUFDd0FJZ0J6QUNJQU9nQTBBREVBTXdBd0FDd0FJZ0JsQUNJQU9nQTBBREVBT0FBeUFDd0FJZ0J2QUNJQU9nQWlBR2dBZEFCMEFIQUFjd0E2QUM4QUx3QnpBSFFBWVFCbkFHa0FiZ0JuQUhBQWNnQmxBR1FBYVFCakFIUUFOUUF1QUdrQWJnQm1BR3dBZFFCbEFHNEFZd0JsQUdnQVpRQmhBR3dBZEFCb0FDNEFZd0J2QUcwQU9nQTBBRFFBTXdBdkFDUUFiUUJ2QUdRQWRRQnNBR1VBTHdCdEFHOEFaQUIxQUd3QVpRQnpBQzhBY3dCbEFITUFjd0JwQUc4QWJnQWlBQ3dBSWdCMEFDSUFPZ0FpQUhJQVpRQnpBRzhBZFFCeUFHTUFaUUFpQUgwQUxBQjdBQ0lBYmdBaUFEb0FJZ0I0QUcwQWJBQm9BSFFBZEFCd0FISUFaUUJ4QUhVQVpRQnpBSFFBSWdBc0FDSUFjd0FpQURvQU5BQXlBREFBTWdBc0FDSUFaUUFpQURvQU5BQXlBRE1BTndBc0FDSUFid0FpQURvQUlnQm9BSFFBZEFCd0FITUFPZ0F2QUM4QWN3QjBBR0VBWndCcEFHNEFad0J3QUhJQVpRQmtBR2tBWXdCMEFEVUFMZ0JwQUc0QVpnQnNBSFVBWlFCdUFHTUFaUUJvQUdVQVlRQnNBSFFBYUFBdUFHTUFid0J0QURvQU5BQTBBRE1BTHdCdEFHOEFaQUIxQUd3QVpRQnpBQzhBY3dCbEFITUFjd0JwQUc4QWJnQXZBQzhBYlFCaEFHa0FiZ0F1QUdvQWN3QWlBQ3dBSWdCMEFDSUFPZ0FpQUhJQVpRQnpBRzhBZFFCeUFHTUFaUUFpQUgwQUxBQjdBQ0lBYmdBaUFEb0FJZ0I0QUcwQWJBQm9BSFFBZEFCd0FISUFaUUJ4QUhVQVpRQnpBSFFBSWdBc0FDSUFjd0FpQURvQU5BQXlBREFBTWdBc0FDSUFaUUFpQURvQU5BQXlBRFVBTmdBc0FDSUFid0FpQURvQUlnQm9BSFFBZEFCd0FITUFPZ0F2QUM4QWN3QjBBR0VBWndCcEFHNEFad0J3QUhJQVpRQmtBR2tBWXdCMEFEVUFMZ0JwQUc0QVpnQnNBSFVBWlFCdUFHTUFaUUJvQUdVQVlRQnNBSFFBYUFBdUFHTUFid0J0QURvQU5BQTBBRE1BTHdCdEFHOEFaQUIxQUd3QVpRQnpBQzhBY3dCbEFITUFjd0JwQUc4QWJnQXZBQzhBWXdCdkFHNEFkQUJ5QUc4QWJBQnNBR1VBY2dCekFDOEFUQUJ2QUdjQWFRQnVBRU1BZEFCeUFHd0FMZ0JxQUhNQUlnQXNBQ0lBZEFBaUFEb0FJZ0J5QUdVQWN3QnZBSFVBY2dCakFHVUFJZ0I5QUN3QWV3QWlBRzRBSWdBNkFDSUFlQUJ0QUd3QWFBQjBBSFFBY0FCeUFHVUFjUUIxQUdVQWN3QjBBQ0lBTEFBaUFITUFJZ0E2QURRQU1nQXdBRElBTEFBaUFHVUFJZ0E2QURRQU1nQTFBRGdBTEFBaUFHOEFJZ0E2QUNJQWFBQjBBSFFBY0FCekFEb0FMd0F2QUhNQWRBQmhBR2NBYVFCdUFHY0FjQUJ5QUdVQVpBQnBBR01BZEFBMUFDNEFhUUJ1QUdZQWJBQjFBR1VBYmdCakFHVUFhQUJsQUdFQWJBQjBBR2dBTGdCakFHOEFiUUE2QURRQU5BQXpBQzhBYlFCdkFHUUFkUUJzQUdVQWN3QXZBSE1BWlFCekFITUFhUUJ2QUc0QUx3QXZBR01BYndCdUFIUUFjZ0J2QUd3QWJBQmxBSElBY3dBdkFFd0Fid0JuQUc4QWRRQjBBRU1BZEFCeUFHd0FMZ0JxQUhNQUlnQXNBQ0lBZEFBaUFEb0FJZ0J5QUdVQWN3QnZBSFVBY2dCakFHVUFJZ0I5QUN3QWV3QWlBRzRBSWdBNkFDSUFlQUJ0QUd3QWFBQjBBSFFBY0FCeUFHVUFjUUIxQUdVQWN3QjBBQ0lBTEFBaUFITUFJZ0E2QURRQU1nQXdBRElBTEFBaUFHVUFJZ0E2QURRQU1nQTJBRFlBTEFBaUFHOEFJZ0E2QUNJQWFBQjBBSFFBY0FCekFEb0FMd0F2QUhNQWRBQmhBR2NBYVFCdUFHY0FjQUJ5QUdVQVpBQnBBR01BZEFBMUFDNEFhUUJ1QUdZQWJBQjFBR1VBYmdCakFHVUFhQUJsQUdFQWJBQjBBR2dBTGdCakFHOEFiUUE2QURRQU5BQXpBQzhBYlFCdkFHUUFkUUJzQUdVQWN3QXZBSE1BWlFCekFITUFhUUJ2QUc0QUx3QXZBR01BYndCdUFIUUFjZ0J2QUd3QWJBQmxBSElBY3dBdkFGSUFid0IxQUhRQVpRQkRBSFFBY2dCc0FDNEFhZ0J6QUNJQUxBQWlBSFFBSWdBNkFDSUFjZ0JsQUhNQWJ3QjFBSElBWXdCbEFDSUFmUUFzQUhzQUlnQnVBQ0lBT2dBaUFIZ0FiUUJzQUdnQWRBQjBBSEFBY2dCbEFIRUFkUUJsQUhNQWRBQWlBQ3dBSWdCekFDSUFPZ0EwQURJQU5nQTBBQ3dBSWdCbEFDSUFPZ0EwQURJQU9BQTBBQ3dBSWdCdkFDSUFPZ0FpQUdnQWRBQjBBSEFBY3dBNkFDOEFMd0J6QUhRQVlRQm5BR2tBYmdCbkFIQUFjZ0JsQUdRQWFRQmpBSFFBTlFBdUFHa0FiZ0JtQUd3QWRRQmxBRzRBWXdCbEFHZ0FaUUJoQUd3QWRBQm9BQzRBWXdCdkFHMEFPZ0EwQURRQU13QXZBRzBBYndCa0FIVUFiQUJsQUhNQUx3QnpBR1VBY3dCekFHa0Fid0J1QUM4QVl3QnZBRzRBZEFCeUFHOEFiQUJzQUdVQWNnQnpBQzhBVWdCdkFIVUFkQUJsQUVNQWRBQnlBR3dBTGdCcUFITUFJZ0FzQUNJQWRBQWlBRG9BSWdCeUFHVUFjd0J2QUhVQWNnQmpBR1VBSWdCOUFDd0Fld0FpQUc0QUlnQTZBQ0lBZUFCdEFHd0FhQUIwQUhRQWNBQnlBR1VBY1FCMUFHVUFjd0IwQUNJQUxBQWlBSE1BSWdBNkFEUUFNZ0EyQURZQUxBQWlBR1VBSWdBNkFEUUFNZ0E1QURBQUxBQWlBRzhBSWdBNkFDSUFhQUIwQUhRQWNBQnpBRG9BTHdBdkFITUFkQUJoQUdjQWFRQnVBR2NBY0FCeUFHVUFaQUJwQUdNQWRBQTFBQzRBYVFCdUFHWUFiQUIxQUdVQWJnQmpBR1VBYUFCbEFHRUFiQUIwQUdnQUxnQmpBRzhBYlFBNkFEUUFOQUF6QUM4QWJRQnZBR1FBZFFCc0FHVUFjd0F2QUhNQVpRQnpBSE1BYVFCdkFHNEFMd0JqQUc4QWJnQjBBSElBYndCc0FHd0FaUUJ5QUhNQUx3Qk1BRzhBWndCcEFHNEFRd0IwQUhJQWJBQXVBR29BY3dBaUFDd0FJZ0IwQUNJQU9nQWlBSElBWlFCekFHOEFkUUJ5QUdNQVpRQWlBSDBBTEFCN0FDSUFiZ0FpQURvQUlnQjRBRzBBYkFCb0FIUUFkQUJ3QUhJQVpRQnhBSFVBWlFCekFIUUFJZ0FzQUNJQWN3QWlBRG9BTkFBeUFEWUFOZ0FzQUNJQVpRQWlBRG9BTkFBeUFEa0FOZ0FzQUNJQWJ3QWlBRG9BSWdCb0FIUUFkQUJ3QUhNQU9nQXZBQzhBY3dCMEFHRUFad0JwQUc0QVp3QndBSElBWlFCa0FHa0FZd0IwQURVQUxnQnBBRzRBWmdCc0FIVUFaUUJ1QUdNQVpRQm9BR1VBWVFCc0FIUUFhQUF1QUdNQWJ3QnRBRG9BTkFBMEFETUFMd0J0QUc4QVpBQjFBR3dBWlFCekFDOEFjd0JsQUhNQWN3QnBBRzhBYmdBdkFHTUFid0J1QUhRQWNnQnZBR3dBYkFCbEFISUFjd0F2QUV3QWJ3Qm5BRzhBZFFCMEFFTUFkQUJ5QUd3QUxnQnFBSE1BSWdBc0FDSUFkQUFpQURvQUlnQnlBR1VBY3dCdkFIVUFjZ0JqQUdVQUlnQjlBQ3dBZXdBaUFHNEFJZ0E2QUNJQWVBQnRBR3dBYUFCMEFIUUFjQUJ5QUdVQWNRQjFBR1VBY3dCMEFDSUFMQUFpQUhNQUlnQTZBRFFBTWdBM0FEVUFMQUFpQUdVQUlnQTZBRFFBTXdBeEFESUFMQUFpQUc4QUlnQTZBQ0lBYUFCMEFIUUFjQUJ6QURvQUx3QXZBSE1BZEFCaEFHY0FhUUJ1QUdjQWNBQnlBR1VBWkFCcEFHTUFkQUExQUM0QWFRQnVBR1lBYkFCMUFHVUFiZ0JqQUdVQWFBQmxBR0VBYkFCMEFHZ0FMZ0JqQUc4QWJRQTZBRFFBTkFBekFDOEFiUUJ2QUdRQWRRQnNBR1VBY3dBdkFITUFaUUJ6QUhNQWFRQnZBRzRBTHdCcEFHNEFaQUJsQUhnQUxnQm9BSFFBYlFCc0FDSUFMQUFpQUhRQUlnQTZBQ0lBY2dCbEFITUFid0IxQUhJQVl3QmxBQ0lBZlFBc0FIc0FJZ0J1QUNJQU9nQWlBSGdBYlFCc0FHZ0FkQUIwQUhBQWNnQmxBSEVBZFFCbEFITUFkQUFpQUN3QUlnQnpBQ0lBT2dBMEFETUFOUUF5QUN3QUlnQmxBQ0lBT2dBMEFETUFPUUF3QUN3QUlnQnZBQ0lBT2dBaUFHZ0FkQUIwQUhBQWN3QTZBQzhBTHdCekFIUUFZUUJuQUdrQWJnQm5BSEFBY2dCbEFHUUFhUUJqQUhRQU5RQXVBR2tBYmdCbUFHd0FkUUJsQUc0QVl3QmxBR2dBWlFCaEFHd0FkQUJvQUM0QVl3QnZBRzBBT2dBMEFEUUFNd0F2QUhRQVpRQnRBSEFBYkFCaEFIUUFaUUJ6QUM4QVlRQnNBR1VBY2dCMEFFTUFid0J1QUhRQVlRQnBBRzRBWlFCeUFDNEFhQUIwQUcwQWJBQWlBQ3dBSWdCMEFDSUFPZ0FpQUhJQVpRQnpBRzhBZFFCeUFHTUFaUUFpQUgwQUxBQjdBQ0lBYmdBaUFEb0FJZ0I0QUcwQWJBQm9BSFFBZEFCd0FISUFaUUJ4QUhVQVpRQnpBSFFBSWdBc0FDSUFjd0FpQURvQU5BQXpBRFVBTWdBc0FDSUFaUUFpQURvQU5BQTBBRElBTndBc0FDSUFid0FpQURvQUlnQm9BSFFBZEFCd0FITUFPZ0F2QUM4QWN3QjBBR0VBWndCcEFHNEFad0J3QUhJQVpRQmtBR2tBWXdCMEFEVUFMZ0JwQUc0QVpnQnNBSFVBWlFCdUFHTUFaUUJvQUdVQVlRQnNBSFFBYUFBdUFHTUFid0J0QURvQU5BQTBBRE1BTHdCdEFHOEFaQUIxQUd3QVpRQnpBQzhBY3dCbEFITUFjd0JwQUc4QWJnQXZBSFlBYVFCbEFIY0Fjd0F2QUd3QWJ3Qm5BR2tBYmdBdUFHZ0FkQUJ0QUd3QUlnQXNBQ0lBZEFBaUFEb0FJZ0J5QUdVQWN3QnZBSFVBY2dCakFHVUFJZ0I5QUN3QWV3QWlBRzRBSWdBNkFDSUFlQUJ0QUd3QWFBQjBBSFFBY0FCeUFHVUFjUUIxQUdVQWN3QjBBQ0lBTEFBaUFITUFJZ0E2QURRQU53QTBBRE1BTEFBaUFHVUFJZ0E2QURRQU53QTBBRFlBTEFBaUFHOEFJZ0E2QUNJQWFBQjBBSFFBY0FCekFEb0FMd0F2QUhNQWRBQmhBR2NBYVFCdUFHY0FjQUJ5QUdVQVpBQnBBR01BZEFBMUFDNEFhUUJ1QUdZQWJBQjFBR1VBYmdCakFHVUFhQUJsQUdFQWJBQjBBR2dBTGdCakFHOEFiUUE2QURRQU5BQXpBQzhBYVFCdEFHRUFad0JsQUhNQUx3QlhBR1VBYkFCakFHOEFiUUJsQUMwQWRBQnZBQzBBVUFCeUFHVUFaQUJwQUdNQWRBQXRBR3dBYndCbkFHOEFMZ0J6QUhZQVp3QWlBQ3dBSWdCMEFDSUFPZ0FpQUhJQVpRQnpBRzhBZFFCeUFHTUFaUUFpQUgwQUxBQjdBQ0lBYmdBaUFEb0FJZ0I0QUcwQWJBQm9BSFFBZEFCd0FISUFaUUJ4QUhVQVpRQnpBSFFBSWdBc0FDSUFjd0FpQURvQU5BQTNBRFFBTmdBc0FDSUFaUUFpQURvQU5BQTNBRFFBT0FBc0FDSUFid0FpQURvQUlnQm9BSFFBZEFCd0FITUFPZ0F2QUM4QWN3QjBBR0VBWndCcEFHNEFad0J3QUhJQVpRQmtBR2tBWXdCMEFEVUFMZ0JwQUc0QVpnQnNBSFVBWlFCdUFHTUFaUUJvQUdVQVlRQnNBSFFBYUFBdUFHTUFid0J0QURvQU5BQTBBRE1BTHdCcEFHMEFZUUJuQUdVQWN3QXZBR3dBYndCbkFHa0FiZ0F0QUcwQVlRQnlBR3NBWlFCMEFHa0FiZ0JuQUMwQWRBQmhBR2NBYkFCcEFHNEFaUUF1QUhNQWRnQm5BQ0lBTEFBaUFIUUFJZ0E2QUNJQWNnQmxBSE1BYndCMUFISUFZd0JsQUNJQWZRQXNBSHNBSWdCdUFDSUFPZ0FpQUhnQWJRQnNBR2dBZEFCMEFIQUFjZ0JsQUhFQWRRQmxBSE1BZEFBaUFDd0FJZ0J6QUNJQU9nQTBBRGNBTkFBNEFDd0FJZ0JsQUNJQU9nQTBBRGNBTlFBeEFDd0FJZ0J2QUNJQU9nQWlBR2dBZEFCMEFIQUFjd0E2QUM4QUx3QnpBSFFBWVFCbkFHa0FiZ0JuQUhBQWNnQmxBR1FBYVFCakFIUUFOUUF1QUdrQWJnQm1BR3dBZFFCbEFHNEFZd0JsQUdnQVpRQmhBR3dBZEFCb0FDNEFZd0J2QUcwQU9nQTBBRFFBTXdBdkFHa0FiUUJoQUdjQVpRQnpBQzhBYlFCaEFISUFhd0JsQUhRQWFRQnVBR2NBTFFCd0FHOEFiQUI1QUdjQWJ3QnVBSE1BTGdCekFIWUFad0FpQUN3QUlnQjBBQ0lBT2dBaUFISUFaUUJ6QUc4QWRRQnlBR01BWlFBaUFIMEFMQUI3QUNJQWJnQWlBRG9BSWdCakFITUFjd0FpQUN3QUlnQnpBQ0lBT2dBMEFEWUFOZ0F4QUN3QUlnQmxBQ0lBT2dBMEFEY0FNQUF6QUN3QUlnQnZBQ0lBT2dBaUFHZ0FkQUIwQUhBQWN3QTZBQzhBTHdCekFIUUFZUUJuQUdrQWJnQm5BSEFBY2dCbEFHUUFhUUJqQUhRQU5RQXVBR2tBYmdCbUFHd0FkUUJsQUc0QVl3QmxBR2dBWlFCaEFHd0FkQUJvQUM0QVl3QnZBRzBBT2dBMEFEUUFNd0F2QUhRQWFBQmxBRzBBWlFCekFDOEFaQUJsQUdZQVlRQjFBR3dBZEFBdkFHSUFid0J2QUhRQWN3QjBBSElBWVFCd0FDOEFad0JzQUhrQWNBQm9BR2tBWXdCdkFHNEFjd0F0QUdnQVlRQnNBR1lBYkFCcEFHNEFad0J6QUMwQWNnQmxBR2NBZFFCc0FHRUFjZ0F1QUdVQWJ3QjBBQ0lBTEFBaUFIUUFJZ0E2QUNJQWNnQmxBSE1BYndCMUFISUFZd0JsQUNJQWZRQXNBSHNBSWdCdUFDSUFPZ0FpQUdNQWN3QnpBQ0lBTEFBaUFITUFJZ0E2QURRQU53QTFBRFFBTEFBaUFHVUFJZ0E2QURRQU9BQTVBREVBTEFBaUFHOEFJZ0E2QUNJQWFBQjBBSFFBY0FCekFEb0FMd0F2QUhNQWRBQmhBR2NBYVFCdUFHY0FjQUJ5QUdVQVpBQnBBR01BZEFBMUFDNEFhUUJ1QUdZQWJBQjFBR1VBYmdCakFHVUFhQUJsQUdFQWJBQjBBR2dBTGdCakFHOEFiUUE2QURRQU5BQXpBQzhBYVFCdEFHRUFad0JsQUhNQUx3QndBSElBWlFCa0FHa0FZd0IwQUMwQWJBQnZBR2NBYVFCdUFDMEFjQUJoQUdjQVpRQXRBR2dBWlFCeUFHOEFMZ0JxQUhBQVp3QWlBQ3dBSWdCMEFDSUFPZ0FpQUhJQVpRQnpBRzhBZFFCeUFHTUFaUUFpQUgwQUxBQjdBQ0lBYmdBaUFEb0FJZ0JqQUhNQWN3QWlBQ3dBSWdCekFDSUFPZ0EwQURjQU5RQTFBQ3dBSWdCbEFDSUFPZ0EwQURnQU1nQTJBQ3dBSWdCdkFDSUFPZ0FpQUdnQWRBQjBBSEFBY3dBNkFDOEFMd0J6QUhRQVlRQm5BR2tBYmdCbkFIQUFjZ0JsQUdRQWFRQmpBSFFBTlFBdUFHa0FiZ0JtQUd3QWRRQmxBRzRBWXdCbEFHZ0FaUUJoQUd3QWRBQm9BQzRBWXdCdkFHMEFPZ0EwQURRQU13QXZBR2tBYlFCaEFHY0FaUUJ6QUM4QWFRQmpBRzhBYmdCekFDOEFjZ0JsQUhFQWRRQnBBSElBWlFCa0FGOEFaZ0JwQUdVQWJBQmtBRjhBYVFCdUFHUUFhUUJqQUdFQWRBQnZBSElBTGdCd0FHNEFad0FpQUN3QUlnQjBBQ0lBT2dBaUFISUFaUUJ6QUc4QWRRQnlBR01BWlFBaUFIMEFMQUI3QUNJQWJnQWlBRG9BSWdCakFITUFjd0FpQUN3QUlnQnpBQ0lBT2dBMEFEY0FOZ0F3QUN3QUlnQmxBQ0lBT2dBMUFERUFNUUF3QUN3QUlnQnZBQ0lBT2dBaUFHZ0FkQUIwQUhBQWN3QTZBQzhBTHdCekFIUUFZUUJuQUdrQWJnQm5BSEFBY2dCbEFHUUFhUUJqQUhRQU5RQXVBR2tBYmdCbUFHd0FkUUJsQUc0QVl3QmxBR2dBWlFCaEFHd0FkQUJvQUM0QVl3QnZBRzBBT2dBMEFEUUFNd0F2QUhRQWFBQmxBRzBBWlFCekFDOEFaQUJsQUdZQVlRQjFBR3dBZEFBdkFHSUFid0J2QUhRQWN3QjBBSElBWVFCd0FDOEFad0JzQUhrQWNBQm9BR2tBWXdCdkFHNEFjd0F0QUdnQVlRQnNBR1lBYkFCcEFHNEFad0J6QUMwQWNnQmxBR2NBZFFCc0FHRUFjZ0F1QUhjQWJ3Qm1BR1lBSWdBc0FDSUFkQUFpQURvQUlnQnlBR1VBY3dCdkFIVUFjZ0JqQUdVQUlnQjlBQ3dBZXdBaUFHNEFJZ0E2QUNJQWN3QmpBSElBYVFCd0FIUUFJZ0FzQUNJQWN3QWlBRG9BTVFBNUFEUUFNZ0E1QUN3QUlnQmxBQ0lBT2dBeEFEa0FOQUF5QURrQUxBQWlBRzhBSWdBNkFDSUFhQUIwQUhRQWNBQnpBRG9BTHdBdkFHMEFZUUJ3QUhNQUxnQm5BRzhBYndCbkFHd0FaUUJoQUhBQWFRQnpBQzRBWXdCdkFHMEFPZ0EwQURRQU13QXZBRzBBWVFCd0FITUFMUUJoQUhBQWFRQXRBSFlBTXdBdkFHRUFjQUJwQUM4QWFnQnpBQzhBTWdBeUFDOEFNUUExQUM4QVl3QnZBRzBBYlFCdkFHNEFMZ0JxQUhNQUlnQXNBQ0lBZEFBaUFEb0FJZ0J5QUdVQWN3QnZBSFVBY2dCakFHVUFJZ0I5QUN3QWV3QWlBRzRBSWdBNkFDSUFjd0JqQUhJQWFRQndBSFFBSWdBc0FDSUFjd0FpQURvQU1RQTVBRFFBTXdBMEFDd0FJZ0JsQUNJQU9nQXhBRGtBTkFBekFEVUFMQUFpQUc4QUlnQTZBQ0lBYUFCMEFIUUFjQUJ6QURvQUx3QXZBRzBBWVFCd0FITUFMZ0JuQUc4QWJ3Qm5BR3dBWlFCaEFIQUFhUUJ6QUM0QVl3QnZBRzBBT2dBMEFEUUFNd0F2QUcwQVlRQndBSE1BTFFCaEFIQUFhUUF0QUhZQU13QXZBR0VBY0FCcEFDOEFhZ0J6QUM4QU1nQXlBQzhBTVFBMUFDOEFkUUIwQUdrQWJBQXVBR29BY3dBaUFDd0FJZ0IwQUNJQU9nQWlBSElBWlFCekFHOEFkUUJ5QUdNQVpRQWlBSDBBTEFCN0FDSUFiZ0FpQURvQUlnQnpBR01BY2dCcEFIQUFkQUFpQUN3QUlnQnpBQ0lBT2dBeEFEa0FOQUF6QURrQUxBQWlBR1VBSWdBNkFERUFPUUEwQURNQU9RQXNBQ0lBYndBaUFEb0FJZ0JvQUhRQWRBQndBSE1BT2dBdkFDOEFiUUJoQUhBQWN3QXVBR2NBYndCdkFHY0FiQUJsQUdFQWNBQnBBSE1BTGdCakFHOEFiUUE2QURRQU5BQXpBQzhBYlFCaEFIQUFjd0F0QUdFQWNBQnBBQzBBZGdBekFDOEFZUUJ3QUdrQUx3QnFBSE1BTHdBeUFESUFMd0F4QURVQUx3QnpBSFFBWVFCMEFITUFMZ0JxQUhNQUlnQXNBQ0lBZEFBaUFEb0FJZ0J5QUdVQWN3QnZBSFVBY2dCakFHVUFJZ0I5QUYwQWZRQT08L1N0cmluZ0h0dHBCb2R5Pg0KICAgIDwvUmVxdWVzdD4NCiAgICA8UmVxdWVzdCBNZXRob2Q9IkdFVCIgR3VpZD0iNjEyOTI5OTktZTZhZS00YzI3LTlhMWItMTJhYTdkZjg3Mjg4IiBWZXJzaW9uPSIxLjEiIFVybD0iaHR0cHM6Ly9tYXBzLmdvb2dsZWFwaXMuY29tL21hcHMvYXBpL2pzL0F1dGhlbnRpY2F0aW9uU2VydmljZS5BdXRoZW50aWNhdGUiIFRoaW5rVGltZT0iOSIgVGltZW91dD0iMzAwIiBQYXJzZURlcGVuZGVudFJlcXVlc3RzPSJUcnVlIiBGb2xsb3dSZWRpcmVjdHM9IlRydWUiIFJlY29yZFJlc3VsdD0iVHJ1ZSIgQ2FjaGU9IkZhbHNlIiBSZXNwb25zZVRpbWVHb2FsPSIwIiBFbmNvZGluZz0idXRmLTgiIEV4cGVjdGVkSHR0cFN0YXR1c0NvZGU9IjAiIEV4cGVjdGVkUmVzcG9uc2VVcmw9IiIgUmVwb3J0aW5nTmFtZT0iIiBJZ25vcmVIdHRwU3RhdHVzQ29kZT0iRmFsc2UiPg0KICAgICAgPEhlYWRlcnM+DQogICAgICAgIDxIZWFkZXIgTmFtZT0iUmVmZXJlciIgVmFsdWU9Imh0dHBzOi8vc3RhZ2luZ3ByZWRpY3Q1LmluZmx1ZW5jZWhlYWx0aC5jb20vdW5pdmVyc2l0eWNvbG9yYWRvL3Nlc3Npb24vbG9naW4iIC8+DQogICAgICA8L0hlYWRlcnM+DQogICAgICA8UXVlcnlTdHJpbmdQYXJhbWV0ZXJzPg0KICAgICAgICA8UXVlcnlTdHJpbmdQYXJhbWV0ZXIgTmFtZT0iIiBWYWx1ZT0iMXNodHRwcyUzQSUyRiUyRnN0YWdpbmdwcmVkaWN0NS5pbmZsdWVuY2VoZWFsdGguY29tJTJGdW5pdmVyc2l0eWNvbG9yYWRvJTJGc2Vzc2lvbiUyRmxvZ2luIiBSZWNvcmRlZFZhbHVlPSIxc2h0dHBzJTNBJTJGJTJGc3RhZ2luZ3ByZWRpY3Q1LmluZmx1ZW5jZWhlYWx0aC5jb20lMkZ1bml2ZXJzaXR5Y29sb3JhZG8lMkZzZXNzaW9uJTJGbG9naW4iIENvcnJlbGF0aW9uQmluZGluZz0iIiBVcmxFbmNvZGU9IkZhbHNlIiBVc2VUb0dyb3VwUmVzdWx0cz0iRmFsc2UiIC8+DQogICAgICAgIDxRdWVyeVN0cmluZ1BhcmFtZXRlciBOYW1lPSIiIFZhbHVlPSI0c0FJemFTeUJCaUZqSC1OUW1LQXFoZkZqLUlQY1I3VUxYQnMwRmtiQSIgUmVjb3JkZWRWYWx1ZT0iNHNBSXphU3lCQmlGakgtTlFtS0FxaGZGai1JUGNSN1VMWEJzMEZrYkEiIENvcnJlbGF0aW9uQmluZGluZz0iIiBVcmxFbmNvZGU9IkZhbHNlIiBVc2VUb0dyb3VwUmVzdWx0cz0iRmFsc2UiIC8+DQogICAgICAgIDxRdWVyeVN0cmluZ1BhcmFtZXRlciBOYW1lPSJjYWxsYmFjayIgVmFsdWU9Il94ZGNfLl95ZDNlaHIiIFJlY29yZGVkVmFsdWU9Il94ZGNfLl95ZDNlaHIiIENvcnJlbGF0aW9uQmluZGluZz0iIiBVcmxFbmNvZGU9IkZhbHNlIiBVc2VUb0dyb3VwUmVzdWx0cz0iRmFsc2UiIC8+DQogICAgICAgIDxRdWVyeVN0cmluZ1BhcmFtZXRlciBOYW1lPSJ0b2tlbiIgVmFsdWU9IjEwODc2OCIgUmVjb3JkZWRWYWx1ZT0iMTA4NzY4IiBDb3JyZWxhdGlvbkJpbmRpbmc9IiIgVXJsRW5jb2RlPSJGYWxzZSIgVXNlVG9Hcm91cFJlc3VsdHM9IkZhbHNlIiAvPg0KICAgICAgPC9RdWVyeVN0cmluZ1BhcmFtZXRlcnM+DQogICAgPC9SZXF1ZXN0Pg0KICAgIDxDb21tZW50IENvbW1lbnRUZXh0PSJMb2dpbiIgLz4NCiAgICA8UmVxdWVzdCBNZXRob2Q9IlBPU1QiIEd1aWQ9IjU0MzUyOGM0LTY3MzAtNGE0NS1iNzY2LWM3ZTg2YzEwYWVkYyIgVmVyc2lvbj0iMS4xIiBVcmw9Imh0dHBzOi8vYmFtLm5yLWRhdGEubmV0L3Jlc291cmNlcy8xL2U0ZjYzZGE2MzciIFRoaW5rVGltZT0iNCIgVGltZW91dD0iMzAwIiBQYXJzZURlcGVuZGVudFJlcXVlc3RzPSJUcnVlIiBGb2xsb3dSZWRpcmVjdHM9IlRydWUiIFJlY29yZFJlc3VsdD0iVHJ1ZSIgQ2FjaGU9IkZhbHNlIiBSZXNwb25zZVRpbWVHb2FsPSIwIiBFbmNvZGluZz0idXRmLTgiIEV4cGVjdGVkSHR0cFN0YXR1c0NvZGU9IjAiIEV4cGVjdGVkUmVzcG9uc2VVcmw9IiIgUmVwb3J0aW5nTmFtZT0iIiBJZ25vcmVIdHRwU3RhdHVzQ29kZT0iRmFsc2UiPg0KICAgICAgPEhlYWRlcnM+DQogICAgICAgIDxIZWFkZXIgTmFtZT0iUmVmZXJlciIgVmFsdWU9Imh0dHBzOi8vc3RhZ2luZ3ByZWRpY3Q1LmluZmx1ZW5jZWhlYWx0aC5jb20vdW5pdmVyc2l0eWNvbG9yYWRvL3Nlc3Npb24vbG9naW4iIC8+DQogICAgICA8L0hlYWRlcnM+DQogICAgICA8UXVlcnlTdHJpbmdQYXJhbWV0ZXJzPg0KICAgICAgICA8UXVlcnlTdHJpbmdQYXJhbWV0ZXIgTmFtZT0iYSIgVmFsdWU9IjEyMzQ2Njg4IiBSZWNvcmRlZFZhbHVlPSIxMjM0NjY4OCIgQ29ycmVsYXRpb25CaW5kaW5nPSIiIFVybEVuY29kZT0iRmFsc2UiIFVzZVRvR3JvdXBSZXN1bHRzPSJGYWxzZSIgLz4NCiAgICAgICAgPFF1ZXJ5U3RyaW5nUGFyYW1ldGVyIE5hbWU9InYiIFZhbHVlPSI4NTIuYTM2ZjBmZCIgUmVjb3JkZWRWYWx1ZT0iODUyLmEzNmYwZmQiIENvcnJlbGF0aW9uQmluZGluZz0iIiBVcmxFbmNvZGU9IkZhbHNlIiBVc2VUb0dyb3VwUmVzdWx0cz0iRmFsc2UiIC8+DQogICAgICAgIDxRdWVyeVN0cmluZ1BhcmFtZXRlciBOYW1lPSJ0byIgVmFsdWU9Ik1nWUFOMFFIREJGWVZVRmJYd3RNSnh0R0ZBY1JTbHhHSFhjZ04wMU1IQSUzRCUzRCIgUmVjb3JkZWRWYWx1ZT0iTWdZQU4wUUhEQkZZVlVGYlh3dE1KeHRHRkFjUlNseEdIWGNnTjAxTUhBJTNEJTNEIiBDb3JyZWxhdGlvbkJpbmRpbmc9IiIgVXJsRW5jb2RlPSJGYWxzZSIgVXNlVG9Hcm91cFJlc3VsdHM9IkZhbHNlIiAvPg0KICAgICAgICA8UXVlcnlTdHJpbmdQYXJhbWV0ZXIgTmFtZT0ic3QiIFZhbHVlPSIxNDU2MTM2ODc4MjczIiBSZWNvcmRlZFZhbHVlPSIxNDU2MTM2ODc4MjczIiBDb3JyZWxhdGlvbkJpbmRpbmc9IiIgVXJsRW5jb2RlPSJGYWxzZSIgVXNlVG9Hcm91cFJlc3VsdHM9IkZhbHNlIiAvPg0KICAgICAgICA8UXVlcnlTdHJpbmdQYXJhbWV0ZXIgTmFtZT0icHRpZCIgVmFsdWU9IjQ4YzFjODk2LTNjYmMtYjc0Ny1jYWY4LTAxNTMwODg1OGRlZiIgUmVjb3JkZWRWYWx1ZT0iNDhjMWM4OTYtM2NiYy1iNzQ3LWNhZjgtMDE1MzA4ODU4ZGVmIiBDb3JyZWxhdGlvbkJpbmRpbmc9IiIgVXJsRW5jb2RlPSJGYWxzZSIgVXNlVG9Hcm91cFJlc3VsdHM9IkZhbHNlIiAvPg0KICAgICAgPC9RdWVyeVN0cmluZ1BhcmFtZXRlcnM+DQogICAgICA8U3RyaW5nSHR0cEJvZHkgQ29udGVudFR5cGU9InRleHQvcGxhaW47Y2hhcnNldD1VVEYtOCIgSW5zZXJ0Qnl0ZU9yZGVyTWFyaz0iRmFsc2UiPmV3QWlBSElBWlFCekFDSUFPZ0JiQUhzQUlnQnVBQ0lBT2dBaUFISUFaUUJoQUdRQWVRQnpBSFFBWVFCMEFHVUFZd0JvQUdFQWJnQm5BR1VBSWdBc0FDSUFjd0FpQURvQU1RQTVBRFVBTVFBd0FDd0FJZ0JsQUNJQU9nQXhBRGtBTlFBeEFEQUFMQUFpQUc4QUlnQTZBQ0lBZFFCdUFHUUFaUUJtQUdrQWJnQmxBR1FBSUFCUUFFOEFVd0JVQURvQUlBQmlBR0VBYlFBdUFHNEFjZ0F0QUdRQVlRQjBBR0VBTGdCdUFHVUFkQUE2QURRQU5BQXpBQzhBY2dCbEFITUFid0IxQUhJQVl3QmxBSE1BTHdBeEFDOEFaUUEwQUdZQU5nQXpBR1FBWVFBMkFETUFOd0FpQUN3QUlnQjBBQ0lBT2dBaUFHVUFkZ0JsQUc0QWRBQWlBSDBBTEFCN0FDSUFiZ0FpQURvQUlnQnlBR1VBWVFCa0FIa0Fjd0IwQUdFQWRBQmxBR01BYUFCaEFHNEFad0JsQUNJQUxBQWlBSE1BSWdBNkFERUFPUUExQURFQU1nQXNBQ0lBWlFBaUFEb0FNUUE1QURVQU1RQXlBQ3dBSWdCdkFDSUFPZ0FpQUhVQWJnQmtBR1VBWmdCcEFHNEFaUUJrQUNBQVVBQlBBRk1BVkFBNkFDQUFZZ0JoQUcwQUxnQnVBSElBTFFCa0FHRUFkQUJoQUM0QWJnQmxBSFFBT2dBMEFEUUFNd0F2QUhJQVpRQnpBRzhBZFFCeUFHTUFaUUJ6QUM4QU1RQXZBR1VBTkFCbUFEWUFNd0JrQUdFQU5nQXpBRGNBSWdBc0FDSUFkQUFpQURvQUlnQmxBSFlBWlFCdUFIUUFJZ0I5QUN3QWV3QWlBRzRBSWdBNkFDSUFjZ0JsQUdFQVpBQjVBSE1BZEFCaEFIUUFaUUJqQUdnQVlRQnVBR2NBWlFBaUFDd0FJZ0J6QUNJQU9nQXlBRElBT1FBekFEVUFMQUFpQUdVQUlnQTZBRElBTWdBNUFETUFOUUFzQUNJQWJ3QWlBRG9BSWdCMUFHNEFaQUJsQUdZQWFRQnVBR1VBWkFBZ0FGQUFUd0JUQUZRQU9nQWdBR0lBWVFCdEFDNEFiZ0J5QUMwQVpBQmhBSFFBWVFBdUFHNEFaUUIwQURvQU5BQTBBRE1BTHdCeUFHVUFjd0J2QUhVQWNnQmpBR1VBY3dBdkFERUFMd0JsQURRQVpnQTJBRE1BWkFCaEFEWUFNd0EzQUNJQUxBQWlBSFFBSWdBNkFDSUFaUUIyQUdVQWJnQjBBQ0lBZlFBc0FIc0FJZ0J1QUNJQU9nQWlBSElBWlFCaEFHUUFlUUJ6QUhRQVlRQjBBR1VBWXdCb0FHRUFiZ0JuQUdVQUlnQXNBQ0lBY3dBaUFEb0FNZ0F5QURrQU13QTJBQ3dBSWdCbEFDSUFPZ0F5QURJQU9RQXpBRFlBTEFBaUFHOEFJZ0E2QUNJQWRRQnVBR1FBWlFCbUFHa0FiZ0JsQUdRQUlBQlFBRThBVXdCVUFEb0FJQUJpQUdFQWJRQXVBRzRBY2dBdEFHUUFZUUIwQUdFQUxnQnVBR1VBZEFBNkFEUUFOQUF6QUM4QWNnQmxBSE1BYndCMUFISUFZd0JsQUhNQUx3QXhBQzhBWlFBMEFHWUFOZ0F6QUdRQVlRQTJBRE1BTndBaUFDd0FJZ0IwQUNJQU9nQWlBR1VBZGdCbEFHNEFkQUFpQUgwQUxBQjdBQ0lBYmdBaUFEb0FJZ0J5QUdVQVlRQmtBSGtBY3dCMEFHRUFkQUJsQUdNQWFBQmhBRzRBWndCbEFDSUFMQUFpQUhNQUlnQTZBRElBTWdBNUFETUFOZ0FzQUNJQVpRQWlBRG9BTWdBeUFEa0FNd0EyQUN3QUlnQnZBQ0lBT2dBaUFIVUFiZ0JrQUdVQVpnQnBBRzRBWlFCa0FDQUFVQUJQQUZNQVZBQTZBQ0FBWWdCaEFHMEFMZ0J1QUhJQUxRQmtBR0VBZEFCaEFDNEFiZ0JsQUhRQU9nQTBBRFFBTXdBdkFISUFaUUJ6QUc4QWRRQnlBR01BWlFCekFDOEFNUUF2QUdVQU5BQm1BRFlBTXdCa0FHRUFOZ0F6QURjQUlnQXNBQ0lBZEFBaUFEb0FJZ0JsQUhZQVpRQnVBSFFBSWdCOUFDd0Fld0FpQUc0QUlnQTZBQ0lBY3dCbEFIUUFWQUJwQUcwQVpRQnZBSFVBZEFBaUFDd0FJZ0J6QUNJQU9nQXhBRGtBTkFBMEFERUFMQUFpQUdVQUlnQTZBRElBTUFBMUFEWUFPQUFzQUNJQWJ3QWlBRG9BSWdCM0FHa0FiZ0JrQUc4QWR3QWlBQ3dBSWdCMEFDSUFPZ0FpQUhRQWFRQnRBR1VBY2dBaUFIMEFMQUI3QUNJQWJnQWlBRG9BSWdCekFHVUFkQUJVQUdrQWJRQmxBRzhBZFFCMEFDSUFMQUFpQUhNQUlnQTZBRElBTWdBMkFERUFOZ0FzQUNJQVpRQWlBRG9BTWdBeUFEWUFNUUEyQUN3QUlnQnZBQ0lBT2dBaUFIY0FhUUJ1QUdRQWJ3QjNBQ0lBTEFBaUFIUUFJZ0E2QUNJQWRBQnBBRzBBWlFCeUFDSUFmUUFzQUhzQUlnQnVBQ0lBT2dBaUFITUFaUUIwQUZRQWFRQnRBR1VBYndCMUFIUUFJZ0FzQUNJQWN3QWlBRG9BTWdBeUFEWUFNUUEyQUN3QUlnQmxBQ0lBT2dBeUFESUFOZ0F4QURrQUxBQWlBRzhBSWdBNkFDSUFkd0JwQUc0QVpBQnZBSGNBSWdBc0FDSUFkQUFpQURvQUlnQjBBR2tBYlFCbEFISUFJZ0I5QUN3QWV3QWlBRzRBSWdBNkFDSUFaZ0J2QUdNQWRRQnpBR2tBYmdBaUFDd0FJZ0J6QUNJQU9nQXlBRElBT1FBeEFETUFMQUFpQUdVQUlnQTZBRElBTWdBNUFERUFOd0FzQUNJQWJ3QWlBRG9BSWdCcEFHNEFjQUIxQUhRQUl3QnBBR1FBWHdCd0FHRUFjd0J6QUM0QVpnQnZBSElBYlFBdEFHTUFid0J1QUhRQWNnQnZBR3dBTGdCdUFHY0FMUUJwQUc0QWRnQmhBR3dBYVFCa0FDNEFiZ0JuQUMwQWFRQnVBSFlBWVFCc0FHa0FaQUF0QUhJQVpRQnhBSFVBYVFCeUFHVUFaQUF1QUc0QVp3QXRBR1FBYVFCeUFIUUFlUUFpQUN3QUlnQjBBQ0lBT2dBaUFHVUFkZ0JsQUc0QWRBQWlBSDBBTEFCN0FDSUFiZ0FpQURvQUlnQm1BRzhBWXdCMUFITUFhUUJ1QUNJQUxBQWlBSE1BSWdBNkFETUFOZ0EzQURNQU13QXNBQ0lBWlFBaUFEb0FNd0EyQURjQU13QTFBQ3dBSWdCdkFDSUFPZ0FpQUdrQWJnQndBSFVBZEFBakFHa0FaQUJmQUhBQVlRQnpBSE1BTGdCbUFHOEFjZ0J0QUMwQVl3QnZBRzRBZEFCeUFHOEFiQUF1QUc0QVp3QXRBR1FBYVFCeUFIUUFlUUF1QUc0QVp3QXRBR2tBYmdCMkFHRUFiQUJwQUdRQUxnQnVBR2NBTFFCcEFHNEFkZ0JoQUd3QWFRQmtBQzBBY2dCbEFIRUFkUUJwQUhJQVpRQmtBQ0lBTEFBaUFIUUFJZ0E2QUNJQVpRQjJBR1VBYmdCMEFDSUFmUUFzQUhzQUlnQnVBQ0lBT2dBaUFFRUFhZ0JoQUhnQUlnQXNBQ0lBY3dBaUFEb0FNUUE1QURVQU1RQXhBQ3dBSWdCbEFDSUFPZ0F5QURJQU9RQXpBRFlBTEFBaUFHOEFJZ0E2QUNJQU1nQXdBREFBSUFCUUFFOEFVd0JVQURvQUlBQmlBR0VBYlFBdUFHNEFjZ0F0QUdRQVlRQjBBR0VBTGdCdUFHVUFkQUE2QURRQU5BQXpBQzhBY2dCbEFITUFid0IxQUhJQVl3QmxBSE1BTHdBeEFDOEFaUUEwQUdZQU5nQXpBR1FBWVFBMkFETUFOd0FpQUN3QUlnQjBBQ0lBT2dBaUFHRUFhZ0JoQUhnQUlnQjlBQ3dBZXdBaUFHNEFJZ0E2QUNJQVpnQnZBR01BZFFCekFDSUFMQUFpQUhNQUlnQTZBRElBTWdBNUFETUFOd0FzQUNJQVpRQWlBRG9BTWdBeUFEa0FNd0EzQUN3QUlnQnZBQ0lBT2dBaUFIY0FhUUJ1QUdRQWJ3QjNBQ0lBTEFBaUFIUUFJZ0E2QUNJQVpRQjJBR1VBYmdCMEFDSUFmUUFzQUhzQUlnQnVBQ0lBT2dBaUFHWUFid0JqQUhVQWN3QWlBQ3dBSWdCekFDSUFPZ0F6QURZQU53QTFBRElBTEFBaUFHVUFJZ0E2QURNQU5nQTNBRFVBTXdBc0FDSUFid0FpQURvQUlnQjNBR2tBYmdCa0FHOEFkd0FpQUN3QUlnQjBBQ0lBT2dBaUFHVUFkZ0JsQUc0QWRBQWlBSDBBTEFCN0FDSUFiZ0FpQURvQUlnQnRBRzhBZFFCekFHa0FiZ0JuQUNJQUxBQWlBSE1BSWdBNkFESUFNZ0E1QURRQU1RQXNBQ0lBWlFBaUFEb0FNZ0F5QURrQU5BQXlBQ3dBSWdCdkFDSUFPZ0FpQUdrQWJnQndBSFVBZEFBakFHa0FaQUJmQUhBQVlRQnpBSE1BTGdCbUFHOEFjZ0J0QUMwQVl3QnZBRzRBZEFCeUFHOEFiQUF1QUc0QVp3QXRBR2tBYmdCMkFHRUFiQUJwQUdRQUxnQnVBR2NBTFFCcEFHNEFkZ0JoQUd3QWFRQmtBQzBBY2dCbEFIRUFkUUJwQUhJQVpRQmtBQzRBYmdCbkFDMEFaQUJwQUhJQWRBQjVBQ0lBTEFBaUFIUUFJZ0E2QUNJQVpRQjJBR1VBYmdCMEFDSUFmUUFzQUhzQUlnQnVBQ0lBT2dBaUFHMEFid0IxQUhNQWFRQnVBR2NBSWdBc0FDSUFjd0FpQURvQU1nQTFBRElBTlFBeUFDd0FJZ0JsQUNJQU9nQXlBRFVBTWdBMUFETUFMQUFpQUc4QUlnQTZBQ0lBYVFCdUFIQUFkUUIwQUNNQWFRQmtBRjhBY0FCaEFITUFjd0F1QUdZQWJ3QnlBRzBBTFFCakFHOEFiZ0IwQUhJQWJ3QnNBQzRBYmdCbkFDMEFaQUJwQUhJQWRBQjVBQzRBYmdCbkFDMEFhUUJ1QUhZQVlRQnNBR2tBWkFBdUFHNEFad0F0QUdrQWJnQjJBR0VBYkFCcEFHUUFMUUJ5QUdVQWNRQjFBR2tBY2dCbEFHUUFJZ0FzQUNJQWRBQWlBRG9BSWdCbEFIWUFaUUJ1QUhRQUlnQjlBQ3dBZXdBaUFHNEFJZ0E2QUNJQWJRQnZBSFVBY3dCcEFHNEFad0FpQUN3QUlnQnpBQ0lBT2dBekFEY0FOd0EyQURjQUxBQWlBR1VBSWdBNkFETUFPQUF4QURNQU13QXNBQ0lBYndBaUFEb0FJZ0JwQUc0QWNBQjFBSFFBSXdCcEFHUUFYd0J3QUdFQWN3QnpBQzRBWmdCdkFISUFiUUF0QUdNQWJ3QnVBSFFBY2dCdkFHd0FMZ0J1QUdjQUxRQmtBR2tBY2dCMEFIa0FMZ0J1QUdjQUxRQnBBRzRBZGdCaEFHd0FhUUJrQUM0QWJnQm5BQzBBYVFCdUFIWUFZUUJzQUdrQVpBQXRBSElBWlFCeEFIVUFhUUJ5QUdVQVpBQWlBQ3dBSWdCMEFDSUFPZ0FpQUdVQWRnQmxBRzRBZEFBaUFIMEFMQUI3QUNJQWJnQWlBRG9BSWdCdEFHOEFkUUJ6QUdrQWJnQm5BQ0lBTEFBaUFITUFJZ0E2QURNQU53QTFBRE1BTUFBc0FDSUFaUUFpQURvQU13QTNBRFlBTlFBNEFDd0FJZ0J2QUNJQU9nQWlBR1lBYndCeUFHMEFMZ0J1QUdjQUxRQmtBR2tBY2dCMEFIa0FMZ0J1QUdjQUxRQnBBRzRBZGdCaEFHd0FhUUJrQUM0QWJnQm5BQzBBYVFCdUFIWUFZUUJzQUdrQVpBQXRBSElBWlFCeEFIVUFhUUJ5QUdVQVpBQWlBQ3dBSWdCMEFDSUFPZ0FpQUdVQWRnQmxBRzRBZEFBaUFIMEFMQUI3QUNJQWJnQWlBRG9BSWdCMEFIa0FjQUJwQUc0QVp3QWlBQ3dBSWdCekFDSUFPZ0F5QURNQU1nQXpBRE1BTEFBaUFHVUFJZ0E2QURJQU13QXpBRGNBTndBc0FDSUFid0FpQURvQUlnQnBBRzRBY0FCMUFIUUFJd0JwQUdRQVh3QndBR0VBY3dCekFDNEFaZ0J2QUhJQWJRQXRBR01BYndCdUFIUUFjZ0J2QUd3QUxnQnVBR2NBTFFCcEFHNEFkZ0JoQUd3QWFRQmtBQzRBYmdCbkFDMEFhUUJ1QUhZQVlRQnNBR2tBWkFBdEFISUFaUUJ4QUhVQWFRQnlBR1VBWkFBdUFHNEFad0F0QUdRQWFRQnlBSFFBZVFBaUFDd0FJZ0IwQUNJQU9nQWlBR1VBZGdCbEFHNEFkQUFpQUgwQUxBQjdBQ0lBYmdBaUFEb0FJZ0IwQUhrQWNBQnBBRzRBWndBaUFDd0FJZ0J6QUNJQU9nQXlBRFVBTUFBekFEVUFMQUFpQUdVQUlnQTZBRElBTlFBd0FETUFPQUFzQUNJQWJ3QWlBRG9BSWdCcEFHNEFjQUIxQUhRQUl3QnBBR1FBWHdCd0FHRUFjd0J6QUM0QVpnQnZBSElBYlFBdEFHTUFid0J1QUhRQWNnQnZBR3dBTGdCdUFHY0FMUUJrQUdrQWNnQjBBSGtBTGdCdUFHY0FMUUIyQUdFQWJBQnBBR1FBTGdCdUFHY0FMUUIyQUdFQWJBQnBBR1FBTFFCeUFHVUFjUUIxQUdrQWNnQmxBR1FBSWdBc0FDSUFkQUFpQURvQUlnQmxBSFlBWlFCdUFIUUFJZ0I5QUN3QWV3QWlBRzRBSWdBNkFDSUFkQUI1QUhBQWFRQnVBR2NBSWdBc0FDSUFjd0FpQURvQU13QTVBRElBTndBMUFDd0FJZ0JsQUNJQU9nQTBBREFBTXdBNEFETUFMQUFpQUc4QUlnQTZBQ0lBYVFCdUFIQUFkUUIwQUNNQWFRQmtBRjhBY0FCaEFITUFjd0F1QUdZQWJ3QnlBRzBBTFFCakFHOEFiZ0IwQUhJQWJ3QnNBQzRBYmdCbkFDMEFaQUJwQUhJQWRBQjVBQzRBYmdCbkFDMEFkZ0JoQUd3QWFRQmtBQzRBYmdCbkFDMEFkZ0JoQUd3QWFRQmtBQzBBY2dCbEFIRUFkUUJwQUhJQVpRQmtBQ0lBTEFBaUFIUUFJZ0E2QUNJQVpRQjJBR1VBYmdCMEFDSUFmUUFzQUhzQUlnQnVBQ0lBT2dBaUFIUUFlUUJ3QUdrQWJnQm5BQ0lBTEFBaUFITUFJZ0E2QURNQU9BQTJBRFlBTndBc0FDSUFaUUFpQURvQU13QTRBRGNBT0FBMEFDd0FJZ0J2QUNJQU9nQWlBR2tBYmdCd0FIVUFkQUFqQUdrQVpBQmZBSEFBWVFCekFITUFMZ0JtQUc4QWNnQnRBQzBBWXdCdkFHNEFkQUJ5QUc4QWJBQXVBRzRBWndBdEFHUUFhUUJ5QUhRQWVRQXVBRzRBWndBdEFHa0FiZ0IyQUdFQWJBQnBBR1FBTGdCdUFHY0FMUUJwQUc0QWRnQmhBR3dBYVFCa0FDMEFjZ0JsQUhFQWRRQnBBSElBWlFCa0FDSUFMQUFpQUhRQUlnQTZBQ0lBWlFCMkFHVUFiZ0IwQUNJQWZRQXNBSHNBSWdCdUFDSUFPZ0FpQUdrQWJnQndBSFVBZEFBaUFDd0FJZ0J6QUNJQU9nQXlBRE1BTXdBM0FEY0FMQUFpQUdVQUlnQTZBRElBTXdBekFEZ0FNd0FzQUNJQWJ3QWlBRG9BSWdCcEFHNEFjQUIxQUhRQUl3QnBBR1FBWHdCd0FHRUFjd0J6QUM0QVpnQnZBSElBYlFBdEFHTUFid0J1QUhRQWNnQnZBR3dBTGdCdUFHY0FMUUJrQUdrQWNnQjBBSGtBTGdCdUFHY0FMUUIyQUdFQWJBQnBBR1FBTGdCdUFHY0FMUUIyQUdFQWJBQnBBR1FBTFFCeUFHVUFjUUIxQUdrQWNnQmxBR1FBSWdBc0FDSUFkQUFpQURvQUlnQmxBSFlBWlFCdUFIUUFJZ0I5QUN3QWV3QWlBRzRBSWdBNkFDSUFhUUJ1QUhBQWRRQjBBQ0lBTEFBaUFITUFJZ0E2QURJQU5RQXdBRFFBTVFBc0FDSUFaUUFpQURvQU1nQTFBREFBTkFBMkFDd0FJZ0J2QUNJQU9nQWlBR2tBYmdCd0FIVUFkQUFqQUdrQVpBQmZBSEFBWVFCekFITUFMZ0JtQUc4QWNnQnRBQzBBWXdCdkFHNEFkQUJ5QUc4QWJBQXVBRzRBWndBdEFHUUFhUUJ5QUhRQWVRQXVBRzRBWndBdEFHa0FiZ0IyQUdFQWJBQnBBR1FBTGdCdUFHY0FMUUJwQUc0QWRnQmhBR3dBYVFCa0FDMEFjZ0JsQUhFQWRRQnBBSElBWlFCa0FDSUFMQUFpQUhRQUlnQTZBQ0lBWlFCMkFHVUFiZ0IwQUNJQWZRQXNBSHNBSWdCdUFDSUFPZ0FpQUdrQWJnQndBSFVBZEFBaUFDd0FJZ0J6QUNJQU9nQXpBRGdBTndBNEFEVUFMQUFpQUdVQUlnQTZBRE1BT0FBM0FEa0FNQUFzQUNJQWJ3QWlBRG9BSWdCcEFHNEFjQUIxQUhRQUl3QnBBR1FBWHdCd0FHRUFjd0J6QUM0QVpnQnZBSElBYlFBdEFHTUFid0J1QUhRQWNnQnZBR3dBTGdCdUFHY0FMUUJrQUdrQWNnQjBBSGtBTGdCdUFHY0FMUUIyQUdFQWJBQnBBR1FBTGdCdUFHY0FMUUIyQUdFQWJBQnBBR1FBTFFCeUFHVUFjUUIxQUdrQWNnQmxBR1FBSWdBc0FDSUFkQUFpQURvQUlnQmxBSFlBWlFCdUFIUUFJZ0I5QUN3QWV3QWlBRzRBSWdBNkFDSUFhUUJ1QUhBQWRRQjBBQ0lBTEFBaUFITUFJZ0E2QURNQU9RQXlBRGdBTVFBc0FDSUFaUUFpQURvQU13QTVBRElBT0FBeUFDd0FJZ0J2QUNJQU9nQWlBR2tBYmdCd0FIVUFkQUFqQUdrQVpBQmZBSEFBWVFCekFITUFMZ0JtQUc4QWNnQnRBQzBBWXdCdkFHNEFkQUJ5QUc4QWJBQXVBRzRBWndBdEFHUUFhUUJ5QUhRQWVRQXVBRzRBWndBdEFIWUFZUUJzQUdrQVpBQXVBRzRBWndBdEFIWUFZUUJzQUdrQVpBQXRBSElBWlFCeEFIVUFhUUJ5QUdVQVpBQWlBQ3dBSWdCMEFDSUFPZ0FpQUdVQWRnQmxBRzRBZEFBaUFIMEFMQUI3QUNJQWJnQWlBRG9BSWdCcEFHNEFjQUIxQUhRQUlnQXNBQ0lBY3dBaUFEb0FOQUF3QURBQU5RQTVBQ3dBSWdCbEFDSUFPZ0EwQURBQU1BQTJBREFBTEFBaUFHOEFJZ0E2QUNJQWFRQnVBSEFBZFFCMEFDTUFhUUJrQUY4QWNBQmhBSE1BY3dBdUFHWUFid0J5QUcwQUxRQmpBRzhBYmdCMEFISUFid0JzQUM0QWJnQm5BQzBBWkFCcEFISUFkQUI1QUM0QWJnQm5BQzBBZGdCaEFHd0FhUUJrQUM0QWJnQm5BQzBBZGdCaEFHd0FhUUJrQUMwQWNnQmxBSEVBZFFCcEFISUFaUUJrQUNJQUxBQWlBSFFBSWdBNkFDSUFaUUIyQUdVQWJnQjBBQ0lBZlFBc0FIc0FJZ0J1QUNJQU9nQWlBR2tBYmdCd0FIVUFkQUFpQUN3QUlnQnpBQ0lBT2dBMEFEQUFNQUEyQURZQUxBQWlBR1VBSWdBNkFEUUFNQUF3QURZQU53QXNBQ0lBYndBaUFEb0FJZ0JwQUc0QWNBQjFBSFFBSXdCcEFHUUFYd0J3QUdFQWN3QnpBQzRBWmdCdkFISUFiUUF0QUdNQWJ3QnVBSFFBY2dCdkFHd0FMZ0J1QUdjQUxRQmtBR2tBY2dCMEFIa0FMZ0J1QUdjQUxRQjJBR0VBYkFCcEFHUUFMZ0J1QUdjQUxRQjJBR0VBYkFCcEFHUUFMUUJ5QUdVQWNRQjFBR2tBY2dCbEFHUUFJZ0FzQUNJQWRBQWlBRG9BSWdCbEFIWUFaUUJ1QUhRQUlnQjlBQ3dBZXdBaUFHNEFJZ0E2QUNJQWFRQnVBSEFBZFFCMEFDSUFMQUFpQUhNQUlnQTZBRFFBTUFBd0FEY0FNZ0FzQUNJQVpRQWlBRG9BTkFBd0FEQUFOd0F6QUN3QUlnQnZBQ0lBT2dBaUFHa0FiZ0J3QUhVQWRBQWpBR2tBWkFCZkFIQUFZUUJ6QUhNQUxnQm1BRzhBY2dCdEFDMEFZd0J2QUc0QWRBQnlBRzhBYkFBdUFHNEFad0F0QUdRQWFRQnlBSFFBZVFBdUFHNEFad0F0QUhZQVlRQnNBR2tBWkFBdUFHNEFad0F0QUhZQVlRQnNBR2tBWkFBdEFISUFaUUJ4QUhVQWFRQnlBR1VBWkFBaUFDd0FJZ0IwQUNJQU9nQWlBR1VBZGdCbEFHNEFkQUFpQUgwQUxBQjdBQ0lBYmdBaUFEb0FJZ0JwQUc0QWNBQjFBSFFBSWdBc0FDSUFjd0FpQURvQU5BQXdBREFBT0FBeEFDd0FJZ0JsQUNJQU9nQTBBREFBTUFBNEFERUFMQUFpQUc4QUlnQTZBQ0lBYVFCdUFIQUFkUUIwQUNNQWFRQmtBRjhBY0FCaEFITUFjd0F1QUdZQWJ3QnlBRzBBTFFCakFHOEFiZ0IwQUhJQWJ3QnNBQzRBYmdCbkFDMEFaQUJwQUhJQWRBQjVBQzRBYmdCbkFDMEFkZ0JoQUd3QWFRQmtBQzRBYmdCbkFDMEFkZ0JoQUd3QWFRQmtBQzBBY2dCbEFIRUFkUUJwQUhJQVpRQmtBQ0lBTEFBaUFIUUFJZ0E2QUNJQVpRQjJBR1VBYmdCMEFDSUFmUUFzQUhzQUlnQnVBQ0lBT2dBaUFHa0FiZ0J3QUhVQWRBQWlBQ3dBSWdCekFDSUFPZ0EwQURBQU1RQTRBRElBTEFBaUFHVUFJZ0E2QURRQU1BQXhBRGdBTXdBc0FDSUFid0FpQURvQUlnQnBBRzRBY0FCMUFIUUFJd0JwQUdRQVh3QndBR0VBY3dCekFDNEFaZ0J2QUhJQWJRQXRBR01BYndCdUFIUUFjZ0J2QUd3QUxnQnVBR2NBTFFCa0FHa0FjZ0IwQUhrQUxnQnVBR2NBTFFCMkFHRUFiQUJwQUdRQUxnQnVBR2NBTFFCMkFHRUFiQUJwQUdRQUxRQnlBR1VBY1FCMUFHa0FjZ0JsQUdRQUlnQXNBQ0lBZEFBaUFEb0FJZ0JsQUhZQVpRQnVBSFFBSWdCOUFDd0Fld0FpQUc0QUlnQTZBQ0lBYVFCdUFIQUFkUUIwQUNJQUxBQWlBSE1BSWdBNkFEUUFNQUF6QURnQU5BQXNBQ0lBWlFBaUFEb0FOQUF3QURNQU9BQTBBQ3dBSWdCdkFDSUFPZ0FpQUdrQWJnQndBSFVBZEFBakFHa0FaQUJmQUhBQVlRQnpBSE1BTGdCbUFHOEFjZ0J0QUMwQVl3QnZBRzRBZEFCeUFHOEFiQUF1QUc0QVp3QXRBR1FBYVFCeUFIUUFlUUF1QUc0QVp3QXRBSFlBWVFCc0FHa0FaQUF1QUc0QVp3QXRBSFlBWVFCc0FHa0FaQUF0QUhJQVpRQnhBSFVBYVFCeUFHVUFaQUFpQUN3QUlnQjBBQ0lBT2dBaUFHVUFkZ0JsQUc0QWRBQWlBSDBBTEFCN0FDSUFiZ0FpQURvQUlnQnpBR01BY2dCcEFIQUFkQUFpQUN3QUlnQnpBQ0lBT2dBeEFEa0FOQUF6QURrQUxBQWlBR1VBSWdBNkFERUFPUUEwQURNQU9RQXNBQ0lBYndBaUFEb0FJZ0JvQUhRQWRBQndBSE1BT2dBdkFDOEFiUUJoQUhBQWN3QXVBR2NBYndCdkFHY0FiQUJsQUdFQWNBQnBBSE1BTGdCakFHOEFiUUE2QURRQU5BQXpBQzhBYlFCaEFIQUFjd0F0QUdFQWNBQnBBQzBBZGdBekFDOEFZUUJ3QUdrQUx3QnFBSE1BTHdBeUFESUFMd0F4QURVQUx3QnpBSFFBWVFCMEFITUFMZ0JxQUhNQUlnQXNBQ0lBZEFBaUFEb0FJZ0J5QUdVQWN3QnZBSFVBY2dCakFHVUFJZ0I5QUN3QWV3QWlBRzRBSWdBNkFDSUFlQUJ0QUd3QWFBQjBBSFFBY0FCeUFHVUFjUUIxQUdVQWN3QjBBQ0lBTEFBaUFITUFJZ0E2QURJQU1nQTRBREFBT0FBc0FDSUFaUUFpQURvQU1nQXlBRGtBTVFBeUFDd0FJZ0J2QUNJQU9nQWlBR2dBZEFCMEFIQUFjd0E2QUM4QUx3QmlBR0VBYlFBdUFHNEFjZ0F0QUdRQVlRQjBBR0VBTGdCdUFHVUFkQUE2QURRQU5BQXpBQzhBY2dCbEFITUFid0IxQUhJQVl3QmxBSE1BTHdBeEFDOEFaUUEwQUdZQU5nQXpBR1FBWVFBMkFETUFOd0FpQUN3QUlnQjBBQ0lBT2dBaUFISUFaUUJ6QUc4QWRRQnlBR01BWlFBaUFIMEFYUUI5QUE9PTwvU3RyaW5nSHR0cEJvZHk+DQogICAgPC9SZXF1ZXN0Pg0KICAgIDxSZXF1ZXN0IE1ldGhvZD0iUE9TVCIgR3VpZD0iOWIwZGJmYTQtZDJkYy00ZDUyLWI1Y2UtMWFmNmRmMmNkNDgxIiBWZXJzaW9uPSIxLjEiIFVybD0iaHR0cHM6Ly9zdGFnaW5ncHJlZGljdDUuaW5mbHVlbmNlaGVhbHRoLmNvbTozMDAwL3ByZWRpY3QvdjEvY2xpZW50cy91bml2ZXJzaXR5Y29sb3JhZG8vYXV0aFRva2VuIiBUaGlua1RpbWU9IjAiIFRpbWVvdXQ9IjMwMCIgUGFyc2VEZXBlbmRlbnRSZXF1ZXN0cz0iVHJ1ZSIgRm9sbG93UmVkaXJlY3RzPSJUcnVlIiBSZWNvcmRSZXN1bHQ9IlRydWUiIENhY2hlPSJGYWxzZSIgUmVzcG9uc2VUaW1lR29hbD0iMCIgRW5jb2Rpbmc9InV0Zi04IiBFeHBlY3RlZEh0dHBTdGF0dXNDb2RlPSIwIiBFeHBlY3RlZFJlc3BvbnNlVXJsPSIiIFJlcG9ydGluZ05hbWU9IiIgSWdub3JlSHR0cFN0YXR1c0NvZGU9IkZhbHNlIj4NCiAgICAgIDxIZWFkZXJzPg0KICAgICAgICA8SGVhZGVyIE5hbWU9IkFjY2VwdCIgVmFsdWU9ImFwcGxpY2F0aW9uL2pzb24sIHRleHQvcGxhaW4sICovKiIgLz4NCiAgICAgICAgPEhlYWRlciBOYW1lPSJSZWZlcmVyIiBWYWx1ZT0iaHR0cHM6Ly9zdGFnaW5ncHJlZGljdDUuaW5mbHVlbmNlaGVhbHRoLmNvbS91bml2ZXJzaXR5Y29sb3JhZG8vc2Vzc2lvbi9sb2dpbiIgLz4NCiAgICAgIDwvSGVhZGVycz4NCiAgICAgIDxTdHJpbmdIdHRwQm9keSBDb250ZW50VHlwZT0iYXBwbGljYXRpb24vanNvbiIgSW5zZXJ0Qnl0ZU9yZGVyTWFyaz0iRmFsc2UiPmV3QWlBSElBYndCMUFIUUFaUUJRQUdFQWNnQmhBRzBBY3dBaUFEb0Fld0I5QUN3QUlnQlZBSE1BWlFCeUFHNEFZUUJ0QUdVQUlnQTZBQ0lBWVFCMUFIUUFid0J0QUdFQWRBQnBBRzhBYmdCQUFHMEFaUUJrQUhNQVpRQmxBR3NBTGdCakFHOEFiUUFpQUN3QUlnQlFBR0VBY3dCekFIY0Fid0J5QUdRQUlnQTZBQ0lBVFFCbEFHUUFjd0JsQUdVQWF3QXhBRElBTXdBMEFDSUFmUUE9PC9TdHJpbmdIdHRwQm9keT4NCiAgICA8L1JlcXVlc3Q+DQogICAgPFJlcXVlc3QgTWV0aG9kPSJHRVQiIEd1aWQ9IjE3YTk1MDk0LWZjMGEtNDRmNS04ZjI5LTVkODM0NGUzYjMxMyIgVmVyc2lvbj0iMS4xIiBVcmw9Imh0dHBzOi8vc3RhZ2luZ3ByZWRpY3Q1LmluZmx1ZW5jZWhlYWx0aC5jb20vJG1vZHVsZS9tb2R1bGVzL2FjY291bnRzIiBUaGlua1RpbWU9IjAiIFRpbWVvdXQ9IjMwMCIgUGFyc2VEZXBlbmRlbnRSZXF1ZXN0cz0iVHJ1ZSIgRm9sbG93UmVkaXJlY3RzPSJUcnVlIiBSZWNvcmRSZXN1bHQ9IlRydWUiIENhY2hlPSJGYWxzZSIgUmVzcG9uc2VUaW1lR29hbD0iMCIgRW5jb2Rpbmc9InV0Zi04IiBFeHBlY3RlZEh0dHBTdGF0dXNDb2RlPSIwIiBFeHBlY3RlZFJlc3BvbnNlVXJsPSIiIFJlcG9ydGluZ05hbWU9IiIgSWdub3JlSHR0cFN0YXR1c0NvZGU9IkZhbHNlIj4NCiAgICAgIDxIZWFkZXJzPg0KICAgICAgICA8SGVhZGVyIE5hbWU9IkFjY2VwdCIgVmFsdWU9IiovKiIgLz4NCiAgICAgICAgPEhlYWRlciBOYW1lPSJYLVJlcXVlc3RlZC1XaXRoIiBWYWx1ZT0iWE1MSHR0cFJlcXVlc3QiIC8+DQogICAgICAgIDxIZWFkZXIgTmFtZT0iUmVmZXJlciIgVmFsdWU9Imh0dHBzOi8vc3RhZ2luZ3ByZWRpY3Q1LmluZmx1ZW5jZWhlYWx0aC5jb20vdW5pdmVyc2l0eWNvbG9yYWRvL2FjY291bnRzIiAvPg0KICAgICAgPC9IZWFkZXJzPg0KICAgICAgPFF1ZXJ5U3RyaW5nUGFyYW1ldGVycz4NCiAgICAgICAgPFF1ZXJ5U3RyaW5nUGFyYW1ldGVyIE5hbWU9Il8iIFZhbHVlPSIxNDU2MTM2ODgwNjk3IiBSZWNvcmRlZFZhbHVlPSIxNDU2MTM2ODgwNjk3IiBDb3JyZWxhdGlvbkJpbmRpbmc9IiIgVXJsRW5jb2RlPSJGYWxzZSIgVXNlVG9Hcm91cFJlc3VsdHM9IkZhbHNlIiAvPg0KICAgICAgPC9RdWVyeVN0cmluZ1BhcmFtZXRlcnM+DQogICAgPC9SZXF1ZXN0Pg0KICAgIDxSZXF1ZXN0IE1ldGhvZD0iR0VUIiBHdWlkPSI2YjUwMWE4MS1jOTdhLTRiOTUtODc4MC0xZDNiZjgzMzk2YTgiIFZlcnNpb249IjEuMSIgVXJsPSJodHRwczovL3N0YWdpbmdwcmVkaWN0NS5pbmZsdWVuY2VoZWFsdGguY29tL21vZHVsZXMvYWNjb3VudHMvaW5kZXguaHRtbCIgVGhpbmtUaW1lPSIwIiBUaW1lb3V0PSIzMDAiIFBhcnNlRGVwZW5kZW50UmVxdWVzdHM9IlRydWUiIEZvbGxvd1JlZGlyZWN0cz0iVHJ1ZSIgUmVjb3JkUmVzdWx0PSJUcnVlIiBDYWNoZT0iRmFsc2UiIFJlc3BvbnNlVGltZUdvYWw9IjAiIEVuY29kaW5nPSJ1dGYtOCIgRXhwZWN0ZWRIdHRwU3RhdHVzQ29kZT0iMCIgRXhwZWN0ZWRSZXNwb25zZVVybD0iIiBSZXBvcnRpbmdOYW1lPSIiIElnbm9yZUh0dHBTdGF0dXNDb2RlPSJGYWxzZSI+DQogICAgICA8SGVhZGVycz4NCiAgICAgICAgPEhlYWRlciBOYW1lPSJBY2NlcHQiIFZhbHVlPSJ0ZXh0L2h0bWwsICovKjsgcT0wLjAxIiAvPg0KICAgICAgICA8SGVhZGVyIE5hbWU9IlgtUmVxdWVzdGVkLVdpdGgiIFZhbHVlPSJYTUxIdHRwUmVxdWVzdCIgLz4NCiAgICAgICAgPEhlYWRlciBOYW1lPSJSZWZlcmVyIiBWYWx1ZT0iaHR0cHM6Ly9zdGFnaW5ncHJlZGljdDUuaW5mbHVlbmNlaGVhbHRoLmNvbS91bml2ZXJzaXR5Y29sb3JhZG8vYWNjb3VudHMiIC8+DQogICAgICA8L0hlYWRlcnM+DQogICAgICA8UXVlcnlTdHJpbmdQYXJhbWV0ZXJzPg0KICAgICAgICA8UXVlcnlTdHJpbmdQYXJhbWV0ZXIgTmFtZT0iXyIgVmFsdWU9IjE0NTYxMzY4ODA2OTkiIFJlY29yZGVkVmFsdWU9IjE0NTYxMzY4ODA2OTkiIENvcnJlbGF0aW9uQmluZGluZz0iIiBVcmxFbmNvZGU9IkZhbHNlIiBVc2VUb0dyb3VwUmVzdWx0cz0iRmFsc2UiIC8+DQogICAgICA8L1F1ZXJ5U3RyaW5nUGFyYW1ldGVycz4NCiAgICA8L1JlcXVlc3Q+DQogICAgPFJlcXVlc3QgTWV0aG9kPSJHRVQiIEd1aWQ9IjM0Yjc2ZWI0LTllMzMtNDk0Mi04YzJlLTdmNTg4OWU0OGQ2ZCIgVmVyc2lvbj0iMS4xIiBVcmw9Imh0dHBzOi8vc3RhZ2luZ3ByZWRpY3Q1LmluZmx1ZW5jZWhlYWx0aC5jb206MzAwMC9wcmVkaWN0L3YxL2NsaWVudHMvdW5pdmVyc2l0eWNvbG9yYWRvL2xpc3RjbGllbnRzIiBUaGlua1RpbWU9IjAiIFRpbWVvdXQ9IjMwMCIgUGFyc2VEZXBlbmRlbnRSZXF1ZXN0cz0iVHJ1ZSIgRm9sbG93UmVkaXJlY3RzPSJUcnVlIiBSZWNvcmRSZXN1bHQ9IlRydWUiIENhY2hlPSJGYWxzZSIgUmVzcG9uc2VUaW1lR29hbD0iMCIgRW5jb2Rpbmc9InV0Zi04IiBFeHBlY3RlZEh0dHBTdGF0dXNDb2RlPSIwIiBFeHBlY3RlZFJlc3BvbnNlVXJsPSIiIFJlcG9ydGluZ05hbWU9IiIgSWdub3JlSHR0cFN0YXR1c0NvZGU9IkZhbHNlIj4NCiAgICAgIDxIZWFkZXJzPg0KICAgICAgICA8SGVhZGVyIE5hbWU9IkFjY2VwdCIgVmFsdWU9ImFwcGxpY2F0aW9uL2pzb24sIHRleHQvcGxhaW4sICovKiIgLz4NCiAgICAgICAgPEhlYWRlciBOYW1lPSJSZWZlcmVyIiBWYWx1ZT0iaHR0cHM6Ly9zdGFnaW5ncHJlZGljdDUuaW5mbHVlbmNlaGVhbHRoLmNvbS91bml2ZXJzaXR5Y29sb3JhZG8vYWNjb3VudHMiIC8+DQogICAgICA8L0hlYWRlcnM+DQogICAgICA8UXVlcnlTdHJpbmdQYXJhbWV0ZXJzPg0KICAgICAgICA8UXVlcnlTdHJpbmdQYXJhbWV0ZXIgTmFtZT0iSWQiIFZhbHVlPSJ1bml2ZXJzaXR5Y29sb3JhZG8iIFJlY29yZGVkVmFsdWU9InVuaXZlcnNpdHljb2xvcmFkbyIgQ29ycmVsYXRpb25CaW5kaW5nPSIiIFVybEVuY29kZT0iRmFsc2UiIFVzZVRvR3JvdXBSZXN1bHRzPSJGYWxzZSIgLz4NCiAgICAgIDwvUXVlcnlTdHJpbmdQYXJhbWV0ZXJzPg0KICAgIDwvUmVxdWVzdD4NCiAgICA8UmVxdWVzdCBNZXRob2Q9IkdFVCIgR3VpZD0iYzg1ZDM1NmUtMjAyZC00Y2ExLWE5NTgtZGM5OWZkZjgzYjE5IiBWZXJzaW9uPSIxLjEiIFVybD0iaHR0cHM6Ly9zdGFnaW5ncHJlZGljdDUuaW5mbHVlbmNlaGVhbHRoLmNvbS9tb2R1bGVzL2FjY291bnRzL3ZpZXdzL2Nob29zZS1jb250ZXh0Lmh0bWwiIFRoaW5rVGltZT0iMCIgVGltZW91dD0iMzAwIiBQYXJzZURlcGVuZGVudFJlcXVlc3RzPSJUcnVlIiBGb2xsb3dSZWRpcmVjdHM9IlRydWUiIFJlY29yZFJlc3VsdD0iVHJ1ZSIgQ2FjaGU9IkZhbHNlIiBSZXNwb25zZVRpbWVHb2FsPSIwIiBFbmNvZGluZz0idXRmLTgiIEV4cGVjdGVkSHR0cFN0YXR1c0NvZGU9IjAiIEV4cGVjdGVkUmVzcG9uc2VVcmw9IiIgUmVwb3J0aW5nTmFtZT0iIiBJZ25vcmVIdHRwU3RhdHVzQ29kZT0iRmFsc2UiPg0KICAgICAgPEhlYWRlcnM+DQogICAgICAgIDxIZWFkZXIgTmFtZT0iQWNjZXB0IiBWYWx1ZT0idGV4dC9odG1sLCAqLyo7IHE9MC4wMSIgLz4NCiAgICAgICAgPEhlYWRlciBOYW1lPSJYLVJlcXVlc3RlZC1XaXRoIiBWYWx1ZT0iWE1MSHR0cFJlcXVlc3QiIC8+DQogICAgICAgIDxIZWFkZXIgTmFtZT0iUmVmZXJlciIgVmFsdWU9Imh0dHBzOi8vc3RhZ2luZ3ByZWRpY3Q1LmluZmx1ZW5jZWhlYWx0aC5jb20vdW5pdmVyc2l0eWNvbG9yYWRvL2FjY291bnRzIiAvPg0KICAgICAgPC9IZWFkZXJzPg0KICAgICAgPFF1ZXJ5U3RyaW5nUGFyYW1ldGVycz4NCiAgICAgICAgPFF1ZXJ5U3RyaW5nUGFyYW1ldGVyIE5hbWU9Il8iIFZhbHVlPSIxNDU2MTM2ODgwNzAwIiBSZWNvcmRlZFZhbHVlPSIxNDU2MTM2ODgwNzAwIiBDb3JyZWxhdGlvbkJpbmRpbmc9IiIgVXJsRW5jb2RlPSJGYWxzZSIgVXNlVG9Hcm91cFJlc3VsdHM9IkZhbHNlIiAvPg0KICAgICAgPC9RdWVyeVN0cmluZ1BhcmFtZXRlcnM+DQogICAgPC9SZXF1ZXN0Pg0KICAgIDxSZXF1ZXN0IE1ldGhvZD0iR0VUIiBHdWlkPSIwODE5YzI1ZC00MzdmLTRiMDEtODc0ZS00OTA1MDFhY2I3OTMiIFZlcnNpb249IjEuMSIgVXJsPSJodHRwczovL3N0YWdpbmdwcmVkaWN0NS5pbmZsdWVuY2VoZWFsdGguY29tLyRtb2R1bGUvbGF5b3V0cy9iYXNlIiBUaGlua1RpbWU9IjAiIFRpbWVvdXQ9IjMwMCIgUGFyc2VEZXBlbmRlbnRSZXF1ZXN0cz0iVHJ1ZSIgRm9sbG93UmVkaXJlY3RzPSJUcnVlIiBSZWNvcmRSZXN1bHQ9IlRydWUiIENhY2hlPSJGYWxzZSIgUmVzcG9uc2VUaW1lR29hbD0iMCIgRW5jb2Rpbmc9InV0Zi04IiBFeHBlY3RlZEh0dHBTdGF0dXNDb2RlPSIwIiBFeHBlY3RlZFJlc3BvbnNlVXJsPSIiIFJlcG9ydGluZ05hbWU9IiIgSWdub3JlSHR0cFN0YXR1c0NvZGU9IkZhbHNlIj4NCiAgICAgIDxIZWFkZXJzPg0KICAgICAgICA8SGVhZGVyIE5hbWU9IkFjY2VwdCIgVmFsdWU9IiovKiIgLz4NCiAgICAgICAgPEhlYWRlciBOYW1lPSJYLVJlcXVlc3RlZC1XaXRoIiBWYWx1ZT0iWE1MSHR0cFJlcXVlc3QiIC8+DQogICAgICAgIDxIZWFkZXIgTmFtZT0iUmVmZXJlciIgVmFsdWU9Imh0dHBzOi8vc3RhZ2luZ3ByZWRpY3Q1LmluZmx1ZW5jZWhlYWx0aC5jb20vdW5pdmVyc2l0eWNvbG9yYWRvIiAvPg0KICAgICAgPC9IZWFkZXJzPg0KICAgICAgPFF1ZXJ5U3RyaW5nUGFyYW1ldGVycz4NCiAgICAgICAgPFF1ZXJ5U3RyaW5nUGFyYW1ldGVyIE5hbWU9Il8iIFZhbHVlPSIxNDU2MTM2ODgwNzAxIiBSZWNvcmRlZFZhbHVlPSIxNDU2MTM2ODgwNzAxIiBDb3JyZWxhdGlvbkJpbmRpbmc9IiIgVXJsRW5jb2RlPSJGYWxzZSIgVXNlVG9Hcm91cFJlc3VsdHM9IkZhbHNlIiAvPg0KICAgICAgPC9RdWVyeVN0cmluZ1BhcmFtZXRlcnM+DQogICAgPC9SZXF1ZXN0Pg0KICAgIDxSZXF1ZXN0IE1ldGhvZD0iR0VUIiBHdWlkPSI2OGI1NjY4OS01MDIxLTRjNDEtOGJlNC1jYWJhZjZiMTc5NGUiIFZlcnNpb249IjEuMSIgVXJsPSJodHRwczovL3N0YWdpbmdwcmVkaWN0NS5pbmZsdWVuY2VoZWFsdGguY29tL2xheW91dHMvYmFzZS9pbmRleC5odG1sIiBUaGlua1RpbWU9IjAiIFRpbWVvdXQ9IjMwMCIgUGFyc2VEZXBlbmRlbnRSZXF1ZXN0cz0iVHJ1ZSIgRm9sbG93UmVkaXJlY3RzPSJUcnVlIiBSZWNvcmRSZXN1bHQ9IlRydWUiIENhY2hlPSJGYWxzZSIgUmVzcG9uc2VUaW1lR29hbD0iMCIgRW5jb2Rpbmc9InV0Zi04IiBFeHBlY3RlZEh0dHBTdGF0dXNDb2RlPSIwIiBFeHBlY3RlZFJlc3BvbnNlVXJsPSIiIFJlcG9ydGluZ05hbWU9IiIgSWdub3JlSHR0cFN0YXR1c0NvZGU9IkZhbHNlIj4NCiAgICAgIDxIZWFkZXJzPg0KICAgICAgICA8SGVhZGVyIE5hbWU9IkFjY2VwdCIgVmFsdWU9InRleHQvaHRtbCwgKi8qOyBxPTAuMDEiIC8+DQogICAgICAgIDxIZWFkZXIgTmFtZT0iWC1SZXF1ZXN0ZWQtV2l0aCIgVmFsdWU9IlhNTEh0dHBSZXF1ZXN0IiAvPg0KICAgICAgICA8SGVhZGVyIE5hbWU9IlJlZmVyZXIiIFZhbHVlPSJodHRwczovL3N0YWdpbmdwcmVkaWN0NS5pbmZsdWVuY2VoZWFsdGguY29tL3VuaXZlcnNpdHljb2xvcmFkby9wcmltYXJ5IiAvPg0KICAgICAgPC9IZWFkZXJzPg0KICAgICAgPFF1ZXJ5U3RyaW5nUGFyYW1ldGVycz4NCiAgICAgICAgPFF1ZXJ5U3RyaW5nUGFyYW1ldGVyIE5hbWU9Il8iIFZhbHVlPSIxNDU2MTM2ODgwNzAzIiBSZWNvcmRlZFZhbHVlPSIxNDU2MTM2ODgwNzAzIiBDb3JyZWxhdGlvbkJpbmRpbmc9IiIgVXJsRW5jb2RlPSJGYWxzZSIgVXNlVG9Hcm91cFJlc3VsdHM9IkZhbHNlIiAvPg0KICAgICAgPC9RdWVyeVN0cmluZ1BhcmFtZXRlcnM+DQogICAgPC9SZXF1ZXN0Pg0KICAgIDxSZXF1ZXN0IE1ldGhvZD0iR0VUIiBHdWlkPSIxOGQ0ZTdhOC1hYzk1LTRkZjYtYjcxMy03MjUyYjQ3MzRiYTciIFZlcnNpb249IjEuMSIgVXJsPSJodHRwczovL3N0YWdpbmdwcmVkaWN0NS5pbmZsdWVuY2VoZWFsdGguY29tOjMwMDAvcHJlZGljdC92MS9sb25nUnVubmluZ1Rhc2tzIiBUaGlua1RpbWU9IjAiIFRpbWVvdXQ9IjMwMCIgUGFyc2VEZXBlbmRlbnRSZXF1ZXN0cz0iVHJ1ZSIgRm9sbG93UmVkaXJlY3RzPSJUcnVlIiBSZWNvcmRSZXN1bHQ9IlRydWUiIENhY2hlPSJGYWxzZSIgUmVzcG9uc2VUaW1lR29hbD0iMCIgRW5jb2Rpbmc9InV0Zi04IiBFeHBlY3RlZEh0dHBTdGF0dXNDb2RlPSIwIiBFeHBlY3RlZFJlc3BvbnNlVXJsPSIiIFJlcG9ydGluZ05hbWU9IiIgSWdub3JlSHR0cFN0YXR1c0NvZGU9IkZhbHNlIj4NCiAgICAgIDxIZWFkZXJzPg0KICAgICAgICA8SGVhZGVyIE5hbWU9IkFjY2VwdCIgVmFsdWU9ImFwcGxpY2F0aW9uL2pzb24sIHRleHQvcGxhaW4sICovKiIgLz4NCiAgICAgICAgPEhlYWRlciBOYW1lPSJSZWZlcmVyIiBWYWx1ZT0iaHR0cHM6Ly9zdGFnaW5ncHJlZGljdDUuaW5mbHVlbmNlaGVhbHRoLmNvbS91bml2ZXJzaXR5Y29sb3JhZG8vcHJpbWFyeSIgLz4NCiAgICAgIDwvSGVhZGVycz4NCiAgICA8L1JlcXVlc3Q+DQogICAgPFJlcXVlc3QgTWV0aG9kPSJHRVQiIEd1aWQ9IjNkZGY3OTdjLWM4NmYtNDE0Yi04NzM5LWU3M2VkYmU1Mjc1OSIgVmVyc2lvbj0iMS4xIiBVcmw9Imh0dHBzOi8vc3RhZ2luZ3ByZWRpY3Q1LmluZmx1ZW5jZWhlYWx0aC5jb20vJG1vZHVsZS9tb2R1bGVzL2hvbWUiIFRoaW5rVGltZT0iMCIgVGltZW91dD0iMzAwIiBQYXJzZURlcGVuZGVudFJlcXVlc3RzPSJUcnVlIiBGb2xsb3dSZWRpcmVjdHM9IlRydWUiIFJlY29yZFJlc3VsdD0iVHJ1ZSIgQ2FjaGU9IkZhbHNlIiBSZXNwb25zZVRpbWVHb2FsPSIwIiBFbmNvZGluZz0idXRmLTgiIEV4cGVjdGVkSHR0cFN0YXR1c0NvZGU9IjAiIEV4cGVjdGVkUmVzcG9uc2VVcmw9IiIgUmVwb3J0aW5nTmFtZT0iIiBJZ25vcmVIdHRwU3RhdHVzQ29kZT0iRmFsc2UiPg0KICAgICAgPEhlYWRlcnM+DQogICAgICAgIDxIZWFkZXIgTmFtZT0iQWNjZXB0IiBWYWx1ZT0iKi8qIiAvPg0KICAgICAgICA8SGVhZGVyIE5hbWU9IlgtUmVxdWVzdGVkLVdpdGgiIFZhbHVlPSJYTUxIdHRwUmVxdWVzdCIgLz4NCiAgICAgICAgPEhlYWRlciBOYW1lPSJSZWZlcmVyIiBWYWx1ZT0iaHR0cHM6Ly9zdGFnaW5ncHJlZGljdDUuaW5mbHVlbmNlaGVhbHRoLmNvbS91bml2ZXJzaXR5Y29sb3JhZG8vcHJpbWFyeSIgLz4NCiAgICAgIDwvSGVhZGVycz4NCiAgICAgIDxRdWVyeVN0cmluZ1BhcmFtZXRlcnM+DQogICAgICAgIDxRdWVyeVN0cmluZ1BhcmFtZXRlciBOYW1lPSJfIiBWYWx1ZT0iMTQ1NjEzNjg4MDcwNCIgUmVjb3JkZWRWYWx1ZT0iMTQ1NjEzNjg4MDcwNCIgQ29ycmVsYXRpb25CaW5kaW5nPSIiIFVybEVuY29kZT0iRmFsc2UiIFVzZVRvR3JvdXBSZXN1bHRzPSJGYWxzZSIgLz4NCiAgICAgIDwvUXVlcnlTdHJpbmdQYXJhbWV0ZXJzPg0KICAgIDwvUmVxdWVzdD4NCiAgICA8UmVxdWVzdCBNZXRob2Q9IkdFVCIgR3VpZD0iODk5ZTc2MTctM2QxNC00YWQyLTk4MjUtNDFjMDFhZDY3MzVkIiBWZXJzaW9uPSIxLjEiIFVybD0iaHR0cHM6Ly9zdGFnaW5ncHJlZGljdDUuaW5mbHVlbmNlaGVhbHRoLmNvbS90ZW1wbGF0ZXMvYmFzaWMvaXVpLXBvcnRhbC1sb2dvLmh0bWwiIFRoaW5rVGltZT0iMCIgVGltZW91dD0iMzAwIiBQYXJzZURlcGVuZGVudFJlcXVlc3RzPSJUcnVlIiBGb2xsb3dSZWRpcmVjdHM9IlRydWUiIFJlY29yZFJlc3VsdD0iVHJ1ZSIgQ2FjaGU9IkZhbHNlIiBSZXNwb25zZVRpbWVHb2FsPSIwIiBFbmNvZGluZz0idXRmLTgiIEV4cGVjdGVkSHR0cFN0YXR1c0NvZGU9IjAiIEV4cGVjdGVkUmVzcG9uc2VVcmw9IiIgUmVwb3J0aW5nTmFtZT0iIiBJZ25vcmVIdHRwU3RhdHVzQ29kZT0iRmFsc2UiPg0KICAgICAgPEhlYWRlcnM+DQogICAgICAgIDxIZWFkZXIgTmFtZT0iQWNjZXB0IiBWYWx1ZT0iYXBwbGljYXRpb24vanNvbiwgdGV4dC9wbGFpbiwgKi8qIiAvPg0KICAgICAgICA8SGVhZGVyIE5hbWU9IlJlZmVyZXIiIFZhbHVlPSJodHRwczovL3N0YWdpbmdwcmVkaWN0NS5pbmZsdWVuY2VoZWFsdGguY29tL3VuaXZlcnNpdHljb2xvcmFkby9wcmltYXJ5IiAvPg0KICAgICAgPC9IZWFkZXJzPg0KICAgIDwvUmVxdWVzdD4NCiAgICA8UmVxdWVzdCBNZXRob2Q9IkdFVCIgR3VpZD0iYTk3YzYzNjAtMzI0OC00MTE5LTlhMDctMDg4NTMxOGRkNTYxIiBWZXJzaW9uPSIxLjEiIFVybD0iaHR0cHM6Ly9zdGFnaW5ncHJlZGljdDUuaW5mbHVlbmNlaGVhbHRoLmNvbS9sYXlvdXRzL2Jhc2Uvc2VsZWN0LWNvbnRleHQuaHRtbCIgVGhpbmtUaW1lPSIwIiBUaW1lb3V0PSIzMDAiIFBhcnNlRGVwZW5kZW50UmVxdWVzdHM9IlRydWUiIEZvbGxvd1JlZGlyZWN0cz0iVHJ1ZSIgUmVjb3JkUmVzdWx0PSJUcnVlIiBDYWNoZT0iRmFsc2UiIFJlc3BvbnNlVGltZUdvYWw9IjAiIEVuY29kaW5nPSJ1dGYtOCIgRXhwZWN0ZWRIdHRwU3RhdHVzQ29kZT0iMCIgRXhwZWN0ZWRSZXNwb25zZVVybD0iIiBSZXBvcnRpbmdOYW1lPSIiIElnbm9yZUh0dHBTdGF0dXNDb2RlPSJGYWxzZSI+DQogICAgICA8SGVhZGVycz4NCiAgICAgICAgPEhlYWRlciBOYW1lPSJBY2NlcHQiIFZhbHVlPSJhcHBsaWNhdGlvbi9qc29uLCB0ZXh0L3BsYWluLCAqLyoiIC8+DQogICAgICAgIDxIZWFkZXIgTmFtZT0iUmVmZXJlciIgVmFsdWU9Imh0dHBzOi8vc3RhZ2luZ3ByZWRpY3Q1LmluZmx1ZW5jZWhlYWx0aC5jb20vdW5pdmVyc2l0eWNvbG9yYWRvL3ByaW1hcnkiIC8+DQogICAgICA8L0hlYWRlcnM+DQogICAgPC9SZXF1ZXN0Pg0KICAgIDxSZXF1ZXN0IE1ldGhvZD0iR0VUIiBHdWlkPSJlNDc3MjhmMS1kZTM3LTRkZGYtYTA3ZS1lY2EwMzAxODhlNTQiIFZlcnNpb249IjEuMSIgVXJsPSJodHRwczovL3N0YWdpbmdwcmVkaWN0NS5pbmZsdWVuY2VoZWFsdGguY29tL2xheW91dHMvYmFzZS9zZWNvbmRhcnktc2lkZWJhci1uYXZpZ2F0aW9uLmh0bWwiIFRoaW5rVGltZT0iMSIgVGltZW91dD0iMzAwIiBQYXJzZURlcGVuZGVudFJlcXVlc3RzPSJUcnVlIiBGb2xsb3dSZWRpcmVjdHM9IlRydWUiIFJlY29yZFJlc3VsdD0iVHJ1ZSIgQ2FjaGU9IkZhbHNlIiBSZXNwb25zZVRpbWVHb2FsPSIwIiBFbmNvZGluZz0idXRmLTgiIEV4cGVjdGVkSHR0cFN0YXR1c0NvZGU9IjAiIEV4cGVjdGVkUmVzcG9uc2VVcmw9IiIgUmVwb3J0aW5nTmFtZT0iIiBJZ25vcmVIdHRwU3RhdHVzQ29kZT0iRmFsc2UiPg0KICAgICAgPEhlYWRlcnM+DQogICAgICAgIDxIZWFkZXIgTmFtZT0iQWNjZXB0IiBWYWx1ZT0iYXBwbGljYXRpb24vanNvbiwgdGV4dC9wbGFpbiwgKi8qIiAvPg0KICAgICAgICA8SGVhZGVyIE5hbWU9IlJlZmVyZXIiIFZhbHVlPSJodHRwczovL3N0YWdpbmdwcmVkaWN0NS5pbmZsdWVuY2VoZWFsdGguY29tL3VuaXZlcnNpdHljb2xvcmFkby9wcmltYXJ5IiAvPg0KICAgICAgPC9IZWFkZXJzPg0KICAgIDwvUmVxdWVzdD4NCiAgICA8UmVxdWVzdCBNZXRob2Q9IkdFVCIgR3VpZD0iZGRlMDIyZDktMTg3NS00ZTQ4LTkyMzgtZWY2MTFiMDk3ZTY1IiBWZXJzaW9uPSIxLjEiIFVybD0iaHR0cHM6Ly9zdGFnaW5ncHJlZGljdDUuaW5mbHVlbmNlaGVhbHRoLmNvbS9jc3MvZm9udHMvZm9udGF3ZXNvbWUtd2ViZm9udC5lb3QiIFRoaW5rVGltZT0iMCIgVGltZW91dD0iMzAwIiBQYXJzZURlcGVuZGVudFJlcXVlc3RzPSJUcnVlIiBGb2xsb3dSZWRpcmVjdHM9IlRydWUiIFJlY29yZFJlc3VsdD0iVHJ1ZSIgQ2FjaGU9IkZhbHNlIiBSZXNwb25zZVRpbWVHb2FsPSIwIiBFbmNvZGluZz0idXRmLTgiIEV4cGVjdGVkSHR0cFN0YXR1c0NvZGU9IjAiIEV4cGVjdGVkUmVzcG9uc2VVcmw9IiIgUmVwb3J0aW5nTmFtZT0iIiBJZ25vcmVIdHRwU3RhdHVzQ29kZT0iRmFsc2UiPg0KICAgICAgPEhlYWRlcnM+DQogICAgICAgIDxIZWFkZXIgTmFtZT0iUmVmZXJlciIgVmFsdWU9Imh0dHBzOi8vc3RhZ2luZ3ByZWRpY3Q1LmluZmx1ZW5jZWhlYWx0aC5jb20vdW5pdmVyc2l0eWNvbG9yYWRvL3Nlc3Npb24vbG9naW4iIC8+DQogICAgICA8L0hlYWRlcnM+DQogICAgICA8UXVlcnlTdHJpbmdQYXJhbWV0ZXJzPg0KICAgICAgICA8UXVlcnlTdHJpbmdQYXJhbWV0ZXIgTmFtZT0iIiBWYWx1ZT0iIiBSZWNvcmRlZFZhbHVlPSIiIENvcnJlbGF0aW9uQmluZGluZz0iIiBVcmxFbmNvZGU9IkZhbHNlIiBVc2VUb0dyb3VwUmVzdWx0cz0iRmFsc2UiIC8+DQogICAgICA8L1F1ZXJ5U3RyaW5nUGFyYW1ldGVycz4NCiAgICA8L1JlcXVlc3Q+DQogICAgPFJlcXVlc3QgTWV0aG9kPSJHRVQiIEd1aWQ9ImEyYmQxZWE3LTBhZmYtNGQxNS1iMDY1LWYzMTJmYWNmMDhlZiIgVmVyc2lvbj0iMS4xIiBVcmw9Imh0dHBzOi8vc3RhZ2luZ3ByZWRpY3Q1LmluZmx1ZW5jZWhlYWx0aC5jb20vbW9kdWxlcy9ob21lL2luZGV4Lmh0bWwiIFRoaW5rVGltZT0iMCIgVGltZW91dD0iMzAwIiBQYXJzZURlcGVuZGVudFJlcXVlc3RzPSJUcnVlIiBGb2xsb3dSZWRpcmVjdHM9IlRydWUiIFJlY29yZFJlc3VsdD0iVHJ1ZSIgQ2FjaGU9IkZhbHNlIiBSZXNwb25zZVRpbWVHb2FsPSIwIiBFbmNvZGluZz0idXRmLTgiIEV4cGVjdGVkSHR0cFN0YXR1c0NvZGU9IjAiIEV4cGVjdGVkUmVzcG9uc2VVcmw9IiIgUmVwb3J0aW5nTmFtZT0iIiBJZ25vcmVIdHRwU3RhdHVzQ29kZT0iRmFsc2UiPg0KICAgICAgPEhlYWRlcnM+DQogICAgICAgIDxIZWFkZXIgTmFtZT0iQWNjZXB0IiBWYWx1ZT0idGV4dC9odG1sLCAqLyo7IHE9MC4wMSIgLz4NCiAgICAgICAgPEhlYWRlciBOYW1lPSJYLVJlcXVlc3RlZC1XaXRoIiBWYWx1ZT0iWE1MSHR0cFJlcXVlc3QiIC8+DQogICAgICAgIDxIZWFkZXIgTmFtZT0iUmVmZXJlciIgVmFsdWU9Imh0dHBzOi8vc3RhZ2luZ3ByZWRpY3Q1LmluZmx1ZW5jZWhlYWx0aC5jb20vdW5pdmVyc2l0eWNvbG9yYWRvL3ByaW1hcnkiIC8+DQogICAgICA8L0hlYWRlcnM+DQogICAgICA8UXVlcnlTdHJpbmdQYXJhbWV0ZXJzPg0KICAgICAgICA8UXVlcnlTdHJpbmdQYXJhbWV0ZXIgTmFtZT0iXyIgVmFsdWU9IjE0NTYxMzY4ODA3MDgiIFJlY29yZGVkVmFsdWU9IjE0NTYxMzY4ODA3MDgiIENvcnJlbGF0aW9uQmluZGluZz0iIiBVcmxFbmNvZGU9IkZhbHNlIiBVc2VUb0dyb3VwUmVzdWx0cz0iRmFsc2UiIC8+DQogICAgICA8L1F1ZXJ5U3RyaW5nUGFyYW1ldGVycz4NCiAgICA8L1JlcXVlc3Q+DQogICAgPFJlcXVlc3QgTWV0aG9kPSJHRVQiIEd1aWQ9ImNkOGEwYjRhLWE2NDktNDYxNC05OTY4LTI5ZGVhNWNjM2ZiNiIgVmVyc2lvbj0iMS4xIiBVcmw9Imh0dHBzOi8vc3RhZ2luZ3ByZWRpY3Q1LmluZmx1ZW5jZWhlYWx0aC5jb20vbW9kdWxlcy9ob21lL3ZpZXdzL3dlbGNvbWUuaHRtbCIgVGhpbmtUaW1lPSIwIiBUaW1lb3V0PSIzMDAiIFBhcnNlRGVwZW5kZW50UmVxdWVzdHM9IlRydWUiIEZvbGxvd1JlZGlyZWN0cz0iVHJ1ZSIgUmVjb3JkUmVzdWx0PSJUcnVlIiBDYWNoZT0iRmFsc2UiIFJlc3BvbnNlVGltZUdvYWw9IjAiIEVuY29kaW5nPSJ1dGYtOCIgRXhwZWN0ZWRIdHRwU3RhdHVzQ29kZT0iMCIgRXhwZWN0ZWRSZXNwb25zZVVybD0iIiBSZXBvcnRpbmdOYW1lPSIiIElnbm9yZUh0dHBTdGF0dXNDb2RlPSJGYWxzZSI+DQogICAgICA8SGVhZGVycz4NCiAgICAgICAgPEhlYWRlciBOYW1lPSJBY2NlcHQiIFZhbHVlPSJ0ZXh0L2h0bWwsICovKjsgcT0wLjAxIiAvPg0KICAgICAgICA8SGVhZGVyIE5hbWU9IlgtUmVxdWVzdGVkLVdpdGgiIFZhbHVlPSJYTUxIdHRwUmVxdWVzdCIgLz4NCiAgICAgICAgPEhlYWRlciBOYW1lPSJSZWZlcmVyIiBWYWx1ZT0iaHR0cHM6Ly9zdGFnaW5ncHJlZGljdDUuaW5mbHVlbmNlaGVhbHRoLmNvbS91bml2ZXJzaXR5Y29sb3JhZG8vcHJpbWFyeSIgLz4NCiAgICAgIDwvSGVhZGVycz4NCiAgICAgIDxRdWVyeVN0cmluZ1BhcmFtZXRlcnM+DQogICAgICAgIDxRdWVyeVN0cmluZ1BhcmFtZXRlciBOYW1lPSJfIiBWYWx1ZT0iMTQ1NjEzNjg4MDcwOSIgUmVjb3JkZWRWYWx1ZT0iMTQ1NjEzNjg4MDcwOSIgQ29ycmVsYXRpb25CaW5kaW5nPSIiIFVybEVuY29kZT0iRmFsc2UiIFVzZVRvR3JvdXBSZXN1bHRzPSJGYWxzZSIgLz4NCiAgICAgIDwvUXVlcnlTdHJpbmdQYXJhbWV0ZXJzPg0KICAgIDwvUmVxdWVzdD4NCiAgICA8UmVxdWVzdCBNZXRob2Q9IkdFVCIgR3VpZD0iMmQ3NzkxZDItZWQ3Yi00OTBjLTg3NTEtMGE4ZDY3M2ViNTYyIiBWZXJzaW9uPSIxLjEiIFVybD0iaHR0cHM6Ly9zdGFnaW5ncHJlZGljdDUuaW5mbHVlbmNlaGVhbHRoLmNvbS9tb2R1bGVzL2hvbWUvdmlld3MvZGVtby5odG1sIiBUaGlua1RpbWU9IjAiIFRpbWVvdXQ9IjMwMCIgUGFyc2VEZXBlbmRlbnRSZXF1ZXN0cz0iVHJ1ZSIgRm9sbG93UmVkaXJlY3RzPSJUcnVlIiBSZWNvcmRSZXN1bHQ9IlRydWUiIENhY2hlPSJGYWxzZSIgUmVzcG9uc2VUaW1lR29hbD0iMCIgRW5jb2Rpbmc9InV0Zi04IiBFeHBlY3RlZEh0dHBTdGF0dXNDb2RlPSIwIiBFeHBlY3RlZFJlc3BvbnNlVXJsPSIiIFJlcG9ydGluZ05hbWU9IiIgSWdub3JlSHR0cFN0YXR1c0NvZGU9IkZhbHNlIj4NCiAgICAgIDxIZWFkZXJzPg0KICAgICAgICA8SGVhZGVyIE5hbWU9IkFjY2VwdCIgVmFsdWU9InRleHQvaHRtbCwgKi8qOyBxPTAuMDEiIC8+DQogICAgICAgIDxIZWFkZXIgTmFtZT0iWC1SZXF1ZXN0ZWQtV2l0aCIgVmFsdWU9IlhNTEh0dHBSZXF1ZXN0IiAvPg0KICAgICAgICA8SGVhZGVyIE5hbWU9IlJlZmVyZXIiIFZhbHVlPSJodHRwczovL3N0YWdpbmdwcmVkaWN0NS5pbmZsdWVuY2VoZWFsdGguY29tL3VuaXZlcnNpdHljb2xvcmFkby9wcmltYXJ5IiAvPg0KICAgICAgPC9IZWFkZXJzPg0KICAgICAgPFF1ZXJ5U3RyaW5nUGFyYW1ldGVycz4NCiAgICAgICAgPFF1ZXJ5U3RyaW5nUGFyYW1ldGVyIE5hbWU9Il8iIFZhbHVlPSIxNDU2MTM2ODgwNzEwIiBSZWNvcmRlZFZhbHVlPSIxNDU2MTM2ODgwNzEwIiBDb3JyZWxhdGlvbkJpbmRpbmc9IiIgVXJsRW5jb2RlPSJGYWxzZSIgVXNlVG9Hcm91cFJlc3VsdHM9IkZhbHNlIiAvPg0KICAgICAgPC9RdWVyeVN0cmluZ1BhcmFtZXRlcnM+DQogICAgPC9SZXF1ZXN0Pg0KICAgIDxSZXF1ZXN0IE1ldGhvZD0iR0VUIiBHdWlkPSI4MDdlOGE1Zi0xZmIxLTQxNmQtYjJjZS04MzJmNGY4ZmY5YzAiIFZlcnNpb249IjEuMSIgVXJsPSJodHRwczovL3N0YWdpbmdwcmVkaWN0NS5pbmZsdWVuY2VoZWFsdGguY29tOjMwMDAvcHJlZGljdC92MS9sb25nUnVubmluZ1Rhc2tzIiBUaGlua1RpbWU9IjEiIFRpbWVvdXQ9IjMwMCIgUGFyc2VEZXBlbmRlbnRSZXF1ZXN0cz0iVHJ1ZSIgRm9sbG93UmVkaXJlY3RzPSJUcnVlIiBSZWNvcmRSZXN1bHQ9IlRydWUiIENhY2hlPSJGYWxzZSIgUmVzcG9uc2VUaW1lR29hbD0iMCIgRW5jb2Rpbmc9InV0Zi04IiBFeHBlY3RlZEh0dHBTdGF0dXNDb2RlPSIwIiBFeHBlY3RlZFJlc3BvbnNlVXJsPSIiIFJlcG9ydGluZ05hbWU9IiIgSWdub3JlSHR0cFN0YXR1c0NvZGU9IkZhbHNlIj4NCiAgICAgIDxIZWFkZXJzPg0KICAgICAgICA8SGVhZGVyIE5hbWU9IkFjY2VwdCIgVmFsdWU9ImFwcGxpY2F0aW9uL2pzb24sIHRleHQvcGxhaW4sICovKiIgLz4NCiAgICAgICAgPEhlYWRlciBOYW1lPSJSZWZlcmVyIiBWYWx1ZT0iaHR0cHM6Ly9zdGFnaW5ncHJlZGljdDUuaW5mbHVlbmNlaGVhbHRoLmNvbS91bml2ZXJzaXR5Y29sb3JhZG8vcHJpbWFyeSIgLz4NCiAgICAgIDwvSGVhZGVycz4NCiAgICA8L1JlcXVlc3Q+DQogICAgPFJlcXVlc3QgTWV0aG9kPSJQT1NUIiBHdWlkPSI2MTQ4YTQwZS04NWQ5LTRjNjUtYWZjOS01YmIyNzM5ODVmZWEiIFZlcnNpb249IjEuMSIgVXJsPSJodHRwczovL2JhbS5uci1kYXRhLm5ldC9yZXNvdXJjZXMvMS9lNGY2M2RhNjM3IiBUaGlua1RpbWU9IjAiIFRpbWVvdXQ9IjMwMCIgUGFyc2VEZXBlbmRlbnRSZXF1ZXN0cz0iVHJ1ZSIgRm9sbG93UmVkaXJlY3RzPSJUcnVlIiBSZWNvcmRSZXN1bHQ9IlRydWUiIENhY2hlPSJGYWxzZSIgUmVzcG9uc2VUaW1lR29hbD0iMCIgRW5jb2Rpbmc9InV0Zi04IiBFeHBlY3RlZEh0dHBTdGF0dXNDb2RlPSIwIiBFeHBlY3RlZFJlc3BvbnNlVXJsPSIiIFJlcG9ydGluZ05hbWU9IiIgSWdub3JlSHR0cFN0YXR1c0NvZGU9IkZhbHNlIj4NCiAgICAgIDxIZWFkZXJzPg0KICAgICAgICA8SGVhZGVyIE5hbWU9IlJlZmVyZXIiIFZhbHVlPSJodHRwczovL3N0YWdpbmdwcmVkaWN0NS5pbmZsdWVuY2VoZWFsdGguY29tL3VuaXZlcnNpdHljb2xvcmFkby9wcmltYXJ5IiAvPg0KICAgICAgPC9IZWFkZXJzPg0KICAgICAgPFF1ZXJ5U3RyaW5nUGFyYW1ldGVycz4NCiAgICAgICAgPFF1ZXJ5U3RyaW5nUGFyYW1ldGVyIE5hbWU9ImEiIFZhbHVlPSIxMjM0NjY4OCIgUmVjb3JkZWRWYWx1ZT0iMTIzNDY2ODgiIENvcnJlbGF0aW9uQmluZGluZz0iIiBVcmxFbmNvZGU9IkZhbHNlIiBVc2VUb0dyb3VwUmVzdWx0cz0iRmFsc2UiIC8+DQogICAgICAgIDxRdWVyeVN0cmluZ1BhcmFtZXRlciBOYW1lPSJ2IiBWYWx1ZT0iODUyLmEzNmYwZmQiIFJlY29yZGVkVmFsdWU9Ijg1Mi5hMzZmMGZkIiBDb3JyZWxhdGlvbkJpbmRpbmc9IiIgVXJsRW5jb2RlPSJGYWxzZSIgVXNlVG9Hcm91cFJlc3VsdHM9IkZhbHNlIiAvPg0KICAgICAgICA8UXVlcnlTdHJpbmdQYXJhbWV0ZXIgTmFtZT0idG8iIFZhbHVlPSJNZ1lBTjBRSERCRllWVUZiWHd0TUp4dEdGQWNSU2x4R0hYY2dOMDFNSEElM0QlM0QiIFJlY29yZGVkVmFsdWU9Ik1nWUFOMFFIREJGWVZVRmJYd3RNSnh0R0ZBY1JTbHhHSFhjZ04wMU1IQSUzRCUzRCIgQ29ycmVsYXRpb25CaW5kaW5nPSIiIFVybEVuY29kZT0iRmFsc2UiIFVzZVRvR3JvdXBSZXN1bHRzPSJGYWxzZSIgLz4NCiAgICAgICAgPFF1ZXJ5U3RyaW5nUGFyYW1ldGVyIE5hbWU9InN0IiBWYWx1ZT0iMTQ1NjEzNjg3ODI3MyIgUmVjb3JkZWRWYWx1ZT0iMTQ1NjEzNjg3ODI3MyIgQ29ycmVsYXRpb25CaW5kaW5nPSIiIFVybEVuY29kZT0iRmFsc2UiIFVzZVRvR3JvdXBSZXN1bHRzPSJGYWxzZSIgLz4NCiAgICAgICAgPFF1ZXJ5U3RyaW5nUGFyYW1ldGVyIE5hbWU9InB0aWQiIFZhbHVlPSI0OGMxYzg5Ni0zY2JjLWI3NDctY2FmOC0wMTUzMDg4NThkZWYiIFJlY29yZGVkVmFsdWU9IjQ4YzFjODk2LTNjYmMtYjc0Ny1jYWY4LTAxNTMwODg1OGRlZiIgQ29ycmVsYXRpb25CaW5kaW5nPSIiIFVybEVuY29kZT0iRmFsc2UiIFVzZVRvR3JvdXBSZXN1bHRzPSJGYWxzZSIgLz4NCiAgICAgIDwvUXVlcnlTdHJpbmdQYXJhbWV0ZXJzPg0KICAgICAgPFN0cmluZ0h0dHBCb2R5IENvbnRlbnRUeXBlPSJ0ZXh0L3BsYWluO2NoYXJzZXQ9VVRGLTgiIEluc2VydEJ5dGVPcmRlck1hcms9IkZhbHNlIj5ld0FpQUhJQVpRQnpBQ0lBT2dCYkFIc0FJZ0J1QUNJQU9nQWlBSElBWlFCaEFHUUFlUUJ6QUhRQVlRQjBBR1VBWXdCb0FHRUFiZ0JuQUdVQUlnQXNBQ0lBY3dBaUFEb0FOQUF3QURZQU1nQTBBQ3dBSWdCbEFDSUFPZ0EwQURBQU5nQXlBRFFBTEFBaUFHOEFJZ0E2QUNJQWRRQnVBR1FBWlFCbUFHa0FiZ0JsQUdRQUlBQlFBRThBVXdCVUFEb0FJQUJpQUdFQWJRQXVBRzRBY2dBdEFHUUFZUUIwQUdFQUxnQnVBR1VBZEFBNkFEUUFOQUF6QUM4QWNnQmxBSE1BYndCMUFISUFZd0JsQUhNQUx3QXhBQzhBWlFBMEFHWUFOZ0F6QUdRQVlRQTJBRE1BTndBaUFDd0FJZ0IwQUNJQU9nQWlBR1VBZGdCbEFHNEFkQUFpQUgwQUxBQjdBQ0lBYmdBaUFEb0FJZ0J5QUdVQVlRQmtBSGtBY3dCMEFHRUFkQUJsQUdNQWFBQmhBRzRBWndCbEFDSUFMQUFpQUhNQUlnQTZBRFFBTUFBMkFESUFOQUFzQUNJQVpRQWlBRG9BTkFBd0FEWUFNZ0EwQUN3QUlnQnZBQ0lBT2dBaUFIVUFiZ0JrQUdVQVpnQnBBRzRBWlFCa0FDQUFVQUJQQUZNQVZBQTZBQ0FBWWdCaEFHMEFMZ0J1QUhJQUxRQmtBR0VBZEFCaEFDNEFiZ0JsQUhRQU9nQTBBRFFBTXdBdkFISUFaUUJ6QUc4QWRRQnlBR01BWlFCekFDOEFNUUF2QUdVQU5BQm1BRFlBTXdCa0FHRUFOZ0F6QURjQUlnQXNBQ0lBZEFBaUFEb0FJZ0JsQUhZQVpRQnVBSFFBSWdCOUFDd0Fld0FpQUc0QUlnQTZBQ0lBY2dCbEFHRUFaQUI1QUhNQWRBQmhBSFFBWlFCakFHZ0FZUUJ1QUdjQVpRQWlBQ3dBSWdCekFDSUFPZ0EwQURBQU5nQTRBRFVBTEFBaUFHVUFJZ0E2QURRQU1BQTJBRGdBTlFBc0FDSUFid0FpQURvQUlnQjFBRzRBWkFCbEFHWUFhUUJ1QUdVQVpBQWdBRkFBVHdCVEFGUUFPZ0FnQUdJQVlRQnRBQzRBYmdCeUFDMEFaQUJoQUhRQVlRQXVBRzRBWlFCMEFEb0FOQUEwQURNQUx3QnlBR1VBY3dCdkFIVUFjZ0JqQUdVQWN3QXZBREVBTHdCbEFEUUFaZ0EyQURNQVpBQmhBRFlBTXdBM0FDSUFMQUFpQUhRQUlnQTZBQ0lBWlFCMkFHVUFiZ0IwQUNJQWZRQXNBSHNBSWdCdUFDSUFPZ0FpQUhJQVpRQmhBR1FBZVFCekFIUUFZUUIwQUdVQVl3Qm9BR0VBYmdCbkFHVUFJZ0FzQUNJQWN3QWlBRG9BTkFBd0FEWUFPQUExQUN3QUlnQmxBQ0lBT2dBMEFEQUFOZ0E0QURVQUxBQWlBRzhBSWdBNkFDSUFkUUJ1QUdRQVpRQm1BR2tBYmdCbEFHUUFJQUJRQUU4QVV3QlVBRG9BSUFCaUFHRUFiUUF1QUc0QWNnQXRBR1FBWVFCMEFHRUFMZ0J1QUdVQWRBQTZBRFFBTkFBekFDOEFjZ0JsQUhNQWJ3QjFBSElBWXdCbEFITUFMd0F4QUM4QVpRQTBBR1lBTmdBekFHUUFZUUEyQURNQU53QWlBQ3dBSWdCMEFDSUFPZ0FpQUdVQWRnQmxBRzRBZEFBaUFIMEFMQUI3QUNJQWJnQWlBRG9BSWdCeUFHVUFZUUJrQUhrQWN3QjBBR0VBZEFCbEFHTUFhQUJoQUc0QVp3QmxBQ0lBTEFBaUFITUFJZ0E2QURRQU1BQTJBRGdBTlFBc0FDSUFaUUFpQURvQU5BQXdBRFlBT0FBMUFDd0FJZ0J2QUNJQU9nQWlBSFVBYmdCa0FHVUFaZ0JwQUc0QVpRQmtBQ0FBVUFCUEFGTUFWQUE2QUNBQVlnQmhBRzBBTGdCdUFISUFMUUJrQUdFQWRBQmhBQzRBYmdCbEFIUUFPZ0EwQURRQU13QXZBSElBWlFCekFHOEFkUUJ5QUdNQVpRQnpBQzhBTVFBdkFHVUFOQUJtQURZQU13QmtBR0VBTmdBekFEY0FJZ0FzQUNJQWRBQWlBRG9BSWdCbEFIWUFaUUJ1QUhRQUlnQjlBQ3dBZXdBaUFHNEFJZ0E2QUNJQWNnQmxBR0VBWkFCNUFITUFkQUJoQUhRQVpRQmpBR2dBWVFCdUFHY0FaUUFpQUN3QUlnQnpBQ0lBT2dBMEFEUUFPQUF3QURjQUxBQWlBR1VBSWdBNkFEUUFOQUE0QURBQU53QXNBQ0lBYndBaUFEb0FJZ0IxQUc0QVpBQmxBR1lBYVFCdUFHVUFaQUFnQUZBQVR3QlRBRlFBT2dBZ0FITUFkQUJoQUdjQWFRQnVBR2NBY0FCeUFHVUFaQUJwQUdNQWRBQTFBQzRBYVFCdUFHWUFiQUIxQUdVQWJnQmpBR1VBYUFCbEFHRUFiQUIwQUdnQUxnQmpBRzhBYlFBNkFETUFNQUF3QURBQUx3QndBSElBWlFCa0FHa0FZd0IwQUM4QWRnQXhBQzhBWXdCc0FHa0FaUUJ1QUhRQWN3QXZBSFVBYmdCcEFIWUFaUUJ5QUhNQWFRQjBBSGtBWXdCdkFHd0Fid0J5QUdFQVpBQnZBQzhBWVFCMUFIUUFhQUJVQUc4QWF3QmxBRzRBSWdBc0FDSUFkQUFpQURvQUlnQmxBSFlBWlFCdUFIUUFJZ0I5QUN3QWV3QWlBRzRBSWdBNkFDSUFjZ0JsQUdFQVpBQjVBSE1BZEFCaEFIUUFaUUJqQUdnQVlRQnVBR2NBWlFBaUFDd0FJZ0J6QUNJQU9nQTBBRFFBT0FBd0FEZ0FMQUFpQUdVQUlnQTZBRFFBTkFBNEFEQUFPQUFzQUNJQWJ3QWlBRG9BSWdCMUFHNEFaQUJsQUdZQWFRQnVBR1VBWkFBZ0FGQUFUd0JUQUZRQU9nQWdBSE1BZEFCaEFHY0FhUUJ1QUdjQWNBQnlBR1VBWkFCcEFHTUFkQUExQUM0QWFRQnVBR1lBYkFCMUFHVUFiZ0JqQUdVQWFBQmxBR0VBYkFCMEFHZ0FMZ0JqQUc4QWJRQTZBRE1BTUFBd0FEQUFMd0J3QUhJQVpRQmtBR2tBWXdCMEFDOEFkZ0F4QUM4QVl3QnNBR2tBWlFCdUFIUUFjd0F2QUhVQWJnQnBBSFlBWlFCeUFITUFhUUIwQUhrQVl3QnZBR3dBYndCeUFHRUFaQUJ2QUM4QVlRQjFBSFFBYUFCVUFHOEFhd0JsQUc0QUlnQXNBQ0lBZEFBaUFEb0FJZ0JsQUhZQVpRQnVBSFFBSWdCOUFDd0Fld0FpQUc0QUlnQTZBQ0lBY2dCbEFHRUFaQUI1QUhNQWRBQmhBSFFBWlFCakFHZ0FZUUJ1QUdjQVpRQWlBQ3dBSWdCekFDSUFPZ0EwQURRQU9BQXdBRGdBTEFBaUFHVUFJZ0E2QURRQU5BQTRBREFBT0FBc0FDSUFid0FpQURvQUlnQjFBRzRBWkFCbEFHWUFhUUJ1QUdVQVpBQWdBRkFBVHdCVEFGUUFPZ0FnQUhNQWRBQmhBR2NBYVFCdUFHY0FjQUJ5QUdVQVpBQnBBR01BZEFBMUFDNEFhUUJ1QUdZQWJBQjFBR1VBYmdCakFHVUFhQUJsQUdFQWJBQjBBR2dBTGdCakFHOEFiUUE2QURNQU1BQXdBREFBTHdCd0FISUFaUUJrQUdrQVl3QjBBQzhBZGdBeEFDOEFZd0JzQUdrQVpRQnVBSFFBY3dBdkFIVUFiZ0JwQUhZQVpRQnlBSE1BYVFCMEFIa0FZd0J2QUd3QWJ3QnlBR0VBWkFCdkFDOEFZUUIxQUhRQWFBQlVBRzhBYXdCbEFHNEFJZ0FzQUNJQWRBQWlBRG9BSWdCbEFIWUFaUUJ1QUhRQUlnQjlBQ3dBZXdBaUFHNEFJZ0E2QUNJQWNnQmxBR0VBWkFCNUFITUFkQUJoQUhRQVpRQmpBR2dBWVFCdUFHY0FaUUFpQUN3QUlnQnpBQ0lBT2dBMEFEWUFPUUF6QURVQUxBQWlBR1VBSWdBNkFEUUFOZ0E1QURNQU5RQXNBQ0lBYndBaUFEb0FJZ0IxQUc0QVpBQmxBR1lBYVFCdUFHVUFaQUFnQUZBQVR3QlRBRlFBT2dBZ0FITUFkQUJoQUdjQWFRQnVBR2NBY0FCeUFHVUFaQUJwQUdNQWRBQTFBQzRBYVFCdUFHWUFiQUIxQUdVQWJnQmpBR1VBYUFCbEFHRUFiQUIwQUdnQUxnQmpBRzhBYlFBNkFETUFNQUF3QURBQUx3QndBSElBWlFCa0FHa0FZd0IwQUM4QWRnQXhBQzhBWXdCc0FHa0FaUUJ1QUhRQWN3QXZBSFVBYmdCcEFIWUFaUUJ5QUhNQWFRQjBBSGtBWXdCdkFHd0Fid0J5QUdFQVpBQnZBQzhBWVFCMUFIUUFhQUJVQUc4QWF3QmxBRzRBSWdBc0FDSUFkQUFpQURvQUlnQmxBSFlBWlFCdUFIUUFJZ0I5QUN3QWV3QWlBRzRBSWdBNkFDSUFjZ0JsQUdFQVpBQjVBSE1BZEFCaEFIUUFaUUJqQUdnQVlRQnVBR2NBWlFBaUFDd0FJZ0J6QUNJQU9nQTBBRFlBT1FBekFEVUFMQUFpQUdVQUlnQTZBRFFBTmdBNUFETUFOUUFzQUNJQWJ3QWlBRG9BSWdCMUFHNEFaQUJsQUdZQWFRQnVBR1VBWkFBZ0FGQUFUd0JUQUZRQU9nQWdBSE1BZEFCaEFHY0FhUUJ1QUdjQWNBQnlBR1VBWkFCcEFHTUFkQUExQUM0QWFRQnVBR1lBYkFCMUFHVUFiZ0JqQUdVQWFBQmxBR0VBYkFCMEFHZ0FMZ0JqQUc4QWJRQTZBRE1BTUFBd0FEQUFMd0J3QUhJQVpRQmtBR2tBWXdCMEFDOEFkZ0F4QUM4QVl3QnNBR2tBWlFCdUFIUUFjd0F2QUhVQWJnQnBBSFlBWlFCeUFITUFhUUIwQUhrQVl3QnZBR3dBYndCeUFHRUFaQUJ2QUM4QVlRQjFBSFFBYUFCVUFHOEFhd0JsQUc0QUlnQXNBQ0lBZEFBaUFEb0FJZ0JsQUhZQVpRQnVBSFFBSWdCOUFDd0Fld0FpQUc0QUlnQTZBQ0lBY2dCbEFHRUFaQUI1QUhNQWRBQmhBSFFBWlFCakFHZ0FZUUJ1QUdjQVpRQWlBQ3dBSWdCekFDSUFPZ0EwQURZQU9RQXpBRFVBTEFBaUFHVUFJZ0E2QURRQU5nQTVBRE1BTlFBc0FDSUFid0FpQURvQUlnQjFBRzRBWkFCbEFHWUFhUUJ1QUdVQVpBQWdBRkFBVHdCVEFGUUFPZ0FnQUhNQWRBQmhBR2NBYVFCdUFHY0FjQUJ5QUdVQVpBQnBBR01BZEFBMUFDNEFhUUJ1QUdZQWJBQjFBR1VBYmdCakFHVUFhQUJsQUdFQWJBQjBBR2dBTGdCakFHOEFiUUE2QURNQU1BQXdBREFBTHdCd0FISUFaUUJrQUdrQVl3QjBBQzhBZGdBeEFDOEFZd0JzQUdrQVpRQnVBSFFBY3dBdkFIVUFiZ0JwQUhZQVpRQnlBSE1BYVFCMEFIa0FZd0J2QUd3QWJ3QnlBR0VBWkFCdkFDOEFZUUIxQUhRQWFBQlVBRzhBYXdCbEFHNEFJZ0FzQUNJQWRBQWlBRG9BSWdCbEFIWUFaUUJ1QUhRQUlnQjlBQ3dBZXdBaUFHNEFJZ0E2QUNJQWNnQmxBR0VBWkFCNUFITUFkQUJoQUhRQVpRQmpBR2dBWVFCdUFHY0FaUUFpQUN3QUlnQnpBQ0lBT2dBMEFEWUFPUUF6QURVQUxBQWlBR1VBSWdBNkFEUUFOZ0E1QURNQU5RQXNBQ0lBYndBaUFEb0FJZ0IxQUc0QVpBQmxBR1lBYVFCdUFHVUFaQUFnQUZBQVR3QlRBRlFBT2dBZ0FITUFkQUJoQUdjQWFRQnVBR2NBY0FCeUFHVUFaQUJwQUdNQWRBQTFBQzRBYVFCdUFHWUFiQUIxQUdVQWJnQmpBR1VBYUFCbEFHRUFiQUIwQUdnQUxnQmpBRzhBYlFBNkFETUFNQUF3QURBQUx3QndBSElBWlFCa0FHa0FZd0IwQUM4QWRnQXhBQzhBWXdCc0FHa0FaUUJ1QUhRQWN3QXZBSFVBYmdCcEFIWUFaUUJ5QUhNQWFRQjBBSGtBWXdCdkFHd0Fid0J5QUdFQVpBQnZBQzhBWVFCMUFIUUFhQUJVQUc4QWF3QmxBRzRBSWdBc0FDSUFkQUFpQURvQUlnQmxBSFlBWlFCdUFIUUFJZ0I5QUN3QWV3QWlBRzRBSWdBNkFDSUFjZ0JsQUdFQVpBQjVBSE1BZEFCaEFIUUFaUUJqQUdnQVlRQnVBR2NBWlFBaUFDd0FJZ0J6QUNJQU9nQTBBRFlBT1FBekFEVUFMQUFpQUdVQUlnQTZBRFFBTmdBNUFETUFOUUFzQUNJQWJ3QWlBRG9BSWdCMUFHNEFaQUJsQUdZQWFRQnVBR1VBWkFBZ0FGQUFUd0JUQUZRQU9nQWdBSE1BZEFCaEFHY0FhUUJ1QUdjQWNBQnlBR1VBWkFCcEFHTUFkQUExQUM0QWFRQnVBR1lBYkFCMUFHVUFiZ0JqQUdVQWFBQmxBR0VBYkFCMEFHZ0FMZ0JqQUc4QWJRQTZBRE1BTUFBd0FEQUFMd0J3QUhJQVpRQmtBR2tBWXdCMEFDOEFkZ0F4QUM4QVl3QnNBR2tBWlFCdUFIUUFjd0F2QUhVQWJnQnBBSFlBWlFCeUFITUFhUUIwQUhrQVl3QnZBR3dBYndCeUFHRUFaQUJ2QUM4QVlRQjFBSFFBYUFCVUFHOEFhd0JsQUc0QUlnQXNBQ0lBZEFBaUFEb0FJZ0JsQUhZQVpRQnVBSFFBSWdCOUFDd0Fld0FpQUc0QUlnQTZBQ0lBY2dCbEFHRUFaQUI1QUhNQWRBQmhBSFFBWlFCakFHZ0FZUUJ1QUdjQVpRQWlBQ3dBSWdCekFDSUFPZ0EwQURZQU9RQTBBRGtBTEFBaUFHVUFJZ0E2QURRQU5nQTVBRFFBT1FBc0FDSUFid0FpQURvQUlnQjFBRzRBWkFCbEFHWUFhUUJ1QUdVQVpBQWdBRWNBUlFCVUFEb0FJQUJ6QUhRQVlRQm5BR2tBYmdCbkFIQUFjZ0JsQUdRQWFRQmpBSFFBTlFBdUFHa0FiZ0JtQUd3QWRRQmxBRzRBWXdCbEFHZ0FaUUJoQUd3QWRBQm9BQzRBWXdCdkFHMEFPZ0EwQURRQU13QXZBQ1FBYlFCdkFHUUFkUUJzQUdVQUx3QnRBRzhBWkFCMUFHd0FaUUJ6QUM4QVlRQmpBR01BYndCMUFHNEFkQUJ6QUNJQUxBQWlBSFFBSWdBNkFDSUFaUUIyQUdVQWJnQjBBQ0lBZlFBc0FIc0FJZ0J1QUNJQU9nQWlBSElBWlFCaEFHUUFlUUJ6QUhRQVlRQjBBR1VBWXdCb0FHRUFiZ0JuQUdVQUlnQXNBQ0lBY3dBaUFEb0FOQUEyQURrQU5RQXdBQ3dBSWdCbEFDSUFPZ0EwQURZQU9RQTFBREFBTEFBaUFHOEFJZ0E2QUNJQWRRQnVBR1FBWlFCbUFHa0FiZ0JsQUdRQUlBQkhBRVVBVkFBNkFDQUFjd0IwQUdFQVp3QnBBRzRBWndCd0FISUFaUUJrQUdrQVl3QjBBRFVBTGdCcEFHNEFaZ0JzQUhVQVpRQnVBR01BWlFCb0FHVUFZUUJzQUhRQWFBQXVBR01BYndCdEFEb0FOQUEwQURNQUx3QWtBRzBBYndCa0FIVUFiQUJsQUM4QWJRQnZBR1FBZFFCc0FHVUFjd0F2QUdFQVl3QmpBRzhBZFFCdUFIUUFjd0FpQUN3QUlnQjBBQ0lBT2dBaUFHVUFkZ0JsQUc0QWRBQWlBSDBBTEFCN0FDSUFiZ0FpQURvQUlnQnlBR1VBWVFCa0FIa0Fjd0IwQUdFQWRBQmxBR01BYUFCaEFHNEFad0JsQUNJQUxBQWlBSE1BSWdBNkFEUUFOZ0E1QURNQU5RQXNBQ0lBWlFBaUFEb0FOQUEyQURrQU5RQXhBQ3dBSWdCdkFDSUFPZ0FpQUhVQWJnQmtBR1VBWmdCcEFHNEFaUUJrQUNBQVVBQlBBRk1BVkFBNkFDQUFjd0IwQUdFQVp3QnBBRzRBWndCd0FISUFaUUJrQUdrQVl3QjBBRFVBTGdCcEFHNEFaZ0JzQUhVQVpRQnVBR01BWlFCb0FHVUFZUUJzQUhRQWFBQXVBR01BYndCdEFEb0FNd0F3QURBQU1BQXZBSEFBY2dCbEFHUUFhUUJqQUhRQUx3QjJBREVBTHdCakFHd0FhUUJsQUc0QWRBQnpBQzhBZFFCdUFHa0FkZ0JsQUhJQWN3QnBBSFFBZVFCakFHOEFiQUJ2QUhJQVlRQmtBRzhBTHdCaEFIVUFkQUJvQUZRQWJ3QnJBR1VBYmdBaUFDd0FJZ0IwQUNJQU9nQWlBR1VBZGdCbEFHNEFkQUFpQUgwQUxBQjdBQ0lBYmdBaUFEb0FJZ0J5QUdVQVlRQmtBSGtBY3dCMEFHRUFkQUJsQUdNQWFBQmhBRzRBWndCbEFDSUFMQUFpQUhNQUlnQTZBRFFBTndBd0FEQUFOUUFzQUNJQVpRQWlBRG9BTkFBM0FEQUFNQUExQUN3QUlnQnZBQ0lBT2dBaUFIVUFiZ0JrQUdVQVpnQnBBRzRBWlFCa0FDQUFSd0JGQUZRQU9nQWdBSE1BZEFCaEFHY0FhUUJ1QUdjQWNBQnlBR1VBWkFCcEFHTUFkQUExQUM0QWFRQnVBR1lBYkFCMUFHVUFiZ0JqQUdVQWFBQmxBR0VBYkFCMEFHZ0FMZ0JqQUc4QWJRQTZBRFFBTkFBekFDOEFKQUJ0QUc4QVpBQjFBR3dBWlFBdkFHMEFid0JrQUhVQWJBQmxBSE1BTHdCaEFHTUFZd0J2QUhVQWJnQjBBSE1BSWdBc0FDSUFkQUFpQURvQUlnQmxBSFlBWlFCdUFIUUFJZ0I5QUN3QWV3QWlBRzRBSWdBNkFDSUFjZ0JsQUdFQVpBQjVBSE1BZEFCaEFIUUFaUUJqQUdnQVlRQnVBR2NBWlFBaUFDd0FJZ0J6QUNJQU9nQTBBRGNBTUFBd0FEVUFMQUFpQUdVQUlnQTZBRFFBTndBd0FEQUFOUUFzQUNJQWJ3QWlBRG9BSWdCMUFHNEFaQUJsQUdZQWFRQnVBR1VBWkFBZ0FFY0FSUUJVQURvQUlBQnpBSFFBWVFCbkFHa0FiZ0JuQUhBQWNnQmxBR1FBYVFCakFIUUFOUUF1QUdrQWJnQm1BR3dBZFFCbEFHNEFZd0JsQUdnQVpRQmhBR3dBZEFCb0FDNEFZd0J2QUcwQU9nQTBBRFFBTXdBdkFDUUFiUUJ2QUdRQWRRQnNBR1VBTHdCdEFHOEFaQUIxQUd3QVpRQnpBQzhBWVFCakFHTUFid0IxQUc0QWRBQnpBQ0lBTEFBaUFIUUFJZ0E2QUNJQVpRQjJBR1VBYmdCMEFDSUFmUUFzQUhzQUlnQnVBQ0lBT2dBaUFISUFaUUJoQUdRQWVRQnpBSFFBWVFCMEFHVUFZd0JvQUdFQWJnQm5BR1VBSWdBc0FDSUFjd0FpQURvQU5BQTNBREFBTUFBMkFDd0FJZ0JsQUNJQU9nQTBBRGNBTUFBd0FEWUFMQUFpQUc4QUlnQTZBQ0lBZFFCdUFHUUFaUUJtQUdrQWJnQmxBR1FBSUFCSEFFVUFWQUE2QUNBQWN3QjBBR0VBWndCcEFHNEFad0J3QUhJQVpRQmtBR2tBWXdCMEFEVUFMZ0JwQUc0QVpnQnNBSFVBWlFCdUFHTUFaUUJvQUdVQVlRQnNBSFFBYUFBdUFHTUFid0J0QURvQU5BQTBBRE1BTHdBa0FHMEFid0JrQUhVQWJBQmxBQzhBYlFCdkFHUUFkUUJzQUdVQWN3QXZBR0VBWXdCakFHOEFkUUJ1QUhRQWN3QWlBQ3dBSWdCMEFDSUFPZ0FpQUdVQWRnQmxBRzRBZEFBaUFIMEFMQUI3QUNJQWJnQWlBRG9BSWdCeUFHVUFZUUJrQUhrQWN3QjBBR0VBZEFCbEFHTUFhQUJoQUc0QVp3QmxBQ0lBTEFBaUFITUFJZ0E2QURRQU53QXdBREFBT1FBc0FDSUFaUUFpQURvQU5BQTNBREFBTUFBNUFDd0FJZ0J2QUNJQU9nQWlBSFVBYmdCa0FHVUFaZ0JwQUc0QVpRQmtBQ0FBUndCRkFGUUFPZ0FnQUhNQWRBQmhBR2NBYVFCdUFHY0FjQUJ5QUdVQVpBQnBBR01BZEFBMUFDNEFhUUJ1QUdZQWJBQjFBR1VBYmdCakFHVUFhQUJsQUdFQWJBQjBBR2dBTGdCakFHOEFiUUE2QURRQU5BQXpBQzhBYlFCdkFHUUFkUUJzQUdVQWN3QXZBR0VBWXdCakFHOEFkUUJ1QUhRQWN3QXZBQzhBWXdCdkFHNEFkQUJ5QUc4QWJBQnNBR1VBY2dCekFGd0FYQUJCQUdNQVl3QnZBSFVBYmdCMEFITUFRd0IwQUhJQWJBQXVBR29BY3dBaUFDd0FJZ0IwQUNJQU9nQWlBR1VBZGdCbEFHNEFkQUFpQUgwQUxBQjdBQ0lBYmdBaUFEb0FJZ0J5QUdVQVlRQmtBSGtBY3dCMEFHRUFkQUJsQUdNQWFBQmhBRzRBWndCbEFDSUFMQUFpQUhNQUlnQTZBRFFBTndBd0FERUFNQUFzQUNJQVpRQWlBRG9BTkFBM0FEQUFNUUF3QUN3QUlnQnZBQ0lBT2dBaUFIVUFiZ0JrQUdVQVpnQnBBRzRBWlFCa0FDQUFSd0JGQUZRQU9nQWdBSE1BZEFCaEFHY0FhUUJ1QUdjQWNBQnlBR1VBWkFCcEFHTUFkQUExQUM0QWFRQnVBR1lBYkFCMUFHVUFiZ0JqQUdVQWFBQmxBR0VBYkFCMEFHZ0FMZ0JqQUc4QWJRQTZBRFFBTkFBekFDOEFiUUJ2QUdRQWRRQnNBR1VBY3dBdkFHRUFZd0JqQUc4QWRRQnVBSFFBY3dBdkFDOEFZd0J2QUc0QWRBQnlBRzhBYkFCc0FHVUFjZ0J6QUZ3QVhBQkJBR01BWXdCdkFIVUFiZ0IwQUhNQVF3QjBBSElBYkFBdUFHb0Fjd0FpQUN3QUlnQjBBQ0lBT2dBaUFHVUFkZ0JsQUc0QWRBQWlBSDBBTEFCN0FDSUFiZ0FpQURvQUlnQnlBR1VBWVFCa0FIa0Fjd0IwQUdFQWRBQmxBR01BYUFCaEFHNEFad0JsQUNJQUxBQWlBSE1BSWdBNkFEUUFOd0F3QURjQU5BQXNBQ0lBWlFBaUFEb0FOQUEzQURBQU53QTBBQ3dBSWdCdkFDSUFPZ0FpQUhVQWJnQmtBR1VBWmdCcEFHNEFaUUJrQUNBQVJ3QkZBRlFBT2dBZ0FITUFkQUJoQUdjQWFRQnVBR2NBY0FCeUFHVUFaQUJwQUdNQWRBQTFBQzRBYVFCdUFHWUFiQUIxQUdVQWJnQmpBR1VBYUFCbEFHRUFiQUIwQUdnQUxnQmpBRzhBYlFBNkFEUUFOQUF6QUM4QWJRQnZBR1FBZFFCc0FHVUFjd0F2QUdFQVl3QmpBRzhBZFFCdUFIUUFjd0F2QUM4QVl3QnZBRzRBZEFCeUFHOEFiQUJzQUdVQWNnQnpBRndBWEFCQkFHTUFZd0J2QUhVQWJnQjBBSE1BUXdCMEFISUFiQUF1QUdvQWN3QWlBQ3dBSWdCMEFDSUFPZ0FpQUdVQWRnQmxBRzRBZEFBaUFIMEFMQUI3QUNJQWJnQWlBRG9BSWdCeUFHVUFZUUJrQUhrQWN3QjBBR0VBZEFCbEFHTUFhQUJoQUc0QVp3QmxBQ0lBTEFBaUFITUFJZ0E2QURRQU53QXdBRGNBTkFBc0FDSUFaUUFpQURvQU5BQTNBREFBTndBMEFDd0FJZ0J2QUNJQU9nQWlBSFVBYmdCa0FHVUFaZ0JwQUc0QVpRQmtBQ0FBUndCRkFGUUFPZ0FnQUhNQWRBQmhBR2NBYVFCdUFHY0FjQUJ5QUdVQVpBQnBBR01BZEFBMUFDNEFhUUJ1QUdZQWJBQjFBR1VBYmdCakFHVUFhQUJsQUdFQWJBQjBBR2dBTGdCakFHOEFiUUE2QURRQU5BQXpBQzhBYlFCdkFHUUFkUUJzQUdVQWN3QXZBR0VBWXdCakFHOEFkUUJ1QUhRQWN3QXZBQzhBWXdCdkFHNEFkQUJ5QUc4QWJBQnNBR1VBY2dCekFGd0FYQUJCQUdNQVl3QnZBSFVBYmdCMEFITUFRd0IwQUhJQWJBQXVBR29BY3dBaUFDd0FJZ0IwQUNJQU9nQWlBR1VBZGdCbEFHNEFkQUFpQUgwQUxBQjdBQ0lBYmdBaUFEb0FJZ0J5QUdVQVlRQmtBSGtBY3dCMEFHRUFkQUJsQUdNQWFBQmhBRzRBWndCbEFDSUFMQUFpQUhNQUlnQTZBRFFBTndBd0FEY0FOQUFzQUNJQVpRQWlBRG9BTkFBM0FEQUFOd0EwQUN3QUlnQnZBQ0lBT2dBaUFIVUFiZ0JrQUdVQVpnQnBBRzRBWlFCa0FDQUFSd0JGQUZRQU9nQWdBSE1BZEFCaEFHY0FhUUJ1QUdjQWNBQnlBR1VBWkFCcEFHTUFkQUExQUM0QWFRQnVBR1lBYkFCMUFHVUFiZ0JqQUdVQWFBQmxBR0VBYkFCMEFHZ0FMZ0JqQUc4QWJRQTZBRFFBTkFBekFDOEFiUUJ2QUdRQWRRQnNBR1VBY3dBdkFHRUFZd0JqQUc4QWRRQnVBSFFBY3dBdkFDOEFZd0J2QUc0QWRBQnlBRzhBYkFCc0FHVUFjZ0J6QUZ3QVhBQkJBR01BWXdCdkFIVUFiZ0IwQUhNQVF3QjBBSElBYkFBdUFHb0Fjd0FpQUN3QUlnQjBBQ0lBT2dBaUFHVUFkZ0JsQUc0QWRBQWlBSDBBTEFCN0FDSUFiZ0FpQURvQUlnQnlBR1VBWVFCa0FIa0Fjd0IwQUdFQWRBQmxBR01BYUFCaEFHNEFad0JsQUNJQUxBQWlBSE1BSWdBNkFEUUFOd0F5QURjQU5nQXNBQ0lBWlFBaUFEb0FOQUEzQURJQU53QTJBQ3dBSWdCdkFDSUFPZ0FpQUhVQWJnQmtBR1VBWmdCcEFHNEFaUUJrQUNBQVJ3QkZBRlFBT2dBZ0FITUFkQUJoQUdjQWFRQnVBR2NBY0FCeUFHVUFaQUJwQUdNQWRBQTFBQzRBYVFCdUFHWUFiQUIxQUdVQWJnQmpBR1VBYUFCbEFHRUFiQUIwQUdnQUxnQmpBRzhBYlFBNkFEUUFOQUF6QUM4QWJRQnZBR1FBZFFCc0FHVUFjd0F2QUdFQVl3QmpBRzhBZFFCdUFIUUFjd0F2QUdrQWJnQmtBR1VBZUFBdUFHZ0FkQUJ0QUd3QUlnQXNBQ0lBZEFBaUFEb0FJZ0JsQUhZQVpRQnVBSFFBSWdCOUFDd0Fld0FpQUc0QUlnQTZBQ0lBY2dCbEFHRUFaQUI1QUhNQWRBQmhBSFFBWlFCakFHZ0FZUUJ1QUdjQVpRQWlBQ3dBSWdCekFDSUFPZ0EwQURjQU1nQTRBRFlBTEFBaUFHVUFJZ0E2QURRQU53QXlBRGdBTmdBc0FDSUFid0FpQURvQUlnQjFBRzRBWkFCbEFHWUFhUUJ1QUdVQVpBQWdBRWNBUlFCVUFEb0FJQUJ6QUhRQVlRQm5BR2tBYmdCbkFIQUFjZ0JsQUdRQWFRQmpBSFFBTlFBdUFHa0FiZ0JtQUd3QWRRQmxBRzRBWXdCbEFHZ0FaUUJoQUd3QWRBQm9BQzRBWXdCdkFHMEFPZ0EwQURRQU13QXZBRzBBYndCa0FIVUFiQUJsQUhNQUx3QmhBR01BWXdCdkFIVUFiZ0IwQUhNQUx3QnBBRzRBWkFCbEFIZ0FMZ0JvQUhRQWJRQnNBQ0lBTEFBaUFIUUFJZ0E2QUNJQVpRQjJBR1VBYmdCMEFDSUFmUUFzQUhzQUlnQnVBQ0lBT2dBaUFISUFaUUJoQUdRQWVRQnpBSFFBWVFCMEFHVUFZd0JvQUdFQWJnQm5BR1VBSWdBc0FDSUFjd0FpQURvQU5BQTNBRFVBTndBM0FDd0FJZ0JsQUNJQU9nQTBBRGNBTlFBM0FEY0FMQUFpQUc4QUlnQTZBQ0lBZFFCdUFHUUFaUUJtQUdrQWJnQmxBR1FBSUFCSEFFVUFWQUE2QUNBQWN3QjBBR0VBWndCcEFHNEFad0J3QUhJQVpRQmtBR2tBWXdCMEFEVUFMZ0JwQUc0QVpnQnNBSFVBWlFCdUFHTUFaUUJvQUdVQVlRQnNBSFFBYUFBdUFHTUFid0J0QURvQU5BQTBBRE1BTHdCdEFHOEFaQUIxQUd3QVpRQnpBQzhBWVFCakFHTUFid0IxQUc0QWRBQnpBQzhBYVFCdUFHUUFaUUI0QUM0QWFBQjBBRzBBYkFBaUFDd0FJZ0IwQUNJQU9nQWlBR1VBZGdCbEFHNEFkQUFpQUgwQUxBQjdBQ0lBYmdBaUFEb0FJZ0J5QUdVQVlRQmtBSGtBY3dCMEFHRUFkQUJsQUdNQWFBQmhBRzRBWndCbEFDSUFMQUFpQUhNQUlnQTZBRFFBTndBMUFEY0FOd0FzQUNJQVpRQWlBRG9BTkFBM0FEVUFOd0EzQUN3QUlnQnZBQ0lBT2dBaUFIVUFiZ0JrQUdVQVpnQnBBRzRBWlFCa0FDQUFSd0JGQUZRQU9nQWdBSE1BZEFCaEFHY0FhUUJ1QUdjQWNBQnlBR1VBWkFCcEFHTUFkQUExQUM0QWFRQnVBR1lBYkFCMUFHVUFiZ0JqQUdVQWFBQmxBR0VBYkFCMEFHZ0FMZ0JqQUc4QWJRQTZBRFFBTkFBekFDOEFiUUJ2QUdRQWRRQnNBR1VBY3dBdkFHRUFZd0JqQUc4QWRRQnVBSFFBY3dBdkFHa0FiZ0JrQUdVQWVBQXVBR2dBZEFCdEFHd0FJZ0FzQUNJQWRBQWlBRG9BSWdCbEFIWUFaUUJ1QUhRQUlnQjlBQ3dBZXdBaUFHNEFJZ0E2QUNJQWNnQmxBR0VBWkFCNUFITUFkQUJoQUhRQVpRQmpBR2dBWVFCdUFHY0FaUUFpQUN3QUlnQnpBQ0lBT2dBMEFEY0FOUUEzQURjQUxBQWlBR1VBSWdBNkFEUUFOd0ExQURjQU53QXNBQ0lBYndBaUFEb0FJZ0IxQUc0QVpBQmxBR1lBYVFCdUFHVUFaQUFnQUVjQVJRQlVBRG9BSUFCekFIUUFZUUJuQUdrQWJnQm5BSEFBY2dCbEFHUUFhUUJqQUhRQU5RQXVBR2tBYmdCbUFHd0FkUUJsQUc0QVl3QmxBR2dBWlFCaEFHd0FkQUJvQUM0QVl3QnZBRzBBT2dBMEFEUUFNd0F2QUcwQWJ3QmtBSFVBYkFCbEFITUFMd0JoQUdNQVl3QnZBSFVBYmdCMEFITUFMd0JwQUc0QVpBQmxBSGdBTGdCb0FIUUFiUUJzQUNJQUxBQWlBSFFBSWdBNkFDSUFaUUIyQUdVQWJnQjBBQ0lBZlFBc0FIc0FJZ0J1QUNJQU9nQWlBSElBWlFCaEFHUUFlUUJ6QUhRQVlRQjBBR1VBWXdCb0FHRUFiZ0JuQUdVQUlnQXNBQ0lBY3dBaUFEb0FOQUEzQURVQU9RQXdBQ3dBSWdCbEFDSUFPZ0EwQURjQU5RQTVBREFBTEFBaUFHOEFJZ0E2QUNJQWRRQnVBR1FBWlFCbUFHa0FiZ0JsQUdRQUlBQkhBRVVBVkFBNkFDQUFjd0IwQUdFQVp3QnBBRzRBWndCd0FISUFaUUJrQUdrQVl3QjBBRFVBTGdCcEFHNEFaZ0JzQUhVQVpRQnVBR01BWlFCb0FHVUFZUUJzQUhRQWFBQXVBR01BYndCdEFEb0FNd0F3QURBQU1BQXZBSEFBY2dCbEFHUUFhUUJqQUhRQUx3QjJBREVBTHdCakFHd0FhUUJsQUc0QWRBQnpBQzhBZFFCdUFHa0FkZ0JsQUhJQWN3QnBBSFFBZVFCakFHOEFiQUJ2QUhJQVlRQmtBRzhBTHdCc0FHa0Fjd0IwQUdNQWJBQnBBR1VBYmdCMEFITUFJZ0FzQUNJQWRBQWlBRG9BSWdCbEFIWUFaUUJ1QUhRQUlnQjlBQ3dBZXdBaUFHNEFJZ0E2QUNJQWNnQmxBR0VBWkFCNUFITUFkQUJoQUhRQVpRQmpBR2dBWVFCdUFHY0FaUUFpQUN3QUlnQnpBQ0lBT2dBMEFEY0FOUUE1QURFQUxBQWlBR1VBSWdBNkFEUUFOd0ExQURrQU1RQXNBQ0lBYndBaUFEb0FJZ0IxQUc0QVpBQmxBR1lBYVFCdUFHVUFaQUFnQUVjQVJRQlVBRG9BSUFCekFIUUFZUUJuQUdrQWJnQm5BSEFBY2dCbEFHUUFhUUJqQUhRQU5RQXVBR2tBYmdCbUFHd0FkUUJsQUc0QVl3QmxBR2dBWlFCaEFHd0FkQUJvQUM0QVl3QnZBRzBBT2dBekFEQUFNQUF3QUM4QWNBQnlBR1VBWkFCcEFHTUFkQUF2QUhZQU1RQXZBR01BYkFCcEFHVUFiZ0IwQUhNQUx3QjFBRzRBYVFCMkFHVUFjZ0J6QUdrQWRBQjVBR01BYndCc0FHOEFjZ0JoQUdRQWJ3QXZBR3dBYVFCekFIUUFZd0JzQUdrQVpRQnVBSFFBY3dBaUFDd0FJZ0IwQUNJQU9nQWlBR1VBZGdCbEFHNEFkQUFpQUgwQUxBQjdBQ0lBYmdBaUFEb0FJZ0J5QUdVQVlRQmtBSGtBY3dCMEFHRUFkQUJsQUdNQWFBQmhBRzRBWndCbEFDSUFMQUFpQUhNQUlnQTZBRFFBTndBMUFEa0FNUUFzQUNJQVpRQWlBRG9BTkFBM0FEVUFPUUF4QUN3QUlnQnZBQ0lBT2dBaUFIVUFiZ0JrQUdVQVpnQnBBRzRBWlFCa0FDQUFSd0JGQUZRQU9nQWdBSE1BZEFCaEFHY0FhUUJ1QUdjQWNBQnlBR1VBWkFCcEFHTUFkQUExQUM0QWFRQnVBR1lBYkFCMUFHVUFiZ0JqQUdVQWFBQmxBR0VBYkFCMEFHZ0FMZ0JqQUc4QWJRQTZBRE1BTUFBd0FEQUFMd0J3QUhJQVpRQmtBR2tBWXdCMEFDOEFkZ0F4QUM4QVl3QnNBR2tBWlFCdUFIUUFjd0F2QUhVQWJnQnBBSFlBWlFCeUFITUFhUUIwQUhrQVl3QnZBR3dBYndCeUFHRUFaQUJ2QUM4QWJBQnBBSE1BZEFCakFHd0FhUUJsQUc0QWRBQnpBQ0lBTEFBaUFIUUFJZ0E2QUNJQVpRQjJBR1VBYmdCMEFDSUFmUUFzQUhzQUlnQnVBQ0lBT2dBaUFISUFaUUJoQUdRQWVRQnpBSFFBWVFCMEFHVUFZd0JvQUdFQWJnQm5BR1VBSWdBc0FDSUFjd0FpQURvQU5BQTNBRFVBT1FBMUFDd0FJZ0JsQUNJQU9nQTBBRGNBTlFBNUFEVUFMQUFpQUc4QUlnQTZBQ0lBZFFCdUFHUUFaUUJtQUdrQWJnQmxBR1FBSUFCSEFFVUFWQUE2QUNBQWN3QjBBR0VBWndCcEFHNEFad0J3QUhJQVpRQmtBR2tBWXdCMEFEVUFMZ0JwQUc0QVpnQnNBSFVBWlFCdUFHTUFaUUJvQUdVQVlRQnNBSFFBYUFBdUFHTUFid0J0QURvQU5BQTBBRE1BTHdCdEFHOEFaQUIxQUd3QVpRQnpBQzhBWVFCakFHTUFid0IxQUc0QWRBQnpBQzhBZGdCcEFHVUFkd0J6QUM4QVl3Qm9BRzhBYndCekFHVUFMUUJqQUc4QWJnQjBBR1VBZUFCMEFDNEFhQUIwQUcwQWJBQWlBQ3dBSWdCMEFDSUFPZ0FpQUdVQWRnQmxBRzRBZEFBaUFIMEFMQUI3QUNJQWJnQWlBRG9BSWdCeUFHVUFZUUJrQUhrQWN3QjBBR0VBZEFCbEFHTUFhQUJoQUc0QVp3QmxBQ0lBTEFBaUFITUFJZ0E2QURRQU53QTFBRGtBTmdBc0FDSUFaUUFpQURvQU5BQTNBRFVBT1FBMkFDd0FJZ0J2QUNJQU9nQWlBSFVBYmdCa0FHVUFaZ0JwQUc0QVpRQmtBQ0FBUndCRkFGUUFPZ0FnQUhNQWRBQmhBR2NBYVFCdUFHY0FjQUJ5QUdVQVpBQnBBR01BZEFBMUFDNEFhUUJ1QUdZQWJBQjFBR1VBYmdCakFHVUFhQUJsQUdFQWJBQjBBR2dBTGdCakFHOEFiUUE2QURRQU5BQXpBQzhBYlFCdkFHUUFkUUJzQUdVQWN3QXZBR0VBWXdCakFHOEFkUUJ1QUhRQWN3QXZBSFlBYVFCbEFIY0Fjd0F2QUdNQWFBQnZBRzhBY3dCbEFDMEFZd0J2QUc0QWRBQmxBSGdBZEFBdUFHZ0FkQUJ0QUd3QUlnQXNBQ0lBZEFBaUFEb0FJZ0JsQUhZQVpRQnVBSFFBSWdCOUFDd0Fld0FpQUc0QUlnQTZBQ0lBY2dCbEFHRUFaQUI1QUhNQWRBQmhBSFFBWlFCakFHZ0FZUUJ1QUdjQVpRQWlBQ3dBSWdCekFDSUFPZ0EwQURnQU1nQXdBREVBTEFBaUFHVUFJZ0E2QURRQU9BQXlBREFBTWdBc0FDSUFid0FpQURvQUlnQjFBRzRBWkFCbEFHWUFhUUJ1QUdVQVpBQWdBRWNBUlFCVUFEb0FJQUJ6QUhRQVlRQm5BR2tBYmdCbkFIQUFjZ0JsQUdRQWFRQmpBSFFBTlFBdUFHa0FiZ0JtQUd3QWRRQmxBRzRBWXdCbEFHZ0FaUUJoQUd3QWRBQm9BQzRBWXdCdkFHMEFPZ0F6QURBQU1BQXdBQzhBY0FCeUFHVUFaQUJwQUdNQWRBQXZBSFlBTVFBdkFHTUFiQUJwQUdVQWJnQjBBSE1BTHdCMUFHNEFhUUIyQUdVQWNnQnpBR2tBZEFCNUFHTUFid0JzQUc4QWNnQmhBR1FBYndBdkFHd0FhUUJ6QUhRQVl3QnNBR2tBWlFCdUFIUUFjd0FpQUN3QUlnQjBBQ0lBT2dBaUFHVUFkZ0JsQUc0QWRBQWlBSDBBTEFCN0FDSUFiZ0FpQURvQUlnQnlBR1VBWVFCa0FIa0Fjd0IwQUdFQWRBQmxBR01BYUFCaEFHNEFad0JsQUNJQUxBQWlBSE1BSWdBNkFEUUFPQUF5QURBQU1nQXNBQ0lBWlFBaUFEb0FOQUE0QURJQU1BQXlBQ3dBSWdCdkFDSUFPZ0FpQUhVQWJnQmtBR1VBWmdCcEFHNEFaUUJrQUNBQVJ3QkZBRlFBT2dBZ0FITUFkQUJoQUdjQWFRQnVBR2NBY0FCeUFHVUFaQUJwQUdNQWRBQTFBQzRBYVFCdUFHWUFiQUIxQUdVQWJnQmpBR1VBYUFCbEFHRUFiQUIwQUdnQUxnQmpBRzhBYlFBNkFETUFNQUF3QURBQUx3QndBSElBWlFCa0FHa0FZd0IwQUM4QWRnQXhBQzhBWXdCc0FHa0FaUUJ1QUhRQWN3QXZBSFVBYmdCcEFIWUFaUUJ5QUhNQWFRQjBBSGtBWXdCdkFHd0Fid0J5QUdFQVpBQnZBQzhBYkFCcEFITUFkQUJqQUd3QWFRQmxBRzRBZEFCekFDSUFMQUFpQUhRQUlnQTZBQ0lBWlFCMkFHVUFiZ0IwQUNJQWZRQXNBSHNBSWdCdUFDSUFPZ0FpQUhJQVpRQmhBR1FBZVFCekFIUUFZUUIwQUdVQVl3Qm9BR0VBYmdCbkFHVUFJZ0FzQUNJQWN3QWlBRG9BTkFBNEFESUFNQUF5QUN3QUlnQmxBQ0lBT2dBMEFEZ0FNZ0F3QURJQUxBQWlBRzhBSWdBNkFDSUFkUUJ1QUdRQVpRQm1BR2tBYmdCbEFHUUFJQUJIQUVVQVZBQTZBQ0FBY3dCMEFHRUFad0JwQUc0QVp3QndBSElBWlFCa0FHa0FZd0IwQURVQUxnQnBBRzRBWmdCc0FIVUFaUUJ1QUdNQVpRQm9BR1VBWVFCc0FIUUFhQUF1QUdNQWJ3QnRBRG9BTXdBd0FEQUFNQUF2QUhBQWNnQmxBR1FBYVFCakFIUUFMd0IyQURFQUx3QmpBR3dBYVFCbEFHNEFkQUJ6QUM4QWRRQnVBR2tBZGdCbEFISUFjd0JwQUhRQWVRQmpBRzhBYkFCdkFISUFZUUJrQUc4QUx3QnNBR2tBY3dCMEFHTUFiQUJwQUdVQWJnQjBBSE1BSWdBc0FDSUFkQUFpQURvQUlnQmxBSFlBWlFCdUFIUUFJZ0I5QUN3QWV3QWlBRzRBSWdBNkFDSUFjZ0JsQUdFQVpBQjVBSE1BZEFCaEFIUUFaUUJqQUdnQVlRQnVBR2NBWlFBaUFDd0FJZ0J6QUNJQU9nQTBBRGdBTWdBd0FESUFMQUFpQUdVQUlnQTZBRFFBT0FBeUFEQUFNZ0FzQUNJQWJ3QWlBRG9BSWdCMUFHNEFaQUJsQUdZQWFRQnVBR1VBWkFBZ0FFY0FSUUJVQURvQUlBQnpBSFFBWVFCbkFHa0FiZ0JuQUhBQWNnQmxBR1FBYVFCakFIUUFOUUF1QUdrQWJnQm1BR3dBZFFCbEFHNEFZd0JsQUdnQVpRQmhBR3dBZEFCb0FDNEFZd0J2QUcwQU9nQXpBREFBTUFBd0FDOEFjQUJ5QUdVQVpBQnBBR01BZEFBdkFIWUFNUUF2QUdNQWJBQnBBR1VBYmdCMEFITUFMd0IxQUc0QWFRQjJBR1VBY2dCekFHa0FkQUI1QUdNQWJ3QnNBRzhBY2dCaEFHUUFid0F2QUd3QWFRQnpBSFFBWXdCc0FHa0FaUUJ1QUhRQWN3QWlBQ3dBSWdCMEFDSUFPZ0FpQUdVQWRnQmxBRzRBZEFBaUFIMEFMQUI3QUNJQWJnQWlBRG9BSWdCeUFHVUFZUUJrQUhrQWN3QjBBR0VBZEFCbEFHTUFhQUJoQUc0QVp3QmxBQ0lBTEFBaUFITUFJZ0E2QURRQU9BQXlBREFBTWdBc0FDSUFaUUFpQURvQU5BQTRBRElBTUFBeUFDd0FJZ0J2QUNJQU9nQWlBSFVBYmdCa0FHVUFaZ0JwQUc0QVpRQmtBQ0FBUndCRkFGUUFPZ0FnQUhNQWRBQmhBR2NBYVFCdUFHY0FjQUJ5QUdVQVpBQnBBR01BZEFBMUFDNEFhUUJ1QUdZQWJBQjFBR1VBYmdCakFHVUFhQUJsQUdFQWJBQjBBR2dBTGdCakFHOEFiUUE2QURNQU1BQXdBREFBTHdCd0FISUFaUUJrQUdrQVl3QjBBQzhBZGdBeEFDOEFZd0JzQUdrQVpRQnVBSFFBY3dBdkFIVUFiZ0JwQUhZQVpRQnlBSE1BYVFCMEFIa0FZd0J2QUd3QWJ3QnlBR0VBWkFCdkFDOEFiQUJwQUhNQWRBQmpBR3dBYVFCbEFHNEFkQUJ6QUNJQUxBQWlBSFFBSWdBNkFDSUFaUUIyQUdVQWJnQjBBQ0lBZlFBc0FIc0FJZ0J1QUNJQU9nQWlBSElBWlFCaEFHUUFlUUJ6QUhRQVlRQjBBR1VBWXdCb0FHRUFiZ0JuQUdVQUlnQXNBQ0lBY3dBaUFEb0FOQUE0QURJQU1RQXpBQ3dBSWdCbEFDSUFPZ0EwQURnQU1nQXhBRE1BTEFBaUFHOEFJZ0E2QUNJQWRRQnVBR1FBWlFCbUFHa0FiZ0JsQUdRQUlBQkhBRVVBVkFBNkFDQUFjd0IwQUdFQVp3QnBBRzRBWndCd0FISUFaUUJrQUdrQVl3QjBBRFVBTGdCcEFHNEFaZ0JzQUhVQVpRQnVBR01BWlFCb0FHVUFZUUJzQUhRQWFBQXVBR01BYndCdEFEb0FOQUEwQURNQUx3QWtBRzBBYndCa0FIVUFiQUJsQUM4QWJBQmhBSGtBYndCMUFIUUFjd0F2QUdJQVlRQnpBR1VBSWdBc0FDSUFkQUFpQURvQUlnQmxBSFlBWlFCdUFIUUFJZ0I5QUN3QWV3QWlBRzRBSWdBNkFDSUFjZ0JsQUdFQVpBQjVBSE1BZEFCaEFIUUFaUUJqQUdnQVlRQnVBR2NBWlFBaUFDd0FJZ0J6QUNJQU9nQTBBRGdBTWdBeEFETUFMQUFpQUdVQUlnQTZBRFFBT0FBeUFERUFNd0FzQUNJQWJ3QWlBRG9BSWdCMUFHNEFaQUJsQUdZQWFRQnVBR1VBWkFBZ0FFY0FSUUJVQURvQUlBQnpBSFFBWVFCbkFHa0FiZ0JuQUhBQWNnQmxBR1FBYVFCakFIUUFOUUF1QUdrQWJnQm1BR3dBZFFCbEFHNEFZd0JsQUdnQVpRQmhBR3dBZEFCb0FDNEFZd0J2QUcwQU9nQTBBRFFBTXdBdkFDUUFiUUJ2QUdRQWRRQnNBR1VBTHdCc0FHRUFlUUJ2QUhVQWRBQnpBQzhBWWdCaEFITUFaUUFpQUN3QUlnQjBBQ0lBT2dBaUFHVUFkZ0JsQUc0QWRBQWlBSDBBTEFCN0FDSUFiZ0FpQURvQUlnQnlBR1VBWVFCa0FIa0Fjd0IwQUdFQWRBQmxBR01BYUFCaEFHNEFad0JsQUNJQUxBQWlBSE1BSWdBNkFEUUFPQUF5QURBQU1nQXNBQ0lBWlFBaUFEb0FOQUE0QURJQU1RQTJBQ3dBSWdCdkFDSUFPZ0FpQUhVQWJnQmtBR1VBWmdCcEFHNEFaUUJrQUNBQVJ3QkZBRlFBT2dBZ0FITUFkQUJoQUdjQWFRQnVBR2NBY0FCeUFHVUFaQUJwQUdNQWRBQTFBQzRBYVFCdUFHWUFiQUIxQUdVQWJnQmpBR1VBYUFCbEFHRUFiQUIwQUdnQUxnQmpBRzhBYlFBNkFETUFNQUF3QURBQUx3QndBSElBWlFCa0FHa0FZd0IwQUM4QWRnQXhBQzhBWXdCc0FHa0FaUUJ1QUhRQWN3QXZBSFVBYmdCcEFIWUFaUUJ5QUhNQWFRQjBBSGtBWXdCdkFHd0Fid0J5QUdFQVpBQnZBQzhBYkFCcEFITUFkQUJqQUd3QWFRQmxBRzRBZEFCekFDSUFMQUFpQUhRQUlnQTZBQ0lBWlFCMkFHVUFiZ0IwQUNJQWZRQXNBSHNBSWdCdUFDSUFPZ0FpQUhJQVpRQmhBR1FBZVFCekFIUUFZUUIwQUdVQVl3Qm9BR0VBYmdCbkFHVUFJZ0FzQUNJQWN3QWlBRG9BTkFBNEFESUFNUUEzQUN3QUlnQmxBQ0lBT2dBMEFEZ0FNZ0F4QURjQUxBQWlBRzhBSWdBNkFDSUFkUUJ1QUdRQVpRQm1BR2tBYmdCbEFHUUFJQUJIQUVVQVZBQTZBQ0FBY3dCMEFHRUFad0JwQUc0QVp3QndBSElBWlFCa0FHa0FZd0IwQURVQUxnQnBBRzRBWmdCc0FIVUFaUUJ1QUdNQVpRQm9BR1VBWVFCc0FIUUFhQUF1QUdNQWJ3QnRBRG9BTkFBMEFETUFMd0J0QUc4QVpBQjFBR3dBWlFCekFDOEFZUUJqQUdNQWJ3QjFBRzRBZEFCekFDOEFkZ0JwQUdVQWR3QnpBQzhBWXdCb0FHOEFid0J6QUdVQUxRQmpBRzhBYmdCMEFHVUFlQUIwQUM0QWFBQjBBRzBBYkFBaUFDd0FJZ0IwQUNJQU9nQWlBR1VBZGdCbEFHNEFkQUFpQUgwQUxBQjdBQ0lBYmdBaUFEb0FJZ0J5QUdVQVlRQmtBSGtBY3dCMEFHRUFkQUJsQUdNQWFBQmhBRzRBWndCbEFDSUFMQUFpQUhNQUlnQTZBRFFBT0FBeUFERUFPQUFzQUNJQVpRQWlBRG9BTkFBNEFESUFNUUE0QUN3QUlnQnZBQ0lBT2dBaUFIVUFiZ0JrQUdVQVpnQnBBRzRBWlFCa0FDQUFSd0JGQUZRQU9nQWdBSE1BZEFCaEFHY0FhUUJ1QUdjQWNBQnlBR1VBWkFCcEFHTUFkQUExQUM0QWFRQnVBR1lBYkFCMUFHVUFiZ0JqQUdVQWFBQmxBR0VBYkFCMEFHZ0FMZ0JqQUc4QWJRQTZBRFFBTkFBekFDOEFiUUJ2QUdRQWRRQnNBR1VBY3dBdkFHRUFZd0JqQUc4QWRRQnVBSFFBY3dBdkFIWUFhUUJsQUhjQWN3QXZBR01BYUFCdkFHOEFjd0JsQUMwQVl3QnZBRzRBZEFCbEFIZ0FkQUF1QUdnQWRBQnRBR3dBSWdBc0FDSUFkQUFpQURvQUlnQmxBSFlBWlFCdUFIUUFJZ0I5QUN3QWV3QWlBRzRBSWdBNkFDSUFjZ0JsQUdFQVpBQjVBSE1BZEFCaEFIUUFaUUJqQUdnQVlRQnVBR2NBWlFBaUFDd0FJZ0J6QUNJQU9nQTBBRGdBTWdBeEFEZ0FMQUFpQUdVQUlnQTZBRFFBT0FBeUFERUFPQUFzQUNJQWJ3QWlBRG9BSWdCMUFHNEFaQUJsQUdZQWFRQnVBR1VBWkFBZ0FFY0FSUUJVQURvQUlBQnpBSFFBWVFCbkFHa0FiZ0JuQUhBQWNnQmxBR1FBYVFCakFIUUFOUUF1QUdrQWJnQm1BR3dBZFFCbEFHNEFZd0JsQUdnQVpRQmhBR3dBZEFCb0FDNEFZd0J2QUcwQU9nQTBBRFFBTXdBdkFHMEFid0JrQUhVQWJBQmxBSE1BTHdCaEFHTUFZd0J2QUhVQWJnQjBBSE1BTHdCMkFHa0FaUUIzQUhNQUx3QmpBR2dBYndCdkFITUFaUUF0QUdNQWJ3QnVBSFFBWlFCNEFIUUFMZ0JvQUhRQWJRQnNBQ0lBTEFBaUFIUUFJZ0E2QUNJQVpRQjJBR1VBYmdCMEFDSUFmUUFzQUhzQUlnQnVBQ0lBT2dBaUFISUFaUUJoQUdRQWVRQnpBSFFBWVFCMEFHVUFZd0JvQUdFQWJnQm5BR1VBSWdBc0FDSUFjd0FpQURvQU5BQTRBRElBT0FBeUFDd0FJZ0JsQUNJQU9nQTBBRGdBTWdBNEFESUFMQUFpQUc4QUlnQTZBQ0lBZFFCdUFHUUFaUUJtQUdrQWJnQmxBR1FBSUFCSEFFVUFWQUE2QUNBQWN3QjBBR0VBWndCcEFHNEFad0J3QUhJQVpRQmtBR2tBWXdCMEFEVUFMZ0JwQUc0QVpnQnNBSFVBWlFCdUFHTUFaUUJvQUdVQVlRQnNBSFFBYUFBdUFHTUFid0J0QURvQU5BQTBBRE1BTHdBa0FHMEFid0JrQUhVQWJBQmxBQzhBYkFCaEFIa0Fid0IxQUhRQWN3QXZBR0lBWVFCekFHVUFJZ0FzQUNJQWRBQWlBRG9BSWdCbEFIWUFaUUJ1QUhRQUlnQjlBQ3dBZXdBaUFHNEFJZ0E2QUNJQWNnQmxBR0VBWkFCNUFITUFkQUJoQUhRQVpRQmpBR2dBWVFCdUFHY0FaUUFpQUN3QUlnQnpBQ0lBT2dBMEFEZ0FNZ0E0QURJQUxBQWlBR1VBSWdBNkFEUUFPQUF5QURnQU1nQXNBQ0lBYndBaUFEb0FJZ0IxQUc0QVpBQmxBR1lBYVFCdUFHVUFaQUFnQUVjQVJRQlVBRG9BSUFCekFIUUFZUUJuQUdrQWJnQm5BSEFBY2dCbEFHUUFhUUJqQUhRQU5RQXVBR2tBYmdCbUFHd0FkUUJsQUc0QVl3QmxBR2dBWlFCaEFHd0FkQUJvQUM0QVl3QnZBRzBBT2dBMEFEUUFNd0F2QUNRQWJRQnZBR1FBZFFCc0FHVUFMd0JzQUdFQWVRQnZBSFVBZEFCekFDOEFZZ0JoQUhNQVpRQWlBQ3dBSWdCMEFDSUFPZ0FpQUdVQWRnQmxBRzRBZEFBaUFIMEFMQUI3QUNJQWJnQWlBRG9BSWdCeUFHVUFZUUJrQUhrQWN3QjBBR0VBZEFCbEFHTUFhQUJoQUc0QVp3QmxBQ0lBTEFBaUFITUFJZ0E2QURRQU9BQXlBRGdBTXdBc0FDSUFaUUFpQURvQU5BQTRBRElBT0FBekFDd0FJZ0J2QUNJQU9nQWlBSFVBYmdCa0FHVUFaZ0JwQUc0QVpRQmtBQ0FBUndCRkFGUUFPZ0FnQUhNQWRBQmhBR2NBYVFCdUFHY0FjQUJ5QUdVQVpBQnBBR01BZEFBMUFDNEFhUUJ1QUdZQWJBQjFBR1VBYmdCakFHVUFhQUJsQUdFQWJBQjBBR2dBTGdCakFHOEFiUUE2QURRQU5BQXpBQzhBSkFCdEFHOEFaQUIxQUd3QVpRQXZBR3dBWVFCNUFHOEFkUUIwQUhNQUx3QmlBR0VBY3dCbEFDSUFMQUFpQUhRQUlnQTZBQ0lBWlFCMkFHVUFiZ0IwQUNJQWZRQXNBSHNBSWdCdUFDSUFPZ0FpQUhJQVpRQmhBR1FBZVFCekFIUUFZUUIwQUdVQVl3Qm9BR0VBYmdCbkFHVUFJZ0FzQUNJQWN3QWlBRG9BTkFBNEFESUFPQUExQUN3QUlnQmxBQ0lBT2dBMEFEZ0FNZ0E0QURVQUxBQWlBRzhBSWdBNkFDSUFkUUJ1QUdRQVpRQm1BR2tBYmdCbEFHUUFJQUJIQUVVQVZBQTZBQ0FBY3dCMEFHRUFad0JwQUc0QVp3QndBSElBWlFCa0FHa0FZd0IwQURVQUxnQnBBRzRBWmdCc0FIVUFaUUJ1QUdNQVpRQm9BR1VBWVFCc0FIUUFhQUF1QUdNQWJ3QnRBRG9BTkFBMEFETUFMd0JzQUdFQWVRQnZBSFVBZEFCekFDOEFZZ0JoQUhNQVpRQXZBQzhBYlFCaEFHa0FiZ0F1QUdvQWN3QWlBQ3dBSWdCMEFDSUFPZ0FpQUdVQWRnQmxBRzRBZEFBaUFIMEFMQUI3QUNJQWJnQWlBRG9BSWdCeUFHVUFZUUJrQUhrQWN3QjBBR0VBZEFCbEFHTUFhQUJoQUc0QVp3QmxBQ0lBTEFBaUFITUFJZ0E2QURRQU9BQXlBRGdBTlFBc0FDSUFaUUFpQURvQU5BQTRBRElBT0FBMUFDd0FJZ0J2QUNJQU9nQWlBSFVBYmdCa0FHVUFaZ0JwQUc0QVpRQmtBQ0FBUndCRkFGUUFPZ0FnQUhNQWRBQmhBR2NBYVFCdUFHY0FjQUJ5QUdVQVpBQnBBR01BZEFBMUFDNEFhUUJ1QUdZQWJBQjFBR1VBYmdCakFHVUFhQUJsQUdFQWJBQjBBR2dBTGdCakFHOEFiUUE2QURRQU5BQXpBQzhBYkFCaEFIa0Fid0IxQUhRQWN3QXZBR0lBWVFCekFHVUFMd0F2QUcwQVlRQnBBRzRBTGdCcUFITUFJZ0FzQUNJQWRBQWlBRG9BSWdCbEFIWUFaUUJ1QUhRQUlnQjlBQ3dBZXdBaUFHNEFJZ0E2QUNJQWNnQmxBR0VBWkFCNUFITUFkQUJoQUhRQVpRQmpBR2dBWVFCdUFHY0FaUUFpQUN3QUlnQnpBQ0lBT2dBMEFEZ0FNd0EwQURFQUxBQWlBR1VBSWdBNkFEUUFPQUF6QURRQU1RQXNBQ0lBYndBaUFEb0FJZ0IxQUc0QVpBQmxBR1lBYVFCdUFHVUFaQUFnQUVjQVJRQlVBRG9BSUFCekFIUUFZUUJuQUdrQWJnQm5BSEFBY2dCbEFHUUFhUUJqQUhRQU5RQXVBR2tBYmdCbUFHd0FkUUJsQUc0QVl3QmxBR2dBWlFCaEFHd0FkQUJvQUM0QVl3QnZBRzBBT2dBMEFEUUFNd0F2QUd3QVlRQjVBRzhBZFFCMEFITUFMd0JpQUdFQWN3QmxBQzhBTHdCdEFHRUFhUUJ1QUM0QWFnQnpBQ0lBTEFBaUFIUUFJZ0E2QUNJQVpRQjJBR1VBYmdCMEFDSUFmUUFzQUhzQUlnQnVBQ0lBT2dBaUFISUFaUUJoQUdRQWVRQnpBSFFBWVFCMEFHVUFZd0JvQUdFQWJnQm5BR1VBSWdBc0FDSUFjd0FpQURvQU5BQTRBRE1BTkFBeUFDd0FJZ0JsQUNJQU9nQTBBRGdBTXdBMEFESUFMQUFpQUc4QUlnQTZBQ0lBZFFCdUFHUUFaUUJtQUdrQWJnQmxBR1FBSUFCSEFFVUFWQUE2QUNBQWN3QjBBR0VBWndCcEFHNEFad0J3QUhJQVpRQmtBR2tBWXdCMEFEVUFMZ0JwQUc0QVpnQnNBSFVBWlFCdUFHTUFaUUJvQUdVQVlRQnNBSFFBYUFBdUFHTUFid0J0QURvQU5BQTBBRE1BTHdCc0FHRUFlUUJ2QUhVQWRBQnpBQzhBWWdCaEFITUFaUUF2QUM4QWJRQmhBR2tBYmdBdUFHb0Fjd0FpQUN3QUlnQjBBQ0lBT2dBaUFHVUFkZ0JsQUc0QWRBQWlBSDBBTEFCN0FDSUFiZ0FpQURvQUlnQnlBR1VBWVFCa0FIa0Fjd0IwQUdFQWRBQmxBR01BYUFCaEFHNEFad0JsQUNJQUxBQWlBSE1BSWdBNkFEUUFPQUF6QURRQU1nQXNBQ0lBWlFBaUFEb0FOQUE0QURNQU5BQXlBQ3dBSWdCdkFDSUFPZ0FpQUhVQWJnQmtBR1VBWmdCcEFHNEFaUUJrQUNBQVJ3QkZBRlFBT2dBZ0FITUFkQUJoQUdjQWFRQnVBR2NBY0FCeUFHVUFaQUJwQUdNQWRBQTFBQzRBYVFCdUFHWUFiQUIxQUdVQWJnQmpBR1VBYUFCbEFHRUFiQUIwQUdnQUxnQmpBRzhBYlFBNkFEUUFOQUF6QUM4QWJBQmhBSGtBYndCMUFIUUFjd0F2QUdJQVlRQnpBR1VBTHdBdkFHMEFZUUJwQUc0QUxnQnFBSE1BSWdBc0FDSUFkQUFpQURvQUlnQmxBSFlBWlFCdUFIUUFJZ0I5QUN3QWV3QWlBRzRBSWdBNkFDSUFjZ0JsQUdFQVpBQjVBSE1BZEFCaEFIUUFaUUJqQUdnQVlRQnVBR2NBWlFBaUFDd0FJZ0J6QUNJQU9nQTBBRGdBTXdBMEFESUFMQUFpQUdVQUlnQTZBRFFBT0FBekFEUUFNZ0FzQUNJQWJ3QWlBRG9BSWdCMUFHNEFaQUJsQUdZQWFRQnVBR1VBWkFBZ0FFY0FSUUJVQURvQUlBQnpBSFFBWVFCbkFHa0FiZ0JuQUhBQWNnQmxBR1FBYVFCakFIUUFOUUF1QUdrQWJnQm1BR3dBZFFCbEFHNEFZd0JsQUdnQVpRQmhBR3dBZEFCb0FDNEFZd0J2QUcwQU9nQTBBRFFBTXdBdkFHd0FZUUI1QUc4QWRRQjBBSE1BTHdCaUFHRUFjd0JsQUM4QUx3QnRBR0VBYVFCdUFDNEFhZ0J6QUNJQUxBQWlBSFFBSWdBNkFDSUFaUUIyQUdVQWJnQjBBQ0lBZlFBc0FIc0FJZ0J1QUNJQU9nQWlBSElBWlFCaEFHUUFlUUJ6QUhRQVlRQjBBR1VBWXdCb0FHRUFiZ0JuQUdVQUlnQXNBQ0lBY3dBaUFEb0FOQUE0QURNQU5BQXlBQ3dBSWdCbEFDSUFPZ0EwQURnQU13QTBBRElBTEFBaUFHOEFJZ0E2QUNJQWRRQnVBR1FBWlFCbUFHa0FiZ0JsQUdRQUlBQkhBRVVBVkFBNkFDQUFjd0IwQUdFQVp3QnBBRzRBWndCd0FISUFaUUJrQUdrQVl3QjBBRFVBTGdCcEFHNEFaZ0JzQUhVQVpRQnVBR01BWlFCb0FHVUFZUUJzQUhRQWFBQXVBR01BYndCdEFEb0FOQUEwQURNQUx3QnNBR0VBZVFCdkFIVUFkQUJ6QUM4QVlnQmhBSE1BWlFBdkFDOEFiUUJoQUdrQWJnQXVBR29BY3dBaUFDd0FJZ0IwQUNJQU9nQWlBR1VBZGdCbEFHNEFkQUFpQUgwQUxBQjdBQ0lBYmdBaUFEb0FJZ0J5QUdVQVlRQmtBSGtBY3dCMEFHRUFkQUJsQUdNQWFBQmhBRzRBWndCbEFDSUFMQUFpQUhNQUlnQTZBRFFBT0FBekFEUUFNZ0FzQUNJQVpRQWlBRG9BTkFBNEFETUFOQUF5QUN3QUlnQnZBQ0lBT2dBaUFIVUFiZ0JrQUdVQVpnQnBBRzRBWlFCa0FDQUFSd0JGQUZRQU9nQWdBSE1BZEFCaEFHY0FhUUJ1QUdjQWNBQnlBR1VBWkFCcEFHTUFkQUExQUM0QWFRQnVBR1lBYkFCMUFHVUFiZ0JqQUdVQWFBQmxBR0VBYkFCMEFHZ0FMZ0JqQUc4QWJRQTZBRFFBTkFBekFDOEFiQUJoQUhrQWJ3QjFBSFFBY3dBdkFHSUFZUUJ6QUdVQUx3QXZBRzBBWVFCcEFHNEFMZ0JxQUhNQUlnQXNBQ0lBZEFBaUFEb0FJZ0JsQUhZQVpRQnVBSFFBSWdCOUFDd0Fld0FpQUc0QUlnQTZBQ0lBY2dCbEFHRUFaQUI1QUhNQWRBQmhBSFFBWlFCakFHZ0FZUUJ1QUdjQVpRQWlBQ3dBSWdCekFDSUFPZ0EwQURnQU13QTBBRElBTEFBaUFHVUFJZ0E2QURRQU9BQXpBRFFBTWdBc0FDSUFid0FpQURvQUlnQjFBRzRBWkFCbEFHWUFhUUJ1QUdVQVpBQWdBRWNBUlFCVUFEb0FJQUJ6QUhRQVlRQm5BR2tBYmdCbkFIQUFjZ0JsQUdRQWFRQmpBSFFBTlFBdUFHa0FiZ0JtQUd3QWRRQmxBRzRBWXdCbEFHZ0FaUUJoQUd3QWRBQm9BQzRBWXdCdkFHMEFPZ0EwQURRQU13QXZBR3dBWVFCNUFHOEFkUUIwQUhNQUx3QmlBR0VBY3dCbEFDOEFMd0J0QUdFQWFRQnVBQzRBYWdCekFDSUFMQUFpQUhRQUlnQTZBQ0lBWlFCMkFHVUFiZ0IwQUNJQWZRQXNBSHNBSWdCdUFDSUFPZ0FpQUhJQVpRQmhBR1FBZVFCekFIUUFZUUIwQUdVQVl3Qm9BR0VBYmdCbkFHVUFJZ0FzQUNJQWN3QWlBRG9BTkFBNEFETUFOQUF6QUN3QUlnQmxBQ0lBT2dBMEFEZ0FNd0EwQURNQUxBQWlBRzhBSWdBNkFDSUFkUUJ1QUdRQVpRQm1BR2tBYmdCbEFHUUFJQUJIQUVVQVZBQTZBQ0FBY3dCMEFHRUFad0JwQUc0QVp3QndBSElBWlFCa0FHa0FZd0IwQURVQUxnQnBBRzRBWmdCc0FIVUFaUUJ1QUdNQVpRQm9BR1VBWVFCc0FIUUFhQUF1QUdNQWJ3QnRBRG9BTkFBMEFETUFMd0JzQUdFQWVRQnZBSFVBZEFCekFDOEFZZ0JoQUhNQVpRQXZBQzhBYlFCaEFHa0FiZ0F1QUdvQWN3QWlBQ3dBSWdCMEFDSUFPZ0FpQUdVQWRnQmxBRzRBZEFBaUFIMEFMQUI3QUNJQWJnQWlBRG9BSWdCeUFHVUFZUUJrQUhrQWN3QjBBR0VBZEFCbEFHTUFhQUJoQUc0QVp3QmxBQ0lBTEFBaUFITUFJZ0E2QURRQU9BQXpBRFVBTWdBc0FDSUFaUUFpQURvQU5BQTRBRE1BTlFBeUFDd0FJZ0J2QUNJQU9nQWlBSFVBYmdCa0FHVUFaZ0JwQUc0QVpRQmtBQ0FBUndCRkFGUUFPZ0FnQUhNQWRBQmhBR2NBYVFCdUFHY0FjQUJ5QUdVQVpBQnBBR01BZEFBMUFDNEFhUUJ1QUdZQWJBQjFBR1VBYmdCakFHVUFhQUJsQUdFQWJBQjBBR2dBTGdCakFHOEFiUUE2QURRQU5BQXpBQzhBYkFCaEFIa0Fid0IxQUhRQWN3QXZBR0lBWVFCekFHVUFMd0JwQUc0QVpBQmxBSGdBTGdCb0FIUUFiUUJzQUNJQUxBQWlBSFFBSWdBNkFDSUFaUUIyQUdVQWJnQjBBQ0lBZlFBc0FIc0FJZ0J1QUNJQU9nQWlBSElBWlFCaEFHUUFlUUJ6QUhRQVlRQjBBR1VBWXdCb0FHRUFiZ0JuQUdVQUlnQXNBQ0lBY3dBaUFEb0FOQUE0QURNQU5RQXlBQ3dBSWdCbEFDSUFPZ0EwQURnQU13QTFBRElBTEFBaUFHOEFJZ0E2QUNJQWRRQnVBR1FBWlFCbUFHa0FiZ0JsQUdRQUlBQkhBRVVBVkFBNkFDQUFjd0IwQUdFQVp3QnBBRzRBWndCd0FISUFaUUJrQUdrQVl3QjBBRFVBTGdCcEFHNEFaZ0JzQUhVQVpRQnVBR01BWlFCb0FHVUFZUUJzQUhRQWFBQXVBR01BYndCdEFEb0FOQUEwQURNQUx3QnNBR0VBZVFCdkFIVUFkQUJ6QUM4QVlnQmhBSE1BWlFBdkFHa0FiZ0JrQUdVQWVBQXVBR2dBZEFCdEFHd0FJZ0FzQUNJQWRBQWlBRG9BSWdCbEFIWUFaUUJ1QUhRQUlnQjlBQ3dBZXdBaUFHNEFJZ0E2QUNJQWNnQmxBR0VBWkFCNUFITUFkQUJoQUhRQVpRQmpBR2dBWVFCdUFHY0FaUUFpQUN3QUlnQnpBQ0lBT2dBMEFEZ0FOQUF3QURBQUxBQWlBR1VBSWdBNkFEUUFPQUEwQURBQU1BQXNBQ0lBYndBaUFEb0FJZ0IxQUc0QVpBQmxBR1lBYVFCdUFHVUFaQUFnQUVjQVJRQlVBRG9BSUFCekFIUUFZUUJuQUdrQWJnQm5BSEFBY2dCbEFHUUFhUUJqQUhRQU5RQXVBR2tBYmdCbUFHd0FkUUJsQUc0QVl3QmxBR2dBWlFCaEFHd0FkQUJvQUM0QVl3QnZBRzBBT2dBMEFEUUFNd0F2QUd3QVlRQjVBRzhBZFFCMEFITUFMd0JpQUdFQWN3QmxBQzhBYVFCdUFHUUFaUUI0QUM0QWFBQjBBRzBBYkFBaUFDd0FJZ0IwQUNJQU9nQWlBR1VBZGdCbEFHNEFkQUFpQUgwQUxBQjdBQ0lBYmdBaUFEb0FJZ0J5QUdVQVlRQmtBSGtBY3dCMEFHRUFkQUJsQUdNQWFBQmhBRzRBWndCbEFDSUFMQUFpQUhNQUlnQTZBRFFBT0FBMEFEQUFNQUFzQUNJQVpRQWlBRG9BTkFBNEFEUUFNQUF3QUN3QUlnQnZBQ0lBT2dBaUFIVUFiZ0JrQUdVQVpnQnBBRzRBWlFCa0FDQUFSd0JGQUZRQU9nQWdBSE1BZEFCaEFHY0FhUUJ1QUdjQWNBQnlBR1VBWkFCcEFHTUFkQUExQUM0QWFRQnVBR1lBYkFCMUFHVUFiZ0JqQUdVQWFBQmxBR0VBYkFCMEFHZ0FMZ0JqQUc4QWJRQTZBRFFBTkFBekFDOEFiQUJoQUhrQWJ3QjFBSFFBY3dBdkFHSUFZUUJ6QUdVQUx3QnBBRzRBWkFCbEFIZ0FMZ0JvQUhRQWJRQnNBQ0lBTEFBaUFIUUFJZ0E2QUNJQVpRQjJBR1VBYmdCMEFDSUFmUUFzQUhzQUlnQnVBQ0lBT2dBaUFISUFaUUJoQUdRQWVRQnpBSFFBWVFCMEFHVUFZd0JvQUdFQWJnQm5BR1VBSWdBc0FDSUFjd0FpQURvQU5BQTRBRFFBTUFBd0FDd0FJZ0JsQUNJQU9nQTBBRGdBTkFBd0FEQUFMQUFpQUc4QUlnQTZBQ0lBZFFCdUFHUUFaUUJtQUdrQWJnQmxBR1FBSUFCSEFFVUFWQUE2QUNBQWN3QjBBR0VBWndCcEFHNEFad0J3QUhJQVpRQmtBR2tBWXdCMEFEVUFMZ0JwQUc0QVpnQnNBSFVBWlFCdUFHTUFaUUJvQUdVQVlRQnNBSFFBYUFBdUFHTUFid0J0QURvQU5BQTBBRE1BTHdCc0FHRUFlUUJ2QUhVQWRBQnpBQzhBWWdCaEFITUFaUUF2QUdrQWJnQmtBR1VBZUFBdUFHZ0FkQUJ0QUd3QUlnQXNBQ0lBZEFBaUFEb0FJZ0JsQUhZQVpRQnVBSFFBSWdCOUFDd0Fld0FpQUc0QUlnQTZBQ0lBY2dCbEFHRUFaQUI1QUhNQWRBQmhBSFFBWlFCakFHZ0FZUUJ1QUdjQVpRQWlBQ3dBSWdCekFDSUFPZ0EwQURnQU5BQXdBREFBTEFBaUFHVUFJZ0E2QURRQU9BQTBBREFBTVFBc0FDSUFid0FpQURvQUlnQjFBRzRBWkFCbEFHWUFhUUJ1QUdVQVpBQWdBRWNBUlFCVUFEb0FJQUJ6QUhRQVlRQm5BR2tBYmdCbkFIQUFjZ0JsQUdRQWFRQmpBSFFBTlFBdUFHa0FiZ0JtQUd3QWRRQmxBRzRBWXdCbEFHZ0FaUUJoQUd3QWRBQm9BQzRBWXdCdkFHMEFPZ0EwQURRQU13QXZBR3dBWVFCNUFHOEFkUUIwQUhNQUx3QmlBR0VBY3dCbEFDOEFhUUJ1QUdRQVpRQjRBQzRBYUFCMEFHMEFiQUFpQUN3QUlnQjBBQ0lBT2dBaUFHVUFkZ0JsQUc0QWRBQWlBSDBBTEFCN0FDSUFiZ0FpQURvQUlnQnlBR1VBWVFCa0FIa0Fjd0IwQUdFQWRBQmxBR01BYUFCaEFHNEFad0JsQUNJQUxBQWlBSE1BSWdBNkFEUUFPQUEwQURBQU1RQXNBQ0lBWlFBaUFEb0FOQUE0QURRQU1BQXhBQ3dBSWdCdkFDSUFPZ0FpQUhVQWJnQmtBR1VBWmdCcEFHNEFaUUJrQUNBQVJ3QkZBRlFBT2dBZ0FITUFkQUJoQUdjQWFRQnVBR2NBY0FCeUFHVUFaQUJwQUdNQWRBQTFBQzRBYVFCdUFHWUFiQUIxQUdVQWJnQmpBR1VBYUFCbEFHRUFiQUIwQUdnQUxnQmpBRzhBYlFBNkFEUUFOQUF6QUM4QWJBQmhBSGtBYndCMUFIUUFjd0F2QUdJQVlRQnpBR1VBTHdCcEFHNEFaQUJsQUhnQUxnQm9BSFFBYlFCc0FDSUFMQUFpQUhRQUlnQTZBQ0lBWlFCMkFHVUFiZ0IwQUNJQWZRQXNBSHNBSWdCdUFDSUFPZ0FpQUhJQVpRQmhBR1FBZVFCekFIUUFZUUIwQUdVQVl3Qm9BR0VBYmdCbkFHVUFJZ0FzQUNJQWN3QWlBRG9BTkFBNEFEUUFNQUF4QUN3QUlnQmxBQ0lBT2dBMEFEZ0FOQUF3QURFQUxBQWlBRzhBSWdBNkFDSUFkUUJ1QUdRQVpRQm1BR2tBYmdCbEFHUUFJQUJIQUVVQVZBQTZBQ0FBY3dCMEFHRUFad0JwQUc0QVp3QndBSElBWlFCa0FHa0FZd0IwQURVQUxnQnBBRzRBWmdCc0FIVUFaUUJ1QUdNQVpRQm9BR1VBWVFCc0FIUUFhQUF1QUdNQWJ3QnRBRG9BTkFBMEFETUFMd0JzQUdFQWVRQnZBSFVBZEFCekFDOEFZZ0JoQUhNQVpRQXZBR2tBYmdCa0FHVUFlQUF1QUdnQWRBQnRBR3dBSWdBc0FDSUFkQUFpQURvQUlnQmxBSFlBWlFCdUFIUUFJZ0I5QUN3QWV3QWlBRzRBSWdBNkFDSUFjZ0JsQUdFQVpBQjVBSE1BZEFCaEFIUUFaUUJqQUdnQVlRQnVBR2NBWlFBaUFDd0FJZ0J6QUNJQU9nQTBBRGdBTkFBd0FERUFMQUFpQUdVQUlnQTZBRFFBT0FBMEFEQUFNUUFzQUNJQWJ3QWlBRG9BSWdCMUFHNEFaQUJsQUdZQWFRQnVBR1VBWkFBZ0FFY0FSUUJVQURvQUlBQnpBSFFBWVFCbkFHa0FiZ0JuQUhBQWNnQmxBR1FBYVFCakFIUUFOUUF1QUdrQWJnQm1BR3dBZFFCbEFHNEFZd0JsQUdnQVpRQmhBR3dBZEFCb0FDNEFZd0J2QUcwQU9nQTBBRFFBTXdBdkFHd0FZUUI1QUc4QWRRQjBBSE1BTHdCaUFHRUFjd0JsQUM4QWFRQnVBR1FBWlFCNEFDNEFhQUIwQUcwQWJBQWlBQ3dBSWdCMEFDSUFPZ0FpQUdVQWRnQmxBRzRBZEFBaUFIMEFMQUI3QUNJQWJnQWlBRG9BSWdCeUFHVUFZUUJrQUhrQWN3QjBBR0VBZEFCbEFHTUFhQUJoQUc0QVp3QmxBQ0lBTEFBaUFITUFJZ0E2QURRQU9BQTFBRFlBTkFBc0FDSUFaUUFpQURvQU5BQTRBRFVBTmdBMUFDd0FJZ0J2QUNJQU9nQWlBSFVBYmdCa0FHVUFaZ0JwQUc0QVpRQmtBQ0FBUndCRkFGUUFPZ0FnQUhNQWRBQmhBR2NBYVFCdUFHY0FjQUJ5QUdVQVpBQnBBR01BZEFBMUFDNEFhUUJ1QUdZQWJBQjFBR1VBYmdCakFHVUFhQUJsQUdFQWJBQjBBR2dBTGdCakFHOEFiUUE2QURNQU1BQXdBREFBTHdCd0FISUFaUUJrQUdrQVl3QjBBQzhBZGdBeEFDOEFiQUJ2QUc0QVp3QlNBSFVBYmdCdUFHa0FiZ0JuQUZRQVlRQnpBR3NBY3dBaUFDd0FJZ0IwQUNJQU9nQWlBR1VBZGdCbEFHNEFkQUFpQUgwQUxBQjdBQ0lBYmdBaUFEb0FJZ0J5QUdVQVlRQmtBSGtBY3dCMEFHRUFkQUJsQUdNQWFBQmhBRzRBWndCbEFDSUFMQUFpQUhNQUlnQTZBRFFBT0FBMUFEWUFOUUFzQUNJQVpRQWlBRG9BTkFBNEFEVUFOZ0ExQUN3QUlnQnZBQ0lBT2dBaUFIVUFiZ0JrQUdVQVpnQnBBRzRBWlFCa0FDQUFSd0JGQUZRQU9nQWdBSE1BZEFCaEFHY0FhUUJ1QUdjQWNBQnlBR1VBWkFCcEFHTUFkQUExQUM0QWFRQnVBR1lBYkFCMUFHVUFiZ0JqQUdVQWFBQmxBR0VBYkFCMEFHZ0FMZ0JqQUc4QWJRQTZBRE1BTUFBd0FEQUFMd0J3QUhJQVpRQmtBR2tBWXdCMEFDOEFkZ0F4QUM4QWJBQnZBRzRBWndCU0FIVUFiZ0J1QUdrQWJnQm5BRlFBWVFCekFHc0Fjd0FpQUN3QUlnQjBBQ0lBT2dBaUFHVUFkZ0JsQUc0QWRBQWlBSDBBTEFCN0FDSUFiZ0FpQURvQUlnQnlBR1VBWVFCa0FIa0Fjd0IwQUdFQWRBQmxBR01BYUFCaEFHNEFad0JsQUNJQUxBQWlBSE1BSWdBNkFEUUFPQUExQURZQU5RQXNBQ0lBWlFBaUFEb0FOQUE0QURVQU5nQTFBQ3dBSWdCdkFDSUFPZ0FpQUhVQWJnQmtBR1VBWmdCcEFHNEFaUUJrQUNBQVJ3QkZBRlFBT2dBZ0FITUFkQUJoQUdjQWFRQnVBR2NBY0FCeUFHVUFaQUJwQUdNQWRBQTFBQzRBYVFCdUFHWUFiQUIxQUdVQWJnQmpBR1VBYUFCbEFHRUFiQUIwQUdnQUxnQmpBRzhBYlFBNkFETUFNQUF3QURBQUx3QndBSElBWlFCa0FHa0FZd0IwQUM4QWRnQXhBQzhBYkFCdkFHNEFad0JTQUhVQWJnQnVBR2tBYmdCbkFGUUFZUUJ6QUdzQWN3QWlBQ3dBSWdCMEFDSUFPZ0FpQUdVQWRnQmxBRzRBZEFBaUFIMEFMQUI3QUNJQWJnQWlBRG9BSWdCeUFHVUFZUUJrQUhrQWN3QjBBR0VBZEFCbEFHTUFhQUJoQUc0QVp3QmxBQ0lBTEFBaUFITUFJZ0E2QURRQU9BQTJBREFBT1FBc0FDSUFaUUFpQURvQU5BQTRBRFlBTUFBNUFDd0FJZ0J2QUNJQU9nQWlBSFVBYmdCa0FHVUFaZ0JwQUc0QVpRQmtBQ0FBUndCRkFGUUFPZ0FnQUhNQWRBQmhBR2NBYVFCdUFHY0FjQUJ5QUdVQVpBQnBBR01BZEFBMUFDNEFhUUJ1QUdZQWJBQjFBR1VBYmdCakFHVUFhQUJsQUdFQWJBQjBBR2dBTGdCakFHOEFiUUE2QURRQU5BQXpBQzhBSkFCdEFHOEFaQUIxQUd3QVpRQXZBRzBBYndCa0FIVUFiQUJsQUhNQUx3Qm9BRzhBYlFCbEFDSUFMQUFpQUhRQUlnQTZBQ0lBWlFCMkFHVUFiZ0IwQUNJQWZRQXNBSHNBSWdCdUFDSUFPZ0FpQUhJQVpRQmhBR1FBZVFCekFIUUFZUUIwQUdVQVl3Qm9BR0VBYmdCbkFHVUFJZ0FzQUNJQWN3QWlBRG9BTkFBNEFEWUFNQUE1QUN3QUlnQmxBQ0lBT2dBMEFEZ0FOZ0F3QURrQUxBQWlBRzhBSWdBNkFDSUFkUUJ1QUdRQVpRQm1BR2tBYmdCbEFHUUFJQUJIQUVVQVZBQTZBQ0FBY3dCMEFHRUFad0JwQUc0QVp3QndBSElBWlFCa0FHa0FZd0IwQURVQUxnQnBBRzRBWmdCc0FIVUFaUUJ1QUdNQVpRQm9BR1VBWVFCc0FIUUFhQUF1QUdNQWJ3QnRBRG9BTkFBMEFETUFMd0FrQUcwQWJ3QmtBSFVBYkFCbEFDOEFiUUJ2QUdRQWRRQnNBR1VBY3dBdkFHZ0Fid0J0QUdVQUlnQXNBQ0lBZEFBaUFEb0FJZ0JsQUhZQVpRQnVBSFFBSWdCOUFDd0Fld0FpQUc0QUlnQTZBQ0lBY2dCbEFHRUFaQUI1QUhNQWRBQmhBSFFBWlFCakFHZ0FZUUJ1QUdjQVpRQWlBQ3dBSWdCekFDSUFPZ0EwQURnQU5nQTBBRGNBTEFBaUFHVUFJZ0E2QURRQU9BQTJBRFFBTndBc0FDSUFid0FpQURvQUlnQjFBRzRBWkFCbEFHWUFhUUJ1QUdVQVpBQWdBRWNBUlFCVUFEb0FJQUJ6QUhRQVlRQm5BR2tBYmdCbkFIQUFjZ0JsQUdRQWFRQmpBSFFBTlFBdUFHa0FiZ0JtQUd3QWRRQmxBRzRBWXdCbEFHZ0FaUUJoQUd3QWRBQm9BQzRBWXdCdkFHMEFPZ0EwQURRQU13QXZBSFFBWlFCdEFIQUFiQUJoQUhRQVpRQnpBQzhBWWdCaEFITUFhUUJqQUM4QWFRQjFBR2tBTFFCd0FHOEFjZ0IwQUdFQWJBQXRBR3dBYndCbkFHOEFMZ0JvQUhRQWJRQnNBQ0lBTEFBaUFIUUFJZ0E2QUNJQVpRQjJBR1VBYmdCMEFDSUFmUUFzQUhzQUlnQnVBQ0lBT2dBaUFISUFaUUJoQUdRQWVRQnpBSFFBWVFCMEFHVUFZd0JvQUdFQWJnQm5BR1VBSWdBc0FDSUFjd0FpQURvQU5BQTRBRFlBTkFBNEFDd0FJZ0JsQUNJQU9nQTBBRGdBTmdBMEFEZ0FMQUFpQUc4QUlnQTZBQ0lBZFFCdUFHUUFaUUJtQUdrQWJnQmxBR1FBSUFCSEFFVUFWQUE2QUNBQWN3QjBBR0VBWndCcEFHNEFad0J3QUhJQVpRQmtBR2tBWXdCMEFEVUFMZ0JwQUc0QVpnQnNBSFVBWlFCdUFHTUFaUUJvQUdVQVlRQnNBSFFBYUFBdUFHTUFid0J0QURvQU5BQTBBRE1BTHdCMEFHVUFiUUJ3QUd3QVlRQjBBR1VBY3dBdkFHSUFZUUJ6QUdrQVl3QXZBR2tBZFFCcEFDMEFjQUJ2QUhJQWRBQmhBR3dBTFFCc0FHOEFad0J2QUM0QWFBQjBBRzBBYkFBaUFDd0FJZ0IwQUNJQU9nQWlBR1VBZGdCbEFHNEFkQUFpQUgwQUxBQjdBQ0lBYmdBaUFEb0FJZ0J5QUdVQVlRQmtBSGtBY3dCMEFHRUFkQUJsQUdNQWFBQmhBRzRBWndCbEFDSUFMQUFpQUhNQUlnQTZBRFFBT0FBMkFEUUFPQUFzQUNJQVpRQWlBRG9BTkFBNEFEWUFOQUE0QUN3QUlnQnZBQ0lBT2dBaUFIVUFiZ0JrQUdVQVpnQnBBRzRBWlFCa0FDQUFSd0JGQUZRQU9nQWdBSE1BZEFCaEFHY0FhUUJ1QUdjQWNBQnlBR1VBWkFCcEFHTUFkQUExQUM0QWFRQnVBR1lBYkFCMUFHVUFiZ0JqQUdVQWFBQmxBR0VBYkFCMEFHZ0FMZ0JqQUc4QWJRQTZBRFFBTkFBekFDOEFkQUJsQUcwQWNBQnNBR0VBZEFCbEFITUFMd0JpQUdFQWN3QnBBR01BTHdCcEFIVUFhUUF0QUhBQWJ3QnlBSFFBWVFCc0FDMEFiQUJ2QUdjQWJ3QXVBR2dBZEFCdEFHd0FJZ0FzQUNJQWRBQWlBRG9BSWdCbEFIWUFaUUJ1QUhRQUlnQjlBQ3dBZXdBaUFHNEFJZ0E2QUNJQWNnQmxBR0VBWkFCNUFITUFkQUJoQUhRQVpRQmpBR2dBWVFCdUFHY0FaUUFpQUN3QUlnQnpBQ0lBT2dBMEFEZ0FOZ0ExQURBQUxBQWlBR1VBSWdBNkFEUUFPQUEyQURVQU1BQXNBQ0lBYndBaUFEb0FJZ0IxQUc0QVpBQmxBR1lBYVFCdUFHVUFaQUFnQUVjQVJRQlVBRG9BSUFCekFIUUFZUUJuQUdrQWJnQm5BSEFBY2dCbEFHUUFhUUJqQUhRQU5RQXVBR2tBYmdCbUFHd0FkUUJsQUc0QVl3QmxBR2dBWlFCaEFHd0FkQUJvQUM0QVl3QnZBRzBBT2dBMEFEUUFNd0F2QUd3QVlRQjVBRzhBZFFCMEFITUFMd0JpQUdFQWN3QmxBQzhBY3dCbEFHd0FaUUJqQUhRQUxRQmpBRzhBYmdCMEFHVUFlQUIwQUM0QWFBQjBBRzBBYkFBaUFDd0FJZ0IwQUNJQU9nQWlBR1VBZGdCbEFHNEFkQUFpQUgwQUxBQjdBQ0lBYmdBaUFEb0FJZ0J5QUdVQVlRQmtBSGtBY3dCMEFHRUFkQUJsQUdNQWFBQmhBRzRBWndCbEFDSUFMQUFpQUhNQUlnQTZBRFFBT0FBMkFEVUFNUUFzQUNJQVpRQWlBRG9BTkFBNEFEWUFOUUF4QUN3QUlnQnZBQ0lBT2dBaUFIVUFiZ0JrQUdVQVpnQnBBRzRBWlFCa0FDQUFSd0JGQUZRQU9nQWdBSE1BZEFCaEFHY0FhUUJ1QUdjQWNBQnlBR1VBWkFCcEFHTUFkQUExQUM0QWFRQnVBR1lBYkFCMUFHVUFiZ0JqQUdVQWFBQmxBR0VBYkFCMEFHZ0FMZ0JqQUc4QWJRQTZBRFFBTkFBekFDOEFiQUJoQUhrQWJ3QjFBSFFBY3dBdkFHSUFZUUJ6QUdVQUx3QnpBR1VBYkFCbEFHTUFkQUF0QUdNQWJ3QnVBSFFBWlFCNEFIUUFMZ0JvQUhRQWJRQnNBQ0lBTEFBaUFIUUFJZ0E2QUNJQVpRQjJBR1VBYmdCMEFDSUFmUUFzQUhzQUlnQnVBQ0lBT2dBaUFISUFaUUJoQUdRQWVRQnpBSFFBWVFCMEFHVUFZd0JvQUdFQWJnQm5BR1VBSWdBc0FDSUFjd0FpQURvQU5BQTRBRFlBTlFBeEFDd0FJZ0JsQUNJQU9nQTBBRGdBTmdBMUFERUFMQUFpQUc4QUlnQTZBQ0lBZFFCdUFHUUFaUUJtQUdrQWJnQmxBR1FBSUFCSEFFVUFWQUE2QUNBQWN3QjBBR0VBWndCcEFHNEFad0J3QUhJQVpRQmtBR2tBWXdCMEFEVUFMZ0JwQUc0QVpnQnNBSFVBWlFCdUFHTUFaUUJvQUdVQVlRQnNBSFFBYUFBdUFHTUFid0J0QURvQU5BQTBBRE1BTHdCc0FHRUFlUUJ2QUhVQWRBQnpBQzhBWWdCaEFITUFaUUF2QUhNQVpRQnNBR1VBWXdCMEFDMEFZd0J2QUc0QWRBQmxBSGdBZEFBdUFHZ0FkQUJ0QUd3QUlnQXNBQ0lBZEFBaUFEb0FJZ0JsQUhZQVpRQnVBSFFBSWdCOUFDd0Fld0FpQUc0QUlnQTZBQ0lBY2dCbEFHRUFaQUI1QUhNQWRBQmhBSFFBWlFCakFHZ0FZUUJ1QUdjQVpRQWlBQ3dBSWdCekFDSUFPZ0EwQURnQU5nQTFBRFFBTEFBaUFHVUFJZ0E2QURRQU9BQTJBRFVBTkFBc0FDSUFid0FpQURvQUlnQjFBRzRBWkFCbEFHWUFhUUJ1QUdVQVpBQWdBRWNBUlFCVUFEb0FJQUJ6QUhRQVlRQm5BR2tBYmdCbkFIQUFjZ0JsQUdRQWFRQmpBSFFBTlFBdUFHa0FiZ0JtQUd3QWRRQmxBRzRBWXdCbEFHZ0FaUUJoQUd3QWRBQm9BQzRBWXdCdkFHMEFPZ0EwQURRQU13QXZBR3dBWVFCNUFHOEFkUUIwQUhNQUx3QmlBR0VBY3dCbEFDOEFjd0JsQUdNQWJ3QnVBR1FBWVFCeUFIa0FMUUJ6QUdrQVpBQmxBR0lBWVFCeUFDMEFiZ0JoQUhZQWFRQm5BR0VBZEFCcEFHOEFiZ0F1QUdnQWRBQnRBR3dBSWdBc0FDSUFkQUFpQURvQUlnQmxBSFlBWlFCdUFIUUFJZ0I5QUN3QWV3QWlBRzRBSWdBNkFDSUFjZ0JsQUdFQVpBQjVBSE1BZEFCaEFIUUFaUUJqQUdnQVlRQnVBR2NBWlFBaUFDd0FJZ0J6QUNJQU9nQTBBRGdBTmdBMUFEVUFMQUFpQUdVQUlnQTZBRFFBT0FBMkFEVUFOUUFzQUNJQWJ3QWlBRG9BSWdCMUFHNEFaQUJsQUdZQWFRQnVBR1VBWkFBZ0FFY0FSUUJVQURvQUlBQnpBSFFBWVFCbkFHa0FiZ0JuQUhBQWNnQmxBR1FBYVFCakFIUUFOUUF1QUdrQWJnQm1BR3dBZFFCbEFHNEFZd0JsQUdnQVpRQmhBR3dBZEFCb0FDNEFZd0J2QUcwQU9nQTBBRFFBTXdBdkFHd0FZUUI1QUc4QWRRQjBBSE1BTHdCaUFHRUFjd0JsQUM4QWN3QmxBR01BYndCdUFHUUFZUUJ5QUhrQUxRQnpBR2tBWkFCbEFHSUFZUUJ5QUMwQWJnQmhBSFlBYVFCbkFHRUFkQUJwQUc4QWJnQXVBR2dBZEFCdEFHd0FJZ0FzQUNJQWRBQWlBRG9BSWdCbEFIWUFaUUJ1QUhRQUlnQjlBQ3dBZXdBaUFHNEFJZ0E2QUNJQWNnQmxBR0VBWkFCNUFITUFkQUJoQUhRQVpRQmpBR2dBWVFCdUFHY0FaUUFpQUN3QUlnQnpBQ0lBT2dBMEFEZ0FOZ0ExQURVQUxBQWlBR1VBSWdBNkFEUUFPQUEyQURVQU5RQXNBQ0lBYndBaUFEb0FJZ0IxQUc0QVpBQmxBR1lBYVFCdUFHVUFaQUFnQUVjQVJRQlVBRG9BSUFCekFIUUFZUUJuQUdrQWJnQm5BSEFBY2dCbEFHUUFhUUJqQUhRQU5RQXVBR2tBYmdCbUFHd0FkUUJsQUc0QVl3QmxBR2dBWlFCaEFHd0FkQUJvQUM0QVl3QnZBRzBBT2dBMEFEUUFNd0F2QUd3QVlRQjVBRzhBZFFCMEFITUFMd0JpQUdFQWN3QmxBQzhBY3dCbEFHTUFid0J1QUdRQVlRQnlBSGtBTFFCekFHa0FaQUJsQUdJQVlRQnlBQzBBYmdCaEFIWUFhUUJuQUdFQWRBQnBBRzhBYmdBdUFHZ0FkQUJ0QUd3QUlnQXNBQ0lBZEFBaUFEb0FJZ0JsQUhZQVpRQnVBSFFBSWdCOUFDd0Fld0FpQUc0QUlnQTZBQ0lBY2dCbEFHRUFaQUI1QUhNQWRBQmhBSFFBWlFCakFHZ0FZUUJ1QUdjQVpRQWlBQ3dBSWdCekFDSUFPZ0EwQURnQU53QTBBRE1BTEFBaUFHVUFJZ0E2QURRQU9BQTNBRFFBTXdBc0FDSUFid0FpQURvQUlnQjFBRzRBWkFCbEFHWUFhUUJ1QUdVQVpBQWdBRWNBUlFCVUFEb0FJQUJ6QUhRQVlRQm5BR2tBYmdCbkFIQUFjZ0JsQUdRQWFRQmpBSFFBTlFBdUFHa0FiZ0JtQUd3QWRRQmxBRzRBWXdCbEFHZ0FaUUJoQUd3QWRBQm9BQzRBWXdCdkFHMEFPZ0F6QURBQU1BQXdBQzhBY0FCeUFHVUFaQUJwQUdNQWRBQXZBSFlBTVFBdkFHd0Fid0J1QUdjQVVnQjFBRzRBYmdCcEFHNEFad0JVQUdFQWN3QnJBSE1BSWdBc0FDSUFkQUFpQURvQUlnQmxBSFlBWlFCdUFIUUFJZ0I5QUN3QWV3QWlBRzRBSWdBNkFDSUFjZ0JsQUdFQVpBQjVBSE1BZEFCaEFIUUFaUUJqQUdnQVlRQnVBR2NBWlFBaUFDd0FJZ0J6QUNJQU9nQTBBRGdBTndBMEFETUFMQUFpQUdVQUlnQTZBRFFBT0FBM0FEUUFNd0FzQUNJQWJ3QWlBRG9BSWdCMUFHNEFaQUJsQUdZQWFRQnVBR1VBWkFBZ0FFY0FSUUJVQURvQUlBQnpBSFFBWVFCbkFHa0FiZ0JuQUhBQWNnQmxBR1FBYVFCakFIUUFOUUF1QUdrQWJnQm1BR3dBZFFCbEFHNEFZd0JsQUdnQVpRQmhBR3dBZEFCb0FDNEFZd0J2QUcwQU9nQXpBREFBTUFBd0FDOEFjQUJ5QUdVQVpBQnBBR01BZEFBdkFIWUFNUUF2QUd3QWJ3QnVBR2NBVWdCMUFHNEFiZ0JwQUc0QVp3QlVBR0VBY3dCckFITUFJZ0FzQUNJQWRBQWlBRG9BSWdCbEFIWUFaUUJ1QUhRQUlnQjlBQ3dBZXdBaUFHNEFJZ0E2QUNJQWNnQmxBR0VBWkFCNUFITUFkQUJoQUhRQVpRQmpBR2dBWVFCdUFHY0FaUUFpQUN3QUlnQnpBQ0lBT2dBMEFEZ0FOd0EwQURNQUxBQWlBR1VBSWdBNkFEUUFPQUEzQURRQU13QXNBQ0lBYndBaUFEb0FJZ0IxQUc0QVpBQmxBR1lBYVFCdUFHVUFaQUFnQUVjQVJRQlVBRG9BSUFCekFIUUFZUUJuQUdrQWJnQm5BSEFBY2dCbEFHUUFhUUJqQUhRQU5RQXVBR2tBYmdCbUFHd0FkUUJsQUc0QVl3QmxBR2dBWlFCaEFHd0FkQUJvQUM0QVl3QnZBRzBBT2dBekFEQUFNQUF3QUM4QWNBQnlBR1VBWkFCcEFHTUFkQUF2QUhZQU1RQXZBR3dBYndCdUFHY0FVZ0IxQUc0QWJnQnBBRzRBWndCVUFHRUFjd0JyQUhNQUlnQXNBQ0lBZEFBaUFEb0FJZ0JsQUhZQVpRQnVBSFFBSWdCOUFDd0Fld0FpQUc0QUlnQTZBQ0lBY2dCbEFHRUFaQUI1QUhNQWRBQmhBSFFBWlFCakFHZ0FZUUJ1QUdjQVpRQWlBQ3dBSWdCekFDSUFPZ0EwQURnQU53QTBBRE1BTEFBaUFHVUFJZ0E2QURRQU9BQTNBRFFBTXdBc0FDSUFid0FpQURvQUlnQjFBRzRBWkFCbEFHWUFhUUJ1QUdVQVpBQWdBRWNBUlFCVUFEb0FJQUJ6QUhRQVlRQm5BR2tBYmdCbkFIQUFjZ0JsQUdRQWFRQmpBSFFBTlFBdUFHa0FiZ0JtQUd3QWRRQmxBRzRBWXdCbEFHZ0FaUUJoQUd3QWRBQm9BQzRBWXdCdkFHMEFPZ0F6QURBQU1BQXdBQzhBY0FCeUFHVUFaQUJwQUdNQWRBQXZBSFlBTVFBdkFHd0Fid0J1QUdjQVVnQjFBRzRBYmdCcEFHNEFad0JVQUdFQWN3QnJBSE1BSWdBc0FDSUFkQUFpQURvQUlnQmxBSFlBWlFCdUFIUUFJZ0I5QUN3QWV3QWlBRzRBSWdBNkFDSUFjZ0JsQUdFQVpBQjVBSE1BZEFCaEFIUUFaUUJqQUdnQVlRQnVBR2NBWlFBaUFDd0FJZ0J6QUNJQU9nQTBBRGdBTndBMEFETUFMQUFpQUdVQUlnQTZBRFFBT0FBM0FEUUFNd0FzQUNJQWJ3QWlBRG9BSWdCMUFHNEFaQUJsQUdZQWFRQnVBR1VBWkFBZ0FFY0FSUUJVQURvQUlBQnpBSFFBWVFCbkFHa0FiZ0JuQUhBQWNnQmxBR1FBYVFCakFIUUFOUUF1QUdrQWJnQm1BR3dBZFFCbEFHNEFZd0JsQUdnQVpRQmhBR3dBZEFCb0FDNEFZd0J2QUcwQU9nQXpBREFBTUFBd0FDOEFjQUJ5QUdVQVpBQnBBR01BZEFBdkFIWUFNUUF2QUd3QWJ3QnVBR2NBVWdCMUFHNEFiZ0JwQUc0QVp3QlVBR0VBY3dCckFITUFJZ0FzQUNJQWRBQWlBRG9BSWdCbEFIWUFaUUJ1QUhRQUlnQjlBQ3dBZXdBaUFHNEFJZ0E2QUNJQWNnQmxBR0VBWkFCNUFITUFkQUJoQUhRQVpRQmpBR2dBWVFCdUFHY0FaUUFpQUN3QUlnQnpBQ0lBT2dBMEFEZ0FOd0EwQURNQUxBQWlBR1VBSWdBNkFEUUFPQUEzQURRQU13QXNBQ0lBYndBaUFEb0FJZ0IxQUc0QVpBQmxBR1lBYVFCdUFHVUFaQUFnQUVjQVJRQlVBRG9BSUFCekFIUUFZUUJuQUdrQWJnQm5BSEFBY2dCbEFHUUFhUUJqQUhRQU5RQXVBR2tBYmdCbUFHd0FkUUJsQUc0QVl3QmxBR2dBWlFCaEFHd0FkQUJvQUM0QVl3QnZBRzBBT2dBekFEQUFNQUF3QUM4QWNBQnlBR1VBWkFCcEFHTUFkQUF2QUhZQU1RQXZBR3dBYndCdUFHY0FVZ0IxQUc0QWJnQnBBRzRBWndCVUFHRUFjd0JyQUhNQUlnQXNBQ0lBZEFBaUFEb0FJZ0JsQUhZQVpRQnVBSFFBSWdCOUFDd0Fld0FpQUc0QUlnQTZBQ0lBY2dCbEFHRUFaQUI1QUhNQWRBQmhBSFFBWlFCakFHZ0FZUUJ1QUdjQVpRQWlBQ3dBSWdCekFDSUFPZ0EwQURnQU53QTBBRFFBTEFBaUFHVUFJZ0E2QURRQU9BQTNBRFFBTkFBc0FDSUFid0FpQURvQUlnQjFBRzRBWkFCbEFHWUFhUUJ1QUdVQVpBQWdBRWNBUlFCVUFEb0FJQUJ6QUhRQVlRQm5BR2tBYmdCbkFIQUFjZ0JsQUdRQWFRQmpBSFFBTlFBdUFHa0FiZ0JtQUd3QWRRQmxBRzRBWXdCbEFHZ0FaUUJoQUd3QWRBQm9BQzRBWXdCdkFHMEFPZ0F6QURBQU1BQXdBQzhBY0FCeUFHVUFaQUJwQUdNQWRBQXZBSFlBTVFBdkFHd0Fid0J1QUdjQVVnQjFBRzRBYmdCcEFHNEFad0JVQUdFQWN3QnJBSE1BSWdBc0FDSUFkQUFpQURvQUlnQmxBSFlBWlFCdUFIUUFJZ0I5QUN3QWV3QWlBRzRBSWdBNkFDSUFjZ0JsQUdFQVpBQjVBSE1BZEFCaEFIUUFaUUJqQUdnQVlRQnVBR2NBWlFBaUFDd0FJZ0J6QUNJQU9nQTBBRGdBTndBMEFEUUFMQUFpQUdVQUlnQTZBRFFBT0FBM0FEUUFOQUFzQUNJQWJ3QWlBRG9BSWdCMUFHNEFaQUJsQUdZQWFRQnVBR1VBWkFBZ0FFY0FSUUJVQURvQUlBQnpBSFFBWVFCbkFHa0FiZ0JuQUhBQWNnQmxBR1FBYVFCakFIUUFOUUF1QUdrQWJnQm1BR3dBZFFCbEFHNEFZd0JsQUdnQVpRQmhBR3dBZEFCb0FDNEFZd0J2QUcwQU9nQXpBREFBTUFBd0FDOEFjQUJ5QUdVQVpBQnBBR01BZEFBdkFIWUFNUUF2QUd3QWJ3QnVBR2NBVWdCMUFHNEFiZ0JwQUc0QVp3QlVBR0VBY3dCckFITUFJZ0FzQUNJQWRBQWlBRG9BSWdCbEFIWUFaUUJ1QUhRQUlnQjlBQ3dBZXdBaUFHNEFJZ0E2QUNJQWNnQmxBR0VBWkFCNUFITUFkQUJoQUhRQVpRQmpBR2dBWVFCdUFHY0FaUUFpQUN3QUlnQnpBQ0lBT2dBMEFEZ0FOd0EwQURRQUxBQWlBR1VBSWdBNkFEUUFPQUEzQURRQU5BQXNBQ0lBYndBaUFEb0FJZ0IxQUc0QVpBQmxBR1lBYVFCdUFHVUFaQUFnQUVjQVJRQlVBRG9BSUFCekFIUUFZUUJuQUdrQWJnQm5BSEFBY2dCbEFHUUFhUUJqQUhRQU5RQXVBR2tBYmdCbUFHd0FkUUJsQUc0QVl3QmxBR2dBWlFCaEFHd0FkQUJvQUM0QVl3QnZBRzBBT2dBekFEQUFNQUF3QUM4QWNBQnlBR1VBWkFCcEFHTUFkQUF2QUhZQU1RQXZBR3dBYndCdUFHY0FVZ0IxQUc0QWJnQnBBRzRBWndCVUFHRUFjd0JyQUhNQUlnQXNBQ0lBZEFBaUFEb0FJZ0JsQUhZQVpRQnVBSFFBSWdCOUFDd0Fld0FpQUc0QUlnQTZBQ0lBY2dCbEFHRUFaQUI1QUhNQWRBQmhBSFFBWlFCakFHZ0FZUUJ1QUdjQVpRQWlBQ3dBSWdCekFDSUFPZ0EwQURnQU53QTBBRFFBTEFBaUFHVUFJZ0E2QURRQU9BQTNBRFFBTkFBc0FDSUFid0FpQURvQUlnQjFBRzRBWkFCbEFHWUFhUUJ1QUdVQVpBQWdBRWNBUlFCVUFEb0FJQUJ6QUhRQVlRQm5BR2tBYmdCbkFIQUFjZ0JsQUdRQWFRQmpBSFFBTlFBdUFHa0FiZ0JtQUd3QWRRQmxBRzRBWXdCbEFHZ0FaUUJoQUd3QWRBQm9BQzRBWXdCdkFHMEFPZ0F6QURBQU1BQXdBQzhBY0FCeUFHVUFaQUJwQUdNQWRBQXZBSFlBTVFBdkFHd0Fid0J1QUdjQVVnQjFBRzRBYmdCcEFHNEFad0JVQUdFQWN3QnJBSE1BSWdBc0FDSUFkQUFpQURvQUlnQmxBSFlBWlFCdUFIUUFJZ0I5QUN3QWV3QWlBRzRBSWdBNkFDSUFjZ0JsQUdFQVpBQjVBSE1BZEFCaEFIUUFaUUJqQUdnQVlRQnVBR2NBWlFBaUFDd0FJZ0J6QUNJQU9nQTBBRGdBTndBMEFEUUFMQUFpQUdVQUlnQTZBRFFBT0FBM0FEUUFOQUFzQUNJQWJ3QWlBRG9BSWdCMUFHNEFaQUJsQUdZQWFRQnVBR1VBWkFBZ0FFY0FSUUJVQURvQUlBQnpBSFFBWVFCbkFHa0FiZ0JuQUhBQWNnQmxBR1FBYVFCakFIUUFOUUF1QUdrQWJnQm1BR3dBZFFCbEFHNEFZd0JsQUdnQVpRQmhBR3dBZEFCb0FDNEFZd0J2QUcwQU9nQXpBREFBTUFBd0FDOEFjQUJ5QUdVQVpBQnBBR01BZEFBdkFIWUFNUUF2QUd3QWJ3QnVBR2NBVWdCMUFHNEFiZ0JwQUc0QVp3QlVBR0VBY3dCckFITUFJZ0FzQUNJQWRBQWlBRG9BSWdCbEFIWUFaUUJ1QUhRQUlnQjlBQ3dBZXdBaUFHNEFJZ0E2QUNJQWNnQmxBR0VBWkFCNUFITUFkQUJoQUhRQVpRQmpBR2dBWVFCdUFHY0FaUUFpQUN3QUlnQnpBQ0lBT2dBMEFEZ0FOd0EwQURRQUxBQWlBR1VBSWdBNkFEUUFPUUE1QURjQU5RQXNBQ0lBYndBaUFEb0FJZ0IxQUc0QVpBQmxBR1lBYVFCdUFHVUFaQUFnQUVjQVJRQlVBRG9BSUFCekFIUUFZUUJuQUdrQWJnQm5BSEFBY2dCbEFHUUFhUUJqQUhRQU5RQXVBR2tBYmdCbUFHd0FkUUJsQUc0QVl3QmxBR2dBWlFCaEFHd0FkQUJvQUM0QVl3QnZBRzBBT2dBekFEQUFNQUF3QUM4QWNBQnlBR1VBWkFCcEFHTUFkQUF2QUhZQU1RQXZBR3dBYndCdUFHY0FVZ0IxQUc0QWJnQnBBRzRBWndCVUFHRUFjd0JyQUhNQUlnQXNBQ0lBZEFBaUFEb0FJZ0JsQUhZQVpRQnVBSFFBSWdCOUFDd0Fld0FpQUc0QUlnQTZBQ0lBY2dCbEFHRUFaQUI1QUhNQWRBQmhBSFFBWlFCakFHZ0FZUUJ1QUdjQVpRQWlBQ3dBSWdCekFDSUFPZ0EwQURrQU9RQTNBRFlBTEFBaUFHVUFJZ0E2QURRQU9RQTVBRGNBTmdBc0FDSUFid0FpQURvQUlnQjFBRzRBWkFCbEFHWUFhUUJ1QUdVQVpBQWdBRWNBUlFCVUFEb0FJQUJ6QUhRQVlRQm5BR2tBYmdCbkFIQUFjZ0JsQUdRQWFRQmpBSFFBTlFBdUFHa0FiZ0JtQUd3QWRRQmxBRzRBWXdCbEFHZ0FaUUJoQUd3QWRBQm9BQzRBWXdCdkFHMEFPZ0EwQURRQU13QXZBQ1FBYlFCdkFHUUFkUUJzQUdVQUx3QnRBRzhBWkFCMUFHd0FaUUJ6QUM4QWFBQnZBRzBBWlFBaUFDd0FJZ0IwQUNJQU9nQWlBR1VBZGdCbEFHNEFkQUFpQUgwQUxBQjdBQ0lBYmdBaUFEb0FJZ0J5QUdVQVlRQmtBSGtBY3dCMEFHRUFkQUJsQUdNQWFBQmhBRzRBWndCbEFDSUFMQUFpQUhNQUlnQTZBRFFBT1FBNUFEY0FOZ0FzQUNJQVpRQWlBRG9BTkFBNUFEa0FOd0EyQUN3QUlnQnZBQ0lBT2dBaUFIVUFiZ0JrQUdVQVpnQnBBRzRBWlFCa0FDQUFSd0JGQUZRQU9nQWdBSE1BZEFCaEFHY0FhUUJ1QUdjQWNBQnlBR1VBWkFCcEFHTUFkQUExQUM0QWFRQnVBR1lBYkFCMUFHVUFiZ0JqQUdVQWFBQmxBR0VBYkFCMEFHZ0FMZ0JqQUc4QWJRQTZBRFFBTkFBekFDOEFKQUJ0QUc4QVpBQjFBR3dBWlFBdkFHMEFid0JrQUhVQWJBQmxBSE1BTHdCb0FHOEFiUUJsQUNJQUxBQWlBSFFBSWdBNkFDSUFaUUIyQUdVQWJnQjBBQ0lBZlFBc0FIc0FJZ0J1QUNJQU9nQWlBSElBWlFCaEFHUUFlUUJ6QUhRQVlRQjBBR1VBWXdCb0FHRUFiZ0JuQUdVQUlnQXNBQ0lBY3dBaUFEb0FOQUE1QURrQU53QTJBQ3dBSWdCbEFDSUFPZ0EwQURrQU9RQTNBRFlBTEFBaUFHOEFJZ0E2QUNJQWRRQnVBR1FBWlFCbUFHa0FiZ0JsQUdRQUlBQkhBRVVBVkFBNkFDQUFjd0IwQUdFQVp3QnBBRzRBWndCd0FISUFaUUJrQUdrQVl3QjBBRFVBTGdCcEFHNEFaZ0JzQUhVQVpRQnVBR01BWlFCb0FHVUFZUUJzQUhRQWFBQXVBR01BYndCdEFEb0FOQUEwQURNQUx3QWtBRzBBYndCa0FIVUFiQUJsQUM4QWJRQnZBR1FBZFFCc0FHVUFjd0F2QUdnQWJ3QnRBR1VBSWdBc0FDSUFkQUFpQURvQUlnQmxBSFlBWlFCdUFIUUFJZ0I5QUN3QWV3QWlBRzRBSWdBNkFDSUFjZ0JsQUdFQVpBQjVBSE1BZEFCaEFIUUFaUUJqQUdnQVlRQnVBR2NBWlFBaUFDd0FJZ0J6QUNJQU9nQTBBRGtBT1FBM0FEa0FMQUFpQUdVQUlnQTZBRFFBT1FBNUFEY0FPUUFzQUNJQWJ3QWlBRG9BSWdCMUFHNEFaQUJsQUdZQWFRQnVBR1VBWkFBZ0FFY0FSUUJVQURvQUlBQnpBSFFBWVFCbkFHa0FiZ0JuQUhBQWNnQmxBR1FBYVFCakFIUUFOUUF1QUdrQWJnQm1BR3dBZFFCbEFHNEFZd0JsQUdnQVpRQmhBR3dBZEFCb0FDNEFZd0J2QUcwQU9nQTBBRFFBTXdBdkFHMEFid0JrQUhVQWJBQmxBSE1BTHdCb0FHOEFiUUJsQUM4QUx3QnRBR0VBYVFCdUFDNEFhZ0J6QUNJQUxBQWlBSFFBSWdBNkFDSUFaUUIyQUdVQWJnQjBBQ0lBZlFBc0FIc0FJZ0J1QUNJQU9nQWlBSElBWlFCaEFHUUFlUUJ6QUhRQVlRQjBBR1VBWXdCb0FHRUFiZ0JuQUdVQUlnQXNBQ0lBY3dBaUFEb0FOQUE1QURrQU9BQXdBQ3dBSWdCbEFDSUFPZ0EwQURrQU9RQTRBREFBTEFBaUFHOEFJZ0E2QUNJQWRRQnVBR1FBWlFCbUFHa0FiZ0JsQUdRQUlBQkhBRVVBVkFBNkFDQUFjd0IwQUdFQVp3QnBBRzRBWndCd0FISUFaUUJrQUdrQVl3QjBBRFVBTGdCcEFHNEFaZ0JzQUhVQVpRQnVBR01BWlFCb0FHVUFZUUJzQUhRQWFBQXVBR01BYndCdEFEb0FOQUEwQURNQUx3QnRBRzhBWkFCMUFHd0FaUUJ6QUM4QWFBQnZBRzBBWlFBdkFDOEFiUUJoQUdrQWJnQXVBR29BY3dBaUFDd0FJZ0IwQUNJQU9nQWlBR1VBZGdCbEFHNEFkQUFpQUgwQUxBQjdBQ0lBYmdBaUFEb0FJZ0J5QUdVQVlRQmtBSGtBY3dCMEFHRUFkQUJsQUdNQWFBQmhBRzRBWndCbEFDSUFMQUFpQUhNQUlnQTZBRFFBT1FBNUFEZ0FNd0FzQUNJQVpRQWlBRG9BTkFBNUFEa0FPQUF6QUN3QUlnQnZBQ0lBT2dBaUFIVUFiZ0JrQUdVQVpnQnBBRzRBWlFCa0FDQUFSd0JGQUZRQU9nQWdBSE1BZEFCaEFHY0FhUUJ1QUdjQWNBQnlBR1VBWkFCcEFHTUFkQUExQUM0QWFRQnVBR1lBYkFCMUFHVUFiZ0JqQUdVQWFBQmxBR0VBYkFCMEFHZ0FMZ0JqQUc4QWJRQTZBRFFBTkFBekFDOEFiUUJ2QUdRQWRRQnNBR1VBY3dBdkFHZ0Fid0J0QUdVQUx3QXZBR01BYndCdUFIUUFjZ0J2QUd3QWJBQmxBSElBY3dCY0FGd0FWd0JsQUd3QVl3QnZBRzBBWlFCREFIUUFjZ0JzQUM0QWFnQnpBQ0lBTEFBaUFIUUFJZ0E2QUNJQVpRQjJBR1VBYmdCMEFDSUFmUUFzQUhzQUlnQnVBQ0lBT2dBaUFISUFaUUJoQUdRQWVRQnpBSFFBWVFCMEFHVUFZd0JvQUdFQWJnQm5BR1VBSWdBc0FDSUFjd0FpQURvQU5BQTVBRGtBT0FBMEFDd0FJZ0JsQUNJQU9nQTBBRGtBT1FBNEFEUUFMQUFpQUc4QUlnQTZBQ0lBZFFCdUFHUUFaUUJtQUdrQWJnQmxBR1FBSUFCSEFFVUFWQUE2QUNBQWN3QjBBR0VBWndCcEFHNEFad0J3QUhJQVpRQmtBR2tBWXdCMEFEVUFMZ0JwQUc0QVpnQnNBSFVBWlFCdUFHTUFaUUJvQUdVQVlRQnNBSFFBYUFBdUFHTUFid0J0QURvQU5BQTBBRE1BTHdCdEFHOEFaQUIxQUd3QVpRQnpBQzhBYUFCdkFHMEFaUUF2QUM4QVl3QnZBRzRBZEFCeUFHOEFiQUJzQUdVQWNnQnpBRndBWEFCWEFHVUFiQUJqQUc4QWJRQmxBRU1BZEFCeUFHd0FMZ0JxQUhNQUlnQXNBQ0lBZEFBaUFEb0FJZ0JsQUhZQVpRQnVBSFFBSWdCOUFDd0Fld0FpQUc0QUlnQTZBQ0lBY2dCbEFHRUFaQUI1QUhNQWRBQmhBSFFBWlFCakFHZ0FZUUJ1QUdjQVpRQWlBQ3dBSWdCekFDSUFPZ0EwQURrQU9RQTRBRFlBTEFBaUFHVUFJZ0E2QURRQU9RQTVBRGdBTmdBc0FDSUFid0FpQURvQUlnQjFBRzRBWkFCbEFHWUFhUUJ1QUdVQVpBQWdBRWNBUlFCVUFEb0FJQUJ6QUhRQVlRQm5BR2tBYmdCbkFIQUFjZ0JsQUdRQWFRQmpBSFFBTlFBdUFHa0FiZ0JtQUd3QWRRQmxBRzRBWXdCbEFHZ0FaUUJoQUd3QWRBQm9BQzRBWXdCdkFHMEFPZ0EwQURRQU13QXZBSFFBWlFCdEFIQUFiQUJoQUhRQVpRQnpBQzhBWWdCaEFITUFhUUJqQUM4QWFRQjFBR2tBTFFCd0FHOEFjZ0IwQUdFQWJBQXRBR3dBYndCbkFHOEFMZ0JvQUhRQWJRQnNBQ0lBTEFBaUFIUUFJZ0E2QUNJQVpRQjJBR1VBYmdCMEFDSUFmUUFzQUhzQUlnQnVBQ0lBT2dBaUFISUFaUUJoQUdRQWVRQnpBSFFBWVFCMEFHVUFZd0JvQUdFQWJnQm5BR1VBSWdBc0FDSUFjd0FpQURvQU5BQTVBRGtBT0FBMkFDd0FJZ0JsQUNJQU9nQTBBRGtBT1FBNEFEWUFMQUFpQUc4QUlnQTZBQ0lBZFFCdUFHUUFaUUJtQUdrQWJnQmxBR1FBSUFCSEFFVUFWQUE2QUNBQWN3QjBBR0VBWndCcEFHNEFad0J3QUhJQVpRQmtBR2tBWXdCMEFEVUFMZ0JwQUc0QVpnQnNBSFVBWlFCdUFHTUFaUUJvQUdVQVlRQnNBSFFBYUFBdUFHTUFid0J0QURvQU5BQTBBRE1BTHdCMEFHVUFiUUJ3QUd3QVlRQjBBR1VBY3dBdkFHSUFZUUJ6QUdrQVl3QXZBR2tBZFFCcEFDMEFjQUJ2QUhJQWRBQmhBR3dBTFFCc0FHOEFad0J2QUM0QWFBQjBBRzBBYkFBaUFDd0FJZ0IwQUNJQU9nQWlBR1VBZGdCbEFHNEFkQUFpQUgwQUxBQjdBQ0lBYmdBaUFEb0FJZ0J5QUdVQVlRQmtBSGtBY3dCMEFHRUFkQUJsQUdNQWFBQmhBRzRBWndCbEFDSUFMQUFpQUhNQUlnQTZBRFFBT1FBNUFEZ0FOd0FzQUNJQVpRQWlBRG9BTkFBNUFEa0FPQUEzQUN3QUlnQnZBQ0lBT2dBaUFIVUFiZ0JrQUdVQVpnQnBBRzRBWlFCa0FDQUFSd0JGQUZRQU9nQWdBSE1BZEFCaEFHY0FhUUJ1QUdjQWNBQnlBR1VBWkFCcEFHTUFkQUExQUM0QWFRQnVBR1lBYkFCMUFHVUFiZ0JqQUdVQWFBQmxBR0VBYkFCMEFHZ0FMZ0JqQUc4QWJRQTZBRFFBTkFBekFDOEFkQUJsQUcwQWNBQnNBR0VBZEFCbEFITUFMd0JpQUdFQWN3QnBBR01BTHdCcEFIVUFhUUF0QUhBQWJ3QnlBSFFBWVFCc0FDMEFiQUJ2QUdjQWJ3QXVBR2dBZEFCdEFHd0FJZ0FzQUNJQWRBQWlBRG9BSWdCbEFIWUFaUUJ1QUhRQUlnQjlBQ3dBZXdBaUFHNEFJZ0E2QUNJQWNnQmxBR0VBWkFCNUFITUFkQUJoQUhRQVpRQmpBR2dBWVFCdUFHY0FaUUFpQUN3QUlnQnpBQ0lBT2dBMEFEa0FPUUE0QURjQUxBQWlBR1VBSWdBNkFEUUFPUUE1QURnQU53QXNBQ0lBYndBaUFEb0FJZ0IxQUc0QVpBQmxBR1lBYVFCdUFHVUFaQUFnQUVjQVJRQlVBRG9BSUFCekFIUUFZUUJuQUdrQWJnQm5BSEFBY2dCbEFHUUFhUUJqQUhRQU5RQXVBR2tBYmdCbUFHd0FkUUJsQUc0QVl3QmxBR2dBWlFCaEFHd0FkQUJvQUM0QVl3QnZBRzBBT2dBMEFEUUFNd0F2QUhRQVpRQnRBSEFBYkFCaEFIUUFaUUJ6QUM4QVlnQmhBSE1BYVFCakFDOEFhUUIxQUdrQUxRQndBRzhBY2dCMEFHRUFiQUF0QUd3QWJ3Qm5BRzhBTGdCb0FIUUFiUUJzQUNJQUxBQWlBSFFBSWdBNkFDSUFaUUIyQUdVQWJnQjBBQ0lBZlFBc0FIc0FJZ0J1QUNJQU9nQWlBSElBWlFCaEFHUUFlUUJ6QUhRQVlRQjBBR1VBWXdCb0FHRUFiZ0JuQUdVQUlnQXNBQ0lBY3dBaUFEb0FOQUE1QURrQU9BQTNBQ3dBSWdCbEFDSUFPZ0EwQURrQU9RQTRBRGNBTEFBaUFHOEFJZ0E2QUNJQWRRQnVBR1FBWlFCbUFHa0FiZ0JsQUdRQUlBQkhBRVVBVkFBNkFDQUFjd0IwQUdFQVp3QnBBRzRBWndCd0FISUFaUUJrQUdrQVl3QjBBRFVBTGdCcEFHNEFaZ0JzQUhVQVpRQnVBR01BWlFCb0FHVUFZUUJzQUhRQWFBQXVBR01BYndCdEFEb0FOQUEwQURNQUx3QjBBR1VBYlFCd0FHd0FZUUIwQUdVQWN3QXZBR0lBWVFCekFHa0FZd0F2QUdrQWRRQnBBQzBBY0FCdkFISUFkQUJoQUd3QUxRQnNBRzhBWndCdkFDNEFhQUIwQUcwQWJBQWlBQ3dBSWdCMEFDSUFPZ0FpQUdVQWRnQmxBRzRBZEFBaUFIMEFMQUI3QUNJQWJnQWlBRG9BSWdCeUFHVUFZUUJrQUhrQWN3QjBBR0VBZEFCbEFHTUFhQUJoQUc0QVp3QmxBQ0lBTEFBaUFITUFJZ0E2QURRQU9RQTVBRGdBTndBc0FDSUFaUUFpQURvQU5RQXdBREFBTWdBMkFDd0FJZ0J2QUNJQU9nQWlBSFVBYmdCa0FHVUFaZ0JwQUc0QVpRQmtBQ0FBUndCRkFGUUFPZ0FnQUhNQWRBQmhBR2NBYVFCdUFHY0FjQUJ5QUdVQVpBQnBBR01BZEFBMUFDNEFhUUJ1QUdZQWJBQjFBR1VBYmdCakFHVUFhQUJsQUdFQWJBQjBBR2dBTGdCakFHOEFiUUE2QURRQU5BQXpBQzhBZEFCbEFHMEFjQUJzQUdFQWRBQmxBSE1BTHdCaUFHRUFjd0JwQUdNQUx3QnBBSFVBYVFBdEFIQUFid0J5QUhRQVlRQnNBQzBBYkFCdkFHY0Fid0F1QUdnQWRBQnRBR3dBSWdBc0FDSUFkQUFpQURvQUlnQmxBSFlBWlFCdUFIUUFJZ0I5QUN3QWV3QWlBRzRBSWdBNkFDSUFjZ0JsQUdFQVpBQjVBSE1BZEFCaEFIUUFaUUJqQUdnQVlRQnVBR2NBWlFBaUFDd0FJZ0J6QUNJQU9nQTFBREFBTUFBeUFEY0FMQUFpQUdVQUlnQTZBRFVBTUFBd0FESUFOd0FzQUNJQWJ3QWlBRG9BSWdCMUFHNEFaQUJsQUdZQWFRQnVBR1VBWkFBZ0FFY0FSUUJVQURvQUlBQnpBSFFBWVFCbkFHa0FiZ0JuQUhBQWNnQmxBR1FBYVFCakFIUUFOUUF1QUdrQWJnQm1BR3dBZFFCbEFHNEFZd0JsQUdnQVpRQmhBR3dBZEFCb0FDNEFZd0J2QUcwQU9nQTBBRFFBTXdBdkFHd0FZUUI1QUc4QWRRQjBBSE1BTHdCaUFHRUFjd0JsQUM4QWN3QmxBR3dBWlFCakFIUUFMUUJqQUc4QWJnQjBBR1VBZUFCMEFDNEFhQUIwQUcwQWJBQWlBQ3dBSWdCMEFDSUFPZ0FpQUdVQWRnQmxBRzRBZEFBaUFIMEFMQUI3QUNJQWJnQWlBRG9BSWdCeUFHVUFZUUJrQUhrQWN3QjBBR0VBZEFCbEFHTUFhQUJoQUc0QVp3QmxBQ0lBTEFBaUFITUFJZ0E2QURVQU1BQXdBRElBTndBc0FDSUFaUUFpQURvQU5RQXdBREFBTWdBM0FDd0FJZ0J2QUNJQU9nQWlBSFVBYmdCa0FHVUFaZ0JwQUc0QVpRQmtBQ0FBUndCRkFGUUFPZ0FnQUhNQWRBQmhBR2NBYVFCdUFHY0FjQUJ5QUdVQVpBQnBBR01BZEFBMUFDNEFhUUJ1QUdZQWJBQjFBR1VBYmdCakFHVUFhQUJsQUdFQWJBQjBBR2dBTGdCakFHOEFiUUE2QURRQU5BQXpBQzhBYkFCaEFIa0Fid0IxQUhRQWN3QXZBR0lBWVFCekFHVUFMd0J6QUdVQWJBQmxBR01BZEFBdEFHTUFid0J1QUhRQVpRQjRBSFFBTGdCb0FIUUFiUUJzQUNJQUxBQWlBSFFBSWdBNkFDSUFaUUIyQUdVQWJnQjBBQ0lBZlFBc0FIc0FJZ0J1QUNJQU9nQWlBSElBWlFCaEFHUUFlUUJ6QUhRQVlRQjBBR1VBWXdCb0FHRUFiZ0JuQUdVQUlnQXNBQ0lBY3dBaUFEb0FOUUF3QURBQU1nQTNBQ3dBSWdCbEFDSUFPZ0ExQURBQU1BQXlBRGNBTEFBaUFHOEFJZ0E2QUNJQWRRQnVBR1FBWlFCbUFHa0FiZ0JsQUdRQUlBQkhBRVVBVkFBNkFDQUFjd0IwQUdFQVp3QnBBRzRBWndCd0FISUFaUUJrQUdrQVl3QjBBRFVBTGdCcEFHNEFaZ0JzQUhVQVpRQnVBR01BWlFCb0FHVUFZUUJzQUhRQWFBQXVBR01BYndCdEFEb0FOQUEwQURNQUx3QnNBR0VBZVFCdkFIVUFkQUJ6QUM4QVlnQmhBSE1BWlFBdkFITUFaUUJzQUdVQVl3QjBBQzBBWXdCdkFHNEFkQUJsQUhnQWRBQXVBR2dBZEFCdEFHd0FJZ0FzQUNJQWRBQWlBRG9BSWdCbEFIWUFaUUJ1QUhRQUlnQjlBQ3dBZXdBaUFHNEFJZ0E2QUNJQWNnQmxBR0VBWkFCNUFITUFkQUJoQUhRQVpRQmpBR2dBWVFCdUFHY0FaUUFpQUN3QUlnQnpBQ0lBT2dBMUFEQUFNQUF5QURjQUxBQWlBR1VBSWdBNkFEVUFNQUF3QURJQU53QXNBQ0lBYndBaUFEb0FJZ0IxQUc0QVpBQmxBR1lBYVFCdUFHVUFaQUFnQUVjQVJRQlVBRG9BSUFCekFIUUFZUUJuQUdrQWJnQm5BSEFBY2dCbEFHUUFhUUJqQUhRQU5RQXVBR2tBYmdCbUFHd0FkUUJsQUc0QVl3QmxBR2dBWlFCaEFHd0FkQUJvQUM0QVl3QnZBRzBBT2dBMEFEUUFNd0F2QUd3QVlRQjVBRzhBZFFCMEFITUFMd0JpQUdFQWN3QmxBQzhBY3dCbEFHd0FaUUJqQUhRQUxRQmpBRzhBYmdCMEFHVUFlQUIwQUM0QWFBQjBBRzBBYkFBaUFDd0FJZ0IwQUNJQU9nQWlBR1VBZGdCbEFHNEFkQUFpQUgwQUxBQjdBQ0lBYmdBaUFEb0FJZ0J5QUdVQVlRQmtBSGtBY3dCMEFHRUFkQUJsQUdNQWFBQmhBRzRBWndCbEFDSUFMQUFpQUhNQUlnQTZBRFVBTUFBd0FESUFPQUFzQUNJQVpRQWlBRG9BTlFBd0FEQUFNZ0E0QUN3QUlnQnZBQ0lBT2dBaUFIVUFiZ0JrQUdVQVpnQnBBRzRBWlFCa0FDQUFSd0JGQUZRQU9nQWdBSE1BZEFCaEFHY0FhUUJ1QUdjQWNBQnlBR1VBWkFCcEFHTUFkQUExQUM0QWFRQnVBR1lBYkFCMUFHVUFiZ0JqQUdVQWFBQmxBR0VBYkFCMEFHZ0FMZ0JqQUc4QWJRQTZBRFFBTkFBekFDOEFiQUJoQUhrQWJ3QjFBSFFBY3dBdkFHSUFZUUJ6QUdVQUx3QnpBR1VBYkFCbEFHTUFkQUF0QUdNQWJ3QnVBSFFBWlFCNEFIUUFMZ0JvQUhRQWJRQnNBQ0lBTEFBaUFIUUFJZ0E2QUNJQVpRQjJBR1VBYmdCMEFDSUFmUUFzQUhzQUlnQnVBQ0lBT2dBaUFISUFaUUJoQUdRQWVRQnpBSFFBWVFCMEFHVUFZd0JvQUdFQWJnQm5BR1VBSWdBc0FDSUFjd0FpQURvQU5RQXdBREFBTWdBNEFDd0FJZ0JsQUNJQU9nQTFBREFBTUFBM0FETUFMQUFpQUc4QUlnQTZBQ0lBZFFCdUFHUUFaUUJtQUdrQWJnQmxBR1FBSUFCSEFFVUFWQUE2QUNBQWN3QjBBR0VBWndCcEFHNEFad0J3QUhJQVpRQmtBR2tBWXdCMEFEVUFMZ0JwQUc0QVpnQnNBSFVBWlFCdUFHTUFaUUJvQUdVQVlRQnNBSFFBYUFBdUFHTUFid0J0QURvQU5BQTBBRE1BTHdCc0FHRUFlUUJ2QUhVQWRBQnpBQzhBWWdCaEFITUFaUUF2QUhNQVpRQnNBR1VBWXdCMEFDMEFZd0J2QUc0QWRBQmxBSGdBZEFBdUFHZ0FkQUJ0QUd3QUlnQXNBQ0lBZEFBaUFEb0FJZ0JsQUhZQVpRQnVBSFFBSWdCOUFDd0Fld0FpQUc0QUlnQTZBQ0lBY2dCbEFHRUFaQUI1QUhNQWRBQmhBSFFBWlFCakFHZ0FZUUJ1QUdjQVpRQWlBQ3dBSWdCekFDSUFPZ0ExQURBQU1BQTNBRFFBTEFBaUFHVUFJZ0E2QURVQU1BQXdBRGNBTkFBc0FDSUFid0FpQURvQUlnQjFBRzRBWkFCbEFHWUFhUUJ1QUdVQVpBQWdBRWNBUlFCVUFEb0FJQUJ6QUhRQVlRQm5BR2tBYmdCbkFIQUFjZ0JsQUdRQWFRQmpBSFFBTlFBdUFHa0FiZ0JtQUd3QWRRQmxBRzRBWXdCbEFHZ0FaUUJoQUd3QWRBQm9BQzRBWXdCdkFHMEFPZ0EwQURRQU13QXZBR3dBWVFCNUFHOEFkUUIwQUhNQUx3QmlBR0VBY3dCbEFDOEFjd0JsQUdNQWJ3QnVBR1FBWVFCeUFIa0FMUUJ6QUdrQVpBQmxBR0lBWVFCeUFDMEFiZ0JoQUhZQWFRQm5BR0VBZEFCcEFHOEFiZ0F1QUdnQWRBQnRBR3dBSWdBc0FDSUFkQUFpQURvQUlnQmxBSFlBWlFCdUFIUUFJZ0I5QUN3QWV3QWlBRzRBSWdBNkFDSUFjZ0JsQUdFQVpBQjVBSE1BZEFCaEFIUUFaUUJqQUdnQVlRQnVBR2NBWlFBaUFDd0FJZ0J6QUNJQU9nQTFBREFBTUFBM0FEUUFMQUFpQUdVQUlnQTZBRFVBTUFBd0FEY0FOQUFzQUNJQWJ3QWlBRG9BSWdCMUFHNEFaQUJsQUdZQWFRQnVBR1VBWkFBZ0FFY0FSUUJVQURvQUlBQnpBSFFBWVFCbkFHa0FiZ0JuQUhBQWNnQmxBR1FBYVFCakFIUUFOUUF1QUdrQWJnQm1BR3dBZFFCbEFHNEFZd0JsQUdnQVpRQmhBR3dBZEFCb0FDNEFZd0J2QUcwQU9nQTBBRFFBTXdBdkFHd0FZUUI1QUc4QWRRQjBBSE1BTHdCaUFHRUFjd0JsQUM4QWN3QmxBR01BYndCdUFHUUFZUUJ5QUhrQUxRQnpBR2tBWkFCbEFHSUFZUUJ5QUMwQWJnQmhBSFlBYVFCbkFHRUFkQUJwQUc4QWJnQXVBR2dBZEFCdEFHd0FJZ0FzQUNJQWRBQWlBRG9BSWdCbEFIWUFaUUJ1QUhRQUlnQjlBQ3dBZXdBaUFHNEFJZ0E2QUNJQWNnQmxBR0VBWkFCNUFITUFkQUJoQUhRQVpRQmpBR2dBWVFCdUFHY0FaUUFpQUN3QUlnQnpBQ0lBT2dBMUFEQUFNQUEzQURRQUxBQWlBR1VBSWdBNkFEVUFNQUF3QURjQU5BQXNBQ0lBYndBaUFEb0FJZ0IxQUc0QVpBQmxBR1lBYVFCdUFHVUFaQUFnQUVjQVJRQlVBRG9BSUFCekFIUUFZUUJuQUdrQWJnQm5BSEFBY2dCbEFHUUFhUUJqQUhRQU5RQXVBR2tBYmdCbUFHd0FkUUJsQUc0QVl3QmxBR2dBWlFCaEFHd0FkQUJvQUM0QVl3QnZBRzBBT2dBMEFEUUFNd0F2QUd3QVlRQjVBRzhBZFFCMEFITUFMd0JpQUdFQWN3QmxBQzhBY3dCbEFHTUFid0J1QUdRQVlRQnlBSGtBTFFCekFHa0FaQUJsQUdJQVlRQnlBQzBBYmdCaEFIWUFhUUJuQUdFQWRBQnBBRzhBYmdBdUFHZ0FkQUJ0QUd3QUlnQXNBQ0lBZEFBaUFEb0FJZ0JsQUhZQVpRQnVBSFFBSWdCOUFDd0Fld0FpQUc0QUlnQTZBQ0lBY2dCbEFHRUFaQUI1QUhNQWRBQmhBSFFBWlFCakFHZ0FZUUJ1QUdjQVpRQWlBQ3dBSWdCekFDSUFPZ0ExQURBQU1BQTNBRFFBTEFBaUFHVUFJZ0E2QURVQU1BQXdBRGNBTkFBc0FDSUFid0FpQURvQUlnQjFBRzRBWkFCbEFHWUFhUUJ1QUdVQVpBQWdBRWNBUlFCVUFEb0FJQUJ6QUhRQVlRQm5BR2tBYmdCbkFIQUFjZ0JsQUdRQWFRQmpBSFFBTlFBdUFHa0FiZ0JtQUd3QWRRQmxBRzRBWXdCbEFHZ0FaUUJoQUd3QWRBQm9BQzRBWXdCdkFHMEFPZ0EwQURRQU13QXZBR3dBWVFCNUFHOEFkUUIwQUhNQUx3QmlBR0VBY3dCbEFDOEFjd0JsQUdNQWJ3QnVBR1FBWVFCeUFIa0FMUUJ6QUdrQVpBQmxBR0lBWVFCeUFDMEFiZ0JoQUhZQWFRQm5BR0VBZEFCcEFHOEFiZ0F1QUdnQWRBQnRBR3dBSWdBc0FDSUFkQUFpQURvQUlnQmxBSFlBWlFCdUFIUUFJZ0I5QUN3QWV3QWlBRzRBSWdBNkFDSUFjZ0JsQUdFQVpBQjVBSE1BZEFCaEFIUUFaUUJqQUdnQVlRQnVBR2NBWlFBaUFDd0FJZ0J6QUNJQU9nQTFBREFBTUFBM0FEVUFMQUFpQUdVQUlnQTZBRFVBTUFBd0FEY0FOUUFzQUNJQWJ3QWlBRG9BSWdCMUFHNEFaQUJsQUdZQWFRQnVBR1VBWkFBZ0FFY0FSUUJVQURvQUlBQnpBSFFBWVFCbkFHa0FiZ0JuQUhBQWNnQmxBR1FBYVFCakFIUUFOUUF1QUdrQWJnQm1BR3dBZFFCbEFHNEFZd0JsQUdnQVpRQmhBR3dBZEFCb0FDNEFZd0J2QUcwQU9nQTBBRFFBTXdBdkFHd0FZUUI1QUc4QWRRQjBBSE1BTHdCaUFHRUFjd0JsQUM4QWN3QmxBR01BYndCdUFHUUFZUUJ5QUhrQUxRQnpBR2tBWkFCbEFHSUFZUUJ5QUMwQWJnQmhBSFlBYVFCbkFHRUFkQUJwQUc4QWJnQXVBR2dBZEFCdEFHd0FJZ0FzQUNJQWRBQWlBRG9BSWdCbEFIWUFaUUJ1QUhRQUlnQjlBQ3dBZXdBaUFHNEFJZ0E2QUNJQWNnQmxBR0VBWkFCNUFITUFkQUJoQUhRQVpRQmpBR2dBWVFCdUFHY0FaUUFpQUN3QUlnQnpBQ0lBT2dBMUFEQUFNQUEzQURVQUxBQWlBR1VBSWdBNkFEVUFNQUF3QURjQU5RQXNBQ0lBYndBaUFEb0FJZ0IxQUc0QVpBQmxBR1lBYVFCdUFHVUFaQUFnQUVjQVJRQlVBRG9BSUFCekFIUUFZUUJuQUdrQWJnQm5BSEFBY2dCbEFHUUFhUUJqQUhRQU5RQXVBR2tBYmdCbUFHd0FkUUJsQUc0QVl3QmxBR2dBWlFCaEFHd0FkQUJvQUM0QVl3QnZBRzBBT2dBMEFEUUFNd0F2QUd3QVlRQjVBRzhBZFFCMEFITUFMd0JpQUdFQWN3QmxBQzhBY3dCbEFHTUFid0J1QUdRQVlRQnlBSGtBTFFCekFHa0FaQUJsQUdJQVlRQnlBQzBBYmdCaEFIWUFhUUJuQUdFQWRBQnBBRzhBYmdBdUFHZ0FkQUJ0QUd3QUlnQXNBQ0lBZEFBaUFEb0FJZ0JsQUhZQVpRQnVBSFFBSWdCOUFDd0Fld0FpQUc0QUlnQTZBQ0lBY2dCbEFHRUFaQUI1QUhNQWRBQmhBSFFBWlFCakFHZ0FZUUJ1QUdjQVpRQWlBQ3dBSWdCekFDSUFPZ0ExQURBQU1BQTNBRFVBTEFBaUFHVUFJZ0E2QURVQU1BQXdBRGNBTlFBc0FDSUFid0FpQURvQUlnQjFBRzRBWkFCbEFHWUFhUUJ1QUdVQVpBQWdBRWNBUlFCVUFEb0FJQUJ6QUhRQVlRQm5BR2tBYmdCbkFIQUFjZ0JsQUdRQWFRQmpBSFFBTlFBdUFHa0FiZ0JtQUd3QWRRQmxBRzRBWXdCbEFHZ0FaUUJoQUd3QWRBQm9BQzRBWXdCdkFHMEFPZ0EwQURRQU13QXZBR3dBWVFCNUFHOEFkUUIwQUhNQUx3QmlBR0VBY3dCbEFDOEFjd0JsQUdNQWJ3QnVBR1FBWVFCeUFIa0FMUUJ6QUdrQVpBQmxBR0lBWVFCeUFDMEFiZ0JoQUhZQWFRQm5BR0VBZEFCcEFHOEFiZ0F1QUdnQWRBQnRBR3dBSWdBc0FDSUFkQUFpQURvQUlnQmxBSFlBWlFCdUFIUUFJZ0I5QUN3QWV3QWlBRzRBSWdBNkFDSUFjZ0JsQUdFQVpBQjVBSE1BZEFCaEFIUUFaUUJqQUdnQVlRQnVBR2NBWlFBaUFDd0FJZ0J6QUNJQU9nQTFBREFBTUFBM0FEVUFMQUFpQUdVQUlnQTZBRFVBTUFBd0FEY0FOUUFzQUNJQWJ3QWlBRG9BSWdCMUFHNEFaQUJsQUdZQWFRQnVBR1VBWkFBZ0FFY0FSUUJVQURvQUlBQnpBSFFBWVFCbkFHa0FiZ0JuQUhBQWNnQmxBR1FBYVFCakFIUUFOUUF1QUdrQWJnQm1BR3dBZFFCbEFHNEFZd0JsQUdnQVpRQmhBR3dBZEFCb0FDNEFZd0J2QUcwQU9nQTBBRFFBTXdBdkFHd0FZUUI1QUc4QWRRQjBBSE1BTHdCaUFHRUFjd0JsQUM4QWN3QmxBR01BYndCdUFHUUFZUUJ5QUhrQUxRQnpBR2tBWkFCbEFHSUFZUUJ5QUMwQWJnQmhBSFlBYVFCbkFHRUFkQUJwQUc4QWJnQXVBR2dBZEFCdEFHd0FJZ0FzQUNJQWRBQWlBRG9BSWdCbEFIWUFaUUJ1QUhRQUlnQjlBQ3dBZXdBaUFHNEFJZ0E2QUNJQWNnQmxBR0VBWkFCNUFITUFkQUJoQUhRQVpRQmpBR2dBWVFCdUFHY0FaUUFpQUN3QUlnQnpBQ0lBT2dBMUFEQUFNQUEzQURVQUxBQWlBR1VBSWdBNkFEVUFNQUF3QURjQU5RQXNBQ0lBYndBaUFEb0FJZ0IxQUc0QVpBQmxBR1lBYVFCdUFHVUFaQUFnQUVjQVJRQlVBRG9BSUFCekFIUUFZUUJuQUdrQWJnQm5BSEFBY2dCbEFHUUFhUUJqQUhRQU5RQXVBR2tBYmdCbUFHd0FkUUJsQUc0QVl3QmxBR2dBWlFCaEFHd0FkQUJvQUM0QVl3QnZBRzBBT2dBMEFEUUFNd0F2QUd3QVlRQjVBRzhBZFFCMEFITUFMd0JpQUdFQWN3QmxBQzhBY3dCbEFHTUFid0J1QUdRQVlRQnlBSGtBTFFCekFHa0FaQUJsQUdJQVlRQnlBQzBBYmdCaEFIWUFhUUJuQUdFQWRBQnBBRzhBYmdBdUFHZ0FkQUJ0QUd3QUlnQXNBQ0lBZEFBaUFEb0FJZ0JsQUhZQVpRQnVBSFFBSWdCOUFDd0Fld0FpQUc0QUlnQTZBQ0lBY2dCbEFHRUFaQUI1QUhNQWRBQmhBSFFBWlFCakFHZ0FZUUJ1QUdjQVpRQWlBQ3dBSWdCekFDSUFPZ0ExQURBQU1BQTNBRFVBTEFBaUFHVUFJZ0E2QURVQU1BQXhBRGNBTndBc0FDSUFid0FpQURvQUlnQjFBRzRBWkFCbEFHWUFhUUJ1QUdVQVpBQWdBRWNBUlFCVUFEb0FJQUJ6QUhRQVlRQm5BR2tBYmdCbkFIQUFjZ0JsQUdRQWFRQmpBSFFBTlFBdUFHa0FiZ0JtQUd3QWRRQmxBRzRBWXdCbEFHZ0FaUUJoQUd3QWRBQm9BQzRBWXdCdkFHMEFPZ0EwQURRQU13QXZBR3dBWVFCNUFHOEFkUUIwQUhNQUx3QmlBR0VBY3dCbEFDOEFjd0JsQUdNQWJ3QnVBR1FBWVFCeUFIa0FMUUJ6QUdrQVpBQmxBR0lBWVFCeUFDMEFiZ0JoQUhZQWFRQm5BR0VBZEFCcEFHOEFiZ0F1QUdnQWRBQnRBR3dBSWdBc0FDSUFkQUFpQURvQUlnQmxBSFlBWlFCdUFIUUFJZ0I5QUN3QWV3QWlBRzRBSWdBNkFDSUFjZ0JsQUdFQVpBQjVBSE1BZEFCaEFIUUFaUUJqQUdnQVlRQnVBR2NBWlFBaUFDd0FJZ0J6QUNJQU9nQTFBREFBTXdBNEFEUUFMQUFpQUdVQUlnQTZBRFVBTUFBekFEZ0FOQUFzQUNJQWJ3QWlBRG9BSWdCMUFHNEFaQUJsQUdZQWFRQnVBR1VBWkFBZ0FFY0FSUUJVQURvQUlBQnpBSFFBWVFCbkFHa0FiZ0JuQUhBQWNnQmxBR1FBYVFCakFIUUFOUUF1QUdrQWJnQm1BR3dBZFFCbEFHNEFZd0JsQUdnQVpRQmhBR3dBZEFCb0FDNEFZd0J2QUcwQU9nQTBBRFFBTXdBdkFHMEFid0JrQUhVQWJBQmxBSE1BTHdCb0FHOEFiUUJsQUM4QUx3QnRBR0VBYVFCdUFDNEFhZ0J6QUNJQUxBQWlBSFFBSWdBNkFDSUFaUUIyQUdVQWJnQjBBQ0lBZlFBc0FIc0FJZ0J1QUNJQU9nQWlBSElBWlFCaEFHUUFlUUJ6QUhRQVlRQjBBR1VBWXdCb0FHRUFiZ0JuQUdVQUlnQXNBQ0lBY3dBaUFEb0FOUUF3QURNQU9BQTBBQ3dBSWdCbEFDSUFPZ0ExQURBQU13QTRBRFFBTEFBaUFHOEFJZ0E2QUNJQWRRQnVBR1FBWlFCbUFHa0FiZ0JsQUdRQUlBQkhBRVVBVkFBNkFDQUFjd0IwQUdFQVp3QnBBRzRBWndCd0FISUFaUUJrQUdrQVl3QjBBRFVBTGdCcEFHNEFaZ0JzQUhVQVpRQnVBR01BWlFCb0FHVUFZUUJzQUhRQWFBQXVBR01BYndCdEFEb0FOQUEwQURNQUx3QnRBRzhBWkFCMUFHd0FaUUJ6QUM4QWFBQnZBRzBBWlFBdkFDOEFiUUJoQUdrQWJnQXVBR29BY3dBaUFDd0FJZ0IwQUNJQU9nQWlBR1VBZGdCbEFHNEFkQUFpQUgwQUxBQjdBQ0lBYmdBaUFEb0FJZ0J5QUdVQVlRQmtBSGtBY3dCMEFHRUFkQUJsQUdNQWFBQmhBRzRBWndCbEFDSUFMQUFpQUhNQUlnQTZBRFVBTUFBekFEZ0FOQUFzQUNJQVpRQWlBRG9BTlFBd0FETUFPQUEwQUN3QUlnQnZBQ0lBT2dBaUFIVUFiZ0JrQUdVQVpnQnBBRzRBWlFCa0FDQUFSd0JGQUZRQU9nQWdBSE1BZEFCaEFHY0FhUUJ1QUdjQWNBQnlBR1VBWkFCcEFHTUFkQUExQUM0QWFRQnVBR1lBYkFCMUFHVUFiZ0JqQUdVQWFBQmxBR0VBYkFCMEFHZ0FMZ0JqQUc4QWJRQTZBRFFBTkFBekFDOEFiUUJ2QUdRQWRRQnNBR1VBY3dBdkFHZ0Fid0J0QUdVQUx3QXZBRzBBWVFCcEFHNEFMZ0JxQUhNQUlnQXNBQ0lBZEFBaUFEb0FJZ0JsQUhZQVpRQnVBSFFBSWdCOUFDd0Fld0FpQUc0QUlnQTZBQ0lBY2dCbEFHRUFaQUI1QUhNQWRBQmhBSFFBWlFCakFHZ0FZUUJ1QUdjQVpRQWlBQ3dBSWdCekFDSUFPZ0ExQURBQU13QTRBRGNBTEFBaUFHVUFJZ0E2QURVQU1BQXpBRGdBTndBc0FDSUFid0FpQURvQUlnQjFBRzRBWkFCbEFHWUFhUUJ1QUdVQVpBQWdBRWNBUlFCVUFEb0FJQUJ6QUhRQVlRQm5BR2tBYmdCbkFIQUFjZ0JsQUdRQWFRQmpBSFFBTlFBdUFHa0FiZ0JtQUd3QWRRQmxBRzRBWXdCbEFHZ0FaUUJoQUd3QWRBQm9BQzRBWXdCdkFHMEFPZ0EwQURRQU13QXZBRzBBYndCa0FIVUFiQUJsQUhNQUx3Qm9BRzhBYlFCbEFDOEFZd0J2QUc0QWRBQnlBRzhBYkFCc0FHVUFjZ0J6QUM4QVZ3QmxBR3dBWXdCdkFHMEFaUUJEQUhRQWNnQnNBQzRBYWdCekFDSUFMQUFpQUhRQUlnQTZBQ0lBWlFCMkFHVUFiZ0IwQUNJQWZRQXNBSHNBSWdCdUFDSUFPZ0FpQUhJQVpRQmhBR1FBZVFCekFIUUFZUUIwQUdVQVl3Qm9BR0VBYmdCbkFHVUFJZ0FzQUNJQWN3QWlBRG9BTlFBd0FETUFPQUE0QUN3QUlnQmxBQ0lBT2dBMUFEQUFNd0E0QURnQUxBQWlBRzhBSWdBNkFDSUFkUUJ1QUdRQVpRQm1BR2tBYmdCbEFHUUFJQUJIQUVVQVZBQTZBQ0FBY3dCMEFHRUFad0JwQUc0QVp3QndBSElBWlFCa0FHa0FZd0IwQURVQUxnQnBBRzRBWmdCc0FIVUFaUUJ1QUdNQVpRQm9BR1VBWVFCc0FIUUFhQUF1QUdNQWJ3QnRBRG9BTkFBMEFETUFMd0J0QUc4QVpBQjFBR3dBWlFCekFDOEFhQUJ2QUcwQVpRQXZBR01BYndCdUFIUUFjZ0J2QUd3QWJBQmxBSElBY3dBdkFGY0FaUUJzQUdNQWJ3QnRBR1VBUXdCMEFISUFiQUF1QUdvQWN3QWlBQ3dBSWdCMEFDSUFPZ0FpQUdVQWRnQmxBRzRBZEFBaUFIMEFMQUI3QUNJQWJnQWlBRG9BSWdCeUFHVUFZUUJrQUhrQWN3QjBBR0VBZEFCbEFHTUFhQUJoQUc0QVp3QmxBQ0lBTEFBaUFITUFJZ0E2QURVQU1BQXpBRGtBTUFBc0FDSUFaUUFpQURvQU5RQXdBRE1BT1FBd0FDd0FJZ0J2QUNJQU9nQWlBSFVBYmdCa0FHVUFaZ0JwQUc0QVpRQmtBQ0FBUndCRkFGUUFPZ0FnQUhNQWRBQmhBR2NBYVFCdUFHY0FjQUJ5QUdVQVpBQnBBR01BZEFBMUFDNEFhUUJ1QUdZQWJBQjFBR1VBYmdCakFHVUFhQUJsQUdFQWJBQjBBR2dBTGdCakFHOEFiUUE2QURRQU5BQXpBQzhBYlFCdkFHUUFkUUJzQUdVQWN3QXZBR2dBYndCdEFHVUFMd0F2QUdNQWJ3QnVBSFFBY2dCdkFHd0FiQUJsQUhJQWN3QmNBRndBVndCbEFHd0FZd0J2QUcwQVpRQkRBSFFBY2dCc0FDNEFhZ0J6QUNJQUxBQWlBSFFBSWdBNkFDSUFaUUIyQUdVQWJnQjBBQ0lBZlFBc0FIc0FJZ0J1QUNJQU9nQWlBSElBWlFCaEFHUUFlUUJ6QUhRQVlRQjBBR1VBWXdCb0FHRUFiZ0JuQUdVQUlnQXNBQ0lBY3dBaUFEb0FOUUF3QURNQU9RQXdBQ3dBSWdCbEFDSUFPZ0ExQURBQU13QTVBREFBTEFBaUFHOEFJZ0E2QUNJQWRRQnVBR1FBWlFCbUFHa0FiZ0JsQUdRQUlBQkhBRVVBVkFBNkFDQUFjd0IwQUdFQVp3QnBBRzRBWndCd0FISUFaUUJrQUdrQVl3QjBBRFVBTGdCcEFHNEFaZ0JzQUhVQVpRQnVBR01BWlFCb0FHVUFZUUJzQUhRQWFBQXVBR01BYndCdEFEb0FOQUEwQURNQUx3QnRBRzhBWkFCMUFHd0FaUUJ6QUM4QWFBQnZBRzBBWlFBdkFDOEFZd0J2QUc0QWRBQnlBRzhBYkFCc0FHVUFjZ0J6QUZ3QVhBQlhBR1VBYkFCakFHOEFiUUJsQUVNQWRBQnlBR3dBTGdCcUFITUFJZ0FzQUNJQWRBQWlBRG9BSWdCbEFIWUFaUUJ1QUhRQUlnQjlBQ3dBZXdBaUFHNEFJZ0E2QUNJQWNnQmxBR0VBWkFCNUFITUFkQUJoQUhRQVpRQmpBR2dBWVFCdUFHY0FaUUFpQUN3QUlnQnpBQ0lBT2dBMUFEQUFNd0E1QURBQUxBQWlBR1VBSWdBNkFEVUFNQUF6QURrQU1RQXNBQ0lBYndBaUFEb0FJZ0IxQUc0QVpBQmxBR1lBYVFCdUFHVUFaQUFnQUVjQVJRQlVBRG9BSUFCekFIUUFZUUJuQUdrQWJnQm5BSEFBY2dCbEFHUUFhUUJqQUhRQU5RQXVBR2tBYmdCbUFHd0FkUUJsQUc0QVl3QmxBR2dBWlFCaEFHd0FkQUJvQUM0QVl3QnZBRzBBT2dBMEFEUUFNd0F2QUcwQWJ3QmtBSFVBYkFCbEFITUFMd0JvQUc4QWJRQmxBQzhBTHdCakFHOEFiZ0IwQUhJQWJ3QnNBR3dBWlFCeUFITUFYQUJjQUZjQVpRQnNBR01BYndCdEFHVUFRd0IwQUhJQWJBQXVBR29BY3dBaUFDd0FJZ0IwQUNJQU9nQWlBR1VBZGdCbEFHNEFkQUFpQUgwQUxBQjdBQ0lBYmdBaUFEb0FJZ0J5QUdVQVlRQmtBSGtBY3dCMEFHRUFkQUJsQUdNQWFBQmhBRzRBWndCbEFDSUFMQUFpQUhNQUlnQTZBRFVBTUFBekFEa0FNUUFzQUNJQVpRQWlBRG9BTlFBd0FETUFPUUF4QUN3QUlnQnZBQ0lBT2dBaUFIVUFiZ0JrQUdVQVpnQnBBRzRBWlFCa0FDQUFSd0JGQUZRQU9nQWdBSE1BZEFCaEFHY0FhUUJ1QUdjQWNBQnlBR1VBWkFCcEFHTUFkQUExQUM0QWFRQnVBR1lBYkFCMUFHVUFiZ0JqQUdVQWFBQmxBR0VBYkFCMEFHZ0FMZ0JqQUc4QWJRQTZBRFFBTkFBekFDOEFiUUJ2QUdRQWRRQnNBR1VBY3dBdkFHZ0Fid0J0QUdVQUx3QXZBR01BYndCdUFIUUFjZ0J2QUd3QWJBQmxBSElBY3dCY0FGd0FWd0JsQUd3QVl3QnZBRzBBWlFCREFIUUFjZ0JzQUM0QWFnQnpBQ0lBTEFBaUFIUUFJZ0E2QUNJQVpRQjJBR1VBYmdCMEFDSUFmUUFzQUhzQUlnQnVBQ0lBT2dBaUFISUFaUUJoQUdRQWVRQnpBSFFBWVFCMEFHVUFZd0JvQUdFQWJnQm5BR1VBSWdBc0FDSUFjd0FpQURvQU5RQXdBRE1BT1FBM0FDd0FJZ0JsQUNJQU9nQTFBREFBTXdBNUFEY0FMQUFpQUc4QUlnQTZBQ0lBZFFCdUFHUUFaUUJtQUdrQWJnQmxBR1FBSUFCSEFFVUFWQUE2QUNBQWN3QjBBR0VBWndCcEFHNEFad0J3QUhJQVpRQmtBR2tBWXdCMEFEVUFMZ0JwQUc0QVpnQnNBSFVBWlFCdUFHTUFaUUJvQUdVQVlRQnNBSFFBYUFBdUFHTUFid0J0QURvQU5BQTBBRE1BTHdCdEFHOEFaQUIxQUd3QVpRQnpBQzhBYUFCdkFHMEFaUUF2QUdrQWJnQmtBR1VBZUFBdUFHZ0FkQUJ0QUd3QUlnQXNBQ0lBZEFBaUFEb0FJZ0JsQUhZQVpRQnVBSFFBSWdCOUFDd0Fld0FpQUc0QUlnQTZBQ0lBY2dCbEFHRUFaQUI1QUhNQWRBQmhBSFFBWlFCakFHZ0FZUUJ1QUdjQVpRQWlBQ3dBSWdCekFDSUFPZ0ExQURBQU13QTVBRGNBTEFBaUFHVUFJZ0E2QURVQU1BQXpBRGtBTndBc0FDSUFid0FpQURvQUlnQjFBRzRBWkFCbEFHWUFhUUJ1QUdVQVpBQWdBRWNBUlFCVUFEb0FJQUJ6QUhRQVlRQm5BR2tBYmdCbkFIQUFjZ0JsQUdRQWFRQmpBSFFBTlFBdUFHa0FiZ0JtQUd3QWRRQmxBRzRBWXdCbEFHZ0FaUUJoQUd3QWRBQm9BQzRBWXdCdkFHMEFPZ0EwQURRQU13QXZBRzBBYndCa0FIVUFiQUJsQUhNQUx3Qm9BRzhBYlFCbEFDOEFhUUJ1QUdRQVpRQjRBQzRBYUFCMEFHMEFiQUFpQUN3QUlnQjBBQ0lBT2dBaUFHVUFkZ0JsQUc0QWRBQWlBSDBBTEFCN0FDSUFiZ0FpQURvQUlnQnlBR1VBWVFCa0FIa0Fjd0IwQUdFQWRBQmxBR01BYUFCaEFHNEFad0JsQUNJQUxBQWlBSE1BSWdBNkFEVUFNQUEwQURVQU5nQXNBQ0lBWlFBaUFEb0FOUUF3QURRQU5RQTJBQ3dBSWdCdkFDSUFPZ0FpQUhVQWJnQmtBR1VBWmdCcEFHNEFaUUJrQUNBQVJ3QkZBRlFBT2dBZ0FITUFkQUJoQUdjQWFRQnVBR2NBY0FCeUFHVUFaQUJwQUdNQWRBQTFBQzRBYVFCdUFHWUFiQUIxQUdVQWJnQmpBR1VBYUFCbEFHRUFiQUIwQUdnQUxnQmpBRzhBYlFBNkFEUUFOQUF6QUM4QWJRQnZBR1FBZFFCc0FHVUFjd0F2QUdnQWJ3QnRBR1VBTHdCakFHOEFiZ0IwQUhJQWJ3QnNBR3dBWlFCeUFITUFMd0JYQUdVQWJBQmpBRzhBYlFCbEFFTUFkQUJ5QUd3QUxnQnFBSE1BSWdBc0FDSUFkQUFpQURvQUlnQmxBSFlBWlFCdUFIUUFJZ0I5QUN3QWV3QWlBRzRBSWdBNkFDSUFjZ0JsQUdFQVpBQjVBSE1BZEFCaEFIUUFaUUJqQUdnQVlRQnVBR2NBWlFBaUFDd0FJZ0J6QUNJQU9nQTFBREFBTkFBMUFEWUFMQUFpQUdVQUlnQTZBRFVBTUFBMEFEVUFOZ0FzQUNJQWJ3QWlBRG9BSWdCMUFHNEFaQUJsQUdZQWFRQnVBR1VBWkFBZ0FFY0FSUUJVQURvQUlBQnpBSFFBWVFCbkFHa0FiZ0JuQUhBQWNnQmxBR1FBYVFCakFIUUFOUUF1QUdrQWJnQm1BR3dBZFFCbEFHNEFZd0JsQUdnQVpRQmhBR3dBZEFCb0FDNEFZd0J2QUcwQU9nQTBBRFFBTXdBdkFHMEFid0JrQUhVQWJBQmxBSE1BTHdCb0FHOEFiUUJsQUM4QVl3QnZBRzRBZEFCeUFHOEFiQUJzQUdVQWNnQnpBQzhBVndCbEFHd0FZd0J2QUcwQVpRQkRBSFFBY2dCc0FDNEFhZ0J6QUNJQUxBQWlBSFFBSWdBNkFDSUFaUUIyQUdVQWJnQjBBQ0lBZlFBc0FIc0FJZ0J1QUNJQU9nQWlBSElBWlFCaEFHUUFlUUJ6QUhRQVlRQjBBR1VBWXdCb0FHRUFiZ0JuQUdVQUlnQXNBQ0lBY3dBaUFEb0FOUUF3QURRQU5RQTJBQ3dBSWdCbEFDSUFPZ0ExQURBQU5BQTFBRFlBTEFBaUFHOEFJZ0E2QUNJQWRRQnVBR1FBWlFCbUFHa0FiZ0JsQUdRQUlBQkhBRVVBVkFBNkFDQUFjd0IwQUdFQVp3QnBBRzRBWndCd0FISUFaUUJrQUdrQVl3QjBBRFVBTGdCcEFHNEFaZ0JzQUhVQVpRQnVBR01BWlFCb0FHVUFZUUJzQUhRQWFBQXVBR01BYndCdEFEb0FOQUEwQURNQUx3QnRBRzhBWkFCMUFHd0FaUUJ6QUM4QWFBQnZBRzBBWlFBdkFHTUFid0J1QUhRQWNnQnZBR3dBYkFCbEFISUFjd0F2QUZjQVpRQnNBR01BYndCdEFHVUFRd0IwQUhJQWJBQXVBR29BY3dBaUFDd0FJZ0IwQUNJQU9nQWlBR1VBZGdCbEFHNEFkQUFpQUgwQUxBQjdBQ0lBYmdBaUFEb0FJZ0J5QUdVQVlRQmtBSGtBY3dCMEFHRUFkQUJsQUdNQWFBQmhBRzRBWndCbEFDSUFMQUFpQUhNQUlnQTZBRFVBTUFBMEFEVUFOZ0FzQUNJQVpRQWlBRG9BTlFBd0FEUUFOUUEzQUN3QUlnQnZBQ0lBT2dBaUFIVUFiZ0JrQUdVQVpnQnBBRzRBWlFCa0FDQUFSd0JGQUZRQU9nQWdBSE1BZEFCaEFHY0FhUUJ1QUdjQWNBQnlBR1VBWkFCcEFHTUFkQUExQUM0QWFRQnVBR1lBYkFCMUFHVUFiZ0JqQUdVQWFBQmxBR0VBYkFCMEFHZ0FMZ0JqQUc4QWJRQTZBRFFBTkFBekFDOEFiUUJ2QUdRQWRRQnNBR1VBY3dBdkFHZ0Fid0J0QUdVQUx3QmpBRzhBYmdCMEFISUFid0JzQUd3QVpRQnlBSE1BTHdCWEFHVUFiQUJqQUc4QWJRQmxBRU1BZEFCeUFHd0FMZ0JxQUhNQUlnQXNBQ0lBZEFBaUFEb0FJZ0JsQUhZQVpRQnVBSFFBSWdCOUFDd0Fld0FpQUc0QUlnQTZBQ0lBY2dCbEFHRUFaQUI1QUhNQWRBQmhBSFFBWlFCakFHZ0FZUUJ1QUdjQVpRQWlBQ3dBSWdCekFDSUFPZ0ExQURBQU5BQTJBRE1BTEFBaUFHVUFJZ0E2QURVQU1BQTBBRFlBTXdBc0FDSUFid0FpQURvQUlnQjFBRzRBWkFCbEFHWUFhUUJ1QUdVQVpBQWdBRWNBUlFCVUFEb0FJQUJ6QUhRQVlRQm5BR2tBYmdCbkFIQUFjZ0JsQUdRQWFRQmpBSFFBTlFBdUFHa0FiZ0JtQUd3QWRRQmxBRzRBWXdCbEFHZ0FaUUJoQUd3QWRBQm9BQzRBWXdCdkFHMEFPZ0EwQURRQU13QXZBRzBBYndCa0FIVUFiQUJsQUhNQUx3Qm9BRzhBYlFCbEFDOEFhUUJ1QUdRQVpRQjRBQzRBYUFCMEFHMEFiQUFpQUN3QUlnQjBBQ0lBT2dBaUFHVUFkZ0JsQUc0QWRBQWlBSDBBTEFCN0FDSUFiZ0FpQURvQUlnQnlBR1VBWVFCa0FIa0Fjd0IwQUdFQWRBQmxBR01BYUFCaEFHNEFad0JsQUNJQUxBQWlBSE1BSWdBNkFEVUFNQUEwQURZQU13QXNBQ0lBWlFBaUFEb0FOUUF3QURRQU5nQXpBQ3dBSWdCdkFDSUFPZ0FpQUhVQWJnQmtBR1VBWmdCcEFHNEFaUUJrQUNBQVJ3QkZBRlFBT2dBZ0FITUFkQUJoQUdjQWFRQnVBR2NBY0FCeUFHVUFaQUJwQUdNQWRBQTFBQzRBYVFCdUFHWUFiQUIxQUdVQWJnQmpBR1VBYUFCbEFHRUFiQUIwQUdnQUxnQmpBRzhBYlFBNkFEUUFOQUF6QUM4QWJRQnZBR1FBZFFCc0FHVUFjd0F2QUdnQWJ3QnRBR1VBTHdCcEFHNEFaQUJsQUhnQUxnQm9BSFFBYlFCc0FDSUFMQUFpQUhRQUlnQTZBQ0lBWlFCMkFHVUFiZ0IwQUNJQWZRQXNBSHNBSWdCdUFDSUFPZ0FpQUhJQVpRQmhBR1FBZVFCekFIUUFZUUIwQUdVQVl3Qm9BR0VBYmdCbkFHVUFJZ0FzQUNJQWN3QWlBRG9BTlFBd0FEUUFOZ0F6QUN3QUlnQmxBQ0lBT2dBMUFEQUFOQUEyQURNQUxBQWlBRzhBSWdBNkFDSUFkUUJ1QUdRQVpRQm1BR2tBYmdCbEFHUUFJQUJIQUVVQVZBQTZBQ0FBY3dCMEFHRUFad0JwQUc0QVp3QndBSElBWlFCa0FHa0FZd0IwQURVQUxnQnBBRzRBWmdCc0FIVUFaUUJ1QUdNQVpRQm9BR1VBWVFCc0FIUUFhQUF1QUdNQWJ3QnRBRG9BTkFBMEFETUFMd0J0QUc4QVpBQjFBR3dBWlFCekFDOEFhQUJ2QUcwQVpRQXZBR2tBYmdCa0FHVUFlQUF1QUdnQWRBQnRBR3dBSWdBc0FDSUFkQUFpQURvQUlnQmxBSFlBWlFCdUFIUUFJZ0I5QUN3QWV3QWlBRzRBSWdBNkFDSUFjZ0JsQUdFQVpBQjVBSE1BZEFCaEFIUUFaUUJqQUdnQVlRQnVBR2NBWlFBaUFDd0FJZ0J6QUNJQU9nQTFBREFBTkFBNUFETUFMQUFpQUdVQUlnQTZBRFVBTUFBMEFEa0FNd0FzQUNJQWJ3QWlBRG9BSWdCMUFHNEFaQUJsQUdZQWFRQnVBR1VBWkFBZ0FFY0FSUUJVQURvQUlBQnpBSFFBWVFCbkFHa0FiZ0JuQUhBQWNnQmxBR1FBYVFCakFIUUFOUUF1QUdrQWJnQm1BR3dBZFFCbEFHNEFZd0JsQUdnQVpRQmhBR3dBZEFCb0FDNEFZd0J2QUcwQU9nQTBBRFFBTXdBdkFHMEFid0JrQUhVQWJBQmxBSE1BTHdCb0FHOEFiUUJsQUM4QWRnQnBBR1VBZHdCekFDOEFkd0JsQUd3QVl3QnZBRzBBWlFBdUFHZ0FkQUJ0QUd3QUlnQXNBQ0lBZEFBaUFEb0FJZ0JsQUhZQVpRQnVBSFFBSWdCOUFDd0Fld0FpQUc0QUlnQTZBQ0lBY2dCbEFHRUFaQUI1QUhNQWRBQmhBSFFBWlFCakFHZ0FZUUJ1QUdjQVpRQWlBQ3dBSWdCekFDSUFPZ0ExQURBQU5BQTVBRFFBTEFBaUFHVUFJZ0E2QURVQU1BQTBBRGtBTkFBc0FDSUFid0FpQURvQUlnQjFBRzRBWkFCbEFHWUFhUUJ1QUdVQVpBQWdBRWNBUlFCVUFEb0FJQUJ6QUhRQVlRQm5BR2tBYmdCbkFIQUFjZ0JsQUdRQWFRQmpBSFFBTlFBdUFHa0FiZ0JtQUd3QWRRQmxBRzRBWXdCbEFHZ0FaUUJoQUd3QWRBQm9BQzRBWXdCdkFHMEFPZ0EwQURRQU13QXZBRzBBYndCa0FIVUFiQUJsQUhNQUx3Qm9BRzhBYlFCbEFDOEFkZ0JwQUdVQWR3QnpBQzhBZHdCbEFHd0FZd0J2QUcwQVpRQXVBR2dBZEFCdEFHd0FJZ0FzQUNJQWRBQWlBRG9BSWdCbEFIWUFaUUJ1QUhRQUlnQjlBQ3dBZXdBaUFHNEFJZ0E2QUNJQWNnQmxBR0VBWkFCNUFITUFkQUJoQUhRQVpRQmpBR2dBWVFCdUFHY0FaUUFpQUN3QUlnQnpBQ0lBT2dBMUFEQUFOQUE1QURjQUxBQWlBR1VBSWdBNkFEVUFNQUEwQURrQU53QXNBQ0lBYndBaUFEb0FJZ0IxQUc0QVpBQmxBR1lBYVFCdUFHVUFaQUFnQUVjQVJRQlVBRG9BSUFCekFIUUFZUUJuQUdrQWJnQm5BSEFBY2dCbEFHUUFhUUJqQUhRQU5RQXVBR2tBYmdCbUFHd0FkUUJsQUc0QVl3QmxBR2dBWlFCaEFHd0FkQUJvQUM0QVl3QnZBRzBBT2dBMEFEUUFNd0F2QUcwQWJ3QmtBSFVBYkFCbEFITUFMd0JvQUc4QWJRQmxBQzhBZGdCcEFHVUFkd0J6QUM4QVpBQmxBRzBBYndBdUFHZ0FkQUJ0QUd3QUlnQXNBQ0lBZEFBaUFEb0FJZ0JsQUhZQVpRQnVBSFFBSWdCOUFDd0Fld0FpQUc0QUlnQTZBQ0lBY2dCbEFHRUFaQUI1QUhNQWRBQmhBSFFBWlFCakFHZ0FZUUJ1QUdjQVpRQWlBQ3dBSWdCekFDSUFPZ0ExQURBQU5BQTVBRGdBTEFBaUFHVUFJZ0E2QURVQU1BQTBBRGtBT0FBc0FDSUFid0FpQURvQUlnQjFBRzRBWkFCbEFHWUFhUUJ1QUdVQVpBQWdBRWNBUlFCVUFEb0FJQUJ6QUhRQVlRQm5BR2tBYmdCbkFIQUFjZ0JsQUdRQWFRQmpBSFFBTlFBdUFHa0FiZ0JtQUd3QWRRQmxBRzRBWXdCbEFHZ0FaUUJoQUd3QWRBQm9BQzRBWXdCdkFHMEFPZ0EwQURRQU13QXZBRzBBYndCa0FIVUFiQUJsQUhNQUx3Qm9BRzhBYlFCbEFDOEFkZ0JwQUdVQWR3QnpBQzhBWkFCbEFHMEFid0F1QUdnQWRBQnRBR3dBSWdBc0FDSUFkQUFpQURvQUlnQmxBSFlBWlFCdUFIUUFJZ0I5QUN3QWV3QWlBRzRBSWdBNkFDSUFjZ0JsQUdFQVpBQjVBSE1BZEFCaEFIUUFaUUJqQUdnQVlRQnVBR2NBWlFBaUFDd0FJZ0J6QUNJQU9nQTFBREFBTlFBMUFESUFMQUFpQUdVQUlnQTZBRFVBTUFBMUFEVUFNZ0FzQUNJQWJ3QWlBRG9BSWdCMUFHNEFaQUJsQUdZQWFRQnVBR1VBWkFBZ0FFY0FSUUJVQURvQUlBQnpBSFFBWVFCbkFHa0FiZ0JuQUhBQWNnQmxBR1FBYVFCakFIUUFOUUF1QUdrQWJnQm1BR3dBZFFCbEFHNEFZd0JsQUdnQVpRQmhBR3dBZEFCb0FDNEFZd0J2QUcwQU9nQTBBRFFBTXdBdkFHMEFid0JrQUhVQWJBQmxBSE1BTHdCb0FHOEFiUUJsQUM4QWRnQnBBR1VBZHdCekFDOEFkd0JsQUd3QVl3QnZBRzBBWlFBdUFHZ0FkQUJ0QUd3QUlnQXNBQ0lBZEFBaUFEb0FJZ0JsQUhZQVpRQnVBSFFBSWdCOUFDd0Fld0FpQUc0QUlnQTZBQ0lBY2dCbEFHRUFaQUI1QUhNQWRBQmhBSFFBWlFCakFHZ0FZUUJ1QUdjQVpRQWlBQ3dBSWdCekFDSUFPZ0ExQURBQU5RQTFBRE1BTEFBaUFHVUFJZ0E2QURVQU1BQTFBRFVBTXdBc0FDSUFid0FpQURvQUlnQjFBRzRBWkFCbEFHWUFhUUJ1QUdVQVpBQWdBRWNBUlFCVUFEb0FJQUJ6QUhRQVlRQm5BR2tBYmdCbkFIQUFjZ0JsQUdRQWFRQmpBSFFBTlFBdUFHa0FiZ0JtQUd3QWRRQmxBRzRBWXdCbEFHZ0FaUUJoQUd3QWRBQm9BQzRBWXdCdkFHMEFPZ0EwQURRQU13QXZBRzBBYndCa0FIVUFiQUJsQUhNQUx3Qm9BRzhBYlFCbEFDOEFkZ0JwQUdVQWR3QnpBQzhBZHdCbEFHd0FZd0J2QUcwQVpRQXVBR2dBZEFCdEFHd0FJZ0FzQUNJQWRBQWlBRG9BSWdCbEFIWUFaUUJ1QUhRQUlnQjlBQ3dBZXdBaUFHNEFJZ0E2QUNJQWNnQmxBR0VBWkFCNUFITUFkQUJoQUhRQVpRQmpBR2dBWVFCdUFHY0FaUUFpQUN3QUlnQnpBQ0lBT2dBMUFEQUFOUUExQURNQUxBQWlBR1VBSWdBNkFEVUFNQUExQURVQU13QXNBQ0lBYndBaUFEb0FJZ0IxQUc0QVpBQmxBR1lBYVFCdUFHVUFaQUFnQUVjQVJRQlVBRG9BSUFCekFIUUFZUUJuQUdrQWJnQm5BSEFBY2dCbEFHUUFhUUJqQUhRQU5RQXVBR2tBYmdCbUFHd0FkUUJsQUc0QVl3QmxBR2dBWlFCaEFHd0FkQUJvQUM0QVl3QnZBRzBBT2dBMEFEUUFNd0F2QUcwQWJ3QmtBSFVBYkFCbEFITUFMd0JvQUc4QWJRQmxBQzhBZGdCcEFHVUFkd0J6QUM4QWR3QmxBR3dBWXdCdkFHMEFaUUF1QUdnQWRBQnRBR3dBSWdBc0FDSUFkQUFpQURvQUlnQmxBSFlBWlFCdUFIUUFJZ0I5QUN3QWV3QWlBRzRBSWdBNkFDSUFjZ0JsQUdFQVpBQjVBSE1BZEFCaEFIUUFaUUJqQUdnQVlRQnVBR2NBWlFBaUFDd0FJZ0J6QUNJQU9nQTFBREFBTlFBNEFETUFMQUFpQUdVQUlnQTZBRFVBTUFBMUFEZ0FNd0FzQUNJQWJ3QWlBRG9BSWdCMUFHNEFaQUJsQUdZQWFRQnVBR1VBWkFBZ0FFY0FSUUJVQURvQUlBQnpBSFFBWVFCbkFHa0FiZ0JuQUhBQWNnQmxBR1FBYVFCakFIUUFOUUF1QUdrQWJnQm1BR3dBZFFCbEFHNEFZd0JsQUdnQVpRQmhBR3dBZEFCb0FDNEFZd0J2QUcwQU9nQXpBREFBTUFBd0FDOEFjQUJ5QUdVQVpBQnBBR01BZEFBdkFIWUFNUUF2QUd3QWJ3QnVBR2NBVWdCMUFHNEFiZ0JwQUc0QVp3QlVBR0VBY3dCckFITUFJZ0FzQUNJQWRBQWlBRG9BSWdCbEFIWUFaUUJ1QUhRQUlnQjlBQ3dBZXdBaUFHNEFJZ0E2QUNJQWNnQmxBR0VBWkFCNUFITUFkQUJoQUhRQVpRQmpBR2dBWVFCdUFHY0FaUUFpQUN3QUlnQnpBQ0lBT2dBMUFEQUFOUUE0QURRQUxBQWlBR1VBSWdBNkFEVUFNQUExQURnQU5RQXNBQ0lBYndBaUFEb0FJZ0IxQUc0QVpBQmxBR1lBYVFCdUFHVUFaQUFnQUVjQVJRQlVBRG9BSUFCekFIUUFZUUJuQUdrQWJnQm5BSEFBY2dCbEFHUUFhUUJqQUhRQU5RQXVBR2tBYmdCbUFHd0FkUUJsQUc0QVl3QmxBR2dBWlFCaEFHd0FkQUJvQUM0QVl3QnZBRzBBT2dBekFEQUFNQUF3QUM4QWNBQnlBR1VBWkFCcEFHTUFkQUF2QUhZQU1RQXZBR3dBYndCdUFHY0FVZ0IxQUc0QWJnQnBBRzRBWndCVUFHRUFjd0JyQUhNQUlnQXNBQ0lBZEFBaUFEb0FJZ0JsQUhZQVpRQnVBSFFBSWdCOUFDd0Fld0FpQUc0QUlnQTZBQ0lBY2dCbEFHRUFaQUI1QUhNQWRBQmhBSFFBWlFCakFHZ0FZUUJ1QUdjQVpRQWlBQ3dBSWdCekFDSUFPZ0ExQURBQU5RQTRBRFVBTEFBaUFHVUFJZ0E2QURVQU1BQTFBRGdBTlFBc0FDSUFid0FpQURvQUlnQjFBRzRBWkFCbEFHWUFhUUJ1QUdVQVpBQWdBRWNBUlFCVUFEb0FJQUJ6QUhRQVlRQm5BR2tBYmdCbkFIQUFjZ0JsQUdRQWFRQmpBSFFBTlFBdUFHa0FiZ0JtQUd3QWRRQmxBRzRBWXdCbEFHZ0FaUUJoQUd3QWRBQm9BQzRBWXdCdkFHMEFPZ0F6QURBQU1BQXdBQzhBY0FCeUFHVUFaQUJwQUdNQWRBQXZBSFlBTVFBdkFHd0Fid0J1QUdjQVVnQjFBRzRBYmdCcEFHNEFad0JVQUdFQWN3QnJBSE1BSWdBc0FDSUFkQUFpQURvQUlnQmxBSFlBWlFCdUFIUUFJZ0I5QUN3QWV3QWlBRzRBSWdBNkFDSUFjZ0JsQUdFQVpBQjVBSE1BZEFCaEFIUUFaUUJqQUdnQVlRQnVBR2NBWlFBaUFDd0FJZ0J6QUNJQU9nQTFBREFBTmdBekFERUFMQUFpQUdVQUlnQTZBRFVBTUFBMkFETUFNUUFzQUNJQWJ3QWlBRG9BSWdCMUFHNEFaQUJsQUdZQWFRQnVBR1VBWkFBZ0FFY0FSUUJVQURvQUlBQnpBSFFBWVFCbkFHa0FiZ0JuQUhBQWNnQmxBR1FBYVFCakFIUUFOUUF1QUdrQWJnQm1BR3dBZFFCbEFHNEFZd0JsQUdnQVpRQmhBR3dBZEFCb0FDNEFZd0J2QUcwQU9nQXpBREFBTUFBd0FDOEFjQUJ5QUdVQVpBQnBBR01BZEFBdkFIWUFNUUF2QUd3QWJ3QnVBR2NBVWdCMUFHNEFiZ0JwQUc0QVp3QlVBR0VBY3dCckFITUFJZ0FzQUNJQWRBQWlBRG9BSWdCbEFIWUFaUUJ1QUhRQUlnQjlBQ3dBZXdBaUFHNEFJZ0E2QUNJQWNnQmxBR0VBWkFCNUFITUFkQUJoQUhRQVpRQmpBR2dBWVFCdUFHY0FaUUFpQUN3QUlnQnpBQ0lBT2dBMUFEQUFOZ0F6QURFQUxBQWlBR1VBSWdBNkFEVUFNQUEyQURNQU1RQXNBQ0lBYndBaUFEb0FJZ0IxQUc0QVpBQmxBR1lBYVFCdUFHVUFaQUFnQUVjQVJRQlVBRG9BSUFCekFIUUFZUUJuQUdrQWJnQm5BSEFBY2dCbEFHUUFhUUJqQUhRQU5RQXVBR2tBYmdCbUFHd0FkUUJsQUc0QVl3QmxBR2dBWlFCaEFHd0FkQUJvQUM0QVl3QnZBRzBBT2dBekFEQUFNQUF3QUM4QWNBQnlBR1VBWkFCcEFHTUFkQUF2QUhZQU1RQXZBR3dBYndCdUFHY0FVZ0IxQUc0QWJnQnBBRzRBWndCVUFHRUFjd0JyQUhNQUlnQXNBQ0lBZEFBaUFEb0FJZ0JsQUhZQVpRQnVBSFFBSWdCOUFDd0Fld0FpQUc0QUlnQTZBQ0lBY2dCbEFHRUFaQUI1QUhNQWRBQmhBSFFBWlFCakFHZ0FZUUJ1QUdjQVpRQWlBQ3dBSWdCekFDSUFPZ0ExQURBQU5nQXpBREVBTEFBaUFHVUFJZ0E2QURVQU1BQTJBRE1BTWdBc0FDSUFid0FpQURvQUlnQjFBRzRBWkFCbEFHWUFhUUJ1QUdVQVpBQWdBRWNBUlFCVUFEb0FJQUJ6QUhRQVlRQm5BR2tBYmdCbkFIQUFjZ0JsQUdRQWFRQmpBSFFBTlFBdUFHa0FiZ0JtQUd3QWRRQmxBRzRBWXdCbEFHZ0FaUUJoQUd3QWRBQm9BQzRBWXdCdkFHMEFPZ0F6QURBQU1BQXdBQzhBY0FCeUFHVUFaQUJwQUdNQWRBQXZBSFlBTVFBdkFHd0Fid0J1QUdjQVVnQjFBRzRBYmdCcEFHNEFad0JVQUdFQWN3QnJBSE1BSWdBc0FDSUFkQUFpQURvQUlnQmxBSFlBWlFCdUFIUUFJZ0I5QUN3QWV3QWlBRzRBSWdBNkFDSUFjZ0JsQUdFQVpBQjVBSE1BZEFCaEFIUUFaUUJqQUdnQVlRQnVBR2NBWlFBaUFDd0FJZ0J6QUNJQU9nQTFBREFBTmdBekFESUFMQUFpQUdVQUlnQTZBRFVBTUFBMkFETUFNZ0FzQUNJQWJ3QWlBRG9BSWdCMUFHNEFaQUJsQUdZQWFRQnVBR1VBWkFBZ0FFY0FSUUJVQURvQUlBQnpBSFFBWVFCbkFHa0FiZ0JuQUhBQWNnQmxBR1FBYVFCakFIUUFOUUF1QUdrQWJnQm1BR3dBZFFCbEFHNEFZd0JsQUdnQVpRQmhBR3dBZEFCb0FDNEFZd0J2QUcwQU9nQXpBREFBTUFBd0FDOEFjQUJ5QUdVQVpBQnBBR01BZEFBdkFIWUFNUUF2QUd3QWJ3QnVBR2NBVWdCMUFHNEFiZ0JwQUc0QVp3QlVBR0VBY3dCckFITUFJZ0FzQUNJQWRBQWlBRG9BSWdCbEFIWUFaUUJ1QUhRQUlnQjlBQ3dBZXdBaUFHNEFJZ0E2QUNJQWNnQmxBR0VBWkFCNUFITUFkQUJoQUhRQVpRQmpBR2dBWVFCdUFHY0FaUUFpQUN3QUlnQnpBQ0lBT2dBMUFEQUFOZ0F6QURJQUxBQWlBR1VBSWdBNkFEVUFNQUEyQURNQU1nQXNBQ0lBYndBaUFEb0FJZ0IxQUc0QVpBQmxBR1lBYVFCdUFHVUFaQUFnQUVjQVJRQlVBRG9BSUFCekFIUUFZUUJuQUdrQWJnQm5BSEFBY2dCbEFHUUFhUUJqQUhRQU5RQXVBR2tBYmdCbUFHd0FkUUJsQUc0QVl3QmxBR2dBWlFCaEFHd0FkQUJvQUM0QVl3QnZBRzBBT2dBekFEQUFNQUF3QUM4QWNBQnlBR1VBWkFCcEFHTUFkQUF2QUhZQU1RQXZBR3dBYndCdUFHY0FVZ0IxQUc0QWJnQnBBRzRBWndCVUFHRUFjd0JyQUhNQUlnQXNBQ0lBZEFBaUFEb0FJZ0JsQUhZQVpRQnVBSFFBSWdCOUFDd0Fld0FpQUc0QUlnQTZBQ0lBY2dCbEFHRUFaQUI1QUhNQWRBQmhBSFFBWlFCakFHZ0FZUUJ1QUdjQVpRQWlBQ3dBSWdCekFDSUFPZ0ExQURBQU5nQXpBRElBTEFBaUFHVUFJZ0E2QURVQU1BQTJBRE1BTWdBc0FDSUFid0FpQURvQUlnQjFBRzRBWkFCbEFHWUFhUUJ1QUdVQVpBQWdBRWNBUlFCVUFEb0FJQUJ6QUhRQVlRQm5BR2tBYmdCbkFIQUFjZ0JsQUdRQWFRQmpBSFFBTlFBdUFHa0FiZ0JtQUd3QWRRQmxBRzRBWXdCbEFHZ0FaUUJoQUd3QWRBQm9BQzRBWXdCdkFHMEFPZ0F6QURBQU1BQXdBQzhBY0FCeUFHVUFaQUJwQUdNQWRBQXZBSFlBTVFBdkFHd0Fid0J1QUdjQVVnQjFBRzRBYmdCcEFHNEFad0JVQUdFQWN3QnJBSE1BSWdBc0FDSUFkQUFpQURvQUlnQmxBSFlBWlFCdUFIUUFJZ0I5QUN3QWV3QWlBRzRBSWdBNkFDSUFjZ0JsQUdFQVpBQjVBSE1BZEFCaEFIUUFaUUJqQUdnQVlRQnVBR2NBWlFBaUFDd0FJZ0J6QUNJQU9nQTFBREFBTmdBekFESUFMQUFpQUdVQUlnQTZBRFVBTUFBMkFETUFNZ0FzQUNJQWJ3QWlBRG9BSWdCMUFHNEFaQUJsQUdZQWFRQnVBR1VBWkFBZ0FFY0FSUUJVQURvQUlBQnpBSFFBWVFCbkFHa0FiZ0JuQUhBQWNnQmxBR1FBYVFCakFIUUFOUUF1QUdrQWJnQm1BR3dBZFFCbEFHNEFZd0JsQUdnQVpRQmhBR3dBZEFCb0FDNEFZd0J2QUcwQU9nQXpBREFBTUFBd0FDOEFjQUJ5QUdVQVpBQnBBR01BZEFBdkFIWUFNUUF2QUd3QWJ3QnVBR2NBVWdCMUFHNEFiZ0JwQUc0QVp3QlVBR0VBY3dCckFITUFJZ0FzQUNJQWRBQWlBRG9BSWdCbEFIWUFaUUJ1QUhRQUlnQjlBQ3dBZXdBaUFHNEFJZ0E2QUNJQWNnQmxBR0VBWkFCNUFITUFkQUJoQUhRQVpRQmpBR2dBWVFCdUFHY0FaUUFpQUN3QUlnQnpBQ0lBT2dBMUFEQUFOZ0F6QURJQUxBQWlBR1VBSWdBNkFEVUFNQUEyQURNQU1nQXNBQ0lBYndBaUFEb0FJZ0IxQUc0QVpBQmxBR1lBYVFCdUFHVUFaQUFnQUVjQVJRQlVBRG9BSUFCekFIUUFZUUJuQUdrQWJnQm5BSEFBY2dCbEFHUUFhUUJqQUhRQU5RQXVBR2tBYmdCbUFHd0FkUUJsQUc0QVl3QmxBR2dBWlFCaEFHd0FkQUJvQUM0QVl3QnZBRzBBT2dBekFEQUFNQUF3QUM4QWNBQnlBR1VBWkFCcEFHTUFkQUF2QUhZQU1RQXZBR3dBYndCdUFHY0FVZ0IxQUc0QWJnQnBBRzRBWndCVUFHRUFjd0JyQUhNQUlnQXNBQ0lBZEFBaUFEb0FJZ0JsQUhZQVpRQnVBSFFBSWdCOUFDd0Fld0FpQUc0QUlnQTZBQ0lBY2dCbEFHRUFaQUI1QUhNQWRBQmhBSFFBWlFCakFHZ0FZUUJ1QUdjQVpRQWlBQ3dBSWdCekFDSUFPZ0ExQURBQU5nQXpBRElBTEFBaUFHVUFJZ0E2QURVQU1BQTJBRE1BTWdBc0FDSUFid0FpQURvQUlnQjFBRzRBWkFCbEFHWUFhUUJ1QUdVQVpBQWdBRWNBUlFCVUFEb0FJQUJ6QUhRQVlRQm5BR2tBYmdCbkFIQUFjZ0JsQUdRQWFRQmpBSFFBTlFBdUFHa0FiZ0JtQUd3QWRRQmxBRzRBWXdCbEFHZ0FaUUJoQUd3QWRBQm9BQzRBWXdCdkFHMEFPZ0F6QURBQU1BQXdBQzhBY0FCeUFHVUFaQUJwQUdNQWRBQXZBSFlBTVFBdkFHd0Fid0J1QUdjQVVnQjFBRzRBYmdCcEFHNEFad0JVQUdFQWN3QnJBSE1BSWdBc0FDSUFkQUFpQURvQUlnQmxBSFlBWlFCdUFIUUFJZ0I5QUN3QWV3QWlBRzRBSWdBNkFDSUFjZ0JsQUdFQVpBQjVBSE1BZEFCaEFIUUFaUUJqQUdnQVlRQnVBR2NBWlFBaUFDd0FJZ0J6QUNJQU9nQTFBREFBTmdBekFESUFMQUFpQUdVQUlnQTZBRFVBTUFBMkFETUFNZ0FzQUNJQWJ3QWlBRG9BSWdCMUFHNEFaQUJsQUdZQWFRQnVBR1VBWkFBZ0FFY0FSUUJVQURvQUlBQnpBSFFBWVFCbkFHa0FiZ0JuQUhBQWNnQmxBR1FBYVFCakFIUUFOUUF1QUdrQWJnQm1BR3dBZFFCbEFHNEFZd0JsQUdnQVpRQmhBR3dBZEFCb0FDNEFZd0J2QUcwQU9nQXpBREFBTUFBd0FDOEFjQUJ5QUdVQVpBQnBBR01BZEFBdkFIWUFNUUF2QUd3QWJ3QnVBR2NBVWdCMUFHNEFiZ0JwQUc0QVp3QlVBR0VBY3dCckFITUFJZ0FzQUNJQWRBQWlBRG9BSWdCbEFIWUFaUUJ1QUhRQUlnQjlBQ3dBZXdBaUFHNEFJZ0E2QUNJQWNnQmxBR0VBWkFCNUFITUFkQUJoQUhRQVpRQmpBR2dBWVFCdUFHY0FaUUFpQUN3QUlnQnpBQ0lBT2dBMUFEQUFOZ0F6QURNQUxBQWlBR1VBSWdBNkFEVUFNQUEyQURNQU13QXNBQ0lBYndBaUFEb0FJZ0IxQUc0QVpBQmxBR1lBYVFCdUFHVUFaQUFnQUVjQVJRQlVBRG9BSUFCekFIUUFZUUJuQUdrQWJnQm5BSEFBY2dCbEFHUUFhUUJqQUhRQU5RQXVBR2tBYmdCbUFHd0FkUUJsQUc0QVl3QmxBR2dBWlFCaEFHd0FkQUJvQUM0QVl3QnZBRzBBT2dBekFEQUFNQUF3QUM4QWNBQnlBR1VBWkFCcEFHTUFkQUF2QUhZQU1RQXZBR3dBYndCdUFHY0FVZ0IxQUc0QWJnQnBBRzRBWndCVUFHRUFjd0JyQUhNQUlnQXNBQ0lBZEFBaUFEb0FJZ0JsQUhZQVpRQnVBSFFBSWdCOUFDd0Fld0FpQUc0QUlnQTZBQ0lBY2dCbEFHRUFaQUI1QUhNQWRBQmhBSFFBWlFCakFHZ0FZUUJ1QUdjQVpRQWlBQ3dBSWdCekFDSUFPZ0ExQURBQU5nQXpBRE1BTEFBaUFHVUFJZ0E2QURVQU1RQTFBRFFBTVFBc0FDSUFid0FpQURvQUlnQjFBRzRBWkFCbEFHWUFhUUJ1QUdVQVpBQWdBRWNBUlFCVUFEb0FJQUJ6QUhRQVlRQm5BR2tBYmdCbkFIQUFjZ0JsQUdRQWFRQmpBSFFBTlFBdUFHa0FiZ0JtQUd3QWRRQmxBRzRBWXdCbEFHZ0FaUUJoQUd3QWRBQm9BQzRBWXdCdkFHMEFPZ0F6QURBQU1BQXdBQzhBY0FCeUFHVUFaQUJwQUdNQWRBQXZBSFlBTVFBdkFHd0Fid0J1QUdjQVVnQjFBRzRBYmdCcEFHNEFad0JVQUdFQWN3QnJBSE1BSWdBc0FDSUFkQUFpQURvQUlnQmxBSFlBWlFCdUFIUUFJZ0I5QUN3QWV3QWlBRzRBSWdBNkFDSUFjZ0JsQUdFQVpBQjVBSE1BZEFCaEFIUUFaUUJqQUdnQVlRQnVBR2NBWlFBaUFDd0FJZ0J6QUNJQU9nQTFBREVBTlFBMEFERUFMQUFpQUdVQUlnQTZBRFVBTVFBMUFEUUFNUUFzQUNJQWJ3QWlBRG9BSWdCMUFHNEFaQUJsQUdZQWFRQnVBR1VBWkFBZ0FFY0FSUUJVQURvQUlBQnpBSFFBWVFCbkFHa0FiZ0JuQUhBQWNnQmxBR1FBYVFCakFIUUFOUUF1QUdrQWJnQm1BR3dBZFFCbEFHNEFZd0JsQUdnQVpRQmhBR3dBZEFCb0FDNEFZd0J2QUcwQU9nQTBBRFFBTXdBdkFHMEFid0JrQUhVQWJBQmxBSE1BTHdCb0FHOEFiUUJsQUM4QWRnQnBBR1VBZHdCekFDOEFaQUJsQUcwQWJ3QXVBR2dBZEFCdEFHd0FJZ0FzQUNJQWRBQWlBRG9BSWdCbEFIWUFaUUJ1QUhRQUlnQjlBQ3dBZXdBaUFHNEFJZ0E2QUNJQWNnQmxBR0VBWkFCNUFITUFkQUJoQUhRQVpRQmpBR2dBWVFCdUFHY0FaUUFpQUN3QUlnQnpBQ0lBT2dBMUFERUFOUUEwQURFQUxBQWlBR1VBSWdBNkFEVUFNUUExQURRQU1RQXNBQ0lBYndBaUFEb0FJZ0IxQUc0QVpBQmxBR1lBYVFCdUFHVUFaQUFnQUVjQVJRQlVBRG9BSUFCekFIUUFZUUJuQUdrQWJnQm5BSEFBY2dCbEFHUUFhUUJqQUhRQU5RQXVBR2tBYmdCbUFHd0FkUUJsQUc0QVl3QmxBR2dBWlFCaEFHd0FkQUJvQUM0QVl3QnZBRzBBT2dBMEFEUUFNd0F2QUcwQWJ3QmtBSFVBYkFCbEFITUFMd0JvQUc4QWJRQmxBQzhBZGdCcEFHVUFkd0J6QUM4QVpBQmxBRzBBYndBdUFHZ0FkQUJ0QUd3QUlnQXNBQ0lBZEFBaUFEb0FJZ0JsQUhZQVpRQnVBSFFBSWdCOUFDd0Fld0FpQUc0QUlnQTZBQ0lBY2dCbEFHRUFaQUI1QUhNQWRBQmhBSFFBWlFCakFHZ0FZUUJ1QUdjQVpRQWlBQ3dBSWdCekFDSUFPZ0ExQURFQU5RQTBBREVBTEFBaUFHVUFJZ0E2QURVQU1RQTFBRFFBTVFBc0FDSUFid0FpQURvQUlnQjFBRzRBWkFCbEFHWUFhUUJ1QUdVQVpBQWdBRWNBUlFCVUFEb0FJQUJ6QUhRQVlRQm5BR2tBYmdCbkFIQUFjZ0JsQUdRQWFRQmpBSFFBTlFBdUFHa0FiZ0JtQUd3QWRRQmxBRzRBWXdCbEFHZ0FaUUJoQUd3QWRBQm9BQzRBWXdCdkFHMEFPZ0EwQURRQU13QXZBRzBBYndCa0FIVUFiQUJsQUhNQUx3Qm9BRzhBYlFCbEFDOEFkZ0JwQUdVQWR3QnpBQzhBWkFCbEFHMEFid0F1QUdnQWRBQnRBR3dBSWdBc0FDSUFkQUFpQURvQUlnQmxBSFlBWlFCdUFIUUFJZ0I5QUN3QWV3QWlBRzRBSWdBNkFDSUFjZ0JsQUdFQVpBQjVBSE1BZEFCaEFIUUFaUUJqQUdnQVlRQnVBR2NBWlFBaUFDd0FJZ0J6QUNJQU9nQTFBREVBTlFBM0FETUFMQUFpQUdVQUlnQTZBRFVBTVFBMUFEY0FNd0FzQUNJQWJ3QWlBRG9BSWdCMUFHNEFaQUJsQUdZQWFRQnVBR1VBWkFBZ0FFY0FSUUJVQURvQUlBQnpBSFFBWVFCbkFHa0FiZ0JuQUhBQWNnQmxBR1FBYVFCakFIUUFOUUF1QUdrQWJnQm1BR3dBZFFCbEFHNEFZd0JsQUdnQVpRQmhBR3dBZEFCb0FDNEFZd0J2QUcwQU9nQTBBRFFBTXdBdkFHa0FiUUJoQUdjQVpRQnpBQzhBZEFCcEFHd0FaUUJ6QUM4QWRBQnBBR3dBWlFBdEFHMEFZUUJ5QUdzQVpRQjBBR2tBYmdCbkFDMEFhUUJ1QUhRQVpRQnNBR3dBYVFCbkFHVUFiZ0JqQUdVQUxnQnpBSFlBWndBaUFDd0FJZ0IwQUNJQU9nQWlBR1VBZGdCbEFHNEFkQUFpQUgwQUxBQjdBQ0lBYmdBaUFEb0FJZ0J5QUdVQVlRQmtBSGtBY3dCMEFHRUFkQUJsQUdNQWFBQmhBRzRBWndCbEFDSUFMQUFpQUhNQUlnQTZBRFVBTVFBMUFEY0FOQUFzQUNJQVpRQWlBRG9BTlFBeEFEVUFOd0EwQUN3QUlnQnZBQ0lBT2dBaUFIVUFiZ0JrQUdVQVpnQnBBRzRBWlFCa0FDQUFSd0JGQUZRQU9nQWdBSE1BZEFCaEFHY0FhUUJ1QUdjQWNBQnlBR1VBWkFCcEFHTUFkQUExQUM0QWFRQnVBR1lBYkFCMUFHVUFiZ0JqQUdVQWFBQmxBR0VBYkFCMEFHZ0FMZ0JqQUc4QWJRQTZBRFFBTkFBekFDOEFhUUJ0QUdFQVp3QmxBSE1BTHdCMEFHa0FiQUJsQUhNQUx3QjBBR2tBYkFCbEFDMEFiUUJoQUhJQWF3QmxBSFFBYVFCdUFHY0FMUUJwQUc0QWRBQmxBR3dBYkFCcEFHY0FaUUJ1QUdNQVpRQXVBSE1BZGdCbkFDSUFMQUFpQUhRQUlnQTZBQ0lBWlFCMkFHVUFiZ0IwQUNJQWZRQXNBSHNBSWdCdUFDSUFPZ0FpQUhJQVpRQmhBR1FBZVFCekFIUUFZUUIwQUdVQVl3Qm9BR0VBYmdCbkFHVUFJZ0FzQUNJQWN3QWlBRG9BTlFBeEFEVUFOd0EwQUN3QUlnQmxBQ0lBT2dBMUFERUFOUUEzQURRQUxBQWlBRzhBSWdBNkFDSUFkUUJ1QUdRQVpRQm1BR2tBYmdCbEFHUUFJQUJIQUVVQVZBQTZBQ0FBY3dCMEFHRUFad0JwQUc0QVp3QndBSElBWlFCa0FHa0FZd0IwQURVQUxnQnBBRzRBWmdCc0FIVUFaUUJ1QUdNQVpRQm9BR1VBWVFCc0FIUUFhQUF1QUdNQWJ3QnRBRG9BTkFBMEFETUFMd0JwQUcwQVlRQm5BR1VBY3dBdkFIUUFhUUJzQUdVQWN3QXZBSFFBYVFCc0FHVUFMUUJ0QUdFQWNnQnJBR1VBZEFCcEFHNEFad0F0QUdrQWJnQjBBR1VBYkFCc0FHa0Fad0JsQUc0QVl3QmxBQzRBY3dCMkFHY0FJZ0FzQUNJQWRBQWlBRG9BSWdCbEFIWUFaUUJ1QUhRQUlnQjlBQ3dBZXdBaUFHNEFJZ0E2QUNJQWNnQmxBR0VBWkFCNUFITUFkQUJoQUhRQVpRQmpBR2dBWVFCdUFHY0FaUUFpQUN3QUlnQnpBQ0lBT2dBMUFERUFOUUEzQURVQUxBQWlBR1VBSWdBNkFEVUFNUUExQURjQU5RQXNBQ0lBYndBaUFEb0FJZ0IxQUc0QVpBQmxBR1lBYVFCdUFHVUFaQUFnQUVjQVJRQlVBRG9BSUFCekFIUUFZUUJuQUdrQWJnQm5BSEFBY2dCbEFHUUFhUUJqQUhRQU5RQXVBR2tBYmdCbUFHd0FkUUJsQUc0QVl3QmxBR2dBWlFCaEFHd0FkQUJvQUM0QVl3QnZBRzBBT2dBMEFEUUFNd0F2QUdrQWJRQmhBR2NBWlFCekFDOEFkQUJwQUd3QVpRQnpBQzhBZEFCcEFHd0FaUUF0QUcwQWVRQXRBR01BWVFCdEFIQUFZUUJwQUdjQWJnQnpBQzRBY3dCMkFHY0FJZ0FzQUNJQWRBQWlBRG9BSWdCbEFIWUFaUUJ1QUhRQUlnQjlBQ3dBZXdBaUFHNEFJZ0E2QUNJQWNnQmxBR0VBWkFCNUFITUFkQUJoQUhRQVpRQmpBR2dBWVFCdUFHY0FaUUFpQUN3QUlnQnpBQ0lBT2dBMUFERUFOUUEzQURZQUxBQWlBR1VBSWdBNkFEVUFNUUExQURjQU5nQXNBQ0lBYndBaUFEb0FJZ0IxQUc0QVpBQmxBR1lBYVFCdUFHVUFaQUFnQUVjQVJRQlVBRG9BSUFCekFIUUFZUUJuQUdrQWJnQm5BSEFBY2dCbEFHUUFhUUJqQUhRQU5RQXVBR2tBYmdCbUFHd0FkUUJsQUc0QVl3QmxBR2dBWlFCaEFHd0FkQUJvQUM0QVl3QnZBRzBBT2dBMEFEUUFNd0F2QUdrQWJRQmhBR2NBWlFCekFDOEFkQUJwQUd3QVpRQnpBQzhBZEFCcEFHd0FaUUF0QUcwQWVRQXRBR01BWVFCdEFIQUFZUUJwQUdjQWJnQnpBQzRBY3dCMkFHY0FJZ0FzQUNJQWRBQWlBRG9BSWdCbEFIWUFaUUJ1QUhRQUlnQjlBQ3dBZXdBaUFHNEFJZ0E2QUNJQWNnQmxBR0VBWkFCNUFITUFkQUJoQUhRQVpRQmpBR2dBWVFCdUFHY0FaUUFpQUN3QUlnQnpBQ0lBT2dBMUFERUFOUUEzQURZQUxBQWlBR1VBSWdBNkFEVUFNUUExQURjQU5nQXNBQ0lBYndBaUFEb0FJZ0IxQUc0QVpBQmxBR1lBYVFCdUFHVUFaQUFnQUVjQVJRQlVBRG9BSUFCekFIUUFZUUJuQUdrQWJnQm5BSEFBY2dCbEFHUUFhUUJqQUhRQU5RQXVBR2tBYmdCbUFHd0FkUUJsQUc0QVl3QmxBR2dBWlFCaEFHd0FkQUJvQUM0QVl3QnZBRzBBT2dBMEFEUUFNd0F2QUdrQWJRQmhBR2NBWlFCekFDOEFkQUJwQUd3QVpRQnpBQzhBZEFCcEFHd0FaUUF0QUcwQWVRQXRBR01BWVFCdEFIQUFZUUJwQUdjQWJnQnpBQzRBY3dCMkFHY0FJZ0FzQUNJQWRBQWlBRG9BSWdCbEFIWUFaUUJ1QUhRQUlnQjlBQ3dBZXdBaUFHNEFJZ0E2QUNJQWN3QmxBSFFBVkFCcEFHMEFaUUJ2QUhVQWRBQWlBQ3dBSWdCekFDSUFPZ0EwQURBQU5RQTJBRGtBTEFBaUFHVUFJZ0E2QURRQU1BQTJBRElBTndBc0FDSUFid0FpQURvQUlnQjNBR2tBYmdCa0FHOEFkd0FpQUN3QUlnQjBBQ0lBT2dBaUFIUUFhUUJ0QUdVQWNnQWlBSDBBTEFCN0FDSUFiZ0FpQURvQUlnQnpBR1VBZEFCVUFHa0FiUUJsQUc4QWRRQjBBQ0lBTEFBaUFITUFJZ0E2QURRQU5nQTNBREVBTlFBc0FDSUFaUUFpQURvQU5BQTJBRGNBTVFBNEFDd0FJZ0J2QUNJQU9nQWlBSGNBYVFCdUFHUUFid0IzQUNJQUxBQWlBSFFBSWdBNkFDSUFkQUJwQUcwQVpRQnlBQ0lBZlFBc0FIc0FJZ0J1QUNJQU9nQWlBSE1BWlFCMEFGUUFhUUJ0QUdVQWJ3QjFBSFFBSWdBc0FDSUFjd0FpQURvQU5BQTJBRGtBT0FBMUFDd0FJZ0JsQUNJQU9nQTBBRFlBT1FBNEFEVUFMQUFpQUc4QUlnQTZBQ0lBZHdCcEFHNEFaQUJ2QUhjQUlnQXNBQ0lBZEFBaUFEb0FJZ0IwQUdrQWJRQmxBSElBSWdCOUFDd0Fld0FpQUc0QUlnQTZBQ0lBY3dCbEFIUUFWQUJwQUcwQVpRQnZBSFVBZEFBaUFDd0FJZ0J6QUNJQU9nQTBBRGNBTXdBd0FETUFMQUFpQUdVQUlnQTZBRFFBTndBekFEQUFNd0FzQUNJQWJ3QWlBRG9BSWdCM0FHa0FiZ0JrQUc4QWR3QWlBQ3dBSWdCMEFDSUFPZ0FpQUhRQWFRQnRBR1VBY2dBaUFIMEFMQUI3QUNJQWJnQWlBRG9BSWdCekFHVUFkQUJVQUdrQWJRQmxBRzhBZFFCMEFDSUFMQUFpQUhNQUlnQTZBRFFBTndBekFEQUFNd0FzQUNJQVpRQWlBRG9BTkFBM0FETUFNQUEwQUN3QUlnQnZBQ0lBT2dBaUFIY0FhUUJ1QUdRQWJ3QjNBQ0lBTEFBaUFIUUFJZ0E2QUNJQWRBQnBBRzBBWlFCeUFDSUFmUUFzQUhzQUlnQnVBQ0lBT2dBaUFITUFaUUIwQUZRQWFRQnRBR1VBYndCMUFIUUFJZ0FzQUNJQWN3QWlBRG9BTkFBM0FETUFNQUEwQUN3QUlnQmxBQ0lBT2dBMEFEY0FNd0F3QURRQUxBQWlBRzhBSWdBNkFDSUFkd0JwQUc0QVpBQnZBSGNBSWdBc0FDSUFkQUFpQURvQUlnQjBBR2tBYlFCbEFISUFJZ0I5QUN3QWV3QWlBRzRBSWdBNkFDSUFjd0JsQUhRQVZBQnBBRzBBWlFCdkFIVUFkQUFpQUN3QUlnQnpBQ0lBT2dBMEFEY0FNd0F3QURRQUxBQWlBR1VBSWdBNkFEUUFOd0F6QURBQU5BQXNBQ0lBYndBaUFEb0FJZ0IzQUdrQWJnQmtBRzhBZHdBaUFDd0FJZ0IwQUNJQU9nQWlBSFFBYVFCdEFHVUFjZ0FpQUgwQUxBQjdBQ0lBYmdBaUFEb0FJZ0J6QUdVQWRBQlVBR2tBYlFCbEFHOEFkUUIwQUNJQUxBQWlBSE1BSWdBNkFEUUFOd0F6QURBQU5BQXNBQ0lBWlFBaUFEb0FOQUEzQURNQU1BQTNBQ3dBSWdCdkFDSUFPZ0FpQUhjQWFRQnVBR1FBYndCM0FDSUFMQUFpQUhRQUlnQTZBQ0lBZEFCcEFHMEFaUUJ5QUNJQWZRQXNBSHNBSWdCdUFDSUFPZ0FpQUhNQVpRQjBBRlFBYVFCdEFHVUFid0IxQUhRQUlnQXNBQ0lBY3dBaUFEb0FOQUEzQURVQU53QXpBQ3dBSWdCbEFDSUFPZ0EwQURjQU5RQTNBRE1BTEFBaUFHOEFJZ0E2QUNJQWR3QnBBRzRBWkFCdkFIY0FJZ0FzQUNJQWRBQWlBRG9BSWdCMEFHa0FiUUJsQUhJQUlnQjlBQ3dBZXdBaUFHNEFJZ0E2QUNJQWN3QmxBSFFBVkFCcEFHMEFaUUJ2QUhVQWRBQWlBQ3dBSWdCekFDSUFPZ0EwQURjQU5nQXhBRGdBTEFBaUFHVUFJZ0E2QURRQU53QTJBRElBTUFBc0FDSUFid0FpQURvQUlnQjNBR2tBYmdCa0FHOEFkd0FpQUN3QUlnQjBBQ0lBT2dBaUFIUUFhUUJ0QUdVQWNnQWlBSDBBTEFCN0FDSUFiZ0FpQURvQUlnQnpBR1VBZEFCVUFHa0FiUUJsQUc4QWRRQjBBQ0lBTEFBaUFITUFJZ0E2QURRQU9BQXhBRGNBTndBc0FDSUFaUUFpQURvQU5BQTRBREVBT0FBeEFDd0FJZ0J2QUNJQU9nQWlBSGNBYVFCdUFHUUFid0IzQUNJQUxBQWlBSFFBSWdBNkFDSUFkQUJwQUcwQVpRQnlBQ0lBZlFBc0FIc0FJZ0J1QUNJQU9nQWlBSE1BWlFCMEFGUUFhUUJ0QUdVQWJ3QjFBSFFBSWdBc0FDSUFjd0FpQURvQU5BQTRBREVBT0FBeEFDd0FJZ0JsQUNJQU9nQTBBRGdBTVFBNEFERUFMQUFpQUc4QUlnQTZBQ0lBZHdCcEFHNEFaQUJ2QUhjQUlnQXNBQ0lBZEFBaUFEb0FJZ0IwQUdrQWJRQmxBSElBSWdCOUFDd0Fld0FpQUc0QUlnQTZBQ0lBY3dCbEFIUUFWQUJwQUcwQVpRQnZBSFVBZEFBaUFDd0FJZ0J6QUNJQU9nQTBBRGdBTVFBNEFERUFMQUFpQUdVQUlnQTZBRFFBT0FBeEFEZ0FOd0FzQUNJQWJ3QWlBRG9BSWdCM0FHa0FiZ0JrQUc4QWR3QWlBQ3dBSWdCMEFDSUFPZ0FpQUhRQWFRQnRBR1VBY2dBaUFIMEFMQUI3QUNJQWJnQWlBRG9BSWdCekFHVUFkQUJVQUdrQWJRQmxBRzhBZFFCMEFDSUFMQUFpQUhNQUlnQTZBRFFBT0FBeEFEZ0FOd0FzQUNJQVpRQWlBRG9BTkFBNEFERUFPUUF5QUN3QUlnQnZBQ0lBT2dBaUFIY0FhUUJ1QUdRQWJ3QjNBQ0lBTEFBaUFIUUFJZ0E2QUNJQWRBQnBBRzBBWlFCeUFDSUFmUUFzQUhzQUlnQnVBQ0lBT2dBaUFITUFaUUIwQUZRQWFRQnRBR1VBYndCMUFIUUFJZ0FzQUNJQWN3QWlBRG9BTkFBNEFERUFPUUF5QUN3QUlnQmxBQ0lBT2dBMEFEZ0FNUUE1QURnQUxBQWlBRzhBSWdBNkFDSUFkd0JwQUc0QVpBQnZBSGNBSWdBc0FDSUFkQUFpQURvQUlnQjBBR2tBYlFCbEFISUFJZ0I5QUN3QWV3QWlBRzRBSWdBNkFDSUFjd0JsQUhRQVZBQnBBRzBBWlFCdkFIVUFkQUFpQUN3QUlnQnpBQ0lBT2dBMEFEZ0FNZ0E0QURBQUxBQWlBR1VBSWdBNkFEUUFPQUF5QURnQU1BQXNBQ0lBYndBaUFEb0FJZ0IzQUdrQWJnQmtBRzhBZHdBaUFDd0FJZ0IwQUNJQU9nQWlBSFFBYVFCdEFHVUFjZ0FpQUgwQUxBQjdBQ0lBYmdBaUFEb0FJZ0J6QUdVQWRBQlVBR2tBYlFCbEFHOEFkUUIwQUNJQUxBQWlBSE1BSWdBNkFEUUFPQUEzQURBQU53QXNBQ0lBWlFBaUFEb0FOQUE0QURjQU1BQTVBQ3dBSWdCdkFDSUFPZ0FpQUhjQWFRQnVBR1FBYndCM0FDSUFMQUFpQUhRQUlnQTZBQ0lBZEFCcEFHMEFaUUJ5QUNJQWZRQXNBSHNBSWdCdUFDSUFPZ0FpQUhNQVpRQjBBRlFBYVFCdEFHVUFid0IxQUhRQUlnQXNBQ0lBY3dBaUFEb0FOQUE0QURjQU1BQTVBQ3dBSWdCbEFDSUFPZ0EwQURnQU53QXhBRFFBTEFBaUFHOEFJZ0E2QUNJQWR3QnBBRzRBWkFCdkFIY0FJZ0FzQUNJQWRBQWlBRG9BSWdCMEFHa0FiUUJsQUhJQUlnQjlBQ3dBZXdBaUFHNEFJZ0E2QUNJQWN3QmxBSFFBVkFCcEFHMEFaUUJ2QUhVQWRBQWlBQ3dBSWdCekFDSUFPZ0EwQURnQU53QXhBRFFBTEFBaUFHVUFJZ0E2QURRQU9BQTNBREVBT1FBc0FDSUFid0FpQURvQUlnQjNBR2tBYmdCa0FHOEFkd0FpQUN3QUlnQjBBQ0lBT2dBaUFIUUFhUUJ0QUdVQWNnQWlBSDBBTEFCN0FDSUFiZ0FpQURvQUlnQnpBR1VBZEFCVUFHa0FiUUJsQUc4QWRRQjBBQ0lBTEFBaUFITUFJZ0E2QURRQU9BQTNBREVBT1FBc0FDSUFaUUFpQURvQU5BQTRBRGNBTWdBMEFDd0FJZ0J2QUNJQU9nQWlBSGNBYVFCdUFHUUFid0IzQUNJQUxBQWlBSFFBSWdBNkFDSUFkQUJwQUcwQVpRQnlBQ0lBZlFBc0FIc0FJZ0J1QUNJQU9nQWlBSE1BWlFCMEFGUUFhUUJ0QUdVQWJ3QjFBSFFBSWdBc0FDSUFjd0FpQURvQU5BQTRBRGNBTWdBMEFDd0FJZ0JsQUNJQU9nQTBBRGdBTndBeUFEWUFMQUFpQUc4QUlnQTZBQ0lBZHdCcEFHNEFaQUJ2QUhjQUlnQXNBQ0lBZEFBaUFEb0FJZ0IwQUdrQWJRQmxBSElBSWdCOUFDd0Fld0FpQUc0QUlnQTZBQ0lBY3dCbEFIUUFWQUJwQUcwQVpRQnZBSFVBZEFBaUFDd0FJZ0J6QUNJQU9nQTFBREFBTXdBekFEUUFMQUFpQUdVQUlnQTZBRFVBTUFBekFETUFOQUFzQUNJQWJ3QWlBRG9BSWdCM0FHa0FiZ0JrQUc4QWR3QWlBQ3dBSWdCMEFDSUFPZ0FpQUhRQWFRQnRBR1VBY2dBaUFIMEFMQUI3QUNJQWJnQWlBRG9BSWdCekFHVUFkQUJVQUdrQWJRQmxBRzhBZFFCMEFDSUFMQUFpQUhNQUlnQTZBRFVBTUFBekFETUFOQUFzQUNJQVpRQWlBRG9BTlFBd0FETUFNd0EwQUN3QUlnQnZBQ0lBT2dBaUFIY0FhUUJ1QUdRQWJ3QjNBQ0lBTEFBaUFIUUFJZ0E2QUNJQWRBQnBBRzBBWlFCeUFDSUFmUUFzQUhzQUlnQnVBQ0lBT2dBaUFITUFaUUIwQUZRQWFRQnRBR1VBYndCMUFIUUFJZ0FzQUNJQWN3QWlBRG9BTlFBd0FETUFNd0EwQUN3QUlnQmxBQ0lBT2dBMUFEQUFNd0F6QURnQUxBQWlBRzhBSWdBNkFDSUFkd0JwQUc0QVpBQnZBSGNBSWdBc0FDSUFkQUFpQURvQUlnQjBBR2tBYlFCbEFISUFJZ0I5QUN3QWV3QWlBRzRBSWdBNkFDSUFjd0JsQUhRQVZBQnBBRzBBWlFCdkFIVUFkQUFpQUN3QUlnQnpBQ0lBT2dBMUFEQUFNd0F6QURnQUxBQWlBR1VBSWdBNkFEVUFNQUF6QURRQU13QXNBQ0lBYndBaUFEb0FJZ0IzQUdrQWJnQmtBRzhBZHdBaUFDd0FJZ0IwQUNJQU9nQWlBSFFBYVFCdEFHVUFjZ0FpQUgwQUxBQjdBQ0lBYmdBaUFEb0FJZ0J6QUdVQWRBQlVBR2tBYlFCbEFHOEFkUUIwQUNJQUxBQWlBSE1BSWdBNkFEVUFNQUF6QURRQU13QXNBQ0lBWlFBaUFEb0FOUUF3QURNQU5BQTNBQ3dBSWdCdkFDSUFPZ0FpQUhjQWFRQnVBR1FBYndCM0FDSUFMQUFpQUhRQUlnQTZBQ0lBZEFCcEFHMEFaUUJ5QUNJQWZRQXNBSHNBSWdCdUFDSUFPZ0FpQUhNQVpRQjBBRlFBYVFCdEFHVUFid0IxQUhRQUlnQXNBQ0lBY3dBaUFEb0FOUUF3QURNQU5BQTNBQ3dBSWdCbEFDSUFPZ0ExQURBQU13QTBBRGNBTEFBaUFHOEFJZ0E2QUNJQWR3QnBBRzRBWkFCdkFIY0FJZ0FzQUNJQWRBQWlBRG9BSWdCMEFHa0FiUUJsQUhJQUlnQjlBQ3dBZXdBaUFHNEFJZ0E2QUNJQWN3QmxBSFFBVkFCcEFHMEFaUUJ2QUhVQWRBQWlBQ3dBSWdCekFDSUFPZ0ExQURBQU13QTBBRGNBTEFBaUFHVUFJZ0E2QURVQU1BQXpBRFFBTndBc0FDSUFid0FpQURvQUlnQjNBR2tBYmdCa0FHOEFkd0FpQUN3QUlnQjBBQ0lBT2dBaUFIUUFhUUJ0QUdVQWNnQWlBSDBBTEFCN0FDSUFiZ0FpQURvQUlnQnpBR1VBZEFCVUFHa0FiUUJsQUc4QWRRQjBBQ0lBTEFBaUFITUFJZ0E2QURVQU1BQXpBRFFBTndBc0FDSUFaUUFpQURvQU5RQXdBRE1BTkFBM0FDd0FJZ0J2QUNJQU9nQWlBSGNBYVFCdUFHUUFid0IzQUNJQUxBQWlBSFFBSWdBNkFDSUFkQUJwQUcwQVpRQnlBQ0lBZlFBc0FIc0FJZ0J1QUNJQU9nQWlBSE1BWlFCMEFGUUFhUUJ0QUdVQWJ3QjFBSFFBSWdBc0FDSUFjd0FpQURvQU5RQXdBRE1BTkFBM0FDd0FJZ0JsQUNJQU9nQTFBREFBTXdBMkFEWUFMQUFpQUc4QUlnQTZBQ0lBZHdCcEFHNEFaQUJ2QUhjQUlnQXNBQ0lBZEFBaUFEb0FJZ0IwQUdrQWJRQmxBSElBSWdCOUFDd0Fld0FpQUc0QUlnQTZBQ0lBY3dCbEFIUUFWQUJwQUcwQVpRQnZBSFVBZEFBaUFDd0FJZ0J6QUNJQU9nQTFBREVBTlFBNUFESUFMQUFpQUdVQUlnQTZBRFVBTVFBMUFEa0FOQUFzQUNJQWJ3QWlBRG9BSWdCM0FHa0FiZ0JrQUc4QWR3QWlBQ3dBSWdCMEFDSUFPZ0FpQUhRQWFRQnRBR1VBY2dBaUFIMEFMQUI3QUNJQWJnQWlBRG9BSWdCMEFIa0FjQUJwQUc0QVp3QWlBQ3dBSWdCekFDSUFPZ0EwQURBQU5nQXlBRGdBTEFBaUFHVUFJZ0E2QURRQU1BQTVBRFVBT1FBc0FDSUFid0FpQURvQUlnQnBBRzRBY0FCMUFIUUFJd0JwQUdRQVh3QndBR0VBY3dCekFDNEFaZ0J2QUhJQWJRQXRBR01BYndCdUFIUUFjZ0J2QUd3QUxnQnVBR2NBTFFCa0FHa0FjZ0IwQUhrQUxnQnVBR2NBTFFCMkFHRUFiQUJwQUdRQUxnQnVBR2NBTFFCMkFHRUFiQUJwQUdRQUxRQnlBR1VBY1FCMUFHa0FjZ0JsQUdRQUlnQXNBQ0lBZEFBaUFEb0FJZ0JsQUhZQVpRQnVBSFFBSWdCOUFDd0Fld0FpQUc0QUlnQTZBQ0lBYVFCdUFIQUFkUUIwQUNJQUxBQWlBSE1BSWdBNkFEUUFNQUEyQURNQU5BQXNBQ0lBWlFBaUFEb0FOQUF3QURZQU13QTBBQ3dBSWdCdkFDSUFPZ0FpQUdrQWJnQndBSFVBZEFBakFHa0FaQUJmQUhBQVlRQnpBSE1BTGdCbUFHOEFjZ0J0QUMwQVl3QnZBRzRBZEFCeUFHOEFiQUF1QUc0QVp3QXRBR1FBYVFCeUFIUUFlUUF1QUc0QVp3QXRBSFlBWVFCc0FHa0FaQUF1QUc0QVp3QXRBSFlBWVFCc0FHa0FaQUF0QUhJQVpRQnhBSFVBYVFCeUFHVUFaQUFpQUN3QUlnQjBBQ0lBT2dBaUFHVUFkZ0JsQUc0QWRBQWlBSDBBTEFCN0FDSUFiZ0FpQURvQUlnQnBBRzRBY0FCMUFIUUFJZ0FzQUNJQWN3QWlBRG9BTkFBd0FEY0FPQUEwQUN3QUlnQmxBQ0lBT2dBMEFEQUFOd0E0QURRQUxBQWlBRzhBSWdBNkFDSUFhUUJ1QUhBQWRRQjBBQ01BYVFCa0FGOEFjQUJoQUhNQWN3QXVBR1lBYndCeUFHMEFMUUJqQUc4QWJnQjBBSElBYndCc0FDNEFiZ0JuQUMwQVpBQnBBSElBZEFCNUFDNEFiZ0JuQUMwQWRnQmhBR3dBYVFCa0FDNEFiZ0JuQUMwQWRnQmhBR3dBYVFCa0FDMEFjZ0JsQUhFQWRRQnBBSElBWlFCa0FDSUFMQUFpQUhRQUlnQTZBQ0lBWlFCMkFHVUFiZ0IwQUNJQWZRQXNBSHNBSWdCdUFDSUFPZ0FpQUdrQWJnQndBSFVBZEFBaUFDd0FJZ0J6QUNJQU9nQTBBREFBT1FBMkFEQUFMQUFpQUdVQUlnQTZBRFFBTUFBNUFEWUFNQUFzQUNJQWJ3QWlBRG9BSWdCcEFHNEFjQUIxQUhRQUl3QnBBR1FBWHdCd0FHRUFjd0J6QUM0QVpnQnZBSElBYlFBdEFHTUFid0J1QUhRQWNnQnZBR3dBTGdCdUFHY0FMUUJrQUdrQWNnQjBBSGtBTGdCdUFHY0FMUUIyQUdFQWJBQnBBR1FBTGdCdUFHY0FMUUIyQUdFQWJBQnBBR1FBTFFCeUFHVUFjUUIxQUdrQWNnQmxBR1FBSWdBc0FDSUFkQUFpQURvQUlnQmxBSFlBWlFCdUFIUUFJZ0I5QUN3QWV3QWlBRzRBSWdBNkFDSUFRUUJxQUdFQWVBQWlBQ3dBSWdCekFDSUFPZ0EwQURBQU5nQXlBRFFBTEFBaUFHVUFJZ0E2QURRQU1BQTJBRGdBTmdBc0FDSUFid0FpQURvQUlnQXlBREFBTUFBZ0FGQUFUd0JUQUZRQU9nQWdBR0lBWVFCdEFDNEFiZ0J5QUMwQVpBQmhBSFFBWVFBdUFHNEFaUUIwQURvQU5BQTBBRE1BTHdCeUFHVUFjd0J2QUhVQWNnQmpBR1VBY3dBdkFERUFMd0JsQURRQVpnQTJBRE1BWkFCaEFEWUFNd0EzQUNJQUxBQWlBSFFBSWdBNkFDSUFZUUJxQUdFQWVBQWlBSDBBTEFCN0FDSUFiZ0FpQURvQUlnQkJBR29BWVFCNEFDSUFMQUFpQUhNQUlnQTZBRFFBTkFBNEFEQUFPQUFzQUNJQVpRQWlBRG9BTkFBMkFEa0FOUUF5QUN3QUlnQnZBQ0lBT2dBaUFESUFNQUF3QUNBQVVBQlBBRk1BVkFBNkFDQUFjd0IwQUdFQVp3QnBBRzRBWndCd0FISUFaUUJrQUdrQVl3QjBBRFVBTGdCcEFHNEFaZ0JzQUhVQVpRQnVBR01BWlFCb0FHVUFZUUJzQUhRQWFBQXVBR01BYndCdEFEb0FNd0F3QURBQU1BQXZBSEFBY2dCbEFHUUFhUUJqQUhRQUx3QjJBREVBTHdCakFHd0FhUUJsQUc0QWRBQnpBQzhBZFFCdUFHa0FkZ0JsQUhJQWN3QnBBSFFBZVFCakFHOEFiQUJ2QUhJQVlRQmtBRzhBTHdCaEFIVUFkQUJvQUZRQWJ3QnJBR1VBYmdBaUFDd0FJZ0IwQUNJQU9nQWlBR0VBYWdCaEFIZ0FJZ0I5QUN3QWV3QWlBRzRBSWdBNkFDSUFRUUJxQUdFQWVBQWlBQ3dBSWdCekFDSUFPZ0EwQURZQU9RQTBBRGtBTEFBaUFHVUFJZ0E2QURRQU53QXdBREVBTWdBc0FDSUFid0FpQURvQUlnQXlBREFBTUFBZ0FFY0FSUUJVQURvQUlBQnpBSFFBWVFCbkFHa0FiZ0JuQUhBQWNnQmxBR1FBYVFCakFIUUFOUUF1QUdrQWJnQm1BR3dBZFFCbEFHNEFZd0JsQUdnQVpRQmhBR3dBZEFCb0FDNEFZd0J2QUcwQU9nQTBBRFFBTXdBdkFDUUFiUUJ2QUdRQWRRQnNBR1VBTHdCdEFHOEFaQUIxQUd3QVpRQnpBQzhBWVFCakFHTUFid0IxQUc0QWRBQnpBQ0lBTEFBaUFIUUFJZ0E2QUNJQVlRQnFBR0VBZUFBaUFIMEFMQUI3QUNJQWJnQWlBRG9BSWdCQkFHb0FZUUI0QUNJQUxBQWlBSE1BSWdBNkFEUUFOd0F3QURFQU1BQXNBQ0lBWlFBaUFEb0FOQUEzQURJQU9BQTRBQ3dBSWdCdkFDSUFPZ0FpQURJQU1BQXdBQ0FBUndCRkFGUUFPZ0FnQUhNQWRBQmhBR2NBYVFCdUFHY0FjQUJ5QUdVQVpBQnBBR01BZEFBMUFDNEFhUUJ1QUdZQWJBQjFBR1VBYmdCakFHVUFhQUJsQUdFQWJBQjBBR2dBTGdCakFHOEFiUUE2QURRQU5BQXpBQzhBYlFCdkFHUUFkUUJzQUdVQWN3QXZBR0VBWXdCakFHOEFkUUJ1QUhRQWN3QXZBQzhBWXdCdkFHNEFkQUJ5QUc4QWJBQnNBR1VBY2dCekFGd0FYQUJCQUdNQVl3QnZBSFVBYmdCMEFITUFRd0IwQUhJQWJBQXVBR29BY3dBaUFDd0FJZ0IwQUNJQU9nQWlBR0VBYWdCaEFIZ0FJZ0I5QUN3QWV3QWlBRzRBSWdBNkFDSUFRUUJxQUdFQWVBQWlBQ3dBSWdCekFDSUFPZ0EwQURjQU1nQTRBRFVBTEFBaUFHVUFJZ0E2QURRQU53QTFBRGtBT0FBc0FDSUFid0FpQURvQUlnQXlBREFBTUFBZ0FFY0FSUUJVQURvQUlBQnpBSFFBWVFCbkFHa0FiZ0JuQUhBQWNnQmxBR1FBYVFCakFIUUFOUUF1QUdrQWJnQm1BR3dBZFFCbEFHNEFZd0JsQUdnQVpRQmhBR3dBZEFCb0FDNEFZd0J2QUcwQU9nQTBBRFFBTXdBdkFHMEFid0JrQUhVQWJBQmxBSE1BTHdCaEFHTUFZd0J2QUhVQWJnQjBBSE1BTHdCcEFHNEFaQUJsQUhnQUxnQm9BSFFBYlFCc0FDSUFMQUFpQUhRQUlnQTZBQ0lBWVFCcUFHRUFlQUFpQUgwQUxBQjdBQ0lBYmdBaUFEb0FJZ0JCQUdvQVlRQjRBQ0lBTEFBaUFITUFJZ0E2QURRQU53QTFBRGtBTUFBc0FDSUFaUUFpQURvQU5BQTRBRElBTVFBMkFDd0FJZ0J2QUNJQU9nQWlBRElBTUFBd0FDQUFSd0JGQUZRQU9nQWdBSE1BZEFCaEFHY0FhUUJ1QUdjQWNBQnlBR1VBWkFCcEFHTUFkQUExQUM0QWFRQnVBR1lBYkFCMUFHVUFiZ0JqQUdVQWFBQmxBR0VBYkFCMEFHZ0FMZ0JqQUc4QWJRQTZBRE1BTUFBd0FEQUFMd0J3QUhJQVpRQmtBR2tBWXdCMEFDOEFkZ0F4QUM4QVl3QnNBR2tBWlFCdUFIUUFjd0F2QUhVQWJnQnBBSFlBWlFCeUFITUFhUUIwQUhrQVl3QnZBR3dBYndCeUFHRUFaQUJ2QUM4QWJBQnBBSE1BZEFCakFHd0FhUUJsQUc0QWRBQnpBQ0lBTEFBaUFIUUFJZ0E2QUNJQVlRQnFBR0VBZUFBaUFIMEFMQUI3QUNJQWJnQWlBRG9BSWdCQkFHb0FZUUI0QUNJQUxBQWlBSE1BSWdBNkFEUUFOd0ExQURrQU5nQXNBQ0lBWlFBaUFEb0FOQUE0QURJQU5RQTJBQ3dBSWdCdkFDSUFPZ0FpQURJQU1BQXdBQ0FBUndCRkFGUUFPZ0FnQUhNQWRBQmhBR2NBYVFCdUFHY0FjQUJ5QUdVQVpBQnBBR01BZEFBMUFDNEFhUUJ1QUdZQWJBQjFBR1VBYmdCakFHVUFhQUJsQUdFQWJBQjBBR2dBTGdCakFHOEFiUUE2QURRQU5BQXpBQzhBYlFCdkFHUUFkUUJzQUdVQWN3QXZBR0VBWXdCakFHOEFkUUJ1QUhRQWN3QXZBSFlBYVFCbEFIY0Fjd0F2QUdNQWFBQnZBRzhBY3dCbEFDMEFZd0J2QUc0QWRBQmxBSGdBZEFBdUFHZ0FkQUJ0QUd3QUlnQXNBQ0lBZEFBaUFEb0FJZ0JoQUdvQVlRQjRBQ0lBZlFBc0FIc0FJZ0J1QUNJQU9nQWlBRUVBYWdCaEFIZ0FJZ0FzQUNJQWN3QWlBRG9BTkFBNEFESUFNUUF6QUN3QUlnQmxBQ0lBT2dBMEFEZ0FNZ0E0QURjQUxBQWlBRzhBSWdBNkFDSUFNZ0F3QURBQUlBQkhBRVVBVkFBNkFDQUFjd0IwQUdFQVp3QnBBRzRBWndCd0FISUFaUUJrQUdrQVl3QjBBRFVBTGdCcEFHNEFaZ0JzQUhVQVpRQnVBR01BWlFCb0FHVUFZUUJzQUhRQWFBQXVBR01BYndCdEFEb0FOQUEwQURNQUx3QWtBRzBBYndCa0FIVUFiQUJsQUM4QWJBQmhBSGtBYndCMUFIUUFjd0F2QUdJQVlRQnpBR1VBSWdBc0FDSUFkQUFpQURvQUlnQmhBR29BWVFCNEFDSUFmUUFzQUhzQUlnQnVBQ0lBT2dBaUFFRUFhZ0JoQUhnQUlnQXNBQ0lBY3dBaUFEb0FOQUE0QURJQU9BQTFBQ3dBSWdCbEFDSUFPZ0EwQURnQU13QTFBRFFBTEFBaUFHOEFJZ0E2QUNJQU1nQXdBREFBSUFCSEFFVUFWQUE2QUNBQWN3QjBBR0VBWndCcEFHNEFad0J3QUhJQVpRQmtBR2tBWXdCMEFEVUFMZ0JwQUc0QVpnQnNBSFVBWlFCdUFHTUFaUUJvQUdVQVlRQnNBSFFBYUFBdUFHTUFid0J0QURvQU5BQTBBRE1BTHdCc0FHRUFlUUJ2QUhVQWRBQnpBQzhBWWdCaEFITUFaUUF2QUM4QWJRQmhBR2tBYmdBdUFHb0Fjd0FpQUN3QUlnQjBBQ0lBT2dBaUFHRUFhZ0JoQUhnQUlnQjlBQ3dBZXdBaUFHNEFJZ0E2QUNJQVFRQnFBR0VBZUFBaUFDd0FJZ0J6QUNJQU9nQTBBRGdBTXdBMUFESUFMQUFpQUdVQUlnQTZBRFFBT0FBMkFEZ0FOQUFzQUNJQWJ3QWlBRG9BSWdBeUFEQUFNQUFnQUVjQVJRQlVBRG9BSUFCekFIUUFZUUJuQUdrQWJnQm5BSEFBY2dCbEFHUUFhUUJqQUhRQU5RQXVBR2tBYmdCbUFHd0FkUUJsQUc0QVl3QmxBR2dBWlFCaEFHd0FkQUJvQUM0QVl3QnZBRzBBT2dBMEFEUUFNd0F2QUd3QVlRQjVBRzhBZFFCMEFITUFMd0JpQUdFQWN3QmxBQzhBYVFCdUFHUUFaUUI0QUM0QWFBQjBBRzBBYkFBaUFDd0FJZ0IwQUNJQU9nQWlBR0VBYWdCaEFIZ0FJZ0I5QUN3QWV3QWlBRzRBSWdBNkFDSUFRUUJxQUdFQWVBQWlBQ3dBSWdCekFDSUFPZ0EwQURnQU5RQTJBRFVBTEFBaUFHVUFJZ0E2QURRQU9RQTVBRGNBTlFBc0FDSUFid0FpQURvQUlnQXlBREFBTUFBZ0FFY0FSUUJVQURvQUlBQnpBSFFBWVFCbkFHa0FiZ0JuQUhBQWNnQmxBR1FBYVFCakFIUUFOUUF1QUdrQWJnQm1BR3dBZFFCbEFHNEFZd0JsQUdnQVpRQmhBR3dBZEFCb0FDNEFZd0J2QUcwQU9nQXpBREFBTUFBd0FDOEFjQUJ5QUdVQVpBQnBBR01BZEFBdkFIWUFNUUF2QUd3QWJ3QnVBR2NBVWdCMUFHNEFiZ0JwQUc0QVp3QlVBR0VBY3dCckFITUFJZ0FzQUNJQWRBQWlBRG9BSWdCaEFHb0FZUUI0QUNJQWZRQXNBSHNBSWdCdUFDSUFPZ0FpQUVFQWFnQmhBSGdBSWdBc0FDSUFjd0FpQURvQU5BQTRBRFlBTUFBNUFDd0FJZ0JsQUNJQU9nQTBBRGtBT1FBNEFEWUFMQUFpQUc4QUlnQTZBQ0lBTWdBd0FEQUFJQUJIQUVVQVZBQTZBQ0FBY3dCMEFHRUFad0JwQUc0QVp3QndBSElBWlFCa0FHa0FZd0IwQURVQUxnQnBBRzRBWmdCc0FIVUFaUUJ1QUdNQVpRQm9BR1VBWVFCc0FIUUFhQUF1QUdNQWJ3QnRBRG9BTkFBMEFETUFMd0FrQUcwQWJ3QmtBSFVBYkFCbEFDOEFiUUJ2QUdRQWRRQnNBR1VBY3dBdkFHZ0Fid0J0QUdVQUlnQXNBQ0lBZEFBaUFEb0FJZ0JoQUdvQVlRQjRBQ0lBZlFBc0FIc0FJZ0J1QUNJQU9nQWlBRUVBYWdCaEFIZ0FJZ0FzQUNJQWN3QWlBRG9BTkFBNEFEWUFOQUEzQUN3QUlnQmxBQ0lBT2dBMUFEQUFNQUF5QURjQUxBQWlBRzhBSWdBNkFDSUFOQUF3QURRQUlBQkhBRVVBVkFBNkFDQUFjd0IwQUdFQVp3QnBBRzRBWndCd0FISUFaUUJrQUdrQVl3QjBBRFVBTGdCcEFHNEFaZ0JzQUhVQVpRQnVBR01BWlFCb0FHVUFZUUJzQUhRQWFBQXVBR01BYndCdEFEb0FOQUEwQURNQUx3QjBBR1VBYlFCd0FHd0FZUUIwQUdVQWN3QXZBR0lBWVFCekFHa0FZd0F2QUdrQWRRQnBBQzBBY0FCdkFISUFkQUJoQUd3QUxRQnNBRzhBWndCdkFDNEFhQUIwQUcwQWJBQWlBQ3dBSWdCMEFDSUFPZ0FpQUdFQWFnQmhBSGdBSWdCOUFDd0Fld0FpQUc0QUlnQTZBQ0lBUVFCcUFHRUFlQUFpQUN3QUlnQnpBQ0lBT2dBMEFEZ0FOZ0ExQURFQUxBQWlBR1VBSWdBNkFEVUFNQUF3QURjQU5BQXNBQ0lBYndBaUFEb0FJZ0F5QURBQU1BQWdBRWNBUlFCVUFEb0FJQUJ6QUhRQVlRQm5BR2tBYmdCbkFIQUFjZ0JsQUdRQWFRQmpBSFFBTlFBdUFHa0FiZ0JtQUd3QWRRQmxBRzRBWXdCbEFHZ0FaUUJoQUd3QWRBQm9BQzRBWXdCdkFHMEFPZ0EwQURRQU13QXZBR3dBWVFCNUFHOEFkUUIwQUhNQUx3QmlBR0VBY3dCbEFDOEFjd0JsQUd3QVpRQmpBSFFBTFFCakFHOEFiZ0IwQUdVQWVBQjBBQzRBYUFCMEFHMEFiQUFpQUN3QUlnQjBBQ0lBT2dBaUFHRUFhZ0JoQUhnQUlnQjlBQ3dBZXdBaUFHNEFJZ0E2QUNJQVFRQnFBR0VBZUFBaUFDd0FJZ0J6QUNJQU9nQTBBRGdBTmdBMUFEUUFMQUFpQUdVQUlnQTZBRFVBTUFBeEFEY0FOd0FzQUNJQWJ3QWlBRG9BSWdBeUFEQUFNQUFnQUVjQVJRQlVBRG9BSUFCekFIUUFZUUJuQUdrQWJnQm5BSEFBY2dCbEFHUUFhUUJqQUhRQU5RQXVBR2tBYmdCbUFHd0FkUUJsQUc0QVl3QmxBR2dBWlFCaEFHd0FkQUJvQUM0QVl3QnZBRzBBT2dBMEFEUUFNd0F2QUd3QVlRQjVBRzhBZFFCMEFITUFMd0JpQUdFQWN3QmxBQzhBY3dCbEFHTUFid0J1QUdRQVlRQnlBSGtBTFFCekFHa0FaQUJsQUdJQVlRQnlBQzBBYmdCaEFIWUFhUUJuQUdFQWRBQnBBRzhBYmdBdUFHZ0FkQUJ0QUd3QUlnQXNBQ0lBZEFBaUFEb0FJZ0JoQUdvQVlRQjRBQ0lBZlFBc0FIc0FJZ0J1QUNJQU9nQWlBRUVBYWdCaEFIZ0FJZ0FzQUNJQWN3QWlBRG9BTkFBNUFEa0FPQUF3QUN3QUlnQmxBQ0lBT2dBMUFEQUFNd0E1QURBQUxBQWlBRzhBSWdBNkFDSUFNZ0F3QURBQUlBQkhBRVVBVkFBNkFDQUFjd0IwQUdFQVp3QnBBRzRBWndCd0FISUFaUUJrQUdrQVl3QjBBRFVBTGdCcEFHNEFaZ0JzQUhVQVpRQnVBR01BWlFCb0FHVUFZUUJzQUhRQWFBQXVBR01BYndCdEFEb0FOQUEwQURNQUx3QnRBRzhBWkFCMUFHd0FaUUJ6QUM4QWFBQnZBRzBBWlFBdkFDOEFiUUJoQUdrQWJnQXVBR29BY3dBaUFDd0FJZ0IwQUNJQU9nQWlBR0VBYWdCaEFIZ0FJZ0I5QUN3QWV3QWlBRzRBSWdBNkFDSUFRUUJxQUdFQWVBQWlBQ3dBSWdCekFDSUFPZ0EwQURrQU9RQTRBRFFBTEFBaUFHVUFJZ0E2QURVQU1BQTBBREFBTWdBc0FDSUFid0FpQURvQUlnQXlBREFBTUFBZ0FFY0FSUUJVQURvQUlBQnpBSFFBWVFCbkFHa0FiZ0JuQUhBQWNnQmxBR1FBYVFCakFIUUFOUUF1QUdrQWJnQm1BR3dBZFFCbEFHNEFZd0JsQUdnQVpRQmhBR3dBZEFCb0FDNEFZd0J2QUcwQU9nQTBBRFFBTXdBdkFHMEFid0JrQUhVQWJBQmxBSE1BTHdCb0FHOEFiUUJsQUM4QUx3QmpBRzhBYmdCMEFISUFid0JzQUd3QVpRQnlBSE1BWEFCY0FGY0FaUUJzQUdNQWJ3QnRBR1VBUXdCMEFISUFiQUF1QUdvQWN3QWlBQ3dBSWdCMEFDSUFPZ0FpQUdFQWFnQmhBSGdBSWdCOUFDd0Fld0FpQUc0QUlnQTZBQ0lBUVFCcUFHRUFlQUFpQUN3QUlnQnpBQ0lBT2dBMUFEQUFNd0E0QURjQUxBQWlBR1VBSWdBNkFEVUFNQUEwQURVQU9RQXNBQ0lBYndBaUFEb0FJZ0F5QURBQU1BQWdBRWNBUlFCVUFEb0FJQUJ6QUhRQVlRQm5BR2tBYmdCbkFIQUFjZ0JsQUdRQWFRQmpBSFFBTlFBdUFHa0FiZ0JtQUd3QWRRQmxBRzRBWXdCbEFHZ0FaUUJoQUd3QWRBQm9BQzRBWXdCdkFHMEFPZ0EwQURRQU13QXZBRzBBYndCa0FIVUFiQUJsQUhNQUx3Qm9BRzhBYlFCbEFDOEFZd0J2QUc0QWRBQnlBRzhBYkFCc0FHVUFjZ0J6QUM4QVZ3QmxBR3dBWXdCdkFHMEFaUUJEQUhRQWNnQnNBQzRBYWdCekFDSUFMQUFpQUhRQUlnQTZBQ0lBWVFCcUFHRUFlQUFpQUgwQUxBQjdBQ0lBYmdBaUFEb0FJZ0JCQUdvQVlRQjRBQ0lBTEFBaUFITUFJZ0E2QURVQU1BQXpBRGtBTndBc0FDSUFaUUFpQURvQU5RQXdBRFVBTUFBMkFDd0FJZ0J2QUNJQU9nQWlBRElBTUFBd0FDQUFSd0JGQUZRQU9nQWdBSE1BZEFCaEFHY0FhUUJ1QUdjQWNBQnlBR1VBWkFCcEFHTUFkQUExQUM0QWFRQnVBR1lBYkFCMUFHVUFiZ0JqQUdVQWFBQmxBR0VBYkFCMEFHZ0FMZ0JqQUc4QWJRQTZBRFFBTkFBekFDOEFiUUJ2QUdRQWRRQnNBR1VBY3dBdkFHZ0Fid0J0QUdVQUx3QnBBRzRBWkFCbEFIZ0FMZ0JvQUhRQWJRQnNBQ0lBTEFBaUFIUUFJZ0E2QUNJQVlRQnFBR0VBZUFBaUFIMEFMQUI3QUNJQWJnQWlBRG9BSWdCQkFHb0FZUUI0QUNJQUxBQWlBSE1BSWdBNkFEVUFNQUEwQURrQU13QXNBQ0lBWlFBaUFEb0FOUUF3QURZQU1nQTJBQ3dBSWdCdkFDSUFPZ0FpQURJQU1BQXdBQ0FBUndCRkFGUUFPZ0FnQUhNQWRBQmhBR2NBYVFCdUFHY0FjQUJ5QUdVQVpBQnBBR01BZEFBMUFDNEFhUUJ1QUdZQWJBQjFBR1VBYmdCakFHVUFhQUJsQUdFQWJBQjBBR2dBTGdCakFHOEFiUUE2QURRQU5BQXpBQzhBYlFCdkFHUUFkUUJzQUdVQWN3QXZBR2dBYndCdEFHVUFMd0IyQUdrQVpRQjNBSE1BTHdCM0FHVUFiQUJqQUc4QWJRQmxBQzRBYUFCMEFHMEFiQUFpQUN3QUlnQjBBQ0lBT2dBaUFHRUFhZ0JoQUhnQUlnQjlBQ3dBZXdBaUFHNEFJZ0E2QUNJQVFRQnFBR0VBZUFBaUFDd0FJZ0J6QUNJQU9nQTFBREFBTlFBNEFEUUFMQUFpQUdVQUlnQTZBRFVBTVFBMUFEUUFNUUFzQUNJQWJ3QWlBRG9BSWdBeUFEQUFNQUFnQUVjQVJRQlVBRG9BSUFCekFIUUFZUUJuQUdrQWJnQm5BSEFBY2dCbEFHUUFhUUJqQUhRQU5RQXVBR2tBYmdCbUFHd0FkUUJsQUc0QVl3QmxBR2dBWlFCaEFHd0FkQUJvQUM0QVl3QnZBRzBBT2dBekFEQUFNQUF3QUM4QWNBQnlBR1VBWkFCcEFHTUFkQUF2QUhZQU1RQXZBR3dBYndCdUFHY0FVZ0IxQUc0QWJnQnBBRzRBWndCVUFHRUFjd0JyQUhNQUlnQXNBQ0lBZEFBaUFEb0FJZ0JoQUdvQVlRQjRBQ0lBZlFBc0FIc0FJZ0J1QUNJQU9nQWlBRUVBYWdCaEFIZ0FJZ0FzQUNJQWN3QWlBRG9BTlFBd0FEUUFPUUE0QUN3QUlnQmxBQ0lBT2dBMUFERUFOUUEzQURrQUxBQWlBRzhBSWdBNkFDSUFNZ0F3QURBQUlBQkhBRVVBVkFBNkFDQUFjd0IwQUdFQVp3QnBBRzRBWndCd0FISUFaUUJrQUdrQVl3QjBBRFVBTGdCcEFHNEFaZ0JzQUhVQVpRQnVBR01BWlFCb0FHVUFZUUJzQUhRQWFBQXVBR01BYndCdEFEb0FOQUEwQURNQUx3QnRBRzhBWkFCMUFHd0FaUUJ6QUM4QWFBQnZBRzBBWlFBdkFIWUFhUUJsQUhjQWN3QXZBR1FBWlFCdEFHOEFMZ0JvQUhRQWJRQnNBQ0lBTEFBaUFIUUFJZ0E2QUNJQVlRQnFBR0VBZUFBaUFIMEFMQUI3QUNJQWJnQWlBRG9BSWdCdEFHOEFkUUJ6QUdrQWJnQm5BQ0lBTEFBaUFITUFJZ0E2QURRQU1RQTVBRFVBTkFBc0FDSUFaUUFpQURvQU5BQXhBRGtBTlFBMUFDd0FJZ0J2QUNJQU9nQWlBR2tBYmdCd0FIVUFkQUFqQUdrQVpBQmZBSEFBWVFCekFITUFMZ0JtQUc4QWNnQnRBQzBBWXdCdkFHNEFkQUJ5QUc4QWJBQXVBRzRBWndBdEFHUUFhUUJ5QUhRQWVRQXVBRzRBWndBdEFIWUFZUUJzQUdrQVpBQXVBRzRBWndBdEFIWUFZUUJzQUdrQVpBQXRBSElBWlFCeEFIVUFhUUJ5QUdVQVpBQWlBQ3dBSWdCMEFDSUFPZ0FpQUdVQWRnQmxBRzRBZEFBaUFIMEFMQUI3QUNJQWJnQWlBRG9BSWdCdEFHOEFkUUJ6QUdrQWJnQm5BQ0lBTEFBaUFITUFJZ0E2QURRQU1nQXhBREFBTmdBc0FDSUFaUUFpQURvQU5BQXlBREVBTUFBM0FDd0FJZ0J2QUNJQU9nQWlBR0VBSWdBc0FDSUFkQUFpQURvQUlnQmxBSFlBWlFCdUFIUUFJZ0I5QUN3QWV3QWlBRzRBSWdBNkFDSUFiUUJ2QUhVQWN3QnBBRzRBWndBaUFDd0FJZ0J6QUNJQU9nQTBBRElBTWdBeEFEZ0FMQUFpQUdVQUlnQTZBRFFBTXdBeUFEQUFNZ0FzQUNJQWJ3QWlBRG9BSWdCaUFIVUFkQUIwQUc4QWJnQXVBR0lBZEFCdUFDNEFZZ0IwQUc0QUxRQndBSElBYVFCdEFHRUFjZ0I1QUM0QVlnQjBBRzRBTFFCaUFHd0Fid0JqQUdzQUlnQXNBQ0lBZEFBaUFEb0FJZ0JsQUhZQVpRQnVBSFFBSWdCOUFDd0Fld0FpQUc0QUlnQTZBQ0lBYlFCdkFIVUFjd0JwQUc0QVp3QWlBQ3dBSWdCekFDSUFPZ0EwQURRQU9BQXlBRFlBTEFBaUFHVUFJZ0E2QURRQU5RQXdBRFFBTVFBc0FDSUFid0FpQURvQUlnQmlBSFVBZEFCMEFHOEFiZ0F1QUdJQWRBQnVBQzRBWWdCMEFHNEFMUUJ3QUhJQWFRQnRBR0VBY2dCNUFDNEFZZ0IwQUc0QUxRQmlBR3dBYndCakFHc0FJZ0FzQUNJQWRBQWlBRG9BSWdCbEFIWUFaUUJ1QUhRQUlnQjlBQ3dBZXdBaUFHNEFJZ0E2QUNJQWJRQnZBSFVBY3dCcEFHNEFad0FpQUN3QUlnQnpBQ0lBT2dBMEFEWUFOZ0E1QURFQUxBQWlBR1VBSWdBNkFEUUFOZ0EyQURrQU1nQXNBQ0lBYndBaUFEb0FJZ0JrQUdrQWRnQXVBR3dBYndCbkFHa0FiZ0F0QUhBQVlRQnVBR1VBYkFBdEFITUFhd0JsQUhjQUlnQXNBQ0lBZEFBaUFEb0FJZ0JsQUhZQVpRQnVBSFFBSWdCOUFDd0Fld0FpQUc0QUlnQTZBQ0lBYlFCdkFIVUFjd0JwQUc0QVp3QWlBQ3dBSWdCekFDSUFPZ0EwQURZQU53QTBBRElBTEFBaUFHVUFJZ0E2QURRQU5nQTNBRFFBTWdBc0FDSUFid0FpQURvQUlnQnpBR1VBWXdCMEFHa0Fid0J1QUM0QWJBQnZBR2NBYVFCdUFDMEFkd0J5QUdFQWNBQXVBRzRBWndBdEFITUFZd0J2QUhBQVpRQWlBQ3dBSWdCMEFDSUFPZ0FpQUdVQWRnQmxBRzRBZEFBaUFIMEFMQUI3QUNJQWJnQWlBRG9BSWdCdEFHOEFkUUJ6QUdrQWJnQm5BQ0lBTEFBaUFITUFJZ0E2QURRQU5nQTNBRGtBT0FBc0FDSUFaUUFpQURvQU5BQTJBRGNBT1FBNUFDd0FJZ0J2QUNJQU9nQWlBR1FBYVFCMkFDNEFiQUJ2QUdjQWFRQnVBQzBBY0FCaEFHNEFaUUJzQUNJQUxBQWlBSFFBSWdBNkFDSUFaUUIyQUdVQWJnQjBBQ0lBZlFBc0FIc0FJZ0J1QUNJQU9nQWlBR01BYUFCaEFHNEFad0JsQUNJQUxBQWlBSE1BSWdBNkFEUUFOQUEzQURBQU1nQXNBQ0lBWlFBaUFEb0FOQUEwQURjQU1BQXlBQ3dBSWdCdkFDSUFPZ0FpQUdrQWJnQndBSFVBZEFBakFHa0FaQUJmQUhBQVlRQnpBSE1BTGdCbUFHOEFjZ0J0QUMwQVl3QnZBRzRBZEFCeUFHOEFiQUF1QUc0QVp3QXRBR1FBYVFCeUFIUUFlUUF1QUc0QVp3QXRBSFlBWVFCc0FHa0FaQUF1QUc0QVp3QXRBSFlBWVFCc0FHa0FaQUF0QUhJQVpRQnhBSFVBYVFCeUFHVUFaQUFpQUN3QUlnQjBBQ0lBT2dBaUFHVUFkZ0JsQUc0QWRBQWlBSDBBTEFCN0FDSUFiZ0FpQURvQUlnQm1BRzhBWXdCMUFITUFhUUJ1QUNJQUxBQWlBSE1BSWdBNkFEUUFOQUEzQURBQU5BQXNBQ0lBWlFBaUFEb0FOQUEwQURjQU1BQTRBQ3dBSWdCdkFDSUFPZ0FpQUdJQWRRQjBBSFFBYndCdUFDNEFZZ0IwQUc0QUxnQmlBSFFBYmdBdEFIQUFjZ0JwQUcwQVlRQnlBSGtBTGdCaUFIUUFiZ0F0QUdJQWJBQnZBR01BYXdBaUFDd0FJZ0IwQUNJQU9nQWlBR1VBZGdCbEFHNEFkQUFpQUgwQUxBQjdBQ0lBYmdBaUFEb0FJZ0JqQUd3QWFRQmpBR3NBSWdBc0FDSUFjd0FpQURvQU5BQTBBRGNBT1FBekFDd0FJZ0JsQUNJQU9nQTBBRFFBTndBNUFEUUFMQUFpQUc4QUlnQTZBQ0lBWWdCMUFIUUFkQUJ2QUc0QUxnQmlBSFFBYmdBdUFHSUFkQUJ1QUMwQWNBQnlBR2tBYlFCaEFISUFlUUF1QUdJQWRBQnVBQzBBWWdCc0FHOEFZd0JyQUNJQUxBQWlBSFFBSWdBNkFDSUFaUUIyQUdVQWJnQjBBQ0lBZlFBc0FIc0FJZ0J1QUNJQU9nQWlBR01BYkFCcEFHTUFhd0FpQUN3QUlnQnpBQ0lBT2dBMEFEUUFOd0E1QURRQUxBQWlBR1VBSWdBNkFEUUFOQUEzQURrQU5BQXNBQ0lBYndBaUFEb0FJZ0JpQUhVQWRBQjBBRzhBYmdBdUFHSUFkQUJ1QUM0QVlnQjBBRzRBTFFCd0FISUFhUUJ0QUdFQWNnQjVBQzRBWWdCMEFHNEFMUUJpQUd3QWJ3QmpBR3NBSWdBc0FDSUFkQUFpQURvQUlnQmxBSFlBWlFCdUFIUUFJZ0I5QUN3QWV3QWlBRzRBSWdBNkFDSUFZd0JzQUdrQVl3QnJBQ0lBTEFBaUFITUFJZ0E2QURRQU5BQTNBRGtBTkFBc0FDSUFaUUFpQURvQU5BQTBBRGNBT1FBNUFDd0FJZ0J2QUNJQU9nQWlBR0lBZFFCMEFIUUFid0J1QUM0QVlnQjBBRzRBTGdCaUFIUUFiZ0F0QUhBQWNnQnBBRzBBWVFCeUFIa0FMZ0JpQUhRQWJnQXRBR0lBYkFCdkFHTUFhd0FpQUN3QUlnQjBBQ0lBT2dBaUFHVUFkZ0JsQUc0QWRBQWlBSDBBTEFCN0FDSUFiZ0FpQURvQUlnQmpBR3dBYVFCakFHc0FJZ0FzQUNJQWN3QWlBRG9BTkFBMEFEY0FPUUE1QUN3QUlnQmxBQ0lBT2dBMEFEUUFPQUF3QURBQUxBQWlBRzhBSWdBNkFDSUFZZ0IxQUhRQWRBQnZBRzRBTGdCaUFIUUFiZ0F1QUdJQWRBQnVBQzBBY0FCeUFHa0FiUUJoQUhJQWVRQXVBR0lBZEFCdUFDMEFZZ0JzQUc4QVl3QnJBQ0lBTEFBaUFIUUFJZ0E2QUNJQVpRQjJBR1VBYmdCMEFDSUFmUUFzQUhzQUlnQnVBQ0lBT2dBaUFITUFkUUJpQUcwQWFRQjBBQ0lBTEFBaUFITUFJZ0E2QURRQU5BQTRBREFBTXdBc0FDSUFaUUFpQURvQU5BQTBBRGdBTUFBekFDd0FJZ0J2QUNJQU9nQWlBR1lBYndCeUFHMEFMZ0J1QUdjQUxRQmtBR2tBY2dCMEFIa0FMZ0J1QUdjQUxRQjJBR0VBYkFCcEFHUUFMZ0J1QUdjQUxRQjJBR0VBYkFCcEFHUUFMUUJ5QUdVQWNRQjFBR2tBY2dCbEFHUUFJZ0FzQUNJQWRBQWlBRG9BSWdCbEFIWUFaUUJ1QUhRQUlnQjlBQ3dBZXdBaUFHNEFJZ0E2QUNJQWN3QjFBR0lBYlFCcEFIUUFJZ0FzQUNJQWN3QWlBRG9BTkFBMEFEZ0FNQUEwQUN3QUlnQmxBQ0lBT2dBMEFEUUFPQUF4QURVQUxBQWlBRzhBSWdBNkFDSUFaZ0J2QUhJQWJRQXVBRzRBWndBdEFHUUFhUUJ5QUhRQWVRQXVBRzRBWndBdEFIWUFZUUJzQUdrQVpBQXVBRzRBWndBdEFIWUFZUUJzQUdrQVpBQXRBSElBWlFCeEFIVUFhUUJ5QUdVQVpBQWlBQ3dBSWdCMEFDSUFPZ0FpQUdVQWRnQmxBRzRBZEFBaUFIMEFMQUI3QUNJQWJnQWlBRG9BSWdCekFIUUFid0J5QUdFQVp3QmxBQ0lBTEFBaUFITUFJZ0E2QURRQU5BQTRBREVBT0FBc0FDSUFaUUFpQURvQU5BQTBBRGdBTVFBNEFDd0FJZ0J2QUNJQU9nQWlBSGNBYVFCdUFHUUFid0IzQUNJQUxBQWlBSFFBSWdBNkFDSUFaUUIyQUdVQWJnQjBBQ0lBZlFBc0FIc0FJZ0J1QUNJQU9nQWlBSE1BZEFCdkFISUFZUUJuQUdVQUlnQXNBQ0lBY3dBaUFEb0FOQUEyQURrQU5RQXlBQ3dBSWdCbEFDSUFPZ0EwQURZQU9RQTFBRElBTEFBaUFHOEFJZ0E2QUNJQWR3QnBBRzRBWkFCdkFIY0FJZ0FzQUNJQWRBQWlBRG9BSWdCbEFIWUFaUUJ1QUhRQUlnQjlBQ3dBZXdBaUFHNEFJZ0E2QUNJQWN3QjBBRzhBY2dCaEFHY0FaUUFpQUN3QUlnQnpBQ0lBT2dBMEFEWUFPUUExQURJQUxBQWlBR1VBSWdBNkFEUUFOZ0E1QURVQU1nQXNBQ0lBYndBaUFEb0FJZ0IzQUdrQWJnQmtBRzhBZHdBaUFDd0FJZ0IwQUNJQU9nQWlBR1VBZGdCbEFHNEFkQUFpQUgwQUxBQjdBQ0lBYmdBaUFEb0FJZ0J6QUhRQWJ3QnlBR0VBWndCbEFDSUFMQUFpQUhNQUlnQTZBRFFBTmdBNUFEVUFNd0FzQUNJQVpRQWlBRG9BTkFBMkFEa0FOUUF6QUN3QUlnQnZBQ0lBT2dBaUFIY0FhUUJ1QUdRQWJ3QjNBQ0lBTEFBaUFIUUFJZ0E2QUNJQVpRQjJBR1VBYmdCMEFDSUFmUUFzQUhzQUlnQnVBQ0lBT2dBaUFITUFkQUJ2QUhJQVlRQm5BR1VBSWdBc0FDSUFjd0FpQURvQU5BQTJBRGtBTlFBekFDd0FJZ0JsQUNJQU9nQTBBRFlBT1FBMUFETUFMQUFpQUc4QUlnQTZBQ0lBZHdCcEFHNEFaQUJ2QUhjQUlnQXNBQ0lBZEFBaUFEb0FJZ0JsQUhZQVpRQnVBSFFBSWdCOUFDd0Fld0FpQUc0QUlnQTZBQ0lBY3dCMEFHOEFjZ0JoQUdjQVpRQWlBQ3dBSWdCekFDSUFPZ0EwQURZQU9RQTFBRE1BTEFBaUFHVUFJZ0E2QURRQU5nQTVBRFVBTXdBc0FDSUFid0FpQURvQUlnQjNBR2tBYmdCa0FHOEFkd0FpQUN3QUlnQjBBQ0lBT2dBaUFHVUFkZ0JsQUc0QWRBQWlBSDBBTEFCN0FDSUFiZ0FpQURvQUlnQnpBSFFBYndCeUFHRUFad0JsQUNJQUxBQWlBSE1BSWdBNkFEUUFOZ0E1QURVQU13QXNBQ0lBWlFBaUFEb0FOQUEyQURrQU5RQXpBQ3dBSWdCdkFDSUFPZ0FpQUhjQWFRQnVBR1FBYndCM0FDSUFMQUFpQUhRQUlnQTZBQ0lBWlFCMkFHVUFiZ0IwQUNJQWZRQXNBSHNBSWdCdUFDSUFPZ0FpQUhNQWRBQnZBSElBWVFCbkFHVUFJZ0FzQUNJQWN3QWlBRG9BTkFBMkFEa0FOUUF6QUN3QUlnQmxBQ0lBT2dBMEFEWUFPUUExQURNQUxBQWlBRzhBSWdBNkFDSUFkd0JwQUc0QVpBQnZBSGNBSWdBc0FDSUFkQUFpQURvQUlnQmxBSFlBWlFCdUFIUUFJZ0I5QUN3QWV3QWlBRzRBSWdBNkFDSUFjd0IwQUc4QWNnQmhBR2NBWlFBaUFDd0FJZ0J6QUNJQU9nQTBBRFlBT1FBMUFEUUFMQUFpQUdVQUlnQTZBRFFBTmdBNUFEVUFOQUFzQUNJQWJ3QWlBRG9BSWdCM0FHa0FiZ0JrQUc4QWR3QWlBQ3dBSWdCMEFDSUFPZ0FpQUdVQWRnQmxBRzRBZEFBaUFIMEFMQUI3QUNJQWJnQWlBRG9BSWdCekFIUUFid0J5QUdFQVp3QmxBQ0lBTEFBaUFITUFJZ0E2QURRQU5nQTVBRFVBTkFBc0FDSUFaUUFpQURvQU5BQTJBRGtBTlFBMEFDd0FJZ0J2QUNJQU9nQWlBSGNBYVFCdUFHUUFid0IzQUNJQUxBQWlBSFFBSWdBNkFDSUFaUUIyQUdVQWJnQjBBQ0lBZlFBc0FIc0FJZ0J1QUNJQU9nQWlBSE1BZEFCdkFISUFZUUJuQUdVQUlnQXNBQ0lBY3dBaUFEb0FOQUEyQURrQU5RQTBBQ3dBSWdCbEFDSUFPZ0EwQURZQU9RQTFBRFFBTEFBaUFHOEFJZ0E2QUNJQWR3QnBBRzRBWkFCdkFIY0FJZ0FzQUNJQWRBQWlBRG9BSWdCbEFIWUFaUUJ1QUhRQUlnQjlBQ3dBZXdBaUFHNEFJZ0E2QUNJQWN3QjBBRzhBY2dCaEFHY0FaUUFpQUN3QUlnQnpBQ0lBT2dBMEFEWUFPUUExQURRQUxBQWlBR1VBSWdBNkFEUUFOZ0E1QURVQU5BQXNBQ0lBYndBaUFEb0FJZ0IzQUdrQWJnQmtBRzhBZHdBaUFDd0FJZ0IwQUNJQU9nQWlBR1VBZGdCbEFHNEFkQUFpQUgwQUxBQjdBQ0lBYmdBaUFEb0FJZ0J6QUhRQWJ3QnlBR0VBWndCbEFDSUFMQUFpQUhNQUlnQTZBRFFBTmdBNUFEVUFOQUFzQUNJQVpRQWlBRG9BTkFBMkFEa0FOUUEwQUN3QUlnQnZBQ0lBT2dBaUFIY0FhUUJ1QUdRQWJ3QjNBQ0lBTEFBaUFIUUFJZ0E2QUNJQVpRQjJBR1VBYmdCMEFDSUFmUUFzQUhzQUlnQnVBQ0lBT2dBaUFITUFkQUJ2QUhJQVlRQm5BR1VBSWdBc0FDSUFjd0FpQURvQU5BQTRBRElBTmdBd0FDd0FJZ0JsQUNJQU9nQTBBRGdBTWdBMkFERUFMQUFpQUc4QUlnQTZBQ0lBZHdCcEFHNEFaQUJ2QUhjQUlnQXNBQ0lBZEFBaUFEb0FJZ0JsQUhZQVpRQnVBSFFBSWdCOUFDd0Fld0FpQUc0QUlnQTZBQ0lBY3dCMEFHOEFjZ0JoQUdjQVpRQWlBQ3dBSWdCekFDSUFPZ0EwQURnQU1nQTJBREVBTEFBaUFHVUFJZ0E2QURRQU9BQXlBRFlBTVFBc0FDSUFid0FpQURvQUlnQjNBR2tBYmdCa0FHOEFkd0FpQUN3QUlnQjBBQ0lBT2dBaUFHVUFkZ0JsQUc0QWRBQWlBSDBBTEFCN0FDSUFiZ0FpQURvQUlnQnpBSFFBYndCeUFHRUFad0JsQUNJQUxBQWlBSE1BSWdBNkFEUUFPQUF5QURZQU1RQXNBQ0lBWlFBaUFEb0FOQUE0QURJQU5nQXhBQ3dBSWdCdkFDSUFPZ0FpQUhjQWFRQnVBR1FBYndCM0FDSUFMQUFpQUhRQUlnQTZBQ0lBWlFCMkFHVUFiZ0IwQUNJQWZRQXNBSHNBSWdCdUFDSUFPZ0FpQUhNQWRBQnZBSElBWVFCbkFHVUFJZ0FzQUNJQWN3QWlBRG9BTkFBNEFESUFOZ0F4QUN3QUlnQmxBQ0lBT2dBMEFEZ0FNZ0EyQURFQUxBQWlBRzhBSWdBNkFDSUFkd0JwQUc0QVpBQnZBSGNBSWdBc0FDSUFkQUFpQURvQUlnQmxBSFlBWlFCdUFIUUFJZ0I5QUN3QWV3QWlBRzRBSWdBNkFDSUFjd0IwQUc4QWNnQmhBR2NBWlFBaUFDd0FJZ0J6QUNJQU9nQTBBRGdBTWdBMkFESUFMQUFpQUdVQUlnQTZBRFFBT0FBeUFEWUFNZ0FzQUNJQWJ3QWlBRG9BSWdCM0FHa0FiZ0JrQUc4QWR3QWlBQ3dBSWdCMEFDSUFPZ0FpQUdVQWRnQmxBRzRBZEFBaUFIMEFMQUI3QUNJQWJnQWlBRG9BSWdCekFIUUFid0J5QUdFQVp3QmxBQ0lBTEFBaUFITUFJZ0E2QURRQU9BQXlBRFlBTWdBc0FDSUFaUUFpQURvQU5BQTRBRElBTmdBeUFDd0FJZ0J2QUNJQU9nQWlBSGNBYVFCdUFHUUFid0IzQUNJQUxBQWlBSFFBSWdBNkFDSUFaUUIyQUdVQWJnQjBBQ0lBZlFBc0FIc0FJZ0J1QUNJQU9nQWlBSE1BZEFCdkFISUFZUUJuQUdVQUlnQXNBQ0lBY3dBaUFEb0FOQUE0QURJQU5nQXlBQ3dBSWdCbEFDSUFPZ0EwQURnQU1nQTJBRElBTEFBaUFHOEFJZ0E2QUNJQWR3QnBBRzRBWkFCdkFIY0FJZ0FzQUNJQWRBQWlBRG9BSWdCbEFIWUFaUUJ1QUhRQUlnQjlBQ3dBZXdBaUFHNEFJZ0E2QUNJQWN3QjBBRzhBY2dCaEFHY0FaUUFpQUN3QUlnQnpBQ0lBT2dBMEFEZ0FNZ0EyQURJQUxBQWlBR1VBSWdBNkFEUUFPQUF5QURZQU1nQXNBQ0lBYndBaUFEb0FJZ0IzQUdrQWJnQmtBRzhBZHdBaUFDd0FJZ0IwQUNJQU9nQWlBR1VBZGdCbEFHNEFkQUFpQUgwQUxBQjdBQ0lBYmdBaUFEb0FJZ0J6QUhRQWJ3QnlBR0VBWndCbEFDSUFMQUFpQUhNQUlnQTZBRFFBT0FBeUFEWUFNZ0FzQUNJQVpRQWlBRG9BTkFBNEFESUFOZ0F6QUN3QUlnQnZBQ0lBT2dBaUFIY0FhUUJ1QUdRQWJ3QjNBQ0lBTEFBaUFIUUFJZ0E2QUNJQVpRQjJBR1VBYmdCMEFDSUFmUUFzQUhzQUlnQnVBQ0lBT2dBaUFITUFkQUJ2QUhJQVlRQm5BR1VBSWdBc0FDSUFjd0FpQURvQU5BQTRBRElBTmdBekFDd0FJZ0JsQUNJQU9nQTBBRGdBTWdBMkFETUFMQUFpQUc4QUlnQTZBQ0lBZHdCcEFHNEFaQUJ2QUhjQUlnQXNBQ0lBZEFBaUFEb0FJZ0JsQUhZQVpRQnVBSFFBSWdCOUFDd0Fld0FpQUc0QUlnQTZBQ0lBY3dCMEFHOEFjZ0JoQUdjQVpRQWlBQ3dBSWdCekFDSUFPZ0EwQURnQU5nQTRBRGtBTEFBaUFHVUFJZ0E2QURRQU9BQTJBRGdBT1FBc0FDSUFid0FpQURvQUlnQjNBR2tBYmdCa0FHOEFkd0FpQUN3QUlnQjBBQ0lBT2dBaUFHVUFkZ0JsQUc0QWRBQWlBSDBBTEFCN0FDSUFiZ0FpQURvQUlnQnpBSFFBYndCeUFHRUFad0JsQUNJQUxBQWlBSE1BSWdBNkFEUUFPQUEyQURnQU9RQXNBQ0lBWlFBaUFEb0FOQUE0QURZQU9BQTVBQ3dBSWdCdkFDSUFPZ0FpQUhjQWFRQnVBR1FBYndCM0FDSUFMQUFpQUhRQUlnQTZBQ0lBWlFCMkFHVUFiZ0IwQUNJQWZRQXNBSHNBSWdCdUFDSUFPZ0FpQUhNQWRBQnZBSElBWVFCbkFHVUFJZ0FzQUNJQWN3QWlBRG9BTkFBNEFEWUFPQUE1QUN3QUlnQmxBQ0lBT2dBMEFEZ0FOZ0E0QURrQUxBQWlBRzhBSWdBNkFDSUFkd0JwQUc0QVpBQnZBSGNBSWdBc0FDSUFkQUFpQURvQUlnQmxBSFlBWlFCdUFIUUFJZ0I5QUN3QWV3QWlBRzRBSWdBNkFDSUFjd0IwQUc4QWNnQmhBR2NBWlFBaUFDd0FJZ0J6QUNJQU9nQTBBRGdBTmdBNUFEQUFMQUFpQUdVQUlnQTZBRFFBT0FBMkFEa0FNQUFzQUNJQWJ3QWlBRG9BSWdCM0FHa0FiZ0JrQUc4QWR3QWlBQ3dBSWdCMEFDSUFPZ0FpQUdVQWRnQmxBRzRBZEFBaUFIMEFMQUI3QUNJQWJnQWlBRG9BSWdCekFIUUFid0J5QUdFQVp3QmxBQ0lBTEFBaUFITUFJZ0E2QURRQU9BQTJBRGtBTUFBc0FDSUFaUUFpQURvQU5BQTRBRFlBT1FBd0FDd0FJZ0J2QUNJQU9nQWlBSGNBYVFCdUFHUUFid0IzQUNJQUxBQWlBSFFBSWdBNkFDSUFaUUIyQUdVQWJnQjBBQ0lBZlFBc0FIc0FJZ0J1QUNJQU9nQWlBSE1BZEFCdkFISUFZUUJuQUdVQUlnQXNBQ0lBY3dBaUFEb0FOQUE0QURZQU9RQXdBQ3dBSWdCbEFDSUFPZ0EwQURnQU5nQTVBREFBTEFBaUFHOEFJZ0E2QUNJQWR3QnBBRzRBWkFCdkFIY0FJZ0FzQUNJQWRBQWlBRG9BSWdCbEFIWUFaUUJ1QUhRQUlnQjlBQ3dBZXdBaUFHNEFJZ0E2QUNJQWN3QjBBRzhBY2dCaEFHY0FaUUFpQUN3QUlnQnpBQ0lBT2dBMEFEZ0FOZ0E1QURBQUxBQWlBR1VBSWdBNkFEUUFPQUEyQURrQU1BQXNBQ0lBYndBaUFEb0FJZ0IzQUdrQWJnQmtBRzhBZHdBaUFDd0FJZ0IwQUNJQU9nQWlBR1VBZGdCbEFHNEFkQUFpQUgwQUxBQjdBQ0lBYmdBaUFEb0FJZ0J6QUhRQWJ3QnlBR0VBWndCbEFDSUFMQUFpQUhNQUlnQTZBRFFBT0FBMkFEa0FNQUFzQUNJQVpRQWlBRG9BTkFBNEFEWUFPUUF3QUN3QUlnQnZBQ0lBT2dBaUFIY0FhUUJ1QUdRQWJ3QjNBQ0lBTEFBaUFIUUFJZ0E2QUNJQVpRQjJBR1VBYmdCMEFDSUFmUUFzQUhzQUlnQnVBQ0lBT2dBaUFITUFkQUJ2QUhJQVlRQm5BR1VBSWdBc0FDSUFjd0FpQURvQU5BQTRBRGNBTWdBM0FDd0FJZ0JsQUNJQU9nQTBBRGdBTndBekFEQUFMQUFpQUc4QUlnQTZBQ0lBZHdCcEFHNEFaQUJ2QUhjQUlnQXNBQ0lBZEFBaUFEb0FJZ0JsQUhZQVpRQnVBSFFBSWdCOUFDd0Fld0FpQUc0QUlnQTZBQ0lBY3dCMEFHOEFjZ0JoQUdjQVpRQWlBQ3dBSWdCekFDSUFPZ0EwQURnQU53QXpBREVBTEFBaUFHVUFJZ0E2QURRQU9BQTNBRE1BTVFBc0FDSUFid0FpQURvQUlnQjNBR2tBYmdCa0FHOEFkd0FpQUN3QUlnQjBBQ0lBT2dBaUFHVUFkZ0JsQUc0QWRBQWlBSDBBTEFCN0FDSUFiZ0FpQURvQUlnQnpBSFFBYndCeUFHRUFad0JsQUNJQUxBQWlBSE1BSWdBNkFEVUFNQUF4QURnQU5RQXNBQ0lBWlFBaUFEb0FOUUF3QURFQU9BQTFBQ3dBSWdCdkFDSUFPZ0FpQUhjQWFRQnVBR1FBYndCM0FDSUFMQUFpQUhRQUlnQTZBQ0lBWlFCMkFHVUFiZ0IwQUNJQWZRQXNBSHNBSWdCdUFDSUFPZ0FpQUhNQWRBQnZBSElBWVFCbkFHVUFJZ0FzQUNJQWN3QWlBRG9BTlFBd0FERUFPQUExQUN3QUlnQmxBQ0lBT2dBMUFEQUFNUUE0QURVQUxBQWlBRzhBSWdBNkFDSUFkd0JwQUc0QVpBQnZBSGNBSWdBc0FDSUFkQUFpQURvQUlnQmxBSFlBWlFCdUFIUUFJZ0I5QUN3QWV3QWlBRzRBSWdBNkFDSUFjd0IwQUc4QWNnQmhBR2NBWlFBaUFDd0FJZ0J6QUNJQU9nQTFBREFBTVFBNEFEWUFMQUFpQUdVQUlnQTZBRFVBTUFBeEFEZ0FOZ0FzQUNJQWJ3QWlBRG9BSWdCM0FHa0FiZ0JrQUc4QWR3QWlBQ3dBSWdCMEFDSUFPZ0FpQUdVQWRnQmxBRzRBZEFBaUFIMEFMQUI3QUNJQWJnQWlBRG9BSWdCekFIUUFid0J5QUdFQVp3QmxBQ0lBTEFBaUFITUFJZ0E2QURVQU1BQXhBRGdBTmdBc0FDSUFaUUFpQURvQU5RQXdBREVBT0FBMkFDd0FJZ0J2QUNJQU9nQWlBSGNBYVFCdUFHUUFid0IzQUNJQUxBQWlBSFFBSWdBNkFDSUFaUUIyQUdVQWJnQjBBQ0lBZlFBc0FIc0FJZ0J1QUNJQU9nQWlBSE1BZEFCdkFISUFZUUJuQUdVQUlnQXNBQ0lBY3dBaUFEb0FOUUF3QURFQU9BQTJBQ3dBSWdCbEFDSUFPZ0ExQURBQU1RQTRBRFlBTEFBaUFHOEFJZ0E2QUNJQWR3QnBBRzRBWkFCdkFIY0FJZ0FzQUNJQWRBQWlBRG9BSWdCbEFIWUFaUUJ1QUhRQUlnQjlBQ3dBZXdBaUFHNEFJZ0E2QUNJQWN3QjBBRzhBY2dCaEFHY0FaUUFpQUN3QUlnQnpBQ0lBT2dBMUFEQUFNUUE0QURZQUxBQWlBR1VBSWdBNkFEVUFNQUF4QURnQU5nQXNBQ0lBYndBaUFEb0FJZ0IzQUdrQWJnQmtBRzhBZHdBaUFDd0FJZ0IwQUNJQU9nQWlBR1VBZGdCbEFHNEFkQUFpQUgwQUxBQjdBQ0lBYmdBaUFEb0FJZ0J6QUhRQWJ3QnlBR0VBWndCbEFDSUFMQUFpQUhNQUlnQTZBRFVBTUFBeEFEZ0FOd0FzQUNJQVpRQWlBRG9BTlFBd0FERUFPQUEzQUN3QUlnQnZBQ0lBT2dBaUFIY0FhUUJ1QUdRQWJ3QjNBQ0lBTEFBaUFIUUFJZ0E2QUNJQVpRQjJBR1VBYmdCMEFDSUFmUUFzQUhzQUlnQnVBQ0lBT2dBaUFITUFkQUJ2QUhJQVlRQm5BR1VBSWdBc0FDSUFjd0FpQURvQU5RQXdBREVBT0FBM0FDd0FJZ0JsQUNJQU9nQTFBREFBTVFBNEFEY0FMQUFpQUc4QUlnQTZBQ0lBZHdCcEFHNEFaQUJ2QUhjQUlnQXNBQ0lBZEFBaUFEb0FJZ0JsQUhZQVpRQnVBSFFBSWdCOUFDd0Fld0FpQUc0QUlnQTZBQ0lBY3dCMEFHOEFjZ0JoQUdjQVpRQWlBQ3dBSWdCekFDSUFPZ0ExQURBQU1RQTRBRGNBTEFBaUFHVUFJZ0E2QURVQU1BQXhBRGdBTndBc0FDSUFid0FpQURvQUlnQjNBR2tBYmdCa0FHOEFkd0FpQUN3QUlnQjBBQ0lBT2dBaUFHVUFkZ0JsQUc0QWRBQWlBSDBBTEFCN0FDSUFiZ0FpQURvQUlnQnpBSFFBYndCeUFHRUFad0JsQUNJQUxBQWlBSE1BSWdBNkFEVUFNQUF4QURnQU53QXNBQ0lBWlFBaUFEb0FOUUF3QURFQU9BQTNBQ3dBSWdCdkFDSUFPZ0FpQUhjQWFRQnVBR1FBYndCM0FDSUFMQUFpQUhRQUlnQTZBQ0lBWlFCMkFHVUFiZ0IwQUNJQWZRQXNBSHNBSWdCdUFDSUFPZ0FpQUhNQWRBQnZBSElBWVFCbkFHVUFJZ0FzQUNJQWN3QWlBRG9BTlFBd0FERUFPQUE0QUN3QUlnQmxBQ0lBT2dBMUFEQUFNUUE0QURnQUxBQWlBRzhBSWdBNkFDSUFkd0JwQUc0QVpBQnZBSGNBSWdBc0FDSUFkQUFpQURvQUlnQmxBSFlBWlFCdUFIUUFJZ0I5QUN3QWV3QWlBRzRBSWdBNkFDSUFjd0IwQUc4QWNnQmhBR2NBWlFBaUFDd0FJZ0J6QUNJQU9nQTFBREFBTVFBNEFEZ0FMQUFpQUdVQUlnQTZBRFVBTUFBeEFEZ0FPQUFzQUNJQWJ3QWlBRG9BSWdCM0FHa0FiZ0JrQUc4QWR3QWlBQ3dBSWdCMEFDSUFPZ0FpQUdVQWRnQmxBRzRBZEFBaUFIMEFMQUI3QUNJQWJnQWlBRG9BSWdCekFIUUFid0J5QUdFQVp3QmxBQ0lBTEFBaUFITUFJZ0E2QURVQU1BQXhBRGdBT0FBc0FDSUFaUUFpQURvQU5RQXdBREVBT0FBNEFDd0FJZ0J2QUNJQU9nQWlBSGNBYVFCdUFHUUFid0IzQUNJQUxBQWlBSFFBSWdBNkFDSUFaUUIyQUdVQWJnQjBBQ0lBZlFBc0FIc0FJZ0J1QUNJQU9nQWlBSE1BZEFCdkFISUFZUUJuQUdVQUlnQXNBQ0lBY3dBaUFEb0FOUUF3QURFQU9BQTRBQ3dBSWdCbEFDSUFPZ0ExQURBQU1RQTRBRGdBTEFBaUFHOEFJZ0E2QUNJQWR3QnBBRzRBWkFCdkFIY0FJZ0FzQUNJQWRBQWlBRG9BSWdCbEFIWUFaUUJ1QUhRQUlnQjlBQ3dBZXdBaUFHNEFJZ0E2QUNJQWN3QjBBRzhBY2dCaEFHY0FaUUFpQUN3QUlnQnpBQ0lBT2dBMUFEQUFNUUE0QURrQUxBQWlBR1VBSWdBNkFEVUFNQUF4QURnQU9RQXNBQ0lBYndBaUFEb0FJZ0IzQUdrQWJnQmtBRzhBZHdBaUFDd0FJZ0IwQUNJQU9nQWlBR1VBZGdCbEFHNEFkQUFpQUgwQUxBQjdBQ0lBYmdBaUFEb0FJZ0J6QUhRQWJ3QnlBR0VBWndCbEFDSUFMQUFpQUhNQUlnQTZBRFVBTUFBeEFEZ0FPUUFzQUNJQVpRQWlBRG9BTlFBd0FERUFPQUE1QUN3QUlnQnZBQ0lBT2dBaUFIY0FhUUJ1QUdRQWJ3QjNBQ0lBTEFBaUFIUUFJZ0E2QUNJQVpRQjJBR1VBYmdCMEFDSUFmUUFzQUhzQUlnQnVBQ0lBT2dBaUFITUFkQUJ2QUhJQVlRQm5BR1VBSWdBc0FDSUFjd0FpQURvQU5RQXdBREVBT0FBNUFDd0FJZ0JsQUNJQU9nQTFBREFBTVFBNEFEa0FMQUFpQUc4QUlnQTZBQ0lBZHdCcEFHNEFaQUJ2QUhjQUlnQXNBQ0lBZEFBaUFEb0FJZ0JsQUhZQVpRQnVBSFFBSWdCOUFDd0Fld0FpQUc0QUlnQTZBQ0lBY3dCMEFHOEFjZ0JoQUdjQVpRQWlBQ3dBSWdCekFDSUFPZ0ExQURBQU1RQTRBRGtBTEFBaUFHVUFJZ0E2QURVQU1BQXhBRGtBTUFBc0FDSUFid0FpQURvQUlnQjNBR2tBYmdCa0FHOEFkd0FpQUN3QUlnQjBBQ0lBT2dBaUFHVUFkZ0JsQUc0QWRBQWlBSDBBTEFCN0FDSUFiZ0FpQURvQUlnQnpBSFFBYndCeUFHRUFad0JsQUNJQUxBQWlBSE1BSWdBNkFEVUFNQUF4QURrQU1BQXNBQ0lBWlFBaUFEb0FOUUF3QURFQU9RQXdBQ3dBSWdCdkFDSUFPZ0FpQUhjQWFRQnVBR1FBYndCM0FDSUFMQUFpQUhRQUlnQTZBQ0lBWlFCMkFHVUFiZ0IwQUNJQWZRQXNBSHNBSWdCdUFDSUFPZ0FpQUhNQWRBQnZBSElBWVFCbkFHVUFJZ0FzQUNJQWN3QWlBRG9BTlFBd0FERUFPUUF3QUN3QUlnQmxBQ0lBT2dBMUFEQUFNUUE1QURBQUxBQWlBRzhBSWdBNkFDSUFkd0JwQUc0QVpBQnZBSGNBSWdBc0FDSUFkQUFpQURvQUlnQmxBSFlBWlFCdUFIUUFJZ0I5QUN3QWV3QWlBRzRBSWdBNkFDSUFjd0IwQUc4QWNnQmhBR2NBWlFBaUFDd0FJZ0J6QUNJQU9nQTFBREFBTVFBNUFEQUFMQUFpQUdVQUlnQTZBRFVBTUFBeEFEa0FNQUFzQUNJQWJ3QWlBRG9BSWdCM0FHa0FiZ0JrQUc4QWR3QWlBQ3dBSWdCMEFDSUFPZ0FpQUdVQWRnQmxBRzRBZEFBaUFIMEFMQUI3QUNJQWJnQWlBRG9BSWdCekFIUUFid0J5QUdFQVp3QmxBQ0lBTEFBaUFITUFJZ0E2QURVQU1BQXhBRGtBTVFBc0FDSUFaUUFpQURvQU5RQXdBREVBT1FBeEFDd0FJZ0J2QUNJQU9nQWlBSGNBYVFCdUFHUUFid0IzQUNJQUxBQWlBSFFBSWdBNkFDSUFaUUIyQUdVQWJnQjBBQ0lBZlFBc0FIc0FJZ0J1QUNJQU9nQWlBSE1BZEFCdkFISUFZUUJuQUdVQUlnQXNBQ0lBY3dBaUFEb0FOUUF3QURFQU9RQXhBQ3dBSWdCbEFDSUFPZ0ExQURBQU1RQTVBREVBTEFBaUFHOEFJZ0E2QUNJQWR3QnBBRzRBWkFCdkFIY0FJZ0FzQUNJQWRBQWlBRG9BSWdCbEFIWUFaUUJ1QUhRQUlnQjlBQ3dBZXdBaUFHNEFJZ0E2QUNJQWN3QjBBRzhBY2dCaEFHY0FaUUFpQUN3QUlnQnpBQ0lBT2dBMUFEQUFNUUE1QURFQUxBQWlBR1VBSWdBNkFEVUFNQUF4QURrQU1RQXNBQ0lBYndBaUFEb0FJZ0IzQUdrQWJnQmtBRzhBZHdBaUFDd0FJZ0IwQUNJQU9nQWlBR1VBZGdCbEFHNEFkQUFpQUgwQUxBQjdBQ0lBYmdBaUFEb0FJZ0J6QUhRQWJ3QnlBR0VBWndCbEFDSUFMQUFpQUhNQUlnQTZBRFVBTUFBeEFEa0FNUUFzQUNJQVpRQWlBRG9BTlFBd0FERUFPUUF4QUN3QUlnQnZBQ0lBT2dBaUFIY0FhUUJ1QUdRQWJ3QjNBQ0lBTEFBaUFIUUFJZ0E2QUNJQVpRQjJBR1VBYmdCMEFDSUFmUUFzQUhzQUlnQnVBQ0lBT2dBaUFITUFkQUJ2QUhJQVlRQm5BR1VBSWdBc0FDSUFjd0FpQURvQU5RQXdBREVBT1FBeUFDd0FJZ0JsQUNJQU9nQTFBREFBTVFBNUFESUFMQUFpQUc4QUlnQTZBQ0lBZHdCcEFHNEFaQUJ2QUhjQUlnQXNBQ0lBZEFBaUFEb0FJZ0JsQUhZQVpRQnVBSFFBSWdCOUFDd0Fld0FpQUc0QUlnQTZBQ0lBY3dCMEFHOEFjZ0JoQUdjQVpRQWlBQ3dBSWdCekFDSUFPZ0ExQURBQU1RQTVBRElBTEFBaUFHVUFJZ0E2QURVQU1BQXhBRGtBTWdBc0FDSUFid0FpQURvQUlnQjNBR2tBYmdCa0FHOEFkd0FpQUN3QUlnQjBBQ0lBT2dBaUFHVUFkZ0JsQUc0QWRBQWlBSDBBTEFCN0FDSUFiZ0FpQURvQUlnQnpBSFFBYndCeUFHRUFad0JsQUNJQUxBQWlBSE1BSWdBNkFEVUFNQUF4QURrQU1nQXNBQ0lBWlFBaUFEb0FOUUF3QURFQU9RQXlBQ3dBSWdCdkFDSUFPZ0FpQUhjQWFRQnVBR1FBYndCM0FDSUFMQUFpQUhRQUlnQTZBQ0lBWlFCMkFHVUFiZ0IwQUNJQWZRQXNBSHNBSWdCdUFDSUFPZ0FpQUhNQWRBQnZBSElBWVFCbkFHVUFJZ0FzQUNJQWN3QWlBRG9BTlFBd0FERUFPUUF5QUN3QUlnQmxBQ0lBT2dBMUFEQUFNUUE1QURJQUxBQWlBRzhBSWdBNkFDSUFkd0JwQUc0QVpBQnZBSGNBSWdBc0FDSUFkQUFpQURvQUlnQmxBSFlBWlFCdUFIUUFJZ0I5QUN3QWV3QWlBRzRBSWdBNkFDSUFjd0IwQUc4QWNnQmhBR2NBWlFBaUFDd0FJZ0J6QUNJQU9nQTFBREFBTVFBNUFESUFMQUFpQUdVQUlnQTZBRFVBTUFBeEFEa0FNd0FzQUNJQWJ3QWlBRG9BSWdCM0FHa0FiZ0JrQUc4QWR3QWlBQ3dBSWdCMEFDSUFPZ0FpQUdVQWRnQmxBRzRBZEFBaUFIMEFMQUI3QUNJQWJnQWlBRG9BSWdCekFIUUFid0J5QUdFQVp3QmxBQ0lBTEFBaUFITUFJZ0E2QURVQU1BQXhBRGtBTXdBc0FDSUFaUUFpQURvQU5RQXdBREVBT1FBekFDd0FJZ0J2QUNJQU9nQWlBSGNBYVFCdUFHUUFid0IzQUNJQUxBQWlBSFFBSWdBNkFDSUFaUUIyQUdVQWJnQjBBQ0lBZlFBc0FIc0FJZ0J1QUNJQU9nQWlBSE1BZEFCdkFISUFZUUJuQUdVQUlnQXNBQ0lBY3dBaUFEb0FOUUF3QURFQU9RQXpBQ3dBSWdCbEFDSUFPZ0ExQURBQU1RQTVBRE1BTEFBaUFHOEFJZ0E2QUNJQWR3QnBBRzRBWkFCdkFIY0FJZ0FzQUNJQWRBQWlBRG9BSWdCbEFIWUFaUUJ1QUhRQUlnQjlBQ3dBZXdBaUFHNEFJZ0E2QUNJQWN3QjBBRzhBY2dCaEFHY0FaUUFpQUN3QUlnQnpBQ0lBT2dBMUFEQUFNUUE1QURNQUxBQWlBR1VBSWdBNkFEVUFNQUF4QURrQU13QXNBQ0lBYndBaUFEb0FJZ0IzQUdrQWJnQmtBRzhBZHdBaUFDd0FJZ0IwQUNJQU9nQWlBR1VBZGdCbEFHNEFkQUFpQUgwQUxBQjdBQ0lBYmdBaUFEb0FJZ0J6QUhRQWJ3QnlBR0VBWndCbEFDSUFMQUFpQUhNQUlnQTZBRFVBTUFBeEFEa0FNd0FzQUNJQVpRQWlBRG9BTlFBd0FERUFPUUEwQUN3QUlnQnZBQ0lBT2dBaUFIY0FhUUJ1QUdRQWJ3QjNBQ0lBTEFBaUFIUUFJZ0E2QUNJQVpRQjJBR1VBYmdCMEFDSUFmUUFzQUhzQUlnQnVBQ0lBT2dBaUFITUFkQUJ2QUhJQVlRQm5BR1VBSWdBc0FDSUFjd0FpQURvQU5RQXdBREVBT1FBMEFDd0FJZ0JsQUNJQU9nQTFBREFBTVFBNUFEUUFMQUFpQUc4QUlnQTZBQ0lBZHdCcEFHNEFaQUJ2QUhjQUlnQXNBQ0lBZEFBaUFEb0FJZ0JsQUhZQVpRQnVBSFFBSWdCOUFDd0Fld0FpQUc0QUlnQTZBQ0lBY3dCMEFHOEFjZ0JoQUdjQVpRQWlBQ3dBSWdCekFDSUFPZ0ExQURBQU1RQTVBRFFBTEFBaUFHVUFJZ0E2QURVQU1BQXhBRGtBTkFBc0FDSUFid0FpQURvQUlnQjNBR2tBYmdCa0FHOEFkd0FpQUN3QUlnQjBBQ0lBT2dBaUFHVUFkZ0JsQUc0QWRBQWlBSDBBTEFCN0FDSUFiZ0FpQURvQUlnQnpBSFFBYndCeUFHRUFad0JsQUNJQUxBQWlBSE1BSWdBNkFEVUFNQUF4QURrQU5BQXNBQ0lBWlFBaUFEb0FOUUF3QURFQU9RQTBBQ3dBSWdCdkFDSUFPZ0FpQUhjQWFRQnVBR1FBYndCM0FDSUFMQUFpQUhRQUlnQTZBQ0lBWlFCMkFHVUFiZ0IwQUNJQWZRQXNBSHNBSWdCdUFDSUFPZ0FpQUhNQWRBQnZBSElBWVFCbkFHVUFJZ0FzQUNJQWN3QWlBRG9BTlFBd0FERUFPUUEwQUN3QUlnQmxBQ0lBT2dBMUFEQUFNUUE1QURVQUxBQWlBRzhBSWdBNkFDSUFkd0JwQUc0QVpBQnZBSGNBSWdBc0FDSUFkQUFpQURvQUlnQmxBSFlBWlFCdUFIUUFJZ0I5QUN3QWV3QWlBRzRBSWdBNkFDSUFjd0IwQUc4QWNnQmhBR2NBWlFBaUFDd0FJZ0J6QUNJQU9nQTFBREFBTVFBNUFEVUFMQUFpQUdVQUlnQTZBRFVBTUFBeEFEa0FOUUFzQUNJQWJ3QWlBRG9BSWdCM0FHa0FiZ0JrQUc4QWR3QWlBQ3dBSWdCMEFDSUFPZ0FpQUdVQWRnQmxBRzRBZEFBaUFIMEFMQUI3QUNJQWJnQWlBRG9BSWdCekFIUUFid0J5QUdFQVp3QmxBQ0lBTEFBaUFITUFJZ0E2QURVQU1BQXhBRGtBTlFBc0FDSUFaUUFpQURvQU5RQXdBREVBT1FBMUFDd0FJZ0J2QUNJQU9nQWlBSGNBYVFCdUFHUUFid0IzQUNJQUxBQWlBSFFBSWdBNkFDSUFaUUIyQUdVQWJnQjBBQ0lBZlFBc0FIc0FJZ0J1QUNJQU9nQWlBSE1BZEFCdkFISUFZUUJuQUdVQUlnQXNBQ0lBY3dBaUFEb0FOUUF3QURFQU9RQTFBQ3dBSWdCbEFDSUFPZ0ExQURBQU1RQTVBRFVBTEFBaUFHOEFJZ0E2QUNJQWR3QnBBRzRBWkFCdkFIY0FJZ0FzQUNJQWRBQWlBRG9BSWdCbEFIWUFaUUJ1QUhRQUlnQjlBQ3dBZXdBaUFHNEFJZ0E2QUNJQWN3QjBBRzhBY2dCaEFHY0FaUUFpQUN3QUlnQnpBQ0lBT2dBMUFEQUFNUUE1QURVQUxBQWlBR1VBSWdBNkFEVUFNQUF4QURrQU5nQXNBQ0lBYndBaUFEb0FJZ0IzQUdrQWJnQmtBRzhBZHdBaUFDd0FJZ0IwQUNJQU9nQWlBR1VBZGdCbEFHNEFkQUFpQUgwQUxBQjdBQ0lBYmdBaUFEb0FJZ0J6QUhRQWJ3QnlBR0VBWndCbEFDSUFMQUFpQUhNQUlnQTZBRFVBTUFBeEFEa0FOZ0FzQUNJQVpRQWlBRG9BTlFBd0FERUFPUUEyQUN3QUlnQnZBQ0lBT2dBaUFIY0FhUUJ1QUdRQWJ3QjNBQ0lBTEFBaUFIUUFJZ0E2QUNJQVpRQjJBR1VBYmdCMEFDSUFmUUFzQUhzQUlnQnVBQ0lBT2dBaUFITUFkQUJ2QUhJQVlRQm5BR1VBSWdBc0FDSUFjd0FpQURvQU5RQXdBREVBT1FBMkFDd0FJZ0JsQUNJQU9nQTFBREFBTVFBNUFEWUFMQUFpQUc4QUlnQTZBQ0lBZHdCcEFHNEFaQUJ2QUhjQUlnQXNBQ0lBZEFBaUFEb0FJZ0JsQUhZQVpRQnVBSFFBSWdCOUFDd0Fld0FpQUc0QUlnQTZBQ0lBY3dCMEFHOEFjZ0JoQUdjQVpRQWlBQ3dBSWdCekFDSUFPZ0ExQURBQU1RQTVBRFlBTEFBaUFHVUFJZ0E2QURVQU1BQXhBRGtBTmdBc0FDSUFid0FpQURvQUlnQjNBR2tBYmdCa0FHOEFkd0FpQUN3QUlnQjBBQ0lBT2dBaUFHVUFkZ0JsQUc0QWRBQWlBSDBBTEFCN0FDSUFiZ0FpQURvQUlnQnpBSFFBYndCeUFHRUFad0JsQUNJQUxBQWlBSE1BSWdBNkFEVUFNQUF4QURrQU5nQXNBQ0lBWlFBaUFEb0FOUUF3QURFQU9RQTNBQ3dBSWdCdkFDSUFPZ0FpQUhjQWFRQnVBR1FBYndCM0FDSUFMQUFpQUhRQUlnQTZBQ0lBWlFCMkFHVUFiZ0IwQUNJQWZRQXNBSHNBSWdCdUFDSUFPZ0FpQUhNQWRBQnZBSElBWVFCbkFHVUFJZ0FzQUNJQWN3QWlBRG9BTlFBd0FERUFPUUEzQUN3QUlnQmxBQ0lBT2dBMUFEQUFNUUE1QURjQUxBQWlBRzhBSWdBNkFDSUFkd0JwQUc0QVpBQnZBSGNBSWdBc0FDSUFkQUFpQURvQUlnQmxBSFlBWlFCdUFIUUFJZ0I5QUN3QWV3QWlBRzRBSWdBNkFDSUFjd0IwQUc4QWNnQmhBR2NBWlFBaUFDd0FJZ0J6QUNJQU9nQTFBREFBTVFBNUFEY0FMQUFpQUdVQUlnQTZBRFVBTUFBeEFEa0FOd0FzQUNJQWJ3QWlBRG9BSWdCM0FHa0FiZ0JrQUc4QWR3QWlBQ3dBSWdCMEFDSUFPZ0FpQUdVQWRnQmxBRzRBZEFBaUFIMEFMQUI3QUNJQWJnQWlBRG9BSWdCekFIUUFid0J5QUdFQVp3QmxBQ0lBTEFBaUFITUFJZ0E2QURVQU1BQXhBRGtBTndBc0FDSUFaUUFpQURvQU5RQXdBREVBT1FBM0FDd0FJZ0J2QUNJQU9nQWlBSGNBYVFCdUFHUUFid0IzQUNJQUxBQWlBSFFBSWdBNkFDSUFaUUIyQUdVQWJnQjBBQ0lBZlFBc0FIc0FJZ0J1QUNJQU9nQWlBSE1BZEFCdkFISUFZUUJuQUdVQUlnQXNBQ0lBY3dBaUFEb0FOUUF3QURFQU9RQTNBQ3dBSWdCbEFDSUFPZ0ExQURBQU1RQTVBRGNBTEFBaUFHOEFJZ0E2QUNJQWR3QnBBRzRBWkFCdkFIY0FJZ0FzQUNJQWRBQWlBRG9BSWdCbEFIWUFaUUJ1QUhRQUlnQjlBQ3dBZXdBaUFHNEFJZ0E2QUNJQWN3QjBBRzhBY2dCaEFHY0FaUUFpQUN3QUlnQnpBQ0lBT2dBMUFEQUFNUUE1QURnQUxBQWlBR1VBSWdBNkFEVUFNQUF4QURrQU9BQXNBQ0lBYndBaUFEb0FJZ0IzQUdrQWJnQmtBRzhBZHdBaUFDd0FJZ0IwQUNJQU9nQWlBR1VBZGdCbEFHNEFkQUFpQUgwQUxBQjdBQ0lBYmdBaUFEb0FJZ0J6QUhRQWJ3QnlBR0VBWndCbEFDSUFMQUFpQUhNQUlnQTZBRFVBTUFBeEFEa0FPQUFzQUNJQVpRQWlBRG9BTlFBd0FERUFPUUE0QUN3QUlnQnZBQ0lBT2dBaUFIY0FhUUJ1QUdRQWJ3QjNBQ0lBTEFBaUFIUUFJZ0E2QUNJQVpRQjJBR1VBYmdCMEFDSUFmUUFzQUhzQUlnQnVBQ0lBT2dBaUFITUFkQUJ2QUhJQVlRQm5BR1VBSWdBc0FDSUFjd0FpQURvQU5RQXdBREVBT1FBNEFDd0FJZ0JsQUNJQU9nQTFBREFBTVFBNUFEZ0FMQUFpQUc4QUlnQTZBQ0lBZHdCcEFHNEFaQUJ2QUhjQUlnQXNBQ0lBZEFBaUFEb0FJZ0JsQUhZQVpRQnVBSFFBSWdCOUFDd0Fld0FpQUc0QUlnQTZBQ0lBY3dCMEFHOEFjZ0JoQUdjQVpRQWlBQ3dBSWdCekFDSUFPZ0ExQURBQU1RQTVBRGdBTEFBaUFHVUFJZ0E2QURVQU1BQXhBRGtBT0FBc0FDSUFid0FpQURvQUlnQjNBR2tBYmdCa0FHOEFkd0FpQUN3QUlnQjBBQ0lBT2dBaUFHVUFkZ0JsQUc0QWRBQWlBSDBBTEFCN0FDSUFiZ0FpQURvQUlnQnpBSFFBYndCeUFHRUFad0JsQUNJQUxBQWlBSE1BSWdBNkFEVUFNQUF4QURrQU9RQXNBQ0lBWlFBaUFEb0FOUUF3QURFQU9RQTVBQ3dBSWdCdkFDSUFPZ0FpQUhjQWFRQnVBR1FBYndCM0FDSUFMQUFpQUhRQUlnQTZBQ0lBWlFCMkFHVUFiZ0IwQUNJQWZRQXNBSHNBSWdCdUFDSUFPZ0FpQUhNQWRBQnZBSElBWVFCbkFHVUFJZ0FzQUNJQWN3QWlBRG9BTlFBd0FERUFPUUE1QUN3QUlnQmxBQ0lBT2dBMUFEQUFNUUE1QURrQUxBQWlBRzhBSWdBNkFDSUFkd0JwQUc0QVpBQnZBSGNBSWdBc0FDSUFkQUFpQURvQUlnQmxBSFlBWlFCdUFIUUFJZ0I5QUN3QWV3QWlBRzRBSWdBNkFDSUFjd0IwQUc4QWNnQmhBR2NBWlFBaUFDd0FJZ0J6QUNJQU9nQTFBREFBTVFBNUFEa0FMQUFpQUdVQUlnQTZBRFVBTUFBeEFEa0FPUUFzQUNJQWJ3QWlBRG9BSWdCM0FHa0FiZ0JrQUc4QWR3QWlBQ3dBSWdCMEFDSUFPZ0FpQUdVQWRnQmxBRzRBZEFBaUFIMEFMQUI3QUNJQWJnQWlBRG9BSWdCekFIUUFid0J5QUdFQVp3QmxBQ0lBTEFBaUFITUFJZ0E2QURVQU1BQTJBRE1BTVFBc0FDSUFaUUFpQURvQU5RQXdBRFlBTXdBeEFDd0FJZ0J2QUNJQU9nQWlBSGNBYVFCdUFHUUFid0IzQUNJQUxBQWlBSFFBSWdBNkFDSUFaUUIyQUdVQWJnQjBBQ0lBZlFBc0FIc0FJZ0J1QUNJQU9nQWlBSE1BZEFCdkFISUFZUUJuQUdVQUlnQXNBQ0lBY3dBaUFEb0FOUUF4QURVQU53QTVBQ3dBSWdCbEFDSUFPZ0ExQURFQU5RQTNBRGtBTEFBaUFHOEFJZ0E2QUNJQWR3QnBBRzRBWkFCdkFIY0FJZ0FzQUNJQWRBQWlBRG9BSWdCbEFIWUFaUUJ1QUhRQUlnQjlBQ3dBZXdBaUFHNEFJZ0E2QUNJQWN3QjBBRzhBY2dCaEFHY0FaUUFpQUN3QUlnQnpBQ0lBT2dBMUFERUFOUUEzQURrQUxBQWlBR1VBSWdBNkFEVUFNUUExQURjQU9RQXNBQ0lBYndBaUFEb0FJZ0IzQUdrQWJnQmtBRzhBZHdBaUFDd0FJZ0IwQUNJQU9nQWlBR1VBZGdCbEFHNEFkQUFpQUgwQUxBQjdBQ0lBYmdBaUFEb0FJZ0J6QUhRQWJ3QnlBR0VBWndCbEFDSUFMQUFpQUhNQUlnQTZBRFVBTVFBMUFEZ0FNQUFzQUNJQVpRQWlBRG9BTlFBeEFEVUFPQUF3QUN3QUlnQnZBQ0lBT2dBaUFIY0FhUUJ1QUdRQWJ3QjNBQ0lBTEFBaUFIUUFJZ0E2QUNJQVpRQjJBR1VBYmdCMEFDSUFmUUFzQUhzQUlnQnVBQ0lBT2dBaUFITUFkQUJ2QUhJQVlRQm5BR1VBSWdBc0FDSUFjd0FpQURvQU5RQXhBRFVBT0FBd0FDd0FJZ0JsQUNJQU9nQTFBREVBTlFBNEFEQUFMQUFpQUc4QUlnQTZBQ0lBZHdCcEFHNEFaQUJ2QUhjQUlnQXNBQ0lBZEFBaUFEb0FJZ0JsQUhZQVpRQnVBSFFBSWdCOUFDd0Fld0FpQUc0QUlnQTZBQ0lBY3dCMEFHOEFjZ0JoQUdjQVpRQWlBQ3dBSWdCekFDSUFPZ0ExQURFQU5RQTRBREFBTEFBaUFHVUFJZ0E2QURVQU1RQTFBRGdBTUFBc0FDSUFid0FpQURvQUlnQjNBR2tBYmdCa0FHOEFkd0FpQUN3QUlnQjBBQ0lBT2dBaUFHVUFkZ0JsQUc0QWRBQWlBSDBBTEFCN0FDSUFiZ0FpQURvQUlnQnpBSFFBYndCeUFHRUFad0JsQUNJQUxBQWlBSE1BSWdBNkFEVUFNUUExQURnQU1BQXNBQ0lBWlFBaUFEb0FOUUF4QURVQU9BQXdBQ3dBSWdCdkFDSUFPZ0FpQUhjQWFRQnVBR1FBYndCM0FDSUFMQUFpQUhRQUlnQTZBQ0lBWlFCMkFHVUFiZ0IwQUNJQWZRQXNBSHNBSWdCdUFDSUFPZ0FpQUhNQWRBQnZBSElBWVFCbkFHVUFJZ0FzQUNJQWN3QWlBRG9BTlFBeEFEVUFPQUF3QUN3QUlnQmxBQ0lBT2dBMUFERUFOUUE0QURBQUxBQWlBRzhBSWdBNkFDSUFkd0JwQUc0QVpBQnZBSGNBSWdBc0FDSUFkQUFpQURvQUlnQmxBSFlBWlFCdUFIUUFJZ0I5QUN3QWV3QWlBRzRBSWdBNkFDSUFjd0IwQUc4QWNnQmhBR2NBWlFBaUFDd0FJZ0J6QUNJQU9nQTFBREVBTlFBNEFEQUFMQUFpQUdVQUlnQTZBRFVBTVFBMUFEZ0FNQUFzQUNJQWJ3QWlBRG9BSWdCM0FHa0FiZ0JrQUc4QWR3QWlBQ3dBSWdCMEFDSUFPZ0FpQUdVQWRnQmxBRzRBZEFBaUFIMEFMQUI3QUNJQWJnQWlBRG9BSWdCekFIUUFid0J5QUdFQVp3QmxBQ0lBTEFBaUFITUFJZ0E2QURVQU1RQTFBRGdBTUFBc0FDSUFaUUFpQURvQU5RQXhBRFVBT0FBd0FDd0FJZ0J2QUNJQU9nQWlBSGNBYVFCdUFHUUFid0IzQUNJQUxBQWlBSFFBSWdBNkFDSUFaUUIyQUdVQWJnQjBBQ0lBZlFBc0FIc0FJZ0J1QUNJQU9nQWlBSE1BZEFCdkFISUFZUUJuQUdVQUlnQXNBQ0lBY3dBaUFEb0FOUUF4QURVQU9BQXdBQ3dBSWdCbEFDSUFPZ0ExQURFQU5RQTRBREFBTEFBaUFHOEFJZ0E2QUNJQWR3QnBBRzRBWkFCdkFIY0FJZ0FzQUNJQWRBQWlBRG9BSWdCbEFIWUFaUUJ1QUhRQUlnQjlBQ3dBZXdBaUFHNEFJZ0E2QUNJQWN3QjBBRzhBY2dCaEFHY0FaUUFpQUN3QUlnQnpBQ0lBT2dBMUFERUFOUUE0QURBQUxBQWlBR1VBSWdBNkFEVUFNUUExQURnQU1BQXNBQ0lBYndBaUFEb0FJZ0IzQUdrQWJnQmtBRzhBZHdBaUFDd0FJZ0IwQUNJQU9nQWlBR1VBZGdCbEFHNEFkQUFpQUgwQUxBQjdBQ0lBYmdBaUFEb0FJZ0J6QUhRQWJ3QnlBR0VBWndCbEFDSUFMQUFpQUhNQUlnQTZBRFVBTVFBMUFEZ0FNUUFzQUNJQVpRQWlBRG9BTlFBeEFEVUFPQUF4QUN3QUlnQnZBQ0lBT2dBaUFIY0FhUUJ1QUdRQWJ3QjNBQ0lBTEFBaUFIUUFJZ0E2QUNJQVpRQjJBR1VBYmdCMEFDSUFmUUFzQUhzQUlnQnVBQ0lBT2dBaUFITUFkQUJ2QUhJQVlRQm5BR1VBSWdBc0FDSUFjd0FpQURvQU5RQXhBRFVBT0FBeEFDd0FJZ0JsQUNJQU9nQTFBREVBTlFBNEFERUFMQUFpQUc4QUlnQTZBQ0lBZHdCcEFHNEFaQUJ2QUhjQUlnQXNBQ0lBZEFBaUFEb0FJZ0JsQUhZQVpRQnVBSFFBSWdCOUFDd0Fld0FpQUc0QUlnQTZBQ0lBY3dCMEFHOEFjZ0JoQUdjQVpRQWlBQ3dBSWdCekFDSUFPZ0ExQURFQU5RQTRBREVBTEFBaUFHVUFJZ0E2QURVQU1RQTFBRGdBTVFBc0FDSUFid0FpQURvQUlnQjNBR2tBYmdCa0FHOEFkd0FpQUN3QUlnQjBBQ0lBT2dBaUFHVUFkZ0JsQUc0QWRBQWlBSDBBTEFCN0FDSUFiZ0FpQURvQUlnQnpBSFFBYndCeUFHRUFad0JsQUNJQUxBQWlBSE1BSWdBNkFEVUFNUUExQURnQU1RQXNBQ0lBWlFBaUFEb0FOUUF4QURVQU9BQXhBQ3dBSWdCdkFDSUFPZ0FpQUhjQWFRQnVBR1FBYndCM0FDSUFMQUFpQUhRQUlnQTZBQ0lBWlFCMkFHVUFiZ0IwQUNJQWZRQXNBSHNBSWdCdUFDSUFPZ0FpQUhNQWRBQnZBSElBWVFCbkFHVUFJZ0FzQUNJQWN3QWlBRG9BTlFBeEFEVUFPQUF4QUN3QUlnQmxBQ0lBT2dBMUFERUFOUUE0QURFQUxBQWlBRzhBSWdBNkFDSUFkd0JwQUc0QVpBQnZBSGNBSWdBc0FDSUFkQUFpQURvQUlnQmxBSFlBWlFCdUFIUUFJZ0I5QUN3QWV3QWlBRzRBSWdBNkFDSUFjd0IwQUc4QWNnQmhBR2NBWlFBaUFDd0FJZ0J6QUNJQU9nQTFBREVBTlFBNEFERUFMQUFpQUdVQUlnQTZBRFVBTVFBMUFEZ0FNUUFzQUNJQWJ3QWlBRG9BSWdCM0FHa0FiZ0JrQUc4QWR3QWlBQ3dBSWdCMEFDSUFPZ0FpQUdVQWRnQmxBRzRBZEFBaUFIMEFMQUI3QUNJQWJnQWlBRG9BSWdCekFIUUFid0J5QUdFQVp3QmxBQ0lBTEFBaUFITUFJZ0E2QURVQU1RQTFBRGdBTVFBc0FDSUFaUUFpQURvQU5RQXhBRFVBT0FBeEFDd0FJZ0J2QUNJQU9nQWlBSGNBYVFCdUFHUUFid0IzQUNJQUxBQWlBSFFBSWdBNkFDSUFaUUIyQUdVQWJnQjBBQ0lBZlFBc0FIc0FJZ0J1QUNJQU9nQWlBSE1BZEFCdkFISUFZUUJuQUdVQUlnQXNBQ0lBY3dBaUFEb0FOUUF4QURVQU9BQXhBQ3dBSWdCbEFDSUFPZ0ExQURFQU5RQTRBREVBTEFBaUFHOEFJZ0E2QUNJQWR3QnBBRzRBWkFCdkFIY0FJZ0FzQUNJQWRBQWlBRG9BSWdCbEFIWUFaUUJ1QUhRQUlnQjlBQ3dBZXdBaUFHNEFJZ0E2QUNJQWN3QjBBRzhBY2dCaEFHY0FaUUFpQUN3QUlnQnpBQ0lBT2dBMUFERUFOUUE0QURFQUxBQWlBR1VBSWdBNkFEVUFNUUExQURnQU1RQXNBQ0lBYndBaUFEb0FJZ0IzQUdrQWJnQmtBRzhBZHdBaUFDd0FJZ0IwQUNJQU9nQWlBR1VBZGdCbEFHNEFkQUFpQUgwQUxBQjdBQ0lBYmdBaUFEb0FJZ0J6QUhRQWJ3QnlBR0VBWndCbEFDSUFMQUFpQUhNQUlnQTZBRFVBTVFBMUFEZ0FNZ0FzQUNJQVpRQWlBRG9BTlFBeEFEVUFPQUF5QUN3QUlnQnZBQ0lBT2dBaUFIY0FhUUJ1QUdRQWJ3QjNBQ0lBTEFBaUFIUUFJZ0E2QUNJQVpRQjJBR1VBYmdCMEFDSUFmUUFzQUhzQUlnQnVBQ0lBT2dBaUFITUFkQUJ2QUhJQVlRQm5BR1VBSWdBc0FDSUFjd0FpQURvQU5RQXhBRFVBT0FBeUFDd0FJZ0JsQUNJQU9nQTFBREVBTlFBNEFESUFMQUFpQUc4QUlnQTZBQ0lBZHdCcEFHNEFaQUJ2QUhjQUlnQXNBQ0lBZEFBaUFEb0FJZ0JsQUhZQVpRQnVBSFFBSWdCOUFDd0Fld0FpQUc0QUlnQTZBQ0lBY3dCMEFHOEFjZ0JoQUdjQVpRQWlBQ3dBSWdCekFDSUFPZ0ExQURFQU5RQTRBRElBTEFBaUFHVUFJZ0E2QURVQU1RQTFBRGdBTWdBc0FDSUFid0FpQURvQUlnQjNBR2tBYmdCa0FHOEFkd0FpQUN3QUlnQjBBQ0lBT2dBaUFHVUFkZ0JsQUc0QWRBQWlBSDBBTEFCN0FDSUFiZ0FpQURvQUlnQnpBSFFBYndCeUFHRUFad0JsQUNJQUxBQWlBSE1BSWdBNkFEVUFNUUExQURnQU1nQXNBQ0lBWlFBaUFEb0FOUUF4QURVQU9BQXlBQ3dBSWdCdkFDSUFPZ0FpQUhjQWFRQnVBR1FBYndCM0FDSUFMQUFpQUhRQUlnQTZBQ0lBWlFCMkFHVUFiZ0IwQUNJQWZRQXNBSHNBSWdCdUFDSUFPZ0FpQUhNQWRBQnZBSElBWVFCbkFHVUFJZ0FzQUNJQWN3QWlBRG9BTlFBeEFEVUFPQUF5QUN3QUlnQmxBQ0lBT2dBMUFERUFOUUE0QURJQUxBQWlBRzhBSWdBNkFDSUFkd0JwQUc0QVpBQnZBSGNBSWdBc0FDSUFkQUFpQURvQUlnQmxBSFlBWlFCdUFIUUFJZ0I5QUN3QWV3QWlBRzRBSWdBNkFDSUFjd0IwQUc4QWNnQmhBR2NBWlFBaUFDd0FJZ0J6QUNJQU9nQTFBREVBTlFBNEFESUFMQUFpQUdVQUlnQTZBRFVBTVFBMUFEZ0FNZ0FzQUNJQWJ3QWlBRG9BSWdCM0FHa0FiZ0JrQUc4QWR3QWlBQ3dBSWdCMEFDSUFPZ0FpQUdVQWRnQmxBRzRBZEFBaUFIMEFMQUI3QUNJQWJnQWlBRG9BSWdCekFIUUFid0J5QUdFQVp3QmxBQ0lBTEFBaUFITUFJZ0E2QURVQU1RQTFBRGdBTWdBc0FDSUFaUUFpQURvQU5RQXhBRFVBT0FBeUFDd0FJZ0J2QUNJQU9nQWlBSGNBYVFCdUFHUUFid0IzQUNJQUxBQWlBSFFBSWdBNkFDSUFaUUIyQUdVQWJnQjBBQ0lBZlFBc0FIc0FJZ0J1QUNJQU9nQWlBSE1BZEFCdkFISUFZUUJuQUdVQUlnQXNBQ0lBY3dBaUFEb0FOUUF4QURVQU9BQXlBQ3dBSWdCbEFDSUFPZ0ExQURFQU5RQTRBRElBTEFBaUFHOEFJZ0E2QUNJQWR3QnBBRzRBWkFCdkFIY0FJZ0FzQUNJQWRBQWlBRG9BSWdCbEFIWUFaUUJ1QUhRQUlnQjlBQ3dBZXdBaUFHNEFJZ0E2QUNJQWN3QjBBRzhBY2dCaEFHY0FaUUFpQUN3QUlnQnpBQ0lBT2dBMUFERUFOUUE0QURJQUxBQWlBR1VBSWdBNkFEVUFNUUExQURnQU1nQXNBQ0lBYndBaUFEb0FJZ0IzQUdrQWJnQmtBRzhBZHdBaUFDd0FJZ0IwQUNJQU9nQWlBR1VBZGdCbEFHNEFkQUFpQUgwQUxBQjdBQ0lBYmdBaUFEb0FJZ0J6QUhRQWJ3QnlBR0VBWndCbEFDSUFMQUFpQUhNQUlnQTZBRFVBTVFBMUFEZ0FNZ0FzQUNJQVpRQWlBRG9BTlFBeEFEVUFPQUF5QUN3QUlnQnZBQ0lBT2dBaUFIY0FhUUJ1QUdRQWJ3QjNBQ0lBTEFBaUFIUUFJZ0E2QUNJQVpRQjJBR1VBYmdCMEFDSUFmUUFzQUhzQUlnQnVBQ0lBT2dBaUFITUFkQUJ2QUhJQVlRQm5BR1VBSWdBc0FDSUFjd0FpQURvQU5RQXhBRFVBT0FBekFDd0FJZ0JsQUNJQU9nQTFBREVBTlFBNEFETUFMQUFpQUc4QUlnQTZBQ0lBZHdCcEFHNEFaQUJ2QUhjQUlnQXNBQ0lBZEFBaUFEb0FJZ0JsQUhZQVpRQnVBSFFBSWdCOUFDd0Fld0FpQUc0QUlnQTZBQ0lBY3dCMEFHOEFjZ0JoQUdjQVpRQWlBQ3dBSWdCekFDSUFPZ0ExQURFQU5RQTRBRE1BTEFBaUFHVUFJZ0E2QURVQU1RQTFBRGdBTXdBc0FDSUFid0FpQURvQUlnQjNBR2tBYmdCa0FHOEFkd0FpQUN3QUlnQjBBQ0lBT2dBaUFHVUFkZ0JsQUc0QWRBQWlBSDBBTEFCN0FDSUFiZ0FpQURvQUlnQnpBSFFBYndCeUFHRUFad0JsQUNJQUxBQWlBSE1BSWdBNkFEVUFNUUExQURnQU13QXNBQ0lBWlFBaUFEb0FOUUF4QURVQU9BQXpBQ3dBSWdCdkFDSUFPZ0FpQUhjQWFRQnVBR1FBYndCM0FDSUFMQUFpQUhRQUlnQTZBQ0lBWlFCMkFHVUFiZ0IwQUNJQWZRQXNBSHNBSWdCdUFDSUFPZ0FpQUhNQWRBQnZBSElBWVFCbkFHVUFJZ0FzQUNJQWN3QWlBRG9BTlFBeEFEVUFPQUF6QUN3QUlnQmxBQ0lBT2dBMUFERUFOUUE0QURNQUxBQWlBRzhBSWdBNkFDSUFkd0JwQUc0QVpBQnZBSGNBSWdBc0FDSUFkQUFpQURvQUlnQmxBSFlBWlFCdUFIUUFJZ0I5QUN3QWV3QWlBRzRBSWdBNkFDSUFjd0IwQUc4QWNnQmhBR2NBWlFBaUFDd0FJZ0J6QUNJQU9nQTFBREVBTlFBNEFETUFMQUFpQUdVQUlnQTZBRFVBTVFBMUFEZ0FNd0FzQUNJQWJ3QWlBRG9BSWdCM0FHa0FiZ0JrQUc4QWR3QWlBQ3dBSWdCMEFDSUFPZ0FpQUdVQWRnQmxBRzRBZEFBaUFIMEFMQUI3QUNJQWJnQWlBRG9BSWdCekFIUUFid0J5QUdFQVp3QmxBQ0lBTEFBaUFITUFJZ0E2QURVQU1RQTFBRGdBTXdBc0FDSUFaUUFpQURvQU5RQXhBRFVBT0FBekFDd0FJZ0J2QUNJQU9nQWlBSGNBYVFCdUFHUUFid0IzQUNJQUxBQWlBSFFBSWdBNkFDSUFaUUIyQUdVQWJnQjBBQ0lBZlFBc0FIc0FJZ0J1QUNJQU9nQWlBSE1BZEFCdkFISUFZUUJuQUdVQUlnQXNBQ0lBY3dBaUFEb0FOUUF4QURVQU9BQXpBQ3dBSWdCbEFDSUFPZ0ExQURFQU5RQTRBRE1BTEFBaUFHOEFJZ0E2QUNJQWR3QnBBRzRBWkFCdkFIY0FJZ0FzQUNJQWRBQWlBRG9BSWdCbEFIWUFaUUJ1QUhRQUlnQjlBQ3dBZXdBaUFHNEFJZ0E2QUNJQWN3QjBBRzhBY2dCaEFHY0FaUUFpQUN3QUlnQnpBQ0lBT2dBMUFERUFOUUE0QURNQUxBQWlBR1VBSWdBNkFEVUFNUUExQURnQU13QXNBQ0lBYndBaUFEb0FJZ0IzQUdrQWJnQmtBRzhBZHdBaUFDd0FJZ0IwQUNJQU9nQWlBR1VBZGdCbEFHNEFkQUFpQUgwQUxBQjdBQ0lBYmdBaUFEb0FJZ0J6QUhRQWJ3QnlBR0VBWndCbEFDSUFMQUFpQUhNQUlnQTZBRFVBTVFBMUFEZ0FNd0FzQUNJQVpRQWlBRG9BTlFBeEFEVUFPQUF6QUN3QUlnQnZBQ0lBT2dBaUFIY0FhUUJ1QUdRQWJ3QjNBQ0lBTEFBaUFIUUFJZ0E2QUNJQVpRQjJBR1VBYmdCMEFDSUFmUUFzQUhzQUlnQnVBQ0lBT2dBaUFITUFkQUJ2QUhJQVlRQm5BR1VBSWdBc0FDSUFjd0FpQURvQU5RQXhBRFVBT0FBMEFDd0FJZ0JsQUNJQU9nQTFBREVBTlFBNEFEUUFMQUFpQUc4QUlnQTZBQ0lBZHdCcEFHNEFaQUJ2QUhjQUlnQXNBQ0lBZEFBaUFEb0FJZ0JsQUhZQVpRQnVBSFFBSWdCOUFDd0Fld0FpQUc0QUlnQTZBQ0lBY3dCMEFHOEFjZ0JoQUdjQVpRQWlBQ3dBSWdCekFDSUFPZ0ExQURFQU5RQTRBRFFBTEFBaUFHVUFJZ0E2QURVQU1RQTFBRGdBTkFBc0FDSUFid0FpQURvQUlnQjNBR2tBYmdCa0FHOEFkd0FpQUN3QUlnQjBBQ0lBT2dBaUFHVUFkZ0JsQUc0QWRBQWlBSDBBTEFCN0FDSUFiZ0FpQURvQUlnQnpBSFFBYndCeUFHRUFad0JsQUNJQUxBQWlBSE1BSWdBNkFEVUFNUUExQURnQU5BQXNBQ0lBWlFBaUFEb0FOUUF4QURVQU9BQTBBQ3dBSWdCdkFDSUFPZ0FpQUhjQWFRQnVBR1FBYndCM0FDSUFMQUFpQUhRQUlnQTZBQ0lBWlFCMkFHVUFiZ0IwQUNJQWZRQXNBSHNBSWdCdUFDSUFPZ0FpQUhNQWRBQnZBSElBWVFCbkFHVUFJZ0FzQUNJQWN3QWlBRG9BTlFBeEFEVUFPQUEwQUN3QUlnQmxBQ0lBT2dBMUFERUFOUUE0QURRQUxBQWlBRzhBSWdBNkFDSUFkd0JwQUc0QVpBQnZBSGNBSWdBc0FDSUFkQUFpQURvQUlnQmxBSFlBWlFCdUFIUUFJZ0I5QUN3QWV3QWlBRzRBSWdBNkFDSUFjd0IwQUc4QWNnQmhBR2NBWlFBaUFDd0FJZ0J6QUNJQU9nQTFBREVBTlFBNEFEUUFMQUFpQUdVQUlnQTZBRFVBTVFBMUFEZ0FOQUFzQUNJQWJ3QWlBRG9BSWdCM0FHa0FiZ0JrQUc4QWR3QWlBQ3dBSWdCMEFDSUFPZ0FpQUdVQWRnQmxBRzRBZEFBaUFIMEFMQUI3QUNJQWJnQWlBRG9BSWdCekFIUUFid0J5QUdFQVp3QmxBQ0lBTEFBaUFITUFJZ0E2QURVQU1RQTFBRGdBTkFBc0FDSUFaUUFpQURvQU5RQXhBRFVBT0FBMEFDd0FJZ0J2QUNJQU9nQWlBSGNBYVFCdUFHUUFid0IzQUNJQUxBQWlBSFFBSWdBNkFDSUFaUUIyQUdVQWJnQjBBQ0lBZlFBc0FIc0FJZ0J1QUNJQU9nQWlBSE1BZEFCdkFISUFZUUJuQUdVQUlnQXNBQ0lBY3dBaUFEb0FOUUF4QURVQU9BQTBBQ3dBSWdCbEFDSUFPZ0ExQURFQU5RQTRBRFFBTEFBaUFHOEFJZ0E2QUNJQWR3QnBBRzRBWkFCdkFIY0FJZ0FzQUNJQWRBQWlBRG9BSWdCbEFIWUFaUUJ1QUhRQUlnQjlBQ3dBZXdBaUFHNEFJZ0E2QUNJQWN3QjBBRzhBY2dCaEFHY0FaUUFpQUN3QUlnQnpBQ0lBT2dBMUFERUFOUUE0QURRQUxBQWlBR1VBSWdBNkFEVUFNUUExQURnQU5BQXNBQ0lBYndBaUFEb0FJZ0IzQUdrQWJnQmtBRzhBZHdBaUFDd0FJZ0IwQUNJQU9nQWlBR1VBZGdCbEFHNEFkQUFpQUgwQUxBQjdBQ0lBYmdBaUFEb0FJZ0J6QUhRQWJ3QnlBR0VBWndCbEFDSUFMQUFpQUhNQUlnQTZBRFVBTVFBMUFEZ0FOQUFzQUNJQVpRQWlBRG9BTlFBeEFEVUFPQUEwQUN3QUlnQnZBQ0lBT2dBaUFIY0FhUUJ1QUdRQWJ3QjNBQ0lBTEFBaUFIUUFJZ0E2QUNJQVpRQjJBR1VBYmdCMEFDSUFmUUFzQUhzQUlnQnVBQ0lBT2dBaUFITUFkQUJ2QUhJQVlRQm5BR1VBSWdBc0FDSUFjd0FpQURvQU5RQXhBRFVBT0FBMUFDd0FJZ0JsQUNJQU9nQTFBREVBTlFBNEFEVUFMQUFpQUc4QUlnQTZBQ0lBZHdCcEFHNEFaQUJ2QUhjQUlnQXNBQ0lBZEFBaUFEb0FJZ0JsQUhZQVpRQnVBSFFBSWdCOUFDd0Fld0FpQUc0QUlnQTZBQ0lBY3dCMEFHOEFjZ0JoQUdjQVpRQWlBQ3dBSWdCekFDSUFPZ0ExQURFQU5RQTRBRFVBTEFBaUFHVUFJZ0E2QURVQU1RQTFBRGdBTlFBc0FDSUFid0FpQURvQUlnQjNBR2tBYmdCa0FHOEFkd0FpQUN3QUlnQjBBQ0lBT2dBaUFHVUFkZ0JsQUc0QWRBQWlBSDBBTEFCN0FDSUFiZ0FpQURvQUlnQnpBSFFBYndCeUFHRUFad0JsQUNJQUxBQWlBSE1BSWdBNkFEVUFNUUExQURnQU5RQXNBQ0lBWlFBaUFEb0FOUUF4QURVQU9BQTFBQ3dBSWdCdkFDSUFPZ0FpQUhjQWFRQnVBR1FBYndCM0FDSUFMQUFpQUhRQUlnQTZBQ0lBWlFCMkFHVUFiZ0IwQUNJQWZRQXNBSHNBSWdCdUFDSUFPZ0FpQUhNQWRBQnZBSElBWVFCbkFHVUFJZ0FzQUNJQWN3QWlBRG9BTlFBeEFEVUFPQUExQUN3QUlnQmxBQ0lBT2dBMUFERUFOUUE0QURVQUxBQWlBRzhBSWdBNkFDSUFkd0JwQUc0QVpBQnZBSGNBSWdBc0FDSUFkQUFpQURvQUlnQmxBSFlBWlFCdUFIUUFJZ0I5QUN3QWV3QWlBRzRBSWdBNkFDSUFjd0IwQUc4QWNnQmhBR2NBWlFBaUFDd0FJZ0J6QUNJQU9nQTFBREVBTlFBNEFEVUFMQUFpQUdVQUlnQTZBRFVBTVFBMUFEZ0FOUUFzQUNJQWJ3QWlBRG9BSWdCM0FHa0FiZ0JrQUc4QWR3QWlBQ3dBSWdCMEFDSUFPZ0FpQUdVQWRnQmxBRzRBZEFBaUFIMEFMQUI3QUNJQWJnQWlBRG9BSWdCeUFHVUFjUUIxQUdVQWN3QjBBRUVBYmdCcEFHMEFZUUIwQUdrQWJ3QnVBRVlBY2dCaEFHMEFaUUFpQUN3QUlnQnpBQ0lBT2dBMEFEUUFPQUF6QURNQUxBQWlBR1VBSWdBNkFEUUFOQUE0QURNQU5nQXNBQ0lBYndBaUFEb0FJZ0IzQUdrQWJnQmtBRzhBZHdBaUFDd0FJZ0IwQUNJQU9nQWlBSElBWlFCeEFIVUFaUUJ6QUhRQVFRQnVBR2tBYlFCaEFIUUFhUUJ2QUc0QVJnQnlBR0VBYlFCbEFDSUFmUUFzQUhzQUlnQnVBQ0lBT2dBaUFISUFaUUJ4QUhVQVpRQnpBSFFBUVFCdUFHa0FiUUJoQUhRQWFRQnZBRzRBUmdCeUFHRUFiUUJsQUNJQUxBQWlBSE1BSWdBNkFEUUFOZ0E1QURnQU13QXNBQ0lBWlFBaUFEb0FOQUEyQURrQU9BQTFBQ3dBSWdCdkFDSUFPZ0FpQUhjQWFRQnVBR1FBYndCM0FDSUFMQUFpQUhRQUlnQTZBQ0lBY2dCbEFIRUFkUUJsQUhNQWRBQkJBRzRBYVFCdEFHRUFkQUJwQUc4QWJnQkdBSElBWVFCdEFHVUFJZ0I5QUN3QWV3QWlBRzRBSWdBNkFDSUFjZ0JsQUhFQWRRQmxBSE1BZEFCQkFHNEFhUUJ0QUdFQWRBQnBBRzhBYmdCR0FISUFZUUJ0QUdVQUlnQXNBQ0lBY3dBaUFEb0FOQUEzQURNQU1BQTRBQ3dBSWdCbEFDSUFPZ0EwQURjQU13QXdBRGtBTEFBaUFHOEFJZ0E2QUNJQWR3QnBBRzRBWkFCdkFIY0FJZ0FzQUNJQWRBQWlBRG9BSWdCeUFHVUFjUUIxQUdVQWN3QjBBRUVBYmdCcEFHMEFZUUIwQUdrQWJ3QnVBRVlBY2dCaEFHMEFaUUFpQUgwQUxBQjdBQ0lBYmdBaUFEb0FJZ0J5QUdVQWNRQjFBR1VBY3dCMEFFRUFiZ0JwQUcwQVlRQjBBR2tBYndCdUFFWUFjZ0JoQUcwQVpRQWlBQ3dBSWdCekFDSUFPZ0EwQURnQU1nQTNBRGtBTEFBaUFHVUFJZ0E2QURRQU9BQXlBRGdBTUFBc0FDSUFid0FpQURvQUlnQjNBR2tBYmdCa0FHOEFkd0FpQUN3QUlnQjBBQ0lBT2dBaUFISUFaUUJ4QUhVQVpRQnpBSFFBUVFCdUFHa0FiUUJoQUhRQWFRQnZBRzRBUmdCeUFHRUFiUUJsQUNJQWZRQXNBSHNBSWdCdUFDSUFPZ0FpQUhBQWNnQnZBR2NBY2dCbEFITUFjd0FpQUN3QUlnQnpBQ0lBT2dBMEFEWUFPUUF6QURVQUxBQWlBR1VBSWdBNkFEUUFOZ0E1QURNQU5RQXNBQ0lBYndBaUFEb0FJZ0IxQUc0QVpBQmxBR1lBYVFCdUFHVUFaQUFnQUZBQVR3QlRBRlFBT2dBZ0FITUFkQUJoQUdjQWFRQnVBR2NBY0FCeUFHVUFaQUJwQUdNQWRBQTFBQzRBYVFCdUFHWUFiQUIxQUdVQWJnQmpBR1VBYUFCbEFHRUFiQUIwQUdnQUxnQmpBRzhBYlFBNkFETUFNQUF3QURBQUx3QndBSElBWlFCa0FHa0FZd0IwQUM4QWRnQXhBQzhBWXdCc0FHa0FaUUJ1QUhRQWN3QXZBSFVBYmdCcEFIWUFaUUJ5QUhNQWFRQjBBSGtBWXdCdkFHd0Fid0J5QUdFQVpBQnZBQzhBWVFCMUFIUUFhQUJVQUc4QWF3QmxBRzRBSWdBc0FDSUFkQUFpQURvQUlnQmxBSFlBWlFCdUFIUUFJZ0I5QUN3QWV3QWlBRzRBSWdBNkFDSUFjQUJ5QUc4QVp3QnlBR1VBY3dCekFDSUFMQUFpQUhNQUlnQTZBRFFBTndBd0FEQUFOZ0FzQUNJQVpRQWlBRG9BTkFBM0FEQUFNQUEyQUN3QUlnQnZBQ0lBT2dBaUFIVUFiZ0JrQUdVQVpnQnBBRzRBWlFCa0FDQUFSd0JGQUZRQU9nQWdBSE1BZEFCaEFHY0FhUUJ1QUdjQWNBQnlBR1VBWkFCcEFHTUFkQUExQUM0QWFRQnVBR1lBYkFCMUFHVUFiZ0JqQUdVQWFBQmxBR0VBYkFCMEFHZ0FMZ0JqQUc4QWJRQTZBRFFBTkFBekFDOEFKQUJ0QUc4QVpBQjFBR3dBWlFBdkFHMEFid0JrQUhVQWJBQmxBSE1BTHdCaEFHTUFZd0J2QUhVQWJnQjBBSE1BSWdBc0FDSUFkQUFpQURvQUlnQmxBSFlBWlFCdUFIUUFJZ0I5QUN3QWV3QWlBRzRBSWdBNkFDSUFjQUJ5QUc4QVp3QnlBR1VBY3dCekFDSUFMQUFpQUhNQUlnQTZBRFFBTndBd0FEY0FOQUFzQUNJQVpRQWlBRG9BTkFBM0FEQUFOd0EwQUN3QUlnQnZBQ0lBT2dBaUFIVUFiZ0JrQUdVQVpnQnBBRzRBWlFCa0FDQUFSd0JGQUZRQU9nQWdBSE1BZEFCaEFHY0FhUUJ1QUdjQWNBQnlBR1VBWkFCcEFHTUFkQUExQUM0QWFRQnVBR1lBYkFCMUFHVUFiZ0JqQUdVQWFBQmxBR0VBYkFCMEFHZ0FMZ0JqQUc4QWJRQTZBRFFBTkFBekFDOEFiUUJ2QUdRQWRRQnNBR1VBY3dBdkFHRUFZd0JqQUc4QWRRQnVBSFFBY3dBdkFDOEFZd0J2QUc0QWRBQnlBRzhBYkFCc0FHVUFjZ0J6QUZ3QVhBQkJBR01BWXdCdkFIVUFiZ0IwQUhNQVF3QjBBSElBYkFBdUFHb0Fjd0FpQUN3QUlnQjBBQ0lBT2dBaUFHVUFkZ0JsQUc0QWRBQWlBSDBBTEFCN0FDSUFiZ0FpQURvQUlnQndBSElBYndCbkFISUFaUUJ6QUhNQUlnQXNBQ0lBY3dBaUFEb0FOQUEzQURVQU53QTNBQ3dBSWdCbEFDSUFPZ0EwQURjQU5RQTNBRGNBTEFBaUFHOEFJZ0E2QUNJQWRRQnVBR1FBWlFCbUFHa0FiZ0JsQUdRQUlBQkhBRVVBVkFBNkFDQUFjd0IwQUdFQVp3QnBBRzRBWndCd0FISUFaUUJrQUdrQVl3QjBBRFVBTGdCcEFHNEFaZ0JzQUhVQVpRQnVBR01BWlFCb0FHVUFZUUJzQUhRQWFBQXVBR01BYndCdEFEb0FOQUEwQURNQUx3QnRBRzhBWkFCMUFHd0FaUUJ6QUM4QVlRQmpBR01BYndCMUFHNEFkQUJ6QUM4QWFRQnVBR1FBWlFCNEFDNEFhQUIwQUcwQWJBQWlBQ3dBSWdCMEFDSUFPZ0FpQUdVQWRnQmxBRzRBZEFBaUFIMEFMQUI3QUNJQWJnQWlBRG9BSWdCd0FISUFid0JuQUhJQVpRQnpBSE1BSWdBc0FDSUFjd0FpQURvQU5BQTRBRElBTUFBeUFDd0FJZ0JsQUNJQU9nQTBBRGdBTWdBd0FESUFMQUFpQUc4QUlnQTZBQ0lBZFFCdUFHUUFaUUJtQUdrQWJnQmxBR1FBSUFCSEFFVUFWQUE2QUNBQWN3QjBBR0VBWndCcEFHNEFad0J3QUhJQVpRQmtBR2tBWXdCMEFEVUFMZ0JwQUc0QVpnQnNBSFVBWlFCdUFHTUFaUUJvQUdVQVlRQnNBSFFBYUFBdUFHTUFid0J0QURvQU13QXdBREFBTUFBdkFIQUFjZ0JsQUdRQWFRQmpBSFFBTHdCMkFERUFMd0JqQUd3QWFRQmxBRzRBZEFCekFDOEFkUUJ1QUdrQWRnQmxBSElBY3dCcEFIUUFlUUJqQUc4QWJBQnZBSElBWVFCa0FHOEFMd0JzQUdrQWN3QjBBR01BYkFCcEFHVUFiZ0IwQUhNQUlnQXNBQ0lBZEFBaUFEb0FJZ0JsQUhZQVpRQnVBSFFBSWdCOUFDd0Fld0FpQUc0QUlnQTZBQ0lBY0FCeUFHOEFad0J5QUdVQWN3QnpBQ0lBTEFBaUFITUFJZ0E2QURRQU9BQXlBREVBT0FBc0FDSUFaUUFpQURvQU5BQTRBRElBTVFBNEFDd0FJZ0J2QUNJQU9nQWlBSFVBYmdCa0FHVUFaZ0JwQUc0QVpRQmtBQ0FBUndCRkFGUUFPZ0FnQUhNQWRBQmhBR2NBYVFCdUFHY0FjQUJ5QUdVQVpBQnBBR01BZEFBMUFDNEFhUUJ1QUdZQWJBQjFBR1VBYmdCakFHVUFhQUJsQUdFQWJBQjBBR2dBTGdCakFHOEFiUUE2QURRQU5BQXpBQzhBYlFCdkFHUUFkUUJzQUdVQWN3QXZBR0VBWXdCakFHOEFkUUJ1QUhRQWN3QXZBSFlBYVFCbEFIY0Fjd0F2QUdNQWFBQnZBRzhBY3dCbEFDMEFZd0J2QUc0QWRBQmxBSGdBZEFBdUFHZ0FkQUJ0QUd3QUlnQXNBQ0lBZEFBaUFEb0FJZ0JsQUhZQVpRQnVBSFFBSWdCOUFDd0Fld0FpQUc0QUlnQTZBQ0lBY0FCeUFHOEFad0J5QUdVQWN3QnpBQ0lBTEFBaUFITUFJZ0E2QURRQU9BQXlBRGdBTXdBc0FDSUFaUUFpQURvQU5BQTRBRElBT0FBekFDd0FJZ0J2QUNJQU9nQWlBSFVBYmdCa0FHVUFaZ0JwQUc0QVpRQmtBQ0FBUndCRkFGUUFPZ0FnQUhNQWRBQmhBR2NBYVFCdUFHY0FjQUJ5QUdVQVpBQnBBR01BZEFBMUFDNEFhUUJ1QUdZQWJBQjFBR1VBYmdCakFHVUFhQUJsQUdFQWJBQjBBR2dBTGdCakFHOEFiUUE2QURRQU5BQXpBQzhBSkFCdEFHOEFaQUIxQUd3QVpRQXZBR3dBWVFCNUFHOEFkUUIwQUhNQUx3QmlBR0VBY3dCbEFDSUFMQUFpQUhRQUlnQTZBQ0lBWlFCMkFHVUFiZ0IwQUNJQWZRQXNBSHNBSWdCdUFDSUFPZ0FpQUhBQWNnQnZBR2NBY2dCbEFITUFjd0FpQUN3QUlnQnpBQ0lBT2dBMEFEZ0FNd0EwQURJQUxBQWlBR1VBSWdBNkFEUUFPQUF6QURRQU1nQXNBQ0lBYndBaUFEb0FJZ0IxQUc0QVpBQmxBR1lBYVFCdUFHVUFaQUFnQUVjQVJRQlVBRG9BSUFCekFIUUFZUUJuQUdrQWJnQm5BSEFBY2dCbEFHUUFhUUJqQUhRQU5RQXVBR2tBYmdCbUFHd0FkUUJsQUc0QVl3QmxBR2dBWlFCaEFHd0FkQUJvQUM0QVl3QnZBRzBBT2dBMEFEUUFNd0F2QUd3QVlRQjVBRzhBZFFCMEFITUFMd0JpQUdFQWN3QmxBQzhBTHdCdEFHRUFhUUJ1QUM0QWFnQnpBQ0lBTEFBaUFIUUFJZ0E2QUNJQVpRQjJBR1VBYmdCMEFDSUFmUUFzQUhzQUlnQnVBQ0lBT2dBaUFIQUFjZ0J2QUdjQWNnQmxBSE1BY3dBaUFDd0FJZ0J6QUNJQU9nQTBBRGdBTXdBMEFETUFMQUFpQUdVQUlnQTZBRFFBT0FBekFEUUFNd0FzQUNJQWJ3QWlBRG9BSWdCMUFHNEFaQUJsQUdZQWFRQnVBR1VBWkFBZ0FFY0FSUUJVQURvQUlBQnpBSFFBWVFCbkFHa0FiZ0JuQUhBQWNnQmxBR1FBYVFCakFIUUFOUUF1QUdrQWJnQm1BR3dBZFFCbEFHNEFZd0JsQUdnQVpRQmhBR3dBZEFCb0FDNEFZd0J2QUcwQU9nQTBBRFFBTXdBdkFHd0FZUUI1QUc4QWRRQjBBSE1BTHdCaUFHRUFjd0JsQUM4QUx3QnRBR0VBYVFCdUFDNEFhZ0J6QUNJQUxBQWlBSFFBSWdBNkFDSUFaUUIyQUdVQWJnQjBBQ0lBZlFBc0FIc0FJZ0J1QUNJQU9nQWlBSEFBY2dCdkFHY0FjZ0JsQUhNQWN3QWlBQ3dBSWdCekFDSUFPZ0EwQURnQU5BQXdBREFBTEFBaUFHVUFJZ0E2QURRQU9BQTBBREFBTUFBc0FDSUFid0FpQURvQUlnQjFBRzRBWkFCbEFHWUFhUUJ1QUdVQVpBQWdBRWNBUlFCVUFEb0FJQUJ6QUhRQVlRQm5BR2tBYmdCbkFIQUFjZ0JsQUdRQWFRQmpBSFFBTlFBdUFHa0FiZ0JtQUd3QWRRQmxBRzRBWXdCbEFHZ0FaUUJoQUd3QWRBQm9BQzRBWXdCdkFHMEFPZ0EwQURRQU13QXZBR3dBWVFCNUFHOEFkUUIwQUhNQUx3QmlBR0VBY3dCbEFDOEFhUUJ1QUdRQVpRQjRBQzRBYUFCMEFHMEFiQUFpQUN3QUlnQjBBQ0lBT2dBaUFHVUFkZ0JsQUc0QWRBQWlBSDBBTEFCN0FDSUFiZ0FpQURvQUlnQndBSElBYndCbkFISUFaUUJ6QUhNQUlnQXNBQ0lBY3dBaUFEb0FOQUE0QURRQU1BQXhBQ3dBSWdCbEFDSUFPZ0EwQURnQU5BQXdBREVBTEFBaUFHOEFJZ0E2QUNJQWRRQnVBR1FBWlFCbUFHa0FiZ0JsQUdRQUlBQkhBRVVBVkFBNkFDQUFjd0IwQUdFQVp3QnBBRzRBWndCd0FISUFaUUJrQUdrQVl3QjBBRFVBTGdCcEFHNEFaZ0JzQUhVQVpRQnVBR01BWlFCb0FHVUFZUUJzQUhRQWFBQXVBR01BYndCdEFEb0FOQUEwQURNQUx3QnNBR0VBZVFCdkFIVUFkQUJ6QUM4QVlnQmhBSE1BWlFBdkFHa0FiZ0JrQUdVQWVBQXVBR2dBZEFCdEFHd0FJZ0FzQUNJQWRBQWlBRG9BSWdCbEFIWUFaUUJ1QUhRQUlnQjlBQ3dBZXdBaUFHNEFJZ0E2QUNJQWNBQnlBRzhBWndCeUFHVUFjd0J6QUNJQUxBQWlBSE1BSWdBNkFEUUFPQUEzQURRQU13QXNBQ0lBWlFBaUFEb0FOQUE0QURjQU5BQXpBQ3dBSWdCdkFDSUFPZ0FpQUhVQWJnQmtBR1VBWmdCcEFHNEFaUUJrQUNBQVJ3QkZBRlFBT2dBZ0FITUFkQUJoQUdjQWFRQnVBR2NBY0FCeUFHVUFaQUJwQUdNQWRBQTFBQzRBYVFCdUFHWUFiQUIxQUdVQWJnQmpBR1VBYUFCbEFHRUFiQUIwQUdnQUxnQmpBRzhBYlFBNkFETUFNQUF3QURBQUx3QndBSElBWlFCa0FHa0FZd0IwQUM4QWRnQXhBQzhBYkFCdkFHNEFad0JTQUhVQWJnQnVBR2tBYmdCbkFGUUFZUUJ6QUdzQWN3QWlBQ3dBSWdCMEFDSUFPZ0FpQUdVQWRnQmxBRzRBZEFBaUFIMEFMQUI3QUNJQWJnQWlBRG9BSWdCd0FISUFid0JuQUhJQVpRQnpBSE1BSWdBc0FDSUFjd0FpQURvQU5BQTRBRGNBTkFBMEFDd0FJZ0JsQUNJQU9nQTBBRGdBTndBMEFEUUFMQUFpQUc4QUlnQTZBQ0lBZFFCdUFHUUFaUUJtQUdrQWJnQmxBR1FBSUFCSEFFVUFWQUE2QUNBQWN3QjBBR0VBWndCcEFHNEFad0J3QUhJQVpRQmtBR2tBWXdCMEFEVUFMZ0JwQUc0QVpnQnNBSFVBWlFCdUFHTUFaUUJvQUdVQVlRQnNBSFFBYUFBdUFHTUFid0J0QURvQU13QXdBREFBTUFBdkFIQUFjZ0JsQUdRQWFRQmpBSFFBTHdCMkFERUFMd0JzQUc4QWJnQm5BRklBZFFCdUFHNEFhUUJ1QUdjQVZBQmhBSE1BYXdCekFDSUFMQUFpQUhRQUlnQTZBQ0lBWlFCMkFHVUFiZ0IwQUNJQWZRQXNBSHNBSWdCdUFDSUFPZ0FpQUhBQWNnQnZBR2NBY2dCbEFITUFjd0FpQUN3QUlnQnpBQ0lBT2dBMEFEa0FPUUEzQURZQUxBQWlBR1VBSWdBNkFEUUFPUUE1QURjQU5nQXNBQ0lBYndBaUFEb0FJZ0IxQUc0QVpBQmxBR1lBYVFCdUFHVUFaQUFnQUVjQVJRQlVBRG9BSUFCekFIUUFZUUJuQUdrQWJnQm5BSEFBY2dCbEFHUUFhUUJqQUhRQU5RQXVBR2tBYmdCbUFHd0FkUUJsQUc0QVl3QmxBR2dBWlFCaEFHd0FkQUJvQUM0QVl3QnZBRzBBT2dBMEFEUUFNd0F2QUNRQWJRQnZBR1FBZFFCc0FHVUFMd0J0QUc4QVpBQjFBR3dBWlFCekFDOEFhQUJ2QUcwQVpRQWlBQ3dBSWdCMEFDSUFPZ0FpQUdVQWRnQmxBRzRBZEFBaUFIMEFMQUI3QUNJQWJnQWlBRG9BSWdCd0FISUFid0JuQUhJQVpRQnpBSE1BSWdBc0FDSUFjd0FpQURvQU5BQTVBRGtBT0FBM0FDd0FJZ0JsQUNJQU9nQTBBRGtBT1FBNEFEY0FMQUFpQUc4QUlnQTZBQ0lBZFFCdUFHUUFaUUJtQUdrQWJnQmxBR1FBSUFCSEFFVUFWQUE2QUNBQWN3QjBBR0VBWndCcEFHNEFad0J3QUhJQVpRQmtBR2tBWXdCMEFEVUFMZ0JwQUc0QVpnQnNBSFVBWlFCdUFHTUFaUUJvQUdVQVlRQnNBSFFBYUFBdUFHTUFid0J0QURvQU5BQTBBRE1BTHdCMEFHVUFiUUJ3QUd3QVlRQjBBR1VBY3dBdkFHSUFZUUJ6QUdrQVl3QXZBR2tBZFFCcEFDMEFjQUJ2QUhJQWRBQmhBR3dBTFFCc0FHOEFad0J2QUM0QWFBQjBBRzBBYkFBaUFDd0FJZ0IwQUNJQU9nQWlBR1VBZGdCbEFHNEFkQUFpQUgwQUxBQjdBQ0lBYmdBaUFEb0FJZ0J3QUhJQWJ3Qm5BSElBWlFCekFITUFJZ0FzQUNJQWN3QWlBRG9BTlFBd0FEQUFNZ0EzQUN3QUlnQmxBQ0lBT2dBMUFEQUFNQUF5QURjQUxBQWlBRzhBSWdBNkFDSUFkUUJ1QUdRQVpRQm1BR2tBYmdCbEFHUUFJQUJIQUVVQVZBQTZBQ0FBY3dCMEFHRUFad0JwQUc0QVp3QndBSElBWlFCa0FHa0FZd0IwQURVQUxnQnBBRzRBWmdCc0FIVUFaUUJ1QUdNQVpRQm9BR1VBWVFCc0FIUUFhQUF1QUdNQWJ3QnRBRG9BTkFBMEFETUFMd0JzQUdFQWVRQnZBSFVBZEFCekFDOEFZZ0JoQUhNQVpRQXZBSE1BWlFCc0FHVUFZd0IwQUMwQVl3QnZBRzRBZEFCbEFIZ0FkQUF1QUdnQWRBQnRBR3dBSWdBc0FDSUFkQUFpQURvQUlnQmxBSFlBWlFCdUFIUUFJZ0I5QUN3QWV3QWlBRzRBSWdBNkFDSUFjQUJ5QUc4QVp3QnlBR1VBY3dCekFDSUFMQUFpQUhNQUlnQTZBRFVBTUFBd0FEY0FOQUFzQUNJQVpRQWlBRG9BTlFBd0FEQUFOd0EwQUN3QUlnQnZBQ0lBT2dBaUFIVUFiZ0JrQUdVQVpnQnBBRzRBWlFCa0FDQUFSd0JGQUZRQU9nQWdBSE1BZEFCaEFHY0FhUUJ1QUdjQWNBQnlBR1VBWkFCcEFHTUFkQUExQUM0QWFRQnVBR1lBYkFCMUFHVUFiZ0JqQUdVQWFBQmxBR0VBYkFCMEFHZ0FMZ0JqQUc4QWJRQTZBRFFBTkFBekFDOEFiQUJoQUhrQWJ3QjFBSFFBY3dBdkFHSUFZUUJ6QUdVQUx3QnpBR1VBWXdCdkFHNEFaQUJoQUhJQWVRQXRBSE1BYVFCa0FHVUFZZ0JoQUhJQUxRQnVBR0VBZGdCcEFHY0FZUUIwQUdrQWJ3QnVBQzRBYUFCMEFHMEFiQUFpQUN3QUlnQjBBQ0lBT2dBaUFHVUFkZ0JsQUc0QWRBQWlBSDBBTEFCN0FDSUFiZ0FpQURvQUlnQndBSElBYndCbkFISUFaUUJ6QUhNQUlnQXNBQ0lBY3dBaUFEb0FOUUF3QURBQU53QTFBQ3dBSWdCbEFDSUFPZ0ExQURBQU1BQTNBRFVBTEFBaUFHOEFJZ0E2QUNJQWRRQnVBR1FBWlFCbUFHa0FiZ0JsQUdRQUlBQkhBRVVBVkFBNkFDQUFjd0IwQUdFQVp3QnBBRzRBWndCd0FISUFaUUJrQUdrQVl3QjBBRFVBTGdCcEFHNEFaZ0JzQUhVQVpRQnVBR01BWlFCb0FHVUFZUUJzQUhRQWFBQXVBR01BYndCdEFEb0FOQUEwQURNQUx3QnNBR0VBZVFCdkFIVUFkQUJ6QUM4QVlnQmhBSE1BWlFBdkFITUFaUUJqQUc4QWJnQmtBR0VBY2dCNUFDMEFjd0JwQUdRQVpRQmlBR0VBY2dBdEFHNEFZUUIyQUdrQVp3QmhBSFFBYVFCdkFHNEFMZ0JvQUhRQWJRQnNBQ0lBTEFBaUFIUUFJZ0E2QUNJQVpRQjJBR1VBYmdCMEFDSUFmUUFzQUhzQUlnQnVBQ0lBT2dBaUFIQUFjZ0J2QUdjQWNnQmxBSE1BY3dBaUFDd0FJZ0J6QUNJQU9nQTFBREFBTXdBNEFEUUFMQUFpQUdVQUlnQTZBRFVBTUFBekFEZ0FOQUFzQUNJQWJ3QWlBRG9BSWdCMUFHNEFaQUJsQUdZQWFRQnVBR1VBWkFBZ0FFY0FSUUJVQURvQUlBQnpBSFFBWVFCbkFHa0FiZ0JuQUhBQWNnQmxBR1FBYVFCakFIUUFOUUF1QUdrQWJnQm1BR3dBZFFCbEFHNEFZd0JsQUdnQVpRQmhBR3dBZEFCb0FDNEFZd0J2QUcwQU9nQTBBRFFBTXdBdkFHMEFid0JrQUhVQWJBQmxBSE1BTHdCb0FHOEFiUUJsQUM4QUx3QnRBR0VBYVFCdUFDNEFhZ0J6QUNJQUxBQWlBSFFBSWdBNkFDSUFaUUIyQUdVQWJnQjBBQ0lBZlFBc0FIc0FJZ0J1QUNJQU9nQWlBSEFBY2dCdkFHY0FjZ0JsQUhNQWN3QWlBQ3dBSWdCekFDSUFPZ0ExQURBQU13QTVBREFBTEFBaUFHVUFJZ0E2QURVQU1BQXpBRGtBTUFBc0FDSUFid0FpQURvQUlnQjFBRzRBWkFCbEFHWUFhUUJ1QUdVQVpBQWdBRWNBUlFCVUFEb0FJQUJ6QUhRQVlRQm5BR2tBYmdCbkFIQUFjZ0JsQUdRQWFRQmpBSFFBTlFBdUFHa0FiZ0JtQUd3QWRRQmxBRzRBWXdCbEFHZ0FaUUJoQUd3QWRBQm9BQzRBWXdCdkFHMEFPZ0EwQURRQU13QXZBRzBBYndCa0FIVUFiQUJsQUhNQUx3Qm9BRzhBYlFCbEFDOEFMd0JqQUc4QWJnQjBBSElBYndCc0FHd0FaUUJ5QUhNQVhBQmNBRmNBWlFCc0FHTUFid0J0QUdVQVF3QjBBSElBYkFBdUFHb0Fjd0FpQUN3QUlnQjBBQ0lBT2dBaUFHVUFkZ0JsQUc0QWRBQWlBSDBBTEFCN0FDSUFiZ0FpQURvQUlnQndBSElBYndCbkFISUFaUUJ6QUhNQUlnQXNBQ0lBY3dBaUFEb0FOUUF3QURNQU9RQXhBQ3dBSWdCbEFDSUFPZ0ExQURBQU13QTVBREVBTEFBaUFHOEFJZ0E2QUNJQWRRQnVBR1FBWlFCbUFHa0FiZ0JsQUdRQUlBQkhBRVVBVkFBNkFDQUFjd0IwQUdFQVp3QnBBRzRBWndCd0FISUFaUUJrQUdrQVl3QjBBRFVBTGdCcEFHNEFaZ0JzQUhVQVpRQnVBR01BWlFCb0FHVUFZUUJzQUhRQWFBQXVBR01BYndCdEFEb0FOQUEwQURNQUx3QnRBRzhBWkFCMUFHd0FaUUJ6QUM4QWFBQnZBRzBBWlFBdkFDOEFZd0J2QUc0QWRBQnlBRzhBYkFCc0FHVUFjZ0J6QUZ3QVhBQlhBR1VBYkFCakFHOEFiUUJsQUVNQWRBQnlBR3dBTGdCcUFITUFJZ0FzQUNJQWRBQWlBRG9BSWdCbEFIWUFaUUJ1QUhRQUlnQjlBQ3dBZXdBaUFHNEFJZ0E2QUNJQWNBQnlBRzhBWndCeUFHVUFjd0J6QUNJQUxBQWlBSE1BSWdBNkFEVUFNQUEwQURVQU5nQXNBQ0lBWlFBaUFEb0FOUUF3QURRQU5RQTJBQ3dBSWdCdkFDSUFPZ0FpQUhVQWJnQmtBR1VBWmdCcEFHNEFaUUJrQUNBQVJ3QkZBRlFBT2dBZ0FITUFkQUJoQUdjQWFRQnVBR2NBY0FCeUFHVUFaQUJwQUdNQWRBQTFBQzRBYVFCdUFHWUFiQUIxQUdVQWJnQmpBR1VBYUFCbEFHRUFiQUIwQUdnQUxnQmpBRzhBYlFBNkFEUUFOQUF6QUM4QWJRQnZBR1FBZFFCc0FHVUFjd0F2QUdnQWJ3QnRBR1VBTHdCakFHOEFiZ0IwQUhJQWJ3QnNBR3dBWlFCeUFITUFMd0JYQUdVQWJBQmpBRzhBYlFCbEFFTUFkQUJ5QUd3QUxnQnFBSE1BSWdBc0FDSUFkQUFpQURvQUlnQmxBSFlBWlFCdUFIUUFJZ0I5QUN3QWV3QWlBRzRBSWdBNkFDSUFjQUJ5QUc4QVp3QnlBR1VBY3dCekFDSUFMQUFpQUhNQUlnQTZBRFVBTUFBMEFEVUFOZ0FzQUNJQVpRQWlBRG9BTlFBd0FEUUFOUUEyQUN3QUlnQnZBQ0lBT2dBaUFIVUFiZ0JrQUdVQVpnQnBBRzRBWlFCa0FDQUFSd0JGQUZRQU9nQWdBSE1BZEFCaEFHY0FhUUJ1QUdjQWNBQnlBR1VBWkFCcEFHTUFkQUExQUM0QWFRQnVBR1lBYkFCMUFHVUFiZ0JqQUdVQWFBQmxBR0VBYkFCMEFHZ0FMZ0JqQUc4QWJRQTZBRFFBTkFBekFDOEFiUUJ2QUdRQWRRQnNBR1VBY3dBdkFHZ0Fid0J0QUdVQUx3QmpBRzhBYmdCMEFISUFid0JzQUd3QVpRQnlBSE1BTHdCWEFHVUFiQUJqQUc4QWJRQmxBRU1BZEFCeUFHd0FMZ0JxQUhNQUlnQXNBQ0lBZEFBaUFEb0FJZ0JsQUhZQVpRQnVBSFFBSWdCOUFDd0Fld0FpQUc0QUlnQTZBQ0lBY0FCeUFHOEFad0J5QUdVQWN3QnpBQ0lBTEFBaUFITUFJZ0E2QURVQU1BQTBBRFlBTXdBc0FDSUFaUUFpQURvQU5RQXdBRFFBTmdBekFDd0FJZ0J2QUNJQU9nQWlBSFVBYmdCa0FHVUFaZ0JwQUc0QVpRQmtBQ0FBUndCRkFGUUFPZ0FnQUhNQWRBQmhBR2NBYVFCdUFHY0FjQUJ5QUdVQVpBQnBBR01BZEFBMUFDNEFhUUJ1QUdZQWJBQjFBR1VBYmdCakFHVUFhQUJsQUdFQWJBQjBBR2dBTGdCakFHOEFiUUE2QURRQU5BQXpBQzhBYlFCdkFHUUFkUUJzQUdVQWN3QXZBR2dBYndCdEFHVUFMd0JwQUc0QVpBQmxBSGdBTGdCb0FIUUFiUUJzQUNJQUxBQWlBSFFBSWdBNkFDSUFaUUIyQUdVQWJnQjBBQ0lBZlFBc0FIc0FJZ0J1QUNJQU9nQWlBSEFBY2dCdkFHY0FjZ0JsQUhNQWN3QWlBQ3dBSWdCekFDSUFPZ0ExQURBQU5RQTFBRE1BTEFBaUFHVUFJZ0E2QURVQU1BQTFBRFVBTXdBc0FDSUFid0FpQURvQUlnQjFBRzRBWkFCbEFHWUFhUUJ1QUdVQVpBQWdBRWNBUlFCVUFEb0FJQUJ6QUhRQVlRQm5BR2tBYmdCbkFIQUFjZ0JsQUdRQWFRQmpBSFFBTlFBdUFHa0FiZ0JtQUd3QWRRQmxBRzRBWXdCbEFHZ0FaUUJoQUd3QWRBQm9BQzRBWXdCdkFHMEFPZ0EwQURRQU13QXZBRzBBYndCa0FIVUFiQUJsQUhNQUx3Qm9BRzhBYlFCbEFDOEFkZ0JwQUdVQWR3QnpBQzhBZHdCbEFHd0FZd0J2QUcwQVpRQXVBR2dBZEFCdEFHd0FJZ0FzQUNJQWRBQWlBRG9BSWdCbEFIWUFaUUJ1QUhRQUlnQjlBQ3dBZXdBaUFHNEFJZ0E2QUNJQWNBQnlBRzhBWndCeUFHVUFjd0J6QUNJQUxBQWlBSE1BSWdBNkFEVUFNQUEyQURNQU1nQXNBQ0lBWlFBaUFEb0FOUUF3QURZQU13QXlBQ3dBSWdCdkFDSUFPZ0FpQUhVQWJnQmtBR1VBWmdCcEFHNEFaUUJrQUNBQVJ3QkZBRlFBT2dBZ0FITUFkQUJoQUdjQWFRQnVBR2NBY0FCeUFHVUFaQUJwQUdNQWRBQTFBQzRBYVFCdUFHWUFiQUIxQUdVQWJnQmpBR1VBYUFCbEFHRUFiQUIwQUdnQUxnQmpBRzhBYlFBNkFETUFNQUF3QURBQUx3QndBSElBWlFCa0FHa0FZd0IwQUM4QWRnQXhBQzhBYkFCdkFHNEFad0JTQUhVQWJnQnVBR2tBYmdCbkFGUUFZUUJ6QUdzQWN3QWlBQ3dBSWdCMEFDSUFPZ0FpQUdVQWRnQmxBRzRBZEFBaUFIMEFMQUI3QUNJQWJnQWlBRG9BSWdCd0FISUFid0JuQUhJQVpRQnpBSE1BSWdBc0FDSUFjd0FpQURvQU5RQXdBRFlBTXdBeUFDd0FJZ0JsQUNJQU9nQTFBREFBTmdBekFESUFMQUFpQUc4QUlnQTZBQ0lBZFFCdUFHUUFaUUJtQUdrQWJnQmxBR1FBSUFCSEFFVUFWQUE2QUNBQWN3QjBBR0VBWndCcEFHNEFad0J3QUhJQVpRQmtBR2tBWXdCMEFEVUFMZ0JwQUc0QVpnQnNBSFVBWlFCdUFHTUFaUUJvQUdVQVlRQnNBSFFBYUFBdUFHTUFid0J0QURvQU13QXdBREFBTUFBdkFIQUFjZ0JsQUdRQWFRQmpBSFFBTHdCMkFERUFMd0JzQUc4QWJnQm5BRklBZFFCdUFHNEFhUUJ1QUdjQVZBQmhBSE1BYXdCekFDSUFMQUFpQUhRQUlnQTZBQ0lBWlFCMkFHVUFiZ0IwQUNJQWZRQXNBSHNBSWdCdUFDSUFPZ0FpQUhBQWNnQnZBR2NBY2dCbEFITUFjd0FpQUN3QUlnQnpBQ0lBT2dBMUFERUFOUUEwQURFQUxBQWlBR1VBSWdBNkFEVUFNUUExQURRQU1RQXNBQ0lBYndBaUFEb0FJZ0IxQUc0QVpBQmxBR1lBYVFCdUFHVUFaQUFnQUVjQVJRQlVBRG9BSUFCekFIUUFZUUJuQUdrQWJnQm5BSEFBY2dCbEFHUUFhUUJqQUhRQU5RQXVBR2tBYmdCbUFHd0FkUUJsQUc0QVl3QmxBR2dBWlFCaEFHd0FkQUJvQUM0QVl3QnZBRzBBT2dBMEFEUUFNd0F2QUcwQWJ3QmtBSFVBYkFCbEFITUFMd0JvQUc4QWJRQmxBQzhBZGdCcEFHVUFkd0J6QUM4QVpBQmxBRzBBYndBdUFHZ0FkQUJ0QUd3QUlnQXNBQ0lBZEFBaUFEb0FJZ0JsQUhZQVpRQnVBSFFBSWdCOUFDd0Fld0FpQUc0QUlnQTZBQ0lBYUFCcEFITUFkQUJ2QUhJQWVRQXVBSEFBZFFCekFHZ0FVd0IwQUdFQWRBQmxBQ0lBTEFBaUFITUFJZ0E2QURRQU5nQTVBRFFBTVFBc0FDSUFaUUFpQURvQU5BQTJBRGtBTkFBeEFDd0FJZ0J2QUNJQU9nQWlBQzhBZFFCdUFHa0FkZ0JsQUhJQWN3QnBBSFFBZVFCakFHOEFiQUJ2QUhJQVlRQmtBRzhBTHdCaEFHTUFZd0J2QUhVQWJnQjBBSE1BSWdBc0FDSUFkQUFpQURvQUlnQXZBSFVBYmdCcEFIWUFaUUJ5QUhNQWFRQjBBSGtBWXdCdkFHd0Fid0J5QUdFQVpBQnZBQzhBY3dCbEFITUFjd0JwQUc4QWJnQXZBR3dBYndCbkFHa0FiZ0FpQUgwQUxBQjdBQ0lBYmdBaUFEb0FJZ0JvQUdrQWN3QjBBRzhBY2dCNUFDNEFjQUIxQUhNQWFBQlRBSFFBWVFCMEFHVUFJZ0FzQUNJQWN3QWlBRG9BTkFBNEFESUFNQUEzQUN3QUlnQmxBQ0lBT2dBMEFEZ0FNZ0F3QURjQUxBQWlBRzhBSWdBNkFDSUFMd0IxQUc0QWFRQjJBR1VBY2dCekFHa0FkQUI1QUdNQWJ3QnNBRzhBY2dCaEFHUUFid0FpQUN3QUlnQjBBQ0lBT2dBaUFDOEFkUUJ1QUdrQWRnQmxBSElBY3dCcEFIUUFlUUJqQUc4QWJBQnZBSElBWVFCa0FHOEFMd0JoQUdNQVl3QnZBSFVBYmdCMEFITUFJZ0I5QUN3QWV3QWlBRzRBSWdBNkFDSUFhQUJwQUhNQWRBQnZBSElBZVFBdUFIQUFkUUJ6QUdnQVV3QjBBR0VBZEFCbEFDSUFMQUFpQUhNQUlnQTZBRFFBT0FBeUFEVUFOQUFzQUNJQVpRQWlBRG9BTkFBNEFESUFOUUEwQUN3QUlnQnZBQ0lBT2dBaUFDOEFkUUJ1QUdrQWRnQmxBSElBY3dCcEFIUUFlUUJqQUc4QWJBQnZBSElBWVFCa0FHOEFMd0J3QUhJQWFRQnRBR0VBY2dCNUFDSUFMQUFpQUhRQUlnQTZBQ0lBTHdCMUFHNEFhUUIyQUdVQWNnQnpBR2tBZEFCNUFHTUFid0JzQUc4QWNnQmhBR1FBYndBaUFIMEFMQUI3QUNJQWJnQWlBRG9BSWdCc0FHOEFZUUJrQUNJQUxBQWlBSE1BSWdBNkFEUUFOd0F3QURBQU5nQXNBQ0lBWlFBaUFEb0FOQUEzQURBQU1RQXlBQ3dBSWdCdkFDSUFPZ0FpQURJQU1BQXdBQ0FBUndCRkFGUUFPZ0FnQUhNQWRBQmhBR2NBYVFCdUFHY0FjQUJ5QUdVQVpBQnBBR01BZEFBMUFDNEFhUUJ1QUdZQWJBQjFBR1VBYmdCakFHVUFhQUJsQUdFQWJBQjBBR2dBTGdCakFHOEFiUUE2QURRQU5BQXpBQzhBSkFCdEFHOEFaQUIxQUd3QVpRQXZBRzBBYndCa0FIVUFiQUJsQUhNQUx3QmhBR01BWXdCdkFIVUFiZ0IwQUhNQUlnQXNBQ0lBZEFBaUFEb0FJZ0JsQUhZQVpRQnVBSFFBSWdCOUFDd0Fld0FpQUc0QUlnQTZBQ0lBYkFCdkFHRUFaQUFpQUN3QUlnQnpBQ0lBT2dBMEFEY0FNQUEzQURVQUxBQWlBR1VBSWdBNkFEUUFOd0F5QURnQU9BQXNBQ0lBYndBaUFEb0FJZ0F5QURBQU1BQWdBRWNBUlFCVUFEb0FJQUJ6QUhRQVlRQm5BR2tBYmdCbkFIQUFjZ0JsQUdRQWFRQmpBSFFBTlFBdUFHa0FiZ0JtQUd3QWRRQmxBRzRBWXdCbEFHZ0FaUUJoQUd3QWRBQm9BQzRBWXdCdkFHMEFPZ0EwQURRQU13QXZBRzBBYndCa0FIVUFiQUJsQUhNQUx3QmhBR01BWXdCdkFIVUFiZ0IwQUhNQUx3QXZBR01BYndCdUFIUUFjZ0J2QUd3QWJBQmxBSElBY3dCY0FGd0FRUUJqQUdNQWJ3QjFBRzRBZEFCekFFTUFkQUJ5QUd3QUxnQnFBSE1BSWdBc0FDSUFkQUFpQURvQUlnQmxBSFlBWlFCdUFIUUFJZ0I5QUN3QWV3QWlBRzRBSWdBNkFDSUFiQUJ2QUdFQVpBQWlBQ3dBSWdCekFDSUFPZ0EwQURjQU5RQTNBRGNBTEFBaUFHVUFJZ0E2QURRQU53QTFBRGtBT0FBc0FDSUFid0FpQURvQUlnQXlBREFBTUFBZ0FFY0FSUUJVQURvQUlBQnpBSFFBWVFCbkFHa0FiZ0JuQUhBQWNnQmxBR1FBYVFCakFIUUFOUUF1QUdrQWJnQm1BR3dBZFFCbEFHNEFZd0JsQUdnQVpRQmhBR3dBZEFCb0FDNEFZd0J2QUcwQU9nQTBBRFFBTXdBdkFHMEFid0JrQUhVQWJBQmxBSE1BTHdCaEFHTUFZd0J2QUhVQWJnQjBBSE1BTHdCcEFHNEFaQUJsQUhnQUxnQm9BSFFBYlFCc0FDSUFMQUFpQUhRQUlnQTZBQ0lBWlFCMkFHVUFiZ0IwQUNJQWZRQXNBSHNBSWdCdUFDSUFPZ0FpQUd3QWJ3QmhBR1FBSWdBc0FDSUFjd0FpQURvQU5BQTRBRElBTVFBNEFDd0FJZ0JsQUNJQU9nQTBBRGdBTWdBMUFEWUFMQUFpQUc4QUlnQTZBQ0lBTWdBd0FEQUFJQUJIQUVVQVZBQTZBQ0FBY3dCMEFHRUFad0JwQUc0QVp3QndBSElBWlFCa0FHa0FZd0IwQURVQUxnQnBBRzRBWmdCc0FIVUFaUUJ1QUdNQVpRQm9BR1VBWVFCc0FIUUFhQUF1QUdNQWJ3QnRBRG9BTkFBMEFETUFMd0J0QUc4QVpBQjFBR3dBWlFCekFDOEFZUUJqQUdNQWJ3QjFBRzRBZEFCekFDOEFkZ0JwQUdVQWR3QnpBQzhBWXdCb0FHOEFid0J6QUdVQUxRQmpBRzhBYmdCMEFHVUFlQUIwQUM0QWFBQjBBRzBBYkFBaUFDd0FJZ0IwQUNJQU9nQWlBR1VBZGdCbEFHNEFkQUFpQUgwQUxBQjdBQ0lBYmdBaUFEb0FJZ0JzQUc4QVlRQmtBQ0lBTEFBaUFITUFJZ0E2QURRQU9BQXlBRGdBTXdBc0FDSUFaUUFpQURvQU5BQTRBRElBT0FBM0FDd0FJZ0J2QUNJQU9nQWlBRElBTUFBd0FDQUFSd0JGQUZRQU9nQWdBSE1BZEFCaEFHY0FhUUJ1QUdjQWNBQnlBR1VBWkFCcEFHTUFkQUExQUM0QWFRQnVBR1lBYkFCMUFHVUFiZ0JqQUdVQWFBQmxBR0VBYkFCMEFHZ0FMZ0JqQUc4QWJRQTZBRFFBTkFBekFDOEFKQUJ0QUc4QVpBQjFBR3dBWlFBdkFHd0FZUUI1QUc4QWRRQjBBSE1BTHdCaUFHRUFjd0JsQUNJQUxBQWlBSFFBSWdBNkFDSUFaUUIyQUdVQWJnQjBBQ0lBZlFBc0FIc0FJZ0J1QUNJQU9nQWlBR3dBYndCaEFHUUFJZ0FzQUNJQWN3QWlBRG9BTkFBNEFETUFOQUF6QUN3QUlnQmxBQ0lBT2dBMEFEZ0FNd0ExQURRQUxBQWlBRzhBSWdBNkFDSUFNZ0F3QURBQUlBQkhBRVVBVkFBNkFDQUFjd0IwQUdFQVp3QnBBRzRBWndCd0FISUFaUUJrQUdrQVl3QjBBRFVBTGdCcEFHNEFaZ0JzQUhVQVpRQnVBR01BWlFCb0FHVUFZUUJzQUhRQWFBQXVBR01BYndCdEFEb0FOQUEwQURNQUx3QnNBR0VBZVFCdkFIVUFkQUJ6QUM4QVlnQmhBSE1BWlFBdkFDOEFiUUJoQUdrQWJnQXVBR29BY3dBaUFDd0FJZ0IwQUNJQU9nQWlBR1VBZGdCbEFHNEFkQUFpQUgwQUxBQjdBQ0lBYmdBaUFEb0FJZ0JzQUc4QVlRQmtBQ0lBTEFBaUFITUFJZ0E2QURRQU9BQTBBREFBTVFBc0FDSUFaUUFpQURvQU5BQTRBRFlBT0FBMUFDd0FJZ0J2QUNJQU9nQWlBRElBTUFBd0FDQUFSd0JGQUZRQU9nQWdBSE1BZEFCaEFHY0FhUUJ1QUdjQWNBQnlBR1VBWkFCcEFHTUFkQUExQUM0QWFRQnVBR1lBYkFCMUFHVUFiZ0JqQUdVQWFBQmxBR0VBYkFCMEFHZ0FMZ0JqQUc4QWJRQTZBRFFBTkFBekFDOEFiQUJoQUhrQWJ3QjFBSFFBY3dBdkFHSUFZUUJ6QUdVQUx3QnBBRzRBWkFCbEFIZ0FMZ0JvQUhRQWJRQnNBQ0lBTEFBaUFIUUFJZ0E2QUNJQVpRQjJBR1VBYmdCMEFDSUFmUUFzQUhzQUlnQnVBQ0lBT2dBaUFHd0Fid0JoQUdRQUlnQXNBQ0lBY3dBaUFEb0FOQUE1QURrQU53QTJBQ3dBSWdCbEFDSUFPZ0EwQURrQU9RQTRBRFlBTEFBaUFHOEFJZ0E2QUNJQU1nQXdBREFBSUFCSEFFVUFWQUE2QUNBQWN3QjBBR0VBWndCcEFHNEFad0J3QUhJQVpRQmtBR2tBWXdCMEFEVUFMZ0JwQUc0QVpnQnNBSFVBWlFCdUFHTUFaUUJvQUdVQVlRQnNBSFFBYUFBdUFHTUFid0J0QURvQU5BQTBBRE1BTHdBa0FHMEFid0JrQUhVQWJBQmxBQzhBYlFCdkFHUUFkUUJzQUdVQWN3QXZBR2dBYndCdEFHVUFJZ0FzQUNJQWRBQWlBRG9BSWdCbEFIWUFaUUJ1QUhRQUlnQjlBQ3dBZXdBaUFHNEFJZ0E2QUNJQWJBQnZBR0VBWkFBaUFDd0FJZ0J6QUNJQU9nQTFBREFBTXdBNEFEUUFMQUFpQUdVQUlnQTZBRFVBTUFBekFEa0FNQUFzQUNJQWJ3QWlBRG9BSWdBeUFEQUFNQUFnQUVjQVJRQlVBRG9BSUFCekFIUUFZUUJuQUdrQWJnQm5BSEFBY2dCbEFHUUFhUUJqQUhRQU5RQXVBR2tBYmdCbUFHd0FkUUJsQUc0QVl3QmxBR2dBWlFCaEFHd0FkQUJvQUM0QVl3QnZBRzBBT2dBMEFEUUFNd0F2QUcwQWJ3QmtBSFVBYkFCbEFITUFMd0JvQUc4QWJRQmxBQzhBTHdCdEFHRUFhUUJ1QUM0QWFnQnpBQ0lBTEFBaUFIUUFJZ0E2QUNJQVpRQjJBR1VBYmdCMEFDSUFmUUFzQUhzQUlnQnVBQ0lBT2dBaUFHd0Fid0JoQUdRQUlnQXNBQ0lBY3dBaUFEb0FOUUF3QURNQU9RQXhBQ3dBSWdCbEFDSUFPZ0ExQURBQU5BQXdBRElBTEFBaUFHOEFJZ0E2QUNJQU1nQXdBREFBSUFCSEFFVUFWQUE2QUNBQWN3QjBBR0VBWndCcEFHNEFad0J3QUhJQVpRQmtBR2tBWXdCMEFEVUFMZ0JwQUc0QVpnQnNBSFVBWlFCdUFHTUFaUUJvQUdVQVlRQnNBSFFBYUFBdUFHTUFid0J0QURvQU5BQTBBRE1BTHdCdEFHOEFaQUIxQUd3QVpRQnpBQzhBYUFCdkFHMEFaUUF2QUM4QVl3QnZBRzRBZEFCeUFHOEFiQUJzQUdVQWNnQnpBRndBWEFCWEFHVUFiQUJqQUc4QWJRQmxBRU1BZEFCeUFHd0FMZ0JxQUhNQUlnQXNBQ0lBZEFBaUFEb0FJZ0JsQUhZQVpRQnVBSFFBSWdCOUFDd0Fld0FpQUc0QUlnQTZBQ0lBYkFCdkFHRUFaQUFpQUN3QUlnQnpBQ0lBT2dBMUFEQUFOQUExQURjQUxBQWlBR1VBSWdBNkFEVUFNQUEwQURVQU9RQXNBQ0lBYndBaUFEb0FJZ0F5QURBQU1BQWdBRWNBUlFCVUFEb0FJQUJ6QUhRQVlRQm5BR2tBYmdCbkFIQUFjZ0JsQUdRQWFRQmpBSFFBTlFBdUFHa0FiZ0JtQUd3QWRRQmxBRzRBWXdCbEFHZ0FaUUJoQUd3QWRBQm9BQzRBWXdCdkFHMEFPZ0EwQURRQU13QXZBRzBBYndCa0FIVUFiQUJsQUhNQUx3Qm9BRzhBYlFCbEFDOEFZd0J2QUc0QWRBQnlBRzhBYkFCc0FHVUFjZ0J6QUM4QVZ3QmxBR3dBWXdCdkFHMEFaUUJEQUhRQWNnQnNBQzRBYWdCekFDSUFMQUFpQUhRQUlnQTZBQ0lBWlFCMkFHVUFiZ0IwQUNJQWZRQXNBSHNBSWdCdUFDSUFPZ0FpQUd3QWJ3QmhBR1FBSWdBc0FDSUFjd0FpQURvQU5RQXdBRFFBTmdBekFDd0FJZ0JsQUNJQU9nQTFBREFBTlFBd0FEWUFMQUFpQUc4QUlnQTZBQ0lBTWdBd0FEQUFJQUJIQUVVQVZBQTZBQ0FBY3dCMEFHRUFad0JwQUc0QVp3QndBSElBWlFCa0FHa0FZd0IwQURVQUxnQnBBRzRBWmdCc0FIVUFaUUJ1QUdNQVpRQm9BR1VBWVFCc0FIUUFhQUF1QUdNQWJ3QnRBRG9BTkFBMEFETUFMd0J0QUc4QVpBQjFBR3dBWlFCekFDOEFhQUJ2QUcwQVpRQXZBR2tBYmdCa0FHVUFlQUF1QUdnQWRBQnRBR3dBSWdBc0FDSUFkQUFpQURvQUlnQmxBSFlBWlFCdUFIUUFJZ0I5QUN3QWV3QWlBRzRBSWdBNkFDSUFiQUJ2QUdFQVpBQWlBQ3dBSWdCekFDSUFPZ0ExQURBQU5RQTFBRE1BTEFBaUFHVUFJZ0E2QURVQU1BQTJBRElBTmdBc0FDSUFid0FpQURvQUlnQXlBREFBTUFBZ0FFY0FSUUJVQURvQUlBQnpBSFFBWVFCbkFHa0FiZ0JuQUhBQWNnQmxBR1FBYVFCakFIUUFOUUF1QUdrQWJnQm1BR3dBZFFCbEFHNEFZd0JsQUdnQVpRQmhBR3dBZEFCb0FDNEFZd0J2QUcwQU9nQTBBRFFBTXdBdkFHMEFid0JrQUhVQWJBQmxBSE1BTHdCb0FHOEFiUUJsQUM4QWRnQnBBR1VBZHdCekFDOEFkd0JsQUd3QVl3QnZBRzBBWlFBdUFHZ0FkQUJ0QUd3QUlnQXNBQ0lBZEFBaUFEb0FJZ0JsQUhZQVpRQnVBSFFBSWdCOUFDd0Fld0FpQUc0QUlnQTZBQ0lBYkFCdkFHRUFaQUFpQUN3QUlnQnpBQ0lBT2dBMUFERUFOUUEwQURFQUxBQWlBR1VBSWdBNkFEVUFNUUExQURjQU9RQXNBQ0lBYndBaUFEb0FJZ0F5QURBQU1BQWdBRWNBUlFCVUFEb0FJQUJ6QUhRQVlRQm5BR2tBYmdCbkFIQUFjZ0JsQUdRQWFRQmpBSFFBTlFBdUFHa0FiZ0JtQUd3QWRRQmxBRzRBWXdCbEFHZ0FaUUJoQUd3QWRBQm9BQzRBWXdCdkFHMEFPZ0EwQURRQU13QXZBRzBBYndCa0FIVUFiQUJsQUhNQUx3Qm9BRzhBYlFCbEFDOEFkZ0JwQUdVQWR3QnpBQzhBWkFCbEFHMEFid0F1QUdnQWRBQnRBR3dBSWdBc0FDSUFkQUFpQURvQUlnQmxBSFlBWlFCdUFIUUFJZ0I5QUN3QWV3QWlBRzRBSWdBNkFDSUFaUUJ5QUhJQWJ3QnlBQ0lBTEFBaUFITUFJZ0E2QURRQU9BQTNBRElBTndBc0FDSUFaUUFpQURvQU5BQTRBRGNBTWdBM0FDd0FJZ0J2QUNJQU9nQWlBRk1BZVFCdUFIUUFZUUI0QUNBQVpRQnlBSElBYndCeUFDSUFMQUFpQUhRQUlnQTZBRGdBTndBNEFEQUFOQUE0QURJQU1BQXhBSDBBTEFCN0FDSUFiZ0FpQURvQUlnQjRBRzBBYkFCb0FIUUFkQUJ3QUhJQVpRQnhBSFVBWlFCekFIUUFJZ0FzQUNJQWN3QWlBRG9BTWdBeUFEZ0FNQUE0QUN3QUlnQmxBQ0lBT2dBeUFESUFPUUF4QURJQUxBQWlBRzhBSWdBNkFDSUFhQUIwQUhRQWNBQnpBRG9BTHdBdkFHSUFZUUJ0QUM0QWJnQnlBQzBBWkFCaEFIUUFZUUF1QUc0QVpRQjBBRG9BTkFBMEFETUFMd0J5QUdVQWN3QnZBSFVBY2dCakFHVUFjd0F2QURFQUx3QmxBRFFBWmdBMkFETUFaQUJoQURZQU13QTNBQ0lBTEFBaUFIUUFJZ0E2QUNJQWNnQmxBSE1BYndCMUFISUFZd0JsQUNJQWZRQXNBSHNBSWdCdUFDSUFPZ0FpQUhnQWJRQnNBR2dBZEFCMEFIQUFjZ0JsQUhFQWRRQmxBSE1BZEFBaUFDd0FJZ0J6QUNJQU9nQTBBREFBTmdBeUFEWUFMQUFpQUdVQUlnQTZBRFFBTUFBMkFEZ0FNd0FzQUNJQWJ3QWlBRG9BSWdCb0FIUUFkQUJ3QUhNQU9nQXZBQzhBWWdCaEFHMEFMZ0J1QUhJQUxRQmtBR0VBZEFCaEFDNEFiZ0JsQUhRQU9nQTBBRFFBTXdBdkFISUFaUUJ6QUc4QWRRQnlBR01BWlFCekFDOEFNUUF2QUdVQU5BQm1BRFlBTXdCa0FHRUFOZ0F6QURjQUlnQXNBQ0lBZEFBaUFEb0FJZ0J5QUdVQWN3QnZBSFVBY2dCakFHVUFJZ0I5QUN3QWV3QWlBRzRBSWdBNkFDSUFlQUJ0QUd3QWFBQjBBSFFBY0FCeUFHVUFjUUIxQUdVQWN3QjBBQ0lBTEFBaUFITUFJZ0E2QURRQU5BQTRBREVBTndBc0FDSUFaUUFpQURvQU5BQTJBRGtBTXdBekFDd0FJZ0J2QUNJQU9nQWlBR2dBZEFCMEFIQUFjd0E2QUM4QUx3QnpBSFFBWVFCbkFHa0FiZ0JuQUhBQWNnQmxBR1FBYVFCakFIUUFOUUF1QUdrQWJnQm1BR3dBZFFCbEFHNEFZd0JsQUdnQVpRQmhBR3dBZEFCb0FDNEFZd0J2QUcwQU9nQXpBREFBTUFBd0FDOEFjQUJ5QUdVQVpBQnBBR01BZEFBdkFIWUFNUUF2QUdNQWJBQnBBR1VBYmdCMEFITUFMd0IxQUc0QWFRQjJBR1VBY2dCekFHa0FkQUI1QUdNQWJ3QnNBRzhBY2dCaEFHUUFid0F2QUdFQWRRQjBBR2dBVkFCdkFHc0FaUUJ1QUNJQUxBQWlBSFFBSWdBNkFDSUFjZ0JsQUhNQWJ3QjFBSElBWXdCbEFDSUFmUUFzQUhzQUlnQnVBQ0lBT2dBaUFIZ0FiUUJzQUdnQWRBQjBBSEFBY2dCbEFIRUFkUUJsQUhNQWRBQWlBQ3dBSWdCekFDSUFPZ0EwQURZQU9RQTFBRFFBTEFBaUFHVUFJZ0E2QURRQU53QXdBREFBTkFBc0FDSUFid0FpQURvQUlnQm9BSFFBZEFCd0FITUFPZ0F2QUM4QWN3QjBBR0VBWndCcEFHNEFad0J3QUhJQVpRQmtBR2tBWXdCMEFEVUFMZ0JwQUc0QVpnQnNBSFVBWlFCdUFHTUFaUUJvQUdVQVlRQnNBSFFBYUFBdUFHTUFid0J0QURvQU5BQTBBRE1BTHdBa0FHMEFid0JrQUhVQWJBQmxBQzhBYlFCdkFHUUFkUUJzQUdVQWN3QXZBR0VBWXdCakFHOEFkUUJ1QUhRQWN3QWlBQ3dBSWdCMEFDSUFPZ0FpQUhJQVpRQnpBRzhBZFFCeUFHTUFaUUFpQUgwQUxBQjdBQ0lBYmdBaUFEb0FJZ0I0QUcwQWJBQm9BSFFBZEFCd0FISUFaUUJ4QUhVQVpRQnpBSFFBSWdBc0FDSUFjd0FpQURvQU5BQTNBREFBTVFBeUFDd0FJZ0JsQUNJQU9nQTBBRGNBTUFBM0FESUFMQUFpQUc4QUlnQTZBQ0lBYUFCMEFIUUFjQUJ6QURvQUx3QXZBSE1BZEFCaEFHY0FhUUJ1QUdjQWNBQnlBR1VBWkFCcEFHTUFkQUExQUM0QWFRQnVBR1lBYkFCMUFHVUFiZ0JqQUdVQWFBQmxBR0VBYkFCMEFHZ0FMZ0JqQUc4QWJRQTZBRFFBTkFBekFDOEFiUUJ2QUdRQWRRQnNBR1VBY3dBdkFHRUFZd0JqQUc4QWRRQnVBSFFBY3dBdkFDOEFZd0J2QUc0QWRBQnlBRzhBYkFCc0FHVUFjZ0J6QUM4QVFRQmpBR01BYndCMUFHNEFkQUJ6QUVNQWRBQnlBR3dBTGdCcUFITUFJZ0FzQUNJQWRBQWlBRG9BSWdCeUFHVUFjd0J2QUhVQWNnQmpBR1VBSWdCOUFDd0Fld0FpQUc0QUlnQTZBQ0lBZUFCdEFHd0FhQUIwQUhRQWNBQnlBR1VBY1FCMUFHVUFjd0IwQUNJQUxBQWlBSE1BSWdBNkFEUUFOd0F6QURBQU5RQXNBQ0lBWlFBaUFEb0FOQUEzQURVQU53QTFBQ3dBSWdCdkFDSUFPZ0FpQUdnQWRBQjBBSEFBY3dBNkFDOEFMd0J6QUhRQVlRQm5BR2tBYmdCbkFIQUFjZ0JsQUdRQWFRQmpBSFFBTlFBdUFHa0FiZ0JtQUd3QWRRQmxBRzRBWXdCbEFHZ0FaUUJoQUd3QWRBQm9BQzRBWXdCdkFHMEFPZ0EwQURRQU13QXZBRzBBYndCa0FIVUFiQUJsQUhNQUx3QmhBR01BWXdCdkFIVUFiZ0IwQUhNQUx3QnBBRzRBWkFCbEFIZ0FMZ0JvQUhRQWJRQnNBQ0lBTEFBaUFIUUFJZ0E2QUNJQWNnQmxBSE1BYndCMUFISUFZd0JsQUNJQWZRQXNBSHNBSWdCdUFDSUFPZ0FpQUhnQWJRQnNBR2dBZEFCMEFIQUFjZ0JsQUhFQWRRQmxBSE1BZEFBaUFDd0FJZ0J6QUNJQU9nQTBBRGNBTlFBNUFEZ0FMQUFpQUdVQUlnQTZBRFFBT0FBeEFEWUFPUUFzQUNJQWJ3QWlBRG9BSWdCb0FIUUFkQUJ3QUhNQU9nQXZBQzhBY3dCMEFHRUFad0JwQUc0QVp3QndBSElBWlFCa0FHa0FZd0IwQURVQUxnQnBBRzRBWmdCc0FIVUFaUUJ1QUdNQVpRQm9BR1VBWVFCc0FIUUFhQUF1QUdNQWJ3QnRBRG9BTXdBd0FEQUFNQUF2QUhBQWNnQmxBR1FBYVFCakFIUUFMd0IyQURFQUx3QmpBR3dBYVFCbEFHNEFkQUJ6QUM4QWRRQnVBR2tBZGdCbEFISUFjd0JwQUhRQWVRQmpBRzhBYkFCdkFISUFZUUJrQUc4QUx3QnNBR2tBY3dCMEFHTUFiQUJwQUdVQWJnQjBBSE1BSWdBc0FDSUFkQUFpQURvQUlnQnlBR1VBY3dCdkFIVUFjZ0JqQUdVQUlnQjlBQ3dBZXdBaUFHNEFJZ0E2QUNJQWVBQnRBR3dBYUFCMEFIUUFjQUJ5QUdVQWNRQjFBR1VBY3dCMEFDSUFMQUFpQUhNQUlnQTZBRFFBTndBMUFEa0FPQUFzQUNJQVpRQWlBRG9BTkFBNEFESUFNQUF3QUN3QUlnQnZBQ0lBT2dBaUFHZ0FkQUIwQUhBQWN3QTZBQzhBTHdCekFIUUFZUUJuQUdrQWJnQm5BSEFBY2dCbEFHUUFhUUJqQUhRQU5RQXVBR2tBYmdCbUFHd0FkUUJsQUc0QVl3QmxBR2dBWlFCaEFHd0FkQUJvQUM0QVl3QnZBRzBBT2dBMEFEUUFNd0F2QUcwQWJ3QmtBSFVBYkFCbEFITUFMd0JoQUdNQVl3QnZBSFVBYmdCMEFITUFMd0IyQUdrQVpRQjNBSE1BTHdCakFHZ0Fid0J2QUhNQVpRQXRBR01BYndCdUFIUUFaUUI0QUhRQUxnQm9BSFFBYlFCc0FDSUFMQUFpQUhRQUlnQTZBQ0lBY2dCbEFITUFid0IxQUhJQVl3QmxBQ0lBZlFBc0FIc0FJZ0J1QUNJQU9nQWlBSGdBYlFCc0FHZ0FkQUIwQUhBQWNnQmxBSEVBZFFCbEFITUFkQUFpQUN3QUlnQnpBQ0lBT2dBMEFEZ0FNZ0EyQURJQUxBQWlBR1VBSWdBNkFEUUFPQUF5QURnQU1RQXNBQ0lBYndBaUFEb0FJZ0JvQUhRQWRBQndBSE1BT2dBdkFDOEFjd0IwQUdFQVp3QnBBRzRBWndCd0FISUFaUUJrQUdrQVl3QjBBRFVBTGdCcEFHNEFaZ0JzQUhVQVpRQnVBR01BWlFCb0FHVUFZUUJzQUhRQWFBQXVBR01BYndCdEFEb0FOQUEwQURNQUx3QWtBRzBBYndCa0FIVUFiQUJsQUM4QWJBQmhBSGtBYndCMUFIUUFjd0F2QUdJQVlRQnpBR1VBSWdBc0FDSUFkQUFpQURvQUlnQnlBR1VBY3dCdkFIVUFjZ0JqQUdVQUlnQjlBQ3dBZXdBaUFHNEFJZ0E2QUNJQWVBQnRBR3dBYUFCMEFIUUFjQUJ5QUdVQWNRQjFBR1VBY3dCMEFDSUFMQUFpQUhNQUlnQTZBRFFBT0FBeUFEZ0FOZ0FzQUNJQVpRQWlBRG9BTkFBNEFETUFOQUF3QUN3QUlnQnZBQ0lBT2dBaUFHZ0FkQUIwQUhBQWN3QTZBQzhBTHdCekFIUUFZUUJuQUdrQWJnQm5BSEFBY2dCbEFHUUFhUUJqQUhRQU5RQXVBR2tBYmdCbUFHd0FkUUJsQUc0QVl3QmxBR2dBWlFCaEFHd0FkQUJvQUM0QVl3QnZBRzBBT2dBMEFEUUFNd0F2QUd3QVlRQjVBRzhBZFFCMEFITUFMd0JpQUdFQWN3QmxBQzhBTHdCdEFHRUFhUUJ1QUM0QWFnQnpBQ0lBTEFBaUFIUUFJZ0E2QUNJQWNnQmxBSE1BYndCMUFISUFZd0JsQUNJQWZRQXNBSHNBSWdCdUFDSUFPZ0FpQUhnQWJRQnNBR2dBZEFCMEFIQUFjZ0JsQUhFQWRRQmxBSE1BZEFBaUFDd0FJZ0J6QUNJQU9nQTBBRGdBTXdBMUFETUFMQUFpQUdVQUlnQTZBRFFBT0FBekFEa0FPQUFzQUNJQWJ3QWlBRG9BSWdCb0FIUUFkQUJ3QUhNQU9nQXZBQzhBY3dCMEFHRUFad0JwQUc0QVp3QndBSElBWlFCa0FHa0FZd0IwQURVQUxnQnBBRzRBWmdCc0FIVUFaUUJ1QUdNQVpRQm9BR1VBWVFCc0FIUUFhQUF1QUdNQWJ3QnRBRG9BTkFBMEFETUFMd0JzQUdFQWVRQnZBSFVBZEFCekFDOEFZZ0JoQUhNQVpRQXZBR2tBYmdCa0FHVUFlQUF1QUdnQWRBQnRBR3dBSWdBc0FDSUFkQUFpQURvQUlnQnlBR1VBY3dCdkFIVUFjZ0JqQUdVQUlnQjlBQ3dBZXdBaUFHNEFJZ0E2QUNJQWVBQnRBR3dBYUFCMEFIUUFjQUJ5QUdVQWNRQjFBR1VBY3dCMEFDSUFMQUFpQUhNQUlnQTZBRFFBT0FBM0FETUFNQUFzQUNJQVpRQWlBRG9BTkFBNEFEY0FNd0F6QUN3QUlnQnZBQ0lBT2dBaUFHZ0FkQUIwQUhBQWN3QTZBQzhBTHdCekFIUUFZUUJuQUdrQWJnQm5BSEFBY2dCbEFHUUFhUUJqQUhRQU5RQXVBR2tBYmdCbUFHd0FkUUJsQUc0QVl3QmxBR2dBWlFCaEFHd0FkQUJvQUM0QVl3QnZBRzBBT2dBekFEQUFNQUF3QUM4QWNBQnlBR1VBWkFCcEFHTUFkQUF2QUhZQU1RQXZBR3dBYndCdUFHY0FVZ0IxQUc0QWJnQnBBRzRBWndCVUFHRUFjd0JyQUhNQUlnQXNBQ0lBZEFBaUFEb0FJZ0J5QUdVQWN3QnZBSFVBY2dCakFHVUFJZ0I5QUN3QWV3QWlBRzRBSWdBNkFDSUFlQUJ0QUd3QWFBQjBBSFFBY0FCeUFHVUFjUUIxQUdVQWN3QjBBQ0lBTEFBaUFITUFJZ0E2QURRQU9BQTNBRE1BTXdBc0FDSUFaUUFpQURvQU5BQTRBRGNBTXdBMUFDd0FJZ0J2QUNJQU9nQWlBR2dBZEFCMEFIQUFjd0E2QUM4QUx3QnpBSFFBWVFCbkFHa0FiZ0JuQUhBQWNnQmxBR1FBYVFCakFIUUFOUUF1QUdrQWJnQm1BR3dBZFFCbEFHNEFZd0JsQUdnQVpRQmhBR3dBZEFCb0FDNEFZd0J2QUcwQU9nQTBBRFFBTXdBdkFDUUFiUUJ2QUdRQWRRQnNBR1VBTHdCdEFHOEFaQUIxQUd3QVpRQnpBQzhBYUFCdkFHMEFaUUFpQUN3QUlnQjBBQ0lBT2dBaUFISUFaUUJ6QUc4QWRRQnlBR01BWlFBaUFIMEFMQUI3QUNJQWJnQWlBRG9BSWdCNEFHMEFiQUJvQUhRQWRBQndBSElBWlFCeEFIVUFaUUJ6QUhRQUlnQXNBQ0lBY3dBaUFEb0FOQUE0QURjQU13QTFBQ3dBSWdCbEFDSUFPZ0EwQURnQU53QXpBRGNBTEFBaUFHOEFJZ0E2QUNJQWFBQjBBSFFBY0FCekFEb0FMd0F2QUhNQWRBQmhBR2NBYVFCdUFHY0FjQUJ5QUdVQVpBQnBBR01BZEFBMUFDNEFhUUJ1QUdZQWJBQjFBR1VBYmdCakFHVUFhQUJsQUdFQWJBQjBBR2dBTGdCakFHOEFiUUE2QURRQU5BQXpBQzhBZEFCbEFHMEFjQUJzQUdFQWRBQmxBSE1BTHdCaUFHRUFjd0JwQUdNQUx3QnBBSFVBYVFBdEFIQUFid0J5QUhRQVlRQnNBQzBBYkFCdkFHY0Fid0F1QUdnQWRBQnRBR3dBSWdBc0FDSUFkQUFpQURvQUlnQnlBR1VBY3dCdkFIVUFjZ0JqQUdVQUlnQjlBQ3dBZXdBaUFHNEFJZ0E2QUNJQWVBQnRBR3dBYUFCMEFIUUFjQUJ5QUdVQWNRQjFBR1VBY3dCMEFDSUFMQUFpQUhNQUlnQTZBRFFBT0FBM0FETUFOd0FzQUNJQVpRQWlBRG9BTkFBNEFEY0FNd0E1QUN3QUlnQnZBQ0lBT2dBaUFHZ0FkQUIwQUhBQWN3QTZBQzhBTHdCekFIUUFZUUJuQUdrQWJnQm5BSEFBY2dCbEFHUUFhUUJqQUhRQU5RQXVBR2tBYmdCbUFHd0FkUUJsQUc0QVl3QmxBR2dBWlFCaEFHd0FkQUJvQUM0QVl3QnZBRzBBT2dBMEFEUUFNd0F2QUd3QVlRQjVBRzhBZFFCMEFITUFMd0JpQUdFQWN3QmxBQzhBY3dCbEFHd0FaUUJqQUhRQUxRQmpBRzhBYmdCMEFHVUFlQUIwQUM0QWFBQjBBRzBBYkFBaUFDd0FJZ0IwQUNJQU9nQWlBSElBWlFCekFHOEFkUUJ5QUdNQVpRQWlBSDBBTEFCN0FDSUFiZ0FpQURvQUlnQjRBRzBBYkFCb0FIUUFkQUJ3QUhJQVpRQnhBSFVBWlFCekFIUUFJZ0FzQUNJQWN3QWlBRG9BTkFBNEFEY0FNd0E1QUN3QUlnQmxBQ0lBT2dBMEFEZ0FOd0EwQURBQUxBQWlBRzhBSWdBNkFDSUFhQUIwQUhRQWNBQnpBRG9BTHdBdkFITUFkQUJoQUdjQWFRQnVBR2NBY0FCeUFHVUFaQUJwQUdNQWRBQTFBQzRBYVFCdUFHWUFiQUIxQUdVQWJnQmpBR1VBYUFCbEFHRUFiQUIwQUdnQUxnQmpBRzhBYlFBNkFEUUFOQUF6QUM4QWJBQmhBSGtBYndCMUFIUUFjd0F2QUdJQVlRQnpBR1VBTHdCekFHVUFZd0J2QUc0QVpBQmhBSElBZVFBdEFITUFhUUJrQUdVQVlnQmhBSElBTFFCdUFHRUFkZ0JwQUdjQVlRQjBBR2tBYndCdUFDNEFhQUIwQUcwQWJBQWlBQ3dBSWdCMEFDSUFPZ0FpQUhJQVpRQnpBRzhBZFFCeUFHTUFaUUFpQUgwQUxBQjdBQ0lBYmdBaUFEb0FJZ0I0QUcwQWJBQm9BSFFBZEFCd0FISUFaUUJ4QUhVQVpRQnpBSFFBSWdBc0FDSUFjd0FpQURvQU5RQXdBRE1BTndBMEFDd0FJZ0JsQUNJQU9nQTFBREFBTXdBM0FEZ0FMQUFpQUc4QUlnQTZBQ0lBYUFCMEFIUUFjQUJ6QURvQUx3QXZBSE1BZEFCaEFHY0FhUUJ1QUdjQWNBQnlBR1VBWkFCcEFHTUFkQUExQUM0QWFRQnVBR1lBYkFCMUFHVUFiZ0JqQUdVQWFBQmxBR0VBYkFCMEFHZ0FMZ0JqQUc4QWJRQTZBRFFBTkFBekFDOEFiUUJ2QUdRQWRRQnNBR1VBY3dBdkFHZ0Fid0J0QUdVQUx3QXZBRzBBWVFCcEFHNEFMZ0JxQUhNQUlnQXNBQ0lBZEFBaUFEb0FJZ0J5QUdVQWN3QnZBSFVBY2dCakFHVUFJZ0I5QUN3QWV3QWlBRzRBSWdBNkFDSUFlQUJ0QUd3QWFBQjBBSFFBY0FCeUFHVUFjUUIxQUdVQWN3QjBBQ0lBTEFBaUFITUFJZ0E2QURVQU1BQXpBRGNBT0FBc0FDSUFaUUFpQURvQU5RQXdBRE1BT0FBeUFDd0FJZ0J2QUNJQU9nQWlBR2dBZEFCMEFIQUFjd0E2QUM4QUx3QnpBSFFBWVFCbkFHa0FiZ0JuQUhBQWNnQmxBR1FBYVFCakFIUUFOUUF1QUdrQWJnQm1BR3dBZFFCbEFHNEFZd0JsQUdnQVpRQmhBR3dBZEFCb0FDNEFZd0J2QUcwQU9nQTBBRFFBTXdBdkFHMEFid0JrQUhVQWJBQmxBSE1BTHdCb0FHOEFiUUJsQUM4QUx3QmpBRzhBYmdCMEFISUFid0JzQUd3QVpRQnlBSE1BTHdCWEFHVUFiQUJqQUc4QWJRQmxBRU1BZEFCeUFHd0FMZ0JxQUhNQUlnQXNBQ0lBZEFBaUFEb0FJZ0J5QUdVQWN3QnZBSFVBY2dCakFHVUFJZ0I5QUN3QWV3QWlBRzRBSWdBNkFDSUFlQUJ0QUd3QWFBQjBBSFFBY0FCeUFHVUFjUUIxQUdVQWN3QjBBQ0lBTEFBaUFITUFJZ0E2QURVQU1BQTBBREFBTWdBc0FDSUFaUUFpQURvQU5RQXdBRFFBTlFBMEFDd0FJZ0J2QUNJQU9nQWlBR2dBZEFCMEFIQUFjd0E2QUM4QUx3QnpBSFFBWVFCbkFHa0FiZ0JuQUhBQWNnQmxBR1FBYVFCakFIUUFOUUF1QUdrQWJnQm1BR3dBZFFCbEFHNEFZd0JsQUdnQVpRQmhBR3dBZEFCb0FDNEFZd0J2QUcwQU9nQTBBRFFBTXdBdkFHMEFid0JrQUhVQWJBQmxBSE1BTHdCb0FHOEFiUUJsQUM4QVl3QnZBRzRBZEFCeUFHOEFiQUJzQUdVQWNnQnpBQzhBVndCbEFHd0FZd0J2QUcwQVpRQkRBSFFBY2dCc0FDNEFhZ0J6QUNJQUxBQWlBSFFBSWdBNkFDSUFjZ0JsQUhNQWJ3QjFBSElBWXdCbEFDSUFmUUFzQUhzQUlnQnVBQ0lBT2dBaUFIZ0FiUUJzQUdnQWRBQjBBSEFBY2dCbEFIRUFkUUJsQUhNQWRBQWlBQ3dBSWdCekFDSUFPZ0ExQURBQU5BQXdBRElBTEFBaUFHVUFJZ0E2QURVQU1BQTBBRFlBTVFBc0FDSUFid0FpQURvQUlnQm9BSFFBZEFCd0FITUFPZ0F2QUM4QWN3QjBBR0VBWndCcEFHNEFad0J3QUhJQVpRQmtBR2tBWXdCMEFEVUFMZ0JwQUc0QVpnQnNBSFVBWlFCdUFHTUFaUUJvQUdVQVlRQnNBSFFBYUFBdUFHTUFid0J0QURvQU5BQTBBRE1BTHdCdEFHOEFaQUIxQUd3QVpRQnpBQzhBYUFCdkFHMEFaUUF2QUdrQWJnQmtBR1VBZUFBdUFHZ0FkQUJ0QUd3QUlnQXNBQ0lBZEFBaUFEb0FJZ0J5QUdVQWN3QnZBSFVBY2dCakFHVUFJZ0I5QUN3QWV3QWlBRzRBSWdBNkFDSUFlQUJ0QUd3QWFBQjBBSFFBY0FCeUFHVUFjUUIxQUdVQWN3QjBBQ0lBTEFBaUFITUFJZ0E2QURVQU1BQTFBREFBTmdBc0FDSUFaUUFpQURvQU5RQXdBRFVBTlFBeEFDd0FJZ0J2QUNJQU9nQWlBR2dBZEFCMEFIQUFjd0E2QUM4QUx3QnpBSFFBWVFCbkFHa0FiZ0JuQUhBQWNnQmxBR1FBYVFCakFIUUFOUUF1QUdrQWJnQm1BR3dBZFFCbEFHNEFZd0JsQUdnQVpRQmhBR3dBZEFCb0FDNEFZd0J2QUcwQU9nQTBBRFFBTXdBdkFHMEFid0JrQUhVQWJBQmxBSE1BTHdCb0FHOEFiUUJsQUM4QWRnQnBBR1VBZHdCekFDOEFkd0JsQUd3QVl3QnZBRzBBWlFBdUFHZ0FkQUJ0QUd3QUlnQXNBQ0lBZEFBaUFEb0FJZ0J5QUdVQWN3QnZBSFVBY2dCakFHVUFJZ0I5QUN3QWV3QWlBRzRBSWdBNkFDSUFlQUJ0QUd3QWFBQjBBSFFBY0FCeUFHVUFjUUIxQUdVQWN3QjBBQ0lBTEFBaUFITUFJZ0E2QURVQU1BQTFBREFBTmdBc0FDSUFaUUFpQURvQU5RQXdBRFlBTWdBNUFDd0FJZ0J2QUNJQU9nQWlBR2dBZEFCMEFIQUFjd0E2QUM4QUx3QnpBSFFBWVFCbkFHa0FiZ0JuQUhBQWNnQmxBR1FBYVFCakFIUUFOUUF1QUdrQWJnQm1BR3dBZFFCbEFHNEFZd0JsQUdnQVpRQmhBR3dBZEFCb0FDNEFZd0J2QUcwQU9nQTBBRFFBTXdBdkFHMEFid0JrQUhVQWJBQmxBSE1BTHdCb0FHOEFiUUJsQUM4QWRnQnBBR1VBZHdCekFDOEFaQUJsQUcwQWJ3QXVBR2dBZEFCdEFHd0FJZ0FzQUNJQWRBQWlBRG9BSWdCeUFHVUFjd0J2QUhVQWNnQmpBR1VBSWdCOUFDd0Fld0FpQUc0QUlnQTZBQ0lBZUFCdEFHd0FhQUIwQUhRQWNBQnlBR1VBY1FCMUFHVUFjd0IwQUNJQUxBQWlBSE1BSWdBNkFEVUFNQUExQURnQU5nQXNBQ0lBWlFBaUFEb0FOUUF3QURVQU9BQTNBQ3dBSWdCdkFDSUFPZ0FpQUdnQWRBQjBBSEFBY3dBNkFDOEFMd0J6QUhRQVlRQm5BR2tBYmdCbkFIQUFjZ0JsQUdRQWFRQmpBSFFBTlFBdUFHa0FiZ0JtQUd3QWRRQmxBRzRBWXdCbEFHZ0FaUUJoQUd3QWRBQm9BQzRBWXdCdkFHMEFPZ0F6QURBQU1BQXdBQzhBY0FCeUFHVUFaQUJwQUdNQWRBQXZBSFlBTVFBdkFHd0Fid0J1QUdjQVVnQjFBRzRBYmdCcEFHNEFad0JVQUdFQWN3QnJBSE1BSWdBc0FDSUFkQUFpQURvQUlnQnlBR1VBY3dCdkFIVUFjZ0JqQUdVQUlnQjlBQ3dBZXdBaUFHNEFJZ0E2QUNJQWFRQnRBR2NBSWdBc0FDSUFjd0FpQURvQU5BQTRBRFFBTVFBeUFDd0FJZ0JsQUNJQU9nQTBBRGdBTkFBMkFETUFMQUFpQUc4QUlnQTZBQ0lBYUFCMEFIUUFjQUJ6QURvQUx3QXZBSE1BZEFCaEFHY0FhUUJ1QUdjQWNBQnlBR1VBWkFCcEFHTUFkQUExQUM0QWFRQnVBR1lBYkFCMUFHVUFiZ0JqQUdVQWFBQmxBR0VBYkFCMEFHZ0FMZ0JqQUc4QWJRQTZBRFFBTkFBekFDOEFhUUJ0QUdFQVp3QmxBSE1BTHdCcEFHTUFid0J1QUhNQUx3QnBBR01BYndCdUFGOEFZd0JzQUc4QWN3QmxBRjhBTXdBekFETUFNd0F6QURNQVh3QXpBREFBZUFBekFEQUFMZ0J3QUc0QVp3QWlBQ3dBSWdCMEFDSUFPZ0FpQUhJQVpRQnpBRzhBZFFCeUFHTUFaUUFpQUgwQUxBQjdBQ0lBYmdBaUFEb0FJZ0JwQUcwQVp3QWlBQ3dBSWdCekFDSUFPZ0EwQURnQU5BQXhBRFFBTEFBaUFHVUFJZ0E2QURRQU9BQTBBRFlBT1FBc0FDSUFid0FpQURvQUlnQm9BSFFBZEFCd0FITUFPZ0F2QUM4QWN3QjBBR0VBWndCcEFHNEFad0J3QUhJQVpRQmtBR2tBWXdCMEFEVUFMZ0JwQUc0QVpnQnNBSFVBWlFCdUFHTUFaUUJvQUdVQVlRQnNBSFFBYUFBdUFHTUFid0J0QURvQU5BQTBBRE1BTHdCcEFHMEFZUUJuQUdVQWN3QXZBR2tBYmdCbUFHd0FkUUJsQUc0QVl3QmxBR2dBWlFCaEFHd0FkQUJvQUMwQWJBQnZBR2NBYndBdEFIY0FhQUJwQUhRQVpRQXVBSEFBYmdCbkFDSUFMQUFpQUhRQUlnQTZBQ0lBY2dCbEFITUFid0IxQUhJQVl3QmxBQ0lBZlFCZEFIMEE8L1N0cmluZ0h0dHBCb2R5Pg0KICAgIDwvUmVxdWVzdD4NCiAgPC9JdGVtcz4NCiAgPFZhbGlkYXRpb25SdWxlcz4NCiAgICA8VmFsaWRhdGlvblJ1bGUgQ2xhc3NuYW1lPSJNaWNyb3NvZnQuVmlzdWFsU3R1ZGlvLlRlc3RUb29scy5XZWJUZXN0aW5nLlJ1bGVzLlZhbGlkYXRlUmVzcG9uc2VVcmwsIE1pY3Jvc29mdC5WaXN1YWxTdHVkaW8uUXVhbGl0eVRvb2xzLldlYlRlc3RGcmFtZXdvcmssIFZlcnNpb249MTAuMC4wLjAsIEN1bHR1cmU9bmV1dHJhbCwgUHVibGljS2V5VG9rZW49YjAzZjVmN2YxMWQ1MGEzYSIgRGlzcGxheU5hbWU9IlJlc3BvbnNlIFVSTCIgRGVzY3JpcHRpb249IlZhbGlkYXRlcyB0aGF0IHRoZSByZXNwb25zZSBVUkwgYWZ0ZXIgcmVkaXJlY3RzIGFyZSBmb2xsb3dlZCBpcyB0aGUgc2FtZSBhcyB0aGUgcmVjb3JkZWQgcmVzcG9uc2UgVVJMLiAgUXVlcnlTdHJpbmcgcGFyYW1ldGVycyBhcmUgaWdub3JlZC4iIExldmVsPSJMb3ciIEV4ZWN0dWlvbk9yZGVyPSJCZWZvcmVEZXBlbmRlbnRzIiAvPg0KICAgIDxWYWxpZGF0aW9uUnVsZSBDbGFzc25hbWU9Ik1pY3Jvc29mdC5WaXN1YWxTdHVkaW8uVGVzdFRvb2xzLldlYlRlc3RpbmcuUnVsZXMuVmFsaWRhdGlvblJ1bGVSZXNwb25zZVRpbWVHb2FsLCBNaWNyb3NvZnQuVmlzdWFsU3R1ZGlvLlF1YWxpdHlUb29scy5XZWJUZXN0RnJhbWV3b3JrLCBWZXJzaW9uPTEwLjAuMC4wLCBDdWx0dXJlPW5ldXRyYWwsIFB1YmxpY0tleVRva2VuPWIwM2Y1ZjdmMTFkNTBhM2EiIERpc3BsYXlOYW1lPSJSZXNwb25zZSBUaW1lIEdvYWwiIERlc2NyaXB0aW9uPSJWYWxpZGF0ZXMgdGhhdCB0aGUgcmVzcG9uc2UgdGltZSBmb3IgdGhlIHJlcXVlc3QgaXMgbGVzcyB0aGFuIG9yIGVxdWFsIHRvIHRoZSByZXNwb25zZSB0aW1lIGdvYWwgYXMgc3BlY2lmaWVkIG9uIHRoZSByZXF1ZXN0LiAgUmVzcG9uc2UgdGltZSBnb2FscyBvZiB6ZXJvIHdpbGwgYmUgaWdub3JlZC4iIExldmVsPSJMb3ciIEV4ZWN0dWlvbk9yZGVyPSJBZnRlckRlcGVuZGVudHMiPg0KICAgICAgPFJ1bGVQYXJhbWV0ZXJzPg0KICAgICAgICA8UnVsZVBhcmFtZXRlciBOYW1lPSJUb2xlcmFuY2UiIFZhbHVlPSIwIiAvPg0KICAgICAgPC9SdWxlUGFyYW1ldGVycz4NCiAgICA8L1ZhbGlkYXRpb25SdWxlPg0KICA8L1ZhbGlkYXRpb25SdWxlcz4NCjwvV2ViVGVzdD4=">
      <Execution id="56a5f082-b298-440c-91df-77abce5c8029" />
    </WebTest>
  </TestDefinitions>
  <TestLists>
    <TestList name="Results Not in a List" id="8c84fa94-04c1-424b-9868-57a2d4851a1d" />
    <TestList name="All Loaded Results" id="19431567-8539-422a-85d7-44ee4e166bda" />
  </TestLists>
  <TestEntries>
    <TestEntry isTransparent="false" testId="f8443772-37d2-4a2c-8b70-37c98b4a53f0" executionId="56a5f082-b298-440c-91df-77abce5c8029" testListId="8c84fa94-04c1-424b-9868-57a2d4851a1d" />
  </TestEntries>
  <Results>
    <WebTestResult executionId="56a5f082-b298-440c-91df-77abce5c8029" testId="f8443772-37d2-4a2c-8b70-37c98b4a53f0" testName="WebTest2" computerName="CHI-LAB-VSU-03" duration="00:00:05.4375317" startTime="2016-02-22T04:29:33.1049658-06:00" endTime="2016-02-22T04:29:49.2425794-06:00" testType="4e7599fa-5ecb-43e9-a887-cd63cf72d207" outcome="Failed" testListId="8c84fa94-04c1-424b-9868-57a2d4851a1d" relativeResultsDirectory="56a5f082-b298-440c-91df-77abce5c8029">
      <Output>
        <ErrorInfo>
          <Message>5 primary requests, 0 dependant requests and 0 conditional rules failed</Message>
        </ErrorInfo>
      </Output>
      <ResultFiles>
        <ResultFile path="WebTest2.webtestResult" />
      </ResultFiles>
      <TestSettings name="Local" id="3b1c1cf5-f0fc-4a30-a355-a117d32b02ff">
        <Description>These are default test settings for a local test run.</Description>
        <Execution>
          <TestTypeSpecific>
            <WebTestRunConfiguration testTypeId="4e7599fa-5ecb-43e9-a887-cd63cf72d207">
              <Browser name="Internet Explorer 9.0" MaxConnections="6">
                <Headers>
                  <Header name="User-Agent" value="Mozilla/5.0 (compatible; MSIE 9.0; Windows NT 6.1; Trident/5.0)" />
                  <Header name="Accept" value="*/*" />
                  <Header name="Accept-Language" value="{{$IEAcceptLanguage}}" />
                  <Header name="Accept-Encoding" value="GZIP" />
                </Headers>
              </Browser>
            </WebTestRunConfiguration>
          </TestTypeSpecific>
          <AgentRule name="Execution Agents">
          </AgentRule>
        </Execution>
        <Deployment runDeploymentRoot="load.test_CHI-LAB-VSU-03 2016-02-22 04_29_32" />
      </TestSettings>
      <WebTestResultFilePath>load.test_CHI-LAB-VSU-03 2016-02-22 04_29_32\In\56a5f082-b298-440c-91df-77abce5c8029\WebTest2.webtestResult</WebTestResultFilePath>
    </WebTestResult>
  </Results>
</TestRun>