<?xml version="1.0" encoding="UTF-8"?>
<TestRun id="8916feb3-de79-48af-aab5-366b36b1f0e0" name="load.test@CHI-LAB-VSU-03 2016-02-22 05:19:59" runUser="MEDSEEKLAB\load.test" xmlns="http://microsoft.com/schemas/VisualStudio/TeamTest/2010">
  <TestSettings name="Local" id="3b1c1cf5-f0fc-4a30-a355-a117d32b02ff">
    <Description>These are default test settings for a local test run.</Description>
    <Execution>
      <TestTypeSpecific />
      <AgentRule name="Execution Agents">
      </AgentRule>
    </Execution>
    <Deployment runDeploymentRoot="load.test_CHI-LAB-VSU-03 2016-02-22 05_19_59" />
  </TestSettings>
  <Times creation="2016-02-22T05:19:59.3356731-06:00" queuing="2016-02-22T05:19:59.7487144-06:00" start="2016-02-22T05:19:59.9727368-06:00" finish="2016-02-22T05:20:02.3089704-06:00" />
  <ResultSummary outcome="Completed">
    <Counters total="1" error="0" failed="0" timeout="0" aborted="0" inconclusive="0" passedButRunAborted="0" notRunnable="0" notExecuted="0" disconnected="0" warning="0" passed="0" completed="0" inProgress="0" pending="0" />
  </ResultSummary>
  <TestDefinitions>
    <WebTest name="WebTest5" storage="c:\medseek\automation\persuade\vsprojects\webandloadtestproject1\webandloadtestproject1\webtest5.webtest" id="2948d704-eb73-468b-9b5a-2581db638351" persistedWebTest="77u/PD94bWwgdmVyc2lvbj0iMS4wIiBlbmNvZGluZz0iVVRGLTgiIHN0YW5kYWxvbmU9InllcyI/Pg0KPFdlYlRlc3QgTmFtZT0iV2ViVGVzdDUiIElkPSIyOTQ4ZDcwNC1lYjczLTQ2OGItOWI1YS0yNTgxZGI2MzgzNTEiIE93bmVyPSIiIFByaW9yaXR5PSIyMTQ3NDgzNjQ3IiBFbmFibGVkPSJUcnVlIiBDc3NQcm9qZWN0U3RydWN0dXJlPSIiIENzc0l0ZXJhdGlvbj0iIiBUaW1lb3V0PSIwIiBXb3JrSXRlbUlkcz0iIiB4bWxucz0iaHR0cDovL21pY3Jvc29mdC5jb20vc2NoZW1hcy9WaXN1YWxTdHVkaW8vVGVhbVRlc3QvMjAxMCIgRGVzY3JpcHRpb249IiIgQ3JlZGVudGlhbFVzZXJOYW1lPSIiIENyZWRlbnRpYWxQYXNzd29yZD0iIiBQcmVBdXRoZW50aWNhdGU9IlRydWUiIFByb3h5PSIiIFN0b3BPbkVycm9yPSJGYWxzZSIgUmVjb3JkZWRSZXN1bHRGaWxlPSJXZWJUZXN0NS4wNTBmMmJjMS1lOWFjLTQyMzgtOGNkNS02MDVhOTU2NjNlMzIucmVjLndlYnRlc3RyZXN1bHQiIFJlc3VsdHNMb2NhbGU9IiI+DQogIDxJdGVtcz4NCiAgICA8Q29tbWVudCBDb21tZW50VGV4dD0iTGFuZGluZyBwYWdlIiAvPg0KICAgIDxSZXF1ZXN0IE1ldGhvZD0iR0VUIiBHdWlkPSI3M2I0ZTRmOC0wNzU1LTQ2ZGUtOTgxNy0wNGFmZTA1ZjYyYjkiIFZlcnNpb249IjEuMSIgVXJsPSJodHRwczovL3N0YWdpbmdwcmVkaWN0NS5pbmZsdWVuY2VoZWFsdGguY29tL3VuaXZlcnNpdHljb2xvcmFkby9zZXNzaW9uL2xvZ2luIiBUaGlua1RpbWU9IjAiIFRpbWVvdXQ9IjMwMCIgUGFyc2VEZXBlbmRlbnRSZXF1ZXN0cz0iVHJ1ZSIgRm9sbG93UmVkaXJlY3RzPSJUcnVlIiBSZWNvcmRSZXN1bHQ9IlRydWUiIENhY2hlPSJGYWxzZSIgUmVzcG9uc2VUaW1lR29hbD0iMCIgRW5jb2Rpbmc9InV0Zi04IiBFeHBlY3RlZEh0dHBTdGF0dXNDb2RlPSIwIiBFeHBlY3RlZFJlc3BvbnNlVXJsPSIiIFJlcG9ydGluZ05hbWU9IiIgSWdub3JlSHR0cFN0YXR1c0NvZGU9IkZhbHNlIj4NCiAgICAgIDxEZXBlbmRlbnRSZXF1ZXN0cz4NCiAgICAgICAgPFJlcXVlc3QgTWV0aG9kPSJHRVQiIEd1aWQ9IjNhMzI0NTIxLTVjYmYtNGY2Zi05ODA4LWIzY2ZkMzAyY2U3NSIgVmVyc2lvbj0iMS4xIiBVcmw9Imh0dHBzOi8vZm9udHMuZ3N0YXRpYy5jb20vcy9yb2JvdG8vdjE1L3Z6SVVIbzl6LW9KNFdna3BQT3RnMV9lc1pXMnhPUS14c05xTzQ3bTU1REEud29mZiIgVGhpbmtUaW1lPSIwIiBUaW1lb3V0PSIzMDAiIFBhcnNlRGVwZW5kZW50UmVxdWVzdHM9IlRydWUiIEZvbGxvd1JlZGlyZWN0cz0iVHJ1ZSIgUmVjb3JkUmVzdWx0PSJUcnVlIiBDYWNoZT0iRmFsc2UiIFJlc3BvbnNlVGltZUdvYWw9IjAiIEVuY29kaW5nPSJ1dGYtOCIgRXhwZWN0ZWRIdHRwU3RhdHVzQ29kZT0iMCIgRXhwZWN0ZWRSZXNwb25zZVVybD0iIiBSZXBvcnRpbmdOYW1lPSIiIElnbm9yZUh0dHBTdGF0dXNDb2RlPSJGYWxzZSI+DQogICAgICAgICAgPEhlYWRlcnM+DQogICAgICAgICAgICA8SGVhZGVyIE5hbWU9IlJlZmVyZXIiIFZhbHVlPSJodHRwczovL3N0YWdpbmdwcmVkaWN0NS5pbmZsdWVuY2VoZWFsdGguY29tL3VuaXZlcnNpdHljb2xvcmFkby9zZXNzaW9uL2xvZ2luIiAvPg0KICAgICAgICAgIDwvSGVhZGVycz4NCiAgICAgICAgPC9SZXF1ZXN0Pg0KICAgICAgICA8UmVxdWVzdCBNZXRob2Q9IkdFVCIgR3VpZD0iZWZlZGQ0Y2MtZTA2ZC00M2ZlLWI4OGEtOTI3NjI4MGI2MWY4IiBWZXJzaW9uPSIxLjEiIFVybD0iaHR0cHM6Ly9mb250cy5nc3RhdGljLmNvbS9zL3JvYm90by92MTUvSGdvMTNrLXRmU3BuMHFpMVNGZFVmVDhFMGk3S1puLUVQbnlvM0hadTdrdy53b2ZmIiBUaGlua1RpbWU9IjAiIFRpbWVvdXQ9IjMwMCIgUGFyc2VEZXBlbmRlbnRSZXF1ZXN0cz0iVHJ1ZSIgRm9sbG93UmVkaXJlY3RzPSJUcnVlIiBSZWNvcmRSZXN1bHQ9IlRydWUiIENhY2hlPSJGYWxzZSIgUmVzcG9uc2VUaW1lR29hbD0iMCIgRW5jb2Rpbmc9InV0Zi04IiBFeHBlY3RlZEh0dHBTdGF0dXNDb2RlPSIwIiBFeHBlY3RlZFJlc3BvbnNlVXJsPSIiIFJlcG9ydGluZ05hbWU9IiIgSWdub3JlSHR0cFN0YXR1c0NvZGU9IkZhbHNlIj4NCiAgICAgICAgICA8SGVhZGVycz4NCiAgICAgICAgICAgIDxIZWFkZXIgTmFtZT0iUmVmZXJlciIgVmFsdWU9Imh0dHBzOi8vc3RhZ2luZ3ByZWRpY3Q1LmluZmx1ZW5jZWhlYWx0aC5jb20vdW5pdmVyc2l0eWNvbG9yYWRvL3Nlc3Npb24vbG9naW4iIC8+DQogICAgICAgICAgPC9IZWFkZXJzPg0KICAgICAgICA8L1JlcXVlc3Q+DQogICAgICAgIDxSZXF1ZXN0IE1ldGhvZD0iR0VUIiBHdWlkPSJlYTFjMTIzNi1kOGRhLTRjYmEtYTExNy02ODEzOTNjYjczYTQiIFZlcnNpb249IjEuMSIgVXJsPSJodHRwczovL2ZvbnRzLmdzdGF0aWMuY29tL3Mvcm9ib3RvL3YxNS8yVVg3V0xUZlczVzhUY2xUVXZsRnlRLndvZmYiIFRoaW5rVGltZT0iMCIgVGltZW91dD0iMzAwIiBQYXJzZURlcGVuZGVudFJlcXVlc3RzPSJUcnVlIiBGb2xsb3dSZWRpcmVjdHM9IlRydWUiIFJlY29yZFJlc3VsdD0iVHJ1ZSIgQ2FjaGU9IkZhbHNlIiBSZXNwb25zZVRpbWVHb2FsPSIwIiBFbmNvZGluZz0idXRmLTgiIEV4cGVjdGVkSHR0cFN0YXR1c0NvZGU9IjAiIEV4cGVjdGVkUmVzcG9uc2VVcmw9IiIgUmVwb3J0aW5nTmFtZT0iIiBJZ25vcmVIdHRwU3RhdHVzQ29kZT0iRmFsc2UiPg0KICAgICAgICAgIDxIZWFkZXJzPg0KICAgICAgICAgICAgPEhlYWRlciBOYW1lPSJSZWZlcmVyIiBWYWx1ZT0iaHR0cHM6Ly9zdGFnaW5ncHJlZGljdDUuaW5mbHVlbmNlaGVhbHRoLmNvbS91bml2ZXJzaXR5Y29sb3JhZG8vc2Vzc2lvbi9sb2dpbiIgLz4NCiAgICAgICAgICA8L0hlYWRlcnM+DQogICAgICAgIDwvUmVxdWVzdD4NCiAgICAgICAgPFJlcXVlc3QgTWV0aG9kPSJHRVQiIEd1aWQ9IjM4MzFmZGJkLWY5MTItNDdmMy04NzVhLWUwYzQ1YTNlZGE4MSIgVmVyc2lvbj0iMS4xIiBVcmw9Imh0dHBzOi8vZm9udHMuZ3N0YXRpYy5jb20vcy9yb2JvdG8vdjE1L2QtNklZcGxPRm9jQ2FjS3p4d1hTT0Q4RTBpN0tabi1FUG55bzNIWnU3a3cud29mZiIgVGhpbmtUaW1lPSIwIiBUaW1lb3V0PSIzMDAiIFBhcnNlRGVwZW5kZW50UmVxdWVzdHM9IlRydWUiIEZvbGxvd1JlZGlyZWN0cz0iVHJ1ZSIgUmVjb3JkUmVzdWx0PSJUcnVlIiBDYWNoZT0iRmFsc2UiIFJlc3BvbnNlVGltZUdvYWw9IjAiIEVuY29kaW5nPSJ1dGYtOCIgRXhwZWN0ZWRIdHRwU3RhdHVzQ29kZT0iMCIgRXhwZWN0ZWRSZXNwb25zZVVybD0iIiBSZXBvcnRpbmdOYW1lPSIiIElnbm9yZUh0dHBTdGF0dXNDb2RlPSJGYWxzZSI+DQogICAgICAgICAgPEhlYWRlcnM+DQogICAgICAgICAgICA8SGVhZGVyIE5hbWU9IlJlZmVyZXIiIFZhbHVlPSJodHRwczovL3N0YWdpbmdwcmVkaWN0NS5pbmZsdWVuY2VoZWFsdGguY29tL3VuaXZlcnNpdHljb2xvcmFkby9zZXNzaW9uL2xvZ2luIiAvPg0KICAgICAgICAgIDwvSGVhZGVycz4NCiAgICAgICAgPC9SZXF1ZXN0Pg0KICAgICAgICA8UmVxdWVzdCBNZXRob2Q9IkdFVCIgR3VpZD0iZDJhM2Q2OTItMTlmYy00MWY0LTljNTQtYjViZjIyNDQ5YTU4IiBWZXJzaW9uPSIxLjEiIFVybD0iaHR0cHM6Ly9mb250cy5nc3RhdGljLmNvbS9zL3JvYm90by92MTUvMTJtRTRqZk1TQlRtZy04MUVpUy1ZUnN4RVl3TTdGZ2V5YVNnVTcxY0xHMC53b2ZmIiBUaGlua1RpbWU9IjAiIFRpbWVvdXQ9IjMwMCIgUGFyc2VEZXBlbmRlbnRSZXF1ZXN0cz0iVHJ1ZSIgRm9sbG93UmVkaXJlY3RzPSJUcnVlIiBSZWNvcmRSZXN1bHQ9IlRydWUiIENhY2hlPSJGYWxzZSIgUmVzcG9uc2VUaW1lR29hbD0iMCIgRW5jb2Rpbmc9InV0Zi04IiBFeHBlY3RlZEh0dHBTdGF0dXNDb2RlPSIwIiBFeHBlY3RlZFJlc3BvbnNlVXJsPSIiIFJlcG9ydGluZ05hbWU9IiIgSWdub3JlSHR0cFN0YXR1c0NvZGU9IkZhbHNlIj4NCiAgICAgICAgICA8SGVhZGVycz4NCiAgICAgICAgICAgIDxIZWFkZXIgTmFtZT0iUmVmZXJlciIgVmFsdWU9Imh0dHBzOi8vc3RhZ2luZ3ByZWRpY3Q1LmluZmx1ZW5jZWhlYWx0aC5jb20vdW5pdmVyc2l0eWNvbG9yYWRvL3Nlc3Npb24vbG9naW4iIC8+DQogICAgICAgICAgPC9IZWFkZXJzPg0KICAgICAgICA8L1JlcXVlc3Q+DQogICAgICAgIDxSZXF1ZXN0IE1ldGhvZD0iR0VUIiBHdWlkPSIwYmY5ODUxZC03ZThiLTRiYmItYjY3MS1jZTk0NGUxYmFjMmIiIFZlcnNpb249IjEuMSIgVXJsPSJodHRwczovL2ZvbnRzLmdzdGF0aWMuY29tL3Mvcm9ib3RvL3YxNS8xcE85ZVVBcDhwU0Y4Vm5SVFAzeG52ZXNaVzJ4T1EteHNOcU80N201NURBLndvZmYiIFRoaW5rVGltZT0iMCIgVGltZW91dD0iMzAwIiBQYXJzZURlcGVuZGVudFJlcXVlc3RzPSJUcnVlIiBGb2xsb3dSZWRpcmVjdHM9IlRydWUiIFJlY29yZFJlc3VsdD0iVHJ1ZSIgQ2FjaGU9IkZhbHNlIiBSZXNwb25zZVRpbWVHb2FsPSIwIiBFbmNvZGluZz0idXRmLTgiIEV4cGVjdGVkSHR0cFN0YXR1c0NvZGU9IjAiIEV4cGVjdGVkUmVzcG9uc2VVcmw9IiIgUmVwb3J0aW5nTmFtZT0iIiBJZ25vcmVIdHRwU3RhdHVzQ29kZT0iRmFsc2UiPg0KICAgICAgICAgIDxIZWFkZXJzPg0KICAgICAgICAgICAgPEhlYWRlciBOYW1lPSJSZWZlcmVyIiBWYWx1ZT0iaHR0cHM6Ly9zdGFnaW5ncHJlZGljdDUuaW5mbHVlbmNlaGVhbHRoLmNvbS91bml2ZXJzaXR5Y29sb3JhZG8vc2Vzc2lvbi9sb2dpbiIgLz4NCiAgICAgICAgICA8L0hlYWRlcnM+DQogICAgICAgIDwvUmVxdWVzdD4NCiAgICAgICAgPFJlcXVlc3QgTWV0aG9kPSJHRVQiIEd1aWQ9Ijg2YTFhYTM1LWMzZTEtNGRmMC04ZmRiLWQwZGM2NzMxOThmMCIgVmVyc2lvbj0iMS4xIiBVcmw9Imh0dHBzOi8vZm9udHMuZ3N0YXRpYy5jb20vcy9yb2JvdG8vdjE1L3Q2TmQ0Y2ZQUmhaUDQ0UTVRQWpjQzRiTjZVRHlIV0JsNjIwYS1JUmZ1Qmsud29mZiIgVGhpbmtUaW1lPSIwIiBUaW1lb3V0PSIzMDAiIFBhcnNlRGVwZW5kZW50UmVxdWVzdHM9IlRydWUiIEZvbGxvd1JlZGlyZWN0cz0iVHJ1ZSIgUmVjb3JkUmVzdWx0PSJUcnVlIiBDYWNoZT0iRmFsc2UiIFJlc3BvbnNlVGltZUdvYWw9IjAiIEVuY29kaW5nPSJ1dGYtOCIgRXhwZWN0ZWRIdHRwU3RhdHVzQ29kZT0iMCIgRXhwZWN0ZWRSZXNwb25zZVVybD0iIiBSZXBvcnRpbmdOYW1lPSIiIElnbm9yZUh0dHBTdGF0dXNDb2RlPSJGYWxzZSI+DQogICAgICAgICAgPEhlYWRlcnM+DQogICAgICAgICAgICA8SGVhZGVyIE5hbWU9IlJlZmVyZXIiIFZhbHVlPSJodHRwczovL3N0YWdpbmdwcmVkaWN0NS5pbmZsdWVuY2VoZWFsdGguY29tL3VuaXZlcnNpdHljb2xvcmFkby9zZXNzaW9uL2xvZ2luIiAvPg0KICAgICAgICAgIDwvSGVhZGVycz4NCiAgICAgICAgPC9SZXF1ZXN0Pg0KICAgICAgICA8UmVxdWVzdCBNZXRob2Q9IkdFVCIgR3VpZD0iMDI0N2QwMTQtMTI4Ni00NDczLWI2ODEtNmU5ZWViYzk3NWNmIiBWZXJzaW9uPSIxLjEiIFVybD0iaHR0cHM6Ly9jc2kuZ3N0YXRpYy5jb20vY3NpIiBUaGlua1RpbWU9IjAiIFRpbWVvdXQ9IjMwMCIgUGFyc2VEZXBlbmRlbnRSZXF1ZXN0cz0iVHJ1ZSIgRm9sbG93UmVkaXJlY3RzPSJUcnVlIiBSZWNvcmRSZXN1bHQ9IlRydWUiIENhY2hlPSJGYWxzZSIgUmVzcG9uc2VUaW1lR29hbD0iMCIgRW5jb2Rpbmc9InV0Zi04IiBFeHBlY3RlZEh0dHBTdGF0dXNDb2RlPSIwIiBFeHBlY3RlZFJlc3BvbnNlVXJsPSIiIFJlcG9ydGluZ05hbWU9IiIgSWdub3JlSHR0cFN0YXR1c0NvZGU9IkZhbHNlIj4NCiAgICAgICAgICA8SGVhZGVycz4NCiAgICAgICAgICAgIDxIZWFkZXIgTmFtZT0iUmVmZXJlciIgVmFsdWU9Imh0dHBzOi8vc3RhZ2luZ3ByZWRpY3Q1LmluZmx1ZW5jZWhlYWx0aC5jb20vdW5pdmVyc2l0eWNvbG9yYWRvL3Nlc3Npb24vbG9naW4iIC8+DQogICAgICAgICAgPC9IZWFkZXJzPg0KICAgICAgICAgIDxRdWVyeVN0cmluZ1BhcmFtZXRlcnM+DQogICAgICAgICAgICA8UXVlcnlTdHJpbmdQYXJhbWV0ZXIgTmFtZT0idiIgVmFsdWU9IjIiIFJlY29yZGVkVmFsdWU9IjIiIENvcnJlbGF0aW9uQmluZGluZz0iIiBVcmxFbmNvZGU9IkZhbHNlIiBVc2VUb0dyb3VwUmVzdWx0cz0iRmFsc2UiIC8+DQogICAgICAgICAgICA8UXVlcnlTdHJpbmdQYXJhbWV0ZXIgTmFtZT0icyIgVmFsdWU9Im1hcHNhcGkzIiBSZWNvcmRlZFZhbHVlPSJtYXBzYXBpMyIgQ29ycmVsYXRpb25CaW5kaW5nPSIiIFVybEVuY29kZT0iRmFsc2UiIFVzZVRvR3JvdXBSZXN1bHRzPSJGYWxzZSIgLz4NCiAgICAgICAgICAgIDxRdWVyeVN0cmluZ1BhcmFtZXRlciBOYW1lPSJ2M3YiIFZhbHVlPSIyMi4xNSIgUmVjb3JkZWRWYWx1ZT0iMjIuMTUiIENvcnJlbGF0aW9uQmluZGluZz0iIiBVcmxFbmNvZGU9IkZhbHNlIiBVc2VUb0dyb3VwUmVzdWx0cz0iRmFsc2UiIC8+DQogICAgICAgICAgICA8UXVlcnlTdHJpbmdQYXJhbWV0ZXIgTmFtZT0iYWN0aW9uIiBWYWx1ZT0iYXBpYm9vdDIiIFJlY29yZGVkVmFsdWU9ImFwaWJvb3QyIiBDb3JyZWxhdGlvbkJpbmRpbmc9IiIgVXJsRW5jb2RlPSJGYWxzZSIgVXNlVG9Hcm91cFJlc3VsdHM9IkZhbHNlIiAvPg0KICAgICAgICAgICAgPFF1ZXJ5U3RyaW5nUGFyYW1ldGVyIE5hbWU9InJ0IiBWYWx1ZT0ibWFpbi4xNyIgUmVjb3JkZWRWYWx1ZT0ibWFpbi4xNyIgQ29ycmVsYXRpb25CaW5kaW5nPSIiIFVybEVuY29kZT0iRmFsc2UiIFVzZVRvR3JvdXBSZXN1bHRzPSJGYWxzZSIgLz4NCiAgICAgICAgICA8L1F1ZXJ5U3RyaW5nUGFyYW1ldGVycz4NCiAgICAgICAgPC9SZXF1ZXN0Pg0KICAgICAgICA8UmVxdWVzdCBNZXRob2Q9IkdFVCIgR3VpZD0iMTU3MzYyNzEtMDA4NC00NTJiLWI1YWQtMTBiMGFlZDhjMGVjIiBWZXJzaW9uPSIxLjEiIFVybD0iaHR0cHM6Ly9zdGFnaW5ncHJlZGljdDUuaW5mbHVlbmNlaGVhbHRoLmNvbS9yb3V0ZXMuanNvbiIgVGhpbmtUaW1lPSIwIiBUaW1lb3V0PSIzMDAiIFBhcnNlRGVwZW5kZW50UmVxdWVzdHM9IlRydWUiIEZvbGxvd1JlZGlyZWN0cz0iVHJ1ZSIgUmVjb3JkUmVzdWx0PSJUcnVlIiBDYWNoZT0iRmFsc2UiIFJlc3BvbnNlVGltZUdvYWw9IjAiIEVuY29kaW5nPSJ1dGYtOCIgRXhwZWN0ZWRIdHRwU3RhdHVzQ29kZT0iMCIgRXhwZWN0ZWRSZXNwb25zZVVybD0iIiBSZXBvcnRpbmdOYW1lPSIiIElnbm9yZUh0dHBTdGF0dXNDb2RlPSJGYWxzZSI+DQogICAgICAgICAgPEhlYWRlcnM+DQogICAgICAgICAgICA8SGVhZGVyIE5hbWU9IkFjY2VwdCIgVmFsdWU9ImFwcGxpY2F0aW9uL2pzb24sIHRleHQvamF2YXNjcmlwdCwgKi8qOyBxPTAuMDEiIC8+DQogICAgICAgICAgICA8SGVhZGVyIE5hbWU9IlgtUmVxdWVzdGVkLVdpdGgiIFZhbHVlPSJYTUxIdHRwUmVxdWVzdCIgLz4NCiAgICAgICAgICAgIDxIZWFkZXIgTmFtZT0iUmVmZXJlciIgVmFsdWU9Imh0dHBzOi8vc3RhZ2luZ3ByZWRpY3Q1LmluZmx1ZW5jZWhlYWx0aC5jb20vdW5pdmVyc2l0eWNvbG9yYWRvL3Nlc3Npb24vbG9naW4iIC8+DQogICAgICAgICAgPC9IZWFkZXJzPg0KICAgICAgICAgIDxRdWVyeVN0cmluZ1BhcmFtZXRlcnM+DQogICAgICAgICAgICA8UXVlcnlTdHJpbmdQYXJhbWV0ZXIgTmFtZT0iXyIgVmFsdWU9IjE0NTYxMzk5NDM4OTAiIFJlY29yZGVkVmFsdWU9IjE0NTYxMzk5NDM4OTAiIENvcnJlbGF0aW9uQmluZGluZz0iIiBVcmxFbmNvZGU9IkZhbHNlIiBVc2VUb0dyb3VwUmVzdWx0cz0iRmFsc2UiIC8+DQogICAgICAgICAgPC9RdWVyeVN0cmluZ1BhcmFtZXRlcnM+DQogICAgICAgIDwvUmVxdWVzdD4NCiAgICAgIDwvRGVwZW5kZW50UmVxdWVzdHM+DQogICAgPC9SZXF1ZXN0Pg0KICAgIDxSZXF1ZXN0IE1ldGhvZD0iR0VUIiBHdWlkPSIyNDM1NWI1Yi1lZjYzLTQxMDQtOWQ2Zi0zNmI4MmZhYTM0ZTMiIFZlcnNpb249IjEuMSIgVXJsPSJodHRwczovL2JhbS5uci1kYXRhLm5ldC8xL2U0ZjYzZGE2MzciIFRoaW5rVGltZT0iMCIgVGltZW91dD0iMzAwIiBQYXJzZURlcGVuZGVudFJlcXVlc3RzPSJUcnVlIiBGb2xsb3dSZWRpcmVjdHM9IlRydWUiIFJlY29yZFJlc3VsdD0iVHJ1ZSIgQ2FjaGU9IkZhbHNlIiBSZXNwb25zZVRpbWVHb2FsPSIwIiBFbmNvZGluZz0iaXNvLTg4NTktMSIgRXhwZWN0ZWRIdHRwU3RhdHVzQ29kZT0iMCIgRXhwZWN0ZWRSZXNwb25zZVVybD0iIiBSZXBvcnRpbmdOYW1lPSIiIElnbm9yZUh0dHBTdGF0dXNDb2RlPSJGYWxzZSI+DQogICAgICA8SGVhZGVycz4NCiAgICAgICAgPEhlYWRlciBOYW1lPSJSZWZlcmVyIiBWYWx1ZT0iaHR0cHM6Ly9zdGFnaW5ncHJlZGljdDUuaW5mbHVlbmNlaGVhbHRoLmNvbS91bml2ZXJzaXR5Y29sb3JhZG8vc2Vzc2lvbi9sb2dpbiIgLz4NCiAgICAgIDwvSGVhZGVycz4NCiAgICAgIDxRdWVyeVN0cmluZ1BhcmFtZXRlcnM+DQogICAgICAgIDxRdWVyeVN0cmluZ1BhcmFtZXRlciBOYW1lPSJhIiBWYWx1ZT0iMTIzNDY2ODgiIFJlY29yZGVkVmFsdWU9IjEyMzQ2Njg4IiBDb3JyZWxhdGlvbkJpbmRpbmc9IiIgVXJsRW5jb2RlPSJGYWxzZSIgVXNlVG9Hcm91cFJlc3VsdHM9IkZhbHNlIiAvPg0KICAgICAgICA8UXVlcnlTdHJpbmdQYXJhbWV0ZXIgTmFtZT0idiIgVmFsdWU9Ijg1Mi5hMzZmMGZkIiBSZWNvcmRlZFZhbHVlPSI4NTIuYTM2ZjBmZCIgQ29ycmVsYXRpb25CaW5kaW5nPSIiIFVybEVuY29kZT0iRmFsc2UiIFVzZVRvR3JvdXBSZXN1bHRzPSJGYWxzZSIgLz4NCiAgICAgICAgPFF1ZXJ5U3RyaW5nUGFyYW1ldGVyIE5hbWU9InRvIiBWYWx1ZT0iTWdZQU4wUUhEQkZZVlVGYlh3dE1KeHRHRkFjUlNseEdIWGNnTjAxTUhBJTNEJTNEIiBSZWNvcmRlZFZhbHVlPSJNZ1lBTjBRSERCRllWVUZiWHd0TUp4dEdGQWNSU2x4R0hYY2dOMDFNSEElM0QlM0QiIENvcnJlbGF0aW9uQmluZGluZz0iIiBVcmxFbmNvZGU9IkZhbHNlIiBVc2VUb0dyb3VwUmVzdWx0cz0iRmFsc2UiIC8+DQogICAgICAgIDxRdWVyeVN0cmluZ1BhcmFtZXRlciBOYW1lPSJhcCIgVmFsdWU9IjAuNTIwMiIgUmVjb3JkZWRWYWx1ZT0iMC41MjAyIiBDb3JyZWxhdGlvbkJpbmRpbmc9IiIgVXJsRW5jb2RlPSJGYWxzZSIgVXNlVG9Hcm91cFJlc3VsdHM9IkZhbHNlIiAvPg0KICAgICAgICA8UXVlcnlTdHJpbmdQYXJhbWV0ZXIgTmFtZT0iYmUiIFZhbHVlPSIxMDkwIiBSZWNvcmRlZFZhbHVlPSIxMDkwIiBDb3JyZWxhdGlvbkJpbmRpbmc9IiIgVXJsRW5jb2RlPSJGYWxzZSIgVXNlVG9Hcm91cFJlc3VsdHM9IkZhbHNlIiAvPg0KICAgICAgICA8UXVlcnlTdHJpbmdQYXJhbWV0ZXIgTmFtZT0iZmUiIFZhbHVlPSIyOTIxIiBSZWNvcmRlZFZhbHVlPSIyOTIxIiBDb3JyZWxhdGlvbkJpbmRpbmc9IiIgVXJsRW5jb2RlPSJGYWxzZSIgVXNlVG9Hcm91cFJlc3VsdHM9IkZhbHNlIiAvPg0KICAgICAgICA8UXVlcnlTdHJpbmdQYXJhbWV0ZXIgTmFtZT0iZGMiIFZhbHVlPSIyNjk2IiBSZWNvcmRlZFZhbHVlPSIyNjk2IiBDb3JyZWxhdGlvbkJpbmRpbmc9IiIgVXJsRW5jb2RlPSJGYWxzZSIgVXNlVG9Hcm91cFJlc3VsdHM9IkZhbHNlIiAvPg0KICAgICAgICA8UXVlcnlTdHJpbmdQYXJhbWV0ZXIgTmFtZT0idHQiIFZhbHVlPSJmZDAzMjYyMzhkNDEyOCIgUmVjb3JkZWRWYWx1ZT0iZmQwMzI2MjM4ZDQxMjgiIENvcnJlbGF0aW9uQmluZGluZz0iIiBVcmxFbmNvZGU9IkZhbHNlIiBVc2VUb0dyb3VwUmVzdWx0cz0iRmFsc2UiIC8+DQogICAgICAgIDxRdWVyeVN0cmluZ1BhcmFtZXRlciBOYW1lPSJmIiBWYWx1ZT0iJTVCJTIyZXJyJTIyLCUyMnhociUyMiwlMjJzdG4lMjIsJTIyaW5zJTIyJTVEIiBSZWNvcmRlZFZhbHVlPSIlNUIlMjJlcnIlMjIsJTIyeGhyJTIyLCUyMnN0biUyMiwlMjJpbnMlMjIlNUQiIENvcnJlbGF0aW9uQmluZGluZz0iIiBVcmxFbmNvZGU9IkZhbHNlIiBVc2VUb0dyb3VwUmVzdWx0cz0iRmFsc2UiIC8+DQogICAgICAgIDxRdWVyeVN0cmluZ1BhcmFtZXRlciBOYW1lPSJwZXJmIiBWYWx1ZT0iJTdCJTIydGltaW5nJTIyOiU3QiUyMm9mJTIyOjE0NTYxMzk5NDA4NTksJTIybiUyMjowLCUyMmRsJTIyOjk4NywlMjJkaSUyMjozNzg2LCUyMmRzJTIyOjM3ODYsJTIyZGUlMjI6Mzk4NiwlMjJkYyUyMjo0MDA4LCUyMmwlMjI6NDAxMSwlMjJsZSUyMjo0MDI5LCUyMmYlMjI6MiwlMjJkbiUyMjoyLCUyMmRuZSUyMjoyLCUyMmMlMjI6MiwlMjJjZSUyMjoyLCUyMnJxJTIyOjk4NCwlMjJycCUyMjo5ODcsJTIycnBlJTIyOjk5MSU3RCwlMjJuYXZpZ2F0aW9uJTIyOiU3QiU3RCU3RCIgUmVjb3JkZWRWYWx1ZT0iJTdCJTIydGltaW5nJTIyOiU3QiUyMm9mJTIyOjE0NTYxMzk5NDA4NTksJTIybiUyMjowLCUyMmRsJTIyOjk4NywlMjJkaSUyMjozNzg2LCUyMmRzJTIyOjM3ODYsJTIyZGUlMjI6Mzk4NiwlMjJkYyUyMjo0MDA4LCUyMmwlMjI6NDAxMSwlMjJsZSUyMjo0MDI5LCUyMmYlMjI6MiwlMjJkbiUyMjoyLCUyMmRuZSUyMjoyLCUyMmMlMjI6MiwlMjJjZSUyMjoyLCUyMnJxJTIyOjk4NCwlMjJycCUyMjo5ODcsJTIycnBlJTIyOjk5MSU3RCwlMjJuYXZpZ2F0aW9uJTIyOiU3QiU3RCU3RCIgQ29ycmVsYXRpb25CaW5kaW5nPSIiIFVybEVuY29kZT0iRmFsc2UiIFVzZVRvR3JvdXBSZXN1bHRzPSJGYWxzZSIgLz4NCiAgICAgICAgPFF1ZXJ5U3RyaW5nUGFyYW1ldGVyIE5hbWU9Impzb25wIiBWYWx1ZT0iTlJFVU0uc2V0VG9rZW4iIFJlY29yZGVkVmFsdWU9Ik5SRVVNLnNldFRva2VuIiBDb3JyZWxhdGlvbkJpbmRpbmc9IiIgVXJsRW5jb2RlPSJGYWxzZSIgVXNlVG9Hcm91cFJlc3VsdHM9IkZhbHNlIiAvPg0KICAgICAgPC9RdWVyeVN0cmluZ1BhcmFtZXRlcnM+DQogICAgPC9SZXF1ZXN0Pg0KICAgIDxSZXF1ZXN0IE1ldGhvZD0iR0VUIiBHdWlkPSI3MTNmYzdiOS1kYmYzLTRkM2MtOWUzMi1lMTVjOGIyZDMxNmQiIFZlcnNpb249IjEuMSIgVXJsPSJodHRwczovL3N0YWdpbmdwcmVkaWN0NS5pbmZsdWVuY2VoZWFsdGguY29tLyRtb2R1bGUvbGF5b3V0cy9kZWZhdWx0IiBUaGlua1RpbWU9IjAiIFRpbWVvdXQ9IjMwMCIgUGFyc2VEZXBlbmRlbnRSZXF1ZXN0cz0iVHJ1ZSIgRm9sbG93UmVkaXJlY3RzPSJUcnVlIiBSZWNvcmRSZXN1bHQ9IlRydWUiIENhY2hlPSJGYWxzZSIgUmVzcG9uc2VUaW1lR29hbD0iMCIgRW5jb2Rpbmc9InV0Zi04IiBFeHBlY3RlZEh0dHBTdGF0dXNDb2RlPSIwIiBFeHBlY3RlZFJlc3BvbnNlVXJsPSIiIFJlcG9ydGluZ05hbWU9IiIgSWdub3JlSHR0cFN0YXR1c0NvZGU9IkZhbHNlIj4NCiAgICAgIDxIZWFkZXJzPg0KICAgICAgICA8SGVhZGVyIE5hbWU9IkFjY2VwdCIgVmFsdWU9IiovKiIgLz4NCiAgICAgICAgPEhlYWRlciBOYW1lPSJYLVJlcXVlc3RlZC1XaXRoIiBWYWx1ZT0iWE1MSHR0cFJlcXVlc3QiIC8+DQogICAgICAgIDxIZWFkZXIgTmFtZT0iUmVmZXJlciIgVmFsdWU9Imh0dHBzOi8vc3RhZ2luZ3ByZWRpY3Q1LmluZmx1ZW5jZWhlYWx0aC5jb20vdW5pdmVyc2l0eWNvbG9yYWRvL3Nlc3Npb24vbG9naW4iIC8+DQogICAgICA8L0hlYWRlcnM+DQogICAgICA8UXVlcnlTdHJpbmdQYXJhbWV0ZXJzPg0KICAgICAgICA8UXVlcnlTdHJpbmdQYXJhbWV0ZXIgTmFtZT0iXyIgVmFsdWU9IjE0NTYxMzk5NDM4OTEiIFJlY29yZGVkVmFsdWU9IjE0NTYxMzk5NDM4OTEiIENvcnJlbGF0aW9uQmluZGluZz0iIiBVcmxFbmNvZGU9IkZhbHNlIiBVc2VUb0dyb3VwUmVzdWx0cz0iRmFsc2UiIC8+DQogICAgICA8L1F1ZXJ5U3RyaW5nUGFyYW1ldGVycz4NCiAgICA8L1JlcXVlc3Q+DQogICAgPFJlcXVlc3QgTWV0aG9kPSJHRVQiIEd1aWQ9ImM4N2NiYmZlLTAxZjEtNDQ5MC1hM2Y2LTc2ODBlYjBjOTNjYSIgVmVyc2lvbj0iMS4xIiBVcmw9Imh0dHBzOi8vc3RhZ2luZ3ByZWRpY3Q1LmluZmx1ZW5jZWhlYWx0aC5jb20vbGF5b3V0cy9kZWZhdWx0L2luZGV4Lmh0bWwiIFRoaW5rVGltZT0iMCIgVGltZW91dD0iMzAwIiBQYXJzZURlcGVuZGVudFJlcXVlc3RzPSJUcnVlIiBGb2xsb3dSZWRpcmVjdHM9IlRydWUiIFJlY29yZFJlc3VsdD0iVHJ1ZSIgQ2FjaGU9IkZhbHNlIiBSZXNwb25zZVRpbWVHb2FsPSIwIiBFbmNvZGluZz0idXRmLTgiIEV4cGVjdGVkSHR0cFN0YXR1c0NvZGU9IjAiIEV4cGVjdGVkUmVzcG9uc2VVcmw9IiIgUmVwb3J0aW5nTmFtZT0iIiBJZ25vcmVIdHRwU3RhdHVzQ29kZT0iRmFsc2UiPg0KICAgICAgPEhlYWRlcnM+DQogICAgICAgIDxIZWFkZXIgTmFtZT0iQWNjZXB0IiBWYWx1ZT0idGV4dC9odG1sLCAqLyo7IHE9MC4wMSIgLz4NCiAgICAgICAgPEhlYWRlciBOYW1lPSJYLVJlcXVlc3RlZC1XaXRoIiBWYWx1ZT0iWE1MSHR0cFJlcXVlc3QiIC8+DQogICAgICAgIDxIZWFkZXIgTmFtZT0iUmVmZXJlciIgVmFsdWU9Imh0dHBzOi8vc3RhZ2luZ3ByZWRpY3Q1LmluZmx1ZW5jZWhlYWx0aC5jb20vdW5pdmVyc2l0eWNvbG9yYWRvL3Nlc3Npb24vbG9naW4iIC8+DQogICAgICA8L0hlYWRlcnM+DQogICAgICA8UXVlcnlTdHJpbmdQYXJhbWV0ZXJzPg0KICAgICAgICA8UXVlcnlTdHJpbmdQYXJhbWV0ZXIgTmFtZT0iXyIgVmFsdWU9IjE0NTYxMzk5NDM4OTMiIFJlY29yZGVkVmFsdWU9IjE0NTYxMzk5NDM4OTMiIENvcnJlbGF0aW9uQmluZGluZz0iIiBVcmxFbmNvZGU9IkZhbHNlIiBVc2VUb0dyb3VwUmVzdWx0cz0iRmFsc2UiIC8+DQogICAgICA8L1F1ZXJ5U3RyaW5nUGFyYW1ldGVycz4NCiAgICA8L1JlcXVlc3Q+DQogICAgPFJlcXVlc3QgTWV0aG9kPSJHRVQiIEd1aWQ9ImQ0NmQxNmYzLTY0OGYtNDY5NC04MjFlLTk5YWJmOGMxMTI5MSIgVmVyc2lvbj0iMS4xIiBVcmw9Imh0dHBzOi8vc3RhZ2luZ3ByZWRpY3Q1LmluZmx1ZW5jZWhlYWx0aC5jb20vJG1vZHVsZS9tb2R1bGVzL3Nlc3Npb24iIFRoaW5rVGltZT0iMCIgVGltZW91dD0iMzAwIiBQYXJzZURlcGVuZGVudFJlcXVlc3RzPSJUcnVlIiBGb2xsb3dSZWRpcmVjdHM9IlRydWUiIFJlY29yZFJlc3VsdD0iVHJ1ZSIgQ2FjaGU9IkZhbHNlIiBSZXNwb25zZVRpbWVHb2FsPSIwIiBFbmNvZGluZz0idXRmLTgiIEV4cGVjdGVkSHR0cFN0YXR1c0NvZGU9IjAiIEV4cGVjdGVkUmVzcG9uc2VVcmw9IiIgUmVwb3J0aW5nTmFtZT0iIiBJZ25vcmVIdHRwU3RhdHVzQ29kZT0iRmFsc2UiPg0KICAgICAgPEhlYWRlcnM+DQogICAgICAgIDxIZWFkZXIgTmFtZT0iQWNjZXB0IiBWYWx1ZT0iKi8qIiAvPg0KICAgICAgICA8SGVhZGVyIE5hbWU9IlgtUmVxdWVzdGVkLVdpdGgiIFZhbHVlPSJYTUxIdHRwUmVxdWVzdCIgLz4NCiAgICAgICAgPEhlYWRlciBOYW1lPSJSZWZlcmVyIiBWYWx1ZT0iaHR0cHM6Ly9zdGFnaW5ncHJlZGljdDUuaW5mbHVlbmNlaGVhbHRoLmNvbS91bml2ZXJzaXR5Y29sb3JhZG8vc2Vzc2lvbi9sb2dpbiIgLz4NCiAgICAgIDwvSGVhZGVycz4NCiAgICAgIDxRdWVyeVN0cmluZ1BhcmFtZXRlcnM+DQogICAgICAgIDxRdWVyeVN0cmluZ1BhcmFtZXRlciBOYW1lPSJfIiBWYWx1ZT0iMTQ1NjEzOTk0Mzg5NCIgUmVjb3JkZWRWYWx1ZT0iMTQ1NjEzOTk0Mzg5NCIgQ29ycmVsYXRpb25CaW5kaW5nPSIiIFVybEVuY29kZT0iRmFsc2UiIFVzZVRvR3JvdXBSZXN1bHRzPSJGYWxzZSIgLz4NCiAgICAgIDwvUXVlcnlTdHJpbmdQYXJhbWV0ZXJzPg0KICAgIDwvUmVxdWVzdD4NCiAgICA8UmVxdWVzdCBNZXRob2Q9IkdFVCIgR3VpZD0iODNiNjI4NTQtODk3Zi00MmE1LWIzODktMDM0MmQzYThkYThmIiBWZXJzaW9uPSIxLjEiIFVybD0iaHR0cHM6Ly9zdGFnaW5ncHJlZGljdDUuaW5mbHVlbmNlaGVhbHRoLmNvbS9tb2R1bGVzL3Nlc3Npb24vaW5kZXguaHRtbCIgVGhpbmtUaW1lPSIwIiBUaW1lb3V0PSIzMDAiIFBhcnNlRGVwZW5kZW50UmVxdWVzdHM9IlRydWUiIEZvbGxvd1JlZGlyZWN0cz0iVHJ1ZSIgUmVjb3JkUmVzdWx0PSJUcnVlIiBDYWNoZT0iRmFsc2UiIFJlc3BvbnNlVGltZUdvYWw9IjAiIEVuY29kaW5nPSJ1dGYtOCIgRXhwZWN0ZWRIdHRwU3RhdHVzQ29kZT0iMCIgRXhwZWN0ZWRSZXNwb25zZVVybD0iIiBSZXBvcnRpbmdOYW1lPSIiIElnbm9yZUh0dHBTdGF0dXNDb2RlPSJGYWxzZSI+DQogICAgICA8SGVhZGVycz4NCiAgICAgICAgPEhlYWRlciBOYW1lPSJBY2NlcHQiIFZhbHVlPSJ0ZXh0L2h0bWwsICovKjsgcT0wLjAxIiAvPg0KICAgICAgICA8SGVhZGVyIE5hbWU9IlgtUmVxdWVzdGVkLVdpdGgiIFZhbHVlPSJYTUxIdHRwUmVxdWVzdCIgLz4NCiAgICAgICAgPEhlYWRlciBOYW1lPSJSZWZlcmVyIiBWYWx1ZT0iaHR0cHM6Ly9zdGFnaW5ncHJlZGljdDUuaW5mbHVlbmNlaGVhbHRoLmNvbS91bml2ZXJzaXR5Y29sb3JhZG8vc2Vzc2lvbi9sb2dpbiIgLz4NCiAgICAgIDwvSGVhZGVycz4NCiAgICAgIDxRdWVyeVN0cmluZ1BhcmFtZXRlcnM+DQogICAgICAgIDxRdWVyeVN0cmluZ1BhcmFtZXRlciBOYW1lPSJfIiBWYWx1ZT0iMTQ1NjEzOTk0MzkwMiIgUmVjb3JkZWRWYWx1ZT0iMTQ1NjEzOTk0MzkwMiIgQ29ycmVsYXRpb25CaW5kaW5nPSIiIFVybEVuY29kZT0iRmFsc2UiIFVzZVRvR3JvdXBSZXN1bHRzPSJGYWxzZSIgLz4NCiAgICAgIDwvUXVlcnlTdHJpbmdQYXJhbWV0ZXJzPg0KICAgIDwvUmVxdWVzdD4NCiAgICA8UmVxdWVzdCBNZXRob2Q9IkdFVCIgR3VpZD0iZTFhODZhOTUtMzNkOS00ZjViLWEwYWQtZGZkMjJjODdiZTMzIiBWZXJzaW9uPSIxLjEiIFVybD0iaHR0cHM6Ly9zdGFnaW5ncHJlZGljdDUuaW5mbHVlbmNlaGVhbHRoLmNvbS90ZW1wbGF0ZXMvYWxlcnRDb250YWluZXIuaHRtbCIgVGhpbmtUaW1lPSIwIiBUaW1lb3V0PSIzMDAiIFBhcnNlRGVwZW5kZW50UmVxdWVzdHM9IlRydWUiIEZvbGxvd1JlZGlyZWN0cz0iVHJ1ZSIgUmVjb3JkUmVzdWx0PSJUcnVlIiBDYWNoZT0iRmFsc2UiIFJlc3BvbnNlVGltZUdvYWw9IjAiIEVuY29kaW5nPSJ1dGYtOCIgRXhwZWN0ZWRIdHRwU3RhdHVzQ29kZT0iMCIgRXhwZWN0ZWRSZXNwb25zZVVybD0iIiBSZXBvcnRpbmdOYW1lPSIiIElnbm9yZUh0dHBTdGF0dXNDb2RlPSJGYWxzZSI+DQogICAgICA8SGVhZGVycz4NCiAgICAgICAgPEhlYWRlciBOYW1lPSJBY2NlcHQiIFZhbHVlPSJhcHBsaWNhdGlvbi9qc29uLCB0ZXh0L3BsYWluLCAqLyoiIC8+DQogICAgICAgIDxIZWFkZXIgTmFtZT0iUmVmZXJlciIgVmFsdWU9Imh0dHBzOi8vc3RhZ2luZ3ByZWRpY3Q1LmluZmx1ZW5jZWhlYWx0aC5jb20vdW5pdmVyc2l0eWNvbG9yYWRvL3Nlc3Npb24vbG9naW4iIC8+DQogICAgICA8L0hlYWRlcnM+DQogICAgPC9SZXF1ZXN0Pg0KICAgIDxSZXF1ZXN0IE1ldGhvZD0iR0VUIiBHdWlkPSJjZTQwNDk3ZS01NzEyLTRiMmEtOGY4Ni1lMzIxNjdiMGM3ZTQiIFZlcnNpb249IjEuMSIgVXJsPSJodHRwczovL3N0YWdpbmdwcmVkaWN0NS5pbmZsdWVuY2VoZWFsdGguY29tL21vZHVsZXMvc2Vzc2lvbi92aWV3cy9sb2dpbi5odG1sIiBUaGlua1RpbWU9IjAiIFRpbWVvdXQ9IjMwMCIgUGFyc2VEZXBlbmRlbnRSZXF1ZXN0cz0iVHJ1ZSIgRm9sbG93UmVkaXJlY3RzPSJUcnVlIiBSZWNvcmRSZXN1bHQ9IlRydWUiIENhY2hlPSJGYWxzZSIgUmVzcG9uc2VUaW1lR29hbD0iMCIgRW5jb2Rpbmc9InV0Zi04IiBFeHBlY3RlZEh0dHBTdGF0dXNDb2RlPSIwIiBFeHBlY3RlZFJlc3BvbnNlVXJsPSIiIFJlcG9ydGluZ05hbWU9IiIgSWdub3JlSHR0cFN0YXR1c0NvZGU9IkZhbHNlIj4NCiAgICAgIDxIZWFkZXJzPg0KICAgICAgICA8SGVhZGVyIE5hbWU9IkFjY2VwdCIgVmFsdWU9InRleHQvaHRtbCwgKi8qOyBxPTAuMDEiIC8+DQogICAgICAgIDxIZWFkZXIgTmFtZT0iWC1SZXF1ZXN0ZWQtV2l0aCIgVmFsdWU9IlhNTEh0dHBSZXF1ZXN0IiAvPg0KICAgICAgICA8SGVhZGVyIE5hbWU9IlJlZmVyZXIiIFZhbHVlPSJodHRwczovL3N0YWdpbmdwcmVkaWN0NS5pbmZsdWVuY2VoZWFsdGguY29tL3VuaXZlcnNpdHljb2xvcmFkby9zZXNzaW9uL2xvZ2luIiAvPg0KICAgICAgPC9IZWFkZXJzPg0KICAgICAgPFF1ZXJ5U3RyaW5nUGFyYW1ldGVycz4NCiAgICAgICAgPFF1ZXJ5U3RyaW5nUGFyYW1ldGVyIE5hbWU9Il8iIFZhbHVlPSIxNDU2MTM5OTQzOTAzIiBSZWNvcmRlZFZhbHVlPSIxNDU2MTM5OTQzOTAzIiBDb3JyZWxhdGlvbkJpbmRpbmc9IiIgVXJsRW5jb2RlPSJGYWxzZSIgVXNlVG9Hcm91cFJlc3VsdHM9IkZhbHNlIiAvPg0KICAgICAgPC9RdWVyeVN0cmluZ1BhcmFtZXRlcnM+DQogICAgPC9SZXF1ZXN0Pg0KICAgIDxSZXF1ZXN0IE1ldGhvZD0iR0VUIiBHdWlkPSIzYjU0ZTljMS1hZjhlLTQ4YWMtYWI0NS00ZjExYThjNDEyZTciIFZlcnNpb249IjEuMSIgVXJsPSJodHRwczovL3N0YWdpbmdwcmVkaWN0NS5pbmZsdWVuY2VoZWFsdGguY29tL3RoZW1lcy9kZWZhdWx0L2Jvb3RzdHJhcC9nbHlwaGljb25zLWhhbGZsaW5ncy1yZWd1bGFyLmVvdCIgVGhpbmtUaW1lPSIwIiBUaW1lb3V0PSIzMDAiIFBhcnNlRGVwZW5kZW50UmVxdWVzdHM9IlRydWUiIEZvbGxvd1JlZGlyZWN0cz0iVHJ1ZSIgUmVjb3JkUmVzdWx0PSJUcnVlIiBDYWNoZT0iRmFsc2UiIFJlc3BvbnNlVGltZUdvYWw9IjAiIEVuY29kaW5nPSJ1dGYtOCIgRXhwZWN0ZWRIdHRwU3RhdHVzQ29kZT0iMCIgRXhwZWN0ZWRSZXNwb25zZVVybD0iIiBSZXBvcnRpbmdOYW1lPSIiIElnbm9yZUh0dHBTdGF0dXNDb2RlPSJGYWxzZSI+DQogICAgICA8SGVhZGVycz4NCiAgICAgICAgPEhlYWRlciBOYW1lPSJSZWZlcmVyIiBWYWx1ZT0iaHR0cHM6Ly9zdGFnaW5ncHJlZGljdDUuaW5mbHVlbmNlaGVhbHRoLmNvbS91bml2ZXJzaXR5Y29sb3JhZG8vc2Vzc2lvbi9sb2dpbiIgLz4NCiAgICAgIDwvSGVhZGVycz4NCiAgICAgIDxRdWVyeVN0cmluZ1BhcmFtZXRlcnM+DQogICAgICAgIDxRdWVyeVN0cmluZ1BhcmFtZXRlciBOYW1lPSIiIFZhbHVlPSIiIFJlY29yZGVkVmFsdWU9IiIgQ29ycmVsYXRpb25CaW5kaW5nPSIiIFVybEVuY29kZT0iRmFsc2UiIFVzZVRvR3JvdXBSZXN1bHRzPSJGYWxzZSIgLz4NCiAgICAgIDwvUXVlcnlTdHJpbmdQYXJhbWV0ZXJzPg0KICAgIDwvUmVxdWVzdD4NCiAgICA8UmVxdWVzdCBNZXRob2Q9IkdFVCIgR3VpZD0iOWRjYjhlMDMtMmI3OC00ODQyLWFjOWEtODQyYWU0ZTFiOThlIiBWZXJzaW9uPSIxLjEiIFVybD0iaHR0cHM6Ly9zdGFnaW5ncHJlZGljdDUuaW5mbHVlbmNlaGVhbHRoLmNvbS90aGVtZXMvZGVmYXVsdC9ib290c3RyYXAvZ2x5cGhpY29ucy1oYWxmbGluZ3MtcmVndWxhci53b2ZmIiBUaGlua1RpbWU9IjE0IiBUaW1lb3V0PSIzMDAiIFBhcnNlRGVwZW5kZW50UmVxdWVzdHM9IlRydWUiIEZvbGxvd1JlZGlyZWN0cz0iVHJ1ZSIgUmVjb3JkUmVzdWx0PSJUcnVlIiBDYWNoZT0iRmFsc2UiIFJlc3BvbnNlVGltZUdvYWw9IjAiIEVuY29kaW5nPSJ1dGYtOCIgRXhwZWN0ZWRIdHRwU3RhdHVzQ29kZT0iMCIgRXhwZWN0ZWRSZXNwb25zZVVybD0iIiBSZXBvcnRpbmdOYW1lPSIiIElnbm9yZUh0dHBTdGF0dXNDb2RlPSJGYWxzZSI+DQogICAgICA8SGVhZGVycz4NCiAgICAgICAgPEhlYWRlciBOYW1lPSJSZWZlcmVyIiBWYWx1ZT0iaHR0cHM6Ly9zdGFnaW5ncHJlZGljdDUuaW5mbHVlbmNlaGVhbHRoLmNvbS91bml2ZXJzaXR5Y29sb3JhZG8vc2Vzc2lvbi9sb2dpbiIgLz4NCiAgICAgIDwvSGVhZGVycz4NCiAgICA8L1JlcXVlc3Q+DQogICAgPFJlcXVlc3QgTWV0aG9kPSJHRVQiIEd1aWQ9ImVmMWQyZTk4LWFlM2EtNDg5Mi04NjhlLTFiN2JkYjI4MGFlMSIgVmVyc2lvbj0iMS4xIiBVcmw9Imh0dHBzOi8vbWFwcy5nb29nbGVhcGlzLmNvbS9tYXBzL2FwaS9qcy9BdXRoZW50aWNhdGlvblNlcnZpY2UuQXV0aGVudGljYXRlIiBUaGlua1RpbWU9IjE3IiBUaW1lb3V0PSIzMDAiIFBhcnNlRGVwZW5kZW50UmVxdWVzdHM9IlRydWUiIEZvbGxvd1JlZGlyZWN0cz0iVHJ1ZSIgUmVjb3JkUmVzdWx0PSJUcnVlIiBDYWNoZT0iRmFsc2UiIFJlc3BvbnNlVGltZUdvYWw9IjAiIEVuY29kaW5nPSJ1dGYtOCIgRXhwZWN0ZWRIdHRwU3RhdHVzQ29kZT0iMCIgRXhwZWN0ZWRSZXNwb25zZVVybD0iIiBSZXBvcnRpbmdOYW1lPSIiIElnbm9yZUh0dHBTdGF0dXNDb2RlPSJGYWxzZSI+DQogICAgICA8SGVhZGVycz4NCiAgICAgICAgPEhlYWRlciBOYW1lPSJSZWZlcmVyIiBWYWx1ZT0iaHR0cHM6Ly9zdGFnaW5ncHJlZGljdDUuaW5mbHVlbmNlaGVhbHRoLmNvbS91bml2ZXJzaXR5Y29sb3JhZG8vc2Vzc2lvbi9sb2dpbiIgLz4NCiAgICAgIDwvSGVhZGVycz4NCiAgICAgIDxRdWVyeVN0cmluZ1BhcmFtZXRlcnM+DQogICAgICAgIDxRdWVyeVN0cmluZ1BhcmFtZXRlciBOYW1lPSIiIFZhbHVlPSIxc2h0dHBzJTNBJTJGJTJGc3RhZ2luZ3ByZWRpY3Q1LmluZmx1ZW5jZWhlYWx0aC5jb20lMkZ1bml2ZXJzaXR5Y29sb3JhZG8lMkZzZXNzaW9uJTJGbG9naW4iIFJlY29yZGVkVmFsdWU9IjFzaHR0cHMlM0ElMkYlMkZzdGFnaW5ncHJlZGljdDUuaW5mbHVlbmNlaGVhbHRoLmNvbSUyRnVuaXZlcnNpdHljb2xvcmFkbyUyRnNlc3Npb24lMkZsb2dpbiIgQ29ycmVsYXRpb25CaW5kaW5nPSIiIFVybEVuY29kZT0iRmFsc2UiIFVzZVRvR3JvdXBSZXN1bHRzPSJGYWxzZSIgLz4NCiAgICAgICAgPFF1ZXJ5U3RyaW5nUGFyYW1ldGVyIE5hbWU9IiIgVmFsdWU9IjRzQUl6YVN5QkJpRmpILU5RbUtBcWhmRmotSVBjUjdVTFhCczBGa2JBIiBSZWNvcmRlZFZhbHVlPSI0c0FJemFTeUJCaUZqSC1OUW1LQXFoZkZqLUlQY1I3VUxYQnMwRmtiQSIgQ29ycmVsYXRpb25CaW5kaW5nPSIiIFVybEVuY29kZT0iRmFsc2UiIFVzZVRvR3JvdXBSZXN1bHRzPSJGYWxzZSIgLz4NCiAgICAgICAgPFF1ZXJ5U3RyaW5nUGFyYW1ldGVyIE5hbWU9ImNhbGxiYWNrIiBWYWx1ZT0iX3hkY18uX3lkM2VociIgUmVjb3JkZWRWYWx1ZT0iX3hkY18uX3lkM2VociIgQ29ycmVsYXRpb25CaW5kaW5nPSIiIFVybEVuY29kZT0iRmFsc2UiIFVzZVRvR3JvdXBSZXN1bHRzPSJGYWxzZSIgLz4NCiAgICAgICAgPFF1ZXJ5U3RyaW5nUGFyYW1ldGVyIE5hbWU9InRva2VuIiBWYWx1ZT0iMTA4NzY4IiBSZWNvcmRlZFZhbHVlPSIxMDg3NjgiIENvcnJlbGF0aW9uQmluZGluZz0iIiBVcmxFbmNvZGU9IkZhbHNlIiBVc2VUb0dyb3VwUmVzdWx0cz0iRmFsc2UiIC8+DQogICAgICA8L1F1ZXJ5U3RyaW5nUGFyYW1ldGVycz4NCiAgICA8L1JlcXVlc3Q+DQogICAgPENvbW1lbnQgQ29tbWVudFRleHQ9IkxvZ2luIiAvPg0KICAgIDxSZXF1ZXN0IE1ldGhvZD0iUE9TVCIgR3VpZD0iMDIzNDM2YjgtYjE1Ny00MjgzLTkzNjYtNTY3ZDU1YzliZTFlIiBWZXJzaW9uPSIxLjEiIFVybD0iaHR0cHM6Ly9zdGFnaW5ncHJlZGljdDUuaW5mbHVlbmNlaGVhbHRoLmNvbTozMDAwL3ByZWRpY3QvdjEvY2xpZW50cy91bml2ZXJzaXR5Y29sb3JhZG8vYXV0aFRva2VuIiBUaGlua1RpbWU9IjAiIFRpbWVvdXQ9IjMwMCIgUGFyc2VEZXBlbmRlbnRSZXF1ZXN0cz0iVHJ1ZSIgRm9sbG93UmVkaXJlY3RzPSJUcnVlIiBSZWNvcmRSZXN1bHQ9IlRydWUiIENhY2hlPSJGYWxzZSIgUmVzcG9uc2VUaW1lR29hbD0iMCIgRW5jb2Rpbmc9InV0Zi04IiBFeHBlY3RlZEh0dHBTdGF0dXNDb2RlPSIwIiBFeHBlY3RlZFJlc3BvbnNlVXJsPSIiIFJlcG9ydGluZ05hbWU9IiIgSWdub3JlSHR0cFN0YXR1c0NvZGU9IkZhbHNlIj4NCiAgICAgIDxIZWFkZXJzPg0KICAgICAgICA8SGVhZGVyIE5hbWU9IkFjY2VwdCIgVmFsdWU9ImFwcGxpY2F0aW9uL2pzb24sIHRleHQvcGxhaW4sICovKiIgLz4NCiAgICAgICAgPEhlYWRlciBOYW1lPSJSZWZlcmVyIiBWYWx1ZT0iaHR0cHM6Ly9zdGFnaW5ncHJlZGljdDUuaW5mbHVlbmNlaGVhbHRoLmNvbS91bml2ZXJzaXR5Y29sb3JhZG8vc2Vzc2lvbi9sb2dpbiIgLz4NCiAgICAgIDwvSGVhZGVycz4NCiAgICAgIDxTdHJpbmdIdHRwQm9keSBDb250ZW50VHlwZT0iYXBwbGljYXRpb24vanNvbiIgSW5zZXJ0Qnl0ZU9yZGVyTWFyaz0iRmFsc2UiPmV3QWlBSElBYndCMUFIUUFaUUJRQUdFQWNnQmhBRzBBY3dBaUFEb0Fld0I5QUN3QUlnQlZBSE1BWlFCeUFHNEFZUUJ0QUdVQUlnQTZBQ0lBWVFCMUFIUUFid0J0QUdFQWRBQnBBRzhBYmdCQUFHMEFaUUJrQUhNQVpRQmxBR3NBTGdCakFHOEFiUUFpQUN3QUlnQlFBR0VBY3dCekFIY0Fid0J5QUdRQUlnQTZBQ0lBVFFCbEFHUUFjd0JsQUdVQWF3QXhBRElBTXdBMEFDSUFmUUE9PC9TdHJpbmdIdHRwQm9keT4NCiAgICA8L1JlcXVlc3Q+DQogICAgPFJlcXVlc3QgTWV0aG9kPSJHRVQiIEd1aWQ9ImMxMzA3MDE4LTJkY2UtNDU5My1hNzg1LTZmZWEzZTNjZGYwZSIgVmVyc2lvbj0iMS4xIiBVcmw9Imh0dHBzOi8vc3RhZ2luZ3ByZWRpY3Q1LmluZmx1ZW5jZWhlYWx0aC5jb20vJG1vZHVsZS9tb2R1bGVzL2FjY291bnRzIiBUaGlua1RpbWU9IjAiIFRpbWVvdXQ9IjMwMCIgUGFyc2VEZXBlbmRlbnRSZXF1ZXN0cz0iVHJ1ZSIgRm9sbG93UmVkaXJlY3RzPSJUcnVlIiBSZWNvcmRSZXN1bHQ9IlRydWUiIENhY2hlPSJGYWxzZSIgUmVzcG9uc2VUaW1lR29hbD0iMCIgRW5jb2Rpbmc9InV0Zi04IiBFeHBlY3RlZEh0dHBTdGF0dXNDb2RlPSIwIiBFeHBlY3RlZFJlc3BvbnNlVXJsPSIiIFJlcG9ydGluZ05hbWU9IiIgSWdub3JlSHR0cFN0YXR1c0NvZGU9IkZhbHNlIj4NCiAgICAgIDxIZWFkZXJzPg0KICAgICAgICA8SGVhZGVyIE5hbWU9IkFjY2VwdCIgVmFsdWU9IiovKiIgLz4NCiAgICAgICAgPEhlYWRlciBOYW1lPSJYLVJlcXVlc3RlZC1XaXRoIiBWYWx1ZT0iWE1MSHR0cFJlcXVlc3QiIC8+DQogICAgICAgIDxIZWFkZXIgTmFtZT0iUmVmZXJlciIgVmFsdWU9Imh0dHBzOi8vc3RhZ2luZ3ByZWRpY3Q1LmluZmx1ZW5jZWhlYWx0aC5jb20vdW5pdmVyc2l0eWNvbG9yYWRvL2FjY291bnRzIiAvPg0KICAgICAgPC9IZWFkZXJzPg0KICAgICAgPFF1ZXJ5U3RyaW5nUGFyYW1ldGVycz4NCiAgICAgICAgPFF1ZXJ5U3RyaW5nUGFyYW1ldGVyIE5hbWU9Il8iIFZhbHVlPSIxNDU2MTM5OTQzOTA0IiBSZWNvcmRlZFZhbHVlPSIxNDU2MTM5OTQzOTA0IiBDb3JyZWxhdGlvbkJpbmRpbmc9IiIgVXJsRW5jb2RlPSJGYWxzZSIgVXNlVG9Hcm91cFJlc3VsdHM9IkZhbHNlIiAvPg0KICAgICAgPC9RdWVyeVN0cmluZ1BhcmFtZXRlcnM+DQogICAgPC9SZXF1ZXN0Pg0KICAgIDxSZXF1ZXN0IE1ldGhvZD0iR0VUIiBHdWlkPSJlNDFlNGFkNi1iMjY5LTRkNjAtOTc3NC00ODExNGE2NjhmNDUiIFZlcnNpb249IjEuMSIgVXJsPSJodHRwczovL3N0YWdpbmdwcmVkaWN0NS5pbmZsdWVuY2VoZWFsdGguY29tL21vZHVsZXMvYWNjb3VudHMvaW5kZXguaHRtbCIgVGhpbmtUaW1lPSIwIiBUaW1lb3V0PSIzMDAiIFBhcnNlRGVwZW5kZW50UmVxdWVzdHM9IlRydWUiIEZvbGxvd1JlZGlyZWN0cz0iVHJ1ZSIgUmVjb3JkUmVzdWx0PSJUcnVlIiBDYWNoZT0iRmFsc2UiIFJlc3BvbnNlVGltZUdvYWw9IjAiIEVuY29kaW5nPSJ1dGYtOCIgRXhwZWN0ZWRIdHRwU3RhdHVzQ29kZT0iMCIgRXhwZWN0ZWRSZXNwb25zZVVybD0iIiBSZXBvcnRpbmdOYW1lPSIiIElnbm9yZUh0dHBTdGF0dXNDb2RlPSJGYWxzZSI+DQogICAgICA8SGVhZGVycz4NCiAgICAgICAgPEhlYWRlciBOYW1lPSJBY2NlcHQiIFZhbHVlPSJ0ZXh0L2h0bWwsICovKjsgcT0wLjAxIiAvPg0KICAgICAgICA8SGVhZGVyIE5hbWU9IlgtUmVxdWVzdGVkLVdpdGgiIFZhbHVlPSJYTUxIdHRwUmVxdWVzdCIgLz4NCiAgICAgICAgPEhlYWRlciBOYW1lPSJSZWZlcmVyIiBWYWx1ZT0iaHR0cHM6Ly9zdGFnaW5ncHJlZGljdDUuaW5mbHVlbmNlaGVhbHRoLmNvbS91bml2ZXJzaXR5Y29sb3JhZG8vYWNjb3VudHMiIC8+DQogICAgICA8L0hlYWRlcnM+DQogICAgICA8UXVlcnlTdHJpbmdQYXJhbWV0ZXJzPg0KICAgICAgICA8UXVlcnlTdHJpbmdQYXJhbWV0ZXIgTmFtZT0iXyIgVmFsdWU9IjE0NTYxMzk5NDM5MDYiIFJlY29yZGVkVmFsdWU9IjE0NTYxMzk5NDM5MDYiIENvcnJlbGF0aW9uQmluZGluZz0iIiBVcmxFbmNvZGU9IkZhbHNlIiBVc2VUb0dyb3VwUmVzdWx0cz0iRmFsc2UiIC8+DQogICAgICA8L1F1ZXJ5U3RyaW5nUGFyYW1ldGVycz4NCiAgICA8L1JlcXVlc3Q+DQogICAgPFJlcXVlc3QgTWV0aG9kPSJHRVQiIEd1aWQ9IjdhZWVkNGYzLTQxOGEtNGRmNC1hOGZiLTk4OGQzMGI5NTU2NyIgVmVyc2lvbj0iMS4xIiBVcmw9Imh0dHBzOi8vc3RhZ2luZ3ByZWRpY3Q1LmluZmx1ZW5jZWhlYWx0aC5jb206MzAwMC9wcmVkaWN0L3YxL2NsaWVudHMvdW5pdmVyc2l0eWNvbG9yYWRvL2xpc3RjbGllbnRzIiBUaGlua1RpbWU9IjAiIFRpbWVvdXQ9IjMwMCIgUGFyc2VEZXBlbmRlbnRSZXF1ZXN0cz0iVHJ1ZSIgRm9sbG93UmVkaXJlY3RzPSJUcnVlIiBSZWNvcmRSZXN1bHQ9IlRydWUiIENhY2hlPSJGYWxzZSIgUmVzcG9uc2VUaW1lR29hbD0iMCIgRW5jb2Rpbmc9InV0Zi04IiBFeHBlY3RlZEh0dHBTdGF0dXNDb2RlPSIwIiBFeHBlY3RlZFJlc3BvbnNlVXJsPSIiIFJlcG9ydGluZ05hbWU9IiIgSWdub3JlSHR0cFN0YXR1c0NvZGU9IkZhbHNlIj4NCiAgICAgIDxIZWFkZXJzPg0KICAgICAgICA8SGVhZGVyIE5hbWU9IkFjY2VwdCIgVmFsdWU9ImFwcGxpY2F0aW9uL2pzb24sIHRleHQvcGxhaW4sICovKiIgLz4NCiAgICAgICAgPEhlYWRlciBOYW1lPSJSZWZlcmVyIiBWYWx1ZT0iaHR0cHM6Ly9zdGFnaW5ncHJlZGljdDUuaW5mbHVlbmNlaGVhbHRoLmNvbS91bml2ZXJzaXR5Y29sb3JhZG8vYWNjb3VudHMiIC8+DQogICAgICA8L0hlYWRlcnM+DQogICAgICA8UXVlcnlTdHJpbmdQYXJhbWV0ZXJzPg0KICAgICAgICA8UXVlcnlTdHJpbmdQYXJhbWV0ZXIgTmFtZT0iSWQiIFZhbHVlPSJ1bml2ZXJzaXR5Y29sb3JhZG8iIFJlY29yZGVkVmFsdWU9InVuaXZlcnNpdHljb2xvcmFkbyIgQ29ycmVsYXRpb25CaW5kaW5nPSIiIFVybEVuY29kZT0iRmFsc2UiIFVzZVRvR3JvdXBSZXN1bHRzPSJGYWxzZSIgLz4NCiAgICAgIDwvUXVlcnlTdHJpbmdQYXJhbWV0ZXJzPg0KICAgIDwvUmVxdWVzdD4NCiAgICA8UmVxdWVzdCBNZXRob2Q9IkdFVCIgR3VpZD0iMWYyZTE3OWQtNmJmNC00MjJmLTk4MGMtYjQ5M2YzNWEyZmIyIiBWZXJzaW9uPSIxLjEiIFVybD0iaHR0cHM6Ly9zdGFnaW5ncHJlZGljdDUuaW5mbHVlbmNlaGVhbHRoLmNvbS9tb2R1bGVzL2FjY291bnRzL3ZpZXdzL2Nob29zZS1jb250ZXh0Lmh0bWwiIFRoaW5rVGltZT0iMCIgVGltZW91dD0iMzAwIiBQYXJzZURlcGVuZGVudFJlcXVlc3RzPSJUcnVlIiBGb2xsb3dSZWRpcmVjdHM9IlRydWUiIFJlY29yZFJlc3VsdD0iVHJ1ZSIgQ2FjaGU9IkZhbHNlIiBSZXNwb25zZVRpbWVHb2FsPSIwIiBFbmNvZGluZz0idXRmLTgiIEV4cGVjdGVkSHR0cFN0YXR1c0NvZGU9IjAiIEV4cGVjdGVkUmVzcG9uc2VVcmw9IiIgUmVwb3J0aW5nTmFtZT0iIiBJZ25vcmVIdHRwU3RhdHVzQ29kZT0iRmFsc2UiPg0KICAgICAgPEhlYWRlcnM+DQogICAgICAgIDxIZWFkZXIgTmFtZT0iQWNjZXB0IiBWYWx1ZT0idGV4dC9odG1sLCAqLyo7IHE9MC4wMSIgLz4NCiAgICAgICAgPEhlYWRlciBOYW1lPSJYLVJlcXVlc3RlZC1XaXRoIiBWYWx1ZT0iWE1MSHR0cFJlcXVlc3QiIC8+DQogICAgICAgIDxIZWFkZXIgTmFtZT0iUmVmZXJlciIgVmFsdWU9Imh0dHBzOi8vc3RhZ2luZ3ByZWRpY3Q1LmluZmx1ZW5jZWhlYWx0aC5jb20vdW5pdmVyc2l0eWNvbG9yYWRvL2FjY291bnRzIiAvPg0KICAgICAgPC9IZWFkZXJzPg0KICAgICAgPFF1ZXJ5U3RyaW5nUGFyYW1ldGVycz4NCiAgICAgICAgPFF1ZXJ5U3RyaW5nUGFyYW1ldGVyIE5hbWU9Il8iIFZhbHVlPSIxNDU2MTM5OTQzOTA3IiBSZWNvcmRlZFZhbHVlPSIxNDU2MTM5OTQzOTA3IiBDb3JyZWxhdGlvbkJpbmRpbmc9IiIgVXJsRW5jb2RlPSJGYWxzZSIgVXNlVG9Hcm91cFJlc3VsdHM9IkZhbHNlIiAvPg0KICAgICAgPC9RdWVyeVN0cmluZ1BhcmFtZXRlcnM+DQogICAgPC9SZXF1ZXN0Pg0KICAgIDxSZXF1ZXN0IE1ldGhvZD0iR0VUIiBHdWlkPSJiZWZiNTIxMy0zMDM3LTRjZTEtYWRkNi1jNTU4M2FmN2Y1YTEiIFZlcnNpb249IjEuMSIgVXJsPSJodHRwczovL3N0YWdpbmdwcmVkaWN0NS5pbmZsdWVuY2VoZWFsdGguY29tLyRtb2R1bGUvbGF5b3V0cy9iYXNlIiBUaGlua1RpbWU9IjAiIFRpbWVvdXQ9IjMwMCIgUGFyc2VEZXBlbmRlbnRSZXF1ZXN0cz0iVHJ1ZSIgRm9sbG93UmVkaXJlY3RzPSJUcnVlIiBSZWNvcmRSZXN1bHQ9IlRydWUiIENhY2hlPSJGYWxzZSIgUmVzcG9uc2VUaW1lR29hbD0iMCIgRW5jb2Rpbmc9InV0Zi04IiBFeHBlY3RlZEh0dHBTdGF0dXNDb2RlPSIwIiBFeHBlY3RlZFJlc3BvbnNlVXJsPSIiIFJlcG9ydGluZ05hbWU9IiIgSWdub3JlSHR0cFN0YXR1c0NvZGU9IkZhbHNlIj4NCiAgICAgIDxIZWFkZXJzPg0KICAgICAgICA8SGVhZGVyIE5hbWU9IkFjY2VwdCIgVmFsdWU9IiovKiIgLz4NCiAgICAgICAgPEhlYWRlciBOYW1lPSJYLVJlcXVlc3RlZC1XaXRoIiBWYWx1ZT0iWE1MSHR0cFJlcXVlc3QiIC8+DQogICAgICAgIDxIZWFkZXIgTmFtZT0iUmVmZXJlciIgVmFsdWU9Imh0dHBzOi8vc3RhZ2luZ3ByZWRpY3Q1LmluZmx1ZW5jZWhlYWx0aC5jb20vdW5pdmVyc2l0eWNvbG9yYWRvIiAvPg0KICAgICAgPC9IZWFkZXJzPg0KICAgICAgPFF1ZXJ5U3RyaW5nUGFyYW1ldGVycz4NCiAgICAgICAgPFF1ZXJ5U3RyaW5nUGFyYW1ldGVyIE5hbWU9Il8iIFZhbHVlPSIxNDU2MTM5OTQzOTA4IiBSZWNvcmRlZFZhbHVlPSIxNDU2MTM5OTQzOTA4IiBDb3JyZWxhdGlvbkJpbmRpbmc9IiIgVXJsRW5jb2RlPSJGYWxzZSIgVXNlVG9Hcm91cFJlc3VsdHM9IkZhbHNlIiAvPg0KICAgICAgPC9RdWVyeVN0cmluZ1BhcmFtZXRlcnM+DQogICAgPC9SZXF1ZXN0Pg0KICAgIDxSZXF1ZXN0IE1ldGhvZD0iR0VUIiBHdWlkPSIxMjhmYzAwYS1jZTQzLTRhZGMtOTQxNi00ZjRiNGQwZTQ0MWMiIFZlcnNpb249IjEuMSIgVXJsPSJodHRwczovL3N0YWdpbmdwcmVkaWN0NS5pbmZsdWVuY2VoZWFsdGguY29tL2xheW91dHMvYmFzZS9pbmRleC5odG1sIiBUaGlua1RpbWU9IjAiIFRpbWVvdXQ9IjMwMCIgUGFyc2VEZXBlbmRlbnRSZXF1ZXN0cz0iVHJ1ZSIgRm9sbG93UmVkaXJlY3RzPSJUcnVlIiBSZWNvcmRSZXN1bHQ9IlRydWUiIENhY2hlPSJGYWxzZSIgUmVzcG9uc2VUaW1lR29hbD0iMCIgRW5jb2Rpbmc9InV0Zi04IiBFeHBlY3RlZEh0dHBTdGF0dXNDb2RlPSIwIiBFeHBlY3RlZFJlc3BvbnNlVXJsPSIiIFJlcG9ydGluZ05hbWU9IiIgSWdub3JlSHR0cFN0YXR1c0NvZGU9IkZhbHNlIj4NCiAgICAgIDxIZWFkZXJzPg0KICAgICAgICA8SGVhZGVyIE5hbWU9IkFjY2VwdCIgVmFsdWU9InRleHQvaHRtbCwgKi8qOyBxPTAuMDEiIC8+DQogICAgICAgIDxIZWFkZXIgTmFtZT0iWC1SZXF1ZXN0ZWQtV2l0aCIgVmFsdWU9IlhNTEh0dHBSZXF1ZXN0IiAvPg0KICAgICAgICA8SGVhZGVyIE5hbWU9IlJlZmVyZXIiIFZhbHVlPSJodHRwczovL3N0YWdpbmdwcmVkaWN0NS5pbmZsdWVuY2VoZWFsdGguY29tL3VuaXZlcnNpdHljb2xvcmFkbyIgLz4NCiAgICAgIDwvSGVhZGVycz4NCiAgICAgIDxRdWVyeVN0cmluZ1BhcmFtZXRlcnM+DQogICAgICAgIDxRdWVyeVN0cmluZ1BhcmFtZXRlciBOYW1lPSJfIiBWYWx1ZT0iMTQ1NjEzOTk0MzkxMCIgUmVjb3JkZWRWYWx1ZT0iMTQ1NjEzOTk0MzkxMCIgQ29ycmVsYXRpb25CaW5kaW5nPSIiIFVybEVuY29kZT0iRmFsc2UiIFVzZVRvR3JvdXBSZXN1bHRzPSJGYWxzZSIgLz4NCiAgICAgIDwvUXVlcnlTdHJpbmdQYXJhbWV0ZXJzPg0KICAgIDwvUmVxdWVzdD4NCiAgICA8UmVxdWVzdCBNZXRob2Q9IkdFVCIgR3VpZD0iMTBiNGJhZmMtNWQ3MS00MTBjLTkxNmUtZTQwMjcyOGE4NjE3IiBWZXJzaW9uPSIxLjEiIFVybD0iaHR0cHM6Ly9zdGFnaW5ncHJlZGljdDUuaW5mbHVlbmNlaGVhbHRoLmNvbTozMDAwL3ByZWRpY3QvdjEvbG9uZ1J1bm5pbmdUYXNrcyIgVGhpbmtUaW1lPSIwIiBUaW1lb3V0PSIzMDAiIFBhcnNlRGVwZW5kZW50UmVxdWVzdHM9IlRydWUiIEZvbGxvd1JlZGlyZWN0cz0iVHJ1ZSIgUmVjb3JkUmVzdWx0PSJUcnVlIiBDYWNoZT0iRmFsc2UiIFJlc3BvbnNlVGltZUdvYWw9IjAiIEVuY29kaW5nPSJ1dGYtOCIgRXhwZWN0ZWRIdHRwU3RhdHVzQ29kZT0iMCIgRXhwZWN0ZWRSZXNwb25zZVVybD0iIiBSZXBvcnRpbmdOYW1lPSIiIElnbm9yZUh0dHBTdGF0dXNDb2RlPSJGYWxzZSI+DQogICAgICA8SGVhZGVycz4NCiAgICAgICAgPEhlYWRlciBOYW1lPSJBY2NlcHQiIFZhbHVlPSJhcHBsaWNhdGlvbi9qc29uLCB0ZXh0L3BsYWluLCAqLyoiIC8+DQogICAgICAgIDxIZWFkZXIgTmFtZT0iUmVmZXJlciIgVmFsdWU9Imh0dHBzOi8vc3RhZ2luZ3ByZWRpY3Q1LmluZmx1ZW5jZWhlYWx0aC5jb20vdW5pdmVyc2l0eWNvbG9yYWRvIiAvPg0KICAgICAgPC9IZWFkZXJzPg0KICAgIDwvUmVxdWVzdD4NCiAgICA8UmVxdWVzdCBNZXRob2Q9IkdFVCIgR3VpZD0iMDEwNjFiNzgtOGI5YS00MDk5LTg3ZDktMWMzMDMyNmU1OTA2IiBWZXJzaW9uPSIxLjEiIFVybD0iaHR0cHM6Ly9zdGFnaW5ncHJlZGljdDUuaW5mbHVlbmNlaGVhbHRoLmNvbS8kbW9kdWxlL21vZHVsZXMvaG9tZSIgVGhpbmtUaW1lPSIwIiBUaW1lb3V0PSIzMDAiIFBhcnNlRGVwZW5kZW50UmVxdWVzdHM9IlRydWUiIEZvbGxvd1JlZGlyZWN0cz0iVHJ1ZSIgUmVjb3JkUmVzdWx0PSJUcnVlIiBDYWNoZT0iRmFsc2UiIFJlc3BvbnNlVGltZUdvYWw9IjAiIEVuY29kaW5nPSJ1dGYtOCIgRXhwZWN0ZWRIdHRwU3RhdHVzQ29kZT0iMCIgRXhwZWN0ZWRSZXNwb25zZVVybD0iIiBSZXBvcnRpbmdOYW1lPSIiIElnbm9yZUh0dHBTdGF0dXNDb2RlPSJGYWxzZSI+DQogICAgICA8SGVhZGVycz4NCiAgICAgICAgPEhlYWRlciBOYW1lPSJBY2NlcHQiIFZhbHVlPSIqLyoiIC8+DQogICAgICAgIDxIZWFkZXIgTmFtZT0iWC1SZXF1ZXN0ZWQtV2l0aCIgVmFsdWU9IlhNTEh0dHBSZXF1ZXN0IiAvPg0KICAgICAgICA8SGVhZGVyIE5hbWU9IlJlZmVyZXIiIFZhbHVlPSJodHRwczovL3N0YWdpbmdwcmVkaWN0NS5pbmZsdWVuY2VoZWFsdGguY29tL3VuaXZlcnNpdHljb2xvcmFkbyIgLz4NCiAgICAgIDwvSGVhZGVycz4NCiAgICAgIDxRdWVyeVN0cmluZ1BhcmFtZXRlcnM+DQogICAgICAgIDxRdWVyeVN0cmluZ1BhcmFtZXRlciBOYW1lPSJfIiBWYWx1ZT0iMTQ1NjEzOTk0MzkxMSIgUmVjb3JkZWRWYWx1ZT0iMTQ1NjEzOTk0MzkxMSIgQ29ycmVsYXRpb25CaW5kaW5nPSIiIFVybEVuY29kZT0iRmFsc2UiIFVzZVRvR3JvdXBSZXN1bHRzPSJGYWxzZSIgLz4NCiAgICAgIDwvUXVlcnlTdHJpbmdQYXJhbWV0ZXJzPg0KICAgIDwvUmVxdWVzdD4NCiAgICA8UmVxdWVzdCBNZXRob2Q9IkdFVCIgR3VpZD0iNmJjZGZjNjUtYTdiYy00MGY1LTg4ODYtYzU4YTg5YzdlNzdhIiBWZXJzaW9uPSIxLjEiIFVybD0iaHR0cHM6Ly9zdGFnaW5ncHJlZGljdDUuaW5mbHVlbmNlaGVhbHRoLmNvbS90ZW1wbGF0ZXMvYmFzaWMvaXVpLXBvcnRhbC1sb2dvLmh0bWwiIFRoaW5rVGltZT0iMCIgVGltZW91dD0iMzAwIiBQYXJzZURlcGVuZGVudFJlcXVlc3RzPSJUcnVlIiBGb2xsb3dSZWRpcmVjdHM9IlRydWUiIFJlY29yZFJlc3VsdD0iVHJ1ZSIgQ2FjaGU9IkZhbHNlIiBSZXNwb25zZVRpbWVHb2FsPSIwIiBFbmNvZGluZz0idXRmLTgiIEV4cGVjdGVkSHR0cFN0YXR1c0NvZGU9IjAiIEV4cGVjdGVkUmVzcG9uc2VVcmw9IiIgUmVwb3J0aW5nTmFtZT0iIiBJZ25vcmVIdHRwU3RhdHVzQ29kZT0iRmFsc2UiPg0KICAgICAgPEhlYWRlcnM+DQogICAgICAgIDxIZWFkZXIgTmFtZT0iQWNjZXB0IiBWYWx1ZT0iYXBwbGljYXRpb24vanNvbiwgdGV4dC9wbGFpbiwgKi8qIiAvPg0KICAgICAgICA8SGVhZGVyIE5hbWU9IlJlZmVyZXIiIFZhbHVlPSJodHRwczovL3N0YWdpbmdwcmVkaWN0NS5pbmZsdWVuY2VoZWFsdGguY29tL3VuaXZlcnNpdHljb2xvcmFkbyIgLz4NCiAgICAgIDwvSGVhZGVycz4NCiAgICA8L1JlcXVlc3Q+DQogICAgPFJlcXVlc3QgTWV0aG9kPSJHRVQiIEd1aWQ9ImYwOWRmOWQzLWYzN2EtNGMyNi05ZDAzLTBiYWZhNmFlMjUxYSIgVmVyc2lvbj0iMS4xIiBVcmw9Imh0dHBzOi8vc3RhZ2luZ3ByZWRpY3Q1LmluZmx1ZW5jZWhlYWx0aC5jb20vbGF5b3V0cy9iYXNlL3NlbGVjdC1jb250ZXh0Lmh0bWwiIFRoaW5rVGltZT0iMCIgVGltZW91dD0iMzAwIiBQYXJzZURlcGVuZGVudFJlcXVlc3RzPSJUcnVlIiBGb2xsb3dSZWRpcmVjdHM9IlRydWUiIFJlY29yZFJlc3VsdD0iVHJ1ZSIgQ2FjaGU9IkZhbHNlIiBSZXNwb25zZVRpbWVHb2FsPSIwIiBFbmNvZGluZz0idXRmLTgiIEV4cGVjdGVkSHR0cFN0YXR1c0NvZGU9IjAiIEV4cGVjdGVkUmVzcG9uc2VVcmw9IiIgUmVwb3J0aW5nTmFtZT0iIiBJZ25vcmVIdHRwU3RhdHVzQ29kZT0iRmFsc2UiPg0KICAgICAgPEhlYWRlcnM+DQogICAgICAgIDxIZWFkZXIgTmFtZT0iQWNjZXB0IiBWYWx1ZT0iYXBwbGljYXRpb24vanNvbiwgdGV4dC9wbGFpbiwgKi8qIiAvPg0KICAgICAgICA8SGVhZGVyIE5hbWU9IlJlZmVyZXIiIFZhbHVlPSJodHRwczovL3N0YWdpbmdwcmVkaWN0NS5pbmZsdWVuY2VoZWFsdGguY29tL3VuaXZlcnNpdHljb2xvcmFkbyIgLz4NCiAgICAgIDwvSGVhZGVycz4NCiAgICA8L1JlcXVlc3Q+DQogICAgPFJlcXVlc3QgTWV0aG9kPSJHRVQiIEd1aWQ9IjE1MDIyMzNjLTk1ODgtNDQ3Zi04YmUyLTVmYTE1NzZlOTg0OSIgVmVyc2lvbj0iMS4xIiBVcmw9Imh0dHBzOi8vc3RhZ2luZ3ByZWRpY3Q1LmluZmx1ZW5jZWhlYWx0aC5jb20vbGF5b3V0cy9iYXNlL3NlY29uZGFyeS1zaWRlYmFyLW5hdmlnYXRpb24uaHRtbCIgVGhpbmtUaW1lPSIxIiBUaW1lb3V0PSIzMDAiIFBhcnNlRGVwZW5kZW50UmVxdWVzdHM9IlRydWUiIEZvbGxvd1JlZGlyZWN0cz0iVHJ1ZSIgUmVjb3JkUmVzdWx0PSJUcnVlIiBDYWNoZT0iRmFsc2UiIFJlc3BvbnNlVGltZUdvYWw9IjAiIEVuY29kaW5nPSJ1dGYtOCIgRXhwZWN0ZWRIdHRwU3RhdHVzQ29kZT0iMCIgRXhwZWN0ZWRSZXNwb25zZVVybD0iIiBSZXBvcnRpbmdOYW1lPSIiIElnbm9yZUh0dHBTdGF0dXNDb2RlPSJGYWxzZSI+DQogICAgICA8SGVhZGVycz4NCiAgICAgICAgPEhlYWRlciBOYW1lPSJBY2NlcHQiIFZhbHVlPSJhcHBsaWNhdGlvbi9qc29uLCB0ZXh0L3BsYWluLCAqLyoiIC8+DQogICAgICAgIDxIZWFkZXIgTmFtZT0iUmVmZXJlciIgVmFsdWU9Imh0dHBzOi8vc3RhZ2luZ3ByZWRpY3Q1LmluZmx1ZW5jZWhlYWx0aC5jb20vdW5pdmVyc2l0eWNvbG9yYWRvIiAvPg0KICAgICAgPC9IZWFkZXJzPg0KICAgIDwvUmVxdWVzdD4NCiAgICA8UmVxdWVzdCBNZXRob2Q9IkdFVCIgR3VpZD0iMDA5ZGZkYzAtZmVlZi00MzE3LWFiMmMtOGY3ZmJiNGEzZWUwIiBWZXJzaW9uPSIxLjEiIFVybD0iaHR0cHM6Ly9zdGFnaW5ncHJlZGljdDUuaW5mbHVlbmNlaGVhbHRoLmNvbS9jc3MvZm9udHMvZm9udGF3ZXNvbWUtd2ViZm9udC5lb3QiIFRoaW5rVGltZT0iMCIgVGltZW91dD0iMzAwIiBQYXJzZURlcGVuZGVudFJlcXVlc3RzPSJUcnVlIiBGb2xsb3dSZWRpcmVjdHM9IlRydWUiIFJlY29yZFJlc3VsdD0iVHJ1ZSIgQ2FjaGU9IkZhbHNlIiBSZXNwb25zZVRpbWVHb2FsPSIwIiBFbmNvZGluZz0idXRmLTgiIEV4cGVjdGVkSHR0cFN0YXR1c0NvZGU9IjAiIEV4cGVjdGVkUmVzcG9uc2VVcmw9IiIgUmVwb3J0aW5nTmFtZT0iIiBJZ25vcmVIdHRwU3RhdHVzQ29kZT0iRmFsc2UiPg0KICAgICAgPEhlYWRlcnM+DQogICAgICAgIDxIZWFkZXIgTmFtZT0iUmVmZXJlciIgVmFsdWU9Imh0dHBzOi8vc3RhZ2luZ3ByZWRpY3Q1LmluZmx1ZW5jZWhlYWx0aC5jb20vdW5pdmVyc2l0eWNvbG9yYWRvL3Nlc3Npb24vbG9naW4iIC8+DQogICAgICA8L0hlYWRlcnM+DQogICAgICA8UXVlcnlTdHJpbmdQYXJhbWV0ZXJzPg0KICAgICAgICA8UXVlcnlTdHJpbmdQYXJhbWV0ZXIgTmFtZT0iIiBWYWx1ZT0iIiBSZWNvcmRlZFZhbHVlPSIiIENvcnJlbGF0aW9uQmluZGluZz0iIiBVcmxFbmNvZGU9IkZhbHNlIiBVc2VUb0dyb3VwUmVzdWx0cz0iRmFsc2UiIC8+DQogICAgICA8L1F1ZXJ5U3RyaW5nUGFyYW1ldGVycz4NCiAgICA8L1JlcXVlc3Q+DQogICAgPFJlcXVlc3QgTWV0aG9kPSJHRVQiIEd1aWQ9IjFmZDk3ZTIxLTg5OGYtNGE2ZS05MTFlLTVhMDQ4N2M4MTgwZCIgVmVyc2lvbj0iMS4xIiBVcmw9Imh0dHBzOi8vc3RhZ2luZ3ByZWRpY3Q1LmluZmx1ZW5jZWhlYWx0aC5jb20vbW9kdWxlcy9ob21lL2luZGV4Lmh0bWwiIFRoaW5rVGltZT0iMCIgVGltZW91dD0iMzAwIiBQYXJzZURlcGVuZGVudFJlcXVlc3RzPSJUcnVlIiBGb2xsb3dSZWRpcmVjdHM9IlRydWUiIFJlY29yZFJlc3VsdD0iVHJ1ZSIgQ2FjaGU9IkZhbHNlIiBSZXNwb25zZVRpbWVHb2FsPSIwIiBFbmNvZGluZz0idXRmLTgiIEV4cGVjdGVkSHR0cFN0YXR1c0NvZGU9IjAiIEV4cGVjdGVkUmVzcG9uc2VVcmw9IiIgUmVwb3J0aW5nTmFtZT0iIiBJZ25vcmVIdHRwU3RhdHVzQ29kZT0iRmFsc2UiPg0KICAgICAgPEhlYWRlcnM+DQogICAgICAgIDxIZWFkZXIgTmFtZT0iQWNjZXB0IiBWYWx1ZT0idGV4dC9odG1sLCAqLyo7IHE9MC4wMSIgLz4NCiAgICAgICAgPEhlYWRlciBOYW1lPSJYLVJlcXVlc3RlZC1XaXRoIiBWYWx1ZT0iWE1MSHR0cFJlcXVlc3QiIC8+DQogICAgICAgIDxIZWFkZXIgTmFtZT0iUmVmZXJlciIgVmFsdWU9Imh0dHBzOi8vc3RhZ2luZ3ByZWRpY3Q1LmluZmx1ZW5jZWhlYWx0aC5jb20vdW5pdmVyc2l0eWNvbG9yYWRvIiAvPg0KICAgICAgPC9IZWFkZXJzPg0KICAgICAgPFF1ZXJ5U3RyaW5nUGFyYW1ldGVycz4NCiAgICAgICAgPFF1ZXJ5U3RyaW5nUGFyYW1ldGVyIE5hbWU9Il8iIFZhbHVlPSIxNDU2MTM5OTQzOTE1IiBSZWNvcmRlZFZhbHVlPSIxNDU2MTM5OTQzOTE1IiBDb3JyZWxhdGlvbkJpbmRpbmc9IiIgVXJsRW5jb2RlPSJGYWxzZSIgVXNlVG9Hcm91cFJlc3VsdHM9IkZhbHNlIiAvPg0KICAgICAgPC9RdWVyeVN0cmluZ1BhcmFtZXRlcnM+DQogICAgPC9SZXF1ZXN0Pg0KICAgIDxSZXF1ZXN0IE1ldGhvZD0iR0VUIiBHdWlkPSIxNTI2NWVlOS03ZjMyLTQyMTUtOGIzMy05ZTY2ZTBkYjc0YzciIFZlcnNpb249IjEuMSIgVXJsPSJodHRwczovL3N0YWdpbmdwcmVkaWN0NS5pbmZsdWVuY2VoZWFsdGguY29tL21vZHVsZXMvaG9tZS92aWV3cy93ZWxjb21lLmh0bWwiIFRoaW5rVGltZT0iMCIgVGltZW91dD0iMzAwIiBQYXJzZURlcGVuZGVudFJlcXVlc3RzPSJUcnVlIiBGb2xsb3dSZWRpcmVjdHM9IlRydWUiIFJlY29yZFJlc3VsdD0iVHJ1ZSIgQ2FjaGU9IkZhbHNlIiBSZXNwb25zZVRpbWVHb2FsPSIwIiBFbmNvZGluZz0idXRmLTgiIEV4cGVjdGVkSHR0cFN0YXR1c0NvZGU9IjAiIEV4cGVjdGVkUmVzcG9uc2VVcmw9IiIgUmVwb3J0aW5nTmFtZT0iIiBJZ25vcmVIdHRwU3RhdHVzQ29kZT0iRmFsc2UiPg0KICAgICAgPEhlYWRlcnM+DQogICAgICAgIDxIZWFkZXIgTmFtZT0iQWNjZXB0IiBWYWx1ZT0idGV4dC9odG1sLCAqLyo7IHE9MC4wMSIgLz4NCiAgICAgICAgPEhlYWRlciBOYW1lPSJYLVJlcXVlc3RlZC1XaXRoIiBWYWx1ZT0iWE1MSHR0cFJlcXVlc3QiIC8+DQogICAgICAgIDxIZWFkZXIgTmFtZT0iUmVmZXJlciIgVmFsdWU9Imh0dHBzOi8vc3RhZ2luZ3ByZWRpY3Q1LmluZmx1ZW5jZWhlYWx0aC5jb20vdW5pdmVyc2l0eWNvbG9yYWRvIiAvPg0KICAgICAgPC9IZWFkZXJzPg0KICAgICAgPFF1ZXJ5U3RyaW5nUGFyYW1ldGVycz4NCiAgICAgICAgPFF1ZXJ5U3RyaW5nUGFyYW1ldGVyIE5hbWU9Il8iIFZhbHVlPSIxNDU2MTM5OTQzOTE2IiBSZWNvcmRlZFZhbHVlPSIxNDU2MTM5OTQzOTE2IiBDb3JyZWxhdGlvbkJpbmRpbmc9IiIgVXJsRW5jb2RlPSJGYWxzZSIgVXNlVG9Hcm91cFJlc3VsdHM9IkZhbHNlIiAvPg0KICAgICAgPC9RdWVyeVN0cmluZ1BhcmFtZXRlcnM+DQogICAgPC9SZXF1ZXN0Pg0KICAgIDxSZXF1ZXN0IE1ldGhvZD0iR0VUIiBHdWlkPSI4M2EyMjA1OS0wMGNmLTRmZmMtYTZkNi0zMDllYzI2MGZlZGEiIFZlcnNpb249IjEuMSIgVXJsPSJodHRwczovL3N0YWdpbmdwcmVkaWN0NS5pbmZsdWVuY2VoZWFsdGguY29tL21vZHVsZXMvaG9tZS92aWV3cy9kZW1vLmh0bWwiIFRoaW5rVGltZT0iMCIgVGltZW91dD0iMzAwIiBQYXJzZURlcGVuZGVudFJlcXVlc3RzPSJUcnVlIiBGb2xsb3dSZWRpcmVjdHM9IlRydWUiIFJlY29yZFJlc3VsdD0iVHJ1ZSIgQ2FjaGU9IkZhbHNlIiBSZXNwb25zZVRpbWVHb2FsPSIwIiBFbmNvZGluZz0idXRmLTgiIEV4cGVjdGVkSHR0cFN0YXR1c0NvZGU9IjAiIEV4cGVjdGVkUmVzcG9uc2VVcmw9IiIgUmVwb3J0aW5nTmFtZT0iIiBJZ25vcmVIdHRwU3RhdHVzQ29kZT0iRmFsc2UiPg0KICAgICAgPEhlYWRlcnM+DQogICAgICAgIDxIZWFkZXIgTmFtZT0iQWNjZXB0IiBWYWx1ZT0idGV4dC9odG1sLCAqLyo7IHE9MC4wMSIgLz4NCiAgICAgICAgPEhlYWRlciBOYW1lPSJYLVJlcXVlc3RlZC1XaXRoIiBWYWx1ZT0iWE1MSHR0cFJlcXVlc3QiIC8+DQogICAgICAgIDxIZWFkZXIgTmFtZT0iUmVmZXJlciIgVmFsdWU9Imh0dHBzOi8vc3RhZ2luZ3ByZWRpY3Q1LmluZmx1ZW5jZWhlYWx0aC5jb20vdW5pdmVyc2l0eWNvbG9yYWRvIiAvPg0KICAgICAgPC9IZWFkZXJzPg0KICAgICAgPFF1ZXJ5U3RyaW5nUGFyYW1ldGVycz4NCiAgICAgICAgPFF1ZXJ5U3RyaW5nUGFyYW1ldGVyIE5hbWU9Il8iIFZhbHVlPSIxNDU2MTM5OTQzOTE3IiBSZWNvcmRlZFZhbHVlPSIxNDU2MTM5OTQzOTE3IiBDb3JyZWxhdGlvbkJpbmRpbmc9IiIgVXJsRW5jb2RlPSJGYWxzZSIgVXNlVG9Hcm91cFJlc3VsdHM9IkZhbHNlIiAvPg0KICAgICAgPC9RdWVyeVN0cmluZ1BhcmFtZXRlcnM+DQogICAgPC9SZXF1ZXN0Pg0KICAgIDxSZXF1ZXN0IE1ldGhvZD0iR0VUIiBHdWlkPSJmODY4Y2RjYy0xYmJkLTRkZTgtYmViZS0wNTNkNGYyMjRlMTgiIFZlcnNpb249IjEuMSIgVXJsPSJodHRwczovL3N0YWdpbmdwcmVkaWN0NS5pbmZsdWVuY2VoZWFsdGguY29tOjMwMDAvcHJlZGljdC92MS9sb25nUnVubmluZ1Rhc2tzIiBUaGlua1RpbWU9IjkiIFRpbWVvdXQ9IjMwMCIgUGFyc2VEZXBlbmRlbnRSZXF1ZXN0cz0iVHJ1ZSIgRm9sbG93UmVkaXJlY3RzPSJUcnVlIiBSZWNvcmRSZXN1bHQ9IlRydWUiIENhY2hlPSJGYWxzZSIgUmVzcG9uc2VUaW1lR29hbD0iMCIgRW5jb2Rpbmc9InV0Zi04IiBFeHBlY3RlZEh0dHBTdGF0dXNDb2RlPSIwIiBFeHBlY3RlZFJlc3BvbnNlVXJsPSIiIFJlcG9ydGluZ05hbWU9IiIgSWdub3JlSHR0cFN0YXR1c0NvZGU9IkZhbHNlIj4NCiAgICAgIDxIZWFkZXJzPg0KICAgICAgICA8SGVhZGVyIE5hbWU9IkFjY2VwdCIgVmFsdWU9ImFwcGxpY2F0aW9uL2pzb24sIHRleHQvcGxhaW4sICovKiIgLz4NCiAgICAgICAgPEhlYWRlciBOYW1lPSJSZWZlcmVyIiBWYWx1ZT0iaHR0cHM6Ly9zdGFnaW5ncHJlZGljdDUuaW5mbHVlbmNlaGVhbHRoLmNvbS91bml2ZXJzaXR5Y29sb3JhZG8iIC8+DQogICAgICA8L0hlYWRlcnM+DQogICAgPC9SZXF1ZXN0Pg0KICAgIDxSZXF1ZXN0IE1ldGhvZD0iR0VUIiBHdWlkPSI4ZTM2MjM2NS0xMDdkLTRiNmYtOGVkOS1iOTI1NmZkMjhlZjkiIFZlcnNpb249IjEuMSIgVXJsPSJodHRwczovL3N0YWdpbmdwcmVkaWN0NS5pbmZsdWVuY2VoZWFsdGguY29tOjMwMDAvcHJlZGljdC92MS9sb25nUnVubmluZ1Rhc2tzIiBUaGlua1RpbWU9IjAiIFRpbWVvdXQ9IjMwMCIgUGFyc2VEZXBlbmRlbnRSZXF1ZXN0cz0iVHJ1ZSIgRm9sbG93UmVkaXJlY3RzPSJUcnVlIiBSZWNvcmRSZXN1bHQ9IlRydWUiIENhY2hlPSJGYWxzZSIgUmVzcG9uc2VUaW1lR29hbD0iMCIgRW5jb2Rpbmc9InV0Zi04IiBFeHBlY3RlZEh0dHBTdGF0dXNDb2RlPSIwIiBFeHBlY3RlZFJlc3BvbnNlVXJsPSIiIFJlcG9ydGluZ05hbWU9IiIgSWdub3JlSHR0cFN0YXR1c0NvZGU9IkZhbHNlIj4NCiAgICAgIDxIZWFkZXJzPg0KICAgICAgICA8SGVhZGVyIE5hbWU9IkFjY2VwdCIgVmFsdWU9ImFwcGxpY2F0aW9uL2pzb24sIHRleHQvcGxhaW4sICovKiIgLz4NCiAgICAgICAgPEhlYWRlciBOYW1lPSJSZWZlcmVyIiBWYWx1ZT0iaHR0cHM6Ly9zdGFnaW5ncHJlZGljdDUuaW5mbHVlbmNlaGVhbHRoLmNvbS91bml2ZXJzaXR5Y29sb3JhZG8iIC8+DQogICAgICA8L0hlYWRlcnM+DQogICAgPC9SZXF1ZXN0Pg0KICA8L0l0ZW1zPg0KICA8VmFsaWRhdGlvblJ1bGVzPg0KICAgIDxWYWxpZGF0aW9uUnVsZSBDbGFzc25hbWU9Ik1pY3Jvc29mdC5WaXN1YWxTdHVkaW8uVGVzdFRvb2xzLldlYlRlc3RpbmcuUnVsZXMuVmFsaWRhdGVSZXNwb25zZVVybCwgTWljcm9zb2Z0LlZpc3VhbFN0dWRpby5RdWFsaXR5VG9vbHMuV2ViVGVzdEZyYW1ld29yaywgVmVyc2lvbj0xMC4wLjAuMCwgQ3VsdHVyZT1uZXV0cmFsLCBQdWJsaWNLZXlUb2tlbj1iMDNmNWY3ZjExZDUwYTNhIiBEaXNwbGF5TmFtZT0iUmVzcG9uc2UgVVJMIiBEZXNjcmlwdGlvbj0iVmFsaWRhdGVzIHRoYXQgdGhlIHJlc3BvbnNlIFVSTCBhZnRlciByZWRpcmVjdHMgYXJlIGZvbGxvd2VkIGlzIHRoZSBzYW1lIGFzIHRoZSByZWNvcmRlZCByZXNwb25zZSBVUkwuICBRdWVyeVN0cmluZyBwYXJhbWV0ZXJzIGFyZSBpZ25vcmVkLiIgTGV2ZWw9IkxvdyIgRXhlY3R1aW9uT3JkZXI9IkJlZm9yZURlcGVuZGVudHMiIC8+DQogICAgPFZhbGlkYXRpb25SdWxlIENsYXNzbmFtZT0iTWljcm9zb2Z0LlZpc3VhbFN0dWRpby5UZXN0VG9vbHMuV2ViVGVzdGluZy5SdWxlcy5WYWxpZGF0aW9uUnVsZVJlc3BvbnNlVGltZUdvYWwsIE1pY3Jvc29mdC5WaXN1YWxTdHVkaW8uUXVhbGl0eVRvb2xzLldlYlRlc3RGcmFtZXdvcmssIFZlcnNpb249MTAuMC4wLjAsIEN1bHR1cmU9bmV1dHJhbCwgUHVibGljS2V5VG9rZW49YjAzZjVmN2YxMWQ1MGEzYSIgRGlzcGxheU5hbWU9IlJlc3BvbnNlIFRpbWUgR29hbCIgRGVzY3JpcHRpb249IlZhbGlkYXRlcyB0aGF0IHRoZSByZXNwb25zZSB0aW1lIGZvciB0aGUgcmVxdWVzdCBpcyBsZXNzIHRoYW4gb3IgZXF1YWwgdG8gdGhlIHJlc3BvbnNlIHRpbWUgZ29hbCBhcyBzcGVjaWZpZWQgb24gdGhlIHJlcXVlc3QuICBSZXNwb25zZSB0aW1lIGdvYWxzIG9mIHplcm8gd2lsbCBiZSBpZ25vcmVkLiIgTGV2ZWw9IkxvdyIgRXhlY3R1aW9uT3JkZXI9IkFmdGVyRGVwZW5kZW50cyI+DQogICAgICA8UnVsZVBhcmFtZXRlcnM+DQogICAgICAgIDxSdWxlUGFyYW1ldGVyIE5hbWU9IlRvbGVyYW5jZSIgVmFsdWU9IjAiIC8+DQogICAgICA8L1J1bGVQYXJhbWV0ZXJzPg0KICAgIDwvVmFsaWRhdGlvblJ1bGU+DQogIDwvVmFsaWRhdGlvblJ1bGVzPg0KPC9XZWJUZXN0Pg==">
      <Execution id="8f1666e6-d97e-4345-9087-d2d2a03e4344" />
    </WebTest>
  </TestDefinitions>
  <TestLists>
    <TestList name="Results Not in a List" id="8c84fa94-04c1-424b-9868-57a2d4851a1d" />
    <TestList name="All Loaded Results" id="19431567-8539-422a-85d7-44ee4e166bda" />
  </TestLists>
  <TestEntries>
    <TestEntry isTransparent="false" testId="2948d704-eb73-468b-9b5a-2581db638351" executionId="8f1666e6-d97e-4345-9087-d2d2a03e4344" testListId="8c84fa94-04c1-424b-9868-57a2d4851a1d" />
  </TestEntries>
  <Results>
    <WebTestResult executionId="8f1666e6-d97e-4345-9087-d2d2a03e4344" testId="2948d704-eb73-468b-9b5a-2581db638351" testName="WebTest5" computerName="CHI-LAB-VSU-03" duration="00:00:01.2421242" startTime="2016-02-22T05:20:00.0767472-06:00" testType="4e7599fa-5ecb-43e9-a887-cd63cf72d207" testListId="8c84fa94-04c1-424b-9868-57a2d4851a1d" relativeResultsDirectory="8f1666e6-d97e-4345-9087-d2d2a03e4344">
      <Output>
        <ErrorInfo>
          <Message>The test adapter 'WebTestAdapter' threw an exception while running test 'WebTest5'. Thread was being aborted.</Message>
        </ErrorInfo>
      </Output>
      <ResultFiles>
        <ResultFile path="WebTest5.webtestResult" />
      </ResultFiles>
      <TestSettings name="Local" id="3b1c1cf5-f0fc-4a30-a355-a117d32b02ff">
        <Description>These are default test settings for a local test run.</Description>
        <Execution>
          <TestTypeSpecific>
            <WebTestRunConfiguration testTypeId="4e7599fa-5ecb-43e9-a887-cd63cf72d207">
              <Browser name="Internet Explorer 9.0" MaxConnections="6">
                <Headers>
                  <Header name="User-Agent" value="Mozilla/5.0 (compatible; MSIE 9.0; Windows NT 6.1; Trident/5.0)" />
                  <Header name="Accept" value="*/*" />
                  <Header name="Accept-Language" value="{{$IEAcceptLanguage}}" />
                  <Header name="Accept-Encoding" value="GZIP" />
                </Headers>
              </Browser>
            </WebTestRunConfiguration>
          </TestTypeSpecific>
          <AgentRule name="Execution Agents">
          </AgentRule>
        </Execution>
        <Deployment runDeploymentRoot="load.test_CHI-LAB-VSU-03 2016-02-22 05_19_59" />
      </TestSettings>
      <WebTestResultFilePath>load.test_CHI-LAB-VSU-03 2016-02-22 05_19_59\In\8f1666e6-d97e-4345-9087-d2d2a03e4344\WebTest5.webtestResult</WebTestResultFilePath>
    </WebTestResult>
  </Results>
</TestRun>