<?xml version="1.0" encoding="UTF-8"?>
<TestRun id="a7d9b1da-3170-4520-a78a-293970c11196" name="load.test@CHI-LAB-VSU-03 2016-02-22 05:09:48" runUser="MEDSEEKLAB\load.test" xmlns="http://microsoft.com/schemas/VisualStudio/TeamTest/2010">
  <TestSettings name="Local" id="3b1c1cf5-f0fc-4a30-a355-a117d32b02ff">
    <Description>These are default test settings for a local test run.</Description>
    <Execution>
      <TestTypeSpecific />
      <AgentRule name="Execution Agents">
      </AgentRule>
    </Execution>
    <Deployment runDeploymentRoot="load.test_CHI-LAB-VSU-03 2016-02-22 05_09_48" />
  </TestSettings>
  <Times creation="2016-02-22T05:09:48.9398479-06:00" queuing="2016-02-22T05:09:49.3454583-06:00" start="2016-02-22T05:09:49.5170627-06:00" finish="2016-02-22T05:10:06.3813836-06:00" />
  <ResultSummary outcome="Failed">
    <Counters total="1" executed="1" error="0" failed="1" timeout="0" aborted="0" inconclusive="0" passedButRunAborted="0" notRunnable="0" notExecuted="0" disconnected="0" warning="0" passed="0" completed="0" inProgress="0" pending="0" />
  </ResultSummary>
  <TestDefinitions>
    <WebTest name="WebTest4" storage="c:\medseek\automation\persuade\vsprojects\webandloadtestproject1\webandloadtestproject1\webtest4.webtest" id="ce41df44-2c48-4814-bced-7f28a8328559" persistedWebTest="77u/PD94bWwgdmVyc2lvbj0iMS4wIiBlbmNvZGluZz0iVVRGLTgiIHN0YW5kYWxvbmU9InllcyI/Pg0KPFdlYlRlc3QgTmFtZT0iV2ViVGVzdDQiIElkPSJjZTQxZGY0NC0yYzQ4LTQ4MTQtYmNlZC03ZjI4YTgzMjg1NTkiIE93bmVyPSIiIFByaW9yaXR5PSIyMTQ3NDgzNjQ3IiBFbmFibGVkPSJUcnVlIiBDc3NQcm9qZWN0U3RydWN0dXJlPSIiIENzc0l0ZXJhdGlvbj0iIiBUaW1lb3V0PSIwIiBXb3JrSXRlbUlkcz0iIiB4bWxucz0iaHR0cDovL21pY3Jvc29mdC5jb20vc2NoZW1hcy9WaXN1YWxTdHVkaW8vVGVhbVRlc3QvMjAxMCIgRGVzY3JpcHRpb249IiIgQ3JlZGVudGlhbFVzZXJOYW1lPSIiIENyZWRlbnRpYWxQYXNzd29yZD0iIiBQcmVBdXRoZW50aWNhdGU9IlRydWUiIFByb3h5PSIiIFN0b3BPbkVycm9yPSJGYWxzZSIgUmVjb3JkZWRSZXN1bHRGaWxlPSJXZWJUZXN0NC42YWUyZmY1NS00YmM0LTRhNjEtOWRmMi1hYjkxZjU4MTllMzUucmVjLndlYnRlc3RyZXN1bHQiIFJlc3VsdHNMb2NhbGU9IiI+DQogIDxJdGVtcz4NCiAgICA8Q29tbWVudCBDb21tZW50VGV4dD0iTGFuZGluZyBwYWdlIiAvPg0KICAgIDxSZXF1ZXN0IE1ldGhvZD0iR0VUIiBHdWlkPSIyODlhZWZhYS02MDllLTQzMjgtYmIzNC05MmU0MDNiOGZjZGMiIFZlcnNpb249IjEuMSIgVXJsPSJ7e1VJU2VydmVyVVJMfX0vdW5pdmVyc2l0eWNvbG9yYWRvL3Nlc3Npb24vbG9naW4iIFRoaW5rVGltZT0iMCIgVGltZW91dD0iMzAwIiBQYXJzZURlcGVuZGVudFJlcXVlc3RzPSJUcnVlIiBGb2xsb3dSZWRpcmVjdHM9IlRydWUiIFJlY29yZFJlc3VsdD0iVHJ1ZSIgQ2FjaGU9IkZhbHNlIiBSZXNwb25zZVRpbWVHb2FsPSIwIiBFbmNvZGluZz0idXRmLTgiIEV4cGVjdGVkSHR0cFN0YXR1c0NvZGU9IjAiIEV4cGVjdGVkUmVzcG9uc2VVcmw9IiIgUmVwb3J0aW5nTmFtZT0iIiBJZ25vcmVIdHRwU3RhdHVzQ29kZT0iRmFsc2UiPg0KICAgICAgPERlcGVuZGVudFJlcXVlc3RzPg0KICAgICAgICA8UmVxdWVzdCBNZXRob2Q9IkdFVCIgR3VpZD0iN2U3ZDIwNDItZGFiMS00ZDg1LTliMzEtYTExZDdkMzA2ZjU2IiBWZXJzaW9uPSIxLjEiIFVybD0ie3tXZWJTZXJ2ZXIyfX0vcy9yb2JvdG8vdjE1L3Z6SVVIbzl6LW9KNFdna3BQT3RnMV9lc1pXMnhPUS14c05xTzQ3bTU1REEud29mZiIgVGhpbmtUaW1lPSIwIiBUaW1lb3V0PSIzMDAiIFBhcnNlRGVwZW5kZW50UmVxdWVzdHM9IlRydWUiIEZvbGxvd1JlZGlyZWN0cz0iVHJ1ZSIgUmVjb3JkUmVzdWx0PSJUcnVlIiBDYWNoZT0iRmFsc2UiIFJlc3BvbnNlVGltZUdvYWw9IjAiIEVuY29kaW5nPSJ1dGYtOCIgRXhwZWN0ZWRIdHRwU3RhdHVzQ29kZT0iMCIgRXhwZWN0ZWRSZXNwb25zZVVybD0iIiBSZXBvcnRpbmdOYW1lPSIiIElnbm9yZUh0dHBTdGF0dXNDb2RlPSJGYWxzZSI+DQogICAgICAgICAgPEhlYWRlcnM+DQogICAgICAgICAgICA8SGVhZGVyIE5hbWU9IlJlZmVyZXIiIFZhbHVlPSJ7e1VJU2VydmVyVVJMfX0vdW5pdmVyc2l0eWNvbG9yYWRvL3Nlc3Npb24vbG9naW4iIC8+DQogICAgICAgICAgPC9IZWFkZXJzPg0KICAgICAgICA8L1JlcXVlc3Q+DQogICAgICAgIDxSZXF1ZXN0IE1ldGhvZD0iR0VUIiBHdWlkPSIwMTZjMTJlZC00OGExLTQ2NjMtYjZlNi05MTYyNWZhZmNlYTgiIFZlcnNpb249IjEuMSIgVXJsPSJ7e1dlYlNlcnZlcjJ9fS9zL3JvYm90by92MTUvSGdvMTNrLXRmU3BuMHFpMVNGZFVmVDhFMGk3S1puLUVQbnlvM0hadTdrdy53b2ZmIiBUaGlua1RpbWU9IjAiIFRpbWVvdXQ9IjMwMCIgUGFyc2VEZXBlbmRlbnRSZXF1ZXN0cz0iVHJ1ZSIgRm9sbG93UmVkaXJlY3RzPSJUcnVlIiBSZWNvcmRSZXN1bHQ9IlRydWUiIENhY2hlPSJGYWxzZSIgUmVzcG9uc2VUaW1lR29hbD0iMCIgRW5jb2Rpbmc9InV0Zi04IiBFeHBlY3RlZEh0dHBTdGF0dXNDb2RlPSIwIiBFeHBlY3RlZFJlc3BvbnNlVXJsPSIiIFJlcG9ydGluZ05hbWU9IiIgSWdub3JlSHR0cFN0YXR1c0NvZGU9IkZhbHNlIj4NCiAgICAgICAgICA8SGVhZGVycz4NCiAgICAgICAgICAgIDxIZWFkZXIgTmFtZT0iUmVmZXJlciIgVmFsdWU9Int7VUlTZXJ2ZXJVUkx9fS91bml2ZXJzaXR5Y29sb3JhZG8vc2Vzc2lvbi9sb2dpbiIgLz4NCiAgICAgICAgICA8L0hlYWRlcnM+DQogICAgICAgIDwvUmVxdWVzdD4NCiAgICAgICAgPFJlcXVlc3QgTWV0aG9kPSJHRVQiIEd1aWQ9IjJkZDBlNTc1LTlmNDktNDZhYS1hNzg2LTE4ZDYzMmU2NjRjZCIgVmVyc2lvbj0iMS4xIiBVcmw9Int7V2ViU2VydmVyMn19L3Mvcm9ib3RvL3YxNS8yVVg3V0xUZlczVzhUY2xUVXZsRnlRLndvZmYiIFRoaW5rVGltZT0iMCIgVGltZW91dD0iMzAwIiBQYXJzZURlcGVuZGVudFJlcXVlc3RzPSJUcnVlIiBGb2xsb3dSZWRpcmVjdHM9IlRydWUiIFJlY29yZFJlc3VsdD0iVHJ1ZSIgQ2FjaGU9IkZhbHNlIiBSZXNwb25zZVRpbWVHb2FsPSIwIiBFbmNvZGluZz0idXRmLTgiIEV4cGVjdGVkSHR0cFN0YXR1c0NvZGU9IjAiIEV4cGVjdGVkUmVzcG9uc2VVcmw9IiIgUmVwb3J0aW5nTmFtZT0iIiBJZ25vcmVIdHRwU3RhdHVzQ29kZT0iRmFsc2UiPg0KICAgICAgICAgIDxIZWFkZXJzPg0KICAgICAgICAgICAgPEhlYWRlciBOYW1lPSJSZWZlcmVyIiBWYWx1ZT0ie3tVSVNlcnZlclVSTH19L3VuaXZlcnNpdHljb2xvcmFkby9zZXNzaW9uL2xvZ2luIiAvPg0KICAgICAgICAgIDwvSGVhZGVycz4NCiAgICAgICAgPC9SZXF1ZXN0Pg0KICAgICAgICA8UmVxdWVzdCBNZXRob2Q9IkdFVCIgR3VpZD0iODdjNWY5NWQtN2Y3Zi00MTg2LWFlNjQtMWQ1N2RjMmFmMzJlIiBWZXJzaW9uPSIxLjEiIFVybD0ie3tXZWJTZXJ2ZXIyfX0vcy9yb2JvdG8vdjE1L2QtNklZcGxPRm9jQ2FjS3p4d1hTT0Q4RTBpN0tabi1FUG55bzNIWnU3a3cud29mZiIgVGhpbmtUaW1lPSIwIiBUaW1lb3V0PSIzMDAiIFBhcnNlRGVwZW5kZW50UmVxdWVzdHM9IlRydWUiIEZvbGxvd1JlZGlyZWN0cz0iVHJ1ZSIgUmVjb3JkUmVzdWx0PSJUcnVlIiBDYWNoZT0iRmFsc2UiIFJlc3BvbnNlVGltZUdvYWw9IjAiIEVuY29kaW5nPSJ1dGYtOCIgRXhwZWN0ZWRIdHRwU3RhdHVzQ29kZT0iMCIgRXhwZWN0ZWRSZXNwb25zZVVybD0iIiBSZXBvcnRpbmdOYW1lPSIiIElnbm9yZUh0dHBTdGF0dXNDb2RlPSJGYWxzZSI+DQogICAgICAgICAgPEhlYWRlcnM+DQogICAgICAgICAgICA8SGVhZGVyIE5hbWU9IlJlZmVyZXIiIFZhbHVlPSJ7e1VJU2VydmVyVVJMfX0vdW5pdmVyc2l0eWNvbG9yYWRvL3Nlc3Npb24vbG9naW4iIC8+DQogICAgICAgICAgPC9IZWFkZXJzPg0KICAgICAgICA8L1JlcXVlc3Q+DQogICAgICAgIDxSZXF1ZXN0IE1ldGhvZD0iR0VUIiBHdWlkPSIzZjViNjZlOC0yYjliLTQyY2YtOTcxMS02NTFhYzA5NmNkZTUiIFZlcnNpb249IjEuMSIgVXJsPSJ7e1dlYlNlcnZlcjN9fS9jc2kiIFRoaW5rVGltZT0iMCIgVGltZW91dD0iMzAwIiBQYXJzZURlcGVuZGVudFJlcXVlc3RzPSJUcnVlIiBGb2xsb3dSZWRpcmVjdHM9IlRydWUiIFJlY29yZFJlc3VsdD0iVHJ1ZSIgQ2FjaGU9IkZhbHNlIiBSZXNwb25zZVRpbWVHb2FsPSIwIiBFbmNvZGluZz0idXRmLTgiIEV4cGVjdGVkSHR0cFN0YXR1c0NvZGU9IjAiIEV4cGVjdGVkUmVzcG9uc2VVcmw9IiIgUmVwb3J0aW5nTmFtZT0iIiBJZ25vcmVIdHRwU3RhdHVzQ29kZT0iRmFsc2UiPg0KICAgICAgICAgIDxIZWFkZXJzPg0KICAgICAgICAgICAgPEhlYWRlciBOYW1lPSJSZWZlcmVyIiBWYWx1ZT0ie3tVSVNlcnZlclVSTH19L3VuaXZlcnNpdHljb2xvcmFkby9zZXNzaW9uL2xvZ2luIiAvPg0KICAgICAgICAgIDwvSGVhZGVycz4NCiAgICAgICAgICA8UXVlcnlTdHJpbmdQYXJhbWV0ZXJzPg0KICAgICAgICAgICAgPFF1ZXJ5U3RyaW5nUGFyYW1ldGVyIE5hbWU9InYiIFZhbHVlPSIyIiBSZWNvcmRlZFZhbHVlPSIyIiBDb3JyZWxhdGlvbkJpbmRpbmc9IiIgVXJsRW5jb2RlPSJGYWxzZSIgVXNlVG9Hcm91cFJlc3VsdHM9IkZhbHNlIiAvPg0KICAgICAgICAgICAgPFF1ZXJ5U3RyaW5nUGFyYW1ldGVyIE5hbWU9InMiIFZhbHVlPSJtYXBzYXBpMyIgUmVjb3JkZWRWYWx1ZT0ibWFwc2FwaTMiIENvcnJlbGF0aW9uQmluZGluZz0iIiBVcmxFbmNvZGU9IkZhbHNlIiBVc2VUb0dyb3VwUmVzdWx0cz0iRmFsc2UiIC8+DQogICAgICAgICAgICA8UXVlcnlTdHJpbmdQYXJhbWV0ZXIgTmFtZT0idjN2IiBWYWx1ZT0iMjIuMTUiIFJlY29yZGVkVmFsdWU9IjIyLjE1IiBDb3JyZWxhdGlvbkJpbmRpbmc9IiIgVXJsRW5jb2RlPSJGYWxzZSIgVXNlVG9Hcm91cFJlc3VsdHM9IkZhbHNlIiAvPg0KICAgICAgICAgICAgPFF1ZXJ5U3RyaW5nUGFyYW1ldGVyIE5hbWU9ImFjdGlvbiIgVmFsdWU9ImFwaWJvb3QyIiBSZWNvcmRlZFZhbHVlPSJhcGlib290MiIgQ29ycmVsYXRpb25CaW5kaW5nPSIiIFVybEVuY29kZT0iRmFsc2UiIFVzZVRvR3JvdXBSZXN1bHRzPSJGYWxzZSIgLz4NCiAgICAgICAgICAgIDxRdWVyeVN0cmluZ1BhcmFtZXRlciBOYW1lPSJydCIgVmFsdWU9Im1haW4uMTYiIFJlY29yZGVkVmFsdWU9Im1haW4uMTYiIENvcnJlbGF0aW9uQmluZGluZz0iIiBVcmxFbmNvZGU9IkZhbHNlIiBVc2VUb0dyb3VwUmVzdWx0cz0iRmFsc2UiIC8+DQogICAgICAgICAgPC9RdWVyeVN0cmluZ1BhcmFtZXRlcnM+DQogICAgICAgIDwvUmVxdWVzdD4NCiAgICAgICAgPFJlcXVlc3QgTWV0aG9kPSJHRVQiIEd1aWQ9ImJjZjNjOWU1LTRiODItNGQyZS04NWZiLTg3ZDBlOTQyOGRlNyIgVmVyc2lvbj0iMS4xIiBVcmw9Int7VUlTZXJ2ZXJVUkx9fS9yb3V0ZXMuanNvbiIgVGhpbmtUaW1lPSIwIiBUaW1lb3V0PSIzMDAiIFBhcnNlRGVwZW5kZW50UmVxdWVzdHM9IlRydWUiIEZvbGxvd1JlZGlyZWN0cz0iVHJ1ZSIgUmVjb3JkUmVzdWx0PSJUcnVlIiBDYWNoZT0iRmFsc2UiIFJlc3BvbnNlVGltZUdvYWw9IjAiIEVuY29kaW5nPSJ1dGYtOCIgRXhwZWN0ZWRIdHRwU3RhdHVzQ29kZT0iMCIgRXhwZWN0ZWRSZXNwb25zZVVybD0iIiBSZXBvcnRpbmdOYW1lPSIiIElnbm9yZUh0dHBTdGF0dXNDb2RlPSJGYWxzZSI+DQogICAgICAgICAgPEhlYWRlcnM+DQogICAgICAgICAgICA8SGVhZGVyIE5hbWU9IkFjY2VwdCIgVmFsdWU9ImFwcGxpY2F0aW9uL2pzb24sIHRleHQvamF2YXNjcmlwdCwgKi8qOyBxPTAuMDEiIC8+DQogICAgICAgICAgICA8SGVhZGVyIE5hbWU9IlgtUmVxdWVzdGVkLVdpdGgiIFZhbHVlPSJYTUxIdHRwUmVxdWVzdCIgLz4NCiAgICAgICAgICAgIDxIZWFkZXIgTmFtZT0iUmVmZXJlciIgVmFsdWU9Int7VUlTZXJ2ZXJVUkx9fS91bml2ZXJzaXR5Y29sb3JhZG8vc2Vzc2lvbi9sb2dpbiIgLz4NCiAgICAgICAgICA8L0hlYWRlcnM+DQogICAgICAgICAgPFF1ZXJ5U3RyaW5nUGFyYW1ldGVycz4NCiAgICAgICAgICAgIDxRdWVyeVN0cmluZ1BhcmFtZXRlciBOYW1lPSJfIiBWYWx1ZT0iMTQ1NjEzOTMwNzg2MSIgUmVjb3JkZWRWYWx1ZT0iMTQ1NjEzOTMwNzg2MSIgQ29ycmVsYXRpb25CaW5kaW5nPSIiIFVybEVuY29kZT0iRmFsc2UiIFVzZVRvR3JvdXBSZXN1bHRzPSJGYWxzZSIgLz4NCiAgICAgICAgICA8L1F1ZXJ5U3RyaW5nUGFyYW1ldGVycz4NCiAgICAgICAgPC9SZXF1ZXN0Pg0KICAgICAgPC9EZXBlbmRlbnRSZXF1ZXN0cz4NCiAgICA8L1JlcXVlc3Q+DQogICAgPFJlcXVlc3QgTWV0aG9kPSJHRVQiIEd1aWQ9ImE5NjI4M2VmLThiODAtNDhiOS1hNmZkLWVmZGRjMTZiODJhOSIgVmVyc2lvbj0iMS4xIiBVcmw9Int7VUlTZXJ2ZXJVUkx9fS8kbW9kdWxlL2xheW91dHMvZGVmYXVsdCIgVGhpbmtUaW1lPSIwIiBUaW1lb3V0PSIzMDAiIFBhcnNlRGVwZW5kZW50UmVxdWVzdHM9IlRydWUiIEZvbGxvd1JlZGlyZWN0cz0iVHJ1ZSIgUmVjb3JkUmVzdWx0PSJUcnVlIiBDYWNoZT0iRmFsc2UiIFJlc3BvbnNlVGltZUdvYWw9IjAiIEVuY29kaW5nPSJ1dGYtOCIgRXhwZWN0ZWRIdHRwU3RhdHVzQ29kZT0iMCIgRXhwZWN0ZWRSZXNwb25zZVVybD0iIiBSZXBvcnRpbmdOYW1lPSIiIElnbm9yZUh0dHBTdGF0dXNDb2RlPSJGYWxzZSI+DQogICAgICA8SGVhZGVycz4NCiAgICAgICAgPEhlYWRlciBOYW1lPSJBY2NlcHQiIFZhbHVlPSIqLyoiIC8+DQogICAgICAgIDxIZWFkZXIgTmFtZT0iWC1SZXF1ZXN0ZWQtV2l0aCIgVmFsdWU9IlhNTEh0dHBSZXF1ZXN0IiAvPg0KICAgICAgICA8SGVhZGVyIE5hbWU9IlJlZmVyZXIiIFZhbHVlPSJ7e1VJU2VydmVyVVJMfX0vdW5pdmVyc2l0eWNvbG9yYWRvL3Nlc3Npb24vbG9naW4iIC8+DQogICAgICA8L0hlYWRlcnM+DQogICAgICA8UXVlcnlTdHJpbmdQYXJhbWV0ZXJzPg0KICAgICAgICA8UXVlcnlTdHJpbmdQYXJhbWV0ZXIgTmFtZT0iXyIgVmFsdWU9IjE0NTYxMzkzMDc4NjIiIFJlY29yZGVkVmFsdWU9IjE0NTYxMzkzMDc4NjIiIENvcnJlbGF0aW9uQmluZGluZz0iIiBVcmxFbmNvZGU9IkZhbHNlIiBVc2VUb0dyb3VwUmVzdWx0cz0iRmFsc2UiIC8+DQogICAgICA8L1F1ZXJ5U3RyaW5nUGFyYW1ldGVycz4NCiAgICA8L1JlcXVlc3Q+DQogICAgPFJlcXVlc3QgTWV0aG9kPSJHRVQiIEd1aWQ9IjQ4NjQ3YjM4LTU5YjAtNGRhOS1iNzY0LTQ2NWQyMGYxYjc3ZCIgVmVyc2lvbj0iMS4xIiBVcmw9Int7V2ViU2VydmVyNH19LzEvZTRmNjNkYTYzNyIgVGhpbmtUaW1lPSIwIiBUaW1lb3V0PSIzMDAiIFBhcnNlRGVwZW5kZW50UmVxdWVzdHM9IlRydWUiIEZvbGxvd1JlZGlyZWN0cz0iVHJ1ZSIgUmVjb3JkUmVzdWx0PSJUcnVlIiBDYWNoZT0iRmFsc2UiIFJlc3BvbnNlVGltZUdvYWw9IjAiIEVuY29kaW5nPSJpc28tODg1OS0xIiBFeHBlY3RlZEh0dHBTdGF0dXNDb2RlPSIwIiBFeHBlY3RlZFJlc3BvbnNlVXJsPSIiIFJlcG9ydGluZ05hbWU9IiIgSWdub3JlSHR0cFN0YXR1c0NvZGU9IkZhbHNlIj4NCiAgICAgIDxIZWFkZXJzPg0KICAgICAgICA8SGVhZGVyIE5hbWU9IlJlZmVyZXIiIFZhbHVlPSJ7e1VJU2VydmVyVVJMfX0vdW5pdmVyc2l0eWNvbG9yYWRvL3Nlc3Npb24vbG9naW4iIC8+DQogICAgICA8L0hlYWRlcnM+DQogICAgICA8UXVlcnlTdHJpbmdQYXJhbWV0ZXJzPg0KICAgICAgICA8UXVlcnlTdHJpbmdQYXJhbWV0ZXIgTmFtZT0iYSIgVmFsdWU9IjEyMzQ2Njg4IiBSZWNvcmRlZFZhbHVlPSIxMjM0NjY4OCIgQ29ycmVsYXRpb25CaW5kaW5nPSIiIFVybEVuY29kZT0iRmFsc2UiIFVzZVRvR3JvdXBSZXN1bHRzPSJGYWxzZSIgLz4NCiAgICAgICAgPFF1ZXJ5U3RyaW5nUGFyYW1ldGVyIE5hbWU9InYiIFZhbHVlPSI4NTIuYTM2ZjBmZCIgUmVjb3JkZWRWYWx1ZT0iODUyLmEzNmYwZmQiIENvcnJlbGF0aW9uQmluZGluZz0iIiBVcmxFbmNvZGU9IkZhbHNlIiBVc2VUb0dyb3VwUmVzdWx0cz0iRmFsc2UiIC8+DQogICAgICAgIDxRdWVyeVN0cmluZ1BhcmFtZXRlciBOYW1lPSJ0byIgVmFsdWU9Ik1nWUFOMFFIREJGWVZVRmJYd3RNSnh0R0ZBY1JTbHhHSFhjZ04wMU1IQSUzRCUzRCIgUmVjb3JkZWRWYWx1ZT0iTWdZQU4wUUhEQkZZVlVGYlh3dE1KeHRHRkFjUlNseEdIWGNnTjAxTUhBJTNEJTNEIiBDb3JyZWxhdGlvbkJpbmRpbmc9IiIgVXJsRW5jb2RlPSJGYWxzZSIgVXNlVG9Hcm91cFJlc3VsdHM9IkZhbHNlIiAvPg0KICAgICAgICA8UXVlcnlTdHJpbmdQYXJhbWV0ZXIgTmFtZT0iYXAiIFZhbHVlPSIwLjMyNDYwMSIgUmVjb3JkZWRWYWx1ZT0iMC4zMjQ2MDEiIENvcnJlbGF0aW9uQmluZGluZz0iIiBVcmxFbmNvZGU9IkZhbHNlIiBVc2VUb0dyb3VwUmVzdWx0cz0iRmFsc2UiIC8+DQogICAgICAgIDxRdWVyeVN0cmluZ1BhcmFtZXRlciBOYW1lPSJiZSIgVmFsdWU9IjE1NzUiIFJlY29yZGVkVmFsdWU9IjE1NzUiIENvcnJlbGF0aW9uQmluZGluZz0iIiBVcmxFbmNvZGU9IkZhbHNlIiBVc2VUb0dyb3VwUmVzdWx0cz0iRmFsc2UiIC8+DQogICAgICAgIDxRdWVyeVN0cmluZ1BhcmFtZXRlciBOYW1lPSJmZSIgVmFsdWU9IjEzMzEiIFJlY29yZGVkVmFsdWU9IjEzMzEiIENvcnJlbGF0aW9uQmluZGluZz0iIiBVcmxFbmNvZGU9IkZhbHNlIiBVc2VUb0dyb3VwUmVzdWx0cz0iRmFsc2UiIC8+DQogICAgICAgIDxRdWVyeVN0cmluZ1BhcmFtZXRlciBOYW1lPSJkYyIgVmFsdWU9IjExODgiIFJlY29yZGVkVmFsdWU9IjExODgiIENvcnJlbGF0aW9uQmluZGluZz0iIiBVcmxFbmNvZGU9IkZhbHNlIiBVc2VUb0dyb3VwUmVzdWx0cz0iRmFsc2UiIC8+DQogICAgICAgIDxRdWVyeVN0cmluZ1BhcmFtZXRlciBOYW1lPSJ0dCIgVmFsdWU9ImM4ZGUxY2Q0NzRhNTg4IiBSZWNvcmRlZFZhbHVlPSJjOGRlMWNkNDc0YTU4OCIgQ29ycmVsYXRpb25CaW5kaW5nPSIiIFVybEVuY29kZT0iRmFsc2UiIFVzZVRvR3JvdXBSZXN1bHRzPSJGYWxzZSIgLz4NCiAgICAgICAgPFF1ZXJ5U3RyaW5nUGFyYW1ldGVyIE5hbWU9ImYiIFZhbHVlPSIlNUIlMjJlcnIlMjIsJTIyeGhyJTIyLCUyMnN0biUyMiwlMjJpbnMlMjIlNUQiIFJlY29yZGVkVmFsdWU9IiU1QiUyMmVyciUyMiwlMjJ4aHIlMjIsJTIyc3RuJTIyLCUyMmlucyUyMiU1RCIgQ29ycmVsYXRpb25CaW5kaW5nPSIiIFVybEVuY29kZT0iRmFsc2UiIFVzZVRvR3JvdXBSZXN1bHRzPSJGYWxzZSIgLz4NCiAgICAgICAgPFF1ZXJ5U3RyaW5nUGFyYW1ldGVyIE5hbWU9InBlcmYiIFZhbHVlPSIlN0IlMjJ0aW1pbmclMjI6JTdCJTIyb2YlMjI6MTQ1NjEzOTMwNjAyOCwlMjJuJTIyOjAsJTIyZGwlMjI6MTQ3NSwlMjJkaSUyMjoyNzcxLCUyMmRzJTIyOjI3NzEsJTIyZGUlMjI6MjkwNywlMjJkYyUyMjoyOTExLCUyMmwlMjI6MjkxNSwlMjJsZSUyMjoyOTE4LCUyMmYlMjI6MiwlMjJkbiUyMjoyLCUyMmRuZSUyMjoyLCUyMmMlMjI6MiwlMjJjZSUyMjoyLCUyMnJxJTIyOjE0NzMsJTIycnAlMjI6MTQ3NSwlMjJycGUlMjI6MTQ4MCU3RCwlMjJuYXZpZ2F0aW9uJTIyOiU3QiU3RCU3RCIgUmVjb3JkZWRWYWx1ZT0iJTdCJTIydGltaW5nJTIyOiU3QiUyMm9mJTIyOjE0NTYxMzkzMDYwMjgsJTIybiUyMjowLCUyMmRsJTIyOjE0NzUsJTIyZGklMjI6Mjc3MSwlMjJkcyUyMjoyNzcxLCUyMmRlJTIyOjI5MDcsJTIyZGMlMjI6MjkxMSwlMjJsJTIyOjI5MTUsJTIybGUlMjI6MjkxOCwlMjJmJTIyOjIsJTIyZG4lMjI6MiwlMjJkbmUlMjI6MiwlMjJjJTIyOjIsJTIyY2UlMjI6MiwlMjJycSUyMjoxNDczLCUyMnJwJTIyOjE0NzUsJTIycnBlJTIyOjE0ODAlN0QsJTIybmF2aWdhdGlvbiUyMjolN0IlN0QlN0QiIENvcnJlbGF0aW9uQmluZGluZz0iIiBVcmxFbmNvZGU9IkZhbHNlIiBVc2VUb0dyb3VwUmVzdWx0cz0iRmFsc2UiIC8+DQogICAgICAgIDxRdWVyeVN0cmluZ1BhcmFtZXRlciBOYW1lPSJqc29ucCIgVmFsdWU9Ik5SRVVNLnNldFRva2VuIiBSZWNvcmRlZFZhbHVlPSJOUkVVTS5zZXRUb2tlbiIgQ29ycmVsYXRpb25CaW5kaW5nPSIiIFVybEVuY29kZT0iRmFsc2UiIFVzZVRvR3JvdXBSZXN1bHRzPSJGYWxzZSIgLz4NCiAgICAgIDwvUXVlcnlTdHJpbmdQYXJhbWV0ZXJzPg0KICAgIDwvUmVxdWVzdD4NCiAgICA8UmVxdWVzdCBNZXRob2Q9IkdFVCIgR3VpZD0iNDNmY2M5NTktYmM0Mi00ZDAxLWJkZTQtYjY2ODc0Mzc2MGMxIiBWZXJzaW9uPSIxLjEiIFVybD0ie3tVSVNlcnZlclVSTH19L2xheW91dHMvZGVmYXVsdC9pbmRleC5odG1sIiBUaGlua1RpbWU9IjAiIFRpbWVvdXQ9IjMwMCIgUGFyc2VEZXBlbmRlbnRSZXF1ZXN0cz0iVHJ1ZSIgRm9sbG93UmVkaXJlY3RzPSJUcnVlIiBSZWNvcmRSZXN1bHQ9IlRydWUiIENhY2hlPSJGYWxzZSIgUmVzcG9uc2VUaW1lR29hbD0iMCIgRW5jb2Rpbmc9InV0Zi04IiBFeHBlY3RlZEh0dHBTdGF0dXNDb2RlPSIwIiBFeHBlY3RlZFJlc3BvbnNlVXJsPSIiIFJlcG9ydGluZ05hbWU9IiIgSWdub3JlSHR0cFN0YXR1c0NvZGU9IkZhbHNlIj4NCiAgICAgIDxIZWFkZXJzPg0KICAgICAgICA8SGVhZGVyIE5hbWU9IkFjY2VwdCIgVmFsdWU9InRleHQvaHRtbCwgKi8qOyBxPTAuMDEiIC8+DQogICAgICAgIDxIZWFkZXIgTmFtZT0iWC1SZXF1ZXN0ZWQtV2l0aCIgVmFsdWU9IlhNTEh0dHBSZXF1ZXN0IiAvPg0KICAgICAgICA8SGVhZGVyIE5hbWU9IlJlZmVyZXIiIFZhbHVlPSJ7e1VJU2VydmVyVVJMfX0vdW5pdmVyc2l0eWNvbG9yYWRvL3Nlc3Npb24vbG9naW4iIC8+DQogICAgICA8L0hlYWRlcnM+DQogICAgICA8UXVlcnlTdHJpbmdQYXJhbWV0ZXJzPg0KICAgICAgICA8UXVlcnlTdHJpbmdQYXJhbWV0ZXIgTmFtZT0iXyIgVmFsdWU9IjE0NTYxMzkzMDc4NjQiIFJlY29yZGVkVmFsdWU9IjE0NTYxMzkzMDc4NjQiIENvcnJlbGF0aW9uQmluZGluZz0iIiBVcmxFbmNvZGU9IkZhbHNlIiBVc2VUb0dyb3VwUmVzdWx0cz0iRmFsc2UiIC8+DQogICAgICA8L1F1ZXJ5U3RyaW5nUGFyYW1ldGVycz4NCiAgICA8L1JlcXVlc3Q+DQogICAgPFJlcXVlc3QgTWV0aG9kPSJQT1NUIiBHdWlkPSIzNWMxNDM2NS1kNTMyLTQxZDYtOWU4OC1lY2ViMGYzZDJhZTQiIFZlcnNpb249IjEuMSIgVXJsPSJ7e1dlYlNlcnZlcjR9fS9yZXNvdXJjZXMvMS9lNGY2M2RhNjM3IiBUaGlua1RpbWU9IjAiIFRpbWVvdXQ9IjMwMCIgUGFyc2VEZXBlbmRlbnRSZXF1ZXN0cz0iVHJ1ZSIgRm9sbG93UmVkaXJlY3RzPSJUcnVlIiBSZWNvcmRSZXN1bHQ9IlRydWUiIENhY2hlPSJGYWxzZSIgUmVzcG9uc2VUaW1lR29hbD0iMCIgRW5jb2Rpbmc9InV0Zi04IiBFeHBlY3RlZEh0dHBTdGF0dXNDb2RlPSIwIiBFeHBlY3RlZFJlc3BvbnNlVXJsPSIiIFJlcG9ydGluZ05hbWU9IiIgSWdub3JlSHR0cFN0YXR1c0NvZGU9IkZhbHNlIj4NCiAgICAgIDxIZWFkZXJzPg0KICAgICAgICA8SGVhZGVyIE5hbWU9IlJlZmVyZXIiIFZhbHVlPSJ7e1VJU2VydmVyVVJMfX0vdW5pdmVyc2l0eWNvbG9yYWRvL3Nlc3Npb24vbG9naW4iIC8+DQogICAgICA8L0hlYWRlcnM+DQogICAgICA8UXVlcnlTdHJpbmdQYXJhbWV0ZXJzPg0KICAgICAgICA8UXVlcnlTdHJpbmdQYXJhbWV0ZXIgTmFtZT0iYSIgVmFsdWU9IjEyMzQ2Njg4IiBSZWNvcmRlZFZhbHVlPSIxMjM0NjY4OCIgQ29ycmVsYXRpb25CaW5kaW5nPSIiIFVybEVuY29kZT0iRmFsc2UiIFVzZVRvR3JvdXBSZXN1bHRzPSJGYWxzZSIgLz4NCiAgICAgICAgPFF1ZXJ5U3RyaW5nUGFyYW1ldGVyIE5hbWU9InYiIFZhbHVlPSI4NTIuYTM2ZjBmZCIgUmVjb3JkZWRWYWx1ZT0iODUyLmEzNmYwZmQiIENvcnJlbGF0aW9uQmluZGluZz0iIiBVcmxFbmNvZGU9IkZhbHNlIiBVc2VUb0dyb3VwUmVzdWx0cz0iRmFsc2UiIC8+DQogICAgICAgIDxRdWVyeVN0cmluZ1BhcmFtZXRlciBOYW1lPSJ0byIgVmFsdWU9Ik1nWUFOMFFIREJGWVZVRmJYd3RNSnh0R0ZBY1JTbHhHSFhjZ04wMU1IQSUzRCUzRCIgUmVjb3JkZWRWYWx1ZT0iTWdZQU4wUUhEQkZZVlVGYlh3dE1KeHRHRkFjUlNseEdIWGNnTjAxTUhBJTNEJTNEIiBDb3JyZWxhdGlvbkJpbmRpbmc9IiIgVXJsRW5jb2RlPSJGYWxzZSIgVXNlVG9Hcm91cFJlc3VsdHM9IkZhbHNlIiAvPg0KICAgICAgICA8UXVlcnlTdHJpbmdQYXJhbWV0ZXIgTmFtZT0ic3QiIFZhbHVlPSIxNDU2MTM5MzA2MDI4IiBSZWNvcmRlZFZhbHVlPSIxNDU2MTM5MzA2MDI4IiBDb3JyZWxhdGlvbkJpbmRpbmc9IiIgVXJsRW5jb2RlPSJGYWxzZSIgVXNlVG9Hcm91cFJlc3VsdHM9IkZhbHNlIiAvPg0KICAgICAgPC9RdWVyeVN0cmluZ1BhcmFtZXRlcnM+DQogICAgICA8U3RyaW5nSHR0cEJvZHkgQ29udGVudFR5cGU9InRleHQvcGxhaW47Y2hhcnNldD1VVEYtOCIgSW5zZXJ0Qnl0ZU9yZGVyTWFyaz0iRmFsc2UiPmV3QWlBSElBWlFCekFDSUFPZ0JiQUhzQUlnQnVBQ0lBT2dBaUFHTUFid0J1QUc0QVpRQmpBSFFBUlFCdUFHUUFJZ0FzQUNJQWN3QWlBRG9BTWdBc0FDSUFaUUFpQURvQU1nQXNBQ0lBYndBaUFEb0FJZ0JrQUc4QVl3QjFBRzBBWlFCdUFIUUFJZ0FzQUNJQWRBQWlBRG9BSWdCMEFHa0FiUUJwQUc0QVp3QWlBSDBBTEFCN0FDSUFiZ0FpQURvQUlnQmpBRzhBYmdCdUFHVUFZd0IwQUZNQWRBQmhBSElBZEFBaUFDd0FJZ0J6QUNJQU9nQXlBQ3dBSWdCbEFDSUFPZ0F5QUN3QUlnQnZBQ0lBT2dBaUFHUUFid0JqQUhVQWJRQmxBRzRBZEFBaUFDd0FJZ0IwQUNJQU9nQWlBSFFBYVFCdEFHa0FiZ0JuQUNJQWZRQXNBSHNBSWdCdUFDSUFPZ0FpQUdRQWJ3QnRBRU1BYndCdEFIQUFiQUJsQUhRQVpRQWlBQ3dBSWdCekFDSUFPZ0F5QURrQU1RQXhBQ3dBSWdCbEFDSUFPZ0F5QURrQU1RQXhBQ3dBSWdCdkFDSUFPZ0FpQUdRQWJ3QmpBSFVBYlFCbEFHNEFkQUFpQUN3QUlnQjBBQ0lBT2dBaUFIUUFhUUJ0QUdrQWJnQm5BQ0lBZlFBc0FIc0FJZ0J1QUNJQU9nQWlBR1FBYndCdEFFTUFid0J1QUhRQVpRQnVBSFFBVEFCdkFHRUFaQUJsQUdRQVJRQjJBR1VBYmdCMEFFVUFiZ0JrQUNJQUxBQWlBSE1BSWdBNkFESUFPUUF3QURjQUxBQWlBR1VBSWdBNkFESUFPUUF3QURjQUxBQWlBRzhBSWdBNkFDSUFaQUJ2QUdNQWRRQnRBR1VBYmdCMEFDSUFMQUFpQUhRQUlnQTZBQ0lBZEFCcEFHMEFhUUJ1QUdjQUlnQjlBQ3dBZXdBaUFHNEFJZ0E2QUNJQVpBQnZBRzBBUXdCdkFHNEFkQUJsQUc0QWRBQk1BRzhBWVFCa0FHVUFaQUJGQUhZQVpRQnVBSFFBVXdCMEFHRUFjZ0IwQUNJQUxBQWlBSE1BSWdBNkFESUFOd0EzQURFQUxBQWlBR1VBSWdBNkFESUFOd0EzQURFQUxBQWlBRzhBSWdBNkFDSUFaQUJ2QUdNQWRRQnRBR1VBYmdCMEFDSUFMQUFpQUhRQUlnQTZBQ0lBZEFCcEFHMEFhUUJ1QUdjQUlnQjlBQ3dBZXdBaUFHNEFJZ0E2QUNJQVpBQnZBRzBBU1FCdUFIUUFaUUJ5QUdFQVl3QjBBR2tBZGdCbEFDSUFMQUFpQUhNQUlnQTZBRElBTndBM0FERUFMQUFpQUdVQUlnQTZBRElBTndBM0FERUFMQUFpQUc4QUlnQTZBQ0lBWkFCdkFHTUFkUUJ0QUdVQWJnQjBBQ0lBTEFBaUFIUUFJZ0E2QUNJQWRBQnBBRzBBYVFCdUFHY0FJZ0I5QUN3QWV3QWlBRzRBSWdBNkFDSUFaQUJ2QUcwQVRBQnZBR0VBWkFCcEFHNEFad0FpQUN3QUlnQnpBQ0lBT2dBeEFEUUFOd0ExQUN3QUlnQmxBQ0lBT2dBeEFEUUFOd0ExQUN3QUlnQnZBQ0lBT2dBaUFHUUFid0JqQUhVQWJRQmxBRzRBZEFBaUFDd0FJZ0IwQUNJQU9nQWlBSFFBYVFCdEFHa0FiZ0JuQUNJQWZRQXNBSHNBSWdCdUFDSUFPZ0FpQUdRQWJ3QnRBR0VBYVFCdUFFd0Fid0J2QUdzQWRRQndBRVVBYmdCa0FDSUFMQUFpQUhNQUlnQTZBRElBTEFBaUFHVUFJZ0E2QURJQUxBQWlBRzhBSWdBNkFDSUFaQUJ2QUdNQWRRQnRBR1VBYmdCMEFDSUFMQUFpQUhRQUlnQTZBQ0lBZEFCcEFHMEFhUUJ1QUdjQUlnQjlBQ3dBZXdBaUFHNEFJZ0E2QUNJQVpBQnZBRzBBWVFCcEFHNEFUQUJ2QUc4QWF3QjFBSEFBVXdCMEFHRUFjZ0IwQUNJQUxBQWlBSE1BSWdBNkFESUFMQUFpQUdVQUlnQTZBRElBTEFBaUFHOEFJZ0E2QUNJQVpBQnZBR01BZFFCdEFHVUFiZ0IwQUNJQUxBQWlBSFFBSWdBNkFDSUFkQUJwQUcwQWFRQnVBR2NBSWdCOUFDd0Fld0FpQUc0QUlnQTZBQ0lBWmdCbEFIUUFZd0JvQUZNQWRBQmhBSElBZEFBaUFDd0FJZ0J6QUNJQU9nQXlBQ3dBSWdCbEFDSUFPZ0F5QUN3QUlnQnZBQ0lBT2dBaUFHUUFid0JqQUhVQWJRQmxBRzRBZEFBaUFDd0FJZ0IwQUNJQU9nQWlBSFFBYVFCdEFHa0FiZ0JuQUNJQWZRQXNBSHNBSWdCdUFDSUFPZ0FpQUd3QWJ3QmhBR1FBUlFCMkFHVUFiZ0IwQUVVQWJnQmtBQ0lBTEFBaUFITUFJZ0E2QURJQU9RQXhBRGdBTEFBaUFHVUFJZ0E2QURJQU9RQXhBRGdBTEFBaUFHOEFJZ0E2QUNJQVpBQnZBR01BZFFCdEFHVUFiZ0IwQUNJQUxBQWlBSFFBSWdBNkFDSUFkQUJwQUcwQWFRQnVBR2NBSWdCOUFDd0Fld0FpQUc0QUlnQTZBQ0lBYkFCdkFHRUFaQUJGQUhZQVpRQnVBSFFBVXdCMEFHRUFjZ0IwQUNJQUxBQWlBSE1BSWdBNkFESUFPUUF4QURVQUxBQWlBR1VBSWdBNkFESUFPUUF4QURVQUxBQWlBRzhBSWdBNkFDSUFaQUJ2QUdNQWRRQnRBR1VBYmdCMEFDSUFMQUFpQUhRQUlnQTZBQ0lBZEFCcEFHMEFhUUJ1QUdjQUlnQjlBQ3dBZXdBaUFHNEFJZ0E2QUNJQWJRQnpBRVlBYVFCeUFITUFkQUJRQUdFQWFRQnVBSFFBSWdBc0FDSUFjd0FpQURvQU1RQTRBRGdBTlFBc0FDSUFaUUFpQURvQU1RQTRBRGdBTlFBc0FDSUFid0FpQURvQUlnQmtBRzhBWXdCMUFHMEFaUUJ1QUhRQUlnQXNBQ0lBZEFBaUFEb0FJZ0IwQUdrQWJRQnBBRzRBWndBaUFIMEFMQUI3QUNJQWJnQWlBRG9BSWdCdUFHRUFkZ0JwQUdjQVlRQjBBR2tBYndCdUFGTUFkQUJoQUhJQWRBQWlBQ3dBSWdCekFDSUFPZ0F3QUN3QUlnQmxBQ0lBT2dBd0FDd0FJZ0J2QUNJQU9nQWlBR1FBYndCakFIVUFiUUJsQUc0QWRBQWlBQ3dBSWdCMEFDSUFPZ0FpQUhRQWFRQnRBR2tBYmdCbkFDSUFmUUFzQUhzQUlnQnVBQ0lBT2dBaUFISUFaUUJ4QUhVQVpRQnpBSFFBVXdCMEFHRUFjZ0IwQUNJQUxBQWlBSE1BSWdBNkFERUFOQUEzQURNQUxBQWlBR1VBSWdBNkFERUFOQUEzQURNQUxBQWlBRzhBSWdBNkFDSUFaQUJ2QUdNQWRRQnRBR1VBYmdCMEFDSUFMQUFpQUhRQUlnQTZBQ0lBZEFCcEFHMEFhUUJ1QUdjQUlnQjlBQ3dBZXdBaUFHNEFJZ0E2QUNJQWNnQmxBSE1BY0FCdkFHNEFjd0JsQUVVQWJnQmtBQ0lBTEFBaUFITUFJZ0E2QURFQU5BQTRBREFBTEFBaUFHVUFJZ0E2QURFQU5BQTRBREFBTEFBaUFHOEFJZ0E2QUNJQVpBQnZBR01BZFFCdEFHVUFiZ0IwQUNJQUxBQWlBSFFBSWdBNkFDSUFkQUJwQUcwQWFRQnVBR2NBSWdCOUFDd0Fld0FpQUc0QUlnQTZBQ0lBY2dCbEFITUFjQUJ2QUc0QWN3QmxBRk1BZEFCaEFISUFkQUFpQUN3QUlnQnpBQ0lBT2dBeEFEUUFOd0ExQUN3QUlnQmxBQ0lBT2dBeEFEUUFOd0ExQUN3QUlnQnZBQ0lBT2dBaUFHUUFid0JqQUhVQWJRQmxBRzRBZEFBaUFDd0FJZ0IwQUNJQU9nQWlBSFFBYVFCdEFHa0FiZ0JuQUNJQWZRQXNBSHNBSWdCdUFDSUFPZ0FpQUd3QWFRQnVBR3NBSWdBc0FDSUFjd0FpQURvQU1RQTBBRGdBTWdBc0FDSUFaUUFpQURvQU1RQTFBRFVBTVFBc0FDSUFid0FpQURvQUlnQm9BSFFBZEFCd0FITUFPZ0F2QUM4QWN3QjBBR0VBWndCcEFHNEFad0J3QUhJQVpRQmtBR2tBWXdCMEFEVUFMZ0JwQUc0QVpnQnNBSFVBWlFCdUFHTUFaUUJvQUdVQVlRQnNBSFFBYUFBdUFHTUFid0J0QURvQU5BQTBBRE1BTHdBa0FHTUFjd0J6QUM4QWJnQnZBSElBYlFCaEFHd0FhUUI2QUdVQUxnQnRBR2tBYmdBdUFHTUFjd0J6QUNJQUxBQWlBSFFBSWdBNkFDSUFjZ0JsQUhNQWJ3QjFBSElBWXdCbEFDSUFmUUFzQUhzQUlnQnVBQ0lBT2dBaUFHd0FhUUJ1QUdzQUlnQXNBQ0lBY3dBaUFEb0FNUUEwQURnQU5BQXNBQ0lBWlFBaUFEb0FNUUExQURNQU5RQXNBQ0lBYndBaUFEb0FJZ0JvQUhRQWRBQndBSE1BT2dBdkFDOEFjd0IwQUdFQVp3QnBBRzRBWndCd0FISUFaUUJrQUdrQVl3QjBBRFVBTGdCcEFHNEFaZ0JzQUhVQVpRQnVBR01BWlFCb0FHVUFZUUJzQUhRQWFBQXVBR01BYndCdEFEb0FOQUEwQURNQUx3QWtBSFVBYVFBdEFIQUFZUUIwQUhRQVpRQnlBRzRBY3dBdkFHUUFhUUJ6QUhRQUx3QjFBR2tBTFFCd0FHRUFkQUIwQUdVQWNnQnVBSE1BTGdCakFITUFjd0FpQUN3QUlnQjBBQ0lBT2dBaUFISUFaUUJ6QUc4QWRRQnlBR01BWlFBaUFIMEFMQUI3QUNJQWJnQWlBRG9BSWdCc0FHa0FiZ0JyQUNJQUxBQWlBSE1BSWdBNkFERUFOQUE0QURjQUxBQWlBR1VBSWdBNkFERUFOUUExQURNQUxBQWlBRzhBSWdBNkFDSUFhQUIwQUhRQWNBQnpBRG9BTHdBdkFITUFkQUJoQUdjQWFRQnVBR2NBY0FCeUFHVUFaQUJwQUdNQWRBQTFBQzRBYVFCdUFHWUFiQUIxQUdVQWJnQmpBR1VBYUFCbEFHRUFiQUIwQUdnQUxnQmpBRzhBYlFBNkFEUUFOQUF6QUM4QVl3QnpBSE1BTHdCdUFHY0FMUUJuQUhJQWFRQmtBQzRBYlFCcEFHNEFMZ0JqQUhNQWN3QWlBQ3dBSWdCMEFDSUFPZ0FpQUhJQVpRQnpBRzhBZFFCeUFHTUFaUUFpQUgwQUxBQjdBQ0lBYmdBaUFEb0FJZ0JzQUdrQWJnQnJBQ0lBTEFBaUFITUFJZ0E2QURFQU5BQTRBRGdBTEFBaUFHVUFJZ0E2QURFQU5RQTFBRGtBTEFBaUFHOEFJZ0E2QUNJQWFBQjBBSFFBY0FCekFEb0FMd0F2QUhNQWRBQmhBR2NBYVFCdUFHY0FjQUJ5QUdVQVpBQnBBR01BZEFBMUFDNEFhUUJ1QUdZQWJBQjFBR1VBYmdCakFHVUFhQUJsQUdFQWJBQjBBR2dBTGdCakFHOEFiUUE2QURRQU5BQXpBQzhBWXdCekFITUFMd0JxQUhFQWRRQmxBSElBZVFBdEFIVUFhUUF1QUdNQWN3QnpBQ0lBTEFBaUFIUUFJZ0E2QUNJQWNnQmxBSE1BYndCMUFISUFZd0JsQUNJQWZRQXNBSHNBSWdCdUFDSUFPZ0FpQUd3QWFRQnVBR3NBSWdBc0FDSUFjd0FpQURvQU1RQTBBRGtBTUFBc0FDSUFaUUFpQURvQU1RQTFBRFVBTUFBc0FDSUFid0FpQURvQUlnQm9BSFFBZEFCd0FITUFPZ0F2QUM4QWN3QjBBR0VBWndCcEFHNEFad0J3QUhJQVpRQmtBR2tBWXdCMEFEVUFMZ0JwQUc0QVpnQnNBSFVBWlFCdUFHTUFaUUJvQUdVQVlRQnNBSFFBYUFBdUFHTUFid0J0QURvQU5BQTBBRE1BTHdCakFITUFjd0F2QUdvQWN3QnNBR2tBWkFCbEFISUFMZ0JqQUhNQWN3QWlBQ3dBSWdCMEFDSUFPZ0FpQUhJQVpRQnpBRzhBZFFCeUFHTUFaUUFpQUgwQUxBQjdBQ0lBYmdBaUFEb0FJZ0JzQUdrQWJnQnJBQ0lBTEFBaUFITUFJZ0E2QURFQU5BQTVBRElBTEFBaUFHVUFJZ0E2QURFQU5RQTVBRE1BTEFBaUFHOEFJZ0E2QUNJQWFBQjBBSFFBY0FCekFEb0FMd0F2QUhNQWRBQmhBR2NBYVFCdUFHY0FjQUJ5QUdVQVpBQnBBR01BZEFBMUFDNEFhUUJ1QUdZQWJBQjFBR1VBYmdCakFHVUFhQUJsQUdFQWJBQjBBR2dBTGdCakFHOEFiUUE2QURRQU5BQXpBQzhBWXdCekFITUFMd0JzQUdVQVlRQm1BR3dBWlFCMEFDNEFZd0J6QUhNQUlnQXNBQ0lBZEFBaUFEb0FJZ0J5QUdVQWN3QnZBSFVBY2dCakFHVUFJZ0I5QUN3QWV3QWlBRzRBSWdBNkFDSUFiQUJwQUc0QWF3QWlBQ3dBSWdCekFDSUFPZ0F4QURRQU9RQXpBQ3dBSWdCbEFDSUFPZ0F4QURVQU9RQXhBQ3dBSWdCdkFDSUFPZ0FpQUdnQWRBQjBBSEFBY3dBNkFDOEFMd0J6QUhRQVlRQm5BR2tBYmdCbkFIQUFjZ0JsQUdRQWFRQmpBSFFBTlFBdUFHa0FiZ0JtQUd3QWRRQmxBRzRBWXdCbEFHZ0FaUUJoQUd3QWRBQm9BQzRBWXdCdkFHMEFPZ0EwQURRQU13QXZBR01BY3dCekFDOEFUQUF1QUVNQWJ3QnVBSFFBY2dCdkFHd0FMZ0JRQUdFQWJnQXVBR01BY3dCekFDSUFMQUFpQUhRQUlnQTZBQ0lBY2dCbEFITUFid0IxQUhJQVl3QmxBQ0lBZlFBc0FIc0FJZ0J1QUNJQU9nQWlBR3dBYVFCdUFHc0FJZ0FzQUNJQWN3QWlBRG9BTVFBMEFEa0FOUUFzQUNJQVpRQWlBRG9BTVFBMkFEQUFNd0FzQUNJQWJ3QWlBRG9BSWdCb0FIUUFkQUJ3QUhNQU9nQXZBQzhBY3dCMEFHRUFad0JwQUc0QVp3QndBSElBWlFCa0FHa0FZd0IwQURVQUxnQnBBRzRBWmdCc0FIVUFaUUJ1QUdNQVpRQm9BR1VBWVFCc0FIUUFhQUF1QUdNQWJ3QnRBRG9BTkFBMEFETUFMd0JqQUhNQWN3QXZBRXdBTGdCREFHOEFiZ0IwQUhJQWJ3QnNBQzRBVUFCaEFHNEFMZ0JwQUdVQUxnQmpBSE1BY3dBaUFDd0FJZ0IwQUNJQU9nQWlBSElBWlFCekFHOEFkUUJ5QUdNQVpRQWlBSDBBTEFCN0FDSUFiZ0FpQURvQUlnQnNBR2tBYmdCckFDSUFMQUFpQUhNQUlnQTZBREVBTkFBNUFEWUFMQUFpQUdVQUlnQTZBREVBTmdBd0FEUUFMQUFpQUc4QUlnQTZBQ0lBYUFCMEFIUUFjQUJ6QURvQUx3QXZBSE1BZEFCaEFHY0FhUUJ1QUdjQWNBQnlBR1VBWkFCcEFHTUFkQUExQUM0QWFRQnVBR1lBYkFCMUFHVUFiZ0JqQUdVQWFBQmxBR0VBYkFCMEFHZ0FMZ0JqQUc4QWJRQTZBRFFBTkFBekFDOEFZd0J6QUhNQUx3QmlBRzhBYndCMEFITUFkQUJ5QUdFQWNBQXRBSE1BWlFCc0FHVUFZd0IwQUM0QWJRQnBBRzRBTGdCakFITUFjd0FpQUN3QUlnQjBBQ0lBT2dBaUFISUFaUUJ6QUc4QWRRQnlBR01BWlFBaUFIMEFMQUI3QUNJQWJnQWlBRG9BSWdCc0FHa0FiZ0JyQUNJQUxBQWlBSE1BSWdBNkFERUFOQUE1QURnQUxBQWlBR1VBSWdBNkFERUFOUUE1QURnQUxBQWlBRzhBSWdBNkFDSUFhQUIwQUhRQWNBQnpBRG9BTHdBdkFITUFkQUJoQUdjQWFRQnVBR2NBY0FCeUFHVUFaQUJwQUdNQWRBQTFBQzRBYVFCdUFHWUFiQUIxQUdVQWJnQmpBR1VBYUFCbEFHRUFiQUIwQUdnQUxnQmpBRzhBYlFBNkFEUUFOQUF6QUM4QVl3QnpBSE1BTHdCTkFHRUFjZ0JyQUdVQWNnQkRBR3dBZFFCekFIUUFaUUJ5QUM0QVl3QnpBSE1BSWdBc0FDSUFkQUFpQURvQUlnQnlBR1VBY3dCdkFIVUFjZ0JqQUdVQUlnQjlBQ3dBZXdBaUFHNEFJZ0E2QUNJQWJBQnBBRzRBYXdBaUFDd0FJZ0J6QUNJQU9nQXhBRFFBT1FBNUFDd0FJZ0JsQUNJQU9nQXhBRFlBTUFBNUFDd0FJZ0J2QUNJQU9nQWlBR2dBZEFCMEFIQUFjd0E2QUM4QUx3QnpBSFFBWVFCbkFHa0FiZ0JuQUhBQWNnQmxBR1FBYVFCakFIUUFOUUF1QUdrQWJnQm1BR3dBZFFCbEFHNEFZd0JsQUdnQVpRQmhBR3dBZEFCb0FDNEFZd0J2QUcwQU9nQTBBRFFBTXdBdkFHTUFjd0J6QUM4QVRRQmhBSElBYXdCbEFISUFRd0JzQUhVQWN3QjBBR1VBY2dBdUFFUUFaUUJtQUdFQWRRQnNBSFFBTGdCakFITUFjd0FpQUN3QUlnQjBBQ0lBT2dBaUFISUFaUUJ6QUc4QWRRQnlBR01BWlFBaUFIMEFMQUI3QUNJQWJnQWlBRG9BSWdCc0FHa0FiZ0JyQUNJQUxBQWlBSE1BSWdBNkFERUFOUUF3QURFQUxBQWlBR1VBSWdBNkFERUFOZ0EwQURBQUxBQWlBRzhBSWdBNkFDSUFhQUIwQUhRQWNBQnpBRG9BTHdBdkFITUFkQUJoQUdjQWFRQnVBR2NBY0FCeUFHVUFaQUJwQUdNQWRBQTFBQzRBYVFCdUFHWUFiQUIxQUdVQWJnQmpBR1VBYUFCbEFHRUFiQUIwQUdnQUxnQmpBRzhBYlFBNkFEUUFOQUF6QUM4QVl3QnpBSE1BTHdCa0FHRUFkQUJsQUhBQWFRQmpBR3NBWlFCeUFDNEFZd0J6QUhNQUlnQXNBQ0lBZEFBaUFEb0FJZ0J5QUdVQWN3QnZBSFVBY2dCakFHVUFJZ0I5QUN3QWV3QWlBRzRBSWdBNkFDSUFiQUJwQUc0QWF3QWlBQ3dBSWdCekFDSUFPZ0F4QURVQU1BQXlBQ3dBSWdCbEFDSUFPZ0F4QURZQU5BQXhBQ3dBSWdCdkFDSUFPZ0FpQUdnQWRBQjBBSEFBY3dBNkFDOEFMd0J6QUhRQVlRQm5BR2tBYmdCbkFIQUFjZ0JsQUdRQWFRQmpBSFFBTlFBdUFHa0FiZ0JtQUd3QWRRQmxBRzRBWXdCbEFHZ0FaUUJoQUd3QWRBQm9BQzRBWXdCdkFHMEFPZ0EwQURRQU13QXZBR01BY3dCekFDOEFaZ0J2QUc0QWRBQXRBR0VBZHdCbEFITUFid0J0QUdVQUxnQnRBR2tBYmdBdUFHTUFjd0J6QUNJQUxBQWlBSFFBSWdBNkFDSUFjZ0JsQUhNQWJ3QjFBSElBWXdCbEFDSUFmUUFzQUhzQUlnQnVBQ0lBT2dBaUFHd0FhUUJ1QUdzQUlnQXNBQ0lBY3dBaUFEb0FNUUExQURBQU5BQXNBQ0lBWlFBaUFEb0FNUUEyQURRQU53QXNBQ0lBYndBaUFEb0FJZ0JvQUhRQWRBQndBSE1BT2dBdkFDOEFjd0IwQUdFQVp3QnBBRzRBWndCd0FISUFaUUJrQUdrQVl3QjBBRFVBTGdCcEFHNEFaZ0JzQUhVQVpRQnVBR01BWlFCb0FHVUFZUUJzQUhRQWFBQXVBR01BYndCdEFEb0FOQUEwQURNQUx3QmpBSE1BY3dBdkFHRUFiZ0JuQUhVQWJBQmhBSElBTFFCMUFHa0FMUUIwQUhJQVpRQmxBQzRBYlFCcEFHNEFMZ0JqQUhNQWN3QWlBQ3dBSWdCMEFDSUFPZ0FpQUhJQVpRQnpBRzhBZFFCeUFHTUFaUUFpQUgwQUxBQjdBQ0lBYmdBaUFEb0FJZ0JzQUdrQWJnQnJBQ0lBTEFBaUFITUFJZ0E2QURFQU5RQXdBRFlBTEFBaUFHVUFJZ0E2QURFQU5nQTBBRElBTEFBaUFHOEFJZ0E2QUNJQWFBQjBBSFFBY0FCekFEb0FMd0F2QUhNQWRBQmhBR2NBYVFCdUFHY0FjQUJ5QUdVQVpBQnBBR01BZEFBMUFDNEFhUUJ1QUdZQWJBQjFBR1VBYmdCakFHVUFhQUJsQUdFQWJBQjBBR2dBTGdCakFHOEFiUUE2QURRQU5BQXpBQzhBZEFCb0FHVUFiUUJsQUhNQUx3QmtBR1VBWmdCaEFIVUFiQUIwQUM4QWJRQmhBR2tBYmdBdUFHTUFjd0J6QUNJQUxBQWlBSFFBSWdBNkFDSUFjZ0JsQUhNQWJ3QjFBSElBWXdCbEFDSUFmUUFzQUhzQUlnQnVBQ0lBT2dBaUFHd0FhUUJ1QUdzQUlnQXNBQ0lBY3dBaUFEb0FNUUExQURBQU53QXNBQ0lBWlFBaUFEb0FNUUEyQURVQU13QXNBQ0lBYndBaUFEb0FJZ0JvQUhRQWRBQndBSE1BT2dBdkFDOEFjd0IwQUdFQVp3QnBBRzRBWndCd0FISUFaUUJrQUdrQVl3QjBBRFVBTGdCcEFHNEFaZ0JzQUhVQVpRQnVBR01BWlFCb0FHVUFZUUJzQUhRQWFBQXVBR01BYndCdEFEb0FOQUEwQURNQUx3QmpBSE1BY3dBdkFHd0FaUUJoQUdZQWJBQmxBSFFBTFFCUUFISUFkUUJ1QUdVQVF3QnNBSFVBY3dCMEFHVUFjZ0F1QUdNQWN3QnpBQ0lBTEFBaUFIUUFJZ0E2QUNJQWNnQmxBSE1BYndCMUFISUFZd0JsQUNJQWZRQXNBSHNBSWdCdUFDSUFPZ0FpQUhNQVl3QnlBR2tBY0FCMEFDSUFMQUFpQUhNQUlnQTZBREVBTlFBd0FEa0FMQUFpQUdVQUlnQTZBREVBTmdBMUFEUUFMQUFpQUc4QUlnQTZBQ0lBYUFCMEFIUUFjQUJ6QURvQUx3QXZBSE1BZEFCaEFHY0FhUUJ1QUdjQWNBQnlBR1VBWkFCcEFHTUFkQUExQUM0QWFRQnVBR1lBYkFCMUFHVUFiZ0JqQUdVQWFBQmxBR0VBYkFCMEFHZ0FMZ0JqQUc4QWJRQTZBRFFBTkFBekFDOEFKQUJxQUhNQUx3QnFBSEVBZFFCbEFISUFlUUF1QUdvQWN3QWlBQ3dBSWdCMEFDSUFPZ0FpQUhJQVpRQnpBRzhBZFFCeUFHTUFaUUFpQUgwQUxBQjdBQ0lBYmdBaUFEb0FJZ0J6QUdNQWNnQnBBSEFBZEFBaUFDd0FJZ0J6QUNJQU9nQXhBRFVBTVFBd0FDd0FJZ0JsQUNJQU9nQXhBRGtBTmdBM0FDd0FJZ0J2QUNJQU9nQWlBR2dBZEFCMEFIQUFjd0E2QUM4QUx3QnpBSFFBWVFCbkFHa0FiZ0JuQUhBQWNnQmxBR1FBYVFCakFIUUFOUUF1QUdrQWJnQm1BR3dBZFFCbEFHNEFZd0JsQUdnQVpRQmhBR3dBZEFCb0FDNEFZd0J2QUcwQU9nQTBBRFFBTXdBdkFDUUFhZ0J6QUM4QVlRQnVBR2NBZFFCc0FHRUFjZ0F1QUdvQWN3QWlBQ3dBSWdCMEFDSUFPZ0FpQUhJQVpRQnpBRzhBZFFCeUFHTUFaUUFpQUgwQUxBQjdBQ0lBYmdBaUFEb0FJZ0J6QUdNQWNnQnBBSEFBZEFBaUFDd0FJZ0J6QUNJQU9nQXhBRFVBTVFBeUFDd0FJZ0JsQUNJQU9nQXhBRFlBT1FBd0FDd0FJZ0J2QUNJQU9nQWlBR2dBZEFCMEFIQUFjd0E2QUM4QUx3QnpBSFFBWVFCbkFHa0FiZ0JuQUhBQWNnQmxBR1FBYVFCakFIUUFOUUF1QUdrQWJnQm1BR3dBZFFCbEFHNEFZd0JsQUdnQVpRQmhBR3dBZEFCb0FDNEFZd0J2QUcwQU9nQTBBRFFBTXdBdkFDUUFhZ0J6QUM4QWJRQmhBR2tBYmdBdUFHb0Fjd0FpQUN3QUlnQjBBQ0lBT2dBaUFISUFaUUJ6QUc4QWRRQnlBR01BWlFBaUFIMEFMQUI3QUNJQWJnQWlBRG9BSWdCekFHTUFjZ0JwQUhBQWRBQWlBQ3dBSWdCekFDSUFPZ0F4QURVQU1RQXpBQ3dBSWdCbEFDSUFPZ0F4QURjQU1RQXdBQ3dBSWdCdkFDSUFPZ0FpQUdnQWRBQjBBSEFBY3dBNkFDOEFMd0J6QUhRQVlRQm5BR2tBYmdCbkFIQUFjZ0JsQUdRQWFRQmpBSFFBTlFBdUFHa0FiZ0JtQUd3QWRRQmxBRzRBWXdCbEFHZ0FaUUJoQUd3QWRBQm9BQzRBWXdCdkFHMEFPZ0EwQURRQU13QXZBSE1BWlFCeUFIWUFhUUJqQUdVQWN3QXZBSFVBZEFCcEFHd0FMZ0JxQUhNQUlnQXNBQ0lBZEFBaUFEb0FJZ0J5QUdVQWN3QnZBSFVBY2dCakFHVUFJZ0I5QUN3QWV3QWlBRzRBSWdBNkFDSUFjd0JqQUhJQWFRQndBSFFBSWdBc0FDSUFjd0FpQURvQU1RQTFBREVBTlFBc0FDSUFaUUFpQURvQU1RQTJBRGtBTlFBc0FDSUFid0FpQURvQUlnQm9BSFFBZEFCd0FITUFPZ0F2QUM4QWN3QjBBR0VBWndCcEFHNEFad0J3QUhJQVpRQmtBR2tBWXdCMEFEVUFMZ0JwQUc0QVpnQnNBSFVBWlFCdUFHTUFaUUJvQUdVQVlRQnNBSFFBYUFBdUFHTUFid0J0QURvQU5BQTBBRE1BTHdCekFHVUFjZ0IyQUdrQVl3QmxBSE1BTHdCMUFITUFaUUJ5QUhNQVV3QjJBR01BTGdCcUFITUFJZ0FzQUNJQWRBQWlBRG9BSWdCeUFHVUFjd0J2QUhVQWNnQmpBR1VBSWdCOUFDd0Fld0FpQUc0QUlnQTZBQ0lBY3dCakFISUFhUUJ3QUhRQUlnQXNBQ0lBY3dBaUFEb0FNUUExQURFQU5nQXNBQ0lBWlFBaUFEb0FNUUEzQURBQU9BQXNBQ0lBYndBaUFEb0FJZ0JvQUhRQWRBQndBSE1BT2dBdkFDOEFjd0IwQUdFQVp3QnBBRzRBWndCd0FISUFaUUJrQUdrQVl3QjBBRFVBTGdCcEFHNEFaZ0JzQUhVQVpRQnVBR01BWlFCb0FHVUFZUUJzQUhRQWFBQXVBR01BYndCdEFEb0FOQUEwQURNQUx3QnpBR1VBY2dCMkFHa0FZd0JsQUhNQUx3QjFBSE1BWlFCeUFFTUFid0J1QUhRQVpRQjRBSFFBVXdCMkFHTUFMZ0JxQUhNQUlnQXNBQ0lBZEFBaUFEb0FJZ0J5QUdVQWN3QnZBSFVBY2dCakFHVUFJZ0I5QUN3QWV3QWlBRzRBSWdBNkFDSUFjd0JqQUhJQWFRQndBSFFBSWdBc0FDSUFjd0FpQURvQU1RQTFBREVBT0FBc0FDSUFaUUFpQURvQU1RQTVBRGdBTWdBc0FDSUFid0FpQURvQUlnQm9BSFFBZEFCd0FITUFPZ0F2QUM4QWN3QjBBR0VBWndCcEFHNEFad0J3QUhJQVpRQmtBR2tBWXdCMEFEVUFMZ0JwQUc0QVpnQnNBSFVBWlFCdUFHTUFaUUJvQUdVQVlRQnNBSFFBYUFBdUFHTUFid0J0QURvQU5BQTBBRE1BTHdCekFHVUFjZ0IyQUdrQVl3QmxBSE1BTHdCMEFHRUFjZ0JuQUdVQWRBQkJBSElBWlFCaEFITUFRd0J2QUd3QWRRQnRBRzRBTGdCcUFITUFJZ0FzQUNJQWRBQWlBRG9BSWdCeUFHVUFjd0J2QUhVQWNnQmpBR1VBSWdCOUFDd0Fld0FpQUc0QUlnQTZBQ0lBY3dCakFISUFhUUJ3QUhRQUlnQXNBQ0lBY3dBaUFEb0FNUUExQURFQU9RQXNBQ0lBWlFBaUFEb0FNUUEzQURRQU9BQXNBQ0lBYndBaUFEb0FJZ0JvQUhRQWRBQndBSE1BT2dBdkFDOEFjd0IwQUdFQVp3QnBBRzRBWndCd0FISUFaUUJrQUdrQVl3QjBBRFVBTGdCcEFHNEFaZ0JzQUhVQVpRQnVBR01BWlFCb0FHVUFZUUJzQUhRQWFBQXVBR01BYndCdEFEb0FOQUEwQURNQUx3QnpBR1VBY2dCMkFHa0FZd0JsQUhNQUx3QjBBR0VBWWdCQkFHNEFaQUJUQUhRQVpRQndBRVFBWlFCbUFHa0FiZ0JwQUhRQWFRQnZBRzRBY3dBdUFHb0Fjd0FpQUN3QUlnQjBBQ0lBT2dBaUFISUFaUUJ6QUc4QWRRQnlBR01BWlFBaUFIMEFMQUI3QUNJQWJnQWlBRG9BSWdCekFHTUFjZ0JwQUhBQWRBQWlBQ3dBSWdCekFDSUFPZ0F4QURVQU1nQXlBQ3dBSWdCbEFDSUFPZ0F4QURjQU5BQTBBQ3dBSWdCdkFDSUFPZ0FpQUdnQWRBQjBBSEFBY3dBNkFDOEFMd0J6QUhRQVlRQm5BR2tBYmdCbkFIQUFjZ0JsQUdRQWFRQmpBSFFBTlFBdUFHa0FiZ0JtQUd3QWRRQmxBRzRBWXdCbEFHZ0FaUUJoQUd3QWRBQm9BQzRBWXdCdkFHMEFPZ0EwQURRQU13QXZBSE1BWlFCeUFIWUFhUUJqQUdVQWN3QXZBSE1BWlFCekFITUFhUUJ2QUc0QVV3QjJBR01BTGdCcUFITUFJZ0FzQUNJQWRBQWlBRG9BSWdCeUFHVUFjd0J2QUhVQWNnQmpBR1VBSWdCOUFDd0Fld0FpQUc0QUlnQTZBQ0lBY3dCakFISUFhUUJ3QUhRQUlnQXNBQ0lBY3dBaUFEb0FNUUExQURJQU1nQXNBQ0lBWlFBaUFEb0FNUUEzQURRQU5RQXNBQ0lBYndBaUFEb0FJZ0JvQUhRQWRBQndBSE1BT2dBdkFDOEFjd0IwQUdFQVp3QnBBRzRBWndCd0FISUFaUUJrQUdrQVl3QjBBRFVBTGdCcEFHNEFaZ0JzQUhVQVpRQnVBR01BWlFCb0FHVUFZUUJzQUhRQWFBQXVBR01BYndCdEFEb0FOQUEwQURNQUx3QnpBR1VBY2dCMkFHa0FZd0JsQUhNQUx3QnpBR1VBYkFCbEFHTUFkQUJsQUdRQVF3QnZBRzRBZEFCbEFIZ0FkQUJUQUhZQVl3QXVBR29BY3dBaUFDd0FJZ0IwQUNJQU9nQWlBSElBWlFCekFHOEFkUUJ5QUdNQVpRQWlBSDBBTEFCN0FDSUFiZ0FpQURvQUlnQnpBR01BY2dCcEFIQUFkQUFpQUN3QUlnQnpBQ0lBT2dBeEFEVUFNZ0EwQUN3QUlnQmxBQ0lBT2dBeEFEY0FOUUF6QUN3QUlnQnZBQ0lBT2dBaUFHZ0FkQUIwQUhBQWN3QTZBQzhBTHdCekFIUUFZUUJuQUdrQWJnQm5BSEFBY2dCbEFHUUFhUUJqQUhRQU5RQXVBR2tBYmdCbUFHd0FkUUJsQUc0QVl3QmxBR2dBWlFCaEFHd0FkQUJvQUM0QVl3QnZBRzBBT2dBMEFEUUFNd0F2QUhNQVpRQnlBSFlBYVFCakFHVUFjd0F2QUhNQVpRQmxBR1FBVEFCcEFITUFkQUJUQUhZQVl3QXVBR29BY3dBaUFDd0FJZ0IwQUNJQU9nQWlBSElBWlFCekFHOEFkUUJ5QUdNQVpRQWlBSDBBTEFCN0FDSUFiZ0FpQURvQUlnQnpBR01BY2dCcEFIQUFkQUFpQUN3QUlnQnpBQ0lBT2dBeEFEVUFNZ0ExQUN3QUlnQmxBQ0lBT2dBeEFEY0FPUUF5QUN3QUlnQnZBQ0lBT2dBaUFHZ0FkQUIwQUhBQWN3QTZBQzhBTHdCekFIUUFZUUJuQUdrQWJnQm5BSEFBY2dCbEFHUUFhUUJqQUhRQU5RQXVBR2tBYmdCbUFHd0FkUUJsQUc0QVl3QmxBR2dBWlFCaEFHd0FkQUJvQUM0QVl3QnZBRzBBT2dBMEFEUUFNd0F2QUhNQVpRQnlBSFlBYVFCakFHVUFjd0F2QUhJQVpRQnhBSFVBWlFCekFIUUFUQUJ2QUdjQVNRQnVBSFFBWlFCeUFHTUFaUUJ3QUhRQWJ3QnlBQzRBYWdCekFDSUFMQUFpQUhRQUlnQTZBQ0lBY2dCbEFITUFid0IxQUhJQVl3QmxBQ0lBZlFBc0FIc0FJZ0J1QUNJQU9nQWlBSE1BWXdCeUFHa0FjQUIwQUNJQUxBQWlBSE1BSWdBNkFERUFOUUF5QURjQUxBQWlBR1VBSWdBNkFERUFOd0E1QURjQUxBQWlBRzhBSWdBNkFDSUFhQUIwQUhRQWNBQnpBRG9BTHdBdkFITUFkQUJoQUdjQWFRQnVBR2NBY0FCeUFHVUFaQUJwQUdNQWRBQTFBQzRBYVFCdUFHWUFiQUIxQUdVQWJnQmpBR1VBYUFCbEFHRUFiQUIwQUdnQUxnQmpBRzhBYlFBNkFEUUFOQUF6QUM4QWN3QmxBSElBZGdCcEFHTUFaUUJ6QUM4QWNnQmxBR01BYVFCd0FHVUFVd0IyQUdNQUxnQnFBSE1BSWdBc0FDSUFkQUFpQURvQUlnQnlBR1VBY3dCdkFIVUFjZ0JqQUdVQUlnQjlBQ3dBZXdBaUFHNEFJZ0E2QUNJQWN3QmpBSElBYVFCd0FIUUFJZ0FzQUNJQWN3QWlBRG9BTVFBMUFESUFPQUFzQUNJQVpRQWlBRG9BTVFBM0FEa0FOd0FzQUNJQWJ3QWlBRG9BSWdCb0FIUUFkQUJ3QUhNQU9nQXZBQzhBY3dCMEFHRUFad0JwQUc0QVp3QndBSElBWlFCa0FHa0FZd0IwQURVQUxnQnBBRzRBWmdCc0FIVUFaUUJ1QUdNQVpRQm9BR1VBWVFCc0FIUUFhQUF1QUdNQWJ3QnRBRG9BTkFBMEFETUFMd0J6QUdVQWNnQjJBR2tBWXdCbEFITUFMd0J3QUhJQWJ3QjJBR2tBWkFCbEFISUFVd0IyQUdNQUxnQnFBSE1BSWdBc0FDSUFkQUFpQURvQUlnQnlBR1VBY3dCdkFIVUFjZ0JqQUdVQUlnQjlBQ3dBZXdBaUFHNEFJZ0E2QUNJQWN3QmpBSElBYVFCd0FIUUFJZ0FzQUNJQWN3QWlBRG9BTVFBMUFETUFNQUFzQUNJQVpRQWlBRG9BTVFBNEFEQUFOd0FzQUNJQWJ3QWlBRG9BSWdCb0FIUUFkQUJ3QUhNQU9nQXZBQzhBY3dCMEFHRUFad0JwQUc0QVp3QndBSElBWlFCa0FHa0FZd0IwQURVQUxnQnBBRzRBWmdCc0FIVUFaUUJ1QUdNQVpRQm9BR1VBWVFCc0FIUUFhQUF1QUdNQWJ3QnRBRG9BTkFBMEFETUFMd0J6QUdVQWNnQjJBR2tBWXdCbEFITUFMd0J3QUdrQWRnQnZBSFFBVkFCaEFHSUFiQUJsQUZNQWRnQmpBQzRBYWdCekFDSUFMQUFpQUhRQUlnQTZBQ0lBY2dCbEFITUFid0IxQUhJQVl3QmxBQ0lBZlFBc0FIc0FJZ0J1QUNJQU9nQWlBSE1BWXdCeUFHa0FjQUIwQUNJQUxBQWlBSE1BSWdBNkFERUFOUUF6QURFQUxBQWlBR1VBSWdBNkFERUFPQUEwQURRQUxBQWlBRzhBSWdBNkFDSUFhQUIwQUhRQWNBQnpBRG9BTHdBdkFITUFkQUJoQUdjQWFRQnVBR2NBY0FCeUFHVUFaQUJwQUdNQWRBQTFBQzRBYVFCdUFHWUFiQUIxQUdVQWJnQmpBR1VBYUFCbEFHRUFiQUIwQUdnQUxnQmpBRzhBYlFBNkFEUUFOQUF6QUM4QWN3QmxBSElBZGdCcEFHTUFaUUJ6QUM4QWNBQmhBSE1BZEFCTUFHa0Fjd0IwQUZNQWRnQmpBQzRBYWdCekFDSUFMQUFpQUhRQUlnQTZBQ0lBY2dCbEFITUFid0IxQUhJQVl3QmxBQ0lBZlFBc0FIc0FJZ0J1QUNJQU9nQWlBSE1BWXdCeUFHa0FjQUIwQUNJQUxBQWlBSE1BSWdBNkFERUFOUUF6QURRQUxBQWlBR1VBSWdBNkFERUFPQUEwQURVQUxBQWlBRzhBSWdBNkFDSUFhQUIwQUhRQWNBQnpBRG9BTHdBdkFITUFkQUJoQUdjQWFRQnVBR2NBY0FCeUFHVUFaQUJwQUdNQWRBQTFBQzRBYVFCdUFHWUFiQUIxQUdVQWJnQmpBR1VBYUFCbEFHRUFiQUIwQUdnQUxnQmpBRzhBYlFBNkFEUUFOQUF6QUM4QWN3QmxBSElBZGdCcEFHTUFaUUJ6QUM4QWJnQnZBSFFBYVFCbUFHa0FZd0JoQUhRQWFRQnZBRzRBVXdCMkFHTUFMZ0JxQUhNQUlnQXNBQ0lBZEFBaUFEb0FJZ0J5QUdVQWN3QnZBSFVBY2dCakFHVUFJZ0I5QUN3QWV3QWlBRzRBSWdBNkFDSUFjd0JqQUhJQWFRQndBSFFBSWdBc0FDSUFjd0FpQURvQU1RQTFBRFFBTUFBc0FDSUFaUUFpQURvQU1RQTRBRE1BT1FBc0FDSUFid0FpQURvQUlnQm9BSFFBZEFCd0FITUFPZ0F2QUM4QWN3QjBBR0VBWndCcEFHNEFad0J3QUhJQVpRQmtBR2tBWXdCMEFEVUFMZ0JwQUc0QVpnQnNBSFVBWlFCdUFHTUFaUUJvQUdVQVlRQnNBSFFBYUFBdUFHTUFid0J0QURvQU5BQTBBRE1BTHdCekFHVUFjZ0IyQUdrQVl3QmxBSE1BTHdCdEFHOEFjd0IwQUZJQVpRQmpBR1VBYmdCMEFFTUFZUUJzQUdNQWRRQnNBR0VBZEFCcEFHOEFiZ0F1QUdvQWN3QWlBQ3dBSWdCMEFDSUFPZ0FpQUhJQVpRQnpBRzhBZFFCeUFHTUFaUUFpQUgwQUxBQjdBQ0lBYmdBaUFEb0FJZ0J6QUdNQWNnQnBBSEFBZEFBaUFDd0FJZ0J6QUNJQU9nQXhBRFVBTkFBeUFDd0FJZ0JsQUNJQU9nQXhBRGdBTlFBMUFDd0FJZ0J2QUNJQU9nQWlBR2dBZEFCMEFIQUFjd0E2QUM4QUx3QnpBSFFBWVFCbkFHa0FiZ0JuQUhBQWNnQmxBR1FBYVFCakFIUUFOUUF1QUdrQWJnQm1BR3dBZFFCbEFHNEFZd0JsQUdnQVpRQmhBR3dBZEFCb0FDNEFZd0J2QUcwQU9nQTBBRFFBTXdBdkFITUFaUUJ5QUhZQWFRQmpBR1VBY3dBdkFHd0Fid0J2QUdzQWRRQndBRk1BZGdCakFDNEFhZ0J6QUNJQUxBQWlBSFFBSWdBNkFDSUFjZ0JsQUhNQWJ3QjFBSElBWXdCbEFDSUFmUUFzQUhzQUlnQnVBQ0lBT2dBaUFITUFZd0J5QUdrQWNBQjBBQ0lBTEFBaUFITUFJZ0E2QURFQU5RQTBBRFlBTEFBaUFHVUFJZ0E2QURFQU9BQTNBRElBTEFBaUFHOEFJZ0E2QUNJQWFBQjBBSFFBY0FCekFEb0FMd0F2QUhNQWRBQmhBR2NBYVFCdUFHY0FjQUJ5QUdVQVpBQnBBR01BZEFBMUFDNEFhUUJ1QUdZQWJBQjFBR1VBYmdCakFHVUFhQUJsQUdFQWJBQjBBR2dBTGdCakFHOEFiUUE2QURRQU5BQXpBQzhBY3dCbEFISUFkZ0JwQUdNQVpRQnpBQzhBYkFCdkFHNEFad0JVQUdFQWN3QnJBRk1BZGdCakFDNEFhZ0J6QUNJQUxBQWlBSFFBSWdBNkFDSUFjZ0JsQUhNQWJ3QjFBSElBWXdCbEFDSUFmUUFzQUhzQUlnQnVBQ0lBT2dBaUFITUFZd0J5QUdrQWNBQjBBQ0lBTEFBaUFITUFJZ0E2QURFQU5RQTBBRGtBTEFBaUFHVUFJZ0E2QURFQU9BQTRBREVBTEFBaUFHOEFJZ0E2QUNJQWFBQjBBSFFBY0FCekFEb0FMd0F2QUhNQWRBQmhBR2NBYVFCdUFHY0FjQUJ5QUdVQVpBQnBBR01BZEFBMUFDNEFhUUJ1QUdZQWJBQjFBR1VBYmdCakFHVUFhQUJsQUdFQWJBQjBBR2dBTGdCakFHOEFiUUE2QURRQU5BQXpBQzhBY3dCbEFISUFkZ0JwQUdNQVpRQnpBQzhBYkFCdkFHUUFZUUJ6QUdnQUxnQnFBSE1BSWdBc0FDSUFkQUFpQURvQUlnQnlBR1VBY3dCdkFIVUFjZ0JqQUdVQUlnQjlBQ3dBZXdBaUFHNEFJZ0E2QUNJQWN3QmpBSElBYVFCd0FIUUFJZ0FzQUNJQWN3QWlBRG9BTVFBMUFEVUFOQUFzQUNJQVpRQWlBRG9BTVFBNEFEY0FOQUFzQUNJQWJ3QWlBRG9BSWdCb0FIUUFkQUJ3QUhNQU9nQXZBQzhBY3dCMEFHRUFad0JwQUc0QVp3QndBSElBWlFCa0FHa0FZd0IwQURVQUxnQnBBRzRBWmdCc0FIVUFaUUJ1QUdNQVpRQm9BR1VBWVFCc0FIUUFhQUF1QUdNQWJ3QnRBRG9BTkFBMEFETUFMd0J6QUdVQWNnQjJBR2tBWXdCbEFITUFMd0JzQUc4QVl3QmhBSFFBYVFCdkFHNEFVd0IyQUdNQUxnQnFBSE1BSWdBc0FDSUFkQUFpQURvQUlnQnlBR1VBY3dCdkFIVUFjZ0JqQUdVQUlnQjlBQ3dBZXdBaUFHNEFJZ0E2QUNJQWN3QmpBSElBYVFCd0FIUUFJZ0FzQUNJQWN3QWlBRG9BTVFBMUFEVUFPQUFzQUNJQVpRQWlBRG9BTVFBNEFEa0FNd0FzQUNJQWJ3QWlBRG9BSWdCb0FIUUFkQUJ3QUhNQU9nQXZBQzhBY3dCMEFHRUFad0JwQUc0QVp3QndBSElBWlFCa0FHa0FZd0IwQURVQUxnQnBBRzRBWmdCc0FIVUFaUUJ1QUdNQVpRQm9BR1VBWVFCc0FIUUFhQUF1QUdNQWJ3QnRBRG9BTkFBMEFETUFMd0J6QUdVQWNnQjJBR2tBWXdCbEFITUFMd0JzQUdrQWN3QjBBRk1BZGdCakFDNEFhZ0J6QUNJQUxBQWlBSFFBSWdBNkFDSUFjZ0JsQUhNQWJ3QjFBSElBWXdCbEFDSUFmUUFzQUhzQUlnQnVBQ0lBT2dBaUFITUFZd0J5QUdrQWNBQjBBQ0lBTEFBaUFITUFJZ0E2QURFQU5RQTFBRGtBTEFBaUFHVUFJZ0E2QURFQU9RQXlBRFVBTEFBaUFHOEFJZ0E2QUNJQWFBQjBBSFFBY0FCekFEb0FMd0F2QUhNQWRBQmhBR2NBYVFCdUFHY0FjQUJ5QUdVQVpBQnBBR01BZEFBMUFDNEFhUUJ1QUdZQWJBQjFBR1VBYmdCakFHVUFhQUJsQUdFQWJBQjBBR2dBTGdCakFHOEFiUUE2QURRQU5BQXpBQzhBY3dCbEFISUFkZ0JwQUdNQVpRQnpBQzhBYkFCcEFITUFkQUJUQUhRQVlRQjBBR1VBVXdCMkFHTUFMZ0JxQUhNQUlnQXNBQ0lBZEFBaUFEb0FJZ0J5QUdVQWN3QnZBSFVBY2dCakFHVUFJZ0I5QUN3QWV3QWlBRzRBSWdBNkFDSUFjd0JqQUhJQWFRQndBSFFBSWdBc0FDSUFjd0FpQURvQU1RQTFBRFlBTVFBc0FDSUFaUUFpQURvQU1RQTVBREFBTlFBc0FDSUFid0FpQURvQUlnQm9BSFFBZEFCd0FITUFPZ0F2QUM4QWN3QjBBR0VBWndCcEFHNEFad0J3QUhJQVpRQmtBR2tBWXdCMEFEVUFMZ0JwQUc0QVpnQnNBSFVBWlFCdUFHTUFaUUJvQUdVQVlRQnNBSFFBYUFBdUFHTUFid0J0QURvQU5BQTBBRE1BTHdCekFHVUFjZ0IyQUdrQVl3QmxBSE1BTHdCc0FHa0Fjd0IwQUU0QVlRQnRBR1VBVXdCMkFHTUFMZ0JxQUhNQUlnQXNBQ0lBZEFBaUFEb0FJZ0J5QUdVQWN3QnZBSFVBY2dCakFHVUFJZ0I5QUN3QWV3QWlBRzRBSWdBNkFDSUFjd0JqQUhJQWFRQndBSFFBSWdBc0FDSUFjd0FpQURvQU1RQTFBRFlBTWdBc0FDSUFaUUFpQURvQU1RQTVBRElBTXdBc0FDSUFid0FpQURvQUlnQm9BSFFBZEFCd0FITUFPZ0F2QUM4QWN3QjBBR0VBWndCcEFHNEFad0J3QUhJQVpRQmtBR2tBWXdCMEFEVUFMZ0JwQUc0QVpnQnNBSFVBWlFCdUFHTUFaUUJvQUdVQVlRQnNBSFFBYUFBdUFHTUFid0J0QURvQU5BQTBBRE1BTHdCekFHVUFjZ0IyQUdrQVl3QmxBSE1BTHdCc0FHa0Fjd0IwQUVVQWVBQndBRzhBY2dCMEFGTUFkZ0JqQUM0QWFnQnpBQ0lBTEFBaUFIUUFJZ0E2QUNJQWNnQmxBSE1BYndCMUFISUFZd0JsQUNJQWZRQXNBSHNBSWdCdUFDSUFPZ0FpQUhNQVl3QnlBR2tBY0FCMEFDSUFMQUFpQUhNQUlnQTZBREVBTlFBMkFEUUFMQUFpQUdVQUlnQTZBREVBT1FBMEFERUFMQUFpQUc4QUlnQTZBQ0lBYUFCMEFIUUFjQUJ6QURvQUx3QXZBSE1BZEFCaEFHY0FhUUJ1QUdjQWNBQnlBR1VBWkFCcEFHTUFkQUExQUM0QWFRQnVBR1lBYkFCMUFHVUFiZ0JqQUdVQWFBQmxBR0VBYkFCMEFHZ0FMZ0JqQUc4QWJRQTZBRFFBTkFBekFDOEFjd0JsQUhJQWRnQnBBR01BWlFCekFDOEFad0JsQUc4QVp3QnlBR0VBY0FCb0FIa0FTQUJsQUd3QWNBQmxBSElBTGdCcUFITUFJZ0FzQUNJQWRBQWlBRG9BSWdCeUFHVUFjd0J2QUhVQWNnQmpBR1VBSWdCOUFDd0Fld0FpQUc0QUlnQTZBQ0lBY3dCakFISUFhUUJ3QUhRQUlnQXNBQ0lBY3dBaUFEb0FNUUExQURZQU9BQXNBQ0lBWlFBaUFEb0FNUUE1QURRQU5BQXNBQ0lBYndBaUFEb0FJZ0JvQUhRQWRBQndBSE1BT2dBdkFDOEFjd0IwQUdFQVp3QnBBRzRBWndCd0FISUFaUUJrQUdrQVl3QjBBRFVBTGdCcEFHNEFaZ0JzQUhVQVpRQnVBR01BWlFCb0FHVUFZUUJzQUhRQWFBQXVBR01BYndCdEFEb0FOQUEwQURNQUx3QnpBR1VBY2dCMkFHa0FZd0JsQUhNQUx3Qm5BR1VBYndCbkFISUFZUUJ3QUdnQWFRQmxBSE1BVEFCdkFHOEFhd0IxQUhBQVV3QjJBR01BTGdCcUFITUFJZ0FzQUNJQWRBQWlBRG9BSWdCeUFHVUFjd0J2QUhVQWNnQmpBR1VBSWdCOUFDd0Fld0FpQUc0QUlnQTZBQ0lBY3dCakFISUFhUUJ3QUhRQUlnQXNBQ0lBY3dBaUFEb0FNUUExQURZQU9RQXNBQ0lBWlFBaUFEb0FNUUE1QURVQU1RQXNBQ0lBYndBaUFEb0FJZ0JvQUhRQWRBQndBSE1BT2dBdkFDOEFjd0IwQUdFQVp3QnBBRzRBWndCd0FISUFaUUJrQUdrQVl3QjBBRFVBTGdCcEFHNEFaZ0JzQUhVQVpRQnVBR01BWlFCb0FHVUFZUUJzQUhRQWFBQXVBR01BYndCdEFEb0FOQUEwQURNQUx3QnpBR1VBY2dCMkFHa0FZd0JsQUhNQUx3Qm5BR1VBYndCakFHOEFaQUJsQUZNQWRnQmpBQzRBYWdCekFDSUFMQUFpQUhRQUlnQTZBQ0lBY2dCbEFITUFid0IxQUhJQVl3QmxBQ0lBZlFBc0FIc0FJZ0J1QUNJQU9nQWlBSE1BWXdCeUFHa0FjQUIwQUNJQUxBQWlBSE1BSWdBNkFERUFOUUEzQURZQUxBQWlBR1VBSWdBNkFERUFPUUEyQURFQUxBQWlBRzhBSWdBNkFDSUFhQUIwQUhRQWNBQnpBRG9BTHdBdkFITUFkQUJoQUdjQWFRQnVBR2NBY0FCeUFHVUFaQUJwQUdNQWRBQTFBQzRBYVFCdUFHWUFiQUIxQUdVQWJnQmpBR1VBYUFCbEFHRUFiQUIwQUdnQUxnQmpBRzhBYlFBNkFEUUFOQUF6QUM4QWN3QmxBSElBZGdCcEFHTUFaUUJ6QUM4QVpnQnBBR3dBZEFCbEFISUFWQUI1QUhBQVpRQlRBSFlBWXdBdUFHb0Fjd0FpQUN3QUlnQjBBQ0lBT2dBaUFISUFaUUJ6QUc4QWRRQnlBR01BWlFBaUFIMEFMQUI3QUNJQWJnQWlBRG9BSWdCekFHTUFjZ0JwQUhBQWRBQWlBQ3dBSWdCekFDSUFPZ0F4QURVQU53QTNBQ3dBSWdCbEFDSUFPZ0F4QURrQU5nQTNBQ3dBSWdCdkFDSUFPZ0FpQUdnQWRBQjBBSEFBY3dBNkFDOEFMd0J6QUhRQVlRQm5BR2tBYmdCbkFIQUFjZ0JsQUdRQWFRQmpBSFFBTlFBdUFHa0FiZ0JtQUd3QWRRQmxBRzRBWXdCbEFHZ0FaUUJoQUd3QWRBQm9BQzRBWXdCdkFHMEFPZ0EwQURRQU13QXZBSE1BWlFCeUFIWUFhUUJqQUdVQWN3QXZBR1lBWVFCakFHa0FiQUJwQUhRQWVRQlRBSFlBWXdBdUFHb0Fjd0FpQUN3QUlnQjBBQ0lBT2dBaUFISUFaUUJ6QUc4QWRRQnlBR01BWlFBaUFIMEFMQUI3QUNJQWJnQWlBRG9BSWdCekFHTUFjZ0JwQUhBQWRBQWlBQ3dBSWdCekFDSUFPZ0F4QURVQU9BQXdBQ3dBSWdCbEFDSUFPZ0F4QURrQU53QXpBQ3dBSWdCdkFDSUFPZ0FpQUdnQWRBQjBBSEFBY3dBNkFDOEFMd0J6QUhRQVlRQm5BR2tBYmdCbkFIQUFjZ0JsQUdRQWFRQmpBSFFBTlFBdUFHa0FiZ0JtQUd3QWRRQmxBRzRBWXdCbEFHZ0FaUUJoQUd3QWRBQm9BQzRBWXdCdkFHMEFPZ0EwQURRQU13QXZBSE1BWlFCeUFIWUFhUUJqQUdVQWN3QXZBR1VBZEFCc0FFUUFZUUIwQUdFQVZRQndBR1FBWVFCMEFHVUFVd0IyQUdNQUxnQnFBSE1BSWdBc0FDSUFkQUFpQURvQUlnQnlBR1VBY3dCdkFIVUFjZ0JqQUdVQUlnQjlBQ3dBZXdBaUFHNEFJZ0E2QUNJQWN3QmpBSElBYVFCd0FIUUFJZ0FzQUNJQWN3QWlBRG9BTVFBMUFEZ0FOQUFzQUNJQVpRQWlBRG9BTVFBNUFEZ0FNQUFzQUNJQWJ3QWlBRG9BSWdCb0FIUUFkQUJ3QUhNQU9nQXZBQzhBY3dCMEFHRUFad0JwQUc0QVp3QndBSElBWlFCa0FHa0FZd0IwQURVQUxnQnBBRzRBWmdCc0FIVUFaUUJ1QUdNQVpRQm9BR1VBWVFCc0FIUUFhQUF1QUdNQWJ3QnRBRG9BTkFBMEFETUFMd0J6QUdVQWNnQjJBR2tBWXdCbEFITUFMd0JsQUhJQWNnQnZBSElBU1FCdUFIUUFaUUJ5QUdNQVpRQndBSFFBYndCeUFDNEFhZ0J6QUNJQUxBQWlBSFFBSWdBNkFDSUFjZ0JsQUhNQWJ3QjFBSElBWXdCbEFDSUFmUUFzQUhzQUlnQnVBQ0lBT2dBaUFITUFZd0J5QUdrQWNBQjBBQ0lBTEFBaUFITUFJZ0E2QURFQU5RQTVBREFBTEFBaUFHVUFJZ0E2QURFQU9RQTRBREFBTEFBaUFHOEFJZ0E2QUNJQWFBQjBBSFFBY0FCekFEb0FMd0F2QUhNQWRBQmhBR2NBYVFCdUFHY0FjQUJ5QUdVQVpBQnBBR01BZEFBMUFDNEFhUUJ1QUdZQWJBQjFBR1VBYmdCakFHVUFhQUJsQUdFQWJBQjBBR2dBTGdCakFHOEFiUUE2QURRQU5BQXpBQzhBY3dCbEFISUFkZ0JwQUdNQVpRQnpBQzhBWkFCcEFITUFkQUJ5QUdrQVlnQjFBSFFBYVFCdkFHNEFVd0IyQUdNQUxnQnFBSE1BSWdBc0FDSUFkQUFpQURvQUlnQnlBR1VBY3dCdkFIVUFjZ0JqQUdVQUlnQjlBQ3dBZXdBaUFHNEFJZ0E2QUNJQWN3QmpBSElBYVFCd0FIUUFJZ0FzQUNJQWN3QWlBRG9BTVFBMUFEa0FNZ0FzQUNJQVpRQWlBRG9BTVFBNUFEa0FOd0FzQUNJQWJ3QWlBRG9BSWdCb0FIUUFkQUJ3QUhNQU9nQXZBQzhBY3dCMEFHRUFad0JwQUc0QVp3QndBSElBWlFCa0FHa0FZd0IwQURVQUxnQnBBRzRBWmdCc0FIVUFaUUJ1QUdNQVpRQm9BR1VBWVFCc0FIUUFhQUF1QUdNQWJ3QnRBRG9BTkFBMEFETUFMd0J6QUdVQWNnQjJBR2tBWXdCbEFITUFMd0JqQUd3QWFRQmxBRzRBZEFCVEFIWUFZd0F1QUdvQWN3QWlBQ3dBSWdCMEFDSUFPZ0FpQUhJQVpRQnpBRzhBZFFCeUFHTUFaUUFpQUgwQUxBQjdBQ0lBYmdBaUFEb0FJZ0J6QUdNQWNnQnBBSEFBZEFBaUFDd0FJZ0J6QUNJQU9nQXhBRFVBT1FBMEFDd0FJZ0JsQUNJQU9nQXlBREFBTUFBM0FDd0FJZ0J2QUNJQU9nQWlBR2dBZEFCMEFIQUFjd0E2QUM4QUx3QnpBSFFBWVFCbkFHa0FiZ0JuQUhBQWNnQmxBR1FBYVFCakFIUUFOUUF1QUdrQWJnQm1BR3dBZFFCbEFHNEFZd0JsQUdnQVpRQmhBR3dBZEFCb0FDNEFZd0J2QUcwQU9nQTBBRFFBTXdBdkFITUFaUUJ5QUhZQWFRQmpBR1VBY3dBdkFHTUFZUUJ0QUhBQVlRQnBBR2NBYmdCVEFIWUFZd0F1QUdvQWN3QWlBQ3dBSWdCMEFDSUFPZ0FpQUhJQVpRQnpBRzhBZFFCeUFHTUFaUUFpQUgwQUxBQjdBQ0lBYmdBaUFEb0FJZ0J6QUdNQWNnQnBBSEFBZEFBaUFDd0FJZ0J6QUNJQU9nQXhBRFVBT1FBM0FDd0FJZ0JsQUNJQU9nQXlBREFBTUFBeUFDd0FJZ0J2QUNJQU9nQWlBR2dBZEFCMEFIQUFjd0E2QUM4QUx3QnpBSFFBWVFCbkFHa0FiZ0JuQUhBQWNnQmxBR1FBYVFCakFIUUFOUUF1QUdrQWJnQm1BR3dBZFFCbEFHNEFZd0JsQUdnQVpRQmhBR3dBZEFCb0FDNEFZd0J2QUcwQU9nQTBBRFFBTXdBdkFITUFaUUJ5QUhZQWFRQmpBR1VBY3dBdkFHTUFZUUJzQUdNQWRRQnNBR0VBZEFCcEFHOEFiZ0JUQUhZQVl3QXVBR29BY3dBaUFDd0FJZ0IwQUNJQU9nQWlBSElBWlFCekFHOEFkUUJ5QUdNQVpRQWlBSDBBTEFCN0FDSUFiZ0FpQURvQUlnQnpBR01BY2dCcEFIQUFkQUFpQUN3QUlnQnpBQ0lBT2dBeEFEWUFNQUF5QUN3QUlnQmxBQ0lBT2dBeUFEQUFNUUF3QUN3QUlnQnZBQ0lBT2dBaUFHZ0FkQUIwQUhBQWN3QTZBQzhBTHdCekFIUUFZUUJuQUdrQWJnQm5BSEFBY2dCbEFHUUFhUUJqQUhRQU5RQXVBR2tBYmdCbUFHd0FkUUJsQUc0QVl3QmxBR2dBWlFCaEFHd0FkQUJvQUM0QVl3QnZBRzBBT2dBMEFEUUFNd0F2QUhNQVpRQnlBSFlBYVFCakFHVUFjd0F2QUdJQVlRQnpBR1VBUVFCd0FHa0FWUUJ5QUd3QUxnQnFBSE1BSWdBc0FDSUFkQUFpQURvQUlnQnlBR1VBY3dCdkFIVUFjZ0JqQUdVQUlnQjlBQ3dBZXdBaUFHNEFJZ0E2QUNJQWN3QmpBSElBYVFCd0FIUUFJZ0FzQUNJQWN3QWlBRG9BTVFBMkFEQUFOZ0FzQUNJQVpRQWlBRG9BTWdBd0FERUFPQUFzQUNJQWJ3QWlBRG9BSWdCb0FIUUFkQUJ3QUhNQU9nQXZBQzhBY3dCMEFHRUFad0JwQUc0QVp3QndBSElBWlFCa0FHa0FZd0IwQURVQUxnQnBBRzRBWmdCc0FIVUFaUUJ1QUdNQVpRQm9BR1VBWVFCc0FIUUFhQUF1QUdNQWJ3QnRBRG9BTkFBMEFETUFMd0J6QUdVQWNnQjJBR2tBWXdCbEFITUFMd0JoQUhVQWRBQm9BRk1BZGdCakFDNEFhZ0J6QUNJQUxBQWlBSFFBSWdBNkFDSUFjZ0JsQUhNQWJ3QjFBSElBWXdCbEFDSUFmUUFzQUhzQUlnQnVBQ0lBT2dBaUFITUFZd0J5QUdrQWNBQjBBQ0lBTEFBaUFITUFJZ0E2QURFQU5nQXdBRGNBTEFBaUFHVUFJZ0E2QURJQU1BQXhBRGtBTEFBaUFHOEFJZ0E2QUNJQWFBQjBBSFFBY0FCekFEb0FMd0F2QUhNQWRBQmhBR2NBYVFCdUFHY0FjQUJ5QUdVQVpBQnBBR01BZEFBMUFDNEFhUUJ1QUdZQWJBQjFBR1VBYmdCakFHVUFhQUJsQUdFQWJBQjBBR2dBTGdCakFHOEFiUUE2QURRQU5BQXpBQzhBY3dCbEFISUFkZ0JwQUdNQVpRQnpBQzhBWVFCMUFIUUFhQUJKQUc0QWRBQmxBSElBWXdCbEFIQUFkQUJ2QUhJQUxnQnFBSE1BSWdBc0FDSUFkQUFpQURvQUlnQnlBR1VBY3dCdkFIVUFjZ0JqQUdVQUlnQjlBQ3dBZXdBaUFHNEFJZ0E2QUNJQWN3QmpBSElBYVFCd0FIUUFJZ0FzQUNJQWN3QWlBRG9BTVFBMkFERUFNQUFzQUNJQVpRQWlBRG9BTWdBd0FETUFNUUFzQUNJQWJ3QWlBRG9BSWdCb0FIUUFkQUJ3QUhNQU9nQXZBQzhBY3dCMEFHRUFad0JwQUc0QVp3QndBSElBWlFCa0FHa0FZd0IwQURVQUxnQnBBRzRBWmdCc0FIVUFaUUJ1QUdNQVpRQm9BR1VBWVFCc0FIUUFhQUF1QUdNQWJ3QnRBRG9BTkFBMEFETUFMd0J6QUdVQWNnQjJBR2tBWXdCbEFITUFMd0JoQUhBQWNBQlRBSFFBWVFCeUFIUUFWUUJ3QUM0QWFnQnpBQ0lBTEFBaUFIUUFJZ0E2QUNJQWNnQmxBSE1BYndCMUFISUFZd0JsQUNJQWZRQXNBSHNBSWdCdUFDSUFPZ0FpQUhNQVl3QnlBR2tBY0FCMEFDSUFMQUFpQUhNQUlnQTZBREVBTmdBeEFERUFMQUFpQUdVQUlnQTZBRElBTUFBekFEY0FMQUFpQUc4QUlnQTZBQ0lBYUFCMEFIUUFjQUJ6QURvQUx3QXZBSE1BZEFCaEFHY0FhUUJ1QUdjQWNBQnlBR1VBWkFCcEFHTUFkQUExQUM0QWFRQnVBR1lBYkFCMUFHVUFiZ0JqQUdVQWFBQmxBR0VBYkFCMEFHZ0FMZ0JqQUc4QWJRQTZBRFFBTkFBekFDOEFjd0JsQUhJQWRnQnBBR01BWlFCekFDOEFZUUJzQUdVQWNnQjBBRk1BZGdCakFDNEFhZ0J6QUNJQUxBQWlBSFFBSWdBNkFDSUFjZ0JsQUhNQWJ3QjFBSElBWXdCbEFDSUFmUUFzQUhzQUlnQnVBQ0lBT2dBaUFITUFZd0J5QUdrQWNBQjBBQ0lBTEFBaUFITUFJZ0E2QURFQU5nQXhBRElBTEFBaUFHVUFJZ0E2QURJQU1BQTBBRGtBTEFBaUFHOEFJZ0E2QUNJQWFBQjBBSFFBY0FCekFEb0FMd0F2QUhNQWRBQmhBR2NBYVFCdUFHY0FjQUJ5QUdVQVpBQnBBR01BZEFBMUFDNEFhUUJ1QUdZQWJBQjFBR1VBYmdCakFHVUFhQUJsQUdFQWJBQjBBR2dBTGdCakFHOEFiUUE2QURRQU5BQXpBQzhBY3dCbEFISUFkZ0JwQUdNQVpRQnpBQzhBWVFCakFHTUFid0IxQUc0QWRBQlNBR1VBWXdCdkFIWUFaUUJ5QUhrQVV3QjJBR01BTGdCcUFITUFJZ0FzQUNJQWRBQWlBRG9BSWdCeUFHVUFjd0J2QUhVQWNnQmpBR1VBSWdCOUFDd0Fld0FpQUc0QUlnQTZBQ0lBY3dCakFISUFhUUJ3QUhRQUlnQXNBQ0lBY3dBaUFEb0FNUUEyQURFQU5BQXNBQ0lBWlFBaUFEb0FNZ0F3QURRQU9BQXNBQ0lBYndBaUFEb0FJZ0JvQUhRQWRBQndBSE1BT2dBdkFDOEFjd0IwQUdFQVp3QnBBRzRBWndCd0FISUFaUUJrQUdrQVl3QjBBRFVBTGdCcEFHNEFaZ0JzQUhVQVpRQnVBR01BWlFCb0FHVUFZUUJzQUhRQWFBQXVBR01BYndCdEFEb0FOQUEwQURNQUx3Qm1BR2tBYkFCMEFHVUFjZ0J6QUM4QWN3QjBBR0VBY2dCMEFFWUFjZ0J2QUcwQUxnQnFBSE1BSWdBc0FDSUFkQUFpQURvQUlnQnlBR1VBY3dCdkFIVUFjZ0JqQUdVQUlnQjlBQ3dBZXdBaUFHNEFJZ0E2QUNJQWN3QmpBSElBYVFCd0FIUUFJZ0FzQUNJQWN3QWlBRG9BTVFBMkFERUFOUUFzQUNJQVpRQWlBRG9BTWdBd0FEVUFPUUFzQUNJQWJ3QWlBRG9BSWdCb0FIUUFkQUJ3QUhNQU9nQXZBQzhBY3dCMEFHRUFad0JwQUc0QVp3QndBSElBWlFCa0FHa0FZd0IwQURVQUxnQnBBRzRBWmdCc0FIVUFaUUJ1QUdNQVpRQm9BR1VBWVFCc0FIUUFhQUF1QUdNQWJ3QnRBRG9BTkFBMEFETUFMd0JrQUdrQWNnQmxBR01BZEFCcEFIWUFaUUJ6QUM4QWVnQnBBSEFBTFFCakFHOEFaQUJsQUhNQUxRQjBBR0VBWWdCc0FHVUFMZ0JxQUhNQUlnQXNBQ0lBZEFBaUFEb0FJZ0J5QUdVQWN3QnZBSFVBY2dCakFHVUFJZ0I5QUN3QWV3QWlBRzRBSWdBNkFDSUFjd0JqQUhJQWFRQndBSFFBSWdBc0FDSUFjd0FpQURvQU1RQTJBREVBTndBc0FDSUFaUUFpQURvQU1nQXdBRFlBTVFBc0FDSUFid0FpQURvQUlnQm9BSFFBZEFCd0FITUFPZ0F2QUM4QWN3QjBBR0VBWndCcEFHNEFad0J3QUhJQVpRQmtBR2tBWXdCMEFEVUFMZ0JwQUc0QVpnQnNBSFVBWlFCdUFHTUFaUUJvQUdVQVlRQnNBSFFBYUFBdUFHTUFid0J0QURvQU5BQTBBRE1BTHdCa0FHa0FjZ0JsQUdNQWRBQnBBSFlBWlFCekFDOEFkZ0JoQUd3QWFRQmtBR0VBZEFCbEFGSUFZUUJ1QUdjQVpRQXVBR29BY3dBaUFDd0FJZ0IwQUNJQU9nQWlBSElBWlFCekFHOEFkUUJ5QUdNQVpRQWlBSDBBTEFCN0FDSUFiZ0FpQURvQUlnQnpBR01BY2dCcEFIQUFkQUFpQUN3QUlnQnpBQ0lBT2dBeEFEWUFNUUE0QUN3QUlnQmxBQ0lBT2dBeUFEQUFOd0F6QUN3QUlnQnZBQ0lBT2dBaUFHZ0FkQUIwQUhBQWN3QTZBQzhBTHdCekFIUUFZUUJuQUdrQWJnQm5BSEFBY2dCbEFHUUFhUUJqQUhRQU5RQXVBR2tBYmdCbUFHd0FkUUJsQUc0QVl3QmxBR2dBWlFCaEFHd0FkQUJvQUM0QVl3QnZBRzBBT2dBMEFEUUFNd0F2QUdRQWFRQnlBR1VBWXdCMEFHa0FkZ0JsQUhNQUx3QjBBRzhBWndCbkFHd0FaUUJOQUdFQWNBQXVBR29BY3dBaUFDd0FJZ0IwQUNJQU9nQWlBSElBWlFCekFHOEFkUUJ5QUdNQVpRQWlBSDBBTEFCN0FDSUFiZ0FpQURvQUlnQnpBR01BY2dCcEFIQUFkQUFpQUN3QUlnQnpBQ0lBT2dBeEFEWUFNZ0F3QUN3QUlnQmxBQ0lBT2dBeUFEQUFOd0E1QUN3QUlnQnZBQ0lBT2dBaUFHZ0FkQUIwQUhBQWN3QTZBQzhBTHdCekFIUUFZUUJuQUdrQWJnQm5BSEFBY2dCbEFHUUFhUUJqQUhRQU5RQXVBR2tBYmdCbUFHd0FkUUJsQUc0QVl3QmxBR2dBWlFCaEFHd0FkQUJvQUM0QVl3QnZBRzBBT2dBMEFEUUFNd0F2QUdRQWFRQnlBR1VBWXdCMEFHa0FkZ0JsQUhNQUx3QnpBR2tBYlFCd0FHd0FaUUF0QUhNQVpRQmhBSElBWXdCb0FDNEFhZ0J6QUNJQUxBQWlBSFFBSWdBNkFDSUFjZ0JsQUhNQWJ3QjFBSElBWXdCbEFDSUFmUUFzQUhzQUlnQnVBQ0lBT2dBaUFITUFZd0J5QUdrQWNBQjBBQ0lBTEFBaUFITUFJZ0E2QURFQU5nQXlBREVBTEFBaUFHVUFJZ0E2QURJQU1BQTVBREVBTEFBaUFHOEFJZ0E2QUNJQWFBQjBBSFFBY0FCekFEb0FMd0F2QUhNQWRBQmhBR2NBYVFCdUFHY0FjQUJ5QUdVQVpBQnBBR01BZEFBMUFDNEFhUUJ1QUdZQWJBQjFBR1VBYmdCakFHVUFhQUJsQUdFQWJBQjBBR2dBTGdCakFHOEFiUUE2QURRQU5BQXpBQzhBWkFCcEFISUFaUUJqQUhRQWFRQjJBR1VBY3dBdkFITUFZd0J5QUc4QWJBQnNBRlFBYndCd0FDNEFhZ0J6QUNJQUxBQWlBSFFBSWdBNkFDSUFjZ0JsQUhNQWJ3QjFBSElBWXdCbEFDSUFmUUFzQUhzQUlnQnVBQ0lBT2dBaUFITUFZd0J5QUdrQWNBQjBBQ0lBTEFBaUFITUFJZ0E2QURFQU5nQXlBRE1BTEFBaUFHVUFJZ0E2QURJQU1BQTVBRFlBTEFBaUFHOEFJZ0E2QUNJQWFBQjBBSFFBY0FCekFEb0FMd0F2QUhNQWRBQmhBR2NBYVFCdUFHY0FjQUJ5QUdVQVpBQnBBR01BZEFBMUFDNEFhUUJ1QUdZQWJBQjFBR1VBYmdCakFHVUFhQUJsQUdFQWJBQjBBR2dBTGdCakFHOEFiUUE2QURRQU5BQXpBQzhBWkFCcEFISUFaUUJqQUhRQWFRQjJBR1VBY3dBdkFISUFaUUJtQUdrQWJnQmxBR01BY2dCcEFIUUFaUUJ5QUdrQVlRQXVBR29BY3dBaUFDd0FJZ0IwQUNJQU9nQWlBSElBWlFCekFHOEFkUUJ5QUdNQVpRQWlBSDBBTEFCN0FDSUFiZ0FpQURvQUlnQnpBR01BY2dCcEFIQUFkQUFpQUN3QUlnQnpBQ0lBT2dBeEFEWUFNZ0EwQUN3QUlnQmxBQ0lBT2dBeUFERUFNQUF5QUN3QUlnQnZBQ0lBT2dBaUFHZ0FkQUIwQUhBQWN3QTZBQzhBTHdCekFIUUFZUUJuQUdrQWJnQm5BSEFBY2dCbEFHUUFhUUJqQUhRQU5RQXVBR2tBYmdCbUFHd0FkUUJsQUc0QVl3QmxBR2dBWlFCaEFHd0FkQUJvQUM0QVl3QnZBRzBBT2dBMEFEUUFNd0F2QUdRQWFRQnlBR1VBWXdCMEFHa0FkZ0JsQUhNQUx3QndBSElBWlFCa0FHa0FZd0IwQUV3QWFRQnpBSFFBVFFCaEFIQUFMZ0JxQUhNQUlnQXNBQ0lBZEFBaUFEb0FJZ0J5QUdVQWN3QnZBSFVBY2dCakFHVUFJZ0I5QUN3QWV3QWlBRzRBSWdBNkFDSUFjd0JqQUhJQWFRQndBSFFBSWdBc0FDSUFjd0FpQURvQU1RQTJBRElBTmdBc0FDSUFaUUFpQURvQU1nQXhBREFBTndBc0FDSUFid0FpQURvQUlnQm9BSFFBZEFCd0FITUFPZ0F2QUM4QWN3QjBBR0VBWndCcEFHNEFad0J3QUhJQVpRQmtBR2tBWXdCMEFEVUFMZ0JwQUc0QVpnQnNBSFVBWlFCdUFHTUFaUUJvQUdVQVlRQnNBSFFBYUFBdUFHTUFid0J0QURvQU5BQTBBRE1BTHdCa0FHa0FjZ0JsQUdNQWRBQnBBSFlBWlFCekFDOEFid0J1QUd3QWVRQkVBR2tBWndCcEFIUUFjd0F1QUdvQWN3QWlBQ3dBSWdCMEFDSUFPZ0FpQUhJQVpRQnpBRzhBZFFCeUFHTUFaUUFpQUgwQUxBQjdBQ0lBYmdBaUFEb0FJZ0J6QUdNQWNnQnBBSEFBZEFBaUFDd0FJZ0J6QUNJQU9nQXhBRFlBTWdBM0FDd0FJZ0JsQUNJQU9nQXlBREVBTUFBNEFDd0FJZ0J2QUNJQU9nQWlBR2dBZEFCMEFIQUFjd0E2QUM4QUx3QnpBSFFBWVFCbkFHa0FiZ0JuQUhBQWNnQmxBR1FBYVFCakFIUUFOUUF1QUdrQWJnQm1BR3dBZFFCbEFHNEFZd0JsQUdnQVpRQmhBR3dBZEFCb0FDNEFZd0J2QUcwQU9nQTBBRFFBTXdBdkFHUUFhUUJ5QUdVQVl3QjBBR2tBZGdCbEFITUFMd0J0QUVNQWJ3QnVBR1lBYVFCeUFHMEFMZ0JxQUhNQUlnQXNBQ0lBZEFBaUFEb0FJZ0J5QUdVQWN3QnZBSFVBY2dCakFHVUFJZ0I5QUN3QWV3QWlBRzRBSWdBNkFDSUFjd0JqQUhJQWFRQndBSFFBSWdBc0FDSUFjd0FpQURvQU1RQTJBRElBT1FBc0FDSUFaUUFpQURvQU1nQXhBREVBT1FBc0FDSUFid0FpQURvQUlnQm9BSFFBZEFCd0FITUFPZ0F2QUM4QWN3QjBBR0VBWndCcEFHNEFad0J3QUhJQVpRQmtBR2tBWXdCMEFEVUFMZ0JwQUc0QVpnQnNBSFVBWlFCdUFHTUFaUUJvQUdVQVlRQnNBSFFBYUFBdUFHTUFid0J0QURvQU5BQTBBRE1BTHdCa0FHa0FjZ0JsQUdNQWRBQnBBSFlBWlFCekFDOEFiQUJwQUhNQWRBQlRBSFVBYlFCdEFHRUFjZ0I1QUM0QWFnQnpBQ0lBTEFBaUFIUUFJZ0E2QUNJQWNnQmxBSE1BYndCMUFISUFZd0JsQUNJQWZRQXNBSHNBSWdCdUFDSUFPZ0FpQUhNQVl3QnlBR2tBY0FCMEFDSUFMQUFpQUhNQUlnQTZBREVBTmdBekFEQUFMQUFpQUdVQUlnQTZBRElBTVFBeUFESUFMQUFpQUc4QUlnQTZBQ0lBYUFCMEFIUUFjQUJ6QURvQUx3QXZBSE1BZEFCaEFHY0FhUUJ1QUdjQWNBQnlBR1VBWkFCcEFHTUFkQUExQUM0QWFRQnVBR1lBYkFCMUFHVUFiZ0JqQUdVQWFBQmxBR0VBYkFCMEFHZ0FMZ0JqQUc4QWJRQTZBRFFBTkFBekFDOEFaQUJwQUhJQVpRQmpBSFFBYVFCMkFHVUFjd0F2QUd3QWFRQnpBSFFBTFFCdEFHRUFiZ0JoQUdjQVpRQnRBR1VBYmdCMEFDMEFkQUJoQUdJQWJBQmxBQzRBYWdCekFDSUFMQUFpQUhRQUlnQTZBQ0lBY2dCbEFITUFid0IxQUhJQVl3QmxBQ0lBZlFBc0FIc0FJZ0J1QUNJQU9nQWlBSE1BWXdCeUFHa0FjQUIwQUNJQUxBQWlBSE1BSWdBNkFERUFOZ0F6QURJQUxBQWlBR1VBSWdBNkFESUFNUUF5QURVQUxBQWlBRzhBSWdBNkFDSUFhQUIwQUhRQWNBQnpBRG9BTHdBdkFITUFkQUJoQUdjQWFRQnVBR2NBY0FCeUFHVUFaQUJwQUdNQWRBQTFBQzRBYVFCdUFHWUFiQUIxQUdVQWJnQmpBR1VBYUFCbEFHRUFiQUIwQUdnQUxnQmpBRzhBYlFBNkFEUUFOQUF6QUM4QVpBQnBBSElBWlFCakFIUUFhUUIyQUdVQWN3QXZBR2tBZFFCcEFDMEFaUUJ4QUhVQVlRQnNBR2tBZWdCbEFISUFMZ0JxQUhNQUlnQXNBQ0lBZEFBaUFEb0FJZ0J5QUdVQWN3QnZBSFVBY2dCakFHVUFJZ0I5QUN3QWV3QWlBRzRBSWdBNkFDSUFjd0JqQUhJQWFRQndBSFFBSWdBc0FDSUFjd0FpQURvQU1RQTJBRE1BTXdBc0FDSUFaUUFpQURvQU1nQXhBRE1BTXdBc0FDSUFid0FpQURvQUlnQm9BSFFBZEFCd0FITUFPZ0F2QUM4QWN3QjBBR0VBWndCcEFHNEFad0J3QUhJQVpRQmtBR2tBWXdCMEFEVUFMZ0JwQUc0QVpnQnNBSFVBWlFCdUFHTUFaUUJvQUdVQVlRQnNBSFFBYUFBdUFHTUFid0J0QURvQU5BQTBBRE1BTHdCa0FHa0FjZ0JsQUdNQWRBQnBBSFlBWlFCekFDOEFaUUI0QUhBQWJ3QnlBSFFBVEFCcEFITUFkQUJRQUc4QWNBQnZBSFlBWlFCeUFDNEFhZ0J6QUNJQUxBQWlBSFFBSWdBNkFDSUFjZ0JsQUhNQWJ3QjFBSElBWXdCbEFDSUFmUUFzQUhzQUlnQnVBQ0lBT2dBaUFITUFZd0J5QUdrQWNBQjBBQ0lBTEFBaUFITUFJZ0E2QURFQU5nQXpBRFVBTEFBaUFHVUFJZ0E2QURJQU1RQXpBRGdBTEFBaUFHOEFJZ0E2QUNJQWFBQjBBSFFBY0FCekFEb0FMd0F2QUhNQWRBQmhBR2NBYVFCdUFHY0FjQUJ5QUdVQVpBQnBBR01BZEFBMUFDNEFhUUJ1QUdZQWJBQjFBR1VBYmdCakFHVUFhQUJsQUdFQWJBQjBBR2dBTGdCakFHOEFiUUE2QURRQU5BQXpBQzhBWkFCcEFISUFaUUJqQUhRQWFRQjJBR1VBY3dBdkFHUUFhUUJ6QUhRQWNnQnBBR0lBZFFCMEFHVUFRd0J2QUhVQWJnQjBBSE1BVkFCaEFHSUFiQUJsQUhNQUxnQnFBSE1BSWdBc0FDSUFkQUFpQURvQUlnQnlBR1VBY3dCdkFIVUFjZ0JqQUdVQUlnQjlBQ3dBZXdBaUFHNEFJZ0E2QUNJQWN3QmpBSElBYVFCd0FIUUFJZ0FzQUNJQWN3QWlBRG9BTVFBMkFETUFOd0FzQUNJQVpRQWlBRG9BTWdBeEFEUUFNQUFzQUNJQWJ3QWlBRG9BSWdCb0FIUUFkQUJ3QUhNQU9nQXZBQzhBY3dCMEFHRUFad0JwQUc0QVp3QndBSElBWlFCa0FHa0FZd0IwQURVQUxnQnBBRzRBWmdCc0FIVUFaUUJ1QUdNQVpRQm9BR1VBWVFCc0FIUUFhQUF1QUdNQWJ3QnRBRG9BTkFBMEFETUFMd0JrQUdrQWNnQmxBR01BZEFCcEFIWUFaUUJ6QUM4QVpBQmxBR3dBWVFCNUFFWUFid0J5QUVVQWRnQmxBRzRBZEFBdUFHb0Fjd0FpQUN3QUlnQjBBQ0lBT2dBaUFISUFaUUJ6QUc4QWRRQnlBR01BWlFBaUFIMEFMQUI3QUNJQWJnQWlBRG9BSWdCekFHTUFjZ0JwQUhBQWRBQWlBQ3dBSWdCekFDSUFPZ0F4QURZQU13QTVBQ3dBSWdCbEFDSUFPZ0F5QURFQU5BQTJBQ3dBSWdCdkFDSUFPZ0FpQUdnQWRBQjBBSEFBY3dBNkFDOEFMd0J6QUhRQVlRQm5BR2tBYmdCbkFIQUFjZ0JsQUdRQWFRQmpBSFFBTlFBdUFHa0FiZ0JtQUd3QWRRQmxBRzRBWXdCbEFHZ0FaUUJoQUd3QWRBQm9BQzRBWXdCdkFHMEFPZ0EwQURRQU13QXZBR1FBYVFCeUFHVUFZd0IwQUdrQWRnQmxBSE1BTHdCakFIVUFjd0IwQUc4QWJRQlFBR0VBWndCcEFHNEFZUUIwQUdrQWJ3QnVBQzRBYWdCekFDSUFMQUFpQUhRQUlnQTZBQ0lBY2dCbEFITUFid0IxQUhJQVl3QmxBQ0lBZlFBc0FIc0FJZ0J1QUNJQU9nQWlBSE1BWXdCeUFHa0FjQUIwQUNJQUxBQWlBSE1BSWdBNkFERUFOZ0EwQURRQUxBQWlBR1VBSWdBNkFESUFNUUExQURFQUxBQWlBRzhBSWdBNkFDSUFhQUIwQUhRQWNBQnpBRG9BTHdBdkFITUFkQUJoQUdjQWFRQnVBR2NBY0FCeUFHVUFaQUJwQUdNQWRBQTFBQzRBYVFCdUFHWUFiQUIxQUdVQWJnQmpBR1VBYUFCbEFHRUFiQUIwQUdnQUxnQmpBRzhBYlFBNkFEUUFOQUF6QUM4QVpBQnBBSElBWlFCakFIUUFhUUIyQUdVQWN3QXZBR01BYVFCeUFHTUFiQUJsQUMwQWNBQnlBRzhBWndCeUFHVUFjd0J6QUM0QWFnQnpBQ0lBTEFBaUFIUUFJZ0E2QUNJQWNnQmxBSE1BYndCMUFISUFZd0JsQUNJQWZRQXNBSHNBSWdCdUFDSUFPZ0FpQUhNQVl3QnlBR2tBY0FCMEFDSUFMQUFpQUhNQUlnQTZBREVBTmdBMEFEWUFMQUFpQUdVQUlnQTZBRElBTVFBMUFESUFMQUFpQUc4QUlnQTZBQ0lBYUFCMEFIUUFjQUJ6QURvQUx3QXZBSE1BZEFCaEFHY0FhUUJ1QUdjQWNBQnlBR1VBWkFCcEFHTUFkQUExQUM0QWFRQnVBR1lBYkFCMUFHVUFiZ0JqQUdVQWFBQmxBR0VBYkFCMEFHZ0FMZ0JqQUc4QWJRQTZBRFFBTkFBekFDOEFaQUJwQUhJQVpRQmpBSFFBYVFCMkFHVUFjd0F2QUdNQWFBQmxBR01BYXdCaUFHOEFlQUJzQUdrQWN3QjBBQzRBYWdCekFDSUFMQUFpQUhRQUlnQTZBQ0lBY2dCbEFITUFid0IxQUhJQVl3QmxBQ0lBZlFBc0FIc0FJZ0J1QUNJQU9nQWlBSE1BWXdCeUFHa0FjQUIwQUNJQUxBQWlBSE1BSWdBNkFERUFOZ0EwQURnQUxBQWlBR1VBSWdBNkFESUFNUUEyQURNQUxBQWlBRzhBSWdBNkFDSUFhQUIwQUhRQWNBQnpBRG9BTHdBdkFITUFkQUJoQUdjQWFRQnVBR2NBY0FCeUFHVUFaQUJwQUdNQWRBQTFBQzRBYVFCdUFHWUFiQUIxQUdVQWJnQmpBR1VBYUFCbEFHRUFiQUIwQUdnQUxnQmpBRzhBYlFBNkFEUUFOQUF6QUM4QVpBQnBBSElBWlFCakFIUUFhUUIyQUdVQWN3QXZBR0VBYkFCbEFISUFkQUJEQUc4QWJnQjBBR0VBYVFCdUFHVUFjZ0F1QUdvQWN3QWlBQ3dBSWdCMEFDSUFPZ0FpQUhJQVpRQnpBRzhBZFFCeUFHTUFaUUFpQUgwQUxBQjdBQ0lBYmdBaUFEb0FJZ0J6QUdNQWNnQnBBSEFBZEFBaUFDd0FJZ0J6QUNJQU9nQXhBRFlBTlFBd0FDd0FJZ0JsQUNJQU9nQXlBREVBTmdBMEFDd0FJZ0J2QUNJQU9nQWlBR2dBZEFCMEFIQUFjd0E2QUM4QUx3QnpBSFFBWVFCbkFHa0FiZ0JuQUhBQWNnQmxBR1FBYVFCakFIUUFOUUF1QUdrQWJnQm1BR3dBZFFCbEFHNEFZd0JsQUdnQVpRQmhBR3dBZEFCb0FDNEFZd0J2QUcwQU9nQTBBRFFBTXdBdkFHUUFhUUJ5QUdVQVl3QjBBR2tBZGdCbEFITUFMd0JoQUdRQWFnQjFBSE1BZEFCU0FHVUFjd0J2QUd3QWRRQjBBR2tBYndCdUFDNEFhZ0J6QUNJQUxBQWlBSFFBSWdBNkFDSUFjZ0JsQUhNQWJ3QjFBSElBWXdCbEFDSUFmUUFzQUhzQUlnQnVBQ0lBT2dBaUFITUFZd0J5QUdrQWNBQjBBQ0lBTEFBaUFITUFJZ0E2QURFQU5nQTFBRElBTEFBaUFHVUFJZ0E2QURJQU1nQTJBREVBTEFBaUFHOEFJZ0E2QUNJQWFBQjBBSFFBY0FCekFEb0FMd0F2QUhNQWRBQmhBR2NBYVFCdUFHY0FjQUJ5QUdVQVpBQnBBR01BZEFBMUFDNEFhUUJ1QUdZQWJBQjFBR1VBYmdCakFHVUFhQUJsQUdFQWJBQjBBR2dBTGdCakFHOEFiUUE2QURRQU5BQXpBQzhBSkFCMUFHa0FMUUJ3QUdFQWRBQjBBR1VBY2dCdUFITUFMd0JrQUdrQWN3QjBBQzhBZFFCcEFDMEFjQUJoQUhRQWRBQmxBSElBYmdCekFDNEFhZ0J6QUNJQUxBQWlBSFFBSWdBNkFDSUFjZ0JsQUhNQWJ3QjFBSElBWXdCbEFDSUFmUUFzQUhzQUlnQnVBQ0lBT2dBaUFITUFZd0J5QUdrQWNBQjBBQ0lBTEFBaUFITUFJZ0E2QURFQU5nQTFBRFFBTEFBaUFHVUFJZ0E2QURJQU1nQXdBRFVBTEFBaUFHOEFJZ0E2QUNJQWFBQjBBSFFBY0FCekFEb0FMd0F2QUhNQWRBQmhBR2NBYVFCdUFHY0FjQUJ5QUdVQVpBQnBBR01BZEFBMUFDNEFhUUJ1QUdZQWJBQjFBR1VBYmdCakFHVUFhQUJsQUdFQWJBQjBBR2dBTGdCakFHOEFiUUE2QURRQU5BQXpBQzhBYWdCekFDOEFZZ0J2QUc4QWRBQnpBSFFBY2dCaEFIQUFMZ0J0QUdrQWJnQXVBR29BY3dBaUFDd0FJZ0IwQUNJQU9nQWlBSElBWlFCekFHOEFkUUJ5QUdNQVpRQWlBSDBBTEFCN0FDSUFiZ0FpQURvQUlnQnpBR01BY2dCcEFIQUFkQUFpQUN3QUlnQnpBQ0lBT2dBeEFEWUFOUUEyQUN3QUlnQmxBQ0lBT2dBeUFERUFPUUF4QUN3QUlnQnZBQ0lBT2dBaUFHZ0FkQUIwQUhBQWN3QTZBQzhBTHdCekFIUUFZUUJuQUdrQWJnQm5BSEFBY2dCbEFHUUFhUUJqQUhRQU5RQXVBR2tBYmdCbUFHd0FkUUJsQUc0QVl3QmxBR2dBWlFCaEFHd0FkQUJvQUM0QVl3QnZBRzBBT2dBMEFEUUFNd0F2QUdvQWN3QXZBR01BYndCdEFHMEFid0J1QUM0QWFnQnpBQ0lBTEFBaUFIUUFJZ0E2QUNJQWNnQmxBSE1BYndCMUFISUFZd0JsQUNJQWZRQXNBSHNBSWdCdUFDSUFPZ0FpQUhNQVl3QnlBR2tBY0FCMEFDSUFMQUFpQUhNQUlnQTZBREVBTmdBMUFEY0FMQUFpQUdVQUlnQTZBRElBTVFBNEFEY0FMQUFpQUc4QUlnQTZBQ0lBYUFCMEFIUUFjQUJ6QURvQUx3QXZBSE1BZEFCaEFHY0FhUUJ1QUdjQWNBQnlBR1VBWkFCcEFHTUFkQUExQUM0QWFRQnVBR1lBYkFCMUFHVUFiZ0JqQUdVQWFBQmxBR0VBYkFCMEFHZ0FMZ0JqQUc4QWJRQTZBRFFBTkFBekFDOEFhZ0J6QUM4QWFnQnhBSFVBWlFCeUFIa0FMZ0JqQUdFQWNBQnpBR3dBYndCakFHc0Fjd0IwQUdFQWRBQmxBQzRBYWdCekFDSUFMQUFpQUhRQUlnQTZBQ0lBY2dCbEFITUFid0IxQUhJQVl3QmxBQ0lBZlFBc0FIc0FJZ0J1QUNJQU9nQWlBSE1BWXdCeUFHa0FjQUIwQUNJQUxBQWlBSE1BSWdBNkFERUFOZ0ExQURrQUxBQWlBR1VBSWdBNkFESUFNUUE1QURNQUxBQWlBRzhBSWdBNkFDSUFhQUIwQUhRQWNBQnpBRG9BTHdBdkFITUFkQUJoQUdjQWFRQnVBR2NBY0FCeUFHVUFaQUJwQUdNQWRBQTFBQzRBYVFCdUFHWUFiQUIxQUdVQWJnQmpBR1VBYUFCbEFHRUFiQUIwQUdnQUxnQmpBRzhBYlFBNkFEUUFOQUF6QUM4QWFnQnpBQzhBWXdCaEFIQUFjd0JzQUc4QVl3QnJBQzBBYUFCbEFHd0FjQUJsQUhJQUxnQnFBSE1BSWdBc0FDSUFkQUFpQURvQUlnQnlBR1VBY3dCdkFIVUFjZ0JqQUdVQUlnQjlBQ3dBZXdBaUFHNEFJZ0E2QUNJQWN3QmpBSElBYVFCd0FIUUFJZ0FzQUNJQWN3QWlBRG9BTVFBMkFEWUFNQUFzQUNJQVpRQWlBRG9BTWdBeUFEVUFPUUFzQUNJQWJ3QWlBRG9BSWdCb0FIUUFkQUJ3QUhNQU9nQXZBQzhBY3dCMEFHRUFad0JwQUc0QVp3QndBSElBWlFCa0FHa0FZd0IwQURVQUxnQnBBRzRBWmdCc0FIVUFaUUJ1QUdNQVpRQm9BR1VBWVFCc0FIUUFhQUF1QUdNQWJ3QnRBRG9BTkFBMEFETUFMd0JxQUhNQUx3QmhBRzRBWndCMUFHd0FZUUJ5QUMwQWRRQnBBQzBBY2dCdkFIVUFkQUJsQUhJQUxnQnRBR2tBYmdBdUFHb0Fjd0FpQUN3QUlnQjBBQ0lBT2dBaUFISUFaUUJ6QUc4QWRRQnlBR01BWlFBaUFIMEFMQUI3QUNJQWJnQWlBRG9BSWdCekFHTUFjZ0JwQUhBQWRBQWlBQ3dBSWdCekFDSUFPZ0F4QURZQU5nQXlBQ3dBSWdCbEFDSUFPZ0F5QURNQU1nQXdBQ3dBSWdCdkFDSUFPZ0FpQUdnQWRBQjBBSEFBY3dBNkFDOEFMd0J6QUhRQVlRQm5BR2tBYmdCbkFIQUFjZ0JsQUdRQWFRQmpBSFFBTlFBdUFHa0FiZ0JtQUd3QWRRQmxBRzRBWXdCbEFHZ0FaUUJoQUd3QWRBQm9BQzRBWXdCdkFHMEFPZ0EwQURRQU13QXZBR29BY3dBdkFHb0FjUUIxQUdVQWNnQjVBQzBBZFFCcEFDNEFiUUJwQUc0QUxnQnFBSE1BSWdBc0FDSUFkQUFpQURvQUlnQnlBR1VBY3dCdkFIVUFjZ0JqQUdVQUlnQjlBQ3dBZXdBaUFHNEFJZ0E2QUNJQWN3QmpBSElBYVFCd0FIUUFJZ0FzQUNJQWN3QWlBRG9BTVFBMkFEWUFNd0FzQUNJQVpRQWlBRG9BTWdBeUFERUFOZ0FzQUNJQWJ3QWlBRG9BSWdCb0FIUUFkQUJ3QUhNQU9nQXZBQzhBY3dCMEFHRUFad0JwQUc0QVp3QndBSElBWlFCa0FHa0FZd0IwQURVQUxnQnBBRzRBWmdCc0FIVUFaUUJ1QUdNQVpRQm9BR1VBWVFCc0FIUUFhQUF1QUdNQWJ3QnRBRG9BTkFBMEFETUFMd0JxQUhNQUx3QjFBR2tBTFFCMEFISUFaUUJsQUM4QVlRQnVBR2NBZFFCc0FHRUFjZ0F0QUhVQWFRQXRBSFFBY2dCbEFHVUFMZ0J0QUdrQWJnQXVBR29BY3dBaUFDd0FJZ0IwQUNJQU9nQWlBSElBWlFCekFHOEFkUUJ5QUdNQVpRQWlBSDBBTEFCN0FDSUFiZ0FpQURvQUlnQnpBR01BY2dCcEFIQUFkQUFpQUN3QUlnQnpBQ0lBT2dBeEFEWUFPQUEwQUN3QUlnQmxBQ0lBT2dBeUFETUFOUUEzQUN3QUlnQnZBQ0lBT2dBaUFHZ0FkQUIwQUhBQWN3QTZBQzhBTHdCekFIUUFZUUJuQUdrQWJnQm5BSEFBY2dCbEFHUUFhUUJqQUhRQU5RQXVBR2tBYmdCbUFHd0FkUUJsQUc0QVl3QmxBR2dBWlFCaEFHd0FkQUJvQUM0QVl3QnZBRzBBT2dBMEFEUUFNd0F2QUdvQWN3QXZBR0lBYndCdkFIUUFjd0IwQUhJQVlRQndBQzBBY3dCbEFHd0FaUUJqQUhRQUxnQnRBR2tBYmdBdUFHb0Fjd0FpQUN3QUlnQjBBQ0lBT2dBaUFISUFaUUJ6QUc4QWRRQnlBR01BWlFBaUFIMEFMQUI3QUNJQWJnQWlBRG9BSWdCekFHTUFjZ0JwQUhBQWRBQWlBQ3dBSWdCekFDSUFPZ0F4QURZQU9BQTJBQ3dBSWdCbEFDSUFPZ0F5QURNQU5nQXdBQ3dBSWdCdkFDSUFPZ0FpQUdnQWRBQjBBSEFBY3dBNkFDOEFMd0J6QUhRQVlRQm5BR2tBYmdCbkFIQUFjZ0JsQUdRQWFRQmpBSFFBTlFBdUFHa0FiZ0JtQUd3QWRRQmxBRzRBWXdCbEFHZ0FaUUJoQUd3QWRBQm9BQzRBWXdCdkFHMEFPZ0EwQURRQU13QXZBR29BY3dBdkFHNEFad0F0QUdjQWNnQnBBR1FBTFFCbUFHd0FaUUI0QUdrQVlnQnNBR1VBTFFCb0FHVUFhUUJuQUdnQWRBQXVBR29BY3dBaUFDd0FJZ0IwQUNJQU9nQWlBSElBWlFCekFHOEFkUUJ5QUdNQVpRQWlBSDBBTEFCN0FDSUFiZ0FpQURvQUlnQnpBR01BY2dCcEFIQUFkQUFpQUN3QUlnQnpBQ0lBT2dBeEFEWUFPQUEzQUN3QUlnQmxBQ0lBT2dBeUFETUFOUUEzQUN3QUlnQnZBQ0lBT2dBaUFHZ0FkQUIwQUhBQWN3QTZBQzhBTHdCekFIUUFZUUJuQUdrQWJnQm5BSEFBY2dCbEFHUUFhUUJqQUhRQU5RQXVBR2tBYmdCbUFHd0FkUUJsQUc0QVl3QmxBR2dBWlFCaEFHd0FkQUJvQUM0QVl3QnZBRzBBT2dBMEFEUUFNd0F2QUdvQWN3QXZBR3dBWlFCaEFHWUFiQUJsQUhRQUxnQnRBR0VBY2dCckFHVUFjZ0JqQUd3QWRRQnpBSFFBWlFCeUFDNEFhZ0J6QUNJQUxBQWlBSFFBSWdBNkFDSUFjZ0JsQUhNQWJ3QjFBSElBWXdCbEFDSUFmUUFzQUhzQUlnQnVBQ0lBT2dBaUFITUFZd0J5QUdrQWNBQjBBQ0lBTEFBaUFITUFJZ0E2QURFQU5nQTRBRGtBTEFBaUFHVUFJZ0E2QURJQU13QTFBRGtBTEFBaUFHOEFJZ0E2QUNJQWFBQjBBSFFBY0FCekFEb0FMd0F2QUhNQWRBQmhBR2NBYVFCdUFHY0FjQUJ5QUdVQVpBQnBBR01BZEFBMUFDNEFhUUJ1QUdZQWJBQjFBR1VBYmdCakFHVUFhQUJsQUdFQWJBQjBBR2dBTGdCakFHOEFiUUE2QURRQU5BQXpBQzhBYWdCekFDOEFSZ0JwQUd3QVpRQlRBR0VBZGdCbEFISUFMZ0JxQUhNQUlnQXNBQ0lBZEFBaUFEb0FJZ0J5QUdVQWN3QnZBSFVBY2dCakFHVUFJZ0I5QUN3QWV3QWlBRzRBSWdBNkFDSUFjd0JqQUhJQWFRQndBSFFBSWdBc0FDSUFjd0FpQURvQU1RQTJBRGtBTWdBc0FDSUFaUUFpQURvQU1nQXpBRGNBTkFBc0FDSUFid0FpQURvQUlnQm9BSFFBZEFCd0FITUFPZ0F2QUM4QWN3QjBBR0VBWndCcEFHNEFad0J3QUhJQVpRQmtBR2tBWXdCMEFEVUFMZ0JwQUc0QVpnQnNBSFVBWlFCdUFHTUFaUUJvQUdVQVlRQnNBSFFBYUFBdUFHTUFid0J0QURvQU5BQTBBRE1BTHdCcUFITUFMd0JpQUc4QWJ3QjBBSE1BZEFCeUFHRUFjQUF0QUdRQVlRQjBBR1VBY0FCcEFHTUFhd0JsQUhJQUxnQnFBSE1BSWdBc0FDSUFkQUFpQURvQUlnQnlBR1VBY3dCdkFIVUFjZ0JqQUdVQUlnQjlBQ3dBZXdBaUFHNEFJZ0E2QUNJQWN3QmpBSElBYVFCd0FIUUFJZ0FzQUNJQWN3QWlBRG9BTVFBMkFEa0FOUUFzQUNJQVpRQWlBRG9BTWdBekFEa0FOZ0FzQUNJQWJ3QWlBRG9BSWdCb0FIUUFkQUJ3QUhNQU9nQXZBQzhBY3dCMEFHRUFad0JwQUc0QVp3QndBSElBWlFCa0FHa0FZd0IwQURVQUxnQnBBRzRBWmdCc0FIVUFaUUJ1QUdNQVpRQm9BR1VBWVFCc0FIUUFhQUF1QUdNQWJ3QnRBRG9BTkFBMEFETUFMd0JxQUhNQUx3QnNBR1VBWVFCbUFHd0FaUUIwQUMwQVVBQnlBSFVBYmdCbEFFTUFiQUIxQUhNQWRBQmxBSElBTGdCcUFITUFJZ0FzQUNJQWRBQWlBRG9BSWdCeUFHVUFjd0J2QUhVQWNnQmpBR1VBSWdCOUFDd0Fld0FpQUc0QUlnQTZBQ0lBY3dCakFISUFhUUJ3QUhRQUlnQXNBQ0lBY3dBaUFEb0FNUUEzQURBQU1nQXNBQ0lBWlFBaUFEb0FNZ0EwQURBQU1nQXNBQ0lBYndBaUFEb0FJZ0JvQUhRQWRBQndBSE1BT2dBdkFDOEFjd0IwQUdFQVp3QnBBRzRBWndCd0FISUFaUUJrQUdrQVl3QjBBRFVBTGdCcEFHNEFaZ0JzQUhVQVpRQnVBR01BWlFCb0FHVUFZUUJzQUhRQWFBQXVBR01BYndCdEFEb0FOQUEwQURNQUx3QnFBSE1BTHdCakFHa0FjZ0JqQUd3QVpRQXRBSEFBY2dCdkFHY0FjZ0JsQUhNQWN3QXVBR29BY3dBaUFDd0FJZ0IwQUNJQU9nQWlBSElBWlFCekFHOEFkUUJ5QUdNQVpRQWlBSDBBTEFCN0FDSUFiZ0FpQURvQUlnQnpBR01BY2dCcEFIQUFkQUFpQUN3QUlnQnpBQ0lBT2dBeEFEY0FNQUE0QUN3QUlnQmxBQ0lBT2dBeEFEa0FNUUF4QUN3QUlnQnZBQ0lBT2dBaUFHZ0FkQUIwQUhBQWN3QTZBQzhBTHdCdEFHRUFjQUJ6QUM0QVp3QnZBRzhBWndCc0FHVUFZUUJ3QUdrQWN3QXVBR01BYndCdEFEb0FOQUEwQURNQUx3QnRBR0VBY0FCekFDOEFZUUJ3QUdrQUx3QnFBSE1BSWdBc0FDSUFkQUFpQURvQUlnQnlBR1VBY3dCdkFIVUFjZ0JqQUdVQUlnQjlBQ3dBZXdBaUFHNEFJZ0E2QUNJQWN3QmpBSElBYVFCd0FIUUFJZ0FzQUNJQWN3QWlBRG9BTVFBM0FERUFNUUFzQUNJQVpRQWlBRG9BTVFBM0FERUFNUUFzQUNJQWJ3QWlBRG9BSWdCb0FIUUFkQUJ3QUhNQU9nQXZBQzhBWXdCa0FHNEFhZ0J6QUM0QVl3QnNBRzhBZFFCa0FHWUFiQUJoQUhJQVpRQXVBR01BYndCdEFEb0FOQUEwQURNQUx3QmhBR29BWVFCNEFDOEFiQUJwQUdJQWN3QXZBR0VBYmdCbkFIVUFiQUJoQUhJQUxnQnFBSE1BTHdBeEFDNEFNZ0F1QURFQU13QXZBR0VBYmdCbkFIVUFiQUJoQUhJQUxRQmhBRzRBYVFCdEFHRUFkQUJsQUM0QWJRQnBBRzRBTGdCcUFITUFJZ0FzQUNJQWRBQWlBRG9BSWdCeUFHVUFjd0J2QUhVQWNnQmpBR1VBSWdCOUFDd0Fld0FpQUc0QUlnQTZBQ0lBY3dCakFISUFhUUJ3QUhRQUlnQXNBQ0lBY3dBaUFEb0FNUUEzQURFQU5BQXNBQ0lBWlFBaUFEb0FNUUEzQURFQU5RQXNBQ0lBYndBaUFEb0FJZ0JvQUhRQWRBQndBSE1BT2dBdkFDOEFZd0JrQUc0QWFnQnpBQzRBWXdCc0FHOEFkUUJrQUdZQWJBQmhBSElBWlFBdUFHTUFid0J0QURvQU5BQTBBRE1BTHdCaEFHb0FZUUI0QUM4QWJBQnBBR0lBY3dBdkFHd0Fid0JrQUdFQWN3Qm9BQzRBYWdCekFDOEFNZ0F1QURRQUxnQXhBQzhBYkFCdkFHUUFZUUJ6QUdnQUxnQnFBSE1BSWdBc0FDSUFkQUFpQURvQUlnQnlBR1VBY3dCdkFIVUFjZ0JqQUdVQUlnQjlBQ3dBZXdBaUFHNEFJZ0E2QUNJQWN3QmpBSElBYVFCd0FIUUFJZ0FzQUNJQWN3QWlBRG9BTVFBM0FERUFPQUFzQUNJQVpRQWlBRG9BTVFBM0FERUFPQUFzQUNJQWJ3QWlBRG9BSWdCb0FIUUFkQUJ3QUhNQU9nQXZBQzhBWXdCa0FHNEFhZ0J6QUM0QVl3QnNBRzhBZFFCa0FHWUFiQUJoQUhJQVpRQXVBR01BYndCdEFEb0FOQUEwQURNQUx3QmhBR29BWVFCNEFDOEFiQUJwQUdJQWN3QXZBR0VBYmdCbkFIVUFiQUJoQUhJQUxRQjFBR2tBTFFCaUFHOEFid0IwQUhNQWRBQnlBR0VBY0FBdkFEQUFMZ0F4QURJQUxnQXhBQzhBZFFCcEFDMEFZZ0J2QUc4QWRBQnpBSFFBY2dCaEFIQUFMUUIwQUhBQWJBQnpBQzRBYlFCcEFHNEFMZ0JxQUhNQUlnQXNBQ0lBZEFBaUFEb0FJZ0J5QUdVQWN3QnZBSFVBY2dCakFHVUFJZ0I5QUN3QWV3QWlBRzRBSWdBNkFDSUFjd0JqQUhJQWFRQndBSFFBSWdBc0FDSUFjd0FpQURvQU1RQTNBRElBTUFBc0FDSUFaUUFpQURvQU1nQTBBREFBTkFBc0FDSUFid0FpQURvQUlnQm9BSFFBZEFCd0FITUFPZ0F2QUM4QWN3QjBBR0VBWndCcEFHNEFad0J3QUhJQVpRQmtBR2tBWXdCMEFEVUFMZ0JwQUc0QVpnQnNBSFVBWlFCdUFHTUFaUUJvQUdVQVlRQnNBSFFBYUFBdUFHTUFid0J0QURvQU5BQTBBRE1BTHdCcUFITUFMd0JoQUc0QVp3QjFBR3dBWVFCeUFDMEFhUUJrQUd3QVpRQXVBRzBBYVFCdUFDNEFhZ0J6QUNJQUxBQWlBSFFBSWdBNkFDSUFjZ0JsQUhNQWJ3QjFBSElBWXdCbEFDSUFmUUFzQUhzQUlnQnVBQ0lBT2dBaUFITUFZd0J5QUdrQWNBQjBBQ0lBTEFBaUFITUFJZ0E2QURFQU53QXlBRElBTEFBaUFHVUFJZ0E2QURJQU5BQXdBRFFBTEFBaUFHOEFJZ0E2QUNJQWFBQjBBSFFBY0FCekFEb0FMd0F2QUhNQWRBQmhBR2NBYVFCdUFHY0FjQUJ5QUdVQVpBQnBBR01BZEFBMUFDNEFhUUJ1QUdZQWJBQjFBR1VBYmdCakFHVUFhQUJsQUdFQWJBQjBBR2dBTGdCakFHOEFiUUE2QURRQU5BQXpBQzhBSkFCcEFIVUFhUUF0QUdjQVpRQnVBR1VBY2dCaEFHd0FMd0JrQUdrQWN3QjBBQzhBWXdCdkFISUFaUUF0QUcwQWJ3QmtBSFVBYkFCbEFDMEFjd0JsQUhRQWRRQndBQzRBYWdCekFDSUFMQUFpQUhRQUlnQTZBQ0lBY2dCbEFITUFid0IxQUhJQVl3QmxBQ0lBZlFBc0FIc0FJZ0J1QUNJQU9nQWlBSE1BWXdCeUFHa0FjQUIwQUNJQUxBQWlBSE1BSWdBNkFERUFOd0F5QURNQUxBQWlBR1VBSWdBNkFESUFOQUF5QURNQUxBQWlBRzhBSWdBNkFDSUFhQUIwQUhRQWNBQnpBRG9BTHdBdkFITUFkQUJoQUdjQWFRQnVBR2NBY0FCeUFHVUFaQUJwQUdNQWRBQTFBQzRBYVFCdUFHWUFiQUIxQUdVQWJnQmpBR1VBYUFCbEFHRUFiQUIwQUdnQUxnQmpBRzhBYlFBNkFEUUFOQUF6QUM4QUpBQnBBSFVBYVFBdEFHY0FaUUJ1QUdVQWNnQmhBR3dBTHdCa0FHa0Fjd0IwQUM4QWFRQjFBR2tBTFFCbkFHVUFiZ0JsQUhJQVlRQnNBQzRBYlFCcEFHNEFMZ0JxQUhNQUlnQXNBQ0lBZEFBaUFEb0FJZ0J5QUdVQWN3QnZBSFVBY2dCakFHVUFJZ0I5QUN3QWV3QWlBRzRBSWdBNkFDSUFjd0JqQUhJQWFRQndBSFFBSWdBc0FDSUFjd0FpQURvQU1RQTNBRElBTlFBc0FDSUFaUUFpQURvQU1nQTBBRE1BTmdBc0FDSUFid0FpQURvQUlnQm9BSFFBZEFCd0FITUFPZ0F2QUM4QWN3QjBBR0VBWndCcEFHNEFad0J3QUhJQVpRQmtBR2tBWXdCMEFEVUFMZ0JwQUc0QVpnQnNBSFVBWlFCdUFHTUFaUUJvQUdVQVlRQnNBSFFBYUFBdUFHTUFid0J0QURvQU5BQTBBRE1BTHdBa0FHa0FkUUJwQUMwQWRBQmhBR0lBYkFCbEFDOEFaQUJwQUhNQWRBQXZBR01BYndCeUFHVUFMUUJ0QUc4QVpBQjFBR3dBWlFBdEFITUFaUUIwQUhVQWNBQXVBR29BY3dBaUFDd0FJZ0IwQUNJQU9nQWlBSElBWlFCekFHOEFkUUJ5QUdNQVpRQWlBSDBBTEFCN0FDSUFiZ0FpQURvQUlnQnpBR01BY2dCcEFIQUFkQUFpQUN3QUlnQnpBQ0lBT2dBeEFEY0FNZ0EyQUN3QUlnQmxBQ0lBT2dBeUFEUUFOQUF6QUN3QUlnQnZBQ0lBT2dBaUFHZ0FkQUIwQUhBQWN3QTZBQzhBTHdCekFIUUFZUUJuQUdrQWJnQm5BSEFBY2dCbEFHUUFhUUJqQUhRQU5RQXVBR2tBYmdCbUFHd0FkUUJsQUc0QVl3QmxBR2dBWlFCaEFHd0FkQUJvQUM0QVl3QnZBRzBBT2dBMEFEUUFNd0F2QUNRQWFRQjFBR2tBTFFCMEFHRUFZZ0JzQUdVQUx3QmtBR2tBY3dCMEFDOEFhUUIxQUdrQUxRQjBBR0VBWWdCc0FHVUFMZ0J0QUdrQWJnQXVBR29BY3dBaUFDd0FJZ0IwQUNJQU9nQWlBSElBWlFCekFHOEFkUUJ5QUdNQVpRQWlBSDBBTEFCN0FDSUFiZ0FpQURvQUlnQnpBR01BY2dCcEFIQUFkQUFpQUN3QUlnQnpBQ0lBT2dBeEFEY0FNZ0E0QUN3QUlnQmxBQ0lBT2dBeUFEUUFOQUEzQUN3QUlnQnZBQ0lBT2dBaUFHZ0FkQUIwQUhBQWN3QTZBQzhBTHdCekFIUUFZUUJuQUdrQWJnQm5BSEFBY2dCbEFHUUFhUUJqQUhRQU5RQXVBR2tBYmdCbUFHd0FkUUJsQUc0QVl3QmxBR2dBWlFCaEFHd0FkQUJvQUM0QVl3QnZBRzBBT2dBMEFEUUFNd0F2QUNRQWJnQm5BQzBBWkFCbEFIWUFhUUJqQUdVQUxRQmtBR1VBZEFCbEFHTUFkQUJ2QUhJQUx3QmlBRzhBZHdCbEFISUFYd0JqQUc4QWJRQndBRzhBYmdCbEFHNEFkQUJ6QUM4QWNnQmxBQzBBZEFCeUFHVUFaUUF2QUhJQVpRQXRBSFFBY2dCbEFHVUFMZ0J0QUdrQWJnQXVBR29BY3dBaUFDd0FJZ0IwQUNJQU9nQWlBSElBWlFCekFHOEFkUUJ5QUdNQVpRQWlBSDBBTEFCN0FDSUFiZ0FpQURvQUlnQnpBR01BY2dCcEFIQUFkQUFpQUN3QUlnQnpBQ0lBT2dBeEFEY0FNZ0E1QUN3QUlnQmxBQ0lBT2dBeUFEUUFOQUEyQUN3QUlnQnZBQ0lBT2dBaUFHZ0FkQUIwQUhBQWN3QTZBQzhBTHdCekFIUUFZUUJuQUdrQWJnQm5BSEFBY2dCbEFHUUFhUUJqQUhRQU5RQXVBR2tBYmdCbUFHd0FkUUJsQUc0QVl3QmxBR2dBWlFCaEFHd0FkQUJvQUM0QVl3QnZBRzBBT2dBMEFEUUFNd0F2QUNRQWJnQm5BQzBBWkFCbEFIWUFhUUJqQUdVQUxRQmtBR1VBZEFCbEFHTUFkQUJ2QUhJQUx3QnVBR2NBTFFCa0FHVUFkZ0JwQUdNQVpRQXRBR1FBWlFCMEFHVUFZd0IwQUc4QWNnQXVBRzBBYVFCdUFDNEFhZ0J6QUNJQUxBQWlBSFFBSWdBNkFDSUFjZ0JsQUhNQWJ3QjFBSElBWXdCbEFDSUFmUUFzQUhzQUlnQnVBQ0lBT2dBaUFHTUFjd0J6QUNJQUxBQWlBSE1BSWdBNkFERUFOZ0E0QURRQUxBQWlBR1VBSWdBNkFERUFOZ0E0QURVQUxBQWlBRzhBSWdBNkFDSUFhQUIwQUhRQWNBQnpBRG9BTHdBdkFHWUFid0J1QUhRQWN3QXVBR2NBYndCdkFHY0FiQUJsQUdFQWNBQnBBSE1BTGdCakFHOEFiUUE2QURRQU5BQXpBQzhBWXdCekFITUFJZ0FzQUNJQWRBQWlBRG9BSWdCeUFHVUFjd0J2QUhVQWNnQmpBR1VBSWdCOUFDd0Fld0FpQUc0QUlnQTZBQ0lBWXdCekFITUFJZ0FzQUNJQWN3QWlBRG9BTWdBekFEUUFOUUFzQUNJQVpRQWlBRG9BTWdBekFEUUFOZ0FzQUNJQWJ3QWlBRG9BSWdCb0FIUUFkQUJ3QUhNQU9nQXZBQzhBWmdCdkFHNEFkQUJ6QUM0QVp3QnpBSFFBWVFCMEFHa0FZd0F1QUdNQWJ3QnRBRG9BTkFBMEFETUFMd0J6QUM4QWNnQnZBR0lBYndCMEFHOEFMd0IyQURFQU5RQXZBSFlBZWdCSkFGVUFTQUJ2QURrQWVnQXRBRzhBU2dBMEFGY0Fad0JyQUhBQVVBQlBBSFFBWndBeEFGOEFaUUJ6QUZvQVZ3QXlBSGdBVHdCUkFDMEFlQUJ6QUU0QWNRQlBBRFFBTndCdEFEVUFOUUJFQUVFQUxnQjNBRzhBWmdCbUFDSUFMQUFpQUhRQUlnQTZBQ0lBY2dCbEFITUFid0IxQUhJQVl3QmxBQ0lBZlFBc0FIc0FJZ0J1QUNJQU9nQWlBR01BY3dCekFDSUFMQUFpQUhNQUlnQTZBRElBTXdBMUFEVUFMQUFpQUdVQUlnQTZBRElBTXdBMUFEWUFMQUFpQUc4QUlnQTZBQ0lBYUFCMEFIUUFjQUJ6QURvQUx3QXZBR1lBYndCdUFIUUFjd0F1QUdjQWN3QjBBR0VBZEFCcEFHTUFMZ0JqQUc4QWJRQTZBRFFBTkFBekFDOEFjd0F2QUhJQWJ3QmlBRzhBZEFCdkFDOEFkZ0F4QURVQUx3QklBR2NBYndBeEFETUFhd0F0QUhRQVpnQlRBSEFBYmdBd0FIRUFhUUF4QUZNQVJnQmtBRlVBWmdCVUFEZ0FSUUF3QUdrQU53QkxBRm9BYmdBdEFFVUFVQUJ1QUhrQWJ3QXpBRWdBV2dCMUFEY0Fhd0IzQUM0QWR3QnZBR1lBWmdBaUFDd0FJZ0IwQUNJQU9nQWlBSElBWlFCekFHOEFkUUJ5QUdNQVpRQWlBSDBBTEFCN0FDSUFiZ0FpQURvQUlnQmpBSE1BY3dBaUFDd0FJZ0J6QUNJQU9nQXlBRE1BTmdBeUFDd0FJZ0JsQUNJQU9nQXlBRE1BTmdBeUFDd0FJZ0J2QUNJQU9nQWlBR2dBZEFCMEFIQUFjd0E2QUM4QUx3Qm1BRzhBYmdCMEFITUFMZ0JuQUhNQWRBQmhBSFFBYVFCakFDNEFZd0J2QUcwQU9nQTBBRFFBTXdBdkFITUFMd0J5QUc4QVlnQnZBSFFBYndBdkFIWUFNUUExQUM4QU1nQlZBRmdBTndCWEFFd0FWQUJtQUZjQU13QlhBRGdBVkFCakFHd0FWQUJWQUhZQWJBQkdBSGtBVVFBdUFIY0Fid0JtQUdZQUlnQXNBQ0lBZEFBaUFEb0FJZ0J5QUdVQWN3QnZBSFVBY2dCakFHVUFJZ0I5QUN3QWV3QWlBRzRBSWdBNkFDSUFZd0J6QUhNQUlnQXNBQ0lBY3dBaUFEb0FNZ0F6QURZQU53QXNBQ0lBWlFBaUFEb0FNZ0F6QURZQU53QXNBQ0lBYndBaUFEb0FJZ0JvQUhRQWRBQndBSE1BT2dBdkFDOEFaZ0J2QUc0QWRBQnpBQzRBWndCekFIUUFZUUIwQUdrQVl3QXVBR01BYndCdEFEb0FOQUEwQURNQUx3QnpBQzhBY2dCdkFHSUFid0IwQUc4QUx3QjJBREVBTlFBdkFHUUFMUUEyQUVrQVdRQndBR3dBVHdCR0FHOEFZd0JEQUdFQVl3QkxBSG9BZUFCM0FGZ0FVd0JQQUVRQU9BQkZBREFBYVFBM0FFc0FXZ0J1QUMwQVJRQlFBRzRBZVFCdkFETUFTQUJhQUhVQU53QnJBSGNBTGdCM0FHOEFaZ0JtQUNJQUxBQWlBSFFBSWdBNkFDSUFjZ0JsQUhNQWJ3QjFBSElBWXdCbEFDSUFmUUFzQUhzQUlnQnVBQ0lBT2dBaUFHTUFjd0J6QUNJQUxBQWlBSE1BSWdBNkFESUFNd0EzQURJQUxBQWlBR1VBSWdBNkFESUFNd0EzQURJQUxBQWlBRzhBSWdBNkFDSUFhQUIwQUhRQWNBQnpBRG9BTHdBdkFHWUFid0J1QUhRQWN3QXVBR2NBY3dCMEFHRUFkQUJwQUdNQUxnQmpBRzhBYlFBNkFEUUFOQUF6QUM4QWN3QXZBSElBYndCaUFHOEFkQUJ2QUM4QWRnQXhBRFVBTHdBeEFESUFiUUJGQURRQWFnQm1BRTBBVXdCQ0FGUUFiUUJuQUMwQU9BQXhBRVVBYVFCVEFDMEFXUUJTQUhNQWVBQkZBRmtBZHdCTkFEY0FSZ0JuQUdVQWVRQmhBRk1BWndCVkFEY0FNUUJqQUV3QVJ3QXdBQzRBZHdCdkFHWUFaZ0FpQUN3QUlnQjBBQ0lBT2dBaUFISUFaUUJ6QUc4QWRRQnlBR01BWlFBaUFIMEFMQUI3QUNJQWJnQWlBRG9BSWdCakFITUFjd0FpQUN3QUlnQnpBQ0lBT2dBeUFETUFOd0EyQUN3QUlnQmxBQ0lBT2dBeUFETUFOd0EzQUN3QUlnQnZBQ0lBT2dBaUFHZ0FkQUIwQUhBQWN3QTZBQzhBTHdCbUFHOEFiZ0IwQUhNQUxnQm5BSE1BZEFCaEFIUUFhUUJqQUM0QVl3QnZBRzBBT2dBMEFEUUFNd0F2QUhNQUx3QnlBRzhBWWdCdkFIUUFid0F2QUhZQU1RQTFBQzhBTVFCd0FFOEFPUUJsQUZVQVFRQndBRGdBY0FCVEFFWUFPQUJXQUc0QVVnQlVBRkFBTXdCNEFHNEFkZ0JsQUhNQVdnQlhBRElBZUFCUEFGRUFMUUI0QUhNQVRnQnhBRThBTkFBM0FHMEFOUUExQUVRQVFRQXVBSGNBYndCbUFHWUFJZ0FzQUNJQWRBQWlBRG9BSWdCeUFHVUFjd0J2QUhVQWNnQmpBR1VBSWdCOUFDd0Fld0FpQUc0QUlnQTZBQ0lBWXdCekFITUFJZ0FzQUNJQWN3QWlBRG9BTWdBekFEZ0FNUUFzQUNJQVpRQWlBRG9BTWdBekFEZ0FNZ0FzQUNJQWJ3QWlBRG9BSWdCb0FIUUFkQUJ3QUhNQU9nQXZBQzhBWmdCdkFHNEFkQUJ6QUM0QVp3QnpBSFFBWVFCMEFHa0FZd0F1QUdNQWJ3QnRBRG9BTkFBMEFETUFMd0J6QUM4QWNnQnZBR0lBYndCMEFHOEFMd0IyQURFQU5RQXZBSFFBTmdCT0FHUUFOQUJqQUdZQVVBQlNBR2dBV2dCUUFEUUFOQUJSQURVQVVRQkJBR29BWXdCREFEUUFZZ0JPQURZQVZRQkVBSGtBU0FCWEFFSUFiQUEyQURJQU1BQmhBQzBBU1FCU0FHWUFkUUJDQUdzQUxnQjNBRzhBWmdCbUFDSUFMQUFpQUhRQUlnQTZBQ0lBY2dCbEFITUFid0IxQUhJQVl3QmxBQ0lBZlFBc0FIc0FJZ0J1QUNJQU9nQWlBR2tBYlFCbkFDSUFMQUFpQUhNQUlnQTZBRElBTndBeUFESUFMQUFpQUdVQUlnQTZBRElBT0FBMEFESUFMQUFpQUc4QUlnQTZBQ0lBYUFCMEFIUUFjQUJ6QURvQUx3QXZBR01BY3dCcEFDNEFad0J6QUhRQVlRQjBBR2tBWXdBdUFHTUFid0J0QURvQU5BQTBBRE1BTHdCakFITUFhUUFpQUN3QUlnQjBBQ0lBT2dBaUFISUFaUUJ6QUc4QWRRQnlBR01BWlFBaUFIMEFMQUI3QUNJQWJnQWlBRG9BSWdCNEFHMEFiQUJvQUhRQWRBQndBSElBWlFCeEFIVUFaUUJ6QUhRQUlnQXNBQ0lBY3dBaUFEb0FNZ0E1QURNQU1RQXNBQ0lBWlFBaUFEb0FNZ0E1QURRQU1BQXNBQ0lBYndBaUFEb0FJZ0JvQUhRQWRBQndBSE1BT2dBdkFDOEFjd0IwQUdFQVp3QnBBRzRBWndCd0FISUFaUUJrQUdrQVl3QjBBRFVBTGdCcEFHNEFaZ0JzQUhVQVpRQnVBR01BWlFCb0FHVUFZUUJzQUhRQWFBQXVBR01BYndCdEFEb0FOQUEwQURNQUx3QnlBRzhBZFFCMEFHVUFjd0F1QUdvQWN3QnZBRzRBSWdBc0FDSUFkQUFpQURvQUlnQnlBR1VBY3dCdkFIVUFjZ0JqQUdVQUlnQjlBQ3dBZXdBaUFHNEFJZ0E2QUNJQWVBQnRBR3dBYUFCMEFIUUFjQUJ5QUdVQWNRQjFBR1VBY3dCMEFDSUFMQUFpQUhNQUlnQTZBRElBT1FBMUFETUFMQUFpQUdVQUlnQTZBRElBT1FBNUFEWUFMQUFpQUc4QUlnQTZBQ0lBYUFCMEFIUUFjQUJ6QURvQUx3QXZBSE1BZEFCaEFHY0FhUUJ1QUdjQWNBQnlBR1VBWkFCcEFHTUFkQUExQUM0QWFRQnVBR1lBYkFCMUFHVUFiZ0JqQUdVQWFBQmxBR0VBYkFCMEFHZ0FMZ0JqQUc4QWJRQTZBRFFBTkFBekFDOEFKQUJ0QUc4QVpBQjFBR3dBWlFBdkFHd0FZUUI1QUc4QWRRQjBBSE1BTHdCa0FHVUFaZ0JoQUhVQWJBQjBBQ0lBTEFBaUFIUUFJZ0E2QUNJQWNnQmxBSE1BYndCMUFISUFZd0JsQUNJQWZRQXNBSHNBSWdCdUFDSUFPZ0FpQUhnQWJRQnNBR2dBZEFCMEFIQUFjZ0JsQUhFQWRRQmxBSE1BZEFBaUFDd0FJZ0J6QUNJQU9nQXpBREVBTVFBNEFDd0FJZ0JsQUNJQU9nQXpBREVBTWdBd0FDd0FJZ0J2QUNJQU9nQWlBR2dBZEFCMEFIQUFjd0E2QUM4QUx3QnpBSFFBWVFCbkFHa0FiZ0JuQUhBQWNnQmxBR1FBYVFCakFIUUFOUUF1QUdrQWJnQm1BR3dBZFFCbEFHNEFZd0JsQUdnQVpRQmhBR3dBZEFCb0FDNEFZd0J2QUcwQU9nQTBBRFFBTXdBdkFHd0FZUUI1QUc4QWRRQjBBSE1BTHdCa0FHVUFaZ0JoQUhVQWJBQjBBQzhBTHdCdEFHRUFhUUJ1QUM0QWFnQnpBQ0lBTEFBaUFIUUFJZ0E2QUNJQWNnQmxBSE1BYndCMUFISUFZd0JsQUNJQWZRQXNBSHNBSWdCdUFDSUFPZ0FpQUhnQWJRQnNBR2dBZEFCMEFIQUFjZ0JsQUhFQWRRQmxBSE1BZEFBaUFDd0FJZ0J6QUNJQU9nQXpBREVBTXdBeEFDd0FJZ0JsQUNJQU9nQXpBREVBT0FBMEFDd0FJZ0J2QUNJQU9nQWlBR2dBZEFCMEFIQUFjd0E2QUM4QUx3QnpBSFFBWVFCbkFHa0FiZ0JuQUhBQWNnQmxBR1FBYVFCakFIUUFOUUF1QUdrQWJnQm1BR3dBZFFCbEFHNEFZd0JsQUdnQVpRQmhBR3dBZEFCb0FDNEFZd0J2QUcwQU9nQTBBRFFBTXdBdkFHd0FZUUI1QUc4QWRRQjBBSE1BTHdCa0FHVUFaZ0JoQUhVQWJBQjBBQzhBYVFCdUFHUUFaUUI0QUM0QWFBQjBBRzBBYkFBaUFDd0FJZ0IwQUNJQU9nQWlBSElBWlFCekFHOEFkUUJ5QUdNQVpRQWlBSDBBWFFCOUFBPT08L1N0cmluZ0h0dHBCb2R5Pg0KICAgIDwvUmVxdWVzdD4NCiAgICA8UmVxdWVzdCBNZXRob2Q9IkdFVCIgR3VpZD0iODU3NGVkNTctODYzOS00M2RkLWExYTYtNTM1Yzc3Nzk2ZDQ4IiBWZXJzaW9uPSIxLjEiIFVybD0ie3tVSVNlcnZlclVSTH19LyRtb2R1bGUvbW9kdWxlcy9zZXNzaW9uIiBUaGlua1RpbWU9IjAiIFRpbWVvdXQ9IjMwMCIgUGFyc2VEZXBlbmRlbnRSZXF1ZXN0cz0iVHJ1ZSIgRm9sbG93UmVkaXJlY3RzPSJUcnVlIiBSZWNvcmRSZXN1bHQ9IlRydWUiIENhY2hlPSJGYWxzZSIgUmVzcG9uc2VUaW1lR29hbD0iMCIgRW5jb2Rpbmc9InV0Zi04IiBFeHBlY3RlZEh0dHBTdGF0dXNDb2RlPSIwIiBFeHBlY3RlZFJlc3BvbnNlVXJsPSIiIFJlcG9ydGluZ05hbWU9IiIgSWdub3JlSHR0cFN0YXR1c0NvZGU9IkZhbHNlIj4NCiAgICAgIDxIZWFkZXJzPg0KICAgICAgICA8SGVhZGVyIE5hbWU9IkFjY2VwdCIgVmFsdWU9IiovKiIgLz4NCiAgICAgICAgPEhlYWRlciBOYW1lPSJYLVJlcXVlc3RlZC1XaXRoIiBWYWx1ZT0iWE1MSHR0cFJlcXVlc3QiIC8+DQogICAgICAgIDxIZWFkZXIgTmFtZT0iUmVmZXJlciIgVmFsdWU9Int7VUlTZXJ2ZXJVUkx9fS91bml2ZXJzaXR5Y29sb3JhZG8vc2Vzc2lvbi9sb2dpbiIgLz4NCiAgICAgIDwvSGVhZGVycz4NCiAgICAgIDxRdWVyeVN0cmluZ1BhcmFtZXRlcnM+DQogICAgICAgIDxRdWVyeVN0cmluZ1BhcmFtZXRlciBOYW1lPSJfIiBWYWx1ZT0iMTQ1NjEzOTMwNzg2NSIgUmVjb3JkZWRWYWx1ZT0iMTQ1NjEzOTMwNzg2NSIgQ29ycmVsYXRpb25CaW5kaW5nPSIiIFVybEVuY29kZT0iRmFsc2UiIFVzZVRvR3JvdXBSZXN1bHRzPSJGYWxzZSIgLz4NCiAgICAgIDwvUXVlcnlTdHJpbmdQYXJhbWV0ZXJzPg0KICAgIDwvUmVxdWVzdD4NCiAgICA8UmVxdWVzdCBNZXRob2Q9IkdFVCIgR3VpZD0iNTk0NGRlYjktMmRlNi00OGJjLWIyYWMtNjgxNzEzNzhlMzUwIiBWZXJzaW9uPSIxLjEiIFVybD0ie3tVSVNlcnZlclVSTH19L21vZHVsZXMvc2Vzc2lvbi9pbmRleC5odG1sIiBUaGlua1RpbWU9IjAiIFRpbWVvdXQ9IjMwMCIgUGFyc2VEZXBlbmRlbnRSZXF1ZXN0cz0iVHJ1ZSIgRm9sbG93UmVkaXJlY3RzPSJUcnVlIiBSZWNvcmRSZXN1bHQ9IlRydWUiIENhY2hlPSJGYWxzZSIgUmVzcG9uc2VUaW1lR29hbD0iMCIgRW5jb2Rpbmc9InV0Zi04IiBFeHBlY3RlZEh0dHBTdGF0dXNDb2RlPSIwIiBFeHBlY3RlZFJlc3BvbnNlVXJsPSIiIFJlcG9ydGluZ05hbWU9IiIgSWdub3JlSHR0cFN0YXR1c0NvZGU9IkZhbHNlIj4NCiAgICAgIDxIZWFkZXJzPg0KICAgICAgICA8SGVhZGVyIE5hbWU9IkFjY2VwdCIgVmFsdWU9InRleHQvaHRtbCwgKi8qOyBxPTAuMDEiIC8+DQogICAgICAgIDxIZWFkZXIgTmFtZT0iWC1SZXF1ZXN0ZWQtV2l0aCIgVmFsdWU9IlhNTEh0dHBSZXF1ZXN0IiAvPg0KICAgICAgICA8SGVhZGVyIE5hbWU9IlJlZmVyZXIiIFZhbHVlPSJ7e1VJU2VydmVyVVJMfX0vdW5pdmVyc2l0eWNvbG9yYWRvL3Nlc3Npb24vbG9naW4iIC8+DQogICAgICA8L0hlYWRlcnM+DQogICAgICA8UXVlcnlTdHJpbmdQYXJhbWV0ZXJzPg0KICAgICAgICA8UXVlcnlTdHJpbmdQYXJhbWV0ZXIgTmFtZT0iXyIgVmFsdWU9IjE0NTYxMzkzMDc4NzMiIFJlY29yZGVkVmFsdWU9IjE0NTYxMzkzMDc4NzMiIENvcnJlbGF0aW9uQmluZGluZz0iIiBVcmxFbmNvZGU9IkZhbHNlIiBVc2VUb0dyb3VwUmVzdWx0cz0iRmFsc2UiIC8+DQogICAgICA8L1F1ZXJ5U3RyaW5nUGFyYW1ldGVycz4NCiAgICA8L1JlcXVlc3Q+DQogICAgPFJlcXVlc3QgTWV0aG9kPSJHRVQiIEd1aWQ9ImM3NmIzMGEyLTIwMTQtNDAxYy1iOGMyLTAzNDIzYmZjZWRiOCIgVmVyc2lvbj0iMS4xIiBVcmw9Int7VUlTZXJ2ZXJVUkx9fS90ZW1wbGF0ZXMvYWxlcnRDb250YWluZXIuaHRtbCIgVGhpbmtUaW1lPSIwIiBUaW1lb3V0PSIzMDAiIFBhcnNlRGVwZW5kZW50UmVxdWVzdHM9IlRydWUiIEZvbGxvd1JlZGlyZWN0cz0iVHJ1ZSIgUmVjb3JkUmVzdWx0PSJUcnVlIiBDYWNoZT0iRmFsc2UiIFJlc3BvbnNlVGltZUdvYWw9IjAiIEVuY29kaW5nPSJ1dGYtOCIgRXhwZWN0ZWRIdHRwU3RhdHVzQ29kZT0iMCIgRXhwZWN0ZWRSZXNwb25zZVVybD0iIiBSZXBvcnRpbmdOYW1lPSIiIElnbm9yZUh0dHBTdGF0dXNDb2RlPSJGYWxzZSI+DQogICAgICA8SGVhZGVycz4NCiAgICAgICAgPEhlYWRlciBOYW1lPSJBY2NlcHQiIFZhbHVlPSJhcHBsaWNhdGlvbi9qc29uLCB0ZXh0L3BsYWluLCAqLyoiIC8+DQogICAgICAgIDxIZWFkZXIgTmFtZT0iUmVmZXJlciIgVmFsdWU9Int7VUlTZXJ2ZXJVUkx9fS91bml2ZXJzaXR5Y29sb3JhZG8vc2Vzc2lvbi9sb2dpbiIgLz4NCiAgICAgIDwvSGVhZGVycz4NCiAgICA8L1JlcXVlc3Q+DQogICAgPFJlcXVlc3QgTWV0aG9kPSJHRVQiIEd1aWQ9ImY2NTVmNjYzLWU3YjAtNDljOC04MjU5LWQ1MGExYWZmMTAzYyIgVmVyc2lvbj0iMS4xIiBVcmw9Int7VUlTZXJ2ZXJVUkx9fS9tb2R1bGVzL3Nlc3Npb24vdmlld3MvbG9naW4uaHRtbCIgVGhpbmtUaW1lPSIwIiBUaW1lb3V0PSIzMDAiIFBhcnNlRGVwZW5kZW50UmVxdWVzdHM9IlRydWUiIEZvbGxvd1JlZGlyZWN0cz0iVHJ1ZSIgUmVjb3JkUmVzdWx0PSJUcnVlIiBDYWNoZT0iRmFsc2UiIFJlc3BvbnNlVGltZUdvYWw9IjAiIEVuY29kaW5nPSJ1dGYtOCIgRXhwZWN0ZWRIdHRwU3RhdHVzQ29kZT0iMCIgRXhwZWN0ZWRSZXNwb25zZVVybD0iIiBSZXBvcnRpbmdOYW1lPSIiIElnbm9yZUh0dHBTdGF0dXNDb2RlPSJGYWxzZSI+DQogICAgICA8SGVhZGVycz4NCiAgICAgICAgPEhlYWRlciBOYW1lPSJBY2NlcHQiIFZhbHVlPSJ0ZXh0L2h0bWwsICovKjsgcT0wLjAxIiAvPg0KICAgICAgICA8SGVhZGVyIE5hbWU9IlgtUmVxdWVzdGVkLVdpdGgiIFZhbHVlPSJYTUxIdHRwUmVxdWVzdCIgLz4NCiAgICAgICAgPEhlYWRlciBOYW1lPSJSZWZlcmVyIiBWYWx1ZT0ie3tVSVNlcnZlclVSTH19L3VuaXZlcnNpdHljb2xvcmFkby9zZXNzaW9uL2xvZ2luIiAvPg0KICAgICAgPC9IZWFkZXJzPg0KICAgICAgPFF1ZXJ5U3RyaW5nUGFyYW1ldGVycz4NCiAgICAgICAgPFF1ZXJ5U3RyaW5nUGFyYW1ldGVyIE5hbWU9Il8iIFZhbHVlPSIxNDU2MTM5MzA3ODc0IiBSZWNvcmRlZFZhbHVlPSIxNDU2MTM5MzA3ODc0IiBDb3JyZWxhdGlvbkJpbmRpbmc9IiIgVXJsRW5jb2RlPSJGYWxzZSIgVXNlVG9Hcm91cFJlc3VsdHM9IkZhbHNlIiAvPg0KICAgICAgPC9RdWVyeVN0cmluZ1BhcmFtZXRlcnM+DQogICAgPC9SZXF1ZXN0Pg0KICAgIDxSZXF1ZXN0IE1ldGhvZD0iR0VUIiBHdWlkPSIyZTI4NTVlYi04NzY3LTRkMTItOTVkZS0xMzY0OTMyMzYzMzQiIFZlcnNpb249IjEuMSIgVXJsPSJ7e1VJU2VydmVyVVJMfX0vdGhlbWVzL2RlZmF1bHQvYm9vdHN0cmFwL2dseXBoaWNvbnMtaGFsZmxpbmdzLXJlZ3VsYXIuZW90IiBUaGlua1RpbWU9IjAiIFRpbWVvdXQ9IjMwMCIgUGFyc2VEZXBlbmRlbnRSZXF1ZXN0cz0iVHJ1ZSIgRm9sbG93UmVkaXJlY3RzPSJUcnVlIiBSZWNvcmRSZXN1bHQ9IlRydWUiIENhY2hlPSJGYWxzZSIgUmVzcG9uc2VUaW1lR29hbD0iMCIgRW5jb2Rpbmc9InV0Zi04IiBFeHBlY3RlZEh0dHBTdGF0dXNDb2RlPSIwIiBFeHBlY3RlZFJlc3BvbnNlVXJsPSIiIFJlcG9ydGluZ05hbWU9IiIgSWdub3JlSHR0cFN0YXR1c0NvZGU9IkZhbHNlIj4NCiAgICAgIDxIZWFkZXJzPg0KICAgICAgICA8SGVhZGVyIE5hbWU9IlJlZmVyZXIiIFZhbHVlPSJ7e1VJU2VydmVyVVJMfX0vdW5pdmVyc2l0eWNvbG9yYWRvL3Nlc3Npb24vbG9naW4iIC8+DQogICAgICA8L0hlYWRlcnM+DQogICAgICA8UXVlcnlTdHJpbmdQYXJhbWV0ZXJzPg0KICAgICAgICA8UXVlcnlTdHJpbmdQYXJhbWV0ZXIgTmFtZT0iIiBWYWx1ZT0iIiBSZWNvcmRlZFZhbHVlPSIiIENvcnJlbGF0aW9uQmluZGluZz0iIiBVcmxFbmNvZGU9IkZhbHNlIiBVc2VUb0dyb3VwUmVzdWx0cz0iRmFsc2UiIC8+DQogICAgICA8L1F1ZXJ5U3RyaW5nUGFyYW1ldGVycz4NCiAgICA8L1JlcXVlc3Q+DQogICAgPFJlcXVlc3QgTWV0aG9kPSJHRVQiIEd1aWQ9IjMwNGM1ZDE5LTUyYzktNDJiYS1hMzYzLTE5NDM0Y2MwYjk4ZiIgVmVyc2lvbj0iMS4xIiBVcmw9Int7VUlTZXJ2ZXJVUkx9fS90aGVtZXMvZGVmYXVsdC9ib290c3RyYXAvZ2x5cGhpY29ucy1oYWxmbGluZ3MtcmVndWxhci53b2ZmIiBUaGlua1RpbWU9IjEzIiBUaW1lb3V0PSIzMDAiIFBhcnNlRGVwZW5kZW50UmVxdWVzdHM9IlRydWUiIEZvbGxvd1JlZGlyZWN0cz0iVHJ1ZSIgUmVjb3JkUmVzdWx0PSJUcnVlIiBDYWNoZT0iRmFsc2UiIFJlc3BvbnNlVGltZUdvYWw9IjAiIEVuY29kaW5nPSJ1dGYtOCIgRXhwZWN0ZWRIdHRwU3RhdHVzQ29kZT0iMCIgRXhwZWN0ZWRSZXNwb25zZVVybD0iIiBSZXBvcnRpbmdOYW1lPSIiIElnbm9yZUh0dHBTdGF0dXNDb2RlPSJGYWxzZSI+DQogICAgICA8SGVhZGVycz4NCiAgICAgICAgPEhlYWRlciBOYW1lPSJSZWZlcmVyIiBWYWx1ZT0ie3tVSVNlcnZlclVSTH19L3VuaXZlcnNpdHljb2xvcmFkby9zZXNzaW9uL2xvZ2luIiAvPg0KICAgICAgPC9IZWFkZXJzPg0KICAgIDwvUmVxdWVzdD4NCiAgICA8UmVxdWVzdCBNZXRob2Q9IlBPU1QiIEd1aWQ9IjkxNjdkMTA4LWFlYWYtNDc0OS05YTFmLWJkMzFiMWU2NGEwZiIgVmVyc2lvbj0iMS4xIiBVcmw9Int7V2ViU2VydmVyNH19L3Jlc291cmNlcy8xL2U0ZjYzZGE2MzciIFRoaW5rVGltZT0iMCIgVGltZW91dD0iMzAwIiBQYXJzZURlcGVuZGVudFJlcXVlc3RzPSJUcnVlIiBGb2xsb3dSZWRpcmVjdHM9IlRydWUiIFJlY29yZFJlc3VsdD0iVHJ1ZSIgQ2FjaGU9IkZhbHNlIiBSZXNwb25zZVRpbWVHb2FsPSIwIiBFbmNvZGluZz0idXRmLTgiIEV4cGVjdGVkSHR0cFN0YXR1c0NvZGU9IjAiIEV4cGVjdGVkUmVzcG9uc2VVcmw9IiIgUmVwb3J0aW5nTmFtZT0iIiBJZ25vcmVIdHRwU3RhdHVzQ29kZT0iRmFsc2UiPg0KICAgICAgPEhlYWRlcnM+DQogICAgICAgIDxIZWFkZXIgTmFtZT0iUmVmZXJlciIgVmFsdWU9Int7VUlTZXJ2ZXJVUkx9fS91bml2ZXJzaXR5Y29sb3JhZG8vc2Vzc2lvbi9sb2dpbiIgLz4NCiAgICAgIDwvSGVhZGVycz4NCiAgICAgIDxRdWVyeVN0cmluZ1BhcmFtZXRlcnM+DQogICAgICAgIDxRdWVyeVN0cmluZ1BhcmFtZXRlciBOYW1lPSJhIiBWYWx1ZT0iMTIzNDY2ODgiIFJlY29yZGVkVmFsdWU9IjEyMzQ2Njg4IiBDb3JyZWxhdGlvbkJpbmRpbmc9IiIgVXJsRW5jb2RlPSJGYWxzZSIgVXNlVG9Hcm91cFJlc3VsdHM9IkZhbHNlIiAvPg0KICAgICAgICA8UXVlcnlTdHJpbmdQYXJhbWV0ZXIgTmFtZT0idiIgVmFsdWU9Ijg1Mi5hMzZmMGZkIiBSZWNvcmRlZFZhbHVlPSI4NTIuYTM2ZjBmZCIgQ29ycmVsYXRpb25CaW5kaW5nPSIiIFVybEVuY29kZT0iRmFsc2UiIFVzZVRvR3JvdXBSZXN1bHRzPSJGYWxzZSIgLz4NCiAgICAgICAgPFF1ZXJ5U3RyaW5nUGFyYW1ldGVyIE5hbWU9InRvIiBWYWx1ZT0iTWdZQU4wUUhEQkZZVlVGYlh3dE1KeHRHRkFjUlNseEdIWGNnTjAxTUhBJTNEJTNEIiBSZWNvcmRlZFZhbHVlPSJNZ1lBTjBRSERCRllWVUZiWHd0TUp4dEdGQWNSU2x4R0hYY2dOMDFNSEElM0QlM0QiIENvcnJlbGF0aW9uQmluZGluZz0iIiBVcmxFbmNvZGU9IkZhbHNlIiBVc2VUb0dyb3VwUmVzdWx0cz0iRmFsc2UiIC8+DQogICAgICAgIDxRdWVyeVN0cmluZ1BhcmFtZXRlciBOYW1lPSJzdCIgVmFsdWU9IjE0NTYxMzkzMDYwMjgiIFJlY29yZGVkVmFsdWU9IjE0NTYxMzkzMDYwMjgiIENvcnJlbGF0aW9uQmluZGluZz0iIiBVcmxFbmNvZGU9IkZhbHNlIiBVc2VUb0dyb3VwUmVzdWx0cz0iRmFsc2UiIC8+DQogICAgICAgIDxRdWVyeVN0cmluZ1BhcmFtZXRlciBOYW1lPSJwdGlkIiBWYWx1ZT0iNGY4NmJiMDQtNmEzMC1iNzQ3LWMxMjUtMDE1MzA4YWE5ODk1IiBSZWNvcmRlZFZhbHVlPSI0Zjg2YmIwNC02YTMwLWI3NDctYzEyNS0wMTUzMDhhYTk4OTUiIENvcnJlbGF0aW9uQmluZGluZz0iIiBVcmxFbmNvZGU9IkZhbHNlIiBVc2VUb0dyb3VwUmVzdWx0cz0iRmFsc2UiIC8+DQogICAgICA8L1F1ZXJ5U3RyaW5nUGFyYW1ldGVycz4NCiAgICAgIDxTdHJpbmdIdHRwQm9keSBDb250ZW50VHlwZT0idGV4dC9wbGFpbjtjaGFyc2V0PVVURi04IiBJbnNlcnRCeXRlT3JkZXJNYXJrPSJGYWxzZSI+ZXdBaUFISUFaUUJ6QUNJQU9nQmJBSHNBSWdCdUFDSUFPZ0FpQUdZQWJ3QmpBSFVBY3dCcEFHNEFJZ0FzQUNJQWN3QWlBRG9BTWdBM0FEWUFNQUFzQUNJQVpRQWlBRG9BTWdBM0FEWUFNZ0FzQUNJQWJ3QWlBRG9BSWdCaUFHOEFaQUI1QUNJQUxBQWlBSFFBSWdBNkFDSUFaUUIyQUdVQWJnQjBBQ0lBZlFBc0FIc0FJZ0J1QUNJQU9nQWlBR1lBYndCakFIVUFjd0JwQUc0QUlnQXNBQ0lBY3dBaUFEb0FOQUF3QURJQU5nQXNBQ0lBWlFBaUFEb0FOQUF3QURNQU1RQXNBQ0lBYndBaUFEb0FJZ0JwQUc0QWNBQjFBSFFBSXdCcEFHUUFYd0J3QUdFQWN3QnpBQzRBWmdCdkFISUFiUUF0QUdNQWJ3QnVBSFFBY2dCdkFHd0FMZ0J1QUdjQUxRQndBSElBYVFCekFIUUFhUUJ1QUdVQUxnQnVBR2NBTFFCcEFHNEFkZ0JoQUd3QWFRQmtBQzRBYmdCbkFDMEFhUUJ1QUhZQVlRQnNBR2tBWkFBdEFISUFaUUJ4QUhVQWFRQnlBR1VBWkFBaUFDd0FJZ0IwQUNJQU9nQWlBR1VBZGdCbEFHNEFkQUFpQUgwQUxBQjdBQ0lBYmdBaUFEb0FJZ0J5QUdVQVlRQmtBSGtBY3dCMEFHRUFkQUJsQUdNQWFBQmhBRzRBWndCbEFDSUFMQUFpQUhNQUlnQTZBRElBT0FBNEFEVUFMQUFpQUdVQUlnQTZBRElBT0FBNEFEVUFMQUFpQUc4QUlnQTZBQ0lBTWdBd0FEQUFJQUJIQUVVQVZBQTZBQ0FBY3dCMEFHRUFad0JwQUc0QVp3QndBSElBWlFCa0FHa0FZd0IwQURVQUxnQnBBRzRBWmdCc0FIVUFaUUJ1QUdNQVpRQm9BR1VBWVFCc0FIUUFhQUF1QUdNQWJ3QnRBRG9BTkFBMEFETUFMd0J5QUc4QWRRQjBBR1VBY3dBdUFHb0Fjd0J2QUc0QUlnQXNBQ0lBZEFBaUFEb0FJZ0JsQUhZQVpRQnVBSFFBSWdCOUFDd0Fld0FpQUc0QUlnQTZBQ0lBY2dCbEFHRUFaQUI1QUhNQWRBQmhBSFFBWlFCakFHZ0FZUUJ1QUdjQVpRQWlBQ3dBSWdCekFDSUFPZ0F5QURnQU9BQTJBQ3dBSWdCbEFDSUFPZ0F5QURnQU9BQTJBQ3dBSWdCdkFDSUFPZ0FpQURJQU1BQXdBQ0FBUndCRkFGUUFPZ0FnQUhNQWRBQmhBR2NBYVFCdUFHY0FjQUJ5QUdVQVpBQnBBR01BZEFBMUFDNEFhUUJ1QUdZQWJBQjFBR1VBYmdCakFHVUFhQUJsQUdFQWJBQjBBR2dBTGdCakFHOEFiUUE2QURRQU5BQXpBQzhBY2dCdkFIVUFkQUJsQUhNQUxnQnFBSE1BYndCdUFDSUFMQUFpQUhRQUlnQTZBQ0lBWlFCMkFHVUFiZ0IwQUNJQWZRQXNBSHNBSWdCdUFDSUFPZ0FpQUhJQVpRQmhBR1FBZVFCekFIUUFZUUIwQUdVQVl3Qm9BR0VBYmdCbkFHVUFJZ0FzQUNJQWN3QWlBRG9BTWdBNUFETUFNUUFzQUNJQVpRQWlBRG9BTWdBNUFETUFNUUFzQUNJQWJ3QWlBRG9BSWdBeUFEQUFNQUFnQUVjQVJRQlVBRG9BSUFCekFIUUFZUUJuQUdrQWJnQm5BSEFBY2dCbEFHUUFhUUJqQUhRQU5RQXVBR2tBYmdCbUFHd0FkUUJsQUc0QVl3QmxBR2dBWlFCaEFHd0FkQUJvQUM0QVl3QnZBRzBBT2dBMEFEUUFNd0F2QUhJQWJ3QjFBSFFBWlFCekFDNEFhZ0J6QUc4QWJnQWlBQ3dBSWdCMEFDSUFPZ0FpQUdVQWRnQmxBRzRBZEFBaUFIMEFMQUI3QUNJQWJnQWlBRG9BSWdCeUFHVUFZUUJrQUhrQWN3QjBBR0VBZEFCbEFHTUFhQUJoQUc0QVp3QmxBQ0lBTEFBaUFITUFJZ0E2QURJQU9RQXpBREVBTEFBaUFHVUFJZ0E2QURJQU9RQXpBRElBTEFBaUFHOEFJZ0E2QUNJQU1nQXdBREFBSUFCSEFFVUFWQUE2QUNBQWN3QjBBR0VBWndCcEFHNEFad0J3QUhJQVpRQmtBR2tBWXdCMEFEVUFMZ0JwQUc0QVpnQnNBSFVBWlFCdUFHTUFaUUJvQUdVQVlRQnNBSFFBYUFBdUFHTUFid0J0QURvQU5BQTBBRE1BTHdCeUFHOEFkUUIwQUdVQWN3QXVBR29BY3dCdkFHNEFJZ0FzQUNJQWRBQWlBRG9BSWdCbEFIWUFaUUJ1QUhRQUlnQjlBQ3dBZXdBaUFHNEFJZ0E2QUNJQWNnQmxBR0VBWkFCNUFITUFkQUJoQUhRQVpRQmpBR2dBWVFCdUFHY0FaUUFpQUN3QUlnQnpBQ0lBT2dBeUFEa0FNd0F5QUN3QUlnQmxBQ0lBT2dBeUFEa0FNd0F5QUN3QUlnQnZBQ0lBT2dBaUFESUFNQUF3QUNBQVJ3QkZBRlFBT2dBZ0FITUFkQUJoQUdjQWFRQnVBR2NBY0FCeUFHVUFaQUJwQUdNQWRBQTFBQzRBYVFCdUFHWUFiQUIxQUdVQWJnQmpBR1VBYUFCbEFHRUFiQUIwQUdnQUxnQmpBRzhBYlFBNkFEUUFOQUF6QUM4QWNnQnZBSFVBZEFCbEFITUFMZ0JxQUhNQWJ3QnVBQ0lBTEFBaUFIUUFJZ0E2QUNJQVpRQjJBR1VBYmdCMEFDSUFmUUFzQUhzQUlnQnVBQ0lBT2dBaUFISUFaUUJoQUdRQWVRQnpBSFFBWVFCMEFHVUFZd0JvQUdFQWJnQm5BR1VBSWdBc0FDSUFjd0FpQURvQU1nQTVBRE1BTmdBc0FDSUFaUUFpQURvQU1nQTVBRE1BTmdBc0FDSUFid0FpQURvQUlnQXlBREFBTUFBZ0FFY0FSUUJVQURvQUlBQnpBSFFBWVFCbkFHa0FiZ0JuQUhBQWNnQmxBR1FBYVFCakFIUUFOUUF1QUdrQWJnQm1BR3dBZFFCbEFHNEFZd0JsQUdnQVpRQmhBR3dBZEFCb0FDNEFZd0J2QUcwQU9nQTBBRFFBTXdBdkFDUUFiUUJ2QUdRQWRRQnNBR1VBTHdCc0FHRUFlUUJ2QUhVQWRBQnpBQzhBWkFCbEFHWUFZUUIxQUd3QWRBQWlBQ3dBSWdCMEFDSUFPZ0FpQUdVQWRnQmxBRzRBZEFBaUFIMEFMQUI3QUNJQWJnQWlBRG9BSWdCeUFHVUFZUUJrQUhrQWN3QjBBR0VBZEFCbEFHTUFhQUJoQUc0QVp3QmxBQ0lBTEFBaUFITUFJZ0E2QURJQU9RQXpBRGNBTEFBaUFHVUFJZ0E2QURJQU9RQXpBRGNBTEFBaUFHOEFJZ0E2QUNJQU1nQXdBREFBSUFCSEFFVUFWQUE2QUNBQWN3QjBBR0VBWndCcEFHNEFad0J3QUhJQVpRQmtBR2tBWXdCMEFEVUFMZ0JwQUc0QVpnQnNBSFVBWlFCdUFHTUFaUUJvQUdVQVlRQnNBSFFBYUFBdUFHTUFid0J0QURvQU5BQTBBRE1BTHdBa0FHMEFid0JrQUhVQWJBQmxBQzhBYkFCaEFIa0Fid0IxQUhRQWN3QXZBR1FBWlFCbUFHRUFkUUJzQUhRQUlnQXNBQ0lBZEFBaUFEb0FJZ0JsQUhZQVpRQnVBSFFBSWdCOUFDd0Fld0FpQUc0QUlnQTZBQ0lBY2dCbEFHRUFaQUI1QUhNQWRBQmhBSFFBWlFCakFHZ0FZUUJ1QUdjQVpRQWlBQ3dBSWdCekFDSUFPZ0F5QURrQU9BQTNBQ3dBSWdCbEFDSUFPZ0F5QURrQU9BQTNBQ3dBSWdCdkFDSUFPZ0FpQURJQU1BQXdBQ0FBUndCRkFGUUFPZ0FnQUhNQWRBQmhBR2NBYVFCdUFHY0FjQUJ5QUdVQVpBQnBBR01BZEFBMUFDNEFhUUJ1QUdZQWJBQjFBR1VBYmdCakFHVUFhQUJsQUdFQWJBQjBBR2dBTGdCakFHOEFiUUE2QURRQU5BQXpBQzhBSkFCdEFHOEFaQUIxQUd3QVpRQXZBR3dBWVFCNUFHOEFkUUIwQUhNQUx3QmtBR1VBWmdCaEFIVUFiQUIwQUNJQUxBQWlBSFFBSWdBNkFDSUFaUUIyQUdVQWJnQjBBQ0lBZlFBc0FIc0FJZ0J1QUNJQU9nQWlBSElBWlFCaEFHUUFlUUJ6QUhRQVlRQjBBR1VBWXdCb0FHRUFiZ0JuQUdVQUlnQXNBQ0lBY3dBaUFEb0FNZ0E1QURnQU53QXNBQ0lBWlFBaUFEb0FNZ0E1QURnQU9BQXNBQ0lBYndBaUFEb0FJZ0F5QURBQU1BQWdBRWNBUlFCVUFEb0FJQUJ6QUhRQVlRQm5BR2tBYmdCbkFIQUFjZ0JsQUdRQWFRQmpBSFFBTlFBdUFHa0FiZ0JtQUd3QWRRQmxBRzRBWXdCbEFHZ0FaUUJoQUd3QWRBQm9BQzRBWXdCdkFHMEFPZ0EwQURRQU13QXZBQ1FBYlFCdkFHUUFkUUJzQUdVQUx3QnNBR0VBZVFCdkFIVUFkQUJ6QUM4QVpBQmxBR1lBWVFCMUFHd0FkQUFpQUN3QUlnQjBBQ0lBT2dBaUFHVUFkZ0JsQUc0QWRBQWlBSDBBTEFCN0FDSUFiZ0FpQURvQUlnQnlBR1VBWVFCa0FIa0Fjd0IwQUdFQWRBQmxBR01BYUFCaEFHNEFad0JsQUNJQUxBQWlBSE1BSWdBNkFESUFPUUE0QURnQUxBQWlBR1VBSWdBNkFESUFPUUE0QURnQUxBQWlBRzhBSWdBNkFDSUFNZ0F3QURBQUlBQkhBRVVBVkFBNkFDQUFjd0IwQUdFQVp3QnBBRzRBWndCd0FISUFaUUJrQUdrQVl3QjBBRFVBTGdCcEFHNEFaZ0JzQUhVQVpRQnVBR01BWlFCb0FHVUFZUUJzQUhRQWFBQXVBR01BYndCdEFEb0FOQUEwQURNQUx3QWtBRzBBYndCa0FIVUFiQUJsQUM4QWJBQmhBSGtBYndCMUFIUUFjd0F2QUdRQVpRQm1BR0VBZFFCc0FIUUFJZ0FzQUNJQWRBQWlBRG9BSWdCbEFIWUFaUUJ1QUhRQUlnQjlBQ3dBZXdBaUFHNEFJZ0E2QUNJQWNnQmxBR0VBWkFCNUFITUFkQUJoQUhRQVpRQmpBR2dBWVFCdUFHY0FaUUFpQUN3QUlnQnpBQ0lBT2dBeUFEa0FPUUF5QUN3QUlnQmxBQ0lBT2dBeUFEa0FPUUF5QUN3QUlnQnZBQ0lBT2dBaUFESUFNQUF3QUNBQVJ3QkZBRlFBT2dBZ0FITUFkQUJoQUdjQWFRQnVBR2NBY0FCeUFHVUFaQUJwQUdNQWRBQTFBQzRBYVFCdUFHWUFiQUIxQUdVQWJnQmpBR1VBYUFCbEFHRUFiQUIwQUdnQUxnQmpBRzhBYlFBNkFEUUFOQUF6QUM4QWJBQmhBSGtBYndCMUFIUUFjd0F2QUdRQVpRQm1BR0VBZFFCc0FIUUFMd0F2QUcwQVlRQnBBRzRBTGdCcUFITUFJZ0FzQUNJQWRBQWlBRG9BSWdCbEFIWUFaUUJ1QUhRQUlnQjlBQ3dBZXdBaUFHNEFJZ0E2QUNJQWNnQmxBR0VBWkFCNUFITUFkQUJoQUhRQVpRQmpBR2dBWVFCdUFHY0FaUUFpQUN3QUlnQnpBQ0lBT2dBeUFEa0FPUUF6QUN3QUlnQmxBQ0lBT2dBeUFEa0FPUUF6QUN3QUlnQnZBQ0lBT2dBaUFESUFNQUF3QUNBQVJ3QkZBRlFBT2dBZ0FITUFkQUJoQUdjQWFRQnVBR2NBY0FCeUFHVUFaQUJwQUdNQWRBQTFBQzRBYVFCdUFHWUFiQUIxQUdVQWJnQmpBR1VBYUFCbEFHRUFiQUIwQUdnQUxnQmpBRzhBYlFBNkFEUUFOQUF6QUM4QWJBQmhBSGtBYndCMUFIUUFjd0F2QUdRQVpRQm1BR0VBZFFCc0FIUUFMd0F2QUcwQVlRQnBBRzRBTGdCcUFITUFJZ0FzQUNJQWRBQWlBRG9BSWdCbEFIWUFaUUJ1QUhRQUlnQjlBQ3dBZXdBaUFHNEFJZ0E2QUNJQWNnQmxBR0VBWkFCNUFITUFkQUJoQUhRQVpRQmpBR2dBWVFCdUFHY0FaUUFpQUN3QUlnQnpBQ0lBT2dBekFERUFNUUF5QUN3QUlnQmxBQ0lBT2dBekFERUFNUUF5QUN3QUlnQnZBQ0lBT2dBaUFESUFNQUF3QUNBQVJ3QkZBRlFBT2dBZ0FITUFkQUJoQUdjQWFRQnVBR2NBY0FCeUFHVUFaQUJwQUdNQWRBQTFBQzRBYVFCdUFHWUFiQUIxQUdVQWJnQmpBR1VBYUFCbEFHRUFiQUIwQUdnQUxnQmpBRzhBYlFBNkFEUUFOQUF6QUM4QWJBQmhBSGtBYndCMUFIUUFjd0F2QUdRQVpRQm1BR0VBZFFCc0FIUUFMd0F2QUcwQVlRQnBBRzRBTGdCcUFITUFJZ0FzQUNJQWRBQWlBRG9BSWdCbEFIWUFaUUJ1QUhRQUlnQjlBQ3dBZXdBaUFHNEFJZ0E2QUNJQWNnQmxBR0VBWkFCNUFITUFkQUJoQUhRQVpRQmpBR2dBWVFCdUFHY0FaUUFpQUN3QUlnQnpBQ0lBT2dBekFERUFNUUF6QUN3QUlnQmxBQ0lBT2dBekFERUFNUUF6QUN3QUlnQnZBQ0lBT2dBaUFESUFNQUF3QUNBQVJ3QkZBRlFBT2dBZ0FITUFkQUJoQUdjQWFRQnVBR2NBY0FCeUFHVUFaQUJwQUdNQWRBQTFBQzRBYVFCdUFHWUFiQUIxQUdVQWJnQmpBR1VBYUFCbEFHRUFiQUIwQUdnQUxnQmpBRzhBYlFBNkFEUUFOQUF6QUM4QWJBQmhBSGtBYndCMUFIUUFjd0F2QUdRQVpRQm1BR0VBZFFCc0FIUUFMd0F2QUcwQVlRQnBBRzRBTGdCcUFITUFJZ0FzQUNJQWRBQWlBRG9BSWdCbEFIWUFaUUJ1QUhRQUlnQjlBQ3dBZXdBaUFHNEFJZ0E2QUNJQWNnQmxBR0VBWkFCNUFITUFkQUJoQUhRQVpRQmpBR2dBWVFCdUFHY0FaUUFpQUN3QUlnQnpBQ0lBT2dBekFERUFNUUF6QUN3QUlnQmxBQ0lBT2dBekFERUFNUUF6QUN3QUlnQnZBQ0lBT2dBaUFESUFNQUF3QUNBQVJ3QkZBRlFBT2dBZ0FITUFkQUJoQUdjQWFRQnVBR2NBY0FCeUFHVUFaQUJwQUdNQWRBQTFBQzRBYVFCdUFHWUFiQUIxQUdVQWJnQmpBR1VBYUFCbEFHRUFiQUIwQUdnQUxnQmpBRzhBYlFBNkFEUUFOQUF6QUM4QWJBQmhBSGtBYndCMUFIUUFjd0F2QUdRQVpRQm1BR0VBZFFCc0FIUUFMd0F2QUcwQVlRQnBBRzRBTGdCcUFITUFJZ0FzQUNJQWRBQWlBRG9BSWdCbEFIWUFaUUJ1QUhRQUlnQjlBQ3dBZXdBaUFHNEFJZ0E2QUNJQWNnQmxBR0VBWkFCNUFITUFkQUJoQUhRQVpRQmpBR2dBWVFCdUFHY0FaUUFpQUN3QUlnQnpBQ0lBT2dBekFERUFNZ0F3QUN3QUlnQmxBQ0lBT2dBekFERUFNZ0F3QUN3QUlnQnZBQ0lBT2dBaUFIVUFiZ0JrQUdVQVpnQnBBRzRBWlFCa0FDQUFSd0JGQUZRQU9nQWdBSE1BZEFCaEFHY0FhUUJ1QUdjQWNBQnlBR1VBWkFCcEFHTUFkQUExQUM0QWFRQnVBR1lBYkFCMUFHVUFiZ0JqQUdVQWFBQmxBR0VBYkFCMEFHZ0FMZ0JqQUc4QWJRQTZBRFFBTkFBekFDOEFiQUJoQUhrQWJ3QjFBSFFBY3dBdkFHUUFaUUJtQUdFQWRRQnNBSFFBTHdCcEFHNEFaQUJsQUhnQUxnQm9BSFFBYlFCc0FDSUFMQUFpQUhRQUlnQTZBQ0lBWlFCMkFHVUFiZ0IwQUNJQWZRQXNBSHNBSWdCdUFDSUFPZ0FpQUhJQVpRQmhBR1FBZVFCekFIUUFZUUIwQUdVQVl3Qm9BR0VBYmdCbkFHVUFJZ0FzQUNJQWN3QWlBRG9BTXdBeEFESUFNQUFzQUNJQVpRQWlBRG9BTXdBeEFESUFNQUFzQUNJQWJ3QWlBRG9BSWdCMUFHNEFaQUJsQUdZQWFRQnVBR1VBWkFBZ0FFY0FSUUJVQURvQUlBQnpBSFFBWVFCbkFHa0FiZ0JuQUhBQWNnQmxBR1FBYVFCakFIUUFOUUF1QUdrQWJnQm1BR3dBZFFCbEFHNEFZd0JsQUdnQVpRQmhBR3dBZEFCb0FDNEFZd0J2QUcwQU9nQTBBRFFBTXdBdkFHd0FZUUI1QUc4QWRRQjBBSE1BTHdCa0FHVUFaZ0JoQUhVQWJBQjBBQzhBYVFCdUFHUUFaUUI0QUM0QWFBQjBBRzBBYkFBaUFDd0FJZ0IwQUNJQU9nQWlBR1VBZGdCbEFHNEFkQUFpQUgwQUxBQjdBQ0lBYmdBaUFEb0FJZ0J5QUdVQVlRQmtBSGtBY3dCMEFHRUFkQUJsQUdNQWFBQmhBRzRBWndCbEFDSUFMQUFpQUhNQUlnQTZBRE1BTWdBeUFEZ0FMQUFpQUdVQUlnQTZBRE1BTWdBeUFEZ0FMQUFpQUc4QUlnQTZBQ0lBZFFCdUFHUUFaUUJtQUdrQWJnQmxBR1FBSUFCUUFFOEFVd0JVQURvQUlBQmlBR0VBYlFBdUFHNEFjZ0F0QUdRQVlRQjBBR0VBTGdCdUFHVUFkQUE2QURRQU5BQXpBQzhBY2dCbEFITUFid0IxQUhJQVl3QmxBSE1BTHdBeEFDOEFaUUEwQUdZQU5nQXpBR1FBWVFBMkFETUFOd0FpQUN3QUlnQjBBQ0lBT2dBaUFHVUFkZ0JsQUc0QWRBQWlBSDBBTEFCN0FDSUFiZ0FpQURvQUlnQnlBR1VBWVFCa0FIa0Fjd0IwQUdFQWRBQmxBR01BYUFCaEFHNEFad0JsQUNJQUxBQWlBSE1BSWdBNkFETUFNZ0F5QURrQUxBQWlBR1VBSWdBNkFETUFNZ0F5QURrQUxBQWlBRzhBSWdBNkFDSUFkUUJ1QUdRQVpRQm1BR2tBYmdCbEFHUUFJQUJRQUU4QVV3QlVBRG9BSUFCaUFHRUFiUUF1QUc0QWNnQXRBR1FBWVFCMEFHRUFMZ0J1QUdVQWRBQTZBRFFBTkFBekFDOEFjZ0JsQUhNQWJ3QjFBSElBWXdCbEFITUFMd0F4QUM4QVpRQTBBR1lBTmdBekFHUUFZUUEyQURNQU53QWlBQ3dBSWdCMEFDSUFPZ0FpQUdVQWRnQmxBRzRBZEFBaUFIMEFMQUI3QUNJQWJnQWlBRG9BSWdCeUFHVUFZUUJrQUhrQWN3QjBBR0VBZEFCbEFHTUFhQUJoQUc0QVp3QmxBQ0lBTEFBaUFITUFJZ0E2QURNQU1nQXpBRFVBTEFBaUFHVUFJZ0E2QURNQU1nQXpBRFVBTEFBaUFHOEFJZ0E2QUNJQWRRQnVBR1FBWlFCbUFHa0FiZ0JsQUdRQUlBQkhBRVVBVkFBNkFDQUFjd0IwQUdFQVp3QnBBRzRBWndCd0FISUFaUUJrQUdrQVl3QjBBRFVBTGdCcEFHNEFaZ0JzQUhVQVpRQnVBR01BWlFCb0FHVUFZUUJzQUhRQWFBQXVBR01BYndCdEFEb0FOQUEwQURNQUx3QnNBR0VBZVFCdkFIVUFkQUJ6QUM4QVpBQmxBR1lBWVFCMUFHd0FkQUF2QUdrQWJnQmtBR1VBZUFBdUFHZ0FkQUJ0QUd3QUlnQXNBQ0lBZEFBaUFEb0FJZ0JsQUhZQVpRQnVBSFFBSWdCOUFDd0Fld0FpQUc0QUlnQTZBQ0lBY2dCbEFHRUFaQUI1QUhNQWRBQmhBSFFBWlFCakFHZ0FZUUJ1QUdjQVpRQWlBQ3dBSWdCekFDSUFPZ0F6QURJQU13QTJBQ3dBSWdCbEFDSUFPZ0F6QURJQU13QTJBQ3dBSWdCdkFDSUFPZ0FpQUhVQWJnQmtBR1VBWmdCcEFHNEFaUUJrQUNBQVJ3QkZBRlFBT2dBZ0FITUFkQUJoQUdjQWFRQnVBR2NBY0FCeUFHVUFaQUJwQUdNQWRBQTFBQzRBYVFCdUFHWUFiQUIxQUdVQWJnQmpBR1VBYUFCbEFHRUFiQUIwQUdnQUxnQmpBRzhBYlFBNkFEUUFOQUF6QUM4QWJBQmhBSGtBYndCMUFIUUFjd0F2QUdRQVpRQm1BR0VBZFFCc0FIUUFMd0JwQUc0QVpBQmxBSGdBTGdCb0FIUUFiUUJzQUNJQUxBQWlBSFFBSWdBNkFDSUFaUUIyQUdVQWJnQjBBQ0lBZlFBc0FIc0FJZ0J1QUNJQU9nQWlBSElBWlFCaEFHUUFlUUJ6QUhRQVlRQjBBR1VBWXdCb0FHRUFiZ0JuQUdVQUlnQXNBQ0lBY3dBaUFEb0FNd0F5QURNQU5nQXNBQ0lBWlFBaUFEb0FNd0F5QURNQU53QXNBQ0lBYndBaUFEb0FJZ0IxQUc0QVpBQmxBR1lBYVFCdUFHVUFaQUFnQUVjQVJRQlVBRG9BSUFCekFIUUFZUUJuQUdrQWJnQm5BSEFBY2dCbEFHUUFhUUJqQUhRQU5RQXVBR2tBYmdCbUFHd0FkUUJsQUc0QVl3QmxBR2dBWlFCaEFHd0FkQUJvQUM0QVl3QnZBRzBBT2dBMEFEUUFNd0F2QUd3QVlRQjVBRzhBZFFCMEFITUFMd0JrQUdVQVpnQmhBSFVBYkFCMEFDOEFhUUJ1QUdRQVpRQjRBQzRBYUFCMEFHMEFiQUFpQUN3QUlnQjBBQ0lBT2dBaUFHVUFkZ0JsQUc0QWRBQWlBSDBBTEFCN0FDSUFiZ0FpQURvQUlnQnlBR1VBWVFCa0FIa0Fjd0IwQUdFQWRBQmxBR01BYUFCaEFHNEFad0JsQUNJQUxBQWlBSE1BSWdBNkFETUFNZ0ExQURnQUxBQWlBR1VBSWdBNkFETUFNZ0ExQURnQUxBQWlBRzhBSWdBNkFDSUFkUUJ1QUdRQVpRQm1BR2tBYmdCbEFHUUFJQUJIQUVVQVZBQTZBQ0FBY3dCMEFHRUFad0JwQUc0QVp3QndBSElBWlFCa0FHa0FZd0IwQURVQUxnQnBBRzRBWmdCc0FIVUFaUUJ1QUdNQVpRQm9BR1VBWVFCc0FIUUFhQUF1QUdNQWJ3QnRBRG9BTkFBMEFETUFMd0FrQUcwQWJ3QmtBSFVBYkFCbEFDOEFiUUJ2QUdRQWRRQnNBR1VBY3dBdkFITUFaUUJ6QUhNQWFRQnZBRzRBSWdBc0FDSUFkQUFpQURvQUlnQmxBSFlBWlFCdUFIUUFJZ0I5QUN3QWV3QWlBRzRBSWdBNkFDSUFjZ0JsQUdFQVpBQjVBSE1BZEFCaEFIUUFaUUJqQUdnQVlRQnVBR2NBWlFBaUFDd0FJZ0J6QUNJQU9nQXpBRElBTlFBNEFDd0FJZ0JsQUNJQU9nQXpBRElBTlFBNEFDd0FJZ0J2QUNJQU9nQWlBSFVBYmdCa0FHVUFaZ0JwQUc0QVpRQmtBQ0FBUndCRkFGUUFPZ0FnQUhNQWRBQmhBR2NBYVFCdUFHY0FjQUJ5QUdVQVpBQnBBR01BZEFBMUFDNEFhUUJ1QUdZQWJBQjFBR1VBYmdCakFHVUFhQUJsQUdFQWJBQjBBR2dBTGdCakFHOEFiUUE2QURRQU5BQXpBQzhBSkFCdEFHOEFaQUIxQUd3QVpRQXZBRzBBYndCa0FIVUFiQUJsQUhNQUx3QnpBR1VBY3dCekFHa0Fid0J1QUNJQUxBQWlBSFFBSWdBNkFDSUFaUUIyQUdVQWJnQjBBQ0lBZlFBc0FIc0FJZ0J1QUNJQU9nQWlBSElBWlFCaEFHUUFlUUJ6QUhRQVlRQjBBR1VBWXdCb0FHRUFiZ0JuQUdVQUlnQXNBQ0lBY3dBaUFEb0FNd0F6QURnQU1RQXNBQ0lBWlFBaUFEb0FNd0F6QURnQU1RQXNBQ0lBYndBaUFEb0FJZ0IxQUc0QVpBQmxBR1lBYVFCdUFHVUFaQUFnQUVjQVJRQlVBRG9BSUFCekFIUUFZUUJuQUdrQWJnQm5BSEFBY2dCbEFHUUFhUUJqQUhRQU5RQXVBR2tBYmdCbUFHd0FkUUJsQUc0QVl3QmxBR2dBWlFCaEFHd0FkQUJvQUM0QVl3QnZBRzBBT2dBMEFEUUFNd0F2QUNRQWJRQnZBR1FBZFFCc0FHVUFMd0J0QUc4QVpBQjFBR3dBWlFCekFDOEFjd0JsQUhNQWN3QnBBRzhBYmdBaUFDd0FJZ0IwQUNJQU9nQWlBR1VBZGdCbEFHNEFkQUFpQUgwQUxBQjdBQ0lBYmdBaUFEb0FJZ0J5QUdVQVlRQmtBSGtBY3dCMEFHRUFkQUJsQUdNQWFBQmhBRzRBWndCbEFDSUFMQUFpQUhNQUlnQTZBRE1BTXdBNEFERUFMQUFpQUdVQUlnQTZBRE1BTXdBNEFERUFMQUFpQUc4QUlnQTZBQ0lBZFFCdUFHUUFaUUJtQUdrQWJnQmxBR1FBSUFCSEFFVUFWQUE2QUNBQWN3QjBBR0VBWndCcEFHNEFad0J3QUhJQVpRQmtBR2tBWXdCMEFEVUFMZ0JwQUc0QVpnQnNBSFVBWlFCdUFHTUFaUUJvQUdVQVlRQnNBSFFBYUFBdUFHTUFid0J0QURvQU5BQTBBRE1BTHdBa0FHMEFid0JrQUhVQWJBQmxBQzhBYlFCdkFHUUFkUUJzQUdVQWN3QXZBSE1BWlFCekFITUFhUUJ2QUc0QUlnQXNBQ0lBZEFBaUFEb0FJZ0JsQUhZQVpRQnVBSFFBSWdCOUFDd0Fld0FpQUc0QUlnQTZBQ0lBY2dCbEFHRUFaQUI1QUhNQWRBQmhBSFFBWlFCakFHZ0FZUUJ1QUdjQVpRQWlBQ3dBSWdCekFDSUFPZ0F6QURNQU9BQXhBQ3dBSWdCbEFDSUFPZ0F6QURNQU9BQXhBQ3dBSWdCdkFDSUFPZ0FpQUhVQWJnQmtBR1VBWmdCcEFHNEFaUUJrQUNBQVJ3QkZBRlFBT2dBZ0FITUFkQUJoQUdjQWFRQnVBR2NBY0FCeUFHVUFaQUJwQUdNQWRBQTFBQzRBYVFCdUFHWUFiQUIxQUdVQWJnQmpBR1VBYUFCbEFHRUFiQUIwQUdnQUxnQmpBRzhBYlFBNkFEUUFOQUF6QUM4QUpBQnRBRzhBWkFCMUFHd0FaUUF2QUcwQWJ3QmtBSFVBYkFCbEFITUFMd0J6QUdVQWN3QnpBR2tBYndCdUFDSUFMQUFpQUhRQUlnQTZBQ0lBWlFCMkFHVUFiZ0IwQUNJQWZRQXNBSHNBSWdCdUFDSUFPZ0FpQUhJQVpRQmhBR1FBZVFCekFIUUFZUUIwQUdVQVl3Qm9BR0VBYmdCbkFHVUFJZ0FzQUNJQWN3QWlBRG9BTXdBekFEZ0FOQUFzQUNJQVpRQWlBRG9BTXdBekFEZ0FOQUFzQUNJQWJ3QWlBRG9BSWdCMUFHNEFaQUJsQUdZQWFRQnVBR1VBWkFBZ0FFY0FSUUJVQURvQUlBQnpBSFFBWVFCbkFHa0FiZ0JuQUhBQWNnQmxBR1FBYVFCakFIUUFOUUF1QUdrQWJnQm1BR3dBZFFCbEFHNEFZd0JsQUdnQVpRQmhBR3dBZEFCb0FDNEFZd0J2QUcwQU9nQTBBRFFBTXdBdkFHMEFid0JrQUhVQWJBQmxBSE1BTHdCekFHVUFjd0J6QUdrQWJ3QnVBQzhBTHdCdEFHRUFhUUJ1QUM0QWFnQnpBQ0lBTEFBaUFIUUFJZ0E2QUNJQVpRQjJBR1VBYmdCMEFDSUFmUUFzQUhzQUlnQnVBQ0lBT2dBaUFISUFaUUJoQUdRQWVRQnpBSFFBWVFCMEFHVUFZd0JvQUdFQWJnQm5BR1VBSWdBc0FDSUFjd0FpQURvQU13QXpBRGdBTlFBc0FDSUFaUUFpQURvQU13QXpBRGdBTlFBc0FDSUFid0FpQURvQUlnQjFBRzRBWkFCbEFHWUFhUUJ1QUdVQVpBQWdBRWNBUlFCVUFEb0FJQUJ6QUhRQVlRQm5BR2tBYmdCbkFIQUFjZ0JsQUdRQWFRQmpBSFFBTlFBdUFHa0FiZ0JtQUd3QWRRQmxBRzRBWXdCbEFHZ0FaUUJoQUd3QWRBQm9BQzRBWXdCdkFHMEFPZ0EwQURRQU13QXZBRzBBYndCa0FIVUFiQUJsQUhNQUx3QnpBR1VBY3dCekFHa0Fid0J1QUM4QUx3QnRBR0VBYVFCdUFDNEFhZ0J6QUNJQUxBQWlBSFFBSWdBNkFDSUFaUUIyQUdVQWJnQjBBQ0lBZlFBc0FIc0FJZ0J1QUNJQU9nQWlBSElBWlFCaEFHUUFlUUJ6QUhRQVlRQjBBR1VBWXdCb0FHRUFiZ0JuQUdVQUlnQXNBQ0lBY3dBaUFEb0FNd0F6QURnQU9BQXNBQ0lBWlFBaUFEb0FNd0F6QURnQU9BQXNBQ0lBYndBaUFEb0FJZ0IxQUc0QVpBQmxBR1lBYVFCdUFHVUFaQUFnQUVjQVJRQlVBRG9BSUFCekFIUUFZUUJuQUdrQWJnQm5BSEFBY2dCbEFHUUFhUUJqQUhRQU5RQXVBR2tBYmdCbUFHd0FkUUJsQUc0QVl3QmxBR2dBWlFCaEFHd0FkQUJvQUM0QVl3QnZBRzBBT2dBMEFEUUFNd0F2QUcwQWJ3QmtBSFVBYkFCbEFITUFMd0J6QUdVQWN3QnpBR2tBYndCdUFDOEFMd0JqQUc4QWJnQjBBSElBYndCc0FHd0FaUUJ5QUhNQVhBQmNBRXdBYndCbkFHa0FiZ0JEQUhRQWNnQnNBQzRBYWdCekFDSUFMQUFpQUhRQUlnQTZBQ0lBWlFCMkFHVUFiZ0IwQUNJQWZRQXNBSHNBSWdCdUFDSUFPZ0FpQUhJQVpRQmhBR1FBZVFCekFIUUFZUUIwQUdVQVl3Qm9BR0VBYmdCbkFHVUFJZ0FzQUNJQWN3QWlBRG9BTXdBekFEZ0FPUUFzQUNJQVpRQWlBRG9BTXdBekFEZ0FPUUFzQUNJQWJ3QWlBRG9BSWdCMUFHNEFaQUJsQUdZQWFRQnVBR1VBWkFBZ0FFY0FSUUJVQURvQUlBQnpBSFFBWVFCbkFHa0FiZ0JuQUhBQWNnQmxBR1FBYVFCakFIUUFOUUF1QUdrQWJnQm1BR3dBZFFCbEFHNEFZd0JsQUdnQVpRQmhBR3dBZEFCb0FDNEFZd0J2QUcwQU9nQTBBRFFBTXdBdkFHMEFid0JrQUhVQWJBQmxBSE1BTHdCekFHVUFjd0J6QUdrQWJ3QnVBQzhBTHdCakFHOEFiZ0IwQUhJQWJ3QnNBR3dBWlFCeUFITUFYQUJjQUV3QWJ3Qm5BR2tBYmdCREFIUUFjZ0JzQUM0QWFnQnpBQ0lBTEFBaUFIUUFJZ0E2QUNJQVpRQjJBR1VBYmdCMEFDSUFmUUFzQUhzQUlnQnVBQ0lBT2dBaUFISUFaUUJoQUdRQWVRQnpBSFFBWVFCMEFHVUFZd0JvQUdFQWJnQm5BR1VBSWdBc0FDSUFjd0FpQURvQU13QXpBRGtBTXdBc0FDSUFaUUFpQURvQU13QXpBRGtBTXdBc0FDSUFid0FpQURvQUlnQjFBRzRBWkFCbEFHWUFhUUJ1QUdVQVpBQWdBRWNBUlFCVUFEb0FJQUJ6QUhRQVlRQm5BR2tBYmdCbkFIQUFjZ0JsQUdRQWFRQmpBSFFBTlFBdUFHa0FiZ0JtQUd3QWRRQmxBRzRBWXdCbEFHZ0FaUUJoQUd3QWRBQm9BQzRBWXdCdkFHMEFPZ0EwQURRQU13QXZBRzBBYndCa0FIVUFiQUJsQUhNQUx3QnpBR1VBY3dCekFHa0Fid0J1QUM4QUx3QmpBRzhBYmdCMEFISUFid0JzQUd3QVpRQnlBSE1BWEFCY0FFd0Fid0JuQUc4QWRRQjBBRU1BZEFCeUFHd0FMZ0JxQUhNQUlnQXNBQ0lBZEFBaUFEb0FJZ0JsQUhZQVpRQnVBSFFBSWdCOUFDd0Fld0FpQUc0QUlnQTZBQ0lBY2dCbEFHRUFaQUI1QUhNQWRBQmhBSFFBWlFCakFHZ0FZUUJ1QUdjQVpRQWlBQ3dBSWdCekFDSUFPZ0F6QURNQU9RQXpBQ3dBSWdCbEFDSUFPZ0F6QURNQU9RQXpBQ3dBSWdCdkFDSUFPZ0FpQUhVQWJnQmtBR1VBWmdCcEFHNEFaUUJrQUNBQVJ3QkZBRlFBT2dBZ0FITUFkQUJoQUdjQWFRQnVBR2NBY0FCeUFHVUFaQUJwQUdNQWRBQTFBQzRBYVFCdUFHWUFiQUIxQUdVQWJnQmpBR1VBYUFCbEFHRUFiQUIwQUdnQUxnQmpBRzhBYlFBNkFEUUFOQUF6QUM4QWJRQnZBR1FBZFFCc0FHVUFjd0F2QUhNQVpRQnpBSE1BYVFCdkFHNEFMd0F2QUdNQWJ3QnVBSFFBY2dCdkFHd0FiQUJsQUhJQWN3QmNBRndBVEFCdkFHY0Fid0IxQUhRQVF3QjBBSElBYkFBdUFHb0Fjd0FpQUN3QUlnQjBBQ0lBT2dBaUFHVUFkZ0JsQUc0QWRBQWlBSDBBTEFCN0FDSUFiZ0FpQURvQUlnQnlBR1VBWVFCa0FIa0Fjd0IwQUdFQWRBQmxBR01BYUFCaEFHNEFad0JsQUNJQUxBQWlBSE1BSWdBNkFETUFNd0E1QURjQUxBQWlBR1VBSWdBNkFETUFNd0E1QURjQUxBQWlBRzhBSWdBNkFDSUFkUUJ1QUdRQVpRQm1BR2tBYmdCbEFHUUFJQUJIQUVVQVZBQTZBQ0FBY3dCMEFHRUFad0JwQUc0QVp3QndBSElBWlFCa0FHa0FZd0IwQURVQUxnQnBBRzRBWmdCc0FIVUFaUUJ1QUdNQVpRQm9BR1VBWVFCc0FIUUFhQUF1QUdNQWJ3QnRBRG9BTkFBMEFETUFMd0J0QUc4QVpBQjFBR3dBWlFCekFDOEFjd0JsQUhNQWN3QnBBRzhBYmdBdkFDOEFZd0J2QUc0QWRBQnlBRzhBYkFCc0FHVUFjZ0J6QUZ3QVhBQlNBRzhBZFFCMEFHVUFRd0IwQUhJQWJBQXVBR29BY3dBaUFDd0FJZ0IwQUNJQU9nQWlBR1VBZGdCbEFHNEFkQUFpQUgwQUxBQjdBQ0lBYmdBaUFEb0FJZ0J5QUdVQVlRQmtBSGtBY3dCMEFHRUFkQUJsQUdNQWFBQmhBRzRBWndCbEFDSUFMQUFpQUhNQUlnQTZBRE1BTXdBNUFEZ0FMQUFpQUdVQUlnQTZBRE1BTXdBNUFEZ0FMQUFpQUc4QUlnQTZBQ0lBZFFCdUFHUUFaUUJtQUdrQWJnQmxBR1FBSUFCSEFFVUFWQUE2QUNBQWN3QjBBR0VBWndCcEFHNEFad0J3QUhJQVpRQmtBR2tBWXdCMEFEVUFMZ0JwQUc0QVpnQnNBSFVBWlFCdUFHTUFaUUJvQUdVQVlRQnNBSFFBYUFBdUFHTUFid0J0QURvQU5BQTBBRE1BTHdCdEFHOEFaQUIxQUd3QVpRQnpBQzhBY3dCbEFITUFjd0JwQUc4QWJnQXZBQzhBWXdCdkFHNEFkQUJ5QUc4QWJBQnNBR1VBY2dCekFGd0FYQUJTQUc4QWRRQjBBR1VBUXdCMEFISUFiQUF1QUdvQWN3QWlBQ3dBSWdCMEFDSUFPZ0FpQUdVQWRnQmxBRzRBZEFBaUFIMEFMQUI3QUNJQWJnQWlBRG9BSWdCeUFHVUFZUUJrQUhrQWN3QjBBR0VBZEFCbEFHTUFhQUJoQUc0QVp3QmxBQ0lBTEFBaUFITUFJZ0E2QURNQU5BQXdBREVBTEFBaUFHVUFJZ0E2QURNQU5BQXdBREVBTEFBaUFHOEFJZ0E2QUNJQWRRQnVBR1FBWlFCbUFHa0FiZ0JsQUdRQUlBQlFBRThBVXdCVUFEb0FJQUJpQUdFQWJRQXVBRzRBY2dBdEFHUUFZUUIwQUdFQUxnQnVBR1VBZEFBNkFEUUFOQUF6QUM4QWNnQmxBSE1BYndCMUFISUFZd0JsQUhNQUx3QXhBQzhBWlFBMEFHWUFOZ0F6QUdRQVlRQTJBRE1BTndBaUFDd0FJZ0IwQUNJQU9nQWlBR1VBZGdCbEFHNEFkQUFpQUgwQUxBQjdBQ0lBYmdBaUFEb0FJZ0J5QUdVQVlRQmtBSGtBY3dCMEFHRUFkQUJsQUdNQWFBQmhBRzRBWndCbEFDSUFMQUFpQUhNQUlnQTZBRE1BTkFBd0FERUFMQUFpQUdVQUlnQTZBRE1BTkFBd0FERUFMQUFpQUc4QUlnQTZBQ0lBZFFCdUFHUUFaUUJtQUdrQWJnQmxBR1FBSUFCUUFFOEFVd0JVQURvQUlBQmlBR0VBYlFBdUFHNEFjZ0F0QUdRQVlRQjBBR0VBTGdCdUFHVUFkQUE2QURRQU5BQXpBQzhBY2dCbEFITUFid0IxQUhJQVl3QmxBSE1BTHdBeEFDOEFaUUEwQUdZQU5nQXpBR1FBWVFBMkFETUFOd0FpQUN3QUlnQjBBQ0lBT2dBaUFHVUFkZ0JsQUc0QWRBQWlBSDBBTEFCN0FDSUFiZ0FpQURvQUlnQnlBR1VBWVFCa0FIa0Fjd0IwQUdFQWRBQmxBR01BYUFCaEFHNEFad0JsQUNJQUxBQWlBSE1BSWdBNkFETUFOQUF3QURFQUxBQWlBR1VBSWdBNkFETUFOQUF3QURFQUxBQWlBRzhBSWdBNkFDSUFkUUJ1QUdRQVpRQm1BR2tBYmdCbEFHUUFJQUJRQUU4QVV3QlVBRG9BSUFCaUFHRUFiUUF1QUc0QWNnQXRBR1FBWVFCMEFHRUFMZ0J1QUdVQWRBQTZBRFFBTkFBekFDOEFjZ0JsQUhNQWJ3QjFBSElBWXdCbEFITUFMd0F4QUM4QVpRQTBBR1lBTmdBekFHUUFZUUEyQURNQU53QWlBQ3dBSWdCMEFDSUFPZ0FpQUdVQWRnQmxBRzRBZEFBaUFIMEFMQUI3QUNJQWJnQWlBRG9BSWdCeUFHVUFZUUJrQUhrQWN3QjBBR0VBZEFCbEFHTUFhQUJoQUc0QVp3QmxBQ0lBTEFBaUFITUFJZ0E2QURNQU5BQXpBRFlBTEFBaUFHVUFJZ0E2QURNQU5BQXpBRFlBTEFBaUFHOEFJZ0E2QUNJQWRRQnVBR1FBWlFCbUFHa0FiZ0JsQUdRQUlBQkhBRVVBVkFBNkFDQUFjd0IwQUdFQVp3QnBBRzRBWndCd0FISUFaUUJrQUdrQVl3QjBBRFVBTGdCcEFHNEFaZ0JzQUhVQVpRQnVBR01BWlFCb0FHVUFZUUJzQUhRQWFBQXVBR01BYndCdEFEb0FOQUEwQURNQUx3QnRBRzhBWkFCMUFHd0FaUUJ6QUM4QWN3QmxBSE1BY3dCcEFHOEFiZ0F2QUM4QWJRQmhBR2tBYmdBdUFHb0Fjd0FpQUN3QUlnQjBBQ0lBT2dBaUFHVUFkZ0JsQUc0QWRBQWlBSDBBTEFCN0FDSUFiZ0FpQURvQUlnQnlBR1VBWVFCa0FIa0Fjd0IwQUdFQWRBQmxBR01BYUFCaEFHNEFad0JsQUNJQUxBQWlBSE1BSWdBNkFETUFOQUF6QURjQUxBQWlBR1VBSWdBNkFETUFOQUF6QURjQUxBQWlBRzhBSWdBNkFDSUFkUUJ1QUdRQVpRQm1BR2tBYmdCbEFHUUFJQUJIQUVVQVZBQTZBQ0FBY3dCMEFHRUFad0JwQUc0QVp3QndBSElBWlFCa0FHa0FZd0IwQURVQUxnQnBBRzRBWmdCc0FIVUFaUUJ1QUdNQVpRQm9BR1VBWVFCc0FIUUFhQUF1QUdNQWJ3QnRBRG9BTkFBMEFETUFMd0J0QUc4QVpBQjFBR3dBWlFCekFDOEFjd0JsQUhNQWN3QnBBRzhBYmdBdkFDOEFiUUJoQUdrQWJnQXVBR29BY3dBaUFDd0FJZ0IwQUNJQU9nQWlBR1VBZGdCbEFHNEFkQUFpQUgwQUxBQjdBQ0lBYmdBaUFEb0FJZ0J5QUdVQVlRQmtBSGtBY3dCMEFHRUFkQUJsQUdNQWFBQmhBRzRBWndCbEFDSUFMQUFpQUhNQUlnQTZBRE1BTkFBekFEY0FMQUFpQUdVQUlnQTZBRE1BTkFBekFEY0FMQUFpQUc4QUlnQTZBQ0lBZFFCdUFHUUFaUUJtQUdrQWJnQmxBR1FBSUFCSEFFVUFWQUE2QUNBQWN3QjBBR0VBWndCcEFHNEFad0J3QUhJQVpRQmtBR2tBWXdCMEFEVUFMZ0JwQUc0QVpnQnNBSFVBWlFCdUFHTUFaUUJvQUdVQVlRQnNBSFFBYUFBdUFHTUFid0J0QURvQU5BQTBBRE1BTHdCdEFHOEFaQUIxQUd3QVpRQnpBQzhBY3dCbEFITUFjd0JwQUc4QWJnQXZBQzhBYlFCaEFHa0FiZ0F1QUdvQWN3QWlBQ3dBSWdCMEFDSUFPZ0FpQUdVQWRnQmxBRzRBZEFBaUFIMEFMQUI3QUNJQWJnQWlBRG9BSWdCeUFHVUFZUUJrQUhrQWN3QjBBR0VBZEFCbEFHTUFhQUJoQUc0QVp3QmxBQ0lBTEFBaUFITUFJZ0E2QURNQU5BQXpBRGNBTEFBaUFHVUFJZ0E2QURNQU5BQXpBRGNBTEFBaUFHOEFJZ0E2QUNJQWRRQnVBR1FBWlFCbUFHa0FiZ0JsQUdRQUlBQkhBRVVBVkFBNkFDQUFjd0IwQUdFQVp3QnBBRzRBWndCd0FISUFaUUJrQUdrQVl3QjBBRFVBTGdCcEFHNEFaZ0JzQUhVQVpRQnVBR01BWlFCb0FHVUFZUUJzQUhRQWFBQXVBR01BYndCdEFEb0FOQUEwQURNQUx3QnRBRzhBWkFCMUFHd0FaUUJ6QUM4QWN3QmxBSE1BY3dCcEFHOEFiZ0F2QUM4QWJRQmhBR2tBYmdBdUFHb0Fjd0FpQUN3QUlnQjBBQ0lBT2dBaUFHVUFkZ0JsQUc0QWRBQWlBSDBBTEFCN0FDSUFiZ0FpQURvQUlnQnlBR1VBWVFCa0FIa0Fjd0IwQUdFQWRBQmxBR01BYUFCaEFHNEFad0JsQUNJQUxBQWlBSE1BSWdBNkFETUFOQUEwQURFQUxBQWlBR1VBSWdBNkFETUFOQUEwQURFQUxBQWlBRzhBSWdBNkFDSUFkUUJ1QUdRQVpRQm1BR2tBYmdCbEFHUUFJQUJIQUVVQVZBQTZBQ0FBY3dCMEFHRUFad0JwQUc0QVp3QndBSElBWlFCa0FHa0FZd0IwQURVQUxnQnBBRzRBWmdCc0FIVUFaUUJ1QUdNQVpRQm9BR1VBWVFCc0FIUUFhQUF1QUdNQWJ3QnRBRG9BTkFBMEFETUFMd0J0QUc4QVpBQjFBR3dBWlFCekFDOEFjd0JsQUhNQWN3QnBBRzhBYmdBdkFHTUFid0J1QUhRQWNnQnZBR3dBYkFCbEFISUFjd0F2QUZJQWJ3QjFBSFFBWlFCREFIUUFjZ0JzQUM0QWFnQnpBQ0lBTEFBaUFIUUFJZ0E2QUNJQVpRQjJBR1VBYmdCMEFDSUFmUUFzQUhzQUlnQnVBQ0lBT2dBaUFISUFaUUJoQUdRQWVRQnpBSFFBWVFCMEFHVUFZd0JvQUdFQWJnQm5BR1VBSWdBc0FDSUFjd0FpQURvQU13QTBBRFFBTWdBc0FDSUFaUUFpQURvQU13QTBBRFFBTWdBc0FDSUFid0FpQURvQUlnQjFBRzRBWkFCbEFHWUFhUUJ1QUdVQVpBQWdBRWNBUlFCVUFEb0FJQUJ6QUhRQVlRQm5BR2tBYmdCbkFIQUFjZ0JsQUdRQWFRQmpBSFFBTlFBdUFHa0FiZ0JtQUd3QWRRQmxBRzRBWXdCbEFHZ0FaUUJoQUd3QWRBQm9BQzRBWXdCdkFHMEFPZ0EwQURRQU13QXZBRzBBYndCa0FIVUFiQUJsQUhNQUx3QnpBR1VBY3dCekFHa0Fid0J1QUM4QVl3QnZBRzRBZEFCeUFHOEFiQUJzQUdVQWNnQnpBQzhBVWdCdkFIVUFkQUJsQUVNQWRBQnlBR3dBTGdCcUFITUFJZ0FzQUNJQWRBQWlBRG9BSWdCbEFIWUFaUUJ1QUhRQUlnQjlBQ3dBZXdBaUFHNEFJZ0E2QUNJQWNnQmxBR0VBWkFCNUFITUFkQUJoQUhRQVpRQmpBR2dBWVFCdUFHY0FaUUFpQUN3QUlnQnpBQ0lBT2dBekFEUUFOQUExQUN3QUlnQmxBQ0lBT2dBekFEUUFOQUExQUN3QUlnQnZBQ0lBT2dBaUFIVUFiZ0JrQUdVQVpnQnBBRzRBWlFCa0FDQUFSd0JGQUZRQU9nQWdBSE1BZEFCaEFHY0FhUUJ1QUdjQWNBQnlBR1VBWkFCcEFHTUFkQUExQUM0QWFRQnVBR1lBYkFCMUFHVUFiZ0JqQUdVQWFBQmxBR0VBYkFCMEFHZ0FMZ0JqQUc4QWJRQTZBRFFBTkFBekFDOEFiUUJ2QUdRQWRRQnNBR1VBY3dBdkFITUFaUUJ6QUhNQWFRQnZBRzRBTHdCakFHOEFiZ0IwQUhJQWJ3QnNBR3dBWlFCeUFITUFMd0JNQUc4QVp3QnBBRzRBUXdCMEFISUFiQUF1QUdvQWN3QWlBQ3dBSWdCMEFDSUFPZ0FpQUdVQWRnQmxBRzRBZEFBaUFIMEFMQUI3QUNJQWJnQWlBRG9BSWdCeUFHVUFZUUJrQUhrQWN3QjBBR0VBZEFCbEFHTUFhQUJoQUc0QVp3QmxBQ0lBTEFBaUFITUFJZ0E2QURNQU5BQTBBRFlBTEFBaUFHVUFJZ0E2QURNQU5BQTBBRFlBTEFBaUFHOEFJZ0E2QUNJQWRRQnVBR1FBWlFCbUFHa0FiZ0JsQUdRQUlBQkhBRVVBVkFBNkFDQUFjd0IwQUdFQVp3QnBBRzRBWndCd0FISUFaUUJrQUdrQVl3QjBBRFVBTGdCcEFHNEFaZ0JzQUhVQVpRQnVBR01BWlFCb0FHVUFZUUJzQUhRQWFBQXVBR01BYndCdEFEb0FOQUEwQURNQUx3QnRBRzhBWkFCMUFHd0FaUUJ6QUM4QWN3QmxBSE1BY3dCcEFHOEFiZ0F2QUdNQWJ3QnVBSFFBY2dCdkFHd0FiQUJsQUhJQWN3QXZBRXdBYndCbkFHa0FiZ0JEQUhRQWNnQnNBQzRBYWdCekFDSUFMQUFpQUhRQUlnQTZBQ0lBWlFCMkFHVUFiZ0IwQUNJQWZRQXNBSHNBSWdCdUFDSUFPZ0FpQUhJQVpRQmhBR1FBZVFCekFIUUFZUUIwQUdVQVl3Qm9BR0VBYmdCbkFHVUFJZ0FzQUNJQWN3QWlBRG9BTXdBMEFEUUFPUUFzQUNJQVpRQWlBRG9BTXdBMEFEUUFPUUFzQUNJQWJ3QWlBRG9BSWdCMUFHNEFaQUJsQUdZQWFRQnVBR1VBWkFBZ0FFY0FSUUJVQURvQUlBQnpBSFFBWVFCbkFHa0FiZ0JuQUhBQWNnQmxBR1FBYVFCakFIUUFOUUF1QUdrQWJnQm1BR3dBZFFCbEFHNEFZd0JsQUdnQVpRQmhBR3dBZEFCb0FDNEFZd0J2QUcwQU9nQTBBRFFBTXdBdkFHMEFid0JrQUhVQWJBQmxBSE1BTHdCekFHVUFjd0J6QUdrQWJ3QnVBQzhBWXdCdkFHNEFkQUJ5QUc4QWJBQnNBR1VBY2dCekFDOEFUQUJ2QUdjQWJ3QjFBSFFBUXdCMEFISUFiQUF1QUdvQWN3QWlBQ3dBSWdCMEFDSUFPZ0FpQUdVQWRnQmxBRzRBZEFBaUFIMEFMQUI3QUNJQWJnQWlBRG9BSWdCeUFHVUFZUUJrQUhrQWN3QjBBR0VBZEFCbEFHTUFhQUJoQUc0QVp3QmxBQ0lBTEFBaUFITUFJZ0E2QURNQU5BQTFBREFBTEFBaUFHVUFJZ0E2QURNQU5BQTFBREFBTEFBaUFHOEFJZ0E2QUNJQWRRQnVBR1FBWlFCbUFHa0FiZ0JsQUdRQUlBQkhBRVVBVkFBNkFDQUFjd0IwQUdFQVp3QnBBRzRBWndCd0FISUFaUUJrQUdrQVl3QjBBRFVBTGdCcEFHNEFaZ0JzQUhVQVpRQnVBR01BWlFCb0FHVUFZUUJzQUhRQWFBQXVBR01BYndCdEFEb0FOQUEwQURNQUx3QnRBRzhBWkFCMUFHd0FaUUJ6QUM4QWN3QmxBSE1BY3dCcEFHOEFiZ0F2QUdNQWJ3QnVBSFFBY2dCdkFHd0FiQUJsQUhJQWN3QXZBRXdBYndCbkFHOEFkUUIwQUVNQWRBQnlBR3dBTGdCcUFITUFJZ0FzQUNJQWRBQWlBRG9BSWdCbEFIWUFaUUJ1QUhRQUlnQjlBQ3dBZXdBaUFHNEFJZ0E2QUNJQWNnQmxBR0VBWkFCNUFITUFkQUJoQUhRQVpRQmpBR2dBWVFCdUFHY0FaUUFpQUN3QUlnQnpBQ0lBT2dBekFEUUFOUUEyQUN3QUlnQmxBQ0lBT2dBekFEUUFOUUEyQUN3QUlnQnZBQ0lBT2dBaUFIVUFiZ0JrQUdVQVpnQnBBRzRBWlFCa0FDQUFSd0JGQUZRQU9nQWdBSE1BZEFCaEFHY0FhUUJ1QUdjQWNBQnlBR1VBWkFCcEFHTUFkQUExQUM0QWFRQnVBR1lBYkFCMUFHVUFiZ0JqQUdVQWFBQmxBR0VBYkFCMEFHZ0FMZ0JqQUc4QWJRQTZBRFFBTkFBekFDOEFiUUJ2QUdRQWRRQnNBR1VBY3dBdkFITUFaUUJ6QUhNQWFRQnZBRzRBTHdBdkFHTUFid0J1QUhRQWNnQnZBR3dBYkFCbEFISUFjd0JjQUZ3QVRBQnZBR2NBYVFCdUFFTUFkQUJ5QUd3QUxnQnFBSE1BSWdBc0FDSUFkQUFpQURvQUlnQmxBSFlBWlFCdUFIUUFJZ0I5QUN3QWV3QWlBRzRBSWdBNkFDSUFjZ0JsQUdFQVpBQjVBSE1BZEFCaEFIUUFaUUJqQUdnQVlRQnVBR2NBWlFBaUFDd0FJZ0J6QUNJQU9nQXpBRFFBTlFBM0FDd0FJZ0JsQUNJQU9nQXpBRFFBTlFBM0FDd0FJZ0J2QUNJQU9nQWlBSFVBYmdCa0FHVUFaZ0JwQUc0QVpRQmtBQ0FBUndCRkFGUUFPZ0FnQUhNQWRBQmhBR2NBYVFCdUFHY0FjQUJ5QUdVQVpBQnBBR01BZEFBMUFDNEFhUUJ1QUdZQWJBQjFBR1VBYmdCakFHVUFhQUJsQUdFQWJBQjBBR2dBTGdCakFHOEFiUUE2QURRQU5BQXpBQzhBYlFCdkFHUUFkUUJzQUdVQWN3QXZBSE1BWlFCekFITUFhUUJ2QUc0QUx3QXZBR01BYndCdUFIUUFjZ0J2QUd3QWJBQmxBSElBY3dCY0FGd0FUQUJ2QUdjQWFRQnVBRU1BZEFCeUFHd0FMZ0JxQUhNQUlnQXNBQ0lBZEFBaUFEb0FJZ0JsQUhZQVpRQnVBSFFBSWdCOUFDd0Fld0FpQUc0QUlnQTZBQ0lBY2dCbEFHRUFaQUI1QUhNQWRBQmhBSFFBWlFCakFHZ0FZUUJ1QUdjQVpRQWlBQ3dBSWdCekFDSUFPZ0F6QURRQU5RQTNBQ3dBSWdCbEFDSUFPZ0F6QURRQU5RQTNBQ3dBSWdCdkFDSUFPZ0FpQUhVQWJnQmtBR1VBWmdCcEFHNEFaUUJrQUNBQVJ3QkZBRlFBT2dBZ0FITUFkQUJoQUdjQWFRQnVBR2NBY0FCeUFHVUFaQUJwQUdNQWRBQTFBQzRBYVFCdUFHWUFiQUIxQUdVQWJnQmpBR1VBYUFCbEFHRUFiQUIwQUdnQUxnQmpBRzhBYlFBNkFEUUFOQUF6QUM4QWJRQnZBR1FBZFFCc0FHVUFjd0F2QUhNQVpRQnpBSE1BYVFCdkFHNEFMd0F2QUdNQWJ3QnVBSFFBY2dCdkFHd0FiQUJsQUhJQWN3QmNBRndBVEFCdkFHY0FhUUJ1QUVNQWRBQnlBR3dBTGdCcUFITUFJZ0FzQUNJQWRBQWlBRG9BSWdCbEFIWUFaUUJ1QUhRQUlnQjlBQ3dBZXdBaUFHNEFJZ0E2QUNJQWNnQmxBR0VBWkFCNUFITUFkQUJoQUhRQVpRQmpBR2dBWVFCdUFHY0FaUUFpQUN3QUlnQnpBQ0lBT2dBekFEUUFOUUEzQUN3QUlnQmxBQ0lBT2dBekFEUUFOUUEzQUN3QUlnQnZBQ0lBT2dBaUFIVUFiZ0JrQUdVQVpnQnBBRzRBWlFCa0FDQUFSd0JGQUZRQU9nQWdBSE1BZEFCaEFHY0FhUUJ1QUdjQWNBQnlBR1VBWkFCcEFHTUFkQUExQUM0QWFRQnVBR1lBYkFCMUFHVUFiZ0JqQUdVQWFBQmxBR0VBYkFCMEFHZ0FMZ0JqQUc4QWJRQTZBRFFBTkFBekFDOEFiUUJ2QUdRQWRRQnNBR1VBY3dBdkFITUFaUUJ6QUhNQWFRQnZBRzRBTHdBdkFHTUFid0J1QUhRQWNnQnZBR3dBYkFCbEFISUFjd0JjQUZ3QVRBQnZBR2NBYVFCdUFFTUFkQUJ5QUd3QUxnQnFBSE1BSWdBc0FDSUFkQUFpQURvQUlnQmxBSFlBWlFCdUFIUUFJZ0I5QUN3QWV3QWlBRzRBSWdBNkFDSUFjZ0JsQUdFQVpBQjVBSE1BZEFCaEFIUUFaUUJqQUdnQVlRQnVBR2NBWlFBaUFDd0FJZ0J6QUNJQU9nQXpBRFFBTlFBM0FDd0FJZ0JsQUNJQU9nQXpBRFFBTlFBM0FDd0FJZ0J2QUNJQU9nQWlBSFVBYmdCa0FHVUFaZ0JwQUc0QVpRQmtBQ0FBUndCRkFGUUFPZ0FnQUhNQWRBQmhBR2NBYVFCdUFHY0FjQUJ5QUdVQVpBQnBBR01BZEFBMUFDNEFhUUJ1QUdZQWJBQjFBR1VBYmdCakFHVUFhQUJsQUdFQWJBQjBBR2dBTGdCakFHOEFiUUE2QURRQU5BQXpBQzhBYlFCdkFHUUFkUUJzQUdVQWN3QXZBSE1BWlFCekFITUFhUUJ2QUc0QUx3QXZBR01BYndCdUFIUUFjZ0J2QUd3QWJBQmxBSElBY3dCY0FGd0FUQUJ2QUdjQWFRQnVBRU1BZEFCeUFHd0FMZ0JxQUhNQUlnQXNBQ0lBZEFBaUFEb0FJZ0JsQUhZQVpRQnVBSFFBSWdCOUFDd0Fld0FpQUc0QUlnQTZBQ0lBY2dCbEFHRUFaQUI1QUhNQWRBQmhBSFFBWlFCakFHZ0FZUUJ1QUdjQVpRQWlBQ3dBSWdCekFDSUFPZ0F6QURRQU5RQTNBQ3dBSWdCbEFDSUFPZ0F6QURRQU5RQTNBQ3dBSWdCdkFDSUFPZ0FpQUhVQWJnQmtBR1VBWmdCcEFHNEFaUUJrQUNBQVJ3QkZBRlFBT2dBZ0FITUFkQUJoQUdjQWFRQnVBR2NBY0FCeUFHVUFaQUJwQUdNQWRBQTFBQzRBYVFCdUFHWUFiQUIxQUdVQWJnQmpBR1VBYUFCbEFHRUFiQUIwQUdnQUxnQmpBRzhBYlFBNkFEUUFOQUF6QUM4QWJRQnZBR1FBZFFCc0FHVUFjd0F2QUhNQVpRQnpBSE1BYVFCdkFHNEFMd0F2QUdNQWJ3QnVBSFFBY2dCdkFHd0FiQUJsQUhJQWN3QmNBRndBVEFCdkFHY0FhUUJ1QUVNQWRBQnlBR3dBTGdCcUFITUFJZ0FzQUNJQWRBQWlBRG9BSWdCbEFIWUFaUUJ1QUhRQUlnQjlBQ3dBZXdBaUFHNEFJZ0E2QUNJQWNnQmxBR0VBWkFCNUFITUFkQUJoQUhRQVpRQmpBR2dBWVFCdUFHY0FaUUFpQUN3QUlnQnpBQ0lBT2dBekFEUUFOUUE0QUN3QUlnQmxBQ0lBT2dBekFEUUFOUUE0QUN3QUlnQnZBQ0lBT2dBaUFIVUFiZ0JrQUdVQVpnQnBBRzRBWlFCa0FDQUFSd0JGQUZRQU9nQWdBSE1BZEFCaEFHY0FhUUJ1QUdjQWNBQnlBR1VBWkFCcEFHTUFkQUExQUM0QWFRQnVBR1lBYkFCMUFHVUFiZ0JqQUdVQWFBQmxBR0VBYkFCMEFHZ0FMZ0JqQUc4QWJRQTZBRFFBTkFBekFDOEFiUUJ2QUdRQWRRQnNBR1VBY3dBdkFITUFaUUJ6QUhNQWFRQnZBRzRBTHdBdkFHTUFid0J1QUhRQWNnQnZBR3dBYkFCbEFISUFjd0JjQUZ3QVRBQnZBR2NBYVFCdUFFTUFkQUJ5QUd3QUxnQnFBSE1BSWdBc0FDSUFkQUFpQURvQUlnQmxBSFlBWlFCdUFIUUFJZ0I5QUN3QWV3QWlBRzRBSWdBNkFDSUFjZ0JsQUdFQVpBQjVBSE1BZEFCaEFIUUFaUUJqQUdnQVlRQnVBR2NBWlFBaUFDd0FJZ0J6QUNJQU9nQXpBRFFBTndBeUFDd0FJZ0JsQUNJQU9nQXpBRFFBTndBeUFDd0FJZ0J2QUNJQU9nQWlBSFVBYmdCa0FHVUFaZ0JwQUc0QVpRQmtBQ0FBUndCRkFGUUFPZ0FnQUhNQWRBQmhBR2NBYVFCdUFHY0FjQUJ5QUdVQVpBQnBBR01BZEFBMUFDNEFhUUJ1QUdZQWJBQjFBR1VBYmdCakFHVUFhQUJsQUdFQWJBQjBBR2dBTGdCakFHOEFiUUE2QURRQU5BQXpBQzhBYlFCdkFHUUFkUUJzQUdVQWN3QXZBSE1BWlFCekFITUFhUUJ2QUc0QUx3QXZBR01BYndCdUFIUUFjZ0J2QUd3QWJBQmxBSElBY3dCY0FGd0FUQUJ2QUdjQWJ3QjFBSFFBUXdCMEFISUFiQUF1QUdvQWN3QWlBQ3dBSWdCMEFDSUFPZ0FpQUdVQWRnQmxBRzRBZEFBaUFIMEFMQUI3QUNJQWJnQWlBRG9BSWdCeUFHVUFZUUJrQUhrQWN3QjBBR0VBZEFCbEFHTUFhQUJoQUc0QVp3QmxBQ0lBTEFBaUFITUFJZ0E2QURNQU5BQTNBRElBTEFBaUFHVUFJZ0E2QURNQU5BQTNBRElBTEFBaUFHOEFJZ0E2QUNJQWRRQnVBR1FBWlFCbUFHa0FiZ0JsQUdRQUlBQkhBRVVBVkFBNkFDQUFjd0IwQUdFQVp3QnBBRzRBWndCd0FISUFaUUJrQUdrQVl3QjBBRFVBTGdCcEFHNEFaZ0JzQUhVQVpRQnVBR01BWlFCb0FHVUFZUUJzQUhRQWFBQXVBR01BYndCdEFEb0FOQUEwQURNQUx3QnRBRzhBWkFCMUFHd0FaUUJ6QUM4QWN3QmxBSE1BY3dCcEFHOEFiZ0F2QUM4QVl3QnZBRzRBZEFCeUFHOEFiQUJzQUdVQWNnQnpBRndBWEFCTUFHOEFad0J2QUhVQWRBQkRBSFFBY2dCc0FDNEFhZ0J6QUNJQUxBQWlBSFFBSWdBNkFDSUFaUUIyQUdVQWJnQjBBQ0lBZlFBc0FIc0FJZ0J1QUNJQU9nQWlBSElBWlFCaEFHUUFlUUJ6QUhRQVlRQjBBR1VBWXdCb0FHRUFiZ0JuQUdVQUlnQXNBQ0lBY3dBaUFEb0FNd0EwQURjQU1nQXNBQ0lBWlFBaUFEb0FNd0EwQURjQU1nQXNBQ0lBYndBaUFEb0FJZ0IxQUc0QVpBQmxBR1lBYVFCdUFHVUFaQUFnQUVjQVJRQlVBRG9BSUFCekFIUUFZUUJuQUdrQWJnQm5BSEFBY2dCbEFHUUFhUUJqQUhRQU5RQXVBR2tBYmdCbUFHd0FkUUJsQUc0QVl3QmxBR2dBWlFCaEFHd0FkQUJvQUM0QVl3QnZBRzBBT2dBMEFEUUFNd0F2QUcwQWJ3QmtBSFVBYkFCbEFITUFMd0J6QUdVQWN3QnpBR2tBYndCdUFDOEFMd0JqQUc4QWJnQjBBSElBYndCc0FHd0FaUUJ5QUhNQVhBQmNBRXdBYndCbkFHOEFkUUIwQUVNQWRBQnlBR3dBTGdCcUFITUFJZ0FzQUNJQWRBQWlBRG9BSWdCbEFIWUFaUUJ1QUhRQUlnQjlBQ3dBZXdBaUFHNEFJZ0E2QUNJQWNnQmxBR0VBWkFCNUFITUFkQUJoQUhRQVpRQmpBR2dBWVFCdUFHY0FaUUFpQUN3QUlnQnpBQ0lBT2dBekFEUUFOd0EwQUN3QUlnQmxBQ0lBT2dBekFEUUFOd0EwQUN3QUlnQnZBQ0lBT2dBaUFIVUFiZ0JrQUdVQVpnQnBBRzRBWlFCa0FDQUFSd0JGQUZRQU9nQWdBSE1BZEFCaEFHY0FhUUJ1QUdjQWNBQnlBR1VBWkFCcEFHTUFkQUExQUM0QWFRQnVBR1lBYkFCMUFHVUFiZ0JqQUdVQWFBQmxBR0VBYkFCMEFHZ0FMZ0JqQUc4QWJRQTZBRFFBTkFBekFDOEFiUUJ2QUdRQWRRQnNBR1VBY3dBdkFITUFaUUJ6QUhNQWFRQnZBRzRBTHdBdkFHTUFid0J1QUhRQWNnQnZBR3dBYkFCbEFISUFjd0JjQUZ3QVVnQnZBSFVBZEFCbEFFTUFkQUJ5QUd3QUxnQnFBSE1BSWdBc0FDSUFkQUFpQURvQUlnQmxBSFlBWlFCdUFIUUFJZ0I5QUN3QWV3QWlBRzRBSWdBNkFDSUFjZ0JsQUdFQVpBQjVBSE1BZEFCaEFIUUFaUUJqQUdnQVlRQnVBR2NBWlFBaUFDd0FJZ0J6QUNJQU9nQXpBRFFBTndBMEFDd0FJZ0JsQUNJQU9nQXpBRFFBTndBMEFDd0FJZ0J2QUNJQU9nQWlBSFVBYmdCa0FHVUFaZ0JwQUc0QVpRQmtBQ0FBUndCRkFGUUFPZ0FnQUhNQWRBQmhBR2NBYVFCdUFHY0FjQUJ5QUdVQVpBQnBBR01BZEFBMUFDNEFhUUJ1QUdZQWJBQjFBR1VBYmdCakFHVUFhQUJsQUdFQWJBQjBBR2dBTGdCakFHOEFiUUE2QURRQU5BQXpBQzhBYlFCdkFHUUFkUUJzQUdVQWN3QXZBSE1BWlFCekFITUFhUUJ2QUc0QUx3QXZBR01BYndCdUFIUUFjZ0J2QUd3QWJBQmxBSElBY3dCY0FGd0FVZ0J2QUhVQWRBQmxBRU1BZEFCeUFHd0FMZ0JxQUhNQUlnQXNBQ0lBZEFBaUFEb0FJZ0JsQUhZQVpRQnVBSFFBSWdCOUFDd0Fld0FpQUc0QUlnQTZBQ0lBY2dCbEFHRUFaQUI1QUhNQWRBQmhBSFFBWlFCakFHZ0FZUUJ1QUdjQVpRQWlBQ3dBSWdCekFDSUFPZ0F6QURRQU53QTBBQ3dBSWdCbEFDSUFPZ0F6QURRQU53QTBBQ3dBSWdCdkFDSUFPZ0FpQUhVQWJnQmtBR1VBWmdCcEFHNEFaUUJrQUNBQVJ3QkZBRlFBT2dBZ0FITUFkQUJoQUdjQWFRQnVBR2NBY0FCeUFHVUFaQUJwQUdNQWRBQTFBQzRBYVFCdUFHWUFiQUIxQUdVQWJnQmpBR1VBYUFCbEFHRUFiQUIwQUdnQUxnQmpBRzhBYlFBNkFEUUFOQUF6QUM4QWJRQnZBR1FBZFFCc0FHVUFjd0F2QUhNQVpRQnpBSE1BYVFCdkFHNEFMd0F2QUdNQWJ3QnVBSFFBY2dCdkFHd0FiQUJsQUhJQWN3QmNBRndBVWdCdkFIVUFkQUJsQUVNQWRBQnlBR3dBTGdCcUFITUFJZ0FzQUNJQWRBQWlBRG9BSWdCbEFIWUFaUUJ1QUhRQUlnQjlBQ3dBZXdBaUFHNEFJZ0E2QUNJQWNnQmxBR0VBWkFCNUFITUFkQUJoQUhRQVpRQmpBR2dBWVFCdUFHY0FaUUFpQUN3QUlnQnpBQ0lBT2dBekFEUUFOd0E1QUN3QUlnQmxBQ0lBT2dBekFEUUFOd0E1QUN3QUlnQnZBQ0lBT2dBaUFIVUFiZ0JrQUdVQVpnQnBBRzRBWlFCa0FDQUFSd0JGQUZRQU9nQWdBSE1BZEFCaEFHY0FhUUJ1QUdjQWNBQnlBR1VBWkFCcEFHTUFkQUExQUM0QWFRQnVBR1lBYkFCMUFHVUFiZ0JqQUdVQWFBQmxBR0VBYkFCMEFHZ0FMZ0JqQUc4QWJRQTZBRFFBTkFBekFDOEFiUUJ2QUdRQWRRQnNBR1VBY3dBdkFITUFaUUJ6QUhNQWFRQnZBRzRBTHdCcEFHNEFaQUJsQUhnQUxnQm9BSFFBYlFCc0FDSUFMQUFpQUhRQUlnQTZBQ0lBWlFCMkFHVUFiZ0IwQUNJQWZRQXNBSHNBSWdCdUFDSUFPZ0FpQUhJQVpRQmhBR1FBZVFCekFIUUFZUUIwQUdVQVl3Qm9BR0VBYmdCbkFHVUFJZ0FzQUNJQWN3QWlBRG9BTXdBMEFEY0FPUUFzQUNJQVpRQWlBRG9BTXdBMEFEZ0FNQUFzQUNJQWJ3QWlBRG9BSWdCMUFHNEFaQUJsQUdZQWFRQnVBR1VBWkFBZ0FFY0FSUUJVQURvQUlBQnpBSFFBWVFCbkFHa0FiZ0JuQUhBQWNnQmxBR1FBYVFCakFIUUFOUUF1QUdrQWJnQm1BR3dBZFFCbEFHNEFZd0JsQUdnQVpRQmhBR3dBZEFCb0FDNEFZd0J2QUcwQU9nQTBBRFFBTXdBdkFHMEFid0JrQUhVQWJBQmxBSE1BTHdCekFHVUFjd0J6QUdrQWJ3QnVBQzhBYVFCdUFHUUFaUUI0QUM0QWFBQjBBRzBBYkFBaUFDd0FJZ0IwQUNJQU9nQWlBR1VBZGdCbEFHNEFkQUFpQUgwQUxBQjdBQ0lBYmdBaUFEb0FJZ0J5QUdVQVlRQmtBSGtBY3dCMEFHRUFkQUJsQUdNQWFBQmhBRzRBWndCbEFDSUFMQUFpQUhNQUlnQTZBRE1BTkFBNUFETUFMQUFpQUdVQUlnQTZBRE1BTkFBNUFETUFMQUFpQUc4QUlnQTZBQ0lBZFFCdUFHUUFaUUJtQUdrQWJnQmxBR1FBSUFCSEFFVUFWQUE2QUNBQWN3QjBBR0VBWndCcEFHNEFad0J3QUhJQVpRQmtBR2tBWXdCMEFEVUFMZ0JwQUc0QVpnQnNBSFVBWlFCdUFHTUFaUUJvQUdVQVlRQnNBSFFBYUFBdUFHTUFid0J0QURvQU5BQTBBRE1BTHdCdEFHOEFaQUIxQUd3QVpRQnpBQzhBY3dCbEFITUFjd0JwQUc4QWJnQXZBR01BYndCdUFIUUFjZ0J2QUd3QWJBQmxBSElBY3dBdkFGSUFid0IxQUhRQVpRQkRBSFFBY2dCc0FDNEFhZ0J6QUNJQUxBQWlBSFFBSWdBNkFDSUFaUUIyQUdVQWJnQjBBQ0lBZlFBc0FIc0FJZ0J1QUNJQU9nQWlBSElBWlFCaEFHUUFlUUJ6QUhRQVlRQjBBR1VBWXdCb0FHRUFiZ0JuQUdVQUlnQXNBQ0lBY3dBaUFEb0FNd0EwQURrQU13QXNBQ0lBWlFBaUFEb0FNd0EwQURrQU13QXNBQ0lBYndBaUFEb0FJZ0IxQUc0QVpBQmxBR1lBYVFCdUFHVUFaQUFnQUVjQVJRQlVBRG9BSUFCekFIUUFZUUJuQUdrQWJnQm5BSEFBY2dCbEFHUUFhUUJqQUhRQU5RQXVBR2tBYmdCbUFHd0FkUUJsQUc0QVl3QmxBR2dBWlFCaEFHd0FkQUJvQUM0QVl3QnZBRzBBT2dBMEFEUUFNd0F2QUcwQWJ3QmtBSFVBYkFCbEFITUFMd0J6QUdVQWN3QnpBR2tBYndCdUFDOEFZd0J2QUc0QWRBQnlBRzhBYkFCc0FHVUFjZ0J6QUM4QVVnQnZBSFVBZEFCbEFFTUFkQUJ5QUd3QUxnQnFBSE1BSWdBc0FDSUFkQUFpQURvQUlnQmxBSFlBWlFCdUFIUUFJZ0I5QUN3QWV3QWlBRzRBSWdBNkFDSUFjZ0JsQUdFQVpBQjVBSE1BZEFCaEFIUUFaUUJqQUdnQVlRQnVBR2NBWlFBaUFDd0FJZ0J6QUNJQU9nQXpBRFFBT1FBekFDd0FJZ0JsQUNJQU9nQXpBRFFBT1FBekFDd0FJZ0J2QUNJQU9nQWlBSFVBYmdCa0FHVUFaZ0JwQUc0QVpRQmtBQ0FBUndCRkFGUUFPZ0FnQUhNQWRBQmhBR2NBYVFCdUFHY0FjQUJ5QUdVQVpBQnBBR01BZEFBMUFDNEFhUUJ1QUdZQWJBQjFBR1VBYmdCakFHVUFhQUJsQUdFQWJBQjBBR2dBTGdCakFHOEFiUUE2QURRQU5BQXpBQzhBYlFCdkFHUUFkUUJzQUdVQWN3QXZBSE1BWlFCekFITUFhUUJ2QUc0QUx3QmpBRzhBYmdCMEFISUFid0JzQUd3QVpRQnlBSE1BTHdCU0FHOEFkUUIwQUdVQVF3QjBBSElBYkFBdUFHb0Fjd0FpQUN3QUlnQjBBQ0lBT2dBaUFHVUFkZ0JsQUc0QWRBQWlBSDBBTEFCN0FDSUFiZ0FpQURvQUlnQnlBR1VBWVFCa0FIa0Fjd0IwQUdFQWRBQmxBR01BYUFCaEFHNEFad0JsQUNJQUxBQWlBSE1BSWdBNkFETUFOUUF3QURFQUxBQWlBR1VBSWdBNkFETUFOUUF3QURFQUxBQWlBRzhBSWdBNkFDSUFkUUJ1QUdRQVpRQm1BR2tBYmdCbEFHUUFJQUJIQUVVQVZBQTZBQ0FBY3dCMEFHRUFad0JwQUc0QVp3QndBSElBWlFCa0FHa0FZd0IwQURVQUxnQnBBRzRBWmdCc0FIVUFaUUJ1QUdNQVpRQm9BR1VBWVFCc0FIUUFhQUF1QUdNQWJ3QnRBRG9BTkFBMEFETUFMd0J0QUc4QVpBQjFBR3dBWlFCekFDOEFjd0JsQUhNQWN3QnBBRzhBYmdBdkFHTUFid0J1QUhRQWNnQnZBR3dBYkFCbEFISUFjd0F2QUV3QWJ3Qm5BR2tBYmdCREFIUUFjZ0JzQUM0QWFnQnpBQ0lBTEFBaUFIUUFJZ0E2QUNJQVpRQjJBR1VBYmdCMEFDSUFmUUFzQUhzQUlnQnVBQ0lBT2dBaUFISUFaUUJoQUdRQWVRQnpBSFFBWVFCMEFHVUFZd0JvQUdFQWJnQm5BR1VBSWdBc0FDSUFjd0FpQURvQU13QTFBREFBTVFBc0FDSUFaUUFpQURvQU13QTFBREFBTVFBc0FDSUFid0FpQURvQUlnQjFBRzRBWkFCbEFHWUFhUUJ1QUdVQVpBQWdBRWNBUlFCVUFEb0FJQUJ6QUhRQVlRQm5BR2tBYmdCbkFIQUFjZ0JsQUdRQWFRQmpBSFFBTlFBdUFHa0FiZ0JtQUd3QWRRQmxBRzRBWXdCbEFHZ0FaUUJoQUd3QWRBQm9BQzRBWXdCdkFHMEFPZ0EwQURRQU13QXZBRzBBYndCa0FIVUFiQUJsQUhNQUx3QnpBR1VBY3dCekFHa0Fid0J1QUM4QVl3QnZBRzRBZEFCeUFHOEFiQUJzQUdVQWNnQnpBQzhBVEFCdkFHY0FhUUJ1QUVNQWRBQnlBR3dBTGdCcUFITUFJZ0FzQUNJQWRBQWlBRG9BSWdCbEFIWUFaUUJ1QUhRQUlnQjlBQ3dBZXdBaUFHNEFJZ0E2QUNJQWNnQmxBR0VBWkFCNUFITUFkQUJoQUhRQVpRQmpBR2dBWVFCdUFHY0FaUUFpQUN3QUlnQnpBQ0lBT2dBekFEVUFNQUF4QUN3QUlnQmxBQ0lBT2dBekFEVUFNQUF4QUN3QUlnQnZBQ0lBT2dBaUFIVUFiZ0JrQUdVQVpnQnBBRzRBWlFCa0FDQUFSd0JGQUZRQU9nQWdBSE1BZEFCaEFHY0FhUUJ1QUdjQWNBQnlBR1VBWkFCcEFHTUFkQUExQUM0QWFRQnVBR1lBYkFCMUFHVUFiZ0JqQUdVQWFBQmxBR0VBYkFCMEFHZ0FMZ0JqQUc4QWJRQTZBRFFBTkFBekFDOEFiUUJ2QUdRQWRRQnNBR1VBY3dBdkFITUFaUUJ6QUhNQWFRQnZBRzRBTHdCakFHOEFiZ0IwQUhJQWJ3QnNBR3dBWlFCeUFITUFMd0JNQUc4QVp3QnBBRzRBUXdCMEFISUFiQUF1QUdvQWN3QWlBQ3dBSWdCMEFDSUFPZ0FpQUdVQWRnQmxBRzRBZEFBaUFIMEFMQUI3QUNJQWJnQWlBRG9BSWdCeUFHVUFZUUJrQUhrQWN3QjBBR0VBZEFCbEFHTUFhQUJoQUc0QVp3QmxBQ0lBTEFBaUFITUFJZ0E2QURNQU5RQXdBRElBTEFBaUFHVUFJZ0E2QURNQU5RQXdBRElBTEFBaUFHOEFJZ0E2QUNJQWRRQnVBR1FBWlFCbUFHa0FiZ0JsQUdRQUlBQkhBRVVBVkFBNkFDQUFjd0IwQUdFQVp3QnBBRzRBWndCd0FISUFaUUJrQUdrQVl3QjBBRFVBTGdCcEFHNEFaZ0JzQUhVQVpRQnVBR01BWlFCb0FHVUFZUUJzQUhRQWFBQXVBR01BYndCdEFEb0FOQUEwQURNQUx3QnRBRzhBWkFCMUFHd0FaUUJ6QUM4QWN3QmxBSE1BY3dCcEFHOEFiZ0F2QUdNQWJ3QnVBSFFBY2dCdkFHd0FiQUJsQUhJQWN3QXZBRXdBYndCbkFHa0FiZ0JEQUhRQWNnQnNBQzRBYWdCekFDSUFMQUFpQUhRQUlnQTZBQ0lBWlFCMkFHVUFiZ0IwQUNJQWZRQXNBSHNBSWdCdUFDSUFPZ0FpQUhJQVpRQmhBR1FBZVFCekFIUUFZUUIwQUdVQVl3Qm9BR0VBYmdCbkFHVUFJZ0FzQUNJQWN3QWlBRG9BTXdBMUFEQUFNZ0FzQUNJQVpRQWlBRG9BTXdBMUFEQUFNZ0FzQUNJQWJ3QWlBRG9BSWdCMUFHNEFaQUJsQUdZQWFRQnVBR1VBWkFBZ0FFY0FSUUJVQURvQUlBQnpBSFFBWVFCbkFHa0FiZ0JuQUhBQWNnQmxBR1FBYVFCakFIUUFOUUF1QUdrQWJnQm1BR3dBZFFCbEFHNEFZd0JsQUdnQVpRQmhBR3dBZEFCb0FDNEFZd0J2QUcwQU9nQTBBRFFBTXdBdkFHMEFid0JrQUhVQWJBQmxBSE1BTHdCekFHVUFjd0J6QUdrQWJ3QnVBQzhBWXdCdkFHNEFkQUJ5QUc4QWJBQnNBR1VBY2dCekFDOEFUQUJ2QUdjQWFRQnVBRU1BZEFCeUFHd0FMZ0JxQUhNQUlnQXNBQ0lBZEFBaUFEb0FJZ0JsQUhZQVpRQnVBSFFBSWdCOUFDd0Fld0FpQUc0QUlnQTZBQ0lBY2dCbEFHRUFaQUI1QUhNQWRBQmhBSFFBWlFCakFHZ0FZUUJ1QUdjQVpRQWlBQ3dBSWdCekFDSUFPZ0F6QURVQU1BQXlBQ3dBSWdCbEFDSUFPZ0F6QURVQU1BQXlBQ3dBSWdCdkFDSUFPZ0FpQUhVQWJnQmtBR1VBWmdCcEFHNEFaUUJrQUNBQVJ3QkZBRlFBT2dBZ0FITUFkQUJoQUdjQWFRQnVBR2NBY0FCeUFHVUFaQUJwQUdNQWRBQTFBQzRBYVFCdUFHWUFiQUIxQUdVQWJnQmpBR1VBYUFCbEFHRUFiQUIwQUdnQUxnQmpBRzhBYlFBNkFEUUFOQUF6QUM4QWJRQnZBR1FBZFFCc0FHVUFjd0F2QUhNQVpRQnpBSE1BYVFCdkFHNEFMd0JqQUc4QWJnQjBBSElBYndCc0FHd0FaUUJ5QUhNQUx3Qk1BRzhBWndCcEFHNEFRd0IwQUhJQWJBQXVBR29BY3dBaUFDd0FJZ0IwQUNJQU9nQWlBR1VBZGdCbEFHNEFkQUFpQUgwQUxBQjdBQ0lBYmdBaUFEb0FJZ0J5QUdVQVlRQmtBSGtBY3dCMEFHRUFkQUJsQUdNQWFBQmhBRzRBWndCbEFDSUFMQUFpQUhNQUlnQTZBRE1BTlFBd0FESUFMQUFpQUdVQUlnQTZBRE1BTlFBd0FESUFMQUFpQUc4QUlnQTZBQ0lBZFFCdUFHUUFaUUJtQUdrQWJnQmxBR1FBSUFCSEFFVUFWQUE2QUNBQWN3QjBBR0VBWndCcEFHNEFad0J3QUhJQVpRQmtBR2tBWXdCMEFEVUFMZ0JwQUc0QVpnQnNBSFVBWlFCdUFHTUFaUUJvQUdVQVlRQnNBSFFBYUFBdUFHTUFid0J0QURvQU5BQTBBRE1BTHdCdEFHOEFaQUIxQUd3QVpRQnpBQzhBY3dCbEFITUFjd0JwQUc4QWJnQXZBR01BYndCdUFIUUFjZ0J2QUd3QWJBQmxBSElBY3dBdkFFd0Fid0JuQUdrQWJnQkRBSFFBY2dCc0FDNEFhZ0J6QUNJQUxBQWlBSFFBSWdBNkFDSUFaUUIyQUdVQWJnQjBBQ0lBZlFBc0FIc0FJZ0J1QUNJQU9nQWlBSElBWlFCaEFHUUFlUUJ6QUhRQVlRQjBBR1VBWXdCb0FHRUFiZ0JuQUdVQUlnQXNBQ0lBY3dBaUFEb0FNd0ExQURBQU53QXNBQ0lBWlFBaUFEb0FNd0ExQURBQU53QXNBQ0lBYndBaUFEb0FJZ0IxQUc0QVpBQmxBR1lBYVFCdUFHVUFaQUFnQUVjQVJRQlVBRG9BSUFCekFIUUFZUUJuQUdrQWJnQm5BSEFBY2dCbEFHUUFhUUJqQUhRQU5RQXVBR2tBYmdCbUFHd0FkUUJsQUc0QVl3QmxBR2dBWlFCaEFHd0FkQUJvQUM0QVl3QnZBRzBBT2dBMEFEUUFNd0F2QUcwQWJ3QmtBSFVBYkFCbEFITUFMd0J6QUdVQWN3QnpBR2tBYndCdUFDOEFZd0J2QUc0QWRBQnlBRzhBYkFCc0FHVUFjZ0J6QUM4QVRBQnZBR2NBYndCMUFIUUFRd0IwQUhJQWJBQXVBR29BY3dBaUFDd0FJZ0IwQUNJQU9nQWlBR1VBZGdCbEFHNEFkQUFpQUgwQUxBQjdBQ0lBYmdBaUFEb0FJZ0J5QUdVQVlRQmtBSGtBY3dCMEFHRUFkQUJsQUdNQWFBQmhBRzRBWndCbEFDSUFMQUFpQUhNQUlnQTZBRE1BTlFBd0FEY0FMQUFpQUdVQUlnQTZBRE1BTlFBd0FEY0FMQUFpQUc4QUlnQTZBQ0lBZFFCdUFHUUFaUUJtQUdrQWJnQmxBR1FBSUFCSEFFVUFWQUE2QUNBQWN3QjBBR0VBWndCcEFHNEFad0J3QUhJQVpRQmtBR2tBWXdCMEFEVUFMZ0JwQUc0QVpnQnNBSFVBWlFCdUFHTUFaUUJvQUdVQVlRQnNBSFFBYUFBdUFHTUFid0J0QURvQU5BQTBBRE1BTHdCdEFHOEFaQUIxQUd3QVpRQnpBQzhBY3dCbEFITUFjd0JwQUc4QWJnQXZBR01BYndCdUFIUUFjZ0J2QUd3QWJBQmxBSElBY3dBdkFFd0Fid0JuQUc4QWRRQjBBRU1BZEFCeUFHd0FMZ0JxQUhNQUlnQXNBQ0lBZEFBaUFEb0FJZ0JsQUhZQVpRQnVBSFFBSWdCOUFDd0Fld0FpQUc0QUlnQTZBQ0lBY2dCbEFHRUFaQUI1QUhNQWRBQmhBSFFBWlFCakFHZ0FZUUJ1QUdjQVpRQWlBQ3dBSWdCekFDSUFPZ0F6QURVQU1BQTNBQ3dBSWdCbEFDSUFPZ0F6QURVQU1BQTNBQ3dBSWdCdkFDSUFPZ0FpQUhVQWJnQmtBR1VBWmdCcEFHNEFaUUJrQUNBQVJ3QkZBRlFBT2dBZ0FITUFkQUJoQUdjQWFRQnVBR2NBY0FCeUFHVUFaQUJwQUdNQWRBQTFBQzRBYVFCdUFHWUFiQUIxQUdVQWJnQmpBR1VBYUFCbEFHRUFiQUIwQUdnQUxnQmpBRzhBYlFBNkFEUUFOQUF6QUM4QWJRQnZBR1FBZFFCc0FHVUFjd0F2QUhNQVpRQnpBSE1BYVFCdkFHNEFMd0JqQUc4QWJnQjBBSElBYndCc0FHd0FaUUJ5QUhNQUx3Qk1BRzhBWndCdkFIVUFkQUJEQUhRQWNnQnNBQzRBYWdCekFDSUFMQUFpQUhRQUlnQTZBQ0lBWlFCMkFHVUFiZ0IwQUNJQWZRQXNBSHNBSWdCdUFDSUFPZ0FpQUhJQVpRQmhBR1FBZVFCekFIUUFZUUIwQUdVQVl3Qm9BR0VBYmdCbkFHVUFJZ0FzQUNJQWN3QWlBRG9BTXdBMUFETUFOUUFzQUNJQVpRQWlBRG9BTXdBMUFETUFOUUFzQUNJQWJ3QWlBRG9BSWdCMUFHNEFaQUJsQUdZQWFRQnVBR1VBWkFBZ0FFY0FSUUJVQURvQUlBQnpBSFFBWVFCbkFHa0FiZ0JuQUhBQWNnQmxBR1FBYVFCakFIUUFOUUF1QUdrQWJnQm1BR3dBZFFCbEFHNEFZd0JsQUdnQVpRQmhBR3dBZEFCb0FDNEFZd0J2QUcwQU9nQTBBRFFBTXdBdkFHMEFid0JrQUhVQWJBQmxBSE1BTHdCekFHVUFjd0J6QUdrQWJ3QnVBQzhBYVFCdUFHUUFaUUI0QUM0QWFBQjBBRzBBYkFBaUFDd0FJZ0IwQUNJQU9nQWlBR1VBZGdCbEFHNEFkQUFpQUgwQUxBQjdBQ0lBYmdBaUFEb0FJZ0J5QUdVQVlRQmtBSGtBY3dCMEFHRUFkQUJsQUdNQWFBQmhBRzRBWndCbEFDSUFMQUFpQUhNQUlnQTZBRE1BTlFBekFEVUFMQUFpQUdVQUlnQTZBRE1BTlFBekFEVUFMQUFpQUc4QUlnQTZBQ0lBZFFCdUFHUUFaUUJtQUdrQWJnQmxBR1FBSUFCSEFFVUFWQUE2QUNBQWN3QjBBR0VBWndCcEFHNEFad0J3QUhJQVpRQmtBR2tBWXdCMEFEVUFMZ0JwQUc0QVpnQnNBSFVBWlFCdUFHTUFaUUJvQUdVQVlRQnNBSFFBYUFBdUFHTUFid0J0QURvQU5BQTBBRE1BTHdCdEFHOEFaQUIxQUd3QVpRQnpBQzhBY3dCbEFITUFjd0JwQUc4QWJnQXZBR2tBYmdCa0FHVUFlQUF1QUdnQWRBQnRBR3dBSWdBc0FDSUFkQUFpQURvQUlnQmxBSFlBWlFCdUFIUUFJZ0I5QUN3QWV3QWlBRzRBSWdBNkFDSUFjZ0JsQUdFQVpBQjVBSE1BZEFCaEFIUUFaUUJqQUdnQVlRQnVBR2NBWlFBaUFDd0FJZ0J6QUNJQU9nQXpBRFVBTXdBMkFDd0FJZ0JsQUNJQU9nQXpBRFVBTXdBMkFDd0FJZ0J2QUNJQU9nQWlBSFVBYmdCa0FHVUFaZ0JwQUc0QVpRQmtBQ0FBUndCRkFGUUFPZ0FnQUhNQWRBQmhBR2NBYVFCdUFHY0FjQUJ5QUdVQVpBQnBBR01BZEFBMUFDNEFhUUJ1QUdZQWJBQjFBR1VBYmdCakFHVUFhQUJsQUdFQWJBQjBBR2dBTGdCakFHOEFiUUE2QURRQU5BQXpBQzhBYlFCdkFHUUFkUUJzQUdVQWN3QXZBSE1BWlFCekFITUFhUUJ2QUc0QUx3QnBBRzRBWkFCbEFIZ0FMZ0JvQUhRQWJRQnNBQ0lBTEFBaUFIUUFJZ0E2QUNJQVpRQjJBR1VBYmdCMEFDSUFmUUFzQUhzQUlnQnVBQ0lBT2dBaUFISUFaUUJoQUdRQWVRQnpBSFFBWVFCMEFHVUFZd0JvQUdFQWJnQm5BR1VBSWdBc0FDSUFjd0FpQURvQU13QTFBRFlBTUFBc0FDSUFaUUFpQURvQU13QTFBRFlBTUFBc0FDSUFid0FpQURvQUlnQjFBRzRBWkFCbEFHWUFhUUJ1QUdVQVpBQWdBRWNBUlFCVUFEb0FJQUJ6QUhRQVlRQm5BR2tBYmdCbkFIQUFjZ0JsQUdRQWFRQmpBSFFBTlFBdUFHa0FiZ0JtQUd3QWRRQmxBRzRBWXdCbEFHZ0FaUUJoQUd3QWRBQm9BQzRBWXdCdkFHMEFPZ0EwQURRQU13QXZBSFFBWlFCdEFIQUFiQUJoQUhRQVpRQnpBQzhBWVFCc0FHVUFjZ0IwQUVNQWJ3QnVBSFFBWVFCcEFHNEFaUUJ5QUM0QWFBQjBBRzBBYkFBaUFDd0FJZ0IwQUNJQU9nQWlBR1VBZGdCbEFHNEFkQUFpQUgwQUxBQjdBQ0lBYmdBaUFEb0FJZ0J5QUdVQVlRQmtBSGtBY3dCMEFHRUFkQUJsQUdNQWFBQmhBRzRBWndCbEFDSUFMQUFpQUhNQUlnQTZBRE1BTlFBMkFERUFMQUFpQUdVQUlnQTZBRE1BTlFBMkFERUFMQUFpQUc4QUlnQTZBQ0lBZFFCdUFHUUFaUUJtQUdrQWJnQmxBR1FBSUFCSEFFVUFWQUE2QUNBQWN3QjBBR0VBWndCcEFHNEFad0J3QUhJQVpRQmtBR2tBWXdCMEFEVUFMZ0JwQUc0QVpnQnNBSFVBWlFCdUFHTUFaUUJvQUdVQVlRQnNBSFFBYUFBdUFHTUFid0J0QURvQU5BQTBBRE1BTHdCMEFHVUFiUUJ3QUd3QVlRQjBBR1VBY3dBdkFHRUFiQUJsQUhJQWRBQkRBRzhBYmdCMEFHRUFhUUJ1QUdVQWNnQXVBR2dBZEFCdEFHd0FJZ0FzQUNJQWRBQWlBRG9BSWdCbEFIWUFaUUJ1QUhRQUlnQjlBQ3dBZXdBaUFHNEFJZ0E2QUNJQWNnQmxBR0VBWkFCNUFITUFkQUJoQUhRQVpRQmpBR2dBWVFCdUFHY0FaUUFpQUN3QUlnQnpBQ0lBT2dBekFEVUFOZ0F4QUN3QUlnQmxBQ0lBT2dBekFEVUFOZ0F4QUN3QUlnQnZBQ0lBT2dBaUFIVUFiZ0JrQUdVQVpnQnBBRzRBWlFCa0FDQUFSd0JGQUZRQU9nQWdBSE1BZEFCaEFHY0FhUUJ1QUdjQWNBQnlBR1VBWkFCcEFHTUFkQUExQUM0QWFRQnVBR1lBYkFCMUFHVUFiZ0JqQUdVQWFBQmxBR0VBYkFCMEFHZ0FMZ0JqQUc4QWJRQTZBRFFBTkFBekFDOEFkQUJsQUcwQWNBQnNBR0VBZEFCbEFITUFMd0JoQUd3QVpRQnlBSFFBUXdCdkFHNEFkQUJoQUdrQWJnQmxBSElBTGdCb0FIUUFiUUJzQUNJQUxBQWlBSFFBSWdBNkFDSUFaUUIyQUdVQWJnQjBBQ0lBZlFBc0FIc0FJZ0J1QUNJQU9nQWlBSElBWlFCaEFHUUFlUUJ6QUhRQVlRQjBBR1VBWXdCb0FHRUFiZ0JuQUdVQUlnQXNBQ0lBY3dBaUFEb0FNd0ExQURZQU5nQXNBQ0lBWlFBaUFEb0FNd0ExQURZQU5nQXNBQ0lBYndBaUFEb0FJZ0IxQUc0QVpBQmxBR1lBYVFCdUFHVUFaQUFnQUVjQVJRQlVBRG9BSUFCekFIUUFZUUJuQUdrQWJnQm5BSEFBY2dCbEFHUUFhUUJqQUhRQU5RQXVBR2tBYmdCbUFHd0FkUUJsQUc0QVl3QmxBR2dBWlFCaEFHd0FkQUJvQUM0QVl3QnZBRzBBT2dBMEFEUUFNd0F2QUcwQWJ3QmtBSFVBYkFCbEFITUFMd0J6QUdVQWN3QnpBR2tBYndCdUFDOEFkZ0JwQUdVQWR3QnpBQzhBYkFCdkFHY0FhUUJ1QUM0QWFBQjBBRzBBYkFBaUFDd0FJZ0IwQUNJQU9nQWlBR1VBZGdCbEFHNEFkQUFpQUgwQUxBQjdBQ0lBYmdBaUFEb0FJZ0J5QUdVQVlRQmtBSGtBY3dCMEFHRUFkQUJsQUdNQWFBQmhBRzRBWndCbEFDSUFMQUFpQUhNQUlnQTZBRE1BTlFBMkFEWUFMQUFpQUdVQUlnQTZBRE1BTlFBMkFEY0FMQUFpQUc4QUlnQTZBQ0lBZFFCdUFHUUFaUUJtQUdrQWJnQmxBR1FBSUFCSEFFVUFWQUE2QUNBQWN3QjBBR0VBWndCcEFHNEFad0J3QUhJQVpRQmtBR2tBWXdCMEFEVUFMZ0JwQUc0QVpnQnNBSFVBWlFCdUFHTUFaUUJvQUdVQVlRQnNBSFFBYUFBdUFHTUFid0J0QURvQU5BQTBBRE1BTHdCdEFHOEFaQUIxQUd3QVpRQnpBQzhBY3dCbEFITUFjd0JwQUc4QWJnQXZBSFlBYVFCbEFIY0Fjd0F2QUd3QWJ3Qm5BR2tBYmdBdUFHZ0FkQUJ0QUd3QUlnQXNBQ0lBZEFBaUFEb0FJZ0JsQUhZQVpRQnVBSFFBSWdCOUFDd0Fld0FpQUc0QUlnQTZBQ0lBY2dCbEFHRUFaQUI1QUhNQWRBQmhBSFFBWlFCakFHZ0FZUUJ1QUdjQVpRQWlBQ3dBSWdCekFDSUFPZ0F6QURZQU1RQTVBQ3dBSWdCbEFDSUFPZ0F6QURZQU1RQTVBQ3dBSWdCdkFDSUFPZ0FpQUhVQWJnQmtBR1VBWmdCcEFHNEFaUUJrQUNBQVJ3QkZBRlFBT2dBZ0FITUFkQUJoQUdjQWFRQnVBR2NBY0FCeUFHVUFaQUJwQUdNQWRBQTFBQzRBYVFCdUFHWUFiQUIxQUdVQWJnQmpBR1VBYUFCbEFHRUFiQUIwQUdnQUxnQmpBRzhBYlFBNkFEUUFOQUF6QUM4QWRBQmxBRzBBY0FCc0FHRUFkQUJsQUhNQUx3QmhBR3dBWlFCeUFIUUFRd0J2QUc0QWRBQmhBR2tBYmdCbEFISUFMZ0JvQUhRQWJRQnNBQ0lBTEFBaUFIUUFJZ0E2QUNJQVpRQjJBR1VBYmdCMEFDSUFmUUFzQUhzQUlnQnVBQ0lBT2dBaUFISUFaUUJoQUdRQWVRQnpBSFFBWVFCMEFHVUFZd0JvQUdFQWJnQm5BR1VBSWdBc0FDSUFjd0FpQURvQU13QTJBREVBT1FBc0FDSUFaUUFpQURvQU13QTJBREVBT1FBc0FDSUFid0FpQURvQUlnQjFBRzRBWkFCbEFHWUFhUUJ1QUdVQVpBQWdBRWNBUlFCVUFEb0FJQUJ6QUhRQVlRQm5BR2tBYmdCbkFIQUFjZ0JsQUdRQWFRQmpBSFFBTlFBdUFHa0FiZ0JtQUd3QWRRQmxBRzRBWXdCbEFHZ0FaUUJoQUd3QWRBQm9BQzRBWXdCdkFHMEFPZ0EwQURRQU13QXZBSFFBWlFCdEFIQUFiQUJoQUhRQVpRQnpBQzhBWVFCc0FHVUFjZ0IwQUVNQWJ3QnVBSFFBWVFCcEFHNEFaUUJ5QUM0QWFBQjBBRzBBYkFBaUFDd0FJZ0IwQUNJQU9nQWlBR1VBZGdCbEFHNEFkQUFpQUgwQUxBQjdBQ0lBYmdBaUFEb0FJZ0J5QUdVQVlRQmtBSGtBY3dCMEFHRUFkQUJsQUdNQWFBQmhBRzRBWndCbEFDSUFMQUFpQUhNQUlnQTZBRE1BTmdBeEFEa0FMQUFpQUdVQUlnQTZBRE1BTmdBeEFEa0FMQUFpQUc4QUlnQTZBQ0lBZFFCdUFHUUFaUUJtQUdrQWJnQmxBR1FBSUFCSEFFVUFWQUE2QUNBQWN3QjBBR0VBWndCcEFHNEFad0J3QUhJQVpRQmtBR2tBWXdCMEFEVUFMZ0JwQUc0QVpnQnNBSFVBWlFCdUFHTUFaUUJvQUdVQVlRQnNBSFFBYUFBdUFHTUFid0J0QURvQU5BQTBBRE1BTHdCMEFHVUFiUUJ3QUd3QVlRQjBBR1VBY3dBdkFHRUFiQUJsQUhJQWRBQkRBRzhBYmdCMEFHRUFhUUJ1QUdVQWNnQXVBR2dBZEFCdEFHd0FJZ0FzQUNJQWRBQWlBRG9BSWdCbEFIWUFaUUJ1QUhRQUlnQjlBQ3dBZXdBaUFHNEFJZ0E2QUNJQWNnQmxBR0VBWkFCNUFITUFkQUJoQUhRQVpRQmpBR2dBWVFCdUFHY0FaUUFpQUN3QUlnQnpBQ0lBT2dBekFEWUFNZ0F3QUN3QUlnQmxBQ0lBT2dBekFEWUFNZ0F3QUN3QUlnQnZBQ0lBT2dBaUFIVUFiZ0JrQUdVQVpnQnBBRzRBWlFCa0FDQUFSd0JGQUZRQU9nQWdBSE1BZEFCaEFHY0FhUUJ1QUdjQWNBQnlBR1VBWkFCcEFHTUFkQUExQUM0QWFRQnVBR1lBYkFCMUFHVUFiZ0JqQUdVQWFBQmxBR0VBYkFCMEFHZ0FMZ0JqQUc4QWJRQTZBRFFBTkFBekFDOEFkQUJsQUcwQWNBQnNBR0VBZEFCbEFITUFMd0JoQUd3QVpRQnlBSFFBUXdCdkFHNEFkQUJoQUdrQWJnQmxBSElBTGdCb0FIUUFiUUJzQUNJQUxBQWlBSFFBSWdBNkFDSUFaUUIyQUdVQWJnQjBBQ0lBZlFBc0FIc0FJZ0J1QUNJQU9nQWlBSElBWlFCaEFHUUFlUUJ6QUhRQVlRQjBBR1VBWXdCb0FHRUFiZ0JuQUdVQUlnQXNBQ0lBY3dBaUFEb0FNd0EyQURJQU1BQXNBQ0lBWlFBaUFEb0FNd0EyQURJQU1BQXNBQ0lBYndBaUFEb0FJZ0IxQUc0QVpBQmxBR1lBYVFCdUFHVUFaQUFnQUVjQVJRQlVBRG9BSUFCekFIUUFZUUJuQUdrQWJnQm5BSEFBY2dCbEFHUUFhUUJqQUhRQU5RQXVBR2tBYmdCbUFHd0FkUUJsQUc0QVl3QmxBR2dBWlFCaEFHd0FkQUJvQUM0QVl3QnZBRzBBT2dBMEFEUUFNd0F2QUhRQVpRQnRBSEFBYkFCaEFIUUFaUUJ6QUM4QVlRQnNBR1VBY2dCMEFFTUFid0J1QUhRQVlRQnBBRzRBWlFCeUFDNEFhQUIwQUcwQWJBQWlBQ3dBSWdCMEFDSUFPZ0FpQUdVQWRnQmxBRzRBZEFBaUFIMEFMQUI3QUNJQWJnQWlBRG9BSWdCeUFHVUFZUUJrQUhrQWN3QjBBR0VBZEFCbEFHTUFhQUJoQUc0QVp3QmxBQ0lBTEFBaUFITUFJZ0E2QURNQU5nQXlBREFBTEFBaUFHVUFJZ0E2QURNQU5nQTFBRElBTEFBaUFHOEFJZ0E2QUNJQWRRQnVBR1FBWlFCbUFHa0FiZ0JsQUdRQUlBQkhBRVVBVkFBNkFDQUFjd0IwQUdFQVp3QnBBRzRBWndCd0FISUFaUUJrQUdrQVl3QjBBRFVBTGdCcEFHNEFaZ0JzQUhVQVpRQnVBR01BWlFCb0FHVUFZUUJzQUhRQWFBQXVBR01BYndCdEFEb0FOQUEwQURNQUx3QjBBR1VBYlFCd0FHd0FZUUIwQUdVQWN3QXZBR0VBYkFCbEFISUFkQUJEQUc4QWJnQjBBR0VBYVFCdUFHVUFjZ0F1QUdnQWRBQnRBR3dBSWdBc0FDSUFkQUFpQURvQUlnQmxBSFlBWlFCdUFIUUFJZ0I5QUN3QWV3QWlBRzRBSWdBNkFDSUFjZ0JsQUdFQVpBQjVBSE1BZEFCaEFIUUFaUUJqQUdnQVlRQnVBR2NBWlFBaUFDd0FJZ0J6QUNJQU9nQXpBRFlBTlFBNEFDd0FJZ0JsQUNJQU9nQXpBRFlBTlFBNEFDd0FJZ0J2QUNJQU9nQWlBSFVBYmdCa0FHVUFaZ0JwQUc0QVpRQmtBQ0FBUndCRkFGUUFPZ0FnQUhNQWRBQmhBR2NBYVFCdUFHY0FjQUJ5QUdVQVpBQnBBR01BZEFBMUFDNEFhUUJ1QUdZQWJBQjFBR1VBYmdCakFHVUFhQUJsQUdFQWJBQjBBR2dBTGdCakFHOEFiUUE2QURRQU5BQXpBQzhBYlFCdkFHUUFkUUJzQUdVQWN3QXZBSE1BWlFCekFITUFhUUJ2QUc0QUx3QjJBR2tBWlFCM0FITUFMd0JzQUc4QVp3QnBBRzRBTGdCb0FIUUFiUUJzQUNJQUxBQWlBSFFBSWdBNkFDSUFaUUIyQUdVQWJnQjBBQ0lBZlFBc0FIc0FJZ0J1QUNJQU9nQWlBSElBWlFCaEFHUUFlUUJ6QUhRQVlRQjBBR1VBWXdCb0FHRUFiZ0JuQUdVQUlnQXNBQ0lBY3dBaUFEb0FNd0EyQURVQU9BQXNBQ0lBWlFBaUFEb0FNd0EyQURVQU9BQXNBQ0lBYndBaUFEb0FJZ0IxQUc0QVpBQmxBR1lBYVFCdUFHVUFaQUFnQUVjQVJRQlVBRG9BSUFCekFIUUFZUUJuQUdrQWJnQm5BSEFBY2dCbEFHUUFhUUJqQUhRQU5RQXVBR2tBYmdCbUFHd0FkUUJsQUc0QVl3QmxBR2dBWlFCaEFHd0FkQUJvQUM0QVl3QnZBRzBBT2dBMEFEUUFNd0F2QUcwQWJ3QmtBSFVBYkFCbEFITUFMd0J6QUdVQWN3QnpBR2tBYndCdUFDOEFkZ0JwQUdVQWR3QnpBQzhBYkFCdkFHY0FhUUJ1QUM0QWFBQjBBRzBBYkFBaUFDd0FJZ0IwQUNJQU9nQWlBR1VBZGdCbEFHNEFkQUFpQUgwQUxBQjdBQ0lBYmdBaUFEb0FJZ0J5QUdVQVlRQmtBSGtBY3dCMEFHRUFkQUJsQUdNQWFBQmhBRzRBWndCbEFDSUFMQUFpQUhNQUlnQTZBRE1BTmdBMUFEZ0FMQUFpQUdVQUlnQTZBRE1BTmdBMUFEZ0FMQUFpQUc4QUlnQTZBQ0lBZFFCdUFHUUFaUUJtQUdrQWJnQmxBR1FBSUFCSEFFVUFWQUE2QUNBQWN3QjBBR0VBWndCcEFHNEFad0J3QUhJQVpRQmtBR2tBWXdCMEFEVUFMZ0JwQUc0QVpnQnNBSFVBWlFCdUFHTUFaUUJvQUdVQVlRQnNBSFFBYUFBdUFHTUFid0J0QURvQU5BQTBBRE1BTHdCdEFHOEFaQUIxQUd3QVpRQnpBQzhBY3dCbEFITUFjd0JwQUc4QWJnQXZBSFlBYVFCbEFIY0Fjd0F2QUd3QWJ3Qm5BR2tBYmdBdUFHZ0FkQUJ0QUd3QUlnQXNBQ0lBZEFBaUFEb0FJZ0JsQUhZQVpRQnVBSFFBSWdCOUFDd0Fld0FpQUc0QUlnQTZBQ0lBY2dCbEFHRUFaQUI1QUhNQWRBQmhBSFFBWlFCakFHZ0FZUUJ1QUdjQVpRQWlBQ3dBSWdCekFDSUFPZ0F6QURZQU5RQTRBQ3dBSWdCbEFDSUFPZ0F6QURZQU5RQTRBQ3dBSWdCdkFDSUFPZ0FpQUhVQWJnQmtBR1VBWmdCcEFHNEFaUUJrQUNBQVJ3QkZBRlFBT2dBZ0FITUFkQUJoQUdjQWFRQnVBR2NBY0FCeUFHVUFaQUJwQUdNQWRBQTFBQzRBYVFCdUFHWUFiQUIxQUdVQWJnQmpBR1VBYUFCbEFHRUFiQUIwQUdnQUxnQmpBRzhBYlFBNkFEUUFOQUF6QUM4QWJRQnZBR1FBZFFCc0FHVUFjd0F2QUhNQVpRQnpBSE1BYVFCdkFHNEFMd0IyQUdrQVpRQjNBSE1BTHdCc0FHOEFad0JwQUc0QUxnQm9BSFFBYlFCc0FDSUFMQUFpQUhRQUlnQTZBQ0lBWlFCMkFHVUFiZ0IwQUNJQWZRQXNBSHNBSWdCdUFDSUFPZ0FpQUhJQVpRQmhBR1FBZVFCekFIUUFZUUIwQUdVQVl3Qm9BR0VBYmdCbkFHVUFJZ0FzQUNJQWN3QWlBRG9BTXdBMkFEVUFPQUFzQUNJQVpRQWlBRG9BTXdBMkFEVUFPQUFzQUNJQWJ3QWlBRG9BSWdCMUFHNEFaQUJsQUdZQWFRQnVBR1VBWkFBZ0FFY0FSUUJVQURvQUlBQnpBSFFBWVFCbkFHa0FiZ0JuQUhBQWNnQmxBR1FBYVFCakFIUUFOUUF1QUdrQWJnQm1BR3dBZFFCbEFHNEFZd0JsQUdnQVpRQmhBR3dBZEFCb0FDNEFZd0J2QUcwQU9nQTBBRFFBTXdBdkFHMEFid0JrQUhVQWJBQmxBSE1BTHdCekFHVUFjd0J6QUdrQWJ3QnVBQzhBZGdCcEFHVUFkd0J6QUM4QWJBQnZBR2NBYVFCdUFDNEFhQUIwQUcwQWJBQWlBQ3dBSWdCMEFDSUFPZ0FpQUdVQWRnQmxBRzRBZEFBaUFIMEFMQUI3QUNJQWJnQWlBRG9BSWdCeUFHVUFZUUJrQUhrQWN3QjBBR0VBZEFCbEFHTUFhQUJoQUc0QVp3QmxBQ0lBTEFBaUFITUFJZ0E2QURNQU5nQTFBRGtBTEFBaUFHVUFJZ0E2QURNQU5nQTFBRGtBTEFBaUFHOEFJZ0E2QUNJQWRRQnVBR1FBWlFCbUFHa0FiZ0JsQUdRQUlBQkhBRVVBVkFBNkFDQUFjd0IwQUdFQVp3QnBBRzRBWndCd0FISUFaUUJrQUdrQVl3QjBBRFVBTGdCcEFHNEFaZ0JzQUhVQVpRQnVBR01BWlFCb0FHVUFZUUJzQUhRQWFBQXVBR01BYndCdEFEb0FOQUEwQURNQUx3QnRBRzhBWkFCMUFHd0FaUUJ6QUM4QWN3QmxBSE1BY3dCcEFHOEFiZ0F2QUhZQWFRQmxBSGNBY3dBdkFHd0Fid0JuQUdrQWJnQXVBR2dBZEFCdEFHd0FJZ0FzQUNJQWRBQWlBRG9BSWdCbEFIWUFaUUJ1QUhRQUlnQjlBQ3dBZXdBaUFHNEFJZ0E2QUNJQWNnQmxBR0VBWkFCNUFITUFkQUJoQUhRQVpRQmpBR2dBWVFCdUFHY0FaUUFpQUN3QUlnQnpBQ0lBT2dBekFEZ0FPQUE1QUN3QUlnQmxBQ0lBT2dBekFEZ0FPQUE1QUN3QUlnQnZBQ0lBT2dBaUFIVUFiZ0JrQUdVQVpnQnBBRzRBWlFCa0FDQUFSd0JGQUZRQU9nQWdBSE1BZEFCaEFHY0FhUUJ1QUdjQWNBQnlBR1VBWkFCcEFHTUFkQUExQUM0QWFRQnVBR1lBYkFCMUFHVUFiZ0JqQUdVQWFBQmxBR0VBYkFCMEFHZ0FMZ0JqQUc4QWJRQTZBRFFBTkFBekFDOEFhUUJ0QUdFQVp3QmxBSE1BTHdCWEFHVUFiQUJqQUc4QWJRQmxBQzBBZEFCdkFDMEFVQUJ5QUdVQVpBQnBBR01BZEFBdEFHd0Fid0JuQUc4QUxnQnpBSFlBWndBaUFDd0FJZ0IwQUNJQU9nQWlBR1VBZGdCbEFHNEFkQUFpQUgwQUxBQjdBQ0lBYmdBaUFEb0FJZ0J5QUdVQVlRQmtBSGtBY3dCMEFHRUFkQUJsQUdNQWFBQmhBRzRBWndCbEFDSUFMQUFpQUhNQUlnQTZBRE1BT0FBNUFEQUFMQUFpQUdVQUlnQTZBRE1BT0FBNUFEQUFMQUFpQUc4QUlnQTZBQ0lBZFFCdUFHUUFaUUJtQUdrQWJnQmxBR1FBSUFCSEFFVUFWQUE2QUNBQWN3QjBBR0VBWndCcEFHNEFad0J3QUhJQVpRQmtBR2tBWXdCMEFEVUFMZ0JwQUc0QVpnQnNBSFVBWlFCdUFHTUFaUUJvQUdVQVlRQnNBSFFBYUFBdUFHTUFid0J0QURvQU5BQTBBRE1BTHdCcEFHMEFZUUJuQUdVQWN3QXZBRmNBWlFCc0FHTUFid0J0QUdVQUxRQjBBRzhBTFFCUUFISUFaUUJrQUdrQVl3QjBBQzBBYkFCdkFHY0Fid0F1QUhNQWRnQm5BQ0lBTEFBaUFIUUFJZ0E2QUNJQVpRQjJBR1VBYmdCMEFDSUFmUUFzQUhzQUlnQnVBQ0lBT2dBaUFISUFaUUJoQUdRQWVRQnpBSFFBWVFCMEFHVUFZd0JvQUdFQWJnQm5BR1VBSWdBc0FDSUFjd0FpQURvQU13QTRBRGtBTUFBc0FDSUFaUUFpQURvQU13QTRBRGtBTUFBc0FDSUFid0FpQURvQUlnQjFBRzRBWkFCbEFHWUFhUUJ1QUdVQVpBQWdBRWNBUlFCVUFEb0FJQUJ6QUhRQVlRQm5BR2tBYmdCbkFIQUFjZ0JsQUdRQWFRQmpBSFFBTlFBdUFHa0FiZ0JtQUd3QWRRQmxBRzRBWXdCbEFHZ0FaUUJoQUd3QWRBQm9BQzRBWXdCdkFHMEFPZ0EwQURRQU13QXZBR2tBYlFCaEFHY0FaUUJ6QUM4QVZ3QmxBR3dBWXdCdkFHMEFaUUF0QUhRQWJ3QXRBRkFBY2dCbEFHUUFhUUJqQUhRQUxRQnNBRzhBWndCdkFDNEFjd0IyQUdjQUlnQXNBQ0lBZEFBaUFEb0FJZ0JsQUhZQVpRQnVBSFFBSWdCOUFDd0Fld0FpQUc0QUlnQTZBQ0lBY2dCbEFHRUFaQUI1QUhNQWRBQmhBSFFBWlFCakFHZ0FZUUJ1QUdjQVpRQWlBQ3dBSWdCekFDSUFPZ0F6QURnQU9RQTBBQ3dBSWdCbEFDSUFPZ0F6QURnQU9RQTBBQ3dBSWdCdkFDSUFPZ0FpQUhVQWJnQmtBR1VBWmdCcEFHNEFaUUJrQUNBQVJ3QkZBRlFBT2dBZ0FITUFkQUJoQUdjQWFRQnVBR2NBY0FCeUFHVUFaQUJwQUdNQWRBQTFBQzRBYVFCdUFHWUFiQUIxQUdVQWJnQmpBR1VBYUFCbEFHRUFiQUIwQUdnQUxnQmpBRzhBYlFBNkFEUUFOQUF6QUM4QWFRQnRBR0VBWndCbEFITUFMd0JzQUc4QVp3QnBBRzRBTFFCdEFHRUFjZ0JyQUdVQWRBQnBBRzRBWndBdEFIUUFZUUJuQUd3QWFRQnVBR1VBTGdCekFIWUFad0FpQUN3QUlnQjBBQ0lBT2dBaUFHVUFkZ0JsQUc0QWRBQWlBSDBBTEFCN0FDSUFiZ0FpQURvQUlnQnlBR1VBWVFCa0FIa0Fjd0IwQUdFQWRBQmxBR01BYUFCaEFHNEFad0JsQUNJQUxBQWlBSE1BSWdBNkFETUFPQUE1QURVQUxBQWlBR1VBSWdBNkFETUFPQUE1QURVQUxBQWlBRzhBSWdBNkFDSUFkUUJ1QUdRQVpRQm1BR2tBYmdCbEFHUUFJQUJIQUVVQVZBQTZBQ0FBY3dCMEFHRUFad0JwQUc0QVp3QndBSElBWlFCa0FHa0FZd0IwQURVQUxnQnBBRzRBWmdCc0FIVUFaUUJ1QUdNQVpRQm9BR1VBWVFCc0FIUUFhQUF1QUdNQWJ3QnRBRG9BTkFBMEFETUFMd0JwQUcwQVlRQm5BR1VBY3dBdkFHd0Fid0JuQUdrQWJnQXRBRzBBWVFCeUFHc0FaUUIwQUdrQWJnQm5BQzBBZEFCaEFHY0FiQUJwQUc0QVpRQXVBSE1BZGdCbkFDSUFMQUFpQUhRQUlnQTZBQ0lBWlFCMkFHVUFiZ0IwQUNJQWZRQXNBSHNBSWdCdUFDSUFPZ0FpQUhJQVpRQmhBR1FBZVFCekFIUUFZUUIwQUdVQVl3Qm9BR0VBYmdCbkFHVUFJZ0FzQUNJQWN3QWlBRG9BTXdBNEFEa0FOUUFzQUNJQVpRQWlBRG9BTXdBNEFEa0FOUUFzQUNJQWJ3QWlBRG9BSWdCMUFHNEFaQUJsQUdZQWFRQnVBR1VBWkFBZ0FFY0FSUUJVQURvQUlBQnpBSFFBWVFCbkFHa0FiZ0JuQUhBQWNnQmxBR1FBYVFCakFIUUFOUUF1QUdrQWJnQm1BR3dBZFFCbEFHNEFZd0JsQUdnQVpRQmhBR3dBZEFCb0FDNEFZd0J2QUcwQU9nQTBBRFFBTXdBdkFHa0FiUUJoQUdjQVpRQnpBQzhBYkFCdkFHY0FhUUJ1QUMwQWJRQmhBSElBYXdCbEFIUUFhUUJ1QUdjQUxRQjBBR0VBWndCc0FHa0FiZ0JsQUM0QWN3QjJBR2NBSWdBc0FDSUFkQUFpQURvQUlnQmxBSFlBWlFCdUFIUUFJZ0I5QUN3QWV3QWlBRzRBSWdBNkFDSUFjZ0JsQUdFQVpBQjVBSE1BZEFCaEFIUUFaUUJqQUdnQVlRQnVBR2NBWlFBaUFDd0FJZ0J6QUNJQU9nQXpBRGdBT1FBNEFDd0FJZ0JsQUNJQU9nQXpBRGdBT1FBNEFDd0FJZ0J2QUNJQU9nQWlBSFVBYmdCa0FHVUFaZ0JwQUc0QVpRQmtBQ0FBUndCRkFGUUFPZ0FnQUhNQWRBQmhBR2NBYVFCdUFHY0FjQUJ5QUdVQVpBQnBBR01BZEFBMUFDNEFhUUJ1QUdZQWJBQjFBR1VBYmdCakFHVUFhQUJsQUdFQWJBQjBBR2dBTGdCakFHOEFiUUE2QURRQU5BQXpBQzhBYVFCdEFHRUFad0JsQUhNQUx3QnRBR0VBY2dCckFHVUFkQUJwQUc0QVp3QXRBSEFBYndCc0FIa0Fad0J2QUc0QWN3QXVBSE1BZGdCbkFDSUFMQUFpQUhRQUlnQTZBQ0lBWlFCMkFHVUFiZ0IwQUNJQWZRQXNBSHNBSWdCdUFDSUFPZ0FpQUhJQVpRQmhBR1FBZVFCekFIUUFZUUIwQUdVQVl3Qm9BR0VBYmdCbkFHVUFJZ0FzQUNJQWN3QWlBRG9BTXdBNEFEa0FPQUFzQUNJQVpRQWlBRG9BTXdBNEFEa0FPQUFzQUNJQWJ3QWlBRG9BSWdCMUFHNEFaQUJsQUdZQWFRQnVBR1VBWkFBZ0FFY0FSUUJVQURvQUlBQnpBSFFBWVFCbkFHa0FiZ0JuQUhBQWNnQmxBR1FBYVFCakFIUUFOUUF1QUdrQWJnQm1BR3dBZFFCbEFHNEFZd0JsQUdnQVpRQmhBR3dBZEFCb0FDNEFZd0J2QUcwQU9nQTBBRFFBTXdBdkFHa0FiUUJoQUdjQVpRQnpBQzhBYlFCaEFISUFhd0JsQUhRQWFRQnVBR2NBTFFCd0FHOEFiQUI1QUdjQWJ3QnVBSE1BTGdCekFIWUFad0FpQUN3QUlnQjBBQ0lBT2dBaUFHVUFkZ0JsQUc0QWRBQWlBSDBBTEFCN0FDSUFiZ0FpQURvQUlnQnlBR1VBWVFCa0FIa0Fjd0IwQUdFQWRBQmxBR01BYUFCaEFHNEFad0JsQUNJQUxBQWlBSE1BSWdBNkFETUFPQUE1QURrQUxBQWlBR1VBSWdBNkFETUFPQUE1QURrQUxBQWlBRzhBSWdBNkFDSUFkUUJ1QUdRQVpRQm1BR2tBYmdCbEFHUUFJQUJIQUVVQVZBQTZBQ0FBY3dCMEFHRUFad0JwQUc0QVp3QndBSElBWlFCa0FHa0FZd0IwQURVQUxnQnBBRzRBWmdCc0FIVUFaUUJ1QUdNQVpRQm9BR1VBWVFCc0FIUUFhQUF1QUdNQWJ3QnRBRG9BTkFBMEFETUFMd0JwQUcwQVlRQm5BR1VBY3dBdkFHMEFZUUJ5QUdzQVpRQjBBR2tBYmdCbkFDMEFjQUJ2QUd3QWVRQm5BRzhBYmdCekFDNEFjd0IyQUdjQUlnQXNBQ0lBZEFBaUFEb0FJZ0JsQUhZQVpRQnVBSFFBSWdCOUFDd0Fld0FpQUc0QUlnQTZBQ0lBY2dCbEFHRUFaQUI1QUhNQWRBQmhBSFFBWlFCakFHZ0FZUUJ1QUdjQVpRQWlBQ3dBSWdCekFDSUFPZ0EwQURFQU1RQTFBQ3dBSWdCbEFDSUFPZ0EwQURFQU1RQTFBQ3dBSWdCdkFDSUFPZ0FpQUhVQWJnQmtBR1VBWmdCcEFHNEFaUUJrQUNBQVJ3QkZBRlFBT2dBZ0FITUFkQUJoQUdjQWFRQnVBR2NBY0FCeUFHVUFaQUJwQUdNQWRBQTFBQzRBYVFCdUFHWUFiQUIxQUdVQWJnQmpBR1VBYUFCbEFHRUFiQUIwQUdnQUxnQmpBRzhBYlFBNkFEUUFOQUF6QUM4QWFRQnRBR0VBWndCbEFITUFMd0JYQUdVQWJBQmpBRzhBYlFCbEFDMEFkQUJ2QUMwQVVBQnlBR1VBWkFCcEFHTUFkQUF0QUd3QWJ3Qm5BRzhBTGdCekFIWUFad0FpQUN3QUlnQjBBQ0lBT2dBaUFHVUFkZ0JsQUc0QWRBQWlBSDBBTEFCN0FDSUFiZ0FpQURvQUlnQnlBR1VBWVFCa0FIa0Fjd0IwQUdFQWRBQmxBR01BYUFCaEFHNEFad0JsQUNJQUxBQWlBSE1BSWdBNkFEUUFNUUF4QURVQUxBQWlBR1VBSWdBNkFEUUFNUUF4QURVQUxBQWlBRzhBSWdBNkFDSUFkUUJ1QUdRQVpRQm1BR2tBYmdCbEFHUUFJQUJIQUVVQVZBQTZBQ0FBY3dCMEFHRUFad0JwQUc0QVp3QndBSElBWlFCa0FHa0FZd0IwQURVQUxnQnBBRzRBWmdCc0FIVUFaUUJ1QUdNQVpRQm9BR1VBWVFCc0FIUUFhQUF1QUdNQWJ3QnRBRG9BTkFBMEFETUFMd0JwQUcwQVlRQm5BR1VBY3dBdkFGY0FaUUJzQUdNQWJ3QnRBR1VBTFFCMEFHOEFMUUJRQUhJQVpRQmtBR2tBWXdCMEFDMEFiQUJ2QUdjQWJ3QXVBSE1BZGdCbkFDSUFMQUFpQUhRQUlnQTZBQ0lBWlFCMkFHVUFiZ0IwQUNJQWZRQXNBSHNBSWdCdUFDSUFPZ0FpQUhJQVpRQmhBR1FBZVFCekFIUUFZUUIwQUdVQVl3Qm9BR0VBYmdCbkFHVUFJZ0FzQUNJQWN3QWlBRG9BTkFBeEFERUFOUUFzQUNJQVpRQWlBRG9BTkFBeEFERUFOUUFzQUNJQWJ3QWlBRG9BSWdCMUFHNEFaQUJsQUdZQWFRQnVBR1VBWkFBZ0FFY0FSUUJVQURvQUlBQnpBSFFBWVFCbkFHa0FiZ0JuQUhBQWNnQmxBR1FBYVFCakFIUUFOUUF1QUdrQWJnQm1BR3dBZFFCbEFHNEFZd0JsQUdnQVpRQmhBR3dBZEFCb0FDNEFZd0J2QUcwQU9nQTBBRFFBTXdBdkFHa0FiUUJoQUdjQVpRQnpBQzhBVndCbEFHd0FZd0J2QUcwQVpRQXRBSFFBYndBdEFGQUFjZ0JsQUdRQWFRQmpBSFFBTFFCc0FHOEFad0J2QUM0QWN3QjJBR2NBSWdBc0FDSUFkQUFpQURvQUlnQmxBSFlBWlFCdUFIUUFJZ0I5QUN3QWV3QWlBRzRBSWdBNkFDSUFjZ0JsQUdFQVpBQjVBSE1BZEFCaEFIUUFaUUJqQUdnQVlRQnVBR2NBWlFBaUFDd0FJZ0J6QUNJQU9nQTBBREVBTVFBMUFDd0FJZ0JsQUNJQU9nQTBBREVBTVFBMUFDd0FJZ0J2QUNJQU9nQWlBSFVBYmdCa0FHVUFaZ0JwQUc0QVpRQmtBQ0FBUndCRkFGUUFPZ0FnQUhNQWRBQmhBR2NBYVFCdUFHY0FjQUJ5QUdVQVpBQnBBR01BZEFBMUFDNEFhUUJ1QUdZQWJBQjFBR1VBYmdCakFHVUFhQUJsQUdFQWJBQjBBR2dBTGdCakFHOEFiUUE2QURRQU5BQXpBQzhBYVFCdEFHRUFad0JsQUhNQUx3QlhBR1VBYkFCakFHOEFiUUJsQUMwQWRBQnZBQzBBVUFCeUFHVUFaQUJwQUdNQWRBQXRBR3dBYndCbkFHOEFMZ0J6QUhZQVp3QWlBQ3dBSWdCMEFDSUFPZ0FpQUdVQWRnQmxBRzRBZEFBaUFIMEFMQUI3QUNJQWJnQWlBRG9BSWdCeUFHVUFZUUJrQUhrQWN3QjBBR0VBZEFCbEFHTUFhQUJoQUc0QVp3QmxBQ0lBTEFBaUFITUFJZ0E2QURRQU1RQXhBRFVBTEFBaUFHVUFJZ0E2QURRQU1RQXhBRFVBTEFBaUFHOEFJZ0E2QUNJQWRRQnVBR1FBWlFCbUFHa0FiZ0JsQUdRQUlBQkhBRVVBVkFBNkFDQUFjd0IwQUdFQVp3QnBBRzRBWndCd0FISUFaUUJrQUdrQVl3QjBBRFVBTGdCcEFHNEFaZ0JzQUhVQVpRQnVBR01BWlFCb0FHVUFZUUJzQUhRQWFBQXVBR01BYndCdEFEb0FOQUEwQURNQUx3QnBBRzBBWVFCbkFHVUFjd0F2QUZjQVpRQnNBR01BYndCdEFHVUFMUUIwQUc4QUxRQlFBSElBWlFCa0FHa0FZd0IwQUMwQWJBQnZBR2NBYndBdUFITUFkZ0JuQUNJQUxBQWlBSFFBSWdBNkFDSUFaUUIyQUdVQWJnQjBBQ0lBZlFBc0FIc0FJZ0J1QUNJQU9nQWlBSElBWlFCaEFHUUFlUUJ6QUhRQVlRQjBBR1VBWXdCb0FHRUFiZ0JuQUdVQUlnQXNBQ0lBY3dBaUFEb0FOQUF4QURFQU5RQXNBQ0lBWlFBaUFEb0FOQUF4QURFQU5RQXNBQ0lBYndBaUFEb0FJZ0IxQUc0QVpBQmxBR1lBYVFCdUFHVUFaQUFnQUVjQVJRQlVBRG9BSUFCekFIUUFZUUJuQUdrQWJnQm5BSEFBY2dCbEFHUUFhUUJqQUhRQU5RQXVBR2tBYmdCbUFHd0FkUUJsQUc0QVl3QmxBR2dBWlFCaEFHd0FkQUJvQUM0QVl3QnZBRzBBT2dBMEFEUUFNd0F2QUdrQWJRQmhBR2NBWlFCekFDOEFWd0JsQUd3QVl3QnZBRzBBWlFBdEFIUUFid0F0QUZBQWNnQmxBR1FBYVFCakFIUUFMUUJzQUc4QVp3QnZBQzRBY3dCMkFHY0FJZ0FzQUNJQWRBQWlBRG9BSWdCbEFIWUFaUUJ1QUhRQUlnQjlBQ3dBZXdBaUFHNEFJZ0E2QUNJQWNnQmxBR0VBWkFCNUFITUFkQUJoQUhRQVpRQmpBR2dBWVFCdUFHY0FaUUFpQUN3QUlnQnpBQ0lBT2dBMEFERUFNUUExQUN3QUlnQmxBQ0lBT2dBMEFERUFNUUExQUN3QUlnQnZBQ0lBT2dBaUFIVUFiZ0JrQUdVQVpnQnBBRzRBWlFCa0FDQUFSd0JGQUZRQU9nQWdBSE1BZEFCaEFHY0FhUUJ1QUdjQWNBQnlBR1VBWkFCcEFHTUFkQUExQUM0QWFRQnVBR1lBYkFCMUFHVUFiZ0JqQUdVQWFBQmxBR0VBYkFCMEFHZ0FMZ0JqQUc4QWJRQTZBRFFBTkFBekFDOEFhUUJ0QUdFQVp3QmxBSE1BTHdCWEFHVUFiQUJqQUc4QWJRQmxBQzBBZEFCdkFDMEFVQUJ5QUdVQVpBQnBBR01BZEFBdEFHd0Fid0JuQUc4QUxnQnpBSFlBWndBaUFDd0FJZ0IwQUNJQU9nQWlBR1VBZGdCbEFHNEFkQUFpQUgwQUxBQjdBQ0lBYmdBaUFEb0FJZ0J5QUdVQVlRQmtBSGtBY3dCMEFHRUFkQUJsQUdNQWFBQmhBRzRBWndCbEFDSUFMQUFpQUhNQUlnQTZBRFFBTVFBeEFEVUFMQUFpQUdVQUlnQTZBRFFBTVFBeEFEWUFMQUFpQUc4QUlnQTZBQ0lBZFFCdUFHUUFaUUJtQUdrQWJnQmxBR1FBSUFCSEFFVUFWQUE2QUNBQWN3QjBBR0VBWndCcEFHNEFad0J3QUhJQVpRQmtBR2tBWXdCMEFEVUFMZ0JwQUc0QVpnQnNBSFVBWlFCdUFHTUFaUUJvQUdVQVlRQnNBSFFBYUFBdUFHTUFid0J0QURvQU5BQTBBRE1BTHdCcEFHMEFZUUJuQUdVQWN3QXZBRmNBWlFCc0FHTUFid0J0QUdVQUxRQjBBRzhBTFFCUUFISUFaUUJrQUdrQVl3QjBBQzBBYkFCdkFHY0Fid0F1QUhNQWRnQm5BQ0lBTEFBaUFIUUFJZ0E2QUNJQVpRQjJBR1VBYmdCMEFDSUFmUUFzQUhzQUlnQnVBQ0lBT2dBaUFISUFaUUJoQUdRQWVRQnpBSFFBWVFCMEFHVUFZd0JvQUdFQWJnQm5BR1VBSWdBc0FDSUFjd0FpQURvQU5BQXhBREVBTmdBc0FDSUFaUUFpQURvQU5BQXhBREVBTmdBc0FDSUFid0FpQURvQUlnQjFBRzRBWkFCbEFHWUFhUUJ1QUdVQVpBQWdBRWNBUlFCVUFEb0FJQUJ6QUhRQVlRQm5BR2tBYmdCbkFIQUFjZ0JsQUdRQWFRQmpBSFFBTlFBdUFHa0FiZ0JtQUd3QWRRQmxBRzRBWXdCbEFHZ0FaUUJoQUd3QWRBQm9BQzRBWXdCdkFHMEFPZ0EwQURRQU13QXZBR2tBYlFCaEFHY0FaUUJ6QUM4QVZ3QmxBR3dBWXdCdkFHMEFaUUF0QUhRQWJ3QXRBRkFBY2dCbEFHUUFhUUJqQUhRQUxRQnNBRzhBWndCdkFDNEFjd0IyQUdjQUlnQXNBQ0lBZEFBaUFEb0FJZ0JsQUhZQVpRQnVBSFFBSWdCOUFDd0Fld0FpQUc0QUlnQTZBQ0lBY2dCbEFHRUFaQUI1QUhNQWRBQmhBSFFBWlFCakFHZ0FZUUJ1QUdjQVpRQWlBQ3dBSWdCekFDSUFPZ0EwQURFQU1RQTJBQ3dBSWdCbEFDSUFPZ0EwQURFQU13QTRBQ3dBSWdCdkFDSUFPZ0FpQUhVQWJnQmtBR1VBWmdCcEFHNEFaUUJrQUNBQVJ3QkZBRlFBT2dBZ0FITUFkQUJoQUdjQWFRQnVBR2NBY0FCeUFHVUFaQUJwQUdNQWRBQTFBQzRBYVFCdUFHWUFiQUIxQUdVQWJnQmpBR1VBYUFCbEFHRUFiQUIwQUdnQUxnQmpBRzhBYlFBNkFEUUFOQUF6QUM4QWFRQnRBR0VBWndCbEFITUFMd0JYQUdVQWJBQmpBRzhBYlFCbEFDMEFkQUJ2QUMwQVVBQnlBR1VBWkFCcEFHTUFkQUF0QUd3QWJ3Qm5BRzhBTGdCekFIWUFad0FpQUN3QUlnQjBBQ0lBT2dBaUFHVUFkZ0JsQUc0QWRBQWlBSDBBTEFCN0FDSUFiZ0FpQURvQUlnQnlBR1VBWVFCa0FIa0Fjd0IwQUdFQWRBQmxBR01BYUFCaEFHNEFad0JsQUNJQUxBQWlBSE1BSWdBNkFEUUFNUUEwQURBQUxBQWlBR1VBSWdBNkFEUUFNUUEwQURBQUxBQWlBRzhBSWdBNkFDSUFkUUJ1QUdRQVpRQm1BR2tBYmdCbEFHUUFJQUJIQUVVQVZBQTZBQ0FBY3dCMEFHRUFad0JwQUc0QVp3QndBSElBWlFCa0FHa0FZd0IwQURVQUxnQnBBRzRBWmdCc0FIVUFaUUJ1QUdNQVpRQm9BR1VBWVFCc0FIUUFhQUF1QUdNQWJ3QnRBRG9BTkFBMEFETUFMd0JwQUcwQVlRQm5BR1VBY3dBdkFHMEFZUUJ5QUdzQVpRQjBBR2tBYmdCbkFDMEFjQUJ2QUd3QWVRQm5BRzhBYmdCekFDNEFjd0IyQUdjQUlnQXNBQ0lBZEFBaUFEb0FJZ0JsQUhZQVpRQnVBSFFBSWdCOUFDd0Fld0FpQUc0QUlnQTZBQ0lBY2dCbEFHRUFaQUI1QUhNQWRBQmhBSFFBWlFCakFHZ0FZUUJ1QUdjQVpRQWlBQ3dBSWdCekFDSUFPZ0EwQURFQU5BQXdBQ3dBSWdCbEFDSUFPZ0EwQURFQU5BQXdBQ3dBSWdCdkFDSUFPZ0FpQUhVQWJnQmtBR1VBWmdCcEFHNEFaUUJrQUNBQVJ3QkZBRlFBT2dBZ0FITUFkQUJoQUdjQWFRQnVBR2NBY0FCeUFHVUFaQUJwQUdNQWRBQTFBQzRBYVFCdUFHWUFiQUIxQUdVQWJnQmpBR1VBYUFCbEFHRUFiQUIwQUdnQUxnQmpBRzhBYlFBNkFEUUFOQUF6QUM4QWFRQnRBR0VBWndCbEFITUFMd0J0QUdFQWNnQnJBR1VBZEFCcEFHNEFad0F0QUhBQWJ3QnNBSGtBWndCdkFHNEFjd0F1QUhNQWRnQm5BQ0lBTEFBaUFIUUFJZ0E2QUNJQVpRQjJBR1VBYmdCMEFDSUFmUUFzQUhzQUlnQnVBQ0lBT2dBaUFISUFaUUJoQUdRQWVRQnpBSFFBWVFCMEFHVUFZd0JvQUdFQWJnQm5BR1VBSWdBc0FDSUFjd0FpQURvQU5BQXhBRFFBTUFBc0FDSUFaUUFpQURvQU5BQXhBRFFBTUFBc0FDSUFid0FpQURvQUlnQjFBRzRBWkFCbEFHWUFhUUJ1QUdVQVpBQWdBRWNBUlFCVUFEb0FJQUJ6QUhRQVlRQm5BR2tBYmdCbkFIQUFjZ0JsQUdRQWFRQmpBSFFBTlFBdUFHa0FiZ0JtQUd3QWRRQmxBRzRBWXdCbEFHZ0FaUUJoQUd3QWRBQm9BQzRBWXdCdkFHMEFPZ0EwQURRQU13QXZBR2tBYlFCaEFHY0FaUUJ6QUM4QWJRQmhBSElBYXdCbEFIUUFhUUJ1QUdjQUxRQndBRzhBYkFCNUFHY0Fid0J1QUhNQUxnQnpBSFlBWndBaUFDd0FJZ0IwQUNJQU9nQWlBR1VBZGdCbEFHNEFkQUFpQUgwQUxBQjdBQ0lBYmdBaUFEb0FJZ0J5QUdVQVlRQmtBSGtBY3dCMEFHRUFkQUJsQUdNQWFBQmhBRzRBWndCbEFDSUFMQUFpQUhNQUlnQTZBRFFBTVFBMEFEQUFMQUFpQUdVQUlnQTZBRFFBTVFBMEFEQUFMQUFpQUc4QUlnQTZBQ0lBZFFCdUFHUUFaUUJtQUdrQWJnQmxBR1FBSUFCSEFFVUFWQUE2QUNBQWN3QjBBR0VBWndCcEFHNEFad0J3QUhJQVpRQmtBR2tBWXdCMEFEVUFMZ0JwQUc0QVpnQnNBSFVBWlFCdUFHTUFaUUJvQUdVQVlRQnNBSFFBYUFBdUFHTUFid0J0QURvQU5BQTBBRE1BTHdCcEFHMEFZUUJuQUdVQWN3QXZBRzBBWVFCeUFHc0FaUUIwQUdrQWJnQm5BQzBBY0FCdkFHd0FlUUJuQUc4QWJnQnpBQzRBY3dCMkFHY0FJZ0FzQUNJQWRBQWlBRG9BSWdCbEFIWUFaUUJ1QUhRQUlnQjlBQ3dBZXdBaUFHNEFJZ0E2QUNJQWNnQmxBR0VBWkFCNUFITUFkQUJoQUhRQVpRQmpBR2dBWVFCdUFHY0FaUUFpQUN3QUlnQnpBQ0lBT2dBMEFERUFOQUF3QUN3QUlnQmxBQ0lBT2dBMEFERUFOQUF3QUN3QUlnQnZBQ0lBT2dBaUFIVUFiZ0JrQUdVQVpnQnBBRzRBWlFCa0FDQUFSd0JGQUZRQU9nQWdBSE1BZEFCaEFHY0FhUUJ1QUdjQWNBQnlBR1VBWkFCcEFHTUFkQUExQUM0QWFRQnVBR1lBYkFCMUFHVUFiZ0JqQUdVQWFBQmxBR0VBYkFCMEFHZ0FMZ0JqQUc4QWJRQTZBRFFBTkFBekFDOEFhUUJ0QUdFQVp3QmxBSE1BTHdCdEFHRUFjZ0JyQUdVQWRBQnBBRzRBWndBdEFIQUFid0JzQUhrQVp3QnZBRzRBY3dBdUFITUFkZ0JuQUNJQUxBQWlBSFFBSWdBNkFDSUFaUUIyQUdVQWJnQjBBQ0lBZlFBc0FIc0FJZ0J1QUNJQU9nQWlBSElBWlFCaEFHUUFlUUJ6QUhRQVlRQjBBR1VBWXdCb0FHRUFiZ0JuQUdVQUlnQXNBQ0lBY3dBaUFEb0FOQUF4QURRQU1BQXNBQ0lBWlFBaUFEb0FOQUF4QURVQU1BQXNBQ0lBYndBaUFEb0FJZ0IxQUc0QVpBQmxBR1lBYVFCdUFHVUFaQUFnQUVjQVJRQlVBRG9BSUFCekFIUUFZUUJuQUdrQWJnQm5BSEFBY2dCbEFHUUFhUUJqQUhRQU5RQXVBR2tBYmdCbUFHd0FkUUJsQUc0QVl3QmxBR2dBWlFCaEFHd0FkQUJvQUM0QVl3QnZBRzBBT2dBMEFEUUFNd0F2QUdrQWJRQmhBR2NBWlFCekFDOEFiUUJoQUhJQWF3QmxBSFFBYVFCdUFHY0FMUUJ3QUc4QWJBQjVBR2NBYndCdUFITUFMZ0J6QUhZQVp3QWlBQ3dBSWdCMEFDSUFPZ0FpQUdVQWRnQmxBRzRBZEFBaUFIMEFMQUI3QUNJQWJnQWlBRG9BSWdCRUFFOEFUUUJEQUc4QWJnQjBBR1VBYmdCMEFFd0Fid0JoQUdRQVpRQmtBQ0lBTEFBaUFITUFJZ0E2QURJQU53QTJBRE1BTEFBaUFHVUFJZ0E2QURJQU9BQTVBRGtBTEFBaUFHOEFJZ0E2QUNJQVpBQnZBR01BZFFCdEFHVUFiZ0IwQUNJQUxBQWlBSFFBSWdBNkFDSUFaUUIyQUdVQWJnQjBBQ0lBZlFBc0FIc0FJZ0J1QUNJQU9nQWlBR3dBYndCaEFHUUFJZ0FzQUNJQWN3QWlBRG9BTWdBNUFEQUFPUUFzQUNJQVpRQWlBRG9BTWdBNUFEQUFPUUFzQUNJQWJ3QWlBRG9BSWdCM0FHa0FiZ0JrQUc4QWR3QWlBQ3dBSWdCMEFDSUFPZ0FpQUdVQWRnQmxBRzRBZEFBaUFIMEFMQUI3QUNJQWJnQWlBRG9BSWdCc0FHOEFZUUJrQUNJQUxBQWlBSE1BSWdBNkFESUFPUUF6QURJQUxBQWlBR1VBSWdBNkFESUFPUUEwQURNQUxBQWlBRzhBSWdBNkFDSUFNZ0F3QURBQUlBQkhBRVVBVkFBNkFDQUFjd0IwQUdFQVp3QnBBRzRBWndCd0FISUFaUUJrQUdrQVl3QjBBRFVBTGdCcEFHNEFaZ0JzQUhVQVpRQnVBR01BWlFCb0FHVUFZUUJzQUhRQWFBQXVBR01BYndCdEFEb0FOQUEwQURNQUx3QnlBRzhBZFFCMEFHVUFjd0F1QUdvQWN3QnZBRzRBSWdBc0FDSUFkQUFpQURvQUlnQmxBSFlBWlFCdUFIUUFJZ0I5QUN3QWV3QWlBRzRBSWdBNkFDSUFiQUJ2QUdFQVpBQWlBQ3dBSWdCekFDSUFPZ0F5QURrQU9BQTRBQ3dBSWdCbEFDSUFPZ0F5QURrQU9RQTJBQ3dBSWdCdkFDSUFPZ0FpQURJQU1BQXdBQ0FBUndCRkFGUUFPZ0FnQUhNQWRBQmhBR2NBYVFCdUFHY0FjQUJ5QUdVQVpBQnBBR01BZEFBMUFDNEFhUUJ1QUdZQWJBQjFBR1VBYmdCakFHVUFhQUJsQUdFQWJBQjBBR2dBTGdCakFHOEFiUUE2QURRQU5BQXpBQzhBSkFCdEFHOEFaQUIxQUd3QVpRQXZBR3dBWVFCNUFHOEFkUUIwQUhNQUx3QmtBR1VBWmdCaEFIVUFiQUIwQUNJQUxBQWlBSFFBSWdBNkFDSUFaUUIyQUdVQWJnQjBBQ0lBZlFBc0FIc0FJZ0J1QUNJQU9nQWlBR3dBYndCaEFHUUFJZ0FzQUNJQWN3QWlBRG9BTXdBeEFERUFNd0FzQUNJQVpRQWlBRG9BTXdBeEFESUFNZ0FzQUNJQWJ3QWlBRG9BSWdBeUFEQUFNQUFnQUVjQVJRQlVBRG9BSUFCekFIUUFZUUJuQUdrQWJnQm5BSEFBY2dCbEFHUUFhUUJqQUhRQU5RQXVBR2tBYmdCbUFHd0FkUUJsQUc0QVl3QmxBR2dBWlFCaEFHd0FkQUJvQUM0QVl3QnZBRzBBT2dBMEFEUUFNd0F2QUd3QVlRQjVBRzhBZFFCMEFITUFMd0JrQUdVQVpnQmhBSFVBYkFCMEFDOEFMd0J0QUdFQWFRQnVBQzRBYWdCekFDSUFMQUFpQUhRQUlnQTZBQ0lBWlFCMkFHVUFiZ0IwQUNJQWZRQXNBSHNBSWdCdUFDSUFPZ0FpQUd3QWJ3QmhBR1FBSWdBc0FDSUFjd0FpQURvQU13QXlBRE1BTndBc0FDSUFaUUFpQURvQU13QXlBRFlBTlFBc0FDSUFid0FpQURvQUlnQXlBREFBTUFBZ0FFY0FSUUJVQURvQUlBQnpBSFFBWVFCbkFHa0FiZ0JuQUhBQWNnQmxBR1FBYVFCakFIUUFOUUF1QUdrQWJnQm1BR3dBZFFCbEFHNEFZd0JsQUdnQVpRQmhBR3dBZEFCb0FDNEFZd0J2QUcwQU9nQTBBRFFBTXdBdkFHd0FZUUI1QUc4QWRRQjBBSE1BTHdCa0FHVUFaZ0JoQUhVQWJBQjBBQzhBYVFCdUFHUUFaUUI0QUM0QWFBQjBBRzBBYkFBaUFDd0FJZ0IwQUNJQU9nQWlBR1VBZGdCbEFHNEFkQUFpQUgwQUxBQjdBQ0lBYmdBaUFEb0FJZ0JzQUc4QVlRQmtBQ0lBTEFBaUFITUFJZ0E2QURNQU13QTRBRElBTEFBaUFHVUFJZ0E2QURNQU5BQXdBREVBTEFBaUFHOEFJZ0E2QUNJQU1nQXdBREFBSUFCSEFFVUFWQUE2QUNBQWN3QjBBR0VBWndCcEFHNEFad0J3QUhJQVpRQmtBR2tBWXdCMEFEVUFMZ0JwQUc0QVpnQnNBSFVBWlFCdUFHTUFaUUJvQUdVQVlRQnNBSFFBYUFBdUFHTUFid0J0QURvQU5BQTBBRE1BTHdBa0FHMEFid0JrQUhVQWJBQmxBQzhBYlFCdkFHUUFkUUJzQUdVQWN3QXZBSE1BWlFCekFITUFhUUJ2QUc0QUlnQXNBQ0lBZEFBaUFEb0FJZ0JsQUhZQVpRQnVBSFFBSWdCOUFDd0Fld0FpQUc0QUlnQTZBQ0lBYkFCdkFHRUFaQUFpQUN3QUlnQnpBQ0lBT2dBekFEUUFNQUF5QUN3QUlnQmxBQ0lBT2dBekFEUUFNQUF5QUN3QUlnQnZBQ0lBT2dBaUFESUFNQUF3QUNBQVVBQlBBRk1BVkFBNkFDQUFZZ0JoQUcwQUxnQnVBSElBTFFCa0FHRUFkQUJoQUM0QWJnQmxBSFFBT2dBMEFEUUFNd0F2QUhJQVpRQnpBRzhBZFFCeUFHTUFaUUJ6QUM4QU1RQXZBR1VBTkFCbUFEWUFNd0JrQUdFQU5nQXpBRGNBSWdBc0FDSUFkQUFpQURvQUlnQmxBSFlBWlFCdUFIUUFJZ0I5QUN3QWV3QWlBRzRBSWdBNkFDSUFiQUJ2QUdFQVpBQWlBQ3dBSWdCekFDSUFPZ0F6QURRQU13QTNBQ3dBSWdCbEFDSUFPZ0F6QURRQU5RQXlBQ3dBSWdCdkFDSUFPZ0FpQURJQU1BQXdBQ0FBUndCRkFGUUFPZ0FnQUhNQWRBQmhBR2NBYVFCdUFHY0FjQUJ5QUdVQVpBQnBBR01BZEFBMUFDNEFhUUJ1QUdZQWJBQjFBR1VBYmdCakFHVUFhQUJsQUdFQWJBQjBBR2dBTGdCakFHOEFiUUE2QURRQU5BQXpBQzhBYlFCdkFHUUFkUUJzQUdVQWN3QXZBSE1BWlFCekFITUFhUUJ2QUc0QUx3QXZBRzBBWVFCcEFHNEFMZ0JxQUhNQUlnQXNBQ0lBZEFBaUFEb0FJZ0JsQUhZQVpRQnVBSFFBSWdCOUFDd0Fld0FpQUc0QUlnQTZBQ0lBYkFCdkFHRUFaQUFpQUN3QUlnQnpBQ0lBT2dBekFEUUFOUUE0QUN3QUlnQmxBQ0lBT2dBekFEUUFOZ0F3QUN3QUlnQnZBQ0lBT2dBaUFESUFNQUF3QUNBQVJ3QkZBRlFBT2dBZ0FITUFkQUJoQUdjQWFRQnVBR2NBY0FCeUFHVUFaQUJwQUdNQWRBQTFBQzRBYVFCdUFHWUFiQUIxQUdVQWJnQmpBR1VBYUFCbEFHRUFiQUIwQUdnQUxnQmpBRzhBYlFBNkFEUUFOQUF6QUM4QWJRQnZBR1FBZFFCc0FHVUFjd0F2QUhNQVpRQnpBSE1BYVFCdkFHNEFMd0F2QUdNQWJ3QnVBSFFBY2dCdkFHd0FiQUJsQUhJQWN3QmNBRndBVEFCdkFHY0FhUUJ1QUVNQWRBQnlBR3dBTGdCcUFITUFJZ0FzQUNJQWRBQWlBRG9BSWdCbEFIWUFaUUJ1QUhRQUlnQjlBQ3dBZXdBaUFHNEFJZ0E2QUNJQWJBQnZBR0VBWkFBaUFDd0FJZ0J6QUNJQU9nQXpBRFFBTndBekFDd0FJZ0JsQUNJQU9nQXpBRFFBTndBMEFDd0FJZ0J2QUNJQU9nQWlBRElBTUFBd0FDQUFSd0JGQUZRQU9nQWdBSE1BZEFCaEFHY0FhUUJ1QUdjQWNBQnlBR1VBWkFCcEFHTUFkQUExQUM0QWFRQnVBR1lBYkFCMUFHVUFiZ0JqQUdVQWFBQmxBR0VBYkFCMEFHZ0FMZ0JqQUc4QWJRQTZBRFFBTkFBekFDOEFiUUJ2QUdRQWRRQnNBR1VBY3dBdkFITUFaUUJ6QUhNQWFRQnZBRzRBTHdBdkFHTUFid0J1QUhRQWNnQnZBR3dBYkFCbEFISUFjd0JjQUZ3QVRBQnZBR2NBYndCMUFIUUFRd0IwQUhJQWJBQXVBR29BY3dBaUFDd0FJZ0IwQUNJQU9nQWlBR1VBZGdCbEFHNEFkQUFpQUgwQUxBQjdBQ0lBYmdBaUFEb0FJZ0JzQUc4QVlRQmtBQ0lBTEFBaUFITUFJZ0E2QURNQU5BQTNBRFVBTEFBaUFHVUFJZ0E2QURNQU5BQTRBRElBTEFBaUFHOEFJZ0E2QUNJQU1nQXdBREFBSUFCSEFFVUFWQUE2QUNBQWN3QjBBR0VBWndCcEFHNEFad0J3QUhJQVpRQmtBR2tBWXdCMEFEVUFMZ0JwQUc0QVpnQnNBSFVBWlFCdUFHTUFaUUJvQUdVQVlRQnNBSFFBYUFBdUFHTUFid0J0QURvQU5BQTBBRE1BTHdCdEFHOEFaQUIxQUd3QVpRQnpBQzhBY3dCbEFITUFjd0JwQUc4QWJnQXZBQzhBWXdCdkFHNEFkQUJ5QUc4QWJBQnNBR1VBY2dCekFGd0FYQUJTQUc4QWRRQjBBR1VBUXdCMEFISUFiQUF1QUdvQWN3QWlBQ3dBSWdCMEFDSUFPZ0FpQUdVQWRnQmxBRzRBZEFBaUFIMEFMQUI3QUNJQWJnQWlBRG9BSWdCc0FHOEFZUUJrQUNJQUxBQWlBSE1BSWdBNkFETUFOQUE1QURNQUxBQWlBR1VBSWdBNkFETUFOQUE1QURRQUxBQWlBRzhBSWdBNkFDSUFNZ0F3QURBQUlBQkhBRVVBVkFBNkFDQUFjd0IwQUdFQVp3QnBBRzRBWndCd0FISUFaUUJrQUdrQVl3QjBBRFVBTGdCcEFHNEFaZ0JzQUhVQVpRQnVBR01BWlFCb0FHVUFZUUJzQUhRQWFBQXVBR01BYndCdEFEb0FOQUEwQURNQUx3QnRBRzhBWkFCMUFHd0FaUUJ6QUM4QWN3QmxBSE1BY3dCcEFHOEFiZ0F2QUdNQWJ3QnVBSFFBY2dCdkFHd0FiQUJsQUhJQWN3QXZBRklBYndCMUFIUUFaUUJEQUhRQWNnQnNBQzRBYWdCekFDSUFMQUFpQUhRQUlnQTZBQ0lBWlFCMkFHVUFiZ0IwQUNJQWZRQXNBSHNBSWdCdUFDSUFPZ0FpQUd3QWJ3QmhBR1FBSWdBc0FDSUFjd0FpQURvQU13QTFBREFBTWdBc0FDSUFaUUFpQURvQU13QTFBREFBTkFBc0FDSUFid0FpQURvQUlnQXlBREFBTUFBZ0FFY0FSUUJVQURvQUlBQnpBSFFBWVFCbkFHa0FiZ0JuQUhBQWNnQmxBR1FBYVFCakFIUUFOUUF1QUdrQWJnQm1BR3dBZFFCbEFHNEFZd0JsQUdnQVpRQmhBR3dBZEFCb0FDNEFZd0J2QUcwQU9nQTBBRFFBTXdBdkFHMEFid0JrQUhVQWJBQmxBSE1BTHdCekFHVUFjd0J6QUdrQWJ3QnVBQzhBWXdCdkFHNEFkQUJ5QUc4QWJBQnNBR1VBY2dCekFDOEFUQUJ2QUdjQWFRQnVBRU1BZEFCeUFHd0FMZ0JxQUhNQUlnQXNBQ0lBZEFBaUFEb0FJZ0JsQUhZQVpRQnVBSFFBSWdCOUFDd0Fld0FpQUc0QUlnQTZBQ0lBYkFCdkFHRUFaQUFpQUN3QUlnQnpBQ0lBT2dBekFEVUFNQUE0QUN3QUlnQmxBQ0lBT2dBekFEVUFNQUE1QUN3QUlnQnZBQ0lBT2dBaUFESUFNQUF3QUNBQVJ3QkZBRlFBT2dBZ0FITUFkQUJoQUdjQWFRQnVBR2NBY0FCeUFHVUFaQUJwQUdNQWRBQTFBQzRBYVFCdUFHWUFiQUIxQUdVQWJnQmpBR1VBYUFCbEFHRUFiQUIwQUdnQUxnQmpBRzhBYlFBNkFEUUFOQUF6QUM4QWJRQnZBR1FBZFFCc0FHVUFjd0F2QUhNQVpRQnpBSE1BYVFCdkFHNEFMd0JqQUc4QWJnQjBBSElBYndCc0FHd0FaUUJ5QUhNQUx3Qk1BRzhBWndCdkFIVUFkQUJEQUhRQWNnQnNBQzRBYWdCekFDSUFMQUFpQUhRQUlnQTZBQ0lBWlFCMkFHVUFiZ0IwQUNJQWZRQXNBSHNBSWdCdUFDSUFPZ0FpQUd3QWJ3QmhBR1FBSWdBc0FDSUFjd0FpQURvQU13QTFBRE1BTmdBc0FDSUFaUUFpQURvQU13QTFBRFlBT1FBc0FDSUFid0FpQURvQUlnQXlBREFBTUFBZ0FFY0FSUUJVQURvQUlBQnpBSFFBWVFCbkFHa0FiZ0JuQUhBQWNnQmxBR1FBYVFCakFIUUFOUUF1QUdrQWJnQm1BR3dBZFFCbEFHNEFZd0JsQUdnQVpRQmhBR3dBZEFCb0FDNEFZd0J2QUcwQU9nQTBBRFFBTXdBdkFHMEFid0JrQUhVQWJBQmxBSE1BTHdCekFHVUFjd0J6QUdrQWJ3QnVBQzhBYVFCdUFHUUFaUUI0QUM0QWFBQjBBRzBBYkFBaUFDd0FJZ0IwQUNJQU9nQWlBR1VBZGdCbEFHNEFkQUFpQUgwQUxBQjdBQ0lBYmdBaUFEb0FJZ0JzQUc4QVlRQmtBQ0lBTEFBaUFITUFJZ0E2QURNQU5nQTFBRGtBTEFBaUFHVUFJZ0E2QURNQU9RQTBBRGdBTEFBaUFHOEFJZ0E2QUNJQU1nQXdBREFBSUFCSEFFVUFWQUE2QUNBQWN3QjBBR0VBWndCcEFHNEFad0J3QUhJQVpRQmtBR2tBWXdCMEFEVUFMZ0JwQUc0QVpnQnNBSFVBWlFCdUFHTUFaUUJvQUdVQVlRQnNBSFFBYUFBdUFHTUFid0J0QURvQU5BQTBBRE1BTHdCdEFHOEFaQUIxQUd3QVpRQnpBQzhBY3dCbEFITUFjd0JwQUc4QWJnQXZBSFlBYVFCbEFIY0Fjd0F2QUd3QWJ3Qm5BR2tBYmdBdUFHZ0FkQUJ0QUd3QUlnQXNBQ0lBZEFBaUFEb0FJZ0JsQUhZQVpRQnVBSFFBSWdCOUFDd0Fld0FpQUc0QUlnQTZBQ0lBWmdCdkFHTUFkUUJ6QUNJQUxBQWlBSE1BSWdBNkFESUFPUUF5QURBQUxBQWlBR1VBSWdBNkFESUFPUUF5QURFQUxBQWlBRzhBSWdBNkFDSUFkd0JwQUc0QVpBQnZBSGNBSWdBc0FDSUFkQUFpQURvQUlnQmxBSFlBWlFCdUFIUUFJZ0I5QUN3QWV3QWlBRzRBSWdBNkFDSUFjQUJ5QUc4QVp3QnlBR1VBY3dCekFDSUFMQUFpQUhNQUlnQTZBRElBT1FBekFESUFMQUFpQUdVQUlnQTZBRElBT1FBekFESUFMQUFpQUc4QUlnQTZBQ0lBTWdBd0FEQUFJQUJIQUVVQVZBQTZBQ0FBY3dCMEFHRUFad0JwQUc0QVp3QndBSElBWlFCa0FHa0FZd0IwQURVQUxnQnBBRzRBWmdCc0FIVUFaUUJ1QUdNQVpRQm9BR1VBWVFCc0FIUUFhQUF1QUdNQWJ3QnRBRG9BTkFBMEFETUFMd0J5QUc4QWRRQjBBR1VBY3dBdUFHb0Fjd0J2QUc0QUlnQXNBQ0lBZEFBaUFEb0FJZ0JsQUhZQVpRQnVBSFFBSWdCOUFDd0Fld0FpQUc0QUlnQTZBQ0lBY0FCeUFHOEFad0J5QUdVQWN3QnpBQ0lBTEFBaUFITUFJZ0E2QURJQU9RQTRBRGdBTEFBaUFHVUFJZ0E2QURJQU9RQTRBRGdBTEFBaUFHOEFJZ0E2QUNJQU1nQXdBREFBSUFCSEFFVUFWQUE2QUNBQWN3QjBBR0VBWndCcEFHNEFad0J3QUhJQVpRQmtBR2tBWXdCMEFEVUFMZ0JwQUc0QVpnQnNBSFVBWlFCdUFHTUFaUUJvQUdVQVlRQnNBSFFBYUFBdUFHTUFid0J0QURvQU5BQTBBRE1BTHdBa0FHMEFid0JrQUhVQWJBQmxBQzhBYkFCaEFIa0Fid0IxQUhRQWN3QXZBR1FBWlFCbUFHRUFkUUJzQUhRQUlnQXNBQ0lBZEFBaUFEb0FJZ0JsQUhZQVpRQnVBSFFBSWdCOUFDd0Fld0FpQUc0QUlnQTZBQ0lBY0FCeUFHOEFad0J5QUdVQWN3QnpBQ0lBTEFBaUFITUFJZ0E2QURNQU1RQXhBRE1BTEFBaUFHVUFJZ0E2QURNQU1RQXhBRE1BTEFBaUFHOEFJZ0E2QUNJQU1nQXdBREFBSUFCSEFFVUFWQUE2QUNBQWN3QjBBR0VBWndCcEFHNEFad0J3QUhJQVpRQmtBR2tBWXdCMEFEVUFMZ0JwQUc0QVpnQnNBSFVBWlFCdUFHTUFaUUJvQUdVQVlRQnNBSFFBYUFBdUFHTUFid0J0QURvQU5BQTBBRE1BTHdCc0FHRUFlUUJ2QUhVQWRBQnpBQzhBWkFCbEFHWUFZUUIxQUd3QWRBQXZBQzhBYlFCaEFHa0FiZ0F1QUdvQWN3QWlBQ3dBSWdCMEFDSUFPZ0FpQUdVQWRnQmxBRzRBZEFBaUFIMEFMQUI3QUNJQWJnQWlBRG9BSWdCd0FISUFid0JuQUhJQVpRQnpBSE1BSWdBc0FDSUFjd0FpQURvQU13QXlBRE1BTmdBc0FDSUFaUUFpQURvQU13QXlBRE1BTmdBc0FDSUFid0FpQURvQUlnQjFBRzRBWkFCbEFHWUFhUUJ1QUdVQVpBQWdBRWNBUlFCVUFEb0FJQUJ6QUhRQVlRQm5BR2tBYmdCbkFIQUFjZ0JsQUdRQWFRQmpBSFFBTlFBdUFHa0FiZ0JtQUd3QWRRQmxBRzRBWXdCbEFHZ0FaUUJoQUd3QWRBQm9BQzRBWXdCdkFHMEFPZ0EwQURRQU13QXZBR3dBWVFCNUFHOEFkUUIwQUhNQUx3QmtBR1VBWmdCaEFIVUFiQUIwQUM4QWFRQnVBR1FBWlFCNEFDNEFhQUIwQUcwQWJBQWlBQ3dBSWdCMEFDSUFPZ0FpQUdVQWRnQmxBRzRBZEFBaUFIMEFMQUI3QUNJQWJnQWlBRG9BSWdCd0FISUFid0JuQUhJQVpRQnpBSE1BSWdBc0FDSUFjd0FpQURvQU13QXpBRGdBTVFBc0FDSUFaUUFpQURvQU13QXpBRGdBTVFBc0FDSUFid0FpQURvQUlnQjFBRzRBWkFCbEFHWUFhUUJ1QUdVQVpBQWdBRWNBUlFCVUFEb0FJQUJ6QUhRQVlRQm5BR2tBYmdCbkFIQUFjZ0JsQUdRQWFRQmpBSFFBTlFBdUFHa0FiZ0JtQUd3QWRRQmxBRzRBWXdCbEFHZ0FaUUJoQUd3QWRBQm9BQzRBWXdCdkFHMEFPZ0EwQURRQU13QXZBQ1FBYlFCdkFHUUFkUUJzQUdVQUx3QnRBRzhBWkFCMUFHd0FaUUJ6QUM4QWN3QmxBSE1BY3dCcEFHOEFiZ0FpQUN3QUlnQjBBQ0lBT2dBaUFHVUFkZ0JsQUc0QWRBQWlBSDBBTEFCN0FDSUFiZ0FpQURvQUlnQndBSElBYndCbkFISUFaUUJ6QUhNQUlnQXNBQ0lBY3dBaUFEb0FNd0EwQURBQU1RQXNBQ0lBWlFBaUFEb0FNd0EwQURBQU1RQXNBQ0lBYndBaUFEb0FJZ0IxQUc0QVpBQmxBR1lBYVFCdUFHVUFaQUFnQUZBQVR3QlRBRlFBT2dBZ0FHSUFZUUJ0QUM0QWJnQnlBQzBBWkFCaEFIUUFZUUF1QUc0QVpRQjBBRG9BTkFBMEFETUFMd0J5QUdVQWN3QnZBSFVBY2dCakFHVUFjd0F2QURFQUx3QmxBRFFBWmdBMkFETUFaQUJoQURZQU13QTNBQ0lBTEFBaUFIUUFJZ0E2QUNJQVpRQjJBR1VBYmdCMEFDSUFmUUFzQUhzQUlnQnVBQ0lBT2dBaUFIQUFjZ0J2QUdjQWNnQmxBSE1BY3dBaUFDd0FJZ0J6QUNJQU9nQXpBRFFBTXdBM0FDd0FJZ0JsQUNJQU9nQXpBRFFBTXdBM0FDd0FJZ0J2QUNJQU9nQWlBSFVBYmdCa0FHVUFaZ0JwQUc0QVpRQmtBQ0FBUndCRkFGUUFPZ0FnQUhNQWRBQmhBR2NBYVFCdUFHY0FjQUJ5QUdVQVpBQnBBR01BZEFBMUFDNEFhUUJ1QUdZQWJBQjFBR1VBYmdCakFHVUFhQUJsQUdFQWJBQjBBR2dBTGdCakFHOEFiUUE2QURRQU5BQXpBQzhBYlFCdkFHUUFkUUJzQUdVQWN3QXZBSE1BWlFCekFITUFhUUJ2QUc0QUx3QXZBRzBBWVFCcEFHNEFMZ0JxQUhNQUlnQXNBQ0lBZEFBaUFEb0FJZ0JsQUhZQVpRQnVBSFFBSWdCOUFDd0Fld0FpQUc0QUlnQTZBQ0lBY0FCeUFHOEFad0J5QUdVQWN3QnpBQ0lBTEFBaUFITUFJZ0E2QURNQU5BQXpBRGNBTEFBaUFHVUFJZ0E2QURNQU5BQXpBRGNBTEFBaUFHOEFJZ0E2QUNJQWRRQnVBR1FBWlFCbUFHa0FiZ0JsQUdRQUlBQkhBRVVBVkFBNkFDQUFjd0IwQUdFQVp3QnBBRzRBWndCd0FISUFaUUJrQUdrQVl3QjBBRFVBTGdCcEFHNEFaZ0JzQUhVQVpRQnVBR01BWlFCb0FHVUFZUUJzQUhRQWFBQXVBR01BYndCdEFEb0FOQUEwQURNQUx3QnRBRzhBWkFCMUFHd0FaUUJ6QUM4QWN3QmxBSE1BY3dCcEFHOEFiZ0F2QUM4QWJRQmhBR2tBYmdBdUFHb0Fjd0FpQUN3QUlnQjBBQ0lBT2dBaUFHVUFkZ0JsQUc0QWRBQWlBSDBBTEFCN0FDSUFiZ0FpQURvQUlnQndBSElBYndCbkFISUFaUUJ6QUhNQUlnQXNBQ0lBY3dBaUFEb0FNd0EwQURVQU53QXNBQ0lBWlFBaUFEb0FNd0EwQURVQU53QXNBQ0lBYndBaUFEb0FJZ0IxQUc0QVpBQmxBR1lBYVFCdUFHVUFaQUFnQUVjQVJRQlVBRG9BSUFCekFIUUFZUUJuQUdrQWJnQm5BSEFBY2dCbEFHUUFhUUJqQUhRQU5RQXVBR2tBYmdCbUFHd0FkUUJsQUc0QVl3QmxBR2dBWlFCaEFHd0FkQUJvQUM0QVl3QnZBRzBBT2dBMEFEUUFNd0F2QUcwQWJ3QmtBSFVBYkFCbEFITUFMd0J6QUdVQWN3QnpBR2tBYndCdUFDOEFMd0JqQUc4QWJnQjBBSElBYndCc0FHd0FaUUJ5QUhNQVhBQmNBRXdBYndCbkFHa0FiZ0JEQUhRQWNnQnNBQzRBYWdCekFDSUFMQUFpQUhRQUlnQTZBQ0lBWlFCMkFHVUFiZ0IwQUNJQWZRQXNBSHNBSWdCdUFDSUFPZ0FpQUhBQWNnQnZBR2NBY2dCbEFITUFjd0FpQUN3QUlnQnpBQ0lBT2dBekFEUUFOUUE0QUN3QUlnQmxBQ0lBT2dBekFEUUFOUUE0QUN3QUlnQnZBQ0lBT2dBaUFIVUFiZ0JrQUdVQVpnQnBBRzRBWlFCa0FDQUFSd0JGQUZRQU9nQWdBSE1BZEFCaEFHY0FhUUJ1QUdjQWNBQnlBR1VBWkFCcEFHTUFkQUExQUM0QWFRQnVBR1lBYkFCMUFHVUFiZ0JqQUdVQWFBQmxBR0VBYkFCMEFHZ0FMZ0JqQUc4QWJRQTZBRFFBTkFBekFDOEFiUUJ2QUdRQWRRQnNBR1VBY3dBdkFITUFaUUJ6QUhNQWFRQnZBRzRBTHdBdkFHTUFid0J1QUhRQWNnQnZBR3dBYkFCbEFISUFjd0JjQUZ3QVRBQnZBR2NBYVFCdUFFTUFkQUJ5QUd3QUxnQnFBSE1BSWdBc0FDSUFkQUFpQURvQUlnQmxBSFlBWlFCdUFIUUFJZ0I5QUN3QWV3QWlBRzRBSWdBNkFDSUFjQUJ5QUc4QVp3QnlBR1VBY3dCekFDSUFMQUFpQUhNQUlnQTZBRE1BTkFBM0FESUFMQUFpQUdVQUlnQTZBRE1BTkFBM0FESUFMQUFpQUc4QUlnQTZBQ0lBZFFCdUFHUUFaUUJtQUdrQWJnQmxBR1FBSUFCSEFFVUFWQUE2QUNBQWN3QjBBR0VBWndCcEFHNEFad0J3QUhJQVpRQmtBR2tBWXdCMEFEVUFMZ0JwQUc0QVpnQnNBSFVBWlFCdUFHTUFaUUJvQUdVQVlRQnNBSFFBYUFBdUFHTUFid0J0QURvQU5BQTBBRE1BTHdCdEFHOEFaQUIxQUd3QVpRQnpBQzhBY3dCbEFITUFjd0JwQUc4QWJnQXZBQzhBWXdCdkFHNEFkQUJ5QUc4QWJBQnNBR1VBY2dCekFGd0FYQUJNQUc4QVp3QnZBSFVBZEFCREFIUUFjZ0JzQUM0QWFnQnpBQ0lBTEFBaUFIUUFJZ0E2QUNJQVpRQjJBR1VBYmdCMEFDSUFmUUFzQUhzQUlnQnVBQ0lBT2dBaUFIQUFjZ0J2QUdjQWNnQmxBSE1BY3dBaUFDd0FJZ0J6QUNJQU9nQXpBRFFBTndBMEFDd0FJZ0JsQUNJQU9nQXpBRFFBTndBMEFDd0FJZ0J2QUNJQU9nQWlBSFVBYmdCa0FHVUFaZ0JwQUc0QVpRQmtBQ0FBUndCRkFGUUFPZ0FnQUhNQWRBQmhBR2NBYVFCdUFHY0FjQUJ5QUdVQVpBQnBBR01BZEFBMUFDNEFhUUJ1QUdZQWJBQjFBR1VBYmdCakFHVUFhQUJsQUdFQWJBQjBBR2dBTGdCakFHOEFiUUE2QURRQU5BQXpBQzhBYlFCdkFHUUFkUUJzQUdVQWN3QXZBSE1BWlFCekFITUFhUUJ2QUc0QUx3QXZBR01BYndCdUFIUUFjZ0J2QUd3QWJBQmxBSElBY3dCY0FGd0FVZ0J2QUhVQWRBQmxBRU1BZEFCeUFHd0FMZ0JxQUhNQUlnQXNBQ0lBZEFBaUFEb0FJZ0JsQUhZQVpRQnVBSFFBSWdCOUFDd0Fld0FpQUc0QUlnQTZBQ0lBY0FCeUFHOEFad0J5QUdVQWN3QnpBQ0lBTEFBaUFITUFJZ0E2QURNQU5BQTVBRE1BTEFBaUFHVUFJZ0E2QURNQU5BQTVBRE1BTEFBaUFHOEFJZ0E2QUNJQWRRQnVBR1FBWlFCbUFHa0FiZ0JsQUdRQUlBQkhBRVVBVkFBNkFDQUFjd0IwQUdFQVp3QnBBRzRBWndCd0FISUFaUUJrQUdrQVl3QjBBRFVBTGdCcEFHNEFaZ0JzQUhVQVpRQnVBR01BWlFCb0FHVUFZUUJzQUhRQWFBQXVBR01BYndCdEFEb0FOQUEwQURNQUx3QnRBRzhBWkFCMUFHd0FaUUJ6QUM4QWN3QmxBSE1BY3dCcEFHOEFiZ0F2QUdNQWJ3QnVBSFFBY2dCdkFHd0FiQUJsQUhJQWN3QXZBRklBYndCMUFIUUFaUUJEQUhRQWNnQnNBQzRBYWdCekFDSUFMQUFpQUhRQUlnQTZBQ0lBWlFCMkFHVUFiZ0IwQUNJQWZRQXNBSHNBSWdCdUFDSUFPZ0FpQUhBQWNnQnZBR2NBY2dCbEFITUFjd0FpQUN3QUlnQnpBQ0lBT2dBekFEVUFNQUF4QUN3QUlnQmxBQ0lBT2dBekFEVUFNQUF4QUN3QUlnQnZBQ0lBT2dBaUFIVUFiZ0JrQUdVQVpnQnBBRzRBWlFCa0FDQUFSd0JGQUZRQU9nQWdBSE1BZEFCaEFHY0FhUUJ1QUdjQWNBQnlBR1VBWkFCcEFHTUFkQUExQUM0QWFRQnVBR1lBYkFCMUFHVUFiZ0JqQUdVQWFBQmxBR0VBYkFCMEFHZ0FMZ0JqQUc4QWJRQTZBRFFBTkFBekFDOEFiUUJ2QUdRQWRRQnNBR1VBY3dBdkFITUFaUUJ6QUhNQWFRQnZBRzRBTHdCakFHOEFiZ0IwQUhJQWJ3QnNBR3dBWlFCeUFITUFMd0JNQUc4QVp3QnBBRzRBUXdCMEFISUFiQUF1QUdvQWN3QWlBQ3dBSWdCMEFDSUFPZ0FpQUdVQWRnQmxBRzRBZEFBaUFIMEFMQUI3QUNJQWJnQWlBRG9BSWdCd0FISUFid0JuQUhJQVpRQnpBSE1BSWdBc0FDSUFjd0FpQURvQU13QTFBREFBTWdBc0FDSUFaUUFpQURvQU13QTFBREFBTWdBc0FDSUFid0FpQURvQUlnQjFBRzRBWkFCbEFHWUFhUUJ1QUdVQVpBQWdBRWNBUlFCVUFEb0FJQUJ6QUhRQVlRQm5BR2tBYmdCbkFIQUFjZ0JsQUdRQWFRQmpBSFFBTlFBdUFHa0FiZ0JtQUd3QWRRQmxBRzRBWXdCbEFHZ0FaUUJoQUd3QWRBQm9BQzRBWXdCdkFHMEFPZ0EwQURRQU13QXZBRzBBYndCa0FIVUFiQUJsQUhNQUx3QnpBR1VBY3dCekFHa0Fid0J1QUM4QVl3QnZBRzRBZEFCeUFHOEFiQUJzQUdVQWNnQnpBQzhBVEFCdkFHY0FhUUJ1QUVNQWRBQnlBR3dBTGdCcUFITUFJZ0FzQUNJQWRBQWlBRG9BSWdCbEFIWUFaUUJ1QUhRQUlnQjlBQ3dBZXdBaUFHNEFJZ0E2QUNJQWNBQnlBRzhBWndCeUFHVUFjd0J6QUNJQUxBQWlBSE1BSWdBNkFETUFOUUF3QURjQUxBQWlBR1VBSWdBNkFETUFOUUF3QURjQUxBQWlBRzhBSWdBNkFDSUFkUUJ1QUdRQVpRQm1BR2tBYmdCbEFHUUFJQUJIQUVVQVZBQTZBQ0FBY3dCMEFHRUFad0JwQUc0QVp3QndBSElBWlFCa0FHa0FZd0IwQURVQUxnQnBBRzRBWmdCc0FIVUFaUUJ1QUdNQVpRQm9BR1VBWVFCc0FIUUFhQUF1QUdNQWJ3QnRBRG9BTkFBMEFETUFMd0J0QUc4QVpBQjFBR3dBWlFCekFDOEFjd0JsQUhNQWN3QnBBRzhBYmdBdkFHTUFid0J1QUhRQWNnQnZBR3dBYkFCbEFISUFjd0F2QUV3QWJ3Qm5BRzhBZFFCMEFFTUFkQUJ5QUd3QUxnQnFBSE1BSWdBc0FDSUFkQUFpQURvQUlnQmxBSFlBWlFCdUFIUUFJZ0I5QUN3QWV3QWlBRzRBSWdBNkFDSUFjQUJ5QUc4QVp3QnlBR1VBY3dCekFDSUFMQUFpQUhNQUlnQTZBRE1BTlFBekFEWUFMQUFpQUdVQUlnQTZBRE1BTlFBekFEWUFMQUFpQUc4QUlnQTZBQ0lBZFFCdUFHUUFaUUJtQUdrQWJnQmxBR1FBSUFCSEFFVUFWQUE2QUNBQWN3QjBBR0VBWndCcEFHNEFad0J3QUhJQVpRQmtBR2tBWXdCMEFEVUFMZ0JwQUc0QVpnQnNBSFVBWlFCdUFHTUFaUUJvQUdVQVlRQnNBSFFBYUFBdUFHTUFid0J0QURvQU5BQTBBRE1BTHdCdEFHOEFaQUIxQUd3QVpRQnpBQzhBY3dCbEFITUFjd0JwQUc4QWJnQXZBR2tBYmdCa0FHVUFlQUF1QUdnQWRBQnRBR3dBSWdBc0FDSUFkQUFpQURvQUlnQmxBSFlBWlFCdUFIUUFJZ0I5QUN3QWV3QWlBRzRBSWdBNkFDSUFjQUJ5QUc4QVp3QnlBR1VBY3dCekFDSUFMQUFpQUhNQUlnQTZBRE1BTmdBeUFEQUFMQUFpQUdVQUlnQTZBRE1BTmdBeUFEQUFMQUFpQUc4QUlnQTZBQ0lBZFFCdUFHUUFaUUJtQUdrQWJnQmxBR1FBSUFCSEFFVUFWQUE2QUNBQWN3QjBBR0VBWndCcEFHNEFad0J3QUhJQVpRQmtBR2tBWXdCMEFEVUFMZ0JwQUc0QVpnQnNBSFVBWlFCdUFHTUFaUUJvQUdVQVlRQnNBSFFBYUFBdUFHTUFid0J0QURvQU5BQTBBRE1BTHdCMEFHVUFiUUJ3QUd3QVlRQjBBR1VBY3dBdkFHRUFiQUJsQUhJQWRBQkRBRzhBYmdCMEFHRUFhUUJ1QUdVQWNnQXVBR2dBZEFCdEFHd0FJZ0FzQUNJQWRBQWlBRG9BSWdCbEFIWUFaUUJ1QUhRQUlnQjlBQ3dBZXdBaUFHNEFJZ0E2QUNJQWNBQnlBRzhBWndCeUFHVUFjd0J6QUNJQUxBQWlBSE1BSWdBNkFETUFOZ0ExQURnQUxBQWlBR1VBSWdBNkFETUFOZ0ExQURnQUxBQWlBRzhBSWdBNkFDSUFkUUJ1QUdRQVpRQm1BR2tBYmdCbEFHUUFJQUJIQUVVQVZBQTZBQ0FBY3dCMEFHRUFad0JwQUc0QVp3QndBSElBWlFCa0FHa0FZd0IwQURVQUxnQnBBRzRBWmdCc0FIVUFaUUJ1QUdNQVpRQm9BR1VBWVFCc0FIUUFhQUF1QUdNQWJ3QnRBRG9BTkFBMEFETUFMd0J0QUc4QVpBQjFBR3dBWlFCekFDOEFjd0JsQUhNQWN3QnBBRzhBYmdBdkFIWUFhUUJsQUhjQWN3QXZBR3dBYndCbkFHa0FiZ0F1QUdnQWRBQnRBR3dBSWdBc0FDSUFkQUFpQURvQUlnQmxBSFlBWlFCdUFIUUFJZ0I5QUN3QWV3QWlBRzRBSWdBNkFDSUFjQUJ5QUc4QVp3QnlBR1VBY3dCekFDSUFMQUFpQUhNQUlnQTZBRE1BTmdBMUFEa0FMQUFpQUdVQUlnQTZBRE1BTmdBMUFEa0FMQUFpQUc4QUlnQTZBQ0lBZFFCdUFHUUFaUUJtQUdrQWJnQmxBR1FBSUFCSEFFVUFWQUE2QUNBQWN3QjBBR0VBWndCcEFHNEFad0J3QUhJQVpRQmtBR2tBWXdCMEFEVUFMZ0JwQUc0QVpnQnNBSFVBWlFCdUFHTUFaUUJvQUdVQVlRQnNBSFFBYUFBdUFHTUFid0J0QURvQU5BQTBBRE1BTHdCdEFHOEFaQUIxQUd3QVpRQnpBQzhBY3dCbEFITUFjd0JwQUc4QWJnQXZBSFlBYVFCbEFIY0Fjd0F2QUd3QWJ3Qm5BR2tBYmdBdUFHZ0FkQUJ0QUd3QUlnQXNBQ0lBZEFBaUFEb0FJZ0JsQUhZQVpRQnVBSFFBSWdCOUFDd0Fld0FpQUc0QUlnQTZBQ0lBY0FCeUFHOEFad0J5QUdVQWN3QnpBQ0lBTEFBaUFITUFJZ0E2QURRQU1RQXhBRFVBTEFBaUFHVUFJZ0E2QURRQU1RQXhBRFVBTEFBaUFHOEFJZ0E2QUNJQWRRQnVBR1FBWlFCbUFHa0FiZ0JsQUdRQUlBQkhBRVVBVkFBNkFDQUFjd0IwQUdFQVp3QnBBRzRBWndCd0FISUFaUUJrQUdrQVl3QjBBRFVBTGdCcEFHNEFaZ0JzQUhVQVpRQnVBR01BWlFCb0FHVUFZUUJzQUhRQWFBQXVBR01BYndCdEFEb0FOQUEwQURNQUx3QnBBRzBBWVFCbkFHVUFjd0F2QUZjQVpRQnNBR01BYndCdEFHVUFMUUIwQUc4QUxRQlFBSElBWlFCa0FHa0FZd0IwQUMwQWJBQnZBR2NBYndBdUFITUFkZ0JuQUNJQUxBQWlBSFFBSWdBNkFDSUFaUUIyQUdVQWJnQjBBQ0lBZlFBc0FIc0FJZ0J1QUNJQU9nQWlBSEFBY2dCdkFHY0FjZ0JsQUhNQWN3QWlBQ3dBSWdCekFDSUFPZ0EwQURFQU1RQTJBQ3dBSWdCbEFDSUFPZ0EwQURFQU1RQTJBQ3dBSWdCdkFDSUFPZ0FpQUhVQWJnQmtBR1VBWmdCcEFHNEFaUUJrQUNBQVJ3QkZBRlFBT2dBZ0FITUFkQUJoQUdjQWFRQnVBR2NBY0FCeUFHVUFaQUJwQUdNQWRBQTFBQzRBYVFCdUFHWUFiQUIxQUdVQWJnQmpBR1VBYUFCbEFHRUFiQUIwQUdnQUxnQmpBRzhBYlFBNkFEUUFOQUF6QUM4QWFRQnRBR0VBWndCbEFITUFMd0JYQUdVQWJBQmpBRzhBYlFCbEFDMEFkQUJ2QUMwQVVBQnlBR1VBWkFCcEFHTUFkQUF0QUd3QWJ3Qm5BRzhBTGdCekFIWUFad0FpQUN3QUlnQjBBQ0lBT2dBaUFHVUFkZ0JsQUc0QWRBQWlBSDBBTEFCN0FDSUFiZ0FpQURvQUlnQndBSElBYndCbkFISUFaUUJ6QUhNQUlnQXNBQ0lBY3dBaUFEb0FOQUF4QURRQU1BQXNBQ0lBWlFBaUFEb0FOQUF4QURRQU1BQXNBQ0lBYndBaUFEb0FJZ0IxQUc0QVpBQmxBR1lBYVFCdUFHVUFaQUFnQUVjQVJRQlVBRG9BSUFCekFIUUFZUUJuQUdrQWJnQm5BSEFBY2dCbEFHUUFhUUJqQUhRQU5RQXVBR2tBYmdCbUFHd0FkUUJsQUc0QVl3QmxBR2dBWlFCaEFHd0FkQUJvQUM0QVl3QnZBRzBBT2dBMEFEUUFNd0F2QUdrQWJRQmhBR2NBWlFCekFDOEFiUUJoQUhJQWF3QmxBSFFBYVFCdUFHY0FMUUJ3QUc4QWJBQjVBR2NBYndCdUFITUFMZ0J6QUhZQVp3QWlBQ3dBSWdCMEFDSUFPZ0FpQUdVQWRnQmxBRzRBZEFBaUFIMEFMQUI3QUNJQWJnQWlBRG9BSWdCekFHVUFkQUJVQUdrQWJRQmxBRzhBZFFCMEFDSUFMQUFpQUhNQUlnQTZBRElBT1FBeEFEa0FMQUFpQUdVQUlnQTZBRElBT1FBeUFEQUFMQUFpQUc4QUlnQTZBQ0lBZHdCcEFHNEFaQUJ2QUhjQUlnQXNBQ0lBZEFBaUFEb0FJZ0IwQUdrQWJRQmxBSElBSWdCOUFDd0Fld0FpQUc0QUlnQTZBQ0lBY3dCbEFIUUFWQUJwQUcwQVpRQnZBSFVBZEFBaUFDd0FJZ0J6QUNJQU9nQXpBRE1BTndBMUFDd0FJZ0JsQUNJQU9nQXpBRE1BTndBMUFDd0FJZ0J2QUNJQU9nQWlBSGNBYVFCdUFHUUFid0IzQUNJQUxBQWlBSFFBSWdBNkFDSUFkQUJwQUcwQVpRQnlBQ0lBZlFBc0FIc0FJZ0J1QUNJQU9nQWlBSE1BWlFCMEFGUUFhUUJ0QUdVQWJ3QjFBSFFBSWdBc0FDSUFjd0FpQURvQU13QXpBRGNBTlFBc0FDSUFaUUFpQURvQU13QXpBRGNBTmdBc0FDSUFid0FpQURvQUlnQjNBR2tBYmdCa0FHOEFkd0FpQUN3QUlnQjBBQ0lBT2dBaUFIUUFhUUJ0QUdVQWNnQWlBSDBBTEFCN0FDSUFiZ0FpQURvQUlnQnpBR1VBZEFCVUFHa0FiUUJsQUc4QWRRQjBBQ0lBTEFBaUFITUFJZ0E2QURRQU1BQXhBRElBTEFBaUFHVUFJZ0E2QURRQU1BQXhBRElBTEFBaUFHOEFJZ0E2QUNJQWR3QnBBRzRBWkFCdkFIY0FJZ0FzQUNJQWRBQWlBRG9BSWdCMEFHa0FiUUJsQUhJQUlnQjlBQ3dBZXdBaUFHNEFJZ0E2QUNJQWN3QmxBSFFBVkFCcEFHMEFaUUJ2QUhVQWRBQWlBQ3dBSWdCekFDSUFPZ0EwQURBQU1RQXlBQ3dBSWdCbEFDSUFPZ0EwQURBQU1RQXpBQ3dBSWdCdkFDSUFPZ0FpQUhjQWFRQnVBR1FBYndCM0FDSUFMQUFpQUhRQUlnQTZBQ0lBZEFCcEFHMEFaUUJ5QUNJQWZRQXNBSHNBSWdCdUFDSUFPZ0FpQUhNQVpRQjBBRlFBYVFCdEFHVUFid0IxQUhRQUlnQXNBQ0lBY3dBaUFEb0FOQUF3QURFQU13QXNBQ0lBWlFBaUFEb0FOQUF3QURFQU9BQXNBQ0lBYndBaUFEb0FJZ0IzQUdrQWJnQmtBRzhBZHdBaUFDd0FJZ0IwQUNJQU9nQWlBSFFBYVFCdEFHVUFjZ0FpQUgwQUxBQjdBQ0lBYmdBaUFEb0FJZ0J6QUdVQWRBQlVBR2tBYlFCbEFHOEFkUUIwQUNJQUxBQWlBSE1BSWdBNkFEUUFNQUF4QURnQUxBQWlBR1VBSWdBNkFEUUFNQUEwQURrQUxBQWlBRzhBSWdBNkFDSUFkd0JwQUc0QVpBQnZBSGNBSWdBc0FDSUFkQUFpQURvQUlnQjBBR2tBYlFCbEFISUFJZ0I5QUN3QWV3QWlBRzRBSWdBNkFDSUFjd0JsQUhRQVZBQnBBRzBBWlFCdkFIVUFkQUFpQUN3QUlnQnpBQ0lBT2dBMEFEQUFOQUE1QUN3QUlnQmxBQ0lBT2dBMEFEQUFOUUF4QUN3QUlnQnZBQ0lBT2dBaUFIY0FhUUJ1QUdRQWJ3QjNBQ0lBTEFBaUFIUUFJZ0E2QUNJQWRBQnBBRzBBWlFCeUFDSUFmUUFzQUhzQUlnQnVBQ0lBT2dBaUFITUFaUUIwQUZRQWFRQnRBR1VBYndCMUFIUUFJZ0FzQUNJQWN3QWlBRG9BTVFBM0FEQUFNd0ExQUN3QUlnQmxBQ0lBT2dBeEFEY0FNQUF6QURZQUxBQWlBRzhBSWdBNkFDSUFkd0JwQUc0QVpBQnZBSGNBSWdBc0FDSUFkQUFpQURvQUlnQjBBR2tBYlFCbEFISUFJZ0I5QUN3QWV3QWlBRzRBSWdBNkFDSUFjd0JsQUhRQVZBQnBBRzBBWlFCdkFIVUFkQUFpQUN3QUlnQnpBQ0lBT2dBeEFEY0FNQUF6QURZQUxBQWlBR1VBSWdBNkFERUFOd0F3QURNQU5nQXNBQ0lBYndBaUFEb0FJZ0IzQUdrQWJnQmtBRzhBZHdBaUFDd0FJZ0IwQUNJQU9nQWlBSFFBYVFCdEFHVUFjZ0FpQUgwQUxBQjdBQ0lBYmdBaUFEb0FJZ0J6QUdVQWRBQlVBR2tBYlFCbEFHOEFkUUIwQUNJQUxBQWlBSE1BSWdBNkFERUFOd0F3QURNQU5nQXNBQ0lBWlFBaUFEb0FNUUEzQURBQU13QTNBQ3dBSWdCdkFDSUFPZ0FpQUhjQWFRQnVBR1FBYndCM0FDSUFMQUFpQUhRQUlnQTZBQ0lBZEFCcEFHMEFaUUJ5QUNJQWZRQXNBSHNBSWdCdUFDSUFPZ0FpQUhNQVpRQjBBRlFBYVFCdEFHVUFid0IxQUhRQUlnQXNBQ0lBY3dBaUFEb0FNUUEzQURBQU13QTNBQ3dBSWdCbEFDSUFPZ0F4QURjQU1BQXpBRGdBTEFBaUFHOEFJZ0E2QUNJQWR3QnBBRzRBWkFCdkFIY0FJZ0FzQUNJQWRBQWlBRG9BSWdCMEFHa0FiUUJsQUhJQUlnQjlBQ3dBZXdBaUFHNEFJZ0E2QUNJQWN3QmxBSFFBVkFCcEFHMEFaUUJ2QUhVQWRBQWlBQ3dBSWdCekFDSUFPZ0F4QURjQU1BQXpBRGdBTEFBaUFHVUFJZ0E2QURFQU53QXdBRFFBTVFBc0FDSUFid0FpQURvQUlnQjNBR2tBYmdCa0FHOEFkd0FpQUN3QUlnQjBBQ0lBT2dBaUFIUUFhUUJ0QUdVQWNnQWlBSDBBTEFCN0FDSUFiZ0FpQURvQUlnQnpBR1VBZEFCVUFHa0FiUUJsQUc4QWRRQjBBQ0lBTEFBaUFITUFJZ0E2QURFQU53QXdBRFFBTVFBc0FDSUFaUUFpQURvQU1RQTNBREFBTlFBMkFDd0FJZ0J2QUNJQU9nQWlBSGNBYVFCdUFHUUFid0IzQUNJQUxBQWlBSFFBSWdBNkFDSUFkQUJwQUcwQVpRQnlBQ0lBZlFBc0FIc0FJZ0J1QUNJQU9nQWlBSE1BWlFCMEFGUUFhUUJ0QUdVQWJ3QjFBSFFBSWdBc0FDSUFjd0FpQURvQU1RQTNBREFBTlFBMkFDd0FJZ0JsQUNJQU9nQXhBRGNBTUFBMUFEWUFMQUFpQUc4QUlnQTZBQ0lBZHdCcEFHNEFaQUJ2QUhjQUlnQXNBQ0lBZEFBaUFEb0FJZ0IwQUdrQWJRQmxBSElBSWdCOUFDd0Fld0FpQUc0QUlnQTZBQ0lBUVFCcUFHRUFlQUFpQUN3QUlnQnpBQ0lBT2dBeUFEZ0FPQUExQUN3QUlnQmxBQ0lBT2dBeUFEa0FOQUF6QUN3QUlnQnZBQ0lBT2dBaUFESUFNQUF3QUNBQVJ3QkZBRlFBT2dBZ0FITUFkQUJoQUdjQWFRQnVBR2NBY0FCeUFHVUFaQUJwQUdNQWRBQTFBQzRBYVFCdUFHWUFiQUIxQUdVQWJnQmpBR1VBYUFCbEFHRUFiQUIwQUdnQUxnQmpBRzhBYlFBNkFEUUFOQUF6QUM4QWNnQnZBSFVBZEFCbEFITUFMZ0JxQUhNQWJ3QnVBQ0lBTEFBaUFIUUFJZ0E2QUNJQVlRQnFBR0VBZUFBaUFIMEFMQUI3QUNJQWJnQWlBRG9BSWdCQkFHb0FZUUI0QUNJQUxBQWlBSE1BSWdBNkFESUFPUUF6QURjQUxBQWlBR1VBSWdBNkFESUFPUUE1QURVQUxBQWlBRzhBSWdBNkFDSUFNZ0F3QURBQUlBQkhBRVVBVkFBNkFDQUFjd0IwQUdFQVp3QnBBRzRBWndCd0FISUFaUUJrQUdrQVl3QjBBRFVBTGdCcEFHNEFaZ0JzQUhVQVpRQnVBR01BWlFCb0FHVUFZUUJzQUhRQWFBQXVBR01BYndCdEFEb0FOQUEwQURNQUx3QWtBRzBBYndCa0FIVUFiQUJsQUM4QWJBQmhBSGtBYndCMUFIUUFjd0F2QUdRQVpRQm1BR0VBZFFCc0FIUUFJZ0FzQUNJQWRBQWlBRG9BSWdCaEFHb0FZUUI0QUNJQWZRQXNBSHNBSWdCdUFDSUFPZ0FpQUVFQWFnQmhBSGdBSWdBc0FDSUFjd0FpQURvQU1nQTVBRGtBTWdBc0FDSUFaUUFpQURvQU13QXhBRElBTWdBc0FDSUFid0FpQURvQUlnQXlBREFBTUFBZ0FFY0FSUUJVQURvQUlBQnpBSFFBWVFCbkFHa0FiZ0JuQUhBQWNnQmxBR1FBYVFCakFIUUFOUUF1QUdrQWJnQm1BR3dBZFFCbEFHNEFZd0JsQUdnQVpRQmhBR3dBZEFCb0FDNEFZd0J2QUcwQU9nQTBBRFFBTXdBdkFHd0FZUUI1QUc4QWRRQjBBSE1BTHdCa0FHVUFaZ0JoQUhVQWJBQjBBQzhBTHdCdEFHRUFhUUJ1QUM0QWFnQnpBQ0lBTEFBaUFIUUFJZ0E2QUNJQVlRQnFBR0VBZUFBaUFIMEFMQUI3QUNJQWJnQWlBRG9BSWdCQkFHb0FZUUI0QUNJQUxBQWlBSE1BSWdBNkFETUFNUUF5QURBQUxBQWlBR1VBSWdBNkFETUFNZ0EyQURVQUxBQWlBRzhBSWdBNkFDSUFNZ0F3QURBQUlBQkhBRVVBVkFBNkFDQUFjd0IwQUdFQVp3QnBBRzRBWndCd0FISUFaUUJrQUdrQVl3QjBBRFVBTGdCcEFHNEFaZ0JzQUhVQVpRQnVBR01BWlFCb0FHVUFZUUJzQUhRQWFBQXVBR01BYndCdEFEb0FOQUEwQURNQUx3QnNBR0VBZVFCdkFIVUFkQUJ6QUM4QVpBQmxBR1lBWVFCMUFHd0FkQUF2QUdrQWJnQmtBR1VBZUFBdUFHZ0FkQUJ0QUd3QUlnQXNBQ0lBZEFBaUFEb0FJZ0JoQUdvQVlRQjRBQ0lBZlFBc0FIc0FJZ0J1QUNJQU9nQWlBRUVBYWdCaEFIZ0FJZ0FzQUNJQWN3QWlBRG9BTXdBeUFEVUFPQUFzQUNJQVpRQWlBRG9BTXdBMEFEQUFNUUFzQUNJQWJ3QWlBRG9BSWdBeUFEQUFNQUFnQUVjQVJRQlVBRG9BSUFCekFIUUFZUUJuQUdrQWJnQm5BSEFBY2dCbEFHUUFhUUJqQUhRQU5RQXVBR2tBYmdCbUFHd0FkUUJsQUc0QVl3QmxBR2dBWlFCaEFHd0FkQUJvQUM0QVl3QnZBRzBBT2dBMEFEUUFNd0F2QUNRQWJRQnZBR1FBZFFCc0FHVUFMd0J0QUc4QVpBQjFBR3dBWlFCekFDOEFjd0JsQUhNQWN3QnBBRzhBYmdBaUFDd0FJZ0IwQUNJQU9nQWlBR0VBYWdCaEFIZ0FJZ0I5QUN3QWV3QWlBRzRBSWdBNkFDSUFRUUJxQUdFQWVBQWlBQ3dBSWdCekFDSUFPZ0F6QURJQU1nQTRBQ3dBSWdCbEFDSUFPZ0F6QURRQU1BQXlBQ3dBSWdCdkFDSUFPZ0FpQURJQU1BQXdBQ0FBVUFCUEFGTUFWQUE2QUNBQVlnQmhBRzBBTGdCdUFISUFMUUJrQUdFQWRBQmhBQzRBYmdCbEFIUUFPZ0EwQURRQU13QXZBSElBWlFCekFHOEFkUUJ5QUdNQVpRQnpBQzhBTVFBdkFHVUFOQUJtQURZQU13QmtBR0VBTmdBekFEY0FJZ0FzQUNJQWRBQWlBRG9BSWdCaEFHb0FZUUI0QUNJQWZRQXNBSHNBSWdCdUFDSUFPZ0FpQUVFQWFnQmhBSGdBSWdBc0FDSUFjd0FpQURvQU13QXpBRGdBTkFBc0FDSUFaUUFpQURvQU13QTBBRFVBTWdBc0FDSUFid0FpQURvQUlnQXlBREFBTUFBZ0FFY0FSUUJVQURvQUlBQnpBSFFBWVFCbkFHa0FiZ0JuQUhBQWNnQmxBR1FBYVFCakFIUUFOUUF1QUdrQWJnQm1BR3dBZFFCbEFHNEFZd0JsQUdnQVpRQmhBR3dBZEFCb0FDNEFZd0J2QUcwQU9nQTBBRFFBTXdBdkFHMEFid0JrQUhVQWJBQmxBSE1BTHdCekFHVUFjd0J6QUdrQWJ3QnVBQzhBTHdCdEFHRUFhUUJ1QUM0QWFnQnpBQ0lBTEFBaUFIUUFJZ0E2QUNJQVlRQnFBR0VBZUFBaUFIMEFMQUI3QUNJQWJnQWlBRG9BSWdCQkFHb0FZUUI0QUNJQUxBQWlBSE1BSWdBNkFETUFNd0E0QURrQUxBQWlBR1VBSWdBNkFETUFOQUEyQURBQUxBQWlBRzhBSWdBNkFDSUFNZ0F3QURBQUlBQkhBRVVBVkFBNkFDQUFjd0IwQUdFQVp3QnBBRzRBWndCd0FISUFaUUJrQUdrQVl3QjBBRFVBTGdCcEFHNEFaZ0JzQUhVQVpRQnVBR01BWlFCb0FHVUFZUUJzQUhRQWFBQXVBR01BYndCdEFEb0FOQUEwQURNQUx3QnRBRzhBWkFCMUFHd0FaUUJ6QUM4QWN3QmxBSE1BY3dCcEFHOEFiZ0F2QUM4QVl3QnZBRzRBZEFCeUFHOEFiQUJzQUdVQWNnQnpBRndBWEFCTUFHOEFad0JwQUc0QVF3QjBBSElBYkFBdUFHb0Fjd0FpQUN3QUlnQjBBQ0lBT2dBaUFHRUFhZ0JoQUhnQUlnQjlBQ3dBZXdBaUFHNEFJZ0E2QUNJQVFRQnFBR0VBZUFBaUFDd0FJZ0J6QUNJQU9nQXpBRE1BT1FBekFDd0FJZ0JsQUNJQU9nQXpBRFFBTndBMEFDd0FJZ0J2QUNJQU9nQWlBRElBTUFBd0FDQUFSd0JGQUZRQU9nQWdBSE1BZEFCaEFHY0FhUUJ1QUdjQWNBQnlBR1VBWkFCcEFHTUFkQUExQUM0QWFRQnVBR1lBYkFCMUFHVUFiZ0JqQUdVQWFBQmxBR0VBYkFCMEFHZ0FMZ0JqQUc4QWJRQTZBRFFBTkFBekFDOEFiUUJ2QUdRQWRRQnNBR1VBY3dBdkFITUFaUUJ6QUhNQWFRQnZBRzRBTHdBdkFHTUFid0J1QUhRQWNnQnZBR3dBYkFCbEFISUFjd0JjQUZ3QVRBQnZBR2NBYndCMUFIUUFRd0IwQUhJQWJBQXVBR29BY3dBaUFDd0FJZ0IwQUNJQU9nQWlBR0VBYWdCaEFIZ0FJZ0I5QUN3QWV3QWlBRzRBSWdBNkFDSUFRUUJxQUdFQWVBQWlBQ3dBSWdCekFDSUFPZ0F6QURNQU9RQTRBQ3dBSWdCbEFDSUFPZ0F6QURRQU9BQXlBQ3dBSWdCdkFDSUFPZ0FpQURJQU1BQXdBQ0FBUndCRkFGUUFPZ0FnQUhNQWRBQmhBR2NBYVFCdUFHY0FjQUJ5QUdVQVpBQnBBR01BZEFBMUFDNEFhUUJ1QUdZQWJBQjFBR1VBYmdCakFHVUFhQUJsQUdFQWJBQjBBR2dBTGdCakFHOEFiUUE2QURRQU5BQXpBQzhBYlFCdkFHUUFkUUJzQUdVQWN3QXZBSE1BWlFCekFITUFhUUJ2QUc0QUx3QXZBR01BYndCdUFIUUFjZ0J2QUd3QWJBQmxBSElBY3dCY0FGd0FVZ0J2QUhVQWRBQmxBRU1BZEFCeUFHd0FMZ0JxQUhNQUlnQXNBQ0lBZEFBaUFEb0FJZ0JoQUdvQVlRQjRBQ0lBZlFBc0FIc0FJZ0J1QUNJQU9nQWlBRUVBYWdCaEFIZ0FJZ0FzQUNJQWN3QWlBRG9BTXdBMEFEUUFNUUFzQUNJQVpRQWlBRG9BTXdBMEFEa0FOQUFzQUNJQWJ3QWlBRG9BSWdBeUFEQUFNQUFnQUVjQVJRQlVBRG9BSUFCekFIUUFZUUJuQUdrQWJnQm5BSEFBY2dCbEFHUUFhUUJqQUhRQU5RQXVBR2tBYmdCbUFHd0FkUUJsQUc0QVl3QmxBR2dBWlFCaEFHd0FkQUJvQUM0QVl3QnZBRzBBT2dBMEFEUUFNd0F2QUcwQWJ3QmtBSFVBYkFCbEFITUFMd0J6QUdVQWN3QnpBR2tBYndCdUFDOEFZd0J2QUc0QWRBQnlBRzhBYkFCc0FHVUFjZ0J6QUM4QVVnQnZBSFVBZEFCbEFFTUFkQUJ5QUd3QUxnQnFBSE1BSWdBc0FDSUFkQUFpQURvQUlnQmhBR29BWVFCNEFDSUFmUUFzQUhzQUlnQnVBQ0lBT2dBaUFFRUFhZ0JoQUhnQUlnQXNBQ0lBY3dBaUFEb0FNd0EwQURRQU5RQXNBQ0lBWlFBaUFEb0FNd0ExQURBQU5BQXNBQ0lBYndBaUFEb0FJZ0F5QURBQU1BQWdBRWNBUlFCVUFEb0FJQUJ6QUhRQVlRQm5BR2tBYmdCbkFIQUFjZ0JsQUdRQWFRQmpBSFFBTlFBdUFHa0FiZ0JtQUd3QWRRQmxBRzRBWXdCbEFHZ0FaUUJoQUd3QWRBQm9BQzRBWXdCdkFHMEFPZ0EwQURRQU13QXZBRzBBYndCa0FIVUFiQUJsQUhNQUx3QnpBR1VBY3dCekFHa0Fid0J1QUM4QVl3QnZBRzRBZEFCeUFHOEFiQUJzQUdVQWNnQnpBQzhBVEFCdkFHY0FhUUJ1QUVNQWRBQnlBR3dBTGdCcUFITUFJZ0FzQUNJQWRBQWlBRG9BSWdCaEFHb0FZUUI0QUNJQWZRQXNBSHNBSWdCdUFDSUFPZ0FpQUVFQWFnQmhBSGdBSWdBc0FDSUFjd0FpQURvQU13QTBBRFFBT1FBc0FDSUFaUUFpQURvQU13QTFBREFBT0FBc0FDSUFid0FpQURvQUlnQXlBREFBTUFBZ0FFY0FSUUJVQURvQUlBQnpBSFFBWVFCbkFHa0FiZ0JuQUhBQWNnQmxBR1FBYVFCakFIUUFOUUF1QUdrQWJnQm1BR3dBZFFCbEFHNEFZd0JsQUdnQVpRQmhBR3dBZEFCb0FDNEFZd0J2QUcwQU9nQTBBRFFBTXdBdkFHMEFid0JrQUhVQWJBQmxBSE1BTHdCekFHVUFjd0J6QUdrQWJ3QnVBQzhBWXdCdkFHNEFkQUJ5QUc4QWJBQnNBR1VBY2dCekFDOEFUQUJ2QUdjQWJ3QjFBSFFBUXdCMEFISUFiQUF1QUdvQWN3QWlBQ3dBSWdCMEFDSUFPZ0FpQUdFQWFnQmhBSGdBSWdCOUFDd0Fld0FpQUc0QUlnQTZBQ0lBUVFCcUFHRUFlQUFpQUN3QUlnQnpBQ0lBT2dBekFEUUFOd0E1QUN3QUlnQmxBQ0lBT2dBekFEVUFOZ0E1QUN3QUlnQnZBQ0lBT2dBaUFESUFNQUF3QUNBQVJ3QkZBRlFBT2dBZ0FITUFkQUJoQUdjQWFRQnVBR2NBY0FCeUFHVUFaQUJwQUdNQWRBQTFBQzRBYVFCdUFHWUFiQUIxQUdVQWJnQmpBR1VBYUFCbEFHRUFiQUIwQUdnQUxnQmpBRzhBYlFBNkFEUUFOQUF6QUM4QWJRQnZBR1FBZFFCc0FHVUFjd0F2QUhNQVpRQnpBSE1BYVFCdkFHNEFMd0JwQUc0QVpBQmxBSGdBTGdCb0FIUUFiUUJzQUNJQUxBQWlBSFFBSWdBNkFDSUFZUUJxQUdFQWVBQWlBSDBBTEFCN0FDSUFiZ0FpQURvQUlnQkJBR29BWVFCNEFDSUFMQUFpQUhNQUlnQTZBRE1BTlFBMkFERUFMQUFpQUdVQUlnQTZBRE1BTmdBMUFESUFMQUFpQUc4QUlnQTZBQ0lBTWdBd0FEQUFJQUJIQUVVQVZBQTZBQ0FBY3dCMEFHRUFad0JwQUc0QVp3QndBSElBWlFCa0FHa0FZd0IwQURVQUxnQnBBRzRBWmdCc0FIVUFaUUJ1QUdNQVpRQm9BR1VBWVFCc0FIUUFhQUF1QUdNQWJ3QnRBRG9BTkFBMEFETUFMd0IwQUdVQWJRQndBR3dBWVFCMEFHVUFjd0F2QUdFQWJBQmxBSElBZEFCREFHOEFiZ0IwQUdFQWFRQnVBR1VBY2dBdUFHZ0FkQUJ0QUd3QUlnQXNBQ0lBZEFBaUFEb0FJZ0JoQUdvQVlRQjRBQ0lBZlFBc0FIc0FJZ0J1QUNJQU9nQWlBRUVBYWdCaEFIZ0FJZ0FzQUNJQWN3QWlBRG9BTXdBMUFEWUFOZ0FzQUNJQVpRQWlBRG9BTXdBNUFEUUFPQUFzQUNJQWJ3QWlBRG9BSWdBeUFEQUFNQUFnQUVjQVJRQlVBRG9BSUFCekFIUUFZUUJuQUdrQWJnQm5BSEFBY2dCbEFHUUFhUUJqQUhRQU5RQXVBR2tBYmdCbUFHd0FkUUJsQUc0QVl3QmxBR2dBWlFCaEFHd0FkQUJvQUM0QVl3QnZBRzBBT2dBMEFEUUFNd0F2QUcwQWJ3QmtBSFVBYkFCbEFITUFMd0J6QUdVQWN3QnpBR2tBYndCdUFDOEFkZ0JwQUdVQWR3QnpBQzhBYkFCdkFHY0FhUUJ1QUM0QWFBQjBBRzBBYkFBaUFDd0FJZ0IwQUNJQU9nQWlBR0VBYWdCaEFIZ0FJZ0I5QUN3QWV3QWlBRzRBSWdBNkFDSUFRUUJxQUdFQWVBQWlBQ3dBSWdCekFDSUFPZ0F6QURnQU9BQTVBQ3dBSWdCbEFDSUFPZ0EwQURFQU13QTVBQ3dBSWdCdkFDSUFPZ0FpQURJQU1BQXdBQ0FBUndCRkFGUUFPZ0FnQUhNQWRBQmhBR2NBYVFCdUFHY0FjQUJ5QUdVQVpBQnBBR01BZEFBMUFDNEFhUUJ1QUdZQWJBQjFBR1VBYmdCakFHVUFhQUJsQUdFQWJBQjBBR2dBTGdCakFHOEFiUUE2QURRQU5BQXpBQzhBYVFCdEFHRUFad0JsQUhNQUx3QlhBR1VBYkFCakFHOEFiUUJsQUMwQWRBQnZBQzBBVUFCeUFHVUFaQUJwQUdNQWRBQXRBR3dBYndCbkFHOEFMZ0J6QUhZQVp3QWlBQ3dBSWdCMEFDSUFPZ0FpQUdFQWFnQmhBSGdBSWdCOUFDd0Fld0FpQUc0QUlnQTZBQ0lBUVFCcUFHRUFlQUFpQUN3QUlnQnpBQ0lBT2dBekFEZ0FPUUE0QUN3QUlnQmxBQ0lBT2dBMEFERUFOUUF3QUN3QUlnQnZBQ0lBT2dBaUFESUFNQUF3QUNBQVJ3QkZBRlFBT2dBZ0FITUFkQUJoQUdjQWFRQnVBR2NBY0FCeUFHVUFaQUJwQUdNQWRBQTFBQzRBYVFCdUFHWUFiQUIxQUdVQWJnQmpBR1VBYUFCbEFHRUFiQUIwQUdnQUxnQmpBRzhBYlFBNkFEUUFOQUF6QUM4QWFRQnRBR0VBWndCbEFITUFMd0J0QUdFQWNnQnJBR1VBZEFCcEFHNEFad0F0QUhBQWJ3QnNBSGtBWndCdkFHNEFjd0F1QUhNQWRnQm5BQ0lBTEFBaUFIUUFJZ0E2QUNJQVlRQnFBR0VBZUFBaUFIMEFMQUI3QUNJQWJnQWlBRG9BSWdCekFIUUFid0J5QUdFQVp3QmxBQ0lBTEFBaUFITUFJZ0E2QURNQU5nQTFBRE1BTEFBaUFHVUFJZ0E2QURNQU5nQTFBRE1BTEFBaUFHOEFJZ0E2QUNJQWR3QnBBRzRBWkFCdkFIY0FJZ0FzQUNJQWRBQWlBRG9BSWdCbEFIWUFaUUJ1QUhRQUlnQjlBQ3dBZXdBaUFHNEFJZ0E2QUNJQWN3QjBBRzhBY2dCaEFHY0FaUUFpQUN3QUlnQnpBQ0lBT2dBekFEa0FOZ0ExQUN3QUlnQmxBQ0lBT2dBekFEa0FOZ0ExQUN3QUlnQnZBQ0lBT2dBaUFIY0FhUUJ1QUdRQWJ3QjNBQ0lBTEFBaUFIUUFJZ0E2QUNJQVpRQjJBR1VBYmdCMEFDSUFmUUFzQUhzQUlnQnVBQ0lBT2dBaUFITUFkQUJ2QUhJQVlRQm5BR1VBSWdBc0FDSUFjd0FpQURvQU13QTVBRFlBTlFBc0FDSUFaUUFpQURvQU13QTVBRFlBTlFBc0FDSUFid0FpQURvQUlnQjNBR2tBYmdCa0FHOEFkd0FpQUN3QUlnQjBBQ0lBT2dBaUFHVUFkZ0JsQUc0QWRBQWlBSDBBTEFCN0FDSUFiZ0FpQURvQUlnQnpBSFFBYndCeUFHRUFad0JsQUNJQUxBQWlBSE1BSWdBNkFETUFPUUEyQURZQUxBQWlBR1VBSWdBNkFETUFPUUEyQURZQUxBQWlBRzhBSWdBNkFDSUFkd0JwQUc0QVpBQnZBSGNBSWdBc0FDSUFkQUFpQURvQUlnQmxBSFlBWlFCdUFIUUFJZ0I5QUN3QWV3QWlBRzRBSWdBNkFDSUFjd0IwQUc4QWNnQmhBR2NBWlFBaUFDd0FJZ0J6QUNJQU9nQXpBRGtBTmdBMkFDd0FJZ0JsQUNJQU9nQXpBRGtBTmdBMkFDd0FJZ0J2QUNJQU9nQWlBSGNBYVFCdUFHUUFid0IzQUNJQUxBQWlBSFFBSWdBNkFDSUFaUUIyQUdVQWJnQjBBQ0lBZlFBc0FIc0FJZ0J1QUNJQU9nQWlBSE1BZEFCdkFISUFZUUJuQUdVQUlnQXNBQ0lBY3dBaUFEb0FNd0E1QURZQU5nQXNBQ0lBWlFBaUFEb0FNd0E1QURZQU5nQXNBQ0lBYndBaUFEb0FJZ0IzQUdrQWJnQmtBRzhBZHdBaUFDd0FJZ0IwQUNJQU9nQWlBR1VBZGdCbEFHNEFkQUFpQUgwQUxBQjdBQ0lBYmdBaUFEb0FJZ0J6QUhRQWJ3QnlBR0VBWndCbEFDSUFMQUFpQUhNQUlnQTZBRE1BT1FBMkFEWUFMQUFpQUdVQUlnQTZBRE1BT1FBMkFEWUFMQUFpQUc4QUlnQTZBQ0lBZHdCcEFHNEFaQUJ2QUhjQUlnQXNBQ0lBZEFBaUFEb0FJZ0JsQUhZQVpRQnVBSFFBSWdCOUFDd0Fld0FpQUc0QUlnQTZBQ0lBY3dCMEFHOEFjZ0JoQUdjQVpRQWlBQ3dBSWdCekFDSUFPZ0F6QURrQU5nQTNBQ3dBSWdCbEFDSUFPZ0F6QURrQU5nQTNBQ3dBSWdCdkFDSUFPZ0FpQUhjQWFRQnVBR1FBYndCM0FDSUFMQUFpQUhRQUlnQTZBQ0lBWlFCMkFHVUFiZ0IwQUNJQWZRQXNBSHNBSWdCdUFDSUFPZ0FpQUhNQWRBQnZBSElBWVFCbkFHVUFJZ0FzQUNJQWN3QWlBRG9BTkFBeEFEVUFPQUFzQUNJQVpRQWlBRG9BTkFBeEFEVUFPQUFzQUNJQWJ3QWlBRG9BSWdCM0FHa0FiZ0JrQUc4QWR3QWlBQ3dBSWdCMEFDSUFPZ0FpQUdVQWRnQmxBRzRBZEFBaUFIMEFMQUI3QUNJQWJnQWlBRG9BSWdCekFIUUFid0J5QUdFQVp3QmxBQ0lBTEFBaUFITUFJZ0E2QURRQU1RQTFBRGtBTEFBaUFHVUFJZ0E2QURRQU1RQTFBRGtBTEFBaUFHOEFJZ0E2QUNJQWR3QnBBRzRBWkFCdkFIY0FJZ0FzQUNJQWRBQWlBRG9BSWdCbEFIWUFaUUJ1QUhRQUlnQjlBQ3dBZXdBaUFHNEFJZ0E2QUNJQWFRQnVBSEFBZFFCMEFDSUFMQUFpQUhNQUlnQTZBRFFBTVFBMUFEQUFMQUFpQUdVQUlnQTZBRFFBTVFBMUFETUFMQUFpQUc4QUlnQTZBQ0lBYVFCdUFIQUFkUUIwQUNNQWFRQmtBRjhBY0FCaEFITUFjd0F1QUdZQWJ3QnlBRzBBTFFCakFHOEFiZ0IwQUhJQWJ3QnNBQzRBYmdCbkFDMEFhUUJ1QUhZQVlRQnNBR2tBWkFBdUFHNEFad0F0QUdrQWJnQjJBR0VBYkFCcEFHUUFMUUJ5QUdVQWNRQjFBR2tBY2dCbEFHUUFMZ0J1QUdjQUxRQmtBR2tBY2dCMEFIa0FJZ0FzQUNJQWRBQWlBRG9BSWdCbEFIWUFaUUJ1QUhRQUlnQjlBQ3dBZXdBaUFHNEFJZ0E2QUNJQWVBQnRBR3dBYUFCMEFIUUFjQUJ5QUdVQWNRQjFBR1VBY3dCMEFDSUFMQUFpQUhNQUlnQTZBRE1BTVFBekFERUFMQUFpQUdVQUlnQTZBRE1BTVFBNEFEUUFMQUFpQUc4QUlnQTZBQ0lBYUFCMEFIUUFjQUJ6QURvQUx3QXZBSE1BZEFCaEFHY0FhUUJ1QUdjQWNBQnlBR1VBWkFCcEFHTUFkQUExQUM0QWFRQnVBR1lBYkFCMUFHVUFiZ0JqQUdVQWFBQmxBR0VBYkFCMEFHZ0FMZ0JqQUc4QWJRQTZBRFFBTkFBekFDOEFiQUJoQUhrQWJ3QjFBSFFBY3dBdkFHUUFaUUJtQUdFQWRRQnNBSFFBTHdCcEFHNEFaQUJsQUhnQUxnQm9BSFFBYlFCc0FDSUFMQUFpQUhRQUlnQTZBQ0lBY2dCbEFITUFid0IxQUhJQVl3QmxBQ0lBZlFBc0FIc0FJZ0J1QUNJQU9nQWlBSGdBYlFCc0FHZ0FkQUIwQUhBQWNnQmxBSEVBZFFCbEFITUFkQUFpQUN3QUlnQnpBQ0lBT2dBekFESUFOd0EwQUN3QUlnQmxBQ0lBT2dBekFETUFPQUE1QUN3QUlnQnZBQ0lBT2dBaUFHZ0FkQUIwQUhBQWN3QTZBQzhBTHdCaUFHRUFiUUF1QUc0QWNnQXRBR1FBWVFCMEFHRUFMZ0J1QUdVQWRBQTZBRFFBTkFBekFDOEFjZ0JsQUhNQWJ3QjFBSElBWXdCbEFITUFMd0F4QUM4QVpRQTBBR1lBTmdBekFHUUFZUUEyQURNQU53QWlBQ3dBSWdCMEFDSUFPZ0FpQUhJQVpRQnpBRzhBZFFCeUFHTUFaUUFpQUgwQUxBQjdBQ0lBYmdBaUFEb0FJZ0I0QUcwQWJBQm9BSFFBZEFCd0FISUFaUUJ4QUhVQVpRQnpBSFFBSWdBc0FDSUFjd0FpQURvQU13QXpBRGdBTlFBc0FDSUFaUUFpQURvQU13QXpBRGdBTndBc0FDSUFid0FpQURvQUlnQm9BSFFBZEFCd0FITUFPZ0F2QUM4QWN3QjBBR0VBWndCcEFHNEFad0J3QUhJQVpRQmtBR2tBWXdCMEFEVUFMZ0JwQUc0QVpnQnNBSFVBWlFCdUFHTUFaUUJvQUdVQVlRQnNBSFFBYUFBdUFHTUFid0J0QURvQU5BQTBBRE1BTHdBa0FHMEFid0JrQUhVQWJBQmxBQzhBYlFCdkFHUUFkUUJzQUdVQWN3QXZBSE1BWlFCekFITUFhUUJ2QUc0QUlnQXNBQ0lBZEFBaUFEb0FJZ0J5QUdVQWN3QnZBSFVBY2dCakFHVUFJZ0I5QUN3QWV3QWlBRzRBSWdBNkFDSUFlQUJ0QUd3QWFBQjBBSFFBY0FCeUFHVUFjUUIxQUdVQWN3QjBBQ0lBTEFBaUFITUFJZ0E2QURNQU5BQXhBREVBTEFBaUFHVUFJZ0E2QURNQU5BQTBBRFVBTEFBaUFHOEFJZ0E2QUNJQWFBQjBBSFFBY0FCekFEb0FMd0F2QUhNQWRBQmhBR2NBYVFCdUFHY0FjQUJ5QUdVQVpBQnBBR01BZEFBMUFDNEFhUUJ1QUdZQWJBQjFBR1VBYmdCakFHVUFhQUJsQUdFQWJBQjBBR2dBTGdCakFHOEFiUUE2QURRQU5BQXpBQzhBYlFCdkFHUUFkUUJzQUdVQWN3QXZBSE1BWlFCekFITUFhUUJ2QUc0QUx3QXZBRzBBWVFCcEFHNEFMZ0JxQUhNQUlnQXNBQ0lBZEFBaUFEb0FJZ0J5QUdVQWN3QnZBSFVBY2dCakFHVUFJZ0I5QUN3QWV3QWlBRzRBSWdBNkFDSUFlQUJ0QUd3QWFBQjBBSFFBY0FCeUFHVUFjUUIxQUdVQWN3QjBBQ0lBTEFBaUFITUFJZ0E2QURNQU5BQXhBREVBTEFBaUFHVUFJZ0E2QURNQU5BQTJBRFVBTEFBaUFHOEFJZ0E2QUNJQWFBQjBBSFFBY0FCekFEb0FMd0F2QUhNQWRBQmhBR2NBYVFCdUFHY0FjQUJ5QUdVQVpBQnBBR01BZEFBMUFDNEFhUUJ1QUdZQWJBQjFBR1VBYmdCakFHVUFhQUJsQUdFQWJBQjBBR2dBTGdCakFHOEFiUUE2QURRQU5BQXpBQzhBYlFCdkFHUUFkUUJzQUdVQWN3QXZBSE1BWlFCekFITUFhUUJ2QUc0QUx3QXZBR01BYndCdUFIUUFjZ0J2QUd3QWJBQmxBSElBY3dBdkFFd0Fid0JuQUdrQWJnQkRBSFFBY2dCc0FDNEFhZ0J6QUNJQUxBQWlBSFFBSWdBNkFDSUFjZ0JsQUhNQWJ3QjFBSElBWXdCbEFDSUFmUUFzQUhzQUlnQnVBQ0lBT2dBaUFIZ0FiUUJzQUdnQWRBQjBBSEFBY2dCbEFIRUFkUUJsQUhNQWRBQWlBQ3dBSWdCekFDSUFPZ0F6QURRQU1RQXhBQ3dBSWdCbEFDSUFPZ0F6QURRQU53QTFBQ3dBSWdCdkFDSUFPZ0FpQUdnQWRBQjBBSEFBY3dBNkFDOEFMd0J6QUhRQVlRQm5BR2tBYmdCbkFIQUFjZ0JsQUdRQWFRQmpBSFFBTlFBdUFHa0FiZ0JtQUd3QWRRQmxBRzRBWXdCbEFHZ0FaUUJoQUd3QWRBQm9BQzRBWXdCdkFHMEFPZ0EwQURRQU13QXZBRzBBYndCa0FIVUFiQUJsQUhNQUx3QnpBR1VBY3dCekFHa0Fid0J1QUM4QUx3QmpBRzhBYmdCMEFISUFid0JzQUd3QVpRQnlBSE1BTHdCTUFHOEFad0J2QUhVQWRBQkRBSFFBY2dCc0FDNEFhZ0J6QUNJQUxBQWlBSFFBSWdBNkFDSUFjZ0JsQUhNQWJ3QjFBSElBWXdCbEFDSUFmUUFzQUhzQUlnQnVBQ0lBT2dBaUFIZ0FiUUJzQUdnQWRBQjBBSEFBY2dCbEFIRUFkUUJsQUhNQWRBQWlBQ3dBSWdCekFDSUFPZ0F6QURRQU1RQXhBQ3dBSWdCbEFDSUFPZ0F6QURRQU9BQXdBQ3dBSWdCdkFDSUFPZ0FpQUdnQWRBQjBBSEFBY3dBNkFDOEFMd0J6QUhRQVlRQm5BR2tBYmdCbkFIQUFjZ0JsQUdRQWFRQmpBSFFBTlFBdUFHa0FiZ0JtQUd3QWRRQmxBRzRBWXdCbEFHZ0FaUUJoQUd3QWRBQm9BQzRBWXdCdkFHMEFPZ0EwQURRQU13QXZBRzBBYndCa0FIVUFiQUJsQUhNQUx3QnpBR1VBY3dCekFHa0Fid0J1QUM4QUx3QmpBRzhBYmdCMEFISUFid0JzQUd3QVpRQnlBSE1BTHdCU0FHOEFkUUIwQUdVQVF3QjBBSElBYkFBdUFHb0Fjd0FpQUN3QUlnQjBBQ0lBT2dBaUFISUFaUUJ6QUc4QWRRQnlBR01BWlFBaUFIMEFMQUI3QUNJQWJnQWlBRG9BSWdCNEFHMEFiQUJvQUhRQWRBQndBSElBWlFCeEFIVUFaUUJ6QUhRQUlnQXNBQ0lBY3dBaUFEb0FNd0EwQURZQU9RQXNBQ0lBWlFBaUFEb0FNd0ExQURBQU1RQXNBQ0lBYndBaUFEb0FJZ0JvQUhRQWRBQndBSE1BT2dBdkFDOEFjd0IwQUdFQVp3QnBBRzRBWndCd0FISUFaUUJrQUdrQVl3QjBBRFVBTGdCcEFHNEFaZ0JzQUhVQVpRQnVBR01BWlFCb0FHVUFZUUJzQUhRQWFBQXVBR01BYndCdEFEb0FOQUEwQURNQUx3QnRBRzhBWkFCMUFHd0FaUUJ6QUM4QWN3QmxBSE1BY3dCcEFHOEFiZ0F2QUdNQWJ3QnVBSFFBY2dCdkFHd0FiQUJsQUhJQWN3QXZBRklBYndCMUFIUUFaUUJEQUhRQWNnQnNBQzRBYWdCekFDSUFMQUFpQUhRQUlnQTZBQ0lBY2dCbEFITUFid0IxQUhJQVl3QmxBQ0lBZlFBc0FIc0FJZ0J1QUNJQU9nQWlBSGdBYlFCc0FHZ0FkQUIwQUhBQWNnQmxBSEVBZFFCbEFITUFkQUFpQUN3QUlnQnpBQ0lBT2dBekFEUUFOd0ExQUN3QUlnQmxBQ0lBT2dBekFEVUFNQUE1QUN3QUlnQnZBQ0lBT2dBaUFHZ0FkQUIwQUhBQWN3QTZBQzhBTHdCekFIUUFZUUJuQUdrQWJnQm5BSEFBY2dCbEFHUUFhUUJqQUhRQU5RQXVBR2tBYmdCbUFHd0FkUUJsQUc0QVl3QmxBR2dBWlFCaEFHd0FkQUJvQUM0QVl3QnZBRzBBT2dBMEFEUUFNd0F2QUcwQWJ3QmtBSFVBYkFCbEFITUFMd0J6QUdVQWN3QnpBR2tBYndCdUFDOEFZd0J2QUc0QWRBQnlBRzhBYkFCc0FHVUFjZ0J6QUM4QVRBQnZBR2NBYVFCdUFFTUFkQUJ5QUd3QUxnQnFBSE1BSWdBc0FDSUFkQUFpQURvQUlnQnlBR1VBY3dCdkFIVUFjZ0JqQUdVQUlnQjlBQ3dBZXdBaUFHNEFJZ0E2QUNJQWVBQnRBR3dBYUFCMEFIUUFjQUJ5QUdVQWNRQjFBR1VBY3dCMEFDSUFMQUFpQUhNQUlnQTZBRE1BTkFBNEFEQUFMQUFpQUdVQUlnQTZBRE1BTlFBeEFEVUFMQUFpQUc4QUlnQTZBQ0lBYUFCMEFIUUFjQUJ6QURvQUx3QXZBSE1BZEFCaEFHY0FhUUJ1QUdjQWNBQnlBR1VBWkFCcEFHTUFkQUExQUM0QWFRQnVBR1lBYkFCMUFHVUFiZ0JqQUdVQWFBQmxBR0VBYkFCMEFHZ0FMZ0JqQUc4QWJRQTZBRFFBTkFBekFDOEFiUUJ2QUdRQWRRQnNBR1VBY3dBdkFITUFaUUJ6QUhNQWFRQnZBRzRBTHdCakFHOEFiZ0IwQUhJQWJ3QnNBR3dBWlFCeUFITUFMd0JNQUc4QVp3QnZBSFVBZEFCREFIUUFjZ0JzQUM0QWFnQnpBQ0lBTEFBaUFIUUFJZ0E2QUNJQWNnQmxBSE1BYndCMUFISUFZd0JsQUNJQWZRQXNBSHNBSWdCdUFDSUFPZ0FpQUhnQWJRQnNBR2dBZEFCMEFIQUFjZ0JsQUhFQWRRQmxBSE1BZEFBaUFDd0FJZ0J6QUNJQU9nQXpBRFFBT1FBeEFDd0FJZ0JsQUNJQU9nQXpBRFVBTkFBMEFDd0FJZ0J2QUNJQU9nQWlBR2dBZEFCMEFIQUFjd0E2QUM4QUx3QnpBSFFBWVFCbkFHa0FiZ0JuQUhBQWNnQmxBR1FBYVFCakFIUUFOUUF1QUdrQWJnQm1BR3dBZFFCbEFHNEFZd0JsQUdnQVpRQmhBR3dBZEFCb0FDNEFZd0J2QUcwQU9nQTBBRFFBTXdBdkFHMEFid0JrQUhVQWJBQmxBSE1BTHdCekFHVUFjd0J6QUdrQWJ3QnVBQzhBYVFCdUFHUUFaUUI0QUM0QWFBQjBBRzBBYkFBaUFDd0FJZ0IwQUNJQU9nQWlBSElBWlFCekFHOEFkUUJ5QUdNQVpRQWlBSDBBTEFCN0FDSUFiZ0FpQURvQUlnQjRBRzBBYkFCb0FIUUFkQUJ3QUhJQVpRQnhBSFVBWlFCekFIUUFJZ0FzQUNJQWN3QWlBRG9BTXdBMUFEY0FPQUFzQUNJQVpRQWlBRG9BTXdBMkFESUFPQUFzQUNJQWJ3QWlBRG9BSWdCb0FIUUFkQUJ3QUhNQU9nQXZBQzhBY3dCMEFHRUFad0JwQUc0QVp3QndBSElBWlFCa0FHa0FZd0IwQURVQUxnQnBBRzRBWmdCc0FIVUFaUUJ1QUdNQVpRQm9BR1VBWVFCc0FIUUFhQUF1QUdNQWJ3QnRBRG9BTkFBMEFETUFMd0IwQUdVQWJRQndBR3dBWVFCMEFHVUFjd0F2QUdFQWJBQmxBSElBZEFCREFHOEFiZ0IwQUdFQWFRQnVBR1VBY2dBdUFHZ0FkQUJ0QUd3QUlnQXNBQ0lBZEFBaUFEb0FJZ0J5QUdVQWN3QnZBSFVBY2dCakFHVUFJZ0I5QUN3QWV3QWlBRzRBSWdBNkFDSUFlQUJ0QUd3QWFBQjBBSFFBY0FCeUFHVUFjUUIxQUdVQWN3QjBBQ0lBTEFBaUFITUFJZ0E2QURNQU5RQTNBRGdBTEFBaUFHVUFJZ0E2QURNQU5nQTJBRFlBTEFBaUFHOEFJZ0E2QUNJQWFBQjBBSFFBY0FCekFEb0FMd0F2QUhNQWRBQmhBR2NBYVFCdUFHY0FjQUJ5QUdVQVpBQnBBR01BZEFBMUFDNEFhUUJ1QUdZQWJBQjFBR1VBYmdCakFHVUFhQUJsQUdFQWJBQjBBR2dBTGdCakFHOEFiUUE2QURRQU5BQXpBQzhBYlFCdkFHUUFkUUJzQUdVQWN3QXZBSE1BWlFCekFITUFhUUJ2QUc0QUx3QjJBR2tBWlFCM0FITUFMd0JzQUc4QVp3QnBBRzRBTGdCb0FIUUFiUUJzQUNJQUxBQWlBSFFBSWdBNkFDSUFjZ0JsQUhNQWJ3QjFBSElBWXdCbEFDSUFmUUFzQUhzQUlnQnVBQ0lBT2dBaUFIZ0FiUUJzQUdnQWRBQjBBSEFBY2dCbEFIRUFkUUJsQUhNQWRBQWlBQ3dBSWdCekFDSUFPZ0F6QURrQU5nQXlBQ3dBSWdCbEFDSUFPZ0F6QURrQU5nQTFBQ3dBSWdCdkFDSUFPZ0FpQUdnQWRBQjBBSEFBY3dBNkFDOEFMd0J6QUhRQVlRQm5BR2tBYmdCbkFIQUFjZ0JsQUdRQWFRQmpBSFFBTlFBdUFHa0FiZ0JtQUd3QWRRQmxBRzRBWXdCbEFHZ0FaUUJoQUd3QWRBQm9BQzRBWXdCdkFHMEFPZ0EwQURRQU13QXZBR2tBYlFCaEFHY0FaUUJ6QUM4QVZ3QmxBR3dBWXdCdkFHMEFaUUF0QUhRQWJ3QXRBRkFBY2dCbEFHUUFhUUJqQUhRQUxRQnNBRzhBWndCdkFDNEFjd0IyQUdjQUlnQXNBQ0lBZEFBaUFEb0FJZ0J5QUdVQWN3QnZBSFVBY2dCakFHVUFJZ0I5QUN3QWV3QWlBRzRBSWdBNkFDSUFlQUJ0QUd3QWFBQjBBSFFBY0FCeUFHVUFjUUIxQUdVQWN3QjBBQ0lBTEFBaUFITUFJZ0E2QURNQU9RQTJBRFVBTEFBaUFHVUFJZ0E2QURBQUxBQWlBRzhBSWdBNkFDSUFhQUIwQUhRQWNBQnpBRG9BTHdBdkFITUFkQUJoQUdjQWFRQnVBR2NBY0FCeUFHVUFaQUJwQUdNQWRBQTFBQzRBYVFCdUFHWUFiQUIxQUdVQWJnQmpBR1VBYUFCbEFHRUFiQUIwQUdnQUxnQmpBRzhBYlFBNkFEUUFOQUF6QUM4QWFRQnRBR0VBWndCbEFITUFMd0JzQUc4QVp3QnBBRzRBTFFCdEFHRUFjZ0JyQUdVQWRBQnBBRzRBWndBdEFIUUFZUUJuQUd3QWFRQnVBR1VBTGdCekFIWUFad0FpQUN3QUlnQjBBQ0lBT2dBaUFISUFaUUJ6QUc4QWRRQnlBR01BWlFBaUFIMEFMQUI3QUNJQWJnQWlBRG9BSWdCNEFHMEFiQUJvQUhRQWRBQndBSElBWlFCeEFIVUFaUUJ6QUhRQUlnQXNBQ0lBY3dBaUFEb0FNd0E1QURZQU5RQXNBQ0lBWlFBaUFEb0FNd0E1QURZQU9RQXNBQ0lBYndBaUFEb0FJZ0JvQUhRQWRBQndBSE1BT2dBdkFDOEFjd0IwQUdFQVp3QnBBRzRBWndCd0FISUFaUUJrQUdrQVl3QjBBRFVBTGdCcEFHNEFaZ0JzQUhVQVpRQnVBR01BWlFCb0FHVUFZUUJzQUhRQWFBQXVBR01BYndCdEFEb0FOQUEwQURNQUx3QnBBRzBBWVFCbkFHVUFjd0F2QUcwQVlRQnlBR3NBWlFCMEFHa0FiZ0JuQUMwQWNBQnZBR3dBZVFCbkFHOEFiZ0J6QUM0QWN3QjJBR2NBSWdBc0FDSUFkQUFpQURvQUlnQnlBR1VBY3dCdkFIVUFjZ0JqQUdVQUlnQjlBQ3dBZXdBaUFHNEFJZ0E2QUNJQVl3QnpBSE1BSWdBc0FDSUFjd0FpQURvQU13QTRBRGNBT1FBc0FDSUFaUUFpQURvQU13QTVBRE1BTUFBc0FDSUFid0FpQURvQUlnQm9BSFFBZEFCd0FITUFPZ0F2QUM4QWN3QjBBR0VBWndCcEFHNEFad0J3QUhJQVpRQmtBR2tBWXdCMEFEVUFMZ0JwQUc0QVpnQnNBSFVBWlFCdUFHTUFaUUJvQUdVQVlRQnNBSFFBYUFBdUFHTUFid0J0QURvQU5BQTBBRE1BTHdCMEFHZ0FaUUJ0QUdVQWN3QXZBR1FBWlFCbUFHRUFkUUJzQUhRQUx3QmlBRzhBYndCMEFITUFkQUJ5QUdFQWNBQXZBR2NBYkFCNUFIQUFhQUJwQUdNQWJ3QnVBSE1BTFFCb0FHRUFiQUJtQUd3QWFRQnVBR2NBY3dBdEFISUFaUUJuQUhVQWJBQmhBSElBTGdCbEFHOEFkQUFpQUN3QUlnQjBBQ0lBT2dBaUFISUFaUUJ6QUc4QWRRQnlBR01BWlFBaUFIMEFMQUI3QUNJQWJnQWlBRG9BSWdCakFITUFjd0FpQUN3QUlnQnpBQ0lBT2dBekFEa0FOd0F4QUN3QUlnQmxBQ0lBT2dBMEFERUFNQUF4QUN3QUlnQnZBQ0lBT2dBaUFHZ0FkQUIwQUhBQWN3QTZBQzhBTHdCekFIUUFZUUJuQUdrQWJnQm5BSEFBY2dCbEFHUUFhUUJqQUhRQU5RQXVBR2tBYmdCbUFHd0FkUUJsQUc0QVl3QmxBR2dBWlFCaEFHd0FkQUJvQUM0QVl3QnZBRzBBT2dBMEFEUUFNd0F2QUdrQWJRQmhBR2NBWlFCekFDOEFjQUJ5QUdVQVpBQnBBR01BZEFBdEFHd0Fid0JuQUdrQWJnQXRBSEFBWVFCbkFHVUFMUUJvQUdVQWNnQnZBQzRBYWdCd0FHY0FJZ0FzQUNJQWRBQWlBRG9BSWdCeUFHVUFjd0J2QUhVQWNnQmpBR1VBSWdCOUFDd0Fld0FpQUc0QUlnQTZBQ0lBWXdCekFITUFJZ0FzQUNJQWN3QWlBRG9BTXdBNUFEY0FNd0FzQUNJQVpRQWlBRG9BTkFBd0FETUFNQUFzQUNJQWJ3QWlBRG9BSWdCb0FIUUFkQUJ3QUhNQU9nQXZBQzhBY3dCMEFHRUFad0JwQUc0QVp3QndBSElBWlFCa0FHa0FZd0IwQURVQUxnQnBBRzRBWmdCc0FIVUFaUUJ1QUdNQVpRQm9BR1VBWVFCc0FIUUFhQUF1QUdNQWJ3QnRBRG9BTkFBMEFETUFMd0JwQUcwQVlRQm5BR1VBY3dBdkFHa0FZd0J2QUc0QWN3QXZBSElBWlFCeEFIVUFhUUJ5QUdVQVpBQmZBR1lBYVFCbEFHd0FaQUJmQUdrQWJnQmtBR2tBWXdCaEFIUUFid0J5QUM0QWNBQnVBR2NBSWdBc0FDSUFkQUFpQURvQUlnQnlBR1VBY3dCdkFIVUFjZ0JqQUdVQUlnQjlBQ3dBZXdBaUFHNEFJZ0E2QUNJQVl3QnpBSE1BSWdBc0FDSUFjd0FpQURvQU13QTVBRGNBTndBc0FDSUFaUUFpQURvQU5BQXdBRGNBTXdBc0FDSUFid0FpQURvQUlnQm9BSFFBZEFCd0FITUFPZ0F2QUM4QWN3QjBBR0VBWndCcEFHNEFad0J3QUhJQVpRQmtBR2tBWXdCMEFEVUFMZ0JwQUc0QVpnQnNBSFVBWlFCdUFHTUFaUUJvQUdVQVlRQnNBSFFBYUFBdUFHTUFid0J0QURvQU5BQTBBRE1BTHdCMEFHZ0FaUUJ0QUdVQWN3QXZBR1FBWlFCbUFHRUFkUUJzQUhRQUx3QmlBRzhBYndCMEFITUFkQUJ5QUdFQWNBQXZBR2NBYkFCNUFIQUFhQUJwQUdNQWJ3QnVBSE1BTFFCb0FHRUFiQUJtQUd3QWFRQnVBR2NBY3dBdEFISUFaUUJuQUhVQWJBQmhBSElBTGdCM0FHOEFaZ0JtQUNJQUxBQWlBSFFBSWdBNkFDSUFjZ0JsQUhNQWJ3QjFBSElBWXdCbEFDSUFmUUFzQUhzQUlnQnVBQ0lBT2dBaUFITUFZd0J5QUdrQWNBQjBBQ0lBTEFBaUFITUFJZ0E2QURFQU53QXdBRFVBTkFBc0FDSUFaUUFpQURvQU1RQTNBREFBTlFBMEFDd0FJZ0J2QUNJQU9nQWlBR2dBZEFCMEFIQUFjd0E2QUM4QUx3QnRBR0VBY0FCekFDNEFad0J2QUc4QVp3QnNBR1VBWVFCd0FHa0Fjd0F1QUdNQWJ3QnRBRG9BTkFBMEFETUFMd0J0QUdFQWNBQnpBQzBBWVFCd0FHa0FMUUIyQURNQUx3QmhBSEFBYVFBdkFHb0Fjd0F2QURJQU1nQXZBREVBTlFBdkFHTUFid0J0QUcwQWJ3QnVBQzRBYWdCekFDSUFMQUFpQUhRQUlnQTZBQ0lBY2dCbEFITUFid0IxQUhJQVl3QmxBQ0lBZlFBc0FIc0FJZ0J1QUNJQU9nQWlBSE1BWXdCeUFHa0FjQUIwQUNJQUxBQWlBSE1BSWdBNkFERUFOd0F3QURVQU9BQXNBQ0lBWlFBaUFEb0FNUUEzQURBQU5RQTVBQ3dBSWdCdkFDSUFPZ0FpQUdnQWRBQjBBSEFBY3dBNkFDOEFMd0J0QUdFQWNBQnpBQzRBWndCdkFHOEFad0JzQUdVQVlRQndBR2tBY3dBdUFHTUFid0J0QURvQU5BQTBBRE1BTHdCdEFHRUFjQUJ6QUMwQVlRQndBR2tBTFFCMkFETUFMd0JoQUhBQWFRQXZBR29BY3dBdkFESUFNZ0F2QURFQU5RQXZBSFVBZEFCcEFHd0FMZ0JxQUhNQUlnQXNBQ0lBZEFBaUFEb0FJZ0J5QUdVQWN3QnZBSFVBY2dCakFHVUFJZ0I5QUN3QWV3QWlBRzRBSWdBNkFDSUFjd0JqQUhJQWFRQndBSFFBSWdBc0FDSUFjd0FpQURvQU1RQTNBREFBTmdBekFDd0FJZ0JsQUNJQU9nQXhBRGNBTUFBMkFETUFMQUFpQUc4QUlnQTZBQ0lBYUFCMEFIUUFjQUJ6QURvQUx3QXZBRzBBWVFCd0FITUFMZ0JuQUc4QWJ3Qm5BR3dBWlFCaEFIQUFhUUJ6QUM0QVl3QnZBRzBBT2dBMEFEUUFNd0F2QUcwQVlRQndBSE1BTFFCaEFIQUFhUUF0QUhZQU13QXZBR0VBY0FCcEFDOEFhZ0J6QUM4QU1nQXlBQzhBTVFBMUFDOEFjd0IwQUdFQWRBQnpBQzRBYWdCekFDSUFMQUFpQUhRQUlnQTZBQ0lBY2dCbEFITUFid0IxQUhJQVl3QmxBQ0lBZlFCZEFIMEE8L1N0cmluZ0h0dHBCb2R5Pg0KICAgIDwvUmVxdWVzdD4NCiAgICA8UmVxdWVzdCBNZXRob2Q9IkdFVCIgR3VpZD0iNDMyZDZhNzUtOTUyMS00Zjg2LThlM2ItNDM4Mjc3MjU0YWIxIiBWZXJzaW9uPSIxLjEiIFVybD0ie3tXZWJTZXJ2ZXI1fX0vbWFwcy9hcGkvanMvQXV0aGVudGljYXRpb25TZXJ2aWNlLkF1dGhlbnRpY2F0ZSIgVGhpbmtUaW1lPSIxMyIgVGltZW91dD0iMzAwIiBQYXJzZURlcGVuZGVudFJlcXVlc3RzPSJUcnVlIiBGb2xsb3dSZWRpcmVjdHM9IlRydWUiIFJlY29yZFJlc3VsdD0iVHJ1ZSIgQ2FjaGU9IkZhbHNlIiBSZXNwb25zZVRpbWVHb2FsPSIwIiBFbmNvZGluZz0idXRmLTgiIEV4cGVjdGVkSHR0cFN0YXR1c0NvZGU9IjAiIEV4cGVjdGVkUmVzcG9uc2VVcmw9IiIgUmVwb3J0aW5nTmFtZT0iIiBJZ25vcmVIdHRwU3RhdHVzQ29kZT0iRmFsc2UiPg0KICAgICAgPEhlYWRlcnM+DQogICAgICAgIDxIZWFkZXIgTmFtZT0iUmVmZXJlciIgVmFsdWU9Int7VUlTZXJ2ZXJVUkx9fS91bml2ZXJzaXR5Y29sb3JhZG8vc2Vzc2lvbi9sb2dpbiIgLz4NCiAgICAgIDwvSGVhZGVycz4NCiAgICAgIDxRdWVyeVN0cmluZ1BhcmFtZXRlcnM+DQogICAgICAgIDxRdWVyeVN0cmluZ1BhcmFtZXRlciBOYW1lPSIiIFZhbHVlPSIxc2h0dHBzJTNBJTJGJTJGc3RhZ2luZ3ByZWRpY3Q1LmluZmx1ZW5jZWhlYWx0aC5jb20lMkZ1bml2ZXJzaXR5Y29sb3JhZG8lMkZzZXNzaW9uJTJGbG9naW4iIFJlY29yZGVkVmFsdWU9IjFzaHR0cHMlM0ElMkYlMkZzdGFnaW5ncHJlZGljdDUuaW5mbHVlbmNlaGVhbHRoLmNvbSUyRnVuaXZlcnNpdHljb2xvcmFkbyUyRnNlc3Npb24lMkZsb2dpbiIgQ29ycmVsYXRpb25CaW5kaW5nPSIiIFVybEVuY29kZT0iRmFsc2UiIFVzZVRvR3JvdXBSZXN1bHRzPSJGYWxzZSIgLz4NCiAgICAgICAgPFF1ZXJ5U3RyaW5nUGFyYW1ldGVyIE5hbWU9IiIgVmFsdWU9IjRzQUl6YVN5QkJpRmpILU5RbUtBcWhmRmotSVBjUjdVTFhCczBGa2JBIiBSZWNvcmRlZFZhbHVlPSI0c0FJemFTeUJCaUZqSC1OUW1LQXFoZkZqLUlQY1I3VUxYQnMwRmtiQSIgQ29ycmVsYXRpb25CaW5kaW5nPSIiIFVybEVuY29kZT0iRmFsc2UiIFVzZVRvR3JvdXBSZXN1bHRzPSJGYWxzZSIgLz4NCiAgICAgICAgPFF1ZXJ5U3RyaW5nUGFyYW1ldGVyIE5hbWU9ImNhbGxiYWNrIiBWYWx1ZT0iX3hkY18uX3lkM2VociIgUmVjb3JkZWRWYWx1ZT0iX3hkY18uX3lkM2VociIgQ29ycmVsYXRpb25CaW5kaW5nPSIiIFVybEVuY29kZT0iRmFsc2UiIFVzZVRvR3JvdXBSZXN1bHRzPSJGYWxzZSIgLz4NCiAgICAgICAgPFF1ZXJ5U3RyaW5nUGFyYW1ldGVyIE5hbWU9InRva2VuIiBWYWx1ZT0iMTA4NzY4IiBSZWNvcmRlZFZhbHVlPSIxMDg3NjgiIENvcnJlbGF0aW9uQmluZGluZz0iIiBVcmxFbmNvZGU9IkZhbHNlIiBVc2VUb0dyb3VwUmVzdWx0cz0iRmFsc2UiIC8+DQogICAgICA8L1F1ZXJ5U3RyaW5nUGFyYW1ldGVycz4NCiAgICA8L1JlcXVlc3Q+DQogICAgPENvbW1lbnQgQ29tbWVudFRleHQ9IkxvZ2luIiAvPg0KICAgIDxSZXF1ZXN0IE1ldGhvZD0iUE9TVCIgR3VpZD0iMjI2ODVkMTItY2NmOS00YzBkLWJlYjYtODdmYTc3NTQ0ODcwIiBWZXJzaW9uPSIxLjEiIFVybD0ie3tBUElTZXJ2ZXJVUkx9fS9wcmVkaWN0L3YxL2NsaWVudHMvdW5pdmVyc2l0eWNvbG9yYWRvL2F1dGhUb2tlbiIgVGhpbmtUaW1lPSIwIiBUaW1lb3V0PSIzMDAiIFBhcnNlRGVwZW5kZW50UmVxdWVzdHM9IlRydWUiIEZvbGxvd1JlZGlyZWN0cz0iVHJ1ZSIgUmVjb3JkUmVzdWx0PSJUcnVlIiBDYWNoZT0iRmFsc2UiIFJlc3BvbnNlVGltZUdvYWw9IjAiIEVuY29kaW5nPSJ1dGYtOCIgRXhwZWN0ZWRIdHRwU3RhdHVzQ29kZT0iMCIgRXhwZWN0ZWRSZXNwb25zZVVybD0iIiBSZXBvcnRpbmdOYW1lPSIiIElnbm9yZUh0dHBTdGF0dXNDb2RlPSJGYWxzZSI+DQogICAgICA8SGVhZGVycz4NCiAgICAgICAgPEhlYWRlciBOYW1lPSJBY2NlcHQiIFZhbHVlPSJhcHBsaWNhdGlvbi9qc29uLCB0ZXh0L3BsYWluLCAqLyoiIC8+DQogICAgICAgIDxIZWFkZXIgTmFtZT0iUmVmZXJlciIgVmFsdWU9Int7VUlTZXJ2ZXJVUkx9fS91bml2ZXJzaXR5Y29sb3JhZG8vc2Vzc2lvbi9sb2dpbiIgLz4NCiAgICAgIDwvSGVhZGVycz4NCiAgICAgIDxTdHJpbmdIdHRwQm9keSBDb250ZW50VHlwZT0iYXBwbGljYXRpb24vanNvbiIgSW5zZXJ0Qnl0ZU9yZGVyTWFyaz0iRmFsc2UiPmV3QWlBSElBYndCMUFIUUFaUUJRQUdFQWNnQmhBRzBBY3dBaUFEb0Fld0I5QUN3QUlnQlZBSE1BWlFCeUFHNEFZUUJ0QUdVQUlnQTZBQ0lBWVFCMUFIUUFid0J0QUdFQWRBQnBBRzhBYmdCQUFHMEFaUUJrQUhNQVpRQmxBR3NBTGdCakFHOEFiUUFpQUN3QUlnQlFBR0VBY3dCekFIY0Fid0J5QUdRQUlnQTZBQ0lBVFFCbEFHUUFjd0JsQUdVQWF3QXhBRElBTXdBMEFDSUFmUUE9PC9TdHJpbmdIdHRwQm9keT4NCiAgICA8L1JlcXVlc3Q+DQogICAgPFJlcXVlc3QgTWV0aG9kPSJQT1NUIiBHdWlkPSIzODQ0NTIyYy1mZGQzLTQxOWEtYmJlYy1kY2E1MWRmNmQ5NmQiIFZlcnNpb249IjEuMSIgVXJsPSJ7e1dlYlNlcnZlcjR9fS9yZXNvdXJjZXMvMS9lNGY2M2RhNjM3IiBUaGlua1RpbWU9IjAiIFRpbWVvdXQ9IjMwMCIgUGFyc2VEZXBlbmRlbnRSZXF1ZXN0cz0iVHJ1ZSIgRm9sbG93UmVkaXJlY3RzPSJUcnVlIiBSZWNvcmRSZXN1bHQ9IlRydWUiIENhY2hlPSJGYWxzZSIgUmVzcG9uc2VUaW1lR29hbD0iMCIgRW5jb2Rpbmc9InV0Zi04IiBFeHBlY3RlZEh0dHBTdGF0dXNDb2RlPSIwIiBFeHBlY3RlZFJlc3BvbnNlVXJsPSIiIFJlcG9ydGluZ05hbWU9IiIgSWdub3JlSHR0cFN0YXR1c0NvZGU9IkZhbHNlIj4NCiAgICAgIDxIZWFkZXJzPg0KICAgICAgICA8SGVhZGVyIE5hbWU9IlJlZmVyZXIiIFZhbHVlPSJ7e1VJU2VydmVyVVJMfX0vdW5pdmVyc2l0eWNvbG9yYWRvL3Nlc3Npb24vbG9naW4iIC8+DQogICAgICA8L0hlYWRlcnM+DQogICAgICA8UXVlcnlTdHJpbmdQYXJhbWV0ZXJzPg0KICAgICAgICA8UXVlcnlTdHJpbmdQYXJhbWV0ZXIgTmFtZT0iYSIgVmFsdWU9IjEyMzQ2Njg4IiBSZWNvcmRlZFZhbHVlPSIxMjM0NjY4OCIgQ29ycmVsYXRpb25CaW5kaW5nPSIiIFVybEVuY29kZT0iRmFsc2UiIFVzZVRvR3JvdXBSZXN1bHRzPSJGYWxzZSIgLz4NCiAgICAgICAgPFF1ZXJ5U3RyaW5nUGFyYW1ldGVyIE5hbWU9InYiIFZhbHVlPSI4NTIuYTM2ZjBmZCIgUmVjb3JkZWRWYWx1ZT0iODUyLmEzNmYwZmQiIENvcnJlbGF0aW9uQmluZGluZz0iIiBVcmxFbmNvZGU9IkZhbHNlIiBVc2VUb0dyb3VwUmVzdWx0cz0iRmFsc2UiIC8+DQogICAgICAgIDxRdWVyeVN0cmluZ1BhcmFtZXRlciBOYW1lPSJ0byIgVmFsdWU9Ik1nWUFOMFFIREJGWVZVRmJYd3RNSnh0R0ZBY1JTbHhHSFhjZ04wMU1IQSUzRCUzRCIgUmVjb3JkZWRWYWx1ZT0iTWdZQU4wUUhEQkZZVlVGYlh3dE1KeHRHRkFjUlNseEdIWGNnTjAxTUhBJTNEJTNEIiBDb3JyZWxhdGlvbkJpbmRpbmc9IiIgVXJsRW5jb2RlPSJGYWxzZSIgVXNlVG9Hcm91cFJlc3VsdHM9IkZhbHNlIiAvPg0KICAgICAgICA8UXVlcnlTdHJpbmdQYXJhbWV0ZXIgTmFtZT0ic3QiIFZhbHVlPSIxNDU2MTM5MzA2MDI4IiBSZWNvcmRlZFZhbHVlPSIxNDU2MTM5MzA2MDI4IiBDb3JyZWxhdGlvbkJpbmRpbmc9IiIgVXJsRW5jb2RlPSJGYWxzZSIgVXNlVG9Hcm91cFJlc3VsdHM9IkZhbHNlIiAvPg0KICAgICAgICA8UXVlcnlTdHJpbmdQYXJhbWV0ZXIgTmFtZT0icHRpZCIgVmFsdWU9IjRmODZiYjA0LTZhMzAtYjc0Ny1jMTI1LTAxNTMwOGFhOTg5NSIgUmVjb3JkZWRWYWx1ZT0iNGY4NmJiMDQtNmEzMC1iNzQ3LWMxMjUtMDE1MzA4YWE5ODk1IiBDb3JyZWxhdGlvbkJpbmRpbmc9IiIgVXJsRW5jb2RlPSJGYWxzZSIgVXNlVG9Hcm91cFJlc3VsdHM9IkZhbHNlIiAvPg0KICAgICAgPC9RdWVyeVN0cmluZ1BhcmFtZXRlcnM+DQogICAgICA8U3RyaW5nSHR0cEJvZHkgQ29udGVudFR5cGU9InRleHQvcGxhaW47Y2hhcnNldD1VVEYtOCIgSW5zZXJ0Qnl0ZU9yZGVyTWFyaz0iRmFsc2UiPmV3QWlBSElBWlFCekFDSUFPZ0JiQUhzQUlnQnVBQ0lBT2dBaUFISUFaUUJoQUdRQWVRQnpBSFFBWVFCMEFHVUFZd0JvQUdFQWJnQm5BR1VBSWdBc0FDSUFjd0FpQURvQU1RQTNBREVBTVFBMUFDd0FJZ0JsQUNJQU9nQXhBRGNBTVFBeEFEVUFMQUFpQUc4QUlnQTZBQ0lBZFFCdUFHUUFaUUJtQUdrQWJnQmxBR1FBSUFCUUFFOEFVd0JVQURvQUlBQmlBR0VBYlFBdUFHNEFjZ0F0QUdRQVlRQjBBR0VBTGdCdUFHVUFkQUE2QURRQU5BQXpBQzhBY2dCbEFITUFid0IxQUhJQVl3QmxBSE1BTHdBeEFDOEFaUUEwQUdZQU5nQXpBR1FBWVFBMkFETUFOd0FpQUN3QUlnQjBBQ0lBT2dBaUFHVUFkZ0JsQUc0QWRBQWlBSDBBTEFCN0FDSUFiZ0FpQURvQUlnQnlBR1VBWVFCa0FIa0Fjd0IwQUdFQWRBQmxBR01BYUFCaEFHNEFad0JsQUNJQUxBQWlBSE1BSWdBNkFERUFOd0F4QURFQU53QXNBQ0lBWlFBaUFEb0FNUUEzQURFQU1RQTNBQ3dBSWdCdkFDSUFPZ0FpQUhVQWJnQmtBR1VBWmdCcEFHNEFaUUJrQUNBQVVBQlBBRk1BVkFBNkFDQUFZZ0JoQUcwQUxnQnVBSElBTFFCa0FHRUFkQUJoQUM0QWJnQmxBSFFBT2dBMEFEUUFNd0F2QUhJQVpRQnpBRzhBZFFCeUFHTUFaUUJ6QUM4QU1RQXZBR1VBTkFCbUFEWUFNd0JrQUdFQU5nQXpBRGNBSWdBc0FDSUFkQUFpQURvQUlnQmxBSFlBWlFCdUFIUUFJZ0I5QUN3QWV3QWlBRzRBSWdBNkFDSUFjZ0JsQUdFQVpBQjVBSE1BZEFCaEFIUUFaUUJqQUdnQVlRQnVBR2NBWlFBaUFDd0FJZ0J6QUNJQU9nQXhBRGNBTlFBM0FEQUFMQUFpQUdVQUlnQTZBREVBTndBMUFEY0FNQUFzQUNJQWJ3QWlBRG9BSWdCMUFHNEFaQUJsQUdZQWFRQnVBR1VBWkFBZ0FFY0FSUUJVQURvQUlBQnpBSFFBWVFCbkFHa0FiZ0JuQUhBQWNnQmxBR1FBYVFCakFIUUFOUUF1QUdrQWJnQm1BR3dBZFFCbEFHNEFZd0JsQUdnQVpRQmhBR3dBZEFCb0FDNEFZd0J2QUcwQU9nQTBBRFFBTXdBdkFHa0FiUUJoQUdjQVpRQnpBQzhBYkFCdkFHY0FhUUJ1QUMwQWJRQmhBSElBYXdCbEFIUUFhUUJ1QUdjQUxRQjBBR0VBWndCc0FHa0FiZ0JsQUM0QWN3QjJBR2NBSWdBc0FDSUFkQUFpQURvQUlnQmxBSFlBWlFCdUFIUUFJZ0I5QUN3QWV3QWlBRzRBSWdBNkFDSUFjZ0JsQUdFQVpBQjVBSE1BZEFCaEFIUUFaUUJqQUdnQVlRQnVBR2NBWlFBaUFDd0FJZ0J6QUNJQU9nQXhBRGNBTlFBM0FEQUFMQUFpQUdVQUlnQTZBREVBTndBMUFEY0FNQUFzQUNJQWJ3QWlBRG9BSWdCMUFHNEFaQUJsQUdZQWFRQnVBR1VBWkFBZ0FFY0FSUUJVQURvQUlBQnpBSFFBWVFCbkFHa0FiZ0JuQUhBQWNnQmxBR1FBYVFCakFIUUFOUUF1QUdrQWJnQm1BR3dBZFFCbEFHNEFZd0JsQUdnQVpRQmhBR3dBZEFCb0FDNEFZd0J2QUcwQU9nQTBBRFFBTXdBdkFHa0FiUUJoQUdjQVpRQnpBQzhBYkFCdkFHY0FhUUJ1QUMwQWJRQmhBSElBYXdCbEFIUUFhUUJ1QUdjQUxRQjBBR0VBWndCc0FHa0FiZ0JsQUM0QWN3QjJBR2NBSWdBc0FDSUFkQUFpQURvQUlnQmxBSFlBWlFCdUFIUUFJZ0I5QUN3QWV3QWlBRzRBSWdBNkFDSUFjZ0JsQUdFQVpBQjVBSE1BZEFCaEFIUUFaUUJqQUdnQVlRQnVBR2NBWlFBaUFDd0FJZ0J6QUNJQU9nQXhBRGNBTlFBM0FERUFMQUFpQUdVQUlnQTZBREVBTndBMUFEY0FNUUFzQUNJQWJ3QWlBRG9BSWdCMUFHNEFaQUJsQUdZQWFRQnVBR1VBWkFBZ0FFY0FSUUJVQURvQUlBQnpBSFFBWVFCbkFHa0FiZ0JuQUhBQWNnQmxBR1FBYVFCakFIUUFOUUF1QUdrQWJnQm1BR3dBZFFCbEFHNEFZd0JsQUdnQVpRQmhBR3dBZEFCb0FDNEFZd0J2QUcwQU9nQTBBRFFBTXdBdkFHa0FiUUJoQUdjQVpRQnpBQzhBYkFCdkFHY0FhUUJ1QUMwQWJRQmhBSElBYXdCbEFIUUFhUUJ1QUdjQUxRQjBBR0VBWndCc0FHa0FiZ0JsQUM0QWN3QjJBR2NBSWdBc0FDSUFkQUFpQURvQUlnQmxBSFlBWlFCdUFIUUFJZ0I5QUN3QWV3QWlBRzRBSWdBNkFDSUFjZ0JsQUdFQVpBQjVBSE1BZEFCaEFIUUFaUUJqQUdnQVlRQnVBR2NBWlFBaUFDd0FJZ0J6QUNJQU9nQXhBRGNBTlFBM0FERUFMQUFpQUdVQUlnQTZBREVBTndBMUFEY0FNUUFzQUNJQWJ3QWlBRG9BSWdCMUFHNEFaQUJsQUdZQWFRQnVBR1VBWkFBZ0FFY0FSUUJVQURvQUlBQnpBSFFBWVFCbkFHa0FiZ0JuQUhBQWNnQmxBR1FBYVFCakFIUUFOUUF1QUdrQWJnQm1BR3dBZFFCbEFHNEFZd0JsQUdnQVpRQmhBR3dBZEFCb0FDNEFZd0J2QUcwQU9nQTBBRFFBTXdBdkFHa0FiUUJoQUdjQVpRQnpBQzhBYkFCdkFHY0FhUUJ1QUMwQWJRQmhBSElBYXdCbEFIUUFhUUJ1QUdjQUxRQjBBR0VBWndCc0FHa0FiZ0JsQUM0QWN3QjJBR2NBSWdBc0FDSUFkQUFpQURvQUlnQmxBSFlBWlFCdUFIUUFJZ0I5QUN3QWV3QWlBRzRBSWdBNkFDSUFjZ0JsQUdFQVpBQjVBSE1BZEFCaEFIUUFaUUJqQUdnQVlRQnVBR2NBWlFBaUFDd0FJZ0J6QUNJQU9nQXhBRGNBTlFBM0FERUFMQUFpQUdVQUlnQTZBREVBTndBMUFEY0FNUUFzQUNJQWJ3QWlBRG9BSWdCMUFHNEFaQUJsQUdZQWFRQnVBR1VBWkFBZ0FFY0FSUUJVQURvQUlBQnpBSFFBWVFCbkFHa0FiZ0JuQUhBQWNnQmxBR1FBYVFCakFIUUFOUUF1QUdrQWJnQm1BR3dBZFFCbEFHNEFZd0JsQUdnQVpRQmhBR3dBZEFCb0FDNEFZd0J2QUcwQU9nQTBBRFFBTXdBdkFHa0FiUUJoQUdjQVpRQnpBQzhBYkFCdkFHY0FhUUJ1QUMwQWJRQmhBSElBYXdCbEFIUUFhUUJ1QUdjQUxRQjBBR0VBWndCc0FHa0FiZ0JsQUM0QWN3QjJBR2NBSWdBc0FDSUFkQUFpQURvQUlnQmxBSFlBWlFCdUFIUUFJZ0I5QUN3QWV3QWlBRzRBSWdBNkFDSUFjZ0JsQUdFQVpBQjVBSE1BZEFCaEFIUUFaUUJqQUdnQVlRQnVBR2NBWlFBaUFDd0FJZ0J6QUNJQU9nQXhBRGNBTlFBM0FERUFMQUFpQUdVQUlnQTZBREVBTndBMUFEY0FNUUFzQUNJQWJ3QWlBRG9BSWdCMUFHNEFaQUJsQUdZQWFRQnVBR1VBWkFBZ0FFY0FSUUJVQURvQUlBQnpBSFFBWVFCbkFHa0FiZ0JuQUhBQWNnQmxBR1FBYVFCakFIUUFOUUF1QUdrQWJnQm1BR3dBZFFCbEFHNEFZd0JsQUdnQVpRQmhBR3dBZEFCb0FDNEFZd0J2QUcwQU9nQTBBRFFBTXdBdkFHa0FiUUJoQUdjQVpRQnpBQzhBYkFCdkFHY0FhUUJ1QUMwQWJRQmhBSElBYXdCbEFIUUFhUUJ1QUdjQUxRQjBBR0VBWndCc0FHa0FiZ0JsQUM0QWN3QjJBR2NBSWdBc0FDSUFkQUFpQURvQUlnQmxBSFlBWlFCdUFIUUFJZ0I5QUN3QWV3QWlBRzRBSWdBNkFDSUFjZ0JsQUdFQVpBQjVBSE1BZEFCaEFIUUFaUUJqQUdnQVlRQnVBR2NBWlFBaUFDd0FJZ0J6QUNJQU9nQXhBRGNBTlFBM0FERUFMQUFpQUdVQUlnQTZBREVBTndBMUFEY0FNUUFzQUNJQWJ3QWlBRG9BSWdCMUFHNEFaQUJsQUdZQWFRQnVBR1VBWkFBZ0FFY0FSUUJVQURvQUlBQnpBSFFBWVFCbkFHa0FiZ0JuQUhBQWNnQmxBR1FBYVFCakFIUUFOUUF1QUdrQWJnQm1BR3dBZFFCbEFHNEFZd0JsQUdnQVpRQmhBR3dBZEFCb0FDNEFZd0J2QUcwQU9nQTBBRFFBTXdBdkFHa0FiUUJoQUdjQVpRQnpBQzhBYkFCdkFHY0FhUUJ1QUMwQWJRQmhBSElBYXdCbEFIUUFhUUJ1QUdjQUxRQjBBR0VBWndCc0FHa0FiZ0JsQUM0QWN3QjJBR2NBSWdBc0FDSUFkQUFpQURvQUlnQmxBSFlBWlFCdUFIUUFJZ0I5QUN3QWV3QWlBRzRBSWdBNkFDSUFjZ0JsQUdFQVpBQjVBSE1BZEFCaEFIUUFaUUJqQUdnQVlRQnVBR2NBWlFBaUFDd0FJZ0J6QUNJQU9nQXhBRGNBTlFBM0FERUFMQUFpQUdVQUlnQTZBREVBTndBMUFEY0FNUUFzQUNJQWJ3QWlBRG9BSWdCMUFHNEFaQUJsQUdZQWFRQnVBR1VBWkFBZ0FFY0FSUUJVQURvQUlBQnpBSFFBWVFCbkFHa0FiZ0JuQUhBQWNnQmxBR1FBYVFCakFIUUFOUUF1QUdrQWJnQm1BR3dBZFFCbEFHNEFZd0JsQUdnQVpRQmhBR3dBZEFCb0FDNEFZd0J2QUcwQU9nQTBBRFFBTXdBdkFHa0FiUUJoQUdjQVpRQnpBQzhBYkFCdkFHY0FhUUJ1QUMwQWJRQmhBSElBYXdCbEFIUUFhUUJ1QUdjQUxRQjBBR0VBWndCc0FHa0FiZ0JsQUM0QWN3QjJBR2NBSWdBc0FDSUFkQUFpQURvQUlnQmxBSFlBWlFCdUFIUUFJZ0I5QUN3QWV3QWlBRzRBSWdBNkFDSUFjZ0JsQUdFQVpBQjVBSE1BZEFCaEFIUUFaUUJqQUdnQVlRQnVBR2NBWlFBaUFDd0FJZ0J6QUNJQU9nQXhBRGNBTlFBM0FERUFMQUFpQUdVQUlnQTZBREVBTndBMUFEY0FNUUFzQUNJQWJ3QWlBRG9BSWdCMUFHNEFaQUJsQUdZQWFRQnVBR1VBWkFBZ0FFY0FSUUJVQURvQUlBQnpBSFFBWVFCbkFHa0FiZ0JuQUhBQWNnQmxBR1FBYVFCakFIUUFOUUF1QUdrQWJnQm1BR3dBZFFCbEFHNEFZd0JsQUdnQVpRQmhBR3dBZEFCb0FDNEFZd0J2QUcwQU9nQTBBRFFBTXdBdkFHa0FiUUJoQUdjQVpRQnpBQzhBYkFCdkFHY0FhUUJ1QUMwQWJRQmhBSElBYXdCbEFIUUFhUUJ1QUdjQUxRQjBBR0VBWndCc0FHa0FiZ0JsQUM0QWN3QjJBR2NBSWdBc0FDSUFkQUFpQURvQUlnQmxBSFlBWlFCdUFIUUFJZ0I5QUN3QWV3QWlBRzRBSWdBNkFDSUFjZ0JsQUdFQVpBQjVBSE1BZEFCaEFIUUFaUUJqQUdnQVlRQnVBR2NBWlFBaUFDd0FJZ0J6QUNJQU9nQXhBRGNBTlFBM0FERUFMQUFpQUdVQUlnQTZBREVBTndBMUFEY0FNUUFzQUNJQWJ3QWlBRG9BSWdCMUFHNEFaQUJsQUdZQWFRQnVBR1VBWkFBZ0FFY0FSUUJVQURvQUlBQnpBSFFBWVFCbkFHa0FiZ0JuQUhBQWNnQmxBR1FBYVFCakFIUUFOUUF1QUdrQWJnQm1BR3dBZFFCbEFHNEFZd0JsQUdnQVpRQmhBR3dBZEFCb0FDNEFZd0J2QUcwQU9nQTBBRFFBTXdBdkFHa0FiUUJoQUdjQVpRQnpBQzhBYkFCdkFHY0FhUUJ1QUMwQWJRQmhBSElBYXdCbEFIUUFhUUJ1QUdjQUxRQjBBR0VBWndCc0FHa0FiZ0JsQUM0QWN3QjJBR2NBSWdBc0FDSUFkQUFpQURvQUlnQmxBSFlBWlFCdUFIUUFJZ0I5QUN3QWV3QWlBRzRBSWdBNkFDSUFjZ0JsQUdFQVpBQjVBSE1BZEFCaEFIUUFaUUJqQUdnQVlRQnVBR2NBWlFBaUFDd0FJZ0J6QUNJQU9nQXhBRGNBTlFBM0FESUFMQUFpQUdVQUlnQTZBREVBTndBMUFEY0FNZ0FzQUNJQWJ3QWlBRG9BSWdCMUFHNEFaQUJsQUdZQWFRQnVBR1VBWkFBZ0FFY0FSUUJVQURvQUlBQnpBSFFBWVFCbkFHa0FiZ0JuQUhBQWNnQmxBR1FBYVFCakFIUUFOUUF1QUdrQWJnQm1BR3dBZFFCbEFHNEFZd0JsQUdnQVpRQmhBR3dBZEFCb0FDNEFZd0J2QUcwQU9nQTBBRFFBTXdBdkFHa0FiUUJoQUdjQVpRQnpBQzhBYkFCdkFHY0FhUUJ1QUMwQWJRQmhBSElBYXdCbEFIUUFhUUJ1QUdjQUxRQjBBR0VBWndCc0FHa0FiZ0JsQUM0QWN3QjJBR2NBSWdBc0FDSUFkQUFpQURvQUlnQmxBSFlBWlFCdUFIUUFJZ0I5QUN3QWV3QWlBRzRBSWdBNkFDSUFjZ0JsQUdFQVpBQjVBSE1BZEFCaEFIUUFaUUJqQUdnQVlRQnVBR2NBWlFBaUFDd0FJZ0J6QUNJQU9nQXhBRGNBTlFBM0FESUFMQUFpQUdVQUlnQTZBREVBTndBMUFEa0FNd0FzQUNJQWJ3QWlBRG9BSWdCMUFHNEFaQUJsQUdZQWFRQnVBR1VBWkFBZ0FFY0FSUUJVQURvQUlBQnpBSFFBWVFCbkFHa0FiZ0JuQUhBQWNnQmxBR1FBYVFCakFIUUFOUUF1QUdrQWJnQm1BR3dBZFFCbEFHNEFZd0JsQUdnQVpRQmhBR3dBZEFCb0FDNEFZd0J2QUcwQU9nQTBBRFFBTXdBdkFHa0FiUUJoQUdjQVpRQnpBQzhBYkFCdkFHY0FhUUJ1QUMwQWJRQmhBSElBYXdCbEFIUUFhUUJ1QUdjQUxRQjBBR0VBWndCc0FHa0FiZ0JsQUM0QWN3QjJBR2NBSWdBc0FDSUFkQUFpQURvQUlnQmxBSFlBWlFCdUFIUUFJZ0I5QUN3QWV3QWlBRzRBSWdBNkFDSUFjZ0JsQUdFQVpBQjVBSE1BZEFCaEFIUUFaUUJqQUdnQVlRQnVBR2NBWlFBaUFDd0FJZ0J6QUNJQU9nQXhBRGNBT1FBeEFEa0FMQUFpQUdVQUlnQTZBREVBTndBNUFESUFNQUFzQUNJQWJ3QWlBRG9BSWdCMUFHNEFaQUJsQUdZQWFRQnVBR1VBWkFBZ0FGQUFUd0JUQUZRQU9nQWdBR0lBWVFCdEFDNEFiZ0J5QUMwQVpBQmhBSFFBWVFBdUFHNEFaUUIwQURvQU5BQTBBRE1BTHdCeUFHVUFjd0J2QUhVQWNnQmpBR1VBY3dBdkFERUFMd0JsQURRQVpnQTJBRE1BWkFCaEFEWUFNd0EzQUNJQUxBQWlBSFFBSWdBNkFDSUFaUUIyQUdVQWJnQjBBQ0lBZlFBc0FIc0FJZ0J1QUNJQU9nQWlBSElBWlFCaEFHUUFlUUJ6QUhRQVlRQjBBR1VBWXdCb0FHRUFiZ0JuQUdVQUlnQXNBQ0lBY3dBaUFEb0FNUUEzQURrQU1nQXdBQ3dBSWdCbEFDSUFPZ0F4QURjQU9RQXlBREFBTEFBaUFHOEFJZ0E2QUNJQWRRQnVBR1FBWlFCbUFHa0FiZ0JsQUdRQUlBQlFBRThBVXdCVUFEb0FJQUJpQUdFQWJRQXVBRzRBY2dBdEFHUUFZUUIwQUdFQUxnQnVBR1VBZEFBNkFEUUFOQUF6QUM4QWNnQmxBSE1BYndCMUFISUFZd0JsQUhNQUx3QXhBQzhBWlFBMEFHWUFOZ0F6QUdRQVlRQTJBRE1BTndBaUFDd0FJZ0IwQUNJQU9nQWlBR1VBZGdCbEFHNEFkQUFpQUgwQUxBQjdBQ0lBYmdBaUFEb0FJZ0J5QUdVQVlRQmtBSGtBY3dCMEFHRUFkQUJsQUdNQWFBQmhBRzRBWndCbEFDSUFMQUFpQUhNQUlnQTZBREVBTndBNUFESUFNQUFzQUNJQVpRQWlBRG9BTVFBM0FEa0FNZ0F3QUN3QUlnQnZBQ0lBT2dBaUFIVUFiZ0JrQUdVQVpnQnBBRzRBWlFCa0FDQUFVQUJQQUZNQVZBQTZBQ0FBWWdCaEFHMEFMZ0J1QUhJQUxRQmtBR0VBZEFCaEFDNEFiZ0JsQUhRQU9nQTBBRFFBTXdBdkFISUFaUUJ6QUc4QWRRQnlBR01BWlFCekFDOEFNUUF2QUdVQU5BQm1BRFlBTXdCa0FHRUFOZ0F6QURjQUlnQXNBQ0lBZEFBaUFEb0FJZ0JsQUhZQVpRQnVBSFFBSWdCOUFDd0Fld0FpQUc0QUlnQTZBQ0lBY2dCbEFHRUFaQUI1QUhNQWRBQmhBSFFBWlFCakFHZ0FZUUJ1QUdjQVpRQWlBQ3dBSWdCekFDSUFPZ0F6QURVQU5BQTJBRFlBTEFBaUFHVUFJZ0E2QURNQU5RQTBBRFlBTndBc0FDSUFid0FpQURvQUlnQjFBRzRBWkFCbEFHWUFhUUJ1QUdVQVpBQWdBRkFBVHdCVEFGUUFPZ0FnQUhNQWRBQmhBR2NBYVFCdUFHY0FjQUJ5QUdVQVpBQnBBR01BZEFBMUFDNEFhUUJ1QUdZQWJBQjFBR1VBYmdCakFHVUFhQUJsQUdFQWJBQjBBR2dBTGdCakFHOEFiUUE2QURNQU1BQXdBREFBTHdCd0FISUFaUUJrQUdrQVl3QjBBQzhBZGdBeEFDOEFZd0JzQUdrQVpRQnVBSFFBY3dBdkFIVUFiZ0JwQUhZQVpRQnlBSE1BYVFCMEFIa0FZd0J2QUd3QWJ3QnlBR0VBWkFCdkFDOEFZUUIxQUhRQWFBQlVBRzhBYXdCbEFHNEFJZ0FzQUNJQWRBQWlBRG9BSWdCbEFIWUFaUUJ1QUhRQUlnQjlBQ3dBZXdBaUFHNEFJZ0E2QUNJQWNnQmxBR0VBWkFCNUFITUFkQUJoQUhRQVpRQmpBR2dBWVFCdUFHY0FaUUFpQUN3QUlnQnpBQ0lBT2dBekFEVUFOQUEyQURjQUxBQWlBR1VBSWdBNkFETUFOUUEwQURZQU53QXNBQ0lBYndBaUFEb0FJZ0IxQUc0QVpBQmxBR1lBYVFCdUFHVUFaQUFnQUZBQVR3QlRBRlFBT2dBZ0FITUFkQUJoQUdjQWFRQnVBR2NBY0FCeUFHVUFaQUJwQUdNQWRBQTFBQzRBYVFCdUFHWUFiQUIxQUdVQWJnQmpBR1VBYUFCbEFHRUFiQUIwQUdnQUxnQmpBRzhBYlFBNkFETUFNQUF3QURBQUx3QndBSElBWlFCa0FHa0FZd0IwQUM4QWRnQXhBQzhBWXdCc0FHa0FaUUJ1QUhRQWN3QXZBSFVBYmdCcEFIWUFaUUJ5QUhNQWFRQjBBSGtBWXdCdkFHd0Fid0J5QUdFQVpBQnZBQzhBWVFCMUFIUUFhQUJVQUc4QWF3QmxBRzRBSWdBc0FDSUFkQUFpQURvQUlnQmxBSFlBWlFCdUFIUUFJZ0I5QUN3QWV3QWlBRzRBSWdBNkFDSUFjZ0JsQUdFQVpBQjVBSE1BZEFCaEFIUUFaUUJqQUdnQVlRQnVBR2NBWlFBaUFDd0FJZ0J6QUNJQU9nQXpBRFVBTkFBMkFEY0FMQUFpQUdVQUlnQTZBRE1BTlFBMEFEWUFOd0FzQUNJQWJ3QWlBRG9BSWdCMUFHNEFaQUJsQUdZQWFRQnVBR1VBWkFBZ0FGQUFUd0JUQUZRQU9nQWdBSE1BZEFCaEFHY0FhUUJ1QUdjQWNBQnlBR1VBWkFCcEFHTUFkQUExQUM0QWFRQnVBR1lBYkFCMUFHVUFiZ0JqQUdVQWFBQmxBR0VBYkFCMEFHZ0FMZ0JqQUc4QWJRQTZBRE1BTUFBd0FEQUFMd0J3QUhJQVpRQmtBR2tBWXdCMEFDOEFkZ0F4QUM4QVl3QnNBR2tBWlFCdUFIUUFjd0F2QUhVQWJnQnBBSFlBWlFCeUFITUFhUUIwQUhrQVl3QnZBR3dBYndCeUFHRUFaQUJ2QUM4QVlRQjFBSFFBYUFCVUFHOEFhd0JsQUc0QUlnQXNBQ0lBZEFBaUFEb0FJZ0JsQUhZQVpRQnVBSFFBSWdCOUFDd0Fld0FpQUc0QUlnQTZBQ0lBY3dCbEFIUUFWQUJwQUcwQVpRQnZBSFVBZEFBaUFDd0FJZ0J6QUNJQU9nQXhBRGNBTUFBMUFEWUFMQUFpQUdVQUlnQTZBREVBTndBeEFERUFPUUFzQUNJQWJ3QWlBRG9BSWdCM0FHa0FiZ0JrQUc4QWR3QWlBQ3dBSWdCMEFDSUFPZ0FpQUhRQWFRQnRBR1VBY2dBaUFIMEFMQUI3QUNJQWJnQWlBRG9BSWdCekFHVUFkQUJVQUdrQWJRQmxBRzhBZFFCMEFDSUFMQUFpQUhNQUlnQTZBREVBTndBMUFEVUFPUUFzQUNJQVpRQWlBRG9BTVFBM0FEVUFOUUE1QUN3QUlnQnZBQ0lBT2dBaUFIY0FhUUJ1QUdRQWJ3QjNBQ0lBTEFBaUFIUUFJZ0E2QUNJQWRBQnBBRzBBWlFCeUFDSUFmUUFzQUhzQUlnQnVBQ0lBT2dBaUFITUFaUUIwQUZRQWFRQnRBR1VBYndCMUFIUUFJZ0FzQUNJQWN3QWlBRG9BTVFBM0FEVUFOUUE1QUN3QUlnQmxBQ0lBT2dBeEFEY0FOUUEyQURFQUxBQWlBRzhBSWdBNkFDSUFkd0JwQUc0QVpBQnZBSGNBSWdBc0FDSUFkQUFpQURvQUlnQjBBR2tBYlFCbEFISUFJZ0I5QUN3QWV3QWlBRzRBSWdBNkFDSUFjd0JsQUhRQVZBQnBBRzBBWlFCdkFIVUFkQUFpQUN3QUlnQnpBQ0lBT2dBeEFEY0FPUUF4QURVQUxBQWlBR1VBSWdBNkFERUFOd0E1QURFQU5RQXNBQ0lBYndBaUFEb0FJZ0IzQUdrQWJnQmtBRzhBZHdBaUFDd0FJZ0IwQUNJQU9nQWlBSFFBYVFCdEFHVUFjZ0FpQUgwQUxBQjdBQ0lBYmdBaUFEb0FJZ0J6QUdVQWRBQlVBR2tBYlFCbEFHOEFkUUIwQUNJQUxBQWlBSE1BSWdBNkFERUFOd0E1QURFQU5RQXNBQ0lBWlFBaUFEb0FNUUEzQURrQU1RQTJBQ3dBSWdCdkFDSUFPZ0FpQUhjQWFRQnVBR1FBYndCM0FDSUFMQUFpQUhRQUlnQTZBQ0lBZEFCcEFHMEFaUUJ5QUNJQWZRQXNBSHNBSWdCdUFDSUFPZ0FpQUhNQVpRQjBBRlFBYVFCdEFHVUFid0IxQUhRQUlnQXNBQ0lBY3dBaUFEb0FNd0ExQURrQU5BQTBBQ3dBSWdCbEFDSUFPZ0F6QURVQU9RQTBBRFVBTEFBaUFHOEFJZ0E2QUNJQWR3QnBBRzRBWkFCdkFIY0FJZ0FzQUNJQWRBQWlBRG9BSWdCMEFHa0FiUUJsQUhJQUlnQjlBQ3dBZXdBaUFHNEFJZ0E2QUNJQWNBQnlBRzhBWndCeUFHVUFjd0J6QUNJQUxBQWlBSE1BSWdBNkFERUFOd0ExQURjQU1RQXNBQ0lBWlFBaUFEb0FNUUEzQURVQU53QXhBQ3dBSWdCdkFDSUFPZ0FpQUhVQWJnQmtBR1VBWmdCcEFHNEFaUUJrQUNBQVJ3QkZBRlFBT2dBZ0FITUFkQUJoQUdjQWFRQnVBR2NBY0FCeUFHVUFaQUJwQUdNQWRBQTFBQzRBYVFCdUFHWUFiQUIxQUdVQWJnQmpBR1VBYUFCbEFHRUFiQUIwQUdnQUxnQmpBRzhBYlFBNkFEUUFOQUF6QUM4QWFRQnRBR0VBWndCbEFITUFMd0JzQUc4QVp3QnBBRzRBTFFCdEFHRUFjZ0JyQUdVQWRBQnBBRzRBWndBdEFIUUFZUUJuQUd3QWFRQnVBR1VBTGdCekFIWUFad0FpQUN3QUlnQjBBQ0lBT2dBaUFHVUFkZ0JsQUc0QWRBQWlBSDBBTEFCN0FDSUFiZ0FpQURvQUlnQndBSElBYndCbkFISUFaUUJ6QUhNQUlnQXNBQ0lBY3dBaUFEb0FNUUEzQURVQU53QXhBQ3dBSWdCbEFDSUFPZ0F4QURjQU5RQTNBRElBTEFBaUFHOEFJZ0E2QUNJQWRRQnVBR1FBWlFCbUFHa0FiZ0JsQUdRQUlBQkhBRVVBVkFBNkFDQUFjd0IwQUdFQVp3QnBBRzRBWndCd0FISUFaUUJrQUdrQVl3QjBBRFVBTGdCcEFHNEFaZ0JzQUhVQVpRQnVBR01BWlFCb0FHVUFZUUJzQUhRQWFBQXVBR01BYndCdEFEb0FOQUEwQURNQUx3QnBBRzBBWVFCbkFHVUFjd0F2QUd3QWJ3Qm5BR2tBYmdBdEFHMEFZUUJ5QUdzQVpRQjBBR2tBYmdCbkFDMEFkQUJoQUdjQWJBQnBBRzRBWlFBdUFITUFkZ0JuQUNJQUxBQWlBSFFBSWdBNkFDSUFaUUIyQUdVQWJnQjBBQ0lBZlFBc0FIc0FJZ0J1QUNJQU9nQWlBRUVBYWdCaEFIZ0FJZ0FzQUNJQWN3QWlBRG9BTXdBNEFEa0FOQUFzQUNJQVpRQWlBRG9BTVFBM0FEY0FOd0EzQUN3QUlnQnZBQ0lBT2dBaUFESUFNQUF3QUNBQVJ3QkZBRlFBT2dBZ0FITUFkQUJoQUdjQWFRQnVBR2NBY0FCeUFHVUFaQUJwQUdNQWRBQTFBQzRBYVFCdUFHWUFiQUIxQUdVQWJnQmpBR1VBYUFCbEFHRUFiQUIwQUdnQUxnQmpBRzhBYlFBNkFEUUFOQUF6QUM4QWFRQnRBR0VBWndCbEFITUFMd0JzQUc4QVp3QnBBRzRBTFFCdEFHRUFjZ0JyQUdVQWRBQnBBRzRBWndBdEFIUUFZUUJuQUd3QWFRQnVBR1VBTGdCekFIWUFad0FpQUN3QUlnQjBBQ0lBT2dBaUFHRUFhZ0JoQUhnQUlnQjlBQ3dBZXdBaUFHNEFJZ0E2QUNJQVFRQnFBR0VBZUFBaUFDd0FJZ0J6QUNJQU9nQXhBRGNBTVFBeEFEWUFMQUFpQUdVQUlnQTZBREVBTndBNUFESUFNQUFzQUNJQWJ3QWlBRG9BSWdBeUFEQUFNQUFnQUZBQVR3QlRBRlFBT2dBZ0FHSUFZUUJ0QUM0QWJnQnlBQzBBWkFCaEFIUUFZUUF1QUc0QVpRQjBBRG9BTkFBMEFETUFMd0J5QUdVQWN3QnZBSFVBY2dCakFHVUFjd0F2QURFQUx3QmxBRFFBWmdBMkFETUFaQUJoQURZQU13QTNBQ0lBTEFBaUFIUUFJZ0E2QUNJQVlRQnFBR0VBZUFBaUFIMEFMQUI3QUNJQWJnQWlBRG9BSWdCekFIUUFid0J5QUdFQVp3QmxBQ0lBTEFBaUFITUFJZ0E2QURFQU53QTVBREFBTlFBc0FDSUFaUUFpQURvQU1RQTNBRGtBTUFBMUFDd0FJZ0J2QUNJQU9nQWlBSGNBYVFCdUFHUUFid0IzQUNJQUxBQWlBSFFBSWdBNkFDSUFaUUIyQUdVQWJnQjBBQ0lBZlFBc0FIc0FJZ0J1QUNJQU9nQWlBSE1BZEFCdkFISUFZUUJuQUdVQUlnQXNBQ0lBY3dBaUFEb0FNd0ExQURRQU53QTFBQ3dBSWdCbEFDSUFPZ0F6QURVQU5BQTNBRFVBTEFBaUFHOEFJZ0E2QUNJQWR3QnBBRzRBWkFCdkFIY0FJZ0FzQUNJQWRBQWlBRG9BSWdCbEFIWUFaUUJ1QUhRQUlnQjlBQ3dBZXdBaUFHNEFJZ0E2QUNJQWJRQnZBSFVBY3dCcEFHNEFad0FpQUN3QUlnQnpBQ0lBT2dBeEFEa0FNUUEwQURVQUxBQWlBR1VBSWdBNkFERUFPUUF4QURRQU5RQXNBQ0lBYndBaUFEb0FJZ0JrQUdrQWRnQXVBR3dBYndCbkFHa0FiZ0F0QUhBQVlRQnVBR1VBYkFBdEFITUFhd0JsQUhjQUlnQXNBQ0lBZEFBaUFEb0FJZ0JsQUhZQVpRQnVBSFFBSWdCOUFDd0Fld0FpQUc0QUlnQTZBQ0lBYlFCdkFIVUFjd0JwQUc0QVp3QWlBQ3dBSWdCekFDSUFPZ0F5QURBQU1RQTRBRGtBTEFBaUFHVUFJZ0E2QURJQU1BQXlBRFFBT1FBc0FDSUFid0FpQURvQUlnQmtBR2tBZGdBdUFHd0Fid0JuQUdrQWJnQXRBSEFBWVFCdUFHVUFiQUF0QUhNQWF3QmxBSGNBSWdBc0FDSUFkQUFpQURvQUlnQmxBSFlBWlFCdUFIUUFJZ0I5QUN3QWV3QWlBRzRBSWdBNkFDSUFiUUJ2QUhVQWN3QnBBRzRBWndBaUFDd0FJZ0J6QUNJQU9nQXpBRFFBT1FBMkFEWUFMQUFpQUdVQUlnQTZBRE1BTlFBd0FEVUFOd0FzQUNJQWJ3QWlBRG9BSWdCa0FHa0FkZ0F1QUd3QWJ3Qm5BR2tBYmdBdEFIQUFZUUJ1QUdVQWJBQXRBSE1BYXdCbEFIY0FJZ0FzQUNJQWRBQWlBRG9BSWdCbEFIWUFaUUJ1QUhRQUlnQjlBQ3dBZXdBaUFHNEFJZ0E2QUNJQWJRQnZBSFVBY3dCcEFHNEFad0FpQUN3QUlnQnpBQ0lBT2dBekFEWUFOd0F3QURBQUxBQWlBR1VBSWdBNkFETUFOZ0EzQURBQU1BQXNBQ0lBYndBaUFEb0FJZ0JrQUdrQWRnQXVBR3dBYndCbkFHa0FiZ0F0QUhBQVlRQnVBR1VBYkFBdEFITUFhd0JsQUhjQUlnQXNBQ0lBZEFBaUFEb0FJZ0JsQUhZQVpRQnVBSFFBSWdCOUFDd0Fld0FpQUc0QUlnQTZBQ0lBYlFCdkFIVUFjd0JwQUc0QVp3QWlBQ3dBSWdCekFDSUFPZ0F4QURrQU1nQTJBRGNBTEFBaUFHVUFJZ0E2QURFQU9RQXlBRFlBT0FBc0FDSUFid0FpQURvQUlnQmtBR2tBZGdBdUFHWUFid0J5QUcwQUxRQm5BSElBYndCMUFIQUFJZ0FzQUNJQWRBQWlBRG9BSWdCbEFIWUFaUUJ1QUhRQUlnQjlBQ3dBZXdBaUFHNEFJZ0E2QUNJQWJRQnZBSFVBY3dCcEFHNEFad0FpQUN3QUlnQnpBQ0lBT2dBeUFEZ0FOd0EzQURVQUxBQWlBR1VBSWdBNkFESUFPQUEzQURjQU5RQXNBQ0lBYndBaUFEb0FJZ0JrQUdrQWRnQXVBR1lBYndCeUFHMEFMUUJuQUhJQWJ3QjFBSEFBSWdBc0FDSUFkQUFpQURvQUlnQmxBSFlBWlFCdUFIUUFJZ0I5QUN3QWV3QWlBRzRBSWdBNkFDSUFiUUJ2QUhVQWN3QnBBRzRBWndBaUFDd0FJZ0J6QUNJQU9nQXhBRGtBTXdBMkFEY0FMQUFpQUdVQUlnQTZBREVBT1FBNEFEQUFNUUFzQUNJQWJ3QWlBRG9BSWdCbUFHOEFjZ0J0QUM0QWJnQm5BQzBBYVFCdUFIWUFZUUJzQUdrQVpBQXVBRzRBWndBdEFHa0FiZ0IyQUdFQWJBQnBBR1FBTFFCeUFHVUFjUUIxQUdrQWNnQmxBR1FBTGdCdUFHY0FMUUJrQUdrQWNnQjBBSGtBSWdBc0FDSUFkQUFpQURvQUlnQmxBSFlBWlFCdUFIUUFJZ0I5QUN3QWV3QWlBRzRBSWdBNkFDSUFiUUJ2QUhVQWN3QnBBRzRBWndBaUFDd0FJZ0J6QUNJQU9nQXlBRGdBTmdBM0FEQUFMQUFpQUdVQUlnQTZBRElBT1FBMUFEWUFNQUFzQUNJQWJ3QWlBRG9BSWdCbUFHOEFjZ0J0QUM0QWJnQm5BQzBBYVFCdUFIWUFZUUJzQUdrQVpBQXVBRzRBWndBdEFHa0FiZ0IyQUdFQWJBQnBBR1FBTFFCeUFHVUFjUUIxQUdrQWNnQmxBR1FBTGdCdUFHY0FMUUJrQUdrQWNnQjBBSGtBSWdBc0FDSUFkQUFpQURvQUlnQmxBSFlBWlFCdUFIUUFJZ0I5QUN3QWV3QWlBRzRBSWdBNkFDSUFiUUJ2QUhVQWN3QnBBRzRBWndBaUFDd0FJZ0J6QUNJQU9nQXhBRGtBTlFBNEFEUUFMQUFpQUdVQUlnQTZBREVBT1FBMkFEZ0FPUUFzQUNJQWJ3QWlBRG9BSWdCaEFDSUFMQUFpQUhRQUlnQTZBQ0lBWlFCMkFHVUFiZ0IwQUNJQWZRQXNBSHNBSWdCdUFDSUFPZ0FpQUcwQWJ3QjFBSE1BYVFCdUFHY0FJZ0FzQUNJQWN3QWlBRG9BTVFBNUFEa0FNUUF6QUN3QUlnQmxBQ0lBT2dBeUFEQUFNQUF4QURjQUxBQWlBRzhBSWdBNkFDSUFZZ0IxQUhRQWRBQnZBRzRBTGdCaUFIUUFiZ0F1QUdJQWRBQnVBQzBBY0FCeUFHa0FiUUJoQUhJQWVRQXVBR0lBZEFCdUFDMEFZZ0JzQUc4QVl3QnJBQ0lBTEFBaUFIUUFJZ0E2QUNJQVpRQjJBR1VBYmdCMEFDSUFmUUFzQUhzQUlnQnVBQ0lBT2dBaUFHMEFid0IxQUhNQWFRQnVBR2NBSWdBc0FDSUFjd0FpQURvQU13QTFBRElBTWdBekFDd0FJZ0JsQUNJQU9nQXpBRFVBTkFBNEFEWUFMQUFpQUc4QUlnQTZBQ0lBWWdCMUFIUUFkQUJ2QUc0QUxnQmlBSFFBYmdBdUFHSUFkQUJ1QUMwQWNBQnlBR2tBYlFCaEFISUFlUUF1QUdJQWRBQnVBQzBBWWdCc0FHOEFZd0JyQUNJQUxBQWlBSFFBSWdBNkFDSUFaUUIyQUdVQWJnQjBBQ0lBZlFBc0FIc0FJZ0J1QUNJQU9nQWlBRzBBYndCMUFITUFhUUJ1QUdjQUlnQXNBQ0lBY3dBaUFEb0FNZ0F3QURNQU53QTBBQ3dBSWdCbEFDSUFPZ0F5QURBQU13QTNBRFFBTEFBaUFHOEFJZ0E2QUNJQVpBQnBBSFlBTGdCc0FHOEFad0JwQUc0QUxRQndBR0VBYmdCbEFHd0FJZ0FzQUNJQWRBQWlBRG9BSWdCbEFIWUFaUUJ1QUhRQUlnQjlBQ3dBZXdBaUFHNEFJZ0E2QUNJQWJRQnZBSFVBY3dCcEFHNEFad0FpQUN3QUlnQnpBQ0lBT2dBeUFESUFNZ0F4QURjQUxBQWlBR1VBSWdBNkFESUFNZ0F5QURNQU53QXNBQ0lBYndBaUFEb0FJZ0JrQUdrQWRnQXVBR3dBYndCbkFHa0FiZ0F0QUhBQVlRQnVBR1VBYkFBaUFDd0FJZ0IwQUNJQU9nQWlBR1VBZGdCbEFHNEFkQUFpQUgwQUxBQjdBQ0lBYmdBaUFEb0FJZ0J0QUc4QWRRQnpBR2tBYmdCbkFDSUFMQUFpQUhNQUlnQTZBRElBT0FBMUFEWUFOd0FzQUNJQVpRQWlBRG9BTWdBNEFEVUFOZ0EzQUN3QUlnQnZBQ0lBT2dBaUFHUUFhUUIyQUM0QWJBQnZBR2NBYVFCdUFDMEFjQUJoQUc0QVpRQnNBQ0lBTEFBaUFIUUFJZ0E2QUNJQVpRQjJBR1VBYmdCMEFDSUFmUUFzQUhzQUlnQnVBQ0lBT2dBaUFHMEFid0IxQUhNQWFRQnVBR2NBSWdBc0FDSUFjd0FpQURvQU1nQXhBREVBTndBM0FDd0FJZ0JsQUNJQU9nQXlBREVBTVFBM0FEZ0FMQUFpQUc4QUlnQTZBQ0lBY3dCMkFHY0FJd0JNQUdFQWVRQmxBSElBWHdBeEFDNEFJZ0FzQUNJQWRBQWlBRG9BSWdCbEFIWUFaUUJ1QUhRQUlnQjlBQ3dBZXdBaUFHNEFJZ0E2QUNJQWJRQnZBSFVBY3dCcEFHNEFad0FpQUN3QUlnQnpBQ0lBT2dBeUFERUFNZ0E1QURjQUxBQWlBR1VBSWdBNkFESUFNUUEzQURRQU5nQXNBQ0lBYndBaUFEb0FJZ0J6QUdVQVl3QjBBR2tBYndCdUFDNEFiQUJ2QUdjQWFRQnVBQzBBZHdCeUFHRUFjQUF1QUc0QVp3QXRBSE1BWXdCdkFIQUFaUUFpQUN3QUlnQjBBQ0lBT2dBaUFHVUFkZ0JsQUc0QWRBQWlBSDBBTEFCN0FDSUFiZ0FpQURvQUlnQnRBRzhBZFFCekFHa0FiZ0JuQUNJQUxBQWlBSE1BSWdBNkFESUFNUUEwQURBQU9RQXNBQ0lBWlFBaUFEb0FNZ0F4QURRQU1RQXdBQ3dBSWdCdkFDSUFPZ0FpQUhBQWJ3QnNBSGtBWndCdkFHNEFMZ0FpQUN3QUlnQjBBQ0lBT2dBaUFHVUFkZ0JsQUc0QWRBQWlBSDBBTEFCN0FDSUFiZ0FpQURvQUlnQnRBRzhBZFFCekFHa0FiZ0JuQUNJQUxBQWlBSE1BSWdBNkFESUFNUUExQURNQU1BQXNBQ0lBWlFBaUFEb0FNZ0F4QURVQU13QXdBQ3dBSWdCdkFDSUFPZ0FpQUhNQWRnQm5BQzRBSWdBc0FDSUFkQUFpQURvQUlnQmxBSFlBWlFCdUFIUUFJZ0I5QUN3QWV3QWlBRzRBSWdBNkFDSUFiUUJ2QUhVQWN3QnBBRzRBWndBaUFDd0FJZ0J6QUNJQU9nQXlBRGdBT0FBM0FEVUFMQUFpQUdVQUlnQTZBRE1BTUFBeUFEQUFNUUFzQUNJQWJ3QWlBRG9BSWdCcEFHNEFjQUIxQUhRQUl3QnBBR1FBWHdCd0FHRUFjd0J6QUM0QVpnQnZBSElBYlFBdEFHTUFid0J1QUhRQWNnQnZBR3dBTGdCdUFHY0FMUUJwQUc0QWRnQmhBR3dBYVFCa0FDNEFiZ0JuQUMwQWFRQnVBSFlBWVFCc0FHa0FaQUF0QUhJQVpRQnhBSFVBYVFCeUFHVUFaQUF1QUc0QVp3QXRBR1FBYVFCeUFIUUFlUUFpQUN3QUlnQjBBQ0lBT2dBaUFHVUFkZ0JsQUc0QWRBQWlBSDBBTEFCN0FDSUFiZ0FpQURvQUlnQnRBRzhBZFFCekFHa0FiZ0JuQUNJQUxBQWlBSE1BSWdBNkFETUFNUUF3QURRQU5RQXNBQ0lBWlFBaUFEb0FNd0F4QURBQU5BQTFBQ3dBSWdCdkFDSUFPZ0FpQUdrQWJnQndBSFVBZEFBakFHa0FaQUJmQUhBQVlRQnpBSE1BTGdCbUFHOEFjZ0J0QUMwQVl3QnZBRzRBZEFCeUFHOEFiQUF1QUc0QVp3QXRBR2tBYmdCMkFHRUFiQUJwQUdRQUxnQnVBR2NBTFFCcEFHNEFkZ0JoQUd3QWFRQmtBQzBBY2dCbEFIRUFkUUJwQUhJQVpRQmtBQzRBYmdCbkFDMEFaQUJwQUhJQWRBQjVBQ0lBTEFBaUFIUUFJZ0E2QUNJQVpRQjJBR1VBYmdCMEFDSUFmUUFzQUhzQUlnQnVBQ0lBT2dBaUFHMEFid0IxQUhNQWFRQnVBR2NBSWdBc0FDSUFjd0FpQURvQU1nQTVBRElBT0FBNEFDd0FJZ0JsQUNJQU9nQXlBRGtBTkFBd0FETUFMQUFpQUc4QUlnQTZBQ0lBYkFCaEFHSUFaUUJzQUNJQUxBQWlBSFFBSWdBNkFDSUFaUUIyQUdVQWJnQjBBQ0lBZlFBc0FIc0FJZ0J1QUNJQU9nQWlBRzBBYndCMUFITUFhUUJ1QUdjQUlnQXNBQ0lBY3dBaUFEb0FNd0EwQURVQU53QTVBQ3dBSWdCbEFDSUFPZ0F6QURRQU53QXpBRGNBTEFBaUFHOEFJZ0E2QUNJQWFRQnVBSEFBZFFCMEFDTUFhUUJrQUY4QWNBQmhBSE1BY3dBdUFHWUFid0J5QUcwQUxRQmpBRzhBYmdCMEFISUFid0JzQUM0QWJnQm5BQzBBWkFCcEFISUFkQUI1QUM0QWJnQm5BQzBBZGdCaEFHd0FhUUJrQUM0QWJnQm5BQzBBZGdCaEFHd0FhUUJrQUMwQWNnQmxBSEVBZFFCcEFISUFaUUJrQUNJQUxBQWlBSFFBSWdBNkFDSUFaUUIyQUdVQWJnQjBBQ0lBZlFBc0FIc0FJZ0J1QUNJQU9nQWlBRzBBYndCMUFITUFhUUJ1QUdjQUlnQXNBQ0lBY3dBaUFEb0FNd0EwQURnQU5nQTFBQ3dBSWdCbEFDSUFPZ0F6QURRQU9BQTJBRFVBTEFBaUFHOEFJZ0E2QUNJQVpBQnBBSFlBTGdCdUFHY0FMUUJ6QUdNQWJ3QndBR1VBSWdBc0FDSUFkQUFpQURvQUlnQmxBSFlBWlFCdUFIUUFJZ0I5QUN3QWV3QWlBRzRBSWdBNkFDSUFiUUJ2QUhVQWN3QnBBRzRBWndBaUFDd0FJZ0J6QUNJQU9nQXpBRFlBTWdBd0FEZ0FMQUFpQUdVQUlnQTZBRE1BTmdBeUFEQUFPUUFzQUNJQWJ3QWlBRG9BSWdCa0FHa0FkZ0F1QUcwQWRRQnNBSFFBYVFBdEFHSUFkUUIwQUhRQWJ3QnVBQzBBWWdCaEFISUFJZ0FzQUNJQWRBQWlBRG9BSWdCbEFIWUFaUUJ1QUhRQUlnQjlBQ3dBZXdBaUFHNEFJZ0E2QUNJQVpnQnZBR01BZFFCekFHa0FiZ0FpQUN3QUlnQnpBQ0lBT2dBeUFEZ0FNd0EzQURJQUxBQWlBR1VBSWdBNkFESUFPQUF6QURjQU5RQXNBQ0lBYndBaUFEb0FJZ0JwQUc0QWNBQjFBSFFBSXdCcEFHUUFYd0J3QUdFQWN3QnpBQzRBWmdCdkFISUFiUUF0QUdNQWJ3QnVBSFFBY2dCdkFHd0FMZ0J1QUdjQUxRQnBBRzRBZGdCaEFHd0FhUUJrQUM0QWJnQm5BQzBBYVFCdUFIWUFZUUJzQUdrQVpBQXRBSElBWlFCeEFIVUFhUUJ5QUdVQVpBQXVBRzRBWndBdEFHUUFhUUJ5QUhRQWVRQWlBQ3dBSWdCMEFDSUFPZ0FpQUdVQWRnQmxBRzRBZEFBaUFIMEFMQUI3QUNJQWJnQWlBRG9BSWdCbUFHOEFZd0IxQUhNQWFRQnVBQ0lBTEFBaUFITUFJZ0E2QURNQU5RQXpBRGtBTUFBc0FDSUFaUUFpQURvQU13QTFBRE1BT1FBeUFDd0FJZ0J2QUNJQU9nQWlBR0lBZFFCMEFIUUFid0J1QUM0QVlnQjBBRzRBTGdCaUFIUUFiZ0F0QUhBQWNnQnBBRzBBWVFCeUFIa0FMZ0JpQUhRQWJnQXRBR0lBYkFCdkFHTUFhd0FpQUN3QUlnQjBBQ0lBT2dBaUFHVUFkZ0JsQUc0QWRBQWlBSDBBTEFCN0FDSUFiZ0FpQURvQUlnQm1BRzhBWXdCMUFITUFJZ0FzQUNJQWN3QWlBRG9BTWdBNEFETUFPUUF5QUN3QUlnQmxBQ0lBT2dBeUFEZ0FNd0E1QURJQUxBQWlBRzhBSWdBNkFDSUFkd0JwQUc0QVpBQnZBSGNBSWdBc0FDSUFkQUFpQURvQUlnQmxBSFlBWlFCdUFIUUFJZ0I5QUN3QWV3QWlBRzRBSWdBNkFDSUFZd0JzQUdrQVl3QnJBQ0lBTEFBaUFITUFJZ0E2QURNQU1BQXpBRE1BT0FBc0FDSUFaUUFpQURvQU13QXdBRE1BTXdBNEFDd0FJZ0J2QUNJQU9nQWlBR2tBYmdCd0FIVUFkQUFqQUdrQVpBQmZBSEFBWVFCekFITUFMZ0JtQUc4QWNnQnRBQzBBWXdCdkFHNEFkQUJ5QUc4QWJBQXVBRzRBWndBdEFHa0FiZ0IyQUdFQWJBQnBBR1FBTGdCdUFHY0FMUUJwQUc0QWRnQmhBR3dBYVFCa0FDMEFjZ0JsQUhFQWRRQnBBSElBWlFCa0FDNEFiZ0JuQUMwQVpBQnBBSElBZEFCNUFDSUFMQUFpQUhRQUlnQTZBQ0lBWlFCMkFHVUFiZ0IwQUNJQWZRQXNBSHNBSWdCdUFDSUFPZ0FpQUdNQWJBQnBBR01BYXdBaUFDd0FJZ0J6QUNJQU9nQXpBREFBTXdBekFEa0FMQUFpQUdVQUlnQTZBRE1BTUFBekFETUFPUUFzQUNJQWJ3QWlBRG9BSWdCcEFHNEFjQUIxQUhRQUl3QnBBR1FBWHdCd0FHRUFjd0J6QUM0QVpnQnZBSElBYlFBdEFHTUFid0J1QUhRQWNnQnZBR3dBTGdCdUFHY0FMUUJwQUc0QWRnQmhBR3dBYVFCa0FDNEFiZ0JuQUMwQWFRQnVBSFlBWVFCc0FHa0FaQUF0QUhJQVpRQnhBSFVBYVFCeUFHVUFaQUF1QUc0QVp3QXRBR1FBYVFCeUFIUUFlUUFpQUN3QUlnQjBBQ0lBT2dBaUFHVUFkZ0JsQUc0QWRBQWlBSDBBTEFCN0FDSUFiZ0FpQURvQUlnQmpBR3dBYVFCakFHc0FJZ0FzQUNJQWN3QWlBRG9BTXdBd0FETUFNd0E1QUN3QUlnQmxBQ0lBT2dBekFEQUFNd0EwQURVQUxBQWlBRzhBSWdBNkFDSUFhUUJ1QUhBQWRRQjBBQ01BYVFCa0FGOEFjQUJoQUhNQWN3QXVBR1lBYndCeUFHMEFMUUJqQUc4QWJnQjBBSElBYndCc0FDNEFiZ0JuQUMwQWFRQnVBSFlBWVFCc0FHa0FaQUF1QUc0QVp3QXRBR2tBYmdCMkFHRUFiQUJwQUdRQUxRQnlBR1VBY1FCMUFHa0FjZ0JsQUdRQUxnQnVBR2NBTFFCa0FHa0FjZ0IwQUhrQUlnQXNBQ0lBZEFBaUFEb0FJZ0JsQUhZQVpRQnVBSFFBSWdCOUFDd0Fld0FpQUc0QUlnQTZBQ0lBWXdCc0FHa0FZd0JyQUNJQUxBQWlBSE1BSWdBNkFETUFNQUF6QURRQU5RQXNBQ0lBWlFBaUFEb0FNd0F3QURNQU5BQTFBQ3dBSWdCdkFDSUFPZ0FpQUdrQWJnQndBSFVBZEFBakFHa0FaQUJmQUhBQVlRQnpBSE1BTGdCbUFHOEFjZ0J0QUMwQVl3QnZBRzRBZEFCeUFHOEFiQUF1QUc0QVp3QXRBR2tBYmdCMkFHRUFiQUJwQUdRQUxnQnVBR2NBTFFCcEFHNEFkZ0JoQUd3QWFRQmtBQzBBY2dCbEFIRUFkUUJwQUhJQVpRQmtBQzRBYmdCbkFDMEFaQUJwQUhJQWRBQjVBQ0lBTEFBaUFIUUFJZ0E2QUNJQVpRQjJBR1VBYmdCMEFDSUFmUUFzQUhzQUlnQnVBQ0lBT2dBaUFHTUFiQUJwQUdNQWF3QWlBQ3dBSWdCekFDSUFPZ0F6QURVQU5BQTFBREFBTEFBaUFHVUFJZ0E2QURNQU5RQTBBRFVBTVFBc0FDSUFid0FpQURvQUlnQmlBSFVBZEFCMEFHOEFiZ0F1QUdJQWRBQnVBQzRBWWdCMEFHNEFMUUJ3QUhJQWFRQnRBR0VBY2dCNUFDNEFZZ0IwQUc0QUxRQmlBR3dBYndCakFHc0FJZ0FzQUNJQWRBQWlBRG9BSWdCbEFIWUFaUUJ1QUhRQUlnQjlBQ3dBZXdBaUFHNEFJZ0E2QUNJQVl3QnNBR2tBWXdCckFDSUFMQUFpQUhNQUlnQTZBRE1BTlFBMEFEVUFNUUFzQUNJQVpRQWlBRG9BTXdBMUFEUUFOUUF4QUN3QUlnQnZBQ0lBT2dBaUFHSUFkUUIwQUhRQWJ3QnVBQzRBWWdCMEFHNEFMZ0JpQUhRQWJnQXRBSEFBY2dCcEFHMEFZUUJ5QUhrQUxnQmlBSFFBYmdBdEFHSUFiQUJ2QUdNQWF3QWlBQ3dBSWdCMEFDSUFPZ0FpQUdVQWRnQmxBRzRBZEFBaUFIMEFMQUI3QUNJQWJnQWlBRG9BSWdCakFHd0FhUUJqQUdzQUlnQXNBQ0lBY3dBaUFEb0FNd0ExQURRQU5RQXhBQ3dBSWdCbEFDSUFPZ0F6QURVQU5BQTFBRFlBTEFBaUFHOEFJZ0E2QUNJQVlnQjFBSFFBZEFCdkFHNEFMZ0JpQUhRQWJnQXVBR0lBZEFCdUFDMEFjQUJ5QUdrQWJRQmhBSElBZVFBdUFHSUFkQUJ1QUMwQVlnQnNBRzhBWXdCckFDSUFMQUFpQUhRQUlnQTZBQ0lBWlFCMkFHVUFiZ0IwQUNJQWZRQXNBSHNBSWdCdUFDSUFPZ0FpQUdNQWJBQnBBR01BYXdBaUFDd0FJZ0J6QUNJQU9nQXpBRFVBTkFBMUFEWUFMQUFpQUdVQUlnQTZBRE1BTlFBMEFEVUFOd0FzQUNJQWJ3QWlBRG9BSWdCaUFIVUFkQUIwQUc4QWJnQXVBR0lBZEFCdUFDNEFZZ0IwQUc0QUxRQndBSElBYVFCdEFHRUFjZ0I1QUM0QVlnQjBBRzRBTFFCaUFHd0Fid0JqQUdzQUlnQXNBQ0lBZEFBaUFEb0FJZ0JsQUhZQVpRQnVBSFFBSWdCOUFDd0Fld0FpQUc0QUlnQTZBQ0lBZEFCNUFIQUFhUUJ1QUdjQUlnQXNBQ0lBY3dBaUFEb0FNd0F4QURBQU5BQXhBQ3dBSWdCbEFDSUFPZ0F6QURFQU5BQTRBRGNBTEFBaUFHOEFJZ0E2QUNJQWFRQnVBSEFBZFFCMEFDTUFhUUJrQUY4QWNBQmhBSE1BY3dBdUFHWUFid0J5QUcwQUxRQmpBRzhBYmdCMEFISUFid0JzQUM0QWJnQm5BQzBBYVFCdUFIWUFZUUJzQUdrQVpBQXVBRzRBWndBdEFHa0FiZ0IyQUdFQWJBQnBBR1FBTFFCeUFHVUFjUUIxQUdrQWNnQmxBR1FBTGdCdUFHY0FMUUJrQUdrQWNnQjBBSGtBSWdBc0FDSUFkQUFpQURvQUlnQmxBSFlBWlFCdUFIUUFJZ0I5QUN3QWV3QWlBRzRBSWdBNkFDSUFkQUI1QUhBQWFRQnVBR2NBSWdBc0FDSUFjd0FpQURvQU13QXhBRGtBTWdBd0FDd0FJZ0JsQUNJQU9nQXpBRE1BT0FBMkFEQUFMQUFpQUc4QUlnQTZBQ0lBYVFCdUFIQUFkUUIwQUNNQWFRQmtBRjhBY0FCaEFITUFjd0F1QUdZQWJ3QnlBRzBBTFFCakFHOEFiZ0IwQUhJQWJ3QnNBQzRBYmdCbkFDMEFaQUJwQUhJQWRBQjVBQzRBYmdCbkFDMEFkZ0JoQUd3QWFRQmtBQzRBYmdCbkFDMEFkZ0JoQUd3QWFRQmtBQzBBY2dCbEFIRUFkUUJwQUhJQVpRQmtBQ0lBTEFBaUFIUUFJZ0E2QUNJQVpRQjJBR1VBYmdCMEFDSUFmUUFzQUhzQUlnQnVBQ0lBT2dBaUFIUUFlUUJ3QUdrQWJnQm5BQ0lBTEFBaUFITUFJZ0E2QURNQU5BQXdBRFlBTmdBc0FDSUFaUUFpQURvQU13QTBBREFBTndBd0FDd0FJZ0J2QUNJQU9nQWlBR2tBYmdCd0FIVUFkQUFqQUdrQVpBQmZBSEFBWVFCekFITUFMZ0JtQUc4QWNnQnRBQzBBWXdCdkFHNEFkQUJ5QUc4QWJBQXVBRzRBWndBdEFHUUFhUUJ5QUhRQWVRQXVBRzRBWndBdEFIWUFZUUJzQUdrQVpBQXVBRzRBWndBdEFIWUFZUUJzQUdrQVpBQXRBSElBWlFCeEFIVUFhUUJ5QUdVQVpBQWlBQ3dBSWdCMEFDSUFPZ0FpQUdVQWRnQmxBRzRBZEFBaUFIMEFMQUI3QUNJQWJnQWlBRG9BSWdCcEFHNEFjQUIxQUhRQUlnQXNBQ0lBY3dBaUFEb0FNd0F4QURRQU9BQTRBQ3dBSWdCbEFDSUFPZ0F6QURFQU5BQTVBRE1BTEFBaUFHOEFJZ0E2QUNJQWFRQnVBSEFBZFFCMEFDTUFhUUJrQUY4QWNBQmhBSE1BY3dBdUFHWUFid0J5QUcwQUxRQmpBRzhBYmdCMEFISUFid0JzQUM0QWJnQm5BQzBBWkFCcEFISUFkQUI1QUM0QWJnQm5BQzBBZGdCaEFHd0FhUUJrQUM0QWJnQm5BQzBBZGdCaEFHd0FhUUJrQUMwQWNnQmxBSEVBZFFCcEFISUFaUUJrQUNJQUxBQWlBSFFBSWdBNkFDSUFaUUIyQUdVQWJnQjBBQ0lBZlFBc0FIc0FJZ0J1QUNJQU9nQWlBR2tBYmdCd0FIVUFkQUFpQUN3QUlnQnpBQ0lBT2dBekFERUFPUUF5QURVQUxBQWlBR1VBSWdBNkFETUFNUUE1QURJQU5nQXNBQ0lBYndBaUFEb0FJZ0JwQUc0QWNBQjFBSFFBSXdCcEFHUUFYd0J3QUdFQWN3QnpBQzRBWmdCdkFISUFiUUF0QUdNQWJ3QnVBSFFBY2dCdkFHd0FMZ0J1QUdjQUxRQmtBR2tBY2dCMEFIa0FMZ0J1QUdjQUxRQjJBR0VBYkFCcEFHUUFMZ0J1QUdjQUxRQjJBR0VBYkFCcEFHUUFMUUJ5QUdVQWNRQjFBR2tBY2dCbEFHUUFJZ0FzQUNJQWRBQWlBRG9BSWdCbEFIWUFaUUJ1QUhRQUlnQjlBQ3dBZXdBaUFHNEFJZ0E2QUNJQWFRQnVBSEFBZFFCMEFDSUFMQUFpQUhNQUlnQTZBRE1BTWdBeEFESUFOd0FzQUNJQVpRQWlBRG9BTXdBeUFERUFNZ0E0QUN3QUlnQnZBQ0lBT2dBaUFHa0FiZ0J3QUhVQWRBQWpBR2tBWkFCZkFIQUFZUUJ6QUhNQUxnQm1BRzhBY2dCdEFDMEFZd0J2QUc0QWRBQnlBRzhBYkFBdUFHNEFad0F0QUdRQWFRQnlBSFFBZVFBdUFHNEFad0F0QUhZQVlRQnNBR2tBWkFBdUFHNEFad0F0QUhZQVlRQnNBR2tBWkFBdEFISUFaUUJ4QUhVQWFRQnlBR1VBWkFBaUFDd0FJZ0IwQUNJQU9nQWlBR1VBZGdCbEFHNEFkQUFpQUgwQUxBQjdBQ0lBYmdBaUFEb0FJZ0JwQUc0QWNBQjFBSFFBSWdBc0FDSUFjd0FpQURvQU13QXlBRElBTlFBekFDd0FJZ0JsQUNJQU9nQXpBRElBTWdBMUFEUUFMQUFpQUc4QUlnQTZBQ0lBYVFCdUFIQUFkUUIwQUNNQWFRQmtBRjhBY0FCaEFITUFjd0F1QUdZQWJ3QnlBRzBBTFFCakFHOEFiZ0IwQUhJQWJ3QnNBQzRBYmdCbkFDMEFaQUJwQUhJQWRBQjVBQzRBYmdCbkFDMEFkZ0JoQUd3QWFRQmtBQzRBYmdCbkFDMEFkZ0JoQUd3QWFRQmtBQzBBY2dCbEFIRUFkUUJwQUhJQVpRQmtBQ0lBTEFBaUFIUUFJZ0E2QUNJQVpRQjJBR1VBYmdCMEFDSUFmUUFzQUhzQUlnQnVBQ0lBT2dBaUFHa0FiZ0J3QUhVQWRBQWlBQ3dBSWdCekFDSUFPZ0F6QURJQU5BQXhBRE1BTEFBaUFHVUFJZ0E2QURNQU1nQTBBREVBTkFBc0FDSUFid0FpQURvQUlnQnBBRzRBY0FCMUFIUUFJd0JwQUdRQVh3QndBR0VBY3dCekFDNEFaZ0J2QUhJQWJRQXRBR01BYndCdUFIUUFjZ0J2QUd3QUxnQnVBR2NBTFFCa0FHa0FjZ0IwQUhrQUxnQnVBR2NBTFFCMkFHRUFiQUJwQUdRQUxnQnVBR2NBTFFCMkFHRUFiQUJwQUdRQUxRQnlBR1VBY1FCMUFHa0FjZ0JsQUdRQUlnQXNBQ0lBZEFBaUFEb0FJZ0JsQUhZQVpRQnVBSFFBSWdCOUFDd0Fld0FpQUc0QUlnQTZBQ0lBYVFCdUFIQUFkUUIwQUNJQUxBQWlBSE1BSWdBNkFETUFNZ0ExQURZQU53QXNBQ0lBWlFBaUFEb0FNd0F5QURVQU5nQTRBQ3dBSWdCdkFDSUFPZ0FpQUdrQWJnQndBSFVBZEFBakFHa0FaQUJmQUhBQVlRQnpBSE1BTGdCbUFHOEFjZ0J0QUMwQVl3QnZBRzRBZEFCeUFHOEFiQUF1QUc0QVp3QXRBR1FBYVFCeUFIUUFlUUF1QUc0QVp3QXRBSFlBWVFCc0FHa0FaQUF1QUc0QVp3QXRBSFlBWVFCc0FHa0FaQUF0QUhJQVpRQnhBSFVBYVFCeUFHVUFaQUFpQUN3QUlnQjBBQ0lBT2dBaUFHVUFkZ0JsQUc0QWRBQWlBSDBBTEFCN0FDSUFiZ0FpQURvQUlnQnBBRzRBY0FCMUFIUUFJZ0FzQUNJQWN3QWlBRG9BTXdBekFEQUFNZ0ExQUN3QUlnQmxBQ0lBT2dBekFETUFNQUF5QURVQUxBQWlBRzhBSWdBNkFDSUFhUUJ1QUhBQWRRQjBBQ01BYVFCa0FGOEFjQUJoQUhNQWN3QXVBR1lBYndCeUFHMEFMUUJqQUc4QWJnQjBBSElBYndCc0FDNEFiZ0JuQUMwQVpBQnBBSElBZEFCNUFDNEFiZ0JuQUMwQWRnQmhBR3dBYVFCa0FDNEFiZ0JuQUMwQWRnQmhBR3dBYVFCa0FDMEFjZ0JsQUhFQWRRQnBBSElBWlFCa0FDSUFMQUFpQUhRQUlnQTZBQ0lBWlFCMkFHVUFiZ0IwQUNJQWZRQXNBSHNBSWdCdUFDSUFPZ0FpQUdrQWJnQndBSFVBZEFBaUFDd0FJZ0J6QUNJQU9nQXpBRE1BTXdBekFETUFMQUFpQUdVQUlnQTZBRE1BTXdBekFETUFOQUFzQUNJQWJ3QWlBRG9BSWdCcEFHNEFjQUIxQUhRQUl3QnBBR1FBWHdCd0FHRUFjd0J6QUM0QVpnQnZBSElBYlFBdEFHTUFid0J1QUhRQWNnQnZBR3dBTGdCdUFHY0FMUUJrQUdrQWNnQjBBSGtBTGdCdUFHY0FMUUIyQUdFQWJBQnBBR1FBTGdCdUFHY0FMUUIyQUdFQWJBQnBBR1FBTFFCeUFHVUFjUUIxQUdrQWNnQmxBR1FBSWdBc0FDSUFkQUFpQURvQUlnQmxBSFlBWlFCdUFIUUFJZ0I5QUN3QWV3QWlBRzRBSWdBNkFDSUFhUUJ1QUhBQWRRQjBBQ0lBTEFBaUFITUFJZ0E2QURNQU13QTFBRGdBT1FBc0FDSUFaUUFpQURvQU13QXpBRFVBT0FBNUFDd0FJZ0J2QUNJQU9nQWlBR2tBYmdCd0FIVUFkQUFqQUdrQVpBQmZBSEFBWVFCekFITUFMZ0JtQUc4QWNnQnRBQzBBWXdCdkFHNEFkQUJ5QUc4QWJBQXVBRzRBWndBdEFHUUFhUUJ5QUhRQWVRQXVBRzRBWndBdEFIWUFZUUJzQUdrQVpBQXVBRzRBWndBdEFIWUFZUUJzQUdrQVpBQXRBSElBWlFCeEFIVUFhUUJ5QUdVQVpBQWlBQ3dBSWdCMEFDSUFPZ0FpQUdVQWRnQmxBRzRBZEFBaUFIMEFMQUI3QUNJQWJnQWlBRG9BSWdCcEFHNEFjQUIxQUhRQUlnQXNBQ0lBY3dBaUFEb0FNd0F6QURnQU5nQXhBQ3dBSWdCbEFDSUFPZ0F6QURNQU9BQTJBRElBTEFBaUFHOEFJZ0E2QUNJQWFRQnVBSEFBZFFCMEFDTUFhUUJrQUY4QWNBQmhBSE1BY3dBdUFHWUFid0J5QUcwQUxRQmpBRzhBYmdCMEFISUFid0JzQUM0QWJnQm5BQzBBWkFCcEFISUFkQUI1QUM0QWJnQm5BQzBBZGdCaEFHd0FhUUJrQUM0QWJnQm5BQzBBZGdCaEFHd0FhUUJrQUMwQWNnQmxBSEVBZFFCcEFISUFaUUJrQUNJQUxBQWlBSFFBSWdBNkFDSUFaUUIyQUdVQWJnQjBBQ0lBZlFBc0FIc0FJZ0J1QUNJQU9nQWlBR2tBYmdCd0FIVUFkQUFpQUN3QUlnQnpBQ0lBT2dBekFEUUFNQUEzQURFQUxBQWlBR1VBSWdBNkFETUFOQUF3QURjQU1RQXNBQ0lBYndBaUFEb0FJZ0JwQUc0QWNBQjFBSFFBSXdCcEFHUUFYd0J3QUdFQWN3QnpBQzRBWmdCdkFISUFiUUF0QUdNQWJ3QnVBSFFBY2dCdkFHd0FMZ0J1QUdjQUxRQmtBR2tBY2dCMEFIa0FMZ0J1QUdjQUxRQjJBR0VBYkFCcEFHUUFMZ0J1QUdjQUxRQjJBR0VBYkFCcEFHUUFMUUJ5QUdVQWNRQjFBR2tBY2dCbEFHUUFJZ0FzQUNJQWRBQWlBRG9BSWdCbEFIWUFaUUJ1QUhRQUlnQjlBQ3dBZXdBaUFHNEFJZ0E2QUNJQVl3Qm9BR0VBYmdCbkFHVUFJZ0FzQUNJQWN3QWlBRG9BTXdBMUFETUFPQUE0QUN3QUlnQmxBQ0lBT2dBekFEVUFNd0E0QURnQUxBQWlBRzhBSWdBNkFDSUFhUUJ1QUhBQWRRQjBBQ01BYVFCa0FGOEFjQUJoQUhNQWN3QXVBR1lBYndCeUFHMEFMUUJqQUc4QWJnQjBBSElBYndCc0FDNEFiZ0JuQUMwQVpBQnBBSElBZEFCNUFDNEFiZ0JuQUMwQWRnQmhBR3dBYVFCa0FDNEFiZ0JuQUMwQWRnQmhBR3dBYVFCa0FDMEFjZ0JsQUhFQWRRQnBBSElBWlFCa0FDSUFMQUFpQUhRQUlnQTZBQ0lBWlFCMkFHVUFiZ0IwQUNJQWZRQXNBSHNBSWdCdUFDSUFPZ0FpQUhNQWRRQmlBRzBBYVFCMEFDSUFMQUFpQUhNQUlnQTZBRE1BTlFBMEFEWUFNUUFzQUNJQVpRQWlBRG9BTXdBMUFEUUFOZ0F4QUN3QUlnQnZBQ0lBT2dBaUFHWUFid0J5QUcwQUxnQnVBR2NBTFFCa0FHa0FjZ0IwQUhrQUxnQnVBR2NBTFFCMkFHRUFiQUJwQUdRQUxnQnVBR2NBTFFCMkFHRUFiQUJwQUdRQUxRQnlBR1VBY1FCMUFHa0FjZ0JsQUdRQUlnQXNBQ0lBZEFBaUFEb0FJZ0JsQUhZQVpRQnVBSFFBSWdCOUFDd0Fld0FpQUc0QUlnQTZBQ0lBY3dCMUFHSUFiUUJwQUhRQUlnQXNBQ0lBY3dBaUFEb0FNd0ExQURRQU5nQXlBQ3dBSWdCbEFDSUFPZ0F6QURVQU5BQTNBRFFBTEFBaUFHOEFJZ0E2QUNJQVpnQnZBSElBYlFBdUFHNEFad0F0QUdRQWFRQnlBSFFBZVFBdUFHNEFad0F0QUhZQVlRQnNBR2tBWkFBdUFHNEFad0F0QUhZQVlRQnNBR2tBWkFBdEFISUFaUUJ4QUhVQWFRQnlBR1VBWkFBaUFDd0FJZ0IwQUNJQU9nQWlBR1VBZGdCbEFHNEFkQUFpQUgwQUxBQjdBQ0lBYmdBaUFEb0FJZ0J5QUdVQWNRQjFBR1VBY3dCMEFFRUFiZ0JwQUcwQVlRQjBBR2tBYndCdUFFWUFjZ0JoQUcwQVpRQWlBQ3dBSWdCekFDSUFPZ0F6QURVQU5BQTVBRElBTEFBaUFHVUFJZ0E2QURNQU5RQTBBRGtBTlFBc0FDSUFid0FpQURvQUlnQjNBR2tBYmdCa0FHOEFkd0FpQUN3QUlnQjBBQ0lBT2dBaUFISUFaUUJ4QUhVQVpRQnpBSFFBUVFCdUFHa0FiUUJoQUhRQWFRQnZBRzRBUmdCeUFHRUFiUUJsQUNJQWZRQXNBSHNBSWdCdUFDSUFPZ0FpQUhRQWNnQmhBRzRBY3dCcEFIUUFhUUJ2QUc0QVpRQnVBR1FBSWdBc0FDSUFjd0FpQURvQU13QTFBRGdBTVFBM0FDd0FJZ0JsQUNJQU9nQXpBRFVBT0FBeEFEa0FMQUFpQUc4QUlnQTZBQ0lBWkFCcEFIWUFMZ0JqQUdjQUxRQmlBSFVBY3dCNUFDNEFZd0JuQUMwQVlnQjFBSE1BZVFBdEFHRUFiZ0JwQUcwQVlRQjBBR2tBYndCdUFDNEFiZ0JuQUMwQWN3QmpBRzhBY0FCbEFDSUFMQUFpQUhRQUlnQTZBQ0lBWlFCMkFHVUFiZ0IwQUNJQWZRQXNBSHNBSWdCdUFDSUFPZ0FpQUhNQVl3QnlBR2tBY0FCMEFDSUFMQUFpQUhNQUlnQTZBREVBTndBd0FEWUFNd0FzQUNJQVpRQWlBRG9BTVFBM0FEQUFOZ0F6QUN3QUlnQnZBQ0lBT2dBaUFHZ0FkQUIwQUhBQWN3QTZBQzhBTHdCdEFHRUFjQUJ6QUM0QVp3QnZBRzhBWndCc0FHVUFZUUJ3QUdrQWN3QXVBR01BYndCdEFEb0FOQUEwQURNQUx3QnRBR0VBY0FCekFDMEFZUUJ3QUdrQUxRQjJBRE1BTHdCaEFIQUFhUUF2QUdvQWN3QXZBRElBTWdBdkFERUFOUUF2QUhNQWRBQmhBSFFBY3dBdUFHb0Fjd0FpQUN3QUlnQjBBQ0lBT2dBaUFISUFaUUJ6QUc4QWRRQnlBR01BWlFBaUFIMEFMQUI3QUNJQWJnQWlBRG9BSWdCNEFHMEFiQUJvQUhRQWRBQndBSElBWlFCeEFIVUFaUUJ6QUhRQUlnQXNBQ0lBY3dBaUFEb0FNUUEzQURjQU9BQTJBQ3dBSWdCbEFDSUFPZ0F4QURjQU9RQXhBRE1BTEFBaUFHOEFJZ0E2QUNJQWFBQjBBSFFBY0FCekFEb0FMd0F2QUdJQVlRQnRBQzRBYmdCeUFDMEFaQUJoQUhRQVlRQXVBRzRBWlFCMEFEb0FOQUEwQURNQUx3QnlBR1VBY3dCdkFIVUFjZ0JqQUdVQWN3QXZBREVBTHdCbEFEUUFaZ0EyQURNQVpBQmhBRFlBTXdBM0FDSUFMQUFpQUhRQUlnQTZBQ0lBY2dCbEFITUFid0IxQUhJQVl3QmxBQ0lBZlFBc0FIc0FJZ0J1QUNJQU9nQWlBSGdBYlFCc0FHZ0FkQUIwQUhBQWNnQmxBSEVBZFFCbEFITUFkQUFpQUN3QUlnQnpBQ0lBT2dBekFEVUFOQUE0QURNQUxBQWlBR1VBSWdBNkFEQUFMQUFpQUc4QUlnQTZBQ0lBYUFCMEFIUUFjQUJ6QURvQUx3QXZBSE1BZEFCaEFHY0FhUUJ1QUdjQWNBQnlBR1VBWkFCcEFHTUFkQUExQUM0QWFRQnVBR1lBYkFCMUFHVUFiZ0JqQUdVQWFBQmxBR0VBYkFCMEFHZ0FMZ0JqQUc4QWJRQTZBRE1BTUFBd0FEQUFMd0J3QUhJQVpRQmtBR2tBWXdCMEFDOEFkZ0F4QUM4QVl3QnNBR2tBWlFCdUFIUUFjd0F2QUhVQWJnQnBBSFlBWlFCeUFITUFhUUIwQUhrQVl3QnZBR3dBYndCeUFHRUFaQUJ2QUM4QVlRQjFBSFFBYUFCVUFHOEFhd0JsQUc0QUlnQXNBQ0lBZEFBaUFEb0FJZ0J5QUdVQWN3QnZBSFVBY2dCakFHVUFJZ0I5QUYwQWZRQT08L1N0cmluZ0h0dHBCb2R5Pg0KICAgIDwvUmVxdWVzdD4NCiAgICA8UmVxdWVzdCBNZXRob2Q9IkdFVCIgR3VpZD0iODk4ZGVjYzctYjAwNy00OTI5LWFjZjYtNmViNzI4NTI4NTExIiBWZXJzaW9uPSIxLjEiIFVybD0ie3tVSVNlcnZlclVSTH19LyRtb2R1bGUvbW9kdWxlcy9hY2NvdW50cyIgVGhpbmtUaW1lPSIwIiBUaW1lb3V0PSIzMDAiIFBhcnNlRGVwZW5kZW50UmVxdWVzdHM9IlRydWUiIEZvbGxvd1JlZGlyZWN0cz0iVHJ1ZSIgUmVjb3JkUmVzdWx0PSJUcnVlIiBDYWNoZT0iRmFsc2UiIFJlc3BvbnNlVGltZUdvYWw9IjAiIEVuY29kaW5nPSJ1dGYtOCIgRXhwZWN0ZWRIdHRwU3RhdHVzQ29kZT0iMCIgRXhwZWN0ZWRSZXNwb25zZVVybD0iIiBSZXBvcnRpbmdOYW1lPSIiIElnbm9yZUh0dHBTdGF0dXNDb2RlPSJGYWxzZSI+DQogICAgICA8SGVhZGVycz4NCiAgICAgICAgPEhlYWRlciBOYW1lPSJBY2NlcHQiIFZhbHVlPSIqLyoiIC8+DQogICAgICAgIDxIZWFkZXIgTmFtZT0iWC1SZXF1ZXN0ZWQtV2l0aCIgVmFsdWU9IlhNTEh0dHBSZXF1ZXN0IiAvPg0KICAgICAgICA8SGVhZGVyIE5hbWU9IlJlZmVyZXIiIFZhbHVlPSJ7e1VJU2VydmVyVVJMfX0vdW5pdmVyc2l0eWNvbG9yYWRvL2FjY291bnRzIiAvPg0KICAgICAgPC9IZWFkZXJzPg0KICAgICAgPFF1ZXJ5U3RyaW5nUGFyYW1ldGVycz4NCiAgICAgICAgPFF1ZXJ5U3RyaW5nUGFyYW1ldGVyIE5hbWU9Il8iIFZhbHVlPSIxNDU2MTM5MzA3ODc1IiBSZWNvcmRlZFZhbHVlPSIxNDU2MTM5MzA3ODc1IiBDb3JyZWxhdGlvbkJpbmRpbmc9IiIgVXJsRW5jb2RlPSJGYWxzZSIgVXNlVG9Hcm91cFJlc3VsdHM9IkZhbHNlIiAvPg0KICAgICAgPC9RdWVyeVN0cmluZ1BhcmFtZXRlcnM+DQogICAgPC9SZXF1ZXN0Pg0KICAgIDxSZXF1ZXN0IE1ldGhvZD0iR0VUIiBHdWlkPSJlZWQ0OTQwZi04YmNjLTQ1NGItOWIwOS02Y2IyMDA5ZTBlZDkiIFZlcnNpb249IjEuMSIgVXJsPSJ7e1VJU2VydmVyVVJMfX0vbW9kdWxlcy9hY2NvdW50cy9pbmRleC5odG1sIiBUaGlua1RpbWU9IjAiIFRpbWVvdXQ9IjMwMCIgUGFyc2VEZXBlbmRlbnRSZXF1ZXN0cz0iVHJ1ZSIgRm9sbG93UmVkaXJlY3RzPSJUcnVlIiBSZWNvcmRSZXN1bHQ9IlRydWUiIENhY2hlPSJGYWxzZSIgUmVzcG9uc2VUaW1lR29hbD0iMCIgRW5jb2Rpbmc9InV0Zi04IiBFeHBlY3RlZEh0dHBTdGF0dXNDb2RlPSIwIiBFeHBlY3RlZFJlc3BvbnNlVXJsPSIiIFJlcG9ydGluZ05hbWU9IiIgSWdub3JlSHR0cFN0YXR1c0NvZGU9IkZhbHNlIj4NCiAgICAgIDxIZWFkZXJzPg0KICAgICAgICA8SGVhZGVyIE5hbWU9IkFjY2VwdCIgVmFsdWU9InRleHQvaHRtbCwgKi8qOyBxPTAuMDEiIC8+DQogICAgICAgIDxIZWFkZXIgTmFtZT0iWC1SZXF1ZXN0ZWQtV2l0aCIgVmFsdWU9IlhNTEh0dHBSZXF1ZXN0IiAvPg0KICAgICAgICA8SGVhZGVyIE5hbWU9IlJlZmVyZXIiIFZhbHVlPSJ7e1VJU2VydmVyVVJMfX0vdW5pdmVyc2l0eWNvbG9yYWRvL2FjY291bnRzIiAvPg0KICAgICAgPC9IZWFkZXJzPg0KICAgICAgPFF1ZXJ5U3RyaW5nUGFyYW1ldGVycz4NCiAgICAgICAgPFF1ZXJ5U3RyaW5nUGFyYW1ldGVyIE5hbWU9Il8iIFZhbHVlPSIxNDU2MTM5MzA3ODc3IiBSZWNvcmRlZFZhbHVlPSIxNDU2MTM5MzA3ODc3IiBDb3JyZWxhdGlvbkJpbmRpbmc9IiIgVXJsRW5jb2RlPSJGYWxzZSIgVXNlVG9Hcm91cFJlc3VsdHM9IkZhbHNlIiAvPg0KICAgICAgPC9RdWVyeVN0cmluZ1BhcmFtZXRlcnM+DQogICAgPC9SZXF1ZXN0Pg0KICAgIDxSZXF1ZXN0IE1ldGhvZD0iR0VUIiBHdWlkPSI5ZWJmYzZmNS0yM2I4LTQxMDAtYTVjMy1lNjg5MDc0ZTY4MmQiIFZlcnNpb249IjEuMSIgVXJsPSJ7e0FQSVNlcnZlclVSTH19L3ByZWRpY3QvdjEvY2xpZW50cy91bml2ZXJzaXR5Y29sb3JhZG8vbGlzdGNsaWVudHMiIFRoaW5rVGltZT0iMCIgVGltZW91dD0iMzAwIiBQYXJzZURlcGVuZGVudFJlcXVlc3RzPSJUcnVlIiBGb2xsb3dSZWRpcmVjdHM9IlRydWUiIFJlY29yZFJlc3VsdD0iVHJ1ZSIgQ2FjaGU9IkZhbHNlIiBSZXNwb25zZVRpbWVHb2FsPSIwIiBFbmNvZGluZz0idXRmLTgiIEV4cGVjdGVkSHR0cFN0YXR1c0NvZGU9IjAiIEV4cGVjdGVkUmVzcG9uc2VVcmw9IiIgUmVwb3J0aW5nTmFtZT0iIiBJZ25vcmVIdHRwU3RhdHVzQ29kZT0iRmFsc2UiPg0KICAgICAgPEhlYWRlcnM+DQogICAgICAgIDxIZWFkZXIgTmFtZT0iQWNjZXB0IiBWYWx1ZT0iYXBwbGljYXRpb24vanNvbiwgdGV4dC9wbGFpbiwgKi8qIiAvPg0KICAgICAgICA8SGVhZGVyIE5hbWU9IlJlZmVyZXIiIFZhbHVlPSJ7e1VJU2VydmVyVVJMfX0vdW5pdmVyc2l0eWNvbG9yYWRvL2FjY291bnRzIiAvPg0KICAgICAgPC9IZWFkZXJzPg0KICAgICAgPFF1ZXJ5U3RyaW5nUGFyYW1ldGVycz4NCiAgICAgICAgPFF1ZXJ5U3RyaW5nUGFyYW1ldGVyIE5hbWU9IklkIiBWYWx1ZT0idW5pdmVyc2l0eWNvbG9yYWRvIiBSZWNvcmRlZFZhbHVlPSJ1bml2ZXJzaXR5Y29sb3JhZG8iIENvcnJlbGF0aW9uQmluZGluZz0iIiBVcmxFbmNvZGU9IkZhbHNlIiBVc2VUb0dyb3VwUmVzdWx0cz0iRmFsc2UiIC8+DQogICAgICA8L1F1ZXJ5U3RyaW5nUGFyYW1ldGVycz4NCiAgICA8L1JlcXVlc3Q+DQogICAgPFJlcXVlc3QgTWV0aG9kPSJHRVQiIEd1aWQ9IjBlNDIwNzZhLTI1ZGMtNDQyYS1hZWU3LWZlOTUwM2EwODE3MCIgVmVyc2lvbj0iMS4xIiBVcmw9Int7VUlTZXJ2ZXJVUkx9fS9tb2R1bGVzL2FjY291bnRzL3ZpZXdzL2Nob29zZS1jb250ZXh0Lmh0bWwiIFRoaW5rVGltZT0iMCIgVGltZW91dD0iMzAwIiBQYXJzZURlcGVuZGVudFJlcXVlc3RzPSJUcnVlIiBGb2xsb3dSZWRpcmVjdHM9IlRydWUiIFJlY29yZFJlc3VsdD0iVHJ1ZSIgQ2FjaGU9IkZhbHNlIiBSZXNwb25zZVRpbWVHb2FsPSIwIiBFbmNvZGluZz0idXRmLTgiIEV4cGVjdGVkSHR0cFN0YXR1c0NvZGU9IjAiIEV4cGVjdGVkUmVzcG9uc2VVcmw9IiIgUmVwb3J0aW5nTmFtZT0iIiBJZ25vcmVIdHRwU3RhdHVzQ29kZT0iRmFsc2UiPg0KICAgICAgPEhlYWRlcnM+DQogICAgICAgIDxIZWFkZXIgTmFtZT0iQWNjZXB0IiBWYWx1ZT0idGV4dC9odG1sLCAqLyo7IHE9MC4wMSIgLz4NCiAgICAgICAgPEhlYWRlciBOYW1lPSJYLVJlcXVlc3RlZC1XaXRoIiBWYWx1ZT0iWE1MSHR0cFJlcXVlc3QiIC8+DQogICAgICAgIDxIZWFkZXIgTmFtZT0iUmVmZXJlciIgVmFsdWU9Int7VUlTZXJ2ZXJVUkx9fS91bml2ZXJzaXR5Y29sb3JhZG8vYWNjb3VudHMiIC8+DQogICAgICA8L0hlYWRlcnM+DQogICAgICA8UXVlcnlTdHJpbmdQYXJhbWV0ZXJzPg0KICAgICAgICA8UXVlcnlTdHJpbmdQYXJhbWV0ZXIgTmFtZT0iXyIgVmFsdWU9IjE0NTYxMzkzMDc4NzgiIFJlY29yZGVkVmFsdWU9IjE0NTYxMzkzMDc4NzgiIENvcnJlbGF0aW9uQmluZGluZz0iIiBVcmxFbmNvZGU9IkZhbHNlIiBVc2VUb0dyb3VwUmVzdWx0cz0iRmFsc2UiIC8+DQogICAgICA8L1F1ZXJ5U3RyaW5nUGFyYW1ldGVycz4NCiAgICA8L1JlcXVlc3Q+DQogICAgPFJlcXVlc3QgTWV0aG9kPSJHRVQiIEd1aWQ9ImI5MGJkOGY0LTA0YjQtNGFiZS05MWNmLTdjYWZiZDk3ZWRkMiIgVmVyc2lvbj0iMS4xIiBVcmw9Int7VUlTZXJ2ZXJVUkx9fS8kbW9kdWxlL2xheW91dHMvYmFzZSIgVGhpbmtUaW1lPSIwIiBUaW1lb3V0PSIzMDAiIFBhcnNlRGVwZW5kZW50UmVxdWVzdHM9IlRydWUiIEZvbGxvd1JlZGlyZWN0cz0iVHJ1ZSIgUmVjb3JkUmVzdWx0PSJUcnVlIiBDYWNoZT0iRmFsc2UiIFJlc3BvbnNlVGltZUdvYWw9IjAiIEVuY29kaW5nPSJ1dGYtOCIgRXhwZWN0ZWRIdHRwU3RhdHVzQ29kZT0iMCIgRXhwZWN0ZWRSZXNwb25zZVVybD0iIiBSZXBvcnRpbmdOYW1lPSIiIElnbm9yZUh0dHBTdGF0dXNDb2RlPSJGYWxzZSI+DQogICAgICA8SGVhZGVycz4NCiAgICAgICAgPEhlYWRlciBOYW1lPSJBY2NlcHQiIFZhbHVlPSIqLyoiIC8+DQogICAgICAgIDxIZWFkZXIgTmFtZT0iWC1SZXF1ZXN0ZWQtV2l0aCIgVmFsdWU9IlhNTEh0dHBSZXF1ZXN0IiAvPg0KICAgICAgICA8SGVhZGVyIE5hbWU9IlJlZmVyZXIiIFZhbHVlPSJ7e1VJU2VydmVyVVJMfX0vdW5pdmVyc2l0eWNvbG9yYWRvIiAvPg0KICAgICAgPC9IZWFkZXJzPg0KICAgICAgPFF1ZXJ5U3RyaW5nUGFyYW1ldGVycz4NCiAgICAgICAgPFF1ZXJ5U3RyaW5nUGFyYW1ldGVyIE5hbWU9Il8iIFZhbHVlPSIxNDU2MTM5MzA3ODc5IiBSZWNvcmRlZFZhbHVlPSIxNDU2MTM5MzA3ODc5IiBDb3JyZWxhdGlvbkJpbmRpbmc9IiIgVXJsRW5jb2RlPSJGYWxzZSIgVXNlVG9Hcm91cFJlc3VsdHM9IkZhbHNlIiAvPg0KICAgICAgPC9RdWVyeVN0cmluZ1BhcmFtZXRlcnM+DQogICAgPC9SZXF1ZXN0Pg0KICAgIDxSZXF1ZXN0IE1ldGhvZD0iR0VUIiBHdWlkPSIyN2EyZGE1Zi0yZjcyLTQ2MWEtYWQyOC00ZTgwMGIwMDZmMTIiIFZlcnNpb249IjEuMSIgVXJsPSJ7e1VJU2VydmVyVVJMfX0vbGF5b3V0cy9iYXNlL2luZGV4Lmh0bWwiIFRoaW5rVGltZT0iMCIgVGltZW91dD0iMzAwIiBQYXJzZURlcGVuZGVudFJlcXVlc3RzPSJUcnVlIiBGb2xsb3dSZWRpcmVjdHM9IlRydWUiIFJlY29yZFJlc3VsdD0iVHJ1ZSIgQ2FjaGU9IkZhbHNlIiBSZXNwb25zZVRpbWVHb2FsPSIwIiBFbmNvZGluZz0idXRmLTgiIEV4cGVjdGVkSHR0cFN0YXR1c0NvZGU9IjAiIEV4cGVjdGVkUmVzcG9uc2VVcmw9IiIgUmVwb3J0aW5nTmFtZT0iIiBJZ25vcmVIdHRwU3RhdHVzQ29kZT0iRmFsc2UiPg0KICAgICAgPEhlYWRlcnM+DQogICAgICAgIDxIZWFkZXIgTmFtZT0iQWNjZXB0IiBWYWx1ZT0idGV4dC9odG1sLCAqLyo7IHE9MC4wMSIgLz4NCiAgICAgICAgPEhlYWRlciBOYW1lPSJYLVJlcXVlc3RlZC1XaXRoIiBWYWx1ZT0iWE1MSHR0cFJlcXVlc3QiIC8+DQogICAgICAgIDxIZWFkZXIgTmFtZT0iUmVmZXJlciIgVmFsdWU9Int7VUlTZXJ2ZXJVUkx9fS91bml2ZXJzaXR5Y29sb3JhZG8iIC8+DQogICAgICA8L0hlYWRlcnM+DQogICAgICA8UXVlcnlTdHJpbmdQYXJhbWV0ZXJzPg0KICAgICAgICA8UXVlcnlTdHJpbmdQYXJhbWV0ZXIgTmFtZT0iXyIgVmFsdWU9IjE0NTYxMzkzMDc4ODEiIFJlY29yZGVkVmFsdWU9IjE0NTYxMzkzMDc4ODEiIENvcnJlbGF0aW9uQmluZGluZz0iIiBVcmxFbmNvZGU9IkZhbHNlIiBVc2VUb0dyb3VwUmVzdWx0cz0iRmFsc2UiIC8+DQogICAgICA8L1F1ZXJ5U3RyaW5nUGFyYW1ldGVycz4NCiAgICA8L1JlcXVlc3Q+DQogICAgPFJlcXVlc3QgTWV0aG9kPSJHRVQiIEd1aWQ9ImQ2OWYzNzA0LTkxYTQtNDVlZS1hZTUxLTlmMWM3YjdlMzRmZiIgVmVyc2lvbj0iMS4xIiBVcmw9Int7QVBJU2VydmVyVVJMfX0vcHJlZGljdC92MS9sb25nUnVubmluZ1Rhc2tzIiBUaGlua1RpbWU9IjAiIFRpbWVvdXQ9IjMwMCIgUGFyc2VEZXBlbmRlbnRSZXF1ZXN0cz0iVHJ1ZSIgRm9sbG93UmVkaXJlY3RzPSJUcnVlIiBSZWNvcmRSZXN1bHQ9IlRydWUiIENhY2hlPSJGYWxzZSIgUmVzcG9uc2VUaW1lR29hbD0iMCIgRW5jb2Rpbmc9InV0Zi04IiBFeHBlY3RlZEh0dHBTdGF0dXNDb2RlPSIwIiBFeHBlY3RlZFJlc3BvbnNlVXJsPSIiIFJlcG9ydGluZ05hbWU9IiIgSWdub3JlSHR0cFN0YXR1c0NvZGU9IkZhbHNlIj4NCiAgICAgIDxIZWFkZXJzPg0KICAgICAgICA8SGVhZGVyIE5hbWU9IkFjY2VwdCIgVmFsdWU9ImFwcGxpY2F0aW9uL2pzb24sIHRleHQvcGxhaW4sICovKiIgLz4NCiAgICAgICAgPEhlYWRlciBOYW1lPSJSZWZlcmVyIiBWYWx1ZT0ie3tVSVNlcnZlclVSTH19L3VuaXZlcnNpdHljb2xvcmFkbyIgLz4NCiAgICAgIDwvSGVhZGVycz4NCiAgICA8L1JlcXVlc3Q+DQogICAgPFJlcXVlc3QgTWV0aG9kPSJHRVQiIEd1aWQ9ImFkYmNmMzVmLTBmZWYtNDMzNC05NTRhLWZjOGU2MzlkZTA5OSIgVmVyc2lvbj0iMS4xIiBVcmw9Int7VUlTZXJ2ZXJVUkx9fS8kbW9kdWxlL21vZHVsZXMvaG9tZSIgVGhpbmtUaW1lPSIwIiBUaW1lb3V0PSIzMDAiIFBhcnNlRGVwZW5kZW50UmVxdWVzdHM9IlRydWUiIEZvbGxvd1JlZGlyZWN0cz0iVHJ1ZSIgUmVjb3JkUmVzdWx0PSJUcnVlIiBDYWNoZT0iRmFsc2UiIFJlc3BvbnNlVGltZUdvYWw9IjAiIEVuY29kaW5nPSJ1dGYtOCIgRXhwZWN0ZWRIdHRwU3RhdHVzQ29kZT0iMCIgRXhwZWN0ZWRSZXNwb25zZVVybD0iIiBSZXBvcnRpbmdOYW1lPSIiIElnbm9yZUh0dHBTdGF0dXNDb2RlPSJGYWxzZSI+DQogICAgICA8SGVhZGVycz4NCiAgICAgICAgPEhlYWRlciBOYW1lPSJBY2NlcHQiIFZhbHVlPSIqLyoiIC8+DQogICAgICAgIDxIZWFkZXIgTmFtZT0iWC1SZXF1ZXN0ZWQtV2l0aCIgVmFsdWU9IlhNTEh0dHBSZXF1ZXN0IiAvPg0KICAgICAgICA8SGVhZGVyIE5hbWU9IlJlZmVyZXIiIFZhbHVlPSJ7e1VJU2VydmVyVVJMfX0vdW5pdmVyc2l0eWNvbG9yYWRvIiAvPg0KICAgICAgPC9IZWFkZXJzPg0KICAgICAgPFF1ZXJ5U3RyaW5nUGFyYW1ldGVycz4NCiAgICAgICAgPFF1ZXJ5U3RyaW5nUGFyYW1ldGVyIE5hbWU9Il8iIFZhbHVlPSIxNDU2MTM5MzA3ODgyIiBSZWNvcmRlZFZhbHVlPSIxNDU2MTM5MzA3ODgyIiBDb3JyZWxhdGlvbkJpbmRpbmc9IiIgVXJsRW5jb2RlPSJGYWxzZSIgVXNlVG9Hcm91cFJlc3VsdHM9IkZhbHNlIiAvPg0KICAgICAgPC9RdWVyeVN0cmluZ1BhcmFtZXRlcnM+DQogICAgPC9SZXF1ZXN0Pg0KICAgIDxSZXF1ZXN0IE1ldGhvZD0iR0VUIiBHdWlkPSJmOWJkMzI4MC05NGRlLTQ0YjQtODBjYy1iOWNkMDc2NGNlOWIiIFZlcnNpb249IjEuMSIgVXJsPSJ7e1VJU2VydmVyVVJMfX0vdGVtcGxhdGVzL2Jhc2ljL2l1aS1wb3J0YWwtbG9nby5odG1sIiBUaGlua1RpbWU9IjAiIFRpbWVvdXQ9IjMwMCIgUGFyc2VEZXBlbmRlbnRSZXF1ZXN0cz0iVHJ1ZSIgRm9sbG93UmVkaXJlY3RzPSJUcnVlIiBSZWNvcmRSZXN1bHQ9IlRydWUiIENhY2hlPSJGYWxzZSIgUmVzcG9uc2VUaW1lR29hbD0iMCIgRW5jb2Rpbmc9InV0Zi04IiBFeHBlY3RlZEh0dHBTdGF0dXNDb2RlPSIwIiBFeHBlY3RlZFJlc3BvbnNlVXJsPSIiIFJlcG9ydGluZ05hbWU9IiIgSWdub3JlSHR0cFN0YXR1c0NvZGU9IkZhbHNlIj4NCiAgICAgIDxIZWFkZXJzPg0KICAgICAgICA8SGVhZGVyIE5hbWU9IkFjY2VwdCIgVmFsdWU9ImFwcGxpY2F0aW9uL2pzb24sIHRleHQvcGxhaW4sICovKiIgLz4NCiAgICAgICAgPEhlYWRlciBOYW1lPSJSZWZlcmVyIiBWYWx1ZT0ie3tVSVNlcnZlclVSTH19L3VuaXZlcnNpdHljb2xvcmFkbyIgLz4NCiAgICAgIDwvSGVhZGVycz4NCiAgICA8L1JlcXVlc3Q+DQogICAgPFJlcXVlc3QgTWV0aG9kPSJHRVQiIEd1aWQ9IjQzYTBhOGRkLTZiNjMtNDFhNy04YTA2LTUwZDM2NTBmZDE0OCIgVmVyc2lvbj0iMS4xIiBVcmw9Int7VUlTZXJ2ZXJVUkx9fS9sYXlvdXRzL2Jhc2Uvc2VsZWN0LWNvbnRleHQuaHRtbCIgVGhpbmtUaW1lPSIwIiBUaW1lb3V0PSIzMDAiIFBhcnNlRGVwZW5kZW50UmVxdWVzdHM9IlRydWUiIEZvbGxvd1JlZGlyZWN0cz0iVHJ1ZSIgUmVjb3JkUmVzdWx0PSJUcnVlIiBDYWNoZT0iRmFsc2UiIFJlc3BvbnNlVGltZUdvYWw9IjAiIEVuY29kaW5nPSJ1dGYtOCIgRXhwZWN0ZWRIdHRwU3RhdHVzQ29kZT0iMCIgRXhwZWN0ZWRSZXNwb25zZVVybD0iIiBSZXBvcnRpbmdOYW1lPSIiIElnbm9yZUh0dHBTdGF0dXNDb2RlPSJGYWxzZSI+DQogICAgICA8SGVhZGVycz4NCiAgICAgICAgPEhlYWRlciBOYW1lPSJBY2NlcHQiIFZhbHVlPSJhcHBsaWNhdGlvbi9qc29uLCB0ZXh0L3BsYWluLCAqLyoiIC8+DQogICAgICAgIDxIZWFkZXIgTmFtZT0iUmVmZXJlciIgVmFsdWU9Int7VUlTZXJ2ZXJVUkx9fS91bml2ZXJzaXR5Y29sb3JhZG8iIC8+DQogICAgICA8L0hlYWRlcnM+DQogICAgPC9SZXF1ZXN0Pg0KICAgIDxSZXF1ZXN0IE1ldGhvZD0iR0VUIiBHdWlkPSI5ODI0MDkxMS05YzI3LTQ0MzUtODE1ZC1hMGUyMDgwNWQ0OTUiIFZlcnNpb249IjEuMSIgVXJsPSJ7e1VJU2VydmVyVVJMfX0vbGF5b3V0cy9iYXNlL3NlY29uZGFyeS1zaWRlYmFyLW5hdmlnYXRpb24uaHRtbCIgVGhpbmtUaW1lPSIxIiBUaW1lb3V0PSIzMDAiIFBhcnNlRGVwZW5kZW50UmVxdWVzdHM9IlRydWUiIEZvbGxvd1JlZGlyZWN0cz0iVHJ1ZSIgUmVjb3JkUmVzdWx0PSJUcnVlIiBDYWNoZT0iRmFsc2UiIFJlc3BvbnNlVGltZUdvYWw9IjAiIEVuY29kaW5nPSJ1dGYtOCIgRXhwZWN0ZWRIdHRwU3RhdHVzQ29kZT0iMCIgRXhwZWN0ZWRSZXNwb25zZVVybD0iIiBSZXBvcnRpbmdOYW1lPSIiIElnbm9yZUh0dHBTdGF0dXNDb2RlPSJGYWxzZSI+DQogICAgICA8SGVhZGVycz4NCiAgICAgICAgPEhlYWRlciBOYW1lPSJBY2NlcHQiIFZhbHVlPSJhcHBsaWNhdGlvbi9qc29uLCB0ZXh0L3BsYWluLCAqLyoiIC8+DQogICAgICAgIDxIZWFkZXIgTmFtZT0iUmVmZXJlciIgVmFsdWU9Int7VUlTZXJ2ZXJVUkx9fS91bml2ZXJzaXR5Y29sb3JhZG8iIC8+DQogICAgICA8L0hlYWRlcnM+DQogICAgPC9SZXF1ZXN0Pg0KICAgIDxSZXF1ZXN0IE1ldGhvZD0iR0VUIiBHdWlkPSI4NWVmOGJlNS02MjY5LTQ2MWYtYmQxYi0wN2MxMGY2NGMwZmMiIFZlcnNpb249IjEuMSIgVXJsPSJ7e1VJU2VydmVyVVJMfX0vY3NzL2ZvbnRzL2ZvbnRhd2Vzb21lLXdlYmZvbnQuZW90IiBUaGlua1RpbWU9IjAiIFRpbWVvdXQ9IjMwMCIgUGFyc2VEZXBlbmRlbnRSZXF1ZXN0cz0iVHJ1ZSIgRm9sbG93UmVkaXJlY3RzPSJUcnVlIiBSZWNvcmRSZXN1bHQ9IlRydWUiIENhY2hlPSJGYWxzZSIgUmVzcG9uc2VUaW1lR29hbD0iMCIgRW5jb2Rpbmc9InV0Zi04IiBFeHBlY3RlZEh0dHBTdGF0dXNDb2RlPSIwIiBFeHBlY3RlZFJlc3BvbnNlVXJsPSIiIFJlcG9ydGluZ05hbWU9IiIgSWdub3JlSHR0cFN0YXR1c0NvZGU9IkZhbHNlIj4NCiAgICAgIDxIZWFkZXJzPg0KICAgICAgICA8SGVhZGVyIE5hbWU9IlJlZmVyZXIiIFZhbHVlPSJ7e1VJU2VydmVyVVJMfX0vdW5pdmVyc2l0eWNvbG9yYWRvL3Nlc3Npb24vbG9naW4iIC8+DQogICAgICA8L0hlYWRlcnM+DQogICAgICA8UXVlcnlTdHJpbmdQYXJhbWV0ZXJzPg0KICAgICAgICA8UXVlcnlTdHJpbmdQYXJhbWV0ZXIgTmFtZT0iIiBWYWx1ZT0iIiBSZWNvcmRlZFZhbHVlPSIiIENvcnJlbGF0aW9uQmluZGluZz0iIiBVcmxFbmNvZGU9IkZhbHNlIiBVc2VUb0dyb3VwUmVzdWx0cz0iRmFsc2UiIC8+DQogICAgICA8L1F1ZXJ5U3RyaW5nUGFyYW1ldGVycz4NCiAgICA8L1JlcXVlc3Q+DQogICAgPFJlcXVlc3QgTWV0aG9kPSJHRVQiIEd1aWQ9IjBiMDEzNWQyLWY2ZmQtNDI2Zi1hYzJiLTc2NDgwMGE2NzlhYSIgVmVyc2lvbj0iMS4xIiBVcmw9Int7VUlTZXJ2ZXJVUkx9fS9tb2R1bGVzL2hvbWUvaW5kZXguaHRtbCIgVGhpbmtUaW1lPSIwIiBUaW1lb3V0PSIzMDAiIFBhcnNlRGVwZW5kZW50UmVxdWVzdHM9IlRydWUiIEZvbGxvd1JlZGlyZWN0cz0iVHJ1ZSIgUmVjb3JkUmVzdWx0PSJUcnVlIiBDYWNoZT0iRmFsc2UiIFJlc3BvbnNlVGltZUdvYWw9IjAiIEVuY29kaW5nPSJ1dGYtOCIgRXhwZWN0ZWRIdHRwU3RhdHVzQ29kZT0iMCIgRXhwZWN0ZWRSZXNwb25zZVVybD0iIiBSZXBvcnRpbmdOYW1lPSIiIElnbm9yZUh0dHBTdGF0dXNDb2RlPSJGYWxzZSI+DQogICAgICA8SGVhZGVycz4NCiAgICAgICAgPEhlYWRlciBOYW1lPSJBY2NlcHQiIFZhbHVlPSJ0ZXh0L2h0bWwsICovKjsgcT0wLjAxIiAvPg0KICAgICAgICA8SGVhZGVyIE5hbWU9IlgtUmVxdWVzdGVkLVdpdGgiIFZhbHVlPSJYTUxIdHRwUmVxdWVzdCIgLz4NCiAgICAgICAgPEhlYWRlciBOYW1lPSJSZWZlcmVyIiBWYWx1ZT0ie3tVSVNlcnZlclVSTH19L3VuaXZlcnNpdHljb2xvcmFkbyIgLz4NCiAgICAgIDwvSGVhZGVycz4NCiAgICAgIDxRdWVyeVN0cmluZ1BhcmFtZXRlcnM+DQogICAgICAgIDxRdWVyeVN0cmluZ1BhcmFtZXRlciBOYW1lPSJfIiBWYWx1ZT0iMTQ1NjEzOTMwNzg4NiIgUmVjb3JkZWRWYWx1ZT0iMTQ1NjEzOTMwNzg4NiIgQ29ycmVsYXRpb25CaW5kaW5nPSIiIFVybEVuY29kZT0iRmFsc2UiIFVzZVRvR3JvdXBSZXN1bHRzPSJGYWxzZSIgLz4NCiAgICAgIDwvUXVlcnlTdHJpbmdQYXJhbWV0ZXJzPg0KICAgIDwvUmVxdWVzdD4NCiAgICA8UmVxdWVzdCBNZXRob2Q9IkdFVCIgR3VpZD0iYTQzMTJlMzItM2YxNC00YTRmLTkzNDktMDVkMGFiMjE4N2Q5IiBWZXJzaW9uPSIxLjEiIFVybD0ie3tVSVNlcnZlclVSTH19L21vZHVsZXMvaG9tZS92aWV3cy93ZWxjb21lLmh0bWwiIFRoaW5rVGltZT0iMCIgVGltZW91dD0iMzAwIiBQYXJzZURlcGVuZGVudFJlcXVlc3RzPSJUcnVlIiBGb2xsb3dSZWRpcmVjdHM9IlRydWUiIFJlY29yZFJlc3VsdD0iVHJ1ZSIgQ2FjaGU9IkZhbHNlIiBSZXNwb25zZVRpbWVHb2FsPSIwIiBFbmNvZGluZz0idXRmLTgiIEV4cGVjdGVkSHR0cFN0YXR1c0NvZGU9IjAiIEV4cGVjdGVkUmVzcG9uc2VVcmw9IiIgUmVwb3J0aW5nTmFtZT0iIiBJZ25vcmVIdHRwU3RhdHVzQ29kZT0iRmFsc2UiPg0KICAgICAgPEhlYWRlcnM+DQogICAgICAgIDxIZWFkZXIgTmFtZT0iQWNjZXB0IiBWYWx1ZT0idGV4dC9odG1sLCAqLyo7IHE9MC4wMSIgLz4NCiAgICAgICAgPEhlYWRlciBOYW1lPSJYLVJlcXVlc3RlZC1XaXRoIiBWYWx1ZT0iWE1MSHR0cFJlcXVlc3QiIC8+DQogICAgICAgIDxIZWFkZXIgTmFtZT0iUmVmZXJlciIgVmFsdWU9Int7VUlTZXJ2ZXJVUkx9fS91bml2ZXJzaXR5Y29sb3JhZG8iIC8+DQogICAgICA8L0hlYWRlcnM+DQogICAgICA8UXVlcnlTdHJpbmdQYXJhbWV0ZXJzPg0KICAgICAgICA8UXVlcnlTdHJpbmdQYXJhbWV0ZXIgTmFtZT0iXyIgVmFsdWU9IjE0NTYxMzkzMDc4ODciIFJlY29yZGVkVmFsdWU9IjE0NTYxMzkzMDc4ODciIENvcnJlbGF0aW9uQmluZGluZz0iIiBVcmxFbmNvZGU9IkZhbHNlIiBVc2VUb0dyb3VwUmVzdWx0cz0iRmFsc2UiIC8+DQogICAgICA8L1F1ZXJ5U3RyaW5nUGFyYW1ldGVycz4NCiAgICA8L1JlcXVlc3Q+DQogICAgPFJlcXVlc3QgTWV0aG9kPSJHRVQiIEd1aWQ9IjMxYjQ2MWZmLWMwMDgtNGFhMy05NjliLTg0YTc2YWQzYWY5YyIgVmVyc2lvbj0iMS4xIiBVcmw9Int7VUlTZXJ2ZXJVUkx9fS9tb2R1bGVzL2hvbWUvdmlld3MvZGVtby5odG1sIiBUaGlua1RpbWU9IjAiIFRpbWVvdXQ9IjMwMCIgUGFyc2VEZXBlbmRlbnRSZXF1ZXN0cz0iVHJ1ZSIgRm9sbG93UmVkaXJlY3RzPSJUcnVlIiBSZWNvcmRSZXN1bHQ9IlRydWUiIENhY2hlPSJGYWxzZSIgUmVzcG9uc2VUaW1lR29hbD0iMCIgRW5jb2Rpbmc9InV0Zi04IiBFeHBlY3RlZEh0dHBTdGF0dXNDb2RlPSIwIiBFeHBlY3RlZFJlc3BvbnNlVXJsPSIiIFJlcG9ydGluZ05hbWU9IiIgSWdub3JlSHR0cFN0YXR1c0NvZGU9IkZhbHNlIj4NCiAgICAgIDxIZWFkZXJzPg0KICAgICAgICA8SGVhZGVyIE5hbWU9IkFjY2VwdCIgVmFsdWU9InRleHQvaHRtbCwgKi8qOyBxPTAuMDEiIC8+DQogICAgICAgIDxIZWFkZXIgTmFtZT0iWC1SZXF1ZXN0ZWQtV2l0aCIgVmFsdWU9IlhNTEh0dHBSZXF1ZXN0IiAvPg0KICAgICAgICA8SGVhZGVyIE5hbWU9IlJlZmVyZXIiIFZhbHVlPSJ7e1VJU2VydmVyVVJMfX0vdW5pdmVyc2l0eWNvbG9yYWRvIiAvPg0KICAgICAgPC9IZWFkZXJzPg0KICAgICAgPFF1ZXJ5U3RyaW5nUGFyYW1ldGVycz4NCiAgICAgICAgPFF1ZXJ5U3RyaW5nUGFyYW1ldGVyIE5hbWU9Il8iIFZhbHVlPSIxNDU2MTM5MzA3ODg4IiBSZWNvcmRlZFZhbHVlPSIxNDU2MTM5MzA3ODg4IiBDb3JyZWxhdGlvbkJpbmRpbmc9IiIgVXJsRW5jb2RlPSJGYWxzZSIgVXNlVG9Hcm91cFJlc3VsdHM9IkZhbHNlIiAvPg0KICAgICAgPC9RdWVyeVN0cmluZ1BhcmFtZXRlcnM+DQogICAgPC9SZXF1ZXN0Pg0KICAgIDxSZXF1ZXN0IE1ldGhvZD0iR0VUIiBHdWlkPSI5YmMyM2QwZi00ODdkLTRkYWQtOTRkYS0xOTNlM2M5NTBlZjEiIFZlcnNpb249IjEuMSIgVXJsPSJ7e0FQSVNlcnZlclVSTH19L3ByZWRpY3QvdjEvbG9uZ1J1bm5pbmdUYXNrcyIgVGhpbmtUaW1lPSIwIiBUaW1lb3V0PSIzMDAiIFBhcnNlRGVwZW5kZW50UmVxdWVzdHM9IlRydWUiIEZvbGxvd1JlZGlyZWN0cz0iVHJ1ZSIgUmVjb3JkUmVzdWx0PSJUcnVlIiBDYWNoZT0iRmFsc2UiIFJlc3BvbnNlVGltZUdvYWw9IjAiIEVuY29kaW5nPSJ1dGYtOCIgRXhwZWN0ZWRIdHRwU3RhdHVzQ29kZT0iMCIgRXhwZWN0ZWRSZXNwb25zZVVybD0iIiBSZXBvcnRpbmdOYW1lPSIiIElnbm9yZUh0dHBTdGF0dXNDb2RlPSJGYWxzZSI+DQogICAgICA8SGVhZGVycz4NCiAgICAgICAgPEhlYWRlciBOYW1lPSJBY2NlcHQiIFZhbHVlPSJhcHBsaWNhdGlvbi9qc29uLCB0ZXh0L3BsYWluLCAqLyoiIC8+DQogICAgICAgIDxIZWFkZXIgTmFtZT0iUmVmZXJlciIgVmFsdWU9Int7VUlTZXJ2ZXJVUkx9fS91bml2ZXJzaXR5Y29sb3JhZG8iIC8+DQogICAgICA8L0hlYWRlcnM+DQogICAgPC9SZXF1ZXN0Pg0KICA8L0l0ZW1zPg0KICA8Q29udGV4dFBhcmFtZXRlcnM+DQogICAgPENvbnRleHRQYXJhbWV0ZXIgTmFtZT0iVUlTZXJ2ZXJVUkwiIFZhbHVlPSJodHRwczovL3N0YWdpbmdwcmVkaWN0NS5pbmZsdWVuY2VoZWFsdGguY29tIiAvPg0KICAgIDxDb250ZXh0UGFyYW1ldGVyIE5hbWU9IldlYlNlcnZlcjIiIFZhbHVlPSJodHRwczovL2ZvbnRzLmdzdGF0aWMuY29tIiAvPg0KICAgIDxDb250ZXh0UGFyYW1ldGVyIE5hbWU9IldlYlNlcnZlcjMiIFZhbHVlPSJodHRwczovL2NzaS5nc3RhdGljLmNvbSIgLz4NCiAgICA8Q29udGV4dFBhcmFtZXRlciBOYW1lPSJXZWJTZXJ2ZXI0IiBWYWx1ZT0iaHR0cHM6Ly9iYW0ubnItZGF0YS5uZXQiIC8+DQogICAgPENvbnRleHRQYXJhbWV0ZXIgTmFtZT0iV2ViU2VydmVyNSIgVmFsdWU9Imh0dHBzOi8vbWFwcy5nb29nbGVhcGlzLmNvbSIgLz4NCiAgICA8Q29udGV4dFBhcmFtZXRlciBOYW1lPSJBUElTZXJ2ZXJVUkwiIFZhbHVlPSJodHRwczovL3N0YWdpbmdwcmVkaWN0NS5pbmZsdWVuY2VoZWFsdGguY29tOjMwMDAiIC8+DQogIDwvQ29udGV4dFBhcmFtZXRlcnM+DQogIDxWYWxpZGF0aW9uUnVsZXM+DQogICAgPFZhbGlkYXRpb25SdWxlIENsYXNzbmFtZT0iTWljcm9zb2Z0LlZpc3VhbFN0dWRpby5UZXN0VG9vbHMuV2ViVGVzdGluZy5SdWxlcy5WYWxpZGF0ZVJlc3BvbnNlVXJsLCBNaWNyb3NvZnQuVmlzdWFsU3R1ZGlvLlF1YWxpdHlUb29scy5XZWJUZXN0RnJhbWV3b3JrLCBWZXJzaW9uPTEwLjAuMC4wLCBDdWx0dXJlPW5ldXRyYWwsIFB1YmxpY0tleVRva2VuPWIwM2Y1ZjdmMTFkNTBhM2EiIERpc3BsYXlOYW1lPSJSZXNwb25zZSBVUkwiIERlc2NyaXB0aW9uPSJWYWxpZGF0ZXMgdGhhdCB0aGUgcmVzcG9uc2UgVVJMIGFmdGVyIHJlZGlyZWN0cyBhcmUgZm9sbG93ZWQgaXMgdGhlIHNhbWUgYXMgdGhlIHJlY29yZGVkIHJlc3BvbnNlIFVSTC4gIFF1ZXJ5U3RyaW5nIHBhcmFtZXRlcnMgYXJlIGlnbm9yZWQuIiBMZXZlbD0iTG93IiBFeGVjdHVpb25PcmRlcj0iQmVmb3JlRGVwZW5kZW50cyIgLz4NCiAgICA8VmFsaWRhdGlvblJ1bGUgQ2xhc3NuYW1lPSJNaWNyb3NvZnQuVmlzdWFsU3R1ZGlvLlRlc3RUb29scy5XZWJUZXN0aW5nLlJ1bGVzLlZhbGlkYXRpb25SdWxlUmVzcG9uc2VUaW1lR29hbCwgTWljcm9zb2Z0LlZpc3VhbFN0dWRpby5RdWFsaXR5VG9vbHMuV2ViVGVzdEZyYW1ld29yaywgVmVyc2lvbj0xMC4wLjAuMCwgQ3VsdHVyZT1uZXV0cmFsLCBQdWJsaWNLZXlUb2tlbj1iMDNmNWY3ZjExZDUwYTNhIiBEaXNwbGF5TmFtZT0iUmVzcG9uc2UgVGltZSBHb2FsIiBEZXNjcmlwdGlvbj0iVmFsaWRhdGVzIHRoYXQgdGhlIHJlc3BvbnNlIHRpbWUgZm9yIHRoZSByZXF1ZXN0IGlzIGxlc3MgdGhhbiBvciBlcXVhbCB0byB0aGUgcmVzcG9uc2UgdGltZSBnb2FsIGFzIHNwZWNpZmllZCBvbiB0aGUgcmVxdWVzdC4gIFJlc3BvbnNlIHRpbWUgZ29hbHMgb2YgemVybyB3aWxsIGJlIGlnbm9yZWQuIiBMZXZlbD0iTG93IiBFeGVjdHVpb25PcmRlcj0iQWZ0ZXJEZXBlbmRlbnRzIj4NCiAgICAgIDxSdWxlUGFyYW1ldGVycz4NCiAgICAgICAgPFJ1bGVQYXJhbWV0ZXIgTmFtZT0iVG9sZXJhbmNlIiBWYWx1ZT0iMCIgLz4NCiAgICAgIDwvUnVsZVBhcmFtZXRlcnM+DQogICAgPC9WYWxpZGF0aW9uUnVsZT4NCiAgPC9WYWxpZGF0aW9uUnVsZXM+DQo8L1dlYlRlc3Q+">
      <Execution id="b762e34c-3c2a-46b9-b22a-a15f0f268abd" />
    </WebTest>
  </TestDefinitions>
  <TestLists>
    <TestList name="Results Not in a List" id="8c84fa94-04c1-424b-9868-57a2d4851a1d" />
    <TestList name="All Loaded Results" id="19431567-8539-422a-85d7-44ee4e166bda" />
  </TestLists>
  <TestEntries>
    <TestEntry isTransparent="false" testId="ce41df44-2c48-4814-bced-7f28a8328559" executionId="b762e34c-3c2a-46b9-b22a-a15f0f268abd" testListId="8c84fa94-04c1-424b-9868-57a2d4851a1d" />
  </TestEntries>
  <Results>
    <WebTestResult executionId="b762e34c-3c2a-46b9-b22a-a15f0f268abd" testId="ce41df44-2c48-4814-bced-7f28a8328559" testName="WebTest4" computerName="CHI-LAB-VSU-03" duration="00:00:05.9063846" startTime="2016-02-22T05:09:49.6574663-06:00" endTime="2016-02-22T05:10:06.2463701-06:00" testType="4e7599fa-5ecb-43e9-a887-cd63cf72d207" outcome="Failed" testListId="8c84fa94-04c1-424b-9868-57a2d4851a1d" relativeResultsDirectory="b762e34c-3c2a-46b9-b22a-a15f0f268abd">
      <Output>
        <ErrorInfo>
          <Message>5 primary requests, 0 dependant requests and 0 conditional rules failed</Message>
        </ErrorInfo>
      </Output>
      <ResultFiles>
        <ResultFile path="WebTest4.webtestResult" />
      </ResultFiles>
      <TestSettings name="Local" id="3b1c1cf5-f0fc-4a30-a355-a117d32b02ff">
        <Description>These are default test settings for a local test run.</Description>
        <Execution>
          <TestTypeSpecific>
            <WebTestRunConfiguration testTypeId="4e7599fa-5ecb-43e9-a887-cd63cf72d207">
              <Browser name="Internet Explorer 9.0" MaxConnections="6">
                <Headers>
                  <Header name="User-Agent" value="Mozilla/5.0 (compatible; MSIE 9.0; Windows NT 6.1; Trident/5.0)" />
                  <Header name="Accept" value="*/*" />
                  <Header name="Accept-Language" value="{{$IEAcceptLanguage}}" />
                  <Header name="Accept-Encoding" value="GZIP" />
                </Headers>
              </Browser>
            </WebTestRunConfiguration>
          </TestTypeSpecific>
          <AgentRule name="Execution Agents">
          </AgentRule>
        </Execution>
        <Deployment runDeploymentRoot="load.test_CHI-LAB-VSU-03 2016-02-22 05_09_48" />
      </TestSettings>
      <WebTestResultFilePath>load.test_CHI-LAB-VSU-03 2016-02-22 05_09_48\In\b762e34c-3c2a-46b9-b22a-a15f0f268abd\WebTest4.webtestResult</WebTestResultFilePath>
    </WebTestResult>
  </Results>
</TestRun>