<?xml version="1.0" encoding="UTF-8"?>
<TestRun id="db11a818-6e74-4fa2-9195-a3d201b44bd7" name="load.test@CHI-LAB-VSU-03 2016-02-22 04:57:47" runUser="MEDSEEKLAB\load.test" xmlns="http://microsoft.com/schemas/VisualStudio/TeamTest/2010">
  <TestSettings name="Local" id="3b1c1cf5-f0fc-4a30-a355-a117d32b02ff">
    <Description>These are default test settings for a local test run.</Description>
    <Execution>
      <TestTypeSpecific />
      <AgentRule name="Execution Agents">
      </AgentRule>
    </Execution>
    <Deployment runDeploymentRoot="load.test_CHI-LAB-VSU-03 2016-02-22 04_57_47" />
  </TestSettings>
  <Times creation="2016-02-22T04:57:47.0231748-06:00" queuing="2016-02-22T04:57:47.3819794-06:00" start="2016-02-22T04:57:47.5379814-06:00" finish="2016-02-22T04:57:50.9076246-06:00" />
  <ResultSummary outcome="Completed">
    <Counters total="1" error="0" failed="0" timeout="0" aborted="0" inconclusive="0" passedButRunAborted="0" notRunnable="0" notExecuted="0" disconnected="0" warning="0" passed="0" completed="0" inProgress="0" pending="0" />
  </ResultSummary>
  <TestDefinitions>
    <WebTest name="WebTest3" storage="c:\medseek\automation\persuade\vsprojects\webandloadtestproject1\webandloadtestproject1\webtest3.webtest" id="e8c8b533-91a1-4000-9ac5-6aa372a8f00e" persistedWebTest="77u/PD94bWwgdmVyc2lvbj0iMS4wIiBlbmNvZGluZz0iVVRGLTgiIHN0YW5kYWxvbmU9InllcyI/Pg0KPFdlYlRlc3QgTmFtZT0iV2ViVGVzdDMiIElkPSJlOGM4YjUzMy05MWExLTQwMDAtOWFjNS02YWEzNzJhOGYwMGUiIE93bmVyPSIiIFByaW9yaXR5PSIyMTQ3NDgzNjQ3IiBFbmFibGVkPSJUcnVlIiBDc3NQcm9qZWN0U3RydWN0dXJlPSIiIENzc0l0ZXJhdGlvbj0iIiBUaW1lb3V0PSIwIiBXb3JrSXRlbUlkcz0iIiB4bWxucz0iaHR0cDovL21pY3Jvc29mdC5jb20vc2NoZW1hcy9WaXN1YWxTdHVkaW8vVGVhbVRlc3QvMjAxMCIgRGVzY3JpcHRpb249IiIgQ3JlZGVudGlhbFVzZXJOYW1lPSIiIENyZWRlbnRpYWxQYXNzd29yZD0iIiBQcmVBdXRoZW50aWNhdGU9IlRydWUiIFByb3h5PSIiIFN0b3BPbkVycm9yPSJGYWxzZSIgUmVjb3JkZWRSZXN1bHRGaWxlPSJXZWJUZXN0My40NTI5MDQ5ZC1iYzQxLTQ1MzgtYjcxZi0wNDg2MDQyYTY4NjUucmVjLndlYnRlc3RyZXN1bHQiIFJlc3VsdHNMb2NhbGU9IiI+DQogIDxJdGVtcz4NCiAgICA8Q29tbWVudCBDb21tZW50VGV4dD0iZ2VvZ3JhcGh5IHN1bW1hcnkgcGFnZSIgLz4NCiAgICA8UmVxdWVzdCBNZXRob2Q9IkdFVCIgR3VpZD0iMzQxNTUzMzgtZDJiZC00ZTAyLWI1ZWYtZDE5ZTc3NTcxNGJlIiBWZXJzaW9uPSIxLjEiIFVybD0iaHR0cHM6Ly9zdGFnaW5ncHJlZGljdDUuaW5mbHVlbmNlaGVhbHRoLmNvbS9tb2R1bGVzL2xpc3RCdWlsZC9WaWV3cy9wYXN0TGlzdHMuaHRtbCIgVGhpbmtUaW1lPSI1IiBUaW1lb3V0PSIzMDAiIFBhcnNlRGVwZW5kZW50UmVxdWVzdHM9IlRydWUiIEZvbGxvd1JlZGlyZWN0cz0iVHJ1ZSIgUmVjb3JkUmVzdWx0PSJUcnVlIiBDYWNoZT0iRmFsc2UiIFJlc3BvbnNlVGltZUdvYWw9IjAiIEVuY29kaW5nPSJ1dGYtOCIgRXhwZWN0ZWRIdHRwU3RhdHVzQ29kZT0iMCIgRXhwZWN0ZWRSZXNwb25zZVVybD0iIiBSZXBvcnRpbmdOYW1lPSIiIElnbm9yZUh0dHBTdGF0dXNDb2RlPSJGYWxzZSI+DQogICAgICA8SGVhZGVycz4NCiAgICAgICAgPEhlYWRlciBOYW1lPSJBY2NlcHQiIFZhbHVlPSJhcHBsaWNhdGlvbi9qc29uLCB0ZXh0L3BsYWluLCAqLyoiIC8+DQogICAgICAgIDxIZWFkZXIgTmFtZT0iUmVmZXJlciIgVmFsdWU9Imh0dHBzOi8vc3RhZ2luZ3ByZWRpY3Q1LmluZmx1ZW5jZWhlYWx0aC5jb20vdW5pdmVyc2l0eWNvbG9yYWRvL3ByaW1hcnkvbGlzdHMvYnVpbGQiIC8+DQogICAgICA8L0hlYWRlcnM+DQogICAgPC9SZXF1ZXN0Pg0KICAgIDxSZXF1ZXN0IE1ldGhvZD0iR0VUIiBHdWlkPSIxNGYyN2U2ZC04MDBkLTRiZTAtYjJjNi0wOWFjZDdlYWY2NWYiIFZlcnNpb249IjEuMSIgVXJsPSJodHRwczovL3N0YWdpbmdwcmVkaWN0NS5pbmZsdWVuY2VoZWFsdGguY29tL21vZHVsZXMvbGlzdEJ1aWxkL3RlbXBsYXRlcy9wYXN0LWxpc3RzLXRhYmxlLXJvdy5odG1sIiBUaGlua1RpbWU9IjMiIFRpbWVvdXQ9IjMwMCIgUGFyc2VEZXBlbmRlbnRSZXF1ZXN0cz0iVHJ1ZSIgRm9sbG93UmVkaXJlY3RzPSJUcnVlIiBSZWNvcmRSZXN1bHQ9IlRydWUiIENhY2hlPSJGYWxzZSIgUmVzcG9uc2VUaW1lR29hbD0iMCIgRW5jb2Rpbmc9InV0Zi04IiBFeHBlY3RlZEh0dHBTdGF0dXNDb2RlPSIwIiBFeHBlY3RlZFJlc3BvbnNlVXJsPSIiIFJlcG9ydGluZ05hbWU9IiIgSWdub3JlSHR0cFN0YXR1c0NvZGU9IkZhbHNlIj4NCiAgICAgIDxIZWFkZXJzPg0KICAgICAgICA8SGVhZGVyIE5hbWU9IkFjY2VwdCIgVmFsdWU9ImFwcGxpY2F0aW9uL2pzb24sIHRleHQvcGxhaW4sICovKiIgLz4NCiAgICAgICAgPEhlYWRlciBOYW1lPSJSZWZlcmVyIiBWYWx1ZT0iaHR0cHM6Ly9zdGFnaW5ncHJlZGljdDUuaW5mbHVlbmNlaGVhbHRoLmNvbS91bml2ZXJzaXR5Y29sb3JhZG8vcHJpbWFyeS9saXN0cy9idWlsZCIgLz4NCiAgICAgIDwvSGVhZGVycz4NCiAgICA8L1JlcXVlc3Q+DQogICAgPFJlcXVlc3QgTWV0aG9kPSJHRVQiIEd1aWQ9IjEzNzkwM2QxLTQ3N2QtNDhjNC1hNGYwLTg5NzkyZDdlZTVmOCIgVmVyc2lvbj0iMS4xIiBVcmw9Imh0dHBzOi8vc3RhZ2luZ3ByZWRpY3Q1LmluZmx1ZW5jZWhlYWx0aC5jb20vbW9kdWxlcy9saXN0QnVpbGQvVmlld3MvbWFuYWdlU2VlZExpc3QuaHRtbCIgVGhpbmtUaW1lPSIwIiBUaW1lb3V0PSIzMDAiIFBhcnNlRGVwZW5kZW50UmVxdWVzdHM9IlRydWUiIEZvbGxvd1JlZGlyZWN0cz0iVHJ1ZSIgUmVjb3JkUmVzdWx0PSJUcnVlIiBDYWNoZT0iRmFsc2UiIFJlc3BvbnNlVGltZUdvYWw9IjAiIEVuY29kaW5nPSJ1dGYtOCIgRXhwZWN0ZWRIdHRwU3RhdHVzQ29kZT0iMCIgRXhwZWN0ZWRSZXNwb25zZVVybD0iIiBSZXBvcnRpbmdOYW1lPSIiIElnbm9yZUh0dHBTdGF0dXNDb2RlPSJGYWxzZSI+DQogICAgICA8SGVhZGVycz4NCiAgICAgICAgPEhlYWRlciBOYW1lPSJBY2NlcHQiIFZhbHVlPSJhcHBsaWNhdGlvbi9qc29uLCB0ZXh0L3BsYWluLCAqLyoiIC8+DQogICAgICAgIDxIZWFkZXIgTmFtZT0iUmVmZXJlciIgVmFsdWU9Imh0dHBzOi8vc3RhZ2luZ3ByZWRpY3Q1LmluZmx1ZW5jZWhlYWx0aC5jb20vdW5pdmVyc2l0eWNvbG9yYWRvL3ByaW1hcnkvbGlzdHMvYnVpbGQiIC8+DQogICAgICA8L0hlYWRlcnM+DQogICAgPC9SZXF1ZXN0Pg0KICAgIDxSZXF1ZXN0IE1ldGhvZD0iR0VUIiBHdWlkPSJjYjhlNTljZC02ZjQ0LTQ0OTktYTJjNy02MTY1ZGY0NWU5OTkiIFZlcnNpb249IjEuMSIgVXJsPSJodHRwczovL3N0YWdpbmdwcmVkaWN0NS5pbmZsdWVuY2VoZWFsdGguY29tOjMwMDAvcHJlZGljdC92MS9jbGllbnRzL3VuaXZlcnNpdHljb2xvcmFkby9vcmdzL3ByaW1hcnkvc2VlZExpc3RzIiBUaGlua1RpbWU9IjAiIFRpbWVvdXQ9IjMwMCIgUGFyc2VEZXBlbmRlbnRSZXF1ZXN0cz0iVHJ1ZSIgRm9sbG93UmVkaXJlY3RzPSJUcnVlIiBSZWNvcmRSZXN1bHQ9IlRydWUiIENhY2hlPSJGYWxzZSIgUmVzcG9uc2VUaW1lR29hbD0iMCIgRW5jb2Rpbmc9InV0Zi04IiBFeHBlY3RlZEh0dHBTdGF0dXNDb2RlPSIwIiBFeHBlY3RlZFJlc3BvbnNlVXJsPSIiIFJlcG9ydGluZ05hbWU9IiIgSWdub3JlSHR0cFN0YXR1c0NvZGU9IkZhbHNlIj4NCiAgICAgIDxIZWFkZXJzPg0KICAgICAgICA8SGVhZGVyIE5hbWU9IkFjY2VwdCIgVmFsdWU9ImFwcGxpY2F0aW9uL2pzb24sIHRleHQvcGxhaW4sICovKiIgLz4NCiAgICAgICAgPEhlYWRlciBOYW1lPSJSZWZlcmVyIiBWYWx1ZT0iaHR0cHM6Ly9zdGFnaW5ncHJlZGljdDUuaW5mbHVlbmNlaGVhbHRoLmNvbS91bml2ZXJzaXR5Y29sb3JhZG8vcHJpbWFyeS9saXN0cy9idWlsZCIgLz4NCiAgICAgIDwvSGVhZGVycz4NCiAgICA8L1JlcXVlc3Q+DQogICAgPFJlcXVlc3QgTWV0aG9kPSJHRVQiIEd1aWQ9Ijg2NDhmNDc1LWRmOGYtNDBkNi1hYTc1LTk4ZWQ0NDkzNGNjMyIgVmVyc2lvbj0iMS4xIiBVcmw9Imh0dHBzOi8vc3RhZ2luZ3ByZWRpY3Q1LmluZmx1ZW5jZWhlYWx0aC5jb20vbW9kdWxlcy9saXN0QnVpbGQvdGVtcGxhdGVzL3NlZWQtbGlzdHMtdGFibGUtcm93Lmh0bWwiIFRoaW5rVGltZT0iMSIgVGltZW91dD0iMzAwIiBQYXJzZURlcGVuZGVudFJlcXVlc3RzPSJUcnVlIiBGb2xsb3dSZWRpcmVjdHM9IlRydWUiIFJlY29yZFJlc3VsdD0iVHJ1ZSIgQ2FjaGU9IkZhbHNlIiBSZXNwb25zZVRpbWVHb2FsPSIwIiBFbmNvZGluZz0idXRmLTgiIEV4cGVjdGVkSHR0cFN0YXR1c0NvZGU9IjAiIEV4cGVjdGVkUmVzcG9uc2VVcmw9IiIgUmVwb3J0aW5nTmFtZT0iIiBJZ25vcmVIdHRwU3RhdHVzQ29kZT0iRmFsc2UiPg0KICAgICAgPEhlYWRlcnM+DQogICAgICAgIDxIZWFkZXIgTmFtZT0iQWNjZXB0IiBWYWx1ZT0iYXBwbGljYXRpb24vanNvbiwgdGV4dC9wbGFpbiwgKi8qIiAvPg0KICAgICAgICA8SGVhZGVyIE5hbWU9IlJlZmVyZXIiIFZhbHVlPSJodHRwczovL3N0YWdpbmdwcmVkaWN0NS5pbmZsdWVuY2VoZWFsdGguY29tL3VuaXZlcnNpdHljb2xvcmFkby9wcmltYXJ5L2xpc3RzL2J1aWxkIiAvPg0KICAgICAgPC9IZWFkZXJzPg0KICAgIDwvUmVxdWVzdD4NCiAgICA8UmVxdWVzdCBNZXRob2Q9IlBVVCIgR3VpZD0iODVkN2Y5YTItOWI3MS00YWU1LThhMjEtMDMyMzE1ODRkNzYyIiBWZXJzaW9uPSIxLjEiIFVybD0iaHR0cHM6Ly9zdGFnaW5ncHJlZGljdDUuaW5mbHVlbmNlaGVhbHRoLmNvbTozMDAwL3ByZWRpY3QvdjEvY2xpZW50cy91bml2ZXJzaXR5Y29sb3JhZG8vYXV0aFRva2VuIiBUaGlua1RpbWU9IjQiIFRpbWVvdXQ9IjMwMCIgUGFyc2VEZXBlbmRlbnRSZXF1ZXN0cz0iVHJ1ZSIgRm9sbG93UmVkaXJlY3RzPSJUcnVlIiBSZWNvcmRSZXN1bHQ9IlRydWUiIENhY2hlPSJGYWxzZSIgUmVzcG9uc2VUaW1lR29hbD0iMCIgRW5jb2Rpbmc9InV0Zi04IiBFeHBlY3RlZEh0dHBTdGF0dXNDb2RlPSIwIiBFeHBlY3RlZFJlc3BvbnNlVXJsPSIiIFJlcG9ydGluZ05hbWU9IiIgSWdub3JlSHR0cFN0YXR1c0NvZGU9IkZhbHNlIj4NCiAgICAgIDxIZWFkZXJzPg0KICAgICAgICA8SGVhZGVyIE5hbWU9IkFjY2VwdCIgVmFsdWU9ImFwcGxpY2F0aW9uL2pzb24sIHRleHQvcGxhaW4sICovKiIgLz4NCiAgICAgICAgPEhlYWRlciBOYW1lPSJSZWZlcmVyIiBWYWx1ZT0iaHR0cHM6Ly9zdGFnaW5ncHJlZGljdDUuaW5mbHVlbmNlaGVhbHRoLmNvbS91bml2ZXJzaXR5Y29sb3JhZG8vcHJpbWFyeS9saXN0cy9idWlsZCIgLz4NCiAgICAgIDwvSGVhZGVycz4NCiAgICAgIDxTdHJpbmdIdHRwQm9keSBDb250ZW50VHlwZT0iIiBJbnNlcnRCeXRlT3JkZXJNYXJrPSJGYWxzZSI+DQogICAgICA8L1N0cmluZ0h0dHBCb2R5Pg0KICAgIDwvUmVxdWVzdD4NCiAgICA8UmVxdWVzdCBNZXRob2Q9IkdFVCIgR3VpZD0iZTU3ZGExMWMtZDliOC00NWI0LTg0NTctOTBjOWU2YjdkOTE2IiBWZXJzaW9uPSIxLjEiIFVybD0iaHR0cHM6Ly9zdGFnaW5ncHJlZGljdDUuaW5mbHVlbmNlaGVhbHRoLmNvbS9tb2R1bGVzL2xpc3RCdWlsZC9WaWV3cy9jcml0ZXJpYS5odG1sIiBUaGlua1RpbWU9IjAiIFRpbWVvdXQ9IjMwMCIgUGFyc2VEZXBlbmRlbnRSZXF1ZXN0cz0iVHJ1ZSIgRm9sbG93UmVkaXJlY3RzPSJUcnVlIiBSZWNvcmRSZXN1bHQ9IlRydWUiIENhY2hlPSJGYWxzZSIgUmVzcG9uc2VUaW1lR29hbD0iMCIgRW5jb2Rpbmc9InV0Zi04IiBFeHBlY3RlZEh0dHBTdGF0dXNDb2RlPSIwIiBFeHBlY3RlZFJlc3BvbnNlVXJsPSIiIFJlcG9ydGluZ05hbWU9IiIgSWdub3JlSHR0cFN0YXR1c0NvZGU9IkZhbHNlIj4NCiAgICAgIDxIZWFkZXJzPg0KICAgICAgICA8SGVhZGVyIE5hbWU9IkFjY2VwdCIgVmFsdWU9ImFwcGxpY2F0aW9uL2pzb24sIHRleHQvcGxhaW4sICovKiIgLz4NCiAgICAgICAgPEhlYWRlciBOYW1lPSJSZWZlcmVyIiBWYWx1ZT0iaHR0cHM6Ly9zdGFnaW5ncHJlZGljdDUuaW5mbHVlbmNlaGVhbHRoLmNvbS91bml2ZXJzaXR5Y29sb3JhZG8vcHJpbWFyeS9saXN0cy9idWlsZCIgLz4NCiAgICAgIDwvSGVhZGVycz4NCiAgICA8L1JlcXVlc3Q+DQogICAgPFJlcXVlc3QgTWV0aG9kPSJHRVQiIEd1aWQ9IjZjN2U5YTVkLTdiNjctNDg3Ni1iYWJiLTljYTYzZmQwMjliZSIgVmVyc2lvbj0iMS4xIiBVcmw9Imh0dHBzOi8vc3RhZ2luZ3ByZWRpY3Q1LmluZmx1ZW5jZWhlYWx0aC5jb20vbW9kdWxlcy9saXN0QnVpbGQvVmlld3MvcHJlZGljdEZpbHRlci5odG1sIiBUaGlua1RpbWU9IjAiIFRpbWVvdXQ9IjMwMCIgUGFyc2VEZXBlbmRlbnRSZXF1ZXN0cz0iVHJ1ZSIgRm9sbG93UmVkaXJlY3RzPSJUcnVlIiBSZWNvcmRSZXN1bHQ9IlRydWUiIENhY2hlPSJGYWxzZSIgUmVzcG9uc2VUaW1lR29hbD0iMCIgRW5jb2Rpbmc9InV0Zi04IiBFeHBlY3RlZEh0dHBTdGF0dXNDb2RlPSIwIiBFeHBlY3RlZFJlc3BvbnNlVXJsPSIiIFJlcG9ydGluZ05hbWU9IiIgSWdub3JlSHR0cFN0YXR1c0NvZGU9IkZhbHNlIj4NCiAgICAgIDxIZWFkZXJzPg0KICAgICAgICA8SGVhZGVyIE5hbWU9IkFjY2VwdCIgVmFsdWU9ImFwcGxpY2F0aW9uL2pzb24sIHRleHQvcGxhaW4sICovKiIgLz4NCiAgICAgICAgPEhlYWRlciBOYW1lPSJSZWZlcmVyIiBWYWx1ZT0iaHR0cHM6Ly9zdGFnaW5ncHJlZGljdDUuaW5mbHVlbmNlaGVhbHRoLmNvbS91bml2ZXJzaXR5Y29sb3JhZG8vcHJpbWFyeS9saXN0cy9idWlsZCIgLz4NCiAgICAgIDwvSGVhZGVycz4NCiAgICA8L1JlcXVlc3Q+DQogICAgPFJlcXVlc3QgTWV0aG9kPSJHRVQiIEd1aWQ9ImQ0NGFmMGYzLTk3ZDgtNDM5Ny05ZjI3LTRmMmQ1M2UzYTljNCIgVmVyc2lvbj0iMS4xIiBVcmw9Imh0dHBzOi8vc3RhZ2luZ3ByZWRpY3Q1LmluZmx1ZW5jZWhlYWx0aC5jb206MzAwMC9wcmVkaWN0L3YxL2NsaWVudHMvdW5pdmVyc2l0eWNvbG9yYWRvL29yZ3MvcHJpbWFyeS9yZWNpcGVzLzEwMDAiIFRoaW5rVGltZT0iMCIgVGltZW91dD0iMzAwIiBQYXJzZURlcGVuZGVudFJlcXVlc3RzPSJUcnVlIiBGb2xsb3dSZWRpcmVjdHM9IlRydWUiIFJlY29yZFJlc3VsdD0iVHJ1ZSIgQ2FjaGU9IkZhbHNlIiBSZXNwb25zZVRpbWVHb2FsPSIwIiBFbmNvZGluZz0idXRmLTgiIEV4cGVjdGVkSHR0cFN0YXR1c0NvZGU9IjAiIEV4cGVjdGVkUmVzcG9uc2VVcmw9IiIgUmVwb3J0aW5nTmFtZT0iIiBJZ25vcmVIdHRwU3RhdHVzQ29kZT0iRmFsc2UiPg0KICAgICAgPEhlYWRlcnM+DQogICAgICAgIDxIZWFkZXIgTmFtZT0iQWNjZXB0IiBWYWx1ZT0iYXBwbGljYXRpb24vanNvbiwgdGV4dC9wbGFpbiwgKi8qIiAvPg0KICAgICAgICA8SGVhZGVyIE5hbWU9IlJlZmVyZXIiIFZhbHVlPSJodHRwczovL3N0YWdpbmdwcmVkaWN0NS5pbmZsdWVuY2VoZWFsdGguY29tL3VuaXZlcnNpdHljb2xvcmFkby9wcmltYXJ5L2xpc3RzL2J1aWxkIiAvPg0KICAgICAgPC9IZWFkZXJzPg0KICAgIDwvUmVxdWVzdD4NCiAgICA8UmVxdWVzdCBNZXRob2Q9IkdFVCIgR3VpZD0iZjI0Y2MyYWMtNDA4YS00NGY3LThiMmItM2NjNDRiN2FmMjlkIiBWZXJzaW9uPSIxLjEiIFVybD0iaHR0cHM6Ly9zdGFnaW5ncHJlZGljdDUuaW5mbHVlbmNlaGVhbHRoLmNvbTozMDAwL3ByZWRpY3QvdjEvY2xpZW50cy91bml2ZXJzaXR5Y29sb3JhZG8vb3Jncy9wcmltYXJ5L2ZpbHRlclR5cGVzL2ZpbHRlcnMiIFRoaW5rVGltZT0iMCIgVGltZW91dD0iMzAwIiBQYXJzZURlcGVuZGVudFJlcXVlc3RzPSJUcnVlIiBGb2xsb3dSZWRpcmVjdHM9IlRydWUiIFJlY29yZFJlc3VsdD0iVHJ1ZSIgQ2FjaGU9IkZhbHNlIiBSZXNwb25zZVRpbWVHb2FsPSIwIiBFbmNvZGluZz0idXRmLTgiIEV4cGVjdGVkSHR0cFN0YXR1c0NvZGU9IjAiIEV4cGVjdGVkUmVzcG9uc2VVcmw9IiIgUmVwb3J0aW5nTmFtZT0iIiBJZ25vcmVIdHRwU3RhdHVzQ29kZT0iRmFsc2UiPg0KICAgICAgPEhlYWRlcnM+DQogICAgICAgIDxIZWFkZXIgTmFtZT0iQWNjZXB0IiBWYWx1ZT0iYXBwbGljYXRpb24vanNvbiwgdGV4dC9wbGFpbiwgKi8qIiAvPg0KICAgICAgICA8SGVhZGVyIE5hbWU9IlJlZmVyZXIiIFZhbHVlPSJodHRwczovL3N0YWdpbmdwcmVkaWN0NS5pbmZsdWVuY2VoZWFsdGguY29tL3VuaXZlcnNpdHljb2xvcmFkby9wcmltYXJ5L2xpc3RzL2J1aWxkIiAvPg0KICAgICAgPC9IZWFkZXJzPg0KICAgIDwvUmVxdWVzdD4NCiAgICA8UmVxdWVzdCBNZXRob2Q9IkdFVCIgR3VpZD0iN2QxNzYwN2EtMWYwNy00ZWUyLTlhOTEtOGQ5YTIwZjY3NTYyIiBWZXJzaW9uPSIxLjEiIFVybD0iaHR0cHM6Ly9zdGFnaW5ncHJlZGljdDUuaW5mbHVlbmNlaGVhbHRoLmNvbTozMDAwL3ByZWRpY3QvdjEvY2xpZW50cy91bml2ZXJzaXR5Y29sb3JhZG8vcHJvdmlkZXJTcGVjaWFsdGllcyIgVGhpbmtUaW1lPSI2IiBUaW1lb3V0PSIzMDAiIFBhcnNlRGVwZW5kZW50UmVxdWVzdHM9IlRydWUiIEZvbGxvd1JlZGlyZWN0cz0iVHJ1ZSIgUmVjb3JkUmVzdWx0PSJUcnVlIiBDYWNoZT0iRmFsc2UiIFJlc3BvbnNlVGltZUdvYWw9IjAiIEVuY29kaW5nPSJ1dGYtOCIgRXhwZWN0ZWRIdHRwU3RhdHVzQ29kZT0iMCIgRXhwZWN0ZWRSZXNwb25zZVVybD0iIiBSZXBvcnRpbmdOYW1lPSIiIElnbm9yZUh0dHBTdGF0dXNDb2RlPSJGYWxzZSI+DQogICAgICA8SGVhZGVycz4NCiAgICAgICAgPEhlYWRlciBOYW1lPSJBY2NlcHQiIFZhbHVlPSJhcHBsaWNhdGlvbi9qc29uLCB0ZXh0L3BsYWluLCAqLyoiIC8+DQogICAgICAgIDxIZWFkZXIgTmFtZT0iUmVmZXJlciIgVmFsdWU9Imh0dHBzOi8vc3RhZ2luZ3ByZWRpY3Q1LmluZmx1ZW5jZWhlYWx0aC5jb20vdW5pdmVyc2l0eWNvbG9yYWRvL3ByaW1hcnkvbGlzdHMvYnVpbGQiIC8+DQogICAgICA8L0hlYWRlcnM+DQogICAgPC9SZXF1ZXN0Pg0KICAgIDxSZXF1ZXN0IE1ldGhvZD0iR0VUIiBHdWlkPSI2OGFiYWE3NS05MDY2LTQ1NWItYWQ2Ny1kNGVjMmQwZjdjODkiIFZlcnNpb249IjEuMSIgVXJsPSJodHRwczovL3N0YWdpbmdwcmVkaWN0NS5pbmZsdWVuY2VoZWFsdGguY29tL21vZHVsZXMvbGlzdEJ1aWxkL1ZpZXdzL21hbmFnZVNlZ21lbnRzLmh0bWwiIFRoaW5rVGltZT0iMCIgVGltZW91dD0iMzAwIiBQYXJzZURlcGVuZGVudFJlcXVlc3RzPSJUcnVlIiBGb2xsb3dSZWRpcmVjdHM9IlRydWUiIFJlY29yZFJlc3VsdD0iVHJ1ZSIgQ2FjaGU9IkZhbHNlIiBSZXNwb25zZVRpbWVHb2FsPSIwIiBFbmNvZGluZz0idXRmLTgiIEV4cGVjdGVkSHR0cFN0YXR1c0NvZGU9IjAiIEV4cGVjdGVkUmVzcG9uc2VVcmw9IiIgUmVwb3J0aW5nTmFtZT0iIiBJZ25vcmVIdHRwU3RhdHVzQ29kZT0iRmFsc2UiPg0KICAgICAgPEhlYWRlcnM+DQogICAgICAgIDxIZWFkZXIgTmFtZT0iQWNjZXB0IiBWYWx1ZT0iYXBwbGljYXRpb24vanNvbiwgdGV4dC9wbGFpbiwgKi8qIiAvPg0KICAgICAgICA8SGVhZGVyIE5hbWU9IlJlZmVyZXIiIFZhbHVlPSJodHRwczovL3N0YWdpbmdwcmVkaWN0NS5pbmZsdWVuY2VoZWFsdGguY29tL3VuaXZlcnNpdHljb2xvcmFkby9wcmltYXJ5L2xpc3RzL2J1aWxkIiAvPg0KICAgICAgPC9IZWFkZXJzPg0KICAgIDwvUmVxdWVzdD4NCiAgICA8UmVxdWVzdCBNZXRob2Q9IlBPU1QiIEd1aWQ9ImJlNWFmMTM0LWE2ZjctNDIyOC1hOGUzLTk5Zjk5NGY2MjVkNyIgVmVyc2lvbj0iMS4xIiBVcmw9Imh0dHBzOi8vc3RhZ2luZ3ByZWRpY3Q1LmluZmx1ZW5jZWhlYWx0aC5jb206MzAwMC9wcmVkaWN0L3YxL2NsaWVudHMvdW5pdmVyc2l0eWNvbG9yYWRvL29yZ3MvcHJpbWFyeS9jYWxjdWxhdGlvbiIgVGhpbmtUaW1lPSIxMyIgVGltZW91dD0iMzAwIiBQYXJzZURlcGVuZGVudFJlcXVlc3RzPSJUcnVlIiBGb2xsb3dSZWRpcmVjdHM9IlRydWUiIFJlY29yZFJlc3VsdD0iVHJ1ZSIgQ2FjaGU9IkZhbHNlIiBSZXNwb25zZVRpbWVHb2FsPSIwIiBFbmNvZGluZz0idXRmLTgiIEV4cGVjdGVkSHR0cFN0YXR1c0NvZGU9IjAiIEV4cGVjdGVkUmVzcG9uc2VVcmw9IiIgUmVwb3J0aW5nTmFtZT0iIiBJZ25vcmVIdHRwU3RhdHVzQ29kZT0iRmFsc2UiPg0KICAgICAgPEhlYWRlcnM+DQogICAgICAgIDxIZWFkZXIgTmFtZT0iQWNjZXB0IiBWYWx1ZT0iYXBwbGljYXRpb24vanNvbiwgdGV4dC9wbGFpbiwgKi8qIiAvPg0KICAgICAgICA8SGVhZGVyIE5hbWU9IlJlZmVyZXIiIFZhbHVlPSJodHRwczovL3N0YWdpbmdwcmVkaWN0NS5pbmZsdWVuY2VoZWFsdGguY29tL3VuaXZlcnNpdHljb2xvcmFkby9wcmltYXJ5L2xpc3RzL2J1aWxkIiAvPg0KICAgICAgPC9IZWFkZXJzPg0KICAgICAgPFN0cmluZ0h0dHBCb2R5IENvbnRlbnRUeXBlPSJhcHBsaWNhdGlvbi9qc29uIiBJbnNlcnRCeXRlT3JkZXJNYXJrPSJGYWxzZSI+ZXdBaUFFd0FhUUJ6QUhRQUlnQTZBSHNBSWdCSkFHUUFJZ0E2QUNJQU5RQTJBR01BWVFCbEFEa0FNZ0JqQURJQVl3QTNBRFlBWkFBNUFERUFPQUF4QUdNQU9RQXlBRGtBT0FBekFHVUFJZ0FzQUNJQVRRQmhBSElBYXdCbEFIUUFhUUJ1QUdjQVF3Qm9BR0VBYmdCdUFHVUFiQUJKQUdRQUlnQTZBREVBTEFBaUFFd0Fid0JqQUdFQWRBQnBBRzhBYmdCRUFHVUFjd0JqQUhJQWFRQndBSFFBYndCeUFITUFJZ0E2QUZzQWV3QWlBRlFBZVFCd0FHVUFJZ0E2QUNJQVV3QmxBSElBZGdCcEFHTUFaUUJCQUhJQVpRQmhBQ0lBTEFBaUFGVUFjd0JsQUZBQWNnQnBBRzBBWVFCeUFIa0FVd0JsQUhJQWRnQnBBR01BWlFCQkFISUFaUUJoQUNJQU9nQjBBSElBZFFCbEFDd0FJZ0JWQUhNQVpRQlRBR1VBWXdCdkFHNEFaQUJoQUhJQWVRQlRBR1VBY2dCMkFHa0FZd0JsQUVFQWNnQmxBR0VBSWdBNkFIUUFjZ0IxQUdVQUxBQWlBRlVBY3dCbEFGUUFaUUJ5QUhRQWFRQmhBSElBZVFCVEFHVUFjZ0IyQUdrQVl3QmxBRUVBY2dCbEFHRUFJZ0E2QUhRQWNnQjFBR1VBTEFBaUFFd0Fid0JqQUdFQWRBQnBBRzhBYmdCSkFHUUFJZ0E2QURJQU13QTJBQ3dBSWdCT0FHRUFiUUJsQUNJQU9nQWlBRTBBWlFCdEFHOEFjZ0JwQUdFQWJBQWdBRWdBYndCekFIQUFhUUIwQUdFQWJBQWdBRU1BWlFCdUFIUUFjZ0JoQUd3QUlnQXNBQ0lBUVFCa0FHUUFjZ0JsQUhNQWN3QWlBRG9BZXdBaUFFRUFaQUJrQUhJQVpRQnpBSE1BTVFBaUFEb0FJZ0F4QURRQU1BQXdBQ0FBUlFBZ0FFSUFUd0JWQUV3QVJBQkZBRklBSUFCVEFGUUFJZ0FzQUNJQVFRQmtBR1FBY2dCbEFITUFjd0F5QUNJQU9nQWlBQ0lBTEFBaUFFTUFhUUIwQUhrQUlnQTZBQ0lBUXdCUEFFd0FUd0JTQUVFQVJBQlBBQ0FBVXdCUUFGSUFTUUJPQUVjQVV3QWlBQ3dBSWdCVEFIUUFZUUIwQUdVQUlnQTZBQ0lBUXdCUEFDSUFMQUFpQUZvQWFRQndBQ0lBT2dBaUFEZ0FNQUE1QURBQU9RQWlBQ3dBSWdCSEFHVUFid0JLQUhNQWJ3QnVBQ0lBT2dCN0FDSUFWQUI1QUhBQVpRQWlBRG9BSWdCUUFHOEFhUUJ1QUhRQUlnQXNBQ0lBUXdCdkFHOEFjZ0JrQUdrQWJnQmhBSFFBWlFCekFDSUFPZ0JiQUNJQUxRQXhBREFBTkFBdUFEZ0FJZ0FzQUNJQU13QTRBQzRBT0FBekFEZ0FPQUFpQUYwQWZRQjlBQ3dBSWdCUUFISUFhUUJ0QUdFQWNnQjVBRk1BWlFCeUFIWUFhUUJqQUdVQVFRQnlBR1VBWVFCYUFHa0FjQUJEQUc4QVpBQmxBSE1BSWdBNkFGc0FJZ0E0QURBQU1RQXdBRFlBSWdBc0FDSUFPQUF3QURFQU13QXlBQ0lBTEFBaUFEZ0FNQUF4QURNQU13QWlBQ3dBSWdBNEFEQUFPQUF3QURnQUlnQXNBQ0lBT0FBd0FEZ0FNQUE1QUNJQUxBQWlBRGdBTUFBNEFERUFOd0FpQUN3QUlnQTRBREFBT0FBeEFEa0FJZ0FzQUNJQU9BQXdBRGdBTWdBNUFDSUFMQUFpQURnQU1BQTRBRE1BTVFBaUFDd0FJZ0E0QURBQU9BQXpBRElBSWdBc0FDSUFPQUF3QURnQU13QXpBQ0lBTEFBaUFEZ0FNQUE0QURRQU1BQWlBQ3dBSWdBNEFEQUFPQUEwQURFQUlnQXNBQ0lBT0FBd0FEZ0FOZ0EwQUNJQUxBQWlBRGdBTUFBNUFEQUFNUUFpQUN3QUlnQTRBREFBT1FBd0FESUFJZ0FzQUNJQU9BQXdBRGtBTUFBekFDSUFMQUFpQURnQU1BQTVBREFBTkFBaUFDd0FJZ0E0QURBQU9RQXdBRFVBSWdBc0FDSUFPQUF3QURrQU1BQTJBQ0lBTEFBaUFEZ0FNQUE1QURBQU53QWlBQ3dBSWdBNEFEQUFPUUF3QURnQUlnQXNBQ0lBT0FBd0FEa0FNQUE1QUNJQUxBQWlBRGdBTUFBNUFERUFNQUFpQUN3QUlnQTRBREFBT1FBeEFERUFJZ0FzQUNJQU9BQXdBRGtBTVFBeUFDSUFMQUFpQURnQU1BQTVBREVBTXdBaUFDd0FJZ0E0QURBQU9RQXhBRFFBSWdBc0FDSUFPQUF3QURrQU1RQTFBQ0lBTEFBaUFEZ0FNQUE1QURFQU5nQWlBQ3dBSWdBNEFEQUFPUUF4QURjQUlnQXNBQ0lBT0FBd0FEa0FNUUE0QUNJQUxBQWlBRGdBTUFBNUFERUFPUUFpQUN3QUlnQTRBREFBT1FBeUFEQUFJZ0FzQUNJQU9BQXdBRGtBTWdBeEFDSUFMQUFpQURnQU1BQTVBRElBTWdBaUFDd0FJZ0E0QURBQU9RQXlBRE1BSWdBc0FDSUFPQUF3QURrQU1nQTBBQ0lBTEFBaUFEZ0FNQUE1QURJQU5RQWlBQ3dBSWdBNEFEQUFPUUF5QURZQUlnQXNBQ0lBT0FBd0FEa0FNZ0EzQUNJQUxBQWlBRGdBTUFBNUFESUFPQUFpQUN3QUlnQTRBREFBT1FBeUFEa0FJZ0FzQUNJQU9BQXdBRGtBTXdBd0FDSUFMQUFpQURnQU1BQTVBRE1BTVFBaUFDd0FJZ0E0QURBQU9RQXpBRElBSWdBc0FDSUFPQUF3QURrQU13QXpBQ0lBTEFBaUFEZ0FNQUE1QURNQU5BQWlBQ3dBSWdBNEFEQUFPUUF6QURVQUlnQXNBQ0lBT0FBd0FEa0FNd0EyQUNJQUxBQWlBRGdBTUFBNUFETUFOd0FpQUN3QUlnQTRBREFBT1FBekFEZ0FJZ0FzQUNJQU9BQXdBRGtBTXdBNUFDSUFMQUFpQURnQU1BQTVBRFFBTVFBaUFDd0FJZ0E0QURBQU9RQTBBRElBSWdBc0FDSUFPQUF3QURrQU5BQXpBQ0lBTEFBaUFEZ0FNQUE1QURRQU5BQWlBQ3dBSWdBNEFEQUFPUUEwQURVQUlnQXNBQ0lBT0FBd0FEa0FOQUEyQUNJQUxBQWlBRGdBTUFBNUFEUUFOd0FpQUN3QUlnQTRBREFBT1FBMEFEa0FJZ0FzQUNJQU9BQXdBRGtBTlFBd0FDSUFMQUFpQURnQU1BQTVBRFVBTVFBaUFDd0FJZ0E0QURBQU9RQTJBREFBSWdBc0FDSUFPQUF3QURrQU5nQXlBQ0lBTEFBaUFEZ0FNQUE1QURjQU1BQWlBQ3dBSWdBNEFEQUFPUUEzQURjQUlnQXNBQ0lBT0FBd0FEa0FPUUExQUNJQUxBQWlBRGdBTUFBNUFEa0FOd0FpQUYwQUxBQWlBRk1BWlFCakFHOEFiZ0JrQUdFQWNnQjVBRk1BWlFCeUFIWUFhUUJqQUdVQVFRQnlBR1VBWVFCYUFHa0FjQUJEQUc4QVpBQmxBSE1BSWdBNkFGc0FJZ0E0QURBQU9BQXhBRE1BSWdBc0FDSUFPQUF3QURnQU1RQTBBQ0lBTEFBaUFEZ0FNQUE0QURFQU5nQWlBQ3dBSWdBNEFEQUFPQUEyQURBQUlnQXNBQ0lBT0FBd0FEZ0FOZ0F6QUNJQUxBQWlBRGdBTUFBNEFEWUFOZ0FpQUN3QUlnQTRBREVBTUFBd0FERUFJZ0FzQUNJQU9BQXhBREFBTUFBeUFDSUFMQUFpQURnQU1RQXdBREFBTXdBaUFDd0FJZ0E0QURFQU1BQXdBRFFBSWdBc0FDSUFPQUF4QURBQU1BQTFBQ0lBTEFBaUFEZ0FNUUF3QURBQU5nQWlBQ3dBSWdBNEFERUFNQUF3QURjQUlnQXNBQ0lBT0FBeEFEQUFNQUE0QUNJQUxBQWlBRGdBTVFBd0FEQUFPUUFpQUN3QUlnQTRBREVBTUFBeEFEQUFJZ0FzQUNJQU9BQXhBREFBTVFBeEFDSUFMQUFpQURnQU1RQXdBREVBTWdBaUFDd0FJZ0E0QURFQU1BQXhBRGtBSWdBc0FDSUFPQUF4QURBQU1nQXlBQ0lBTEFBaUFEZ0FNUUF3QURJQU13QWlBQ3dBSWdBNEFERUFNQUF5QURVQUlnQXNBQ0lBT0FBeEFEQUFNd0F3QUNJQUxBQWlBRGdBTVFBd0FETUFPUUFpQUN3QUlnQTRBREVBTUFBMEFERUFJZ0FzQUNJQU9BQXhBREFBTkFBekFDSUFMQUFpQURnQU1RQXdBRFFBTndBaUFDd0FJZ0E0QURFQU1BQTFBREFBSWdBc0FDSUFPQUF4QURBQU5RQXlBQ0lBTEFBaUFEZ0FNUUF3QURVQU9BQWlBQ3dBSWdBNEFERUFNQUEyQURjQUlnQXNBQ0lBT0FBeEFEQUFOZ0E1QUNJQUxBQWlBRGdBTVFBd0FEY0FOd0FpQUN3QUlnQTRBREVBTUFBNUFESUFJZ0FzQUNJQU9BQXhBRElBTVFBeUFDSUFMQUFpQURnQU1RQXlBREVBTlFBaUFDd0FJZ0E0QURFQU1nQXlBREVBSWdBc0FDSUFPQUF4QURJQU1nQXlBQ0lBTEFBaUFEZ0FNUUF5QURJQU13QWlBQ3dBSWdBNEFERUFNZ0F5QURZQUlnQXNBQ0lBT0FBeEFESUFNd0F5QUNJQUxBQWlBRGdBTVFBeUFETUFNd0FpQUN3QUlnQTRBREVBTWdBMEFEQUFJZ0FzQUNJQU9BQXhBRElBTkFBMEFDSUFMQUFpQURnQU1RQXlBRGtBTUFBaUFGMEFMQUFpQUZRQVpRQnlBSFFBYVFCaEFISUFlUUJUQUdVQWNnQjJBR2tBWXdCbEFFRUFjZ0JsQUdFQVdnQnBBSEFBUXdCdkFHUUFaUUJ6QUNJQU9nQmJBQ0lBT0FBd0FERUFNQUF4QUNJQUxBQWlBRGdBTUFBeEFEQUFOd0FpQUN3QUlnQTRBREFBTVFBeEFEY0FJZ0FzQUNJQU9BQXdBRFFBTWdBd0FDSUFMQUFpQURnQU1BQTBBRElBTVFBaUFDd0FJZ0E0QURBQU5BQXpBRElBSWdBc0FDSUFPQUF3QURRQU5BQXdBQ0lBTEFBaUFEZ0FNQUEwQURRQU9BQWlBQ3dBSWdBNEFEQUFOQUEwQURrQUlnQXNBQ0lBT0FBd0FEUUFOUUEyQUNJQUxBQWlBRGdBTUFBMEFEY0FOUUFpQUN3QUlnQTRBREFBT0FBd0FESUFJZ0FzQUNJQU9BQXdBRGdBTUFBMEFDSUFMQUFpQURnQU1BQTRBREFBTlFBaUFDd0FJZ0E0QURBQU9BQXdBRGNBSWdBc0FDSUFPQUF3QURnQU1RQXdBQ0lBTEFBaUFEZ0FNQUE0QURFQU5RQWlBQ3dBSWdBNEFEQUFPQUF4QURnQUlnQXNBQ0lBT0FBd0FEZ0FNZ0F3QUNJQUxBQWlBRGdBTUFBNEFESUFNUUFpQUN3QUlnQTRBREFBT0FBeUFETUFJZ0FzQUNJQU9BQXdBRGdBTWdBMUFDSUFMQUFpQURnQU1BQTRBRElBTmdBaUFDd0FJZ0E0QURBQU9BQXlBRGNBSWdBc0FDSUFPQUF3QURnQU1nQTRBQ0lBTEFBaUFEZ0FNQUE0QURNQU1BQWlBQ3dBSWdBNEFEQUFPQUF6QURRQUlnQXNBQ0lBT0FBd0FEZ0FNd0ExQUNJQUxBQWlBRGdBTUFBNEFETUFOZ0FpQUN3QUlnQTRBREFBT0FBMkFERUFJZ0FzQUNJQU9BQXdBRGdBTmdBeUFDSUFMQUFpQURnQU1RQXdBRElBTUFBaUFDd0FJZ0E0QURFQU1BQXlBREVBSWdBc0FDSUFPQUF4QURBQU1nQTBBQ0lBTEFBaUFEZ0FNUUF3QURJQU53QWlBQ3dBSWdBNEFERUFNQUF5QURrQUlnQXNBQ0lBT0FBeEFEQUFNd0F6QUNJQUxBQWlBRGdBTVFBd0FETUFOQUFpQUN3QUlnQTRBREVBTUFBekFEWUFJZ0FzQUNJQU9BQXhBREFBTXdBNEFDSUFMQUFpQURnQU1RQXdBRFFBTUFBaUFDd0FJZ0E0QURFQU1BQTBBRFFBSWdBc0FDSUFPQUF4QURBQU5BQTFBQ0lBTEFBaUFEZ0FNUUF3QURRQU5nQWlBQ3dBSWdBNEFERUFNQUEwQURrQUlnQXNBQ0lBT0FBeEFEQUFOUUEwQUNJQUxBQWlBRGdBTVFBd0FEVUFOUUFpQUN3QUlnQTRBREVBTUFBMUFEY0FJZ0FzQUNJQU9BQXhBREFBTlFBNUFDSUFMQUFpQURnQU1RQXdBRFlBTWdBaUFDd0FJZ0E0QURFQU1BQTJBRE1BSWdBc0FDSUFPQUF4QURBQU5nQTBBQ0lBTEFBaUFEZ0FNUUF3QURjQU1RQWlBQ3dBSWdBNEFERUFNQUEzQURNQUlnQXNBQ0lBT0FBeEFEQUFOd0EyQUNJQUxBQWlBRGdBTVFBd0FEZ0FNUUFpQUN3QUlnQTRBREVBTUFBNEFESUFJZ0FzQUNJQU9BQXhBREFBT0FBMEFDSUFMQUFpQURnQU1RQXdBRGdBTndBaUFDd0FJZ0E0QURFQU1BQTRBRGtBSWdBc0FDSUFPQUF4QURBQU9RQXdBQ0lBTEFBaUFEZ0FNUUF3QURrQU1RQWlBQ3dBSWdBNEFERUFNUUF3QURFQUlnQXNBQ0lBT0FBeEFERUFNQUF5QUNJQUxBQWlBRGdBTVFBeEFESUFNQUFpQUN3QUlnQTRBREVBTVFBeUFETUFJZ0FzQUNJQU9BQXhBREVBTWdBMEFDSUFMQUFpQURnQU1RQXhBRElBTlFBaUFDd0FJZ0E0QURFQU1RQXlBRFlBSWdBc0FDSUFPQUF4QURFQU1nQTVBQ0lBTEFBaUFEZ0FNUUF4QURNQU1RQWlBQ3dBSWdBNEFERUFNUUF6QURJQUlnQXNBQ0lBT0FBeEFERUFNd0F6QUNJQUxBQWlBRGdBTVFBeEFETUFOUUFpQUN3QUlnQTRBREVBTVFBekFEWUFJZ0FzQUNJQU9BQXhBREVBTXdBNEFDSUFMQUFpQURnQU1RQXhBRFFBTUFBaUFDd0FJZ0E0QURFQU1RQTBBREVBSWdBc0FDSUFPQUF4QURFQU5BQXpBQ0lBTEFBaUFEZ0FNUUF4QURRQU5BQWlBQ3dBSWdBNEFERUFNUUEwQURZQUlnQXNBQ0lBT0FBeEFERUFOQUE0QUNJQUxBQWlBRGdBTVFBeEFEUUFPUUFpQUN3QUlnQTRBREVBTVFBMUFERUFJZ0FzQUNJQU9BQXhBREVBTlFBeUFDSUFMQUFpQURnQU1RQXhBRFVBTkFBaUFDd0FJZ0E0QURFQU1RQTFBRFVBSWdBc0FDSUFPQUF4QURJQU1BQXhBQ0lBTEFBaUFEZ0FNUUF5QURFQU1RQWlBQ3dBSWdBNEFERUFNZ0F5QURjQUlnQXNBQ0lBT0FBeEFESUFNZ0E0QUNJQUxBQWlBRGdBTVFBeUFETUFOZ0FpQUN3QUlnQTRBREVBTWdBMEFESUFJZ0FzQUNJQU9BQXhBRElBTkFBNEFDSUFMQUFpQURnQU1RQXlBRFVBTWdBaUFDd0FJZ0E0QURFQU1nQTFBRE1BSWdCZEFDd0FJZ0JUQUdVQWJBQmxBR01BZEFCbEFHUUFXZ0JwQUhBQVF3QnZBR1FBWlFCekFDSUFPZ0JiQUNJQU9BQXdBREVBTUFBeEFDSUFMQUFpQURnQU1BQXhBREFBTmdBaUFDd0FJZ0E0QURBQU1RQXdBRGNBSWdBc0FDSUFPQUF3QURFQU1RQTNBQ0lBTEFBaUFEZ0FNQUF4QURNQU1nQWlBQ3dBSWdBNEFEQUFNUUF6QURNQUlnQXNBQ0lBT0FBd0FEUUFNZ0F3QUNJQUxBQWlBRGdBTUFBMEFESUFNUUFpQUN3QUlnQTRBREFBTkFBekFESUFJZ0FzQUNJQU9BQXdBRFFBTkFBd0FDSUFMQUFpQURnQU1BQTBBRFFBT0FBaUFDd0FJZ0E0QURBQU5BQTBBRGtBSWdBc0FDSUFPQUF3QURRQU5RQTJBQ0lBTEFBaUFEZ0FNQUEwQURjQU5RQWlBQ3dBSWdBNEFEQUFPQUF3QURJQUlnQXNBQ0lBT0FBd0FEZ0FNQUEwQUNJQUxBQWlBRGdBTUFBNEFEQUFOUUFpQUN3QUlnQTRBREFBT0FBd0FEY0FJZ0FzQUNJQU9BQXdBRGdBTUFBNEFDSUFMQUFpQURnQU1BQTRBREFBT1FBaUFDd0FJZ0E0QURBQU9BQXhBREFBSWdBc0FDSUFPQUF3QURnQU1RQXpBQ0lBTEFBaUFEZ0FNQUE0QURFQU5BQWlBQ3dBSWdBNEFEQUFPQUF4QURVQUlnQXNBQ0lBT0FBd0FEZ0FNUUEyQUNJQUxBQWlBRGdBTUFBNEFERUFOd0FpQUN3QUlnQTRBREFBT0FBeEFEZ0FJZ0FzQUNJQU9BQXdBRGdBTVFBNUFDSUFMQUFpQURnQU1BQTRBRElBTUFBaUFDd0FJZ0E0QURBQU9BQXlBREVBSWdBc0FDSUFPQUF3QURnQU1nQXpBQ0lBTEFBaUFEZ0FNQUE0QURJQU5RQWlBQ3dBSWdBNEFEQUFPQUF5QURZQUlnQXNBQ0lBT0FBd0FEZ0FNZ0EzQUNJQUxBQWlBRGdBTUFBNEFESUFPQUFpQUN3QUlnQTRBREFBT0FBeUFEa0FJZ0FzQUNJQU9BQXdBRGdBTXdBd0FDSUFMQUFpQURnQU1BQTRBRE1BTVFBaUFDd0FJZ0E0QURBQU9BQXpBRElBSWdBc0FDSUFPQUF3QURnQU13QXpBQ0lBTEFBaUFEZ0FNQUE0QURNQU5BQWlBQ3dBSWdBNEFEQUFPQUF6QURVQUlnQXNBQ0lBT0FBd0FEZ0FNd0EyQUNJQUxBQWlBRGdBTUFBNEFEUUFNQUFpQUN3QUlnQTRBREFBT0FBMEFERUFJZ0FzQUNJQU9BQXdBRGdBTmdBd0FDSUFMQUFpQURnQU1BQTRBRFlBTVFBaUFDd0FJZ0E0QURBQU9BQTJBRElBSWdBc0FDSUFPQUF3QURnQU5nQXpBQ0lBTEFBaUFEZ0FNQUE0QURZQU5BQWlBQ3dBSWdBNEFEQUFPQUEyQURZQUlnQXNBQ0lBT0FBd0FEa0FNQUF4QUNJQUxBQWlBRGdBTUFBNUFEQUFNZ0FpQUN3QUlnQTRBREFBT1FBd0FETUFJZ0FzQUNJQU9BQXdBRGtBTUFBMEFDSUFMQUFpQURnQU1BQTVBREFBTlFBaUFDd0FJZ0E0QURBQU9RQXdBRFlBSWdBc0FDSUFPQUF3QURrQU1BQTNBQ0lBTEFBaUFEZ0FNQUE1QURBQU9BQWlBQ3dBSWdBNEFEQUFPUUF3QURrQUlnQXNBQ0lBT0FBd0FEa0FNUUF3QUNJQUxBQWlBRGdBTUFBNUFERUFNUUFpQUN3QUlnQTRBREFBT1FBeEFESUFJZ0FzQUNJQU9BQXdBRGtBTVFBekFDSUFMQUFpQURnQU1BQTVBREVBTkFBaUFDd0FJZ0E0QURBQU9RQXhBRFVBSWdBc0FDSUFPQUF3QURrQU1RQTJBQ0lBTEFBaUFEZ0FNQUE1QURFQU53QWlBQ3dBSWdBNEFEQUFPUUF4QURnQUlnQXNBQ0lBT0FBd0FEa0FNUUE1QUNJQUxBQWlBRGdBTUFBNUFESUFNQUFpQUN3QUlnQTRBREFBT1FBeUFERUFJZ0FzQUNJQU9BQXdBRGtBTWdBeUFDSUFMQUFpQURnQU1BQTVBRElBTXdBaUFDd0FJZ0E0QURBQU9RQXlBRFFBSWdBc0FDSUFPQUF3QURrQU1nQTFBQ0lBTEFBaUFEZ0FNQUE1QURJQU5nQWlBQ3dBSWdBNEFEQUFPUUF5QURjQUlnQXNBQ0lBT0FBd0FEa0FNZ0E0QUNJQUxBQWlBRGdBTUFBNUFESUFPUUFpQUN3QUlnQTRBREFBT1FBekFEQUFJZ0FzQUNJQU9BQXdBRGtBTXdBeEFDSUFMQUFpQURnQU1BQTVBRE1BTWdBaUFDd0FJZ0E0QURBQU9RQXpBRE1BSWdBc0FDSUFPQUF3QURrQU13QTBBQ0lBTEFBaUFEZ0FNQUE1QURNQU5RQWlBQ3dBSWdBNEFEQUFPUUF6QURZQUlnQXNBQ0lBT0FBd0FEa0FNd0EzQUNJQUxBQWlBRGdBTUFBNUFETUFPQUFpQUN3QUlnQTRBREFBT1FBekFEa0FJZ0FzQUNJQU9BQXdBRGtBTkFBeEFDSUFMQUFpQURnQU1BQTVBRFFBTWdBaUFDd0FJZ0E0QURBQU9RQTBBRFFBSWdBc0FDSUFPQUF3QURrQU5BQTJBQ0lBTEFBaUFEZ0FNQUE1QURRQU53QWlBQ3dBSWdBNEFEQUFPUUEwQURrQUlnQXNBQ0lBT0FBd0FEa0FOUUF3QUNJQUxBQWlBRGdBTUFBNUFEVUFNUUFpQUN3QUlnQTRBREFBT1FBMkFEQUFJZ0FzQUNJQU9BQXdBRGtBTmdBeUFDSUFMQUFpQURnQU1BQTVBRGNBTUFBaUFDd0FJZ0E0QURBQU9RQTNBRGNBSWdBc0FDSUFPQUF3QURrQU9RQTFBQ0lBTEFBaUFEZ0FNQUE1QURrQU53QWlBQ3dBSWdBNEFERUFNQUF3QURFQUlnQXNBQ0lBT0FBeEFEQUFNQUF5QUNJQUxBQWlBRGdBTVFBd0FEQUFNd0FpQUN3QUlnQTRBREVBTUFBd0FEUUFJZ0FzQUNJQU9BQXhBREFBTUFBMUFDSUFMQUFpQURnQU1RQXdBREFBTmdBaUFDd0FJZ0E0QURFQU1BQXdBRGNBSWdBc0FDSUFPQUF4QURBQU1BQTRBQ0lBTEFBaUFEZ0FNUUF3QURBQU9RQWlBQ3dBSWdBNEFERUFNQUF4QURBQUlnQXNBQ0lBT0FBeEFEQUFNUUF4QUNJQUxBQWlBRGdBTVFBd0FERUFNZ0FpQUN3QUlnQTRBREVBTUFBeEFEa0FJZ0FzQUNJQU9BQXhBREFBTWdBd0FDSUFMQUFpQURnQU1RQXdBRElBTVFBaUFDd0FJZ0E0QURFQU1BQXlBRElBSWdBc0FDSUFPQUF4QURBQU1nQXpBQ0lBTEFBaUFEZ0FNUUF3QURJQU5BQWlBQ3dBSWdBNEFERUFNQUF5QURVQUlnQXNBQ0lBT0FBeEFEQUFNZ0EzQUNJQUxBQWlBRGdBTVFBd0FESUFPUUFpQUN3QUlnQTRBREVBTUFBekFEQUFJZ0FzQUNJQU9BQXhBREFBTXdBekFDSUFMQUFpQURnQU1RQXdBRE1BTkFBaUFDd0FJZ0E0QURFQU1BQXpBRFlBSWdBc0FDSUFPQUF4QURBQU13QTRBQ0lBTEFBaUFEZ0FNUUF3QURNQU9RQWlBQ3dBSWdBNEFERUFNQUEwQURBQUlnQXNBQ0lBT0FBeEFEQUFOQUF4QUNJQUxBQWlBRGdBTVFBd0FEUUFNd0FpQUN3QUlnQTRBREVBTUFBMEFEUUFJZ0FzQUNJQU9BQXhBREFBTkFBMUFDSUFMQUFpQURnQU1RQXdBRFFBTmdBaUFDd0FJZ0E0QURFQU1BQTBBRGNBSWdBc0FDSUFPQUF4QURBQU5BQTVBQ0lBTEFBaUFEZ0FNUUF3QURVQU1BQWlBQ3dBSWdBNEFERUFNQUExQURJQUlnQXNBQ0lBT0FBeEFEQUFOUUEwQUNJQUxBQWlBRGdBTVFBd0FEVUFOUUFpQUN3QUlnQTRBREVBTUFBMUFEY0FJZ0FzQUNJQU9BQXhBREFBTlFBNEFDSUFMQUFpQURnQU1RQXdBRFVBT1FBaUFDd0FJZ0E0QURFQU1BQTJBRElBSWdBc0FDSUFPQUF4QURBQU5nQXpBQ0lBTEFBaUFEZ0FNUUF3QURZQU5BQWlBQ3dBSWdBNEFERUFNQUEyQURjQUlnQXNBQ0lBT0FBeEFEQUFOZ0E1QUNJQUxBQWlBRGdBTVFBd0FEY0FNUUFpQUN3QUlnQTRBREVBTUFBM0FETUFJZ0FzQUNJQU9BQXhBREFBTndBMkFDSUFMQUFpQURnQU1RQXdBRGNBTndBaUFDd0FJZ0E0QURFQU1BQTRBREVBSWdBc0FDSUFPQUF4QURBQU9BQXlBQ0lBTEFBaUFEZ0FNUUF3QURnQU5BQWlBQ3dBSWdBNEFERUFNQUE0QURjQUlnQXNBQ0lBT0FBeEFEQUFPQUE1QUNJQUxBQWlBRGdBTVFBd0FEa0FNQUFpQUN3QUlnQTRBREVBTUFBNUFERUFJZ0FzQUNJQU9BQXhBREFBT1FBeUFDSUFMQUFpQURnQU1RQXhBREFBTVFBaUFDd0FJZ0E0QURFQU1RQXdBRElBSWdBc0FDSUFPQUF4QURFQU1nQXdBQ0lBTEFBaUFEZ0FNUUF4QURJQU13QWlBQ3dBSWdBNEFERUFNUUF5QURRQUlnQXNBQ0lBT0FBeEFERUFNZ0ExQUNJQUxBQWlBRGdBTVFBeEFESUFOZ0FpQUN3QUlnQTRBREVBTVFBeUFEa0FJZ0FzQUNJQU9BQXhBREVBTXdBeEFDSUFMQUFpQURnQU1RQXhBRE1BTWdBaUFDd0FJZ0E0QURFQU1RQXpBRE1BSWdBc0FDSUFPQUF4QURFQU13QTFBQ0lBTEFBaUFEZ0FNUUF4QURNQU5nQWlBQ3dBSWdBNEFERUFNUUF6QURnQUlnQXNBQ0lBT0FBeEFERUFOQUF3QUNJQUxBQWlBRGdBTVFBeEFEUUFNUUFpQUN3QUlnQTRBREVBTVFBMEFETUFJZ0FzQUNJQU9BQXhBREVBTkFBMEFDSUFMQUFpQURnQU1RQXhBRFFBTmdBaUFDd0FJZ0E0QURFQU1RQTBBRGdBSWdBc0FDSUFPQUF4QURFQU5BQTVBQ0lBTEFBaUFEZ0FNUUF4QURVQU1RQWlBQ3dBSWdBNEFERUFNUUExQURJQUlnQXNBQ0lBT0FBeEFERUFOUUEwQUNJQUxBQWlBRGdBTVFBeEFEVUFOUUFpQUN3QUlnQTRBREVBTWdBd0FERUFJZ0FzQUNJQU9BQXhBRElBTVFBeEFDSUFMQUFpQURnQU1RQXlBREVBTWdBaUFDd0FJZ0E0QURFQU1nQXhBRFVBSWdBc0FDSUFPQUF4QURJQU1nQXhBQ0lBTEFBaUFEZ0FNUUF5QURJQU1nQWlBQ3dBSWdBNEFERUFNZ0F5QURNQUlnQXNBQ0lBT0FBeEFESUFNZ0EyQUNJQUxBQWlBRGdBTVFBeUFESUFOd0FpQUN3QUlnQTRBREVBTWdBeUFEZ0FJZ0FzQUNJQU9BQXhBRElBTXdBeUFDSUFMQUFpQURnQU1RQXlBRE1BTXdBaUFDd0FJZ0E0QURFQU1nQXpBRFlBSWdBc0FDSUFPQUF4QURJQU5BQXdBQ0lBTEFBaUFEZ0FNUUF5QURRQU1nQWlBQ3dBSWdBNEFERUFNZ0EwQURRQUlnQXNBQ0lBT0FBeEFESUFOQUE0QUNJQUxBQWlBRGdBTVFBeUFEVUFNZ0FpQUN3QUlnQTRBREVBTWdBMUFETUFJZ0FzQUNJQU9BQXhBRElBT1FBd0FDSUFYUUFzQUNJQVVnQmhBR1FBYVFCMUFITUFSQUJsQUhNQVl3QnlBR2tBY0FCMEFHOEFjZ0J6QUNJQU9nQmJBRjBBTEFBaUFGTUFaUUJ5QUhZQWFRQmpBR1VBUVFCeUFHVUFZUUJVQUdVQWVBQjBBQ0lBT2dBaUFGQUFjZ0JwQUcwQVlRQnlBSGtBTEFBZ0FGTUFaUUJqQUc4QWJnQmtBR0VBY2dCNUFDd0FJQUJVQUdVQWNnQjBBR2tBWVFCeUFIa0FJZ0I5QUYwQUxBQWlBRVlBYVFCc0FIUUFaUUJ5QUZZQVlRQnNBSFVBWlFCVEFHVUFiQUJsQUdNQWRBQnBBRzhBYmdCekFDSUFPZ0JiQUhzQUlnQkdBR2tBYkFCMEFHVUFjZ0JPQUdFQWJRQmxBQ0lBT2dBaUFGWUFZUUJzQUdrQVpBQkJBR1FBWkFCeUFHVUFjd0J6QUNJQUxBQWlBRVVBZUFCakFHd0FkUUJrQUdVQVZnQmhBR3dBZFFCbEFITUFJZ0E2QUZzQUlnQkdBR0VBYkFCekFHVUFJZ0JkQUN3QUlnQkpBRzRBWXdCc0FIVUFaQUJsQUZZQVlRQnNBSFVBWlFCekFDSUFPZ0JiQUYwQWZRQmRBQ3dBSWdCSkFHNEFSUUI0QUdNQWJBQjFBSE1BYVFCdkFHNEFVQUJoQUhNQWRBQk1BR2tBY3dCMEFFa0FaQUJ6QUNJQU9nQmJBQ0lBTlFBMkFEY0FNUUExQURVQU9RQXpBRGNBWmdBeEFEZ0FaQUEzQURJQU53QXhBRGdBTXdBekFHRUFZd0EzQURBQUlnQXNBQ0lBTlFBMkFHRUFPUUJpQURVQU1BQTNBRElBWXdBM0FEWUFaQUE1QURFQVpnQmtBREFBWmdCakFHUUFNd0JrQUdRQUlnQXNBQ0lBTlFBMkFEa0FaZ0JtQURnQU5nQmtBRGNBWmdBeEFEZ0FaQUEzQURFQU53QXhBRGdBWlFBMEFHVUFaUUF3QURNQUlnQXNBQ0lBTlFBMkFEY0FPUUJqQURJQU53QTNBRElBWXdBM0FEWUFaQUE1QURFQU1BQmpBREFBWmdBNUFEQUFNUUF3QURRQUlnQXNBQ0lBTlFBMkFEa0FOZ0ExQURNQVpRQmtBRElBWXdBM0FEWUFaQUE1QURBQVpnQTNBR01BTWdCbEFEZ0FZUUE0QURVQUlnQXNBQ0lBTlFBMkFEWUFPUUJtQURVQU9BQmpBRGNBWmdBeEFEZ0FaQUEzQURJQVpRQm1BRFFBT1FCbUFEWUFaZ0EwQUdFQUlnQXNBQ0lBTlFBMkFEY0FNQUE0QUdFQVlnQXlBRElBWXdBM0FEWUFaQUE1QURJQU9BQmhBR01BTUFCbEFEWUFOUUJtQURjQUlnQXNBQ0lBTlFBMkFEWUFZUUF3QURNQU53Qm1BRGNBWmdBeEFEZ0FaQUEzQURJQVpRQm1BRFFBT1FCbUFEWUFaZ0EwQUdJQUlnQXNBQ0lBTlFBMkFEa0FaZ0JpQURBQU9RQmtBRGNBWmdBeEFEZ0FaQUEzQURFQU53QmpBR01BWmdCaUFESUFNUUJtQURBQUlnQXNBQ0lBTlFBMkFEZ0FOUUF6QURVQU1RQTRBRGNBWmdBeEFEZ0FaQUEzQURBQVlnQTVBRFFBT1FBMkFEZ0FaZ0F3QURRQUlnQXNBQ0lBTlFBMkFEY0FPUUJpQUdJQVpBQmhBRElBWXdBM0FEWUFaQUE1QURBQU53QmpBR01BTXdCbUFEQUFNUUEzQUdZQUlnQXNBQ0lBTlFBMkFEY0FPQUExQURRQU1nQmlBRElBWXdBM0FEWUFaQUE1QURFQU1BQTBBR01BWkFBNUFHWUFNd0F6QURRQUlnQXNBQ0lBTlFBMkFEY0FOd0F5QURJQU5RQmpBRElBWXdBM0FEWUFaQUE1QURBQVpnQTNBREFBTUFBeUFESUFaQUJsQURBQUlnQXNBQ0lBTlFBMkFEa0FOZ0EzQURJQU5RQXdBRElBWXdBM0FEWUFaQUE1QURJQU1nQmxBR01BWkFCaUFEZ0FNZ0JsQURnQUlnQXNBQ0lBTlFBMkFEZ0FaQUE0QURrQU9RQmlBRElBWXdBM0FEWUFaQUE1QURBQVpnQXlBR01BWXdBeEFHUUFaZ0ExQUdZQUlnQXNBQ0lBTlFBMkFEZ0FaQUF6QURJQU13QmpBRGNBWmdBeEFEZ0FaQUEzQURJQU5RQmhBR01BTVFBMkFHRUFNUUF6QURZQUlnQXNBQ0lBTlFBMkFEZ0FZUUJqQUdFQU9BQmxBRGNBWmdBeEFEZ0FaQUEzQURNQU1nQmhBR01BT1FCaEFHVUFNUUF6QUdZQUlnQXNBQ0lBTlFBMkFEa0FaZ0JtQUdJQU13QTBBRGNBWmdBeEFEZ0FaQUEzQURFQU53QXhBRGdBWlFBMEFHVUFaZ0F4QURNQUlnQXNBQ0lBTlFBMkFEa0FaZ0JtQURrQU13QmhBRGNBWmdBeEFEZ0FaQUEzQURFQU53QXhBRGdBWlFBMEFHVUFaUUEwQUdVQUlnQXNBQ0lBTlFBMkFEZ0FOQUF5QURnQU5nQm1BRElBWXdBM0FEWUFaQUE1QURFQVpnQmlBRFFBTVFBMUFHRUFaQUJsQURFQUlnQXNBQ0lBTlFBMkFHSUFNd0E0QURVQU9RQmxBRElBWXdBM0FEWUFaQUE1QURFQU9RQTJBR01BT0FBMUFEQUFOUUJqQURnQUlnQXNBQ0lBTlFBMkFEZ0FZUUF5QURjQU5RQTNBRGNBWmdBeEFEZ0FaQUEzQURBQVlnQTVBRFFBT1FBMkFEZ0FaZ0F3QURnQUlnQXNBQ0lBTlFBMkFHRUFaUUJsQUdVQU5RQmtBRElBWXdBM0FEWUFaQUE1QURJQVpnQTFBREFBTWdBMEFEQUFNUUExQURnQUlnQXNBQ0lBTlFBMkFHRUFPQUJqQUdVQVpRQTFBRElBWXdBM0FEWUFaQUE1QURFQVpnQmtBREFBWmdCakFHUUFNd0F4QUdRQUlnQXNBQ0lBTlFBMkFHSUFaQUJsQURNQU1BQTBBRGNBWmdBeEFEZ0FaQUEzQURBQVlnQm1BRFFBT0FBeEFHSUFNQUF3QURrQUlnQXNBQ0lBTlFBMkFHSUFaQUJtQUdRQVpRQTRBRGNBWmdBeEFEZ0FaQUEzQURBQVlnQm1BRFFBT0FBeEFHSUFNQUEwQURBQUlnQXNBQ0lBTlFBMkFEa0FOQUJqQURnQU9BQTJBRGNBWmdBeEFEZ0FaQUEzQURJQVlRQTBBRGdBTlFCa0FERUFOUUExQUdRQUlnQXNBQ0lBTlFBMkFEa0FaZ0JtQUdFQU5BQXlBRGNBWmdBeEFEZ0FaQUEzQURFQU53QXhBRGdBWlFBMEFHVUFaUUJoQUdJQUlnQXNBQ0lBTlFBMkFHRUFaZ0JqQUdNQU5BQTFBRGNBWmdBeEFEZ0FaQUEzQURJQVl3QTBBRFFBWmdBeEFHSUFOUUJsQURnQUlnQXNBQ0lBTlFBMkFHSUFZUUExQURZQVlRQTNBRElBWXdBM0FEWUFaQUE1QURBQU9BQmlBREFBWWdBNUFEUUFNUUF6QUdNQUlnQXNBQ0lBTlFBMkFHRUFOd0JqQUdZQU9BQXlBRGNBWmdBeEFEZ0FaQUEzQURJQU13QXhBR01BTUFCaUFHTUFNZ0E1QURVQUlnQXNBQ0lBTlFBMkFEa0FaZ0JtQUdFQU5BQXpBRGNBWmdBeEFEZ0FaQUEzQURFQU53QXhBRGdBWlFBMEFHVUFaUUJoQUdNQUlnQXNBQ0lBTlFBMkFEa0FaZ0JtQUdFQU5BQTFBRGNBWmdBeEFEZ0FaQUEzQURFQU53QXhBRGdBWlFBMEFHVUFaUUJoQUdRQUlnQXNBQ0lBTlFBMkFHSUFNd0F4QURjQVlRQXlBRElBWXdBM0FEWUFaQUE1QURFQU9RQTJBR01BT0FBMUFEQUFOUUE1QUdVQUlnQXNBQ0lBTlFBMkFHRUFPUUJoQURBQVpnQmpBRElBWXdBM0FEWUFaQUE1QURFQVpnQmtBREFBWmdCakFHUUFNd0JrQURjQUlnQXNBQ0lBTlFBMkFHSUFOUUF5QURRQVlRQm1BRGNBWmdBeEFEZ0FaQUEzQURBQU5BQTBBRFFBTndCbEFEa0FaZ0E0QURVQUlnQXNBQ0lBTlFBMkFEa0FZUUF6QURFQU1nQmpBRGNBWmdBeEFEZ0FaQUEzQURJQVlnQmlBRFFBWkFCbUFHTUFaQUF3QUdVQUlnQXNBQ0lBTlFBMkFEa0FaZ0JtQUdFQU5BQTJBRGNBWmdBeEFEZ0FaQUEzQURFQU53QXhBRGdBWlFBMEFHVUFaUUJoQUdVQUlnQXNBQ0lBTlFBMkFEa0FaZ0JtQUdFQU5BQTRBRGNBWmdBeEFEZ0FaQUEzQURFQU53QXhBRGdBWlFBMEFHVUFaUUJoQUdZQUlnQXNBQ0lBTlFBMkFEa0FOQUJoQURjQU5nQXdBRElBWXdBM0FEWUFaQUE1QURFQU1nQXhBREFBWkFBeUFEVUFNd0F6QURnQUlnQXNBQ0lBTlFBMkFHRUFPQUE0QURJQVl3QXdBRGNBWmdBeEFEZ0FaQUEzQURJQU13QXhBR01BTUFCaUFHTUFNZ0JsQURVQUlnQXNBQ0lBTlFBMkFEa0FaZ0JtQUdFQU5BQTVBRGNBWmdBeEFEZ0FaQUEzQURFQU53QXhBRGdBWlFBMEFHVUFaUUJpQURBQUlnQXNBQ0lBTlFBMkFHSUFZUUJtQURFQU5BQmhBRGNBWmdBeEFEZ0FaQUEzQURFQU5BQmxBRFFBWXdCa0FHWUFaUUJqQURBQUlnQXNBQ0lBTlFBMkFHSUFOd0F3QUdJQVlnQTVBRElBWXdBM0FEWUFaQUE1QURJQU9BQmtBR01BTXdCaUFHUUFOUUJqQURJQUlnQXNBQ0lBTlFBMkFEa0FOQUJtQURNQU1RQXhBRGNBWmdBeEFEZ0FaQUEzQURJQVlRQTBBRGdBTlFCa0FERUFOUUEyQUdJQUlnQXNBQ0lBTlFBMkFHSUFOUUF4QURJQU1RQm1BRElBWXdBM0FEWUFaQUE1QURJQU9BQmtBR01BTXdCaUFHUUFOUUE0QUdRQUlnQXNBQ0lBTlFBMkFEa0FOQUJpQUdFQU53QmhBRElBWXdBM0FEWUFaQUE1QURFQU1nQXhBREFBWkFBeUFEVUFNd0F6QUdFQUlnQXNBQ0lBTlFBMkFHSUFZUUJsQUdFQVl3QTVBRElBWXdBM0FEWUFaQUE1QURFQU13Qm1BRFFBT0FBeUFEQUFOQUJrQUdNQUlnQXNBQ0lBTlFBMkFEZ0FZd0JoQURNQVlnQm1BRElBWXdBM0FEWUFaQUE1QURBQVpnQmlBRGdBWkFCa0FEUUFNUUJrQURrQUlnQXNBQ0lBTlFBMkFEa0FaZ0JtQUdFQU5BQmlBRGNBWmdBeEFEZ0FaQUEzQURFQU53QXhBRGdBWlFBMEFHVUFaUUJpQURFQUlnQXNBQ0lBTlFBMkFHSUFNZ0ExQURJQVl3QXhBRGNBWmdBeEFEZ0FaQUEzQURFQVpnQTJBRFFBTndCakFEZ0FOQUJrQUdFQUlnQXNBQ0lBTlFBMkFEa0FaZ0E1QURBQU53QTFBRGNBWmdBeEFEZ0FaQUEzQURJQU1nQTRBR01BTUFCa0FESUFOZ0EyQURRQUlnQXNBQ0lBTlFBMkFEa0FaZ0JtQUdFQU5BQmpBRGNBWmdBeEFEZ0FaQUEzQURFQU53QXhBRGdBWlFBMEFHVUFaUUJpQURJQUlnQXNBQ0lBTlFBMkFHSUFNUUJpQUdNQVlnQXdBRElBWXdBM0FEWUFaQUE1QURJQVpnQTFBREFBTWdBMEFEQUFNUUJpQURBQUlnQXNBQ0lBTlFBMkFHSUFZZ0F3QUdRQU5RQTFBRGNBWmdBeEFEZ0FaQUEzQURFQU5BQmxBRFFBWXdCa0FHWUFaUUJrQURBQUlnQXNBQ0lBTlFBMkFHRUFaZ0JqQURVQVpnQmhBRGNBWmdBeEFEZ0FaQUEzQURJQVl3QTBBRFFBWmdBeEFHSUFOUUJsQURjQUlnQXNBQ0lBTlFBMkFEa0FaZ0JtQUdFQU5BQmxBRGNBWmdBeEFEZ0FaQUEzQURFQU53QXhBRGdBWlFBMEFHVUFaUUJpQURNQUlnQXNBQ0lBTlFBMkFEa0FaZ0JtQUdFQU5BQm1BRGNBWmdBeEFEZ0FaQUEzQURFQU53QXhBRGdBWlFBMEFHVUFaUUJpQURRQUlnQXNBQ0lBTlFBMkFEa0FaZ0JtQUdFQU5RQXhBRGNBWmdBeEFEZ0FaQUEzQURFQU53QXhBRGdBWlFBMEFHVUFaUUJpQURVQUlnQXNBQ0lBTlFBMkFHRUFNQUJoQURjQVlRQXpBRGNBWmdBeEFEZ0FaQUEzQURJQU53QmlBRFFBWmdBM0FHTUFOd0JtQUdFQUlnQXNBQ0lBTlFBMkFEa0FaZ0JtQUdFQU5RQXlBRGNBWmdBeEFEZ0FaQUEzQURFQU53QXhBRGdBWlFBMEFHVUFaUUJpQURZQUlnQXNBQ0lBTlFBMkFHRUFZZ0JoQUdNQU1BQmlBRElBWXdBM0FEWUFaQUE1QURJQU1RQmxBREFBTkFCaEFHWUFNd0EzQURZQUlnQXNBQ0lBTlFBMkFHRUFaZ0JpQURVQVpnQTNBRGNBWmdBeEFEZ0FaQUEzQURJQVl3QTBBRFFBWmdBeEFHSUFOUUJsQURFQUlnQXNBQ0lBTlFBMkFHRUFaZ0JpQURrQU5BQTBBRGNBWmdBeEFEZ0FaQUEzQURFQVlnQTVBRGdBTlFCbEFEQUFOZ0F4QURZQUlnQXNBQ0lBTlFBMkFHSUFPQUJoQURZQVlnQmhBRElBWXdBM0FEWUFaQUE1QURJQU9BQmtBR01BTXdCaUFHUUFOZ0F6QURFQUlnQXNBQ0lBTlFBMkFHSUFZd0JoQURRQU9BQTFBRElBWXdBM0FEWUFaQUE1QURFQVpBQmhBR01BTWdBeUFERUFPQUEzQUdFQUlnQXNBQ0lBTlFBMkFEY0FOd0JpQUdFQU1BQTNBRElBWXdBM0FEWUFaQUE1QURBQVpnQTNBREFBTUFBeUFESUFaQUJsQURRQUlnQXNBQ0lBTlFBMkFHSUFNd0JqQUdNQVlRQmpBRGNBWmdBeEFEZ0FaQUEzQURFQVpnQTJBRFFBTndCakFEZ0FOUUF4QURjQUlnQXNBQ0lBTlFBMkFEa0FZZ0E0QURjQVpnQXpBRElBWXdBM0FEWUFaQUE1QURJQU1nQmxBR01BTWdBMkFHRUFOd0E0QUdJQUlnQXNBQ0lBTlFBMkFEa0FaZ0JtQUdFQU5RQTBBRGNBWmdBeEFEZ0FaQUEzQURFQU53QXhBRGdBWlFBMEFHVUFaUUJpQURjQUlnQXNBQ0lBTlFBMkFEa0FaZ0JtQUdFQU5RQTJBRGNBWmdBeEFEZ0FaQUEzQURFQU53QXhBRGdBWlFBMEFHVUFaUUJpQURnQUlnQXNBQ0lBTlFBMkFEZ0FZd0JsQURVQVpnQTVBRElBWXdBM0FEWUFaQUE1QURBQVpnQmlBRGdBWkFCa0FEUUFNUUJrQUdZQUlnQXNBQ0lBTlFBMkFHRUFZUUEwQURBQU1BQTJBRGNBWmdBeEFEZ0FaQUEzQURJQU13QXhBR01BTUFCaUFHTUFOQUF3QURJQUlnQXNBQ0lBTlFBMkFEa0FOUUF3QURFQVpnQTBBRElBWXdBM0FEWUFaQUE1QURFQU1nQXhBREFBWkFBeUFEVUFNd0EwQUdRQUlnQXNBQ0lBTlFBMkFHRUFZUUEyQUdFQU5BQm1BRElBWXdBM0FEWUFaQUE1QURNQVpBQTNBRFFBWXdCbUFEZ0FOZ0EyQURjQUlnQXNBQ0lBTlFBMkFHSUFNQUJrQUdZQVlRQXhBRElBWXdBM0FEWUFaQUE1QURJQVpnQTFBREFBTWdBMEFEQUFNUUE1QURrQUlnQXNBQ0lBTlFBMkFEa0FaZ0JtQUdFQU5RQTRBRGNBWmdBeEFEZ0FaQUEzQURFQU53QXhBRGdBWlFBMEFHVUFaUUJpQURrQUlnQXNBQ0lBTlFBMkFEa0FOd0F6QURRQU1nQmpBRGNBWmdBeEFEZ0FaQUEzQURBQVl3QTNBRGdBT1FBeEFEWUFNQUF6QURBQUlnQXNBQ0lBTlFBMkFEa0FaZ0JtQUdFQU5RQmlBRGNBWmdBeEFEZ0FaQUEzQURFQU53QXhBRGdBWlFBMEFHVUFaUUJpQUdFQUlnQXNBQ0lBTlFBMkFEa0FaZ0JtQUdFQU5RQmpBRGNBWmdBeEFEZ0FaQUEzQURFQU53QXhBRGdBWlFBMEFHVUFaUUJpQUdJQUlnQXNBQ0lBTlFBMkFEa0FaZ0JtQUdFQU5RQmtBRGNBWmdBeEFEZ0FaQUEzQURFQU53QXhBRGdBWlFBMEFHVUFaUUJpQUdNQUlnQXNBQ0lBTlFBMkFHRUFOd0EyQURJQU9RQTJBRGNBWmdBeEFEZ0FaQUEzQURJQU13QmlBRFFBWVFCaUFERUFaUUJqQUdVQUlnQXNBQ0lBTlFBMkFHSUFOd0F4QUdVQU13QTNBRElBWXdBM0FEWUFaQUE1QURJQU9BQmtBR01BTXdCaUFHUUFOUUJqQUdNQUlnQXNBQ0lBTlFBMkFEa0FOd0F6QUdNQVlRQTNBRGNBWmdBeEFEZ0FaQUEzQURBQVl3QTNBRGdBT1FBeEFEWUFNQUF6QURFQUlnQXNBQ0lBTlFBMkFHRUFNQUE1QURBQU1RQTJBRGNBWmdBeEFEZ0FaQUEzQURJQU53QmlBRFFBWmdBM0FHTUFOd0JtQURFQUlnQXNBQ0lBTlFBMkFHSUFNQUJrQURrQU5nQXdBRGNBWmdBeEFEZ0FaQUEzQURJQVl3QTBBRFFBWmdBeEFHSUFOUUJtQUdVQUlnQXNBQ0lBTlFBMkFHSUFPQUEzQURjQVpBQmtBRElBWXdBM0FEWUFaQUE1QURJQU9BQmtBR01BTXdCaUFHUUFOZ0F4QUdJQUlnQXNBQ0lBTlFBMkFEa0FOd0F6QURnQU5RQTRBRElBWXdBM0FEWUFaQUE1QURBQU5RQTFBREFBWVFCaEFESUFPUUJoQURBQUlnQXNBQ0lBTlFBMkFHRUFOd0JrQURnQU1BQXlBRElBWXdBM0FEWUFaQUE1QURFQVpnQmtBREFBWmdCakFHUUFNZ0E1QUdRQUlnQXNBQ0lBTlFBMkFHRUFOd0EwQUdZQU53QmtBRElBWXdBM0FEWUFaQUE1QURNQU1nQTNBRFFBT1FBMkFEa0FZZ0JrQURVQUlnQXNBQ0lBTlFBMkFEZ0FaZ0E0QURrQU1RQXpBRGNBWmdBeEFEZ0FaQUEzQURFQU9RQmtBRFFBWWdBd0FEZ0FaZ0JqQURRQUlnQXNBQ0lBTlFBMkFHRUFZd0E1QURBQU9BQTVBRGNBWmdBeEFEZ0FaQUEzQURJQVl3QTBBRFFBWmdBeEFHSUFOUUJoQUdJQUlnQXNBQ0lBTlFBMkFHSUFNZ0F3QURjQU53QmpBRGNBWmdBeEFEZ0FaQUEzQURJQVl3QTBBRFFBWmdBeEFHSUFOZ0F5QUdNQUlnQXNBQ0lBTlFBMkFEa0FaZ0JtQUdFQU5nQXlBRGNBWmdBeEFEZ0FaQUEzQURFQU53QXhBRGdBWlFBMEFHVUFaUUJpQUdRQUlnQXNBQ0lBTlFBMkFHSUFaQUJtQURVQU53QTFBRGNBWmdBeEFEZ0FaQUEzQURBQVlnQm1BRFFBT0FBeEFHSUFNQUF6QURnQUlnQXNBQ0lBTlFBMkFEa0FaZ0JtQUdFQU5nQXpBRGNBWmdBeEFEZ0FaQUEzQURFQU53QXhBRGdBWlFBMEFHVUFaUUJpQUdVQUlnQXNBQ0lBTlFBMkFHSUFZUUEzQURRQU1BQXpBRElBWXdBM0FEWUFaQUE1QURBQU9BQmlBREFBWWdBNUFEUUFNUUEwQURjQUlnQXNBQ0lBTlFBMkFEa0FZZ0ExQUdZQVpnQTRBRElBWXdBM0FEWUFaQUE1QURJQU1nQmxBR01BTWdBMkFHRUFOd0E0QURjQUlnQXNBQ0lBTlFBMkFHSUFZd0E1QURrQU9RQXhBRElBWXdBM0FEWUFaQUE1QURFQVpBQmhBR01BTWdBeUFERUFPQUEyQUdFQUlnQXNBQ0lBTlFBMkFEa0FaZ0JtQUdFQU5nQTJBRGNBWmdBeEFEZ0FaQUEzQURFQU53QXhBRGdBWlFBMEFHVUFaUUJpQUdZQUlnQXNBQ0lBTlFBMkFEa0FaZ0JtQUdFQU5nQTNBRGNBWmdBeEFEZ0FaQUEzQURFQU53QXhBRGdBWlFBMEFHVUFaUUJqQURBQUlnQXNBQ0lBTlFBMkFEa0FaZ0JtQUdFQU5nQTRBRGNBWmdBeEFEZ0FaQUEzQURFQU53QXhBRGdBWlFBMEFHVUFaUUJqQURFQUlnQXNBQ0lBTlFBMkFHSUFOUUJpQUdRQU13QmtBRGNBWmdBeEFEZ0FaQUEzQURBQU5BQTBBRFFBTndCbEFEa0FaZ0E0QUdZQUlnQXNBQ0lBTlFBMkFHSUFNUUF5QUdNQU1nQmtBRGNBWmdBeEFEZ0FaQUEzQURJQVl3QTBBRFFBWmdBeEFHSUFOZ0F3QURZQUlnQXNBQ0lBTlFBMkFHSUFOQUEyQURZQU9BQmtBRElBWXdBM0FEWUFaQUE1QURJQVpRQTRBREFBTndBeUFESUFPQUJtQUdRQUlnQXNBQ0lBTlFBMkFHSUFNUUJsQURNQU9BQTFBRGNBWmdBeEFEZ0FaQUEzQURJQVl3QTBBRFFBWmdBeEFHSUFOZ0F4QUdZQUlnQXNBQ0lBTlFBMkFHSUFNd0F6QUdNQU5nQTRBRElBWXdBM0FEWUFaQUE1QURFQU9RQTJBR01BT0FBMUFEQUFOUUJpQURBQUlnQXNBQ0lBTlFBMkFHSUFZd0E0QURnQU53QTRBRElBWXdBM0FEWUFaQUE1QURFQVpBQmhBR01BTWdBeUFERUFPQUExQUdNQUlnQXNBQ0lBTlFBMkFHSUFZd0E0QURRQVlRQXpBRElBWXdBM0FEWUFaQUE1QURFQVpBQmhBR01BTWdBeUFERUFPQUExQURVQUlnQXNBQ0lBTlFBMkFHRUFOd0JtQUdFQU5BQmtBRGNBWmdBeEFEZ0FaQUEzQURJQU13QXhBR01BTUFCaUFHTUFNZ0JoQURVQUlnQXNBQ0lBTlFBMkFHRUFPQUF3QUdRQU53QXpBRElBWXdBM0FEWUFaQUE1QURFQVpnQmtBREFBWmdCakFHUUFNZ0JqQURVQUlnQXNBQ0lBTlFBMkFEa0FaZ0JtQUdFQU5nQmhBRGNBWmdBeEFEZ0FaQUEzQURFQU53QXhBRGdBWlFBMEFHVUFaUUJqQURJQUlnQXNBQ0lBTlFBMkFEa0FOQUJqQURRQVpRQmxBRElBWXdBM0FEWUFaQUE1QURFQU1nQXhBREFBWkFBeUFEVUFNd0F6QUdJQUlnQXNBQ0lBTlFBMkFEa0FaZ0JtQUdFQU5nQmlBRGNBWmdBeEFEZ0FaQUEzQURFQU53QXhBRGdBWlFBMEFHVUFaUUJqQURNQUlnQXNBQ0lBTlFBMkFHRUFOd0JrQUdNQVlnQXpBRElBWXdBM0FEWUFaQUE1QURFQVpnQmtBREFBWmdCakFHUUFNZ0E1QUdVQUlnQXNBQ0lBTlFBMkFHSUFOUUJqQUdZQU9BQXpBRElBWXdBM0FEWUFaQUE1QURJQU9BQmtBR01BTXdCaUFHUUFOUUJoQUdFQUlnQXNBQ0lBTlFBMkFHSUFZUUF3QUdZQVpBQTNBRElBWXdBM0FEWUFaQUE1QURBQU9BQmlBREFBWWdBNUFEUUFNUUF6QURNQUlnQXNBQ0lBTlFBMkFHSUFOUUJrQURVQVlRQTBBRElBWXdBM0FEWUFaQUE1QURJQU9BQmtBR01BTXdCaUFHUUFOUUJpQURFQUlnQXNBQ0lBTlFBMkFEZ0FaUUEwQUdFQU13QXpBRElBWXdBM0FEWUFaQUE1QURFQU5nQTBBR01BWlFBeUFHTUFNd0JoQUdVQUlnQXNBQ0lBTlFBMkFHSUFNd0F4QUdJQU1nQmtBRGNBWmdBeEFEZ0FaQUEzQURFQVpnQTJBRFFBTndCakFEZ0FOQUJsQURrQUlnQXNBQ0lBTlFBMkFHSUFNZ0EwQUdJQU5nQTJBRElBWXdBM0FEWUFaQUE1QURFQU9RQTJBR01BT0FBMUFEQUFOUUE0QUdZQUlnQXNBQ0lBTlFBMkFHSUFOUUF3QURNQVpBQXdBRGNBWmdBeEFEZ0FaQUEzQURFQVpBQmhBR01BWXdCbUFHTUFOUUF6QURNQUlnQXNBQ0lBTlFBMkFHSUFNUUF6QURNQU53QmxBRElBWXdBM0FEWUFaQUE1QURJQVpnQTFBREFBTWdBMEFEQUFNUUJoQURJQUlnQXNBQ0lBTlFBMkFEa0FaZ0JtQURnQU9RQXdBRGNBWmdBeEFEZ0FaQUEzQURFQU53QXhBRGdBWlFBMEFHVUFaUUF4QUdJQUlnQXNBQ0lBTlFBMkFEa0FaZ0JtQURnQU9RQXhBRGNBWmdBeEFEZ0FaQUEzQURFQU53QXhBRGdBWlFBMEFHVUFaUUF4QUdNQUlnQXNBQ0lBTlFBMkFEa0FaZ0JtQURnQU9RQXpBRGNBWmdBeEFEZ0FaQUEzQURFQU53QXhBRGdBWlFBMEFHVUFaUUF4QUdRQUlnQXNBQ0lBTlFBMkFHRUFOd0JrQURNQU9BQTRBRElBWXdBM0FEWUFaQUE1QURFQVpnQmtBREFBWmdCakFHUUFNZ0E1QUdNQUlnQXNBQ0lBTlFBMkFHSUFNUUJrQURrQU1RQXpBRElBWXdBM0FEWUFaQUE1QURJQVpnQTFBREFBTWdBMEFEQUFNUUJpQURRQUlnQXNBQ0lBTlFBMkFEa0FaZ0JtQURnQU9RQTFBRGNBWmdBeEFEZ0FaQUEzQURFQU53QXhBRGdBWlFBMEFHVUFaUUF4QUdVQUlnQXNBQ0lBTlFBMkFEa0FZd0JpQUdVQU5BQm1BRGNBWmdBeEFEZ0FaQUEzQURJQVlnQmlBRFFBWkFCbUFHTUFaQUExQURJQUlnQXNBQ0lBTlFBMkFEZ0FaUUJrQURNQVl3QmtBRGNBWmdBeEFEZ0FaQUEzQURJQVpBQTFBR01BWWdCaUFHSUFZUUEyQURRQUlnQXNBQ0lBTlFBMkFEa0FZUUE1QUdFQU1nQTNBRElBWXdBM0FEWUFaQUE1QURJQU1nQmxBR01BTWdBMkFHRUFOd0EzQURnQUlnQXNBQ0lBTlFBMkFEa0FNd0EwQUdZQVlRQmtBRElBWXdBM0FEWUFaQUE1QURFQVl3QXdBRGdBWlFBNUFEa0FNZ0E1QURFQUlnQXNBQ0lBTlFBMkFHSUFZUUEzQURBQU5BQXpBRGNBWmdBeEFEZ0FaQUEzQURJQVpnQTVBRGdBT1FCbUFEQUFPQUJqQUdNQUlnQXNBQ0lBTlFBMkFHSUFOUUF4QUdJQU9BQmtBRElBWXdBM0FEWUFaQUE1QURJQU9BQmtBR01BTXdCaUFHUUFOUUE1QURFQUlnQXNBQ0lBTlFBMkFEa0FaZ0JtQURnQU9RQTVBRGNBWmdBeEFEZ0FaQUEzQURFQU53QXhBRGdBWlFBMEFHVUFaUUF4QUdZQUlnQXNBQ0lBTlFBMkFEZ0FNUUJoQUdVQVlRQmpBRElBWXdBM0FEWUFaQUE1QURBQVlRQXpBR01BTmdCa0FHTUFNZ0EyQURRQUlnQXNBQ0lBTlFBMkFHRUFZUUEyQURVQVlnQXlBRElBWXdBM0FEWUFaQUE1QURNQVpBQTNBRFFBWXdCbUFEZ0FOZ0EyQURNQUlnQXNBQ0lBTlFBMkFHSUFOUUJpQUdFQU1nQXpBRGNBWmdBeEFEZ0FaQUEzQURBQU5BQTBBRFFBTndCbEFEa0FaZ0E0QUdNQUlnQXNBQ0lBTlFBMkFEa0FaZ0JtQURnQU9RQmxBRGNBWmdBeEFEZ0FaQUEzQURFQU53QXhBRGdBWlFBMEFHVUFaUUF5QURBQUlnQXNBQ0lBTlFBMkFHSUFZUUJqQUdNQVlnQmtBRElBWXdBM0FEWUFaQUE1QURFQU13Qm1BRFFBT0FBeUFEQUFOQUJrQURFQUlnQXNBQ0lBTlFBMkFEa0FaZ0JtQURnQU9RQm1BRGNBWmdBeEFEZ0FaQUEzQURFQU53QXhBRGdBWlFBMEFHVUFaUUF5QURFQUlnQXNBQ0lBTlFBMkFEa0FNd0EzQUdRQVl3QmlBRGNBWmdBeEFEZ0FaQUEzQURNQU1RQTRBR01BTUFBNUFHWUFOUUF3QURFQUlnQXNBQ0lBTlFBMkFEY0FPQUExQUdVQU13QTBBRElBWXdBM0FEWUFaQUE1QURFQU1BQTBBR01BWkFBNUFHWUFNd0F6QURjQUlnQXNBQ0lBTlFBMkFEa0FaZ0JtQURnQVlRQXlBRGNBWmdBeEFEZ0FaQUEzQURFQU53QXhBRGdBWlFBMEFHVUFaUUF5QURJQUlnQXNBQ0lBTlFBMkFEa0FaZ0JtQURnQVlRQTBBRGNBWmdBeEFEZ0FaQUEzQURFQU53QXhBRGdBWlFBMEFHVUFaUUF5QURNQUlnQXNBQ0lBTlFBMkFHRUFZUUEwQURRQU5BQTFBRElBWXdBM0FEWUFaQUE1QURFQVpnQmtBREFBWmdCakFHUUFOQUF3QUdZQUlnQXNBQ0lBTlFBMkFEY0FOQUF3QUdRQU1nQTJBRGNBWmdBeEFEZ0FaQUEzQURFQVpnQmxBR01BTVFCaEFEVUFPUUF6QURNQUlnQXNBQ0lBTlFBMkFEa0FaZ0JtQURnQVlRQTJBRGNBWmdBeEFEZ0FaQUEzQURFQU53QXhBRGdBWlFBMEFHVUFaUUF5QURRQUlnQXNBQ0lBTlFBMkFEa0FaZ0JtQURnQVlRQTNBRGNBWmdBeEFEZ0FaQUEzQURFQU53QXhBRGdBWlFBMEFHVUFaUUF5QURVQUlnQXNBQ0lBTlFBMkFHSUFNUUF4QUdRQVpRQm1BRGNBWmdBeEFEZ0FaQUEzQURJQVl3QTBBRFFBWmdBeEFHSUFOZ0F3QURJQUlnQXNBQ0lBTlFBMkFHRUFZZ0JsQURnQVpRQXhBRGNBWmdBeEFEZ0FaQUEzQURJQVl3QTBBRFFBWmdBeEFHSUFOUUE1QUdVQUlnQXNBQ0lBTlFBMkFEa0FaZ0JtQURnQVlRQTVBRGNBWmdBeEFEZ0FaQUEzQURFQU53QXhBRGdBWlFBMEFHVUFaUUF5QURZQUlnQXNBQ0lBTlFBMkFEZ0FOQUJtQUdRQU1nQTBBRElBWXdBM0FEWUFaQUE1QURBQVpBQmlBRFFBTWdBd0FEWUFaZ0E0QURJQUlnQXNBQ0lBTlFBMkFEa0FaZ0JtQURnQVlRQmlBRGNBWmdBeEFEZ0FaQUEzQURFQU53QXhBRGdBWlFBMEFHVUFaUUF5QURjQUlnQXNBQ0lBTlFBMkFEZ0FOQUEwQUdRQU9RQXlBRGNBWmdBeEFEZ0FaQUEzQURBQVlnQTVBRFFBT1FBMkFEZ0FaUUJrQUdVQUlnQXNBQ0lBTlFBMkFEa0FaZ0JtQURnQVlRQmxBRGNBWmdBeEFEZ0FaQUEzQURFQU53QXhBRGdBWlFBMEFHVUFaUUF5QURnQUlnQXNBQ0lBTlFBMkFHRUFNZ0EwQURrQVlRQTJBRGNBWmdBeEFEZ0FaQUEzQURFQU5BQTJBRFFBTUFCbEFERUFNd0EzQURZQUlnQXNBQ0lBTlFBMkFEa0FaZ0JtQURnQVlRQm1BRGNBWmdBeEFEZ0FaQUEzQURFQU53QXhBRGdBWlFBMEFHVUFaUUF5QURrQUlnQXNBQ0lBTlFBMkFEa0FaZ0JtQURnQVlnQXdBRGNBWmdBeEFEZ0FaQUEzQURFQU53QXhBRGdBWlFBMEFHVUFaUUF5QUdFQUlnQXNBQ0lBTlFBMkFEa0FaZ0JtQURnQVlnQXlBRGNBWmdBeEFEZ0FaQUEzQURFQU53QXhBRGdBWlFBMEFHVUFaUUF5QUdJQUlnQXNBQ0lBTlFBMkFHSUFOUUF5QURnQU5BQXhBRElBWXdBM0FEWUFaQUE1QURJQU9BQmtBR01BTXdCaUFHUUFOUUE1QUdNQUlnQXNBQ0lBTlFBMkFEa0FOQUJqQURFQU5RQmtBRGNBWmdBeEFEZ0FaQUEzQURJQVlRQTBBRGdBTlFCa0FERUFOUUExQUdNQUlnQXNBQ0lBTlFBMkFEa0FZd0JsQURrQU1nQm1BRGNBWmdBeEFEZ0FaQUEzQURJQVlnQmlBRFFBWkFCbUFHTUFaQUExQURnQUlnQXNBQ0lBTlFBMkFHSUFZZ0F3QURJQU13QTRBRGNBWmdBeEFEZ0FaQUEzQURFQU5BQmxBRFFBWXdCa0FHWUFaUUJqQURnQUlnQXNBQ0lBTlFBMkFEa0FaZ0JtQURnQVlnQXpBRGNBWmdBeEFEZ0FaQUEzQURFQU53QXhBRGdBWlFBMEFHVUFaUUF5QUdNQUlnQXNBQ0lBTlFBMkFEa0FaZ0JtQURnQVlnQTBBRGNBWmdBeEFEZ0FaQUEzQURFQU53QXhBRGdBWlFBMEFHVUFaUUF5QUdRQUlnQXNBQ0lBTlFBMkFHRUFaZ0JpQUdFQU13QTRBRElBWXdBM0FEWUFaQUE1QURJQVpnQTFBREFBTWdBMEFEQUFNUUEzQUdNQUlnQXNBQ0lBTlFBMkFEa0FaZ0EyQURVQU5nQmpBRGNBWmdBeEFEZ0FaQUEzQURJQU1nQTRBR01BTUFCa0FESUFOZ0ExQUdRQUlnQXNBQ0lBTlFBMkFHRUFZZ0JpQURBQU5nQTJBRGNBWmdBeEFEZ0FaQUEzQURJQVpRQmlBR01BT1FCbUFERUFOUUF6QUdZQUlnQXNBQ0lBTlFBMkFHSUFOd0F3QUdZQU5nQmtBRGNBWmdBeEFEZ0FaQUEzQURBQU5BQTBBRFFBTndCbEFEa0FaZ0JpQURFQUlnQXNBQ0lBTlFBMkFHRUFZZ0F5QURFQU1BQTNBRElBWXdBM0FEWUFaQUE1QURFQU1BQm1BRFFBTXdCa0FEY0FaQUE0QURBQUlnQXNBQ0lBTlFBMkFEa0FaZ0JtQURnQVlnQTNBRGNBWmdBeEFEZ0FaQUEzQURFQU53QXhBRGdBWlFBMEFHVUFaUUF5QUdVQUlnQXNBQ0lBTlFBMkFHSUFPQUE1QUdFQU53QXpBRElBWXdBM0FEWUFaQUE1QURJQU9BQmtBR01BTXdCaUFHUUFOZ0F5QUdFQUlnQXNBQ0lBTlFBMkFHRUFOd0JtQURjQU5BQXpBRElBWXdBM0FEWUFaQUE1QURFQVpnQmtBREFBWmdCakFHUUFNZ0JoQURnQUlnQXNBQ0lBTlFBMkFEVUFaUUE1QUdRQVpnQmlBRGNBWmdBeEFEZ0FaQUEzQURFQVlnQTNBREFBT0FBMkFEY0FOQUEwQUdJQUlnQXNBQ0lBTlFBMkFHSUFZUUF4QURVQU5BQmtBRElBWXdBM0FEWUFaQUE1QURBQU9BQmlBREFBWWdBNUFEUUFNUUF6QURZQUlnQXNBQ0lBTlFBMkFHSUFZUUF4QURZQU5nQTFBRGNBWmdBeEFEZ0FaQUEzQURJQU1BQXlBR01BTmdCbEFHRUFNQUEzQURJQUlnQXNBQ0lBTlFBMkFEa0FaZ0JtQURnQVlnQTVBRGNBWmdBeEFEZ0FaQUEzQURFQU53QXhBRGdBWlFBMEFHVUFaUUF5QUdZQUlnQXNBQ0lBTlFBMkFHRUFaZ0EyQURFQVlRQXdBRElBWXdBM0FEWUFaQUE1QURJQVpnQTFBREFBTWdBMEFEQUFNUUEyQURjQUlnQXNBQ0lBTlFBMkFEa0FaZ0JtQURnQVlnQmhBRGNBWmdBeEFEZ0FaQUEzQURFQU53QXhBRGdBWlFBMEFHVUFaUUF6QURBQUlnQXNBQ0lBTlFBMkFEa0FZd0ExQUdRQU9RQXpBRElBWXdBM0FEWUFaQUE1QURJQU1nQmxBR01BTWdBMkFHRUFOd0E1QUdFQUlnQXNBQ0lBTlFBMkFHRUFNQUEyQURjQVpRQTRBRGNBWmdBeEFEZ0FaQUEzQURJQU53QmlBRFFBWmdBM0FHTUFOd0JsQUdFQUlnQXNBQ0lBTlFBMkFEa0FZUUEzQURJQVlnQTJBRElBWXdBM0FEWUFaQUE1QURJQU1nQmxBR01BTWdBMkFHRUFOd0EzQURRQUlnQXNBQ0lBTlFBMkFEa0FaZ0JtQURnQVlnQmxBRGNBWmdBeEFEZ0FaQUEzQURFQU53QXhBRGdBWlFBMEFHVUFaUUF6QURFQUlnQXNBQ0lBTlFBMkFHSUFOd0F5QURZQVlnQTVBRElBWXdBM0FEWUFaQUE1QURJQU9BQmtBR01BTXdCaUFHUUFOUUJrQURRQUlnQXNBQ0lBTlFBMkFEa0FaQUJpQURrQU9BQTBBRElBWXdBM0FEWUFaQUE1QURJQU1nQmxBR01BTWdBMkFHRUFOd0JpQUdFQUlnQXNBQ0lBTlFBMkFHSUFOQUEzQUdVQU1RQTJBRElBWXdBM0FEWUFaQUE1QURJQVpRQTRBREFBTndBeUFESUFPUUF3QUdVQUlnQXNBQ0lBTlFBMkFHRUFNUUJpQUdJQU9BQTFBRGNBWmdBeEFEZ0FaQUEzQURFQU5BQTJBRFFBTUFCbEFERUFNd0ExQUdRQUlnQXNBQ0lBTlFBMkFEY0FZZ0JqQURJQU1BQmxBRElBWXdBM0FEWUFaQUE1QURBQU9RQXpBR01BTkFCa0FHUUFOZ0F3QURVQUlnQXNBQ0lBTlFBMkFEZ0FaUUE1QURJQVpnQmpBRElBWXdBM0FEWUFaQUE1QURFQU5nQTBBR01BWlFBeUFHTUFNd0JqQUdRQUlnQXNBQ0lBTlFBMkFEa0FZd0E0QURrQVpRQmhBRGNBWmdBeEFEZ0FaQUEzQURJQVlnQmlBRFFBWkFCbUFHTUFaQUEwQUdJQUlnQXNBQ0lBTlFBMkFEa0FaZ0JtQURnQVl3QXpBRGNBWmdBeEFEZ0FaQUEzQURFQU53QXhBRGdBWlFBMEFHVUFaUUF6QURJQUlnQXNBQ0lBTlFBMkFEa0FaZ0F6QURRQU1BQXdBRGNBWmdBeEFEZ0FaQUEzQURJQU1nQTRBR01BTUFCa0FESUFOZ0ExQURRQUlnQXNBQ0lBTlFBMkFEa0FaZ0JtQURnQVl3QTJBRGNBWmdBeEFEZ0FaQUEzQURFQU53QXhBRGdBWlFBMEFHVUFaUUF6QURNQUlnQXNBQ0lBTlFBMkFHSUFNd0E0QURFQVlnQXhBRGNBWmdBeEFEZ0FaQUEzQURFQVpnQTJBRFFBTndCakFEZ0FOUUF3QUdJQUlnQXNBQ0lBTlFBMkFEY0FPUUE0QURBQU5BQmlBRElBWXdBM0FEWUFaQUE1QURFQU1BQXpBRGdBTWdBNEFHRUFPQUF6QURBQUlnQXNBQ0lBTlFBMkFEZ0FaZ0JqQURVQU5RQXhBRGNBWmdBeEFEZ0FaQUEzQURFQU9RQmtBRFFBWWdBd0FEZ0FaZ0JsQURBQUlnQXNBQ0lBTlFBMkFEa0FaZ0JtQURnQVl3QTVBRGNBWmdBeEFEZ0FaQUEzQURFQU53QXhBRGdBWlFBMEFHVUFaUUF6QURRQUlnQXNBQ0lBTlFBMkFHRUFOZ0E1QUdVQVlRQm1BRElBWXdBM0FEWUFaQUE1QURNQU1nQTNBRFFBT1FBMkFEa0FZZ0JqQURZQUlnQXNBQ0lBTlFBMkFEa0FOQUJqQUdRQU1nQXlBRGNBWmdBeEFEZ0FaQUEzQURJQVlRQTBBRGdBTlFCa0FERUFOUUExQUdVQUlnQXNBQ0lBTlFBMkFEZ0FZd0F6QURjQU5BQTVBRElBWXdBM0FEWUFaQUE1QURFQU1BQm1BR01BTVFCaEFHSUFOd0F3QUdFQUlnQXNBQ0lBTlFBMkFEa0FaZ0JtQUdRQU1RQTRBRGNBWmdBeEFEZ0FaQUEzQURFQU53QXhBRGdBWlFBMEFHVUFaZ0JsQUdFQUlnQXNBQ0lBTlFBMkFHRUFOZ0E0QUdRQU9RQTJBRGNBWmdBeEFEZ0FaQUEzQURJQU13QmlBRFFBWVFCaUFERUFaUUE1QUdVQUlnQXNBQ0lBTlFBMkFEa0FOUUF3QURjQU5BQTNBRGNBWmdBeEFEZ0FaQUEzQURJQVlRQTBBRGdBTlFCa0FERUFOUUEzQURBQUlnQXNBQ0lBTlFBMkFEa0FNQUJrQUdFQVpBQXhBRElBWXdBM0FEWUFaQUE1QURFQVl3QXdBRGdBWlFBNUFEa0FNZ0EzQURRQUlnQXNBQ0lBTlFBMkFEa0FaZ0JtQUdRQU1RQmlBRGNBWmdBeEFEZ0FaQUEzQURFQU53QXhBRGdBWlFBMEFHVUFaZ0JsQUdJQUlnQXNBQ0lBTlFBMkFEY0FPQUExQUdJQU5nQTRBRElBWXdBM0FEWUFaQUE1QURFQU1BQTBBR01BWkFBNUFHWUFNd0F6QURZQUlnQXNBQ0lBTlFBMkFEa0FaZ0JtQUdRQU1RQmtBRGNBWmdBeEFEZ0FaQUEzQURFQU53QXhBRGdBWlFBMEFHVUFaZ0JsQUdNQUlnQXNBQ0lBTlFBMkFEa0FaZ0JtQUdRQU1RQm1BRGNBWmdBeEFEZ0FaQUEzQURFQU53QXhBRGdBWlFBMEFHVUFaZ0JsQUdRQUlnQXNBQ0lBTlFBMkFHRUFZUUF3QURVQU5nQmxBRGNBWmdBeEFEZ0FaQUEzQURJQU13QXhBR01BTUFCaUFHTUFNd0JsQURnQUlnQXNBQ0lBTlFBMkFHSUFPQUEzQURFQU5BQmpBRElBWXdBM0FEWUFaQUE1QURJQU9BQmtBR01BTXdCaUFHUUFOZ0F4QURjQUlnQXNBQ0lBTlFBMkFEa0FaZ0JtQUdRQU1nQXdBRGNBWmdBeEFEZ0FaQUEzQURFQU53QXhBRGdBWlFBMEFHVUFaZ0JsQUdVQUlnQXNBQ0lBTlFBMkFHRUFaUUJsQUdFQU13QXdBRGNBWmdBeEFEZ0FaQUEzQURJQVl3QTBBRFFBWmdBeEFHSUFOUUJpQUdRQUlnQXNBQ0lBTlFBMkFEa0FaZ0JtQUdRQU1nQXlBRGNBWmdBeEFEZ0FaQUEzQURFQU53QXhBRGdBWlFBMEFHVUFaZ0JsQUdZQUlnQXNBQ0lBTlFBMkFHSUFNd0E0QURjQVlRQTBBRGNBWmdBeEFEZ0FaQUEzQURFQVpnQTJBRFFBTndCakFEZ0FOUUF3QUdZQUlnQXNBQ0lBTlFBMkFHRUFaZ0JqQUdVQU5BQTFBRElBWXdBM0FEWUFaQUE1QURJQVpnQTFBREFBTWdBMEFEQUFNUUE0QURBQUlnQXNBQ0lBTlFBMkFHSUFZUUJtQURNQU13QmtBRElBWXdBM0FEWUFaQUE1QURFQU13Qm1BRFFBT0FBeUFEQUFOQUJsQURBQUlnQXNBQ0lBTlFBMkFHSUFOUUF4QURRQU1BQmxBRGNBWmdBeEFEZ0FaQUEzQURBQU5BQTBBRFFBTndCbEFEa0FaZ0EzQUdFQUlnQXNBQ0lBTlFBMkFHSUFNZ0ExQURRQVpRQXlBRElBWXdBM0FEWUFaQUE1QURFQU9RQTJBR01BT0FBMUFEQUFOUUE1QURNQUlnQXNBQ0lBTlFBMkFHSUFNQUJsQURFQVpBQXpBRGNBWmdBeEFEZ0FaQUEzQURJQVl3QTBBRFFBWmdBeEFHSUFOZ0F3QURFQUlnQXNBQ0lBTlFBMkFHSUFZUUEzQURZQU1BQmlBRGNBWmdBeEFEZ0FaQUEzQURJQVpnQTVBRGdBT1FCbUFEQUFPQUJrQURBQUlnQXNBQ0lBTlFBMkFEa0FaZ0JtQURrQVpRQXdBRGNBWmdBeEFEZ0FaQUEzQURFQU53QXhBRGdBWlFBMEFHVUFaUUE0QURnQUlnQXNBQ0lBTlFBMkFHSUFOUUJpQUdZQU5BQTBBRElBWXdBM0FEWUFaQUE1QURJQU9BQmtBR01BTXdCaUFHUUFOUUJoQURNQUlnQXNBQ0lBTlFBMkFHSUFNUUJsQURZQU9RQTJBRElBWXdBM0FEWUFaQUE1QURJQVpnQTFBREFBTWdBMEFEQUFNUUJpQURnQUlnQXNBQ0lBTlFBMkFHSUFZd0E0QUdFQU53QXdBRElBWXdBM0FEWUFaQUE1QURFQVpBQmhBR01BTWdBeUFERUFPQUExQUdRQUlnQXNBQ0lBTlFBMkFHRUFOd0JrQUdVQU9BQmxBRGNBWmdBeEFEZ0FaQUEzQURJQU13QXhBR01BTUFCaUFHTUFNZ0E1QURnQUlnQXNBQ0lBTlFBMkFHSUFNd0F4QUdRQU13QTJBRElBWXdBM0FEWUFaQUE1QURFQU9RQTJBR01BT0FBMUFEQUFOUUJoQURJQUlnQXNBQ0lBTlFBMkFHSUFNUUF6QURVQVlRQTVBRGNBWmdBeEFEZ0FaQUEzQURJQVl3QTBBRFFBWmdBeEFHSUFOZ0F3QUdFQUlnQXNBQ0lBTlFBMkFHSUFOUUF5QUdFQU13QXpBRGNBWmdBeEFEZ0FaQUEzQURBQU5BQTBBRFFBTndCbEFEa0FaZ0E0QURrQUlnQXNBQ0lBTlFBMkFHSUFOd0F4QURFQU5RQTJBRElBWXdBM0FEWUFaQUE1QURJQU9BQmtBR01BTXdCaUFHUUFOUUJqQURZQUlnQXNBQ0lBTlFBMkFHSUFZUUF4QURjQU5BQTFBRGNBWmdBeEFEZ0FaQUEzQURJQVpnQTVBRGdBT1FCbUFEQUFPQUJpQUdZQUlnQXNBQ0lBTlFBMkFEa0FaZ0JtQURrQVpRQXhBRGNBWmdBeEFEZ0FaQUEzQURFQU53QXhBRGdBWlFBMEFHVUFaUUE0QURrQUlnQXNBQ0lBTlFBMkFESUFOQUJpQUdRQVlnQXdBRElBWXdBM0FEWUFaQUE1QURFQU5BQXdBRGdBTXdCa0FHSUFaZ0JoQUdFQUlnQXNBQ0lBTlFBMkFEa0FaZ0JtQURrQVpnQTVBRGNBWmdBeEFEZ0FaQUEzQURFQU53QXhBRGdBWlFBMEFHVUFaUUE1QURBQUlnQXNBQ0lBTlFBMkFEVUFaUUJpQURjQU1RQXlBRElBWXdBM0FEWUFaQUE1QURJQU5RQTNBREFBT0FBeUFEVUFOd0EwQURrQUlnQXNBQ0lBTlFBMkFEVUFaUUJoQURVQU9RQTRBRElBWXdBM0FEWUFaQUE1QURJQU5RQTNBREFBT0FBeUFEVUFOd0F6QUdNQUlnQXNBQ0lBTlFBMkFHSUFZZ0E1QURrQU5RQTFBRElBWXdBM0FEWUFaQUE1QURRQU1RQXhBRFFBTmdBMUFESUFZd0JqQUdJQUlnQXNBQ0lBTlFBMkFEa0FaZ0JtQUdRQU1nQmxBRGNBWmdBeEFEZ0FaQUEzQURFQU53QXhBRGdBWlFBMEFHVUFaZ0JtQURVQUlnQXNBQ0lBTlFBMkFEa0FaZ0JtQURrQU13QmpBRGNBWmdBeEFEZ0FaQUEzQURFQU53QXhBRGdBWlFBMEFHVUFaUUEwQUdZQUlnQXNBQ0lBTlFBMkFEUUFZZ0F3QURRQVlnQXdBRElBWXdBM0FEWUFaQUE1QURNQVpBQmtBR01BWVFBNEFHSUFNd0EyQURrQUlnQXNBQ0lBTlFBMkFEZ0FaZ0JtQURrQVl3QTRBRGNBWmdBeEFEZ0FaQUEzQURNQU5BQTFBRGdBT1FCa0FESUFOUUJoQURJQUlnQXNBQ0lBTlFBMkFEZ0FaZ0JtQURZQU1RQXlBRElBWXdBM0FEWUFaQUE1QURFQVl3QXdBRGdBWlFBNUFEa0FNZ0EyQUdRQUlnQXNBQ0lBTlFBMkFEa0FaZ0JtQUdJQU1RQTFBRGNBWmdBeEFEZ0FaQUEzQURFQU53QXhBRGdBWlFBMEFHVUFaUUJtQUdZQUlnQXNBQ0lBTlFBMkFEa0FaZ0JtQUdJQU1RQTJBRGNBWmdBeEFEZ0FaQUEzQURFQU53QXhBRGdBWlFBMEFHVUFaZ0F3QURBQUlnQXNBQ0lBTlFBMkFEa0FaZ0JtQURnQU53QTFBRGNBWmdBeEFEZ0FaQUEzQURFQU53QXhBRGdBWlFBMEFHVUFaUUF3QURnQUlnQXNBQ0lBTlFBMkFEa0FaZ0JtQURnQU53QTRBRGNBWmdBeEFEZ0FaQUEzQURFQU53QXhBRGdBWlFBMEFHVUFaUUF3QUdFQUlnQXNBQ0lBTlFBMkFEa0FaZ0JtQURnQU53QTVBRGNBWmdBeEFEZ0FaQUEzQURFQU53QXhBRGdBWlFBMEFHVUFaUUF3QUdJQUlnQXNBQ0lBTlFBMkFEa0FaZ0JtQURnQU9BQTBBRGNBWmdBeEFEZ0FaQUEzQURFQU53QXhBRGdBWlFBMEFHVUFaUUF4QURNQUlnQXNBQ0lBTlFBMkFEa0FaZ0JtQURnQU9BQmpBRGNBWmdBeEFEZ0FaQUEzQURFQU53QXhBRGdBWlFBMEFHVUFaUUF4QURrQUlnQXNBQ0lBTlFBMkFEa0FaZ0JtQUdFQU1RQmtBRGNBWmdBeEFEZ0FaQUEzQURFQU53QXhBRGdBWlFBMEFHVUFaUUE1QUdJQUlnQXNBQ0lBTlFBMkFEa0FaZ0JtQUdFQU1nQXdBRGNBWmdBeEFEZ0FaQUEzQURFQU53QXhBRGdBWlFBMEFHVUFaUUE1QUdRQUlnQXNBQ0lBTlFBMkFEa0FaZ0JtQUdFQU1nQXpBRGNBWmdBeEFEZ0FaQUEzQURFQU53QXhBRGdBWlFBMEFHVUFaUUE1QUdZQUlnQXNBQ0lBTlFBMkFEa0FaZ0JtQUdFQU1nQTBBRGNBWmdBeEFEZ0FaQUEzQURFQU53QXhBRGdBWlFBMEFHVUFaUUJoQURBQUlnQXNBQ0lBTlFBMkFEa0FaZ0JtQUdFQU1nQmhBRGNBWmdBeEFEZ0FaQUEzQURFQU53QXhBRGdBWlFBMEFHVUFaUUJoQURVQUlnQXNBQ0lBTlFBMkFEa0FaZ0JtQUdFQU1nQmpBRGNBWmdBeEFEZ0FaQUEzQURFQU53QXhBRGdBWlFBMEFHVUFaUUJoQURZQUlnQXNBQ0lBTlFBMkFEa0FaZ0JtQUdFQU1nQmtBRGNBWmdBeEFEZ0FaQUEzQURFQU53QXhBRGdBWlFBMEFHVUFaUUJoQURjQUlnQXNBQ0lBTlFBMkFEa0FaZ0JtQUdJQU1RQmhBRGNBWmdBeEFEZ0FaQUEzQURFQU53QXhBRGdBWlFBMEFHVUFaZ0F3QURJQUlnQXNBQ0lBTlFBMkFEa0FaZ0JtQUdJQU1RQmlBRGNBWmdBeEFEZ0FaQUEzQURFQU53QXhBRGdBWlFBMEFHVUFaZ0F3QURNQUlnQXNBQ0lBTlFBMkFEa0FaZ0JtQUdJQU1RQm1BRGNBWmdBeEFEZ0FaQUEzQURFQU53QXhBRGdBWlFBMEFHVUFaZ0F3QURZQUlnQXNBQ0lBTlFBMkFEa0FaZ0JtQUdJQU1nQTJBRGNBWmdBeEFEZ0FaQUEzQURFQU53QXhBRGdBWlFBMEFHVUFaZ0F3QUdJQUlnQXNBQ0lBTlFBMkFEa0FaZ0JtQURrQU53QXhBRGNBWmdBeEFEZ0FaQUEzQURFQU53QXhBRGdBWlFBMEFHVUFaUUExQURNQUlnQXNBQ0lBTlFBMkFEWUFPUUJtQURjQVpnQTNBRElBWXdBM0FEWUFaQUE1QURJQVl3QXlBRFFBTmdCaEFHVUFOZ0F4QUdVQUlnQXNBQ0lBTlFBMkFEY0FNQUE0QUdVQVlnQXpBRElBWXdBM0FEWUFaQUE1QURJQU9BQmhBR01BTUFCbEFEWUFOUUJtQURnQUlnQXNBQ0lBTlFBMkFEY0FNZ0JpQUdRQU53QmtBRGNBWmdBeEFEZ0FaQUEzQURFQU5BQXlBREFBWVFBeEFEWUFaQUF3QURnQUlnQXNBQ0lBTlFBMkFEa0FOZ0EyQUdNQU53QmlBRElBWXdBM0FEWUFaQUE1QURJQU1nQmxBR01BWkFCaUFEZ0FNZ0JsQURjQUlnQXNBQ0lBTlFBMkFEZ0FaQUEzQUdJQU5BQmpBRGNBWmdBeEFEZ0FaQUEzQURFQU1nQm1BR01BT0FBNEFESUFOd0JsQURRQUlnQXNBQ0lBTlFBMkFEY0FPQUF6QURBQU5BQTRBRElBWXdBM0FEWUFaQUE1QURBQVl3QXlBRGdBT0FCa0FEUUFZZ0JsQURrQUlnQXNBQ0lBTlFBMkFEY0FNQUE1QUdRQU53QTFBRElBWXdBM0FEWUFaQUE1QURJQVpnQmhBRFFBWXdBM0FHVUFZZ0JqQURjQUlnQXNBQ0lBTlFBMkFEY0FNUUJoQURJQU5nQXpBRElBWXdBM0FEWUFaQUE1QURBQVl3QmxBRGdBTVFBM0FEY0FPUUF4QURrQUlnQXNBQ0lBTlFBMkFEa0FaZ0JtQUdFQU9RQmhBRGNBWmdBeEFEZ0FaQUEzQURFQU53QXhBRGdBWlFBMEFHVUFaUUJqQUdFQUlnQXNBQ0lBTlFBMkFEa0FaZ0JtQUdFQU9RQmpBRGNBWmdBeEFEZ0FaQUEzQURFQU53QXhBRGdBWlFBMEFHVUFaUUJqQUdJQUlnQXNBQ0lBTlFBMkFEa0FaZ0JtQUdFQU13QXpBRGNBWmdBeEFEZ0FaQUEzQURFQU53QXhBRGdBWlFBMEFHVUFaUUJoQURrQUlnQXNBQ0lBTlFBMkFEa0FZUUJpQURZQU9BQm1BRGNBWmdBeEFEZ0FaQUEzQURJQVlnQmlBRFFBWkFCbUFHTUFaQUF5QUdZQUlnQXNBQ0lBTlFBMkFEa0FaZ0JtQUdJQU13QTNBRGNBWmdBeEFEZ0FaQUEzQURFQU53QXhBRGdBWlFBMEFHVUFaZ0F4QURRQUlnQXNBQ0lBTlFBMkFHSUFPQUEzQUdVQU53QTJBRElBWXdBM0FEWUFaQUE1QURJQU9BQmtBR01BTXdCaUFHUUFOZ0F4QUdVQUlnQXNBQ0lBTlFBMkFHRUFZd0JoQURNQU9RQXdBRGNBWmdBeEFEZ0FaQUEzQURJQVl3QTBBRFFBWmdBeEFHSUFOUUJpQURnQUlnQXNBQ0lBTlFBMkFHRUFNZ0F6QURBQU5nQmhBRElBWXdBM0FEWUFaQUE1QURFQU5nQXlBREFBWVFCbUFEa0FNZ0ExQURBQUlnQXNBQ0lBTlFBMkFEa0FaZ0JtQUdNQU53QTNBRGNBWmdBeEFEZ0FaQUEzQURFQU53QXhBRGdBWlFBMEFHVUFaZ0JoQUdVQUlnQXNBQ0lBTlFBMkFEa0FNd0EzQUdNQU1nQTVBRGNBWmdBeEFEZ0FaQUEzQURNQU1RQTRBR01BTUFBNUFHWUFOUUF3QURBQUlnQXNBQ0lBTlFBMkFEa0FOQUJrQURVQU53QTVBRGNBWmdBeEFEZ0FaQUEzQURJQVlRQTBBRGdBTlFCa0FERUFOUUEyQURBQUlnQXNBQ0lBTlFBMkFEa0FaZ0JtQUdNQU53QmlBRGNBWmdBeEFEZ0FaQUEzQURFQU53QXhBRGdBWlFBMEFHVUFaZ0JoQUdZQUlnQXNBQ0lBTlFBMkFEa0FaZ0JtQUdNQU9BQXdBRGNBWmdBeEFEZ0FaQUEzQURFQU53QXhBRGdBWlFBMEFHVUFaZ0JpQURBQUlnQXNBQ0lBTlFBMkFEa0FOQUJsQUdZQU5RQXdBRGNBWmdBeEFEZ0FaQUEzQURJQVlRQTBBRGdBTlFCa0FERUFOUUEyQUdFQUlnQXNBQ0lBTlFBMkFEa0FaZ0JtQUdNQU9BQXhBRGNBWmdBeEFEZ0FaQUEzQURFQU53QXhBRGdBWlFBMEFHVUFaZ0JpQURFQUlnQXNBQ0lBTlFBMkFHSUFOQUE0QURjQVpRQTBBRElBWXdBM0FEWUFaQUE1QURJQVpRQTRBREFBTndBeUFESUFPUUF4QURrQUlnQXNBQ0lBTlFBMkFEY0FZUUE0QUdFQVpRQTJBRElBWXdBM0FEWUFaQUE1QURBQU53QTNBREFBTndCbEFERUFNUUE0QURRQUlnQXNBQ0lBTlFBMkFEa0FaZ0JtQUdNQU9BQTBBRGNBWmdBeEFEZ0FaQUEzQURFQU53QXhBRGdBWlFBMEFHVUFaZ0JpQURJQUlnQXNBQ0lBTlFBMkFEa0FaZ0JtQUdNQU9BQTFBRGNBWmdBeEFEZ0FaQUEzQURFQU53QXhBRGdBWlFBMEFHVUFaZ0JpQURNQUlnQXNBQ0lBTlFBMkFEa0FaZ0JtQUdNQU9BQTJBRGNBWmdBeEFEZ0FaQUEzQURFQU53QXhBRGdBWlFBMEFHVUFaZ0JpQURRQUlnQXNBQ0lBTlFBMkFHSUFNd0EwQURnQVlRQTNBRGNBWmdBeEFEZ0FaQUEzQURFQVpnQTJBRFFBTndCakFEZ0FOUUF3QURBQUlnQXNBQ0lBTlFBMkFHSUFZZ0F3QURjQU9BQTBBRElBWXdBM0FEWUFaQUE1QURFQU13Qm1BRFFBT0FBeUFEQUFOQUJsQUdJQUlnQXNBQ0lBTlFBMkFEa0FNd0EyQURRQU5nQmtBRElBWXdBM0FEWUFaQUE1QURFQVl3QXdBRGdBWlFBNUFEa0FNZ0E1QURZQUlnQXNBQ0lBTlFBMkFHSUFOQUEzQURjQU5BQTVBRElBWXdBM0FEWUFaQUE1QURJQVpRQTRBREFBTndBeUFESUFPUUF3QURjQUlnQXNBQ0lBTlFBMkFHSUFaQUJrQUdZQU13QXlBRElBWXdBM0FEWUFaQUE1QURFQVpBQmhBR01BTWdBeUFERUFPQUJpQURjQUlnQXNBQ0lBTlFBMkFEZ0FaZ0JrQURVQU5BQm1BRGNBWmdBeEFEZ0FaQUEzQURFQU9RQmtBRFFBWWdBd0FEZ0FaZ0JsQURRQUlnQXNBQ0lBTlFBMkFEa0FOQUJrQURFQVlRQmpBRElBWXdBM0FEWUFaQUE1QURFQU1nQXhBREFBWkFBeUFEVUFNd0F6QUdRQUlnQXNBQ0lBTlFBMkFHRUFOd0ExQUdJQU13QmtBRElBWXdBM0FEWUFaQUE1QURNQU1nQTNBRFFBT1FBMkFEa0FZZ0JrQUdZQUlnQXNBQ0lBTlFBMkFEa0FaZ0JtQUdNQU9BQmlBRGNBWmdBeEFEZ0FaQUEzQURFQU53QXhBRGdBWlFBMEFHVUFaZ0JpQURVQUlnQXNBQ0lBTlFBMkFHSUFZZ0F5QURFQU1RQXhBRElBWXdBM0FEWUFaQUE1QURFQU13Qm1BRFFBT0FBeUFEQUFOQUJtQUdRQUlnQXNBQ0lBTlFBMkFHRUFPQUJsQURRQU5nQXhBRElBWXdBM0FEWUFaQUE1QURFQVpnQmtBREFBWmdCakFHUUFNd0F6QURJQUlnQXNBQ0lBTlFBMkFHSUFPQUF6QUdJQU1nQmtBRGNBWmdBeEFEZ0FaQUEzQURBQU5BQTBBRFFBTndCbEFEa0FaZ0JrQURRQUlnQXNBQ0lBTlFBMkFEY0FOQUE0QURjQU9BQmhBRElBWXdBM0FEWUFaQUE1QURBQVpnQTNBREFBTUFBeUFESUFaQUJrQURFQUlnQXNBQ0lBTlFBMkFHRUFaZ0EyQURRQU13QmhBRElBWXdBM0FEWUFaQUE1QURJQVpnQTFBREFBTWdBMEFEQUFNUUEyQURnQUlnQXNBQ0lBTlFBMkFEa0FaZ0JtQUdRQU5RQTNBRGNBWmdBeEFEZ0FaQUEzQURFQU53QXhBRGdBWlFBMEFHVUFaZ0JtQURjQUlnQXNBQ0lBTlFBMkFHSUFNd0F5QURNQU9BQTNBRElBWXdBM0FEWUFaQUE1QURFQU9RQTJBR01BT0FBMUFEQUFOUUJoQURVQUlnQXNBQ0lBTlFBMkFEa0FNd0E0QURjQU13QmlBRGNBWmdBeEFEZ0FaQUEzQURNQU1RQTRBR01BTUFBNUFHWUFOUUF3QURjQUlnQXNBQ0lBTlFBMkFEa0FaZ0JtQUdNQU9BQmxBRGNBWmdBeEFEZ0FaQUEzQURFQU53QXhBRGdBWlFBMEFHVUFaZ0JpQURZQUlnQXNBQ0lBTlFBMkFHSUFaQUJsQUdJQVpBQmxBRElBWXdBM0FEWUFaQUE1QURFQVpBQmhBR01BTWdBeUFERUFPQUJqQURFQUlnQXNBQ0lBTlFBMkFEY0FPUUJqQURNQVpnQTRBRGNBWmdBeEFEZ0FaQUEzQURBQVpnQTJBRGdBTmdBNUFHVUFaQUE0QUdNQUlnQXNBQ0lBTlFBMkFEa0FaZ0JtQUdRQU5RQmhBRGNBWmdBeEFEZ0FaQUEzQURFQU53QXhBRGdBWlFBMEFHVUFaZ0JtQURnQUlnQXNBQ0lBTlFBMkFEa0FaZ0JtQUdRQU5RQmlBRGNBWmdBeEFEZ0FaQUEzQURFQU53QXhBRGdBWlFBMEFHVUFaZ0JtQURrQUlnQXNBQ0lBTlFBMkFEa0FaZ0JtQUdJQU13QmlBRGNBWmdBeEFEZ0FaQUEzQURFQU53QXhBRGdBWlFBMEFHVUFaZ0F4QURVQUlnQXNBQ0lBTlFBMkFHSUFZd0JoQUdVQU1BQTVBRElBWXdBM0FEWUFaQUE1QURFQVpBQmhBR01BTWdBeUFERUFPQUE0QUdVQUlnQXNBQ0lBTlFBMkFEa0FaZ0JtQUdJQU13QmpBRGNBWmdBeEFEZ0FaQUEzQURFQU53QXhBRGdBWlFBMEFHVUFaZ0F4QURZQUlnQXNBQ0lBTlFBMkFEa0FaZ0JtQUdNQU9RQXlBRGNBWmdBeEFEZ0FaQUEzQURFQU53QXhBRGdBWlFBMEFHVUFaZ0JpQURjQUlnQXNBQ0lBTlFBMkFEa0FZZ0JoQURVQU5RQmxBRGNBWmdBeEFEZ0FaQUEzQURJQVlnQmlBRFFBWkFCbUFHTUFaQUEwQURNQUlnQXNBQ0lBTlFBMkFEZ0FaUUJrQUdNQVlnQXhBRElBWXdBM0FEWUFaQUE1QURJQU5RQTBBREFBTndBMkFEa0FOUUEyQUdFQUlnQXNBQ0lBTlFBMkFEZ0FOUUF3QURVQU9RQXlBRElBWXdBM0FEWUFaQUE1QURBQVpBQmlBRFFBTWdBd0FEWUFaZ0E0QUdFQUlnQXNBQ0lBTlFBMkFHSUFOQUEzQUdFQU5RQmpBRElBWXdBM0FEWUFaQUE1QURJQVpRQTRBREFBTndBeUFESUFPUUF3QUdFQUlnQXNBQ0lBTlFBMkFEa0FaZ0JtQUdJQU5BQXdBRGNBWmdBeEFEZ0FaQUEzQURFQU53QXhBRGdBWlFBMEFHVUFaZ0F4QURjQUlnQXNBQ0lBTlFBMkFHSUFNd0F6QURVQVlnQXdBRGNBWmdBeEFEZ0FaQUEzQURFQVpnQTJBRFFBTndCakFEZ0FOQUJtQURNQUlnQXNBQ0lBTlFBMkFEZ0FOUUF5QURZQU9BQm1BRElBWXdBM0FEWUFaQUE1QURBQVpBQmlBRFFBTWdBd0FEWUFaZ0E1QUdRQUlnQXNBQ0lBTlFBMkFEa0FaZ0JtQUdJQU5BQXlBRGNBWmdBeEFEZ0FaQUEzQURFQU53QXhBRGdBWlFBMEFHVUFaZ0F4QURnQUlnQXNBQ0lBTlFBMkFEa0FOQUJrQUdNQVl3QTBBRGNBWmdBeEFEZ0FaQUEzQURJQVlRQTBBRGdBTlFCa0FERUFOUUEyQURJQUlnQXNBQ0lBTlFBMkFHSUFZUUF3QURZQVpRQXpBRElBWXdBM0FEWUFaQUE1QURBQU9BQmlBREFBWWdBNUFEUUFNUUF6QURBQUlnQXNBQ0lBTlFBMkFHRUFPUUJsQUdRQU13QTBBRElBWXdBM0FEWUFaQUE1QURFQVpnQmtBREFBWmdCakFHUUFNd0JsQURjQUlnQXNBQ0lBTlFBMkFEa0FaZ0JtQUdJQU5BQTBBRGNBWmdBeEFEZ0FaQUEzQURFQU53QXhBRGdBWlFBMEFHVUFaZ0F4QURrQUlnQXNBQ0lBTlFBMkFHSUFNUUJtQURNQU1BQXlBRGNBWmdBeEFEZ0FaQUEzQURJQVl3QTBBRFFBWmdBeEFHSUFOZ0F5QURNQUlnQXNBQ0lBTlFBMkFEY0FZZ0JpQUdRQU1RQTRBRElBWXdBM0FEWUFaQUE1QURBQU9RQXpBR01BTkFCa0FHUUFOZ0F3QURFQUlnQXNBQ0lBTlFBMkFHSUFPQUF6QUdZQU9RQmhBRElBWXdBM0FEWUFaQUE1QURJQU9BQmtBR01BTXdCaUFHUUFOUUJsQURnQUlnQXNBQ0lBTlFBMkFEa0FaZ0JtQUdJQU5BQTFBRGNBWmdBeEFEZ0FaQUEzQURFQU53QXhBRGdBWlFBMEFHVUFaZ0F4QUdFQUlnQXNBQ0lBTlFBMkFHSUFOUUJrQUdZQU13QTRBRElBWXdBM0FEWUFaQUE1QURJQU9BQmtBR01BTXdCaUFHUUFOUUJpQUdJQUlnQXNBQ0lBTlFBMkFHRUFaZ0JpQURFQVpBQTFBRElBWXdBM0FEWUFaQUE1QURJQVpnQTFBREFBTWdBMEFEQUFNUUEzQURZQUlnQXNBQ0lBTlFBMkFHSUFNUUJoQUdVQU53QmlBRGNBWmdBeEFEZ0FaQUEzQURJQVl3QTBBRFFBWmdBeEFHSUFOZ0F4QURFQUlnQXNBQ0lBTlFBMkFHSUFZUUJpQURZQU5nQTBBRElBWXdBM0FEWUFaQUE1QURFQU13Qm1BRFFBT0FBeUFEQUFOQUJqQUdVQUlnQXNBQ0lBTlFBMkFHSUFNQUJqQURZQVlnQTBBRGNBWmdBeEFEZ0FaQUEzQURJQVl3QTBBRFFBWmdBeEFHSUFOUUJtQURrQUlnQXNBQ0lBTlFBMkFEa0FaZ0JtQUdJQU5BQTJBRGNBWmdBeEFEZ0FaQUEzQURFQU53QXhBRGdBWlFBMEFHVUFaZ0F4QUdJQUlnQXNBQ0lBTlFBMkFHSUFNUUJqQUdJQU1BQTBBRGNBWmdBeEFEZ0FaQUEzQURJQVl3QTBBRFFBWmdBeEFHSUFOZ0F4QURrQUlnQXNBQ0lBTlFBMkFEa0FaZ0JtQUdJQU5BQTRBRGNBWmdBeEFEZ0FaQUEzQURFQU53QXhBRGdBWlFBMEFHVUFaZ0F4QUdNQUlnQXNBQ0lBTlFBMkFEZ0FZZ0E1QURRQU53QTJBRGNBWmdBeEFEZ0FaQUEzQURBQU53QXlBREFBTXdBMEFEQUFZd0JtQUdJQUlnQXNBQ0lBTlFBMkFEa0FaZ0JtQUdNQU9RQTVBRGNBWmdBeEFEZ0FaQUEzQURFQU53QXhBRGdBWlFBMEFHVUFaZ0JpQURnQUlnQXNBQ0lBTlFBMkFEY0FPUUEwQURVQU13QmtBRElBWXdBM0FEWUFaQUE1QURFQU1BQXpBRGdBTWdBNEFHRUFPQUF5QURZQUlnQXNBQ0lBTlFBMkFEa0FaZ0JtQUdJQU5BQmlBRGNBWmdBeEFEZ0FaQUEzQURFQU53QXhBRGdBWlFBMEFHVUFaZ0F4QUdRQUlnQXNBQ0lBTlFBMkFEa0FZUUF5QURBQU9BQTJBRElBWXdBM0FEWUFaQUE1QURJQU1nQmxBR01BTWdBMkFHRUFOd0ExQUdVQUlnQXNBQ0lBTlFBMkFEa0FaZ0JtQUdJQU5BQmtBRGNBWmdBeEFEZ0FaQUEzQURFQU53QXhBRGdBWlFBMEFHVUFaZ0F4QUdVQUlnQXNBQ0lBTlFBMkFHSUFNd0F6QURFQVpRQXdBRElBWXdBM0FEWUFaQUE1QURFQU9RQTJBR01BT0FBMUFEQUFOUUJoQURrQUlnQXNBQ0lBTlFBMkFHSUFPQUJpQUdNQVlRQTFBRGNBWmdBeEFEZ0FaQUEzQURBQU5BQTBBRFFBTndCbEFHRUFNQUF5QUdRQUlnQXNBQ0lBTlFBMkFEY0FPUUE1QUdNQU1BQTNBRElBWXdBM0FEWUFaQUE1QURBQU53QmpBR01BTXdCbUFEQUFNUUEzQURBQUlnQXNBQ0lBTlFBMkFHRUFOZ0E0QUdVQU9BQmlBRGNBWmdBeEFEZ0FaQUEzQURJQU13QmlBRFFBWVFCaUFERUFaUUE1QUdZQUlnQXNBQ0lBTlFBMkFHRUFOd0EwQUdJQVpBQTRBRGNBWmdBeEFEZ0FaQUEzQURJQU13QmlBRFFBWVFCaUFERUFaUUJpQURrQUlnQXNBQ0lBTlFBMkFEY0FPUUJqQURFQVpnQm1BRGNBWmdBeEFEZ0FaQUEzQURBQVpnQTJBRGdBTmdBNUFHVUFaQUE0QUdJQUlnQXNBQ0lBTlFBMkFEa0FaZ0JtQUdNQU9RQmpBRGNBWmdBeEFEZ0FaQUEzQURFQU53QXhBRGdBWlFBMEFHVUFaZ0JpQURrQUlnQXNBQ0lBTlFBMkFHRUFZd0E1QURNQU1RQTFBRGNBWmdBeEFEZ0FaQUEzQURJQVl3QTBBRFFBWmdBeEFHSUFOUUJoQUdNQUlnQXNBQ0lBTlFBMkFEa0FaZ0JtQUdJQU5BQm1BRGNBWmdBeEFEZ0FaQUEzQURFQU53QXhBRGdBWlFBMEFHVUFaZ0F4QUdZQUlnQXNBQ0lBTlFBMkFHSUFOQUEyQUdVQVpRQmlBRElBWXdBM0FEWUFaQUE1QURJQVpRQTRBREFBTndBeUFESUFPUUF3QURRQUlnQXNBQ0lBTlFBMkFHSUFPQUF4QUdVQU1RQmpBRGNBWmdBeEFEZ0FaQUEzQURBQU5BQTBBRFFBTndCbEFEa0FaZ0JrQURBQUlnQXNBQ0lBTlFBMkFEa0FaZ0JtQURjQU9BQmpBRGNBWmdBeEFEZ0FaQUEzQURFQU53QXhBRGdBWlFBMEFHVUFaQUE1QUdJQUlnQXNBQ0lBTlFBMkFEa0FaZ0JtQURjQU9BQmtBRGNBWmdBeEFEZ0FaQUEzQURFQU53QXhBRGdBWlFBMEFHVUFaQUE1QUdNQUlnQXNBQ0lBTlFBMkFEZ0FaZ0E1QURnQU5RQXpBRElBWXdBM0FEWUFaQUE1QURFQVlnQmlBR01BTlFCbEFHVUFPQUEyQUdFQUlnQXNBQ0lBTlFBMkFHSUFOUUF5QURBQVpRQmtBRGNBWmdBeEFEZ0FaQUEzQURBQU5BQTBBRFFBTndCbEFEa0FaZ0E0QURJQUlnQXNBQ0lBTlFBMkFEZ0FNUUJoQURnQVlnQmtBRElBWXdBM0FEWUFaQUE1QURBQVlRQXpBR01BTmdCa0FHTUFNZ0ExQUdZQUlnQXNBQ0lBTlFBMkFEY0FOQUE0QUdRQU9BQXdBRElBWXdBM0FEWUFaQUE1QURBQVpnQTNBREFBTUFBeUFESUFaQUJrQURNQUlnQXNBQ0lBTlFBMkFEa0FOUUJrQURjQU9RQTVBRElBWXdBM0FEWUFaQUE1QURFQU5BQm1BREFBT0FBMEFHWUFPUUJqQURjQUlnQXNBQ0lBTlFBMkFEa0FaZ0JtQUdJQU5RQXdBRGNBWmdBeEFEZ0FaQUEzQURFQU53QXhBRGdBWlFBMEFHVUFaZ0F5QURBQUlnQXNBQ0lBTlFBMkFEa0FaZ0JtQURjQU9RQXlBRGNBWmdBeEFEZ0FaQUEzQURFQU53QXhBRGdBWlFBMEFHVUFaQUE1QUdRQUlnQXNBQ0lBTlFBMkFHSUFPQUE1QUdNQU1RQTRBRGNBWmdBeEFEZ0FaQUEzQURBQU5BQTBBRFFBTndCbEFHRUFNQUF4QURrQUlnQXNBQ0lBTlFBMkFEa0FNd0JoQURFQVl3QXhBRElBWXdBM0FEWUFaQUE1QURFQVl3QXdBRGdBWlFBNUFEa0FNZ0JpQURnQUlnQXNBQ0lBTlFBMkFEa0FaZ0JtQURjQU9RQTBBRGNBWmdBeEFEZ0FaQUEzQURFQU53QXhBRGdBWlFBMEFHVUFaQUE1QUdVQUlnQXNBQ0lBTlFBMkFHRUFOZ0EzQUdJQU1BQTRBRGNBWmdBeEFEZ0FaQUEzQURJQU13QmlBRFFBWVFCaUFERUFaUUE1QURRQUlnQXNBQ0lBTlFBMkFEa0FaZ0JtQUdJQU5RQXpBRGNBWmdBeEFEZ0FaQUEzQURFQU53QXhBRGdBWlFBMEFHVUFaZ0F5QURFQUlnQXNBQ0lBTlFBMkFEa0FNQUJsQURZQU1BQXpBRElBWXdBM0FEWUFaQUE1QURFQVl3QXdBRGdBWlFBNUFEa0FNZ0EzQUdFQUlnQXNBQ0lBTlFBMkFEa0FNQUJsQURRQU1nQm1BRElBWXdBM0FEWUFaQUE1QURFQVl3QXdBRGdBWlFBNUFEa0FNZ0EzQURrQUlnQXNBQ0lBTlFBMkFEa0FaZ0JtQURjQU9RQTVBRGNBWmdBeEFEZ0FaQUEzQURFQU53QXhBRGdBWlFBMEFHVUFaQUE1QUdZQUlnQXNBQ0lBTlFBMkFHRUFZd0EzQUdRQVpBQTFBRGNBWmdBeEFEZ0FaQUEzQURJQVl3QTBBRFFBWmdBeEFHSUFOUUJoQURJQUlnQXNBQ0lBTlFBMkFHSUFOd0F4QUdZQVl3QTRBRGNBWmdBeEFEZ0FaQUEzQURBQU5BQTBBRFFBTndCbEFEa0FaZ0JpQURnQUlnQXNBQ0lBTlFBMkFEa0FNd0E0QUdFQU13QmlBRGNBWmdBeEFEZ0FaQUEzQURNQU1RQTRBR01BTUFBNUFHWUFOUUF3QUdJQUlnQXNBQ0lBTlFBMkFHSUFNd0JqQURrQU1BQmpBRElBWXdBM0FEWUFaQUE1QURFQU9RQTJBR01BT0FBMUFEQUFOUUJqQUdVQUlnQXNBQ0lBTlFBMkFHRUFZd0E0QUdFQU9BQmxBRElBWXdBM0FEWUFaQUE1QURJQVpnQTFBREFBTWdBMEFEQUFNUUEwQURBQUlnQXNBQ0lBTlFBMkFEa0FaZ0JtQURjQU9RQmpBRGNBWmdBeEFEZ0FaQUEzQURFQU53QXhBRGdBWlFBMEFHVUFaQUJoQURBQUlnQXNBQ0lBTlFBMkFEa0FaZ0JtQUdJQU5RQTBBRGNBWmdBeEFEZ0FaQUEzQURFQU53QXhBRGdBWlFBMEFHVUFaZ0F5QURJQUlnQXNBQ0lBTlFBMkFEa0FaZ0JtQURjQU9RQmtBRGNBWmdBeEFEZ0FaQUEzQURFQU53QXhBRGdBWlFBMEFHVUFaQUJoQURFQUlnQXNBQ0lBTlFBMkFHRUFPQUJqQURZQU5nQTNBRElBWXdBM0FEWUFaQUE1QURFQVpnQmtBREFBWmdCakFHUUFNd0F4QURnQUlnQXNBQ0lBTlFBMkFEa0FaZ0JtQURjQU9RQm1BRGNBWmdBeEFEZ0FaQUEzQURFQU53QXhBRGdBWlFBMEFHVUFaQUJoQURJQUlnQXNBQ0lBTlFBMkFHSUFNUUJpQURRQU13QXpBRGNBWmdBeEFEZ0FaQUEzQURJQVl3QTBBRFFBWmdBeEFHSUFOZ0F4QURRQUlnQXNBQ0lBTlFBMkFEZ0FaZ0JoQUdNQU13QXlBRGNBWmdBeEFEZ0FaQUEzQURFQU9RQmtBRFFBWWdBd0FEZ0FaZ0JrQUdFQUlnQXNBQ0lBTlFBMkFEa0FaZ0JtQURjQVlRQXdBRGNBWmdBeEFEZ0FaQUEzQURFQU53QXhBRGdBWlFBMEFHVUFaQUJoQURNQUlnQXNBQ0lBTlFBMkFHSUFNd0EzQUdRQU9RQm1BRGNBWmdBeEFEZ0FaQUEzQURFQVpnQTJBRFFBTndCakFEZ0FOUUF3QURnQUlnQXNBQ0lBTlFBMkFHSUFOd0F5QURNQU1BQXdBRGNBWmdBeEFEZ0FaQUEzQURBQU5BQTBBRFFBTndCbEFEa0FaZ0JpQUdJQUlnQXNBQ0lBTlFBMkFEa0FaZ0JtQURjQVlRQXhBRGNBWmdBeEFEZ0FaQUEzQURFQU53QXhBRGdBWlFBMEFHVUFaQUJoQURRQUlnQXNBQ0lBTlFBMkFHRUFOZ0E1QURjQVpRQXlBRElBWXdBM0FEWUFaQUE1QURNQU1nQTNBRFFBT1FBMkFEa0FZZ0JqQURJQUlnQXNBQ0lBTlFBMkFEa0FaZ0JtQURjQVlRQXpBRGNBWmdBeEFEZ0FaQUEzQURFQU53QXhBRGdBWlFBMEFHVUFaQUJoQURVQUlnQXNBQ0lBTlFBMkFEZ0FZd0JoQURJQU13QXlBRElBWXdBM0FEWUFaQUE1QURBQVpnQmlBRGdBWkFCa0FEUUFNUUJrQURnQUlnQXNBQ0lBTlFBMkFEa0FZUUJpQURnQVpnQmhBRElBWXdBM0FEWUFaQUE1QURJQU1nQmxBR01BTWdBMkFHRUFOd0E0QURRQUlnQXNBQ0lBTlFBMkFHSUFOQUJoQUdZQU13QTFBRGNBWmdBeEFEZ0FaQUEzQURBQVpnQTJBREFBTndCaEFHRUFPUUJrQURZQUlnQXNBQ0lBTlFBMkFHSUFNZ0F3QURFQU1BQmhBRElBWXdBM0FEWUFaQUE1QURJQVpnQTFBREFBTWdBMEFEQUFNUUJqQURFQUlnQXNBQ0lBTlFBMkFHSUFPQUJoQURFQU1RQTVBRGNBWmdBeEFEZ0FaQUEzQURBQU5BQTBBRFFBTndCbEFHRUFNQUF4QUdNQUlnQXNBQ0lBTlFBMkFEZ0FaUUEzQUdZQU1nQXdBRGNBWmdBeEFEZ0FaQUEzQURJQU5RQm1BREFBWWdBekFHWUFNUUF4QUdNQUlnQXNBQ0lBTlFBMkFEa0FaZ0JtQUdJQU5nQXdBRGNBWmdBeEFEZ0FaQUEzQURFQU53QXhBRGdBWlFBMEFHVUFaZ0F5QURNQUlnQXNBQ0lBTlFBMkFHRUFaUUJsQURZQU5nQXhBRElBWXdBM0FEWUFaQUE1QURJQVpnQTFBREFBTWdBMEFEQUFNUUExQURJQUlnQXNBQ0lBTlFBMkFHSUFNd0F4QURNQU5nQmlBRGNBWmdBeEFEZ0FaQUEzQURFQVpnQTJBRFFBTndCakFEZ0FOQUJsQURNQUlnQXNBQ0lBTlFBMkFEa0FaZ0JtQUdJQU5nQXhBRGNBWmdBeEFEZ0FaQUEzQURFQU53QXhBRGdBWlFBMEFHVUFaZ0F5QURRQUlnQXNBQ0lBTlFBMkFEY0FPUUJoQURRQVpRQXlBRGNBWmdBeEFEZ0FaQUEzQURBQVpRQmxBRFFBTlFBekFEWUFZUUJqQUdVQUlnQXNBQ0lBTlFBMkFEa0FNd0E0QURjQU5RQTJBRGNBWmdBeEFEZ0FaQUEzQURNQU1RQTRBR01BTUFBNUFHWUFOUUF3QURnQUlnQXNBQ0lBTlFBMkFEa0FaZ0JtQURjQVlRQTNBRGNBWmdBeEFEZ0FaQUEzQURFQU53QXhBRGdBWlFBMEFHVUFaQUJoQURZQUlnQXNBQ0lBTlFBMkFHSUFPQUE0QURBQU5nQmlBRGNBWmdBeEFEZ0FaQUEzQURBQU5BQTBBRFFBTndCbEFHRUFNQUF3QUdVQUlnQXNBQ0lBTlFBMkFEa0FaZ0JtQUdJQU5nQXpBRGNBWmdBeEFEZ0FaQUEzQURFQU53QXhBRGdBWlFBMEFHVUFaZ0F5QURVQUlnQXNBQ0lBTlFBMkFEZ0FZUUExQURFQU5nQXpBRElBWXdBM0FEWUFaQUE1QURBQVpBQmlBRFFBTWdBd0FEWUFaZ0JoQUdRQUlnQXNBQ0lBTlFBMkFEa0FaZ0JtQUdJQU5nQTFBRGNBWmdBeEFEZ0FaQUEzQURFQU53QXhBRGdBWlFBMEFHVUFaZ0F5QURZQUlnQXNBQ0lBTlFBMkFEa0FaQUF3QURVQVpnQmpBRElBWXdBM0FEWUFaQUE1QURJQU1nQmxBR01BTWdBMkFHRUFOd0JpQURnQUlnQXNBQ0lBTlFBMkFEa0FaZ0JtQURjQVlRQTRBRGNBWmdBeEFEZ0FaQUEzQURFQU53QXhBRGdBWlFBMEFHVUFaQUJoQURjQUlnQXNBQ0lBTlFBMkFHSUFaQUJsQUdJQU5BQXdBRElBWXdBM0FEWUFaQUE1QURFQVpBQmhBR01BTWdBeUFERUFPQUJqQURBQUlnQXNBQ0lBTlFBMkFEZ0FaZ0JoQUdNQVpBQmtBRElBWXdBM0FEWUFaQUE1QURFQVlnQmlBR01BTlFCbEFHVUFPQUEzQUdFQUlnQXNBQ0lBTlFBMkFHRUFZZ0JpQURNQVlnQm1BRGNBWmdBeEFEZ0FaQUEzQURJQVpRQmlBR01BT1FCbUFERUFOUUEwQURBQUlnQXNBQ0lBTlFBMkFEa0FaZ0JtQUdJQU5nQTRBRGNBWmdBeEFEZ0FaQUEzQURFQU53QXhBRGdBWlFBMEFHVUFaZ0F5QURjQUlnQXNBQ0lBTlFBMkFHRUFNUUJtQURnQU9RQTBBRElBWXdBM0FEWUFaQUE1QURFQU5nQXlBREFBWVFCbUFEa0FNZ0EwQURNQUlnQXNBQ0lBTlFBMkFEa0FaZ0JtQURjQVlRQmhBRGNBWmdBeEFEZ0FaQUEzQURFQU53QXhBRGdBWlFBMEFHVUFaQUJoQURnQUlnQXNBQ0lBTlFBMkFEa0FNd0JoQURFQU5BQXdBRElBWXdBM0FEWUFaQUE1QURFQVl3QXdBRGdBWlFBNUFEa0FNZ0JpQURZQUlnQXNBQ0lBTlFBMkFHSUFOUUJrQURFQVpnQTVBRElBWXdBM0FEWUFaQUE1QURJQU9BQmtBR01BTXdCaUFHUUFOUUJoQUdRQUlnQXNBQ0lBTlFBMkFEa0FaZ0JtQURjQVlRQmlBRGNBWmdBeEFEZ0FaQUEzQURFQU53QXhBRGdBWlFBMEFHVUFaQUJoQURrQUlnQXNBQ0lBTlFBMkFHSUFNQUJrQURNQU5BQTRBRGNBWmdBeEFEZ0FaQUEzQURJQVl3QTBBRFFBWmdBeEFHSUFOUUJtQUdNQUlnQXNBQ0lBTlFBMkFEa0FaZ0JtQUdNQU1RQm1BRGNBWmdBeEFEZ0FaQUEzQURFQU53QXhBRGdBWlFBMEFHVUFaZ0E0QURJQUlnQXNBQ0lBTlFBMkFHSUFNd0JoQUdNQU5RQXpBRGNBWmdBeEFEZ0FaQUEzQURFQVpnQTJBRFFBTndCakFEZ0FOUUF4QURJQUlnQXNBQ0lBTlFBMkFHSUFPQUEwQURNQU53QTVBRElBWXdBM0FEWUFaQUE1QURJQU9BQmtBR01BTXdCaUFHUUFOUUJsQURrQUlnQXNBQ0lBTlFBMkFEZ0FOQUEwQUdRQU9BQmpBRElBWXdBM0FEWUFaQUE1QURBQVpBQmlBRFFBTWdBd0FEWUFaZ0EzQURVQUlnQXNBQ0lBTlFBMkFEa0FaZ0JtQURjQVlRQmtBRGNBWmdBeEFEZ0FaQUEzQURFQU53QXhBRGdBWlFBMEFHVUFaQUJoQUdFQUlnQXNBQ0lBTlFBMkFHSUFNd0EzQURNQU5nQXhBRGNBWmdBeEFEZ0FaQUEzQURFQVpnQTJBRFFBTndCakFEZ0FOUUF3QURVQUlnQXNBQ0lBTlFBMkFHSUFZd0JoQUdVQVlnQTBBRElBWXdBM0FEWUFaQUE1QURFQVpBQmhBR01BTWdBeUFERUFPQUE1QURJQUlnQXNBQ0lBTlFBMkFEa0FaZ0JtQUdNQU1nQXdBRGNBWmdBeEFEZ0FaQUEzQURFQU53QXhBRGdBWlFBMEFHVUFaZ0E0QURNQUlnQXNBQ0lBTlFBMkFHSUFOQUEzQUdRQU9BQXpBRGNBWmdBeEFEZ0FaQUEzQURBQVpnQTJBREFBTndCaEFHRUFPUUJqQURVQUlnQXNBQ0lBTlFBMkFEa0FaZ0JtQUdNQU1nQXlBRGNBWmdBeEFEZ0FaQUEzQURFQU53QXhBRGdBWlFBMEFHVUFaZ0E0QURRQUlnQXNBQ0lBTlFBMkFHSUFaQUJtQURjQU1nQTRBRElBWXdBM0FEWUFaQUE1QURFQVpBQmhBR01BTWdBeUFERUFPQUJsQURrQUlnQXNBQ0lBTlFBMkFHSUFOQUJoQURnQU5BQTJBRGNBWmdBeEFEZ0FaQUEzQURBQVpnQTJBREFBTndCaEFHRUFPUUJrQURVQUlnQXNBQ0lBTlFBMkFHSUFOUUJrQURVQU1nQTBBRGNBWmdBeEFEZ0FaQUEzQURBQU5BQTBBRFFBTndCbEFEa0FaZ0E1QUdRQUlnQXNBQ0lBTlFBMkFHSUFNZ0F3QUdFQU5RQmxBRGNBWmdBeEFEZ0FaQUEzQURJQVl3QTBBRFFBWmdBeEFHSUFOZ0F5QUdRQUlnQXNBQ0lBTlFBMkFHRUFPQUJrQURFQVpnQXlBRGNBWmdBeEFEZ0FaQUEzQURJQU13QXhBR01BTUFCaUFHTUFNd0F4QURjQUlnQXNBQ0lBTlFBMkFEa0FaZ0JtQURjQVlRQm1BRGNBWmdBeEFEZ0FaQUEzQURFQU53QXhBRGdBWlFBMEFHVUFaQUJoQUdJQUlnQXNBQ0lBTlFBMkFHSUFZd0JoQURRQU1RQXlBRElBWXdBM0FEWUFaQUE1QURFQVpBQmhBR01BTWdBeUFERUFPQUEzQURrQUlnQXNBQ0lBTlFBMkFHSUFZUUExQURJQVpRQTFBRGNBWmdBeEFEZ0FaQUEzQURJQVpnQTVBRGdBT1FCbUFEQUFPQUJqQURJQUlnQXNBQ0lBTlFBMkFEa0FaZ0JtQURjQVlnQXdBRGNBWmdBeEFEZ0FaQUEzQURFQU53QXhBRGdBWlFBMEFHVUFaQUJoQUdNQUlnQXNBQ0lBTlFBMkFEa0FaZ0JtQURjQVlnQXlBRGNBWmdBeEFEZ0FaQUEzQURFQU53QXhBRGdBWlFBMEFHVUFaQUJoQUdRQUlnQXNBQ0lBTlFBMkFEZ0FZUUF5QURVQU9RQmpBRGNBWmdBeEFEZ0FaQUEzQURBQVlnQTVBRFFBT1FBMkFEZ0FaZ0F3QURjQUlnQXNBQ0lBTlFBMkFEZ0FNUUE1QURjQU9RQTBBRElBWXdBM0FEWUFaQUE1QURBQVlRQXpBR01BTmdCa0FHTUFNZ0ExQURRQUlnQXNBQ0lBTlFBMkFHSUFNd0EzQURnQU53QXhBRElBWXdBM0FEWUFaQUE1QURFQU9RQTJBR01BT0FBMUFEQUFOUUJqQURBQUlnQXNBQ0lBTlFBMkFHRUFPQUF3QUdFQU1BQmhBRElBWXdBM0FEWUFaQUE1QURFQVpnQmtBREFBWmdCakFHUUFNZ0JqQURBQUlnQXNBQ0lBTlFBMkFEa0FaZ0JtQURjQVlnQTFBRGNBWmdBeEFEZ0FaQUEzQURFQU53QXhBRGdBWlFBMEFHVUFaQUJoQUdVQUlnQXNBQ0lBTlFBMkFHRUFZd0E0QURVQU5nQm1BRElBWXdBM0FEWUFaQUE1QURJQVpnQTFBREFBTWdBMEFEQUFNUUF6QUdRQUlnQXNBQ0lBTlFBMkFHRUFZUUEyQURFQU1nQTNBRElBWXdBM0FEWUFaQUE1QURNQVpBQTNBRFFBWXdCbUFEZ0FOZ0EyQURBQUlnQXNBQ0lBTlFBMkFEa0FaZ0JtQURjQVlnQTNBRGNBWmdBeEFEZ0FaQUEzQURFQU53QXhBRGdBWlFBMEFHVUFaQUJoQUdZQUlnQXNBQ0lBTlFBMkFEa0FaZ0JtQURjQVlnQTRBRGNBWmdBeEFEZ0FaQUEzQURFQU53QXhBRGdBWlFBMEFHVUFaQUJpQURBQUlnQXNBQ0lBTlFBMkFEY0FPQUF5QUdFQVpBQmpBRElBWXdBM0FEWUFaQUE1QURFQU1BQTBBR01BWkFBNUFHWUFNd0F5QUdZQUlnQXNBQ0lBTlFBMkFHSUFOUUJpQURZQU53QXhBRElBWXdBM0FEWUFaQUE1QURJQU9BQmtBR01BTXdCaUFHUUFOUUE1QUdRQUlnQXNBQ0lBTlFBMkFHSUFPQUJoQURrQU1nQXlBRElBWXdBM0FEWUFaQUE1QURJQU9BQmtBR01BTXdCaUFHUUFOZ0F6QURJQUlnQXNBQ0lBTlFBMkFHRUFOZ0EwQUdRQVl3QTRBRGNBWmdBeEFEZ0FaQUEzQURFQU9BQTRBRFFBTUFBNUFETUFZUUF4QURVQUlnQXNBQ0lBTlFBMkFHSUFZd0E1QURBQU9RQmlBRElBWXdBM0FEWUFaQUE1QURFQVpBQmhBR01BTWdBeUFERUFPQUEyQURNQUlnQXNBQ0lBTlFBMkFHSUFZd0JoQURBQU1nQXpBRElBWXdBM0FEWUFaQUE1QURFQVpBQmhBR01BTWdBeUFERUFPQUEzQURFQUlnQXNBQ0lBTlFBMkFHRUFPUUJtQURZQU9RQmxBRGNBWmdBeEFEZ0FaQUEzQURJQU13QXhBR01BTUFCaUFHTUFNd0JsQURBQUlnQXNBQ0lBTlFBMkFEa0FaZ0JtQUdNQU1nQXpBRGNBWmdBeEFEZ0FaQUEzQURFQU53QXhBRGdBWlFBMEFHVUFaZ0E0QURVQUlnQXNBQ0lBTlFBMkFHRUFZZ0F4QURrQVl3QTBBRGNBWmdBeEFEZ0FaQUEzQURFQU1nQXpBR01BWmdCaEFEQUFOQUExQURRQUlnQXNBQ0lBTlFBMkFEZ0FaUUJrQUdVQU5RQTJBRElBWXdBM0FEWUFaQUE1QURJQU5RQTBBREFBTndBMkFEa0FOUUEyQUdNQUlnQXNBQ0lBTlFBMkFEa0FaZ0JtQURjQVlnQmpBRGNBWmdBeEFEZ0FaQUEzQURFQU53QXhBRGdBWlFBMEFHVUFaQUJpQURFQUlnQXNBQ0lBTlFBMkFEY0FOd0JpQURVQU9RQmlBRElBWXdBM0FEWUFaQUE1QURBQVpnQTNBREFBTUFBeUFESUFaQUJsQURFQUlnQXNBQ0lBTlFBMkFHSUFOd0F3QURjQVpnQXpBRGNBWmdBeEFEZ0FaQUEzQURBQU5BQTBBRFFBTndCbEFEa0FaZ0JoQUdJQUlnQXNBQ0lBTlFBMkFHSUFPQUEwQURVQU9RQmlBRGNBWmdBeEFEZ0FaQUEzQURBQU5BQTBBRFFBTndCbEFEa0FaZ0JrQURZQUlnQXNBQ0lBTlFBMkFHSUFNd0F6QUdFQVpnQTJBRGNBWmdBeEFEZ0FaQUEzQURFQVpnQTJBRFFBTndCakFEZ0FOQUJtQURjQUlnQXNBQ0lBTlFBMkFHRUFPQUF4QURJQU1BQmpBRElBWXdBM0FEWUFaQUE1QURFQVpnQmtBREFBWmdCakFHUUFNZ0JqQUdVQUlnQXNBQ0lBTlFBMkFHSUFZUUJtQURZQVlnQTVBRGNBWmdBeEFEZ0FaQUEzQURFQU5BQmxBRFFBWXdCa0FHWUFaUUJqQURJQUlnQXNBQ0lBTlFBMkFEa0FaZ0JtQUdNQU1nQTFBRGNBWmdBeEFEZ0FaQUEzQURFQU53QXhBRGdBWlFBMEFHVUFaZ0E0QURZQUlnQXNBQ0lBTlFBMkFEa0FaZ0JtQURjQVl3QXlBRGNBWmdBeEFEZ0FaQUEzQURFQU53QXhBRGdBWlFBMEFHVUFaQUJpQURJQUlnQXNBQ0lBTlFBMkFEa0FaZ0JtQURjQVl3QXpBRGNBWmdBeEFEZ0FaQUEzQURFQU53QXhBRGdBWlFBMEFHVUFaQUJpQURNQUlnQXNBQ0lBTlFBMkFHSUFNZ0F5QURrQU1RQTJBRElBWXdBM0FEWUFaQUE1QURFQU9RQTJBR01BT0FBMUFEQUFOUUE0QUdJQUlnQXNBQ0lBTlFBMkFEa0FaZ0JtQUdNQU1nQTJBRGNBWmdBeEFEZ0FaQUEzQURFQU53QXhBRGdBWlFBMEFHVUFaZ0E0QURjQUlnQXNBQ0lBTlFBMkFEa0FNd0E1QURjQU13QmlBRElBWXdBM0FEWUFaQUE1QURFQVl3QXdBRGdBWlFBNUFEa0FNZ0JoQUdNQUlnQXNBQ0lBTlFBMkFEZ0FZUUExQURFQU1BQTVBRGNBWmdBeEFEZ0FaQUEzQURBQVlnQTVBRFFBT1FBMkFEZ0FaZ0F4QURVQUlnQXNBQ0lBTlFBMkFEa0FaZ0JtQUdNQU1nQTRBRGNBWmdBeEFEZ0FaQUEzQURFQU53QXhBRGdBWlFBMEFHVUFaZ0E0QURnQUlnQXNBQ0lBTlFBMkFEa0FNd0ExQUdFQU5nQmpBRElBWXdBM0FEWUFaQUE1QURFQVl3QXdBRGdBWlFBNUFEa0FNZ0E1QURRQUlnQXNBQ0lBTlFBMkFHRUFOZ0EzQUdJQVlRQmxBRGNBWmdBeEFEZ0FaQUEzQURJQU13QmlBRFFBWVFCaUFERUFaUUE1QURVQUlnQXNBQ0lBTlFBMkFEa0FaZ0JtQURjQVl3QTJBRGNBWmdBeEFEZ0FaQUEzQURFQU53QXhBRGdBWlFBMEFHVUFaQUJpQURRQUlnQXNBQ0lBTlFBMkFEa0FOUUJtQUdFQU1RQmxBRElBWXdBM0FEWUFaQUE1QURBQVpnQTNBR01BTWdCbEFEZ0FZUUE0QURNQUlnQXNBQ0lBTlFBMkFEa0FaZ0JtQUdNQU1nQmlBRGNBWmdBeEFEZ0FaQUEzQURFQU53QXhBRGdBWlFBMEFHVUFaZ0E0QURrQUlnQXNBQ0lBTlFBMkFHSUFaUUF3QURjQU5BQXlBRGNBWmdBeEFEZ0FaQUEzQURBQVlnQm1BRFFBT0FBeEFHSUFNQUEwQUdFQUlnQXNBQ0lBTlFBMkFEa0FaZ0JtQURjQVl3QTVBRGNBWmdBeEFEZ0FaQUEzQURFQU53QXhBRGdBWlFBMEFHVUFaQUJpQURVQUlnQXNBQ0lBTlFBMkFEa0FaZ0JtQUdNQU1nQmpBRGNBWmdBeEFEZ0FaQUEzQURFQU53QXhBRGdBWlFBMEFHVUFaZ0E0QUdFQUlnQXNBQ0lBTlFBMkFHSUFZd0E1QUdJQU13QmxBRElBWXdBM0FEWUFaQUE1QURFQVpBQmhBR01BTWdBeUFERUFPQUEyQUdJQUlnQXNBQ0lBTlFBMkFEZ0FaUUExQURJQVlnQmlBRElBWXdBM0FEWUFaQUE1QURFQU5nQTBBR01BWlFBeUFHTUFNd0JpQURFQUlnQXNBQ0lBTlFBMkFEY0FOQUE1QURZQU53Qm1BRElBWXdBM0FEWUFaQUE1QURBQVpnQTNBREFBTUFBeUFESUFaQUJrQURrQUlnQXNBQ0lBTlFBMkFEa0FaZ0JtQURjQVl3QmlBRGNBWmdBeEFEZ0FaQUEzQURFQU53QXhBRGdBWlFBMEFHVUFaQUJpQURZQUlnQXNBQ0lBTlFBMkFEa0FNUUF3QURZQVlRQXdBRGNBWmdBeEFEZ0FaQUEzQURNQU1RQTRBR01BTUFBNUFHWUFOQUJsQUdZQUlnQXNBQ0lBTlFBMkFHSUFNQUEyQURFQU5RQmpBRGNBWmdBeEFEZ0FaQUEzQURJQVl3QTBBRFFBWmdBeEFHSUFOUUJsQUdRQUlnQXNBQ0lBTlFBMkFEa0FaZ0JtQUdNQU13QXdBRGNBWmdBeEFEZ0FaQUEzQURFQU53QXhBRGdBWlFBMEFHVUFaZ0E0QUdJQUlnQXNBQ0lBTlFBMkFHSUFZUUJqQURNQVpBQTRBRGNBWmdBeEFEZ0FaQUEzQURFQU5BQmxBRFFBWXdCa0FHWUFaUUJoQUdZQUlnQXNBQ0lBTlFBMkFEY0FPUUF4QURJQVlnQTNBRElBWXdBM0FEWUFaQUE1QURFQU1BQXpBRGdBTWdBNEFHRUFPQUF4QUdZQUlnQXNBQ0lBTlFBMkFHSUFNUUJoQURBQU5nQXdBRGNBWmdBeEFEZ0FaQUEzQURJQVl3QTBBRFFBWmdBeEFHSUFOZ0F3QUdNQUlnQXNBQ0lBTlFBMkFEZ0FaZ0E1QURNQVpBQmhBRGNBWmdBeEFEZ0FaQUEzQURFQU9RQmtBRFFBWWdBd0FEZ0FaZ0JqQUdFQUlnQXNBQ0lBTlFBMkFEZ0FaZ0E1QUdZQVpBQTNBRElBWXdBM0FEWUFaQUE1QURFQVlnQmlBR01BTlFCbEFHVUFPQUEyQUdRQUlnQXNBQ0lBTlFBMkFHRUFPQUF3QUdNQU1BQmxBRElBWXdBM0FEWUFaQUE1QURFQVpnQmtBREFBWmdCakFHUUFNZ0JqQURRQUlnQXNBQ0lBTlFBMkFEa0FaZ0JtQURjQVl3Qm1BRGNBWmdBeEFEZ0FaQUEzQURFQU53QXhBRGdBWlFBMEFHVUFaQUJpQURjQUlnQXNBQ0lBTlFBMkFEY0FOQUE1QURNQU1nQTRBRElBWXdBM0FEWUFaQUE1QURBQVpnQTNBREFBTUFBeUFESUFaQUJrQURZQUlnQXNBQ0lBTlFBMkFEa0FZUUEwQUdVQU13QTBBRElBWXdBM0FEWUFaQUE1QURJQU1nQmxBR01BTWdBMkFHRUFOd0EzQURBQUlnQXNBQ0lBTlFBMkFEZ0FNUUE1QUdNQU9BQXpBRElBWXdBM0FEWUFaQUE1QURBQVlRQXpBR01BTmdCa0FHTUFNZ0ExQURjQUlnQXNBQ0lBTlFBMkFEa0FaZ0JtQUdNQU13QTRBRGNBWmdBeEFEZ0FaQUEzQURFQU53QXhBRGdBWlFBMEFHVUFaZ0E0QUdNQUlnQXNBQ0lBTlFBMkFEa0FaZ0JtQURjQVpBQXpBRGNBWmdBeEFEZ0FaQUEzQURFQU53QXhBRGdBWlFBMEFHVUFaQUJpQURnQUlnQXNBQ0lBTlFBMkFEZ0FaUUE0QURBQU1RQTJBRElBWXdBM0FEWUFaQUE1QURFQU5nQTBBR01BWlFBeUFHTUFNd0JqQURjQUlnQXNBQ0lBTlFBMkFEa0FaZ0JtQUdNQU13QmlBRGNBWmdBeEFEZ0FaQUEzQURFQU53QXhBRGdBWlFBMEFHVUFaZ0E0QUdRQUlnQXNBQ0lBTlFBMkFHSUFZZ0F5QURJQVpBQmlBRGNBWmdBeEFEZ0FaQUEzQURFQU5BQmxBRFFBWXdCa0FHWUFaUUJrQUdZQUlnQXNBQ0lBTlFBMkFHSUFNZ0EyQUdJQU1RQTJBRElBWXdBM0FEWUFaQUE1QURFQU9RQTJBR01BT0FBMUFEQUFOUUE1QURZQUlnQXNBQ0lBTlFBMkFEa0FaZ0JtQURjQVpBQTBBRGNBWmdBeEFEZ0FaQUEzQURFQU53QXhBRGdBWlFBMEFHVUFaQUJpQURrQUlnQXNBQ0lBTlFBMkFHSUFaQUJtQUdFQU1RQTJBRElBWXdBM0FEWUFaQUE1QURFQVpBQmhBR01BTWdBeUFERUFPQUJsQUdNQUlnQXNBQ0lBTlFBMkFHSUFNUUJoQURVQVpnQmtBRGNBWmdBeEFEZ0FaQUEzQURJQVl3QTBBRFFBWmdBeEFHSUFOZ0F3QUdVQUlnQXNBQ0lBTlFBMkFHRUFPUUJtQUdVQU5BQmtBRElBWXdBM0FEWUFaQUE1QURFQVpnQmtBREFBWmdCakFHUUFNd0JsQUdRQUlnQXNBQ0lBTlFBMkFHSUFNZ0EzQURjQVpBQXdBRElBWXdBM0FEWUFaQUE1QURFQU9RQTJBR01BT0FBMUFEQUFOUUE1QUdFQUlnQXNBQ0lBTlFBMkFHRUFPQUF4QURFQU53QXdBRGNBWmdBeEFEZ0FaQUEzQURJQU13QXhBR01BTUFCaUFHTUFNZ0JqQURRQUlnQXNBQ0lBTlFBMkFEa0FaZ0JtQURjQVpBQTJBRGNBWmdBeEFEZ0FaQUEzQURFQU53QXhBRGdBWlFBMEFHVUFaQUJpQUdFQUlnQXNBQ0lBTlFBMkFEY0FPUUJoQUdNQU1RQTJBRGNBWmdBeEFEZ0FaQUEzQURBQVpRQmxBRFFBTlFBekFEWUFZUUJrQURFQUlnQXNBQ0lBTlFBMkFEa0FaZ0JtQUdNQU13QmpBRGNBWmdBeEFEZ0FaQUEzQURFQU53QXhBRGdBWlFBMEFHVUFaZ0E0QUdVQUlnQXNBQ0lBTlFBMkFHRUFZZ0ExQURrQVlRQmtBRElBWXdBM0FEWUFaQUE1QURFQU1BQm1BRFFBTXdCa0FEY0FaQUE1QURBQUlnQXNBQ0lBTlFBMkFEa0FOQUJrQUdZQU9RQmlBRElBWXdBM0FEWUFaQUE1QURFQU1nQXhBREFBWkFBeUFEVUFNd0EwQURFQUlnQXNBQ0lBTlFBMkFEa0FaZ0JtQUdNQU13QmtBRGNBWmdBeEFEZ0FaQUEzQURFQU53QXhBRGdBWlFBMEFHVUFaZ0E0QUdZQUlnQXNBQ0lBTlFBMkFEa0FaZ0JtQURjQVpBQTVBRGNBWmdBeEFEZ0FaQUEzQURFQU53QXhBRGdBWlFBMEFHVUFaQUJpQUdJQUlnQXNBQ0lBTlFBMkFEa0FaZ0JtQURjQVpBQmlBRGNBWmdBeEFEZ0FaQUEzQURFQU53QXhBRGdBWlFBMEFHVUFaQUJpQUdNQUlnQXNBQ0lBTlFBMkFEa0FaZ0JtQURjQVpBQmpBRGNBWmdBeEFEZ0FaQUEzQURFQU53QXhBRGdBWlFBMEFHVUFaQUJpQUdRQUlnQXNBQ0lBTlFBMkFEa0FaZ0JtQURjQVpBQmtBRGNBWmdBeEFEZ0FaQUEzQURFQU53QXhBRGdBWlFBMEFHVUFaQUJpQUdVQUlnQXNBQ0lBTlFBMkFHSUFOd0F4QURjQU5RQmpBRGNBWmdBeEFEZ0FaQUEzQURBQU5BQTBBRFFBTndCbEFEa0FaZ0JpQURVQUlnQXNBQ0lBTlFBMkFEZ0FOQUF5QURnQU5nQTVBRGNBWmdBeEFEZ0FaQUEzQURFQU1nQTVBR01BTWdBekFEQUFPQUEzQURrQUlnQXNBQ0lBTlFBMkFEa0FZZ0JoQURjQVl3QmpBRElBWXdBM0FEWUFaQUE1QURJQU1nQmxBR01BTWdBMkFHRUFOd0E1QURjQUlnQXNBQ0lBTlFBMkFEZ0FZd0JsQURVQVpRQTFBRElBWXdBM0FEWUFaQUE1QURBQVpnQmlBRGdBWkFCa0FEUUFNUUJrQUdVQUlnQXNBQ0lBTlFBMkFHRUFPQUJsQURJQU5nQXhBRGNBWmdBeEFEZ0FaQUEzQURJQU13QXhBR01BTUFCaUFHTUFNd0F5QURjQUlnQXNBQ0lBTlFBMkFHRUFPQUJpQUdZQU13Qm1BRGNBWmdBeEFEZ0FaQUEzQURJQU13QXhBR01BTUFCaUFHTUFNd0F3QURrQUlnQXNBQ0lBTlFBMkFEa0FaZ0JtQUdNQU5BQXdBRGNBWmdBeEFEZ0FaQUEzQURFQU53QXhBRGdBWlFBMEFHVUFaZ0E1QURBQUlnQXNBQ0lBTlFBMkFHRUFPQUF3QURnQU5RQmhBRElBWXdBM0FEWUFaQUE1QURFQVpnQmtBREFBWmdCakFHUUFNZ0JpQUdRQUlnQXNBQ0lBTlFBMkFHSUFPUUJpQURFQU53QTVBRElBWXdBM0FEWUFaQUE1QURBQU9BQmlBREFBWWdBNUFEUUFNUUF5QURZQUlnQXNBQ0lBTlFBMkFHRUFZZ0F5QURRQU13QTRBRElBWXdBM0FEWUFaQUE1QURFQU1BQm1BRFFBTXdCa0FEY0FaQUE0QURFQUlnQXNBQ0lBTlFBMkFHRUFZZ0JsQURBQVpnQmlBRGNBWmdBeEFEZ0FaQUEzQURJQVl3QTBBRFFBWmdBeEFHSUFOUUE1QURrQUlnQXNBQ0lBTlFBMkFHRUFOZ0E0QURnQU9BQTVBRGNBWmdBeEFEZ0FaQUEzQURJQU13QmlBRFFBWVFCaUFERUFaUUE1QUdJQUlnQXNBQ0lBTlFBMkFEY0FNd0JtQURZQVpnQXpBRElBWXdBM0FEWUFaQUE1QURFQU53QTRBR01BWWdBeEFEWUFOZ0F5QURZQUlnQXNBQ0lBTlFBMkFHSUFPQUF6QURnQU9BQTBBRElBWXdBM0FEWUFaQUE1QURJQU9BQmtBR01BTXdCaUFHUUFOUUJsQURjQUlnQXNBQ0lBTlFBMkFHRUFZd0JoQURVQU5nQmlBRElBWXdBM0FEWUFaQUE1QURJQVpnQTFBREFBTWdBMEFEQUFNUUExQURBQUlnQXNBQ0lBTlFBMkFHRUFaZ0ExQURBQU1nQmtBRGNBWmdBeEFEZ0FaQUEzQURJQVl3QTBBRFFBWmdBeEFHSUFOUUJqQURjQUlnQXNBQ0lBTlFBMkFHRUFOd0EwQURnQU1nQTRBRGNBWmdBeEFEZ0FaQUEzQURJQU13QmlBRFFBWVFCaUFERUFaUUJpQURZQUlnQXNBQ0lBTlFBMkFHRUFPQUE0QURVQU53QXdBRGNBWmdBeEFEZ0FaQUEzQURJQU13QXhBR01BTUFCaUFHTUFNZ0JsQURjQUlnQXNBQ0lBTlFBMkFEa0FaZ0EyQURNQVpnQTNBRElBWXdBM0FEWUFaQUE1QURFQVl3QmlBRGdBTVFBNUFHUUFaZ0F5QURVQUlnQXNBQ0lBTlFBMkFHSUFOUUJqQURVQU5RQTRBRElBWXdBM0FEWUFaQUE1QURJQU9BQmtBR01BTXdCaUFHUUFOUUJoQURZQUlnQXNBQ0lBTlFBMkFEa0FaZ0JtQUdJQU5nQmpBRGNBWmdBeEFEZ0FaQUEzQURFQU53QXhBRGdBWlFBMEFHVUFaZ0F5QURnQUlnQXNBQ0lBTlFBMkFEa0FNd0E1QUdNQU13QmhBRElBWXdBM0FEWUFaQUE1QURFQVl3QXdBRGdBWlFBNUFEa0FNZ0JpQURBQUlnQXNBQ0lBTlFBMkFEa0FaZ0JtQURrQU53QTJBRGNBWmdBeEFEZ0FaQUEzQURFQU53QXhBRGdBWlFBMEFHVUFaUUExQURRQUlnQXNBQ0lBTlFBMkFHRUFZZ0F4QURNQU53QTJBRGNBWmdBeEFEZ0FaQUEzQURFQU1nQXpBR01BWmdCaEFEQUFOQUExQURFQUlnQXNBQ0lBTlFBMkFEa0FNQUJrQUdFQVpBQXhBRGNBWmdBeEFEZ0FaQUEzQURNQU1RQTRBR01BTUFBNUFHWUFOQUJrQURjQUlnQXNBQ0lBTlFBMkFEa0FaZ0JtQURrQU53QTRBRGNBWmdBeEFEZ0FaQUEzQURFQU53QXhBRGdBWlFBMEFHVUFaUUExQURVQUlnQXNBQ0lBTlFBMkFEa0FaZ0JtQUdJQU5nQmtBRGNBWmdBeEFEZ0FaQUEzQURFQU53QXhBRGdBWlFBMEFHVUFaZ0F5QURrQUlnQXNBQ0lBTlFBMkFEa0FaZ0JtQURrQU53QmhBRGNBWmdBeEFEZ0FaQUEzQURFQU53QXhBRGdBWlFBMEFHVUFaUUExQURZQUlnQXNBQ0lBTlFBMkFEZ0FaZ0JrQURjQU5nQTRBRElBWXdBM0FEWUFaQUE1QURFQVlnQmlBR01BTlFCbEFHVUFPQUE0QURNQUlnQXNBQ0lBTlFBMkFEY0FZZ0JpQURFQVpnQTBBRElBWXdBM0FEWUFaQUE1QURBQU9RQXpBR01BTkFCa0FHUUFOUUJtQUdNQUlnQXNBQ0lBTlFBMkFEY0FNd0JtQURnQVpRQTFBRGNBWmdBeEFEZ0FaQUEzQURFQVpnQmxBR01BTVFCaEFEVUFPUUF6QURBQUlnQXNBQ0lBTlFBMkFHSUFNQUEyQURrQU13QTNBRElBWXdBM0FEWUFaQUE1QURJQVpnQTFBREFBTWdBMEFEQUFNUUE0QURnQUlnQXNBQ0lBTlFBMkFEa0FNQUJtQURrQU1RQmtBRGNBWmdBeEFEZ0FaQUEzQURNQU1RQTRBR01BTUFBNUFHWUFOQUJsQURNQUlnQXNBQ0lBTlFBMkFEZ0FaUUExQUdNQU5RQmpBRElBWXdBM0FEWUFaQUE1QURFQU5nQTBBR01BWlFBeUFHTUFNd0JpQURNQUlnQXNBQ0lBTlFBMkFHSUFaUUF3QURjQVpnQmlBRElBWXdBM0FEWUFaQUE1QURFQVpBQmhBR01BTWdBeUFERUFPQUJtQUdRQUlnQXNBQ0lBTlFBMkFEa0FaZ0JtQURrQU53Qm1BRGNBWmdBeEFEZ0FaQUEzQURFQU53QXhBRGdBWlFBMEFHVUFaUUExQURjQUlnQXNBQ0lBTlFBMkFHSUFOUUJsQURBQU1BQm1BRGNBWmdBeEFEZ0FaQUEzQURBQU5BQTBBRFFBTndCbEFEa0FaZ0JoQURrQUlnQXNBQ0lBTlFBMkFEa0FaZ0JtQUdJQU53QXdBRGNBWmdBeEFEZ0FaQUEzQURFQU53QXhBRGdBWlFBMEFHVUFaZ0F5QUdFQUlnQXNBQ0lBTlFBMkFHSUFZUUJsQURJQU5BQTBBRGNBWmdBeEFEZ0FaQUEzQURFQU5BQmxBRFFBWXdCa0FHWUFaUUJpQUdFQUlnQXNBQ0lBTlFBMkFEa0FaZ0JtQUdJQU53QXhBRGNBWmdBeEFEZ0FaQUEzQURFQU53QXhBRGdBWlFBMEFHVUFaZ0F5QUdJQUlnQXNBQ0lBTlFBMkFEa0FaZ0JtQUdJQU53QXpBRGNBWmdBeEFEZ0FaQUEzQURFQU53QXhBRGdBWlFBMEFHVUFaZ0F5QUdNQUlnQXNBQ0lBTlFBMkFHSUFZZ0F5QURrQU53QXdBRGNBWmdBeEFEZ0FaQUEzQURFQU5BQmxBRFFBWXdCa0FHWUFaUUJsQURNQUlnQXNBQ0lBTlFBMkFHSUFaQUJtQUdRQU5RQTBBRElBWXdBM0FEWUFaQUE1QURFQVpBQmhBR01BTWdBeUFERUFPQUJtQURBQUlnQXNBQ0lBTlFBMkFHRUFOZ0E1QURjQVl3QmlBRGNBWmdBeEFEZ0FaQUEzQURJQU13QmlBRFFBWVFCaUFERUFaUUJoQUdFQUlnQXNBQ0lBTlFBMkFHSUFNUUF5QURJQU9BQTVBRElBWXdBM0FEWUFaQUE1QURJQVpnQTFBREFBTWdBMEFEQUFNUUE1QUdNQUlnQXNBQ0lBTlFBMkFHRUFaZ0ExQURjQVpRQXlBRElBWXdBM0FEWUFaQUE1QURJQVpnQTFBREFBTWdBMEFEQUFNUUEyQURFQUlnQXNBQ0lBTlFBMkFEa0FaZ0JtQURrQU9BQXlBRGNBWmdBeEFEZ0FaQUEzQURFQU53QXhBRGdBWlFBMEFHVUFaUUExQURnQUlnQXNBQ0lBTlFBMkFHRUFZUUF6QUdRQVpBQTVBRElBWXdBM0FEWUFaQUE1QURFQVpnQmtBREFBWmdCakFHUUFOQUF3QUdFQUlnQXNBQ0lBTlFBMkFEa0FaZ0JtQUdJQU53QTBBRGNBWmdBeEFEZ0FaQUEzQURFQU53QXhBRGdBWlFBMEFHVUFaZ0F5QUdRQUlnQXNBQ0lBTlFBMkFHRUFaZ0EzQURRQU13QmpBRGNBWmdBeEFEZ0FaQUEzQURJQVl3QTBBRFFBWmdBeEFHSUFOUUJrQUdNQUlnQXNBQ0lBTlFBMkFEa0FaZ0JtQUdJQU53QTJBRGNBWmdBeEFEZ0FaQUEzQURFQU53QXhBRGdBWlFBMEFHVUFaZ0F5QUdVQUlnQXNBQ0lBTlFBMkFEa0FaZ0JtQURrQU9BQTBBRGNBWmdBeEFEZ0FaQUEzQURFQU53QXhBRGdBWlFBMEFHVUFaUUExQURrQUlnQXNBQ0lBTlFBMkFHSUFZZ0F3QUdZQVpnQmpBRGNBWmdBeEFEZ0FaQUEzQURFQU5BQmxBRFFBWXdCa0FHWUFaUUJrQURFQUlnQXNBQ0lBTlFBMkFEa0FNd0ExQUdNQU5nQXpBRGNBWmdBeEFEZ0FaQUEzQURNQU1RQTRBR01BTUFBNUFHWUFOQUJtQUdFQUlnQXNBQ0lBTlFBMkFHSUFPQUE0QURRQVl3QTRBRElBWXdBM0FEWUFaQUE1QURJQU9BQmtBR01BTXdCaUFHUUFOZ0F5QURBQUlnQXNBQ0lBTlFBMkFEa0FaZ0JtQURrQU9BQTJBRGNBWmdBeEFEZ0FaQUEzQURFQU53QXhBRGdBWlFBMEFHVUFaUUExQUdFQUlnQXNBQ0lBTlFBMkFEa0FaZ0JtQURrQU9BQTNBRGNBWmdBeEFEZ0FaQUEzQURFQU53QXhBRGdBWlFBMEFHVUFaUUExQUdJQUlnQXNBQ0lBTlFBMkFEY0FOQUE1QUdNQU53QmtBRElBWXdBM0FEWUFaQUE1QURBQVpnQTNBREFBTUFBeUFESUFaQUJrQUdRQUlnQXNBQ0lBTlFBMkFHSUFOUUF4QURjQVpRQXhBRElBWXdBM0FEWUFaQUE1QURJQU9BQmtBR01BTXdCaUFHUUFOUUE0QUdVQUlnQXNBQ0lBTlFBMkFEa0FaZ0JtQUdJQU53QTNBRGNBWmdBeEFEZ0FaQUEzQURFQU53QXhBRGdBWlFBMEFHVUFaZ0F5QUdZQUlnQXNBQ0lBTlFBMkFHSUFNQUEzQURnQVpnQmlBRElBWXdBM0FEWUFaQUE1QURJQVpnQTFBREFBTWdBMEFEQUFNUUE0QUdVQUlnQXNBQ0lBTlFBMkFEa0FaZ0JtQURrQU9BQmhBRGNBWmdBeEFEZ0FaQUEzQURFQU53QXhBRGdBWlFBMEFHVUFaUUExQUdNQUlnQXNBQ0lBTlFBMkFEa0FZUUF5QURnQU53QTNBRElBWXdBM0FEWUFaQUE1QURJQU1nQmxBR01BTWdBMkFHRUFOd0EyQURFQUlnQXNBQ0lBTlFBMkFEa0FNUUF3QURZQVlnQTNBRElBWXdBM0FEWUFaQUE1QURFQVl3QXdBRGdBWlFBNUFEa0FNZ0E0QUdNQUlnQXNBQ0lBTlFBMkFEa0FaZ0JtQURrQU9BQmpBRGNBWmdBeEFEZ0FaQUEzQURFQU53QXhBRGdBWlFBMEFHVUFaUUExQUdRQUlnQXNBQ0lBTlFBMkFEa0FaZ0JtQUdJQU53QTVBRGNBWmdBeEFEZ0FaQUEzQURFQU53QXhBRGdBWlFBMEFHVUFaZ0F6QURBQUlnQXNBQ0lBTlFBMkFEY0FOQUF6QURZQU1nQTBBRGNBWmdBeEFEZ0FaQUEzQURFQVpnQmxBR01BTVFCaEFEVUFPUUF6QUdJQUlnQXNBQ0lBTlFBMkFHRUFPUUJpQUdZQVpBQTJBRElBWXdBM0FEWUFaQUE1QURFQVpnQmtBREFBWmdCakFHUUFNd0JrQUdVQUlnQXNBQ0lBTlFBMkFHRUFOd0JtQURVQVl3QTNBRGNBWmdBeEFEZ0FaQUEzQURJQU13QXhBR01BTUFCaUFHTUFNZ0E1QUdZQUlnQXNBQ0lBTlFBMkFEZ0FaUUEyQURrQU1BQTJBRGNBWmdBeEFEZ0FaQUEzQURJQU5RQm1BREFBWWdBekFHWUFNUUF3QUdVQUlnQXNBQ0lBTlFBMkFEa0FaZ0JtQUdJQU53QmlBRGNBWmdBeEFEZ0FaQUEzQURFQU53QXhBRGdBWlFBMEFHVUFaZ0F6QURFQUlnQXNBQ0lBTlFBMkFHSUFNUUJtQUdJQVlRQmlBRElBWXdBM0FEWUFaQUE1QURJQVpnQTFBREFBTWdBMEFEQUFNUUJpQUdVQUlnQXNBQ0lBTlFBMkFHSUFPUUJoQURjQU1nQXdBRElBWXdBM0FEWUFaQUE1QURBQU9BQmlBREFBWWdBNUFEUUFNUUF5QURNQUlnQXNBQ0lBTlFBMkFHSUFNZ0F5QURBQU5RQmlBRGNBWmdBeEFEZ0FaQUEzQURJQVl3QTBBRFFBWmdBeEFHSUFOZ0F6QURrQUlnQXNBQ0lBTlFBMkFEa0FaZ0JtQURrQU9RQXdBRGNBWmdBeEFEZ0FaQUEzQURFQU53QXhBRGdBWlFBMEFHVUFaUUExQUdVQUlnQXNBQ0lBTlFBMkFHSUFZUUEyQUdNQU5RQTRBRGNBWmdBeEFEZ0FaQUEzQURJQVpnQTVBRGdBT1FCbUFEQUFPQUJqQURrQUlnQXNBQ0lBTlFBMkFEa0FaZ0JtQUdJQU53QmpBRGNBWmdBeEFEZ0FaQUEzQURFQU53QXhBRGdBWlFBMEFHVUFaZ0F6QURJQUlnQXNBQ0lBTlFBMkFEZ0FNUUJoQURJQU53QTBBRElBWXdBM0FEWUFaQUE1QURBQVlRQXpBR01BTmdCa0FHTUFNZ0ExQUdFQUlnQXNBQ0lBTlFBMkFEa0FNQUJtQURBQVl3QXpBRGNBWmdBeEFEZ0FaQUEzQURNQU1RQTRBR01BTUFBNUFHWUFOQUJsQURBQUlnQXNBQ0lBTlFBMkFHRUFOd0EwQUdVQVpBQTFBRGNBWmdBeEFEZ0FaQUEzQURJQU13QmlBRFFBWVFCaUFERUFaUUJpQUdRQUlnQXNBQ0lBTlFBMkFHSUFZd0E0QURBQVl3QmpBRElBWXdBM0FEWUFaQUE1QURFQVpBQmhBR01BTWdBeUFERUFPQUExQURBQUlnQXNBQ0lBTlFBMkFEa0FaZ0JtQURrQU9RQXpBRGNBWmdBeEFEZ0FaQUEzQURFQU53QXhBRGdBWlFBMEFHVUFaUUExQUdZQUlnQXNBQ0lBTlFBMkFEa0FaZ0JtQUdJQU53QmtBRGNBWmdBeEFEZ0FaQUEzQURFQU53QXhBRGdBWlFBMEFHVUFaZ0F6QURNQUlnQXNBQ0lBTlFBMkFEZ0FaUUJrQUdNQVl3QXlBRElBWXdBM0FEWUFaQUE1QURJQU5RQTBBREFBTndBMkFEa0FOUUEyQUdJQUlnQXNBQ0lBTlFBMkFHSUFPQUEyQURBQVpnQmhBRElBWXdBM0FEWUFaQUE1QURJQU9BQmtBR01BTXdCaUFHUUFOUUJsQUdNQUlnQXNBQ0lBTlFBMkFEZ0FOQUJtQUdRQU1RQmtBRGNBWmdBeEFEZ0FaQUEzQURBQVlnQTVBRFFBT1FBMkFEZ0FaUUJsQURnQUlnQXNBQ0lBTlFBMkFHRUFZZ0ExQUdJQU9BQTJBRGNBWmdBeEFEZ0FaQUEzQURFQU1nQXpBR01BWmdCaEFEQUFOQUEyQURrQUlnQXNBQ0lBTlFBMkFHRUFOd0ExQUdJQU9RQmxBRGNBWmdBeEFEZ0FaQUEzQURJQU13QmlBRFFBWVFCaUFERUFaUUJqQUdFQUlnQXNBQ0lBTlFBMkFEa0FaZ0JtQUdJQU53QmxBRGNBWmdBeEFEZ0FaQUEzQURFQU53QXhBRGdBWlFBMEFHVUFaZ0F6QURRQUlnQXNBQ0lBTlFBMkFHRUFaZ0EzQURZQU1RQm1BRElBWXdBM0FEWUFaQUE1QURJQVpnQTFBREFBTWdBMEFEQUFNUUEzQURRQUlnQXNBQ0lBTlFBMkFEa0FaZ0JtQURrQU9RQTRBRGNBWmdBeEFEZ0FaQUEzQURFQU53QXhBRGdBWlFBMEFHVUFaUUEyQURBQUlnQXNBQ0lBTlFBMkFEa0FNd0EzQUdRQVl3QTBBRElBWXdBM0FEWUFaQUE1QURFQVl3QXdBRGdBWlFBNUFEa0FNZ0E1QUdNQUlnQXNBQ0lBTlFBMkFHRUFOd0F6QURZQU9RQXdBRGNBWmdBeEFEZ0FaQUEzQURJQU13QmlBRFFBWVFCaUFERUFaUUJpQURJQUlnQXNBQ0lBTlFBMkFEa0FOQUJsQUdJQU1BQTFBRGNBWmdBeEFEZ0FaQUEzQURJQVlRQTBBRGdBTlFCa0FERUFOUUEyQURZQUlnQXNBQ0lBTlFBMkFEZ0FOUUF5QURVQU5RQTBBRGNBWmdBeEFEZ0FaQUEzQURBQVlnQTVBRFFBT1FBMkFEZ0FaUUJtQUdVQUlnQXNBQ0lBTlFBMkFEZ0FaUUEzQURBQU1nQXhBRGNBWmdBeEFEZ0FaQUEzQURJQU5RQm1BREFBWWdBekFHWUFNUUF4QURFQUlnQXNBQ0lBTlFBMkFHRUFNUUJtQURNQU13QTRBRGNBWmdBeEFEZ0FaQUEzQURFQU5BQTJBRFFBTUFCbEFERUFNd0EyQURVQUlnQXNBQ0lBTlFBMkFHSUFOQUE0QURjQU1BQTRBRGNBWmdBeEFEZ0FaQUEzQURBQVpnQTJBREFBTndCaEFHRUFPUUJqQUdZQUlnQXNBQ0lBTlFBMkFEa0FaZ0JtQUdJQU9BQXlBRGNBWmdBeEFEZ0FaQUEzQURFQU53QXhBRGdBWlFBMEFHVUFaZ0F6QURVQUlnQXNBQ0lBTlFBMkFEa0FaZ0JtQUdJQU9BQXpBRGNBWmdBeEFEZ0FaQUEzQURFQU53QXhBRGdBWlFBMEFHVUFaZ0F6QURZQUlnQXNBQ0lBTlFBMkFEZ0FaUUE1QURJQVpnQXpBRGNBWmdBeEFEZ0FaQUEzQURJQU5RQm1BREFBWWdBekFHWUFNUUF5QURRQUlnQXNBQ0lBTlFBMkFHSUFOd0F6QURBQVpnQmlBRGNBWmdBeEFEZ0FaQUEzQURBQU5BQTBBRFFBTndCbEFEa0FaZ0JqQUdNQUlnQXNBQ0lBTlFBMkFEY0FNd0JsQUdRQVlRQmxBRElBWXdBM0FEWUFaQUE1QURFQU53QTRBR01BWWdBeEFEWUFOZ0F5QURNQUlnQXNBQ0lBTlFBMkFEa0FaZ0JtQURrQU9RQmtBRGNBWmdBeEFEZ0FaQUEzQURFQU53QXhBRGdBWlFBMEFHVUFaUUEyQURFQUlnQXNBQ0lBTlFBMkFEa0FaZ0JtQURrQU9RQmxBRGNBWmdBeEFEZ0FaQUEzQURFQU53QXhBRGdBWlFBMEFHVUFaUUEyQURJQUlnQXNBQ0lBTlFBMkFEa0FaZ0JtQURrQVlRQXdBRGNBWmdBeEFEZ0FaQUEzQURFQU53QXhBRGdBWlFBMEFHVUFaUUEyQURNQUlnQXNBQ0lBTlFBMkFEa0FOUUF3QURZQU53QTNBRGNBWmdBeEFEZ0FaQUEzQURJQVlRQTBBRGdBTlFCa0FERUFOUUEyQUdZQUlnQXNBQ0lBTlFBMkFEY0FZZ0E1QURjQU5BQXdBRElBWXdBM0FEWUFaQUE1QURBQU9RQXpBR01BTkFCa0FHUUFOUUJtQURVQUlnQXNBQ0lBTlFBMkFHRUFPUUE1QURZQVl3QmpBRElBWXdBM0FEWUFaQUE1QURFQVpnQmtBREFBWmdCakFHUUFNd0JrQURNQUlnQXNBQ0lBTlFBMkFEa0FaZ0JtQUdJQU9BQTJBRGNBWmdBeEFEZ0FaQUEzQURFQU53QXhBRGdBWlFBMEFHVUFaZ0F6QURjQUlnQXNBQ0lBTlFBMkFEUUFZZ0E1QUdVQU5nQTRBRGNBWmdBeEFEZ0FaQUEzQURJQU9RQmhBR01BT0FBNEFHRUFPUUJtQUdNQUlnQXNBQ0lBTlFBMkFEa0FaZ0JtQURrQVlRQTBBRGNBWmdBeEFEZ0FaQUEzQURFQU53QXhBRGdBWlFBMEFHVUFaUUEyQURRQUlnQXNBQ0lBTlFBMkFEa0FaZ0JtQUdJQU9BQTNBRGNBWmdBeEFEZ0FaQUEzQURFQU53QXhBRGdBWlFBMEFHVUFaZ0F6QURnQUlnQXNBQ0lBTlFBMkFEa0FaZ0JtQURrQVlRQTJBRGNBWmdBeEFEZ0FaQUEzQURFQU53QXhBRGdBWlFBMEFHVUFaUUEyQURVQUlnQXNBQ0lBTlFBMkFHSUFZZ0F4QURnQVpnQmlBRGNBWmdBeEFEZ0FaQUEzQURFQU5BQmxBRFFBWXdCa0FHWUFaUUJrQURZQUlnQXNBQ0lBTlFBMkFEa0FaZ0JtQURrQVlRQTNBRGNBWmdBeEFEZ0FaQUEzQURFQU53QXhBRGdBWlFBMEFHVUFaUUEyQURZQUlnQXNBQ0lBTlFBMkFHSUFPQUJpQUdFQVpRQTFBRElBWXdBM0FEWUFaQUE1QURJQU9BQmtBR01BTXdCaUFHUUFOZ0F6QUdRQUlnQXNBQ0lBTlFBMkFEa0FZUUExQURBQVlnQTRBRGNBWmdBeEFEZ0FaQUEzQURJQVlnQmlBRFFBWkFCbUFHTUFaQUF4QUdJQUlnQXNBQ0lBTlFBMkFEVUFPQUJpQURZQU5BQXlBRGNBWmdBeEFEZ0FaQUEzQURRQU5RQXhBR01BTkFBeUFERUFPQUJsQUdFQUlnQXNBQ0lBTlFBMkFEZ0FaZ0E1QURJQU5RQXlBRGNBWmdBeEFEZ0FaQUEzQURFQU9RQmtBRFFBWWdBd0FEZ0FaZ0JqQURnQUlnQXNBQ0lBTlFBMkFEa0FaZ0JtQURrQVlRQmlBRGNBWmdBeEFEZ0FaQUEzQURFQU53QXhBRGdBWlFBMEFHVUFaUUEyQURjQUlnQXNBQ0lBTlFBMkFHRUFNZ0F6QURNQVpnQmhBRGNBWmdBeEFEZ0FaQUEzQURFQU5BQTJBRFFBTUFCbEFERUFNd0EzQURJQUlnQXNBQ0lBTlFBMkFHSUFPUUJpQURZQU1RQTJBRElBWXdBM0FEWUFaQUE1QURBQU9BQmlBREFBWWdBNUFEUUFNUUF5QURjQUlnQXNBQ0lBTlFBMkFHSUFOUUJqQUdVQVpRQTFBRGNBWmdBeEFEZ0FaQUEzQURBQU5BQTBBRFFBTndCbEFEa0FaZ0E1QURZQUlnQXNBQ0lBTlFBMkFEZ0FZd0JsQURRQU9RQTJBRGNBWmdBeEFEZ0FaQUEzQURFQU1RQmhBREFBWmdBMUFEWUFNUUJqQURrQUlnQXNBQ0lBTlFBMkFEa0FaZ0JtQURrQVlnQXhBRGNBWmdBeEFEZ0FaQUEzQURFQU53QXhBRGdBWlFBMEFHVUFaUUEyQURnQUlnQXNBQ0lBTlFBMkFEa0FNd0EzQURjQVlRQXpBRGNBWmdBeEFEZ0FaQUEzQURNQU1RQTRBR01BTUFBNUFHWUFOQUJtQUdRQUlnQXNBQ0lBTlFBMkFEa0FaZ0JtQURrQVlnQXpBRGNBWmdBeEFEZ0FaQUEzQURFQU53QXhBRGdBWlFBMEFHVUFaUUEyQURrQUlnQXNBQ0lBTlFBMkFEY0FNd0JsQURZQVl3Qm1BRElBWXdBM0FEWUFaQUE1QURFQU53QTRBR01BWWdBeEFEWUFOZ0F5QURFQUlnQXNBQ0lBTlFBMkFEa0FNQUJsQURRQU1RQmpBRElBWXdBM0FEWUFaQUE1QURFQVl3QXdBRGdBWlFBNUFEa0FNZ0EzQURnQUlnQXNBQ0lBTlFBMkFHSUFNZ0F4QUdVQU5BQXhBRElBWXdBM0FEWUFaQUE1QURJQVpnQTFBREFBTWdBMEFEQUFNUUJrQURJQUlnQXNBQ0lBTlFBMkFEa0FaZ0JtQURrQVlnQTJBRGNBWmdBeEFEZ0FaQUEzQURFQU53QXhBRGdBWlFBMEFHVUFaUUEyQUdFQUlnQXNBQ0lBTlFBMkFEa0FaQUF3QURnQVlnQTFBRGNBWmdBeEFEZ0FaQUEzQURJQVlnQmlBRFFBWkFCbUFHTUFaQUEyQURRQUlnQXNBQ0lBTlFBMkFEa0FaZ0JtQURrQVlnQTNBRGNBWmdBeEFEZ0FaQUEzQURFQU53QXhBRGdBWlFBMEFHVUFaUUEyQUdJQUlnQXNBQ0lBTlFBMkFHSUFNd0EwQURrQVlRQTBBRElBWXdBM0FEWUFaQUE1QURFQU9RQTJBR01BT0FBMUFEQUFOUUJpQUdNQUlnQXNBQ0lBTlFBMkFEa0FaZ0JtQUdNQU5BQXpBRGNBWmdBeEFEZ0FaQUEzQURFQU53QXhBRGdBWlFBMEFHVUFaZ0E1QURJQUlnQXNBQ0lBTlFBMkFEa0FaZ0JtQUdNQVlRQXhBRGNBWmdBeEFEZ0FaQUEzQURFQU53QXhBRGdBWlFBMEFHVUFaZ0JpQUdNQUlnQXNBQ0lBTlFBMkFEa0FaZ0JtQUdNQVlRQXpBRGNBWmdBeEFEZ0FaQUEzQURFQU53QXhBRGdBWlFBMEFHVUFaZ0JpQUdVQUlnQXNBQ0lBTlFBMkFEa0FaZ0JtQUdNQVlRQTJBRGNBWmdBeEFEZ0FaQUEzQURFQU53QXhBRGdBWlFBMEFHVUFaZ0JqQURBQUlnQXNBQ0lBTlFBMkFEa0FaZ0JtQUdNQVlnQmhBRGNBWmdBeEFEZ0FaQUEzQURFQU53QXhBRGdBWlFBMEFHVUFaZ0JqQUdZQUlnQXNBQ0lBTlFBMkFEa0FaZ0JtQUdNQVlnQmpBRGNBWmdBeEFEZ0FaQUEzQURFQU53QXhBRGdBWlFBMEFHVUFaZ0JrQURBQUlnQXNBQ0lBTlFBMkFEa0FaZ0JtQUdNQVlnQmtBRGNBWmdBeEFEZ0FaQUEzQURFQU53QXhBRGdBWlFBMEFHVUFaZ0JrQURFQUlnQXNBQ0lBTlFBMkFEa0FaZ0JtQUdNQVlnQm1BRGNBWmdBeEFEZ0FaQUEzQURFQU53QXhBRGdBWlFBMEFHVUFaZ0JrQURJQUlnQXNBQ0lBTlFBMkFEa0FaZ0JtQURjQVpRQmlBRGNBWmdBeEFEZ0FaQUEzQURFQU53QXhBRGdBWlFBMEFHVUFaQUJqQURjQUlnQXNBQ0lBTlFBMkFEa0FaZ0JtQUdJQVlRQmpBRGNBWmdBeEFEZ0FaQUEzQURFQU53QXhBRGdBWlFBMEFHVUFaZ0EwQUdJQUlnQXNBQ0lBTlFBMkFEa0FaZ0JtQURjQVpnQTJBRGNBWmdBeEFEZ0FaQUEzQURFQU53QXhBRGdBWlFBMEFHVUFaQUJqQUdZQUlnQXNBQ0lBTlFBMkFEa0FaZ0JtQUdJQVlRQmxBRGNBWmdBeEFEZ0FaQUEzQURFQU53QXhBRGdBWlFBMEFHVUFaZ0EwQUdNQUlnQXNBQ0lBTlFBMkFEa0FaZ0JtQURjQVpnQTVBRGNBWmdBeEFEZ0FaQUEzQURFQU53QXhBRGdBWlFBMEFHVUFaQUJrQURFQUlnQXNBQ0lBTlFBMkFEa0FaZ0JtQURnQU1BQmpBRGNBWmdBeEFEZ0FaQUEzQURFQU53QXhBRGdBWlFBMEFHVUFaQUJrQURrQUlnQXNBQ0lBTlFBMkFEa0FaZ0JtQURnQU1RQTBBRGNBWmdBeEFEZ0FaQUEzQURFQU53QXhBRGdBWlFBMEFHVUFaQUJrQUdZQUlnQXNBQ0lBTlFBMkFEa0FaZ0JtQURnQU1nQmpBRGNBWmdBeEFEZ0FaQUEzQURFQU53QXhBRGdBWlFBMEFHVUFaQUJtQURBQUlnQXNBQ0lBTlFBMkFEa0FaZ0JtQUdNQVpnQTJBRGNBWmdBeEFEZ0FaQUEzQURFQU53QXhBRGdBWlFBMEFHVUFaZ0JsQURJQUlnQXNBQ0lBTlFBMkFEa0FaZ0JtQURnQVpnQXdBRGNBWmdBeEFEZ0FaQUEzQURFQU53QXhBRGdBWlFBMEFHVUFaUUF6QURjQUlnQXNBQ0lBTlFBMkFEa0FaZ0JtQURrQVl3Qm1BRGNBWmdBeEFEZ0FaQUEzQURFQU53QXhBRGdBWlFBMEFHVUFaUUEzQUdNQUlnQXNBQ0lBTlFBMkFEUUFZZ0E1QUdNQU5nQTNBRGNBWmdBeEFEZ0FaQUEzQURFQU5nQTRBRGdBT0FCa0FERUFOZ0JqQURFQUlnQXNBQ0lBTlFBMkFEa0FaZ0JtQURrQVpBQTVBRGNBWmdBeEFEZ0FaQUEzQURFQU53QXhBRGdBWlFBMEFHVUFaUUE0QURNQUlnQXNBQ0lBTlFBMkFEVUFaUUJsQURZQU9BQmtBRGNBWmdBeEFEZ0FaQUEzQURJQU1RQXdBRGdBTlFBeUFHTUFZd0EzQURFQUlnQXNBQ0lBTlFBMkFEVUFaUUJqQURrQU1BQTRBRGNBWmdBeEFEZ0FaQUEzQURJQU1RQXdBRGdBTlFBeUFHTUFZd0EyQUdJQUlnQXNBQ0lBTlFBMkFEY0FNUUF6QUdZQVpBQXdBRElBWXdBM0FEWUFaQUE1QURJQVpnQmhBRFFBWXdBM0FHVUFZZ0JsQURFQUlnQXNBQ0lBTlFBMkFEa0FaZ0JtQUdRQU1nQTBBRGNBWmdBeEFEZ0FaQUEzQURFQU53QXhBRGdBWlFBMEFHVUFaZ0JtQURBQUlnQXNBQ0lBTlFBMkFEVUFaUUJqQUdRQVlRQTFBRGNBWmdBeEFEZ0FaQUEzQURJQU1RQXdBRGdBTlFBeUFHTUFZd0EyQUdNQUlnQXNBQ0lBTlFBMkFEZ0FaQUE1QURFQU53QTRBRGNBWmdBeEFEZ0FaQUEzQURFQU1nQm1BR01BT0FBNEFESUFOd0JsQUdFQUlnQXNBQ0lBTlFBMkFEZ0FaQUE1QURJQU5BQm1BRElBWXdBM0FEWUFaQUE1QURBQVpnQXlBR01BWXdBeEFHUUFaZ0EyQURJQUlnQXNBQ0lBTlFBMkFEa0FaZ0JtQUdJQVl3QmtBRGNBWmdBeEFEZ0FaQUEzQURFQU53QXhBRGdBWlFBMEFHVUFaZ0ExQUdZQUlnQXNBQ0lBTlFBMkFEa0FaZ0JtQUdJQVl3QmxBRGNBWmdBeEFEZ0FaQUEzQURFQU53QXhBRGdBWlFBMEFHVUFaZ0EyQURBQUlnQXNBQ0lBTlFBMkFEa0FaZ0JtQUdJQVl3Qm1BRGNBWmdBeEFEZ0FaQUEzQURFQU53QXhBRGdBWlFBMEFHVUFaZ0EyQURFQUlnQXNBQ0lBTlFBMkFHRUFZd0E0QURBQVpRQTBBRGNBWmdBeEFEZ0FaQUEzQURJQVl3QTBBRFFBWmdBeEFHSUFOUUJoQURNQUlnQXNBQ0lBTlFBMkFEa0FNQUJsQUdNQU9BQm1BRElBWXdBM0FEWUFaQUE1QURFQVl3QXdBRGdBWlFBNUFEa0FNZ0EzQUdJQUlnQXNBQ0lBTlFBMkFHRUFaZ0ExQURNQU5RQTBBRGNBWmdBeEFEZ0FaQUEzQURJQVl3QTBBRFFBWmdBeEFHSUFOUUJqQURnQUlnQXNBQ0lBTlFBMkFEa0FaZ0JtQUdJQVpBQXlBRGNBWmdBeEFEZ0FaQUEzQURFQU53QXhBRGdBWlFBMEFHVUFaZ0EyQURJQUlnQXNBQ0lBTlFBMkFHSUFNQUJqQUdFQU5BQXpBRGNBWmdBeEFEZ0FaQUEzQURJQVl3QTBBRFFBWmdBeEFHSUFOUUJtQUdFQUlnQXNBQ0lBTlFBMkFEa0FaZ0JtQUdJQVpBQXpBRGNBWmdBeEFEZ0FaQUEzQURFQU53QXhBRGdBWlFBMEFHVUFaZ0EyQURNQUlnQXNBQ0lBTlFBMkFEZ0FaUUJsQURNQVl3QTJBRGNBWmdBeEFEZ0FaQUEzQURJQVpBQTJBR01BWWdCaUFEVUFPUUJoQURRQUlnQXNBQ0lBTlFBMkFHSUFZd0E1QURRQVpBQTNBRElBWXdBM0FEWUFaQUE1QURFQVpBQmhBR01BTWdBeUFERUFPQUEyQURjQUlnQXNBQ0lBTlFBMkFHSUFaQUJtQURBQVpBQmlBRGNBWmdBeEFEZ0FaQUEzQURBQVlnQm1BRFFBT0FBeEFHSUFNQUF4QURJQUlnQXNBQ0lBTlFBMkFEY0FNd0JpQURrQVpnQmtBRElBWXdBM0FEWUFaQUE1QURFQU53QTRBR01BWWdBeEFEWUFOZ0F4QUdVQUlnQXNBQ0lBTlFBMkFEa0FaZ0JtQUdJQVpBQTJBRGNBWmdBeEFEZ0FaQUEzQURFQU53QXhBRGdBWlFBMEFHVUFaZ0EyQURRQUlnQXNBQ0lBTlFBMkFEa0FaZ0JtQURnQVpnQTRBRGNBWmdBeEFEZ0FaQUEzQURFQU53QXhBRGdBWlFBMEFHVUFaUUF6QUdRQUlnQXNBQ0lBTlFBMkFHSUFPQUE1QURVQU9BQXdBRGNBWmdBeEFEZ0FaQUEzQURBQU5BQTBBRFFBTndCbEFHRUFNQUF4QURjQUlnQXNBQ0lBTlFBMkFEa0FOQUJrQUdFQU5BQXdBRElBWXdBM0FEWUFaQUE1QURFQU1nQXhBREFBWkFBeUFEVUFNd0EwQURBQUlnQXNBQ0lBTlFBMkFEa0FaZ0JtQURnQVpnQmlBRGNBWmdBeEFEZ0FaQUEzQURFQU53QXhBRGdBWlFBMEFHVUFaUUF6QUdVQUlnQXNBQ0lBTlFBMkFEZ0FaZ0E1QURVQVlnQXpBRElBWXdBM0FEWUFaQUE1QURFQVlnQmlBR01BTlFCbEFHVUFPQUEyQURrQUlnQXNBQ0lBTlFBMkFHSUFOUUJqQUdJQU1RQmpBRElBWXdBM0FEWUFaQUE1QURJQU9BQmtBR01BTXdCaUFHUUFOUUJoQURnQUlnQXNBQ0lBTlFBMkFHSUFNd0F5QURrQU9BQm1BRElBWXdBM0FEWUFaQUE1QURFQU9RQTJBR01BT0FBMUFEQUFOUUJoQURjQUlnQXNBQ0lBTlFBMkFHSUFNQUEyQURRQU9BQmpBRGNBWmdBeEFEZ0FaQUEzQURJQVl3QTBBRFFBWmdBeEFHSUFOUUJsQUdVQUlnQXNBQ0lBTlFBMkFHRUFOZ0E0QURBQU9BQmhBRElBWXdBM0FEWUFaQUE1QURNQU1nQTNBRFFBT1FBMkFEa0FZZ0JoQUdRQUlnQXNBQ0lBTlFBMkFEa0FaZ0JtQURnQVpnQmtBRGNBWmdBeEFEZ0FaQUEzQURFQU53QXhBRGdBWlFBMEFHVUFaUUF6QUdZQUlnQXNBQ0lBTlFBMkFHRUFOd0EwQURNQU9RQTVBRElBWXdBM0FEWUFaQUE1QURNQU1nQTNBRFFBT1FBMkFEa0FZZ0JqQUdNQUlnQXNBQ0lBTlFBMkFEa0FaZ0JtQURnQVpnQm1BRGNBWmdBeEFEZ0FaQUEzQURFQU53QXhBRGdBWlFBMEFHVUFaUUEwQURBQUlnQXNBQ0lBTlFBMkFEa0FNd0EyQUdVQU9BQXlBRElBWXdBM0FEWUFaQUE1QURFQVl3QXdBRGdBWlFBNUFEa0FNZ0E1QURjQUlnQXNBQ0lBTlFBMkFEa0FaZ0JtQURrQU1BQXlBRGNBWmdBeEFEZ0FaQUEzQURFQU53QXhBRGdBWlFBMEFHVUFaUUEwQURFQUlnQXNBQ0lBTlFBMkFEa0FaZ0JtQUdNQU5RQmlBRGNBWmdBeEFEZ0FaQUEzQURFQU53QXhBRGdBWlFBMEFHVUFaZ0JoQURNQUlnQXNBQ0lBTlFBMkFHRUFPUUJtQURFQU53QXpBRElBWXdBM0FEWUFaQUE1QURFQVpnQmtBREFBWmdCakFHUUFNd0JsQURnQUlnQXNBQ0lBTlFBMkFEY0FPUUE1QUdZQU5RQXdBRGNBWmdBeEFEZ0FaQUEzQURBQVpRQmxBRFFBTlFBekFEWUFZUUJqQUdNQUlnQXNBQ0lBTlFBMkFHSUFOQUEzQURJQU53QTVBRGNBWmdBeEFEZ0FaQUEzQURBQVpnQTJBREFBTndCaEFHRUFPUUJpQUdRQUlnQXNBQ0lBTlFBMkFEY0FNd0JsQUdFQU1nQmpBRElBWXdBM0FEWUFaQUE1QURFQU53QTRBR01BWWdBeEFEWUFOZ0F5QURJQUlnQXNBQ0lBTlFBMkFHRUFPQUEzQURBQVlnQXdBRGNBWmdBeEFEZ0FaQUEzQURJQU13QXhBR01BTUFCaUFHTUFNZ0JrQURVQUlnQXNBQ0lBTlFBMkFEa0FaZ0JtQUdNQU5RQm1BRGNBWmdBeEFEZ0FaQUEzQURFQU53QXhBRGdBWlFBMEFHVUFaZ0JoQURRQUlnQXNBQ0lBTlFBMkFEa0FaZ0JtQUdJQVpBQTRBRGNBWmdBeEFEZ0FaQUEzQURFQU53QXhBRGdBWlFBMEFHVUFaZ0EyQURVQUlnQXNBQ0lBTlFBMkFHRUFOZ0EzQURZQVl3QXhBRElBWXdBM0FEWUFaQUE1QURNQU1nQTNBRFFBT1FBMkFEa0FZZ0JoQURrQUlnQXNBQ0lBTlFBMkFHSUFNUUJtQURZQVlRQXpBRGNBWmdBeEFEZ0FaQUEzQURJQVl3QTBBRFFBWmdBeEFHSUFOZ0F5QURRQUlnQXNBQ0lBTlFBMkFHRUFPQUJpQURnQVpRQXlBRGNBWmdBeEFEZ0FaQUEzQURJQU13QXhBR01BTUFCaUFHTUFNd0F3QURZQUlnQXNBQ0lBTlFBMkFEa0FaZ0JtQUdJQVpBQTVBRGNBWmdBeEFEZ0FaQUEzQURFQU53QXhBRGdBWlFBMEFHVUFaZ0EyQURZQUlnQXNBQ0lBTlFBMkFEa0FaZ0JtQUdJQVpBQmhBRGNBWmdBeEFEZ0FaQUEzQURFQU53QXhBRGdBWlFBMEFHVUFaZ0EyQURjQUlnQXNBQ0lBTlFBMkFEa0FaZ0JtQUdJQVpBQmpBRGNBWmdBeEFEZ0FaQUEzQURFQU53QXhBRGdBWlFBMEFHVUFaZ0EyQURnQUlnQXNBQ0lBTlFBMkFHSUFNUUJoQURrQU9BQTFBRGNBWmdBeEFEZ0FaQUEzQURJQVl3QTBBRFFBWmdBeEFHSUFOZ0F3QUdZQUlnQXNBQ0lBTlFBMkFEa0FaZ0JtQUdJQVpBQmtBRGNBWmdBeEFEZ0FaQUEzQURFQU53QXhBRGdBWlFBMEFHVUFaZ0EyQURrQUlnQXNBQ0lBTlFBMkFHSUFOd0F4QURrQVlnQTNBRGNBWmdBeEFEZ0FaQUEzQURBQU5BQTBBRFFBTndCbEFEa0FaZ0JpQURZQUlnQXNBQ0lBTlFBMkFEY0FNd0JoQUdVQVl3QXdBRElBWXdBM0FEWUFaQUE1QURFQU53QTRBR01BWWdBeEFEWUFOZ0F4QUdRQUlnQXNBQ0lBTlFBMkFEZ0FZZ0E1QURrQVpRQTVBRElBWXdBM0FEWUFaQUE1QURFQU9RQXdBRFFBWVFBNUFEVUFPUUE1QURrQUlnQXNBQ0lBTlFBMkFEa0FaZ0JtQURrQVpnQXhBRGNBWmdBeEFEZ0FaQUEzQURFQU53QXhBRGdBWlFBMEFHVUFaUUE0QUdFQUlnQXNBQ0lBTlFBMkFEa0FaZ0JtQURrQVpnQXlBRGNBWmdBeEFEZ0FaQUEzQURFQU53QXhBRGdBWlFBMEFHVUFaUUE0QUdJQUlnQXNBQ0lBTlFBMkFEa0FaZ0JtQURrQVpnQXpBRGNBWmdBeEFEZ0FaQUEzQURFQU53QXhBRGdBWlFBMEFHVUFaUUE0QUdNQUlnQXNBQ0lBTlFBMkFEa0FaZ0JtQURrQVpnQTFBRGNBWmdBeEFEZ0FaQUEzQURFQU53QXhBRGdBWlFBMEFHVUFaUUE0QUdRQUlnQXNBQ0lBTlFBMkFEa0FaZ0JtQURrQVpnQTJBRGNBWmdBeEFEZ0FaQUEzQURFQU53QXhBRGdBWlFBMEFHVUFaUUE0QUdVQUlnQXNBQ0lBTlFBMkFEa0FaZ0JtQURrQVpnQTNBRGNBWmdBeEFEZ0FaQUEzQURFQU53QXhBRGdBWlFBMEFHVUFaUUE0QUdZQUlnQXNBQ0lBTlFBMkFEa0FOUUF4QURZQVlnQTBBRElBWXdBM0FEWUFaQUE1QURFQU1nQXhBREFBWkFBeUFEVUFNd0ExQURRQUlnQXNBQ0lBTlFBMkFEa0FaZ0JtQUdRQU1nQTRBRGNBWmdBeEFEZ0FaQUEzQURFQU53QXhBRGdBWlFBMEFHVUFaZ0JtQURFQUlnQXNBQ0lBTlFBMkFEUUFZZ0E1QUdVQU5nQTNBRGNBWmdBeEFEZ0FaQUEzQURJQU9RQmhBR01BT0FBNEFHRUFPUUJtQUdJQUlnQXNBQ0lBTlFBMkFEUUFZZ0E1QUdNQU5nQTNBRGNBWmdBeEFEZ0FaQUEzQURFQU5nQTRBRGdBT0FCa0FERUFOZ0JqQURRQUlnQXNBQ0lBTlFBMkFEa0FaZ0JtQUdRQU1nQmtBRGNBWmdBeEFEZ0FaQUEzQURFQU53QXhBRGdBWlFBMEFHVUFaZ0JtQURRQUlnQXNBQ0lBTlFBMkFEZ0FaQUE0QURrQU1RQmpBRElBWXdBM0FEWUFaQUE1QURBQVpnQXlBR01BWXdBeEFHUUFaZ0ExQUdVQUlnQXNBQ0lBTlFBMkFEa0FaZ0JtQUdNQU1RQTRBRGNBWmdBeEFEZ0FaQUEzQURFQU53QXhBRGdBWlFBMEFHVUFaZ0E0QURBQUlnQXNBQ0lBTlFBMkFEY0FOQUExQURVQVlRQTNBRElBWXdBM0FEWUFaQUE1QURBQVpnQTNBREFBTUFBeUFESUFaQUJqQURVQUlnQXNBQ0lBTlFBMkFEa0FaZ0JtQUdNQU1RQmhBRGNBWmdBeEFEZ0FaQUEzQURFQU53QXhBRGdBWlFBMEFHVUFaZ0E0QURFQUlnQXNBQ0lBTlFBMkFEY0FPQUJpQURFQU1nQTNBRElBWXdBM0FEWUFaQUE1QURFQU1BQXpBRGdBTWdBNEFHRUFPQUF3QURrQUlnQXNBQ0lBTlFBMkFEY0FPQUJoQUdJQU5BQTNBRElBWXdBM0FEWUFaQUE1QURFQU1BQXpBRGdBTWdBNEFHRUFPQUF3QURnQUlnQXNBQ0lBTlFBMkFEUUFZZ0E1QUdVQU5nQTVBRGNBWmdBeEFEZ0FaQUEzQURJQU9RQmhBR01BT0FBNEFHRUFPUUJtQUdRQUlnQXNBQ0lBTlFBMkFEUUFZZ0E1QUdNQU5nQTRBRGNBWmdBeEFEZ0FaQUEzQURFQU5nQTRBRGdBT0FCa0FERUFOZ0JqQURVQUlnQXNBQ0lBTlFBMkFEY0FPUUJqQURVQVpRQXdBRGNBWmdBeEFEZ0FaQUEzQURBQVpnQTJBRGdBTmdBNUFHVUFaQUE0QUdRQUlnQXNBQ0lBTlFBMkFEWUFZUUE0QURZQVpRQmxBRElBWXdBM0FEWUFaQUE1QURJQVl3QXlBRFFBTmdCaEFHVUFOZ0F5QURrQUlnQXNBQ0lBTlFBMkFEY0FNQUE0QUdNQU5RQmlBRGNBWmdBeEFEZ0FaQUEzQURFQVpnQmpBR01BT1FBM0FEVUFNd0EzQURFQUlnQXNBQ0lBTlFBMkFEZ0FaQUEwQURjQU5RQXlBRElBWXdBM0FEWUFaQUE1QURBQU9RQTNBREFBTndBMUFETUFOUUJrQUdJQUlnQXNBQ0lBTlFBMkFETUFZZ0JrQUdJQVpBQTNBRElBWXdBM0FEWUFaQUE1QURBQVpBQTRBRGdBTmdCa0FEVUFZZ0EzQUdVQUlnQXNBQ0lBTlFBMkFEUUFOUUF5QURFQU1nQmpBRGNBWmdBeEFEZ0FaQUEzQURJQVpRQXdBREFBWVFBd0FEQUFPUUE0QUdNQUlnQXNBQ0lBTlFBMkFEY0FNUUJqQUdFQU1RQmhBRGNBWmdBeEFEZ0FaQUEzQURBQVpnQmpBR01BT0FCaEFHUUFPUUEwQUdVQUlnQXNBQ0lBTlFBMkFEVUFaZ0EzQURNQVlRQTRBRElBWXdBM0FEWUFaQUE1QURJQU13QXdBRFFBTlFBMEFERUFPUUE0QURrQUlnQXNBQ0lBTlFBMkFETUFZUUEyQURRQU1nQTFBRElBWXdBM0FEWUFaQUE1QURJQU5RQmpBR01BWXdCakFHVUFPQUE0QURJQUlnQXNBQ0lBTlFBMkFEZ0FZd0EwQUdZQU5nQTJBRElBWXdBM0FEWUFaQUE1QURBQVpnQmlBRGdBWkFCa0FEUUFNUUJrQURjQUlnQXNBQ0lBTlFBMkFEa0FaZ0JtQUdFQU1RQXpBRGNBWmdBeEFEZ0FaQUEzQURFQU53QXhBRGdBWlFBMEFHVUFaUUE1QURVQUlnQXNBQ0lBTlFBMkFEa0FOUUEyQURrQU1BQmpBRGNBWmdBeEFEZ0FaQUEzQURBQVpnQTJBREFBWlFBekFEVUFZUUJrQURRQUlnQXNBQ0lBTlFBMkFEZ0FaQUE1QURFQU9BQmxBRElBWXdBM0FEWUFaQUE1QURBQVpnQXlBR01BWXdBeEFHUUFaZ0EyQURFQUlnQXNBQ0lBTlFBMkFEa0FOQUF3QUdZQU9RQTRBRGNBWmdBeEFEZ0FaQUEzQURNQVpBQXhBRGdBT1FBd0FEUUFZZ0JrQURnQUlnQXNBQ0lBTlFBMkFHRUFPQUJpQURJQVlRQXpBRElBWXdBM0FEWUFaQUE1QURFQVpnQmtBREFBWmdCakFHUUFNd0F3QUdZQUlnQXNBQ0lBTlFBMkFHRUFPQUE0QURjQVpBQTJBRElBWXdBM0FEWUFaQUE1QURFQVpnQmtBREFBWmdCakFHUUFNZ0JtQURJQUlnQXNBQ0lBTlFBMkFEY0FOQUExQURrQVlnQTJBRElBWXdBM0FEWUFaQUE1QURBQVpnQTNBREFBTUFBeUFESUFaQUJqQURZQUlnQXNBQ0lBTlFBMkFEZ0FaQUJoQURjQU9BQXdBRElBWXdBM0FEWUFaQUE1QURJQU1BQTNBR01BT1FBeEFETUFOQUEwQUdJQUlnQXNBQ0lBTlFBMkFEY0FOQUExQURNQU1nQmlBRGNBWmdBeEFEZ0FaQUEzQURFQU1RQTBBR01BWVFBeEFEWUFZd0F5QURFQUlnQXNBQ0lBTlFBMkFHRUFPUUF6QURRQU5BQmlBRGNBWmdBeEFEZ0FaQUEzQURJQU13QXhBR01BTUFCaUFHTUFNd0EwQUdFQUlnQXNBQ0lBTlFBMkFEY0FNd0F5QUdRQVpRQmtBRGNBWmdBeEFEZ0FaQUEzQURBQU1RQmxBRGdBWWdCbUFHWUFZd0EwQUdJQUlnQXNBQ0lBTlFBMkFEa0FaZ0JtQUdFQVlRQmlBRGNBWmdBeEFEZ0FaQUEzQURFQU53QXhBRGdBWlFBMEFHVUFaUUJqQUdRQUlnQXNBQ0lBTlFBMkFEa0FaZ0JtQUdFQVlRQmpBRGNBWmdBeEFEZ0FaQUEzQURFQU53QXhBRGdBWlFBMEFHVUFaUUJqQUdVQUlnQXNBQ0lBTlFBMkFEa0FaZ0JtQUdFQVlRQmtBRGNBWmdBeEFEZ0FaQUEzQURFQU53QXhBRGdBWlFBMEFHVUFaUUJqQUdZQUlnQXNBQ0lBTlFBMkFEa0FaZ0JtQUdFQVlRQmxBRGNBWmdBeEFEZ0FaQUEzQURFQU53QXhBRGdBWlFBMEFHVUFaUUJrQURBQUlnQXNBQ0lBTlFBMkFEa0FaZ0JtQUdFQVlRQm1BRGNBWmdBeEFEZ0FaQUEzQURFQU53QXhBRGdBWlFBMEFHVUFaUUJrQURFQUlnQXNBQ0lBTlFBMkFHRUFPQUEzQURZQU1nQmpBRGNBWmdBeEFEZ0FaQUEzQURJQU13QXhBR01BTUFCaUFHTUFNZ0JrQURjQUlnQXNBQ0lBTlFBMkFHSUFNZ0EwQUdRQVlnQTFBRGNBWmdBeEFEZ0FaQUEzQURFQVpnQTJBRFFBTndCakFEZ0FOQUJrQURjQUlnQXNBQ0lBTlFBMkFEY0FNUUJrQURrQU1BQXpBRGNBWmdBeEFEZ0FaQUEzQURBQVpnQmpBR01BT0FCaEFHUUFPUUExQURFQUlnQXNBQ0lBTlFBMkFEZ0FaQUE1QUdZQU1BQmpBRElBWXdBM0FEWUFaQUE1QURBQVpnQXlBR01BWXdBeEFHUUFaZ0EyQURNQUlnQXNBQ0lBTlFBMkFEVUFaZ0F5QURVQU13QTJBRElBWXdBM0FEWUFaQUE1QURJQU5RQTNBREFBT0FBeUFEVUFOd0ExQURrQUlnQXNBQ0lBTlFBMkFEY0FZd0F5QUdNQVpnQXhBRElBWXdBM0FEWUFaQUE1QURBQVpRQXhBRFFBTXdBNUFHUUFOd0E1QURVQUlnQXNBQ0lBTlFBMkFEY0FZd0F5QUdJQU9RQmpBRElBWXdBM0FEWUFaQUE1QURBQVpRQXhBRFFBTXdBNUFHUUFOd0E1QURNQUlnQXNBQ0lBTlFBMkFEY0FPUUExQURnQU1nQTRBRElBWXdBM0FEWUFaQUE1QURFQU1BQXpBRGdBTWdBNEFHRUFPQUF5QURrQUlnQXNBQ0lBTlFBMkFEa0FaZ0JtQURnQU5BQmhBRGNBWmdBeEFEZ0FaQUEzQURFQU53QXhBRGdBWlFBMEFHVUFaQUJtQUdZQUlnQXNBQ0lBTlFBMkFEa0FaZ0JtQURnQU5BQmpBRGNBWmdBeEFEZ0FaQUEzQURFQU53QXhBRGdBWlFBMEFHVUFaUUF3QURBQUlnQXNBQ0lBTlFBMkFEY0FPQUF5QURJQVlRQXdBRElBWXdBM0FEWUFaQUE1QURBQVpnQTNBREFBTUFBeUFESUFaQUJtQUdZQUlnQXNBQ0lBTlFBMkFEWUFZZ0F5QUdNQU9BQXdBRGNBWmdBeEFEZ0FaQUEzQURJQVpRQm1BRFFBT1FCbUFEWUFaZ0EyQURBQUlnQXNBQ0lBTlFBMkFEWUFPUUJsQUdZQU1RQmpBRElBWXdBM0FEWUFaQUE1QURJQVl3QXlBRFFBTmdCaEFHVUFOZ0F4QUdNQUlnQXNBQ0lBTlFBMkFETUFZUUEyQURVQVpnQTBBRGNBWmdBeEFEZ0FaQUEzQURBQVpnQXdBREFBTVFCaUFEZ0FNUUJrQURBQUlnQXNBQ0lBTlFBMkFEa0FOUUEyQUdFQVpBQXdBRElBWXdBM0FEWUFaQUE1QURBQVpRQXpBRFFBTWdBd0FHWUFZd0F6QURNQUlnQXNBQ0lBTlFBMkFEZ0FOQUEwQURrQVl3QXpBRElBWXdBM0FEWUFaQUE1QURBQVpBQmlBRFFBTWdBd0FEWUFaZ0EzQURRQUlnQXNBQ0lBTlFBMkFEVUFaZ0EwQURrQVpnQTJBRGNBWmdBeEFEZ0FaQUEzQURFQU5BQTVBRFFBWmdCaUFHWUFZUUJrQURVQUlnQXNBQ0lBTlFBMkFEa0FOQUF3QURnQU13Qm1BRElBWXdBM0FEWUFaQUE1QURJQU1nQTNBR01BWWdBM0FERUFaUUEzQURZQUlnQXNBQ0lBTlFBMkFEa0FNQUF3QURjQU5BQTJBRGNBWmdBeEFEZ0FaQUEzQURNQU5BQTFBRGdBT1FCa0FESUFOUUJoQURNQUlnQXNBQ0lBTlFBMkFETUFNd0JpQUdZQU53QmlBRGNBWmdBeEFEZ0FaQUEzQURNQU5BQmxBREFBTXdCbUFEa0FNZ0JrQURNQUlnQXNBQ0lBTlFBMkFHRUFPQUJpQURFQU13QTVBRGNBWmdBeEFEZ0FaQUEzQURJQU13QXhBR01BTUFCaUFHTUFNd0F3QURNQUlnQXNBQ0lBTlFBMkFHSUFZZ0E1QURNQVlRQXpBRGNBWmdBeEFEZ0FaQUEzQURFQU53QTBBRFFBWXdCakFEQUFaZ0JrQURFQUlnQXNBQ0lBTlFBMkFHRUFPQUE0QURZQVpnQXhBRGNBWmdBeEFEZ0FaQUEzQURJQU13QXhBR01BTUFCaUFHTUFNZ0JsQURnQUlnQXNBQ0lBTlFBMkFEZ0FaQUJpQURjQVlRQmhBRElBWXdBM0FEWUFaQUE1QURBQU9BQTNBR01BTWdBNUFEZ0FOUUEyQURZQUlnQXNBQ0lBTlFBMkFEY0FNZ0JrQURVQU5nQmhBRGNBWmdBeEFEZ0FaQUEzQURFQVpnQTRBREFBT0FCaUFHSUFPUUE0QUdVQUlnQXNBQ0lBTlFBMkFEY0FOQUExQUdRQU5BQXpBRElBWXdBM0FEWUFaQUE1QURBQVpnQTNBREFBTUFBeUFESUFaQUJqQURrQUlnQXNBQ0lBTlFBMkFEWUFOUUJtQURBQVlRQTRBRGNBWmdBeEFEZ0FaQUEzQURJQVpBQXhBRFFBTVFBd0FEVUFOZ0ExQUdRQUlnQXNBQ0lBTlFBMkFEa0FNQUF4QURVQU9BQmhBRGNBWmdBeEFEZ0FaQUEzQURNQU1RQTRBR01BTUFBNUFHWUFOQUJrQURNQUlnQXNBQ0lBTlFBMkFEZ0FaQUJoQUdNQVpBQTFBRElBWXdBM0FEWUFaQUE1QURJQU1BQTNBR01BT1FBeEFETUFOQUEwQUdNQUlnQXNBQ0lBTlFBMkFEZ0FaQUJoQURNQU9BQXlBRElBWXdBM0FEWUFaQUE1QURBQVpnQXlBR01BWXdBeEFHUUFaZ0EyQURRQUlnQXNBQ0lBTlFBMkFEY0FNZ0JrQURZQU13Qm1BRElBWXdBM0FEWUFaQUE1QURBQVlRQmpBR01BTlFCaEFERUFNQUEyQURVQUlnQXNBQ0lBTlFBMkFEWUFNUUJsQURFQVl3QXhBRElBWXdBM0FEWUFaQUE1QURJQVpnQXdBRGdBTVFCaEFEZ0FOZ0F4QURBQUlnQXNBQ0lBTlFBMkFEY0FNUUEwQURBQU1nQmhBRElBWXdBM0FEWUFaQUE1QURJQVpnQmhBRFFBWXdBM0FHVUFZZ0JsQURJQUlnQXNBQ0lBTlFBMkFHSUFZZ0F4QURBQU9BQmtBRElBWXdBM0FEWUFaQUE1QURFQU13Qm1BRFFBT0FBeUFEQUFOQUJtQURFQUlnQXNBQ0lBTlFBMkFHSUFZZ0F4QURFQU13QXdBRGNBWmdBeEFEZ0FaQUEzQURBQVpRQmxBREFBWmdCbEFHUUFPUUEwQUdRQUlnQXNBQ0lBTlFBMkFEa0FOQUF5QURJQVlRQTFBRElBWXdBM0FEWUFaQUE1QURJQU1nQTNBR01BWWdBM0FERUFaUUEzQURrQUlnQXNBQ0lBTlFBMkFEVUFOQUE0QURJQU5nQmxBRGNBWmdBeEFEZ0FaQUEzQURBQU9RQXhBR01BWkFCaEFHWUFZd0E1QURNQUlnQXNBQ0lBTlFBMkFEY0FNQUE0QURBQVpRQXlBRElBWXdBM0FEWUFaQUE1QURJQU9BQmhBR01BTUFCbEFEWUFOUUJtQURRQUlnQXNBQ0lBTlFBMkFEZ0FNd0JtQURVQU1RQmlBRGNBWmdBeEFEZ0FaQUEzQURFQU9BQmxBRGdBTlFBM0FHWUFOd0JqQURNQUlnQXNBQ0lBTlFBMkFEY0FOQUEyQURZQU9RQTFBRElBWXdBM0FEWUFaQUE1QURBQVpnQTNBREFBTUFBeUFESUFaQUJqQUdVQUlnQXNBQ0lBTlFBMkFHRUFZUUE0QUdNQVlnQm1BRElBWXdBM0FEWUFaQUE1QURNQU1nQXlBREFBTXdBMUFEWUFNd0JqQUdNQUlnQXNBQ0lBTlFBMkFEa0FNQUF5QURZQU13QmpBRGNBWmdBeEFEZ0FaQUEzQURNQU1RQTRBR01BTUFBNUFHWUFOQUJrQURVQUlnQXNBQ0lBTlFBMkFEa0FaUUE1QUdJQVl3QTBBRGNBWmdBeEFEZ0FaQUEzQURJQVpBQmpBR01BWlFBMEFEZ0FaZ0F6QUdJQUlnQXNBQ0lBTlFBMkFHRUFPUUF4QUdJQVpnQXlBRGNBWmdBeEFEZ0FaQUEzQURJQU13QXhBR01BTUFCaUFHTUFNd0F6QUdNQUlnQXNBQ0lBTlFBMkFHRUFPUUF4QUdZQVpBQTBBRElBWXdBM0FEWUFaQUE1QURFQVpnQmtBREFBWmdCakFHUUFNd0EwQURjQUlnQXNBQ0lBTlFBMkFHSUFZd0JtQURZQVpRQmxBRGNBWmdBeEFEZ0FaQUEzQURBQVlnQm1BRFFBT0FBeEFHRUFaZ0JsQURrQUlnQXNBQ0lBTlFBMkFEY0FPUUJoQURNQVpnQmlBRElBWXdBM0FEWUFaQUE1QURBQU53QmpBR01BTXdCbUFEQUFNUUEzQURNQUlnQXNBQ0lBTlFBMkFEY0FPUUE1QUdNQVpnQmtBRGNBWmdBeEFEZ0FaQUEzQURBQVpRQmxBRFFBTlFBekFEWUFZUUJqQUdJQUlnQXNBQ0lBTlFBMkFEZ0FaQUJpQURBQU1RQXlBRGNBWmdBeEFEZ0FaQUEzQURBQU5nQTBBRGdBTmdBM0FHUUFZUUF3QURFQUlnQXNBQ0lBTlFBMkFEY0FZUUJsQUdNQVlRQmlBRElBWXdBM0FEWUFaQUE1QURFQU5nQmpBR01BWWdCbUFHSUFNQUEyQUdNQUlnQXNBQ0lBTlFBMkFHSUFZZ0F4QURBQVpnQXhBRGNBWmdBeEFEZ0FaQUEzQURFQU5BQmxBRFFBWXdCa0FHWUFaUUJrQURJQUlnQXNBQ0lBTlFBMkFEY0FNZ0JrQURjQU9BQmpBRGNBWmdBeEFEZ0FaQUEzQURFQVpnQTRBREFBT0FCaUFHSUFPUUE0QUdZQUlnQXNBQ0lBTlFBMkFESUFaUUE0QURrQU5RQm1BRGNBWmdBeEFEZ0FaQUEzQURBQVpBQTJBRFFBWVFCbUFHRUFZZ0F3QUdNQUlnQXNBQ0lBTlFBMkFHSUFaUUF3QUdNQU1nQmpBRElBWXdBM0FEWUFaQUE1QURFQVpBQmhBR01BTWdBeUFERUFPQUJtQUdZQUlnQXNBQ0lBTlFBMkFEY0FOQUEyQURVQU5RQmhBRElBWXdBM0FEWUFaQUE1QURBQVpnQTNBREFBTUFBeUFESUFaQUJqQUdRQUlnQXNBQ0lBTlFBMkFEZ0FOQUExQURjQU13QXlBRElBWXdBM0FEWUFaQUE1QURBQVpBQmlBRFFBTWdBd0FEWUFaZ0EzQUdVQUlnQXNBQ0lBTlFBMkFHRUFNUUEyQURJQU1nQXlBRGNBWmdBeEFEZ0FaQUEzQURFQU5BQTJBRFFBTUFCbEFERUFNd0ExQURnQUlnQXNBQ0lBTlFBMkFEa0FNQUF4QURnQU1RQXhBRElBWXdBM0FEWUFaQUE1QURFQVl3QXdBRGdBWlFBNUFEa0FNZ0EzQURJQUlnQXNBQ0lBTlFBMkFEY0FNZ0JqQUdZQVlnQXlBRElBWXdBM0FEWUFaQUE1QURBQVlRQmpBR01BTlFCaEFERUFNQUEwQUdVQUlnQXNBQ0lBTlFBMkFEa0FOQUF3QURFQVlRQmhBRElBWXdBM0FEWUFaQUE1QURJQU1nQTNBR01BWWdBM0FERUFaUUEzQURVQUlnQXNBQ0lBTlFBMkFHRUFPQUEyQUdZQVlnQm1BRGNBWmdBeEFEZ0FaQUEzQURJQU13QXhBR01BTUFCaUFHTUFNZ0JrQURRQUlnQXNBQ0lBTlFBMkFHSUFNZ0F4QUdJQVpBQXhBRElBWXdBM0FEWUFaQUE1QURJQVpnQTFBREFBTWdBMEFEQUFNUUJqQUdRQUlnQXNBQ0lBTlFBMkFEY0FOQUExQUdVQVpnQmxBRElBWXdBM0FEWUFaQUE1QURBQVpnQTNBREFBTUFBeUFESUFaQUJqQUdFQUlnQXNBQ0lBTlFBMkFEUUFOUUF4QUdZQVpRQTVBRElBWXdBM0FEWUFaQUE1QURJQVlnQTNBRFFBTXdCaEFHWUFaUUF4QURnQUlnQXNBQ0lBTlFBMkFEUUFZd0JtQUdNQVpRQTJBRElBWXdBM0FEWUFaQUE1QURNQU9BQTVBRFFBWXdCa0FEUUFZd0F6QURNQUlnQXNBQ0lBTlFBMkFHSUFNQUE0QURNQU1RQmpBRGNBWmdBeEFEZ0FaQUEzQURJQVl3QTBBRFFBWmdBeEFHSUFOUUJtQURZQUlnQXNBQ0lBTlFBMkFETUFNUUF6QURVQU53QXpBRElBWXdBM0FEWUFaQUE1QURNQVpRQmlBREFBTmdBMEFEY0FNd0EzQURVQUlnQXNBQ0lBTlFBMkFEY0FNUUJrQURZQU1RQmlBRGNBWmdBeEFEZ0FaQUEzQURBQVpnQmpBR01BT0FCaEFHUUFPUUExQURBQUlnQXNBQ0lBTlFBMkFEZ0FaQUE1QURrQVpBQmxBRGNBWmdBeEFEZ0FaQUEzQURFQU1nQm1BR01BT0FBNEFESUFOd0JsQUdJQUlnQXNBQ0lBTlFBMkFEY0FNUUF5QUdZQVpnQTVBRElBWXdBM0FEWUFaQUE1QURJQVpnQmhBRFFBWXdBM0FHVUFZZ0JrQURZQUlnQXNBQ0lBTlFBMkFEY0FOQUExQUdNQU5RQm1BRElBWXdBM0FEWUFaQUE1QURBQVpnQTNBREFBTUFBeUFESUFaQUJqQURnQUlnQXNBQ0lBTlFBMkFEY0FZUUJqQURBQU9BQmhBRElBWXdBM0FEWUFaQUE1QURBQU53QTNBREFBTndCbEFERUFNUUE0QURZQUlnQXNBQ0lBTlFBMkFEVUFaZ0F5QURFQU9RQTNBRElBWXdBM0FEWUFaQUE1QURJQU5RQTNBREFBT0FBeUFEVUFOd0ExQURjQUlnQXNBQ0lBTlFBMkFEa0FOZ0JrQURFQVlnQXlBRGNBWmdBeEFEZ0FaQUEzQURJQU1BQmxBRGdBWlFBM0FHVUFPUUF4QURRQUlnQXNBQ0lBTlFBMkFHSUFZd0JtQUdVQVlnQm1BRGNBWmdBeEFEZ0FaQUEzQURBQVlnQm1BRFFBT0FBeEFHRUFaZ0JsQUdRQUlnQXNBQ0lBTlFBMkFEY0FZZ0F3QURJQU53QmlBRElBWXdBM0FEWUFaQUE1QURBQU9RQXpBR01BTkFCa0FHUUFOUUJtQURNQUlnQXNBQ0lBTlFBMkFEY0FZUUJtQUdJQU5RQTJBRGNBWmdBeEFEZ0FaQUEzQURJQU1RQXdBREFBT0FBNUFHRUFNd0EyQURZQUlnQXNBQ0lBTlFBMkFETUFZUUExQURBQVlnQXdBRElBWXdBM0FEWUFaQUE1QURJQU5RQmpBR01BWXdCakFHVUFPQUEzQUdZQUlnQXNBQ0lBTlFBMkFEa0FOd0EzQURjQU1BQTBBRGNBWmdBeEFEZ0FaQUEzQURBQVl3QTNBRGdBT1FBeEFEWUFNQUF6QURNQUlnQXNBQ0lBTlFBMkFEVUFaUUF3QURnQU9BQmhBRGNBWmdBeEFEZ0FaQUEzQURBQVpnQmlBRFFBTkFBM0FEVUFPUUJqQURRQUlnQXNBQ0lBTlFBMkFEY0FZd0F6QURBQU1RQmxBRElBWXdBM0FEWUFaQUE1QURFQU9BQTRBRFFBWWdBNEFEWUFZUUEwQUdJQUlnQXNBQ0lBTlFBMkFETUFPUUF4QURRQU53QXhBRElBWXdBM0FEWUFaQUE1QURFQU1BQTNBRFFBTUFBM0FEQUFZd0JpQURrQUlnQXNBQ0lBTlFBMkFETUFZUUEyQUdVQVpBQXpBRElBWXdBM0FEWUFaQUE1QURJQU5RQmpBR01BWXdCakFHVUFPQUE0QURRQUlnQXNBQ0lBTlFBMkFEa0FOUUF6QURRQU1nQXdBRElBWXdBM0FEWUFaQUE1QURFQU13QXhBREFBTUFCakFETUFZd0EyQURjQUlnQXNBQ0lBTlFBMkFHSUFZUUEzQUdVQU9BQXhBRGNBWmdBeEFEZ0FaQUEzQURFQU5BQmxBRFFBWXdCa0FHWUFaUUJoQUdVQUlnQXNBQ0lBTlFBMkFHRUFZZ0JoQURjQVpnQTBBRGNBWmdBeEFEZ0FaQUEzQURJQVpRQmlBR01BT1FCbUFERUFOUUF6QUdFQUlnQXNBQ0lBTlFBMkFEVUFZd0JqQUdJQVlRQTRBRElBWXdBM0FEWUFaQUE1QURFQU53QTJBRGdBT1FBNUFETUFNQUEyQURFQUlnQXNBQ0lBTlFBMkFEa0FOUUJtQURrQU1nQmxBRGNBWmdBeEFEZ0FaQUEzQURBQVpnQmxBRGdBT0FCbEFETUFNQUE1QURRQUlnQXNBQ0lBTlFBMkFETUFZUUEzQURBQU13QXhBRGNBWmdBeEFEZ0FaQUEzQURBQVpnQXdBREFBTVFCaUFEZ0FNUUJrQURNQUlnQXNBQ0lBTlFBMkFEa0FOUUF4QURVQU53QXlBRGNBWmdBeEFEZ0FaQUEzQURJQVlRQTBBRGdBTlFCa0FERUFOUUEzQURRQUlnQXNBQ0lBTlFBMkFEZ0FZUUJsQUdFQU5nQmhBRElBWXdBM0FEWUFaQUE1QURFQU9RQXdBRFFBWVFBNUFEVUFPUUEzQUdRQUlnQXNBQ0lBTlFBMkFETUFOd0E1QURFQVpBQm1BRGNBWmdBeEFEZ0FaQUEzQURJQU1BQTRBREFBWmdBd0FHRUFPUUEzQURFQUlnQXNBQ0lBTlFBMkFHSUFNd0EzQUdRQVpnQmtBRGNBWmdBeEFEZ0FaQUEzQURFQVpnQTJBRFFBTndCakFEZ0FOUUF3QURrQUlnQXNBQ0lBTlFBMkFHSUFZUUJqQUdZQU13QTFBRElBWXdBM0FEWUFaQUE1QURFQU13Qm1BRFFBT0FBeUFEQUFOQUJrQURNQUlnQXNBQ0lBTlFBMkFHSUFZUUJrQURRQU13QmtBRGNBWmdBeEFEZ0FaQUEzQURBQVpRQmxBREFBWmdCbEFHUUFPUUEwQUdNQUlnQXNBQ0lBTlFBMkFEY0FPQUEyQURVQVlRQTFBRElBWXdBM0FEWUFaQUE1QURFQU1BQTBBR01BWkFBNUFHWUFNd0F6QUdRQUlnQmRBQ3dBSWdCRkFIZ0FZd0JzQUhVQVpBQmxBR1FBVUFCaEFITUFkQUJNQUdrQWN3QjBBRWtBWkFCekFDSUFPZ0JiQUNJQU5RQTJBRGNBTVFBMUFEVUFPUUF6QURjQVpnQXhBRGdBWkFBM0FESUFOd0F4QURnQU13QXpBR0VBWXdBM0FEQUFJZ0FzQUNJQU1RQTJBRFFBTmdCZkFERUFNUUF4QUNJQUxBQWlBRFVBTmdCaEFEa0FZZ0ExQURBQU53QXlBR01BTndBMkFHUUFPUUF4QUdZQVpBQXdBR1lBWXdCa0FETUFaQUJrQUNJQUxBQWlBRElBTUFBeUFEQUFYd0F4QURFQU1RQWlBQ3dBSWdBMUFEWUFPUUJtQUdZQU9BQTJBR1FBTndCbUFERUFPQUJrQURjQU1RQTNBREVBT0FCbEFEUUFaUUJsQURBQU13QWlBQ3dBSWdBeEFEVUFNQUEyQUY4QU1RQXhBREVBSWdBc0FDSUFOUUEyQURjQU9RQmpBRElBTndBM0FESUFZd0EzQURZQVpBQTVBREVBTUFCakFEQUFaZ0E1QURBQU1RQXdBRFFBSWdBc0FDSUFNUUEzQURJQU9BQmZBREVBTVFBeEFDSUFMQUFpQURVQU5nQTVBRFlBTlFBekFHVUFaQUF5QUdNQU53QTJBR1FBT1FBd0FHWUFOd0JqQURJQVpRQTRBR0VBT0FBMUFDSUFMQUFpQURFQU9BQTVBRGNBWHdBeEFERUFNUUFpQUN3QUlnQTFBRFlBTmdBNUFHWUFOUUE0QUdNQU53Qm1BREVBT0FCa0FEY0FNZ0JsQUdZQU5BQTVBR1lBTmdCbUFEUUFZUUFpQUN3QUlnQXhBRFlBTUFBMEFGOEFNUUF4QURFQUlnQXNBQ0lBTlFBMkFEY0FNQUE0QUdFQVlnQXlBRElBWXdBM0FEWUFaQUE1QURJQU9BQmhBR01BTUFCbEFEWUFOUUJtQURjQUlnQXNBQ0lBTVFBMkFETUFOUUJmQURFQU1RQXhBQ0lBTEFBaUFEVUFOZ0EyQUdFQU1BQXpBRGNBWmdBM0FHWUFNUUE0QUdRQU53QXlBR1VBWmdBMEFEa0FaZ0EyQUdZQU5BQmlBQ0lBTEFBaUFERUFOZ0F3QURZQVh3QXhBREVBTVFBaUFDd0FJZ0ExQURZQU9RQm1BR0lBTUFBNUFHUUFOd0JtQURFQU9BQmtBRGNBTVFBM0FHTUFZd0JtQUdJQU1nQXhBR1lBTUFBaUFDd0FJZ0F4QURrQU13QTNBRjhBTVFBeEFERUFJZ0FzQUNJQU5RQTJBRGdBTlFBekFEVUFNUUE0QURjQVpnQXhBRGdBWkFBM0FEQUFZZ0E1QURRQU9RQTJBRGdBWmdBd0FEUUFJZ0FzQUNJQU1RQTNBRFlBTUFCZkFERUFNUUF4QUNJQUxBQWlBRFVBTmdBM0FEa0FZZ0JpQUdRQVlRQXlBR01BTndBMkFHUUFPUUF3QURjQVl3QmpBRE1BWmdBd0FERUFOd0JtQUNJQUxBQWlBREVBTndBeUFEWUFYd0F4QURFQU1RQWlBQ3dBSWdBMUFEWUFOd0E0QURVQU5BQXlBR0lBTWdCakFEY0FOZ0JrQURrQU1RQXdBRFFBWXdCa0FEa0FaZ0F6QURNQU5BQWlBQ3dBSWdBeEFEY0FNQUE0QUY4QU1RQXhBREVBSWdBc0FDSUFOUUEyQURjQU53QXlBRElBTlFCakFESUFZd0EzQURZQVpBQTVBREFBWmdBM0FEQUFNQUF5QURJQVpBQmxBREFBSWdBc0FDSUFNUUEzQURBQU1nQmZBREVBTVFBeEFDSUFMQUFpQURVQU5nQTVBRFlBTndBeUFEVUFNQUF5QUdNQU53QTJBR1FBT1FBeUFESUFaUUJqQUdRQVlnQTRBRElBWlFBNEFDSUFMQUFpQURFQU9RQXdBREVBWHdBeEFERUFNUUFpQUN3QUlnQTFBRFlBT0FCa0FEZ0FPUUE1QUdJQU1nQmpBRGNBTmdCa0FEa0FNQUJtQURJQVl3QmpBREVBWkFCbUFEVUFaZ0FpQUN3QUlnQXhBRGNBT0FBMUFGOEFNUUF4QURFQUlnQXNBQ0lBTlFBMkFEZ0FaQUF6QURJQU13QmpBRGNBWmdBeEFEZ0FaQUEzQURJQU5RQmhBR01BTVFBMkFHRUFNUUF6QURZQUlnQXNBQ0lBTVFBM0FEZ0FNZ0JmQURFQU1RQXhBQ0lBTEFBaUFEVUFOZ0E0QUdFQVl3QmhBRGdBWlFBM0FHWUFNUUE0QUdRQU53QXpBRElBWVFCakFEa0FZUUJsQURFQU13Qm1BQ0lBTEFBaUFERUFOd0EyQURZQVh3QXhBREVBTVFBaUFDd0FJZ0ExQURZQU9RQm1BR1lBWWdBekFEUUFOd0JtQURFQU9BQmtBRGNBTVFBM0FERUFPQUJsQURRQVpRQm1BREVBTXdBaUFDd0FJZ0F4QURRQU1BQTFBRjhBTVFBeEFERUFJZ0FzQUNJQU5RQTJBRGtBWmdCbUFEa0FNd0JoQURjQVpnQXhBRGdBWkFBM0FERUFOd0F4QURnQVpRQTBBR1VBWlFBMEFHVUFJZ0FzQUNJQU1RQTFBREFBTkFCZkFERUFNUUF4QUNJQUxBQWlBRFVBTmdBNEFEUUFNZ0E0QURZQVpnQXlBR01BTndBMkFHUUFPUUF4QUdZQVlnQTBBREVBTlFCaEFHUUFaUUF4QUNJQUxBQWlBREVBTndBMEFEa0FYd0F4QURFQU1RQWlBQ3dBSWdBMUFEWUFZZ0F6QURnQU5RQTVBR1VBTWdCakFEY0FOZ0JrQURrQU1RQTVBRFlBWXdBNEFEVUFNQUExQUdNQU9BQWlBQ3dBSWdBeUFERUFOQUF3QUY4QU1RQXhBREVBSWdBc0FDSUFOUUEyQURnQVlRQXlBRGNBTlFBM0FEY0FaZ0F4QURnQVpBQTNBREFBWWdBNUFEUUFPUUEyQURnQVpnQXdBRGdBSWdBc0FDSUFNUUEzQURZQU1nQmZBREVBTVFBeEFDSUFMQUFpQURVQU5nQmhBR1VBWlFCbEFEVUFaQUF5QUdNQU53QTJBR1FBT1FBeUFHWUFOUUF3QURJQU5BQXdBREVBTlFBNEFDSUFMQUFpQURJQU1BQTJBRElBWHdBeEFERUFNUUFpQUN3QUlnQTFBRFlBWVFBNEFHTUFaUUJsQURVQU1nQmpBRGNBTmdCa0FEa0FNUUJtQUdRQU1BQm1BR01BWkFBekFERUFaQUFpQUN3QUlnQXlBREFBTVFBeEFGOEFNUUF4QURFQUlnQXNBQ0lBTlFBMkFHSUFaQUJsQURNQU1BQTBBRGNBWmdBeEFEZ0FaQUEzQURBQVlnQm1BRFFBT0FBeEFHSUFNQUF3QURrQUlnQXNBQ0lBTWdBeUFEY0FOQUJmQURFQU1RQXhBQ0lBTEFBaUFEVUFOZ0JpQUdRQVpnQmtBR1VBT0FBM0FHWUFNUUE0QUdRQU53QXdBR0lBWmdBMEFEZ0FNUUJpQURBQU5BQXdBQ0lBTEFBaUFESUFNZ0E0QURRQVh3QXhBREVBTVFBaUFDd0FJZ0ExQURZQU9RQTBBR01BT0FBNEFEWUFOd0JtQURFQU9BQmtBRGNBTWdCaEFEUUFPQUExQUdRQU1RQTFBRFVBWkFBaUFDd0FJZ0F4QURnQU53QXlBRjhBTVFBeEFERUFJZ0FzQUNJQU5RQTJBRGtBWmdCbUFHRUFOQUF5QURjQVpnQXhBRGdBWkFBM0FERUFOd0F4QURnQVpRQTBBR1VBWlFCaEFHSUFJZ0FzQUNJQU1RQTFBRGNBTXdCZkFERUFNUUF4QUNJQUxBQWlBRFVBTmdCaEFHWUFZd0JqQURRQU5RQTNBR1lBTVFBNEFHUUFOd0F5QUdNQU5BQTBBR1lBTVFCaUFEVUFaUUE0QUNJQUxBQWlBRElBTUFBM0FEWUFYd0F4QURFQU1RQWlBQ3dBSWdBMUFEWUFZZ0JoQURVQU5nQmhBRGNBTWdCakFEY0FOZ0JrQURrQU1BQTRBR0lBTUFCaUFEa0FOQUF4QURNQVl3QWlBQ3dBSWdBeUFESUFNZ0ExQUY4QU1RQXhBREVBSWdBc0FDSUFOUUEyQUdFQU53QmpBR1lBT0FBeUFEY0FaZ0F4QURnQVpBQTNBRElBTXdBeEFHTUFNQUJpQUdNQU1nQTVBRFVBSWdBc0FDSUFNUUE1QURjQU9RQmZBREVBTVFBeEFDSUFMQUFpQURVQU5nQTVBR1lBWmdCaEFEUUFNd0EzQUdZQU1RQTRBR1FBTndBeEFEY0FNUUE0QUdVQU5BQmxBR1VBWVFCakFDSUFMQUFpQURFQU5RQTFBRFFBWHdBeEFERUFNUUFpQUN3QUlnQTFBRFlBT1FCbUFHWUFZUUEwQURVQU53Qm1BREVBT0FCa0FEY0FNUUEzQURFQU9BQmxBRFFBWlFCbEFHRUFaQUFpQUN3QUlnQXhBRFVBTndBd0FGOEFNUUF4QURFQUlnQXNBQ0lBTlFBMkFHSUFNd0F4QURjQVlRQXlBRElBWXdBM0FEWUFaQUE1QURFQU9RQTJBR01BT0FBMUFEQUFOUUE1QUdVQUlnQXNBQ0lBTWdBeEFESUFNd0JmQURFQU1RQXhBQ0lBTEFBaUFEVUFOZ0JoQURrQVlRQXdBR1lBWXdBeUFHTUFOd0EyQUdRQU9RQXhBR1lBWkFBd0FHWUFZd0JrQURNQVpBQTNBQ0lBTEFBaUFESUFNQUF4QURrQVh3QXhBREVBTVFBaUFDd0FJZ0ExQURZQVlnQTFBRElBTkFCaEFHWUFOd0JtQURFQU9BQmtBRGNBTUFBMEFEUUFOQUEzQUdVQU9RQm1BRGdBTlFBaUFDd0FJZ0F5QURFQU5nQXpBRjhBTVFBeEFERUFJZ0FzQUNJQU5RQTJBRGtBWVFBekFERUFNZ0JqQURjQVpnQXhBRGdBWkFBM0FESUFZZ0JpQURRQVpBQm1BR01BWkFBd0FHVUFJZ0FzQUNJQU1RQTVBREVBTUFCZkFERUFNUUF4QUNJQUxBQWlBRFVBTmdBNUFHWUFaZ0JoQURRQU5nQTNBR1lBTVFBNEFHUUFOd0F4QURjQU1RQTRBR1VBTkFCbEFHVUFZUUJsQUNJQUxBQWlBREVBTlFBeUFEUUFYd0F4QURFQU1RQWlBQ3dBSWdBMUFEWUFPUUJtQUdZQVlRQTBBRGdBTndCbUFERUFPQUJrQURjQU1RQTNBREVBT0FCbEFEUUFaUUJsQUdFQVpnQWlBQ3dBSWdBeEFEUUFOZ0F5QUY4QU1RQXhBREVBSWdBc0FDSUFOUUEyQURrQU5BQmhBRGNBTmdBd0FESUFZd0EzQURZQVpBQTVBREVBTWdBeEFEQUFaQUF5QURVQU13QXpBRGdBSWdBc0FDSUFNUUE0QURZQU53QmZBREVBTVFBeEFDSUFMQUFpQURVQU5nQmhBRGdBT0FBeUFHTUFNQUEzQUdZQU1RQTRBR1FBTndBeUFETUFNUUJqQURBQVlnQmpBRElBWlFBMUFDSUFMQUFpQURJQU1BQXdBREVBWHdBeEFERUFNUUFpQUN3QUlnQTFBRFlBT1FCbUFHWUFZUUEwQURrQU53Qm1BREVBT0FCa0FEY0FNUUEzQURFQU9BQmxBRFFBWlFCbEFHSUFNQUFpQUN3QUlnQXhBRFFBTUFBNUFGOEFNUUF4QURFQUlnQXNBQ0lBTlFBMkFHSUFZUUJtQURFQU5BQmhBRGNBWmdBeEFEZ0FaQUEzQURFQU5BQmxBRFFBWXdCa0FHWUFaUUJqQURBQUlnQXNBQ0lBTWdBeUFETUFPQUJmQURFQU1RQXhBQ0lBTEFBaUFEVUFOZ0JpQURjQU1BQmlBR0lBT1FBeUFHTUFOd0EyQUdRQU9RQXlBRGdBWkFCakFETUFZZ0JrQURVQVl3QXlBQ0lBTEFBaUFESUFNUUE0QURJQVh3QXhBREVBTVFBaUFDd0FJZ0ExQURZQU9RQTBBR1lBTXdBeEFERUFOd0JtQURFQU9BQmtBRGNBTWdCaEFEUUFPQUExQUdRQU1RQTFBRFlBWWdBaUFDd0FJZ0F4QURnQU9BQXpBRjhBTVFBeEFERUFJZ0FzQUNJQU5RQTJBR0lBTlFBeEFESUFNUUJtQURJQVl3QTNBRFlBWkFBNUFESUFPQUJrQUdNQU13QmlBR1FBTlFBNEFHUUFJZ0FzQUNJQU1nQXhBRFVBT0FCZkFERUFNUUF4QUNJQUxBQWlBRFVBTmdBNUFEUUFZZ0JoQURjQVlRQXlBR01BTndBMkFHUUFPUUF4QURJQU1RQXdBR1FBTWdBMUFETUFNd0JoQUNJQUxBQWlBREVBT0FBMkFEa0FYd0F4QURFQU1RQWlBQ3dBSWdBMUFEWUFZZ0JoQUdVQVlRQmpBRGtBTWdCakFEY0FOZ0JrQURrQU1RQXpBR1lBTkFBNEFESUFNQUEwQUdRQVl3QWlBQ3dBSWdBeUFESUFNd0EzQUY4QU1RQXhBREVBSWdBc0FDSUFOUUEyQURnQVl3QmhBRE1BWWdCbUFESUFZd0EzQURZQVpBQTVBREFBWmdCaUFEZ0FaQUJrQURRQU1RQmtBRGtBSWdBc0FDSUFNUUEzQURjQU53QmZBREVBTVFBeEFDSUFMQUFpQURVQU5nQTVBR1lBWmdCaEFEUUFZZ0EzQUdZQU1RQTRBR1FBTndBeEFEY0FNUUE0QUdVQU5BQmxBR1VBWWdBeEFDSUFMQUFpQURFQU5nQXdBRElBWHdBeEFERUFNUUFpQUN3QUlnQTFBRFlBWWdBeUFEVUFNZ0JqQURFQU53Qm1BREVBT0FCa0FEY0FNUUJtQURZQU5BQTNBR01BT0FBMEFHUUFZUUFpQUN3QUlnQXlBREVBTVFBNEFGOEFNUUF4QURFQUlnQXNBQ0lBTlFBMkFEa0FaZ0E1QURBQU53QTFBRGNBWmdBeEFEZ0FaQUEzQURJQU1nQTRBR01BTUFCa0FESUFOZ0EyQURRQUlnQXNBQ0lBTVFBNUFETUFOZ0JmQURFQU1RQXhBQ0lBTEFBaUFEVUFOZ0E1QUdZQVpnQmhBRFFBWXdBM0FHWUFNUUE0QUdRQU53QXhBRGNBTVFBNEFHVUFOQUJsQUdVQVlnQXlBQ0lBTEFBaUFERUFOZ0F6QURrQVh3QXhBREVBTVFBaUFDd0FJZ0ExQURZQVlnQXhBR0lBWXdCaUFEQUFNZ0JqQURjQU5nQmtBRGtBTWdCbUFEVUFNQUF5QURRQU1BQXhBR0lBTUFBaUFDd0FJZ0F5QURFQU1BQXdBRjhBTVFBeEFERUFJZ0FzQUNJQU5RQTJBR0lBWWdBd0FHUUFOUUExQURjQVpnQXhBRGdBWkFBM0FERUFOQUJsQURRQVl3QmtBR1lBWlFCa0FEQUFJZ0FzQUNJQU1nQXlBRFFBTlFCZkFERUFNUUF4QUNJQUxBQWlBRFVBTmdCaEFHWUFZd0ExQUdZQVlRQTNBR1lBTVFBNEFHUUFOd0F5QUdNQU5BQTBBR1lBTVFCaUFEVUFaUUEzQUNJQUxBQWlBRElBTUFBM0FEVUFYd0F4QURFQU1RQWlBQ3dBSWdBMUFEWUFPUUJtQUdZQVlRQTBBR1VBTndCbUFERUFPQUJrQURjQU1RQTNBREVBT0FCbEFEUUFaUUJsQUdJQU13QWlBQ3dBSWdBeEFEUUFNQUE0QUY4QU1RQXhBREVBSWdBc0FDSUFOUUEyQURrQVpnQm1BR0VBTkFCbUFEY0FaZ0F4QURnQVpBQTNBREVBTndBeEFEZ0FaUUEwQUdVQVpRQmlBRFFBSWdBc0FDSUFNUUEwQURnQU53QmZBREVBTVFBeEFDSUFMQUFpQURVQU5nQTVBR1lBWmdCaEFEVUFNUUEzQUdZQU1RQTRBR1FBTndBeEFEY0FNUUE0QUdVQU5BQmxBR1VBWWdBMUFDSUFMQUFpQURFQU5BQXhBREFBWHdBeEFERUFNUUFpQUN3QUlnQTFBRFlBWVFBd0FHRUFOd0JoQURNQU53Qm1BREVBT0FCa0FEY0FNZ0EzQUdJQU5BQm1BRGNBWXdBM0FHWUFZUUFpQUN3QUlnQXhBRGtBTkFBekFGOEFNUUF4QURFQUlnQXNBQ0lBTlFBMkFEa0FaZ0JtQUdFQU5RQXlBRGNBWmdBeEFEZ0FaQUEzQURFQU53QXhBRGdBWlFBMEFHVUFaUUJpQURZQUlnQXNBQ0lBTVFBMkFETUFNUUJmQURFQU1RQXhBQ0lBTEFBaUFEVUFOZ0JoQUdJQVlRQmpBREFBWWdBeUFHTUFOd0EyQUdRQU9RQXlBREVBWlFBd0FEUUFZUUJtQURNQU53QTJBQ0lBTEFBaUFESUFNQUEwQURNQVh3QXhBREVBTVFBaUFDd0FJZ0ExQURZQVlRQm1BR0lBTlFCbUFEY0FOd0JtQURFQU9BQmtBRGNBTWdCakFEUUFOQUJtQURFQVlnQTFBR1VBTVFBaUFDd0FJZ0F5QURBQU53QXpBRjhBTVFBeEFERUFJZ0FzQUNJQU5RQTJBR0VBWmdCaUFEa0FOQUEwQURjQVpnQXhBRGdBWkFBM0FERUFZZ0E1QURnQU5RQmxBREFBTmdBeEFEWUFJZ0FzQUNJQU1nQXdBRGNBTWdCZkFERUFNUUF4QUNJQUxBQWlBRFVBTmdCaUFEZ0FZUUEyQUdJQVlRQXlBR01BTndBMkFHUUFPUUF5QURnQVpBQmpBRE1BWWdCa0FEWUFNd0F4QUNJQUxBQWlBRElBTWdBeEFESUFYd0F4QURFQU1RQWlBQ3dBSWdBMUFEWUFZZ0JqQUdFQU5BQTRBRFVBTWdCakFEY0FOZ0JrQURrQU1RQmtBR0VBWXdBeUFESUFNUUE0QURjQVlRQWlBQ3dBSWdBeUFESUFOZ0E0QUY4QU1RQXhBREVBSWdBc0FDSUFOUUEyQURjQU53QmlBR0VBTUFBM0FESUFZd0EzQURZQVpBQTVBREFBWmdBM0FEQUFNQUF5QURJQVpBQmxBRFFBSWdBc0FDSUFNUUEzQURBQU5BQmZBREVBTVFBeEFDSUFMQUFpQURVQU5nQmlBRE1BWXdCakFHRUFZd0EzQUdZQU1RQTRBR1FBTndBeEFHWUFOZ0EwQURjQVl3QTRBRFVBTVFBM0FDSUFMQUFpQURJQU1RQTBBRFFBWHdBeEFERUFNUUFpQUN3QUlnQTFBRFlBT1FCaUFEZ0FOd0JtQURNQU1nQmpBRGNBTmdCa0FEa0FNZ0F5QUdVQVl3QXlBRFlBWVFBM0FEZ0FZZ0FpQUN3QUlnQXhBRGtBTWdBd0FGOEFNUUF4QURFQUlnQXNBQ0lBTlFBMkFEa0FaZ0JtQUdFQU5RQTBBRGNBWmdBeEFEZ0FaQUEzQURFQU53QXhBRGdBWlFBMEFHVUFaUUJpQURjQUlnQXNBQ0lBTVFBMUFEQUFPUUJmQURFQU1RQXhBQ0lBTEFBaUFEVUFOZ0E1QUdZQVpnQmhBRFVBTmdBM0FHWUFNUUE0QUdRQU53QXhBRGNBTVFBNEFHVUFOQUJsQUdVQVlnQTRBQ0lBTEFBaUFERUFNd0EzQURRQVh3QXhBREVBTVFBaUFDd0FJZ0ExQURZQU9BQmpBR1VBTlFCbUFEa0FNZ0JqQURjQU5nQmtBRGtBTUFCbUFHSUFPQUJrQUdRQU5BQXhBR1FBWmdBaUFDd0FJZ0F4QURjQU53QTVBRjhBTVFBeEFERUFJZ0FzQUNJQU5RQTJBR0VBWVFBMEFEQUFNQUEyQURjQVpnQXhBRGdBWkFBM0FESUFNd0F4QUdNQU1BQmlBR01BTkFBd0FESUFJZ0FzQUNJQU1nQXdBRElBT1FCZkFERUFNUUF4QUNJQUxBQWlBRFVBTmdBNUFEVUFNQUF4QUdZQU5BQXlBR01BTndBMkFHUUFPUUF4QURJQU1RQXdBR1FBTWdBMUFETUFOQUJrQUNJQUxBQWlBREVBT0FBNEFEVUFYd0F4QURFQU1RQWlBQ3dBSWdBMUFEWUFZUUJoQURZQVlRQTBBR1lBTWdCakFEY0FOZ0JrQURrQU13QmtBRGNBTkFCakFHWUFPQUEyQURZQU53QWlBQ3dBSWdBeUFEQUFNd0F6QUY4QU1RQXhBREVBSWdBc0FDSUFOUUEyQUdJQU1BQmtBR1lBWVFBeEFESUFZd0EzQURZQVpBQTVBRElBWmdBMUFEQUFNZ0EwQURBQU1RQTVBRGtBSWdBc0FDSUFNZ0F3QURnQU53QmZBREVBTVFBeEFDSUFMQUFpQURVQU5nQTVBR1lBWmdCaEFEVUFPQUEzQUdZQU1RQTRBR1FBTndBeEFEY0FNUUE0QUdVQU5BQmxBR1VBWWdBNUFDSUFMQUFpQURFQU13QTVBRFFBWHdBeEFERUFNUUFpQUN3QUlnQTFBRFlBT1FBM0FETUFOQUF5QUdNQU53Qm1BREVBT0FCa0FEY0FNQUJqQURjQU9BQTVBREVBTmdBd0FETUFNQUFpQUN3QUlnQXhBRGtBTUFBekFGOEFNUUF4QURFQUlnQXNBQ0lBTlFBMkFEa0FaZ0JtQUdFQU5RQmlBRGNBWmdBeEFEZ0FaQUEzQURFQU53QXhBRGdBWlFBMEFHVUFaUUJpQUdFQUlnQXNBQ0lBTVFBMEFEQUFOd0JmQURFQU1RQXhBQ0lBTEFBaUFEVUFOZ0E1QUdZQVpnQmhBRFVBWXdBM0FHWUFNUUE0QUdRQU53QXhBRGNBTVFBNEFHVUFOQUJsQUdVQVlnQmlBQ0lBTEFBaUFERUFOUUF6QURJQVh3QXhBREVBTVFBaUFDd0FJZ0ExQURZQU9RQm1BR1lBWVFBMUFHUUFOd0JtQURFQU9BQmtBRGNBTVFBM0FERUFPQUJsQURRQVpRQmxBR0lBWXdBaUFDd0FJZ0F4QURVQU5nQXdBRjhBTVFBeEFERUFJZ0FzQUNJQU5RQTJBR0VBTndBMkFESUFPUUEyQURjQVpnQXhBRGdBWkFBM0FESUFNd0JpQURRQVlRQmlBREVBWlFCakFHVUFJZ0FzQUNJQU1RQTVBRGNBT0FCZkFERUFNUUF4QUNJQUxBQWlBRFVBTmdCaUFEY0FNUUJsQURNQU53QXlBR01BTndBMkFHUUFPUUF5QURnQVpBQmpBRE1BWWdCa0FEVUFZd0JqQUNJQUxBQWlBRElBTVFBNEFEZ0FYd0F4QURFQU1RQWlBQ3dBSWdBMUFEWUFPUUEzQURNQVl3QmhBRGNBTndCbUFERUFPQUJrQURjQU1BQmpBRGNBT0FBNUFERUFOZ0F3QURNQU1RQWlBQ3dBSWdBeEFEa0FNQUExQUY4QU1RQXhBREVBSWdBc0FDSUFOUUEyQUdFQU1BQTVBREFBTVFBMkFEY0FaZ0F4QURnQVpBQTNBRElBTndCaUFEUUFaZ0EzQUdNQU53Qm1BREVBSWdBc0FDSUFNUUE1QURRQU1nQmZBREVBTVFBeEFDSUFMQUFpQURVQU5nQmlBREFBWkFBNUFEWUFNQUEzQUdZQU1RQTRBR1FBTndBeUFHTUFOQUEwQUdZQU1RQmlBRFVBWmdCbEFDSUFMQUFpQURJQU1BQTRBRFlBWHdBeEFERUFNUUFpQUN3QUlnQTFBRFlBWWdBNEFEY0FOd0JrQUdRQU1nQmpBRGNBTmdCa0FEa0FNZ0E0QUdRQVl3QXpBR0lBWkFBMkFERUFZZ0FpQUN3QUlnQXlBRElBTUFBeUFGOEFNUUF4QURFQUlnQXNBQ0lBTlFBMkFEa0FOd0F6QURnQU5RQTRBRElBWXdBM0FEWUFaQUE1QURBQU5RQTFBREFBWVFCaEFESUFPUUJoQURBQUlnQXNBQ0lBTVFBNUFEQUFOQUJmQURFQU1RQXhBQ0lBTEFBaUFEVUFOZ0JoQURjQVpBQTRBREFBTWdBeUFHTUFOd0EyQUdRQU9RQXhBR1lBWkFBd0FHWUFZd0JrQURJQU9RQmtBQ0lBTEFBaUFERUFPUUE0QURFQVh3QXhBREVBTVFBaUFDd0FJZ0ExQURZQVlRQTNBRFFBWmdBM0FHUUFNZ0JqQURjQU5nQmtBRGtBTXdBeUFEY0FOQUE1QURZQU9RQmlBR1FBTlFBaUFDd0FJZ0F4QURrQU53QTFBRjhBTVFBeEFERUFJZ0FzQUNJQU5RQTJBRGdBWmdBNEFEa0FNUUF6QURjQVpnQXhBRGdBWkFBM0FERUFPUUJrQURRQVlnQXdBRGdBWmdCakFEUUFJZ0FzQUNJQU1RQTRBREVBTVFCZkFERUFNUUF4QUNJQUxBQWlBRFVBTmdCaEFHTUFPUUF3QURnQU9RQTNBR1lBTVFBNEFHUUFOd0F5QUdNQU5BQTBBR1lBTVFCaUFEVUFZUUJpQUNJQUxBQWlBRElBTUFBMUFEWUFYd0F4QURFQU1RQWlBQ3dBSWdBMUFEWUFZZ0F5QURBQU53QTNBR01BTndCbUFERUFPQUJrQURjQU1nQmpBRFFBTkFCbUFERUFZZ0EyQURJQVl3QWlBQ3dBSWdBeUFERUFNUUF3QUY4QU1RQXhBREVBSWdBc0FDSUFOUUEyQURrQVpnQm1BR0VBTmdBeUFEY0FaZ0F4QURnQVpBQTNBREVBTndBeEFEZ0FaUUEwQUdVQVpRQmlBR1FBSWdBc0FDSUFNUUF6QURrQU1BQmZBREVBTVFBeEFDSUFMQUFpQURVQU5nQmlBR1FBWmdBMUFEY0FOUUEzQUdZQU1RQTRBR1FBTndBd0FHSUFaZ0EwQURnQU1RQmlBREFBTXdBNEFDSUFMQUFpQURJQU1nQTNBRGtBWHdBeEFERUFNUUFpQUN3QUlnQTFBRFlBT1FCbUFHWUFZUUEyQURNQU53Qm1BREVBT0FCa0FEY0FNUUEzQURFQU9BQmxBRFFBWlFCbEFHSUFaUUFpQUN3QUlnQXhBRFlBTlFBMkFGOEFNUUF4QURFQUlnQXNBQ0lBTlFBMkFHSUFZUUEzQURRQU1BQXpBRElBWXdBM0FEWUFaQUE1QURBQU9BQmlBREFBWWdBNUFEUUFNUUEwQURjQUlnQXNBQ0lBTWdBeUFESUFPQUJmQURFQU1RQXhBQ0lBTEFBaUFEVUFOZ0E1QUdJQU5RQm1BR1lBT0FBeUFHTUFOd0EyQUdRQU9RQXlBRElBWlFCakFESUFOZ0JoQURjQU9BQTNBQ0lBTEFBaUFERUFPUUF4QURnQVh3QXhBREVBTVFBaUFDd0FJZ0ExQURZQVlnQmpBRGtBT1FBNUFERUFNZ0JqQURjQU5nQmtBRGtBTVFCa0FHRUFZd0F5QURJQU1RQTRBRFlBWVFBaUFDd0FJZ0F5QURJQU5nQXpBRjhBTVFBeEFERUFJZ0FzQUNJQU5RQTJBRGtBWmdCbUFHRUFOZ0EyQURjQVpnQXhBRGdBWkFBM0FERUFOd0F4QURnQVpRQTBBR1VBWlFCaUFHWUFJZ0FzQUNJQU1RQTBBRGNBTndCZkFERUFNUUF4QUNJQUxBQWlBRFVBTmdBNUFHWUFaZ0JoQURZQU53QTNBR1lBTVFBNEFHUUFOd0F4QURjQU1RQTRBR1VBTkFCbEFHVUFZd0F3QUNJQUxBQWlBREVBTlFBeEFEQUFYd0F4QURFQU1RQWlBQ3dBSWdBMUFEWUFPUUJtQUdZQVlRQTJBRGdBTndCbUFERUFPQUJrQURjQU1RQTNBREVBT0FCbEFEUUFaUUJsQUdNQU1RQWlBQ3dBSWdBeEFEVUFOd0EzQUY4QU1RQXhBREVBSWdBc0FDSUFOUUEyQUdJQU5RQmlBR1FBTXdCa0FEY0FaZ0F4QURnQVpBQTNBREFBTkFBMEFEUUFOd0JsQURrQVpnQTRBR1lBSWdBc0FDSUFNZ0F4QURZQU9BQmZBREVBTVFBeEFDSUFMQUFpQURVQU5nQmlBREVBTWdCakFESUFaQUEzQUdZQU1RQTRBR1FBTndBeUFHTUFOQUEwQUdZQU1RQmlBRFlBTUFBMkFDSUFMQUFpQURJQU1BQTVBREVBWHdBeEFERUFNUUFpQUN3QUlnQTFBRFlBWWdBMEFEWUFOZ0E0QUdRQU1nQmpBRGNBTmdCa0FEa0FNZ0JsQURnQU1BQTNBRElBTWdBNEFHWUFaQUFpQUN3QUlnQXlBREVBTkFBMUFGOEFNUUF4QURFQUlnQXNBQ0lBTlFBMkFHSUFNUUJsQURNQU9BQTFBRGNBWmdBeEFEZ0FaQUEzQURJQVl3QTBBRFFBWmdBeEFHSUFOZ0F4QUdZQUlnQXNBQ0lBTWdBeEFEQUFNd0JmQURFQU1RQXhBQ0lBTEFBaUFEVUFOZ0JpQURNQU13QmpBRFlBT0FBeUFHTUFOd0EyQUdRQU9RQXhBRGtBTmdCakFEZ0FOUUF3QURVQVlnQXdBQ0lBTEFBaUFESUFNUUF6QURJQVh3QXhBREVBTVFBaUFDd0FJZ0ExQURZQVlnQmpBRGdBT0FBM0FEZ0FNZ0JqQURjQU5nQmtBRGtBTVFCa0FHRUFZd0F5QURJQU1RQTRBRFVBWXdBaUFDd0FJZ0F5QURJQU5RQTRBRjhBTVFBeEFERUFJZ0FzQUNJQU5RQTJBR0lBWXdBNEFEUUFZUUF6QURJQVl3QTNBRFlBWkFBNUFERUFaQUJoQUdNQU1nQXlBREVBT0FBMUFEVUFJZ0FzQUNJQU1nQXlBRFVBTndCZkFERUFNUUF4QUNJQUxBQWlBRFVBTmdCaEFEY0FaZ0JoQURRQVpBQTNBR1lBTVFBNEFHUUFOd0F5QURNQU1RQmpBREFBWWdCakFESUFZUUExQUNJQUxBQWlBREVBT1FBNEFEWUFYd0F4QURFQU1RQWlBQ3dBSWdBMUFEWUFZUUE0QURBQVpBQTNBRE1BTWdCakFEY0FOZ0JrQURrQU1RQm1BR1FBTUFCbUFHTUFaQUF5QUdNQU5RQWlBQ3dBSWdBeEFEa0FPUUF4QUY4QU1RQXhBREVBSWdBc0FDSUFOUUEyQURrQVpnQm1BR0VBTmdCaEFEY0FaZ0F4QURnQVpBQTNBREVBTndBeEFEZ0FaUUEwQUdVQVpRQmpBRElBSWdBc0FDSUFNUUEwQURRQU1BQmZBREVBTVFBeEFDSUFMQUFpQURVQU5nQTVBRFFBWXdBMEFHVUFaUUF5QUdNQU53QTJBR1FBT1FBeEFESUFNUUF3QUdRQU1nQTFBRE1BTXdCaUFDSUFMQUFpQURFQU9BQTNBREVBWHdBeEFERUFNUUFpQUN3QUlnQTFBRFlBT1FCbUFHWUFZUUEyQUdJQU53Qm1BREVBT0FCa0FEY0FNUUEzQURFQU9BQmxBRFFBWlFCbEFHTUFNd0FpQUN3QUlnQXhBRFlBTWdBM0FGOEFNUUF4QURFQUlnQXNBQ0lBTlFBMkFHRUFOd0JrQUdNQVlnQXpBRElBWXdBM0FEWUFaQUE1QURFQVpnQmtBREFBWmdCakFHUUFNZ0E1QUdVQUlnQXNBQ0lBTVFBNUFEZ0FNZ0JmQURFQU1RQXhBQ0lBTEFBaUFEVUFOZ0JpQURVQVl3Qm1BRGdBTXdBeUFHTUFOd0EyQUdRQU9RQXlBRGdBWkFCakFETUFZZ0JrQURVQVlRQmhBQ0lBTEFBaUFESUFNUUEzQURRQVh3QXhBREVBTVFBaUFDd0FJZ0ExQURZQVlnQmhBREFBWmdCa0FEY0FNZ0JqQURjQU5nQmtBRGtBTUFBNEFHSUFNQUJpQURrQU5BQXhBRE1BTXdBaUFDd0FJZ0F5QURJQU1nQXhBRjhBTVFBeEFERUFJZ0FzQUNJQU5RQTJBR0lBTlFCa0FEVUFZUUEwQURJQVl3QTNBRFlBWkFBNUFESUFPQUJrQUdNQU13QmlBR1FBTlFCaUFERUFJZ0FzQUNJQU1nQXhBRGNBT0FCZkFERUFNUUF4QUNJQUxBQWlBRFVBTmdBNEFHVUFOQUJoQURNQU13QXlBR01BTndBMkFHUUFPUUF4QURZQU5BQmpBR1VBTWdCakFETUFZUUJsQUNJQUxBQWlBREVBTndBNUFEY0FYd0F4QURFQU1RQWlBQ3dBSWdBMUFEWUFZZ0F6QURFQVlnQXlBR1FBTndCbUFERUFPQUJrQURjQU1RQm1BRFlBTkFBM0FHTUFPQUEwQUdVQU9RQWlBQ3dBSWdBeUFERUFNZ0EwQUY4QU1RQXhBREVBSWdBc0FDSUFOUUEyQUdJQU1nQTBBR0lBTmdBMkFESUFZd0EzQURZQVpBQTVBREVBT1FBMkFHTUFPQUExQURBQU5RQTRBR1lBSWdBc0FDSUFNZ0F4QURFQU5nQmZBREVBTVFBeEFDSUFMQUFpQURVQU5nQmlBRFVBTUFBekFHUUFNQUEzQUdZQU1RQTRBR1FBTndBeEFHUUFZUUJqQUdNQVpnQmpBRFVBTXdBekFDSUFMQUFpQURJQU1RQTFBRGNBWHdBeEFERUFNUUFpQUN3QUlnQTFBRFlBWWdBeEFETUFNd0EzQUdVQU1nQmpBRGNBTmdCa0FEa0FNZ0JtQURVQU1BQXlBRFFBTUFBeEFHRUFNZ0FpQUN3QUlnQXlBREFBT1FBeUFGOEFNUUF4QURFQUlnQXNBQ0lBTlFBMkFEa0FaZ0JtQURnQU9RQXdBRGNBWmdBeEFEZ0FaQUEzQURFQU53QXhBRGdBWlFBMEFHVUFaUUF4QUdJQUlnQXNBQ0lBTVFBMEFEQUFNd0JmQURFQU1RQXhBQ0lBTEFBaUFEVUFOZ0E1QUdZQVpnQTRBRGtBTVFBM0FHWUFNUUE0QUdRQU53QXhBRGNBTVFBNEFHVUFOQUJsQUdVQU1RQmpBQ0lBTEFBaUFERUFOUUF4QURZQVh3QXhBREVBTVFBaUFDd0FJZ0ExQURZQU9RQm1BR1lBT0FBNUFETUFOd0JtQURFQU9BQmtBRGNBTVFBM0FERUFPQUJsQURRQVpRQmxBREVBWkFBaUFDd0FJZ0F4QURNQU9RQTFBRjhBTVFBeEFERUFJZ0FzQUNJQU5RQTJBR0VBTndCa0FETUFPQUE0QURJQVl3QTNBRFlBWkFBNUFERUFaZ0JrQURBQVpnQmpBR1FBTWdBNUFHTUFJZ0FzQUNJQU1RQTVBRGdBTUFCZkFERUFNUUF4QUNJQUxBQWlBRFVBTmdCaUFERUFaQUE1QURFQU13QXlBR01BTndBMkFHUUFPUUF5QUdZQU5RQXdBRElBTkFBd0FERUFZZ0EwQUNJQUxBQWlBRElBTVFBd0FESUFYd0F4QURFQU1RQWlBQ3dBSWdBMUFEWUFPUUJtQUdZQU9BQTVBRFVBTndCbUFERUFPQUJrQURjQU1RQTNBREVBT0FCbEFEUUFaUUJsQURFQVpRQWlBQ3dBSWdBeEFETUFPUUE0QUY4QU1RQXhBREVBSWdBc0FDSUFOUUEyQURrQVl3QmlBR1VBTkFCbUFEY0FaZ0F4QURnQVpBQTNBRElBWWdCaUFEUUFaQUJtQUdNQVpBQTFBRElBSWdBc0FDSUFNUUE1QURJQU5RQmZBREVBTVFBeEFDSUFMQUFpQURVQU5nQTRBR1VBWkFBekFHTUFaQUEzQUdZQU1RQTRBR1FBTndBeUFHUUFOUUJqQUdJQVlnQmlBR0VBTmdBMEFDSUFMQUFpQURFQU9BQXdBRFlBWHdBeEFERUFNUUFpQUN3QUlnQTFBRFlBT1FCaEFEa0FZUUF5QURjQU1nQmpBRGNBTmdCa0FEa0FNZ0F5QUdVQVl3QXlBRFlBWVFBM0FEY0FPQUFpQUN3QUlnQXhBRGtBTVFBMUFGOEFNUUF4QURFQUlnQXNBQ0lBTlFBMkFEa0FNd0EwQUdZQVlRQmtBRElBWXdBM0FEWUFaQUE1QURFQVl3QXdBRGdBWlFBNUFEa0FNZ0E1QURFQUlnQXNBQ0lBTVFBNEFEUUFNQUJmQURFQU1RQXhBQ0lBTEFBaUFEVUFOZ0JpQUdFQU53QXdBRFFBTXdBM0FHWUFNUUE0QUdRQU53QXlBR1lBT1FBNEFEa0FaZ0F3QURnQVl3QmpBQ0lBTEFBaUFESUFNZ0F5QURjQVh3QXhBREVBTVFBaUFDd0FJZ0ExQURZQVlnQTFBREVBWWdBNEFHUUFNZ0JqQURjQU5nQmtBRGtBTWdBNEFHUUFZd0F6QUdJQVpBQTFBRGtBTVFBaUFDd0FJZ0F5QURFQU5nQXhBRjhBTVFBeEFERUFJZ0FzQUNJQU5RQTJBRGtBWmdCbUFEZ0FPUUE1QURjQVpnQXhBRGdBWkFBM0FERUFOd0F4QURnQVpRQTBBR1VBWlFBeEFHWUFJZ0FzQUNJQU1RQTFBRElBT1FCZkFERUFNUUF4QUNJQUxBQWlBRFVBTmdBNEFERUFZUUJsQUdFQVl3QXlBR01BTndBMkFHUUFPUUF3QUdFQU13QmpBRFlBWkFCakFESUFOZ0EwQUNJQUxBQWlBREVBTndBMEFEY0FYd0F4QURFQU1RQWlBQ3dBSWdBMUFEWUFZUUJoQURZQU5RQmlBRElBTWdCakFEY0FOZ0JrQURrQU13QmtBRGNBTkFCakFHWUFPQUEyQURZQU13QWlBQ3dBSWdBeUFEQUFNd0F5QUY4QU1RQXhBREVBSWdBc0FDSUFOUUEyQUdJQU5RQmlBR0VBTWdBekFEY0FaZ0F4QURnQVpBQTNBREFBTkFBMEFEUUFOd0JsQURrQVpnQTRBR01BSWdBc0FDSUFNZ0F4QURZQU53QmZBREVBTVFBeEFDSUFMQUFpQURVQU5nQTVBR1lBWmdBNEFEa0FaUUEzQUdZQU1RQTRBR1FBTndBeEFEY0FNUUE0QUdVQU5BQmxBR1VBTWdBd0FDSUFMQUFpQURFQU5BQTNBRFFBWHdBeEFERUFNUUFpQUN3QUlnQTFBRFlBWWdCaEFHTUFZd0JpQUdRQU1nQmpBRGNBTmdCa0FEa0FNUUF6QUdZQU5BQTRBRElBTUFBMEFHUUFNUUFpQUN3QUlnQXlBRElBTXdBekFGOEFNUUF4QURFQUlnQXNBQ0lBTlFBMkFEa0FaZ0JtQURnQU9RQm1BRGNBWmdBeEFEZ0FaQUEzQURFQU53QXhBRGdBWlFBMEFHVUFaUUF5QURFQUlnQXNBQ0lBTVFBMUFEY0FNZ0JmQURFQU1RQXhBQ0lBTEFBaUFEVUFOZ0E1QURNQU53QmtBR01BWWdBM0FHWUFNUUE0QUdRQU53QXpBREVBT0FCakFEQUFPUUJtQURVQU1BQXhBQ0lBTEFBaUFERUFPQUEwQURjQVh3QXhBREVBTVFBaUFDd0FJZ0ExQURZQU53QTRBRFVBWlFBekFEUUFNZ0JqQURjQU5nQmtBRGtBTVFBd0FEUUFZd0JrQURrQVpnQXpBRE1BTndBaUFDd0FJZ0F4QURjQU1RQXdBRjhBTVFBeEFERUFJZ0FzQUNJQU5RQTJBRGtBWmdCbUFEZ0FZUUF5QURjQVpnQXhBRGdBWkFBM0FERUFOd0F4QURnQVpRQTBBR1VBWlFBeUFESUFJZ0FzQUNJQU1RQTFBRFlBTVFCZkFERUFNUUF4QUNJQUxBQWlBRFVBTmdBNUFHWUFaZ0E0QUdFQU5BQTNBR1lBTVFBNEFHUUFOd0F4QURjQU1RQTRBR1VBTkFCbEFHVUFNZ0F6QUNJQUxBQWlBREVBTlFBMEFESUFYd0F4QURFQU1RQWlBQ3dBSWdBMUFEWUFZUUJoQURRQU5BQTBBRFVBTWdCakFEY0FOZ0JrQURrQU1RQm1BR1FBTUFCbUFHTUFaQUEwQURBQVpnQWlBQ3dBSWdBeUFEQUFNd0F3QUY4QU1RQXhBREVBSWdBc0FDSUFOUUEyQURjQU5BQXdBR1FBTWdBMkFEY0FaZ0F4QURnQVpBQTNBREVBWmdCbEFHTUFNUUJoQURVQU9RQXpBRE1BSWdBc0FDSUFNUUEyQURnQU1nQmZBREVBTVFBeEFDSUFMQUFpQURVQU5nQTVBR1lBWmdBNEFHRUFOZ0EzQUdZQU1RQTRBR1FBTndBeEFEY0FNUUE0QUdVQU5BQmxBR1VBTWdBMEFDSUFMQUFpQURFQU5BQXhBRGdBWHdBeEFERUFNUUFpQUN3QUlnQTFBRFlBT1FCbUFHWUFPQUJoQURjQU53Qm1BREVBT0FCa0FEY0FNUUEzQURFQU9BQmxBRFFBWlFCbEFESUFOUUFpQUN3QUlnQXhBRFVBTndBeEFGOEFNUUF4QURFQUlnQXNBQ0lBTlFBMkFHSUFNUUF4QUdRQVpRQm1BRGNBWmdBeEFEZ0FaQUEzQURJQVl3QTBBRFFBWmdBeEFHSUFOZ0F3QURJQUlnQXNBQ0lBTWdBd0FEZ0FPUUJmQURFQU1RQXhBQ0lBTEFBaUFEVUFOZ0JoQUdJQVpRQTRBR1VBTVFBM0FHWUFNUUE0QUdRQU53QXlBR01BTkFBMEFHWUFNUUJpQURVQU9RQmxBQ0lBTEFBaUFESUFNQUExQURBQVh3QXhBREVBTVFBaUFDd0FJZ0ExQURZQU9RQm1BR1lBT0FCaEFEa0FOd0JtQURFQU9BQmtBRGNBTVFBM0FERUFPQUJsQURRQVpRQmxBRElBTmdBaUFDd0FJZ0F4QURVQU5RQXlBRjhBTVFBeEFERUFJZ0FzQUNJQU5RQTJBRGdBTkFCbUFHUUFNZ0EwQURJQVl3QTNBRFlBWkFBNUFEQUFaQUJpQURRQU1nQXdBRFlBWmdBNEFESUFJZ0FzQUNJQU1RQTNBRFVBTlFCZkFERUFNUUF4QUNJQUxBQWlBRFVBTmdBNUFHWUFaZ0E0QUdFQVlnQTNBR1lBTVFBNEFHUUFOd0F4QURjQU1RQTRBR1VBTkFCbEFHVUFNZ0EzQUNJQUxBQWlBREVBTkFBNUFESUFYd0F4QURFQU1RQWlBQ3dBSWdBMUFEWUFPQUEwQURRQVpBQTVBRElBTndCbUFERUFPQUJrQURjQU1BQmlBRGtBTkFBNUFEWUFPQUJsQUdRQVpRQWlBQ3dBSWdBeEFEY0FOUUF5QUY4QU1RQXhBREVBSWdBc0FDSUFOUUEyQURrQVpnQm1BRGdBWVFCbEFEY0FaZ0F4QURnQVpBQTNBREVBTndBeEFEZ0FaUUEwQUdVQVpRQXlBRGdBSWdBc0FDSUFNUUExQURrQU5nQmZBREVBTVFBeEFDSUFMQUFpQURVQU5nQmhBRElBTkFBNUFHRUFOZ0EzQUdZQU1RQTRBR1FBTndBeEFEUUFOZ0EwQURBQVpRQXhBRE1BTndBMkFDSUFMQUFpQURFQU9RQTFBRElBWHdBeEFERUFNUUFpQUN3QUlnQTFBRFlBT1FCbUFHWUFPQUJoQUdZQU53Qm1BREVBT0FCa0FEY0FNUUEzQURFQU9BQmxBRFFBWlFCbEFESUFPUUFpQUN3QUlnQXhBRFFBT0FBMUFGOEFNUUF4QURFQUlnQXNBQ0lBTlFBMkFEa0FaZ0JtQURnQVlnQXdBRGNBWmdBeEFEZ0FaQUEzQURFQU53QXhBRGdBWlFBMEFHVUFaUUF5QUdFQUlnQXNBQ0lBTVFBMEFESUFNd0JmQURFQU1RQXhBQ0lBTEFBaUFEVUFOZ0E1QUdZQVpnQTRBR0lBTWdBM0FHWUFNUUE0QUdRQU53QXhBRGNBTVFBNEFHVUFOQUJsQUdVQU1nQmlBQ0lBTEFBaUFERUFOUUF6QURRQVh3QXhBREVBTVFBaUFDd0FJZ0ExQURZQVlnQTFBRElBT0FBMEFERUFNZ0JqQURjQU5nQmtBRGtBTWdBNEFHUUFZd0F6QUdJQVpBQTFBRGtBWXdBaUFDd0FJZ0F5QURFQU5nQTBBRjhBTVFBeEFERUFJZ0FzQUNJQU5RQTJBRGtBTkFCakFERUFOUUJrQURjQVpnQXhBRGdBWkFBM0FESUFZUUEwQURnQU5RQmtBREVBTlFBMUFHTUFJZ0FzQUNJQU1RQTRBRGNBTUFCZkFERUFNUUF4QUNJQUxBQWlBRFVBTmdBNUFHTUFaUUE1QURJQVpnQTNBR1lBTVFBNEFHUUFOd0F5QUdJQVlnQTBBR1FBWmdCakFHUUFOUUE0QUNJQUxBQWlBREVBT1FBeUFEY0FYd0F4QURFQU1RQWlBQ3dBSWdBMUFEWUFZZ0JpQURBQU1nQXpBRGdBTndCbUFERUFPQUJrQURjQU1RQTBBR1VBTkFCakFHUUFaZ0JsQUdNQU9BQWlBQ3dBSWdBeUFESUFOQUF5QUY4QU1RQXhBREVBSWdBc0FDSUFOUUEyQURrQVpnQm1BRGdBWWdBekFEY0FaZ0F4QURnQVpBQTNBREVBTndBeEFEZ0FaUUEwQUdVQVpRQXlBR01BSWdBc0FDSUFNUUEwQURZQU13QmZBREVBTVFBeEFDSUFMQUFpQURVQU5nQTVBR1lBWmdBNEFHSUFOQUEzQUdZQU1RQTRBR1FBTndBeEFEY0FNUUE0QUdVQU5BQmxBR1VBTWdCa0FDSUFMQUFpQURFQU5RQXlBRFVBWHdBeEFERUFNUUFpQUN3QUlnQTFBRFlBWVFCbUFHSUFZUUF6QURnQU1nQmpBRGNBTmdCa0FEa0FNZ0JtQURVQU1BQXlBRFFBTUFBeEFEY0FZd0FpQUN3QUlnQXlBREFBTndBMEFGOEFNUUF4QURFQUlnQXNBQ0lBTlFBMkFEa0FaZ0EyQURVQU5nQmpBRGNBWmdBeEFEZ0FaQUEzQURJQU1nQTRBR01BTUFCa0FESUFOZ0ExQUdRQUlnQXNBQ0lBTVFBNUFETUFNd0JmQURFQU1RQXhBQ0lBTEFBaUFEVUFOZ0JoQUdJQVlnQXdBRFlBTmdBM0FHWUFNUUE0QUdRQU53QXlBR1VBWWdCakFEa0FaZ0F4QURVQU13Qm1BQ0lBTEFBaUFESUFNQUEwQURRQVh3QXhBREVBTVFBaUFDd0FJZ0ExQURZQVlnQTNBREFBWmdBMkFHUUFOd0JtQURFQU9BQmtBRGNBTUFBMEFEUUFOQUEzQUdVQU9RQm1BR0lBTVFBaUFDd0FJZ0F5QURFQU9BQXpBRjhBTVFBeEFERUFJZ0FzQUNJQU5RQTJBR0VBWWdBeUFERUFNQUEzQURJQVl3QTNBRFlBWkFBNUFERUFNQUJtQURRQU13QmtBRGNBWkFBNEFEQUFJZ0FzQUNJQU1nQXdBRE1BT0FCZkFERUFNUUF4QUNJQUxBQWlBRFVBTmdBNUFHWUFaZ0E0QUdJQU53QTNBR1lBTVFBNEFHUUFOd0F4QURjQU1RQTRBR1VBTkFCbEFHVUFNZ0JsQUNJQUxBQWlBREVBTkFBMEFERUFYd0F4QURFQU1RQWlBQ3dBSWdBMUFEWUFZZ0E0QURrQVlRQTNBRE1BTWdCakFEY0FOZ0JrQURrQU1nQTRBR1FBWXdBekFHSUFaQUEyQURJQVlRQWlBQ3dBSWdBeUFESUFNQUE0QUY4QU1RQXhBREVBSWdBc0FDSUFOUUEyQUdFQU53Qm1BRGNBTkFBekFESUFZd0EzQURZQVpBQTVBREVBWmdCa0FEQUFaZ0JqQUdRQU1nQmhBRGdBSWdBc0FDSUFNUUE1QURnQU5RQmZBREVBTVFBeEFDSUFMQUFpQURVQU5nQTFBR1VBT1FCa0FHWUFZZ0EzQUdZQU1RQTRBR1FBTndBeEFHSUFOd0F3QURnQU5nQTNBRFFBTkFCaUFDSUFMQUFpQURFQU5RQXpBRFVBWHdBeEFERUFNUUFpQUN3QUlnQTFBRFlBWWdCaEFERUFOUUEwQUdRQU1nQmpBRGNBTmdCa0FEa0FNQUE0QUdJQU1BQmlBRGtBTkFBeEFETUFOZ0FpQUN3QUlnQXlBRElBTWdBeUFGOEFNUUF4QURFQUlnQXNBQ0lBTlFBMkFHSUFZUUF4QURZQU5nQTFBRGNBWmdBeEFEZ0FaQUEzQURJQU1BQXlBR01BTmdCbEFHRUFNQUEzQURJQUlnQXNBQ0lBTlFBMkFEa0FaZ0JtQURnQVlnQTVBRGNBWmdBeEFEZ0FaQUEzQURFQU53QXhBRGdBWlFBMEFHVUFaUUF5QUdZQUlnQXNBQ0lBTVFBMEFEZ0FOQUJmQURFQU1RQXhBQ0lBTEFBaUFEVUFOZ0JoQUdZQU5nQXhBR0VBTUFBeUFHTUFOd0EyQUdRQU9RQXlBR1lBTlFBd0FESUFOQUF3QURFQU5nQTNBQ0lBTEFBaUFESUFNQUEyQURjQVh3QXhBREVBTVFBaUFDd0FJZ0ExQURZQU9RQm1BR1lBT0FCaUFHRUFOd0JtQURFQU9BQmtBRGNBTVFBM0FERUFPQUJsQURRQVpRQmxBRE1BTUFBaUFDd0FJZ0F4QURVQU9BQTFBRjhBTVFBeEFERUFJZ0FzQUNJQU5RQTJBRGtBWXdBMUFHUUFPUUF6QURJQVl3QTNBRFlBWkFBNUFESUFNZ0JsQUdNQU1nQTJBR0VBTndBNUFHRUFJZ0FzQUNJQU1RQTVBRElBTXdCZkFERUFNUUF4QUNJQUxBQWlBRFVBTmdCaEFEQUFOZ0EzQUdVQU9BQTNBR1lBTVFBNEFHUUFOd0F5QURjQVlnQTBBR1lBTndCakFEY0FaUUJoQUNJQUxBQWlBREVBT1FBMEFEQUFYd0F4QURFQU1RQWlBQ3dBSWdBMUFEWUFPUUJoQURjQU1nQmlBRFlBTWdCakFEY0FOZ0JrQURrQU1nQXlBR1VBWXdBeUFEWUFZUUEzQURjQU5BQWlBQ3dBSWdBeEFEa0FNUUF6QUY4QU1RQXhBREVBSWdBc0FDSUFOUUEyQURrQVpnQm1BRGdBWWdCbEFEY0FaZ0F4QURnQVpBQTNBREVBTndBeEFEZ0FaUUEwQUdVQVpRQXpBREVBSWdBc0FDSUFNUUEwQURJQU53QmZBREVBTVFBeEFDSUFMQUFpQURVQU5nQmlBRGNBTWdBMkFHSUFPUUF5QUdNQU53QTJBR1FBT1FBeUFEZ0FaQUJqQURNQVlnQmtBRFVBWkFBMEFDSUFMQUFpQURJQU1RQTVBRElBWHdBeEFERUFNUUFpQUN3QUlnQTFBRFlBT1FCa0FHSUFPUUE0QURRQU1nQmpBRGNBTmdCa0FEa0FNZ0F5QUdVQVl3QXlBRFlBWVFBM0FHSUFZUUFpQUN3QUlnQXhBRGtBTXdBd0FGOEFNUUF4QURFQUlnQXNBQ0lBTlFBMkFHSUFOQUEzQUdVQU1RQTJBRElBWXdBM0FEWUFaQUE1QURJQVpRQTRBREFBTndBeUFESUFPUUF3QUdVQUlnQXNBQ0lBTWdBeEFEVUFNZ0JmQURFQU1RQXhBQ0lBTEFBaUFEVUFOZ0JoQURFQVlnQmlBRGdBTlFBM0FHWUFNUUE0QUdRQU53QXhBRFFBTmdBMEFEQUFaUUF4QURNQU5RQmtBQ0lBTEFBaUFERUFPUUEwQURZQVh3QXhBREVBTVFBaUFDd0FJZ0ExQURZQU53QmlBR01BTWdBd0FHVUFNZ0JqQURjQU5nQmtBRGtBTUFBNUFETUFZd0EwQUdRQVpBQTJBREFBTlFBaUFDd0FJZ0F4QURjQU13QTVBRjhBTVFBeEFERUFJZ0FzQUNJQU5RQTJBRGdBWlFBNUFESUFaZ0JqQURJQVl3QTNBRFlBWkFBNUFERUFOZ0EwQUdNQVpRQXlBR01BTXdCakFHUUFJZ0FzQUNJQU1RQTRBREFBTkFCZkFERUFNUUF4QUNJQUxBQWlBRFVBTmdBNUFHTUFPQUE1QUdVQVlRQTNBR1lBTVFBNEFHUUFOd0F5QUdJQVlnQTBBR1FBWmdCakFHUUFOQUJpQUNJQUxBQWlBREVBT1FBeUFEUUFYd0F4QURFQU1RQWlBQ3dBSWdBMUFEWUFPUUJtQUdZQU9BQmpBRE1BTndCbUFERUFPQUJrQURjQU1RQTNBREVBT0FCbEFEUUFaUUJsQURNQU1nQWlBQ3dBSWdBeEFETUFOd0ExQUY4QU1RQXhBREVBSWdBc0FDSUFOUUEyQURrQVpnQXpBRFFBTUFBd0FEY0FaZ0F4QURnQVpBQTNBRElBTWdBNEFHTUFNQUJrQURJQU5nQTFBRFFBSWdBc0FDSUFNUUE1QURNQU1nQmZBREVBTVFBeEFDSUFMQUFpQURVQU5nQTVBR1lBWmdBNEFHTUFOZ0EzQUdZQU1RQTRBR1FBTndBeEFEY0FNUUE0QUdVQU5BQmxBR1VBTXdBekFDSUFMQUFpQURFQU5RQXdBRGdBWHdBeEFERUFNUUFpQUN3QUlnQTFBRFlBWWdBekFEZ0FNUUJpQURFQU53Qm1BREVBT0FCa0FEY0FNUUJtQURZQU5BQTNBR01BT0FBMUFEQUFZZ0FpQUN3QUlnQXlBREVBTXdBNUFGOEFNUUF4QURFQUlnQXNBQ0lBTlFBMkFEY0FPUUE0QURBQU5BQmlBRElBWXdBM0FEWUFaQUE1QURFQU1BQXpBRGdBTWdBNEFHRUFPQUF6QURBQUlnQXNBQ0lBTVFBM0FERUFOd0JmQURFQU1RQXhBQ0lBTEFBaUFEVUFOZ0E0QUdZQVl3QTFBRFVBTVFBM0FHWUFNUUE0QUdRQU53QXhBRGtBWkFBMEFHSUFNQUE0QUdZQVpRQXdBQ0lBTEFBaUFERUFPQUF4QURrQVh3QXhBREVBTVFBaUFDd0FJZ0ExQURZQU9RQm1BR1lBT0FCakFEa0FOd0JtQURFQU9BQmtBRGNBTVFBM0FERUFPQUJsQURRQVpRQmxBRE1BTkFBaUFDd0FJZ0F4QURZQU1RQTRBRjhBTVFBeEFERUFJZ0FzQUNJQU5RQTJBR0VBTmdBNUFHVUFZUUJtQURJQVl3QTNBRFlBWkFBNUFETUFNZ0EzQURRQU9RQTJBRGtBWWdCakFEWUFJZ0FzQUNJQU1RQTVBRFlBT0FCZkFERUFNUUF4QUNJQUxBQWlBRFVBTmdBNUFEUUFZd0JrQURJQU1nQTNBR1lBTVFBNEFHUUFOd0F5QUdFQU5BQTRBRFVBWkFBeEFEVUFOUUJsQUNJQUxBQWlBREVBT0FBM0FEUUFYd0F4QURFQU1RQWlBQ3dBSWdBMUFEWUFPQUJqQURNQU53QTBBRGtBTWdCakFEY0FOZ0JrQURrQU1RQXdBR1lBWXdBeEFHRUFZZ0EzQURBQVlRQWlBQ3dBSWdBeEFEY0FOd0EwQUY4QU1RQXhBREVBSWdBc0FDSUFOUUEyQURrQVpnQm1BR1FBTVFBNEFEY0FaZ0F4QURnQVpBQTNBREVBTndBeEFEZ0FaUUEwQUdVQVpnQmxBR0VBSWdBc0FDSUFNUUEwQURjQU1nQmZBREVBTVFBeEFDSUFMQUFpQURVQU5nQmhBRFlBT0FCa0FEa0FOZ0EzQUdZQU1RQTRBR1FBTndBeUFETUFZZ0EwQUdFQVlnQXhBR1VBT1FCbEFDSUFMQUFpQURFQU9RQTJBRFFBWHdBeEFERUFNUUFpQUN3QUlnQTFBRFlBT1FBMUFEQUFOd0EwQURjQU53Qm1BREVBT0FCa0FEY0FNZ0JoQURRQU9BQTFBR1FBTVFBMUFEY0FNQUFpQUN3QUlnQXhBRGdBT0FBMkFGOEFNUUF4QURFQUlnQXNBQ0lBTlFBMkFEa0FNQUJrQUdFQVpBQXhBRElBWXdBM0FEWUFaQUE1QURFQVl3QXdBRGdBWlFBNUFEa0FNZ0EzQURRQUlnQXNBQ0lBTVFBNEFETUFNQUJmQURFQU1RQXhBQ0lBTEFBaUFEVUFOZ0E1QUdZQVpnQmtBREVBWWdBM0FHWUFNUUE0QUdRQU53QXhBRGNBTVFBNEFHVUFOQUJsQUdZQVpRQmlBQ0lBTEFBaUFERUFOQUE1QURNQVh3QXhBREVBTVFBaUFDd0FJZ0ExQURZQU53QTRBRFVBWWdBMkFEZ0FNZ0JqQURjQU5nQmtBRGtBTVFBd0FEUUFZd0JrQURrQVpnQXpBRE1BTmdBaUFDd0FJZ0F4QURjQU1BQTVBRjhBTVFBeEFERUFJZ0FzQUNJQU5RQTJBRGtBWmdCbUFHUUFNUUJrQURjQVpnQXhBRGdBWkFBM0FERUFOd0F4QURnQVpRQTBBR1VBWmdCbEFHTUFJZ0FzQUNJQU1RQTBBRGdBTUFCZkFERUFNUUF4QUNJQUxBQWlBRFVBTmdBNUFHWUFaZ0JrQURFQVpnQTNBR1lBTVFBNEFHUUFOd0F4QURjQU1RQTRBR1VBTkFCbEFHWUFaUUJrQUNJQUxBQWlBREVBTlFBMEFERUFYd0F4QURFQU1RQWlBQ3dBSWdBMUFEWUFZUUJoQURBQU5RQTJBR1VBTndCbUFERUFPQUJrQURjQU1nQXpBREVBWXdBd0FHSUFZd0F6QUdVQU9BQWlBQ3dBSWdBeUFEQUFNZ0EzQUY4QU1RQXhBREVBSWdBc0FDSUFOUUEyQUdJQU9BQTNBREVBTkFCakFESUFZd0EzQURZQVpBQTVBRElBT0FCa0FHTUFNd0JpQUdRQU5nQXhBRGNBSWdBc0FDSUFNZ0F5QURBQU1RQmZBREVBTVFBeEFDSUFMQUFpQURVQU5nQTVBR1lBWmdCa0FESUFNQUEzQUdZQU1RQTRBR1FBTndBeEFEY0FNUUE0QUdVQU5BQmxBR1lBWlFCbEFDSUFMQUFpQURFQU5RQXlBRE1BWHdBeEFERUFNUUFpQUN3QUlnQTFBRFlBWVFCbEFHVUFZUUF6QURBQU53Qm1BREVBT0FCa0FEY0FNZ0JqQURRQU5BQm1BREVBWWdBMUFHSUFaQUFpQUN3QUlnQXlBREFBTmdBeEFGOEFNUUF4QURFQUlnQXNBQ0lBTlFBMkFEa0FaZ0JtQUdRQU1nQXlBRGNBWmdBeEFEZ0FaQUEzQURFQU53QXhBRGdBWlFBMEFHVUFaZ0JsQUdZQUlnQXNBQ0lBTVFBMkFERUFNd0JmQURFQU1RQXhBQ0lBTEFBaUFEVUFOZ0JpQURNQU9BQTNBR0VBTkFBM0FHWUFNUUE0QUdRQU53QXhBR1lBTmdBMEFEY0FZd0E0QURVQU1BQm1BQ0lBTEFBaUFESUFNUUEwQURFQVh3QXhBREVBTVFBaUFDd0FJZ0ExQURZQVlRQm1BR01BWlFBMEFEVUFNZ0JqQURjQU5nQmtBRGtBTWdCbUFEVUFNQUF5QURRQU1BQXhBRGdBTUFBaUFDd0FJZ0F5QURBQU53QTNBRjhBTVFBeEFERUFJZ0FzQUNJQU5RQTJBR0lBWVFCbUFETUFNd0JrQURJQVl3QTNBRFlBWkFBNUFERUFNd0JtQURRQU9BQXlBREFBTkFCbEFEQUFJZ0FzQUNJQU1nQXlBRE1BT1FCZkFERUFNUUF4QUNJQUxBQWlBRFVBTmdCaUFEVUFNUUEwQURBQVpRQTNBR1lBTVFBNEFHUUFOd0F3QURRQU5BQTBBRGNBWlFBNUFHWUFOd0JoQUNJQUxBQWlBRElBTVFBMUFEa0FYd0F4QURFQU1RQWlBQ3dBSWdBMUFEWUFZZ0F5QURVQU5BQmxBRElBTWdCakFEY0FOZ0JrQURrQU1RQTVBRFlBWXdBNEFEVUFNQUExQURrQU13QWlBQ3dBSWdBeUFERUFNUUE1QUY4QU1RQXhBREVBSWdBc0FDSUFOUUEyQUdJQU1BQmxBREVBWkFBekFEY0FaZ0F4QURnQVpBQTNBRElBWXdBMEFEUUFaZ0F4QUdJQU5nQXdBREVBSWdBc0FDSUFNZ0F3QURnQU9BQmZBREVBTVFBeEFDSUFMQUFpQURVQU5nQmlBR0VBTndBMkFEQUFZZ0EzQUdZQU1RQTRBR1FBTndBeUFHWUFPUUE0QURrQVpnQXdBRGdBWkFBd0FDSUFMQUFpQURJQU1nQXlBRGtBWHdBeEFERUFNUUFpQUN3QUlnQTFBRFlBT1FCbUFHWUFPUUJsQURBQU53Qm1BREVBT0FCa0FEY0FNUUEzQURFQU9BQmxBRFFBWlFCbEFEZ0FPQUFpQUN3QUlnQXhBRFVBT1FBeUFGOEFNUUF4QURFQUlnQXNBQ0lBTlFBMkFHSUFOUUJpQUdZQU5BQTBBRElBWXdBM0FEWUFaQUE1QURJQU9BQmtBR01BTXdCaUFHUUFOUUJoQURNQUlnQXNBQ0lBTWdBeEFEWUFPUUJmQURFQU1RQXhBQ0lBTEFBaUFEVUFOZ0JpQURFQVpRQTJBRGtBTmdBeUFHTUFOd0EyQUdRQU9RQXlBR1lBTlFBd0FESUFOQUF3QURFQVlnQTRBQ0lBTEFBaUFESUFNUUF3QURRQVh3QXhBREVBTVFBaUFDd0FJZ0ExQURZQVlnQmpBRGdBWVFBM0FEQUFNZ0JqQURjQU5nQmtBRGtBTVFCa0FHRUFZd0F5QURJQU1RQTRBRFVBWkFBaUFDd0FJZ0F5QURJQU5RQTVBRjhBTVFBeEFERUFJZ0FzQUNJQU5RQTJBR0VBTndCa0FHVUFPQUJsQURjQVpnQXhBRGdBWkFBM0FESUFNd0F4QUdNQU1BQmlBR01BTWdBNUFEZ0FJZ0FzQUNJQU1RQTVBRGdBTXdCZkFERUFNUUF4QUNJQUxBQWlBRFVBTmdCaUFETUFNUUJrQURNQU5nQXlBR01BTndBMkFHUUFPUUF4QURrQU5nQmpBRGdBTlFBd0FEVUFZUUF5QUNJQUxBQWlBRElBTVFBeUFEVUFYd0F4QURFQU1RQWlBQ3dBSWdBMUFEWUFZZ0F4QURNQU5RQmhBRGtBTndCbUFERUFPQUJrQURjQU1nQmpBRFFBTkFCbUFERUFZZ0EyQURBQVlRQWlBQ3dBSWdBeUFEQUFPUUF6QUY4QU1RQXhBREVBSWdBc0FDSUFOUUEyQUdJQU5RQXlBR0VBTXdBekFEY0FaZ0F4QURnQVpBQTNBREFBTkFBMEFEUUFOd0JsQURrQVpnQTRBRGtBSWdBc0FDSUFNZ0F4QURZQU5RQmZBREVBTVFBeEFDSUFMQUFpQURVQU5nQmlBRGNBTVFBeEFEVUFOZ0F5QUdNQU53QTJBR1FBT1FBeUFEZ0FaQUJqQURNQVlnQmtBRFVBWXdBMkFDSUFMQUFpQURJQU1RQTRBRFFBWHdBeEFERUFNUUFpQUN3QUlnQTFBRFlBWWdCaEFERUFOd0EwQURVQU53Qm1BREVBT0FCa0FEY0FNZ0JtQURrQU9BQTVBR1lBTUFBNEFHSUFaZ0FpQUN3QUlnQXlBRElBTWdBekFGOEFNUUF4QURFQUlnQXNBQ0lBTlFBMkFEa0FaZ0JtQURrQVpRQXhBRGNBWmdBeEFEZ0FaQUEzQURFQU53QXhBRGdBWlFBMEFHVUFaUUE0QURrQUlnQXNBQ0lBTVFBMUFEZ0FOZ0JmQURFQU1RQXhBQ0lBTEFBaUFEVUFOZ0F5QURRQVlnQmtBR0lBTUFBeUFHTUFOd0EyQUdRQU9RQXhBRFFBTUFBNEFETUFaQUJpQUdZQVlRQmhBQ0lBTEFBaUFERUFNd0F3QURJQVh3QXhBREVBTVFBaUFDd0FJZ0ExQURZQU9RQm1BR1lBT1FCbUFEa0FOd0JtQURFQU9BQmtBRGNBTVFBM0FERUFPQUJsQURRQVpRQmxBRGtBTUFBaUFDd0FJZ0F4QURNQU1RQTNBRjhBTVFBeEFERUFJZ0FzQUNJQU5RQTJBRFVBWlFCaUFEY0FNUUF5QURJQVl3QTNBRFlBWkFBNUFESUFOUUEzQURBQU9BQXlBRFVBTndBMEFEa0FJZ0FzQUNJQU1RQTFBRFFBTXdCZkFERUFNUUF4QUNJQUxBQWlBRFVBTmdBMUFHVUFZUUExQURrQU9BQXlBR01BTndBMkFHUUFPUUF5QURVQU53QXdBRGdBTWdBMUFEY0FNd0JqQUNJQUxBQWlBREVBTlFBMEFEa0FYd0F4QURFQU1RQWlBQ3dBSWdBMUFEWUFZZ0JpQURrQU9RQTFBRFVBTWdCakFEY0FOZ0JrQURrQU5BQXhBREVBTkFBMkFEVUFNZ0JqQUdNQVlnQWlBQ3dBSWdBeUFESUFOUUExQUY4QU1RQXhBREVBSWdBc0FDSUFOUUEyQURrQVpnQm1BR1FBTWdCbEFEY0FaZ0F4QURnQVpBQTNBREVBTndBeEFEZ0FaUUEwQUdVQVpnQm1BRFVBSWdBc0FDSUFNUUEwQURrQU53QmZBREVBTVFBeEFDSUFMQUFpQURVQU5nQTVBR1lBWmdBNUFETUFZd0EzQUdZQU1RQTRBR1FBTndBeEFEY0FNUUE0QUdVQU5BQmxBR1VBTkFCbUFDSUFMQUFpQURFQU5BQTNBRE1BWHdBeEFERUFNUUFpQUN3QUlnQTFBRFlBTkFCaUFEQUFOQUJpQURBQU1nQmpBRGNBTmdCa0FEa0FNd0JrQUdRQVl3QmhBRGdBWWdBekFEWUFPUUFpQUN3QUlnQXhBRFFBTkFBMUFGOEFNUUF4QURFQUlnQXNBQ0lBTlFBMkFEZ0FaZ0JtQURrQVl3QTRBRGNBWmdBeEFEZ0FaQUEzQURNQU5BQTFBRGdBT1FCa0FESUFOUUJoQURJQUlnQXNBQ0lBTVFBNEFESUFNd0JmQURFQU1RQXhBQ0lBTEFBaUFEVUFOZ0E0QUdZQVpnQTJBREVBTWdBeUFHTUFOd0EyQUdRQU9RQXhBR01BTUFBNEFHVUFPUUE1QURJQU5nQmtBQ0lBTEFBaUFERUFPQUF5QURJQVh3QXhBREVBTVFBaUFDd0FJZ0ExQURZQU9RQm1BR1lBWWdBeEFEVUFOd0JtQURFQU9BQmtBRGNBTVFBM0FERUFPQUJsQURRQVpRQmxBR1lBWmdBaUFDd0FJZ0F4QURNQU9BQTBBRjhBTVFBeEFERUFJZ0FzQUNJQU5RQTJBRGtBWmdCbUFHSUFNUUEyQURjQVpnQXhBRGdBWkFBM0FERUFOd0F4QURnQVpRQTBBR1VBWmdBd0FEQUFJZ0FzQUNJQU1RQTBBREFBTkFCZkFERUFNUUF4QUNJQUxBQWlBRFVBTmdBNUFHWUFaZ0E0QURjQU5RQTNBR1lBTVFBNEFHUUFOd0F4QURjQU1RQTRBR1VBTkFCbEFHVUFNQUE0QUNJQUxBQWlBREVBTXdBMUFEUUFYd0F4QURFQU1RQWlBQ3dBSWdBMUFEWUFPUUJtQUdZQU9BQTNBRGdBTndCbUFERUFPQUJrQURjQU1RQTNBREVBT0FCbEFEUUFaUUJsQURBQVlRQWlBQ3dBSWdBeEFETUFNQUEwQUY4QU1RQXhBREVBSWdBc0FDSUFOUUEyQURrQVpnQm1BRGdBTndBNUFEY0FaZ0F4QURnQVpBQTNBREVBTndBeEFEZ0FaUUEwQUdVQVpRQXdBR0lBSWdBc0FDSUFNUUF6QURZQU13QmZBREVBTVFBeEFDSUFMQUFpQURVQU5nQTVBR1lBWmdBNEFEZ0FOQUEzQUdZQU1RQTRBR1FBTndBeEFEY0FNUUE0QUdVQU5BQmxBR1VBTVFBekFDSUFMQUFpQURFQU13QTFBRFlBWHdBeEFERUFNUUFpQUN3QUlnQTFBRFlBT1FCbUFHWUFPQUE0QUdNQU53Qm1BREVBT0FCa0FEY0FNUUEzQURFQU9BQmxBRFFBWlFCbEFERUFPUUFpQUN3QUlnQXhBRE1BTlFBeEFGOEFNUUF4QURFQUlnQXNBQ0lBTlFBMkFEa0FaZ0JtQUdFQU1RQmtBRGNBWmdBeEFEZ0FaQUEzQURFQU53QXhBRGdBWlFBMEFHVUFaUUE1QUdJQUlnQXNBQ0lBTVFBeUFEa0FOQUJmQURFQU1RQXhBQ0lBTEFBaUFEVUFOZ0E1QUdZQVpnQmhBRElBTUFBM0FHWUFNUUE0QUdRQU53QXhBRGNBTVFBNEFHVUFOQUJsQUdVQU9RQmtBQ0lBTEFBaUFERUFNZ0E1QURNQVh3QXhBREVBTVFBaUFDd0FJZ0ExQURZQU9RQm1BR1lBWVFBeUFETUFOd0JtQURFQU9BQmtBRGNBTVFBM0FERUFPQUJsQURRQVpRQmxBRGtBWmdBaUFDd0FJZ0F4QURNQU5BQTVBRjhBTVFBeEFERUFJZ0FzQUNJQU5RQTJBRGtBWmdCbUFHRUFNZ0EwQURjQVpnQXhBRGdBWkFBM0FERUFOd0F4QURnQVpRQTBBR1VBWlFCaEFEQUFJZ0FzQUNJQU1RQXpBRFVBTUFCZkFERUFNUUF4QUNJQUxBQWlBRFVBTmdBNUFHWUFaZ0JoQURJQVlRQTNBR1lBTVFBNEFHUUFOd0F4QURjQU1RQTRBR1VBTkFCbEFHVUFZUUExQUNJQUxBQWlBREVBTXdBMUFESUFYd0F4QURFQU1RQWlBQ3dBSWdBMUFEWUFPUUJtQUdZQVlRQXlBR01BTndCbUFERUFPQUJrQURjQU1RQTNBREVBT0FCbEFEUUFaUUJsQUdFQU5nQWlBQ3dBSWdBeEFETUFOUUE0QUY4QU1RQXhBREVBSWdBc0FDSUFOUUEyQURrQVpnQm1BR0VBTWdCa0FEY0FaZ0F4QURnQVpBQTNBREVBTndBeEFEZ0FaUUEwQUdVQVpRQmhBRGNBSWdBc0FDSUFNUUF6QURFQU9RQmZBREVBTVFBeEFDSUFMQUFpQURVQU5nQTVBR1lBWmdCaUFERUFZUUEzQUdZQU1RQTRBR1FBTndBeEFEY0FNUUE0QUdVQU5BQmxBR1lBTUFBeUFDSUFMQUFpQURFQU13QXpBRFVBWHdBeEFERUFNUUFpQUN3QUlnQTFBRFlBT1FCbUFHWUFZZ0F4QUdJQU53Qm1BREVBT0FCa0FEY0FNUUEzQURFQU9BQmxBRFFBWlFCbUFEQUFNd0FpQUN3QUlnQXhBRElBT1FBM0FGOEFNUUF4QURFQUlnQXNBQ0lBTlFBMkFEa0FaZ0JtQUdJQU1RQm1BRGNBWmdBeEFEZ0FaQUEzQURFQU53QXhBRGdBWlFBMEFHVUFaZ0F3QURZQUlnQXNBQ0lBTVFBekFESUFOQUJmQURFQU1RQXhBQ0lBTEFBaUFEVUFOZ0E1QUdZQVpnQmlBRElBTmdBM0FHWUFNUUE0QUdRQU53QXhBRGNBTVFBNEFHVUFOQUJsQUdZQU1BQmlBQ0lBTEFBaUFERUFNd0EyQURBQVh3QXhBREVBTVFBaUFDd0FJZ0ExQURZQU9RQm1BR1lBT1FBM0FERUFOd0JtQURFQU9BQmtBRGNBTVFBM0FERUFPQUJsQURRQVpRQmxBRFVBTXdBaUFDd0FJZ0F4QURNQU5RQXpBRjhBTVFBeEFERUFJZ0FzQUNJQU5RQTJBRFlBT1FCbUFEY0FaZ0EzQURJQVl3QTNBRFlBWkFBNUFESUFZd0F5QURRQU5nQmhBR1VBTmdBeEFHVUFJZ0FzQUNJQU1RQTJBREFBTlFCZkFERUFNUUF4QUNJQUxBQWlBRFVBTmdBM0FEQUFPQUJsQUdJQU13QXlBR01BTndBMkFHUUFPUUF5QURnQVlRQmpBREFBWlFBMkFEVUFaZ0E0QUNJQUxBQWlBREVBTmdBekFEY0FYd0F4QURFQU1RQWlBQ3dBSWdBMUFEWUFOd0F5QUdJQVpBQTNBR1FBTndCbUFERUFPQUJrQURjQU1RQTBBRElBTUFCaEFERUFOZ0JrQURBQU9BQWlBQ3dBSWdBeEFEWUFOUUEzQUY4QU1RQXhBREVBSWdBc0FDSUFOUUEyQURrQU5nQTJBR01BTndCaUFESUFZd0EzQURZQVpBQTVBRElBTWdCbEFHTUFaQUJpQURnQU1nQmxBRGNBSWdBc0FDSUFNUUE1QURBQU1BQmZBREVBTVFBeEFDSUFMQUFpQURVQU5nQTRBR1FBTndCaUFEUUFZd0EzQUdZQU1RQTRBR1FBTndBeEFESUFaZ0JqQURnQU9BQXlBRGNBWlFBMEFDSUFMQUFpQURFQU53QTRBRE1BWHdBeEFERUFNUUFpQUN3QUlnQTFBRFlBTndBNEFETUFNQUEwQURnQU1nQmpBRGNBTmdCa0FEa0FNQUJqQURJQU9BQTRBR1FBTkFCaUFHVUFPUUFpQUN3QUlnQXhBRGNBTUFBM0FGOEFNUUF4QURFQUlnQXNBQ0lBTlFBMkFEY0FNQUE1QUdRQU53QTFBRElBWXdBM0FEWUFaQUE1QURJQVpnQmhBRFFBWXdBM0FHVUFZZ0JqQURjQUlnQXNBQ0lBTVFBMkFETUFPQUJmQURFQU1RQXhBQ0lBTEFBaUFEVUFOZ0EzQURFQVlRQXlBRFlBTXdBeUFHTUFOd0EyQUdRQU9RQXdBR01BWlFBNEFERUFOd0EzQURrQU1RQTVBQ0lBTEFBaUFERUFOZ0ExQURBQVh3QXhBREVBTVFBaUFDd0FJZ0ExQURZQU9RQm1BR1lBWVFBNUFHRUFOd0JtQURFQU9BQmtBRGNBTVFBM0FERUFPQUJsQURRQVpRQmxBR01BWVFBaUFDd0FJZ0F4QURNQU1RQXpBRjhBTVFBeEFERUFJZ0FzQUNJQU5RQTJBRGtBWmdCbUFHRUFPUUJqQURjQVpnQXhBRGdBWkFBM0FERUFOd0F4QURnQVpRQTBBR1VBWlFCakFHSUFJZ0FzQUNJQU1RQTFBREFBTXdCZkFERUFNUUF4QUNJQUxBQWlBRFVBTmdBNUFHWUFaZ0JoQURNQU13QTNBR1lBTVFBNEFHUUFOd0F4QURjQU1RQTRBR1VBTkFCbEFHVUFZUUE1QUNJQUxBQWlBREVBTlFBd0FESUFYd0F4QURFQU1RQWlBQ3dBSWdBMUFEWUFPUUJoQUdJQU5nQTRBR1lBTndCbUFERUFPQUJrQURjQU1nQmlBR0lBTkFCa0FHWUFZd0JrQURJQVpnQWlBQ3dBSWdBeEFEa0FNUUEyQUY4QU1RQXhBREVBSWdBc0FDSUFOUUEyQURrQVpnQm1BR0lBTXdBM0FEY0FaZ0F4QURnQVpBQTNBREVBTndBeEFEZ0FaUUEwQUdVQVpnQXhBRFFBSWdBc0FDSUFNUUEwQURrQU9RQmZBREVBTVFBeEFDSUFMQUFpQURVQU5nQmlBRGdBTndCbEFEY0FOZ0F5QUdNQU53QTJBR1FBT1FBeUFEZ0FaQUJqQURNQVlnQmtBRFlBTVFCbEFDSUFMQUFpQURJQU1nQXdBRE1BWHdBeEFERUFNUUFpQUN3QUlnQTFBRFlBWVFCakFHRUFNd0E1QURBQU53Qm1BREVBT0FCa0FEY0FNZ0JqQURRQU5BQm1BREVBWWdBMUFHSUFPQUFpQUN3QUlnQXlBREFBTlFBNEFGOEFNUUF4QURFQUlnQXNBQ0lBTlFBMkFHRUFNZ0F6QURBQU5nQmhBRElBWXdBM0FEWUFaQUE1QURFQU5nQXlBREFBWVFCbUFEa0FNZ0ExQURBQUlnQXNBQ0lBTVFBNUFEVUFNQUJmQURFQU1RQXhBQ0lBTEFBaUFEVUFOZ0E1QUdZQVpnQmpBRGNBTndBM0FHWUFNUUE0QUdRQU53QXhBRGNBTVFBNEFHVUFOQUJsQUdZQVlRQmxBQ0lBTEFBaUFERUFOQUE0QURNQVh3QXhBREVBTVFBaUFDd0FJZ0ExQURZQU9RQXpBRGNBWXdBeUFEa0FOd0JtQURFQU9BQmtBRGNBTXdBeEFEZ0FZd0F3QURrQVpnQTFBREFBTUFBaUFDd0FJZ0F4QURnQU5BQTJBRjhBTVFBeEFERUFJZ0FzQUNJQU5RQTJBRGtBTkFCa0FEVUFOd0E1QURjQVpnQXhBRGdBWkFBM0FESUFZUUEwQURnQU5RQmtBREVBTlFBMkFEQUFJZ0FzQUNJQU1RQTRBRGNBTmdCZkFERUFNUUF4QUNJQUxBQWlBRFVBTmdBNUFHWUFaZ0JqQURjQVlnQTNBR1lBTVFBNEFHUUFOd0F4QURjQU1RQTRBR1VBTkFCbEFHWUFZUUJtQUNJQUxBQWlBREVBTlFBNEFEa0FYd0F4QURFQU1RQWlBQ3dBSWdBMUFEWUFPUUJtQUdZQVl3QTRBREFBTndCbUFERUFPQUJrQURjQU1RQTNBREVBT0FCbEFEUUFaUUJtQUdJQU1BQWlBQ3dBSWdBeEFEUUFOd0E0QUY4QU1RQXhBREVBSWdBc0FDSUFOUUEyQURrQU5BQmxBR1lBTlFBd0FEY0FaZ0F4QURnQVpBQTNBRElBWVFBMEFEZ0FOUUJrQURFQU5RQTJBR0VBSWdBc0FDSUFNUUE0QURnQU1RQmZBREVBTVFBeEFDSUFMQUFpQURVQU5nQTVBR1lBWmdCakFEZ0FNUUEzQUdZQU1RQTRBR1FBTndBeEFEY0FNUUE0QUdVQU5BQmxBR1lBWWdBeEFDSUFMQUFpQURFQU5BQTJBRGNBWHdBeEFERUFNUUFpQUN3QUlnQTFBRFlBWWdBMEFEZ0FOd0JsQURRQU1nQmpBRGNBTmdCa0FEa0FNZ0JsQURnQU1BQTNBRElBTWdBNUFERUFPUUFpQUN3QUlnQXlBREVBTlFBMEFGOEFNUUF4QURFQUlnQXNBQ0lBTlFBMkFEY0FZUUE0QUdFQVpRQTJBRElBWXdBM0FEWUFaQUE1QURBQU53QTNBREFBTndCbEFERUFNUUE0QURRQUlnQXNBQ0lBTVFBM0FETUFNUUJmQURFQU1RQXhBQ0lBTEFBaUFEVUFOZ0E1QUdZQVpnQmpBRGdBTkFBM0FHWUFNUUE0QUdRQU53QXhBRGNBTVFBNEFHVUFOQUJsQUdZQVlnQXlBQ0lBTEFBaUFERUFOUUExQURjQVh3QXhBREVBTVFBaUFDd0FJZ0ExQURZQU9RQm1BR1lBWXdBNEFEVUFOd0JtQURFQU9BQmtBRGNBTVFBM0FERUFPQUJsQURRQVpRQm1BR0lBTXdBaUFDd0FJZ0F4QURZQU1BQXhBRjhBTVFBeEFERUFJZ0FzQUNJQU5RQTJBRGtBWmdCbUFHTUFPQUEyQURjQVpnQXhBRGdBWkFBM0FERUFOd0F4QURnQVpRQTBBR1VBWmdCaUFEUUFJZ0FzQUNJQU1RQTJBRE1BTUFCZkFERUFNUUF4QUNJQUxBQWlBRFVBTmdCaUFETUFOQUE0QUdFQU53QTNBR1lBTVFBNEFHUUFOd0F4QUdZQU5nQTBBRGNBWXdBNEFEVUFNQUF3QUNJQUxBQWlBRElBTVFBekFETUFYd0F4QURFQU1RQWlBQ3dBSWdBMUFEWUFZZ0JpQURBQU53QTRBRFFBTWdCakFEY0FOZ0JrQURrQU1RQXpBR1lBTkFBNEFESUFNQUEwQUdVQVlnQWlBQ3dBSWdBeUFESUFOQUF6QUY4QU1RQXhBREVBSWdBc0FDSUFOUUEyQURrQU13QTJBRFFBTmdCa0FESUFZd0EzQURZQVpBQTVBREVBWXdBd0FEZ0FaUUE1QURrQU1nQTVBRFlBSWdBc0FDSUFNUUE0QURRQU13QmZBREVBTVFBeEFDSUFMQUFpQURVQU5nQmlBRFFBTndBM0FEUUFPUUF5QUdNQU53QTJBR1FBT1FBeUFHVUFPQUF3QURjQU1nQXlBRGtBTUFBM0FDSUFMQUFpQURJQU1RQTBBRGdBWHdBeEFERUFNUUFpQUN3QUlnQTFBRFlBWWdCa0FHUUFaZ0F6QURJQU1nQmpBRGNBTmdCa0FEa0FNUUJrQUdFQVl3QXlBRElBTVFBNEFHSUFOd0FpQUN3QUlnQXlBRElBTndBekFGOEFNUUF4QURFQUlnQXNBQ0lBTlFBMkFEZ0FaZ0JrQURVQU5BQm1BRGNBWmdBeEFEZ0FaQUEzQURFQU9RQmtBRFFBWWdBd0FEZ0FaZ0JsQURRQUlnQXNBQ0lBTVFBNEFESUFNQUJmQURFQU1RQXhBQ0lBTEFBaUFEVUFOZ0E1QURRQVpBQXhBR0VBWXdBeUFHTUFOd0EyQUdRQU9RQXhBRElBTVFBd0FHUUFNZ0ExQURNQU13QmtBQ0lBTEFBaUFERUFPQUEzQURVQVh3QXhBREVBTVFBaUFDd0FJZ0ExQURZQVlRQTNBRFVBWWdBekFHUUFNZ0JqQURjQU5nQmtBRGtBTXdBeUFEY0FOQUE1QURZQU9RQmlBR1FBWmdBaUFDd0FJZ0F4QURrQU53QTJBRjhBTVFBeEFERUFJZ0FzQUNJQU5RQTJBRGtBWmdCbUFHTUFPQUJpQURjQVpnQXhBRGdBWkFBM0FERUFOd0F4QURnQVpRQTBBR1VBWmdCaUFEVUFJZ0FzQUNJQU1RQTBBRFlBTkFCZkFERUFNUUF4QUNJQUxBQWlBRFVBTmdCaUFHSUFNZ0F4QURFQU1RQXlBR01BTndBMkFHUUFPUUF4QURNQVpnQTBBRGdBTWdBd0FEUUFaZ0JrQUNJQUxBQWlBRElBTWdBMUFEQUFYd0F4QURFQU1RQWlBQ3dBSWdBMUFEWUFZUUE0QUdVQU5BQTJBREVBTWdCakFEY0FOZ0JrQURrQU1RQm1BR1FBTUFCbUFHTUFaQUF6QURNQU1nQWlBQ3dBSWdBeUFEQUFNUUEwQUY4QU1RQXhBREVBSWdBc0FDSUFOUUEyQUdJQU9BQXpBR0lBTWdCa0FEY0FaZ0F4QURnQVpBQTNBREFBTkFBMEFEUUFOd0JsQURrQVpnQmtBRFFBSWdBc0FDSUFNZ0F4QURrQU5nQmZBREVBTVFBeEFDSUFMQUFpQURVQU5nQTNBRFFBT0FBM0FEZ0FZUUF5QUdNQU53QTJBR1FBT1FBd0FHWUFOd0F3QURBQU1nQXlBR1FBWkFBeEFDSUFMQUFpQURFQU5nQTVBRGNBWHdBeEFERUFNUUFpQUN3QUlnQTFBRFlBWVFCbUFEWUFOQUF6QUdFQU1nQmpBRGNBTmdCa0FEa0FNZ0JtQURVQU1BQXlBRFFBTUFBeEFEWUFPQUFpQUN3QUlnQXlBREFBTmdBNEFGOEFNUUF4QURFQUlnQXNBQ0lBTlFBMkFEa0FaZ0JtQUdRQU5RQTNBRGNBWmdBeEFEZ0FaQUEzQURFQU53QXhBRGdBWlFBMEFHVUFaZ0JtQURjQUlnQXNBQ0lBTVFBekFEZ0FNd0JmQURFQU1RQXhBQ0lBTEFBaUFEVUFOZ0JpQURNQU1nQXpBRGdBTndBeUFHTUFOd0EyQUdRQU9RQXhBRGtBTmdCakFEZ0FOUUF3QURVQVlRQTFBQ0lBTEFBaUFESUFNUUF5QURZQVh3QXhBREVBTVFBaUFDd0FJZ0ExQURZQU9RQXpBRGdBTndBekFHSUFOd0JtQURFQU9BQmtBRGNBTXdBeEFEZ0FZd0F3QURrQVpnQTFBREFBTndBaUFDd0FJZ0F4QURnQU5RQXdBRjhBTVFBeEFERUFJZ0FzQUNJQU5RQTJBRGtBWmdCbUFHTUFPQUJsQURjQVpnQXhBRGdBWkFBM0FERUFOd0F4QURnQVpRQTBBR1VBWmdCaUFEWUFJZ0FzQUNJQU1RQTJBREVBTndCZkFERUFNUUF4QUNJQUxBQWlBRFVBTmdCaUFHUUFaUUJpQUdRQVpRQXlBR01BTndBMkFHUUFPUUF4QUdRQVlRQmpBRElBTWdBeEFEZ0FZd0F4QUNJQUxBQWlBRElBTWdBM0FEVUFYd0F4QURFQU1RQWlBQ3dBSWdBMUFEWUFOd0E1QUdNQU13Qm1BRGdBTndCbUFERUFPQUJrQURjQU1BQm1BRFlBT0FBMkFEa0FaUUJrQURnQVl3QWlBQ3dBSWdBeEFEY0FNZ0E1QUY4QU1RQXhBREVBSWdBc0FDSUFOUUEyQURrQVpnQm1BR1FBTlFCaEFEY0FaZ0F4QURnQVpBQTNBREVBTndBeEFEZ0FaUUEwQUdVQVpnQm1BRGdBSWdBc0FDSUFNUUExQURrQU1BQmZBREVBTVFBeEFDSUFMQUFpQURVQU5nQTVBR1lBWmdCa0FEVUFZZ0EzQUdZQU1RQTRBR1FBTndBeEFEY0FNUUE0QUdVQU5BQmxBR1lBWmdBNUFDSUFMQUFpQURFQU5BQXhBRGNBWHdBeEFERUFNUUFpQUN3QUlnQTFBRFlBT1FCbUFHWUFZZ0F6QUdJQU53Qm1BREVBT0FCa0FEY0FNUUEzQURFQU9BQmxBRFFBWlFCbUFERUFOUUFpQUN3QUlnQXhBRFFBTUFBd0FGOEFNUUF4QURFQUlnQXNBQ0lBTlFBMkFHSUFZd0JoQUdVQU1BQTVBRElBWXdBM0FEWUFaQUE1QURFQVpBQmhBR01BTWdBeUFERUFPQUE0QUdVQUlnQXNBQ0lBTWdBeUFEWUFPUUJmQURFQU1RQXhBQ0lBTEFBaUFEVUFOZ0E1QUdZQVpnQmlBRE1BWXdBM0FHWUFNUUE0QUdRQU53QXhBRGNBTVFBNEFHVUFOQUJsQUdZQU1RQTJBQ0lBTEFBaUFERUFOUUF4QURrQVh3QXhBREVBTVFBaUFDd0FJZ0ExQURZQU9RQm1BR1lBWXdBNUFESUFOd0JtQURFQU9BQmtBRGNBTVFBM0FERUFPQUJsQURRQVpRQm1BR0lBTndBaUFDd0FJZ0F4QURNQU53QTJBRjhBTVFBeEFERUFJZ0FzQUNJQU5RQTJBRGtBWWdCaEFEVUFOUUJsQURjQVpnQXhBRGdBWkFBM0FESUFZZ0JpQURRQVpBQm1BR01BWkFBMEFETUFJZ0FzQUNJQU1RQTVBRElBTVFCZkFERUFNUUF4QUNJQUxBQWlBRFVBTmdBNEFHVUFaQUJqQUdJQU1RQXlBR01BTndBMkFHUUFPUUF5QURVQU5BQXdBRGNBTmdBNUFEVUFOZ0JoQUNJQUxBQWlBREVBT0FBd0FEY0FYd0F4QURFQU1RQWlBQ3dBSWdBMUFEWUFPQUExQURBQU5RQTVBRElBTWdCakFEY0FOZ0JrQURrQU1BQmtBR0lBTkFBeUFEQUFOZ0JtQURnQVlRQWlBQ3dBSWdBeEFEY0FOUUEzQUY4QU1RQXhBREVBSWdBc0FDSUFOUUEyQUdJQU5BQTNBR0VBTlFCakFESUFZd0EzQURZQVpBQTVBRElBWlFBNEFEQUFOd0F5QURJQU9RQXdBR0VBSWdBc0FDSUFNZ0F4QURRQU9RQmZBREVBTVFBeEFDSUFMQUFpQURVQU5nQTVBR1lBWmdCaUFEUUFNQUEzQUdZQU1RQTRBR1FBTndBeEFEY0FNUUE0QUdVQU5BQmxBR1lBTVFBM0FDSUFMQUFpQURFQU5BQTNBREFBWHdBeEFERUFNUUFpQUN3QUlnQTFBRFlBWWdBekFETUFOUUJpQURBQU53Qm1BREVBT0FCa0FEY0FNUUJtQURZQU5BQTNBR01BT0FBMEFHWUFNd0FpQUN3QUlnQXlBREVBTWdBNUFGOEFNUUF4QURFQUlnQXNBQ0lBTlFBMkFEZ0FOUUF5QURZQU9BQm1BRElBWXdBM0FEWUFaQUE1QURBQVpBQmlBRFFBTWdBd0FEWUFaZ0E1QUdRQUlnQXNBQ0lBTVFBM0FEVUFPUUJmQURFQU1RQXhBQ0lBTEFBaUFEVUFOZ0E1QUdZQVpnQmlBRFFBTWdBM0FHWUFNUUE0QUdRQU53QXhBRGNBTVFBNEFHVUFOQUJsQUdZQU1RQTRBQ0lBTEFBaUFERUFOZ0F3QURBQVh3QXhBREVBTVFBaUFDd0FJZ0ExQURZQU9RQTBBR1FBWXdCakFEUUFOd0JtQURFQU9BQmtBRGNBTWdCaEFEUUFPQUExQUdRQU1RQTFBRFlBTWdBaUFDd0FJZ0F4QURnQU53QTRBRjhBTVFBeEFERUFJZ0FzQUNJQU5RQTJBR0lBWVFBd0FEWUFaUUF6QURJQVl3QTNBRFlBWkFBNUFEQUFPQUJpQURBQVlnQTVBRFFBTVFBekFEQUFJZ0FzQUNJQU1nQXlBRElBTUFCZkFERUFNUUF4QUNJQUxBQWlBRFVBTmdCaEFEa0FaUUJrQURNQU5BQXlBR01BTndBMkFHUUFPUUF4QUdZQVpBQXdBR1lBWXdCa0FETUFaUUEzQUNJQUxBQWlBRElBTUFBeUFESUFYd0F4QURFQU1RQWlBQ3dBSWdBMUFEWUFPUUJtQUdZQVlnQTBBRFFBTndCbUFERUFPQUJrQURjQU1RQTNBREVBT0FCbEFEUUFaUUJtQURFQU9RQWlBQ3dBSWdBeEFEWUFNQUE1QUY4QU1RQXhBREVBSWdBc0FDSUFOUUEyQUdJQU1RQm1BRE1BTUFBeUFEY0FaZ0F4QURnQVpBQTNBRElBWXdBMEFEUUFaZ0F4QUdJQU5nQXlBRE1BSWdBc0FDSUFNZ0F4QURBQU5RQmZBREVBTVFBeEFDSUFMQUFpQURVQU5nQTNBR0lBWWdCa0FERUFPQUF5QUdNQU53QTJBR1FBT1FBd0FEa0FNd0JqQURRQVpBQmtBRFlBTUFBeEFDSUFMQUFpQURFQU53QXpBRGdBWHdBeEFERUFNUUFpQUN3QUlnQTFBRFlBWWdBNEFETUFaZ0E1QUdFQU1nQmpBRGNBTmdCa0FEa0FNZ0E0QUdRQVl3QXpBR0lBWkFBMUFHVUFPQUFpQUN3QUlnQXlBREVBT1FBM0FGOEFNUUF4QURFQUlnQXNBQ0lBTlFBMkFEa0FaZ0JtQUdJQU5BQTFBRGNBWmdBeEFEZ0FaQUEzQURFQU53QXhBRGdBWlFBMEFHVUFaZ0F4QUdFQUlnQXNBQ0lBTVFBMUFEZ0FNd0JmQURFQU1RQXhBQ0lBTEFBaUFEVUFOZ0JpQURVQVpBQm1BRE1BT0FBeUFHTUFOd0EyQUdRQU9RQXlBRGdBWkFCakFETUFZZ0JrQURVQVlnQmlBQ0lBTEFBaUFESUFNUUEzQURrQVh3QXhBREVBTVFBaUFDd0FJZ0ExQURZQVlRQm1BR0lBTVFCa0FEVUFNZ0JqQURjQU5nQmtBRGtBTWdCbUFEVUFNQUF5QURRQU1BQXhBRGNBTmdBaUFDd0FJZ0F5QURBQU53QXhBRjhBTVFBeEFERUFJZ0FzQUNJQU5RQTJBR0lBTVFCaEFHVUFOd0JpQURjQVpnQXhBRGdBWkFBM0FESUFZd0EwQURRQVpnQXhBR0lBTmdBeEFERUFJZ0FzQUNJQU1nQXdBRGtBTndCZkFERUFNUUF4QUNJQUxBQWlBRFVBTmdCaUFHRUFZZ0EyQURZQU5BQXlBR01BTndBMkFHUUFPUUF4QURNQVpnQTBBRGdBTWdBd0FEUUFZd0JsQUNJQUxBQWlBRElBTWdBekFERUFYd0F4QURFQU1RQWlBQ3dBSWdBMUFEWUFZZ0F3QUdNQU5nQmlBRFFBTndCbUFERUFPQUJrQURjQU1nQmpBRFFBTkFCbUFERUFZZ0ExQUdZQU9RQWlBQ3dBSWdBeUFEQUFPQUF6QUY4QU1RQXhBREVBSWdBc0FDSUFOUUEyQURrQVpnQm1BR0lBTkFBMkFEY0FaZ0F4QURnQVpBQTNBREVBTndBeEFEZ0FaUUEwQUdVQVpnQXhBR0lBSWdBc0FDSUFNUUExQURrQU53QmZBREVBTVFBeEFDSUFMQUFpQURVQU5nQmlBREVBWXdCaUFEQUFOQUEzQUdZQU1RQTRBR1FBTndBeUFHTUFOQUEwQUdZQU1RQmlBRFlBTVFBNUFDSUFMQUFpQURJQU1RQXdBREVBWHdBeEFERUFNUUFpQUN3QUlnQTFBRFlBT1FCbUFHWUFZZ0EwQURnQU53Qm1BREVBT0FCa0FEY0FNUUEzQURFQU9BQmxBRFFBWlFCbUFERUFZd0FpQUN3QUlnQXhBRFVBT1FBNUFGOEFNUUF4QURFQUlnQXNBQ0lBTlFBMkFEZ0FZZ0E1QURRQU53QTJBRGNBWmdBeEFEZ0FaQUEzQURBQU53QXlBREFBTXdBMEFEQUFZd0JtQUdJQUlnQXNBQ0lBTVFBM0FEWUFPQUJmQURFQU1RQXhBQ0lBTEFBaUFEVUFOZ0E1QUdZQVpnQmpBRGtBT1FBM0FHWUFNUUE0QUdRQU53QXhBRGNBTVFBNEFHVUFOQUJsQUdZQVlnQTRBQ0lBTEFBaUFERUFOQUEzQURrQVh3QXhBREVBTVFBaUFDd0FJZ0ExQURZQU53QTVBRFFBTlFBekFHUUFNZ0JqQURjQU5nQmtBRGtBTVFBd0FETUFPQUF5QURnQVlRQTRBRElBTmdBaUFDd0FJZ0F4QURjQU1RQTFBRjhBTVFBeEFERUFJZ0FzQUNJQU5RQTJBRGtBWmdCbUFHSUFOQUJpQURjQVpnQXhBRGdBWkFBM0FERUFOd0F4QURnQVpRQTBBR1VBWmdBeEFHUUFJZ0FzQUNJQU1RQTFBRFFBTlFCZkFERUFNUUF4QUNJQUxBQWlBRFVBTmdBNUFHRUFNZ0F3QURnQU5nQXlBR01BTndBMkFHUUFPUUF5QURJQVpRQmpBRElBTmdCaEFEY0FOUUJsQUNJQUxBQWlBREVBT1FBd0FEY0FYd0F4QURFQU1RQWlBQ3dBSWdBMUFEWUFPUUJtQUdZQVlnQTBBR1FBTndCbUFERUFPQUJrQURjQU1RQTNBREVBT0FCbEFEUUFaUUJtQURFQVpRQWlBQ3dBSWdBeEFEUUFPQUF4QUY4QU1RQXhBREVBSWdBc0FDSUFOUUEyQUdJQU13QXpBREVBWlFBd0FESUFZd0EzQURZQVpBQTVBREVBT1FBMkFHTUFPQUExQURBQU5RQmhBRGtBSWdBc0FDSUFNZ0F4QURJQU9BQmZBREVBTVFBeEFDSUFMQUFpQURVQU5nQmlBRGdBWWdCakFHRUFOUUEzQUdZQU1RQTRBR1FBTndBd0FEUUFOQUEwQURjQVpRQmhBREFBTWdCa0FDSUFMQUFpQURJQU1nQXhBRFVBWHdBeEFERUFNUUFpQUN3QUlnQTFBRFlBTndBNUFEa0FZd0F3QURjQU1nQmpBRGNBTmdCa0FEa0FNQUEzQUdNQVl3QXpBR1lBTUFBeEFEY0FNQUFpQUN3QUlnQXhBRGNBTVFBNEFGOEFNUUF4QURFQUlnQXNBQ0lBTlFBMkFHRUFOZ0E0QUdVQU9BQmlBRGNBWmdBeEFEZ0FaQUEzQURJQU13QmlBRFFBWVFCaUFERUFaUUE1QUdZQUlnQXNBQ0lBTVFBNUFEWUFOUUJmQURFQU1RQXhBQ0lBTEFBaUFEVUFOZ0JoQURjQU5BQmlBR1FBT0FBM0FHWUFNUUE0QUdRQU53QXlBRE1BWWdBMEFHRUFZZ0F4QUdVQVlnQTVBQ0lBTEFBaUFERUFPUUEzQURJQVh3QXhBREVBTVFBaUFDd0FJZ0ExQURZQU53QTVBR01BTVFCbUFHWUFOd0JtQURFQU9BQmtBRGNBTUFCbUFEWUFPQUEyQURrQVpRQmtBRGdBWWdBaUFDd0FJZ0F4QURjQU1nQTNBRjhBTVFBeEFERUFJZ0FzQUNJQU5RQTJBRGtBWmdCbUFHTUFPUUJqQURjQVpnQXhBRGdBWkFBM0FERUFOd0F4QURnQVpRQTBBR1VBWmdCaUFEa0FJZ0FzQUNJQU1RQTBBRFVBT0FCZkFERUFNUUF4QUNJQUxBQWlBRFVBTmdCaEFHTUFPUUF6QURFQU5RQTNBR1lBTVFBNEFHUUFOd0F5QUdNQU5BQTBBR1lBTVFCaUFEVUFZUUJqQUNJQUxBQWlBRElBTUFBMUFEY0FYd0F4QURFQU1RQWlBQ3dBSWdBMUFEWUFPUUJtQUdZQVlnQTBBR1lBTndCbUFERUFPQUJrQURjQU1RQTNBREVBT0FCbEFEUUFaUUJtQURFQVpnQWlBQ3dBSWdBeEFEWUFNd0EwQUY4QU1RQXhBREVBSWdBc0FDSUFOUUEyQUdJQU5BQTJBR1VBWlFCaUFESUFZd0EzQURZQVpBQTVBRElBWlFBNEFEQUFOd0F5QURJQU9RQXdBRFFBSWdBc0FDSUFNZ0F4QURRQU5nQmZBREVBTVFBeEFDSUFMQUFpQURVQU5nQmlBRGdBTVFCbEFERUFZd0EzQUdZQU1RQTRBR1FBTndBd0FEUUFOQUEwQURjQVpRQTVBR1lBWkFBd0FDSUFMQUFpQURJQU1RQTVBRFFBWHdBeEFERUFNUUFpQUN3QUlnQTFBRFlBT1FCbUFHWUFOd0E0QUdNQU53Qm1BREVBT0FCa0FEY0FNUUEzQURFQU9BQmxBRFFBWlFCa0FEa0FZZ0FpQUN3QUlnQXhBRFFBTXdBekFGOEFNUUF4QURFQUlnQXNBQ0lBTlFBMkFEa0FaZ0JtQURjQU9BQmtBRGNBWmdBeEFEZ0FaQUEzQURFQU53QXhBRGdBWlFBMEFHVUFaQUE1QUdNQUlnQXNBQ0lBTVFBMEFETUFPUUJmQURFQU1RQXhBQ0lBTEFBaUFEVUFOZ0E0QUdZQU9RQTRBRFVBTXdBeUFHTUFOd0EyQUdRQU9RQXhBR0lBWWdCakFEVUFaUUJsQURnQU5nQmhBQ0lBTEFBaUFERUFPQUF4QURVQVh3QXhBREVBTVFBaUFDd0FJZ0ExQURZQVlnQTFBRElBTUFCbEFHUUFOd0JtQURFQU9BQmtBRGNBTUFBMEFEUUFOQUEzQUdVQU9RQm1BRGdBTWdBaUFDd0FJZ0F5QURFQU5nQXlBRjhBTVFBeEFERUFJZ0FzQUNJQU5RQTJBRGdBTVFCaEFEZ0FZZ0JrQURJQVl3QTNBRFlBWkFBNUFEQUFZUUF6QUdNQU5nQmtBR01BTWdBMUFHWUFJZ0FzQUNJQU1RQTNBRFFBTmdCZkFERUFNUUF4QUNJQUxBQWlBRFVBTmdBM0FEUUFPQUJrQURnQU1BQXlBR01BTndBMkFHUUFPUUF3QUdZQU53QXdBREFBTWdBeUFHUUFaQUF6QUNJQUxBQWlBREVBTmdBNUFEZ0FYd0F4QURFQU1RQWlBQ3dBSWdBMUFEWUFPUUExQUdRQU53QTVBRGtBTWdCakFEY0FOZ0JrQURrQU1RQTBBR1lBTUFBNEFEUUFaZ0E1QUdNQU53QWlBQ3dBSWdBeEFEZ0FPUUEwQUY4QU1RQXhBREVBSWdBc0FDSUFOUUEyQURrQVpnQm1BR0lBTlFBd0FEY0FaZ0F4QURnQVpBQTNBREVBTndBeEFEZ0FaUUEwQUdVQVpnQXlBREFBSWdBc0FDSUFNUUEwQURrQU1RQmZBREVBTVFBeEFDSUFMQUFpQURVQU5nQTVBR1lBWmdBM0FEa0FNZ0EzQUdZQU1RQTRBR1FBTndBeEFEY0FNUUE0QUdVQU5BQmxBR1FBT1FCa0FDSUFMQUFpQURFQU5RQTNBRFFBWHdBeEFERUFNUUFpQUN3QUlnQTFBRFlBWWdBNEFEa0FZd0F4QURnQU53Qm1BREVBT0FCa0FEY0FNQUEwQURRQU5BQTNBR1VBWVFBd0FERUFPUUFpQUN3QUlnQXlBRElBTUFBNUFGOEFNUUF4QURFQUlnQXNBQ0lBTlFBMkFEa0FNd0JoQURFQVl3QXhBRElBWXdBM0FEWUFaQUE1QURFQVl3QXdBRGdBWlFBNUFEa0FNZ0JpQURnQUlnQXNBQ0lBTVFBNEFEVUFOUUJmQURFQU1RQXhBQ0lBTEFBaUFEVUFOZ0E1QUdZQVpnQTNBRGtBTkFBM0FHWUFNUUE0QUdRQU53QXhBRGNBTVFBNEFHVUFOQUJsQUdRQU9RQmxBQ0lBTEFBaUFERUFOQUF6QURZQVh3QXhBREVBTVFBaUFDd0FJZ0ExQURZQVlRQTJBRGNBWWdBd0FEZ0FOd0JtQURFQU9BQmtBRGNBTWdBekFHSUFOQUJoQUdJQU1RQmxBRGtBTkFBaUFDd0FJZ0F4QURrQU5nQXdBRjhBTVFBeEFERUFJZ0FzQUNJQU5RQTJBRGtBWmdCbUFHSUFOUUF6QURjQVpnQXhBRGdBWkFBM0FERUFOd0F4QURnQVpRQTBBR1VBWmdBeUFERUFJZ0FzQUNJQU1RQTFBRE1BTVFCZkFERUFNUUF4QUNJQUxBQWlBRFVBTmdBNUFEQUFaUUEyQURBQU13QXlBR01BTndBMkFHUUFPUUF4QUdNQU1BQTRBR1VBT1FBNUFESUFOd0JoQUNJQUxBQWlBREVBT0FBekFEUUFYd0F4QURFQU1RQWlBQ3dBSWdBMUFEWUFPUUF3QUdVQU5BQXlBR1lBTWdCakFEY0FOZ0JrQURrQU1RQmpBREFBT0FCbEFEa0FPUUF5QURjQU9RQWlBQ3dBSWdBeEFEZ0FNd0F5QUY4QU1RQXhBREVBSWdBc0FDSUFOUUEyQURrQVpnQm1BRGNBT1FBNUFEY0FaZ0F4QURnQVpBQTNBREVBTndBeEFEZ0FaUUEwQUdVQVpBQTVBR1lBSWdBc0FDSUFNUUExQURRQU1BQmZBREVBTVFBeEFDSUFMQUFpQURVQU5nQmhBR01BTndCa0FHUUFOUUEzQUdZQU1RQTRBR1FBTndBeUFHTUFOQUEwQUdZQU1RQmlBRFVBWVFBeUFDSUFMQUFpQURJQU1BQTFBREVBWHdBeEFERUFNUUFpQUN3QUlnQTFBRFlBWWdBM0FERUFaZ0JqQURnQU53Qm1BREVBT0FCa0FEY0FNQUEwQURRQU5BQTNBR1VBT1FCbUFHSUFPQUFpQUN3QUlnQXlBREVBT0FBNUFGOEFNUUF4QURFQUlnQXNBQ0lBTlFBMkFEa0FNd0E0QUdFQU13QmlBRGNBWmdBeEFEZ0FaQUEzQURNQU1RQTRBR01BTUFBNUFHWUFOUUF3QUdJQUlnQXNBQ0lBTVFBNEFEVUFNUUJmQURFQU1RQXhBQ0lBTEFBaUFEVUFOZ0JpQURNQVl3QTVBREFBWXdBeUFHTUFOd0EyQUdRQU9RQXhBRGtBTmdCakFEZ0FOUUF3QURVQVl3QmxBQ0lBTEFBaUFESUFNUUEwQURNQVh3QXhBREVBTVFBaUFDd0FJZ0ExQURZQVlRQmpBRGdBWVFBNEFHVUFNZ0JqQURjQU5nQmtBRGtBTWdCbUFEVUFNQUF5QURRQU1BQXhBRFFBTUFBaUFDd0FJZ0F5QURBQU5RQTBBRjhBTVFBeEFERUFJZ0FzQUNJQU5RQTJBRGtBWmdCbUFEY0FPUUJqQURjQVpnQXhBRGdBWkFBM0FERUFOd0F4QURnQVpRQTBBR1VBWkFCaEFEQUFJZ0FzQUNJQU1RQXpBRGdBTVFCZkFERUFNUUF4QUNJQUxBQWlBRFVBTmdBNUFHWUFaZ0JpQURVQU5BQTNBR1lBTVFBNEFHUUFOd0F4QURjQU1RQTRBR1VBTkFCbEFHWUFNZ0F5QUNJQUxBQWlBREVBTlFBMkFEa0FYd0F4QURFQU1RQWlBQ3dBSWdBMUFEWUFPUUJtQUdZQU53QTVBR1FBTndCbUFERUFPQUJrQURjQU1RQTNBREVBT0FCbEFEUUFaUUJrQUdFQU1RQWlBQ3dBSWdBeEFEVUFNd0F6QUY4QU1RQXhBREVBSWdBc0FDSUFOUUEyQUdFQU9BQmpBRFlBTmdBM0FESUFZd0EzQURZQVpBQTVBREVBWmdCa0FEQUFaZ0JqQUdRQU13QXhBRGdBSWdBc0FDSUFNZ0F3QURBQU9RQmZBREVBTVFBeEFDSUFMQUFpQURVQU5nQTVBR1lBWmdBM0FEa0FaZ0EzQUdZQU1RQTRBR1FBTndBeEFEY0FNUUE0QUdVQU5BQmxBR1FBWVFBeUFDSUFMQUFpQURFQU5BQXhBREVBWHdBeEFERUFNUUFpQUN3QUlnQTFBRFlBWWdBeEFHSUFOQUF6QURNQU53Qm1BREVBT0FCa0FEY0FNZ0JqQURRQU5BQm1BREVBWWdBMkFERUFOQUFpQUN3QUlnQXlBREFBT1FBNEFGOEFNUUF4QURFQUlnQXNBQ0lBTlFBMkFEZ0FaZ0JoQUdNQU13QXlBRGNBWmdBeEFEZ0FaQUEzQURFQU9RQmtBRFFBWWdBd0FEZ0FaZ0JrQUdFQUlnQXNBQ0lBTVFBNEFERUFOd0JmQURFQU1RQXhBQ0lBTEFBaUFEVUFOZ0E1QUdZQVpnQTNBR0VBTUFBM0FHWUFNUUE0QUdRQU53QXhBRGNBTVFBNEFHVUFOQUJsQUdRQVlRQXpBQ0lBTEFBaUFERUFOQUF4QURJQVh3QXhBREVBTVFBaUFDd0FJZ0ExQURZQVlnQXpBRGNBWkFBNUFHWUFOd0JtQURFQU9BQmtBRGNBTVFCbUFEWUFOQUEzQUdNQU9BQTFBREFBT0FBaUFDd0FJZ0F5QURFQU13QTRBRjhBTVFBeEFERUFJZ0FzQUNJQU5RQTJBR0lBTndBeUFETUFNQUF3QURjQVpnQXhBRGdBWkFBM0FEQUFOQUEwQURRQU53QmxBRGtBWmdCaUFHSUFJZ0FzQUNJQU1nQXhBRGtBTUFCZkFERUFNUUF4QUNJQUxBQWlBRFVBTmdBNUFHWUFaZ0EzQUdFQU1RQTNBR1lBTVFBNEFHUUFOd0F4QURjQU1RQTRBR1VBTkFCbEFHUUFZUUEwQUNJQUxBQWlBREVBTXdBNUFESUFYd0F4QURFQU1RQWlBQ3dBSWdBMUFEWUFZUUEyQURrQU53QmxBRElBTWdCakFEY0FOZ0JrQURrQU13QXlBRGNBTkFBNUFEWUFPUUJpQUdNQU1nQWlBQ3dBSWdBeEFEa0FOZ0EzQUY4QU1RQXhBREVBSWdBc0FDSUFOUUEyQURrQVpnQm1BRGNBWVFBekFEY0FaZ0F4QURnQVpBQTNBREVBTndBeEFEZ0FaUUEwQUdVQVpBQmhBRFVBSWdBc0FDSUFNUUExQURZQU13QmZBREVBTVFBeEFDSUFMQUFpQURVQU5nQTRBR01BWVFBeUFETUFNZ0F5QUdNQU53QTJBR1FBT1FBd0FHWUFZZ0E0QUdRQVpBQTBBREVBWkFBNEFDSUFMQUFpQURFQU53QTNBRFlBWHdBeEFERUFNUUFpQUN3QUlnQTFBRFlBT1FCaEFHSUFPQUJtQUdFQU1nQmpBRGNBTmdCa0FEa0FNZ0F5QUdVQVl3QXlBRFlBWVFBM0FEZ0FOQUFpQUN3QUlnQXhBRGtBTVFBM0FGOEFNUUF4QURFQUlnQXNBQ0lBTlFBMkFHSUFOQUJoQUdZQU13QTFBRGNBWmdBeEFEZ0FaQUEzQURBQVpnQTJBREFBTndCaEFHRUFPUUJrQURZQUlnQXNBQ0lBTWdBeEFEVUFOZ0JmQURFQU1RQXhBQ0lBTEFBaUFEVUFOZ0JpQURJQU1BQXhBREFBWVFBeUFHTUFOd0EyQUdRQU9RQXlBR1lBTlFBd0FESUFOQUF3QURFQVl3QXhBQ0lBTEFBaUFESUFNUUF3QURnQVh3QXhBREVBTVFBaUFDd0FJZ0ExQURZQVlnQTRBR0VBTVFBeEFEa0FOd0JtQURFQU9BQmtBRGNBTUFBMEFEUUFOQUEzQUdVQVlRQXdBREVBWXdBaUFDd0FJZ0F5QURJQU1RQXdBRjhBTVFBeEFERUFJZ0FzQUNJQU5RQTJBRGdBWlFBM0FHWUFNZ0F3QURjQVpnQXhBRGdBWkFBM0FESUFOUUJtQURBQVlnQXpBR1lBTVFBeEFHTUFJZ0FzQUNJQU1RQTRBREFBTWdCZkFERUFNUUF4QUNJQUxBQWlBRFVBTmdBNUFHWUFaZ0JpQURZQU1BQTNBR1lBTVFBNEFHUUFOd0F4QURjQU1RQTRBR1VBTkFCbEFHWUFNZ0F6QUNJQUxBQWlBREVBTmdBeUFEZ0FYd0F4QURFQU1RQWlBQ3dBSWdBMUFEWUFZUUJsQUdVQU5nQTJBREVBTWdCakFEY0FOZ0JrQURrQU1nQm1BRFVBTUFBeUFEUUFNQUF4QURVQU1nQWlBQ3dBSWdBeUFEQUFOZ0F3QUY4QU1RQXhBREVBSWdBc0FDSUFOUUEyQUdJQU13QXhBRE1BTmdCaUFEY0FaZ0F4QURnQVpBQTNBREVBWmdBMkFEUUFOd0JqQURnQU5BQmxBRE1BSWdBc0FDSUFNZ0F4QURJQU1nQmZBREVBTVFBeEFDSUFMQUFpQURVQU5nQTVBR1lBWmdCaUFEWUFNUUEzQUdZQU1RQTRBR1FBTndBeEFEY0FNUUE0QUdVQU5BQmxBR1lBTWdBMEFDSUFMQUFpQURFQU5BQXpBRFVBWHdBeEFERUFNUUFpQUN3QUlnQTFBRFlBTndBNUFHRUFOQUJsQURJQU53Qm1BREVBT0FCa0FEY0FNQUJsQUdVQU5BQTFBRE1BTmdCaEFHTUFaUUFpQUN3QUlnQXhBRGNBTWdBeUFGOEFNUUF4QURFQUlnQXNBQ0lBTlFBMkFEa0FNd0E0QURjQU5RQTJBRGNBWmdBeEFEZ0FaQUEzQURNQU1RQTRBR01BTUFBNUFHWUFOUUF3QURnQUlnQXNBQ0lBTVFBNEFEUUFPUUJmQURFQU1RQXhBQ0lBTEFBaUFEVUFOZ0E1QUdZQVpnQTNBR0VBTndBM0FHWUFNUUE0QUdRQU53QXhBRGNBTVFBNEFHVUFOQUJsQUdRQVlRQTJBQ0lBTEFBaUFERUFOUUEzQURZQVh3QXhBREVBTVFBaUFDd0FJZ0ExQURZQVlnQTRBRGdBTUFBMkFHSUFOd0JtQURFQU9BQmtBRGNBTUFBMEFEUUFOQUEzQUdVQVlRQXdBREFBWlFBaUFDd0FJZ0F5QURJQU1BQTBBRjhBTVFBeEFERUFJZ0FzQUNJQU5RQTJBRGtBWmdCbUFHSUFOZ0F6QURjQVpnQXhBRGdBWkFBM0FERUFOd0F4QURnQVpRQTBBR1VBWmdBeUFEVUFJZ0FzQUNJQU1RQTBBRGtBTUFCZkFERUFNUUF4QUNJQUxBQWlBRFVBTmdBNEFHRUFOUUF4QURZQU13QXlBR01BTndBMkFHUUFPUUF3QUdRQVlnQTBBRElBTUFBMkFHWUFZUUJrQUNJQUxBQWlBREVBTndBMkFEUUFYd0F4QURFQU1RQWlBQ3dBSWdBMUFEWUFPUUJtQUdZQVlnQTJBRFVBTndCbUFERUFPQUJrQURjQU1RQTNBREVBT0FCbEFEUUFaUUJtQURJQU5nQWlBQ3dBSWdBeEFEWUFNZ0E1QUY4QU1RQXhBREVBSWdBc0FDSUFOUUEyQURrQVpBQXdBRFVBWmdCakFESUFZd0EzQURZQVpBQTVBRElBTWdCbEFHTUFNZ0EyQUdFQU53QmlBRGdBSWdBc0FDSUFNUUE1QURJQU9BQmZBREVBTVFBeEFDSUFMQUFpQURVQU5nQTVBR1lBWmdBM0FHRUFPQUEzQUdZQU1RQTRBR1FBTndBeEFEY0FNUUE0QUdVQU5BQmxBR1FBWVFBM0FDSUFMQUFpQURFQU5RQXlBRGdBWHdBeEFERUFNUUFpQUN3QUlnQTFBRFlBWWdCa0FHVUFZZ0EwQURBQU1nQmpBRGNBTmdCa0FEa0FNUUJrQUdFQVl3QXlBRElBTVFBNEFHTUFNQUFpQUN3QUlnQXlBRElBTndBMkFGOEFNUUF4QURFQUlnQXNBQ0lBTlFBMkFEZ0FaZ0JoQUdNQVpBQmtBRElBWXdBM0FEWUFaQUE1QURFQVlnQmlBR01BTlFCbEFHVUFPQUEzQUdFQUlnQXNBQ0lBTVFBNEFERUFPQUJmQURFQU1RQXhBQ0lBTEFBaUFEVUFOZ0JoQUdJQVlnQXpBR0lBWmdBM0FHWUFNUUE0QUdRQU53QXlBR1VBWWdCakFEa0FaZ0F4QURVQU5BQXdBQ0lBTEFBaUFESUFNQUEwQURVQVh3QXhBREVBTVFBaUFDd0FJZ0ExQURZQU9RQm1BR1lBWWdBMkFEZ0FOd0JtQURFQU9BQmtBRGNBTVFBM0FERUFPQUJsQURRQVpRQm1BRElBTndBaUFDd0FJZ0F4QURVQU13QXdBRjhBTVFBeEFERUFJZ0FzQUNJQU5RQTJBR0VBTVFCbUFEZ0FPUUEwQURJQVl3QTNBRFlBWkFBNUFERUFOZ0F5QURBQVlRQm1BRGtBTWdBMEFETUFJZ0FzQUNJQU1RQTVBRFFBT1FCZkFERUFNUUF4QUNJQUxBQWlBRFVBTmdBNUFHWUFaZ0EzQUdFQVlRQTNBR1lBTVFBNEFHUUFOd0F4QURjQU1RQTRBR1VBTkFCbEFHUUFZUUE0QUNJQUxBQWlBREVBTlFBeUFEWUFYd0F4QURFQU1RQWlBQ3dBSWdBMUFEWUFPUUF6QUdFQU1RQTBBREFBTWdCakFEY0FOZ0JrQURrQU1RQmpBREFBT0FCbEFEa0FPUUF5QUdJQU5nQWlBQ3dBSWdBeEFEZ0FOUUEwQUY4QU1RQXhBREVBSWdBc0FDSUFOUUEyQUdJQU5RQmtBREVBWmdBNUFESUFZd0EzQURZQVpBQTVBRElBT0FCa0FHTUFNd0JpQUdRQU5RQmhBR1FBSWdBc0FDSUFNZ0F4QURjQU5RQmZBREVBTVFBeEFDSUFMQUFpQURVQU5nQTVBR1lBWmdBM0FHRUFZZ0EzQUdZQU1RQTRBR1FBTndBeEFEY0FNUUE0QUdVQU5BQmxBR1FBWVFBNUFDSUFMQUFpQURFQU5RQXdBRGNBWHdBeEFERUFNUUFpQUN3QUlnQTFBRFlBWWdBd0FHUUFNd0EwQURnQU53Qm1BREVBT0FCa0FEY0FNZ0JqQURRQU5BQm1BREVBWWdBMUFHWUFZd0FpQUN3QUlnQXlBREFBT0FBMUFGOEFNUUF4QURFQUlnQXNBQ0lBTlFBMkFEa0FaZ0JtQUdNQU1RQm1BRGNBWmdBeEFEZ0FaQUEzQURFQU53QXhBRGdBWlFBMEFHVUFaZ0E0QURJQUlnQXNBQ0lBTVFBMkFESUFOUUJmQURFQU1RQXhBQ0lBTEFBaUFEVUFOZ0JpQURNQVlRQmpBRFVBTXdBM0FHWUFNUUE0QUdRQU53QXhBR1lBTmdBMEFEY0FZd0E0QURVQU1RQXlBQ0lBTEFBaUFESUFNUUEwQURJQVh3QXhBREVBTVFBaUFDd0FJZ0ExQURZQVlnQTRBRFFBTXdBM0FEa0FNZ0JqQURjQU5nQmtBRGtBTWdBNEFHUUFZd0F6QUdJQVpBQTFBR1VBT1FBaUFDd0FJZ0F5QURFQU9RQTRBRjhBTVFBeEFERUFJZ0FzQUNJQU5RQTJBRGdBTkFBMEFHUUFPQUJqQURJQVl3QTNBRFlBWkFBNUFEQUFaQUJpQURRQU1nQXdBRFlBWmdBM0FEVUFJZ0FzQUNJQU1RQTNBRFVBTXdCZkFERUFNUUF4QUNJQUxBQWlBRFVBTmdBNUFHWUFaZ0EzQUdFQVpBQTNBR1lBTVFBNEFHUUFOd0F4QURjQU1RQTRBR1VBTkFCbEFHUUFZUUJoQUNJQUxBQWlBREVBTmdBeUFEWUFYd0F4QURFQU1RQWlBQ3dBSWdBMUFEWUFZZ0F6QURjQU13QTJBREVBTndCbUFERUFPQUJrQURjQU1RQm1BRFlBTkFBM0FHTUFPQUExQURBQU5RQWlBQ3dBSWdBeUFERUFNd0ExQUY4QU1RQXhBREVBSWdBc0FDSUFOUUEyQUdJQVl3QmhBR1VBWWdBMEFESUFZd0EzQURZQVpBQTVBREVBWkFCaEFHTUFNZ0F5QURFQU9BQTVBRElBSWdBc0FDSUFNZ0F5QURjQU1BQmZBREVBTVFBeEFDSUFMQUFpQURVQU5nQTVBR1lBWmdCakFESUFNQUEzQUdZQU1RQTRBR1FBTndBeEFEY0FNUUE0QUdVQU5BQmxBR1lBT0FBekFDSUFMQUFpQURFQU5BQTBBRGNBWHdBeEFERUFNUUFpQUN3QUlnQTFBRFlBWWdBMEFEY0FaQUE0QURNQU53Qm1BREVBT0FCa0FEY0FNQUJtQURZQU1BQTNBR0VBWVFBNUFHTUFOUUFpQUN3QUlnQXlBREVBTlFBeEFGOEFNUUF4QURFQUlnQXNBQ0lBTlFBMkFEa0FaZ0JtQUdNQU1nQXlBRGNBWmdBeEFEZ0FaQUEzQURFQU53QXhBRGdBWlFBMEFHVUFaZ0E0QURRQUlnQXNBQ0lBTVFBMUFEY0FPQUJmQURFQU1RQXhBQ0lBTEFBaUFEVUFOZ0JpQUdRQVpnQTNBRElBT0FBeUFHTUFOd0EyQUdRQU9RQXhBR1FBWVFCakFESUFNZ0F4QURnQVpRQTVBQ0lBTEFBaUFESUFNZ0E0QURBQVh3QXhBREVBTVFBaUFDd0FJZ0ExQURZQVlnQTBBR0VBT0FBMEFEWUFOd0JtQURFQU9BQmtBRGNBTUFCbUFEWUFNQUEzQUdFQVlRQTVBR1FBTlFBaUFDd0FJZ0F5QURFQU5RQTFBRjhBTVFBeEFERUFJZ0FzQUNJQU5RQTJBR0lBTlFCa0FEVUFNZ0EwQURjQVpnQXhBRGdBWkFBM0FEQUFOQUEwQURRQU53QmxBRGtBWmdBNUFHUUFJZ0FzQUNJQU1nQXhBRGNBTndCZkFERUFNUUF4QUNJQUxBQWlBRFVBTmdCaUFESUFNQUJoQURVQVpRQTNBR1lBTVFBNEFHUUFOd0F5QUdNQU5BQTBBR1lBTVFCaUFEWUFNZ0JrQUNJQUxBQWlBRElBTVFBeEFERUFYd0F4QURFQU1RQWlBQ3dBSWdBMUFEWUFZUUE0QUdRQU1RQm1BRElBTndCbUFERUFPQUJrQURjQU1nQXpBREVBWXdBd0FHSUFZd0F6QURFQU53QWlBQ3dBSWdBeUFEQUFNUUF5QUY4QU1RQXhBREVBSWdBc0FDSUFOUUEyQURrQVpnQm1BRGNBWVFCbUFEY0FaZ0F4QURnQVpBQTNBREVBTndBeEFEZ0FaUUEwQUdVQVpBQmhBR0lBSWdBc0FDSUFNUUF6QURrQU9RQmZBREVBTVFBeEFDSUFMQUFpQURVQU5nQmlBR01BWVFBMEFERUFNZ0F5QUdNQU53QTJBR1FBT1FBeEFHUUFZUUJqQURJQU1nQXhBRGdBTndBNUFDSUFMQUFpQURJQU1nQTJBRGNBWHdBeEFERUFNUUFpQUN3QUlnQTFBRFlBWWdCaEFEVUFNZ0JsQURVQU53Qm1BREVBT0FCa0FEY0FNZ0JtQURrQU9BQTVBR1lBTUFBNEFHTUFNZ0FpQUN3QUlnQXlBRElBTWdBMEFGOEFNUUF4QURFQUlnQXNBQ0lBTlFBMkFEa0FaZ0JtQURjQVlnQXdBRGNBWmdBeEFEZ0FaQUEzQURFQU53QXhBRGdBWlFBMEFHVUFaQUJoQUdNQUlnQXNBQ0lBTVFBMEFEVUFPUUJmQURFQU1RQXhBQ0lBTEFBaUFEVUFOZ0E1QUdZQVpnQTNBR0lBTWdBM0FHWUFNUUE0QUdRQU53QXhBRGNBTVFBNEFHVUFOQUJsQUdRQVlRQmtBQ0lBTEFBaUFERUFOUUE0QURjQVh3QXhBREVBTVFBaUFDd0FJZ0ExQURZQU9BQmhBRElBTlFBNUFHTUFOd0JtQURFQU9BQmtBRGNBTUFCaUFEa0FOQUE1QURZQU9BQm1BREFBTndBaUFDd0FJZ0F4QURjQU5nQXhBRjhBTVFBeEFERUFJZ0FzQUNJQU5RQTJBRGdBTVFBNUFEY0FPUUEwQURJQVl3QTNBRFlBWkFBNUFEQUFZUUF6QUdNQU5nQmtBR01BTWdBMUFEUUFJZ0FzQUNJQU1RQTNBRFFBTXdCZkFERUFNUUF4QUNJQUxBQWlBRFVBTmdCaUFETUFOd0E0QURjQU1RQXlBR01BTndBMkFHUUFPUUF4QURrQU5nQmpBRGdBTlFBd0FEVUFZd0F3QUNJQUxBQWlBRElBTVFBekFEWUFYd0F4QURFQU1RQWlBQ3dBSWdBMUFEWUFZUUE0QURBQVlRQXdBR0VBTWdCakFEY0FOZ0JrQURrQU1RQm1BR1FBTUFCbUFHTUFaQUF5QUdNQU1BQWlBQ3dBSWdBeEFEa0FPQUE0QUY4QU1RQXhBREVBSWdBc0FDSUFOUUEyQURrQVpnQm1BRGNBWWdBMUFEY0FaZ0F4QURnQVpBQTNBREVBTndBeEFEZ0FaUUEwQUdVQVpBQmhBR1VBSWdBc0FDSUFNUUExQURJQU1RQmZBREVBTVFBeEFDSUFMQUFpQURVQU5nQmhBR01BT0FBMUFEWUFaZ0F5QUdNQU53QTJBR1FBT1FBeUFHWUFOUUF3QURJQU5BQXdBREVBTXdCa0FDSUFMQUFpQURJQU1BQTFBRE1BWHdBeEFERUFNUUFpQUN3QUlnQTFBRFlBWVFCaEFEWUFNUUF5QURjQU1nQmpBRGNBTmdCa0FEa0FNd0JrQURjQU5BQmpBR1lBT0FBMkFEWUFNQUFpQUN3QUlnQXlBREFBTXdBeEFGOEFNUUF4QURFQUlnQXNBQ0lBTlFBMkFEa0FaZ0JtQURjQVlnQTNBRGNBWmdBeEFEZ0FaQUEzQURFQU53QXhBRGdBWlFBMEFHVUFaQUJoQUdZQUlnQXNBQ0lBTVFBMUFEZ0FNZ0JmQURFQU1RQXhBQ0lBTEFBaUFEVUFOZ0E1QUdZQVpnQTNBR0lBT0FBM0FHWUFNUUE0QUdRQU53QXhBRGNBTVFBNEFHVUFOQUJsQUdRQVlnQXdBQ0lBTEFBaUFERUFOUUEyQURZQVh3QXhBREVBTVFBaUFDd0FJZ0ExQURZQU53QTRBRElBWVFCa0FHTUFNZ0JqQURjQU5nQmtBRGtBTVFBd0FEUUFZd0JrQURrQVpnQXpBRElBWmdBaUFDd0FJZ0F4QURjQU1BQTJBRjhBTVFBeEFERUFJZ0FzQUNJQU5RQTJBR0lBTlFCaUFEWUFOd0F4QURJQVl3QTNBRFlBWkFBNUFESUFPQUJrQUdNQU13QmlBR1FBTlFBNUFHUUFJZ0FzQUNJQU1nQXhBRFlBTmdCZkFERUFNUUF4QUNJQUxBQWlBRFVBTmdCaUFEZ0FZUUE1QURJQU1nQXlBR01BTndBMkFHUUFPUUF5QURnQVpBQmpBRE1BWWdCa0FEWUFNd0F5QUNJQUxBQWlBRElBTWdBeEFETUFYd0F4QURFQU1RQWlBQ3dBSWdBMUFEWUFZUUEyQURRQVpBQmpBRGdBTndCbUFERUFPQUJrQURjQU1RQTRBRGdBTkFBd0FEa0FNd0JoQURFQU5RQWlBQ3dBSWdBeEFEa0FOUUEzQUY4QU1RQXhBREVBSWdBc0FDSUFOUUEyQUdJQVl3QTVBREFBT1FCaUFESUFZd0EzQURZQVpBQTVBREVBWkFCaEFHTUFNZ0F5QURFQU9BQTJBRE1BSWdBc0FDSUFNZ0F5QURZQU1BQmZBREVBTVFBeEFDSUFMQUFpQURVQU5nQmlBR01BWVFBd0FESUFNd0F5QUdNQU53QTJBR1FBT1FBeEFHUUFZUUJqQURJQU1nQXhBRGdBTndBeEFDSUFMQUFpQURJQU1nQTJBRFVBWHdBeEFERUFNUUFpQUN3QUlnQTFBRFlBWVFBNUFHWUFOZ0E1QUdVQU53Qm1BREVBT0FCa0FEY0FNZ0F6QURFQVl3QXdBR0lBWXdBekFHVUFNQUFpQUN3QUlnQXlBREFBTWdBMEFGOEFNUUF4QURFQUlnQXNBQ0lBTlFBMkFEa0FaZ0JtQUdNQU1nQXpBRGNBWmdBeEFEZ0FaQUEzQURFQU53QXhBRGdBWlFBMEFHVUFaZ0E0QURVQUlnQXNBQ0lBTVFBMUFEQUFNQUJmQURFQU1RQXhBQ0lBTEFBaUFEVUFOZ0JoQUdJQU1RQTVBR01BTkFBM0FHWUFNUUE0QUdRQU53QXhBRElBTXdCakFHWUFZUUF3QURRQU5RQTBBQ0lBTEFBaUFESUFNQUF6QURZQVh3QXhBREVBTVFBaUFDd0FJZ0ExQURZQU9BQmxBR1FBWlFBMUFEWUFNZ0JqQURjQU5nQmtBRGtBTWdBMUFEUUFNQUEzQURZQU9RQTFBRFlBWXdBaUFDd0FJZ0F4QURnQU1BQTVBRjhBTVFBeEFERUFJZ0FzQUNJQU5RQTJBRGtBWmdCbUFEY0FZZ0JqQURjQVpnQXhBRGdBWkFBM0FERUFOd0F4QURnQVpRQTBBR1VBWkFCaUFERUFJZ0FzQUNJQU1RQTBBREVBTmdCZkFERUFNUUF4QUNJQUxBQWlBRFVBTmdBM0FEY0FZZ0ExQURrQVlnQXlBR01BTndBMkFHUUFPUUF3QUdZQU53QXdBREFBTWdBeUFHUUFaUUF4QUNJQUxBQWlBREVBTndBd0FETUFYd0F4QURFQU1RQWlBQ3dBSWdBMUFEWUFZZ0EzQURBQU53Qm1BRE1BTndCbUFERUFPQUJrQURjQU1BQTBBRFFBTkFBM0FHVUFPUUJtQUdFQVlnQWlBQ3dBSWdBeUFERUFPQUF4QUY4QU1RQXhBREVBSWdBc0FDSUFOUUEyQUdJQU9BQTBBRFVBT1FCaUFEY0FaZ0F4QURnQVpBQTNBREFBTkFBMEFEUUFOd0JsQURrQVpnQmtBRFlBSWdBc0FDSUFNZ0F4QURrQU9RQmZBREVBTVFBeEFDSUFMQUFpQURVQU5nQmlBRE1BTXdCaEFHWUFOZ0EzQUdZQU1RQTRBR1FBTndBeEFHWUFOZ0EwQURjQVl3QTRBRFFBWmdBM0FDSUFMQUFpQURJQU1RQXpBREVBWHdBeEFERUFNUUFpQUN3QUlnQTFBRFlBWVFBNEFERUFNZ0F3QUdNQU1nQmpBRGNBTmdCa0FEa0FNUUJtQUdRQU1BQm1BR01BWkFBeUFHTUFaUUFpQUN3QUlnQXhBRGtBT1FBekFGOEFNUUF4QURFQUlnQXNBQ0lBTlFBMkFHSUFZUUJtQURZQVlnQTVBRGNBWmdBeEFEZ0FaQUEzQURFQU5BQmxBRFFBWXdCa0FHWUFaUUJqQURJQUlnQXNBQ0lBTWdBeUFEUUFNQUJmQURFQU1RQXhBQ0lBTEFBaUFEVUFOZ0E1QUdZQVpnQmpBRElBTlFBM0FHWUFNUUE0QUdRQU53QXhBRGNBTVFBNEFHVUFOQUJsQUdZQU9BQTJBQ0lBTEFBaUFERUFOQUF5QURJQVh3QXhBREVBTVFBaUFDd0FJZ0ExQURZQU9RQm1BR1lBTndCakFESUFOd0JtQURFQU9BQmtBRGNBTVFBM0FERUFPQUJsQURRQVpRQmtBR0lBTWdBaUFDd0FJZ0F4QURZQU5BQTNBRjhBTVFBeEFERUFJZ0FzQUNJQU5RQTJBRGtBWmdCbUFEY0FZd0F6QURjQVpnQXhBRGdBWkFBM0FERUFOd0F4QURnQVpRQTBBR1VBWkFCaUFETUFJZ0FzQUNJQU1RQTFBRElBTWdCZkFERUFNUUF4QUNJQUxBQWlBRFVBTmdCaUFESUFNZ0E1QURFQU5nQXlBR01BTndBMkFHUUFPUUF4QURrQU5nQmpBRGdBTlFBd0FEVUFPQUJpQUNJQUxBQWlBRElBTVFBeEFEVUFYd0F4QURFQU1RQWlBQ3dBSWdBMUFEWUFPUUJtQUdZQVl3QXlBRFlBTndCbUFERUFPQUJrQURjQU1RQTNBREVBT0FCbEFEUUFaUUJtQURnQU53QWlBQ3dBSWdBeEFEVUFOZ0E0QUY4QU1RQXhBREVBSWdBc0FDSUFOUUEyQURrQU13QTVBRGNBTXdCaUFESUFZd0EzQURZQVpBQTVBREVBWXdBd0FEZ0FaUUE1QURrQU1nQmhBR01BSWdBc0FDSUFNUUE0QURVQU1nQmZBREVBTVFBeEFDSUFMQUFpQURVQU5nQTRBR0VBTlFBeEFEQUFPUUEzQUdZQU1RQTRBR1FBTndBd0FHSUFPUUEwQURrQU5nQTRBR1lBTVFBMUFDSUFMQUFpQURFQU53QTJBRE1BWHdBeEFERUFNUUFpQUN3QUlnQTFBRFlBT1FCbUFHWUFZd0F5QURnQU53Qm1BREVBT0FCa0FEY0FNUUEzQURFQU9BQmxBRFFBWlFCbUFEZ0FPQUFpQUN3QUlnQXhBRFlBTVFBd0FGOEFNUUF4QURFQUlnQXNBQ0lBTlFBMkFEa0FNd0ExQUdFQU5nQmpBRElBWXdBM0FEWUFaQUE1QURFQVl3QXdBRGdBWlFBNUFEa0FNZ0E1QURRQUlnQXNBQ0lBTVFBNEFEUUFNUUJmQURFQU1RQXhBQ0lBTEFBaUFEVUFOZ0JoQURZQU53QmlBR0VBWlFBM0FHWUFNUUE0QUdRQU53QXlBRE1BWWdBMEFHRUFZZ0F4QUdVQU9RQTFBQ0lBTEFBaUFERUFPUUExQURrQVh3QXhBREVBTVFBaUFDd0FJZ0ExQURZQU9RQm1BR1lBTndCakFEWUFOd0JtQURFQU9BQmtBRGNBTVFBM0FERUFPQUJsQURRQVpRQmtBR0lBTkFBaUFDd0FJZ0F4QURRQU5nQXhBRjhBTVFBeEFERUFJZ0FzQUNJQU5RQTJBRGtBTlFCbUFHRUFNUUJsQURJQVl3QTNBRFlBWkFBNUFEQUFaZ0EzQUdNQU1nQmxBRGdBWVFBNEFETUFJZ0FzQUNJQU1RQTRBRGtBTmdCZkFERUFNUUF4QUNJQUxBQWlBRFVBTmdBNUFHWUFaZ0JqQURJQVlnQTNBR1lBTVFBNEFHUUFOd0F4QURjQU1RQTRBR1VBTkFCbEFHWUFPQUE1QUNJQUxBQWlBREVBTmdBMEFERUFYd0F4QURFQU1RQWlBQ3dBSWdBMUFEWUFZZ0JsQURBQU53QTBBRElBTndCbUFERUFPQUJrQURjQU1BQmlBR1lBTkFBNEFERUFZZ0F3QURRQVlRQWlBQ3dBSWdBeUFESUFPQUExQUY4QU1RQXhBREVBSWdBc0FDSUFOUUEyQURrQVpnQm1BRGNBWXdBNUFEY0FaZ0F4QURnQVpBQTNBREVBTndBeEFEZ0FaUUEwQUdVQVpBQmlBRFVBSWdBc0FDSUFNUUExQURNQU9BQmZBREVBTVFBeEFDSUFMQUFpQURVQU5nQTVBR1lBWmdCakFESUFZd0EzQUdZQU1RQTRBR1FBTndBeEFEY0FNUUE0QUdVQU5BQmxBR1lBT0FCaEFDSUFMQUFpQURFQU5BQXhBRFFBWHdBeEFERUFNUUFpQUN3QUlnQTFBRFlBWWdCakFEa0FZZ0F6QUdVQU1nQmpBRGNBTmdCa0FEa0FNUUJrQUdFQVl3QXlBRElBTVFBNEFEWUFZZ0FpQUN3QUlnQXlBRElBTmdBMEFGOEFNUUF4QURFQUlnQXNBQ0lBTlFBMkFEZ0FaUUExQURJQVlnQmlBRElBWXdBM0FEWUFaQUE1QURFQU5nQTBBR01BWlFBeUFHTUFNd0JpQURFQUlnQXNBQ0lBTVFBM0FEa0FPQUJmQURFQU1RQXhBQ0lBTEFBaUFEVUFOZ0EzQURRQU9RQTJBRGNBWmdBeUFHTUFOd0EyQUdRQU9RQXdBR1lBTndBd0FEQUFNZ0F5QUdRQVpBQTVBQ0lBTEFBaUFERUFOd0F3QURBQVh3QXhBREVBTVFBaUFDd0FJZ0ExQURZQU9RQm1BR1lBTndCakFHSUFOd0JtQURFQU9BQmtBRGNBTVFBM0FERUFPQUJsQURRQVpRQmtBR0lBTmdBaUFDd0FJZ0F4QURNQU9BQXdBRjhBTVFBeEFERUFJZ0FzQUNJQU5RQTJBRGtBTVFBd0FEWUFZUUF3QURjQVpnQXhBRGdBWkFBM0FETUFNUUE0QUdNQU1BQTVBR1lBTkFCbEFHWUFJZ0FzQUNJQU1RQTRBRE1BT0FCZkFERUFNUUF4QUNJQUxBQWlBRFVBTmdCaUFEQUFOZ0F4QURVQVl3QTNBR1lBTVFBNEFHUUFOd0F5QUdNQU5BQTBBR1lBTVFCaUFEVUFaUUJrQUNJQUxBQWlBRElBTUFBM0FEZ0FYd0F4QURFQU1RQWlBQ3dBSWdBMUFEWUFPUUJtQUdZQVl3QXpBREFBTndCbUFERUFPQUJrQURjQU1RQTNBREVBT0FCbEFEUUFaUUJtQURnQVlnQWlBQ3dBSWdBeEFEVUFOZ0EwQUY4QU1RQXhBREVBSWdBc0FDSUFOUUEyQUdJQVlRQmpBRE1BWkFBNEFEY0FaZ0F4QURnQVpBQTNBREVBTkFCbEFEUUFZd0JrQUdZQVpRQmhBR1lBSWdBc0FDSUFNZ0F5QURNQU1nQmZBREVBTVFBeEFDSUFMQUFpQURVQU5nQTNBRGtBTVFBeUFHSUFOd0F5QUdNQU53QTJBR1FBT1FBeEFEQUFNd0E0QURJQU9BQmhBRGdBTVFCbUFDSUFMQUFpQURFQU53QXhBRFFBWHdBeEFERUFNUUFpQUN3QUlnQTFBRFlBWWdBeEFHRUFNQUEyQURBQU53Qm1BREVBT0FCa0FEY0FNZ0JqQURRQU5BQm1BREVBWWdBMkFEQUFZd0FpQUN3QUlnQXlBREFBT1FBMEFGOEFNUUF4QURFQUlnQXNBQ0lBTlFBMkFEZ0FaZ0E1QURNQVpBQmhBRGNBWmdBeEFEZ0FaQUEzQURFQU9RQmtBRFFBWWdBd0FEZ0FaZ0JqQUdFQUlnQXNBQ0lBTVFBNEFERUFNd0JmQURFQU1RQXhBQ0lBTEFBaUFEVUFOZ0E0QUdZQU9RQm1BR1FBTndBeUFHTUFOd0EyQUdRQU9RQXhBR0lBWWdCakFEVUFaUUJsQURnQU5nQmtBQ0lBTEFBaUFERUFPQUF4QURZQVh3QXhBREVBTVFBaUFDd0FJZ0ExQURZQVlRQTRBREFBWXdBd0FHVUFNZ0JqQURjQU5nQmtBRGtBTVFCbUFHUUFNQUJtQUdNQVpBQXlBR01BTkFBaUFDd0FJZ0F4QURrQU9RQXdBRjhBTVFBeEFERUFJZ0FzQUNJQU5RQTJBRGtBWmdCbUFEY0FZd0JtQURjQVpnQXhBRGdBWkFBM0FERUFOd0F4QURnQVpRQTBBR1VBWkFCaUFEY0FJZ0FzQUNJQU1RQTBBRGdBT1FCZkFERUFNUUF4QUNJQUxBQWlBRFVBTmdBM0FEUUFPUUF6QURJQU9BQXlBR01BTndBMkFHUUFPUUF3QUdZQU53QXdBREFBTWdBeUFHUUFaQUEyQUNJQUxBQWlBREVBTmdBNUFEa0FYd0F4QURFQU1RQWlBQ3dBSWdBMUFEWUFPUUJoQURRQVpRQXpBRFFBTWdCakFEY0FOZ0JrQURrQU1nQXlBR1VBWXdBeUFEWUFZUUEzQURjQU1BQWlBQ3dBSWdBeEFEa0FNUUF4QUY4QU1RQXhBREVBSWdBc0FDSUFOUUEyQURnQU1RQTVBR01BT0FBekFESUFZd0EzQURZQVpBQTVBREFBWVFBekFHTUFOZ0JrQUdNQU1nQTFBRGNBSWdBc0FDSUFNUUEzQURRQU5BQmZBREVBTVFBeEFDSUFMQUFpQURVQU5nQTVBR1lBWmdCakFETUFPQUEzQUdZQU1RQTRBR1FBTndBeEFEY0FNUUE0QUdVQU5BQmxBR1lBT0FCakFDSUFMQUFpQURFQU13QTRBRElBWHdBeEFERUFNUUFpQUN3QUlnQTFBRFlBT1FCbUFHWUFOd0JrQURNQU53Qm1BREVBT0FCa0FEY0FNUUEzQURFQU9BQmxBRFFBWlFCa0FHSUFPQUFpQUN3QUlnQXhBRFVBTVFBMEFGOEFNUUF4QURFQUlnQXNBQ0lBTlFBMkFEZ0FaUUE0QURBQU1RQTJBRElBWXdBM0FEWUFaQUE1QURFQU5nQTBBR01BWlFBeUFHTUFNd0JqQURjQUlnQXNBQ0lBTVFBNEFEQUFNd0JmQURFQU1RQXhBQ0lBTEFBaUFEVUFOZ0E1QUdZQVpnQmpBRE1BWWdBM0FHWUFNUUE0QUdRQU53QXhBRGNBTVFBNEFHVUFOQUJsQUdZQU9BQmtBQ0lBTEFBaUFERUFNd0EzQURjQVh3QXhBREVBTVFBaUFDd0FJZ0ExQURZQVlnQmlBRElBTWdCa0FHSUFOd0JtQURFQU9BQmtBRGNBTVFBMEFHVUFOQUJqQUdRQVpnQmxBR1FBWmdBaUFDd0FJZ0F5QURJQU5RQXhBRjhBTVFBeEFERUFJZ0FzQUNJQU5RQTJBR0lBTWdBMkFHSUFNUUEyQURJQVl3QTNBRFlBWkFBNUFERUFPUUEyQUdNQU9BQTFBREFBTlFBNUFEWUFJZ0FzQUNJQU1nQXhBRElBTUFCZkFERUFNUUF4QUNJQUxBQWlBRFVBTmdBNUFHWUFaZ0EzQUdRQU5BQTNBR1lBTVFBNEFHUUFOd0F4QURjQU1RQTRBR1VBTkFCbEFHUUFZZ0E1QUNJQUxBQWlBREVBTkFBMUFEY0FYd0F4QURFQU1RQWlBQ3dBSWdBMUFEWUFZZ0JrQUdZQVlRQXhBRFlBTWdCakFEY0FOZ0JrQURrQU1RQmtBR0VBWXdBeUFESUFNUUE0QUdVQVl3QWlBQ3dBSWdBeUFESUFPQUF4QUY4QU1RQXhBREVBSWdBc0FDSUFOUUEyQUdJQU1RQmhBRFVBWmdCa0FEY0FaZ0F4QURnQVpBQTNBRElBWXdBMEFEUUFaZ0F4QUdJQU5nQXdBR1VBSWdBc0FDSUFNZ0F3QURrQU5RQmZBREVBTVFBeEFDSUFMQUFpQURVQU5nQmhBRGtBWmdCbEFEUUFaQUF5QUdNQU53QTJBR1FBT1FBeEFHWUFaQUF3QUdZQVl3QmtBRE1BWlFCa0FDSUFMQUFpQURJQU1BQXlBRFVBWHdBeEFERUFNUUFpQUN3QUlnQTFBRFlBWWdBeUFEY0FOd0JrQURBQU1nQmpBRGNBTmdCa0FEa0FNUUE1QURZQVl3QTRBRFVBTUFBMUFEa0FZUUFpQUN3QUlnQXlBREVBTWdBeEFGOEFNUUF4QURFQUlnQXNBQ0lBTlFBMkFHRUFPQUF4QURFQU53QXdBRGNBWmdBeEFEZ0FaQUEzQURJQU13QXhBR01BTUFCaUFHTUFNZ0JqQURRQUlnQXNBQ0lBTVFBNUFEa0FNZ0JmQURFQU1RQXhBQ0lBTEFBaUFEVUFOZ0E1QUdZQVpnQTNBR1FBTmdBM0FHWUFNUUE0QUdRQU53QXhBRGNBTVFBNEFHVUFOQUJsQUdRQVlnQmhBQ0lBTEFBaUFERUFOQUF6QURJQVh3QXhBREVBTVFBaUFDd0FJZ0ExQURZQU53QTVBR0VBWXdBeEFEWUFOd0JtQURFQU9BQmtBRGNBTUFCbEFHVUFOQUExQURNQU5nQmhBR1FBTVFBaUFDd0FJZ0F4QURjQU1nQXpBRjhBTVFBeEFERUFJZ0FzQUNJQU5RQTJBRGtBWmdCbUFHTUFNd0JqQURjQVpnQXhBRGdBWkFBM0FERUFOd0F4QURnQVpRQTBBR1VBWmdBNEFHVUFJZ0FzQUNJQU1RQTFBRE1BTmdCZkFERUFNUUF4QUNJQUxBQWlBRFVBTmdCaEFHSUFOUUE1QUdFQVpBQXlBR01BTndBMkFHUUFPUUF4QURBQVpnQTBBRE1BWkFBM0FHUUFPUUF3QUNJQUxBQWlBRElBTUFBMEFEQUFYd0F4QURFQU1RQWlBQ3dBSWdBMUFEWUFPUUEwQUdRQVpnQTVBR0lBTWdCakFEY0FOZ0JrQURrQU1RQXlBREVBTUFCa0FESUFOUUF6QURRQU1RQWlBQ3dBSWdBeEFEZ0FOd0E1QUY4QU1RQXhBREVBSWdBc0FDSUFOUUEyQURrQVpnQm1BR01BTXdCa0FEY0FaZ0F4QURnQVpBQTNBREVBTndBeEFEZ0FaUUEwQUdVQVpnQTRBR1lBSWdBc0FDSUFNUUEwQURZQU5RQmZBREVBTVFBeEFDSUFMQUFpQURVQU5nQTVBR1lBWmdBM0FHUUFPUUEzQUdZQU1RQTRBR1FBTndBeEFEY0FNUUE0QUdVQU5BQmxBR1FBWWdCaUFDSUFMQUFpQURFQU5BQXhBRE1BWHdBeEFERUFNUUFpQUN3QUlnQTFBRFlBT1FCbUFHWUFOd0JrQUdJQU53Qm1BREVBT0FCa0FEY0FNUUEzQURFQU9BQmxBRFFBWlFCa0FHSUFZd0FpQUN3QUlnQXhBRFVBT0FBeEFGOEFNUUF4QURFQUlnQXNBQ0lBTlFBMkFEa0FaZ0JtQURjQVpBQmpBRGNBWmdBeEFEZ0FaQUEzQURFQU53QXhBRGdBWlFBMEFHVUFaQUJpQUdRQUlnQXNBQ0lBTVFBMkFEQUFOd0JmQURFQU1RQXhBQ0lBTEFBaUFEVUFOZ0E1QUdZQVpnQTNBR1FBWkFBM0FHWUFNUUE0QUdRQU53QXhBRGNBTVFBNEFHVUFOQUJsQUdRQVlnQmxBQ0lBTEFBaUFERUFOUUEyQURJQVh3QXhBREVBTVFBaUFDd0FJZ0ExQURZQVlnQTNBREVBTndBMUFHTUFOd0JtQURFQU9BQmtBRGNBTUFBMEFEUUFOQUEzQUdVQU9RQm1BR0lBTlFBaUFDd0FJZ0F5QURFQU9BQTFBRjhBTVFBeEFERUFJZ0FzQUNJQU5RQTJBRGdBTkFBeUFEZ0FOZ0E1QURjQVpnQXhBRGdBWkFBM0FERUFNZ0E1QUdNQU1nQXpBREFBT0FBM0FEa0FJZ0FzQUNJQU1RQTNBRFVBTUFCZkFERUFNUUF4QUNJQUxBQWlBRFVBTmdBNUFHSUFZUUEzQUdNQVl3QXlBR01BTndBMkFHUUFPUUF5QURJQVpRQmpBRElBTmdCaEFEY0FPUUEzQUNJQUxBQWlBREVBT1FBeUFESUFYd0F4QURFQU1RQWlBQ3dBSWdBMUFEWUFPQUJqQUdVQU5RQmxBRFVBTWdCakFEY0FOZ0JrQURrQU1BQm1BR0lBT0FCa0FHUUFOQUF4QUdRQVpRQWlBQ3dBSWdBeEFEY0FPQUF3QUY4QU1RQXhBREVBSWdBc0FDSUFOUUEyQUdFQU9BQmxBRElBTmdBeEFEY0FaZ0F4QURnQVpBQTNBRElBTXdBeEFHTUFNQUJpQUdNQU13QXlBRGNBSWdBc0FDSUFNZ0F3QURFQU13QmZBREVBTVFBeEFDSUFMQUFpQURVQU5nQmhBRGdBWWdCbUFETUFaZ0EzQUdZQU1RQTRBR1FBTndBeUFETUFNUUJqQURBQVlnQmpBRE1BTUFBNUFDSUFMQUFpQURJQU1BQXdBRGdBWHdBeEFERUFNUUFpQUN3QUlnQTFBRFlBT1FCbUFHWUFZd0EwQURBQU53Qm1BREVBT0FCa0FEY0FNUUEzQURFQU9BQmxBRFFBWlFCbUFEa0FNQUFpQUN3QUlnQXhBRFVBT1FBNEFGOEFNUUF4QURFQUlnQXNBQ0lBTlFBMkFHRUFPQUF3QURnQU5RQmhBRElBWXdBM0FEWUFaQUE1QURFQVpnQmtBREFBWmdCakFHUUFNZ0JpQUdRQUlnQXNBQ0lBTVFBNUFEZ0FOd0JmQURFQU1RQXhBQ0lBTEFBaUFEVUFOZ0JpQURrQVlnQXhBRGNBT1FBeUFHTUFOd0EyQUdRQU9RQXdBRGdBWWdBd0FHSUFPUUEwQURFQU1nQTJBQ0lBTEFBaUFESUFNZ0F4QURjQVh3QXhBREVBTVFBaUFDd0FJZ0ExQURZQVlRQmlBRElBTkFBekFEZ0FNZ0JqQURjQU5nQmtBRGtBTVFBd0FHWUFOQUF6QUdRQU53QmtBRGdBTVFBaUFDd0FJZ0F5QURBQU13QTVBRjhBTVFBeEFERUFJZ0FzQUNJQU5RQTJBR0VBWWdCbEFEQUFaZ0JpQURjQVpnQXhBRGdBWkFBM0FESUFZd0EwQURRQVpnQXhBR0lBTlFBNUFEa0FJZ0FzQUNJQU1nQXdBRFFBT1FCZkFERUFNUUF4QUNJQUxBQWlBRFVBTmdCaEFEWUFPQUE0QURnQU9RQTNBR1lBTVFBNEFHUUFOd0F5QURNQVlnQTBBR0VBWWdBeEFHVUFPUUJpQUNJQUxBQWlBREVBT1FBMkFESUFYd0F4QURFQU1RQWlBQ3dBSWdBMUFEWUFOd0F6QUdZQU5nQm1BRE1BTWdCakFEY0FOZ0JrQURrQU1RQTNBRGdBWXdCaUFERUFOZ0EyQURJQU5nQWlBQ3dBSWdBeEFEWUFPQUF3QUY4QU1RQXhBREVBSWdBc0FDSUFOUUEyQUdJQU9BQXpBRGdBT0FBMEFESUFZd0EzQURZQVpBQTVBRElBT0FCa0FHTUFNd0JpQUdRQU5RQmxBRGNBSWdBc0FDSUFNZ0F4QURrQU5RQmZBREVBTVFBeEFDSUFMQUFpQURVQU5nQmhBR01BWVFBMUFEWUFZZ0F5QUdNQU53QTJBR1FBT1FBeUFHWUFOUUF3QURJQU5BQXdBREVBTlFBd0FDSUFMQUFpQURJQU1BQTFBRGtBWHdBeEFERUFNUUFpQUN3QUlnQTFBRFlBWVFCbUFEVUFNQUF5QUdRQU53Qm1BREVBT0FCa0FEY0FNZ0JqQURRQU5BQm1BREVBWWdBMUFHTUFOd0FpQUN3QUlnQXlBREFBTmdBekFGOEFNUUF4QURFQUlnQXNBQ0lBTlFBMkFHRUFOd0EwQURnQU1nQTRBRGNBWmdBeEFEZ0FaQUEzQURJQU13QmlBRFFBWVFCaUFERUFaUUJpQURZQUlnQXNBQ0lBTVFBNUFEY0FNUUJmQURFQU1RQXhBQ0lBTEFBaUFEVUFOZ0JoQURnQU9BQTFBRGNBTUFBM0FHWUFNUUE0QUdRQU53QXlBRE1BTVFCakFEQUFZZ0JqQURJQVpRQTNBQ0lBTEFBaUFESUFNQUF3QURJQVh3QXhBREVBTVFBaUFDd0FJZ0ExQURZQU9RQm1BRFlBTXdCbUFEY0FNZ0JqQURjQU5nQmtBRGtBTVFCakFHSUFPQUF4QURrQVpBQm1BRElBTlFBaUFDd0FJZ0F4QURrQU13QTBBRjhBTVFBeEFERUFJZ0FzQUNJQU5RQTJBR0lBTlFCakFEVUFOUUE0QURJQVl3QTNBRFlBWkFBNUFESUFPQUJrQUdNQU13QmlBR1FBTlFCaEFEWUFJZ0FzQUNJQU1nQXhBRGNBTUFCZkFERUFNUUF4QUNJQUxBQWlBRFVBTmdBNUFHWUFaZ0JpQURZQVl3QTNBR1lBTVFBNEFHUUFOd0F4QURjQU1RQTRBR1VBTkFCbEFHWUFNZ0E0QUNJQUxBQWlBREVBTlFBNEFEQUFYd0F4QURFQU1RQWlBQ3dBSWdBMUFEWUFPUUF6QURrQVl3QXpBR0VBTWdCakFEY0FOZ0JrQURrQU1RQmpBREFBT0FCbEFEa0FPUUF5QUdJQU1BQWlBQ3dBSWdBeEFEZ0FOUUF6QUY4QU1RQXhBREVBSWdBc0FDSUFOUUEyQURrQVpnQm1BRGtBTndBMkFEY0FaZ0F4QURnQVpBQTNBREVBTndBeEFEZ0FaUUEwQUdVQVpRQTFBRFFBSWdBc0FDSUFNUUF6QURrQU13QmZBREVBTVFBeEFDSUFMQUFpQURVQU5nQmhBR0lBTVFBekFEY0FOZ0EzQUdZQU1RQTRBR1FBTndBeEFESUFNd0JqQUdZQVlRQXdBRFFBTlFBeEFDSUFMQUFpQURJQU1BQXpBRFVBWHdBeEFERUFNUUFpQUN3QUlnQTFBRFlBT1FBd0FHUUFZUUJrQURFQU53Qm1BREVBT0FCa0FEY0FNd0F4QURnQVl3QXdBRGtBWmdBMEFHUUFOd0FpQUN3QUlnQXhBRGdBTXdBeEFGOEFNUUF4QURFQUlnQXNBQ0lBTlFBMkFEa0FaZ0JtQURrQU53QTRBRGNBWmdBeEFEZ0FaQUEzQURFQU53QXhBRGdBWlFBMEFHVUFaUUExQURVQUlnQXNBQ0lBTVFBekFEY0FPQUJmQURFQU1RQXhBQ0lBTEFBaUFEVUFOZ0E1QUdZQVpnQmlBRFlBWkFBM0FHWUFNUUE0QUdRQU53QXhBRGNBTVFBNEFHVUFOQUJsQUdZQU1nQTVBQ0lBTEFBaUFERUFOQUEwQURZQVh3QXhBREVBTVFBaUFDd0FJZ0ExQURZQU9RQm1BR1lBT1FBM0FHRUFOd0JtQURFQU9BQmtBRGNBTVFBM0FERUFPQUJsQURRQVpRQmxBRFVBTmdBaUFDd0FJZ0F4QURRQU13QTRBRjhBTVFBeEFERUFJZ0FzQUNJQU5RQTJBRGdBWmdCa0FEY0FOZ0E0QURJQVl3QTNBRFlBWkFBNUFERUFZZ0JpQUdNQU5RQmxBR1VBT0FBNEFETUFJZ0FzQUNJQU1RQTRBRElBTVFCZkFERUFNUUF4QUNJQUxBQWlBRFVBTmdBM0FHSUFZZ0F4QUdZQU5BQXlBR01BTndBMkFHUUFPUUF3QURrQU13QmpBRFFBWkFCa0FEVUFaZ0JqQUNJQUxBQWlBREVBTndBekFEY0FYd0F4QURFQU1RQWlBQ3dBSWdBMUFEWUFOd0F6QUdZQU9BQmxBRFVBTndCbUFERUFPQUJrQURjQU1RQm1BR1VBWXdBeEFHRUFOUUE1QURNQU1BQWlBQ3dBSWdBeEFEWUFPQUF4QUY4QU1RQXhBREVBSWdBc0FDSUFOUUEyQUdJQU1BQTJBRGtBTXdBM0FESUFZd0EzQURZQVpBQTVBRElBWmdBMUFEQUFNZ0EwQURBQU1RQTRBRGdBSWdBc0FDSUFNZ0F3QURnQU1BQmZBREVBTVFBeEFDSUFMQUFpQURVQU5nQTVBREFBWmdBNUFERUFaQUEzQUdZQU1RQTRBR1FBTndBekFERUFPQUJqQURBQU9RQm1BRFFBWlFBekFDSUFMQUFpQURFQU9BQXpBRGNBWHdBeEFERUFNUUFpQUN3QUlnQTFBRFlBT0FCbEFEVUFZd0ExQUdNQU1nQmpBRGNBTmdCa0FEa0FNUUEyQURRQVl3QmxBRElBWXdBekFHSUFNd0FpQUN3QUlnQXhBRGNBT1FBNUFGOEFNUUF4QURFQUlnQXNBQ0lBTlFBMkFHSUFaUUF3QURjQVpnQmlBRElBWXdBM0FEWUFaQUE1QURFQVpBQmhBR01BTWdBeUFERUFPQUJtQUdRQUlnQXNBQ0lBTWdBeUFEZ0FOZ0JmQURFQU1RQXhBQ0lBTEFBaUFEVUFOZ0E1QUdZQVpnQTVBRGNBWmdBM0FHWUFNUUE0QUdRQU53QXhBRGNBTVFBNEFHVUFOQUJsQUdVQU5RQTNBQ0lBTEFBaUFERUFOQUF6QURFQVh3QXhBREVBTVFBaUFDd0FJZ0ExQURZQVlnQTFBR1VBTUFBd0FHWUFOd0JtQURFQU9BQmtBRGNBTUFBMEFEUUFOQUEzQUdVQU9RQm1BR0VBT1FBaUFDd0FJZ0F5QURFQU9BQXdBRjhBTVFBeEFERUFJZ0FzQUNJQU5RQTJBRGtBWmdCbUFHSUFOd0F3QURjQVpnQXhBRGdBWkFBM0FERUFOd0F4QURnQVpRQTBBR1VBWmdBeUFHRUFJZ0FzQUNJQU1RQTBBREFBTVFCZkFERUFNUUF4QUNJQUxBQWlBRFVBTmdCaUFHRUFaUUF5QURRQU5BQTNBR1lBTVFBNEFHUUFOd0F4QURRQVpRQTBBR01BWkFCbUFHVUFZZ0JoQUNJQUxBQWlBRElBTWdBekFEWUFYd0F4QURFQU1RQWlBQ3dBSWdBMUFEWUFPUUJtQUdZQVlnQTNBREVBTndCbUFERUFPQUJrQURjQU1RQTNBREVBT0FCbEFEUUFaUUJtQURJQVlnQWlBQ3dBSWdBeEFEVUFOQUEwQUY4QU1RQXhBREVBSWdBc0FDSUFOUUEyQURrQVpnQm1BR0lBTndBekFEY0FaZ0F4QURnQVpBQTNBREVBTndBeEFEZ0FaUUEwQUdVQVpnQXlBR01BSWdBc0FDSUFNUUEyQURNQU1nQmZBREVBTVFBeEFDSUFMQUFpQURVQU5nQmlBR0lBTWdBNUFEY0FNQUEzQUdZQU1RQTRBR1FBTndBeEFEUUFaUUEwQUdNQVpBQm1BR1VBWlFBekFDSUFMQUFpQURJQU1nQTFBRElBWHdBeEFERUFNUUFpQUN3QUlnQTFBRFlBWWdCa0FHWUFaQUExQURRQU1nQmpBRGNBTmdCa0FEa0FNUUJrQUdFQVl3QXlBRElBTVFBNEFHWUFNQUFpQUN3QUlnQXlBRElBT0FBekFGOEFNUUF4QURFQUlnQXNBQ0lBTlFBMkFHRUFOZ0E1QURjQVl3QmlBRGNBWmdBeEFEZ0FaQUEzQURJQU13QmlBRFFBWVFCaUFERUFaUUJoQUdFQUlnQXNBQ0lBTVFBNUFEWUFOZ0JmQURFQU1RQXhBQ0lBTEFBaUFEVUFOZ0JpQURFQU1nQXlBRGdBT1FBeUFHTUFOd0EyQUdRQU9RQXlBR1lBTlFBd0FESUFOQUF3QURFQU9RQmpBQ0lBTEFBaUFESUFNQUE1QURBQVh3QXhBREVBTVFBaUFDd0FJZ0ExQURZQVlRQm1BRFVBTndCbEFESUFNZ0JqQURjQU5nQmtBRGtBTWdCbUFEVUFNQUF5QURRQU1BQXhBRFlBTVFBaUFDd0FJZ0F5QURBQU5nQTFBRjhBTVFBeEFERUFJZ0FzQUNJQU5RQTJBRGtBWmdCbUFEa0FPQUF5QURjQVpnQXhBRGdBWkFBM0FERUFOd0F4QURnQVpRQTBBR1VBWlFBMUFEZ0FJZ0FzQUNJQU1RQTFBRGtBTXdCZkFERUFNUUF4QUNJQUxBQWlBRFVBTmdCaEFHRUFNd0JrQUdRQU9RQXlBR01BTndBMkFHUUFPUUF4QUdZQVpBQXdBR1lBWXdCa0FEUUFNQUJoQUNJQUxBQWlBRElBTUFBeUFEZ0FYd0F4QURFQU1RQWlBQ3dBSWdBMUFEWUFPUUJtQUdZQVlnQTNBRFFBTndCbUFERUFPQUJrQURjQU1RQTNBREVBT0FCbEFEUUFaUUJtQURJQVpBQWlBQ3dBSWdBeEFEUUFOQUF6QUY4QU1RQXhBREVBSWdBc0FDSUFOUUEyQUdFQVpnQTNBRFFBTXdCakFEY0FaZ0F4QURnQVpBQTNBRElBWXdBMEFEUUFaZ0F4QUdJQU5RQmtBR01BSWdBc0FDSUFNZ0F3QURZQU9RQmZBREVBTVFBeEFDSUFMQUFpQURVQU5nQTVBR1lBWmdCaUFEY0FOZ0EzQUdZQU1RQTRBR1FBTndBeEFEY0FNUUE0QUdVQU5BQmxBR1lBTWdCbEFDSUFMQUFpQURFQU5BQTVBRFlBWHdBeEFERUFNUUFpQUN3QUlnQTFBRFlBT1FCbUFHWUFPUUE0QURRQU53Qm1BREVBT0FCa0FEY0FNUUEzQURFQU9BQmxBRFFBWlFCbEFEVUFPUUFpQUN3QUlnQXhBRFlBTVFBeUFGOEFNUUF4QURFQUlnQXNBQ0lBTlFBMkFHSUFZZ0F3QUdZQVpnQmpBRGNBWmdBeEFEZ0FaQUEzQURFQU5BQmxBRFFBWXdCa0FHWUFaUUJrQURFQUlnQXNBQ0lBTWdBeUFEUUFOZ0JmQURFQU1RQXhBQ0lBTEFBaUFEVUFOZ0E1QURNQU5RQmpBRFlBTXdBM0FHWUFNUUE0QUdRQU53QXpBREVBT0FCakFEQUFPUUJtQURRQVpnQmhBQ0lBTEFBaUFERUFPQUEwQURJQVh3QXhBREVBTVFBaUFDd0FJZ0ExQURZQVlnQTRBRGdBTkFCakFEZ0FNZ0JqQURjQU5nQmtBRGtBTWdBNEFHUUFZd0F6QUdJQVpBQTJBRElBTUFBaUFDd0FJZ0F5QURJQU1BQTFBRjhBTVFBeEFERUFJZ0FzQUNJQU5RQTJBRGtBWmdCbUFEa0FPQUEyQURjQVpnQXhBRGdBWkFBM0FERUFOd0F4QURnQVpRQTBBR1VBWlFBMUFHRUFJZ0FzQUNJQU1RQTJBREVBT1FCZkFERUFNUUF4QUNJQUxBQWlBRFVBTmdBNUFHWUFaZ0E1QURnQU53QTNBR1lBTVFBNEFHUUFOd0F4QURjQU1RQTRBR1VBTkFCbEFHVUFOUUJpQUNJQUxBQWlBREVBTlFBeEFEVUFYd0F4QURFQU1RQWlBQ3dBSWdBMUFEWUFOd0EwQURrQVl3QTNBR1FBTWdCakFEY0FOZ0JrQURrQU1BQm1BRGNBTUFBd0FESUFNZ0JrQUdRQVpBQWlBQ3dBSWdBeEFEY0FNQUF4QUY4QU1RQXhBREVBSWdBc0FDSUFOUUEyQUdJQU5RQXhBRGNBWlFBeEFESUFZd0EzQURZQVpBQTVBRElBT0FCa0FHTUFNd0JpQUdRQU5RQTRBR1VBSWdBc0FDSUFNZ0F4QURZQU1BQmZBREVBTVFBeEFDSUFMQUFpQURVQU5nQTVBR1lBWmdCaUFEY0FOd0EzQUdZQU1RQTRBR1FBTndBeEFEY0FNUUE0QUdVQU5BQmxBR1lBTWdCbUFDSUFMQUFpQURFQU13QTVBREVBWHdBeEFERUFNUUFpQUN3QUlnQTFBRFlBWWdBd0FEY0FPQUJtQUdJQU1nQmpBRGNBTmdCa0FEa0FNZ0JtQURVQU1BQXlBRFFBTUFBeEFEZ0FaUUFpQUN3QUlnQXlBREFBT0FBeEFGOEFNUUF4QURFQUlnQXNBQ0lBTlFBMkFEa0FaZ0JtQURrQU9BQmhBRGNBWmdBeEFEZ0FaQUEzQURFQU53QXhBRGdBWlFBMEFHVUFaUUExQUdNQUlnQXNBQ0lBTVFBMEFEa0FPQUJmQURFQU1RQXhBQ0lBTEFBaUFEVUFOZ0E1QUdFQU1nQTRBRGNBTndBeUFHTUFOd0EyQUdRQU9RQXlBRElBWlFCakFESUFOZ0JoQURjQU5nQXhBQ0lBTEFBaUFERUFPUUF3QURnQVh3QXhBREVBTVFBaUFDd0FJZ0ExQURZQU9RQXhBREFBTmdCaUFEY0FNZ0JqQURjQU5nQmtBRGtBTVFCakFEQUFPQUJsQURrQU9RQXlBRGdBWXdBaUFDd0FJZ0F4QURnQU13QTVBRjhBTVFBeEFERUFJZ0FzQUNJQU5RQTJBRGtBWmdCbUFEa0FPQUJqQURjQVpnQXhBRGdBWkFBM0FERUFOd0F4QURnQVpRQTBBR1VBWlFBMUFHUUFJZ0FzQUNJQU1RQTFBRFVBT1FCZkFERUFNUUF4QUNJQUxBQWlBRFVBTmdBNUFHWUFaZ0JpQURjQU9RQTNBR1lBTVFBNEFHUUFOd0F4QURjQU1RQTRBR1VBTkFCbEFHWUFNd0F3QUNJQUxBQWlBREVBTkFBMkFEa0FYd0F4QURFQU1RQWlBQ3dBSWdBMUFEWUFOd0EwQURNQU5nQXlBRFFBTndCbUFERUFPQUJrQURjQU1RQm1BR1VBWXdBeEFHRUFOUUE1QURNQVlnQWlBQ3dBSWdBeEFEWUFPQUF6QUY4QU1RQXhBREVBSWdBc0FDSUFOUUEyQUdFQU9RQmlBR1lBWkFBMkFESUFZd0EzQURZQVpBQTVBREVBWmdCa0FEQUFaZ0JqQUdRQU13QmtBR1VBSWdBc0FDSUFNZ0F3QURJQU1RQmZBREVBTVFBeEFDSUFMQUFpQURVQU5nQmhBRGNBWmdBMUFHTUFOd0EzQUdZQU1RQTRBR1FBTndBeUFETUFNUUJqQURBQVlnQmpBRElBT1FCbUFDSUFMQUFpQURFQU9RQTRBRFFBWHdBeEFERUFNUUFpQUN3QUlnQTFBRFlBT0FCbEFEWUFPUUF3QURZQU53Qm1BREVBT0FCa0FEY0FNZ0ExQUdZQU1BQmlBRE1BWmdBeEFEQUFaUUFpQUN3QUlnQXhBRGdBTUFBd0FGOEFNUUF4QURFQUlnQXNBQ0lBTlFBMkFEa0FaZ0JtQUdJQU53QmlBRGNBWmdBeEFEZ0FaQUEzQURFQU53QXhBRGdBWlFBMEFHVUFaZ0F6QURFQUlnQXNBQ0lBTVFBMUFEa0FOQUJmQURFQU1RQXhBQ0lBTEFBaUFEVUFOZ0JpQURFQVpnQmlBR0VBWWdBeUFHTUFOd0EyQUdRQU9RQXlBR1lBTlFBd0FESUFOQUF3QURFQVlnQmxBQ0lBTEFBaUFESUFNUUF3QURjQVh3QXhBREVBTVFBaUFDd0FJZ0ExQURZQVlnQTVBR0VBTndBeUFEQUFNZ0JqQURjQU5nQmtBRGtBTUFBNEFHSUFNQUJpQURrQU5BQXhBRElBTXdBaUFDd0FJZ0F5QURJQU1RQTJBRjhBTVFBeEFERUFJZ0FzQUNJQU5RQTJBR0lBTWdBeUFEQUFOUUJpQURjQVpnQXhBRGdBWkFBM0FESUFZd0EwQURRQVpnQXhBR0lBTmdBekFEa0FJZ0FzQUNJQU1nQXhBREVBTkFCZkFERUFNUUF4QUNJQUxBQWlBRFVBTmdBNUFHWUFaZ0E1QURrQU1BQTNBR1lBTVFBNEFHUUFOd0F4QURjQU1RQTRBR1VBTkFCbEFHVUFOUUJsQUNJQUxBQWlBREVBTlFBeUFEY0FYd0F4QURFQU1RQWlBQ3dBSWdBMUFEWUFZZ0JoQURZQVl3QTFBRGdBTndCbUFERUFPQUJrQURjQU1nQm1BRGtBT0FBNUFHWUFNQUE0QUdNQU9RQWlBQ3dBSWdBeUFESUFNZ0EyQUY4QU1RQXhBREVBSWdBc0FDSUFOUUEyQURrQVpnQm1BR0lBTndCakFEY0FaZ0F4QURnQVpBQTNBREVBTndBeEFEZ0FaUUEwQUdVQVpnQXpBRElBSWdBc0FDSUFNUUExQURFQU13QmZBREVBTVFBeEFDSUFMQUFpQURVQU5nQTRBREVBWVFBeUFEY0FOQUF5QUdNQU53QTJBR1FBT1FBd0FHRUFNd0JqQURZQVpBQmpBRElBTlFCaEFDSUFMQUFpQURFQU53QTBBRFVBWHdBeEFERUFNUUFpQUN3QUlnQTFBRFlBT1FBd0FHWUFNQUJqQURNQU53Qm1BREVBT0FCa0FEY0FNd0F4QURnQVl3QXdBRGtBWmdBMEFHVUFNQUFpQUN3QUlnQXhBRGdBTXdBMkFGOEFNUUF4QURFQUlnQXNBQ0lBTlFBMkFHRUFOd0EwQUdVQVpBQTFBRGNBWmdBeEFEZ0FaQUEzQURJQU13QmlBRFFBWVFCaUFERUFaUUJpQUdRQUlnQXNBQ0lBTVFBNUFEY0FOQUJmQURFQU1RQXhBQ0lBTEFBaUFEVUFOZ0JpQUdNQU9BQXdBR01BWXdBeUFHTUFOd0EyQUdRQU9RQXhBR1FBWVFCakFESUFNZ0F4QURnQU5RQXdBQ0lBTEFBaUFESUFNZ0ExQURZQVh3QXhBREVBTVFBaUFDd0FJZ0ExQURZQU9RQm1BR1lBT1FBNUFETUFOd0JtQURFQU9BQmtBRGNBTVFBM0FERUFPQUJsQURRQVpRQmxBRFVBWmdBaUFDd0FJZ0F4QURZQU1nQXdBRjhBTVFBeEFERUFJZ0FzQUNJQU5RQTJBRGtBWmdCbUFHSUFOd0JrQURjQVpnQXhBRGdBWkFBM0FERUFOd0F4QURnQVpRQTBBR1VBWmdBekFETUFJZ0FzQUNJQU1RQTBBRE1BTUFCZkFERUFNUUF4QUNJQUxBQWlBRFVBTmdBNEFHVUFaQUJqQUdNQU1nQXlBR01BTndBMkFHUUFPUUF5QURVQU5BQXdBRGNBTmdBNUFEVUFOZ0JpQUNJQUxBQWlBREVBT0FBd0FEZ0FYd0F4QURFQU1RQWlBQ3dBSWdBMUFEWUFZZ0E0QURZQU1BQm1BR0VBTWdCakFEY0FOZ0JrQURrQU1nQTRBR1FBWXdBekFHSUFaQUExQUdVQVl3QWlBQ3dBSWdBeUFESUFNQUF3QUY4QU1RQXhBREVBSWdBc0FDSUFOUUEyQURnQU5BQm1BR1FBTVFCa0FEY0FaZ0F4QURnQVpBQTNBREFBWWdBNUFEUUFPUUEyQURnQVpRQmxBRGdBSWdBc0FDSUFNUUEzQURVQU5nQmZBREVBTVFBeEFDSUFMQUFpQURVQU5nQmhBR0lBTlFCaUFEZ0FOZ0EzQUdZQU1RQTRBR1FBTndBeEFESUFNd0JqQUdZQVlRQXdBRFFBTmdBNUFDSUFMQUFpQURJQU1BQTBBREVBWHdBeEFERUFNUUFpQUN3QUlnQTFBRFlBWVFBM0FEVUFZZ0E1QUdVQU53Qm1BREVBT0FCa0FEY0FNZ0F6QUdJQU5BQmhBR0lBTVFCbEFHTUFZUUFpQUN3QUlnQXhBRGtBTndBM0FGOEFNUUF4QURFQUlnQXNBQ0lBTlFBMkFEa0FaZ0JtQUdJQU53QmxBRGNBWmdBeEFEZ0FaQUEzQURFQU53QXhBRGdBWlFBMEFHVUFaZ0F6QURRQUlnQXNBQ0lBTVFBMkFESUFOQUJmQURFQU1RQXhBQ0lBTEFBaUFEVUFOZ0JoQUdZQU53QTJBREVBWmdBeUFHTUFOd0EyQUdRQU9RQXlBR1lBTlFBd0FESUFOQUF3QURFQU53QTBBQ0lBTEFBaUFESUFNQUEzQURBQVh3QXhBREVBTVFBaUFDd0FJZ0ExQURZQU9RQm1BR1lBT1FBNUFEZ0FOd0JtQURFQU9BQmtBRGNBTVFBM0FERUFPQUJsQURRQVpRQmxBRFlBTUFBaUFDd0FJZ0F4QURZQU5BQTRBRjhBTVFBeEFERUFJZ0FzQUNJQU5RQTJBRGtBTXdBM0FHUUFZd0EwQURJQVl3QTNBRFlBWkFBNUFERUFZd0F3QURnQVpRQTVBRGtBTWdBNUFHTUFJZ0FzQUNJQU1RQTRBRFFBT0FCZkFERUFNUUF4QUNJQUxBQWlBRFVBTmdCaEFEY0FNd0EyQURrQU1BQTNBR1lBTVFBNEFHUUFOd0F5QURNQVlnQTBBR0VBWWdBeEFHVUFZZ0F5QUNJQUxBQWlBREVBT1FBMkFEa0FYd0F4QURFQU1RQWlBQ3dBSWdBMUFEWUFPUUEwQUdVQVlnQXdBRFVBTndCbUFERUFPQUJrQURjQU1nQmhBRFFBT0FBMUFHUUFNUUExQURZQU5nQWlBQ3dBSWdBeEFEZ0FPQUF3QUY4QU1RQXhBREVBSWdBc0FDSUFOUUEyQURnQU5RQXlBRFVBTlFBMEFEY0FaZ0F4QURnQVpBQTNBREFBWWdBNUFEUUFPUUEyQURnQVpRQm1BR1VBSWdBc0FDSUFNUUEzQURVQU9BQmZBREVBTVFBeEFDSUFMQUFpQURVQU5nQTRBR1VBTndBd0FESUFNUUEzQUdZQU1RQTRBR1FBTndBeUFEVUFaZ0F3QUdJQU13Qm1BREVBTVFBeEFDSUFMQUFpQURFQU9BQXdBREVBWHdBeEFERUFNUUFpQUN3QUlnQTFBRFlBWVFBeEFHWUFNd0F6QURnQU53Qm1BREVBT0FCa0FEY0FNUUEwQURZQU5BQXdBR1VBTVFBekFEWUFOUUFpQUN3QUlnQXhBRGtBTkFBNEFGOEFNUUF4QURFQUlnQXNBQ0lBTlFBMkFHSUFOQUE0QURjQU1BQTRBRGNBWmdBeEFEZ0FaQUEzQURBQVpnQTJBREFBTndCaEFHRUFPUUJqQUdZQUlnQXNBQ0lBTWdBeEFEVUFNd0JmQURFQU1RQXhBQ0lBTEFBaUFEVUFOZ0E1QUdZQVpnQmlBRGdBTWdBM0FHWUFNUUE0QUdRQU53QXhBRGNBTVFBNEFHVUFOQUJsQUdZQU13QTFBQ0lBTEFBaUFERUFOUUE1QURFQVh3QXhBREVBTVFBaUFDd0FJZ0ExQURZQU9RQm1BR1lBWWdBNEFETUFOd0JtQURFQU9BQmtBRGNBTVFBM0FERUFPQUJsQURRQVpRQm1BRE1BTmdBaUFDd0FJZ0F4QURVQU1RQTRBRjhBTVFBeEFERUFJZ0FzQUNJQU5RQTJBRGdBWlFBNUFESUFaZ0F6QURjQVpnQXhBRGdBWkFBM0FESUFOUUJtQURBQVlnQXpBR1lBTVFBeUFEUUFJZ0FzQUNJQU1RQTRBREFBTlFCZkFERUFNUUF4QUNJQUxBQWlBRFVBTmdCaUFEY0FNd0F3QUdZQVlnQTNBR1lBTVFBNEFHUUFOd0F3QURRQU5BQTBBRGNBWlFBNUFHWUFZd0JqQUNJQUxBQWlBRElBTVFBNUFETUFYd0F4QURFQU1RQWlBQ3dBSWdBMUFEWUFOd0F6QUdVQVpBQmhBR1VBTWdCakFEY0FOZ0JrQURrQU1RQTNBRGdBWXdCaUFERUFOZ0EyQURJQU13QWlBQ3dBSWdBeEFEWUFOd0E1QUY4QU1RQXhBREVBSWdBc0FDSUFOUUEyQURrQVpnQm1BRGtBT1FCa0FEY0FaZ0F4QURnQVpBQTNBREVBTndBeEFEZ0FaUUEwQUdVQVpRQTJBREVBSWdBc0FDSUFNUUEwQURBQU5nQmZBREVBTVFBeEFDSUFMQUFpQURVQU5nQTVBR1lBWmdBNUFEa0FaUUEzQUdZQU1RQTRBR1FBTndBeEFEY0FNUUE0QUdVQU5BQmxBR1VBTmdBeUFDSUFMQUFpQURFQU13QTNBREFBWHdBeEFERUFNUUFpQUN3QUlnQTFBRFlBT1FCbUFHWUFPUUJoQURBQU53Qm1BREVBT0FCa0FEY0FNUUEzQURFQU9BQmxBRFFBWlFCbEFEWUFNd0FpQUN3QUlnQXhBRFFBTVFBNUFGOEFNUUF4QURFQUlnQXNBQ0lBTlFBMkFEa0FOUUF3QURZQU53QTNBRGNBWmdBeEFEZ0FaQUEzQURJQVlRQTBBRGdBTlFCa0FERUFOUUEyQUdZQUlnQXNBQ0lBTVFBNEFEZ0FOd0JmQURFQU1RQXhBQ0lBTEFBaUFEVUFOZ0EzQUdJQU9RQTNBRFFBTUFBeUFHTUFOd0EyQUdRQU9RQXdBRGtBTXdCakFEUUFaQUJrQURVQVpnQTFBQ0lBTEFBaUFERUFOd0F6QURZQVh3QXhBREVBTVFBaUFDd0FJZ0ExQURZQVlRQTVBRGtBTmdCakFHTUFNZ0JqQURjQU5nQmtBRGtBTVFCbUFHUUFNQUJtQUdNQVpBQXpBR1FBTXdBaUFDd0FJZ0F5QURBQU1RQTRBRjhBTVFBeEFERUFJZ0FzQUNJQU5RQTJBRGtBWmdCbUFHSUFPQUEyQURjQVpnQXhBRGdBWkFBM0FERUFOd0F4QURnQVpRQTBBR1VBWmdBekFEY0FJZ0FzQUNJQU1RQTBBRElBT1FCZkFERUFNUUF4QUNJQUxBQWlBRFVBTmdBMEFHSUFPUUJsQURZQU9BQTNBR1lBTVFBNEFHUUFOd0F5QURrQVlRQmpBRGdBT0FCaEFEa0FaZ0JqQUNJQUxBQWlBREVBTkFBMEFEUUFYd0F4QURFQU1RQWlBQ3dBSWdBMUFEWUFPUUJtQUdZQU9RQmhBRFFBTndCbUFERUFPQUJrQURjQU1RQTNBREVBT0FCbEFEUUFaUUJsQURZQU5BQWlBQ3dBSWdBeEFEWUFNUUEyQUY4QU1RQXhBREVBSWdBc0FDSUFOUUEyQURrQVpnQm1BR0lBT0FBM0FEY0FaZ0F4QURnQVpBQTNBREVBTndBeEFEZ0FaUUEwQUdVQVpnQXpBRGdBSWdBc0FDSUFNUUEwQURJQU1RQmZBREVBTVFBeEFDSUFMQUFpQURVQU5nQTVBR1lBWmdBNUFHRUFOZ0EzQUdZQU1RQTRBR1FBTndBeEFEY0FNUUE0QUdVQU5BQmxBR1VBTmdBMUFDSUFMQUFpQURFQU5RQXhBRElBWHdBeEFERUFNUUFpQUN3QUlnQTFBRFlBWWdCaUFERUFPQUJtQUdJQU53Qm1BREVBT0FCa0FEY0FNUUEwQUdVQU5BQmpBR1FBWmdCbEFHUUFOZ0FpQUN3QUlnQXlBRElBTkFBNUFGOEFNUUF4QURFQUlnQXNBQ0lBTlFBMkFEa0FaZ0JtQURrQVlRQTNBRGNBWmdBeEFEZ0FaQUEzQURFQU53QXhBRGdBWlFBMEFHVUFaUUEyQURZQUlnQXNBQ0lBTVFBMEFETUFOQUJmQURFQU1RQXhBQ0lBTEFBaUFEVUFOZ0JpQURnQVlnQmhBR1VBTlFBeUFHTUFOd0EyQUdRQU9RQXlBRGdBWkFCakFETUFZZ0JrQURZQU13QmtBQ0lBTEFBaUFESUFNZ0F4QURRQVh3QXhBREVBTVFBaUFDd0FJZ0ExQURZQU9RQmhBRFVBTUFCaUFEZ0FOd0JtQURFQU9BQmtBRGNBTWdCaUFHSUFOQUJrQUdZQVl3QmtBREVBWWdBaUFDd0FJZ0F4QURrQU1RQXlBRjhBTVFBeEFERUFJZ0FzQUNJQU5RQTJBRFVBT0FCaUFEWUFOQUF5QURjQVpnQXhBRGdBWkFBM0FEUUFOUUF4QUdNQU5BQXlBREVBT0FCbEFHRUFJZ0FzQUNJQU1RQTBBRGdBT0FCZkFERUFNUUF4QUNJQUxBQWlBRFVBTmdBNEFHWUFPUUF5QURVQU1nQTNBR1lBTVFBNEFHUUFOd0F4QURrQVpBQTBBR0lBTUFBNEFHWUFZd0E0QUNJQUxBQWlBREVBT0FBeEFESUFYd0F4QURFQU1RQWlBQ3dBSWdBMUFEWUFPUUJtQUdZQU9RQmhBR0lBTndCbUFERUFPQUJrQURjQU1RQTNBREVBT0FCbEFEUUFaUUJsQURZQU53QWlBQ3dBSWdBeEFEWUFNZ0F5QUY4QU1RQXhBREVBSWdBc0FDSUFOUUEyQUdFQU1nQXpBRE1BWmdCaEFEY0FaZ0F4QURnQVpBQTNBREVBTkFBMkFEUUFNQUJsQURFQU13QTNBRElBSWdBc0FDSUFNUUE1QURVQU1RQmZBREVBTVFBeEFDSUFMQUFpQURVQU5nQmlBRGtBWWdBMkFERUFOZ0F5QUdNQU53QTJBR1FBT1FBd0FEZ0FZZ0F3QUdJQU9RQTBBREVBTWdBM0FDSUFMQUFpQURJQU1nQXhBRGdBWHdBeEFERUFNUUFpQUN3QUlnQTFBRFlBWWdBMUFHTUFaUUJsQURVQU53Qm1BREVBT0FCa0FEY0FNQUEwQURRQU5BQTNBR1VBT1FCbUFEa0FOZ0FpQUN3QUlnQXlBREVBTndBekFGOEFNUUF4QURFQUlnQXNBQ0lBTlFBMkFEZ0FZd0JsQURRQU9RQTJBRGNBWmdBeEFEZ0FaQUEzQURFQU1RQmhBREFBWmdBMUFEWUFNUUJqQURrQUlnQXNBQ0lBTVFBM0FEY0FPQUJmQURFQU1RQXhBQ0lBTEFBaUFEVUFOZ0E1QUdZQVpnQTVBR0lBTVFBM0FHWUFNUUE0QUdRQU53QXhBRGNBTVFBNEFHVUFOQUJsQUdVQU5nQTRBQ0lBTEFBaUFERUFOUUF6QURjQVh3QXhBREVBTVFBaUFDd0FJZ0ExQURZQU9RQXpBRGNBTndCaEFETUFOd0JtQURFQU9BQmtBRGNBTXdBeEFEZ0FZd0F3QURrQVpnQTBBR1lBWkFBaUFDd0FJZ0F4QURnQU5BQTFBRjhBTVFBeEFERUFJZ0FzQUNJQU5RQTJBRGtBWmdCbUFEa0FZZ0F6QURjQVpnQXhBRGdBWkFBM0FERUFOd0F4QURnQVpRQTBBR1VBWlFBMkFEa0FJZ0FzQUNJQU1RQTBBRE1BTndCZkFERUFNUUF4QUNJQUxBQWlBRFVBTmdBM0FETUFaUUEyQUdNQVpnQXlBR01BTndBMkFHUUFPUUF4QURjQU9BQmpBR0lBTVFBMkFEWUFNZ0F4QUNJQUxBQWlBREVBTmdBM0FEY0FYd0F4QURFQU1RQWlBQ3dBSWdBMUFEWUFPUUF3QUdVQU5BQXhBR01BTWdCakFEY0FOZ0JrQURrQU1RQmpBREFBT0FCbEFEa0FPUUF5QURjQU9BQWlBQ3dBSWdBeEFEZ0FNd0F6QUY4QU1RQXhBREVBSWdBc0FDSUFOUUEyQUdJQU1nQXhBR1VBTkFBeEFESUFZd0EzQURZQVpBQTVBRElBWmdBMUFEQUFNZ0EwQURBQU1RQmtBRElBSWdBc0FDSUFNZ0F4QURFQU13QmZBREVBTVFBeEFDSUFMQUFpQURVQU5nQTVBR1lBWmdBNUFHSUFOZ0EzQUdZQU1RQTRBR1FBTndBeEFEY0FNUUE0QUdVQU5BQmxBR1VBTmdCaEFDSUFMQUFpQURFQU5BQTFBRElBWHdBeEFERUFNUUFpQUN3QUlnQTFBRFlBT1FCa0FEQUFPQUJpQURVQU53Qm1BREVBT0FCa0FEY0FNZ0JpQUdJQU5BQmtBR1lBWXdCa0FEWUFOQUFpQUN3QUlnQXhBRGtBTWdBNUFGOEFNUUF4QURFQUlnQXNBQ0lBTlFBMkFEa0FaZ0JtQURrQVlnQTNBRGNBWmdBeEFEZ0FaQUEzQURFQU53QXhBRGdBWlFBMEFHVUFaUUEyQUdJQUlnQXNBQ0lBTVFBMkFESUFNd0JmQURFQU1RQXhBQ0lBTEFBaUFEVUFOZ0JpQURNQU5BQTVBR0VBTkFBeUFHTUFOd0EyQUdRQU9RQXhBRGtBTmdCakFEZ0FOUUF3QURVQVlnQmpBQ0lBTEFBaUFESUFNUUF6QURRQVh3QXhBREVBTVFBaUFDd0FJZ0ExQURZQU9RQm1BR1lBWXdBMEFETUFOd0JtQURFQU9BQmtBRGNBTVFBM0FERUFPQUJsQURRQVpRQm1BRGtBTWdBaUFDd0FJZ0F4QURNQU5BQXlBRjhBTVFBeEFERUFJZ0FzQUNJQU5RQTJBRGtBWmdCbUFHTUFZUUF4QURjQVpnQXhBRGdBWkFBM0FERUFOd0F4QURnQVpRQTBBR1VBWmdCaUFHTUFJZ0FzQUNJQU1RQXpBRE1BTndCZkFERUFNUUF4QUNJQUxBQWlBRFVBTmdBNUFHWUFaZ0JqQUdFQU13QTNBR1lBTVFBNEFHUUFOd0F4QURjQU1RQTRBR1VBTkFCbEFHWUFZZ0JsQUNJQUxBQWlBREVBTXdBMEFEZ0FYd0F4QURFQU1RQWlBQ3dBSWdBMUFEWUFPUUJtQUdZQVl3QmhBRFlBTndCbUFERUFPQUJrQURjQU1RQTNBREVBT0FCbEFEUUFaUUJtQUdNQU1BQWlBQ3dBSWdBeEFETUFNd0EwQUY4QU1RQXhBREVBSWdBc0FDSUFOUUEyQURrQVpnQm1BR01BWWdCaEFEY0FaZ0F4QURnQVpBQTNBREVBTndBeEFEZ0FaUUEwQUdVQVpnQmpBR1lBSWdBc0FDSUFNUUF6QURRQU5BQmZBREVBTVFBeEFDSUFMQUFpQURVQU5nQTVBR1lBWmdCakFHSUFZd0EzQUdZQU1RQTRBR1FBTndBeEFEY0FNUUE0QUdVQU5BQmxBR1lBWkFBd0FDSUFMQUFpQURFQU13QTJBRFFBWHdBeEFERUFNUUFpQUN3QUlnQTFBRFlBT1FCbUFHWUFZd0JpQUdRQU53Qm1BREVBT0FCa0FEY0FNUUEzQURFQU9BQmxBRFFBWlFCbUFHUUFNUUFpQUN3QUlnQXhBRE1BTXdBMkFGOEFNUUF4QURFQUlnQXNBQ0lBTlFBMkFEa0FaZ0JtQUdNQVlnQm1BRGNBWmdBeEFEZ0FaQUEzQURFQU53QXhBRGdBWlFBMEFHVUFaZ0JrQURJQUlnQXNBQ0lBTVFBekFETUFNd0JmQURFQU1RQXhBQ0lBTEFBaUFEVUFOZ0E1QUdZQVpnQTNBR1VBWWdBM0FHWUFNUUE0QUdRQU53QXhBRGNBTVFBNEFHVUFOQUJsQUdRQVl3QTNBQ0lBTEFBaUFERUFNd0EwQURFQVh3QXhBREVBTVFBaUFDd0FJZ0ExQURZQU9RQm1BR1lBWWdCaEFHTUFOd0JtQURFQU9BQmtBRGNBTVFBM0FERUFPQUJsQURRQVpRQm1BRFFBWWdBaUFDd0FJZ0F4QURNQU5BQTFBRjhBTVFBeEFERUFJZ0FzQUNJQU5RQTJBRGtBWmdCbUFEY0FaZ0EyQURjQVpnQXhBRGdBWkFBM0FERUFOd0F4QURnQVpRQTBBR1VBWkFCakFHWUFJZ0FzQUNJQU1RQXpBRFVBTlFCZkFERUFNUUF4QUNJQUxBQWlBRFVBTmdBNUFHWUFaZ0JpQUdFQVpRQTNBR1lBTVFBNEFHUUFOd0F4QURjQU1RQTRBR1VBTkFCbEFHWUFOQUJqQUNJQUxBQWlBREVBTXdBekFEZ0FYd0F4QURFQU1RQWlBQ3dBSWdBMUFEWUFPUUJtQUdZQU53Qm1BRGtBTndCbUFERUFPQUJrQURjQU1RQTNBREVBT0FCbEFEUUFaUUJrQUdRQU1RQWlBQ3dBSWdBeEFETUFOZ0F4QUY4QU1RQXhBREVBSWdBc0FDSUFOUUEyQURrQVpnQm1BRGdBTUFCakFEY0FaZ0F4QURnQVpBQTNBREVBTndBeEFEZ0FaUUEwQUdVQVpBQmtBRGtBSWdBc0FDSUFNUUF6QURRQU1BQmZBREVBTVFBeEFDSUFMQUFpQURVQU5nQTVBR1lBWmdBNEFERUFOQUEzQUdZQU1RQTRBR1FBTndBeEFEY0FNUUE0QUdVQU5BQmxBR1FBWkFCbUFDSUFMQUFpQURFQU13QTBBRE1BWHdBeEFERUFNUUFpQUN3QUlnQTFBRFlBT1FCbUFHWUFPQUF5QUdNQU53Qm1BREVBT0FCa0FEY0FNUUEzQURFQU9BQmxBRFFBWlFCa0FHWUFNQUFpQUN3QUlnQXhBRE1BTkFBM0FGOEFNUUF4QURFQUlnQXNBQ0lBTlFBMkFEa0FaZ0JtQUdNQVpnQTJBRGNBWmdBeEFEZ0FaQUEzQURFQU53QXhBRGdBWlFBMEFHVUFaZ0JsQURJQUlnQXNBQ0lBTVFBekFETUFNUUJmQURFQU1RQXhBQ0lBTEFBaUFEVUFOZ0E1QUdZQVpnQTRBR1lBTUFBM0FHWUFNUUE0QUdRQU53QXhBRGNBTVFBNEFHVUFOQUJsQUdVQU13QTNBQ0lBTEFBaUFERUFNd0F6QURrQVh3QXhBREVBTVFBaUFDd0FJZ0ExQURZQU9RQm1BR1lBT1FCakFHWUFOd0JtQURFQU9BQmtBRGNBTVFBM0FERUFPQUJsQURRQVpRQmxBRGNBWXdBaUFDd0FJZ0F4QURNQU5RQTVBRjhBTVFBeEFERUFJZ0FzQUNJQU5RQTJBRFFBWWdBNUFHTUFOZ0EzQURjQVpnQXhBRGdBWkFBM0FERUFOZ0E0QURnQU9BQmtBREVBTmdCakFERUFJZ0FzQUNJQU1RQXpBRFlBTWdCZkFERUFNUUF4QUNJQUxBQWlBRFVBTmdBNUFHWUFaZ0E1QUdRQU9RQTNBR1lBTVFBNEFHUUFOd0F4QURjQU1RQTRBR1VBTkFCbEFHVUFPQUF6QUNJQUxBQWlBREVBTXdBMUFEY0FYd0F4QURFQU1RQWlBQ3dBSWdBMUFEWUFOUUJsQUdVQU5nQTRBR1FBTndCbUFERUFPQUJrQURjQU1nQXhBREFBT0FBMUFESUFZd0JqQURjQU1RQWlBQ3dBSWdBeEFEVUFOUUF4QUY4QU1RQXhBREVBSWdBc0FDSUFOUUEyQURVQVpRQmpBRGtBTUFBNEFEY0FaZ0F4QURnQVpBQTNBRElBTVFBd0FEZ0FOUUF5QUdNQVl3QTJBR0lBSWdBc0FDSUFNUUExQURRQU9BQmZBREVBTVFBeEFDSUFMQUFpQURVQU5nQTNBREVBTXdCbUFHUUFNQUF5QUdNQU53QTJBR1FBT1FBeUFHWUFZUUEwQUdNQU53QmxBR0lBWlFBeEFDSUFMQUFpQURFQU5nQTBBRFVBWHdBeEFERUFNUUFpQUN3QUlnQTFBRFlBT1FCbUFHWUFaQUF5QURRQU53Qm1BREVBT0FCa0FEY0FNUUEzQURFQU9BQmxBRFFBWlFCbUFHWUFNQUFpQUN3QUlnQXhBRE1BTVFBeUFGOEFNUUF4QURFQUlnQXNBQ0lBTlFBMkFEVUFaUUJqQUdRQVlRQTFBRGNBWmdBeEFEZ0FaQUEzQURJQU1RQXdBRGdBTlFBeUFHTUFZd0EyQUdNQUlnQXNBQ0lBTVFBMUFEVUFNQUJmQURFQU1RQXhBQ0lBTEFBaUFEVUFOZ0E0QUdRQU9RQXhBRGNBT0FBM0FHWUFNUUE0QUdRQU53QXhBRElBWmdCakFEZ0FPQUF5QURjQVpRQmhBQ0lBTEFBaUFERUFOd0E0QURZQVh3QXhBREVBTVFBaUFDd0FJZ0ExQURZQU9BQmtBRGtBTWdBMEFHWUFNZ0JqQURjQU5nQmtBRGtBTUFCbUFESUFZd0JqQURFQVpBQm1BRFlBTWdBaUFDd0FJZ0F4QURjQU9BQTVBRjhBTVFBeEFERUFJZ0FzQUNJQU5RQTJBRGtBWmdCbUFHSUFZd0JrQURjQVpnQXhBRGdBWkFBM0FERUFOd0F4QURnQVpRQTBBR1VBWmdBMUFHWUFJZ0FzQUNJQU1RQTFBRFlBTlFCZkFERUFNUUF4QUNJQUxBQWlBRFVBTmdBNUFHWUFaZ0JpQUdNQVpRQTNBR1lBTVFBNEFHUUFOd0F4QURjQU1RQTRBR1VBTkFCbEFHWUFOZ0F3QUNJQUxBQWlBREVBTkFBMkFEWUFYd0F4QURFQU1RQWlBQ3dBSWdBMUFEWUFPUUJtQUdZQVlnQmpBR1lBTndCbUFERUFPQUJrQURjQU1RQTNBREVBT0FCbEFEUUFaUUJtQURZQU1RQWlBQ3dBSWdBeEFEUUFNZ0E0QUY4QU1RQXhBREVBSWdBc0FDSUFOUUEyQUdFQVl3QTRBREFBWlFBMEFEY0FaZ0F4QURnQVpBQTNBRElBWXdBMEFEUUFaZ0F4QUdJQU5RQmhBRE1BSWdBc0FDSUFNZ0F3QURVQU1nQmZBREVBTVFBeEFDSUFMQUFpQURVQU5nQTVBREFBWlFCakFEZ0FaZ0F5QUdNQU53QTJBR1FBT1FBeEFHTUFNQUE0QUdVQU9RQTVBRElBTndCaUFDSUFMQUFpQURFQU9BQXpBRFVBWHdBeEFERUFNUUFpQUN3QUlnQTFBRFlBWVFCbUFEVUFNd0ExQURRQU53Qm1BREVBT0FCa0FEY0FNZ0JqQURRQU5BQm1BREVBWWdBMUFHTUFPQUFpQUN3QUlnQXlBREFBTmdBMEFGOEFNUUF4QURFQUlnQXNBQ0lBTlFBMkFEa0FaZ0JtQUdJQVpBQXlBRGNBWmdBeEFEZ0FaQUEzQURFQU53QXhBRGdBWlFBMEFHVUFaZ0EyQURJQUlnQXNBQ0lBTVFBMEFEQUFNZ0JmQURFQU1RQXhBQ0lBTEFBaUFEVUFOZ0JpQURBQVl3QmhBRFFBTXdBM0FHWUFNUUE0QUdRQU53QXlBR01BTkFBMEFHWUFNUUJpQURVQVpnQmhBQ0lBTEFBaUFESUFNQUE0QURRQVh3QXhBREVBTVFBaUFDd0FJZ0ExQURZQU9RQm1BR1lBWWdCa0FETUFOd0JtQURFQU9BQmtBRGNBTVFBM0FERUFPQUJsQURRQVpRQm1BRFlBTXdBaUFDd0FJZ0F4QURVQU53QTFBRjhBTVFBeEFERUFJZ0FzQUNJQU5RQTJBRGdBWlFCbEFETUFZd0EyQURjQVpnQXhBRGdBWkFBM0FESUFaQUEyQUdNQVlnQmlBRFVBT1FCaEFEUUFJZ0FzQUNJQU1RQTRBREVBTUFCZkFERUFNUUF4QUNJQUxBQWlBRFVBTmdCaUFHTUFPUUEwQUdRQU53QXlBR01BTndBMkFHUUFPUUF4QUdRQVlRQmpBRElBTWdBeEFEZ0FOZ0EzQUNJQUxBQWlBRElBTWdBMkFERUFYd0F4QURFQU1RQWlBQ3dBSWdBMUFEWUFZZ0JrQUdZQU1BQmtBR0lBTndCbUFERUFPQUJrQURjQU1BQmlBR1lBTkFBNEFERUFZZ0F3QURFQU1nQWlBQ3dBSWdBeUFESUFOd0EzQUY4QU1RQXhBREVBSWdBc0FDSUFOUUEyQURjQU13QmlBRGtBWmdCa0FESUFZd0EzQURZQVpBQTVBREVBTndBNEFHTUFZZ0F4QURZQU5nQXhBR1VBSWdBc0FDSUFNUUEyQURjQU5nQmZBREVBTVFBeEFDSUFMQUFpQURVQU5nQTVBR1lBWmdCaUFHUUFOZ0EzQUdZQU1RQTRBR1FBTndBeEFEY0FNUUE0QUdVQU5BQmxBR1lBTmdBMEFDSUFMQUFpQURFQU5BQTBBRElBWHdBeEFERUFNUUFpQUN3QUlnQTFBRFlBT1FCbUFHWUFPQUJtQURnQU53Qm1BREVBT0FCa0FEY0FNUUEzQURFQU9BQmxBRFFBWlFCbEFETUFaQUFpQUN3QUlnQXhBRFFBTWdBd0FGOEFNUUF4QURFQUlnQXNBQ0lBTlFBMkFHSUFPQUE1QURVQU9BQXdBRGNBWmdBeEFEZ0FaQUEzQURBQU5BQTBBRFFBTndCbEFHRUFNQUF4QURjQUlnQXNBQ0lBTWdBeUFEQUFOZ0JmQURFQU1RQXhBQ0lBTEFBaUFEVUFOZ0E1QURRQVpBQmhBRFFBTUFBeUFHTUFOd0EyQUdRQU9RQXhBRElBTVFBd0FHUUFNZ0ExQURNQU5BQXdBQ0lBTEFBaUFERUFPQUEzQURjQVh3QXhBREVBTVFBaUFDd0FJZ0ExQURZQU9RQm1BR1lBT0FCbUFHSUFOd0JtQURFQU9BQmtBRGNBTVFBM0FERUFPQUJsQURRQVpRQmxBRE1BWlFBaUFDd0FJZ0F4QURVQU1RQTNBRjhBTVFBeEFERUFJZ0FzQUNJQU5RQTJBRGdBWmdBNUFEVUFZZ0F6QURJQVl3QTNBRFlBWkFBNUFERUFZZ0JpQUdNQU5RQmxBR1VBT0FBMkFEa0FJZ0FzQUNJQU1RQTRBREVBTkFCZkFERUFNUUF4QUNJQUxBQWlBRFVBTmdCaUFEVUFZd0JpQURFQVl3QXlBR01BTndBMkFHUUFPUUF5QURnQVpBQmpBRE1BWWdCa0FEVUFZUUE0QUNJQUxBQWlBRElBTVFBM0FERUFYd0F4QURFQU1RQWlBQ3dBSWdBMUFEWUFZZ0F6QURJQU9RQTRBR1lBTWdCakFEY0FOZ0JrQURrQU1RQTVBRFlBWXdBNEFEVUFNQUExQUdFQU53QWlBQ3dBSWdBeUFERUFNZ0EzQUY4QU1RQXhBREVBSWdBc0FDSUFOUUEyQUdJQU1BQTJBRFFBT0FCakFEY0FaZ0F4QURnQVpBQTNBRElBWXdBMEFEUUFaZ0F4QUdJQU5RQmxBR1VBSWdBc0FDSUFNZ0F3QURjQU9RQmZBREVBTVFBeEFDSUFMQUFpQURVQU5nQmhBRFlBT0FBd0FEZ0FZUUF5QUdNQU53QTJBR1FBT1FBekFESUFOd0EwQURrQU5nQTVBR0lBWVFCa0FDSUFMQUFpQURFQU9RQTJBREVBWHdBeEFERUFNUUFpQUN3QUlnQTFBRFlBT1FCbUFHWUFPQUJtQUdRQU53Qm1BREVBT0FCa0FEY0FNUUEzQURFQU9BQmxBRFFBWlFCbEFETUFaZ0FpQUN3QUlnQXhBRFVBT0FBNEFGOEFNUUF4QURFQUlnQXNBQ0lBTlFBMkFHRUFOd0EwQURNQU9RQTVBRElBWXdBM0FEWUFaQUE1QURNQU1nQTNBRFFBT1FBMkFEa0FZZ0JqQUdNQUlnQXNBQ0lBTVFBNUFEY0FNQUJmQURFQU1RQXhBQ0lBTEFBaUFEVUFOZ0E1QUdZQVpnQTRBR1lBWmdBM0FHWUFNUUE0QUdRQU53QXhBRGNBTVFBNEFHVUFOQUJsQUdVQU5BQXdBQ0lBTEFBaUFERUFOUUF6QURrQVh3QXhBREVBTVFBaUFDd0FJZ0ExQURZQU9RQXpBRFlBWlFBNEFESUFNZ0JqQURjQU5nQmtBRGtBTVFCakFEQUFPQUJsQURrQU9RQXlBRGtBTndBaUFDd0FJZ0F4QURnQU5BQTBBRjhBTVFBeEFERUFJZ0FzQUNJQU5RQTJBRGtBWmdCbUFEa0FNQUF5QURjQVpnQXhBRGdBWkFBM0FERUFOd0F4QURnQVpRQTBBR1VBWlFBMEFERUFJZ0FzQUNJQU1RQTJBRGNBTkFCZkFERUFNUUF4QUNJQUxBQWlBRFVBTmdBNUFHWUFaZ0JqQURVQVlnQTNBR1lBTVFBNEFHUUFOd0F4QURjQU1RQTRBR1VBTkFCbEFHWUFZUUF6QUNJQUxBQWlBREVBTkFBNEFEWUFYd0F4QURFQU1RQWlBQ3dBSWdBMUFEWUFZUUE1QUdZQU1RQTNBRE1BTWdCakFEY0FOZ0JrQURrQU1RQm1BR1FBTUFCbUFHTUFaQUF6QUdVQU9BQWlBQ3dBSWdBeUFEQUFNZ0F6QUY4QU1RQXhBREVBSWdBc0FDSUFOUUEyQURjQU9RQTVBR1lBTlFBd0FEY0FaZ0F4QURnQVpBQTNBREFBWlFCbEFEUUFOUUF6QURZQVlRQmpBR01BSWdBc0FDSUFNUUEzQURJQU1BQmZBREVBTVFBeEFDSUFMQUFpQURVQU5nQmlBRFFBTndBeUFEY0FPUUEzQUdZQU1RQTRBR1FBTndBd0FHWUFOZ0F3QURjQVlRQmhBRGtBWWdCa0FDSUFMQUFpQURJQU1RQTBBRGNBWHdBeEFERUFNUUFpQUN3QUlnQTFBRFlBTndBekFHVUFZUUF5QUdNQU1nQmpBRGNBTmdCa0FEa0FNUUEzQURnQVl3QmlBREVBTmdBMkFESUFNZ0FpQUN3QUlnQXhBRFlBTndBNEFGOEFNUUF4QURFQUlnQXNBQ0lBTlFBMkFHRUFPQUEzQURBQVlnQXdBRGNBWmdBeEFEZ0FaQUEzQURJQU13QXhBR01BTUFCaUFHTUFNZ0JrQURVQUlnQXNBQ0lBTVFBNUFEa0FOQUJmQURFQU1RQXhBQ0lBTEFBaUFEVUFOZ0E1QUdZQVpnQmpBRFVBWmdBM0FHWUFNUUE0QUdRQU53QXhBRGNBTVFBNEFHVUFOQUJsQUdZQVlRQTBBQ0lBTEFBaUFERUFOZ0F5QURFQVh3QXhBREVBTVFBaUFDd0FJZ0ExQURZQU9RQm1BR1lBWWdCa0FEZ0FOd0JtQURFQU9BQmtBRGNBTVFBM0FERUFPQUJsQURRQVpRQm1BRFlBTlFBaUFDd0FJZ0F4QURRQU1RQTFBRjhBTVFBeEFERUFJZ0FzQUNJQU5RQTJBR0VBTmdBM0FEWUFZd0F4QURJQVl3QTNBRFlBWkFBNUFETUFNZ0EzQURRQU9RQTJBRGtBWWdCaEFEa0FJZ0FzQUNJQU1RQTVBRFVBT0FCZkFERUFNUUF4QUNJQUxBQWlBRFVBTmdCaUFERUFaZ0EyQUdFQU13QTNBR1lBTVFBNEFHUUFOd0F5QUdNQU5BQTBBR1lBTVFCaUFEWUFNZ0EwQUNJQUxBQWlBRElBTVFBd0FEWUFYd0F4QURFQU1RQWlBQ3dBSWdBMUFEWUFZUUE0QUdJQU9BQmxBRElBTndCbUFERUFPQUJrQURjQU1nQXpBREVBWXdBd0FHSUFZd0F6QURBQU5nQWlBQ3dBSWdBeUFEQUFNQUEzQUY4QU1RQXhBREVBSWdBc0FDSUFOUUEyQURrQVpnQm1BR0lBWkFBNUFEY0FaZ0F4QURnQVpBQTNBREVBTndBeEFEZ0FaUUEwQUdVQVpnQTJBRFlBSWdBc0FDSUFNUUExQURBQU1RQmZBREVBTVFBeEFDSUFMQUFpQURVQU5nQTVBR1lBWmdCaUFHUUFZUUEzQUdZQU1RQTRBR1FBTndBeEFEY0FNUUE0QUdVQU5BQmxBR1lBTmdBM0FDSUFMQUFpQURFQU13QTNBRGtBWHdBeEFERUFNUUFpQUN3QUlnQTFBRFlBT1FCbUFHWUFZZ0JrQUdNQU53Qm1BREVBT0FCa0FEY0FNUUEzQURFQU9BQmxBRFFBWlFCbUFEWUFPQUFpQUN3QUlnQXhBRFFBT1FBMEFGOEFNUUF4QURFQUlnQXNBQ0lBTlFBMkFHSUFNUUJoQURrQU9BQTFBRGNBWmdBeEFEZ0FaQUEzQURJQVl3QTBBRFFBWmdBeEFHSUFOZ0F3QUdZQUlnQXNBQ0lBTWdBd0FEa0FOZ0JmQURFQU1RQXhBQ0lBTEFBaUFEVUFOZ0E1QUdZQVpnQmlBR1FBWkFBM0FHWUFNUUE0QUdRQU53QXhBRGNBTVFBNEFHVUFOQUJsQUdZQU5nQTVBQ0lBTEFBaUFERUFNd0E1QURjQVh3QXhBREVBTVFBaUFDd0FJZ0ExQURZQVlnQTNBREVBT1FCaUFEY0FOd0JtQURFQU9BQmtBRGNBTUFBMEFEUUFOQUEzQUdVQU9RQm1BR0lBTmdBaUFDd0FJZ0F5QURFQU9BQTJBRjhBTVFBeEFERUFJZ0FzQUNJQU5RQTJBRGNBTXdCaEFHVUFZd0F3QURJQVl3QTNBRFlBWkFBNUFERUFOd0E0QUdNQVlnQXhBRFlBTmdBeEFHUUFJZ0FzQUNJQU1RQTJBRGNBTlFCZkFERUFNUUF4QUNJQUxBQWlBRFVBTmdBNEFHSUFPUUE1QUdVQU9RQXlBR01BTndBMkFHUUFPUUF4QURrQU1BQTBBR0VBT1FBMUFEa0FPUUE1QUNJQUxBQWlBREVBTndBMkFEa0FYd0F4QURFQU1RQWlBQ3dBSWdBMUFEWUFPUUJtQUdZQU9RQm1BREVBTndCbUFERUFPQUJrQURjQU1RQTNBREVBT0FCbEFEUUFaUUJsQURnQVlRQWlBQ3dBSWdBeEFEWUFOd0F5QUY4QU1RQXhBREVBSWdBc0FDSUFOUUEyQURrQVpnQm1BRGtBWmdBeUFEY0FaZ0F4QURnQVpBQTNBREVBTndBeEFEZ0FaUUEwQUdVQVpRQTRBR0lBSWdBc0FDSUFNUUEyQURjQU1RQmZBREVBTVFBeEFDSUFMQUFpQURVQU5nQTVBR1lBWmdBNUFHWUFNd0EzQUdZQU1RQTRBR1FBTndBeEFEY0FNUUE0QUdVQU5BQmxBR1VBT0FCakFDSUFMQUFpQURFQU5nQTNBREFBWHdBeEFERUFNUUFpQUN3QUlnQTFBRFlBT1FCbUFHWUFPUUJtQURVQU53Qm1BREVBT0FCa0FEY0FNUUEzQURFQU9BQmxBRFFBWlFCbEFEZ0FaQUFpQUN3QUlnQXhBRFlBTmdBNUFGOEFNUUF4QURFQUlnQXNBQ0lBTlFBMkFEa0FaZ0JtQURrQVpnQTJBRGNBWmdBeEFEZ0FaQUEzQURFQU53QXhBRGdBWlFBMEFHVUFaUUE0QUdVQUlnQXNBQ0lBTVFBMkFEWUFPQUJmQURFQU1RQXhBQ0lBTEFBaUFEVUFOZ0E1QUdZQVpnQTVBR1lBTndBM0FHWUFNUUE0QUdRQU53QXhBRGNBTVFBNEFHVUFOQUJsQUdVQU9BQm1BQ0lBTEFBaUFERUFOZ0EyQURjQVh3QXhBREVBTVFBaUFDd0FJZ0ExQURZQU9RQTFBREVBTmdCaUFEUUFNZ0JqQURjQU5nQmtBRGtBTVFBeUFERUFNQUJrQURJQU5RQXpBRFVBTkFBaUFDd0FJZ0F4QURnQU9BQTVBRjhBTVFBeEFERUFJZ0FzQUNJQU5RQTJBRGtBWmdCbUFHUUFNZ0E0QURjQVpnQXhBRGdBWkFBM0FERUFOd0F4QURnQVpRQTBBR1VBWmdCbUFERUFJZ0FzQUNJQU1RQTJBRFVBTVFCZkFERUFNUUF4QUNJQUxBQWlBRFVBTmdBMEFHSUFPUUJsQURZQU53QTNBR1lBTVFBNEFHUUFOd0F5QURrQVlRQmpBRGdBT0FCaEFEa0FaZ0JpQUNJQUxBQWlBREVBTXdBMkFEZ0FYd0F4QURFQU1RQWlBQ3dBSWdBMUFEWUFOQUJpQURrQVl3QTJBRGNBTndCbUFERUFPQUJrQURjQU1RQTJBRGdBT0FBNEFHUUFNUUEyQUdNQU5BQWlBQ3dBSWdBeEFEUUFNZ0EwQUY4QU1RQXhBREVBSWdBc0FDSUFOUUEyQURrQVpnQm1BR1FBTWdCa0FEY0FaZ0F4QURnQVpBQTNBREVBTndBeEFEZ0FaUUEwQUdVQVpnQm1BRFFBSWdBc0FDSUFNUUEyQURFQU1RQmZBREVBTVFBeEFDSUFMQUFpQURVQU5nQTRBR1FBT0FBNUFERUFZd0F5QUdNQU53QTJBR1FBT1FBd0FHWUFNZ0JqQUdNQU1RQmtBR1lBTlFCbEFDSUFMQUFpQURFQU53QTRBRFFBWHdBeEFERUFNUUFpQUN3QUlnQTFBRFlBT1FCbUFHWUFZd0F4QURnQU53Qm1BREVBT0FCa0FEY0FNUUEzQURFQU9BQmxBRFFBWlFCbUFEZ0FNQUFpQUN3QUlnQXhBRFlBTlFBMUFGOEFNUUF4QURFQUlnQXNBQ0lBTlFBMkFEY0FOQUExQURVQVlRQTNBRElBWXdBM0FEWUFaQUE1QURBQVpnQTNBREFBTUFBeUFESUFaQUJqQURVQUlnQXNBQ0lBTVFBMkFEZ0FOd0JmQURFQU1RQXhBQ0lBTEFBaUFEVUFOZ0E1QUdZQVpnQmpBREVBWVFBM0FHWUFNUUE0QUdRQU53QXhBRGNBTVFBNEFHVUFOQUJsQUdZQU9BQXhBQ0lBTEFBaUFERUFPQUF5QURrQVh3QXhBREVBTVFBaUFDd0FJZ0ExQURZQU53QTRBR0lBTVFBeUFEY0FNZ0JqQURjQU5nQmtBRGtBTVFBd0FETUFPQUF5QURnQVlRQTRBREFBT1FBaUFDd0FJZ0F4QURjQU1RQXpBRjhBTVFBeEFERUFJZ0FzQUNJQU5RQTJBRGNBT0FCaEFHSUFOQUEzQURJQVl3QTNBRFlBWkFBNUFERUFNQUF6QURnQU1nQTRBR0VBT0FBd0FEZ0FJZ0FzQUNJQU1RQTNBREVBTWdCZkFERUFNUUF4QUNJQUxBQWlBRFVBTmdBMEFHSUFPUUJsQURZQU9RQTNBR1lBTVFBNEFHUUFOd0F5QURrQVlRQmpBRGdBT0FCaEFEa0FaZ0JrQUNJQUxBQWlBREVBTXdBekFESUFYd0F4QURFQU1RQWlBQ3dBSWdBMUFEWUFOQUJpQURrQVl3QTJBRGdBTndCbUFERUFPQUJrQURjQU1RQTJBRGdBT0FBNEFHUUFNUUEyQUdNQU5RQWlBQ3dBSWdBeEFETUFOZ0EyQUY4QU1RQXhBREVBSWdBc0FDSUFOUUEyQURjQU9RQmpBRFVBWlFBd0FEY0FaZ0F4QURnQVpBQTNBREFBWmdBMkFEZ0FOZ0E1QUdVQVpBQTRBR1FBSWdBc0FDSUFNUUEzQURNQU1BQmZBREVBTVFBeEFDSUFMQUFpQURVQU5nQTJBR0VBT0FBMkFHVUFaUUF5QUdNQU53QTJBR1FBT1FBeUFHTUFNZ0EwQURZQVlRQmxBRFlBTWdBNUFDSUFMQUFpQURFQU5nQXdBRGdBWHdBeEFERUFNUUFpQUN3QUlnQTFBRFlBTndBd0FEZ0FZd0ExQUdJQU53Qm1BREVBT0FCa0FEY0FNUUJtQUdNQVl3QTVBRGNBTlFBekFEY0FNUUFpQUN3QUlnQXhBRFlBTXdBMkFGOEFNUUF4QURFQUlnQXNBQ0lBTlFBMkFEZ0FaQUEwQURjQU5RQXlBRElBWXdBM0FEWUFaQUE1QURBQU9RQTNBREFBTndBMUFETUFOUUJrQUdJQUlnQXNBQ0lBTVFBM0FEZ0FNUUJmQURFQU1RQXhBQ0lBTEFBaUFEVUFOZ0F6QUdJQVpBQmlBR1FBTndBeUFHTUFOd0EyQUdRQU9RQXdBR1FBT0FBNEFEWUFaQUExQUdJQU53QmxBQ0lBTEFBaUFERUFNd0E1QURZQVh3QXhBREVBTVFBaUFDd0FJZ0ExQURZQU5BQTFBRElBTVFBeUFHTUFOd0JtQURFQU9BQmtBRGNBTWdCbEFEQUFNQUJoQURBQU1BQTVBRGdBWXdBaUFDd0FJZ0F4QURRQU1nQTJBRjhBTVFBeEFERUFJZ0FzQUNJQU5RQTJBRGNBTVFCakFHRUFNUUJoQURjQVpnQXhBRGdBWkFBM0FEQUFaZ0JqQUdNQU9BQmhBR1FBT1FBMEFHVUFJZ0FzQUNJQU1RQTJBRFVBTWdCZkFERUFNUUF4QUNJQUxBQWlBRFVBTmdBMUFHWUFOd0F6QUdFQU9BQXlBR01BTndBMkFHUUFPUUF5QURNQU1BQTBBRFVBTkFBeEFEa0FPQUE1QUNJQUxBQWlBREVBTlFBMUFEZ0FYd0F4QURFQU1RQWlBQ3dBSWdBMUFEWUFNd0JoQURZQU5BQXlBRFVBTWdCakFEY0FOZ0JrQURrQU1nQTFBR01BWXdCakFHTUFaUUE0QURnQU1nQWlBQ3dBSWdBeEFETUFPQUEyQUY4QU1RQXhBREVBSWdBc0FDSUFOUUEyQURnQVl3QTBBR1lBTmdBMkFESUFZd0EzQURZQVpBQTVBREFBWmdCaUFEZ0FaQUJrQURRQU1RQmtBRGNBSWdBc0FDSUFNUUEzQURjQU5RQmZBREVBTVFBeEFDSUFMQUFpQURVQU5nQTVBR1lBWmdCaEFERUFNd0EzQUdZQU1RQTRBR1FBTndBeEFEY0FNUUE0QUdVQU5BQmxBR1VBT1FBMUFDSUFMQUFpQURFQU5nQTJBRFlBWHdBeEFERUFNUUFpQUN3QUlnQTFBRFlBT1FBMUFEWUFPUUF3QUdNQU53Qm1BREVBT0FCa0FEY0FNQUJtQURZQU1BQmxBRE1BTlFCaEFHUUFOQUFpQUN3QUlnQXhBRGdBT1FBeEFGOEFNUUF4QURFQUlnQXNBQ0lBTlFBMkFEZ0FaQUE1QURFQU9BQmxBRElBWXdBM0FEWUFaQUE1QURBQVpnQXlBR01BWXdBeEFHUUFaZ0EyQURFQUlnQXNBQ0lBTVFBM0FEZ0FPQUJmQURFQU1RQXhBQ0lBTEFBaUFEVUFOZ0E1QURRQU1BQm1BRGtBT0FBM0FHWUFNUUE0QUdRQU53QXpBR1FBTVFBNEFEa0FNQUEwQUdJQVpBQTRBQ0lBTEFBaUFERUFPQUExQURrQVh3QXhBREVBTVFBaUFDd0FJZ0ExQURZQVlRQTRBR0lBTWdCaEFETUFNZ0JqQURjQU5nQmtBRGtBTVFCbUFHUUFNQUJtQUdNQVpBQXpBREFBWmdBaUFDd0FJZ0F5QURBQU1BQTJBRjhBTVFBeEFERUFJZ0FzQUNJQU5RQTJBR0VBT0FBNEFEY0FaQUEyQURJQVl3QTNBRFlBWkFBNUFERUFaZ0JrQURBQVpnQmpBR1FBTWdCbUFESUFJZ0FzQUNJQU1nQXdBREFBTkFCZkFERUFNUUF4QUNJQUxBQWlBRFVBTmdBM0FEUUFOUUE1QUdJQU5nQXlBR01BTndBMkFHUUFPUUF3QUdZQU53QXdBREFBTWdBeUFHUUFZd0EyQUNJQUxBQWlBREVBTmdBNEFEWUFYd0F4QURFQU1RQWlBQ3dBSWdBMUFEWUFPQUJrQUdFQU53QTRBREFBTWdCakFEY0FOZ0JrQURrQU1nQXdBRGNBWXdBNUFERUFNd0EwQURRQVlnQWlBQ3dBSWdBeEFEY0FPUUF6QUY4QU1RQXhBREVBSWdBc0FDSUFOUUEyQURjQU5BQTFBRE1BTWdCaUFEY0FaZ0F4QURnQVpBQTNBREVBTVFBMEFHTUFZUUF4QURZQVl3QXlBREVBSWdBc0FDSUFNUUEyQURnQU5RQmZBREVBTVFBeEFDSUFMQUFpQURVQU5nQmhBRGtBTXdBMEFEUUFZZ0EzQUdZQU1RQTRBR1FBTndBeUFETUFNUUJqQURBQVlnQmpBRE1BTkFCaEFDSUFMQUFpQURJQU1BQXhBRGNBWHdBeEFERUFNUUFpQUN3QUlnQTFBRFlBTndBekFESUFaQUJsQUdRQU53Qm1BREVBT0FCa0FEY0FNQUF4QUdVQU9BQmlBR1lBWmdCakFEUUFZZ0FpQUN3QUlnQXhBRFlBT0FBMEFGOEFNUUF4QURFQUlnQXNBQ0lBTlFBMkFEa0FaZ0JtQUdFQVlRQmlBRGNBWmdBeEFEZ0FaQUEzQURFQU53QXhBRGdBWlFBMEFHVUFaUUJqQUdRQUlnQXNBQ0lBTVFBMkFEY0FNd0JmQURFQU1RQXhBQ0lBTEFBaUFEVUFOZ0E1QUdZQVpnQmhBR0VBWXdBM0FHWUFNUUE0QUdRQU53QXhBRGNBTVFBNEFHVUFOQUJsQUdVQVl3QmxBQ0lBTEFBaUFERUFOZ0EyQURVQVh3QXhBREVBTVFBaUFDd0FJZ0ExQURZQU9RQm1BR1lBWVFCaEFHUUFOd0JtQURFQU9BQmtBRGNBTVFBM0FERUFPQUJsQURRQVpRQmxBR01BWmdBaUFDd0FJZ0F4QURZQU5nQTBBRjhBTVFBeEFERUFJZ0FzQUNJQU5RQTJBRGtBWmdCbUFHRUFZUUJsQURjQVpnQXhBRGdBWkFBM0FERUFOd0F4QURnQVpRQTBBR1VBWlFCa0FEQUFJZ0FzQUNJQU1RQTJBRFlBTXdCZkFERUFNUUF4QUNJQUxBQWlBRFVBTmdBNUFHWUFaZ0JoQUdFQVpnQTNBR1lBTVFBNEFHUUFOd0F4QURjQU1RQTRBR1VBTkFCbEFHVUFaQUF4QUNJQUxBQWlBREVBTmdBMkFESUFYd0F4QURFQU1RQWlBQ3dBSWdBMUFEWUFZUUE0QURjQU5nQXlBR01BTndCbUFERUFPQUJrQURjQU1nQXpBREVBWXdBd0FHSUFZd0F5QUdRQU53QWlBQ3dBSWdBeEFEa0FPUUEyQUY4QU1RQXhBREVBSWdBc0FDSUFOUUEyQUdJQU1nQTBBR1FBWWdBMUFEY0FaZ0F4QURnQVpBQTNBREVBWmdBMkFEUUFOd0JqQURnQU5BQmtBRGNBSWdBc0FDSUFNZ0F4QURFQU53QmZBREVBTVFBeEFDSUFMQUFpQURVQU5nQTNBREVBWkFBNUFEQUFNd0EzQUdZQU1RQTRBR1FBTndBd0FHWUFZd0JqQURnQVlRQmtBRGtBTlFBeEFDSUFMQUFpQURFQU5nQTFBRFFBWHdBeEFERUFNUUFpQUN3QUlnQTFBRFlBT0FCa0FEa0FaZ0F3QUdNQU1nQmpBRGNBTmdCa0FEa0FNQUJtQURJQVl3QmpBREVBWkFCbUFEWUFNd0FpQUN3QUlnQXhBRGNBT1FBeEFGOEFNUUF4QURFQUlnQXNBQ0lBTlFBMkFEVUFaZ0F5QURVQU13QTJBRElBWXdBM0FEWUFaQUE1QURJQU5RQTNBREFBT0FBeUFEVUFOd0ExQURrQUlnQXNBQ0lBTVFBMUFEVUFOUUJmQURFQU1RQXhBQ0lBTEFBaUFEVUFOZ0EzQUdNQU1nQmpBR1lBTVFBeUFHTUFOd0EyQUdRQU9RQXdBR1VBTVFBMEFETUFPUUJrQURjQU9RQTFBQ0lBTEFBaUFERUFOd0EwQURBQVh3QXhBREVBTVFBaUFDd0FJZ0ExQURZQU53QmpBRElBWWdBNUFHTUFNZ0JqQURjQU5nQmtBRGtBTUFCbEFERUFOQUF6QURrQVpBQTNBRGtBTXdBaUFDd0FJZ0F4QURjQU5BQXhBRjhBTVFBeEFERUFJZ0FzQUNJQU5RQTJBRGNBT1FBMUFEZ0FNZ0E0QURJQVl3QTNBRFlBWkFBNUFERUFNQUF6QURnQU1nQTRBR0VBT0FBeUFEa0FJZ0FzQUNJQU1RQTNBREVBTmdCZkFERUFNUUF4QUNJQUxBQWlBRFVBTmdBNUFHWUFaZ0E0QURRQVlRQTNBR1lBTVFBNEFHUUFOd0F4QURjQU1RQTRBR1VBTkFCbEFHUUFaZ0JtQUNJQUxBQWlBREVBTkFBMkFEQUFYd0F4QURFQU1RQWlBQ3dBSWdBMUFEWUFPUUJtQUdZQU9BQTBBR01BTndCbUFERUFPQUJrQURjQU1RQTNBREVBT0FCbEFEUUFaUUJsQURBQU1BQWlBQ3dBSWdBeEFEWUFNUUExQUY4QU1RQXhBREVBSWdBc0FDSUFOUUEyQURjQU9BQXlBRElBWVFBd0FESUFZd0EzQURZQVpBQTVBREFBWmdBM0FEQUFNQUF5QURJQVpBQm1BR1lBSWdBc0FDSUFNUUEzQURBQU5RQmZBREVBTVFBeEFDSUFMQUFpQURVQU5nQTJBR0lBTWdCakFEZ0FNQUEzQUdZQU1RQTRBR1FBTndBeUFHVUFaZ0EwQURrQVpnQTJBR1lBTmdBd0FDSUFMQUFpQURFQU5nQXhBRFFBWHdBeEFERUFNUUFpQUN3QUlnQTFBRFlBTmdBNUFHVUFaZ0F4QUdNQU1nQmpBRGNBTmdCa0FEa0FNZ0JqQURJQU5BQTJBR0VBWlFBMkFERUFZd0FpQUN3QUlnQXhBRFlBTUFBekFGOEFNUUF4QURFQUlnQXNBQ0lBTlFBMkFETUFZUUEyQURVQVpnQTBBRGNBWmdBeEFEZ0FaQUEzQURBQVpnQXdBREFBTVFCaUFEZ0FNUUJrQURBQUlnQXNBQ0lBTVFBekFEZ0FOd0JmQURFQU1RQXhBQ0lBTEFBaUFEVUFOZ0E1QURVQU5nQmhBR1FBTUFBeUFHTUFOd0EyQUdRQU9RQXdBR1VBTXdBMEFESUFNQUJtQUdNQU13QXpBQ0lBTEFBaUFERUFPQUE1QURJQVh3QXhBREVBTVFBaUFDd0FJZ0ExQURZQU9BQTBBRFFBT1FCakFETUFNZ0JqQURjQU5nQmtBRGtBTUFCa0FHSUFOQUF5QURBQU5nQm1BRGNBTkFBaUFDd0FJZ0F4QURjQU5RQXhBRjhBTVFBeEFERUFJZ0FzQUNJQU5RQTJBRFVBWmdBMEFEa0FaZ0EyQURjQVpnQXhBRGdBWkFBM0FERUFOQUE1QURRQVpnQmlBR1lBWVFCa0FEVUFJZ0FzQUNJQU1RQTFBRFVBTmdCZkFERUFNUUF4QUNJQUxBQWlBRFVBTmdBNUFEUUFNQUE0QURNQVpnQXlBR01BTndBMkFHUUFPUUF5QURJQU53QmpBR0lBTndBeEFHVUFOd0EyQUNJQUxBQWlBREVBT0FBMUFEZ0FYd0F4QURFQU1RQWlBQ3dBSWdBMUFEWUFPUUF3QURBQU53QTBBRFlBTndCbUFERUFPQUJrQURjQU13QTBBRFVBT0FBNUFHUUFNZ0ExQUdFQU13QWlBQ3dBSWdBeEFEZ0FNZ0EwQUY4QU1RQXhBREVBSWdBc0FDSUFOUUEyQURNQU13QmlBR1lBTndCaUFEY0FaZ0F4QURnQVpBQTNBRE1BTkFCbEFEQUFNd0JtQURrQU1nQmtBRE1BSWdBc0FDSUFNUUF6QURjQU1RQmZBREVBTVFBeEFDSUFMQUFpQURVQU5nQmhBRGdBWWdBeEFETUFPUUEzQUdZQU1RQTRBR1FBTndBeUFETUFNUUJqQURBQVlnQmpBRE1BTUFBekFDSUFMQUFpQURJQU1BQXdBRFVBWHdBeEFERUFNUUFpQUN3QUlnQTFBRFlBWWdCaUFEa0FNd0JoQURNQU53Qm1BREVBT0FCa0FEY0FNUUEzQURRQU5BQmpBR01BTUFCbUFHUUFNUUFpQUN3QUlnQXlBRElBTlFBekFGOEFNUUF4QURFQUlnQXNBQ0lBTlFBMkFHRUFPQUE0QURZQVpnQXhBRGNBWmdBeEFEZ0FaQUEzQURJQU13QXhBR01BTUFCaUFHTUFNZ0JsQURnQUlnQXNBQ0lBTWdBd0FEQUFNd0JmQURFQU1RQXhBQ0lBTEFBaUFEVUFOZ0E0QUdRQVlnQTNBR0VBWVFBeUFHTUFOd0EyQUdRQU9RQXdBRGdBTndCakFESUFPUUE0QURVQU5nQTJBQ0lBTEFBaUFERUFOd0E1QURZQVh3QXhBREVBTVFBaUFDd0FJZ0ExQURZQU53QXlBR1FBTlFBMkFHRUFOd0JtQURFQU9BQmtBRGNBTVFCbUFEZ0FNQUE0QUdJQVlnQTVBRGdBWlFBaUFDd0FJZ0F4QURZQU5RQTVBRjhBTVFBeEFERUFJZ0FzQUNJQU5RQTJBRGNBTkFBMUFHUUFOQUF6QURJQVl3QTNBRFlBWkFBNUFEQUFaZ0EzQURBQU1BQXlBRElBWkFCakFEa0FJZ0FzQUNJQU1RQTJBRGtBTUFCZkFERUFNUUF4QUNJQUxBQWlBRFVBTmdBMkFEVUFaZ0F3QUdFQU9BQTNBR1lBTVFBNEFHUUFOd0F5QUdRQU1RQTBBREVBTUFBMUFEWUFOUUJrQUNJQUxBQWlBREVBTlFBNUFEVUFYd0F4QURFQU1RQWlBQ3dBSWdBMUFEWUFPUUF3QURFQU5RQTRBR0VBTndCbUFERUFPQUJrQURjQU13QXhBRGdBWXdBd0FEa0FaZ0EwQUdRQU13QWlBQ3dBSWdBeEFEZ0FNZ0ExQUY4QU1RQXhBREVBSWdBc0FDSUFOUUEyQURnQVpBQmhBR01BWkFBMUFESUFZd0EzQURZQVpBQTVBRElBTUFBM0FHTUFPUUF4QURNQU5BQTBBR01BSWdBc0FDSUFNUUEzQURrQU5BQmZBREVBTVFBeEFDSUFMQUFpQURVQU5nQTRBR1FBWVFBekFEZ0FNZ0F5QUdNQU53QTJBR1FBT1FBd0FHWUFNZ0JqQUdNQU1RQmtBR1lBTmdBMEFDSUFMQUFpQURFQU53QTVBRElBWHdBeEFERUFNUUFpQUN3QUlnQTFBRFlBTndBeUFHUUFOZ0F6QUdZQU1nQmpBRGNBTmdCa0FEa0FNQUJoQUdNQVl3QTFBR0VBTVFBd0FEWUFOUUFpQUN3QUlnQXhBRFlBTmdBd0FGOEFNUUF4QURFQUlnQXNBQ0lBTlFBMkFEWUFNUUJsQURFQVl3QXhBRElBWXdBM0FEWUFaQUE1QURJQVpnQXdBRGdBTVFCaEFEZ0FOZ0F4QURBQUlnQXNBQ0lBTVFBMUFEZ0FOQUJmQURFQU1RQXhBQ0lBTEFBaUFEVUFOZ0EzQURFQU5BQXdBRElBWVFBeUFHTUFOd0EyQUdRQU9RQXlBR1lBWVFBMEFHTUFOd0JsQUdJQVpRQXlBQ0lBTEFBaUFERUFOZ0EwQURJQVh3QXhBREVBTVFBaUFDd0FJZ0ExQURZQVlnQmlBREVBTUFBNEFHUUFNZ0JqQURjQU5nQmtBRGtBTVFBekFHWUFOQUE0QURJQU1BQTBBR1lBTVFBaUFDd0FJZ0F5QURJQU5BQTNBRjhBTVFBeEFERUFJZ0FzQUNJQU5RQTJBR0lBWWdBeEFERUFNd0F3QURjQVpnQXhBRGdBWkFBM0FEQUFaUUJsQURBQVpnQmxBR1FBT1FBMEFHUUFJZ0FzQUNJQU5RQTJBRGtBTkFBeUFESUFZUUExQURJQVl3QTNBRFlBWkFBNUFESUFNZ0EzQUdNQVlnQTNBREVBWlFBM0FEa0FJZ0FzQUNJQU1RQTRBRFlBTWdCZkFERUFNUUF4QUNJQUxBQWlBRFVBTmdBMUFEUUFPQUF5QURZQVpRQTNBR1lBTVFBNEFHUUFOd0F3QURrQU1RQmpBR1FBWVFCbUFHTUFPUUF6QUNJQUxBQWlBREVBTkFBM0FERUFYd0F4QURFQU1RQWlBQ3dBSWdBMUFEWUFOd0F3QURnQU1BQmxBRElBTWdCakFEY0FOZ0JrQURrQU1nQTRBR0VBWXdBd0FHVUFOZ0ExQUdZQU5BQWlBQ3dBSWdBeEFEWUFNd0F6QUY4QU1RQXhBREVBSWdBc0FDSUFOUUEyQURnQU13Qm1BRFVBTVFCaUFEY0FaZ0F4QURnQVpBQTNBREVBT0FCbEFEZ0FOUUEzQUdZQU53QmpBRE1BSWdBc0FDSUFNUUEzQURRQU9BQmZBREVBTVFBeEFDSUFMQUFpQURVQU5nQTNBRFFBTmdBMkFEa0FOUUF5QUdNQU53QTJBR1FBT1FBd0FHWUFOd0F3QURBQU1nQXlBR1FBWXdCbEFDSUFMQUFpQURFQU5nQTVBRFVBWHdBeEFERUFNUUFpQUN3QUlnQTFBRFlBWVFCaEFEZ0FZd0JpQUdZQU1nQmpBRGNBTmdCa0FEa0FNd0F5QURJQU1BQXpBRFVBTmdBekFHTUFZd0FpQUN3QUlnQXlBREFBTXdBMEFGOEFNUUF4QURFQUlnQXNBQ0lBTlFBMkFEa0FNQUF5QURZQU13QmpBRGNBWmdBeEFEZ0FaQUEzQURNQU1RQTRBR01BTUFBNUFHWUFOQUJrQURVQUlnQXNBQ0lBTVFBNEFESUFOd0JmQURFQU1RQXhBQ0lBTEFBaUFEVUFOZ0E1QUdVQU9RQmlBR01BTkFBM0FHWUFNUUE0QUdRQU53QXlBR1FBWXdCakFHVUFOQUE0QUdZQU13QmlBQ0lBTEFBaUFERUFPUUF6QURFQVh3QXhBREVBTVFBaUFDd0FJZ0ExQURZQVlRQTVBREVBWWdCbUFESUFOd0JtQURFQU9BQmtBRGNBTWdBekFERUFZd0F3QUdJQVl3QXpBRE1BWXdBaUFDd0FJZ0F5QURBQU1RQTFBRjhBTVFBeEFERUFJZ0FzQUNJQU5RQTJBR0VBT1FBeEFHWUFaQUEwQURJQVl3QTNBRFlBWkFBNUFERUFaZ0JrQURBQVpnQmpBR1FBTXdBMEFEY0FJZ0FzQUNJQU1nQXdBREVBTmdCZkFERUFNUUF4QUNJQUxBQWlBRFVBTmdCaUFHTUFaZ0EyQUdVQVpRQTNBR1lBTVFBNEFHUUFOd0F3QUdJQVpnQTBBRGdBTVFCaEFHWUFaUUE1QUNJQUxBQWlBRElBTWdBM0FERUFYd0F4QURFQU1RQWlBQ3dBSWdBMUFEWUFOd0E1QUdFQU13Qm1BR0lBTWdCakFEY0FOZ0JrQURrQU1BQTNBR01BWXdBekFHWUFNQUF4QURjQU13QWlBQ3dBSWdBeEFEY0FNZ0F4QUY4QU1RQXhBREVBSWdBc0FDSUFOUUEyQURjQU9RQTVBR01BWmdCa0FEY0FaZ0F4QURnQVpBQTNBREFBWlFCbEFEUUFOUUF6QURZQVlRQmpBR0lBSWdBc0FDSUFNUUEzQURFQU9RQmZBREVBTVFBeEFDSUFMQUFpQURVQU5nQTRBR1FBWWdBd0FERUFNZ0EzQUdZQU1RQTRBR1FBTndBd0FEWUFOQUE0QURZQU53QmtBR0VBTUFBeEFDSUFMQUFpQURFQU53QTVBRFVBWHdBeEFERUFNUUFpQUN3QUlnQTFBRFlBTndCaEFHVUFZd0JoQUdJQU1nQmpBRGNBTmdCa0FEa0FNUUEyQUdNQVl3QmlBR1lBWWdBd0FEWUFZd0FpQUN3QUlnQXhBRGNBTXdBekFGOEFNUUF4QURFQUlnQXNBQ0lBTlFBMkFHSUFZZ0F4QURBQVpnQXhBRGNBWmdBeEFEZ0FaQUEzQURFQU5BQmxBRFFBWXdCa0FHWUFaUUJrQURJQUlnQXNBQ0lBTWdBeUFEUUFPQUJmQURFQU1RQXhBQ0lBTEFBaUFEVUFOZ0EzQURJQVpBQTNBRGdBWXdBM0FHWUFNUUE0QUdRQU53QXhBR1lBT0FBd0FEZ0FZZ0JpQURrQU9BQm1BQ0lBTEFBaUFERUFOZ0EyQURFQVh3QXhBREVBTVFBaUFDd0FJZ0ExQURZQU1nQmxBRGdBT1FBMUFHWUFOd0JtQURFQU9BQmtBRGNBTUFCa0FEWUFOQUJoQUdZQVlRQmlBREFBWXdBaUFDd0FJZ0F4QURNQU5nQTFBRjhBTVFBeEFERUFJZ0FzQUNJQU5RQTJBR0lBWlFBd0FHTUFNZ0JqQURJQVl3QTNBRFlBWkFBNUFERUFaQUJoQUdNQU1nQXlBREVBT0FCbUFHWUFJZ0FzQUNJQU1nQXlBRGdBTndCZkFERUFNUUF4QUNJQUxBQWlBRFVBTmdBM0FEUUFOZ0ExQURVQVlRQXlBR01BTndBMkFHUUFPUUF3QUdZQU53QXdBREFBTWdBeUFHUUFZd0JrQUNJQUxBQWlBREVBTmdBNUFEUUFYd0F4QURFQU1RQWlBQ3dBSWdBMUFEWUFPQUEwQURVQU53QXpBRElBTWdCakFEY0FOZ0JrQURrQU1BQmtBR0lBTkFBeUFEQUFOZ0JtQURjQVpRQWlBQ3dBSWdBeEFEY0FOUUEwQUY4QU1RQXhBREVBSWdBc0FDSUFOUUEyQUdFQU1RQTJBRElBTWdBeUFEY0FaZ0F4QURnQVpBQTNBREVBTkFBMkFEUUFNQUJsQURFQU13QTFBRGdBSWdBc0FDSUFNUUE1QURRQU5RQmZBREVBTVFBeEFDSUFMQUFpQURVQU5nQTVBREFBTVFBNEFERUFNUUF5QUdNQU53QTJBR1FBT1FBeEFHTUFNQUE0QUdVQU9RQTVBRElBTndBeUFDSUFMQUFpQURFQU9BQXlBRFlBWHdBeEFERUFNUUFpQUN3QUlnQTFBRFlBTndBeUFHTUFaZ0JpQURJQU1nQmpBRGNBTmdCa0FEa0FNQUJoQUdNQVl3QTFBR0VBTVFBd0FEUUFaUUFpQUN3QUlnQXhBRFlBTlFBNEFGOEFNUUF4QURFQUlnQXNBQ0lBTlFBMkFEa0FOQUF3QURFQVlRQmhBRElBWXdBM0FEWUFaQUE1QURJQU1nQTNBR01BWWdBM0FERUFaUUEzQURVQUlnQXNBQ0lBTVFBNEFEVUFOZ0JmQURFQU1RQXhBQ0lBTEFBaUFEVUFOZ0JoQURnQU5nQm1BR0lBWmdBM0FHWUFNUUE0QUdRQU53QXlBRE1BTVFCakFEQUFZZ0JqQURJQVpBQTBBQ0lBTEFBaUFERUFPUUE1QURVQVh3QXhBREVBTVFBaUFDd0FJZ0ExQURZQVlnQXlBREVBWWdCa0FERUFNZ0JqQURjQU5nQmtBRGtBTWdCbUFEVUFNQUF5QURRQU1BQXhBR01BWkFBaUFDd0FJZ0F5QURFQU1RQXlBRjhBTVFBeEFERUFJZ0FzQUNJQU5RQTJBRGNBTkFBMUFHVUFaZ0JsQURJQVl3QTNBRFlBWkFBNUFEQUFaZ0EzQURBQU1BQXlBRElBWkFCakFHRUFJZ0FzQUNJQU1RQTJBRGtBTVFCZkFERUFNUUF4QUNJQUxBQWlBRFVBTmdBMEFEVUFNUUJtQUdVQU9RQXlBR01BTndBMkFHUUFPUUF5QUdJQU53QTBBRE1BWVFCbUFHVUFNUUE0QUNJQUxBQWlBREVBTkFBeUFEVUFYd0F4QURFQU1RQWlBQ3dBSWdBMUFEWUFOQUJqQUdZQVl3QmxBRFlBTWdCakFEY0FOZ0JrQURrQU13QTRBRGtBTkFCakFHUUFOQUJqQURNQU13QWlBQ3dBSWdBeEFEUUFOUUExQUY4QU1RQXhBREVBSWdBc0FDSUFOUUEyQUdJQU1BQTRBRE1BTVFCakFEY0FaZ0F4QURnQVpBQTNBRElBWXdBMEFEUUFaZ0F4QUdJQU5RQm1BRFlBSWdBc0FDSUFNZ0F3QURnQU1nQmZBREVBTVFBeEFDSUFMQUFpQURVQU5nQXpBREVBTXdBMUFEY0FNd0F5QUdNQU53QTJBR1FBT1FBekFHVUFZZ0F3QURZQU5BQTNBRE1BTndBMUFDSUFMQUFpQURFQU13QTJBRGtBWHdBeEFERUFNUUFpQUN3QUlnQTFBRFlBTndBeEFHUUFOZ0F4QUdJQU53Qm1BREVBT0FCa0FEY0FNQUJtQUdNQVl3QTRBR0VBWkFBNUFEVUFNQUFpQUN3QUlnQXhBRFlBTlFBekFGOEFNUUF4QURFQUlnQXNBQ0lBTlFBMkFEZ0FaQUE1QURrQVpBQmxBRGNBWmdBeEFEZ0FaQUEzQURFQU1nQm1BR01BT0FBNEFESUFOd0JsQUdJQUlnQXNBQ0lBTVFBM0FEa0FNQUJmQURFQU1RQXhBQ0lBTEFBaUFEVUFOZ0EzQURFQU1nQm1BR1lBT1FBeUFHTUFOd0EyQUdRQU9RQXlBR1lBWVFBMEFHTUFOd0JsQUdJQVpBQTJBQ0lBTEFBaUFERUFOZ0EwQURBQVh3QXhBREVBTVFBaUFDd0FJZ0ExQURZQU53QTBBRFVBWXdBMUFHWUFNZ0JqQURjQU5nQmtBRGtBTUFCbUFEY0FNQUF3QURJQU1nQmtBR01BT0FBaUFDd0FJZ0F4QURZQU9BQTVBRjhBTVFBeEFERUFJZ0FzQUNJQU5RQTJBRGNBWVFCakFEQUFPQUJoQURJQVl3QTNBRFlBWkFBNUFEQUFOd0EzQURBQU53QmxBREVBTVFBNEFEWUFJZ0FzQUNJQU1RQTNBRE1BTWdCZkFERUFNUUF4QUNJQUxBQWlBRFVBTmdBMUFHWUFNZ0F4QURrQU53QXlBR01BTndBMkFHUUFPUUF5QURVQU53QXdBRGdBTWdBMUFEY0FOUUEzQUNJQUxBQWlBREVBTlFBMUFETUFYd0F4QURFQU1RQWlBQ3dBSWdBMUFEWUFPUUEyQUdRQU1RQmlBRElBTndCbUFERUFPQUJrQURjQU1nQXdBR1VBT0FCbEFEY0FaUUE1QURFQU5BQWlBQ3dBSWdBeEFEa0FNQUF5QUY4QU1RQXhBREVBSWdBc0FDSUFOUUEyQUdJQVl3Qm1BR1VBWWdCbUFEY0FaZ0F4QURnQVpBQTNBREFBWWdCbUFEUUFPQUF4QUdFQVpnQmxBR1FBSWdBc0FDSUFNZ0F5QURjQU1nQmZBREVBTVFBeEFDSUFMQUFpQURVQU5nQTNBR0lBTUFBeUFEY0FZZ0F5QUdNQU53QTJBR1FBT1FBd0FEa0FNd0JqQURRQVpBQmtBRFVBWmdBekFDSUFMQUFpQURFQU53QXpBRFVBWHdBeEFERUFNUUFpQUN3QUlnQTFBRFlBTndCaEFHWUFZZ0ExQURZQU53Qm1BREVBT0FCa0FEY0FNZ0F4QURBQU1BQTRBRGtBWVFBekFEWUFOZ0FpQUN3QUlnQXhBRGNBTXdBMEFGOEFNUUF4QURFQUlnQXNBQ0lBTlFBMkFETUFZUUExQURBQVlnQXdBRElBWXdBM0FEWUFaQUE1QURJQU5RQmpBR01BWXdCakFHVUFPQUEzQUdZQUlnQXNBQ0lBTVFBekFEZ0FOUUJmQURFQU1RQXhBQ0lBTEFBaUFEVUFOZ0E1QURjQU53QTNBREFBTkFBM0FHWUFNUUE0QUdRQU53QXdBR01BTndBNEFEa0FNUUEyQURBQU13QXpBQ0lBTEFBaUFERUFPUUF3QURZQVh3QXhBREVBTVFBaUFDd0FJZ0ExQURZQU5RQmxBREFBT0FBNEFHRUFOd0JtQURFQU9BQmtBRGNBTUFCbUFHSUFOQUEwQURjQU5RQTVBR01BTkFBaUFDd0FJZ0F4QURVQU1nQXdBRjhBTVFBeEFERUFJZ0FzQUNJQU5RQTJBRGNBWXdBekFEQUFNUUJsQURJQVl3QTNBRFlBWkFBNUFERUFPQUE0QURRQVlnQTRBRFlBWVFBMEFHSUFJZ0FzQUNJQU1RQTNBRFFBTWdCZkFERUFNUUF4QUNJQUxBQWlBRFVBTmdBekFEa0FNUUEwQURjQU1RQXlBR01BTndBMkFHUUFPUUF4QURBQU53QTBBREFBTndBd0FHTUFZZ0E1QUNJQUxBQWlBREVBTXdBM0FETUFYd0F4QURFQU1RQWlBQ3dBSWdBMUFEWUFNd0JoQURZQVpRQmtBRE1BTWdCakFEY0FOZ0JrQURrQU1nQTFBR01BWXdCakFHTUFaUUE0QURnQU5BQWlBQ3dBSWdBeEFETUFPQUE0QUY4QU1RQXhBREVBSWdBc0FDSUFOUUEyQURrQU5RQXpBRFFBTWdBd0FESUFZd0EzQURZQVpBQTVBREVBTXdBeEFEQUFNQUJqQURNQVl3QTJBRGNBSWdBc0FDSUFNUUE0QURrQU1BQmZBREVBTVFBeEFDSUFMQUFpQURVQU5nQmlBR0VBTndCbEFEZ0FNUUEzQUdZQU1RQTRBR1FBTndBeEFEUUFaUUEwQUdNQVpBQm1BR1VBWVFCbEFDSUFMQUFpQURJQU1nQXpBREFBWHdBeEFERUFNUUFpQUN3QUlnQTFBRFlBWVFCaUFHRUFOd0JtQURRQU53Qm1BREVBT0FCa0FEY0FNZ0JsQUdJQVl3QTVBR1lBTVFBMUFETUFZUUFpQUN3QUlnQXlBREFBTkFBeUFGOEFNUUF4QURFQUlnQXNBQ0lBTlFBMkFEVUFZd0JqQUdJQVlRQTRBRElBWXdBM0FEWUFaQUE1QURFQU53QTJBRGdBT1FBNUFETUFNQUEyQURFQUlnQXNBQ0lBTVFBMUFEQUFOUUJmQURFQU1RQXhBQ0lBTEFBaUFEVUFOZ0E1QURVQVpnQTVBRElBWlFBM0FHWUFNUUE0QUdRQU53QXdBR1lBWlFBNEFEZ0FaUUF6QURBQU9RQTBBQ0lBTEFBaUFERUFPQUE1QURVQVh3QXhBREVBTVFBaUFDd0FJZ0ExQURZQU13QmhBRGNBTUFBekFERUFOd0JtQURFQU9BQmtBRGNBTUFCbUFEQUFNQUF4QUdJQU9BQXhBR1FBTXdBaUFDd0FJZ0F4QURNQU9BQTVBRjhBTVFBeEFERUFJZ0FzQUNJQU5RQTJBRGtBTlFBeEFEVUFOd0F5QURjQVpnQXhBRGdBWkFBM0FESUFZUUEwQURnQU5RQmtBREVBTlFBM0FEUUFJZ0FzQUNJQU1RQTRBRGdBT0FCZkFERUFNUUF4QUNJQUxBQWlBRFVBTmdBNEFHRUFaUUJoQURZQVlRQXlBR01BTndBMkFHUUFPUUF4QURrQU1BQTBBR0VBT1FBMUFEa0FOd0JrQUNJQUxBQWlBREVBTndBMkFEY0FYd0F4QURFQU1RQWlBQ3dBSWdBMUFEWUFNd0EzQURrQU1RQmtBR1lBTndCbUFERUFPQUJrQURjQU1nQXdBRGdBTUFCbUFEQUFZUUE1QURjQU1RQWlBQ3dBSWdBeEFETUFOd0F5QUY4QU1RQXhBREVBSWdBc0FDSUFOUUEyQUdJQU13QTNBR1FBWmdCa0FEY0FaZ0F4QURnQVpBQTNBREVBWmdBMkFEUUFOd0JqQURnQU5RQXdBRGtBSWdBc0FDSUFNZ0F4QURNQU53QmZBREVBTVFBeEFDSUFMQUFpQURVQU5nQmlBR0VBWXdCbUFETUFOUUF5QUdNQU53QTJBR1FBT1FBeEFETUFaZ0EwQURnQU1nQXdBRFFBWkFBekFDSUFMQUFpQURJQU1nQXpBRFFBWHdBeEFERUFNUUFpQUN3QUlnQTFBRFlBWWdCaEFHUUFOQUF6QUdRQU53Qm1BREVBT0FCa0FEY0FNQUJsQUdVQU1BQm1BR1VBWkFBNUFEUUFZd0FpQUN3QUlnQXlBRElBTXdBMUFGOEFNUUF4QURFQUlnQXNBQ0lBTlFBMkFEY0FPQUEyQURVQVlRQTFBRElBWXdBM0FEWUFaQUE1QURFQU1BQTBBR01BWkFBNUFHWUFNd0F6QUdRQUlnQXNBQ0lBTVFBM0FERUFNUUJmQURFQU1RQXhBQ0lBWFFBc0FDSUFTUUJ1QUdNQWJBQjFBR1FBWlFCa0FGQUFZUUJ6QUhRQVRBQnBBSE1BZEFCSkFHUUFjd0FpQURvQVd3QmRBQ3dBSWdCVEFHVUFaUUJrQUV3QWFRQnpBSFFBU1FCa0FITUFJZ0E2QUZzQUlnQTFBRFVBWkFBMkFEZ0FOZ0F5QURrQU1nQmpBRGNBTmdCa0FEa0FNZ0JpQURNQU9BQTBBRE1BTmdBMkFHSUFZZ0FpQUYwQUxBQWlBRk1BWlFCbkFHMEFaUUJ1QUhRQWN3QWlBRG9BV3dCZEFDd0FJZ0JKQUhNQVJRQmtBR2tBZEFCaEFHSUFiQUJsQUNJQU9nQjBBSElBZFFCbEFDd0FJZ0JKQUhNQVZBQnlBR0VBYmdCekFHa0FaUUJ1QUhRQUlnQTZBSFFBY2dCMUFHVUFMQUFpQUVVQWVBQmpBR3dBZFFCa0FHVUFTQUJ2QUd3QVpBQnZBSFVBZEFCekFDSUFPZ0IwQUhJQWRRQmxBQ3dBSWdCRUFHa0Fjd0IwQUhJQWFRQmlBSFVBZEFCbEFFSUFlUUJJQUc4QWRRQnpBR1VBYUFCdkFHd0FaQUFpQURvQWRBQnlBSFVBWlFBc0FDSUFTUUJ6QUVFQVl3QjBBR2tBZGdCbEFDSUFPZ0IwQUhJQWRRQmxBQ3dBSWdCTUFHRUFjd0IwQUVNQVlRQnNBR01BZFFCc0FHRUFkQUJwQUc4QWJnQWlBRG9BV3dCZEFDd0FJZ0JEQUhVQWNnQnlBR1VBYmdCMEFGVUFTUUJUQUhRQVlRQjBBR1VBSWdBNkFIc0FJZ0JEQUhVQWNnQnlBR1VBYmdCMEFFd0Fid0JqQUdFQWRBQnBBRzhBYmdCSkFHNEFaQUJsQUhnQUlnQTZBREFBTEFBaUFHZ0FZUUJ6QUZZQWFRQnpBR2tBZEFCbEFHUUFJZ0E2QUhzQUlnQnlBR1VBWXdCcEFIQUFaUUFpQURvQWRBQnlBSFVBWlFBc0FDSUFjd0JsQUd3QVpRQmpBSFFBVEFCdkFHTUFZUUIwQUdrQWJ3QnVBQ0lBT2dCMEFISUFkUUJsQUN3QUlnQnpBR1VBY2dCMkFHa0FZd0JsQUVFQWNnQmxBR0VBVWdCaEFHUUFhUUIxQUhNQUlnQTZBSFFBY2dCMUFHVUFMQUFpQUhNQVpRQnlBSFlBYVFCakFHVUFRUUJ5QUdVQVlRQWlBRG9BZEFCeUFIVUFaUUFzQUNJQVp3QmxBRzhBWndCeUFHRUFjQUJvQUdrQVpRQnpBRk1BZFFCdEFHMEFZUUJ5QUhrQUlnQTZBSFFBY2dCMUFHVUFMQUFpQUhBQVlRQnpBSFFBVEFCcEFITUFkQUJ6QUNJQU9nQjBBSElBZFFCbEFDd0FJZ0J0QUdFQWJnQmhBR2NBWlFCVEFHVUFaUUJrQUV3QWFRQnpBSFFBSWdBNkFIUUFjZ0IxQUdVQUxBQWlBR01BY2dCcEFIUUFaUUJ5QUdrQVlRQWlBRG9BZEFCeUFIVUFaUUFzQUNJQWJRQmhBRzRBWVFCbkFHVUFVd0JsQUdjQWJRQmxBRzRBZEFCekFDSUFPZ0IwQUhJQWRRQmxBSDBBTEFBaUFHa0Fjd0JEQUc4QWJnQjBBSElBYndCc0FFY0FjZ0J2QUhVQWNBQkVBR2tBY2dCMEFIa0FJZ0E2QUdZQVlRQnNBSE1BWlFBc0FDSUFZd0IxQUhJQWNnQmxBRzRBZEFCVEFIVUFZZ0JUQUhRQVpRQndBRTRBWVFCdEFHVUFJZ0E2QUNJQWJRQmhBRzRBWVFCbkFHVUFVd0JsQUdjQWJRQmxBRzRBZEFCekFDSUFMQUFpQUdrQWN3QkRBRzhBYlFCd0FHd0FaUUIwQUdVQUlnQTZBR1lBWVFCc0FITUFaUUFzQUNJQWVnQnBBSEFBY3dCVEFHVUFiQUJsQUdNQWRBQmxBR1FBVmdCaEFHd0FhUUJrQUNJQU9nQjBBSElBZFFCbEFDd0FJZ0JqQUc4QWRRQnVBSFFBVlFCd0FHUUFZUUIwQUdVQVV3QjBBR0VBZEFCMUFITUFJZ0E2QUNJQVZRQndBR1FBWVFCMEFHVUFaQUFpQUgwQUxBQWlBRklBWlFCakFHa0FjQUJsQUVrQVpBQWlBRG9BTVFBd0FEQUFNQUFzQUNJQVNRQnpBRXdBYndCakFGQUFjZ0JsQUdZQVJBQnBBSElBZEFCNUFDSUFPZ0IwQUhJQWRRQmxBQ3dBSWdCSkFITUFRd0J2QUhVQWJnQjBBRVFBYVFCeUFIUUFlUUFpQURvQWRBQnlBSFVBWlFBc0FDSUFWUUJ6QUdVQVRBQnZBR01BWVFCMEFHa0Fid0J1QUV3QWJ3Qm5BR2tBWXdBaUFEb0FkQUJ5QUhVQVpRQjlBSDBBPC9TdHJpbmdIdHRwQm9keT4NCiAgICA8L1JlcXVlc3Q+DQogICAgPFJlcXVlc3QgTWV0aG9kPSJQT1NUIiBHdWlkPSJkOWI0M2UwYS05N2RkLTQyY2EtYjFjMC1iYjUwZGY5NWY2Y2IiIFZlcnNpb249IjEuMSIgVXJsPSJodHRwczovL3N0YWdpbmdwcmVkaWN0NS5pbmZsdWVuY2VoZWFsdGguY29tOjMwMDAvcHJlZGljdC92MS9jbGllbnRzL3VuaXZlcnNpdHljb2xvcmFkby9vcmdzL3ByaW1hcnkvbGlzdGNvdW50ZG9jdW1lbnQiIFRoaW5rVGltZT0iMCIgVGltZW91dD0iMzAwIiBQYXJzZURlcGVuZGVudFJlcXVlc3RzPSJUcnVlIiBGb2xsb3dSZWRpcmVjdHM9IlRydWUiIFJlY29yZFJlc3VsdD0iVHJ1ZSIgQ2FjaGU9IkZhbHNlIiBSZXNwb25zZVRpbWVHb2FsPSIwIiBFbmNvZGluZz0idXRmLTgiIEV4cGVjdGVkSHR0cFN0YXR1c0NvZGU9IjAiIEV4cGVjdGVkUmVzcG9uc2VVcmw9IiIgUmVwb3J0aW5nTmFtZT0iIiBJZ25vcmVIdHRwU3RhdHVzQ29kZT0iRmFsc2UiPg0KICAgICAgPEhlYWRlcnM+DQogICAgICAgIDxIZWFkZXIgTmFtZT0iQWNjZXB0IiBWYWx1ZT0iYXBwbGljYXRpb24vanNvbiwgdGV4dC9wbGFpbiwgKi8qIiAvPg0KICAgICAgICA8SGVhZGVyIE5hbWU9IlJlZmVyZXIiIFZhbHVlPSJodHRwczovL3N0YWdpbmdwcmVkaWN0NS5pbmZsdWVuY2VoZWFsdGguY29tL3VuaXZlcnNpdHljb2xvcmFkby9wcmltYXJ5L2xpc3RzL2J1aWxkIiAvPg0KICAgICAgPC9IZWFkZXJzPg0KICAgICAgPFN0cmluZ0h0dHBCb2R5IENvbnRlbnRUeXBlPSJhcHBsaWNhdGlvbi9qc29uIiBJbnNlcnRCeXRlT3JkZXJNYXJrPSJGYWxzZSI+ZXdBaUFFd0FhUUJ6QUhRQUlnQTZBSHNBSWdCSkFHUUFJZ0E2QUNJQU5RQTJBR01BWVFCbEFEa0FNZ0JqQURJQVl3QTNBRFlBWkFBNUFERUFPQUF4QUdNQU9RQXlBRGtBT0FBekFHVUFJZ0FzQUNJQVRRQmhBSElBYXdCbEFIUUFhUUJ1QUdjQVF3Qm9BR0VBYmdCdUFHVUFiQUJKQUdRQUlnQTZBREVBTEFBaUFFd0Fid0JqQUdFQWRBQnBBRzhBYmdCRUFHVUFjd0JqQUhJQWFRQndBSFFBYndCeUFITUFJZ0E2QUZzQWV3QWlBRlFBZVFCd0FHVUFJZ0E2QUNJQVV3QmxBSElBZGdCcEFHTUFaUUJCQUhJQVpRQmhBQ0lBTEFBaUFGVUFjd0JsQUZBQWNnQnBBRzBBWVFCeUFIa0FVd0JsQUhJQWRnQnBBR01BWlFCQkFISUFaUUJoQUNJQU9nQjBBSElBZFFCbEFDd0FJZ0JWQUhNQVpRQlRBR1VBWXdCdkFHNEFaQUJoQUhJQWVRQlRBR1VBY2dCMkFHa0FZd0JsQUVFQWNnQmxBR0VBSWdBNkFIUUFjZ0IxQUdVQUxBQWlBRlVBY3dCbEFGUUFaUUJ5QUhRQWFRQmhBSElBZVFCVEFHVUFjZ0IyQUdrQVl3QmxBRUVBY2dCbEFHRUFJZ0E2QUhRQWNnQjFBR1VBTEFBaUFFd0Fid0JqQUdFQWRBQnBBRzhBYmdCSkFHUUFJZ0E2QURJQU13QTJBQ3dBSWdCT0FHRUFiUUJsQUNJQU9nQWlBRTBBWlFCdEFHOEFjZ0JwQUdFQWJBQWdBRWdBYndCekFIQUFhUUIwQUdFQWJBQWdBRU1BWlFCdUFIUUFjZ0JoQUd3QUlnQXNBQ0lBUVFCa0FHUUFjZ0JsQUhNQWN3QWlBRG9BZXdBaUFFRUFaQUJrQUhJQVpRQnpBSE1BTVFBaUFEb0FJZ0F4QURRQU1BQXdBQ0FBUlFBZ0FFSUFUd0JWQUV3QVJBQkZBRklBSUFCVEFGUUFJZ0FzQUNJQVFRQmtBR1FBY2dCbEFITUFjd0F5QUNJQU9nQWlBQ0lBTEFBaUFFTUFhUUIwQUhrQUlnQTZBQ0lBUXdCUEFFd0FUd0JTQUVFQVJBQlBBQ0FBVXdCUUFGSUFTUUJPQUVjQVV3QWlBQ3dBSWdCVEFIUUFZUUIwQUdVQUlnQTZBQ0lBUXdCUEFDSUFMQUFpQUZvQWFRQndBQ0lBT2dBaUFEZ0FNQUE1QURBQU9RQWlBQ3dBSWdCSEFHVUFid0JLQUhNQWJ3QnVBQ0lBT2dCN0FDSUFWQUI1QUhBQVpRQWlBRG9BSWdCUUFHOEFhUUJ1QUhRQUlnQXNBQ0lBUXdCdkFHOEFjZ0JrQUdrQWJnQmhBSFFBWlFCekFDSUFPZ0JiQUNJQUxRQXhBREFBTkFBdUFEZ0FJZ0FzQUNJQU13QTRBQzRBT0FBekFEZ0FPQUFpQUYwQWZRQjlBQ3dBSWdCUUFISUFhUUJ0QUdFQWNnQjVBRk1BWlFCeUFIWUFhUUJqQUdVQVFRQnlBR1VBWVFCYUFHa0FjQUJEQUc4QVpBQmxBSE1BSWdBNkFGc0FJZ0E0QURBQU1RQXdBRFlBSWdBc0FDSUFPQUF3QURFQU13QXlBQ0lBTEFBaUFEZ0FNQUF4QURNQU13QWlBQ3dBSWdBNEFEQUFPQUF3QURnQUlnQXNBQ0lBT0FBd0FEZ0FNQUE1QUNJQUxBQWlBRGdBTUFBNEFERUFOd0FpQUN3QUlnQTRBREFBT0FBeEFEa0FJZ0FzQUNJQU9BQXdBRGdBTWdBNUFDSUFMQUFpQURnQU1BQTRBRE1BTVFBaUFDd0FJZ0E0QURBQU9BQXpBRElBSWdBc0FDSUFPQUF3QURnQU13QXpBQ0lBTEFBaUFEZ0FNQUE0QURRQU1BQWlBQ3dBSWdBNEFEQUFPQUEwQURFQUlnQXNBQ0lBT0FBd0FEZ0FOZ0EwQUNJQUxBQWlBRGdBTUFBNUFEQUFNUUFpQUN3QUlnQTRBREFBT1FBd0FESUFJZ0FzQUNJQU9BQXdBRGtBTUFBekFDSUFMQUFpQURnQU1BQTVBREFBTkFBaUFDd0FJZ0E0QURBQU9RQXdBRFVBSWdBc0FDSUFPQUF3QURrQU1BQTJBQ0lBTEFBaUFEZ0FNQUE1QURBQU53QWlBQ3dBSWdBNEFEQUFPUUF3QURnQUlnQXNBQ0lBT0FBd0FEa0FNQUE1QUNJQUxBQWlBRGdBTUFBNUFERUFNQUFpQUN3QUlnQTRBREFBT1FBeEFERUFJZ0FzQUNJQU9BQXdBRGtBTVFBeUFDSUFMQUFpQURnQU1BQTVBREVBTXdBaUFDd0FJZ0E0QURBQU9RQXhBRFFBSWdBc0FDSUFPQUF3QURrQU1RQTFBQ0lBTEFBaUFEZ0FNQUE1QURFQU5nQWlBQ3dBSWdBNEFEQUFPUUF4QURjQUlnQXNBQ0lBT0FBd0FEa0FNUUE0QUNJQUxBQWlBRGdBTUFBNUFERUFPUUFpQUN3QUlnQTRBREFBT1FBeUFEQUFJZ0FzQUNJQU9BQXdBRGtBTWdBeEFDSUFMQUFpQURnQU1BQTVBRElBTWdBaUFDd0FJZ0E0QURBQU9RQXlBRE1BSWdBc0FDSUFPQUF3QURrQU1nQTBBQ0lBTEFBaUFEZ0FNQUE1QURJQU5RQWlBQ3dBSWdBNEFEQUFPUUF5QURZQUlnQXNBQ0lBT0FBd0FEa0FNZ0EzQUNJQUxBQWlBRGdBTUFBNUFESUFPQUFpQUN3QUlnQTRBREFBT1FBeUFEa0FJZ0FzQUNJQU9BQXdBRGtBTXdBd0FDSUFMQUFpQURnQU1BQTVBRE1BTVFBaUFDd0FJZ0E0QURBQU9RQXpBRElBSWdBc0FDSUFPQUF3QURrQU13QXpBQ0lBTEFBaUFEZ0FNQUE1QURNQU5BQWlBQ3dBSWdBNEFEQUFPUUF6QURVQUlnQXNBQ0lBT0FBd0FEa0FNd0EyQUNJQUxBQWlBRGdBTUFBNUFETUFOd0FpQUN3QUlnQTRBREFBT1FBekFEZ0FJZ0FzQUNJQU9BQXdBRGtBTXdBNUFDSUFMQUFpQURnQU1BQTVBRFFBTVFBaUFDd0FJZ0E0QURBQU9RQTBBRElBSWdBc0FDSUFPQUF3QURrQU5BQXpBQ0lBTEFBaUFEZ0FNQUE1QURRQU5BQWlBQ3dBSWdBNEFEQUFPUUEwQURVQUlnQXNBQ0lBT0FBd0FEa0FOQUEyQUNJQUxBQWlBRGdBTUFBNUFEUUFOd0FpQUN3QUlnQTRBREFBT1FBMEFEa0FJZ0FzQUNJQU9BQXdBRGtBTlFBd0FDSUFMQUFpQURnQU1BQTVBRFVBTVFBaUFDd0FJZ0E0QURBQU9RQTJBREFBSWdBc0FDSUFPQUF3QURrQU5nQXlBQ0lBTEFBaUFEZ0FNQUE1QURjQU1BQWlBQ3dBSWdBNEFEQUFPUUEzQURjQUlnQXNBQ0lBT0FBd0FEa0FPUUExQUNJQUxBQWlBRGdBTUFBNUFEa0FOd0FpQUYwQUxBQWlBRk1BWlFCakFHOEFiZ0JrQUdFQWNnQjVBRk1BWlFCeUFIWUFhUUJqQUdVQVFRQnlBR1VBWVFCYUFHa0FjQUJEQUc4QVpBQmxBSE1BSWdBNkFGc0FJZ0E0QURBQU9BQXhBRE1BSWdBc0FDSUFPQUF3QURnQU1RQTBBQ0lBTEFBaUFEZ0FNQUE0QURFQU5nQWlBQ3dBSWdBNEFEQUFPQUEyQURBQUlnQXNBQ0lBT0FBd0FEZ0FOZ0F6QUNJQUxBQWlBRGdBTUFBNEFEWUFOZ0FpQUN3QUlnQTRBREVBTUFBd0FERUFJZ0FzQUNJQU9BQXhBREFBTUFBeUFDSUFMQUFpQURnQU1RQXdBREFBTXdBaUFDd0FJZ0E0QURFQU1BQXdBRFFBSWdBc0FDSUFPQUF4QURBQU1BQTFBQ0lBTEFBaUFEZ0FNUUF3QURBQU5nQWlBQ3dBSWdBNEFERUFNQUF3QURjQUlnQXNBQ0lBT0FBeEFEQUFNQUE0QUNJQUxBQWlBRGdBTVFBd0FEQUFPUUFpQUN3QUlnQTRBREVBTUFBeEFEQUFJZ0FzQUNJQU9BQXhBREFBTVFBeEFDSUFMQUFpQURnQU1RQXdBREVBTWdBaUFDd0FJZ0E0QURFQU1BQXhBRGtBSWdBc0FDSUFPQUF4QURBQU1nQXlBQ0lBTEFBaUFEZ0FNUUF3QURJQU13QWlBQ3dBSWdBNEFERUFNQUF5QURVQUlnQXNBQ0lBT0FBeEFEQUFNd0F3QUNJQUxBQWlBRGdBTVFBd0FETUFPUUFpQUN3QUlnQTRBREVBTUFBMEFERUFJZ0FzQUNJQU9BQXhBREFBTkFBekFDSUFMQUFpQURnQU1RQXdBRFFBTndBaUFDd0FJZ0E0QURFQU1BQTFBREFBSWdBc0FDSUFPQUF4QURBQU5RQXlBQ0lBTEFBaUFEZ0FNUUF3QURVQU9BQWlBQ3dBSWdBNEFERUFNQUEyQURjQUlnQXNBQ0lBT0FBeEFEQUFOZ0E1QUNJQUxBQWlBRGdBTVFBd0FEY0FOd0FpQUN3QUlnQTRBREVBTUFBNUFESUFJZ0FzQUNJQU9BQXhBRElBTVFBeUFDSUFMQUFpQURnQU1RQXlBREVBTlFBaUFDd0FJZ0E0QURFQU1nQXlBREVBSWdBc0FDSUFPQUF4QURJQU1nQXlBQ0lBTEFBaUFEZ0FNUUF5QURJQU13QWlBQ3dBSWdBNEFERUFNZ0F5QURZQUlnQXNBQ0lBT0FBeEFESUFNd0F5QUNJQUxBQWlBRGdBTVFBeUFETUFNd0FpQUN3QUlnQTRBREVBTWdBMEFEQUFJZ0FzQUNJQU9BQXhBRElBTkFBMEFDSUFMQUFpQURnQU1RQXlBRGtBTUFBaUFGMEFMQUFpQUZRQVpRQnlBSFFBYVFCaEFISUFlUUJUQUdVQWNnQjJBR2tBWXdCbEFFRUFjZ0JsQUdFQVdnQnBBSEFBUXdCdkFHUUFaUUJ6QUNJQU9nQmJBQ0lBT0FBd0FERUFNQUF4QUNJQUxBQWlBRGdBTUFBeEFEQUFOd0FpQUN3QUlnQTRBREFBTVFBeEFEY0FJZ0FzQUNJQU9BQXdBRFFBTWdBd0FDSUFMQUFpQURnQU1BQTBBRElBTVFBaUFDd0FJZ0E0QURBQU5BQXpBRElBSWdBc0FDSUFPQUF3QURRQU5BQXdBQ0lBTEFBaUFEZ0FNQUEwQURRQU9BQWlBQ3dBSWdBNEFEQUFOQUEwQURrQUlnQXNBQ0lBT0FBd0FEUUFOUUEyQUNJQUxBQWlBRGdBTUFBMEFEY0FOUUFpQUN3QUlnQTRBREFBT0FBd0FESUFJZ0FzQUNJQU9BQXdBRGdBTUFBMEFDSUFMQUFpQURnQU1BQTRBREFBTlFBaUFDd0FJZ0E0QURBQU9BQXdBRGNBSWdBc0FDSUFPQUF3QURnQU1RQXdBQ0lBTEFBaUFEZ0FNQUE0QURFQU5RQWlBQ3dBSWdBNEFEQUFPQUF4QURnQUlnQXNBQ0lBT0FBd0FEZ0FNZ0F3QUNJQUxBQWlBRGdBTUFBNEFESUFNUUFpQUN3QUlnQTRBREFBT0FBeUFETUFJZ0FzQUNJQU9BQXdBRGdBTWdBMUFDSUFMQUFpQURnQU1BQTRBRElBTmdBaUFDd0FJZ0E0QURBQU9BQXlBRGNBSWdBc0FDSUFPQUF3QURnQU1nQTRBQ0lBTEFBaUFEZ0FNQUE0QURNQU1BQWlBQ3dBSWdBNEFEQUFPQUF6QURRQUlnQXNBQ0lBT0FBd0FEZ0FNd0ExQUNJQUxBQWlBRGdBTUFBNEFETUFOZ0FpQUN3QUlnQTRBREFBT0FBMkFERUFJZ0FzQUNJQU9BQXdBRGdBTmdBeUFDSUFMQUFpQURnQU1RQXdBRElBTUFBaUFDd0FJZ0E0QURFQU1BQXlBREVBSWdBc0FDSUFPQUF4QURBQU1nQTBBQ0lBTEFBaUFEZ0FNUUF3QURJQU53QWlBQ3dBSWdBNEFERUFNQUF5QURrQUlnQXNBQ0lBT0FBeEFEQUFNd0F6QUNJQUxBQWlBRGdBTVFBd0FETUFOQUFpQUN3QUlnQTRBREVBTUFBekFEWUFJZ0FzQUNJQU9BQXhBREFBTXdBNEFDSUFMQUFpQURnQU1RQXdBRFFBTUFBaUFDd0FJZ0E0QURFQU1BQTBBRFFBSWdBc0FDSUFPQUF4QURBQU5BQTFBQ0lBTEFBaUFEZ0FNUUF3QURRQU5nQWlBQ3dBSWdBNEFERUFNQUEwQURrQUlnQXNBQ0lBT0FBeEFEQUFOUUEwQUNJQUxBQWlBRGdBTVFBd0FEVUFOUUFpQUN3QUlnQTRBREVBTUFBMUFEY0FJZ0FzQUNJQU9BQXhBREFBTlFBNUFDSUFMQUFpQURnQU1RQXdBRFlBTWdBaUFDd0FJZ0E0QURFQU1BQTJBRE1BSWdBc0FDSUFPQUF4QURBQU5nQTBBQ0lBTEFBaUFEZ0FNUUF3QURjQU1RQWlBQ3dBSWdBNEFERUFNQUEzQURNQUlnQXNBQ0lBT0FBeEFEQUFOd0EyQUNJQUxBQWlBRGdBTVFBd0FEZ0FNUUFpQUN3QUlnQTRBREVBTUFBNEFESUFJZ0FzQUNJQU9BQXhBREFBT0FBMEFDSUFMQUFpQURnQU1RQXdBRGdBTndBaUFDd0FJZ0E0QURFQU1BQTRBRGtBSWdBc0FDSUFPQUF4QURBQU9RQXdBQ0lBTEFBaUFEZ0FNUUF3QURrQU1RQWlBQ3dBSWdBNEFERUFNUUF3QURFQUlnQXNBQ0lBT0FBeEFERUFNQUF5QUNJQUxBQWlBRGdBTVFBeEFESUFNQUFpQUN3QUlnQTRBREVBTVFBeUFETUFJZ0FzQUNJQU9BQXhBREVBTWdBMEFDSUFMQUFpQURnQU1RQXhBRElBTlFBaUFDd0FJZ0E0QURFQU1RQXlBRFlBSWdBc0FDSUFPQUF4QURFQU1nQTVBQ0lBTEFBaUFEZ0FNUUF4QURNQU1RQWlBQ3dBSWdBNEFERUFNUUF6QURJQUlnQXNBQ0lBT0FBeEFERUFNd0F6QUNJQUxBQWlBRGdBTVFBeEFETUFOUUFpQUN3QUlnQTRBREVBTVFBekFEWUFJZ0FzQUNJQU9BQXhBREVBTXdBNEFDSUFMQUFpQURnQU1RQXhBRFFBTUFBaUFDd0FJZ0E0QURFQU1RQTBBREVBSWdBc0FDSUFPQUF4QURFQU5BQXpBQ0lBTEFBaUFEZ0FNUUF4QURRQU5BQWlBQ3dBSWdBNEFERUFNUUEwQURZQUlnQXNBQ0lBT0FBeEFERUFOQUE0QUNJQUxBQWlBRGdBTVFBeEFEUUFPUUFpQUN3QUlnQTRBREVBTVFBMUFERUFJZ0FzQUNJQU9BQXhBREVBTlFBeUFDSUFMQUFpQURnQU1RQXhBRFVBTkFBaUFDd0FJZ0E0QURFQU1RQTFBRFVBSWdBc0FDSUFPQUF4QURJQU1BQXhBQ0lBTEFBaUFEZ0FNUUF5QURFQU1RQWlBQ3dBSWdBNEFERUFNZ0F5QURjQUlnQXNBQ0lBT0FBeEFESUFNZ0E0QUNJQUxBQWlBRGdBTVFBeUFETUFOZ0FpQUN3QUlnQTRBREVBTWdBMEFESUFJZ0FzQUNJQU9BQXhBRElBTkFBNEFDSUFMQUFpQURnQU1RQXlBRFVBTWdBaUFDd0FJZ0E0QURFQU1nQTFBRE1BSWdCZEFDd0FJZ0JUQUdVQWJBQmxBR01BZEFCbEFHUUFXZ0JwQUhBQVF3QnZBR1FBWlFCekFDSUFPZ0JiQUNJQU9BQXdBREVBTUFBeEFDSUFMQUFpQURnQU1BQXhBREFBTmdBaUFDd0FJZ0E0QURBQU1RQXdBRGNBSWdBc0FDSUFPQUF3QURFQU1RQTNBQ0lBTEFBaUFEZ0FNQUF4QURNQU1nQWlBQ3dBSWdBNEFEQUFNUUF6QURNQUlnQXNBQ0lBT0FBd0FEUUFNZ0F3QUNJQUxBQWlBRGdBTUFBMEFESUFNUUFpQUN3QUlnQTRBREFBTkFBekFESUFJZ0FzQUNJQU9BQXdBRFFBTkFBd0FDSUFMQUFpQURnQU1BQTBBRFFBT0FBaUFDd0FJZ0E0QURBQU5BQTBBRGtBSWdBc0FDSUFPQUF3QURRQU5RQTJBQ0lBTEFBaUFEZ0FNQUEwQURjQU5RQWlBQ3dBSWdBNEFEQUFPQUF3QURJQUlnQXNBQ0lBT0FBd0FEZ0FNQUEwQUNJQUxBQWlBRGdBTUFBNEFEQUFOUUFpQUN3QUlnQTRBREFBT0FBd0FEY0FJZ0FzQUNJQU9BQXdBRGdBTUFBNEFDSUFMQUFpQURnQU1BQTRBREFBT1FBaUFDd0FJZ0E0QURBQU9BQXhBREFBSWdBc0FDSUFPQUF3QURnQU1RQXpBQ0lBTEFBaUFEZ0FNQUE0QURFQU5BQWlBQ3dBSWdBNEFEQUFPQUF4QURVQUlnQXNBQ0lBT0FBd0FEZ0FNUUEyQUNJQUxBQWlBRGdBTUFBNEFERUFOd0FpQUN3QUlnQTRBREFBT0FBeEFEZ0FJZ0FzQUNJQU9BQXdBRGdBTVFBNUFDSUFMQUFpQURnQU1BQTRBRElBTUFBaUFDd0FJZ0E0QURBQU9BQXlBREVBSWdBc0FDSUFPQUF3QURnQU1nQXpBQ0lBTEFBaUFEZ0FNQUE0QURJQU5RQWlBQ3dBSWdBNEFEQUFPQUF5QURZQUlnQXNBQ0lBT0FBd0FEZ0FNZ0EzQUNJQUxBQWlBRGdBTUFBNEFESUFPQUFpQUN3QUlnQTRBREFBT0FBeUFEa0FJZ0FzQUNJQU9BQXdBRGdBTXdBd0FDSUFMQUFpQURnQU1BQTRBRE1BTVFBaUFDd0FJZ0E0QURBQU9BQXpBRElBSWdBc0FDSUFPQUF3QURnQU13QXpBQ0lBTEFBaUFEZ0FNQUE0QURNQU5BQWlBQ3dBSWdBNEFEQUFPQUF6QURVQUlnQXNBQ0lBT0FBd0FEZ0FNd0EyQUNJQUxBQWlBRGdBTUFBNEFEUUFNQUFpQUN3QUlnQTRBREFBT0FBMEFERUFJZ0FzQUNJQU9BQXdBRGdBTmdBd0FDSUFMQUFpQURnQU1BQTRBRFlBTVFBaUFDd0FJZ0E0QURBQU9BQTJBRElBSWdBc0FDSUFPQUF3QURnQU5nQXpBQ0lBTEFBaUFEZ0FNQUE0QURZQU5BQWlBQ3dBSWdBNEFEQUFPQUEyQURZQUlnQXNBQ0lBT0FBd0FEa0FNQUF4QUNJQUxBQWlBRGdBTUFBNUFEQUFNZ0FpQUN3QUlnQTRBREFBT1FBd0FETUFJZ0FzQUNJQU9BQXdBRGtBTUFBMEFDSUFMQUFpQURnQU1BQTVBREFBTlFBaUFDd0FJZ0E0QURBQU9RQXdBRFlBSWdBc0FDSUFPQUF3QURrQU1BQTNBQ0lBTEFBaUFEZ0FNQUE1QURBQU9BQWlBQ3dBSWdBNEFEQUFPUUF3QURrQUlnQXNBQ0lBT0FBd0FEa0FNUUF3QUNJQUxBQWlBRGdBTUFBNUFERUFNUUFpQUN3QUlnQTRBREFBT1FBeEFESUFJZ0FzQUNJQU9BQXdBRGtBTVFBekFDSUFMQUFpQURnQU1BQTVBREVBTkFBaUFDd0FJZ0E0QURBQU9RQXhBRFVBSWdBc0FDSUFPQUF3QURrQU1RQTJBQ0lBTEFBaUFEZ0FNQUE1QURFQU53QWlBQ3dBSWdBNEFEQUFPUUF4QURnQUlnQXNBQ0lBT0FBd0FEa0FNUUE1QUNJQUxBQWlBRGdBTUFBNUFESUFNQUFpQUN3QUlnQTRBREFBT1FBeUFERUFJZ0FzQUNJQU9BQXdBRGtBTWdBeUFDSUFMQUFpQURnQU1BQTVBRElBTXdBaUFDd0FJZ0E0QURBQU9RQXlBRFFBSWdBc0FDSUFPQUF3QURrQU1nQTFBQ0lBTEFBaUFEZ0FNQUE1QURJQU5nQWlBQ3dBSWdBNEFEQUFPUUF5QURjQUlnQXNBQ0lBT0FBd0FEa0FNZ0E0QUNJQUxBQWlBRGdBTUFBNUFESUFPUUFpQUN3QUlnQTRBREFBT1FBekFEQUFJZ0FzQUNJQU9BQXdBRGtBTXdBeEFDSUFMQUFpQURnQU1BQTVBRE1BTWdBaUFDd0FJZ0E0QURBQU9RQXpBRE1BSWdBc0FDSUFPQUF3QURrQU13QTBBQ0lBTEFBaUFEZ0FNQUE1QURNQU5RQWlBQ3dBSWdBNEFEQUFPUUF6QURZQUlnQXNBQ0lBT0FBd0FEa0FNd0EzQUNJQUxBQWlBRGdBTUFBNUFETUFPQUFpQUN3QUlnQTRBREFBT1FBekFEa0FJZ0FzQUNJQU9BQXdBRGtBTkFBeEFDSUFMQUFpQURnQU1BQTVBRFFBTWdBaUFDd0FJZ0E0QURBQU9RQTBBRFFBSWdBc0FDSUFPQUF3QURrQU5BQTJBQ0lBTEFBaUFEZ0FNQUE1QURRQU53QWlBQ3dBSWdBNEFEQUFPUUEwQURrQUlnQXNBQ0lBT0FBd0FEa0FOUUF3QUNJQUxBQWlBRGdBTUFBNUFEVUFNUUFpQUN3QUlnQTRBREFBT1FBMkFEQUFJZ0FzQUNJQU9BQXdBRGtBTmdBeUFDSUFMQUFpQURnQU1BQTVBRGNBTUFBaUFDd0FJZ0E0QURBQU9RQTNBRGNBSWdBc0FDSUFPQUF3QURrQU9RQTFBQ0lBTEFBaUFEZ0FNQUE1QURrQU53QWlBQ3dBSWdBNEFERUFNQUF3QURFQUlnQXNBQ0lBT0FBeEFEQUFNQUF5QUNJQUxBQWlBRGdBTVFBd0FEQUFNd0FpQUN3QUlnQTRBREVBTUFBd0FEUUFJZ0FzQUNJQU9BQXhBREFBTUFBMUFDSUFMQUFpQURnQU1RQXdBREFBTmdBaUFDd0FJZ0E0QURFQU1BQXdBRGNBSWdBc0FDSUFPQUF4QURBQU1BQTRBQ0lBTEFBaUFEZ0FNUUF3QURBQU9RQWlBQ3dBSWdBNEFERUFNQUF4QURBQUlnQXNBQ0lBT0FBeEFEQUFNUUF4QUNJQUxBQWlBRGdBTVFBd0FERUFNZ0FpQUN3QUlnQTRBREVBTUFBeEFEa0FJZ0FzQUNJQU9BQXhBREFBTWdBd0FDSUFMQUFpQURnQU1RQXdBRElBTVFBaUFDd0FJZ0E0QURFQU1BQXlBRElBSWdBc0FDSUFPQUF4QURBQU1nQXpBQ0lBTEFBaUFEZ0FNUUF3QURJQU5BQWlBQ3dBSWdBNEFERUFNQUF5QURVQUlnQXNBQ0lBT0FBeEFEQUFNZ0EzQUNJQUxBQWlBRGdBTVFBd0FESUFPUUFpQUN3QUlnQTRBREVBTUFBekFEQUFJZ0FzQUNJQU9BQXhBREFBTXdBekFDSUFMQUFpQURnQU1RQXdBRE1BTkFBaUFDd0FJZ0E0QURFQU1BQXpBRFlBSWdBc0FDSUFPQUF4QURBQU13QTRBQ0lBTEFBaUFEZ0FNUUF3QURNQU9RQWlBQ3dBSWdBNEFERUFNQUEwQURBQUlnQXNBQ0lBT0FBeEFEQUFOQUF4QUNJQUxBQWlBRGdBTVFBd0FEUUFNd0FpQUN3QUlnQTRBREVBTUFBMEFEUUFJZ0FzQUNJQU9BQXhBREFBTkFBMUFDSUFMQUFpQURnQU1RQXdBRFFBTmdBaUFDd0FJZ0E0QURFQU1BQTBBRGNBSWdBc0FDSUFPQUF4QURBQU5BQTVBQ0lBTEFBaUFEZ0FNUUF3QURVQU1BQWlBQ3dBSWdBNEFERUFNQUExQURJQUlnQXNBQ0lBT0FBeEFEQUFOUUEwQUNJQUxBQWlBRGdBTVFBd0FEVUFOUUFpQUN3QUlnQTRBREVBTUFBMUFEY0FJZ0FzQUNJQU9BQXhBREFBTlFBNEFDSUFMQUFpQURnQU1RQXdBRFVBT1FBaUFDd0FJZ0E0QURFQU1BQTJBRElBSWdBc0FDSUFPQUF4QURBQU5nQXpBQ0lBTEFBaUFEZ0FNUUF3QURZQU5BQWlBQ3dBSWdBNEFERUFNQUEyQURjQUlnQXNBQ0lBT0FBeEFEQUFOZ0E1QUNJQUxBQWlBRGdBTVFBd0FEY0FNUUFpQUN3QUlnQTRBREVBTUFBM0FETUFJZ0FzQUNJQU9BQXhBREFBTndBMkFDSUFMQUFpQURnQU1RQXdBRGNBTndBaUFDd0FJZ0E0QURFQU1BQTRBREVBSWdBc0FDSUFPQUF4QURBQU9BQXlBQ0lBTEFBaUFEZ0FNUUF3QURnQU5BQWlBQ3dBSWdBNEFERUFNQUE0QURjQUlnQXNBQ0lBT0FBeEFEQUFPQUE1QUNJQUxBQWlBRGdBTVFBd0FEa0FNQUFpQUN3QUlnQTRBREVBTUFBNUFERUFJZ0FzQUNJQU9BQXhBREFBT1FBeUFDSUFMQUFpQURnQU1RQXhBREFBTVFBaUFDd0FJZ0E0QURFQU1RQXdBRElBSWdBc0FDSUFPQUF4QURFQU1nQXdBQ0lBTEFBaUFEZ0FNUUF4QURJQU13QWlBQ3dBSWdBNEFERUFNUUF5QURRQUlnQXNBQ0lBT0FBeEFERUFNZ0ExQUNJQUxBQWlBRGdBTVFBeEFESUFOZ0FpQUN3QUlnQTRBREVBTVFBeUFEa0FJZ0FzQUNJQU9BQXhBREVBTXdBeEFDSUFMQUFpQURnQU1RQXhBRE1BTWdBaUFDd0FJZ0E0QURFQU1RQXpBRE1BSWdBc0FDSUFPQUF4QURFQU13QTFBQ0lBTEFBaUFEZ0FNUUF4QURNQU5nQWlBQ3dBSWdBNEFERUFNUUF6QURnQUlnQXNBQ0lBT0FBeEFERUFOQUF3QUNJQUxBQWlBRGdBTVFBeEFEUUFNUUFpQUN3QUlnQTRBREVBTVFBMEFETUFJZ0FzQUNJQU9BQXhBREVBTkFBMEFDSUFMQUFpQURnQU1RQXhBRFFBTmdBaUFDd0FJZ0E0QURFQU1RQTBBRGdBSWdBc0FDSUFPQUF4QURFQU5BQTVBQ0lBTEFBaUFEZ0FNUUF4QURVQU1RQWlBQ3dBSWdBNEFERUFNUUExQURJQUlnQXNBQ0lBT0FBeEFERUFOUUEwQUNJQUxBQWlBRGdBTVFBeEFEVUFOUUFpQUN3QUlnQTRBREVBTWdBd0FERUFJZ0FzQUNJQU9BQXhBRElBTVFBeEFDSUFMQUFpQURnQU1RQXlBREVBTWdBaUFDd0FJZ0E0QURFQU1nQXhBRFVBSWdBc0FDSUFPQUF4QURJQU1nQXhBQ0lBTEFBaUFEZ0FNUUF5QURJQU1nQWlBQ3dBSWdBNEFERUFNZ0F5QURNQUlnQXNBQ0lBT0FBeEFESUFNZ0EyQUNJQUxBQWlBRGdBTVFBeUFESUFOd0FpQUN3QUlnQTRBREVBTWdBeUFEZ0FJZ0FzQUNJQU9BQXhBRElBTXdBeUFDSUFMQUFpQURnQU1RQXlBRE1BTXdBaUFDd0FJZ0E0QURFQU1nQXpBRFlBSWdBc0FDSUFPQUF4QURJQU5BQXdBQ0lBTEFBaUFEZ0FNUUF5QURRQU1nQWlBQ3dBSWdBNEFERUFNZ0EwQURRQUlnQXNBQ0lBT0FBeEFESUFOQUE0QUNJQUxBQWlBRGdBTVFBeUFEVUFNZ0FpQUN3QUlnQTRBREVBTWdBMUFETUFJZ0FzQUNJQU9BQXhBRElBT1FBd0FDSUFYUUFzQUNJQVVnQmhBR1FBYVFCMUFITUFSQUJsQUhNQVl3QnlBR2tBY0FCMEFHOEFjZ0J6QUNJQU9nQmJBRjBBTEFBaUFGTUFaUUJ5QUhZQWFRQmpBR1VBUVFCeUFHVUFZUUJVQUdVQWVBQjBBQ0lBT2dBaUFGQUFjZ0JwQUcwQVlRQnlBSGtBTEFBZ0FGTUFaUUJqQUc4QWJnQmtBR0VBY2dCNUFDd0FJQUJVQUdVQWNnQjBBR2tBWVFCeUFIa0FJZ0I5QUYwQUxBQWlBRVlBYVFCc0FIUUFaUUJ5QUZZQVlRQnNBSFVBWlFCVEFHVUFiQUJsQUdNQWRBQnBBRzhBYmdCekFDSUFPZ0JiQUhzQUlnQkdBR2tBYkFCMEFHVUFjZ0JPQUdFQWJRQmxBQ0lBT2dBaUFGWUFZUUJzQUdrQVpBQkJBR1FBWkFCeUFHVUFjd0J6QUNJQUxBQWlBRVVBZUFCakFHd0FkUUJrQUdVQVZnQmhBR3dBZFFCbEFITUFJZ0E2QUZzQUlnQkdBR0VBYkFCekFHVUFJZ0JkQUN3QUlnQkpBRzRBWXdCc0FIVUFaQUJsQUZZQVlRQnNBSFVBWlFCekFDSUFPZ0JiQUYwQWZRQmRBQ3dBSWdCSkFHNEFSUUI0QUdNQWJBQjFBSE1BYVFCdkFHNEFVQUJoQUhNQWRBQk1BR2tBY3dCMEFFa0FaQUJ6QUNJQU9nQmJBQ0lBTlFBMkFEY0FNUUExQURVQU9RQXpBRGNBWmdBeEFEZ0FaQUEzQURJQU53QXhBRGdBTXdBekFHRUFZd0EzQURBQUlnQXNBQ0lBTlFBMkFHRUFPUUJpQURVQU1BQTNBRElBWXdBM0FEWUFaQUE1QURFQVpnQmtBREFBWmdCakFHUUFNd0JrQUdRQUlnQXNBQ0lBTlFBMkFEa0FaZ0JtQURnQU5nQmtBRGNBWmdBeEFEZ0FaQUEzQURFQU53QXhBRGdBWlFBMEFHVUFaUUF3QURNQUlnQXNBQ0lBTlFBMkFEY0FPUUJqQURJQU53QTNBRElBWXdBM0FEWUFaQUE1QURFQU1BQmpBREFBWmdBNUFEQUFNUUF3QURRQUlnQXNBQ0lBTlFBMkFEa0FOZ0ExQURNQVpRQmtBRElBWXdBM0FEWUFaQUE1QURBQVpnQTNBR01BTWdCbEFEZ0FZUUE0QURVQUlnQXNBQ0lBTlFBMkFEWUFPUUJtQURVQU9BQmpBRGNBWmdBeEFEZ0FaQUEzQURJQVpRQm1BRFFBT1FCbUFEWUFaZ0EwQUdFQUlnQXNBQ0lBTlFBMkFEY0FNQUE0QUdFQVlnQXlBRElBWXdBM0FEWUFaQUE1QURJQU9BQmhBR01BTUFCbEFEWUFOUUJtQURjQUlnQXNBQ0lBTlFBMkFEWUFZUUF3QURNQU53Qm1BRGNBWmdBeEFEZ0FaQUEzQURJQVpRQm1BRFFBT1FCbUFEWUFaZ0EwQUdJQUlnQXNBQ0lBTlFBMkFEa0FaZ0JpQURBQU9RQmtBRGNBWmdBeEFEZ0FaQUEzQURFQU53QmpBR01BWmdCaUFESUFNUUJtQURBQUlnQXNBQ0lBTlFBMkFEZ0FOUUF6QURVQU1RQTRBRGNBWmdBeEFEZ0FaQUEzQURBQVlnQTVBRFFBT1FBMkFEZ0FaZ0F3QURRQUlnQXNBQ0lBTlFBMkFEY0FPUUJpQUdJQVpBQmhBRElBWXdBM0FEWUFaQUE1QURBQU53QmpBR01BTXdCbUFEQUFNUUEzQUdZQUlnQXNBQ0lBTlFBMkFEY0FPQUExQURRQU1nQmlBRElBWXdBM0FEWUFaQUE1QURFQU1BQTBBR01BWkFBNUFHWUFNd0F6QURRQUlnQXNBQ0lBTlFBMkFEY0FOd0F5QURJQU5RQmpBRElBWXdBM0FEWUFaQUE1QURBQVpnQTNBREFBTUFBeUFESUFaQUJsQURBQUlnQXNBQ0lBTlFBMkFEa0FOZ0EzQURJQU5RQXdBRElBWXdBM0FEWUFaQUE1QURJQU1nQmxBR01BWkFCaUFEZ0FNZ0JsQURnQUlnQXNBQ0lBTlFBMkFEZ0FaQUE0QURrQU9RQmlBRElBWXdBM0FEWUFaQUE1QURBQVpnQXlBR01BWXdBeEFHUUFaZ0ExQUdZQUlnQXNBQ0lBTlFBMkFEZ0FaQUF6QURJQU13QmpBRGNBWmdBeEFEZ0FaQUEzQURJQU5RQmhBR01BTVFBMkFHRUFNUUF6QURZQUlnQXNBQ0lBTlFBMkFEZ0FZUUJqQUdFQU9BQmxBRGNBWmdBeEFEZ0FaQUEzQURNQU1nQmhBR01BT1FCaEFHVUFNUUF6QUdZQUlnQXNBQ0lBTlFBMkFEa0FaZ0JtQUdJQU13QTBBRGNBWmdBeEFEZ0FaQUEzQURFQU53QXhBRGdBWlFBMEFHVUFaZ0F4QURNQUlnQXNBQ0lBTlFBMkFEa0FaZ0JtQURrQU13QmhBRGNBWmdBeEFEZ0FaQUEzQURFQU53QXhBRGdBWlFBMEFHVUFaUUEwQUdVQUlnQXNBQ0lBTlFBMkFEZ0FOQUF5QURnQU5nQm1BRElBWXdBM0FEWUFaQUE1QURFQVpnQmlBRFFBTVFBMUFHRUFaQUJsQURFQUlnQXNBQ0lBTlFBMkFHSUFNd0E0QURVQU9RQmxBRElBWXdBM0FEWUFaQUE1QURFQU9RQTJBR01BT0FBMUFEQUFOUUJqQURnQUlnQXNBQ0lBTlFBMkFEZ0FZUUF5QURjQU5RQTNBRGNBWmdBeEFEZ0FaQUEzQURBQVlnQTVBRFFBT1FBMkFEZ0FaZ0F3QURnQUlnQXNBQ0lBTlFBMkFHRUFaUUJsQUdVQU5RQmtBRElBWXdBM0FEWUFaQUE1QURJQVpnQTFBREFBTWdBMEFEQUFNUUExQURnQUlnQXNBQ0lBTlFBMkFHRUFPQUJqQUdVQVpRQTFBRElBWXdBM0FEWUFaQUE1QURFQVpnQmtBREFBWmdCakFHUUFNd0F4QUdRQUlnQXNBQ0lBTlFBMkFHSUFaQUJsQURNQU1BQTBBRGNBWmdBeEFEZ0FaQUEzQURBQVlnQm1BRFFBT0FBeEFHSUFNQUF3QURrQUlnQXNBQ0lBTlFBMkFHSUFaQUJtQUdRQVpRQTRBRGNBWmdBeEFEZ0FaQUEzQURBQVlnQm1BRFFBT0FBeEFHSUFNQUEwQURBQUlnQXNBQ0lBTlFBMkFEa0FOQUJqQURnQU9BQTJBRGNBWmdBeEFEZ0FaQUEzQURJQVlRQTBBRGdBTlFCa0FERUFOUUExQUdRQUlnQXNBQ0lBTlFBMkFEa0FaZ0JtQUdFQU5BQXlBRGNBWmdBeEFEZ0FaQUEzQURFQU53QXhBRGdBWlFBMEFHVUFaUUJoQUdJQUlnQXNBQ0lBTlFBMkFHRUFaZ0JqQUdNQU5BQTFBRGNBWmdBeEFEZ0FaQUEzQURJQVl3QTBBRFFBWmdBeEFHSUFOUUJsQURnQUlnQXNBQ0lBTlFBMkFHSUFZUUExQURZQVlRQTNBRElBWXdBM0FEWUFaQUE1QURBQU9BQmlBREFBWWdBNUFEUUFNUUF6QUdNQUlnQXNBQ0lBTlFBMkFHRUFOd0JqQUdZQU9BQXlBRGNBWmdBeEFEZ0FaQUEzQURJQU13QXhBR01BTUFCaUFHTUFNZ0E1QURVQUlnQXNBQ0lBTlFBMkFEa0FaZ0JtQUdFQU5BQXpBRGNBWmdBeEFEZ0FaQUEzQURFQU53QXhBRGdBWlFBMEFHVUFaUUJoQUdNQUlnQXNBQ0lBTlFBMkFEa0FaZ0JtQUdFQU5BQTFBRGNBWmdBeEFEZ0FaQUEzQURFQU53QXhBRGdBWlFBMEFHVUFaUUJoQUdRQUlnQXNBQ0lBTlFBMkFHSUFNd0F4QURjQVlRQXlBRElBWXdBM0FEWUFaQUE1QURFQU9RQTJBR01BT0FBMUFEQUFOUUE1QUdVQUlnQXNBQ0lBTlFBMkFHRUFPUUJoQURBQVpnQmpBRElBWXdBM0FEWUFaQUE1QURFQVpnQmtBREFBWmdCakFHUUFNd0JrQURjQUlnQXNBQ0lBTlFBMkFHSUFOUUF5QURRQVlRQm1BRGNBWmdBeEFEZ0FaQUEzQURBQU5BQTBBRFFBTndCbEFEa0FaZ0E0QURVQUlnQXNBQ0lBTlFBMkFEa0FZUUF6QURFQU1nQmpBRGNBWmdBeEFEZ0FaQUEzQURJQVlnQmlBRFFBWkFCbUFHTUFaQUF3QUdVQUlnQXNBQ0lBTlFBMkFEa0FaZ0JtQUdFQU5BQTJBRGNBWmdBeEFEZ0FaQUEzQURFQU53QXhBRGdBWlFBMEFHVUFaUUJoQUdVQUlnQXNBQ0lBTlFBMkFEa0FaZ0JtQUdFQU5BQTRBRGNBWmdBeEFEZ0FaQUEzQURFQU53QXhBRGdBWlFBMEFHVUFaUUJoQUdZQUlnQXNBQ0lBTlFBMkFEa0FOQUJoQURjQU5nQXdBRElBWXdBM0FEWUFaQUE1QURFQU1nQXhBREFBWkFBeUFEVUFNd0F6QURnQUlnQXNBQ0lBTlFBMkFHRUFPQUE0QURJQVl3QXdBRGNBWmdBeEFEZ0FaQUEzQURJQU13QXhBR01BTUFCaUFHTUFNZ0JsQURVQUlnQXNBQ0lBTlFBMkFEa0FaZ0JtQUdFQU5BQTVBRGNBWmdBeEFEZ0FaQUEzQURFQU53QXhBRGdBWlFBMEFHVUFaUUJpQURBQUlnQXNBQ0lBTlFBMkFHSUFZUUJtQURFQU5BQmhBRGNBWmdBeEFEZ0FaQUEzQURFQU5BQmxBRFFBWXdCa0FHWUFaUUJqQURBQUlnQXNBQ0lBTlFBMkFHSUFOd0F3QUdJQVlnQTVBRElBWXdBM0FEWUFaQUE1QURJQU9BQmtBR01BTXdCaUFHUUFOUUJqQURJQUlnQXNBQ0lBTlFBMkFEa0FOQUJtQURNQU1RQXhBRGNBWmdBeEFEZ0FaQUEzQURJQVlRQTBBRGdBTlFCa0FERUFOUUEyQUdJQUlnQXNBQ0lBTlFBMkFHSUFOUUF4QURJQU1RQm1BRElBWXdBM0FEWUFaQUE1QURJQU9BQmtBR01BTXdCaUFHUUFOUUE0QUdRQUlnQXNBQ0lBTlFBMkFEa0FOQUJpQUdFQU53QmhBRElBWXdBM0FEWUFaQUE1QURFQU1nQXhBREFBWkFBeUFEVUFNd0F6QUdFQUlnQXNBQ0lBTlFBMkFHSUFZUUJsQUdFQVl3QTVBRElBWXdBM0FEWUFaQUE1QURFQU13Qm1BRFFBT0FBeUFEQUFOQUJrQUdNQUlnQXNBQ0lBTlFBMkFEZ0FZd0JoQURNQVlnQm1BRElBWXdBM0FEWUFaQUE1QURBQVpnQmlBRGdBWkFCa0FEUUFNUUJrQURrQUlnQXNBQ0lBTlFBMkFEa0FaZ0JtQUdFQU5BQmlBRGNBWmdBeEFEZ0FaQUEzQURFQU53QXhBRGdBWlFBMEFHVUFaUUJpQURFQUlnQXNBQ0lBTlFBMkFHSUFNZ0ExQURJQVl3QXhBRGNBWmdBeEFEZ0FaQUEzQURFQVpnQTJBRFFBTndCakFEZ0FOQUJrQUdFQUlnQXNBQ0lBTlFBMkFEa0FaZ0E1QURBQU53QTFBRGNBWmdBeEFEZ0FaQUEzQURJQU1nQTRBR01BTUFCa0FESUFOZ0EyQURRQUlnQXNBQ0lBTlFBMkFEa0FaZ0JtQUdFQU5BQmpBRGNBWmdBeEFEZ0FaQUEzQURFQU53QXhBRGdBWlFBMEFHVUFaUUJpQURJQUlnQXNBQ0lBTlFBMkFHSUFNUUJpQUdNQVlnQXdBRElBWXdBM0FEWUFaQUE1QURJQVpnQTFBREFBTWdBMEFEQUFNUUJpQURBQUlnQXNBQ0lBTlFBMkFHSUFZZ0F3QUdRQU5RQTFBRGNBWmdBeEFEZ0FaQUEzQURFQU5BQmxBRFFBWXdCa0FHWUFaUUJrQURBQUlnQXNBQ0lBTlFBMkFHRUFaZ0JqQURVQVpnQmhBRGNBWmdBeEFEZ0FaQUEzQURJQVl3QTBBRFFBWmdBeEFHSUFOUUJsQURjQUlnQXNBQ0lBTlFBMkFEa0FaZ0JtQUdFQU5BQmxBRGNBWmdBeEFEZ0FaQUEzQURFQU53QXhBRGdBWlFBMEFHVUFaUUJpQURNQUlnQXNBQ0lBTlFBMkFEa0FaZ0JtQUdFQU5BQm1BRGNBWmdBeEFEZ0FaQUEzQURFQU53QXhBRGdBWlFBMEFHVUFaUUJpQURRQUlnQXNBQ0lBTlFBMkFEa0FaZ0JtQUdFQU5RQXhBRGNBWmdBeEFEZ0FaQUEzQURFQU53QXhBRGdBWlFBMEFHVUFaUUJpQURVQUlnQXNBQ0lBTlFBMkFHRUFNQUJoQURjQVlRQXpBRGNBWmdBeEFEZ0FaQUEzQURJQU53QmlBRFFBWmdBM0FHTUFOd0JtQUdFQUlnQXNBQ0lBTlFBMkFEa0FaZ0JtQUdFQU5RQXlBRGNBWmdBeEFEZ0FaQUEzQURFQU53QXhBRGdBWlFBMEFHVUFaUUJpQURZQUlnQXNBQ0lBTlFBMkFHRUFZZ0JoQUdNQU1BQmlBRElBWXdBM0FEWUFaQUE1QURJQU1RQmxBREFBTkFCaEFHWUFNd0EzQURZQUlnQXNBQ0lBTlFBMkFHRUFaZ0JpQURVQVpnQTNBRGNBWmdBeEFEZ0FaQUEzQURJQVl3QTBBRFFBWmdBeEFHSUFOUUJsQURFQUlnQXNBQ0lBTlFBMkFHRUFaZ0JpQURrQU5BQTBBRGNBWmdBeEFEZ0FaQUEzQURFQVlnQTVBRGdBTlFCbEFEQUFOZ0F4QURZQUlnQXNBQ0lBTlFBMkFHSUFPQUJoQURZQVlnQmhBRElBWXdBM0FEWUFaQUE1QURJQU9BQmtBR01BTXdCaUFHUUFOZ0F6QURFQUlnQXNBQ0lBTlFBMkFHSUFZd0JoQURRQU9BQTFBRElBWXdBM0FEWUFaQUE1QURFQVpBQmhBR01BTWdBeUFERUFPQUEzQUdFQUlnQXNBQ0lBTlFBMkFEY0FOd0JpQUdFQU1BQTNBRElBWXdBM0FEWUFaQUE1QURBQVpnQTNBREFBTUFBeUFESUFaQUJsQURRQUlnQXNBQ0lBTlFBMkFHSUFNd0JqQUdNQVlRQmpBRGNBWmdBeEFEZ0FaQUEzQURFQVpnQTJBRFFBTndCakFEZ0FOUUF4QURjQUlnQXNBQ0lBTlFBMkFEa0FZZ0E0QURjQVpnQXpBRElBWXdBM0FEWUFaQUE1QURJQU1nQmxBR01BTWdBMkFHRUFOd0E0QUdJQUlnQXNBQ0lBTlFBMkFEa0FaZ0JtQUdFQU5RQTBBRGNBWmdBeEFEZ0FaQUEzQURFQU53QXhBRGdBWlFBMEFHVUFaUUJpQURjQUlnQXNBQ0lBTlFBMkFEa0FaZ0JtQUdFQU5RQTJBRGNBWmdBeEFEZ0FaQUEzQURFQU53QXhBRGdBWlFBMEFHVUFaUUJpQURnQUlnQXNBQ0lBTlFBMkFEZ0FZd0JsQURVQVpnQTVBRElBWXdBM0FEWUFaQUE1QURBQVpnQmlBRGdBWkFCa0FEUUFNUUJrQUdZQUlnQXNBQ0lBTlFBMkFHRUFZUUEwQURBQU1BQTJBRGNBWmdBeEFEZ0FaQUEzQURJQU13QXhBR01BTUFCaUFHTUFOQUF3QURJQUlnQXNBQ0lBTlFBMkFEa0FOUUF3QURFQVpnQTBBRElBWXdBM0FEWUFaQUE1QURFQU1nQXhBREFBWkFBeUFEVUFNd0EwQUdRQUlnQXNBQ0lBTlFBMkFHRUFZUUEyQUdFQU5BQm1BRElBWXdBM0FEWUFaQUE1QURNQVpBQTNBRFFBWXdCbUFEZ0FOZ0EyQURjQUlnQXNBQ0lBTlFBMkFHSUFNQUJrQUdZQVlRQXhBRElBWXdBM0FEWUFaQUE1QURJQVpnQTFBREFBTWdBMEFEQUFNUUE1QURrQUlnQXNBQ0lBTlFBMkFEa0FaZ0JtQUdFQU5RQTRBRGNBWmdBeEFEZ0FaQUEzQURFQU53QXhBRGdBWlFBMEFHVUFaUUJpQURrQUlnQXNBQ0lBTlFBMkFEa0FOd0F6QURRQU1nQmpBRGNBWmdBeEFEZ0FaQUEzQURBQVl3QTNBRGdBT1FBeEFEWUFNQUF6QURBQUlnQXNBQ0lBTlFBMkFEa0FaZ0JtQUdFQU5RQmlBRGNBWmdBeEFEZ0FaQUEzQURFQU53QXhBRGdBWlFBMEFHVUFaUUJpQUdFQUlnQXNBQ0lBTlFBMkFEa0FaZ0JtQUdFQU5RQmpBRGNBWmdBeEFEZ0FaQUEzQURFQU53QXhBRGdBWlFBMEFHVUFaUUJpQUdJQUlnQXNBQ0lBTlFBMkFEa0FaZ0JtQUdFQU5RQmtBRGNBWmdBeEFEZ0FaQUEzQURFQU53QXhBRGdBWlFBMEFHVUFaUUJpQUdNQUlnQXNBQ0lBTlFBMkFHRUFOd0EyQURJQU9RQTJBRGNBWmdBeEFEZ0FaQUEzQURJQU13QmlBRFFBWVFCaUFERUFaUUJqQUdVQUlnQXNBQ0lBTlFBMkFHSUFOd0F4QUdVQU13QTNBRElBWXdBM0FEWUFaQUE1QURJQU9BQmtBR01BTXdCaUFHUUFOUUJqQUdNQUlnQXNBQ0lBTlFBMkFEa0FOd0F6QUdNQVlRQTNBRGNBWmdBeEFEZ0FaQUEzQURBQVl3QTNBRGdBT1FBeEFEWUFNQUF6QURFQUlnQXNBQ0lBTlFBMkFHRUFNQUE1QURBQU1RQTJBRGNBWmdBeEFEZ0FaQUEzQURJQU53QmlBRFFBWmdBM0FHTUFOd0JtQURFQUlnQXNBQ0lBTlFBMkFHSUFNQUJrQURrQU5nQXdBRGNBWmdBeEFEZ0FaQUEzQURJQVl3QTBBRFFBWmdBeEFHSUFOUUJtQUdVQUlnQXNBQ0lBTlFBMkFHSUFPQUEzQURjQVpBQmtBRElBWXdBM0FEWUFaQUE1QURJQU9BQmtBR01BTXdCaUFHUUFOZ0F4QUdJQUlnQXNBQ0lBTlFBMkFEa0FOd0F6QURnQU5RQTRBRElBWXdBM0FEWUFaQUE1QURBQU5RQTFBREFBWVFCaEFESUFPUUJoQURBQUlnQXNBQ0lBTlFBMkFHRUFOd0JrQURnQU1BQXlBRElBWXdBM0FEWUFaQUE1QURFQVpnQmtBREFBWmdCakFHUUFNZ0E1QUdRQUlnQXNBQ0lBTlFBMkFHRUFOd0EwQUdZQU53QmtBRElBWXdBM0FEWUFaQUE1QURNQU1nQTNBRFFBT1FBMkFEa0FZZ0JrQURVQUlnQXNBQ0lBTlFBMkFEZ0FaZ0E0QURrQU1RQXpBRGNBWmdBeEFEZ0FaQUEzQURFQU9RQmtBRFFBWWdBd0FEZ0FaZ0JqQURRQUlnQXNBQ0lBTlFBMkFHRUFZd0E1QURBQU9BQTVBRGNBWmdBeEFEZ0FaQUEzQURJQVl3QTBBRFFBWmdBeEFHSUFOUUJoQUdJQUlnQXNBQ0lBTlFBMkFHSUFNZ0F3QURjQU53QmpBRGNBWmdBeEFEZ0FaQUEzQURJQVl3QTBBRFFBWmdBeEFHSUFOZ0F5QUdNQUlnQXNBQ0lBTlFBMkFEa0FaZ0JtQUdFQU5nQXlBRGNBWmdBeEFEZ0FaQUEzQURFQU53QXhBRGdBWlFBMEFHVUFaUUJpQUdRQUlnQXNBQ0lBTlFBMkFHSUFaQUJtQURVQU53QTFBRGNBWmdBeEFEZ0FaQUEzQURBQVlnQm1BRFFBT0FBeEFHSUFNQUF6QURnQUlnQXNBQ0lBTlFBMkFEa0FaZ0JtQUdFQU5nQXpBRGNBWmdBeEFEZ0FaQUEzQURFQU53QXhBRGdBWlFBMEFHVUFaUUJpQUdVQUlnQXNBQ0lBTlFBMkFHSUFZUUEzQURRQU1BQXpBRElBWXdBM0FEWUFaQUE1QURBQU9BQmlBREFBWWdBNUFEUUFNUUEwQURjQUlnQXNBQ0lBTlFBMkFEa0FZZ0ExQUdZQVpnQTRBRElBWXdBM0FEWUFaQUE1QURJQU1nQmxBR01BTWdBMkFHRUFOd0E0QURjQUlnQXNBQ0lBTlFBMkFHSUFZd0E1QURrQU9RQXhBRElBWXdBM0FEWUFaQUE1QURFQVpBQmhBR01BTWdBeUFERUFPQUEyQUdFQUlnQXNBQ0lBTlFBMkFEa0FaZ0JtQUdFQU5nQTJBRGNBWmdBeEFEZ0FaQUEzQURFQU53QXhBRGdBWlFBMEFHVUFaUUJpQUdZQUlnQXNBQ0lBTlFBMkFEa0FaZ0JtQUdFQU5nQTNBRGNBWmdBeEFEZ0FaQUEzQURFQU53QXhBRGdBWlFBMEFHVUFaUUJqQURBQUlnQXNBQ0lBTlFBMkFEa0FaZ0JtQUdFQU5nQTRBRGNBWmdBeEFEZ0FaQUEzQURFQU53QXhBRGdBWlFBMEFHVUFaUUJqQURFQUlnQXNBQ0lBTlFBMkFHSUFOUUJpQUdRQU13QmtBRGNBWmdBeEFEZ0FaQUEzQURBQU5BQTBBRFFBTndCbEFEa0FaZ0E0QUdZQUlnQXNBQ0lBTlFBMkFHSUFNUUF5QUdNQU1nQmtBRGNBWmdBeEFEZ0FaQUEzQURJQVl3QTBBRFFBWmdBeEFHSUFOZ0F3QURZQUlnQXNBQ0lBTlFBMkFHSUFOQUEyQURZQU9BQmtBRElBWXdBM0FEWUFaQUE1QURJQVpRQTRBREFBTndBeUFESUFPQUJtQUdRQUlnQXNBQ0lBTlFBMkFHSUFNUUJsQURNQU9BQTFBRGNBWmdBeEFEZ0FaQUEzQURJQVl3QTBBRFFBWmdBeEFHSUFOZ0F4QUdZQUlnQXNBQ0lBTlFBMkFHSUFNd0F6QUdNQU5nQTRBRElBWXdBM0FEWUFaQUE1QURFQU9RQTJBR01BT0FBMUFEQUFOUUJpQURBQUlnQXNBQ0lBTlFBMkFHSUFZd0E0QURnQU53QTRBRElBWXdBM0FEWUFaQUE1QURFQVpBQmhBR01BTWdBeUFERUFPQUExQUdNQUlnQXNBQ0lBTlFBMkFHSUFZd0E0QURRQVlRQXpBRElBWXdBM0FEWUFaQUE1QURFQVpBQmhBR01BTWdBeUFERUFPQUExQURVQUlnQXNBQ0lBTlFBMkFHRUFOd0JtQUdFQU5BQmtBRGNBWmdBeEFEZ0FaQUEzQURJQU13QXhBR01BTUFCaUFHTUFNZ0JoQURVQUlnQXNBQ0lBTlFBMkFHRUFPQUF3QUdRQU53QXpBRElBWXdBM0FEWUFaQUE1QURFQVpnQmtBREFBWmdCakFHUUFNZ0JqQURVQUlnQXNBQ0lBTlFBMkFEa0FaZ0JtQUdFQU5nQmhBRGNBWmdBeEFEZ0FaQUEzQURFQU53QXhBRGdBWlFBMEFHVUFaUUJqQURJQUlnQXNBQ0lBTlFBMkFEa0FOQUJqQURRQVpRQmxBRElBWXdBM0FEWUFaQUE1QURFQU1nQXhBREFBWkFBeUFEVUFNd0F6QUdJQUlnQXNBQ0lBTlFBMkFEa0FaZ0JtQUdFQU5nQmlBRGNBWmdBeEFEZ0FaQUEzQURFQU53QXhBRGdBWlFBMEFHVUFaUUJqQURNQUlnQXNBQ0lBTlFBMkFHRUFOd0JrQUdNQVlnQXpBRElBWXdBM0FEWUFaQUE1QURFQVpnQmtBREFBWmdCakFHUUFNZ0E1QUdVQUlnQXNBQ0lBTlFBMkFHSUFOUUJqQUdZQU9BQXpBRElBWXdBM0FEWUFaQUE1QURJQU9BQmtBR01BTXdCaUFHUUFOUUJoQUdFQUlnQXNBQ0lBTlFBMkFHSUFZUUF3QUdZQVpBQTNBRElBWXdBM0FEWUFaQUE1QURBQU9BQmlBREFBWWdBNUFEUUFNUUF6QURNQUlnQXNBQ0lBTlFBMkFHSUFOUUJrQURVQVlRQTBBRElBWXdBM0FEWUFaQUE1QURJQU9BQmtBR01BTXdCaUFHUUFOUUJpQURFQUlnQXNBQ0lBTlFBMkFEZ0FaUUEwQUdFQU13QXpBRElBWXdBM0FEWUFaQUE1QURFQU5nQTBBR01BWlFBeUFHTUFNd0JoQUdVQUlnQXNBQ0lBTlFBMkFHSUFNd0F4QUdJQU1nQmtBRGNBWmdBeEFEZ0FaQUEzQURFQVpnQTJBRFFBTndCakFEZ0FOQUJsQURrQUlnQXNBQ0lBTlFBMkFHSUFNZ0EwQUdJQU5nQTJBRElBWXdBM0FEWUFaQUE1QURFQU9RQTJBR01BT0FBMUFEQUFOUUE0QUdZQUlnQXNBQ0lBTlFBMkFHSUFOUUF3QURNQVpBQXdBRGNBWmdBeEFEZ0FaQUEzQURFQVpBQmhBR01BWXdCbUFHTUFOUUF6QURNQUlnQXNBQ0lBTlFBMkFHSUFNUUF6QURNQU53QmxBRElBWXdBM0FEWUFaQUE1QURJQVpnQTFBREFBTWdBMEFEQUFNUUJoQURJQUlnQXNBQ0lBTlFBMkFEa0FaZ0JtQURnQU9RQXdBRGNBWmdBeEFEZ0FaQUEzQURFQU53QXhBRGdBWlFBMEFHVUFaUUF4QUdJQUlnQXNBQ0lBTlFBMkFEa0FaZ0JtQURnQU9RQXhBRGNBWmdBeEFEZ0FaQUEzQURFQU53QXhBRGdBWlFBMEFHVUFaUUF4QUdNQUlnQXNBQ0lBTlFBMkFEa0FaZ0JtQURnQU9RQXpBRGNBWmdBeEFEZ0FaQUEzQURFQU53QXhBRGdBWlFBMEFHVUFaUUF4QUdRQUlnQXNBQ0lBTlFBMkFHRUFOd0JrQURNQU9BQTRBRElBWXdBM0FEWUFaQUE1QURFQVpnQmtBREFBWmdCakFHUUFNZ0E1QUdNQUlnQXNBQ0lBTlFBMkFHSUFNUUJrQURrQU1RQXpBRElBWXdBM0FEWUFaQUE1QURJQVpnQTFBREFBTWdBMEFEQUFNUUJpQURRQUlnQXNBQ0lBTlFBMkFEa0FaZ0JtQURnQU9RQTFBRGNBWmdBeEFEZ0FaQUEzQURFQU53QXhBRGdBWlFBMEFHVUFaUUF4QUdVQUlnQXNBQ0lBTlFBMkFEa0FZd0JpQUdVQU5BQm1BRGNBWmdBeEFEZ0FaQUEzQURJQVlnQmlBRFFBWkFCbUFHTUFaQUExQURJQUlnQXNBQ0lBTlFBMkFEZ0FaUUJrQURNQVl3QmtBRGNBWmdBeEFEZ0FaQUEzQURJQVpBQTFBR01BWWdCaUFHSUFZUUEyQURRQUlnQXNBQ0lBTlFBMkFEa0FZUUE1QUdFQU1nQTNBRElBWXdBM0FEWUFaQUE1QURJQU1nQmxBR01BTWdBMkFHRUFOd0EzQURnQUlnQXNBQ0lBTlFBMkFEa0FNd0EwQUdZQVlRQmtBRElBWXdBM0FEWUFaQUE1QURFQVl3QXdBRGdBWlFBNUFEa0FNZ0E1QURFQUlnQXNBQ0lBTlFBMkFHSUFZUUEzQURBQU5BQXpBRGNBWmdBeEFEZ0FaQUEzQURJQVpnQTVBRGdBT1FCbUFEQUFPQUJqQUdNQUlnQXNBQ0lBTlFBMkFHSUFOUUF4QUdJQU9BQmtBRElBWXdBM0FEWUFaQUE1QURJQU9BQmtBR01BTXdCaUFHUUFOUUE1QURFQUlnQXNBQ0lBTlFBMkFEa0FaZ0JtQURnQU9RQTVBRGNBWmdBeEFEZ0FaQUEzQURFQU53QXhBRGdBWlFBMEFHVUFaUUF4QUdZQUlnQXNBQ0lBTlFBMkFEZ0FNUUJoQUdVQVlRQmpBRElBWXdBM0FEWUFaQUE1QURBQVlRQXpBR01BTmdCa0FHTUFNZ0EyQURRQUlnQXNBQ0lBTlFBMkFHRUFZUUEyQURVQVlnQXlBRElBWXdBM0FEWUFaQUE1QURNQVpBQTNBRFFBWXdCbUFEZ0FOZ0EyQURNQUlnQXNBQ0lBTlFBMkFHSUFOUUJpQUdFQU1nQXpBRGNBWmdBeEFEZ0FaQUEzQURBQU5BQTBBRFFBTndCbEFEa0FaZ0E0QUdNQUlnQXNBQ0lBTlFBMkFEa0FaZ0JtQURnQU9RQmxBRGNBWmdBeEFEZ0FaQUEzQURFQU53QXhBRGdBWlFBMEFHVUFaUUF5QURBQUlnQXNBQ0lBTlFBMkFHSUFZUUJqQUdNQVlnQmtBRElBWXdBM0FEWUFaQUE1QURFQU13Qm1BRFFBT0FBeUFEQUFOQUJrQURFQUlnQXNBQ0lBTlFBMkFEa0FaZ0JtQURnQU9RQm1BRGNBWmdBeEFEZ0FaQUEzQURFQU53QXhBRGdBWlFBMEFHVUFaUUF5QURFQUlnQXNBQ0lBTlFBMkFEa0FNd0EzQUdRQVl3QmlBRGNBWmdBeEFEZ0FaQUEzQURNQU1RQTRBR01BTUFBNUFHWUFOUUF3QURFQUlnQXNBQ0lBTlFBMkFEY0FPQUExQUdVQU13QTBBRElBWXdBM0FEWUFaQUE1QURFQU1BQTBBR01BWkFBNUFHWUFNd0F6QURjQUlnQXNBQ0lBTlFBMkFEa0FaZ0JtQURnQVlRQXlBRGNBWmdBeEFEZ0FaQUEzQURFQU53QXhBRGdBWlFBMEFHVUFaUUF5QURJQUlnQXNBQ0lBTlFBMkFEa0FaZ0JtQURnQVlRQTBBRGNBWmdBeEFEZ0FaQUEzQURFQU53QXhBRGdBWlFBMEFHVUFaUUF5QURNQUlnQXNBQ0lBTlFBMkFHRUFZUUEwQURRQU5BQTFBRElBWXdBM0FEWUFaQUE1QURFQVpnQmtBREFBWmdCakFHUUFOQUF3QUdZQUlnQXNBQ0lBTlFBMkFEY0FOQUF3QUdRQU1nQTJBRGNBWmdBeEFEZ0FaQUEzQURFQVpnQmxBR01BTVFCaEFEVUFPUUF6QURNQUlnQXNBQ0lBTlFBMkFEa0FaZ0JtQURnQVlRQTJBRGNBWmdBeEFEZ0FaQUEzQURFQU53QXhBRGdBWlFBMEFHVUFaUUF5QURRQUlnQXNBQ0lBTlFBMkFEa0FaZ0JtQURnQVlRQTNBRGNBWmdBeEFEZ0FaQUEzQURFQU53QXhBRGdBWlFBMEFHVUFaUUF5QURVQUlnQXNBQ0lBTlFBMkFHSUFNUUF4QUdRQVpRQm1BRGNBWmdBeEFEZ0FaQUEzQURJQVl3QTBBRFFBWmdBeEFHSUFOZ0F3QURJQUlnQXNBQ0lBTlFBMkFHRUFZZ0JsQURnQVpRQXhBRGNBWmdBeEFEZ0FaQUEzQURJQVl3QTBBRFFBWmdBeEFHSUFOUUE1QUdVQUlnQXNBQ0lBTlFBMkFEa0FaZ0JtQURnQVlRQTVBRGNBWmdBeEFEZ0FaQUEzQURFQU53QXhBRGdBWlFBMEFHVUFaUUF5QURZQUlnQXNBQ0lBTlFBMkFEZ0FOQUJtQUdRQU1nQTBBRElBWXdBM0FEWUFaQUE1QURBQVpBQmlBRFFBTWdBd0FEWUFaZ0E0QURJQUlnQXNBQ0lBTlFBMkFEa0FaZ0JtQURnQVlRQmlBRGNBWmdBeEFEZ0FaQUEzQURFQU53QXhBRGdBWlFBMEFHVUFaUUF5QURjQUlnQXNBQ0lBTlFBMkFEZ0FOQUEwQUdRQU9RQXlBRGNBWmdBeEFEZ0FaQUEzQURBQVlnQTVBRFFBT1FBMkFEZ0FaUUJrQUdVQUlnQXNBQ0lBTlFBMkFEa0FaZ0JtQURnQVlRQmxBRGNBWmdBeEFEZ0FaQUEzQURFQU53QXhBRGdBWlFBMEFHVUFaUUF5QURnQUlnQXNBQ0lBTlFBMkFHRUFNZ0EwQURrQVlRQTJBRGNBWmdBeEFEZ0FaQUEzQURFQU5BQTJBRFFBTUFCbEFERUFNd0EzQURZQUlnQXNBQ0lBTlFBMkFEa0FaZ0JtQURnQVlRQm1BRGNBWmdBeEFEZ0FaQUEzQURFQU53QXhBRGdBWlFBMEFHVUFaUUF5QURrQUlnQXNBQ0lBTlFBMkFEa0FaZ0JtQURnQVlnQXdBRGNBWmdBeEFEZ0FaQUEzQURFQU53QXhBRGdBWlFBMEFHVUFaUUF5QUdFQUlnQXNBQ0lBTlFBMkFEa0FaZ0JtQURnQVlnQXlBRGNBWmdBeEFEZ0FaQUEzQURFQU53QXhBRGdBWlFBMEFHVUFaUUF5QUdJQUlnQXNBQ0lBTlFBMkFHSUFOUUF5QURnQU5BQXhBRElBWXdBM0FEWUFaQUE1QURJQU9BQmtBR01BTXdCaUFHUUFOUUE1QUdNQUlnQXNBQ0lBTlFBMkFEa0FOQUJqQURFQU5RQmtBRGNBWmdBeEFEZ0FaQUEzQURJQVlRQTBBRGdBTlFCa0FERUFOUUExQUdNQUlnQXNBQ0lBTlFBMkFEa0FZd0JsQURrQU1nQm1BRGNBWmdBeEFEZ0FaQUEzQURJQVlnQmlBRFFBWkFCbUFHTUFaQUExQURnQUlnQXNBQ0lBTlFBMkFHSUFZZ0F3QURJQU13QTRBRGNBWmdBeEFEZ0FaQUEzQURFQU5BQmxBRFFBWXdCa0FHWUFaUUJqQURnQUlnQXNBQ0lBTlFBMkFEa0FaZ0JtQURnQVlnQXpBRGNBWmdBeEFEZ0FaQUEzQURFQU53QXhBRGdBWlFBMEFHVUFaUUF5QUdNQUlnQXNBQ0lBTlFBMkFEa0FaZ0JtQURnQVlnQTBBRGNBWmdBeEFEZ0FaQUEzQURFQU53QXhBRGdBWlFBMEFHVUFaUUF5QUdRQUlnQXNBQ0lBTlFBMkFHRUFaZ0JpQUdFQU13QTRBRElBWXdBM0FEWUFaQUE1QURJQVpnQTFBREFBTWdBMEFEQUFNUUEzQUdNQUlnQXNBQ0lBTlFBMkFEa0FaZ0EyQURVQU5nQmpBRGNBWmdBeEFEZ0FaQUEzQURJQU1nQTRBR01BTUFCa0FESUFOZ0ExQUdRQUlnQXNBQ0lBTlFBMkFHRUFZZ0JpQURBQU5nQTJBRGNBWmdBeEFEZ0FaQUEzQURJQVpRQmlBR01BT1FCbUFERUFOUUF6QUdZQUlnQXNBQ0lBTlFBMkFHSUFOd0F3QUdZQU5nQmtBRGNBWmdBeEFEZ0FaQUEzQURBQU5BQTBBRFFBTndCbEFEa0FaZ0JpQURFQUlnQXNBQ0lBTlFBMkFHRUFZZ0F5QURFQU1BQTNBRElBWXdBM0FEWUFaQUE1QURFQU1BQm1BRFFBTXdCa0FEY0FaQUE0QURBQUlnQXNBQ0lBTlFBMkFEa0FaZ0JtQURnQVlnQTNBRGNBWmdBeEFEZ0FaQUEzQURFQU53QXhBRGdBWlFBMEFHVUFaUUF5QUdVQUlnQXNBQ0lBTlFBMkFHSUFPQUE1QUdFQU53QXpBRElBWXdBM0FEWUFaQUE1QURJQU9BQmtBR01BTXdCaUFHUUFOZ0F5QUdFQUlnQXNBQ0lBTlFBMkFHRUFOd0JtQURjQU5BQXpBRElBWXdBM0FEWUFaQUE1QURFQVpnQmtBREFBWmdCakFHUUFNZ0JoQURnQUlnQXNBQ0lBTlFBMkFEVUFaUUE1QUdRQVpnQmlBRGNBWmdBeEFEZ0FaQUEzQURFQVlnQTNBREFBT0FBMkFEY0FOQUEwQUdJQUlnQXNBQ0lBTlFBMkFHSUFZUUF4QURVQU5BQmtBRElBWXdBM0FEWUFaQUE1QURBQU9BQmlBREFBWWdBNUFEUUFNUUF6QURZQUlnQXNBQ0lBTlFBMkFHSUFZUUF4QURZQU5nQTFBRGNBWmdBeEFEZ0FaQUEzQURJQU1BQXlBR01BTmdCbEFHRUFNQUEzQURJQUlnQXNBQ0lBTlFBMkFEa0FaZ0JtQURnQVlnQTVBRGNBWmdBeEFEZ0FaQUEzQURFQU53QXhBRGdBWlFBMEFHVUFaUUF5QUdZQUlnQXNBQ0lBTlFBMkFHRUFaZ0EyQURFQVlRQXdBRElBWXdBM0FEWUFaQUE1QURJQVpnQTFBREFBTWdBMEFEQUFNUUEyQURjQUlnQXNBQ0lBTlFBMkFEa0FaZ0JtQURnQVlnQmhBRGNBWmdBeEFEZ0FaQUEzQURFQU53QXhBRGdBWlFBMEFHVUFaUUF6QURBQUlnQXNBQ0lBTlFBMkFEa0FZd0ExQUdRQU9RQXpBRElBWXdBM0FEWUFaQUE1QURJQU1nQmxBR01BTWdBMkFHRUFOd0E1QUdFQUlnQXNBQ0lBTlFBMkFHRUFNQUEyQURjQVpRQTRBRGNBWmdBeEFEZ0FaQUEzQURJQU53QmlBRFFBWmdBM0FHTUFOd0JsQUdFQUlnQXNBQ0lBTlFBMkFEa0FZUUEzQURJQVlnQTJBRElBWXdBM0FEWUFaQUE1QURJQU1nQmxBR01BTWdBMkFHRUFOd0EzQURRQUlnQXNBQ0lBTlFBMkFEa0FaZ0JtQURnQVlnQmxBRGNBWmdBeEFEZ0FaQUEzQURFQU53QXhBRGdBWlFBMEFHVUFaUUF6QURFQUlnQXNBQ0lBTlFBMkFHSUFOd0F5QURZQVlnQTVBRElBWXdBM0FEWUFaQUE1QURJQU9BQmtBR01BTXdCaUFHUUFOUUJrQURRQUlnQXNBQ0lBTlFBMkFEa0FaQUJpQURrQU9BQTBBRElBWXdBM0FEWUFaQUE1QURJQU1nQmxBR01BTWdBMkFHRUFOd0JpQUdFQUlnQXNBQ0lBTlFBMkFHSUFOQUEzQUdVQU1RQTJBRElBWXdBM0FEWUFaQUE1QURJQVpRQTRBREFBTndBeUFESUFPUUF3QUdVQUlnQXNBQ0lBTlFBMkFHRUFNUUJpQUdJQU9BQTFBRGNBWmdBeEFEZ0FaQUEzQURFQU5BQTJBRFFBTUFCbEFERUFNd0ExQUdRQUlnQXNBQ0lBTlFBMkFEY0FZZ0JqQURJQU1BQmxBRElBWXdBM0FEWUFaQUE1QURBQU9RQXpBR01BTkFCa0FHUUFOZ0F3QURVQUlnQXNBQ0lBTlFBMkFEZ0FaUUE1QURJQVpnQmpBRElBWXdBM0FEWUFaQUE1QURFQU5nQTBBR01BWlFBeUFHTUFNd0JqQUdRQUlnQXNBQ0lBTlFBMkFEa0FZd0E0QURrQVpRQmhBRGNBWmdBeEFEZ0FaQUEzQURJQVlnQmlBRFFBWkFCbUFHTUFaQUEwQUdJQUlnQXNBQ0lBTlFBMkFEa0FaZ0JtQURnQVl3QXpBRGNBWmdBeEFEZ0FaQUEzQURFQU53QXhBRGdBWlFBMEFHVUFaUUF6QURJQUlnQXNBQ0lBTlFBMkFEa0FaZ0F6QURRQU1BQXdBRGNBWmdBeEFEZ0FaQUEzQURJQU1nQTRBR01BTUFCa0FESUFOZ0ExQURRQUlnQXNBQ0lBTlFBMkFEa0FaZ0JtQURnQVl3QTJBRGNBWmdBeEFEZ0FaQUEzQURFQU53QXhBRGdBWlFBMEFHVUFaUUF6QURNQUlnQXNBQ0lBTlFBMkFHSUFNd0E0QURFQVlnQXhBRGNBWmdBeEFEZ0FaQUEzQURFQVpnQTJBRFFBTndCakFEZ0FOUUF3QUdJQUlnQXNBQ0lBTlFBMkFEY0FPUUE0QURBQU5BQmlBRElBWXdBM0FEWUFaQUE1QURFQU1BQXpBRGdBTWdBNEFHRUFPQUF6QURBQUlnQXNBQ0lBTlFBMkFEZ0FaZ0JqQURVQU5RQXhBRGNBWmdBeEFEZ0FaQUEzQURFQU9RQmtBRFFBWWdBd0FEZ0FaZ0JsQURBQUlnQXNBQ0lBTlFBMkFEa0FaZ0JtQURnQVl3QTVBRGNBWmdBeEFEZ0FaQUEzQURFQU53QXhBRGdBWlFBMEFHVUFaUUF6QURRQUlnQXNBQ0lBTlFBMkFHRUFOZ0E1QUdVQVlRQm1BRElBWXdBM0FEWUFaQUE1QURNQU1nQTNBRFFBT1FBMkFEa0FZZ0JqQURZQUlnQXNBQ0lBTlFBMkFEa0FOQUJqQUdRQU1nQXlBRGNBWmdBeEFEZ0FaQUEzQURJQVlRQTBBRGdBTlFCa0FERUFOUUExQUdVQUlnQXNBQ0lBTlFBMkFEZ0FZd0F6QURjQU5BQTVBRElBWXdBM0FEWUFaQUE1QURFQU1BQm1BR01BTVFCaEFHSUFOd0F3QUdFQUlnQXNBQ0lBTlFBMkFEa0FaZ0JtQUdRQU1RQTRBRGNBWmdBeEFEZ0FaQUEzQURFQU53QXhBRGdBWlFBMEFHVUFaZ0JsQUdFQUlnQXNBQ0lBTlFBMkFHRUFOZ0E0QUdRQU9RQTJBRGNBWmdBeEFEZ0FaQUEzQURJQU13QmlBRFFBWVFCaUFERUFaUUE1QUdVQUlnQXNBQ0lBTlFBMkFEa0FOUUF3QURjQU5BQTNBRGNBWmdBeEFEZ0FaQUEzQURJQVlRQTBBRGdBTlFCa0FERUFOUUEzQURBQUlnQXNBQ0lBTlFBMkFEa0FNQUJrQUdFQVpBQXhBRElBWXdBM0FEWUFaQUE1QURFQVl3QXdBRGdBWlFBNUFEa0FNZ0EzQURRQUlnQXNBQ0lBTlFBMkFEa0FaZ0JtQUdRQU1RQmlBRGNBWmdBeEFEZ0FaQUEzQURFQU53QXhBRGdBWlFBMEFHVUFaZ0JsQUdJQUlnQXNBQ0lBTlFBMkFEY0FPQUExQUdJQU5nQTRBRElBWXdBM0FEWUFaQUE1QURFQU1BQTBBR01BWkFBNUFHWUFNd0F6QURZQUlnQXNBQ0lBTlFBMkFEa0FaZ0JtQUdRQU1RQmtBRGNBWmdBeEFEZ0FaQUEzQURFQU53QXhBRGdBWlFBMEFHVUFaZ0JsQUdNQUlnQXNBQ0lBTlFBMkFEa0FaZ0JtQUdRQU1RQm1BRGNBWmdBeEFEZ0FaQUEzQURFQU53QXhBRGdBWlFBMEFHVUFaZ0JsQUdRQUlnQXNBQ0lBTlFBMkFHRUFZUUF3QURVQU5nQmxBRGNBWmdBeEFEZ0FaQUEzQURJQU13QXhBR01BTUFCaUFHTUFNd0JsQURnQUlnQXNBQ0lBTlFBMkFHSUFPQUEzQURFQU5BQmpBRElBWXdBM0FEWUFaQUE1QURJQU9BQmtBR01BTXdCaUFHUUFOZ0F4QURjQUlnQXNBQ0lBTlFBMkFEa0FaZ0JtQUdRQU1nQXdBRGNBWmdBeEFEZ0FaQUEzQURFQU53QXhBRGdBWlFBMEFHVUFaZ0JsQUdVQUlnQXNBQ0lBTlFBMkFHRUFaUUJsQUdFQU13QXdBRGNBWmdBeEFEZ0FaQUEzQURJQVl3QTBBRFFBWmdBeEFHSUFOUUJpQUdRQUlnQXNBQ0lBTlFBMkFEa0FaZ0JtQUdRQU1nQXlBRGNBWmdBeEFEZ0FaQUEzQURFQU53QXhBRGdBWlFBMEFHVUFaZ0JsQUdZQUlnQXNBQ0lBTlFBMkFHSUFNd0E0QURjQVlRQTBBRGNBWmdBeEFEZ0FaQUEzQURFQVpnQTJBRFFBTndCakFEZ0FOUUF3QUdZQUlnQXNBQ0lBTlFBMkFHRUFaZ0JqQUdVQU5BQTFBRElBWXdBM0FEWUFaQUE1QURJQVpnQTFBREFBTWdBMEFEQUFNUUE0QURBQUlnQXNBQ0lBTlFBMkFHSUFZUUJtQURNQU13QmtBRElBWXdBM0FEWUFaQUE1QURFQU13Qm1BRFFBT0FBeUFEQUFOQUJsQURBQUlnQXNBQ0lBTlFBMkFHSUFOUUF4QURRQU1BQmxBRGNBWmdBeEFEZ0FaQUEzQURBQU5BQTBBRFFBTndCbEFEa0FaZ0EzQUdFQUlnQXNBQ0lBTlFBMkFHSUFNZ0ExQURRQVpRQXlBRElBWXdBM0FEWUFaQUE1QURFQU9RQTJBR01BT0FBMUFEQUFOUUE1QURNQUlnQXNBQ0lBTlFBMkFHSUFNQUJsQURFQVpBQXpBRGNBWmdBeEFEZ0FaQUEzQURJQVl3QTBBRFFBWmdBeEFHSUFOZ0F3QURFQUlnQXNBQ0lBTlFBMkFHSUFZUUEzQURZQU1BQmlBRGNBWmdBeEFEZ0FaQUEzQURJQVpnQTVBRGdBT1FCbUFEQUFPQUJrQURBQUlnQXNBQ0lBTlFBMkFEa0FaZ0JtQURrQVpRQXdBRGNBWmdBeEFEZ0FaQUEzQURFQU53QXhBRGdBWlFBMEFHVUFaUUE0QURnQUlnQXNBQ0lBTlFBMkFHSUFOUUJpQUdZQU5BQTBBRElBWXdBM0FEWUFaQUE1QURJQU9BQmtBR01BTXdCaUFHUUFOUUJoQURNQUlnQXNBQ0lBTlFBMkFHSUFNUUJsQURZQU9RQTJBRElBWXdBM0FEWUFaQUE1QURJQVpnQTFBREFBTWdBMEFEQUFNUUJpQURnQUlnQXNBQ0lBTlFBMkFHSUFZd0E0QUdFQU53QXdBRElBWXdBM0FEWUFaQUE1QURFQVpBQmhBR01BTWdBeUFERUFPQUExQUdRQUlnQXNBQ0lBTlFBMkFHRUFOd0JrQUdVQU9BQmxBRGNBWmdBeEFEZ0FaQUEzQURJQU13QXhBR01BTUFCaUFHTUFNZ0E1QURnQUlnQXNBQ0lBTlFBMkFHSUFNd0F4QUdRQU13QTJBRElBWXdBM0FEWUFaQUE1QURFQU9RQTJBR01BT0FBMUFEQUFOUUJoQURJQUlnQXNBQ0lBTlFBMkFHSUFNUUF6QURVQVlRQTVBRGNBWmdBeEFEZ0FaQUEzQURJQVl3QTBBRFFBWmdBeEFHSUFOZ0F3QUdFQUlnQXNBQ0lBTlFBMkFHSUFOUUF5QUdFQU13QXpBRGNBWmdBeEFEZ0FaQUEzQURBQU5BQTBBRFFBTndCbEFEa0FaZ0E0QURrQUlnQXNBQ0lBTlFBMkFHSUFOd0F4QURFQU5RQTJBRElBWXdBM0FEWUFaQUE1QURJQU9BQmtBR01BTXdCaUFHUUFOUUJqQURZQUlnQXNBQ0lBTlFBMkFHSUFZUUF4QURjQU5BQTFBRGNBWmdBeEFEZ0FaQUEzQURJQVpnQTVBRGdBT1FCbUFEQUFPQUJpQUdZQUlnQXNBQ0lBTlFBMkFEa0FaZ0JtQURrQVpRQXhBRGNBWmdBeEFEZ0FaQUEzQURFQU53QXhBRGdBWlFBMEFHVUFaUUE0QURrQUlnQXNBQ0lBTlFBMkFESUFOQUJpQUdRQVlnQXdBRElBWXdBM0FEWUFaQUE1QURFQU5BQXdBRGdBTXdCa0FHSUFaZ0JoQUdFQUlnQXNBQ0lBTlFBMkFEa0FaZ0JtQURrQVpnQTVBRGNBWmdBeEFEZ0FaQUEzQURFQU53QXhBRGdBWlFBMEFHVUFaUUE1QURBQUlnQXNBQ0lBTlFBMkFEVUFaUUJpQURjQU1RQXlBRElBWXdBM0FEWUFaQUE1QURJQU5RQTNBREFBT0FBeUFEVUFOd0EwQURrQUlnQXNBQ0lBTlFBMkFEVUFaUUJoQURVQU9RQTRBRElBWXdBM0FEWUFaQUE1QURJQU5RQTNBREFBT0FBeUFEVUFOd0F6QUdNQUlnQXNBQ0lBTlFBMkFHSUFZZ0E1QURrQU5RQTFBRElBWXdBM0FEWUFaQUE1QURRQU1RQXhBRFFBTmdBMUFESUFZd0JqQUdJQUlnQXNBQ0lBTlFBMkFEa0FaZ0JtQUdRQU1nQmxBRGNBWmdBeEFEZ0FaQUEzQURFQU53QXhBRGdBWlFBMEFHVUFaZ0JtQURVQUlnQXNBQ0lBTlFBMkFEa0FaZ0JtQURrQU13QmpBRGNBWmdBeEFEZ0FaQUEzQURFQU53QXhBRGdBWlFBMEFHVUFaUUEwQUdZQUlnQXNBQ0lBTlFBMkFEUUFZZ0F3QURRQVlnQXdBRElBWXdBM0FEWUFaQUE1QURNQVpBQmtBR01BWVFBNEFHSUFNd0EyQURrQUlnQXNBQ0lBTlFBMkFEZ0FaZ0JtQURrQVl3QTRBRGNBWmdBeEFEZ0FaQUEzQURNQU5BQTFBRGdBT1FCa0FESUFOUUJoQURJQUlnQXNBQ0lBTlFBMkFEZ0FaZ0JtQURZQU1RQXlBRElBWXdBM0FEWUFaQUE1QURFQVl3QXdBRGdBWlFBNUFEa0FNZ0EyQUdRQUlnQXNBQ0lBTlFBMkFEa0FaZ0JtQUdJQU1RQTFBRGNBWmdBeEFEZ0FaQUEzQURFQU53QXhBRGdBWlFBMEFHVUFaUUJtQUdZQUlnQXNBQ0lBTlFBMkFEa0FaZ0JtQUdJQU1RQTJBRGNBWmdBeEFEZ0FaQUEzQURFQU53QXhBRGdBWlFBMEFHVUFaZ0F3QURBQUlnQXNBQ0lBTlFBMkFEa0FaZ0JtQURnQU53QTFBRGNBWmdBeEFEZ0FaQUEzQURFQU53QXhBRGdBWlFBMEFHVUFaUUF3QURnQUlnQXNBQ0lBTlFBMkFEa0FaZ0JtQURnQU53QTRBRGNBWmdBeEFEZ0FaQUEzQURFQU53QXhBRGdBWlFBMEFHVUFaUUF3QUdFQUlnQXNBQ0lBTlFBMkFEa0FaZ0JtQURnQU53QTVBRGNBWmdBeEFEZ0FaQUEzQURFQU53QXhBRGdBWlFBMEFHVUFaUUF3QUdJQUlnQXNBQ0lBTlFBMkFEa0FaZ0JtQURnQU9BQTBBRGNBWmdBeEFEZ0FaQUEzQURFQU53QXhBRGdBWlFBMEFHVUFaUUF4QURNQUlnQXNBQ0lBTlFBMkFEa0FaZ0JtQURnQU9BQmpBRGNBWmdBeEFEZ0FaQUEzQURFQU53QXhBRGdBWlFBMEFHVUFaUUF4QURrQUlnQXNBQ0lBTlFBMkFEa0FaZ0JtQUdFQU1RQmtBRGNBWmdBeEFEZ0FaQUEzQURFQU53QXhBRGdBWlFBMEFHVUFaUUE1QUdJQUlnQXNBQ0lBTlFBMkFEa0FaZ0JtQUdFQU1nQXdBRGNBWmdBeEFEZ0FaQUEzQURFQU53QXhBRGdBWlFBMEFHVUFaUUE1QUdRQUlnQXNBQ0lBTlFBMkFEa0FaZ0JtQUdFQU1nQXpBRGNBWmdBeEFEZ0FaQUEzQURFQU53QXhBRGdBWlFBMEFHVUFaUUE1QUdZQUlnQXNBQ0lBTlFBMkFEa0FaZ0JtQUdFQU1nQTBBRGNBWmdBeEFEZ0FaQUEzQURFQU53QXhBRGdBWlFBMEFHVUFaUUJoQURBQUlnQXNBQ0lBTlFBMkFEa0FaZ0JtQUdFQU1nQmhBRGNBWmdBeEFEZ0FaQUEzQURFQU53QXhBRGdBWlFBMEFHVUFaUUJoQURVQUlnQXNBQ0lBTlFBMkFEa0FaZ0JtQUdFQU1nQmpBRGNBWmdBeEFEZ0FaQUEzQURFQU53QXhBRGdBWlFBMEFHVUFaUUJoQURZQUlnQXNBQ0lBTlFBMkFEa0FaZ0JtQUdFQU1nQmtBRGNBWmdBeEFEZ0FaQUEzQURFQU53QXhBRGdBWlFBMEFHVUFaUUJoQURjQUlnQXNBQ0lBTlFBMkFEa0FaZ0JtQUdJQU1RQmhBRGNBWmdBeEFEZ0FaQUEzQURFQU53QXhBRGdBWlFBMEFHVUFaZ0F3QURJQUlnQXNBQ0lBTlFBMkFEa0FaZ0JtQUdJQU1RQmlBRGNBWmdBeEFEZ0FaQUEzQURFQU53QXhBRGdBWlFBMEFHVUFaZ0F3QURNQUlnQXNBQ0lBTlFBMkFEa0FaZ0JtQUdJQU1RQm1BRGNBWmdBeEFEZ0FaQUEzQURFQU53QXhBRGdBWlFBMEFHVUFaZ0F3QURZQUlnQXNBQ0lBTlFBMkFEa0FaZ0JtQUdJQU1nQTJBRGNBWmdBeEFEZ0FaQUEzQURFQU53QXhBRGdBWlFBMEFHVUFaZ0F3QUdJQUlnQXNBQ0lBTlFBMkFEa0FaZ0JtQURrQU53QXhBRGNBWmdBeEFEZ0FaQUEzQURFQU53QXhBRGdBWlFBMEFHVUFaUUExQURNQUlnQXNBQ0lBTlFBMkFEWUFPUUJtQURjQVpnQTNBRElBWXdBM0FEWUFaQUE1QURJQVl3QXlBRFFBTmdCaEFHVUFOZ0F4QUdVQUlnQXNBQ0lBTlFBMkFEY0FNQUE0QUdVQVlnQXpBRElBWXdBM0FEWUFaQUE1QURJQU9BQmhBR01BTUFCbEFEWUFOUUJtQURnQUlnQXNBQ0lBTlFBMkFEY0FNZ0JpQUdRQU53QmtBRGNBWmdBeEFEZ0FaQUEzQURFQU5BQXlBREFBWVFBeEFEWUFaQUF3QURnQUlnQXNBQ0lBTlFBMkFEa0FOZ0EyQUdNQU53QmlBRElBWXdBM0FEWUFaQUE1QURJQU1nQmxBR01BWkFCaUFEZ0FNZ0JsQURjQUlnQXNBQ0lBTlFBMkFEZ0FaQUEzQUdJQU5BQmpBRGNBWmdBeEFEZ0FaQUEzQURFQU1nQm1BR01BT0FBNEFESUFOd0JsQURRQUlnQXNBQ0lBTlFBMkFEY0FPQUF6QURBQU5BQTRBRElBWXdBM0FEWUFaQUE1QURBQVl3QXlBRGdBT0FCa0FEUUFZZ0JsQURrQUlnQXNBQ0lBTlFBMkFEY0FNQUE1QUdRQU53QTFBRElBWXdBM0FEWUFaQUE1QURJQVpnQmhBRFFBWXdBM0FHVUFZZ0JqQURjQUlnQXNBQ0lBTlFBMkFEY0FNUUJoQURJQU5nQXpBRElBWXdBM0FEWUFaQUE1QURBQVl3QmxBRGdBTVFBM0FEY0FPUUF4QURrQUlnQXNBQ0lBTlFBMkFEa0FaZ0JtQUdFQU9RQmhBRGNBWmdBeEFEZ0FaQUEzQURFQU53QXhBRGdBWlFBMEFHVUFaUUJqQUdFQUlnQXNBQ0lBTlFBMkFEa0FaZ0JtQUdFQU9RQmpBRGNBWmdBeEFEZ0FaQUEzQURFQU53QXhBRGdBWlFBMEFHVUFaUUJqQUdJQUlnQXNBQ0lBTlFBMkFEa0FaZ0JtQUdFQU13QXpBRGNBWmdBeEFEZ0FaQUEzQURFQU53QXhBRGdBWlFBMEFHVUFaUUJoQURrQUlnQXNBQ0lBTlFBMkFEa0FZUUJpQURZQU9BQm1BRGNBWmdBeEFEZ0FaQUEzQURJQVlnQmlBRFFBWkFCbUFHTUFaQUF5QUdZQUlnQXNBQ0lBTlFBMkFEa0FaZ0JtQUdJQU13QTNBRGNBWmdBeEFEZ0FaQUEzQURFQU53QXhBRGdBWlFBMEFHVUFaZ0F4QURRQUlnQXNBQ0lBTlFBMkFHSUFPQUEzQUdVQU53QTJBRElBWXdBM0FEWUFaQUE1QURJQU9BQmtBR01BTXdCaUFHUUFOZ0F4QUdVQUlnQXNBQ0lBTlFBMkFHRUFZd0JoQURNQU9RQXdBRGNBWmdBeEFEZ0FaQUEzQURJQVl3QTBBRFFBWmdBeEFHSUFOUUJpQURnQUlnQXNBQ0lBTlFBMkFHRUFNZ0F6QURBQU5nQmhBRElBWXdBM0FEWUFaQUE1QURFQU5nQXlBREFBWVFCbUFEa0FNZ0ExQURBQUlnQXNBQ0lBTlFBMkFEa0FaZ0JtQUdNQU53QTNBRGNBWmdBeEFEZ0FaQUEzQURFQU53QXhBRGdBWlFBMEFHVUFaZ0JoQUdVQUlnQXNBQ0lBTlFBMkFEa0FNd0EzQUdNQU1nQTVBRGNBWmdBeEFEZ0FaQUEzQURNQU1RQTRBR01BTUFBNUFHWUFOUUF3QURBQUlnQXNBQ0lBTlFBMkFEa0FOQUJrQURVQU53QTVBRGNBWmdBeEFEZ0FaQUEzQURJQVlRQTBBRGdBTlFCa0FERUFOUUEyQURBQUlnQXNBQ0lBTlFBMkFEa0FaZ0JtQUdNQU53QmlBRGNBWmdBeEFEZ0FaQUEzQURFQU53QXhBRGdBWlFBMEFHVUFaZ0JoQUdZQUlnQXNBQ0lBTlFBMkFEa0FaZ0JtQUdNQU9BQXdBRGNBWmdBeEFEZ0FaQUEzQURFQU53QXhBRGdBWlFBMEFHVUFaZ0JpQURBQUlnQXNBQ0lBTlFBMkFEa0FOQUJsQUdZQU5RQXdBRGNBWmdBeEFEZ0FaQUEzQURJQVlRQTBBRGdBTlFCa0FERUFOUUEyQUdFQUlnQXNBQ0lBTlFBMkFEa0FaZ0JtQUdNQU9BQXhBRGNBWmdBeEFEZ0FaQUEzQURFQU53QXhBRGdBWlFBMEFHVUFaZ0JpQURFQUlnQXNBQ0lBTlFBMkFHSUFOQUE0QURjQVpRQTBBRElBWXdBM0FEWUFaQUE1QURJQVpRQTRBREFBTndBeUFESUFPUUF4QURrQUlnQXNBQ0lBTlFBMkFEY0FZUUE0QUdFQVpRQTJBRElBWXdBM0FEWUFaQUE1QURBQU53QTNBREFBTndCbEFERUFNUUE0QURRQUlnQXNBQ0lBTlFBMkFEa0FaZ0JtQUdNQU9BQTBBRGNBWmdBeEFEZ0FaQUEzQURFQU53QXhBRGdBWlFBMEFHVUFaZ0JpQURJQUlnQXNBQ0lBTlFBMkFEa0FaZ0JtQUdNQU9BQTFBRGNBWmdBeEFEZ0FaQUEzQURFQU53QXhBRGdBWlFBMEFHVUFaZ0JpQURNQUlnQXNBQ0lBTlFBMkFEa0FaZ0JtQUdNQU9BQTJBRGNBWmdBeEFEZ0FaQUEzQURFQU53QXhBRGdBWlFBMEFHVUFaZ0JpQURRQUlnQXNBQ0lBTlFBMkFHSUFNd0EwQURnQVlRQTNBRGNBWmdBeEFEZ0FaQUEzQURFQVpnQTJBRFFBTndCakFEZ0FOUUF3QURBQUlnQXNBQ0lBTlFBMkFHSUFZZ0F3QURjQU9BQTBBRElBWXdBM0FEWUFaQUE1QURFQU13Qm1BRFFBT0FBeUFEQUFOQUJsQUdJQUlnQXNBQ0lBTlFBMkFEa0FNd0EyQURRQU5nQmtBRElBWXdBM0FEWUFaQUE1QURFQVl3QXdBRGdBWlFBNUFEa0FNZ0E1QURZQUlnQXNBQ0lBTlFBMkFHSUFOQUEzQURjQU5BQTVBRElBWXdBM0FEWUFaQUE1QURJQVpRQTRBREFBTndBeUFESUFPUUF3QURjQUlnQXNBQ0lBTlFBMkFHSUFaQUJrQUdZQU13QXlBRElBWXdBM0FEWUFaQUE1QURFQVpBQmhBR01BTWdBeUFERUFPQUJpQURjQUlnQXNBQ0lBTlFBMkFEZ0FaZ0JrQURVQU5BQm1BRGNBWmdBeEFEZ0FaQUEzQURFQU9RQmtBRFFBWWdBd0FEZ0FaZ0JsQURRQUlnQXNBQ0lBTlFBMkFEa0FOQUJrQURFQVlRQmpBRElBWXdBM0FEWUFaQUE1QURFQU1nQXhBREFBWkFBeUFEVUFNd0F6QUdRQUlnQXNBQ0lBTlFBMkFHRUFOd0ExQUdJQU13QmtBRElBWXdBM0FEWUFaQUE1QURNQU1nQTNBRFFBT1FBMkFEa0FZZ0JrQUdZQUlnQXNBQ0lBTlFBMkFEa0FaZ0JtQUdNQU9BQmlBRGNBWmdBeEFEZ0FaQUEzQURFQU53QXhBRGdBWlFBMEFHVUFaZ0JpQURVQUlnQXNBQ0lBTlFBMkFHSUFZZ0F5QURFQU1RQXhBRElBWXdBM0FEWUFaQUE1QURFQU13Qm1BRFFBT0FBeUFEQUFOQUJtQUdRQUlnQXNBQ0lBTlFBMkFHRUFPQUJsQURRQU5nQXhBRElBWXdBM0FEWUFaQUE1QURFQVpnQmtBREFBWmdCakFHUUFNd0F6QURJQUlnQXNBQ0lBTlFBMkFHSUFPQUF6QUdJQU1nQmtBRGNBWmdBeEFEZ0FaQUEzQURBQU5BQTBBRFFBTndCbEFEa0FaZ0JrQURRQUlnQXNBQ0lBTlFBMkFEY0FOQUE0QURjQU9BQmhBRElBWXdBM0FEWUFaQUE1QURBQVpnQTNBREFBTUFBeUFESUFaQUJrQURFQUlnQXNBQ0lBTlFBMkFHRUFaZ0EyQURRQU13QmhBRElBWXdBM0FEWUFaQUE1QURJQVpnQTFBREFBTWdBMEFEQUFNUUEyQURnQUlnQXNBQ0lBTlFBMkFEa0FaZ0JtQUdRQU5RQTNBRGNBWmdBeEFEZ0FaQUEzQURFQU53QXhBRGdBWlFBMEFHVUFaZ0JtQURjQUlnQXNBQ0lBTlFBMkFHSUFNd0F5QURNQU9BQTNBRElBWXdBM0FEWUFaQUE1QURFQU9RQTJBR01BT0FBMUFEQUFOUUJoQURVQUlnQXNBQ0lBTlFBMkFEa0FNd0E0QURjQU13QmlBRGNBWmdBeEFEZ0FaQUEzQURNQU1RQTRBR01BTUFBNUFHWUFOUUF3QURjQUlnQXNBQ0lBTlFBMkFEa0FaZ0JtQUdNQU9BQmxBRGNBWmdBeEFEZ0FaQUEzQURFQU53QXhBRGdBWlFBMEFHVUFaZ0JpQURZQUlnQXNBQ0lBTlFBMkFHSUFaQUJsQUdJQVpBQmxBRElBWXdBM0FEWUFaQUE1QURFQVpBQmhBR01BTWdBeUFERUFPQUJqQURFQUlnQXNBQ0lBTlFBMkFEY0FPUUJqQURNQVpnQTRBRGNBWmdBeEFEZ0FaQUEzQURBQVpnQTJBRGdBTmdBNUFHVUFaQUE0QUdNQUlnQXNBQ0lBTlFBMkFEa0FaZ0JtQUdRQU5RQmhBRGNBWmdBeEFEZ0FaQUEzQURFQU53QXhBRGdBWlFBMEFHVUFaZ0JtQURnQUlnQXNBQ0lBTlFBMkFEa0FaZ0JtQUdRQU5RQmlBRGNBWmdBeEFEZ0FaQUEzQURFQU53QXhBRGdBWlFBMEFHVUFaZ0JtQURrQUlnQXNBQ0lBTlFBMkFEa0FaZ0JtQUdJQU13QmlBRGNBWmdBeEFEZ0FaQUEzQURFQU53QXhBRGdBWlFBMEFHVUFaZ0F4QURVQUlnQXNBQ0lBTlFBMkFHSUFZd0JoQUdVQU1BQTVBRElBWXdBM0FEWUFaQUE1QURFQVpBQmhBR01BTWdBeUFERUFPQUE0QUdVQUlnQXNBQ0lBTlFBMkFEa0FaZ0JtQUdJQU13QmpBRGNBWmdBeEFEZ0FaQUEzQURFQU53QXhBRGdBWlFBMEFHVUFaZ0F4QURZQUlnQXNBQ0lBTlFBMkFEa0FaZ0JtQUdNQU9RQXlBRGNBWmdBeEFEZ0FaQUEzQURFQU53QXhBRGdBWlFBMEFHVUFaZ0JpQURjQUlnQXNBQ0lBTlFBMkFEa0FZZ0JoQURVQU5RQmxBRGNBWmdBeEFEZ0FaQUEzQURJQVlnQmlBRFFBWkFCbUFHTUFaQUEwQURNQUlnQXNBQ0lBTlFBMkFEZ0FaUUJrQUdNQVlnQXhBRElBWXdBM0FEWUFaQUE1QURJQU5RQTBBREFBTndBMkFEa0FOUUEyQUdFQUlnQXNBQ0lBTlFBMkFEZ0FOUUF3QURVQU9RQXlBRElBWXdBM0FEWUFaQUE1QURBQVpBQmlBRFFBTWdBd0FEWUFaZ0E0QUdFQUlnQXNBQ0lBTlFBMkFHSUFOQUEzQUdFQU5RQmpBRElBWXdBM0FEWUFaQUE1QURJQVpRQTRBREFBTndBeUFESUFPUUF3QUdFQUlnQXNBQ0lBTlFBMkFEa0FaZ0JtQUdJQU5BQXdBRGNBWmdBeEFEZ0FaQUEzQURFQU53QXhBRGdBWlFBMEFHVUFaZ0F4QURjQUlnQXNBQ0lBTlFBMkFHSUFNd0F6QURVQVlnQXdBRGNBWmdBeEFEZ0FaQUEzQURFQVpnQTJBRFFBTndCakFEZ0FOQUJtQURNQUlnQXNBQ0lBTlFBMkFEZ0FOUUF5QURZQU9BQm1BRElBWXdBM0FEWUFaQUE1QURBQVpBQmlBRFFBTWdBd0FEWUFaZ0E1QUdRQUlnQXNBQ0lBTlFBMkFEa0FaZ0JtQUdJQU5BQXlBRGNBWmdBeEFEZ0FaQUEzQURFQU53QXhBRGdBWlFBMEFHVUFaZ0F4QURnQUlnQXNBQ0lBTlFBMkFEa0FOQUJrQUdNQVl3QTBBRGNBWmdBeEFEZ0FaQUEzQURJQVlRQTBBRGdBTlFCa0FERUFOUUEyQURJQUlnQXNBQ0lBTlFBMkFHSUFZUUF3QURZQVpRQXpBRElBWXdBM0FEWUFaQUE1QURBQU9BQmlBREFBWWdBNUFEUUFNUUF6QURBQUlnQXNBQ0lBTlFBMkFHRUFPUUJsQUdRQU13QTBBRElBWXdBM0FEWUFaQUE1QURFQVpnQmtBREFBWmdCakFHUUFNd0JsQURjQUlnQXNBQ0lBTlFBMkFEa0FaZ0JtQUdJQU5BQTBBRGNBWmdBeEFEZ0FaQUEzQURFQU53QXhBRGdBWlFBMEFHVUFaZ0F4QURrQUlnQXNBQ0lBTlFBMkFHSUFNUUJtQURNQU1BQXlBRGNBWmdBeEFEZ0FaQUEzQURJQVl3QTBBRFFBWmdBeEFHSUFOZ0F5QURNQUlnQXNBQ0lBTlFBMkFEY0FZZ0JpQUdRQU1RQTRBRElBWXdBM0FEWUFaQUE1QURBQU9RQXpBR01BTkFCa0FHUUFOZ0F3QURFQUlnQXNBQ0lBTlFBMkFHSUFPQUF6QUdZQU9RQmhBRElBWXdBM0FEWUFaQUE1QURJQU9BQmtBR01BTXdCaUFHUUFOUUJsQURnQUlnQXNBQ0lBTlFBMkFEa0FaZ0JtQUdJQU5BQTFBRGNBWmdBeEFEZ0FaQUEzQURFQU53QXhBRGdBWlFBMEFHVUFaZ0F4QUdFQUlnQXNBQ0lBTlFBMkFHSUFOUUJrQUdZQU13QTRBRElBWXdBM0FEWUFaQUE1QURJQU9BQmtBR01BTXdCaUFHUUFOUUJpQUdJQUlnQXNBQ0lBTlFBMkFHRUFaZ0JpQURFQVpBQTFBRElBWXdBM0FEWUFaQUE1QURJQVpnQTFBREFBTWdBMEFEQUFNUUEzQURZQUlnQXNBQ0lBTlFBMkFHSUFNUUJoQUdVQU53QmlBRGNBWmdBeEFEZ0FaQUEzQURJQVl3QTBBRFFBWmdBeEFHSUFOZ0F4QURFQUlnQXNBQ0lBTlFBMkFHSUFZUUJpQURZQU5nQTBBRElBWXdBM0FEWUFaQUE1QURFQU13Qm1BRFFBT0FBeUFEQUFOQUJqQUdVQUlnQXNBQ0lBTlFBMkFHSUFNQUJqQURZQVlnQTBBRGNBWmdBeEFEZ0FaQUEzQURJQVl3QTBBRFFBWmdBeEFHSUFOUUJtQURrQUlnQXNBQ0lBTlFBMkFEa0FaZ0JtQUdJQU5BQTJBRGNBWmdBeEFEZ0FaQUEzQURFQU53QXhBRGdBWlFBMEFHVUFaZ0F4QUdJQUlnQXNBQ0lBTlFBMkFHSUFNUUJqQUdJQU1BQTBBRGNBWmdBeEFEZ0FaQUEzQURJQVl3QTBBRFFBWmdBeEFHSUFOZ0F4QURrQUlnQXNBQ0lBTlFBMkFEa0FaZ0JtQUdJQU5BQTRBRGNBWmdBeEFEZ0FaQUEzQURFQU53QXhBRGdBWlFBMEFHVUFaZ0F4QUdNQUlnQXNBQ0lBTlFBMkFEZ0FZZ0E1QURRQU53QTJBRGNBWmdBeEFEZ0FaQUEzQURBQU53QXlBREFBTXdBMEFEQUFZd0JtQUdJQUlnQXNBQ0lBTlFBMkFEa0FaZ0JtQUdNQU9RQTVBRGNBWmdBeEFEZ0FaQUEzQURFQU53QXhBRGdBWlFBMEFHVUFaZ0JpQURnQUlnQXNBQ0lBTlFBMkFEY0FPUUEwQURVQU13QmtBRElBWXdBM0FEWUFaQUE1QURFQU1BQXpBRGdBTWdBNEFHRUFPQUF5QURZQUlnQXNBQ0lBTlFBMkFEa0FaZ0JtQUdJQU5BQmlBRGNBWmdBeEFEZ0FaQUEzQURFQU53QXhBRGdBWlFBMEFHVUFaZ0F4QUdRQUlnQXNBQ0lBTlFBMkFEa0FZUUF5QURBQU9BQTJBRElBWXdBM0FEWUFaQUE1QURJQU1nQmxBR01BTWdBMkFHRUFOd0ExQUdVQUlnQXNBQ0lBTlFBMkFEa0FaZ0JtQUdJQU5BQmtBRGNBWmdBeEFEZ0FaQUEzQURFQU53QXhBRGdBWlFBMEFHVUFaZ0F4QUdVQUlnQXNBQ0lBTlFBMkFHSUFNd0F6QURFQVpRQXdBRElBWXdBM0FEWUFaQUE1QURFQU9RQTJBR01BT0FBMUFEQUFOUUJoQURrQUlnQXNBQ0lBTlFBMkFHSUFPQUJpQUdNQVlRQTFBRGNBWmdBeEFEZ0FaQUEzQURBQU5BQTBBRFFBTndCbEFHRUFNQUF5QUdRQUlnQXNBQ0lBTlFBMkFEY0FPUUE1QUdNQU1BQTNBRElBWXdBM0FEWUFaQUE1QURBQU53QmpBR01BTXdCbUFEQUFNUUEzQURBQUlnQXNBQ0lBTlFBMkFHRUFOZ0E0QUdVQU9BQmlBRGNBWmdBeEFEZ0FaQUEzQURJQU13QmlBRFFBWVFCaUFERUFaUUE1QUdZQUlnQXNBQ0lBTlFBMkFHRUFOd0EwQUdJQVpBQTRBRGNBWmdBeEFEZ0FaQUEzQURJQU13QmlBRFFBWVFCaUFERUFaUUJpQURrQUlnQXNBQ0lBTlFBMkFEY0FPUUJqQURFQVpnQm1BRGNBWmdBeEFEZ0FaQUEzQURBQVpnQTJBRGdBTmdBNUFHVUFaQUE0QUdJQUlnQXNBQ0lBTlFBMkFEa0FaZ0JtQUdNQU9RQmpBRGNBWmdBeEFEZ0FaQUEzQURFQU53QXhBRGdBWlFBMEFHVUFaZ0JpQURrQUlnQXNBQ0lBTlFBMkFHRUFZd0E1QURNQU1RQTFBRGNBWmdBeEFEZ0FaQUEzQURJQVl3QTBBRFFBWmdBeEFHSUFOUUJoQUdNQUlnQXNBQ0lBTlFBMkFEa0FaZ0JtQUdJQU5BQm1BRGNBWmdBeEFEZ0FaQUEzQURFQU53QXhBRGdBWlFBMEFHVUFaZ0F4QUdZQUlnQXNBQ0lBTlFBMkFHSUFOQUEyQUdVQVpRQmlBRElBWXdBM0FEWUFaQUE1QURJQVpRQTRBREFBTndBeUFESUFPUUF3QURRQUlnQXNBQ0lBTlFBMkFHSUFPQUF4QUdVQU1RQmpBRGNBWmdBeEFEZ0FaQUEzQURBQU5BQTBBRFFBTndCbEFEa0FaZ0JrQURBQUlnQXNBQ0lBTlFBMkFEa0FaZ0JtQURjQU9BQmpBRGNBWmdBeEFEZ0FaQUEzQURFQU53QXhBRGdBWlFBMEFHVUFaQUE1QUdJQUlnQXNBQ0lBTlFBMkFEa0FaZ0JtQURjQU9BQmtBRGNBWmdBeEFEZ0FaQUEzQURFQU53QXhBRGdBWlFBMEFHVUFaQUE1QUdNQUlnQXNBQ0lBTlFBMkFEZ0FaZ0E1QURnQU5RQXpBRElBWXdBM0FEWUFaQUE1QURFQVlnQmlBR01BTlFCbEFHVUFPQUEyQUdFQUlnQXNBQ0lBTlFBMkFHSUFOUUF5QURBQVpRQmtBRGNBWmdBeEFEZ0FaQUEzQURBQU5BQTBBRFFBTndCbEFEa0FaZ0E0QURJQUlnQXNBQ0lBTlFBMkFEZ0FNUUJoQURnQVlnQmtBRElBWXdBM0FEWUFaQUE1QURBQVlRQXpBR01BTmdCa0FHTUFNZ0ExQUdZQUlnQXNBQ0lBTlFBMkFEY0FOQUE0QUdRQU9BQXdBRElBWXdBM0FEWUFaQUE1QURBQVpnQTNBREFBTUFBeUFESUFaQUJrQURNQUlnQXNBQ0lBTlFBMkFEa0FOUUJrQURjQU9RQTVBRElBWXdBM0FEWUFaQUE1QURFQU5BQm1BREFBT0FBMEFHWUFPUUJqQURjQUlnQXNBQ0lBTlFBMkFEa0FaZ0JtQUdJQU5RQXdBRGNBWmdBeEFEZ0FaQUEzQURFQU53QXhBRGdBWlFBMEFHVUFaZ0F5QURBQUlnQXNBQ0lBTlFBMkFEa0FaZ0JtQURjQU9RQXlBRGNBWmdBeEFEZ0FaQUEzQURFQU53QXhBRGdBWlFBMEFHVUFaQUE1QUdRQUlnQXNBQ0lBTlFBMkFHSUFPQUE1QUdNQU1RQTRBRGNBWmdBeEFEZ0FaQUEzQURBQU5BQTBBRFFBTndCbEFHRUFNQUF4QURrQUlnQXNBQ0lBTlFBMkFEa0FNd0JoQURFQVl3QXhBRElBWXdBM0FEWUFaQUE1QURFQVl3QXdBRGdBWlFBNUFEa0FNZ0JpQURnQUlnQXNBQ0lBTlFBMkFEa0FaZ0JtQURjQU9RQTBBRGNBWmdBeEFEZ0FaQUEzQURFQU53QXhBRGdBWlFBMEFHVUFaQUE1QUdVQUlnQXNBQ0lBTlFBMkFHRUFOZ0EzQUdJQU1BQTRBRGNBWmdBeEFEZ0FaQUEzQURJQU13QmlBRFFBWVFCaUFERUFaUUE1QURRQUlnQXNBQ0lBTlFBMkFEa0FaZ0JtQUdJQU5RQXpBRGNBWmdBeEFEZ0FaQUEzQURFQU53QXhBRGdBWlFBMEFHVUFaZ0F5QURFQUlnQXNBQ0lBTlFBMkFEa0FNQUJsQURZQU1BQXpBRElBWXdBM0FEWUFaQUE1QURFQVl3QXdBRGdBWlFBNUFEa0FNZ0EzQUdFQUlnQXNBQ0lBTlFBMkFEa0FNQUJsQURRQU1nQm1BRElBWXdBM0FEWUFaQUE1QURFQVl3QXdBRGdBWlFBNUFEa0FNZ0EzQURrQUlnQXNBQ0lBTlFBMkFEa0FaZ0JtQURjQU9RQTVBRGNBWmdBeEFEZ0FaQUEzQURFQU53QXhBRGdBWlFBMEFHVUFaQUE1QUdZQUlnQXNBQ0lBTlFBMkFHRUFZd0EzQUdRQVpBQTFBRGNBWmdBeEFEZ0FaQUEzQURJQVl3QTBBRFFBWmdBeEFHSUFOUUJoQURJQUlnQXNBQ0lBTlFBMkFHSUFOd0F4QUdZQVl3QTRBRGNBWmdBeEFEZ0FaQUEzQURBQU5BQTBBRFFBTndCbEFEa0FaZ0JpQURnQUlnQXNBQ0lBTlFBMkFEa0FNd0E0QUdFQU13QmlBRGNBWmdBeEFEZ0FaQUEzQURNQU1RQTRBR01BTUFBNUFHWUFOUUF3QUdJQUlnQXNBQ0lBTlFBMkFHSUFNd0JqQURrQU1BQmpBRElBWXdBM0FEWUFaQUE1QURFQU9RQTJBR01BT0FBMUFEQUFOUUJqQUdVQUlnQXNBQ0lBTlFBMkFHRUFZd0E0QUdFQU9BQmxBRElBWXdBM0FEWUFaQUE1QURJQVpnQTFBREFBTWdBMEFEQUFNUUEwQURBQUlnQXNBQ0lBTlFBMkFEa0FaZ0JtQURjQU9RQmpBRGNBWmdBeEFEZ0FaQUEzQURFQU53QXhBRGdBWlFBMEFHVUFaQUJoQURBQUlnQXNBQ0lBTlFBMkFEa0FaZ0JtQUdJQU5RQTBBRGNBWmdBeEFEZ0FaQUEzQURFQU53QXhBRGdBWlFBMEFHVUFaZ0F5QURJQUlnQXNBQ0lBTlFBMkFEa0FaZ0JtQURjQU9RQmtBRGNBWmdBeEFEZ0FaQUEzQURFQU53QXhBRGdBWlFBMEFHVUFaQUJoQURFQUlnQXNBQ0lBTlFBMkFHRUFPQUJqQURZQU5nQTNBRElBWXdBM0FEWUFaQUE1QURFQVpnQmtBREFBWmdCakFHUUFNd0F4QURnQUlnQXNBQ0lBTlFBMkFEa0FaZ0JtQURjQU9RQm1BRGNBWmdBeEFEZ0FaQUEzQURFQU53QXhBRGdBWlFBMEFHVUFaQUJoQURJQUlnQXNBQ0lBTlFBMkFHSUFNUUJpQURRQU13QXpBRGNBWmdBeEFEZ0FaQUEzQURJQVl3QTBBRFFBWmdBeEFHSUFOZ0F4QURRQUlnQXNBQ0lBTlFBMkFEZ0FaZ0JoQUdNQU13QXlBRGNBWmdBeEFEZ0FaQUEzQURFQU9RQmtBRFFBWWdBd0FEZ0FaZ0JrQUdFQUlnQXNBQ0lBTlFBMkFEa0FaZ0JtQURjQVlRQXdBRGNBWmdBeEFEZ0FaQUEzQURFQU53QXhBRGdBWlFBMEFHVUFaQUJoQURNQUlnQXNBQ0lBTlFBMkFHSUFNd0EzQUdRQU9RQm1BRGNBWmdBeEFEZ0FaQUEzQURFQVpnQTJBRFFBTndCakFEZ0FOUUF3QURnQUlnQXNBQ0lBTlFBMkFHSUFOd0F5QURNQU1BQXdBRGNBWmdBeEFEZ0FaQUEzQURBQU5BQTBBRFFBTndCbEFEa0FaZ0JpQUdJQUlnQXNBQ0lBTlFBMkFEa0FaZ0JtQURjQVlRQXhBRGNBWmdBeEFEZ0FaQUEzQURFQU53QXhBRGdBWlFBMEFHVUFaQUJoQURRQUlnQXNBQ0lBTlFBMkFHRUFOZ0E1QURjQVpRQXlBRElBWXdBM0FEWUFaQUE1QURNQU1nQTNBRFFBT1FBMkFEa0FZZ0JqQURJQUlnQXNBQ0lBTlFBMkFEa0FaZ0JtQURjQVlRQXpBRGNBWmdBeEFEZ0FaQUEzQURFQU53QXhBRGdBWlFBMEFHVUFaQUJoQURVQUlnQXNBQ0lBTlFBMkFEZ0FZd0JoQURJQU13QXlBRElBWXdBM0FEWUFaQUE1QURBQVpnQmlBRGdBWkFCa0FEUUFNUUJrQURnQUlnQXNBQ0lBTlFBMkFEa0FZUUJpQURnQVpnQmhBRElBWXdBM0FEWUFaQUE1QURJQU1nQmxBR01BTWdBMkFHRUFOd0E0QURRQUlnQXNBQ0lBTlFBMkFHSUFOQUJoQUdZQU13QTFBRGNBWmdBeEFEZ0FaQUEzQURBQVpnQTJBREFBTndCaEFHRUFPUUJrQURZQUlnQXNBQ0lBTlFBMkFHSUFNZ0F3QURFQU1BQmhBRElBWXdBM0FEWUFaQUE1QURJQVpnQTFBREFBTWdBMEFEQUFNUUJqQURFQUlnQXNBQ0lBTlFBMkFHSUFPQUJoQURFQU1RQTVBRGNBWmdBeEFEZ0FaQUEzQURBQU5BQTBBRFFBTndCbEFHRUFNQUF4QUdNQUlnQXNBQ0lBTlFBMkFEZ0FaUUEzQUdZQU1nQXdBRGNBWmdBeEFEZ0FaQUEzQURJQU5RQm1BREFBWWdBekFHWUFNUUF4QUdNQUlnQXNBQ0lBTlFBMkFEa0FaZ0JtQUdJQU5nQXdBRGNBWmdBeEFEZ0FaQUEzQURFQU53QXhBRGdBWlFBMEFHVUFaZ0F5QURNQUlnQXNBQ0lBTlFBMkFHRUFaUUJsQURZQU5nQXhBRElBWXdBM0FEWUFaQUE1QURJQVpnQTFBREFBTWdBMEFEQUFNUUExQURJQUlnQXNBQ0lBTlFBMkFHSUFNd0F4QURNQU5nQmlBRGNBWmdBeEFEZ0FaQUEzQURFQVpnQTJBRFFBTndCakFEZ0FOQUJsQURNQUlnQXNBQ0lBTlFBMkFEa0FaZ0JtQUdJQU5nQXhBRGNBWmdBeEFEZ0FaQUEzQURFQU53QXhBRGdBWlFBMEFHVUFaZ0F5QURRQUlnQXNBQ0lBTlFBMkFEY0FPUUJoQURRQVpRQXlBRGNBWmdBeEFEZ0FaQUEzQURBQVpRQmxBRFFBTlFBekFEWUFZUUJqQUdVQUlnQXNBQ0lBTlFBMkFEa0FNd0E0QURjQU5RQTJBRGNBWmdBeEFEZ0FaQUEzQURNQU1RQTRBR01BTUFBNUFHWUFOUUF3QURnQUlnQXNBQ0lBTlFBMkFEa0FaZ0JtQURjQVlRQTNBRGNBWmdBeEFEZ0FaQUEzQURFQU53QXhBRGdBWlFBMEFHVUFaQUJoQURZQUlnQXNBQ0lBTlFBMkFHSUFPQUE0QURBQU5nQmlBRGNBWmdBeEFEZ0FaQUEzQURBQU5BQTBBRFFBTndCbEFHRUFNQUF3QUdVQUlnQXNBQ0lBTlFBMkFEa0FaZ0JtQUdJQU5nQXpBRGNBWmdBeEFEZ0FaQUEzQURFQU53QXhBRGdBWlFBMEFHVUFaZ0F5QURVQUlnQXNBQ0lBTlFBMkFEZ0FZUUExQURFQU5nQXpBRElBWXdBM0FEWUFaQUE1QURBQVpBQmlBRFFBTWdBd0FEWUFaZ0JoQUdRQUlnQXNBQ0lBTlFBMkFEa0FaZ0JtQUdJQU5nQTFBRGNBWmdBeEFEZ0FaQUEzQURFQU53QXhBRGdBWlFBMEFHVUFaZ0F5QURZQUlnQXNBQ0lBTlFBMkFEa0FaQUF3QURVQVpnQmpBRElBWXdBM0FEWUFaQUE1QURJQU1nQmxBR01BTWdBMkFHRUFOd0JpQURnQUlnQXNBQ0lBTlFBMkFEa0FaZ0JtQURjQVlRQTRBRGNBWmdBeEFEZ0FaQUEzQURFQU53QXhBRGdBWlFBMEFHVUFaQUJoQURjQUlnQXNBQ0lBTlFBMkFHSUFaQUJsQUdJQU5BQXdBRElBWXdBM0FEWUFaQUE1QURFQVpBQmhBR01BTWdBeUFERUFPQUJqQURBQUlnQXNBQ0lBTlFBMkFEZ0FaZ0JoQUdNQVpBQmtBRElBWXdBM0FEWUFaQUE1QURFQVlnQmlBR01BTlFCbEFHVUFPQUEzQUdFQUlnQXNBQ0lBTlFBMkFHRUFZZ0JpQURNQVlnQm1BRGNBWmdBeEFEZ0FaQUEzQURJQVpRQmlBR01BT1FCbUFERUFOUUEwQURBQUlnQXNBQ0lBTlFBMkFEa0FaZ0JtQUdJQU5nQTRBRGNBWmdBeEFEZ0FaQUEzQURFQU53QXhBRGdBWlFBMEFHVUFaZ0F5QURjQUlnQXNBQ0lBTlFBMkFHRUFNUUJtQURnQU9RQTBBRElBWXdBM0FEWUFaQUE1QURFQU5nQXlBREFBWVFCbUFEa0FNZ0EwQURNQUlnQXNBQ0lBTlFBMkFEa0FaZ0JtQURjQVlRQmhBRGNBWmdBeEFEZ0FaQUEzQURFQU53QXhBRGdBWlFBMEFHVUFaQUJoQURnQUlnQXNBQ0lBTlFBMkFEa0FNd0JoQURFQU5BQXdBRElBWXdBM0FEWUFaQUE1QURFQVl3QXdBRGdBWlFBNUFEa0FNZ0JpQURZQUlnQXNBQ0lBTlFBMkFHSUFOUUJrQURFQVpnQTVBRElBWXdBM0FEWUFaQUE1QURJQU9BQmtBR01BTXdCaUFHUUFOUUJoQUdRQUlnQXNBQ0lBTlFBMkFEa0FaZ0JtQURjQVlRQmlBRGNBWmdBeEFEZ0FaQUEzQURFQU53QXhBRGdBWlFBMEFHVUFaQUJoQURrQUlnQXNBQ0lBTlFBMkFHSUFNQUJrQURNQU5BQTRBRGNBWmdBeEFEZ0FaQUEzQURJQVl3QTBBRFFBWmdBeEFHSUFOUUJtQUdNQUlnQXNBQ0lBTlFBMkFEa0FaZ0JtQUdNQU1RQm1BRGNBWmdBeEFEZ0FaQUEzQURFQU53QXhBRGdBWlFBMEFHVUFaZ0E0QURJQUlnQXNBQ0lBTlFBMkFHSUFNd0JoQUdNQU5RQXpBRGNBWmdBeEFEZ0FaQUEzQURFQVpnQTJBRFFBTndCakFEZ0FOUUF4QURJQUlnQXNBQ0lBTlFBMkFHSUFPQUEwQURNQU53QTVBRElBWXdBM0FEWUFaQUE1QURJQU9BQmtBR01BTXdCaUFHUUFOUUJsQURrQUlnQXNBQ0lBTlFBMkFEZ0FOQUEwQUdRQU9BQmpBRElBWXdBM0FEWUFaQUE1QURBQVpBQmlBRFFBTWdBd0FEWUFaZ0EzQURVQUlnQXNBQ0lBTlFBMkFEa0FaZ0JtQURjQVlRQmtBRGNBWmdBeEFEZ0FaQUEzQURFQU53QXhBRGdBWlFBMEFHVUFaQUJoQUdFQUlnQXNBQ0lBTlFBMkFHSUFNd0EzQURNQU5nQXhBRGNBWmdBeEFEZ0FaQUEzQURFQVpnQTJBRFFBTndCakFEZ0FOUUF3QURVQUlnQXNBQ0lBTlFBMkFHSUFZd0JoQUdVQVlnQTBBRElBWXdBM0FEWUFaQUE1QURFQVpBQmhBR01BTWdBeUFERUFPQUE1QURJQUlnQXNBQ0lBTlFBMkFEa0FaZ0JtQUdNQU1nQXdBRGNBWmdBeEFEZ0FaQUEzQURFQU53QXhBRGdBWlFBMEFHVUFaZ0E0QURNQUlnQXNBQ0lBTlFBMkFHSUFOQUEzQUdRQU9BQXpBRGNBWmdBeEFEZ0FaQUEzQURBQVpnQTJBREFBTndCaEFHRUFPUUJqQURVQUlnQXNBQ0lBTlFBMkFEa0FaZ0JtQUdNQU1nQXlBRGNBWmdBeEFEZ0FaQUEzQURFQU53QXhBRGdBWlFBMEFHVUFaZ0E0QURRQUlnQXNBQ0lBTlFBMkFHSUFaQUJtQURjQU1nQTRBRElBWXdBM0FEWUFaQUE1QURFQVpBQmhBR01BTWdBeUFERUFPQUJsQURrQUlnQXNBQ0lBTlFBMkFHSUFOQUJoQURnQU5BQTJBRGNBWmdBeEFEZ0FaQUEzQURBQVpnQTJBREFBTndCaEFHRUFPUUJrQURVQUlnQXNBQ0lBTlFBMkFHSUFOUUJrQURVQU1nQTBBRGNBWmdBeEFEZ0FaQUEzQURBQU5BQTBBRFFBTndCbEFEa0FaZ0E1QUdRQUlnQXNBQ0lBTlFBMkFHSUFNZ0F3QUdFQU5RQmxBRGNBWmdBeEFEZ0FaQUEzQURJQVl3QTBBRFFBWmdBeEFHSUFOZ0F5QUdRQUlnQXNBQ0lBTlFBMkFHRUFPQUJrQURFQVpnQXlBRGNBWmdBeEFEZ0FaQUEzQURJQU13QXhBR01BTUFCaUFHTUFNd0F4QURjQUlnQXNBQ0lBTlFBMkFEa0FaZ0JtQURjQVlRQm1BRGNBWmdBeEFEZ0FaQUEzQURFQU53QXhBRGdBWlFBMEFHVUFaQUJoQUdJQUlnQXNBQ0lBTlFBMkFHSUFZd0JoQURRQU1RQXlBRElBWXdBM0FEWUFaQUE1QURFQVpBQmhBR01BTWdBeUFERUFPQUEzQURrQUlnQXNBQ0lBTlFBMkFHSUFZUUExQURJQVpRQTFBRGNBWmdBeEFEZ0FaQUEzQURJQVpnQTVBRGdBT1FCbUFEQUFPQUJqQURJQUlnQXNBQ0lBTlFBMkFEa0FaZ0JtQURjQVlnQXdBRGNBWmdBeEFEZ0FaQUEzQURFQU53QXhBRGdBWlFBMEFHVUFaQUJoQUdNQUlnQXNBQ0lBTlFBMkFEa0FaZ0JtQURjQVlnQXlBRGNBWmdBeEFEZ0FaQUEzQURFQU53QXhBRGdBWlFBMEFHVUFaQUJoQUdRQUlnQXNBQ0lBTlFBMkFEZ0FZUUF5QURVQU9RQmpBRGNBWmdBeEFEZ0FaQUEzQURBQVlnQTVBRFFBT1FBMkFEZ0FaZ0F3QURjQUlnQXNBQ0lBTlFBMkFEZ0FNUUE1QURjQU9RQTBBRElBWXdBM0FEWUFaQUE1QURBQVlRQXpBR01BTmdCa0FHTUFNZ0ExQURRQUlnQXNBQ0lBTlFBMkFHSUFNd0EzQURnQU53QXhBRElBWXdBM0FEWUFaQUE1QURFQU9RQTJBR01BT0FBMUFEQUFOUUJqQURBQUlnQXNBQ0lBTlFBMkFHRUFPQUF3QUdFQU1BQmhBRElBWXdBM0FEWUFaQUE1QURFQVpnQmtBREFBWmdCakFHUUFNZ0JqQURBQUlnQXNBQ0lBTlFBMkFEa0FaZ0JtQURjQVlnQTFBRGNBWmdBeEFEZ0FaQUEzQURFQU53QXhBRGdBWlFBMEFHVUFaQUJoQUdVQUlnQXNBQ0lBTlFBMkFHRUFZd0E0QURVQU5nQm1BRElBWXdBM0FEWUFaQUE1QURJQVpnQTFBREFBTWdBMEFEQUFNUUF6QUdRQUlnQXNBQ0lBTlFBMkFHRUFZUUEyQURFQU1nQTNBRElBWXdBM0FEWUFaQUE1QURNQVpBQTNBRFFBWXdCbUFEZ0FOZ0EyQURBQUlnQXNBQ0lBTlFBMkFEa0FaZ0JtQURjQVlnQTNBRGNBWmdBeEFEZ0FaQUEzQURFQU53QXhBRGdBWlFBMEFHVUFaQUJoQUdZQUlnQXNBQ0lBTlFBMkFEa0FaZ0JtQURjQVlnQTRBRGNBWmdBeEFEZ0FaQUEzQURFQU53QXhBRGdBWlFBMEFHVUFaQUJpQURBQUlnQXNBQ0lBTlFBMkFEY0FPQUF5QUdFQVpBQmpBRElBWXdBM0FEWUFaQUE1QURFQU1BQTBBR01BWkFBNUFHWUFNd0F5QUdZQUlnQXNBQ0lBTlFBMkFHSUFOUUJpQURZQU53QXhBRElBWXdBM0FEWUFaQUE1QURJQU9BQmtBR01BTXdCaUFHUUFOUUE1QUdRQUlnQXNBQ0lBTlFBMkFHSUFPQUJoQURrQU1nQXlBRElBWXdBM0FEWUFaQUE1QURJQU9BQmtBR01BTXdCaUFHUUFOZ0F6QURJQUlnQXNBQ0lBTlFBMkFHRUFOZ0EwQUdRQVl3QTRBRGNBWmdBeEFEZ0FaQUEzQURFQU9BQTRBRFFBTUFBNUFETUFZUUF4QURVQUlnQXNBQ0lBTlFBMkFHSUFZd0E1QURBQU9RQmlBRElBWXdBM0FEWUFaQUE1QURFQVpBQmhBR01BTWdBeUFERUFPQUEyQURNQUlnQXNBQ0lBTlFBMkFHSUFZd0JoQURBQU1nQXpBRElBWXdBM0FEWUFaQUE1QURFQVpBQmhBR01BTWdBeUFERUFPQUEzQURFQUlnQXNBQ0lBTlFBMkFHRUFPUUJtQURZQU9RQmxBRGNBWmdBeEFEZ0FaQUEzQURJQU13QXhBR01BTUFCaUFHTUFNd0JsQURBQUlnQXNBQ0lBTlFBMkFEa0FaZ0JtQUdNQU1nQXpBRGNBWmdBeEFEZ0FaQUEzQURFQU53QXhBRGdBWlFBMEFHVUFaZ0E0QURVQUlnQXNBQ0lBTlFBMkFHRUFZZ0F4QURrQVl3QTBBRGNBWmdBeEFEZ0FaQUEzQURFQU1nQXpBR01BWmdCaEFEQUFOQUExQURRQUlnQXNBQ0lBTlFBMkFEZ0FaUUJrQUdVQU5RQTJBRElBWXdBM0FEWUFaQUE1QURJQU5RQTBBREFBTndBMkFEa0FOUUEyQUdNQUlnQXNBQ0lBTlFBMkFEa0FaZ0JtQURjQVlnQmpBRGNBWmdBeEFEZ0FaQUEzQURFQU53QXhBRGdBWlFBMEFHVUFaQUJpQURFQUlnQXNBQ0lBTlFBMkFEY0FOd0JpQURVQU9RQmlBRElBWXdBM0FEWUFaQUE1QURBQVpnQTNBREFBTUFBeUFESUFaQUJsQURFQUlnQXNBQ0lBTlFBMkFHSUFOd0F3QURjQVpnQXpBRGNBWmdBeEFEZ0FaQUEzQURBQU5BQTBBRFFBTndCbEFEa0FaZ0JoQUdJQUlnQXNBQ0lBTlFBMkFHSUFPQUEwQURVQU9RQmlBRGNBWmdBeEFEZ0FaQUEzQURBQU5BQTBBRFFBTndCbEFEa0FaZ0JrQURZQUlnQXNBQ0lBTlFBMkFHSUFNd0F6QUdFQVpnQTJBRGNBWmdBeEFEZ0FaQUEzQURFQVpnQTJBRFFBTndCakFEZ0FOQUJtQURjQUlnQXNBQ0lBTlFBMkFHRUFPQUF4QURJQU1BQmpBRElBWXdBM0FEWUFaQUE1QURFQVpnQmtBREFBWmdCakFHUUFNZ0JqQUdVQUlnQXNBQ0lBTlFBMkFHSUFZUUJtQURZQVlnQTVBRGNBWmdBeEFEZ0FaQUEzQURFQU5BQmxBRFFBWXdCa0FHWUFaUUJqQURJQUlnQXNBQ0lBTlFBMkFEa0FaZ0JtQUdNQU1nQTFBRGNBWmdBeEFEZ0FaQUEzQURFQU53QXhBRGdBWlFBMEFHVUFaZ0E0QURZQUlnQXNBQ0lBTlFBMkFEa0FaZ0JtQURjQVl3QXlBRGNBWmdBeEFEZ0FaQUEzQURFQU53QXhBRGdBWlFBMEFHVUFaQUJpQURJQUlnQXNBQ0lBTlFBMkFEa0FaZ0JtQURjQVl3QXpBRGNBWmdBeEFEZ0FaQUEzQURFQU53QXhBRGdBWlFBMEFHVUFaQUJpQURNQUlnQXNBQ0lBTlFBMkFHSUFNZ0F5QURrQU1RQTJBRElBWXdBM0FEWUFaQUE1QURFQU9RQTJBR01BT0FBMUFEQUFOUUE0QUdJQUlnQXNBQ0lBTlFBMkFEa0FaZ0JtQUdNQU1nQTJBRGNBWmdBeEFEZ0FaQUEzQURFQU53QXhBRGdBWlFBMEFHVUFaZ0E0QURjQUlnQXNBQ0lBTlFBMkFEa0FNd0E1QURjQU13QmlBRElBWXdBM0FEWUFaQUE1QURFQVl3QXdBRGdBWlFBNUFEa0FNZ0JoQUdNQUlnQXNBQ0lBTlFBMkFEZ0FZUUExQURFQU1BQTVBRGNBWmdBeEFEZ0FaQUEzQURBQVlnQTVBRFFBT1FBMkFEZ0FaZ0F4QURVQUlnQXNBQ0lBTlFBMkFEa0FaZ0JtQUdNQU1nQTRBRGNBWmdBeEFEZ0FaQUEzQURFQU53QXhBRGdBWlFBMEFHVUFaZ0E0QURnQUlnQXNBQ0lBTlFBMkFEa0FNd0ExQUdFQU5nQmpBRElBWXdBM0FEWUFaQUE1QURFQVl3QXdBRGdBWlFBNUFEa0FNZ0E1QURRQUlnQXNBQ0lBTlFBMkFHRUFOZ0EzQUdJQVlRQmxBRGNBWmdBeEFEZ0FaQUEzQURJQU13QmlBRFFBWVFCaUFERUFaUUE1QURVQUlnQXNBQ0lBTlFBMkFEa0FaZ0JtQURjQVl3QTJBRGNBWmdBeEFEZ0FaQUEzQURFQU53QXhBRGdBWlFBMEFHVUFaQUJpQURRQUlnQXNBQ0lBTlFBMkFEa0FOUUJtQUdFQU1RQmxBRElBWXdBM0FEWUFaQUE1QURBQVpnQTNBR01BTWdCbEFEZ0FZUUE0QURNQUlnQXNBQ0lBTlFBMkFEa0FaZ0JtQUdNQU1nQmlBRGNBWmdBeEFEZ0FaQUEzQURFQU53QXhBRGdBWlFBMEFHVUFaZ0E0QURrQUlnQXNBQ0lBTlFBMkFHSUFaUUF3QURjQU5BQXlBRGNBWmdBeEFEZ0FaQUEzQURBQVlnQm1BRFFBT0FBeEFHSUFNQUEwQUdFQUlnQXNBQ0lBTlFBMkFEa0FaZ0JtQURjQVl3QTVBRGNBWmdBeEFEZ0FaQUEzQURFQU53QXhBRGdBWlFBMEFHVUFaQUJpQURVQUlnQXNBQ0lBTlFBMkFEa0FaZ0JtQUdNQU1nQmpBRGNBWmdBeEFEZ0FaQUEzQURFQU53QXhBRGdBWlFBMEFHVUFaZ0E0QUdFQUlnQXNBQ0lBTlFBMkFHSUFZd0E1QUdJQU13QmxBRElBWXdBM0FEWUFaQUE1QURFQVpBQmhBR01BTWdBeUFERUFPQUEyQUdJQUlnQXNBQ0lBTlFBMkFEZ0FaUUExQURJQVlnQmlBRElBWXdBM0FEWUFaQUE1QURFQU5nQTBBR01BWlFBeUFHTUFNd0JpQURFQUlnQXNBQ0lBTlFBMkFEY0FOQUE1QURZQU53Qm1BRElBWXdBM0FEWUFaQUE1QURBQVpnQTNBREFBTUFBeUFESUFaQUJrQURrQUlnQXNBQ0lBTlFBMkFEa0FaZ0JtQURjQVl3QmlBRGNBWmdBeEFEZ0FaQUEzQURFQU53QXhBRGdBWlFBMEFHVUFaQUJpQURZQUlnQXNBQ0lBTlFBMkFEa0FNUUF3QURZQVlRQXdBRGNBWmdBeEFEZ0FaQUEzQURNQU1RQTRBR01BTUFBNUFHWUFOQUJsQUdZQUlnQXNBQ0lBTlFBMkFHSUFNQUEyQURFQU5RQmpBRGNBWmdBeEFEZ0FaQUEzQURJQVl3QTBBRFFBWmdBeEFHSUFOUUJsQUdRQUlnQXNBQ0lBTlFBMkFEa0FaZ0JtQUdNQU13QXdBRGNBWmdBeEFEZ0FaQUEzQURFQU53QXhBRGdBWlFBMEFHVUFaZ0E0QUdJQUlnQXNBQ0lBTlFBMkFHSUFZUUJqQURNQVpBQTRBRGNBWmdBeEFEZ0FaQUEzQURFQU5BQmxBRFFBWXdCa0FHWUFaUUJoQUdZQUlnQXNBQ0lBTlFBMkFEY0FPUUF4QURJQVlnQTNBRElBWXdBM0FEWUFaQUE1QURFQU1BQXpBRGdBTWdBNEFHRUFPQUF4QUdZQUlnQXNBQ0lBTlFBMkFHSUFNUUJoQURBQU5nQXdBRGNBWmdBeEFEZ0FaQUEzQURJQVl3QTBBRFFBWmdBeEFHSUFOZ0F3QUdNQUlnQXNBQ0lBTlFBMkFEZ0FaZ0E1QURNQVpBQmhBRGNBWmdBeEFEZ0FaQUEzQURFQU9RQmtBRFFBWWdBd0FEZ0FaZ0JqQUdFQUlnQXNBQ0lBTlFBMkFEZ0FaZ0E1QUdZQVpBQTNBRElBWXdBM0FEWUFaQUE1QURFQVlnQmlBR01BTlFCbEFHVUFPQUEyQUdRQUlnQXNBQ0lBTlFBMkFHRUFPQUF3QUdNQU1BQmxBRElBWXdBM0FEWUFaQUE1QURFQVpnQmtBREFBWmdCakFHUUFNZ0JqQURRQUlnQXNBQ0lBTlFBMkFEa0FaZ0JtQURjQVl3Qm1BRGNBWmdBeEFEZ0FaQUEzQURFQU53QXhBRGdBWlFBMEFHVUFaQUJpQURjQUlnQXNBQ0lBTlFBMkFEY0FOQUE1QURNQU1nQTRBRElBWXdBM0FEWUFaQUE1QURBQVpnQTNBREFBTUFBeUFESUFaQUJrQURZQUlnQXNBQ0lBTlFBMkFEa0FZUUEwQUdVQU13QTBBRElBWXdBM0FEWUFaQUE1QURJQU1nQmxBR01BTWdBMkFHRUFOd0EzQURBQUlnQXNBQ0lBTlFBMkFEZ0FNUUE1QUdNQU9BQXpBRElBWXdBM0FEWUFaQUE1QURBQVlRQXpBR01BTmdCa0FHTUFNZ0ExQURjQUlnQXNBQ0lBTlFBMkFEa0FaZ0JtQUdNQU13QTRBRGNBWmdBeEFEZ0FaQUEzQURFQU53QXhBRGdBWlFBMEFHVUFaZ0E0QUdNQUlnQXNBQ0lBTlFBMkFEa0FaZ0JtQURjQVpBQXpBRGNBWmdBeEFEZ0FaQUEzQURFQU53QXhBRGdBWlFBMEFHVUFaQUJpQURnQUlnQXNBQ0lBTlFBMkFEZ0FaUUE0QURBQU1RQTJBRElBWXdBM0FEWUFaQUE1QURFQU5nQTBBR01BWlFBeUFHTUFNd0JqQURjQUlnQXNBQ0lBTlFBMkFEa0FaZ0JtQUdNQU13QmlBRGNBWmdBeEFEZ0FaQUEzQURFQU53QXhBRGdBWlFBMEFHVUFaZ0E0QUdRQUlnQXNBQ0lBTlFBMkFHSUFZZ0F5QURJQVpBQmlBRGNBWmdBeEFEZ0FaQUEzQURFQU5BQmxBRFFBWXdCa0FHWUFaUUJrQUdZQUlnQXNBQ0lBTlFBMkFHSUFNZ0EyQUdJQU1RQTJBRElBWXdBM0FEWUFaQUE1QURFQU9RQTJBR01BT0FBMUFEQUFOUUE1QURZQUlnQXNBQ0lBTlFBMkFEa0FaZ0JtQURjQVpBQTBBRGNBWmdBeEFEZ0FaQUEzQURFQU53QXhBRGdBWlFBMEFHVUFaQUJpQURrQUlnQXNBQ0lBTlFBMkFHSUFaQUJtQUdFQU1RQTJBRElBWXdBM0FEWUFaQUE1QURFQVpBQmhBR01BTWdBeUFERUFPQUJsQUdNQUlnQXNBQ0lBTlFBMkFHSUFNUUJoQURVQVpnQmtBRGNBWmdBeEFEZ0FaQUEzQURJQVl3QTBBRFFBWmdBeEFHSUFOZ0F3QUdVQUlnQXNBQ0lBTlFBMkFHRUFPUUJtQUdVQU5BQmtBRElBWXdBM0FEWUFaQUE1QURFQVpnQmtBREFBWmdCakFHUUFNd0JsQUdRQUlnQXNBQ0lBTlFBMkFHSUFNZ0EzQURjQVpBQXdBRElBWXdBM0FEWUFaQUE1QURFQU9RQTJBR01BT0FBMUFEQUFOUUE1QUdFQUlnQXNBQ0lBTlFBMkFHRUFPQUF4QURFQU53QXdBRGNBWmdBeEFEZ0FaQUEzQURJQU13QXhBR01BTUFCaUFHTUFNZ0JqQURRQUlnQXNBQ0lBTlFBMkFEa0FaZ0JtQURjQVpBQTJBRGNBWmdBeEFEZ0FaQUEzQURFQU53QXhBRGdBWlFBMEFHVUFaQUJpQUdFQUlnQXNBQ0lBTlFBMkFEY0FPUUJoQUdNQU1RQTJBRGNBWmdBeEFEZ0FaQUEzQURBQVpRQmxBRFFBTlFBekFEWUFZUUJrQURFQUlnQXNBQ0lBTlFBMkFEa0FaZ0JtQUdNQU13QmpBRGNBWmdBeEFEZ0FaQUEzQURFQU53QXhBRGdBWlFBMEFHVUFaZ0E0QUdVQUlnQXNBQ0lBTlFBMkFHRUFZZ0ExQURrQVlRQmtBRElBWXdBM0FEWUFaQUE1QURFQU1BQm1BRFFBTXdCa0FEY0FaQUE1QURBQUlnQXNBQ0lBTlFBMkFEa0FOQUJrQUdZQU9RQmlBRElBWXdBM0FEWUFaQUE1QURFQU1nQXhBREFBWkFBeUFEVUFNd0EwQURFQUlnQXNBQ0lBTlFBMkFEa0FaZ0JtQUdNQU13QmtBRGNBWmdBeEFEZ0FaQUEzQURFQU53QXhBRGdBWlFBMEFHVUFaZ0E0QUdZQUlnQXNBQ0lBTlFBMkFEa0FaZ0JtQURjQVpBQTVBRGNBWmdBeEFEZ0FaQUEzQURFQU53QXhBRGdBWlFBMEFHVUFaQUJpQUdJQUlnQXNBQ0lBTlFBMkFEa0FaZ0JtQURjQVpBQmlBRGNBWmdBeEFEZ0FaQUEzQURFQU53QXhBRGdBWlFBMEFHVUFaQUJpQUdNQUlnQXNBQ0lBTlFBMkFEa0FaZ0JtQURjQVpBQmpBRGNBWmdBeEFEZ0FaQUEzQURFQU53QXhBRGdBWlFBMEFHVUFaQUJpQUdRQUlnQXNBQ0lBTlFBMkFEa0FaZ0JtQURjQVpBQmtBRGNBWmdBeEFEZ0FaQUEzQURFQU53QXhBRGdBWlFBMEFHVUFaQUJpQUdVQUlnQXNBQ0lBTlFBMkFHSUFOd0F4QURjQU5RQmpBRGNBWmdBeEFEZ0FaQUEzQURBQU5BQTBBRFFBTndCbEFEa0FaZ0JpQURVQUlnQXNBQ0lBTlFBMkFEZ0FOQUF5QURnQU5nQTVBRGNBWmdBeEFEZ0FaQUEzQURFQU1nQTVBR01BTWdBekFEQUFPQUEzQURrQUlnQXNBQ0lBTlFBMkFEa0FZZ0JoQURjQVl3QmpBRElBWXdBM0FEWUFaQUE1QURJQU1nQmxBR01BTWdBMkFHRUFOd0E1QURjQUlnQXNBQ0lBTlFBMkFEZ0FZd0JsQURVQVpRQTFBRElBWXdBM0FEWUFaQUE1QURBQVpnQmlBRGdBWkFCa0FEUUFNUUJrQUdVQUlnQXNBQ0lBTlFBMkFHRUFPQUJsQURJQU5nQXhBRGNBWmdBeEFEZ0FaQUEzQURJQU13QXhBR01BTUFCaUFHTUFNd0F5QURjQUlnQXNBQ0lBTlFBMkFHRUFPQUJpQUdZQU13Qm1BRGNBWmdBeEFEZ0FaQUEzQURJQU13QXhBR01BTUFCaUFHTUFNd0F3QURrQUlnQXNBQ0lBTlFBMkFEa0FaZ0JtQUdNQU5BQXdBRGNBWmdBeEFEZ0FaQUEzQURFQU53QXhBRGdBWlFBMEFHVUFaZ0E1QURBQUlnQXNBQ0lBTlFBMkFHRUFPQUF3QURnQU5RQmhBRElBWXdBM0FEWUFaQUE1QURFQVpnQmtBREFBWmdCakFHUUFNZ0JpQUdRQUlnQXNBQ0lBTlFBMkFHSUFPUUJpQURFQU53QTVBRElBWXdBM0FEWUFaQUE1QURBQU9BQmlBREFBWWdBNUFEUUFNUUF5QURZQUlnQXNBQ0lBTlFBMkFHRUFZZ0F5QURRQU13QTRBRElBWXdBM0FEWUFaQUE1QURFQU1BQm1BRFFBTXdCa0FEY0FaQUE0QURFQUlnQXNBQ0lBTlFBMkFHRUFZZ0JsQURBQVpnQmlBRGNBWmdBeEFEZ0FaQUEzQURJQVl3QTBBRFFBWmdBeEFHSUFOUUE1QURrQUlnQXNBQ0lBTlFBMkFHRUFOZ0E0QURnQU9BQTVBRGNBWmdBeEFEZ0FaQUEzQURJQU13QmlBRFFBWVFCaUFERUFaUUE1QUdJQUlnQXNBQ0lBTlFBMkFEY0FNd0JtQURZQVpnQXpBRElBWXdBM0FEWUFaQUE1QURFQU53QTRBR01BWWdBeEFEWUFOZ0F5QURZQUlnQXNBQ0lBTlFBMkFHSUFPQUF6QURnQU9BQTBBRElBWXdBM0FEWUFaQUE1QURJQU9BQmtBR01BTXdCaUFHUUFOUUJsQURjQUlnQXNBQ0lBTlFBMkFHRUFZd0JoQURVQU5nQmlBRElBWXdBM0FEWUFaQUE1QURJQVpnQTFBREFBTWdBMEFEQUFNUUExQURBQUlnQXNBQ0lBTlFBMkFHRUFaZ0ExQURBQU1nQmtBRGNBWmdBeEFEZ0FaQUEzQURJQVl3QTBBRFFBWmdBeEFHSUFOUUJqQURjQUlnQXNBQ0lBTlFBMkFHRUFOd0EwQURnQU1nQTRBRGNBWmdBeEFEZ0FaQUEzQURJQU13QmlBRFFBWVFCaUFERUFaUUJpQURZQUlnQXNBQ0lBTlFBMkFHRUFPQUE0QURVQU53QXdBRGNBWmdBeEFEZ0FaQUEzQURJQU13QXhBR01BTUFCaUFHTUFNZ0JsQURjQUlnQXNBQ0lBTlFBMkFEa0FaZ0EyQURNQVpnQTNBRElBWXdBM0FEWUFaQUE1QURFQVl3QmlBRGdBTVFBNUFHUUFaZ0F5QURVQUlnQXNBQ0lBTlFBMkFHSUFOUUJqQURVQU5RQTRBRElBWXdBM0FEWUFaQUE1QURJQU9BQmtBR01BTXdCaUFHUUFOUUJoQURZQUlnQXNBQ0lBTlFBMkFEa0FaZ0JtQUdJQU5nQmpBRGNBWmdBeEFEZ0FaQUEzQURFQU53QXhBRGdBWlFBMEFHVUFaZ0F5QURnQUlnQXNBQ0lBTlFBMkFEa0FNd0E1QUdNQU13QmhBRElBWXdBM0FEWUFaQUE1QURFQVl3QXdBRGdBWlFBNUFEa0FNZ0JpQURBQUlnQXNBQ0lBTlFBMkFEa0FaZ0JtQURrQU53QTJBRGNBWmdBeEFEZ0FaQUEzQURFQU53QXhBRGdBWlFBMEFHVUFaUUExQURRQUlnQXNBQ0lBTlFBMkFHRUFZZ0F4QURNQU53QTJBRGNBWmdBeEFEZ0FaQUEzQURFQU1nQXpBR01BWmdCaEFEQUFOQUExQURFQUlnQXNBQ0lBTlFBMkFEa0FNQUJrQUdFQVpBQXhBRGNBWmdBeEFEZ0FaQUEzQURNQU1RQTRBR01BTUFBNUFHWUFOQUJrQURjQUlnQXNBQ0lBTlFBMkFEa0FaZ0JtQURrQU53QTRBRGNBWmdBeEFEZ0FaQUEzQURFQU53QXhBRGdBWlFBMEFHVUFaUUExQURVQUlnQXNBQ0lBTlFBMkFEa0FaZ0JtQUdJQU5nQmtBRGNBWmdBeEFEZ0FaQUEzQURFQU53QXhBRGdBWlFBMEFHVUFaZ0F5QURrQUlnQXNBQ0lBTlFBMkFEa0FaZ0JtQURrQU53QmhBRGNBWmdBeEFEZ0FaQUEzQURFQU53QXhBRGdBWlFBMEFHVUFaUUExQURZQUlnQXNBQ0lBTlFBMkFEZ0FaZ0JrQURjQU5nQTRBRElBWXdBM0FEWUFaQUE1QURFQVlnQmlBR01BTlFCbEFHVUFPQUE0QURNQUlnQXNBQ0lBTlFBMkFEY0FZZ0JpQURFQVpnQTBBRElBWXdBM0FEWUFaQUE1QURBQU9RQXpBR01BTkFCa0FHUUFOUUJtQUdNQUlnQXNBQ0lBTlFBMkFEY0FNd0JtQURnQVpRQTFBRGNBWmdBeEFEZ0FaQUEzQURFQVpnQmxBR01BTVFCaEFEVUFPUUF6QURBQUlnQXNBQ0lBTlFBMkFHSUFNQUEyQURrQU13QTNBRElBWXdBM0FEWUFaQUE1QURJQVpnQTFBREFBTWdBMEFEQUFNUUE0QURnQUlnQXNBQ0lBTlFBMkFEa0FNQUJtQURrQU1RQmtBRGNBWmdBeEFEZ0FaQUEzQURNQU1RQTRBR01BTUFBNUFHWUFOQUJsQURNQUlnQXNBQ0lBTlFBMkFEZ0FaUUExQUdNQU5RQmpBRElBWXdBM0FEWUFaQUE1QURFQU5nQTBBR01BWlFBeUFHTUFNd0JpQURNQUlnQXNBQ0lBTlFBMkFHSUFaUUF3QURjQVpnQmlBRElBWXdBM0FEWUFaQUE1QURFQVpBQmhBR01BTWdBeUFERUFPQUJtQUdRQUlnQXNBQ0lBTlFBMkFEa0FaZ0JtQURrQU53Qm1BRGNBWmdBeEFEZ0FaQUEzQURFQU53QXhBRGdBWlFBMEFHVUFaUUExQURjQUlnQXNBQ0lBTlFBMkFHSUFOUUJsQURBQU1BQm1BRGNBWmdBeEFEZ0FaQUEzQURBQU5BQTBBRFFBTndCbEFEa0FaZ0JoQURrQUlnQXNBQ0lBTlFBMkFEa0FaZ0JtQUdJQU53QXdBRGNBWmdBeEFEZ0FaQUEzQURFQU53QXhBRGdBWlFBMEFHVUFaZ0F5QUdFQUlnQXNBQ0lBTlFBMkFHSUFZUUJsQURJQU5BQTBBRGNBWmdBeEFEZ0FaQUEzQURFQU5BQmxBRFFBWXdCa0FHWUFaUUJpQUdFQUlnQXNBQ0lBTlFBMkFEa0FaZ0JtQUdJQU53QXhBRGNBWmdBeEFEZ0FaQUEzQURFQU53QXhBRGdBWlFBMEFHVUFaZ0F5QUdJQUlnQXNBQ0lBTlFBMkFEa0FaZ0JtQUdJQU53QXpBRGNBWmdBeEFEZ0FaQUEzQURFQU53QXhBRGdBWlFBMEFHVUFaZ0F5QUdNQUlnQXNBQ0lBTlFBMkFHSUFZZ0F5QURrQU53QXdBRGNBWmdBeEFEZ0FaQUEzQURFQU5BQmxBRFFBWXdCa0FHWUFaUUJsQURNQUlnQXNBQ0lBTlFBMkFHSUFaQUJtQUdRQU5RQTBBRElBWXdBM0FEWUFaQUE1QURFQVpBQmhBR01BTWdBeUFERUFPQUJtQURBQUlnQXNBQ0lBTlFBMkFHRUFOZ0E1QURjQVl3QmlBRGNBWmdBeEFEZ0FaQUEzQURJQU13QmlBRFFBWVFCaUFERUFaUUJoQUdFQUlnQXNBQ0lBTlFBMkFHSUFNUUF5QURJQU9BQTVBRElBWXdBM0FEWUFaQUE1QURJQVpnQTFBREFBTWdBMEFEQUFNUUE1QUdNQUlnQXNBQ0lBTlFBMkFHRUFaZ0ExQURjQVpRQXlBRElBWXdBM0FEWUFaQUE1QURJQVpnQTFBREFBTWdBMEFEQUFNUUEyQURFQUlnQXNBQ0lBTlFBMkFEa0FaZ0JtQURrQU9BQXlBRGNBWmdBeEFEZ0FaQUEzQURFQU53QXhBRGdBWlFBMEFHVUFaUUExQURnQUlnQXNBQ0lBTlFBMkFHRUFZUUF6QUdRQVpBQTVBRElBWXdBM0FEWUFaQUE1QURFQVpnQmtBREFBWmdCakFHUUFOQUF3QUdFQUlnQXNBQ0lBTlFBMkFEa0FaZ0JtQUdJQU53QTBBRGNBWmdBeEFEZ0FaQUEzQURFQU53QXhBRGdBWlFBMEFHVUFaZ0F5QUdRQUlnQXNBQ0lBTlFBMkFHRUFaZ0EzQURRQU13QmpBRGNBWmdBeEFEZ0FaQUEzQURJQVl3QTBBRFFBWmdBeEFHSUFOUUJrQUdNQUlnQXNBQ0lBTlFBMkFEa0FaZ0JtQUdJQU53QTJBRGNBWmdBeEFEZ0FaQUEzQURFQU53QXhBRGdBWlFBMEFHVUFaZ0F5QUdVQUlnQXNBQ0lBTlFBMkFEa0FaZ0JtQURrQU9BQTBBRGNBWmdBeEFEZ0FaQUEzQURFQU53QXhBRGdBWlFBMEFHVUFaUUExQURrQUlnQXNBQ0lBTlFBMkFHSUFZZ0F3QUdZQVpnQmpBRGNBWmdBeEFEZ0FaQUEzQURFQU5BQmxBRFFBWXdCa0FHWUFaUUJrQURFQUlnQXNBQ0lBTlFBMkFEa0FNd0ExQUdNQU5nQXpBRGNBWmdBeEFEZ0FaQUEzQURNQU1RQTRBR01BTUFBNUFHWUFOQUJtQUdFQUlnQXNBQ0lBTlFBMkFHSUFPQUE0QURRQVl3QTRBRElBWXdBM0FEWUFaQUE1QURJQU9BQmtBR01BTXdCaUFHUUFOZ0F5QURBQUlnQXNBQ0lBTlFBMkFEa0FaZ0JtQURrQU9BQTJBRGNBWmdBeEFEZ0FaQUEzQURFQU53QXhBRGdBWlFBMEFHVUFaUUExQUdFQUlnQXNBQ0lBTlFBMkFEa0FaZ0JtQURrQU9BQTNBRGNBWmdBeEFEZ0FaQUEzQURFQU53QXhBRGdBWlFBMEFHVUFaUUExQUdJQUlnQXNBQ0lBTlFBMkFEY0FOQUE1QUdNQU53QmtBRElBWXdBM0FEWUFaQUE1QURBQVpnQTNBREFBTUFBeUFESUFaQUJrQUdRQUlnQXNBQ0lBTlFBMkFHSUFOUUF4QURjQVpRQXhBRElBWXdBM0FEWUFaQUE1QURJQU9BQmtBR01BTXdCaUFHUUFOUUE0QUdVQUlnQXNBQ0lBTlFBMkFEa0FaZ0JtQUdJQU53QTNBRGNBWmdBeEFEZ0FaQUEzQURFQU53QXhBRGdBWlFBMEFHVUFaZ0F5QUdZQUlnQXNBQ0lBTlFBMkFHSUFNQUEzQURnQVpnQmlBRElBWXdBM0FEWUFaQUE1QURJQVpnQTFBREFBTWdBMEFEQUFNUUE0QUdVQUlnQXNBQ0lBTlFBMkFEa0FaZ0JtQURrQU9BQmhBRGNBWmdBeEFEZ0FaQUEzQURFQU53QXhBRGdBWlFBMEFHVUFaUUExQUdNQUlnQXNBQ0lBTlFBMkFEa0FZUUF5QURnQU53QTNBRElBWXdBM0FEWUFaQUE1QURJQU1nQmxBR01BTWdBMkFHRUFOd0EyQURFQUlnQXNBQ0lBTlFBMkFEa0FNUUF3QURZQVlnQTNBRElBWXdBM0FEWUFaQUE1QURFQVl3QXdBRGdBWlFBNUFEa0FNZ0E0QUdNQUlnQXNBQ0lBTlFBMkFEa0FaZ0JtQURrQU9BQmpBRGNBWmdBeEFEZ0FaQUEzQURFQU53QXhBRGdBWlFBMEFHVUFaUUExQUdRQUlnQXNBQ0lBTlFBMkFEa0FaZ0JtQUdJQU53QTVBRGNBWmdBeEFEZ0FaQUEzQURFQU53QXhBRGdBWlFBMEFHVUFaZ0F6QURBQUlnQXNBQ0lBTlFBMkFEY0FOQUF6QURZQU1nQTBBRGNBWmdBeEFEZ0FaQUEzQURFQVpnQmxBR01BTVFCaEFEVUFPUUF6QUdJQUlnQXNBQ0lBTlFBMkFHRUFPUUJpQUdZQVpBQTJBRElBWXdBM0FEWUFaQUE1QURFQVpnQmtBREFBWmdCakFHUUFNd0JrQUdVQUlnQXNBQ0lBTlFBMkFHRUFOd0JtQURVQVl3QTNBRGNBWmdBeEFEZ0FaQUEzQURJQU13QXhBR01BTUFCaUFHTUFNZ0E1QUdZQUlnQXNBQ0lBTlFBMkFEZ0FaUUEyQURrQU1BQTJBRGNBWmdBeEFEZ0FaQUEzQURJQU5RQm1BREFBWWdBekFHWUFNUUF3QUdVQUlnQXNBQ0lBTlFBMkFEa0FaZ0JtQUdJQU53QmlBRGNBWmdBeEFEZ0FaQUEzQURFQU53QXhBRGdBWlFBMEFHVUFaZ0F6QURFQUlnQXNBQ0lBTlFBMkFHSUFNUUJtQUdJQVlRQmlBRElBWXdBM0FEWUFaQUE1QURJQVpnQTFBREFBTWdBMEFEQUFNUUJpQUdVQUlnQXNBQ0lBTlFBMkFHSUFPUUJoQURjQU1nQXdBRElBWXdBM0FEWUFaQUE1QURBQU9BQmlBREFBWWdBNUFEUUFNUUF5QURNQUlnQXNBQ0lBTlFBMkFHSUFNZ0F5QURBQU5RQmlBRGNBWmdBeEFEZ0FaQUEzQURJQVl3QTBBRFFBWmdBeEFHSUFOZ0F6QURrQUlnQXNBQ0lBTlFBMkFEa0FaZ0JtQURrQU9RQXdBRGNBWmdBeEFEZ0FaQUEzQURFQU53QXhBRGdBWlFBMEFHVUFaUUExQUdVQUlnQXNBQ0lBTlFBMkFHSUFZUUEyQUdNQU5RQTRBRGNBWmdBeEFEZ0FaQUEzQURJQVpnQTVBRGdBT1FCbUFEQUFPQUJqQURrQUlnQXNBQ0lBTlFBMkFEa0FaZ0JtQUdJQU53QmpBRGNBWmdBeEFEZ0FaQUEzQURFQU53QXhBRGdBWlFBMEFHVUFaZ0F6QURJQUlnQXNBQ0lBTlFBMkFEZ0FNUUJoQURJQU53QTBBRElBWXdBM0FEWUFaQUE1QURBQVlRQXpBR01BTmdCa0FHTUFNZ0ExQUdFQUlnQXNBQ0lBTlFBMkFEa0FNQUJtQURBQVl3QXpBRGNBWmdBeEFEZ0FaQUEzQURNQU1RQTRBR01BTUFBNUFHWUFOQUJsQURBQUlnQXNBQ0lBTlFBMkFHRUFOd0EwQUdVQVpBQTFBRGNBWmdBeEFEZ0FaQUEzQURJQU13QmlBRFFBWVFCaUFERUFaUUJpQUdRQUlnQXNBQ0lBTlFBMkFHSUFZd0E0QURBQVl3QmpBRElBWXdBM0FEWUFaQUE1QURFQVpBQmhBR01BTWdBeUFERUFPQUExQURBQUlnQXNBQ0lBTlFBMkFEa0FaZ0JtQURrQU9RQXpBRGNBWmdBeEFEZ0FaQUEzQURFQU53QXhBRGdBWlFBMEFHVUFaUUExQUdZQUlnQXNBQ0lBTlFBMkFEa0FaZ0JtQUdJQU53QmtBRGNBWmdBeEFEZ0FaQUEzQURFQU53QXhBRGdBWlFBMEFHVUFaZ0F6QURNQUlnQXNBQ0lBTlFBMkFEZ0FaUUJrQUdNQVl3QXlBRElBWXdBM0FEWUFaQUE1QURJQU5RQTBBREFBTndBMkFEa0FOUUEyQUdJQUlnQXNBQ0lBTlFBMkFHSUFPQUEyQURBQVpnQmhBRElBWXdBM0FEWUFaQUE1QURJQU9BQmtBR01BTXdCaUFHUUFOUUJsQUdNQUlnQXNBQ0lBTlFBMkFEZ0FOQUJtQUdRQU1RQmtBRGNBWmdBeEFEZ0FaQUEzQURBQVlnQTVBRFFBT1FBMkFEZ0FaUUJsQURnQUlnQXNBQ0lBTlFBMkFHRUFZZ0ExQUdJQU9BQTJBRGNBWmdBeEFEZ0FaQUEzQURFQU1nQXpBR01BWmdCaEFEQUFOQUEyQURrQUlnQXNBQ0lBTlFBMkFHRUFOd0ExQUdJQU9RQmxBRGNBWmdBeEFEZ0FaQUEzQURJQU13QmlBRFFBWVFCaUFERUFaUUJqQUdFQUlnQXNBQ0lBTlFBMkFEa0FaZ0JtQUdJQU53QmxBRGNBWmdBeEFEZ0FaQUEzQURFQU53QXhBRGdBWlFBMEFHVUFaZ0F6QURRQUlnQXNBQ0lBTlFBMkFHRUFaZ0EzQURZQU1RQm1BRElBWXdBM0FEWUFaQUE1QURJQVpnQTFBREFBTWdBMEFEQUFNUUEzQURRQUlnQXNBQ0lBTlFBMkFEa0FaZ0JtQURrQU9RQTRBRGNBWmdBeEFEZ0FaQUEzQURFQU53QXhBRGdBWlFBMEFHVUFaUUEyQURBQUlnQXNBQ0lBTlFBMkFEa0FNd0EzQUdRQVl3QTBBRElBWXdBM0FEWUFaQUE1QURFQVl3QXdBRGdBWlFBNUFEa0FNZ0E1QUdNQUlnQXNBQ0lBTlFBMkFHRUFOd0F6QURZQU9RQXdBRGNBWmdBeEFEZ0FaQUEzQURJQU13QmlBRFFBWVFCaUFERUFaUUJpQURJQUlnQXNBQ0lBTlFBMkFEa0FOQUJsQUdJQU1BQTFBRGNBWmdBeEFEZ0FaQUEzQURJQVlRQTBBRGdBTlFCa0FERUFOUUEyQURZQUlnQXNBQ0lBTlFBMkFEZ0FOUUF5QURVQU5RQTBBRGNBWmdBeEFEZ0FaQUEzQURBQVlnQTVBRFFBT1FBMkFEZ0FaUUJtQUdVQUlnQXNBQ0lBTlFBMkFEZ0FaUUEzQURBQU1nQXhBRGNBWmdBeEFEZ0FaQUEzQURJQU5RQm1BREFBWWdBekFHWUFNUUF4QURFQUlnQXNBQ0lBTlFBMkFHRUFNUUJtQURNQU13QTRBRGNBWmdBeEFEZ0FaQUEzQURFQU5BQTJBRFFBTUFCbEFERUFNd0EyQURVQUlnQXNBQ0lBTlFBMkFHSUFOQUE0QURjQU1BQTRBRGNBWmdBeEFEZ0FaQUEzQURBQVpnQTJBREFBTndCaEFHRUFPUUJqQUdZQUlnQXNBQ0lBTlFBMkFEa0FaZ0JtQUdJQU9BQXlBRGNBWmdBeEFEZ0FaQUEzQURFQU53QXhBRGdBWlFBMEFHVUFaZ0F6QURVQUlnQXNBQ0lBTlFBMkFEa0FaZ0JtQUdJQU9BQXpBRGNBWmdBeEFEZ0FaQUEzQURFQU53QXhBRGdBWlFBMEFHVUFaZ0F6QURZQUlnQXNBQ0lBTlFBMkFEZ0FaUUE1QURJQVpnQXpBRGNBWmdBeEFEZ0FaQUEzQURJQU5RQm1BREFBWWdBekFHWUFNUUF5QURRQUlnQXNBQ0lBTlFBMkFHSUFOd0F6QURBQVpnQmlBRGNBWmdBeEFEZ0FaQUEzQURBQU5BQTBBRFFBTndCbEFEa0FaZ0JqQUdNQUlnQXNBQ0lBTlFBMkFEY0FNd0JsQUdRQVlRQmxBRElBWXdBM0FEWUFaQUE1QURFQU53QTRBR01BWWdBeEFEWUFOZ0F5QURNQUlnQXNBQ0lBTlFBMkFEa0FaZ0JtQURrQU9RQmtBRGNBWmdBeEFEZ0FaQUEzQURFQU53QXhBRGdBWlFBMEFHVUFaUUEyQURFQUlnQXNBQ0lBTlFBMkFEa0FaZ0JtQURrQU9RQmxBRGNBWmdBeEFEZ0FaQUEzQURFQU53QXhBRGdBWlFBMEFHVUFaUUEyQURJQUlnQXNBQ0lBTlFBMkFEa0FaZ0JtQURrQVlRQXdBRGNBWmdBeEFEZ0FaQUEzQURFQU53QXhBRGdBWlFBMEFHVUFaUUEyQURNQUlnQXNBQ0lBTlFBMkFEa0FOUUF3QURZQU53QTNBRGNBWmdBeEFEZ0FaQUEzQURJQVlRQTBBRGdBTlFCa0FERUFOUUEyQUdZQUlnQXNBQ0lBTlFBMkFEY0FZZ0E1QURjQU5BQXdBRElBWXdBM0FEWUFaQUE1QURBQU9RQXpBR01BTkFCa0FHUUFOUUJtQURVQUlnQXNBQ0lBTlFBMkFHRUFPUUE1QURZQVl3QmpBRElBWXdBM0FEWUFaQUE1QURFQVpnQmtBREFBWmdCakFHUUFNd0JrQURNQUlnQXNBQ0lBTlFBMkFEa0FaZ0JtQUdJQU9BQTJBRGNBWmdBeEFEZ0FaQUEzQURFQU53QXhBRGdBWlFBMEFHVUFaZ0F6QURjQUlnQXNBQ0lBTlFBMkFEUUFZZ0E1QUdVQU5nQTRBRGNBWmdBeEFEZ0FaQUEzQURJQU9RQmhBR01BT0FBNEFHRUFPUUJtQUdNQUlnQXNBQ0lBTlFBMkFEa0FaZ0JtQURrQVlRQTBBRGNBWmdBeEFEZ0FaQUEzQURFQU53QXhBRGdBWlFBMEFHVUFaUUEyQURRQUlnQXNBQ0lBTlFBMkFEa0FaZ0JtQUdJQU9BQTNBRGNBWmdBeEFEZ0FaQUEzQURFQU53QXhBRGdBWlFBMEFHVUFaZ0F6QURnQUlnQXNBQ0lBTlFBMkFEa0FaZ0JtQURrQVlRQTJBRGNBWmdBeEFEZ0FaQUEzQURFQU53QXhBRGdBWlFBMEFHVUFaUUEyQURVQUlnQXNBQ0lBTlFBMkFHSUFZZ0F4QURnQVpnQmlBRGNBWmdBeEFEZ0FaQUEzQURFQU5BQmxBRFFBWXdCa0FHWUFaUUJrQURZQUlnQXNBQ0lBTlFBMkFEa0FaZ0JtQURrQVlRQTNBRGNBWmdBeEFEZ0FaQUEzQURFQU53QXhBRGdBWlFBMEFHVUFaUUEyQURZQUlnQXNBQ0lBTlFBMkFHSUFPQUJpQUdFQVpRQTFBRElBWXdBM0FEWUFaQUE1QURJQU9BQmtBR01BTXdCaUFHUUFOZ0F6QUdRQUlnQXNBQ0lBTlFBMkFEa0FZUUExQURBQVlnQTRBRGNBWmdBeEFEZ0FaQUEzQURJQVlnQmlBRFFBWkFCbUFHTUFaQUF4QUdJQUlnQXNBQ0lBTlFBMkFEVUFPQUJpQURZQU5BQXlBRGNBWmdBeEFEZ0FaQUEzQURRQU5RQXhBR01BTkFBeUFERUFPQUJsQUdFQUlnQXNBQ0lBTlFBMkFEZ0FaZ0E1QURJQU5RQXlBRGNBWmdBeEFEZ0FaQUEzQURFQU9RQmtBRFFBWWdBd0FEZ0FaZ0JqQURnQUlnQXNBQ0lBTlFBMkFEa0FaZ0JtQURrQVlRQmlBRGNBWmdBeEFEZ0FaQUEzQURFQU53QXhBRGdBWlFBMEFHVUFaUUEyQURjQUlnQXNBQ0lBTlFBMkFHRUFNZ0F6QURNQVpnQmhBRGNBWmdBeEFEZ0FaQUEzQURFQU5BQTJBRFFBTUFCbEFERUFNd0EzQURJQUlnQXNBQ0lBTlFBMkFHSUFPUUJpQURZQU1RQTJBRElBWXdBM0FEWUFaQUE1QURBQU9BQmlBREFBWWdBNUFEUUFNUUF5QURjQUlnQXNBQ0lBTlFBMkFHSUFOUUJqQUdVQVpRQTFBRGNBWmdBeEFEZ0FaQUEzQURBQU5BQTBBRFFBTndCbEFEa0FaZ0E1QURZQUlnQXNBQ0lBTlFBMkFEZ0FZd0JsQURRQU9RQTJBRGNBWmdBeEFEZ0FaQUEzQURFQU1RQmhBREFBWmdBMUFEWUFNUUJqQURrQUlnQXNBQ0lBTlFBMkFEa0FaZ0JtQURrQVlnQXhBRGNBWmdBeEFEZ0FaQUEzQURFQU53QXhBRGdBWlFBMEFHVUFaUUEyQURnQUlnQXNBQ0lBTlFBMkFEa0FNd0EzQURjQVlRQXpBRGNBWmdBeEFEZ0FaQUEzQURNQU1RQTRBR01BTUFBNUFHWUFOQUJtQUdRQUlnQXNBQ0lBTlFBMkFEa0FaZ0JtQURrQVlnQXpBRGNBWmdBeEFEZ0FaQUEzQURFQU53QXhBRGdBWlFBMEFHVUFaUUEyQURrQUlnQXNBQ0lBTlFBMkFEY0FNd0JsQURZQVl3Qm1BRElBWXdBM0FEWUFaQUE1QURFQU53QTRBR01BWWdBeEFEWUFOZ0F5QURFQUlnQXNBQ0lBTlFBMkFEa0FNQUJsQURRQU1RQmpBRElBWXdBM0FEWUFaQUE1QURFQVl3QXdBRGdBWlFBNUFEa0FNZ0EzQURnQUlnQXNBQ0lBTlFBMkFHSUFNZ0F4QUdVQU5BQXhBRElBWXdBM0FEWUFaQUE1QURJQVpnQTFBREFBTWdBMEFEQUFNUUJrQURJQUlnQXNBQ0lBTlFBMkFEa0FaZ0JtQURrQVlnQTJBRGNBWmdBeEFEZ0FaQUEzQURFQU53QXhBRGdBWlFBMEFHVUFaUUEyQUdFQUlnQXNBQ0lBTlFBMkFEa0FaQUF3QURnQVlnQTFBRGNBWmdBeEFEZ0FaQUEzQURJQVlnQmlBRFFBWkFCbUFHTUFaQUEyQURRQUlnQXNBQ0lBTlFBMkFEa0FaZ0JtQURrQVlnQTNBRGNBWmdBeEFEZ0FaQUEzQURFQU53QXhBRGdBWlFBMEFHVUFaUUEyQUdJQUlnQXNBQ0lBTlFBMkFHSUFNd0EwQURrQVlRQTBBRElBWXdBM0FEWUFaQUE1QURFQU9RQTJBR01BT0FBMUFEQUFOUUJpQUdNQUlnQXNBQ0lBTlFBMkFEa0FaZ0JtQUdNQU5BQXpBRGNBWmdBeEFEZ0FaQUEzQURFQU53QXhBRGdBWlFBMEFHVUFaZ0E1QURJQUlnQXNBQ0lBTlFBMkFEa0FaZ0JtQUdNQVlRQXhBRGNBWmdBeEFEZ0FaQUEzQURFQU53QXhBRGdBWlFBMEFHVUFaZ0JpQUdNQUlnQXNBQ0lBTlFBMkFEa0FaZ0JtQUdNQVlRQXpBRGNBWmdBeEFEZ0FaQUEzQURFQU53QXhBRGdBWlFBMEFHVUFaZ0JpQUdVQUlnQXNBQ0lBTlFBMkFEa0FaZ0JtQUdNQVlRQTJBRGNBWmdBeEFEZ0FaQUEzQURFQU53QXhBRGdBWlFBMEFHVUFaZ0JqQURBQUlnQXNBQ0lBTlFBMkFEa0FaZ0JtQUdNQVlnQmhBRGNBWmdBeEFEZ0FaQUEzQURFQU53QXhBRGdBWlFBMEFHVUFaZ0JqQUdZQUlnQXNBQ0lBTlFBMkFEa0FaZ0JtQUdNQVlnQmpBRGNBWmdBeEFEZ0FaQUEzQURFQU53QXhBRGdBWlFBMEFHVUFaZ0JrQURBQUlnQXNBQ0lBTlFBMkFEa0FaZ0JtQUdNQVlnQmtBRGNBWmdBeEFEZ0FaQUEzQURFQU53QXhBRGdBWlFBMEFHVUFaZ0JrQURFQUlnQXNBQ0lBTlFBMkFEa0FaZ0JtQUdNQVlnQm1BRGNBWmdBeEFEZ0FaQUEzQURFQU53QXhBRGdBWlFBMEFHVUFaZ0JrQURJQUlnQXNBQ0lBTlFBMkFEa0FaZ0JtQURjQVpRQmlBRGNBWmdBeEFEZ0FaQUEzQURFQU53QXhBRGdBWlFBMEFHVUFaQUJqQURjQUlnQXNBQ0lBTlFBMkFEa0FaZ0JtQUdJQVlRQmpBRGNBWmdBeEFEZ0FaQUEzQURFQU53QXhBRGdBWlFBMEFHVUFaZ0EwQUdJQUlnQXNBQ0lBTlFBMkFEa0FaZ0JtQURjQVpnQTJBRGNBWmdBeEFEZ0FaQUEzQURFQU53QXhBRGdBWlFBMEFHVUFaQUJqQUdZQUlnQXNBQ0lBTlFBMkFEa0FaZ0JtQUdJQVlRQmxBRGNBWmdBeEFEZ0FaQUEzQURFQU53QXhBRGdBWlFBMEFHVUFaZ0EwQUdNQUlnQXNBQ0lBTlFBMkFEa0FaZ0JtQURjQVpnQTVBRGNBWmdBeEFEZ0FaQUEzQURFQU53QXhBRGdBWlFBMEFHVUFaQUJrQURFQUlnQXNBQ0lBTlFBMkFEa0FaZ0JtQURnQU1BQmpBRGNBWmdBeEFEZ0FaQUEzQURFQU53QXhBRGdBWlFBMEFHVUFaQUJrQURrQUlnQXNBQ0lBTlFBMkFEa0FaZ0JtQURnQU1RQTBBRGNBWmdBeEFEZ0FaQUEzQURFQU53QXhBRGdBWlFBMEFHVUFaQUJrQUdZQUlnQXNBQ0lBTlFBMkFEa0FaZ0JtQURnQU1nQmpBRGNBWmdBeEFEZ0FaQUEzQURFQU53QXhBRGdBWlFBMEFHVUFaQUJtQURBQUlnQXNBQ0lBTlFBMkFEa0FaZ0JtQUdNQVpnQTJBRGNBWmdBeEFEZ0FaQUEzQURFQU53QXhBRGdBWlFBMEFHVUFaZ0JsQURJQUlnQXNBQ0lBTlFBMkFEa0FaZ0JtQURnQVpnQXdBRGNBWmdBeEFEZ0FaQUEzQURFQU53QXhBRGdBWlFBMEFHVUFaUUF6QURjQUlnQXNBQ0lBTlFBMkFEa0FaZ0JtQURrQVl3Qm1BRGNBWmdBeEFEZ0FaQUEzQURFQU53QXhBRGdBWlFBMEFHVUFaUUEzQUdNQUlnQXNBQ0lBTlFBMkFEUUFZZ0E1QUdNQU5nQTNBRGNBWmdBeEFEZ0FaQUEzQURFQU5nQTRBRGdBT0FCa0FERUFOZ0JqQURFQUlnQXNBQ0lBTlFBMkFEa0FaZ0JtQURrQVpBQTVBRGNBWmdBeEFEZ0FaQUEzQURFQU53QXhBRGdBWlFBMEFHVUFaUUE0QURNQUlnQXNBQ0lBTlFBMkFEVUFaUUJsQURZQU9BQmtBRGNBWmdBeEFEZ0FaQUEzQURJQU1RQXdBRGdBTlFBeUFHTUFZd0EzQURFQUlnQXNBQ0lBTlFBMkFEVUFaUUJqQURrQU1BQTRBRGNBWmdBeEFEZ0FaQUEzQURJQU1RQXdBRGdBTlFBeUFHTUFZd0EyQUdJQUlnQXNBQ0lBTlFBMkFEY0FNUUF6QUdZQVpBQXdBRElBWXdBM0FEWUFaQUE1QURJQVpnQmhBRFFBWXdBM0FHVUFZZ0JsQURFQUlnQXNBQ0lBTlFBMkFEa0FaZ0JtQUdRQU1nQTBBRGNBWmdBeEFEZ0FaQUEzQURFQU53QXhBRGdBWlFBMEFHVUFaZ0JtQURBQUlnQXNBQ0lBTlFBMkFEVUFaUUJqQUdRQVlRQTFBRGNBWmdBeEFEZ0FaQUEzQURJQU1RQXdBRGdBTlFBeUFHTUFZd0EyQUdNQUlnQXNBQ0lBTlFBMkFEZ0FaQUE1QURFQU53QTRBRGNBWmdBeEFEZ0FaQUEzQURFQU1nQm1BR01BT0FBNEFESUFOd0JsQUdFQUlnQXNBQ0lBTlFBMkFEZ0FaQUE1QURJQU5BQm1BRElBWXdBM0FEWUFaQUE1QURBQVpnQXlBR01BWXdBeEFHUUFaZ0EyQURJQUlnQXNBQ0lBTlFBMkFEa0FaZ0JtQUdJQVl3QmtBRGNBWmdBeEFEZ0FaQUEzQURFQU53QXhBRGdBWlFBMEFHVUFaZ0ExQUdZQUlnQXNBQ0lBTlFBMkFEa0FaZ0JtQUdJQVl3QmxBRGNBWmdBeEFEZ0FaQUEzQURFQU53QXhBRGdBWlFBMEFHVUFaZ0EyQURBQUlnQXNBQ0lBTlFBMkFEa0FaZ0JtQUdJQVl3Qm1BRGNBWmdBeEFEZ0FaQUEzQURFQU53QXhBRGdBWlFBMEFHVUFaZ0EyQURFQUlnQXNBQ0lBTlFBMkFHRUFZd0E0QURBQVpRQTBBRGNBWmdBeEFEZ0FaQUEzQURJQVl3QTBBRFFBWmdBeEFHSUFOUUJoQURNQUlnQXNBQ0lBTlFBMkFEa0FNQUJsQUdNQU9BQm1BRElBWXdBM0FEWUFaQUE1QURFQVl3QXdBRGdBWlFBNUFEa0FNZ0EzQUdJQUlnQXNBQ0lBTlFBMkFHRUFaZ0ExQURNQU5RQTBBRGNBWmdBeEFEZ0FaQUEzQURJQVl3QTBBRFFBWmdBeEFHSUFOUUJqQURnQUlnQXNBQ0lBTlFBMkFEa0FaZ0JtQUdJQVpBQXlBRGNBWmdBeEFEZ0FaQUEzQURFQU53QXhBRGdBWlFBMEFHVUFaZ0EyQURJQUlnQXNBQ0lBTlFBMkFHSUFNQUJqQUdFQU5BQXpBRGNBWmdBeEFEZ0FaQUEzQURJQVl3QTBBRFFBWmdBeEFHSUFOUUJtQUdFQUlnQXNBQ0lBTlFBMkFEa0FaZ0JtQUdJQVpBQXpBRGNBWmdBeEFEZ0FaQUEzQURFQU53QXhBRGdBWlFBMEFHVUFaZ0EyQURNQUlnQXNBQ0lBTlFBMkFEZ0FaUUJsQURNQVl3QTJBRGNBWmdBeEFEZ0FaQUEzQURJQVpBQTJBR01BWWdCaUFEVUFPUUJoQURRQUlnQXNBQ0lBTlFBMkFHSUFZd0E1QURRQVpBQTNBRElBWXdBM0FEWUFaQUE1QURFQVpBQmhBR01BTWdBeUFERUFPQUEyQURjQUlnQXNBQ0lBTlFBMkFHSUFaQUJtQURBQVpBQmlBRGNBWmdBeEFEZ0FaQUEzQURBQVlnQm1BRFFBT0FBeEFHSUFNQUF4QURJQUlnQXNBQ0lBTlFBMkFEY0FNd0JpQURrQVpnQmtBRElBWXdBM0FEWUFaQUE1QURFQU53QTRBR01BWWdBeEFEWUFOZ0F4QUdVQUlnQXNBQ0lBTlFBMkFEa0FaZ0JtQUdJQVpBQTJBRGNBWmdBeEFEZ0FaQUEzQURFQU53QXhBRGdBWlFBMEFHVUFaZ0EyQURRQUlnQXNBQ0lBTlFBMkFEa0FaZ0JtQURnQVpnQTRBRGNBWmdBeEFEZ0FaQUEzQURFQU53QXhBRGdBWlFBMEFHVUFaUUF6QUdRQUlnQXNBQ0lBTlFBMkFHSUFPQUE1QURVQU9BQXdBRGNBWmdBeEFEZ0FaQUEzQURBQU5BQTBBRFFBTndCbEFHRUFNQUF4QURjQUlnQXNBQ0lBTlFBMkFEa0FOQUJrQUdFQU5BQXdBRElBWXdBM0FEWUFaQUE1QURFQU1nQXhBREFBWkFBeUFEVUFNd0EwQURBQUlnQXNBQ0lBTlFBMkFEa0FaZ0JtQURnQVpnQmlBRGNBWmdBeEFEZ0FaQUEzQURFQU53QXhBRGdBWlFBMEFHVUFaUUF6QUdVQUlnQXNBQ0lBTlFBMkFEZ0FaZ0E1QURVQVlnQXpBRElBWXdBM0FEWUFaQUE1QURFQVlnQmlBR01BTlFCbEFHVUFPQUEyQURrQUlnQXNBQ0lBTlFBMkFHSUFOUUJqQUdJQU1RQmpBRElBWXdBM0FEWUFaQUE1QURJQU9BQmtBR01BTXdCaUFHUUFOUUJoQURnQUlnQXNBQ0lBTlFBMkFHSUFNd0F5QURrQU9BQm1BRElBWXdBM0FEWUFaQUE1QURFQU9RQTJBR01BT0FBMUFEQUFOUUJoQURjQUlnQXNBQ0lBTlFBMkFHSUFNQUEyQURRQU9BQmpBRGNBWmdBeEFEZ0FaQUEzQURJQVl3QTBBRFFBWmdBeEFHSUFOUUJsQUdVQUlnQXNBQ0lBTlFBMkFHRUFOZ0E0QURBQU9BQmhBRElBWXdBM0FEWUFaQUE1QURNQU1nQTNBRFFBT1FBMkFEa0FZZ0JoQUdRQUlnQXNBQ0lBTlFBMkFEa0FaZ0JtQURnQVpnQmtBRGNBWmdBeEFEZ0FaQUEzQURFQU53QXhBRGdBWlFBMEFHVUFaUUF6QUdZQUlnQXNBQ0lBTlFBMkFHRUFOd0EwQURNQU9RQTVBRElBWXdBM0FEWUFaQUE1QURNQU1nQTNBRFFBT1FBMkFEa0FZZ0JqQUdNQUlnQXNBQ0lBTlFBMkFEa0FaZ0JtQURnQVpnQm1BRGNBWmdBeEFEZ0FaQUEzQURFQU53QXhBRGdBWlFBMEFHVUFaUUEwQURBQUlnQXNBQ0lBTlFBMkFEa0FNd0EyQUdVQU9BQXlBRElBWXdBM0FEWUFaQUE1QURFQVl3QXdBRGdBWlFBNUFEa0FNZ0E1QURjQUlnQXNBQ0lBTlFBMkFEa0FaZ0JtQURrQU1BQXlBRGNBWmdBeEFEZ0FaQUEzQURFQU53QXhBRGdBWlFBMEFHVUFaUUEwQURFQUlnQXNBQ0lBTlFBMkFEa0FaZ0JtQUdNQU5RQmlBRGNBWmdBeEFEZ0FaQUEzQURFQU53QXhBRGdBWlFBMEFHVUFaZ0JoQURNQUlnQXNBQ0lBTlFBMkFHRUFPUUJtQURFQU53QXpBRElBWXdBM0FEWUFaQUE1QURFQVpnQmtBREFBWmdCakFHUUFNd0JsQURnQUlnQXNBQ0lBTlFBMkFEY0FPUUE1QUdZQU5RQXdBRGNBWmdBeEFEZ0FaQUEzQURBQVpRQmxBRFFBTlFBekFEWUFZUUJqQUdNQUlnQXNBQ0lBTlFBMkFHSUFOQUEzQURJQU53QTVBRGNBWmdBeEFEZ0FaQUEzQURBQVpnQTJBREFBTndCaEFHRUFPUUJpQUdRQUlnQXNBQ0lBTlFBMkFEY0FNd0JsQUdFQU1nQmpBRElBWXdBM0FEWUFaQUE1QURFQU53QTRBR01BWWdBeEFEWUFOZ0F5QURJQUlnQXNBQ0lBTlFBMkFHRUFPQUEzQURBQVlnQXdBRGNBWmdBeEFEZ0FaQUEzQURJQU13QXhBR01BTUFCaUFHTUFNZ0JrQURVQUlnQXNBQ0lBTlFBMkFEa0FaZ0JtQUdNQU5RQm1BRGNBWmdBeEFEZ0FaQUEzQURFQU53QXhBRGdBWlFBMEFHVUFaZ0JoQURRQUlnQXNBQ0lBTlFBMkFEa0FaZ0JtQUdJQVpBQTRBRGNBWmdBeEFEZ0FaQUEzQURFQU53QXhBRGdBWlFBMEFHVUFaZ0EyQURVQUlnQXNBQ0lBTlFBMkFHRUFOZ0EzQURZQVl3QXhBRElBWXdBM0FEWUFaQUE1QURNQU1nQTNBRFFBT1FBMkFEa0FZZ0JoQURrQUlnQXNBQ0lBTlFBMkFHSUFNUUJtQURZQVlRQXpBRGNBWmdBeEFEZ0FaQUEzQURJQVl3QTBBRFFBWmdBeEFHSUFOZ0F5QURRQUlnQXNBQ0lBTlFBMkFHRUFPQUJpQURnQVpRQXlBRGNBWmdBeEFEZ0FaQUEzQURJQU13QXhBR01BTUFCaUFHTUFNd0F3QURZQUlnQXNBQ0lBTlFBMkFEa0FaZ0JtQUdJQVpBQTVBRGNBWmdBeEFEZ0FaQUEzQURFQU53QXhBRGdBWlFBMEFHVUFaZ0EyQURZQUlnQXNBQ0lBTlFBMkFEa0FaZ0JtQUdJQVpBQmhBRGNBWmdBeEFEZ0FaQUEzQURFQU53QXhBRGdBWlFBMEFHVUFaZ0EyQURjQUlnQXNBQ0lBTlFBMkFEa0FaZ0JtQUdJQVpBQmpBRGNBWmdBeEFEZ0FaQUEzQURFQU53QXhBRGdBWlFBMEFHVUFaZ0EyQURnQUlnQXNBQ0lBTlFBMkFHSUFNUUJoQURrQU9BQTFBRGNBWmdBeEFEZ0FaQUEzQURJQVl3QTBBRFFBWmdBeEFHSUFOZ0F3QUdZQUlnQXNBQ0lBTlFBMkFEa0FaZ0JtQUdJQVpBQmtBRGNBWmdBeEFEZ0FaQUEzQURFQU53QXhBRGdBWlFBMEFHVUFaZ0EyQURrQUlnQXNBQ0lBTlFBMkFHSUFOd0F4QURrQVlnQTNBRGNBWmdBeEFEZ0FaQUEzQURBQU5BQTBBRFFBTndCbEFEa0FaZ0JpQURZQUlnQXNBQ0lBTlFBMkFEY0FNd0JoQUdVQVl3QXdBRElBWXdBM0FEWUFaQUE1QURFQU53QTRBR01BWWdBeEFEWUFOZ0F4QUdRQUlnQXNBQ0lBTlFBMkFEZ0FZZ0E1QURrQVpRQTVBRElBWXdBM0FEWUFaQUE1QURFQU9RQXdBRFFBWVFBNUFEVUFPUUE1QURrQUlnQXNBQ0lBTlFBMkFEa0FaZ0JtQURrQVpnQXhBRGNBWmdBeEFEZ0FaQUEzQURFQU53QXhBRGdBWlFBMEFHVUFaUUE0QUdFQUlnQXNBQ0lBTlFBMkFEa0FaZ0JtQURrQVpnQXlBRGNBWmdBeEFEZ0FaQUEzQURFQU53QXhBRGdBWlFBMEFHVUFaUUE0QUdJQUlnQXNBQ0lBTlFBMkFEa0FaZ0JtQURrQVpnQXpBRGNBWmdBeEFEZ0FaQUEzQURFQU53QXhBRGdBWlFBMEFHVUFaUUE0QUdNQUlnQXNBQ0lBTlFBMkFEa0FaZ0JtQURrQVpnQTFBRGNBWmdBeEFEZ0FaQUEzQURFQU53QXhBRGdBWlFBMEFHVUFaUUE0QUdRQUlnQXNBQ0lBTlFBMkFEa0FaZ0JtQURrQVpnQTJBRGNBWmdBeEFEZ0FaQUEzQURFQU53QXhBRGdBWlFBMEFHVUFaUUE0QUdVQUlnQXNBQ0lBTlFBMkFEa0FaZ0JtQURrQVpnQTNBRGNBWmdBeEFEZ0FaQUEzQURFQU53QXhBRGdBWlFBMEFHVUFaUUE0QUdZQUlnQXNBQ0lBTlFBMkFEa0FOUUF4QURZQVlnQTBBRElBWXdBM0FEWUFaQUE1QURFQU1nQXhBREFBWkFBeUFEVUFNd0ExQURRQUlnQXNBQ0lBTlFBMkFEa0FaZ0JtQUdRQU1nQTRBRGNBWmdBeEFEZ0FaQUEzQURFQU53QXhBRGdBWlFBMEFHVUFaZ0JtQURFQUlnQXNBQ0lBTlFBMkFEUUFZZ0E1QUdVQU5nQTNBRGNBWmdBeEFEZ0FaQUEzQURJQU9RQmhBR01BT0FBNEFHRUFPUUJtQUdJQUlnQXNBQ0lBTlFBMkFEUUFZZ0E1QUdNQU5nQTNBRGNBWmdBeEFEZ0FaQUEzQURFQU5nQTRBRGdBT0FCa0FERUFOZ0JqQURRQUlnQXNBQ0lBTlFBMkFEa0FaZ0JtQUdRQU1nQmtBRGNBWmdBeEFEZ0FaQUEzQURFQU53QXhBRGdBWlFBMEFHVUFaZ0JtQURRQUlnQXNBQ0lBTlFBMkFEZ0FaQUE0QURrQU1RQmpBRElBWXdBM0FEWUFaQUE1QURBQVpnQXlBR01BWXdBeEFHUUFaZ0ExQUdVQUlnQXNBQ0lBTlFBMkFEa0FaZ0JtQUdNQU1RQTRBRGNBWmdBeEFEZ0FaQUEzQURFQU53QXhBRGdBWlFBMEFHVUFaZ0E0QURBQUlnQXNBQ0lBTlFBMkFEY0FOQUExQURVQVlRQTNBRElBWXdBM0FEWUFaQUE1QURBQVpnQTNBREFBTUFBeUFESUFaQUJqQURVQUlnQXNBQ0lBTlFBMkFEa0FaZ0JtQUdNQU1RQmhBRGNBWmdBeEFEZ0FaQUEzQURFQU53QXhBRGdBWlFBMEFHVUFaZ0E0QURFQUlnQXNBQ0lBTlFBMkFEY0FPQUJpQURFQU1nQTNBRElBWXdBM0FEWUFaQUE1QURFQU1BQXpBRGdBTWdBNEFHRUFPQUF3QURrQUlnQXNBQ0lBTlFBMkFEY0FPQUJoQUdJQU5BQTNBRElBWXdBM0FEWUFaQUE1QURFQU1BQXpBRGdBTWdBNEFHRUFPQUF3QURnQUlnQXNBQ0lBTlFBMkFEUUFZZ0E1QUdVQU5nQTVBRGNBWmdBeEFEZ0FaQUEzQURJQU9RQmhBR01BT0FBNEFHRUFPUUJtQUdRQUlnQXNBQ0lBTlFBMkFEUUFZZ0E1QUdNQU5nQTRBRGNBWmdBeEFEZ0FaQUEzQURFQU5nQTRBRGdBT0FCa0FERUFOZ0JqQURVQUlnQXNBQ0lBTlFBMkFEY0FPUUJqQURVQVpRQXdBRGNBWmdBeEFEZ0FaQUEzQURBQVpnQTJBRGdBTmdBNUFHVUFaQUE0QUdRQUlnQXNBQ0lBTlFBMkFEWUFZUUE0QURZQVpRQmxBRElBWXdBM0FEWUFaQUE1QURJQVl3QXlBRFFBTmdCaEFHVUFOZ0F5QURrQUlnQXNBQ0lBTlFBMkFEY0FNQUE0QUdNQU5RQmlBRGNBWmdBeEFEZ0FaQUEzQURFQVpnQmpBR01BT1FBM0FEVUFNd0EzQURFQUlnQXNBQ0lBTlFBMkFEZ0FaQUEwQURjQU5RQXlBRElBWXdBM0FEWUFaQUE1QURBQU9RQTNBREFBTndBMUFETUFOUUJrQUdJQUlnQXNBQ0lBTlFBMkFETUFZZ0JrQUdJQVpBQTNBRElBWXdBM0FEWUFaQUE1QURBQVpBQTRBRGdBTmdCa0FEVUFZZ0EzQUdVQUlnQXNBQ0lBTlFBMkFEUUFOUUF5QURFQU1nQmpBRGNBWmdBeEFEZ0FaQUEzQURJQVpRQXdBREFBWVFBd0FEQUFPUUE0QUdNQUlnQXNBQ0lBTlFBMkFEY0FNUUJqQUdFQU1RQmhBRGNBWmdBeEFEZ0FaQUEzQURBQVpnQmpBR01BT0FCaEFHUUFPUUEwQUdVQUlnQXNBQ0lBTlFBMkFEVUFaZ0EzQURNQVlRQTRBRElBWXdBM0FEWUFaQUE1QURJQU13QXdBRFFBTlFBMEFERUFPUUE0QURrQUlnQXNBQ0lBTlFBMkFETUFZUUEyQURRQU1nQTFBRElBWXdBM0FEWUFaQUE1QURJQU5RQmpBR01BWXdCakFHVUFPQUE0QURJQUlnQXNBQ0lBTlFBMkFEZ0FZd0EwQUdZQU5nQTJBRElBWXdBM0FEWUFaQUE1QURBQVpnQmlBRGdBWkFCa0FEUUFNUUJrQURjQUlnQXNBQ0lBTlFBMkFEa0FaZ0JtQUdFQU1RQXpBRGNBWmdBeEFEZ0FaQUEzQURFQU53QXhBRGdBWlFBMEFHVUFaUUE1QURVQUlnQXNBQ0lBTlFBMkFEa0FOUUEyQURrQU1BQmpBRGNBWmdBeEFEZ0FaQUEzQURBQVpnQTJBREFBWlFBekFEVUFZUUJrQURRQUlnQXNBQ0lBTlFBMkFEZ0FaQUE1QURFQU9BQmxBRElBWXdBM0FEWUFaQUE1QURBQVpnQXlBR01BWXdBeEFHUUFaZ0EyQURFQUlnQXNBQ0lBTlFBMkFEa0FOQUF3QUdZQU9RQTRBRGNBWmdBeEFEZ0FaQUEzQURNQVpBQXhBRGdBT1FBd0FEUUFZZ0JrQURnQUlnQXNBQ0lBTlFBMkFHRUFPQUJpQURJQVlRQXpBRElBWXdBM0FEWUFaQUE1QURFQVpnQmtBREFBWmdCakFHUUFNd0F3QUdZQUlnQXNBQ0lBTlFBMkFHRUFPQUE0QURjQVpBQTJBRElBWXdBM0FEWUFaQUE1QURFQVpnQmtBREFBWmdCakFHUUFNZ0JtQURJQUlnQXNBQ0lBTlFBMkFEY0FOQUExQURrQVlnQTJBRElBWXdBM0FEWUFaQUE1QURBQVpnQTNBREFBTUFBeUFESUFaQUJqQURZQUlnQXNBQ0lBTlFBMkFEZ0FaQUJoQURjQU9BQXdBRElBWXdBM0FEWUFaQUE1QURJQU1BQTNBR01BT1FBeEFETUFOQUEwQUdJQUlnQXNBQ0lBTlFBMkFEY0FOQUExQURNQU1nQmlBRGNBWmdBeEFEZ0FaQUEzQURFQU1RQTBBR01BWVFBeEFEWUFZd0F5QURFQUlnQXNBQ0lBTlFBMkFHRUFPUUF6QURRQU5BQmlBRGNBWmdBeEFEZ0FaQUEzQURJQU13QXhBR01BTUFCaUFHTUFNd0EwQUdFQUlnQXNBQ0lBTlFBMkFEY0FNd0F5QUdRQVpRQmtBRGNBWmdBeEFEZ0FaQUEzQURBQU1RQmxBRGdBWWdCbUFHWUFZd0EwQUdJQUlnQXNBQ0lBTlFBMkFEa0FaZ0JtQUdFQVlRQmlBRGNBWmdBeEFEZ0FaQUEzQURFQU53QXhBRGdBWlFBMEFHVUFaUUJqQUdRQUlnQXNBQ0lBTlFBMkFEa0FaZ0JtQUdFQVlRQmpBRGNBWmdBeEFEZ0FaQUEzQURFQU53QXhBRGdBWlFBMEFHVUFaUUJqQUdVQUlnQXNBQ0lBTlFBMkFEa0FaZ0JtQUdFQVlRQmtBRGNBWmdBeEFEZ0FaQUEzQURFQU53QXhBRGdBWlFBMEFHVUFaUUJqQUdZQUlnQXNBQ0lBTlFBMkFEa0FaZ0JtQUdFQVlRQmxBRGNBWmdBeEFEZ0FaQUEzQURFQU53QXhBRGdBWlFBMEFHVUFaUUJrQURBQUlnQXNBQ0lBTlFBMkFEa0FaZ0JtQUdFQVlRQm1BRGNBWmdBeEFEZ0FaQUEzQURFQU53QXhBRGdBWlFBMEFHVUFaUUJrQURFQUlnQXNBQ0lBTlFBMkFHRUFPQUEzQURZQU1nQmpBRGNBWmdBeEFEZ0FaQUEzQURJQU13QXhBR01BTUFCaUFHTUFNZ0JrQURjQUlnQXNBQ0lBTlFBMkFHSUFNZ0EwQUdRQVlnQTFBRGNBWmdBeEFEZ0FaQUEzQURFQVpnQTJBRFFBTndCakFEZ0FOQUJrQURjQUlnQXNBQ0lBTlFBMkFEY0FNUUJrQURrQU1BQXpBRGNBWmdBeEFEZ0FaQUEzQURBQVpnQmpBR01BT0FCaEFHUUFPUUExQURFQUlnQXNBQ0lBTlFBMkFEZ0FaQUE1QUdZQU1BQmpBRElBWXdBM0FEWUFaQUE1QURBQVpnQXlBR01BWXdBeEFHUUFaZ0EyQURNQUlnQXNBQ0lBTlFBMkFEVUFaZ0F5QURVQU13QTJBRElBWXdBM0FEWUFaQUE1QURJQU5RQTNBREFBT0FBeUFEVUFOd0ExQURrQUlnQXNBQ0lBTlFBMkFEY0FZd0F5QUdNQVpnQXhBRElBWXdBM0FEWUFaQUE1QURBQVpRQXhBRFFBTXdBNUFHUUFOd0E1QURVQUlnQXNBQ0lBTlFBMkFEY0FZd0F5QUdJQU9RQmpBRElBWXdBM0FEWUFaQUE1QURBQVpRQXhBRFFBTXdBNUFHUUFOd0E1QURNQUlnQXNBQ0lBTlFBMkFEY0FPUUExQURnQU1nQTRBRElBWXdBM0FEWUFaQUE1QURFQU1BQXpBRGdBTWdBNEFHRUFPQUF5QURrQUlnQXNBQ0lBTlFBMkFEa0FaZ0JtQURnQU5BQmhBRGNBWmdBeEFEZ0FaQUEzQURFQU53QXhBRGdBWlFBMEFHVUFaQUJtQUdZQUlnQXNBQ0lBTlFBMkFEa0FaZ0JtQURnQU5BQmpBRGNBWmdBeEFEZ0FaQUEzQURFQU53QXhBRGdBWlFBMEFHVUFaUUF3QURBQUlnQXNBQ0lBTlFBMkFEY0FPQUF5QURJQVlRQXdBRElBWXdBM0FEWUFaQUE1QURBQVpnQTNBREFBTUFBeUFESUFaQUJtQUdZQUlnQXNBQ0lBTlFBMkFEWUFZZ0F5QUdNQU9BQXdBRGNBWmdBeEFEZ0FaQUEzQURJQVpRQm1BRFFBT1FCbUFEWUFaZ0EyQURBQUlnQXNBQ0lBTlFBMkFEWUFPUUJsQUdZQU1RQmpBRElBWXdBM0FEWUFaQUE1QURJQVl3QXlBRFFBTmdCaEFHVUFOZ0F4QUdNQUlnQXNBQ0lBTlFBMkFETUFZUUEyQURVQVpnQTBBRGNBWmdBeEFEZ0FaQUEzQURBQVpnQXdBREFBTVFCaUFEZ0FNUUJrQURBQUlnQXNBQ0lBTlFBMkFEa0FOUUEyQUdFQVpBQXdBRElBWXdBM0FEWUFaQUE1QURBQVpRQXpBRFFBTWdBd0FHWUFZd0F6QURNQUlnQXNBQ0lBTlFBMkFEZ0FOQUEwQURrQVl3QXpBRElBWXdBM0FEWUFaQUE1QURBQVpBQmlBRFFBTWdBd0FEWUFaZ0EzQURRQUlnQXNBQ0lBTlFBMkFEVUFaZ0EwQURrQVpnQTJBRGNBWmdBeEFEZ0FaQUEzQURFQU5BQTVBRFFBWmdCaUFHWUFZUUJrQURVQUlnQXNBQ0lBTlFBMkFEa0FOQUF3QURnQU13Qm1BRElBWXdBM0FEWUFaQUE1QURJQU1nQTNBR01BWWdBM0FERUFaUUEzQURZQUlnQXNBQ0lBTlFBMkFEa0FNQUF3QURjQU5BQTJBRGNBWmdBeEFEZ0FaQUEzQURNQU5BQTFBRGdBT1FCa0FESUFOUUJoQURNQUlnQXNBQ0lBTlFBMkFETUFNd0JpQUdZQU53QmlBRGNBWmdBeEFEZ0FaQUEzQURNQU5BQmxBREFBTXdCbUFEa0FNZ0JrQURNQUlnQXNBQ0lBTlFBMkFHRUFPQUJpQURFQU13QTVBRGNBWmdBeEFEZ0FaQUEzQURJQU13QXhBR01BTUFCaUFHTUFNd0F3QURNQUlnQXNBQ0lBTlFBMkFHSUFZZ0E1QURNQVlRQXpBRGNBWmdBeEFEZ0FaQUEzQURFQU53QTBBRFFBWXdCakFEQUFaZ0JrQURFQUlnQXNBQ0lBTlFBMkFHRUFPQUE0QURZQVpnQXhBRGNBWmdBeEFEZ0FaQUEzQURJQU13QXhBR01BTUFCaUFHTUFNZ0JsQURnQUlnQXNBQ0lBTlFBMkFEZ0FaQUJpQURjQVlRQmhBRElBWXdBM0FEWUFaQUE1QURBQU9BQTNBR01BTWdBNUFEZ0FOUUEyQURZQUlnQXNBQ0lBTlFBMkFEY0FNZ0JrQURVQU5nQmhBRGNBWmdBeEFEZ0FaQUEzQURFQVpnQTRBREFBT0FCaUFHSUFPUUE0QUdVQUlnQXNBQ0lBTlFBMkFEY0FOQUExQUdRQU5BQXpBRElBWXdBM0FEWUFaQUE1QURBQVpnQTNBREFBTUFBeUFESUFaQUJqQURrQUlnQXNBQ0lBTlFBMkFEWUFOUUJtQURBQVlRQTRBRGNBWmdBeEFEZ0FaQUEzQURJQVpBQXhBRFFBTVFBd0FEVUFOZ0ExQUdRQUlnQXNBQ0lBTlFBMkFEa0FNQUF4QURVQU9BQmhBRGNBWmdBeEFEZ0FaQUEzQURNQU1RQTRBR01BTUFBNUFHWUFOQUJrQURNQUlnQXNBQ0lBTlFBMkFEZ0FaQUJoQUdNQVpBQTFBRElBWXdBM0FEWUFaQUE1QURJQU1BQTNBR01BT1FBeEFETUFOQUEwQUdNQUlnQXNBQ0lBTlFBMkFEZ0FaQUJoQURNQU9BQXlBRElBWXdBM0FEWUFaQUE1QURBQVpnQXlBR01BWXdBeEFHUUFaZ0EyQURRQUlnQXNBQ0lBTlFBMkFEY0FNZ0JrQURZQU13Qm1BRElBWXdBM0FEWUFaQUE1QURBQVlRQmpBR01BTlFCaEFERUFNQUEyQURVQUlnQXNBQ0lBTlFBMkFEWUFNUUJsQURFQVl3QXhBRElBWXdBM0FEWUFaQUE1QURJQVpnQXdBRGdBTVFCaEFEZ0FOZ0F4QURBQUlnQXNBQ0lBTlFBMkFEY0FNUUEwQURBQU1nQmhBRElBWXdBM0FEWUFaQUE1QURJQVpnQmhBRFFBWXdBM0FHVUFZZ0JsQURJQUlnQXNBQ0lBTlFBMkFHSUFZZ0F4QURBQU9BQmtBRElBWXdBM0FEWUFaQUE1QURFQU13Qm1BRFFBT0FBeUFEQUFOQUJtQURFQUlnQXNBQ0lBTlFBMkFHSUFZZ0F4QURFQU13QXdBRGNBWmdBeEFEZ0FaQUEzQURBQVpRQmxBREFBWmdCbEFHUUFPUUEwQUdRQUlnQXNBQ0lBTlFBMkFEa0FOQUF5QURJQVlRQTFBRElBWXdBM0FEWUFaQUE1QURJQU1nQTNBR01BWWdBM0FERUFaUUEzQURrQUlnQXNBQ0lBTlFBMkFEVUFOQUE0QURJQU5nQmxBRGNBWmdBeEFEZ0FaQUEzQURBQU9RQXhBR01BWkFCaEFHWUFZd0E1QURNQUlnQXNBQ0lBTlFBMkFEY0FNQUE0QURBQVpRQXlBRElBWXdBM0FEWUFaQUE1QURJQU9BQmhBR01BTUFCbEFEWUFOUUJtQURRQUlnQXNBQ0lBTlFBMkFEZ0FNd0JtQURVQU1RQmlBRGNBWmdBeEFEZ0FaQUEzQURFQU9BQmxBRGdBTlFBM0FHWUFOd0JqQURNQUlnQXNBQ0lBTlFBMkFEY0FOQUEyQURZQU9RQTFBRElBWXdBM0FEWUFaQUE1QURBQVpnQTNBREFBTUFBeUFESUFaQUJqQUdVQUlnQXNBQ0lBTlFBMkFHRUFZUUE0QUdNQVlnQm1BRElBWXdBM0FEWUFaQUE1QURNQU1nQXlBREFBTXdBMUFEWUFNd0JqQUdNQUlnQXNBQ0lBTlFBMkFEa0FNQUF5QURZQU13QmpBRGNBWmdBeEFEZ0FaQUEzQURNQU1RQTRBR01BTUFBNUFHWUFOQUJrQURVQUlnQXNBQ0lBTlFBMkFEa0FaUUE1QUdJQVl3QTBBRGNBWmdBeEFEZ0FaQUEzQURJQVpBQmpBR01BWlFBMEFEZ0FaZ0F6QUdJQUlnQXNBQ0lBTlFBMkFHRUFPUUF4QUdJQVpnQXlBRGNBWmdBeEFEZ0FaQUEzQURJQU13QXhBR01BTUFCaUFHTUFNd0F6QUdNQUlnQXNBQ0lBTlFBMkFHRUFPUUF4QUdZQVpBQTBBRElBWXdBM0FEWUFaQUE1QURFQVpnQmtBREFBWmdCakFHUUFNd0EwQURjQUlnQXNBQ0lBTlFBMkFHSUFZd0JtQURZQVpRQmxBRGNBWmdBeEFEZ0FaQUEzQURBQVlnQm1BRFFBT0FBeEFHRUFaZ0JsQURrQUlnQXNBQ0lBTlFBMkFEY0FPUUJoQURNQVpnQmlBRElBWXdBM0FEWUFaQUE1QURBQU53QmpBR01BTXdCbUFEQUFNUUEzQURNQUlnQXNBQ0lBTlFBMkFEY0FPUUE1QUdNQVpnQmtBRGNBWmdBeEFEZ0FaQUEzQURBQVpRQmxBRFFBTlFBekFEWUFZUUJqQUdJQUlnQXNBQ0lBTlFBMkFEZ0FaQUJpQURBQU1RQXlBRGNBWmdBeEFEZ0FaQUEzQURBQU5nQTBBRGdBTmdBM0FHUUFZUUF3QURFQUlnQXNBQ0lBTlFBMkFEY0FZUUJsQUdNQVlRQmlBRElBWXdBM0FEWUFaQUE1QURFQU5nQmpBR01BWWdCbUFHSUFNQUEyQUdNQUlnQXNBQ0lBTlFBMkFHSUFZZ0F4QURBQVpnQXhBRGNBWmdBeEFEZ0FaQUEzQURFQU5BQmxBRFFBWXdCa0FHWUFaUUJrQURJQUlnQXNBQ0lBTlFBMkFEY0FNZ0JrQURjQU9BQmpBRGNBWmdBeEFEZ0FaQUEzQURFQVpnQTRBREFBT0FCaUFHSUFPUUE0QUdZQUlnQXNBQ0lBTlFBMkFESUFaUUE0QURrQU5RQm1BRGNBWmdBeEFEZ0FaQUEzQURBQVpBQTJBRFFBWVFCbUFHRUFZZ0F3QUdNQUlnQXNBQ0lBTlFBMkFHSUFaUUF3QUdNQU1nQmpBRElBWXdBM0FEWUFaQUE1QURFQVpBQmhBR01BTWdBeUFERUFPQUJtQUdZQUlnQXNBQ0lBTlFBMkFEY0FOQUEyQURVQU5RQmhBRElBWXdBM0FEWUFaQUE1QURBQVpnQTNBREFBTUFBeUFESUFaQUJqQUdRQUlnQXNBQ0lBTlFBMkFEZ0FOQUExQURjQU13QXlBRElBWXdBM0FEWUFaQUE1QURBQVpBQmlBRFFBTWdBd0FEWUFaZ0EzQUdVQUlnQXNBQ0lBTlFBMkFHRUFNUUEyQURJQU1nQXlBRGNBWmdBeEFEZ0FaQUEzQURFQU5BQTJBRFFBTUFCbEFERUFNd0ExQURnQUlnQXNBQ0lBTlFBMkFEa0FNQUF4QURnQU1RQXhBRElBWXdBM0FEWUFaQUE1QURFQVl3QXdBRGdBWlFBNUFEa0FNZ0EzQURJQUlnQXNBQ0lBTlFBMkFEY0FNZ0JqQUdZQVlnQXlBRElBWXdBM0FEWUFaQUE1QURBQVlRQmpBR01BTlFCaEFERUFNQUEwQUdVQUlnQXNBQ0lBTlFBMkFEa0FOQUF3QURFQVlRQmhBRElBWXdBM0FEWUFaQUE1QURJQU1nQTNBR01BWWdBM0FERUFaUUEzQURVQUlnQXNBQ0lBTlFBMkFHRUFPQUEyQUdZQVlnQm1BRGNBWmdBeEFEZ0FaQUEzQURJQU13QXhBR01BTUFCaUFHTUFNZ0JrQURRQUlnQXNBQ0lBTlFBMkFHSUFNZ0F4QUdJQVpBQXhBRElBWXdBM0FEWUFaQUE1QURJQVpnQTFBREFBTWdBMEFEQUFNUUJqQUdRQUlnQXNBQ0lBTlFBMkFEY0FOQUExQUdVQVpnQmxBRElBWXdBM0FEWUFaQUE1QURBQVpnQTNBREFBTUFBeUFESUFaQUJqQUdFQUlnQXNBQ0lBTlFBMkFEUUFOUUF4QUdZQVpRQTVBRElBWXdBM0FEWUFaQUE1QURJQVlnQTNBRFFBTXdCaEFHWUFaUUF4QURnQUlnQXNBQ0lBTlFBMkFEUUFZd0JtQUdNQVpRQTJBRElBWXdBM0FEWUFaQUE1QURNQU9BQTVBRFFBWXdCa0FEUUFZd0F6QURNQUlnQXNBQ0lBTlFBMkFHSUFNQUE0QURNQU1RQmpBRGNBWmdBeEFEZ0FaQUEzQURJQVl3QTBBRFFBWmdBeEFHSUFOUUJtQURZQUlnQXNBQ0lBTlFBMkFETUFNUUF6QURVQU53QXpBRElBWXdBM0FEWUFaQUE1QURNQVpRQmlBREFBTmdBMEFEY0FNd0EzQURVQUlnQXNBQ0lBTlFBMkFEY0FNUUJrQURZQU1RQmlBRGNBWmdBeEFEZ0FaQUEzQURBQVpnQmpBR01BT0FCaEFHUUFPUUExQURBQUlnQXNBQ0lBTlFBMkFEZ0FaQUE1QURrQVpBQmxBRGNBWmdBeEFEZ0FaQUEzQURFQU1nQm1BR01BT0FBNEFESUFOd0JsQUdJQUlnQXNBQ0lBTlFBMkFEY0FNUUF5QUdZQVpnQTVBRElBWXdBM0FEWUFaQUE1QURJQVpnQmhBRFFBWXdBM0FHVUFZZ0JrQURZQUlnQXNBQ0lBTlFBMkFEY0FOQUExQUdNQU5RQm1BRElBWXdBM0FEWUFaQUE1QURBQVpnQTNBREFBTUFBeUFESUFaQUJqQURnQUlnQXNBQ0lBTlFBMkFEY0FZUUJqQURBQU9BQmhBRElBWXdBM0FEWUFaQUE1QURBQU53QTNBREFBTndCbEFERUFNUUE0QURZQUlnQXNBQ0lBTlFBMkFEVUFaZ0F5QURFQU9RQTNBRElBWXdBM0FEWUFaQUE1QURJQU5RQTNBREFBT0FBeUFEVUFOd0ExQURjQUlnQXNBQ0lBTlFBMkFEa0FOZ0JrQURFQVlnQXlBRGNBWmdBeEFEZ0FaQUEzQURJQU1BQmxBRGdBWlFBM0FHVUFPUUF4QURRQUlnQXNBQ0lBTlFBMkFHSUFZd0JtQUdVQVlnQm1BRGNBWmdBeEFEZ0FaQUEzQURBQVlnQm1BRFFBT0FBeEFHRUFaZ0JsQUdRQUlnQXNBQ0lBTlFBMkFEY0FZZ0F3QURJQU53QmlBRElBWXdBM0FEWUFaQUE1QURBQU9RQXpBR01BTkFCa0FHUUFOUUJtQURNQUlnQXNBQ0lBTlFBMkFEY0FZUUJtQUdJQU5RQTJBRGNBWmdBeEFEZ0FaQUEzQURJQU1RQXdBREFBT0FBNUFHRUFNd0EyQURZQUlnQXNBQ0lBTlFBMkFETUFZUUExQURBQVlnQXdBRElBWXdBM0FEWUFaQUE1QURJQU5RQmpBR01BWXdCakFHVUFPQUEzQUdZQUlnQXNBQ0lBTlFBMkFEa0FOd0EzQURjQU1BQTBBRGNBWmdBeEFEZ0FaQUEzQURBQVl3QTNBRGdBT1FBeEFEWUFNQUF6QURNQUlnQXNBQ0lBTlFBMkFEVUFaUUF3QURnQU9BQmhBRGNBWmdBeEFEZ0FaQUEzQURBQVpnQmlBRFFBTkFBM0FEVUFPUUJqQURRQUlnQXNBQ0lBTlFBMkFEY0FZd0F6QURBQU1RQmxBRElBWXdBM0FEWUFaQUE1QURFQU9BQTRBRFFBWWdBNEFEWUFZUUEwQUdJQUlnQXNBQ0lBTlFBMkFETUFPUUF4QURRQU53QXhBRElBWXdBM0FEWUFaQUE1QURFQU1BQTNBRFFBTUFBM0FEQUFZd0JpQURrQUlnQXNBQ0lBTlFBMkFETUFZUUEyQUdVQVpBQXpBRElBWXdBM0FEWUFaQUE1QURJQU5RQmpBR01BWXdCakFHVUFPQUE0QURRQUlnQXNBQ0lBTlFBMkFEa0FOUUF6QURRQU1nQXdBRElBWXdBM0FEWUFaQUE1QURFQU13QXhBREFBTUFCakFETUFZd0EyQURjQUlnQXNBQ0lBTlFBMkFHSUFZUUEzQUdVQU9BQXhBRGNBWmdBeEFEZ0FaQUEzQURFQU5BQmxBRFFBWXdCa0FHWUFaUUJoQUdVQUlnQXNBQ0lBTlFBMkFHRUFZZ0JoQURjQVpnQTBBRGNBWmdBeEFEZ0FaQUEzQURJQVpRQmlBR01BT1FCbUFERUFOUUF6QUdFQUlnQXNBQ0lBTlFBMkFEVUFZd0JqQUdJQVlRQTRBRElBWXdBM0FEWUFaQUE1QURFQU53QTJBRGdBT1FBNUFETUFNQUEyQURFQUlnQXNBQ0lBTlFBMkFEa0FOUUJtQURrQU1nQmxBRGNBWmdBeEFEZ0FaQUEzQURBQVpnQmxBRGdBT0FCbEFETUFNQUE1QURRQUlnQXNBQ0lBTlFBMkFETUFZUUEzQURBQU13QXhBRGNBWmdBeEFEZ0FaQUEzQURBQVpnQXdBREFBTVFCaUFEZ0FNUUJrQURNQUlnQXNBQ0lBTlFBMkFEa0FOUUF4QURVQU53QXlBRGNBWmdBeEFEZ0FaQUEzQURJQVlRQTBBRGdBTlFCa0FERUFOUUEzQURRQUlnQXNBQ0lBTlFBMkFEZ0FZUUJsQUdFQU5nQmhBRElBWXdBM0FEWUFaQUE1QURFQU9RQXdBRFFBWVFBNUFEVUFPUUEzQUdRQUlnQXNBQ0lBTlFBMkFETUFOd0E1QURFQVpBQm1BRGNBWmdBeEFEZ0FaQUEzQURJQU1BQTRBREFBWmdBd0FHRUFPUUEzQURFQUlnQXNBQ0lBTlFBMkFHSUFNd0EzQUdRQVpnQmtBRGNBWmdBeEFEZ0FaQUEzQURFQVpnQTJBRFFBTndCakFEZ0FOUUF3QURrQUlnQXNBQ0lBTlFBMkFHSUFZUUJqQUdZQU13QTFBRElBWXdBM0FEWUFaQUE1QURFQU13Qm1BRFFBT0FBeUFEQUFOQUJrQURNQUlnQXNBQ0lBTlFBMkFHSUFZUUJrQURRQU13QmtBRGNBWmdBeEFEZ0FaQUEzQURBQVpRQmxBREFBWmdCbEFHUUFPUUEwQUdNQUlnQXNBQ0lBTlFBMkFEY0FPQUEyQURVQVlRQTFBRElBWXdBM0FEWUFaQUE1QURFQU1BQTBBR01BWkFBNUFHWUFNd0F6QUdRQUlnQmRBQ3dBSWdCRkFIZ0FZd0JzQUhVQVpBQmxBR1FBVUFCaEFITUFkQUJNQUdrQWN3QjBBRWtBWkFCekFDSUFPZ0JiQUNJQU5RQTJBRGNBTVFBMUFEVUFPUUF6QURjQVpnQXhBRGdBWkFBM0FESUFOd0F4QURnQU13QXpBR0VBWXdBM0FEQUFJZ0FzQUNJQU1RQTJBRFFBTmdCZkFERUFNUUF4QUNJQUxBQWlBRFVBTmdCaEFEa0FZZ0ExQURBQU53QXlBR01BTndBMkFHUUFPUUF4QUdZQVpBQXdBR1lBWXdCa0FETUFaQUJrQUNJQUxBQWlBRElBTUFBeUFEQUFYd0F4QURFQU1RQWlBQ3dBSWdBMUFEWUFPUUJtQUdZQU9BQTJBR1FBTndCbUFERUFPQUJrQURjQU1RQTNBREVBT0FCbEFEUUFaUUJsQURBQU13QWlBQ3dBSWdBeEFEVUFNQUEyQUY4QU1RQXhBREVBSWdBc0FDSUFOUUEyQURjQU9RQmpBRElBTndBM0FESUFZd0EzQURZQVpBQTVBREVBTUFCakFEQUFaZ0E1QURBQU1RQXdBRFFBSWdBc0FDSUFNUUEzQURJQU9BQmZBREVBTVFBeEFDSUFMQUFpQURVQU5nQTVBRFlBTlFBekFHVUFaQUF5QUdNQU53QTJBR1FBT1FBd0FHWUFOd0JqQURJQVpRQTRBR0VBT0FBMUFDSUFMQUFpQURFQU9BQTVBRGNBWHdBeEFERUFNUUFpQUN3QUlnQTFBRFlBTmdBNUFHWUFOUUE0QUdNQU53Qm1BREVBT0FCa0FEY0FNZ0JsQUdZQU5BQTVBR1lBTmdCbUFEUUFZUUFpQUN3QUlnQXhBRFlBTUFBMEFGOEFNUUF4QURFQUlnQXNBQ0lBTlFBMkFEY0FNQUE0QUdFQVlnQXlBRElBWXdBM0FEWUFaQUE1QURJQU9BQmhBR01BTUFCbEFEWUFOUUJtQURjQUlnQXNBQ0lBTVFBMkFETUFOUUJmQURFQU1RQXhBQ0lBTEFBaUFEVUFOZ0EyQUdFQU1BQXpBRGNBWmdBM0FHWUFNUUE0QUdRQU53QXlBR1VBWmdBMEFEa0FaZ0EyQUdZQU5BQmlBQ0lBTEFBaUFERUFOZ0F3QURZQVh3QXhBREVBTVFBaUFDd0FJZ0ExQURZQU9RQm1BR0lBTUFBNUFHUUFOd0JtQURFQU9BQmtBRGNBTVFBM0FHTUFZd0JtQUdJQU1nQXhBR1lBTUFBaUFDd0FJZ0F4QURrQU13QTNBRjhBTVFBeEFERUFJZ0FzQUNJQU5RQTJBRGdBTlFBekFEVUFNUUE0QURjQVpnQXhBRGdBWkFBM0FEQUFZZ0E1QURRQU9RQTJBRGdBWmdBd0FEUUFJZ0FzQUNJQU1RQTNBRFlBTUFCZkFERUFNUUF4QUNJQUxBQWlBRFVBTmdBM0FEa0FZZ0JpQUdRQVlRQXlBR01BTndBMkFHUUFPUUF3QURjQVl3QmpBRE1BWmdBd0FERUFOd0JtQUNJQUxBQWlBREVBTndBeUFEWUFYd0F4QURFQU1RQWlBQ3dBSWdBMUFEWUFOd0E0QURVQU5BQXlBR0lBTWdCakFEY0FOZ0JrQURrQU1RQXdBRFFBWXdCa0FEa0FaZ0F6QURNQU5BQWlBQ3dBSWdBeEFEY0FNQUE0QUY4QU1RQXhBREVBSWdBc0FDSUFOUUEyQURjQU53QXlBRElBTlFCakFESUFZd0EzQURZQVpBQTVBREFBWmdBM0FEQUFNQUF5QURJQVpBQmxBREFBSWdBc0FDSUFNUUEzQURBQU1nQmZBREVBTVFBeEFDSUFMQUFpQURVQU5nQTVBRFlBTndBeUFEVUFNQUF5QUdNQU53QTJBR1FBT1FBeUFESUFaUUJqQUdRQVlnQTRBRElBWlFBNEFDSUFMQUFpQURFQU9RQXdBREVBWHdBeEFERUFNUUFpQUN3QUlnQTFBRFlBT0FCa0FEZ0FPUUE1QUdJQU1nQmpBRGNBTmdCa0FEa0FNQUJtQURJQVl3QmpBREVBWkFCbUFEVUFaZ0FpQUN3QUlnQXhBRGNBT0FBMUFGOEFNUUF4QURFQUlnQXNBQ0lBTlFBMkFEZ0FaQUF6QURJQU13QmpBRGNBWmdBeEFEZ0FaQUEzQURJQU5RQmhBR01BTVFBMkFHRUFNUUF6QURZQUlnQXNBQ0lBTVFBM0FEZ0FNZ0JmQURFQU1RQXhBQ0lBTEFBaUFEVUFOZ0E0QUdFQVl3QmhBRGdBWlFBM0FHWUFNUUE0QUdRQU53QXpBRElBWVFCakFEa0FZUUJsQURFQU13Qm1BQ0lBTEFBaUFERUFOd0EyQURZQVh3QXhBREVBTVFBaUFDd0FJZ0ExQURZQU9RQm1BR1lBWWdBekFEUUFOd0JtQURFQU9BQmtBRGNBTVFBM0FERUFPQUJsQURRQVpRQm1BREVBTXdBaUFDd0FJZ0F4QURRQU1BQTFBRjhBTVFBeEFERUFJZ0FzQUNJQU5RQTJBRGtBWmdCbUFEa0FNd0JoQURjQVpnQXhBRGdBWkFBM0FERUFOd0F4QURnQVpRQTBBR1VBWlFBMEFHVUFJZ0FzQUNJQU1RQTFBREFBTkFCZkFERUFNUUF4QUNJQUxBQWlBRFVBTmdBNEFEUUFNZ0E0QURZQVpnQXlBR01BTndBMkFHUUFPUUF4QUdZQVlnQTBBREVBTlFCaEFHUUFaUUF4QUNJQUxBQWlBREVBTndBMEFEa0FYd0F4QURFQU1RQWlBQ3dBSWdBMUFEWUFZZ0F6QURnQU5RQTVBR1VBTWdCakFEY0FOZ0JrQURrQU1RQTVBRFlBWXdBNEFEVUFNQUExQUdNQU9BQWlBQ3dBSWdBeUFERUFOQUF3QUY4QU1RQXhBREVBSWdBc0FDSUFOUUEyQURnQVlRQXlBRGNBTlFBM0FEY0FaZ0F4QURnQVpBQTNBREFBWWdBNUFEUUFPUUEyQURnQVpnQXdBRGdBSWdBc0FDSUFNUUEzQURZQU1nQmZBREVBTVFBeEFDSUFMQUFpQURVQU5nQmhBR1VBWlFCbEFEVUFaQUF5QUdNQU53QTJBR1FBT1FBeUFHWUFOUUF3QURJQU5BQXdBREVBTlFBNEFDSUFMQUFpQURJQU1BQTJBRElBWHdBeEFERUFNUUFpQUN3QUlnQTFBRFlBWVFBNEFHTUFaUUJsQURVQU1nQmpBRGNBTmdCa0FEa0FNUUJtQUdRQU1BQm1BR01BWkFBekFERUFaQUFpQUN3QUlnQXlBREFBTVFBeEFGOEFNUUF4QURFQUlnQXNBQ0lBTlFBMkFHSUFaQUJsQURNQU1BQTBBRGNBWmdBeEFEZ0FaQUEzQURBQVlnQm1BRFFBT0FBeEFHSUFNQUF3QURrQUlnQXNBQ0lBTWdBeUFEY0FOQUJmQURFQU1RQXhBQ0lBTEFBaUFEVUFOZ0JpQUdRQVpnQmtBR1VBT0FBM0FHWUFNUUE0QUdRQU53QXdBR0lBWmdBMEFEZ0FNUUJpQURBQU5BQXdBQ0lBTEFBaUFESUFNZ0E0QURRQVh3QXhBREVBTVFBaUFDd0FJZ0ExQURZQU9RQTBBR01BT0FBNEFEWUFOd0JtQURFQU9BQmtBRGNBTWdCaEFEUUFPQUExQUdRQU1RQTFBRFVBWkFBaUFDd0FJZ0F4QURnQU53QXlBRjhBTVFBeEFERUFJZ0FzQUNJQU5RQTJBRGtBWmdCbUFHRUFOQUF5QURjQVpnQXhBRGdBWkFBM0FERUFOd0F4QURnQVpRQTBBR1VBWlFCaEFHSUFJZ0FzQUNJQU1RQTFBRGNBTXdCZkFERUFNUUF4QUNJQUxBQWlBRFVBTmdCaEFHWUFZd0JqQURRQU5RQTNBR1lBTVFBNEFHUUFOd0F5QUdNQU5BQTBBR1lBTVFCaUFEVUFaUUE0QUNJQUxBQWlBRElBTUFBM0FEWUFYd0F4QURFQU1RQWlBQ3dBSWdBMUFEWUFZZ0JoQURVQU5nQmhBRGNBTWdCakFEY0FOZ0JrQURrQU1BQTRBR0lBTUFCaUFEa0FOQUF4QURNQVl3QWlBQ3dBSWdBeUFESUFNZ0ExQUY4QU1RQXhBREVBSWdBc0FDSUFOUUEyQUdFQU53QmpBR1lBT0FBeUFEY0FaZ0F4QURnQVpBQTNBRElBTXdBeEFHTUFNQUJpQUdNQU1nQTVBRFVBSWdBc0FDSUFNUUE1QURjQU9RQmZBREVBTVFBeEFDSUFMQUFpQURVQU5nQTVBR1lBWmdCaEFEUUFNd0EzQUdZQU1RQTRBR1FBTndBeEFEY0FNUUE0QUdVQU5BQmxBR1VBWVFCakFDSUFMQUFpQURFQU5RQTFBRFFBWHdBeEFERUFNUUFpQUN3QUlnQTFBRFlBT1FCbUFHWUFZUUEwQURVQU53Qm1BREVBT0FCa0FEY0FNUUEzQURFQU9BQmxBRFFBWlFCbEFHRUFaQUFpQUN3QUlnQXhBRFVBTndBd0FGOEFNUUF4QURFQUlnQXNBQ0lBTlFBMkFHSUFNd0F4QURjQVlRQXlBRElBWXdBM0FEWUFaQUE1QURFQU9RQTJBR01BT0FBMUFEQUFOUUE1QUdVQUlnQXNBQ0lBTWdBeEFESUFNd0JmQURFQU1RQXhBQ0lBTEFBaUFEVUFOZ0JoQURrQVlRQXdBR1lBWXdBeUFHTUFOd0EyQUdRQU9RQXhBR1lBWkFBd0FHWUFZd0JrQURNQVpBQTNBQ0lBTEFBaUFESUFNQUF4QURrQVh3QXhBREVBTVFBaUFDd0FJZ0ExQURZQVlnQTFBRElBTkFCaEFHWUFOd0JtQURFQU9BQmtBRGNBTUFBMEFEUUFOQUEzQUdVQU9RQm1BRGdBTlFBaUFDd0FJZ0F5QURFQU5nQXpBRjhBTVFBeEFERUFJZ0FzQUNJQU5RQTJBRGtBWVFBekFERUFNZ0JqQURjQVpnQXhBRGdBWkFBM0FESUFZZ0JpQURRQVpBQm1BR01BWkFBd0FHVUFJZ0FzQUNJQU1RQTVBREVBTUFCZkFERUFNUUF4QUNJQUxBQWlBRFVBTmdBNUFHWUFaZ0JoQURRQU5nQTNBR1lBTVFBNEFHUUFOd0F4QURjQU1RQTRBR1VBTkFCbEFHVUFZUUJsQUNJQUxBQWlBREVBTlFBeUFEUUFYd0F4QURFQU1RQWlBQ3dBSWdBMUFEWUFPUUJtQUdZQVlRQTBBRGdBTndCbUFERUFPQUJrQURjQU1RQTNBREVBT0FCbEFEUUFaUUJsQUdFQVpnQWlBQ3dBSWdBeEFEUUFOZ0F5QUY4QU1RQXhBREVBSWdBc0FDSUFOUUEyQURrQU5BQmhBRGNBTmdBd0FESUFZd0EzQURZQVpBQTVBREVBTWdBeEFEQUFaQUF5QURVQU13QXpBRGdBSWdBc0FDSUFNUUE0QURZQU53QmZBREVBTVFBeEFDSUFMQUFpQURVQU5nQmhBRGdBT0FBeUFHTUFNQUEzQUdZQU1RQTRBR1FBTndBeUFETUFNUUJqQURBQVlnQmpBRElBWlFBMUFDSUFMQUFpQURJQU1BQXdBREVBWHdBeEFERUFNUUFpQUN3QUlnQTFBRFlBT1FCbUFHWUFZUUEwQURrQU53Qm1BREVBT0FCa0FEY0FNUUEzQURFQU9BQmxBRFFBWlFCbEFHSUFNQUFpQUN3QUlnQXhBRFFBTUFBNUFGOEFNUUF4QURFQUlnQXNBQ0lBTlFBMkFHSUFZUUJtQURFQU5BQmhBRGNBWmdBeEFEZ0FaQUEzQURFQU5BQmxBRFFBWXdCa0FHWUFaUUJqQURBQUlnQXNBQ0lBTWdBeUFETUFPQUJmQURFQU1RQXhBQ0lBTEFBaUFEVUFOZ0JpQURjQU1BQmlBR0lBT1FBeUFHTUFOd0EyQUdRQU9RQXlBRGdBWkFCakFETUFZZ0JrQURVQVl3QXlBQ0lBTEFBaUFESUFNUUE0QURJQVh3QXhBREVBTVFBaUFDd0FJZ0ExQURZQU9RQTBBR1lBTXdBeEFERUFOd0JtQURFQU9BQmtBRGNBTWdCaEFEUUFPQUExQUdRQU1RQTFBRFlBWWdBaUFDd0FJZ0F4QURnQU9BQXpBRjhBTVFBeEFERUFJZ0FzQUNJQU5RQTJBR0lBTlFBeEFESUFNUUJtQURJQVl3QTNBRFlBWkFBNUFESUFPQUJrQUdNQU13QmlBR1FBTlFBNEFHUUFJZ0FzQUNJQU1nQXhBRFVBT0FCZkFERUFNUUF4QUNJQUxBQWlBRFVBTmdBNUFEUUFZZ0JoQURjQVlRQXlBR01BTndBMkFHUUFPUUF4QURJQU1RQXdBR1FBTWdBMUFETUFNd0JoQUNJQUxBQWlBREVBT0FBMkFEa0FYd0F4QURFQU1RQWlBQ3dBSWdBMUFEWUFZZ0JoQUdVQVlRQmpBRGtBTWdCakFEY0FOZ0JrQURrQU1RQXpBR1lBTkFBNEFESUFNQUEwQUdRQVl3QWlBQ3dBSWdBeUFESUFNd0EzQUY4QU1RQXhBREVBSWdBc0FDSUFOUUEyQURnQVl3QmhBRE1BWWdCbUFESUFZd0EzQURZQVpBQTVBREFBWmdCaUFEZ0FaQUJrQURRQU1RQmtBRGtBSWdBc0FDSUFNUUEzQURjQU53QmZBREVBTVFBeEFDSUFMQUFpQURVQU5nQTVBR1lBWmdCaEFEUUFZZ0EzQUdZQU1RQTRBR1FBTndBeEFEY0FNUUE0QUdVQU5BQmxBR1VBWWdBeEFDSUFMQUFpQURFQU5nQXdBRElBWHdBeEFERUFNUUFpQUN3QUlnQTFBRFlBWWdBeUFEVUFNZ0JqQURFQU53Qm1BREVBT0FCa0FEY0FNUUJtQURZQU5BQTNBR01BT0FBMEFHUUFZUUFpQUN3QUlnQXlBREVBTVFBNEFGOEFNUUF4QURFQUlnQXNBQ0lBTlFBMkFEa0FaZ0E1QURBQU53QTFBRGNBWmdBeEFEZ0FaQUEzQURJQU1nQTRBR01BTUFCa0FESUFOZ0EyQURRQUlnQXNBQ0lBTVFBNUFETUFOZ0JmQURFQU1RQXhBQ0lBTEFBaUFEVUFOZ0E1QUdZQVpnQmhBRFFBWXdBM0FHWUFNUUE0QUdRQU53QXhBRGNBTVFBNEFHVUFOQUJsQUdVQVlnQXlBQ0lBTEFBaUFERUFOZ0F6QURrQVh3QXhBREVBTVFBaUFDd0FJZ0ExQURZQVlnQXhBR0lBWXdCaUFEQUFNZ0JqQURjQU5nQmtBRGtBTWdCbUFEVUFNQUF5QURRQU1BQXhBR0lBTUFBaUFDd0FJZ0F5QURFQU1BQXdBRjhBTVFBeEFERUFJZ0FzQUNJQU5RQTJBR0lBWWdBd0FHUUFOUUExQURjQVpnQXhBRGdBWkFBM0FERUFOQUJsQURRQVl3QmtBR1lBWlFCa0FEQUFJZ0FzQUNJQU1nQXlBRFFBTlFCZkFERUFNUUF4QUNJQUxBQWlBRFVBTmdCaEFHWUFZd0ExQUdZQVlRQTNBR1lBTVFBNEFHUUFOd0F5QUdNQU5BQTBBR1lBTVFCaUFEVUFaUUEzQUNJQUxBQWlBRElBTUFBM0FEVUFYd0F4QURFQU1RQWlBQ3dBSWdBMUFEWUFPUUJtQUdZQVlRQTBBR1VBTndCbUFERUFPQUJrQURjQU1RQTNBREVBT0FCbEFEUUFaUUJsQUdJQU13QWlBQ3dBSWdBeEFEUUFNQUE0QUY4QU1RQXhBREVBSWdBc0FDSUFOUUEyQURrQVpnQm1BR0VBTkFCbUFEY0FaZ0F4QURnQVpBQTNBREVBTndBeEFEZ0FaUUEwQUdVQVpRQmlBRFFBSWdBc0FDSUFNUUEwQURnQU53QmZBREVBTVFBeEFDSUFMQUFpQURVQU5nQTVBR1lBWmdCaEFEVUFNUUEzQUdZQU1RQTRBR1FBTndBeEFEY0FNUUE0QUdVQU5BQmxBR1VBWWdBMUFDSUFMQUFpQURFQU5BQXhBREFBWHdBeEFERUFNUUFpQUN3QUlnQTFBRFlBWVFBd0FHRUFOd0JoQURNQU53Qm1BREVBT0FCa0FEY0FNZ0EzQUdJQU5BQm1BRGNBWXdBM0FHWUFZUUFpQUN3QUlnQXhBRGtBTkFBekFGOEFNUUF4QURFQUlnQXNBQ0lBTlFBMkFEa0FaZ0JtQUdFQU5RQXlBRGNBWmdBeEFEZ0FaQUEzQURFQU53QXhBRGdBWlFBMEFHVUFaUUJpQURZQUlnQXNBQ0lBTVFBMkFETUFNUUJmQURFQU1RQXhBQ0lBTEFBaUFEVUFOZ0JoQUdJQVlRQmpBREFBWWdBeUFHTUFOd0EyQUdRQU9RQXlBREVBWlFBd0FEUUFZUUJtQURNQU53QTJBQ0lBTEFBaUFESUFNQUEwQURNQVh3QXhBREVBTVFBaUFDd0FJZ0ExQURZQVlRQm1BR0lBTlFCbUFEY0FOd0JtQURFQU9BQmtBRGNBTWdCakFEUUFOQUJtQURFQVlnQTFBR1VBTVFBaUFDd0FJZ0F5QURBQU53QXpBRjhBTVFBeEFERUFJZ0FzQUNJQU5RQTJBR0VBWmdCaUFEa0FOQUEwQURjQVpnQXhBRGdBWkFBM0FERUFZZ0E1QURnQU5RQmxBREFBTmdBeEFEWUFJZ0FzQUNJQU1nQXdBRGNBTWdCZkFERUFNUUF4QUNJQUxBQWlBRFVBTmdCaUFEZ0FZUUEyQUdJQVlRQXlBR01BTndBMkFHUUFPUUF5QURnQVpBQmpBRE1BWWdCa0FEWUFNd0F4QUNJQUxBQWlBRElBTWdBeEFESUFYd0F4QURFQU1RQWlBQ3dBSWdBMUFEWUFZZ0JqQUdFQU5BQTRBRFVBTWdCakFEY0FOZ0JrQURrQU1RQmtBR0VBWXdBeUFESUFNUUE0QURjQVlRQWlBQ3dBSWdBeUFESUFOZ0E0QUY4QU1RQXhBREVBSWdBc0FDSUFOUUEyQURjQU53QmlBR0VBTUFBM0FESUFZd0EzQURZQVpBQTVBREFBWmdBM0FEQUFNQUF5QURJQVpBQmxBRFFBSWdBc0FDSUFNUUEzQURBQU5BQmZBREVBTVFBeEFDSUFMQUFpQURVQU5nQmlBRE1BWXdCakFHRUFZd0EzQUdZQU1RQTRBR1FBTndBeEFHWUFOZ0EwQURjQVl3QTRBRFVBTVFBM0FDSUFMQUFpQURJQU1RQTBBRFFBWHdBeEFERUFNUUFpQUN3QUlnQTFBRFlBT1FCaUFEZ0FOd0JtQURNQU1nQmpBRGNBTmdCa0FEa0FNZ0F5QUdVQVl3QXlBRFlBWVFBM0FEZ0FZZ0FpQUN3QUlnQXhBRGtBTWdBd0FGOEFNUUF4QURFQUlnQXNBQ0lBTlFBMkFEa0FaZ0JtQUdFQU5RQTBBRGNBWmdBeEFEZ0FaQUEzQURFQU53QXhBRGdBWlFBMEFHVUFaUUJpQURjQUlnQXNBQ0lBTVFBMUFEQUFPUUJmQURFQU1RQXhBQ0lBTEFBaUFEVUFOZ0E1QUdZQVpnQmhBRFVBTmdBM0FHWUFNUUE0QUdRQU53QXhBRGNBTVFBNEFHVUFOQUJsQUdVQVlnQTRBQ0lBTEFBaUFERUFNd0EzQURRQVh3QXhBREVBTVFBaUFDd0FJZ0ExQURZQU9BQmpBR1VBTlFCbUFEa0FNZ0JqQURjQU5nQmtBRGtBTUFCbUFHSUFPQUJrQUdRQU5BQXhBR1FBWmdBaUFDd0FJZ0F4QURjQU53QTVBRjhBTVFBeEFERUFJZ0FzQUNJQU5RQTJBR0VBWVFBMEFEQUFNQUEyQURjQVpnQXhBRGdBWkFBM0FESUFNd0F4QUdNQU1BQmlBR01BTkFBd0FESUFJZ0FzQUNJQU1nQXdBRElBT1FCZkFERUFNUUF4QUNJQUxBQWlBRFVBTmdBNUFEVUFNQUF4QUdZQU5BQXlBR01BTndBMkFHUUFPUUF4QURJQU1RQXdBR1FBTWdBMUFETUFOQUJrQUNJQUxBQWlBREVBT0FBNEFEVUFYd0F4QURFQU1RQWlBQ3dBSWdBMUFEWUFZUUJoQURZQVlRQTBBR1lBTWdCakFEY0FOZ0JrQURrQU13QmtBRGNBTkFCakFHWUFPQUEyQURZQU53QWlBQ3dBSWdBeUFEQUFNd0F6QUY4QU1RQXhBREVBSWdBc0FDSUFOUUEyQUdJQU1BQmtBR1lBWVFBeEFESUFZd0EzQURZQVpBQTVBRElBWmdBMUFEQUFNZ0EwQURBQU1RQTVBRGtBSWdBc0FDSUFNZ0F3QURnQU53QmZBREVBTVFBeEFDSUFMQUFpQURVQU5nQTVBR1lBWmdCaEFEVUFPQUEzQUdZQU1RQTRBR1FBTndBeEFEY0FNUUE0QUdVQU5BQmxBR1VBWWdBNUFDSUFMQUFpQURFQU13QTVBRFFBWHdBeEFERUFNUUFpQUN3QUlnQTFBRFlBT1FBM0FETUFOQUF5QUdNQU53Qm1BREVBT0FCa0FEY0FNQUJqQURjQU9BQTVBREVBTmdBd0FETUFNQUFpQUN3QUlnQXhBRGtBTUFBekFGOEFNUUF4QURFQUlnQXNBQ0lBTlFBMkFEa0FaZ0JtQUdFQU5RQmlBRGNBWmdBeEFEZ0FaQUEzQURFQU53QXhBRGdBWlFBMEFHVUFaUUJpQUdFQUlnQXNBQ0lBTVFBMEFEQUFOd0JmQURFQU1RQXhBQ0lBTEFBaUFEVUFOZ0E1QUdZQVpnQmhBRFVBWXdBM0FHWUFNUUE0QUdRQU53QXhBRGNBTVFBNEFHVUFOQUJsQUdVQVlnQmlBQ0lBTEFBaUFERUFOUUF6QURJQVh3QXhBREVBTVFBaUFDd0FJZ0ExQURZQU9RQm1BR1lBWVFBMUFHUUFOd0JtQURFQU9BQmtBRGNBTVFBM0FERUFPQUJsQURRQVpRQmxBR0lBWXdBaUFDd0FJZ0F4QURVQU5nQXdBRjhBTVFBeEFERUFJZ0FzQUNJQU5RQTJBR0VBTndBMkFESUFPUUEyQURjQVpnQXhBRGdBWkFBM0FESUFNd0JpQURRQVlRQmlBREVBWlFCakFHVUFJZ0FzQUNJQU1RQTVBRGNBT0FCZkFERUFNUUF4QUNJQUxBQWlBRFVBTmdCaUFEY0FNUUJsQURNQU53QXlBR01BTndBMkFHUUFPUUF5QURnQVpBQmpBRE1BWWdCa0FEVUFZd0JqQUNJQUxBQWlBRElBTVFBNEFEZ0FYd0F4QURFQU1RQWlBQ3dBSWdBMUFEWUFPUUEzQURNQVl3QmhBRGNBTndCbUFERUFPQUJrQURjQU1BQmpBRGNBT0FBNUFERUFOZ0F3QURNQU1RQWlBQ3dBSWdBeEFEa0FNQUExQUY4QU1RQXhBREVBSWdBc0FDSUFOUUEyQUdFQU1BQTVBREFBTVFBMkFEY0FaZ0F4QURnQVpBQTNBRElBTndCaUFEUUFaZ0EzQUdNQU53Qm1BREVBSWdBc0FDSUFNUUE1QURRQU1nQmZBREVBTVFBeEFDSUFMQUFpQURVQU5nQmlBREFBWkFBNUFEWUFNQUEzQUdZQU1RQTRBR1FBTndBeUFHTUFOQUEwQUdZQU1RQmlBRFVBWmdCbEFDSUFMQUFpQURJQU1BQTRBRFlBWHdBeEFERUFNUUFpQUN3QUlnQTFBRFlBWWdBNEFEY0FOd0JrQUdRQU1nQmpBRGNBTmdCa0FEa0FNZ0E0QUdRQVl3QXpBR0lBWkFBMkFERUFZZ0FpQUN3QUlnQXlBRElBTUFBeUFGOEFNUUF4QURFQUlnQXNBQ0lBTlFBMkFEa0FOd0F6QURnQU5RQTRBRElBWXdBM0FEWUFaQUE1QURBQU5RQTFBREFBWVFCaEFESUFPUUJoQURBQUlnQXNBQ0lBTVFBNUFEQUFOQUJmQURFQU1RQXhBQ0lBTEFBaUFEVUFOZ0JoQURjQVpBQTRBREFBTWdBeUFHTUFOd0EyQUdRQU9RQXhBR1lBWkFBd0FHWUFZd0JrQURJQU9RQmtBQ0lBTEFBaUFERUFPUUE0QURFQVh3QXhBREVBTVFBaUFDd0FJZ0ExQURZQVlRQTNBRFFBWmdBM0FHUUFNZ0JqQURjQU5nQmtBRGtBTXdBeUFEY0FOQUE1QURZQU9RQmlBR1FBTlFBaUFDd0FJZ0F4QURrQU53QTFBRjhBTVFBeEFERUFJZ0FzQUNJQU5RQTJBRGdBWmdBNEFEa0FNUUF6QURjQVpnQXhBRGdBWkFBM0FERUFPUUJrQURRQVlnQXdBRGdBWmdCakFEUUFJZ0FzQUNJQU1RQTRBREVBTVFCZkFERUFNUUF4QUNJQUxBQWlBRFVBTmdCaEFHTUFPUUF3QURnQU9RQTNBR1lBTVFBNEFHUUFOd0F5QUdNQU5BQTBBR1lBTVFCaUFEVUFZUUJpQUNJQUxBQWlBRElBTUFBMUFEWUFYd0F4QURFQU1RQWlBQ3dBSWdBMUFEWUFZZ0F5QURBQU53QTNBR01BTndCbUFERUFPQUJrQURjQU1nQmpBRFFBTkFCbUFERUFZZ0EyQURJQVl3QWlBQ3dBSWdBeUFERUFNUUF3QUY4QU1RQXhBREVBSWdBc0FDSUFOUUEyQURrQVpnQm1BR0VBTmdBeUFEY0FaZ0F4QURnQVpBQTNBREVBTndBeEFEZ0FaUUEwQUdVQVpRQmlBR1FBSWdBc0FDSUFNUUF6QURrQU1BQmZBREVBTVFBeEFDSUFMQUFpQURVQU5nQmlBR1FBWmdBMUFEY0FOUUEzQUdZQU1RQTRBR1FBTndBd0FHSUFaZ0EwQURnQU1RQmlBREFBTXdBNEFDSUFMQUFpQURJQU1nQTNBRGtBWHdBeEFERUFNUUFpQUN3QUlnQTFBRFlBT1FCbUFHWUFZUUEyQURNQU53Qm1BREVBT0FCa0FEY0FNUUEzQURFQU9BQmxBRFFBWlFCbEFHSUFaUUFpQUN3QUlnQXhBRFlBTlFBMkFGOEFNUUF4QURFQUlnQXNBQ0lBTlFBMkFHSUFZUUEzQURRQU1BQXpBRElBWXdBM0FEWUFaQUE1QURBQU9BQmlBREFBWWdBNUFEUUFNUUEwQURjQUlnQXNBQ0lBTWdBeUFESUFPQUJmQURFQU1RQXhBQ0lBTEFBaUFEVUFOZ0E1QUdJQU5RQm1BR1lBT0FBeUFHTUFOd0EyQUdRQU9RQXlBRElBWlFCakFESUFOZ0JoQURjQU9BQTNBQ0lBTEFBaUFERUFPUUF4QURnQVh3QXhBREVBTVFBaUFDd0FJZ0ExQURZQVlnQmpBRGtBT1FBNUFERUFNZ0JqQURjQU5nQmtBRGtBTVFCa0FHRUFZd0F5QURJQU1RQTRBRFlBWVFBaUFDd0FJZ0F5QURJQU5nQXpBRjhBTVFBeEFERUFJZ0FzQUNJQU5RQTJBRGtBWmdCbUFHRUFOZ0EyQURjQVpnQXhBRGdBWkFBM0FERUFOd0F4QURnQVpRQTBBR1VBWlFCaUFHWUFJZ0FzQUNJQU1RQTBBRGNBTndCZkFERUFNUUF4QUNJQUxBQWlBRFVBTmdBNUFHWUFaZ0JoQURZQU53QTNBR1lBTVFBNEFHUUFOd0F4QURjQU1RQTRBR1VBTkFCbEFHVUFZd0F3QUNJQUxBQWlBREVBTlFBeEFEQUFYd0F4QURFQU1RQWlBQ3dBSWdBMUFEWUFPUUJtQUdZQVlRQTJBRGdBTndCbUFERUFPQUJrQURjQU1RQTNBREVBT0FCbEFEUUFaUUJsQUdNQU1RQWlBQ3dBSWdBeEFEVUFOd0EzQUY4QU1RQXhBREVBSWdBc0FDSUFOUUEyQUdJQU5RQmlBR1FBTXdCa0FEY0FaZ0F4QURnQVpBQTNBREFBTkFBMEFEUUFOd0JsQURrQVpnQTRBR1lBSWdBc0FDSUFNZ0F4QURZQU9BQmZBREVBTVFBeEFDSUFMQUFpQURVQU5nQmlBREVBTWdCakFESUFaQUEzQUdZQU1RQTRBR1FBTndBeUFHTUFOQUEwQUdZQU1RQmlBRFlBTUFBMkFDSUFMQUFpQURJQU1BQTVBREVBWHdBeEFERUFNUUFpQUN3QUlnQTFBRFlBWWdBMEFEWUFOZ0E0QUdRQU1nQmpBRGNBTmdCa0FEa0FNZ0JsQURnQU1BQTNBRElBTWdBNEFHWUFaQUFpQUN3QUlnQXlBREVBTkFBMUFGOEFNUUF4QURFQUlnQXNBQ0lBTlFBMkFHSUFNUUJsQURNQU9BQTFBRGNBWmdBeEFEZ0FaQUEzQURJQVl3QTBBRFFBWmdBeEFHSUFOZ0F4QUdZQUlnQXNBQ0lBTWdBeEFEQUFNd0JmQURFQU1RQXhBQ0lBTEFBaUFEVUFOZ0JpQURNQU13QmpBRFlBT0FBeUFHTUFOd0EyQUdRQU9RQXhBRGtBTmdCakFEZ0FOUUF3QURVQVlnQXdBQ0lBTEFBaUFESUFNUUF6QURJQVh3QXhBREVBTVFBaUFDd0FJZ0ExQURZQVlnQmpBRGdBT0FBM0FEZ0FNZ0JqQURjQU5nQmtBRGtBTVFCa0FHRUFZd0F5QURJQU1RQTRBRFVBWXdBaUFDd0FJZ0F5QURJQU5RQTRBRjhBTVFBeEFERUFJZ0FzQUNJQU5RQTJBR0lBWXdBNEFEUUFZUUF6QURJQVl3QTNBRFlBWkFBNUFERUFaQUJoQUdNQU1nQXlBREVBT0FBMUFEVUFJZ0FzQUNJQU1nQXlBRFVBTndCZkFERUFNUUF4QUNJQUxBQWlBRFVBTmdCaEFEY0FaZ0JoQURRQVpBQTNBR1lBTVFBNEFHUUFOd0F5QURNQU1RQmpBREFBWWdCakFESUFZUUExQUNJQUxBQWlBREVBT1FBNEFEWUFYd0F4QURFQU1RQWlBQ3dBSWdBMUFEWUFZUUE0QURBQVpBQTNBRE1BTWdCakFEY0FOZ0JrQURrQU1RQm1BR1FBTUFCbUFHTUFaQUF5QUdNQU5RQWlBQ3dBSWdBeEFEa0FPUUF4QUY4QU1RQXhBREVBSWdBc0FDSUFOUUEyQURrQVpnQm1BR0VBTmdCaEFEY0FaZ0F4QURnQVpBQTNBREVBTndBeEFEZ0FaUUEwQUdVQVpRQmpBRElBSWdBc0FDSUFNUUEwQURRQU1BQmZBREVBTVFBeEFDSUFMQUFpQURVQU5nQTVBRFFBWXdBMEFHVUFaUUF5QUdNQU53QTJBR1FBT1FBeEFESUFNUUF3QUdRQU1nQTFBRE1BTXdCaUFDSUFMQUFpQURFQU9BQTNBREVBWHdBeEFERUFNUUFpQUN3QUlnQTFBRFlBT1FCbUFHWUFZUUEyQUdJQU53Qm1BREVBT0FCa0FEY0FNUUEzQURFQU9BQmxBRFFBWlFCbEFHTUFNd0FpQUN3QUlnQXhBRFlBTWdBM0FGOEFNUUF4QURFQUlnQXNBQ0lBTlFBMkFHRUFOd0JrQUdNQVlnQXpBRElBWXdBM0FEWUFaQUE1QURFQVpnQmtBREFBWmdCakFHUUFNZ0E1QUdVQUlnQXNBQ0lBTVFBNUFEZ0FNZ0JmQURFQU1RQXhBQ0lBTEFBaUFEVUFOZ0JpQURVQVl3Qm1BRGdBTXdBeUFHTUFOd0EyQUdRQU9RQXlBRGdBWkFCakFETUFZZ0JrQURVQVlRQmhBQ0lBTEFBaUFESUFNUUEzQURRQVh3QXhBREVBTVFBaUFDd0FJZ0ExQURZQVlnQmhBREFBWmdCa0FEY0FNZ0JqQURjQU5nQmtBRGtBTUFBNEFHSUFNQUJpQURrQU5BQXhBRE1BTXdBaUFDd0FJZ0F5QURJQU1nQXhBRjhBTVFBeEFERUFJZ0FzQUNJQU5RQTJBR0lBTlFCa0FEVUFZUUEwQURJQVl3QTNBRFlBWkFBNUFESUFPQUJrQUdNQU13QmlBR1FBTlFCaUFERUFJZ0FzQUNJQU1nQXhBRGNBT0FCZkFERUFNUUF4QUNJQUxBQWlBRFVBTmdBNEFHVUFOQUJoQURNQU13QXlBR01BTndBMkFHUUFPUUF4QURZQU5BQmpBR1VBTWdCakFETUFZUUJsQUNJQUxBQWlBREVBTndBNUFEY0FYd0F4QURFQU1RQWlBQ3dBSWdBMUFEWUFZZ0F6QURFQVlnQXlBR1FBTndCbUFERUFPQUJrQURjQU1RQm1BRFlBTkFBM0FHTUFPQUEwQUdVQU9RQWlBQ3dBSWdBeUFERUFNZ0EwQUY4QU1RQXhBREVBSWdBc0FDSUFOUUEyQUdJQU1nQTBBR0lBTmdBMkFESUFZd0EzQURZQVpBQTVBREVBT1FBMkFHTUFPQUExQURBQU5RQTRBR1lBSWdBc0FDSUFNZ0F4QURFQU5nQmZBREVBTVFBeEFDSUFMQUFpQURVQU5nQmlBRFVBTUFBekFHUUFNQUEzQUdZQU1RQTRBR1FBTndBeEFHUUFZUUJqQUdNQVpnQmpBRFVBTXdBekFDSUFMQUFpQURJQU1RQTFBRGNBWHdBeEFERUFNUUFpQUN3QUlnQTFBRFlBWWdBeEFETUFNd0EzQUdVQU1nQmpBRGNBTmdCa0FEa0FNZ0JtQURVQU1BQXlBRFFBTUFBeEFHRUFNZ0FpQUN3QUlnQXlBREFBT1FBeUFGOEFNUUF4QURFQUlnQXNBQ0lBTlFBMkFEa0FaZ0JtQURnQU9RQXdBRGNBWmdBeEFEZ0FaQUEzQURFQU53QXhBRGdBWlFBMEFHVUFaUUF4QUdJQUlnQXNBQ0lBTVFBMEFEQUFNd0JmQURFQU1RQXhBQ0lBTEFBaUFEVUFOZ0E1QUdZQVpnQTRBRGtBTVFBM0FHWUFNUUE0QUdRQU53QXhBRGNBTVFBNEFHVUFOQUJsQUdVQU1RQmpBQ0lBTEFBaUFERUFOUUF4QURZQVh3QXhBREVBTVFBaUFDd0FJZ0ExQURZQU9RQm1BR1lBT0FBNUFETUFOd0JtQURFQU9BQmtBRGNBTVFBM0FERUFPQUJsQURRQVpRQmxBREVBWkFBaUFDd0FJZ0F4QURNQU9RQTFBRjhBTVFBeEFERUFJZ0FzQUNJQU5RQTJBR0VBTndCa0FETUFPQUE0QURJQVl3QTNBRFlBWkFBNUFERUFaZ0JrQURBQVpnQmpBR1FBTWdBNUFHTUFJZ0FzQUNJQU1RQTVBRGdBTUFCZkFERUFNUUF4QUNJQUxBQWlBRFVBTmdCaUFERUFaQUE1QURFQU13QXlBR01BTndBMkFHUUFPUUF5QUdZQU5RQXdBRElBTkFBd0FERUFZZ0EwQUNJQUxBQWlBRElBTVFBd0FESUFYd0F4QURFQU1RQWlBQ3dBSWdBMUFEWUFPUUJtQUdZQU9BQTVBRFVBTndCbUFERUFPQUJrQURjQU1RQTNBREVBT0FCbEFEUUFaUUJsQURFQVpRQWlBQ3dBSWdBeEFETUFPUUE0QUY4QU1RQXhBREVBSWdBc0FDSUFOUUEyQURrQVl3QmlBR1VBTkFCbUFEY0FaZ0F4QURnQVpBQTNBRElBWWdCaUFEUUFaQUJtQUdNQVpBQTFBRElBSWdBc0FDSUFNUUE1QURJQU5RQmZBREVBTVFBeEFDSUFMQUFpQURVQU5nQTRBR1VBWkFBekFHTUFaQUEzQUdZQU1RQTRBR1FBTndBeUFHUUFOUUJqQUdJQVlnQmlBR0VBTmdBMEFDSUFMQUFpQURFQU9BQXdBRFlBWHdBeEFERUFNUUFpQUN3QUlnQTFBRFlBT1FCaEFEa0FZUUF5QURjQU1nQmpBRGNBTmdCa0FEa0FNZ0F5QUdVQVl3QXlBRFlBWVFBM0FEY0FPQUFpQUN3QUlnQXhBRGtBTVFBMUFGOEFNUUF4QURFQUlnQXNBQ0lBTlFBMkFEa0FNd0EwQUdZQVlRQmtBRElBWXdBM0FEWUFaQUE1QURFQVl3QXdBRGdBWlFBNUFEa0FNZ0E1QURFQUlnQXNBQ0lBTVFBNEFEUUFNQUJmQURFQU1RQXhBQ0lBTEFBaUFEVUFOZ0JpQUdFQU53QXdBRFFBTXdBM0FHWUFNUUE0QUdRQU53QXlBR1lBT1FBNEFEa0FaZ0F3QURnQVl3QmpBQ0lBTEFBaUFESUFNZ0F5QURjQVh3QXhBREVBTVFBaUFDd0FJZ0ExQURZQVlnQTFBREVBWWdBNEFHUUFNZ0JqQURjQU5nQmtBRGtBTWdBNEFHUUFZd0F6QUdJQVpBQTFBRGtBTVFBaUFDd0FJZ0F5QURFQU5nQXhBRjhBTVFBeEFERUFJZ0FzQUNJQU5RQTJBRGtBWmdCbUFEZ0FPUUE1QURjQVpnQXhBRGdBWkFBM0FERUFOd0F4QURnQVpRQTBBR1VBWlFBeEFHWUFJZ0FzQUNJQU1RQTFBRElBT1FCZkFERUFNUUF4QUNJQUxBQWlBRFVBTmdBNEFERUFZUUJsQUdFQVl3QXlBR01BTndBMkFHUUFPUUF3QUdFQU13QmpBRFlBWkFCakFESUFOZ0EwQUNJQUxBQWlBREVBTndBMEFEY0FYd0F4QURFQU1RQWlBQ3dBSWdBMUFEWUFZUUJoQURZQU5RQmlBRElBTWdCakFEY0FOZ0JrQURrQU13QmtBRGNBTkFCakFHWUFPQUEyQURZQU13QWlBQ3dBSWdBeUFEQUFNd0F5QUY4QU1RQXhBREVBSWdBc0FDSUFOUUEyQUdJQU5RQmlBR0VBTWdBekFEY0FaZ0F4QURnQVpBQTNBREFBTkFBMEFEUUFOd0JsQURrQVpnQTRBR01BSWdBc0FDSUFNZ0F4QURZQU53QmZBREVBTVFBeEFDSUFMQUFpQURVQU5nQTVBR1lBWmdBNEFEa0FaUUEzQUdZQU1RQTRBR1FBTndBeEFEY0FNUUE0QUdVQU5BQmxBR1VBTWdBd0FDSUFMQUFpQURFQU5BQTNBRFFBWHdBeEFERUFNUUFpQUN3QUlnQTFBRFlBWWdCaEFHTUFZd0JpQUdRQU1nQmpBRGNBTmdCa0FEa0FNUUF6QUdZQU5BQTRBRElBTUFBMEFHUUFNUUFpQUN3QUlnQXlBRElBTXdBekFGOEFNUUF4QURFQUlnQXNBQ0lBTlFBMkFEa0FaZ0JtQURnQU9RQm1BRGNBWmdBeEFEZ0FaQUEzQURFQU53QXhBRGdBWlFBMEFHVUFaUUF5QURFQUlnQXNBQ0lBTVFBMUFEY0FNZ0JmQURFQU1RQXhBQ0lBTEFBaUFEVUFOZ0E1QURNQU53QmtBR01BWWdBM0FHWUFNUUE0QUdRQU53QXpBREVBT0FCakFEQUFPUUJtQURVQU1BQXhBQ0lBTEFBaUFERUFPQUEwQURjQVh3QXhBREVBTVFBaUFDd0FJZ0ExQURZQU53QTRBRFVBWlFBekFEUUFNZ0JqQURjQU5nQmtBRGtBTVFBd0FEUUFZd0JrQURrQVpnQXpBRE1BTndBaUFDd0FJZ0F4QURjQU1RQXdBRjhBTVFBeEFERUFJZ0FzQUNJQU5RQTJBRGtBWmdCbUFEZ0FZUUF5QURjQVpnQXhBRGdBWkFBM0FERUFOd0F4QURnQVpRQTBBR1VBWlFBeUFESUFJZ0FzQUNJQU1RQTFBRFlBTVFCZkFERUFNUUF4QUNJQUxBQWlBRFVBTmdBNUFHWUFaZ0E0QUdFQU5BQTNBR1lBTVFBNEFHUUFOd0F4QURjQU1RQTRBR1VBTkFCbEFHVUFNZ0F6QUNJQUxBQWlBREVBTlFBMEFESUFYd0F4QURFQU1RQWlBQ3dBSWdBMUFEWUFZUUJoQURRQU5BQTBBRFVBTWdCakFEY0FOZ0JrQURrQU1RQm1BR1FBTUFCbUFHTUFaQUEwQURBQVpnQWlBQ3dBSWdBeUFEQUFNd0F3QUY4QU1RQXhBREVBSWdBc0FDSUFOUUEyQURjQU5BQXdBR1FBTWdBMkFEY0FaZ0F4QURnQVpBQTNBREVBWmdCbEFHTUFNUUJoQURVQU9RQXpBRE1BSWdBc0FDSUFNUUEyQURnQU1nQmZBREVBTVFBeEFDSUFMQUFpQURVQU5nQTVBR1lBWmdBNEFHRUFOZ0EzQUdZQU1RQTRBR1FBTndBeEFEY0FNUUE0QUdVQU5BQmxBR1VBTWdBMEFDSUFMQUFpQURFQU5BQXhBRGdBWHdBeEFERUFNUUFpQUN3QUlnQTFBRFlBT1FCbUFHWUFPQUJoQURjQU53Qm1BREVBT0FCa0FEY0FNUUEzQURFQU9BQmxBRFFBWlFCbEFESUFOUUFpQUN3QUlnQXhBRFVBTndBeEFGOEFNUUF4QURFQUlnQXNBQ0lBTlFBMkFHSUFNUUF4QUdRQVpRQm1BRGNBWmdBeEFEZ0FaQUEzQURJQVl3QTBBRFFBWmdBeEFHSUFOZ0F3QURJQUlnQXNBQ0lBTWdBd0FEZ0FPUUJmQURFQU1RQXhBQ0lBTEFBaUFEVUFOZ0JoQUdJQVpRQTRBR1VBTVFBM0FHWUFNUUE0QUdRQU53QXlBR01BTkFBMEFHWUFNUUJpQURVQU9RQmxBQ0lBTEFBaUFESUFNQUExQURBQVh3QXhBREVBTVFBaUFDd0FJZ0ExQURZQU9RQm1BR1lBT0FCaEFEa0FOd0JtQURFQU9BQmtBRGNBTVFBM0FERUFPQUJsQURRQVpRQmxBRElBTmdBaUFDd0FJZ0F4QURVQU5RQXlBRjhBTVFBeEFERUFJZ0FzQUNJQU5RQTJBRGdBTkFCbUFHUUFNZ0EwQURJQVl3QTNBRFlBWkFBNUFEQUFaQUJpQURRQU1nQXdBRFlBWmdBNEFESUFJZ0FzQUNJQU1RQTNBRFVBTlFCZkFERUFNUUF4QUNJQUxBQWlBRFVBTmdBNUFHWUFaZ0E0QUdFQVlnQTNBR1lBTVFBNEFHUUFOd0F4QURjQU1RQTRBR1VBTkFCbEFHVUFNZ0EzQUNJQUxBQWlBREVBTkFBNUFESUFYd0F4QURFQU1RQWlBQ3dBSWdBMUFEWUFPQUEwQURRQVpBQTVBRElBTndCbUFERUFPQUJrQURjQU1BQmlBRGtBTkFBNUFEWUFPQUJsQUdRQVpRQWlBQ3dBSWdBeEFEY0FOUUF5QUY4QU1RQXhBREVBSWdBc0FDSUFOUUEyQURrQVpnQm1BRGdBWVFCbEFEY0FaZ0F4QURnQVpBQTNBREVBTndBeEFEZ0FaUUEwQUdVQVpRQXlBRGdBSWdBc0FDSUFNUUExQURrQU5nQmZBREVBTVFBeEFDSUFMQUFpQURVQU5nQmhBRElBTkFBNUFHRUFOZ0EzQUdZQU1RQTRBR1FBTndBeEFEUUFOZ0EwQURBQVpRQXhBRE1BTndBMkFDSUFMQUFpQURFQU9RQTFBRElBWHdBeEFERUFNUUFpQUN3QUlnQTFBRFlBT1FCbUFHWUFPQUJoQUdZQU53Qm1BREVBT0FCa0FEY0FNUUEzQURFQU9BQmxBRFFBWlFCbEFESUFPUUFpQUN3QUlnQXhBRFFBT0FBMUFGOEFNUUF4QURFQUlnQXNBQ0lBTlFBMkFEa0FaZ0JtQURnQVlnQXdBRGNBWmdBeEFEZ0FaQUEzQURFQU53QXhBRGdBWlFBMEFHVUFaUUF5QUdFQUlnQXNBQ0lBTVFBMEFESUFNd0JmQURFQU1RQXhBQ0lBTEFBaUFEVUFOZ0E1QUdZQVpnQTRBR0lBTWdBM0FHWUFNUUE0QUdRQU53QXhBRGNBTVFBNEFHVUFOQUJsQUdVQU1nQmlBQ0lBTEFBaUFERUFOUUF6QURRQVh3QXhBREVBTVFBaUFDd0FJZ0ExQURZQVlnQTFBRElBT0FBMEFERUFNZ0JqQURjQU5nQmtBRGtBTWdBNEFHUUFZd0F6QUdJQVpBQTFBRGtBWXdBaUFDd0FJZ0F5QURFQU5nQTBBRjhBTVFBeEFERUFJZ0FzQUNJQU5RQTJBRGtBTkFCakFERUFOUUJrQURjQVpnQXhBRGdBWkFBM0FESUFZUUEwQURnQU5RQmtBREVBTlFBMUFHTUFJZ0FzQUNJQU1RQTRBRGNBTUFCZkFERUFNUUF4QUNJQUxBQWlBRFVBTmdBNUFHTUFaUUE1QURJQVpnQTNBR1lBTVFBNEFHUUFOd0F5QUdJQVlnQTBBR1FBWmdCakFHUUFOUUE0QUNJQUxBQWlBREVBT1FBeUFEY0FYd0F4QURFQU1RQWlBQ3dBSWdBMUFEWUFZZ0JpQURBQU1nQXpBRGdBTndCbUFERUFPQUJrQURjQU1RQTBBR1VBTkFCakFHUUFaZ0JsQUdNQU9BQWlBQ3dBSWdBeUFESUFOQUF5QUY4QU1RQXhBREVBSWdBc0FDSUFOUUEyQURrQVpnQm1BRGdBWWdBekFEY0FaZ0F4QURnQVpBQTNBREVBTndBeEFEZ0FaUUEwQUdVQVpRQXlBR01BSWdBc0FDSUFNUUEwQURZQU13QmZBREVBTVFBeEFDSUFMQUFpQURVQU5nQTVBR1lBWmdBNEFHSUFOQUEzQUdZQU1RQTRBR1FBTndBeEFEY0FNUUE0QUdVQU5BQmxBR1VBTWdCa0FDSUFMQUFpQURFQU5RQXlBRFVBWHdBeEFERUFNUUFpQUN3QUlnQTFBRFlBWVFCbUFHSUFZUUF6QURnQU1nQmpBRGNBTmdCa0FEa0FNZ0JtQURVQU1BQXlBRFFBTUFBeEFEY0FZd0FpQUN3QUlnQXlBREFBTndBMEFGOEFNUUF4QURFQUlnQXNBQ0lBTlFBMkFEa0FaZ0EyQURVQU5nQmpBRGNBWmdBeEFEZ0FaQUEzQURJQU1nQTRBR01BTUFCa0FESUFOZ0ExQUdRQUlnQXNBQ0lBTVFBNUFETUFNd0JmQURFQU1RQXhBQ0lBTEFBaUFEVUFOZ0JoQUdJQVlnQXdBRFlBTmdBM0FHWUFNUUE0QUdRQU53QXlBR1VBWWdCakFEa0FaZ0F4QURVQU13Qm1BQ0lBTEFBaUFESUFNQUEwQURRQVh3QXhBREVBTVFBaUFDd0FJZ0ExQURZQVlnQTNBREFBWmdBMkFHUUFOd0JtQURFQU9BQmtBRGNBTUFBMEFEUUFOQUEzQUdVQU9RQm1BR0lBTVFBaUFDd0FJZ0F5QURFQU9BQXpBRjhBTVFBeEFERUFJZ0FzQUNJQU5RQTJBR0VBWWdBeUFERUFNQUEzQURJQVl3QTNBRFlBWkFBNUFERUFNQUJtQURRQU13QmtBRGNBWkFBNEFEQUFJZ0FzQUNJQU1nQXdBRE1BT0FCZkFERUFNUUF4QUNJQUxBQWlBRFVBTmdBNUFHWUFaZ0E0QUdJQU53QTNBR1lBTVFBNEFHUUFOd0F4QURjQU1RQTRBR1VBTkFCbEFHVUFNZ0JsQUNJQUxBQWlBREVBTkFBMEFERUFYd0F4QURFQU1RQWlBQ3dBSWdBMUFEWUFZZ0E0QURrQVlRQTNBRE1BTWdCakFEY0FOZ0JrQURrQU1nQTRBR1FBWXdBekFHSUFaQUEyQURJQVlRQWlBQ3dBSWdBeUFESUFNQUE0QUY4QU1RQXhBREVBSWdBc0FDSUFOUUEyQUdFQU53Qm1BRGNBTkFBekFESUFZd0EzQURZQVpBQTVBREVBWmdCa0FEQUFaZ0JqQUdRQU1nQmhBRGdBSWdBc0FDSUFNUUE1QURnQU5RQmZBREVBTVFBeEFDSUFMQUFpQURVQU5nQTFBR1VBT1FCa0FHWUFZZ0EzQUdZQU1RQTRBR1FBTndBeEFHSUFOd0F3QURnQU5nQTNBRFFBTkFCaUFDSUFMQUFpQURFQU5RQXpBRFVBWHdBeEFERUFNUUFpQUN3QUlnQTFBRFlBWWdCaEFERUFOUUEwQUdRQU1nQmpBRGNBTmdCa0FEa0FNQUE0QUdJQU1BQmlBRGtBTkFBeEFETUFOZ0FpQUN3QUlnQXlBRElBTWdBeUFGOEFNUUF4QURFQUlnQXNBQ0lBTlFBMkFHSUFZUUF4QURZQU5nQTFBRGNBWmdBeEFEZ0FaQUEzQURJQU1BQXlBR01BTmdCbEFHRUFNQUEzQURJQUlnQXNBQ0lBTlFBMkFEa0FaZ0JtQURnQVlnQTVBRGNBWmdBeEFEZ0FaQUEzQURFQU53QXhBRGdBWlFBMEFHVUFaUUF5QUdZQUlnQXNBQ0lBTVFBMEFEZ0FOQUJmQURFQU1RQXhBQ0lBTEFBaUFEVUFOZ0JoQUdZQU5nQXhBR0VBTUFBeUFHTUFOd0EyQUdRQU9RQXlBR1lBTlFBd0FESUFOQUF3QURFQU5nQTNBQ0lBTEFBaUFESUFNQUEyQURjQVh3QXhBREVBTVFBaUFDd0FJZ0ExQURZQU9RQm1BR1lBT0FCaUFHRUFOd0JtQURFQU9BQmtBRGNBTVFBM0FERUFPQUJsQURRQVpRQmxBRE1BTUFBaUFDd0FJZ0F4QURVQU9BQTFBRjhBTVFBeEFERUFJZ0FzQUNJQU5RQTJBRGtBWXdBMUFHUUFPUUF6QURJQVl3QTNBRFlBWkFBNUFESUFNZ0JsQUdNQU1nQTJBR0VBTndBNUFHRUFJZ0FzQUNJQU1RQTVBRElBTXdCZkFERUFNUUF4QUNJQUxBQWlBRFVBTmdCaEFEQUFOZ0EzQUdVQU9BQTNBR1lBTVFBNEFHUUFOd0F5QURjQVlnQTBBR1lBTndCakFEY0FaUUJoQUNJQUxBQWlBREVBT1FBMEFEQUFYd0F4QURFQU1RQWlBQ3dBSWdBMUFEWUFPUUJoQURjQU1nQmlBRFlBTWdCakFEY0FOZ0JrQURrQU1nQXlBR1VBWXdBeUFEWUFZUUEzQURjQU5BQWlBQ3dBSWdBeEFEa0FNUUF6QUY4QU1RQXhBREVBSWdBc0FDSUFOUUEyQURrQVpnQm1BRGdBWWdCbEFEY0FaZ0F4QURnQVpBQTNBREVBTndBeEFEZ0FaUUEwQUdVQVpRQXpBREVBSWdBc0FDSUFNUUEwQURJQU53QmZBREVBTVFBeEFDSUFMQUFpQURVQU5nQmlBRGNBTWdBMkFHSUFPUUF5QUdNQU53QTJBR1FBT1FBeUFEZ0FaQUJqQURNQVlnQmtBRFVBWkFBMEFDSUFMQUFpQURJQU1RQTVBRElBWHdBeEFERUFNUUFpQUN3QUlnQTFBRFlBT1FCa0FHSUFPUUE0QURRQU1nQmpBRGNBTmdCa0FEa0FNZ0F5QUdVQVl3QXlBRFlBWVFBM0FHSUFZUUFpQUN3QUlnQXhBRGtBTXdBd0FGOEFNUUF4QURFQUlnQXNBQ0lBTlFBMkFHSUFOQUEzQUdVQU1RQTJBRElBWXdBM0FEWUFaQUE1QURJQVpRQTRBREFBTndBeUFESUFPUUF3QUdVQUlnQXNBQ0lBTWdBeEFEVUFNZ0JmQURFQU1RQXhBQ0lBTEFBaUFEVUFOZ0JoQURFQVlnQmlBRGdBTlFBM0FHWUFNUUE0QUdRQU53QXhBRFFBTmdBMEFEQUFaUUF4QURNQU5RQmtBQ0lBTEFBaUFERUFPUUEwQURZQVh3QXhBREVBTVFBaUFDd0FJZ0ExQURZQU53QmlBR01BTWdBd0FHVUFNZ0JqQURjQU5nQmtBRGtBTUFBNUFETUFZd0EwQUdRQVpBQTJBREFBTlFBaUFDd0FJZ0F4QURjQU13QTVBRjhBTVFBeEFERUFJZ0FzQUNJQU5RQTJBRGdBWlFBNUFESUFaZ0JqQURJQVl3QTNBRFlBWkFBNUFERUFOZ0EwQUdNQVpRQXlBR01BTXdCakFHUUFJZ0FzQUNJQU1RQTRBREFBTkFCZkFERUFNUUF4QUNJQUxBQWlBRFVBTmdBNUFHTUFPQUE1QUdVQVlRQTNBR1lBTVFBNEFHUUFOd0F5QUdJQVlnQTBBR1FBWmdCakFHUUFOQUJpQUNJQUxBQWlBREVBT1FBeUFEUUFYd0F4QURFQU1RQWlBQ3dBSWdBMUFEWUFPUUJtQUdZQU9BQmpBRE1BTndCbUFERUFPQUJrQURjQU1RQTNBREVBT0FCbEFEUUFaUUJsQURNQU1nQWlBQ3dBSWdBeEFETUFOd0ExQUY4QU1RQXhBREVBSWdBc0FDSUFOUUEyQURrQVpnQXpBRFFBTUFBd0FEY0FaZ0F4QURnQVpBQTNBRElBTWdBNEFHTUFNQUJrQURJQU5nQTFBRFFBSWdBc0FDSUFNUUE1QURNQU1nQmZBREVBTVFBeEFDSUFMQUFpQURVQU5nQTVBR1lBWmdBNEFHTUFOZ0EzQUdZQU1RQTRBR1FBTndBeEFEY0FNUUE0QUdVQU5BQmxBR1VBTXdBekFDSUFMQUFpQURFQU5RQXdBRGdBWHdBeEFERUFNUUFpQUN3QUlnQTFBRFlBWWdBekFEZ0FNUUJpQURFQU53Qm1BREVBT0FCa0FEY0FNUUJtQURZQU5BQTNBR01BT0FBMUFEQUFZZ0FpQUN3QUlnQXlBREVBTXdBNUFGOEFNUUF4QURFQUlnQXNBQ0lBTlFBMkFEY0FPUUE0QURBQU5BQmlBRElBWXdBM0FEWUFaQUE1QURFQU1BQXpBRGdBTWdBNEFHRUFPQUF6QURBQUlnQXNBQ0lBTVFBM0FERUFOd0JmQURFQU1RQXhBQ0lBTEFBaUFEVUFOZ0E0QUdZQVl3QTFBRFVBTVFBM0FHWUFNUUE0QUdRQU53QXhBRGtBWkFBMEFHSUFNQUE0QUdZQVpRQXdBQ0lBTEFBaUFERUFPQUF4QURrQVh3QXhBREVBTVFBaUFDd0FJZ0ExQURZQU9RQm1BR1lBT0FCakFEa0FOd0JtQURFQU9BQmtBRGNBTVFBM0FERUFPQUJsQURRQVpRQmxBRE1BTkFBaUFDd0FJZ0F4QURZQU1RQTRBRjhBTVFBeEFERUFJZ0FzQUNJQU5RQTJBR0VBTmdBNUFHVUFZUUJtQURJQVl3QTNBRFlBWkFBNUFETUFNZ0EzQURRQU9RQTJBRGtBWWdCakFEWUFJZ0FzQUNJQU1RQTVBRFlBT0FCZkFERUFNUUF4QUNJQUxBQWlBRFVBTmdBNUFEUUFZd0JrQURJQU1nQTNBR1lBTVFBNEFHUUFOd0F5QUdFQU5BQTRBRFVBWkFBeEFEVUFOUUJsQUNJQUxBQWlBREVBT0FBM0FEUUFYd0F4QURFQU1RQWlBQ3dBSWdBMUFEWUFPQUJqQURNQU53QTBBRGtBTWdCakFEY0FOZ0JrQURrQU1RQXdBR1lBWXdBeEFHRUFZZ0EzQURBQVlRQWlBQ3dBSWdBeEFEY0FOd0EwQUY4QU1RQXhBREVBSWdBc0FDSUFOUUEyQURrQVpnQm1BR1FBTVFBNEFEY0FaZ0F4QURnQVpBQTNBREVBTndBeEFEZ0FaUUEwQUdVQVpnQmxBR0VBSWdBc0FDSUFNUUEwQURjQU1nQmZBREVBTVFBeEFDSUFMQUFpQURVQU5nQmhBRFlBT0FCa0FEa0FOZ0EzQUdZQU1RQTRBR1FBTndBeUFETUFZZ0EwQUdFQVlnQXhBR1VBT1FCbEFDSUFMQUFpQURFQU9RQTJBRFFBWHdBeEFERUFNUUFpQUN3QUlnQTFBRFlBT1FBMUFEQUFOd0EwQURjQU53Qm1BREVBT0FCa0FEY0FNZ0JoQURRQU9BQTFBR1FBTVFBMUFEY0FNQUFpQUN3QUlnQXhBRGdBT0FBMkFGOEFNUUF4QURFQUlnQXNBQ0lBTlFBMkFEa0FNQUJrQUdFQVpBQXhBRElBWXdBM0FEWUFaQUE1QURFQVl3QXdBRGdBWlFBNUFEa0FNZ0EzQURRQUlnQXNBQ0lBTVFBNEFETUFNQUJmQURFQU1RQXhBQ0lBTEFBaUFEVUFOZ0E1QUdZQVpnQmtBREVBWWdBM0FHWUFNUUE0QUdRQU53QXhBRGNBTVFBNEFHVUFOQUJsQUdZQVpRQmlBQ0lBTEFBaUFERUFOQUE1QURNQVh3QXhBREVBTVFBaUFDd0FJZ0ExQURZQU53QTRBRFVBWWdBMkFEZ0FNZ0JqQURjQU5nQmtBRGtBTVFBd0FEUUFZd0JrQURrQVpnQXpBRE1BTmdBaUFDd0FJZ0F4QURjQU1BQTVBRjhBTVFBeEFERUFJZ0FzQUNJQU5RQTJBRGtBWmdCbUFHUUFNUUJrQURjQVpnQXhBRGdBWkFBM0FERUFOd0F4QURnQVpRQTBBR1VBWmdCbEFHTUFJZ0FzQUNJQU1RQTBBRGdBTUFCZkFERUFNUUF4QUNJQUxBQWlBRFVBTmdBNUFHWUFaZ0JrQURFQVpnQTNBR1lBTVFBNEFHUUFOd0F4QURjQU1RQTRBR1VBTkFCbEFHWUFaUUJrQUNJQUxBQWlBREVBTlFBMEFERUFYd0F4QURFQU1RQWlBQ3dBSWdBMUFEWUFZUUJoQURBQU5RQTJBR1VBTndCbUFERUFPQUJrQURjQU1nQXpBREVBWXdBd0FHSUFZd0F6QUdVQU9BQWlBQ3dBSWdBeUFEQUFNZ0EzQUY4QU1RQXhBREVBSWdBc0FDSUFOUUEyQUdJQU9BQTNBREVBTkFCakFESUFZd0EzQURZQVpBQTVBRElBT0FCa0FHTUFNd0JpQUdRQU5nQXhBRGNBSWdBc0FDSUFNZ0F5QURBQU1RQmZBREVBTVFBeEFDSUFMQUFpQURVQU5nQTVBR1lBWmdCa0FESUFNQUEzQUdZQU1RQTRBR1FBTndBeEFEY0FNUUE0QUdVQU5BQmxBR1lBWlFCbEFDSUFMQUFpQURFQU5RQXlBRE1BWHdBeEFERUFNUUFpQUN3QUlnQTFBRFlBWVFCbEFHVUFZUUF6QURBQU53Qm1BREVBT0FCa0FEY0FNZ0JqQURRQU5BQm1BREVBWWdBMUFHSUFaQUFpQUN3QUlnQXlBREFBTmdBeEFGOEFNUUF4QURFQUlnQXNBQ0lBTlFBMkFEa0FaZ0JtQUdRQU1nQXlBRGNBWmdBeEFEZ0FaQUEzQURFQU53QXhBRGdBWlFBMEFHVUFaZ0JsQUdZQUlnQXNBQ0lBTVFBMkFERUFNd0JmQURFQU1RQXhBQ0lBTEFBaUFEVUFOZ0JpQURNQU9BQTNBR0VBTkFBM0FHWUFNUUE0QUdRQU53QXhBR1lBTmdBMEFEY0FZd0E0QURVQU1BQm1BQ0lBTEFBaUFESUFNUUEwQURFQVh3QXhBREVBTVFBaUFDd0FJZ0ExQURZQVlRQm1BR01BWlFBMEFEVUFNZ0JqQURjQU5nQmtBRGtBTWdCbUFEVUFNQUF5QURRQU1BQXhBRGdBTUFBaUFDd0FJZ0F5QURBQU53QTNBRjhBTVFBeEFERUFJZ0FzQUNJQU5RQTJBR0lBWVFCbUFETUFNd0JrQURJQVl3QTNBRFlBWkFBNUFERUFNd0JtQURRQU9BQXlBREFBTkFCbEFEQUFJZ0FzQUNJQU1nQXlBRE1BT1FCZkFERUFNUUF4QUNJQUxBQWlBRFVBTmdCaUFEVUFNUUEwQURBQVpRQTNBR1lBTVFBNEFHUUFOd0F3QURRQU5BQTBBRGNBWlFBNUFHWUFOd0JoQUNJQUxBQWlBRElBTVFBMUFEa0FYd0F4QURFQU1RQWlBQ3dBSWdBMUFEWUFZZ0F5QURVQU5BQmxBRElBTWdCakFEY0FOZ0JrQURrQU1RQTVBRFlBWXdBNEFEVUFNQUExQURrQU13QWlBQ3dBSWdBeUFERUFNUUE1QUY4QU1RQXhBREVBSWdBc0FDSUFOUUEyQUdJQU1BQmxBREVBWkFBekFEY0FaZ0F4QURnQVpBQTNBRElBWXdBMEFEUUFaZ0F4QUdJQU5nQXdBREVBSWdBc0FDSUFNZ0F3QURnQU9BQmZBREVBTVFBeEFDSUFMQUFpQURVQU5nQmlBR0VBTndBMkFEQUFZZ0EzQUdZQU1RQTRBR1FBTndBeUFHWUFPUUE0QURrQVpnQXdBRGdBWkFBd0FDSUFMQUFpQURJQU1nQXlBRGtBWHdBeEFERUFNUUFpQUN3QUlnQTFBRFlBT1FCbUFHWUFPUUJsQURBQU53Qm1BREVBT0FCa0FEY0FNUUEzQURFQU9BQmxBRFFBWlFCbEFEZ0FPQUFpQUN3QUlnQXhBRFVBT1FBeUFGOEFNUUF4QURFQUlnQXNBQ0lBTlFBMkFHSUFOUUJpQUdZQU5BQTBBRElBWXdBM0FEWUFaQUE1QURJQU9BQmtBR01BTXdCaUFHUUFOUUJoQURNQUlnQXNBQ0lBTWdBeEFEWUFPUUJmQURFQU1RQXhBQ0lBTEFBaUFEVUFOZ0JpQURFQVpRQTJBRGtBTmdBeUFHTUFOd0EyQUdRQU9RQXlBR1lBTlFBd0FESUFOQUF3QURFQVlnQTRBQ0lBTEFBaUFESUFNUUF3QURRQVh3QXhBREVBTVFBaUFDd0FJZ0ExQURZQVlnQmpBRGdBWVFBM0FEQUFNZ0JqQURjQU5nQmtBRGtBTVFCa0FHRUFZd0F5QURJQU1RQTRBRFVBWkFBaUFDd0FJZ0F5QURJQU5RQTVBRjhBTVFBeEFERUFJZ0FzQUNJQU5RQTJBR0VBTndCa0FHVUFPQUJsQURjQVpnQXhBRGdBWkFBM0FESUFNd0F4QUdNQU1BQmlBR01BTWdBNUFEZ0FJZ0FzQUNJQU1RQTVBRGdBTXdCZkFERUFNUUF4QUNJQUxBQWlBRFVBTmdCaUFETUFNUUJrQURNQU5nQXlBR01BTndBMkFHUUFPUUF4QURrQU5nQmpBRGdBTlFBd0FEVUFZUUF5QUNJQUxBQWlBRElBTVFBeUFEVUFYd0F4QURFQU1RQWlBQ3dBSWdBMUFEWUFZZ0F4QURNQU5RQmhBRGtBTndCbUFERUFPQUJrQURjQU1nQmpBRFFBTkFCbUFERUFZZ0EyQURBQVlRQWlBQ3dBSWdBeUFEQUFPUUF6QUY4QU1RQXhBREVBSWdBc0FDSUFOUUEyQUdJQU5RQXlBR0VBTXdBekFEY0FaZ0F4QURnQVpBQTNBREFBTkFBMEFEUUFOd0JsQURrQVpnQTRBRGtBSWdBc0FDSUFNZ0F4QURZQU5RQmZBREVBTVFBeEFDSUFMQUFpQURVQU5nQmlBRGNBTVFBeEFEVUFOZ0F5QUdNQU53QTJBR1FBT1FBeUFEZ0FaQUJqQURNQVlnQmtBRFVBWXdBMkFDSUFMQUFpQURJQU1RQTRBRFFBWHdBeEFERUFNUUFpQUN3QUlnQTFBRFlBWWdCaEFERUFOd0EwQURVQU53Qm1BREVBT0FCa0FEY0FNZ0JtQURrQU9BQTVBR1lBTUFBNEFHSUFaZ0FpQUN3QUlnQXlBRElBTWdBekFGOEFNUUF4QURFQUlnQXNBQ0lBTlFBMkFEa0FaZ0JtQURrQVpRQXhBRGNBWmdBeEFEZ0FaQUEzQURFQU53QXhBRGdBWlFBMEFHVUFaUUE0QURrQUlnQXNBQ0lBTVFBMUFEZ0FOZ0JmQURFQU1RQXhBQ0lBTEFBaUFEVUFOZ0F5QURRQVlnQmtBR0lBTUFBeUFHTUFOd0EyQUdRQU9RQXhBRFFBTUFBNEFETUFaQUJpQUdZQVlRQmhBQ0lBTEFBaUFERUFNd0F3QURJQVh3QXhBREVBTVFBaUFDd0FJZ0ExQURZQU9RQm1BR1lBT1FCbUFEa0FOd0JtQURFQU9BQmtBRGNBTVFBM0FERUFPQUJsQURRQVpRQmxBRGtBTUFBaUFDd0FJZ0F4QURNQU1RQTNBRjhBTVFBeEFERUFJZ0FzQUNJQU5RQTJBRFVBWlFCaUFEY0FNUUF5QURJQVl3QTNBRFlBWkFBNUFESUFOUUEzQURBQU9BQXlBRFVBTndBMEFEa0FJZ0FzQUNJQU1RQTFBRFFBTXdCZkFERUFNUUF4QUNJQUxBQWlBRFVBTmdBMUFHVUFZUUExQURrQU9BQXlBR01BTndBMkFHUUFPUUF5QURVQU53QXdBRGdBTWdBMUFEY0FNd0JqQUNJQUxBQWlBREVBTlFBMEFEa0FYd0F4QURFQU1RQWlBQ3dBSWdBMUFEWUFZZ0JpQURrQU9RQTFBRFVBTWdCakFEY0FOZ0JrQURrQU5BQXhBREVBTkFBMkFEVUFNZ0JqQUdNQVlnQWlBQ3dBSWdBeUFESUFOUUExQUY4QU1RQXhBREVBSWdBc0FDSUFOUUEyQURrQVpnQm1BR1FBTWdCbEFEY0FaZ0F4QURnQVpBQTNBREVBTndBeEFEZ0FaUUEwQUdVQVpnQm1BRFVBSWdBc0FDSUFNUUEwQURrQU53QmZBREVBTVFBeEFDSUFMQUFpQURVQU5nQTVBR1lBWmdBNUFETUFZd0EzQUdZQU1RQTRBR1FBTndBeEFEY0FNUUE0QUdVQU5BQmxBR1VBTkFCbUFDSUFMQUFpQURFQU5BQTNBRE1BWHdBeEFERUFNUUFpQUN3QUlnQTFBRFlBTkFCaUFEQUFOQUJpQURBQU1nQmpBRGNBTmdCa0FEa0FNd0JrQUdRQVl3QmhBRGdBWWdBekFEWUFPUUFpQUN3QUlnQXhBRFFBTkFBMUFGOEFNUUF4QURFQUlnQXNBQ0lBTlFBMkFEZ0FaZ0JtQURrQVl3QTRBRGNBWmdBeEFEZ0FaQUEzQURNQU5BQTFBRGdBT1FCa0FESUFOUUJoQURJQUlnQXNBQ0lBTVFBNEFESUFNd0JmQURFQU1RQXhBQ0lBTEFBaUFEVUFOZ0E0QUdZQVpnQTJBREVBTWdBeUFHTUFOd0EyQUdRQU9RQXhBR01BTUFBNEFHVUFPUUE1QURJQU5nQmtBQ0lBTEFBaUFERUFPQUF5QURJQVh3QXhBREVBTVFBaUFDd0FJZ0ExQURZQU9RQm1BR1lBWWdBeEFEVUFOd0JtQURFQU9BQmtBRGNBTVFBM0FERUFPQUJsQURRQVpRQmxBR1lBWmdBaUFDd0FJZ0F4QURNQU9BQTBBRjhBTVFBeEFERUFJZ0FzQUNJQU5RQTJBRGtBWmdCbUFHSUFNUUEyQURjQVpnQXhBRGdBWkFBM0FERUFOd0F4QURnQVpRQTBBR1VBWmdBd0FEQUFJZ0FzQUNJQU1RQTBBREFBTkFCZkFERUFNUUF4QUNJQUxBQWlBRFVBTmdBNUFHWUFaZ0E0QURjQU5RQTNBR1lBTVFBNEFHUUFOd0F4QURjQU1RQTRBR1VBTkFCbEFHVUFNQUE0QUNJQUxBQWlBREVBTXdBMUFEUUFYd0F4QURFQU1RQWlBQ3dBSWdBMUFEWUFPUUJtQUdZQU9BQTNBRGdBTndCbUFERUFPQUJrQURjQU1RQTNBREVBT0FCbEFEUUFaUUJsQURBQVlRQWlBQ3dBSWdBeEFETUFNQUEwQUY4QU1RQXhBREVBSWdBc0FDSUFOUUEyQURrQVpnQm1BRGdBTndBNUFEY0FaZ0F4QURnQVpBQTNBREVBTndBeEFEZ0FaUUEwQUdVQVpRQXdBR0lBSWdBc0FDSUFNUUF6QURZQU13QmZBREVBTVFBeEFDSUFMQUFpQURVQU5nQTVBR1lBWmdBNEFEZ0FOQUEzQUdZQU1RQTRBR1FBTndBeEFEY0FNUUE0QUdVQU5BQmxBR1VBTVFBekFDSUFMQUFpQURFQU13QTFBRFlBWHdBeEFERUFNUUFpQUN3QUlnQTFBRFlBT1FCbUFHWUFPQUE0QUdNQU53Qm1BREVBT0FCa0FEY0FNUUEzQURFQU9BQmxBRFFBWlFCbEFERUFPUUFpQUN3QUlnQXhBRE1BTlFBeEFGOEFNUUF4QURFQUlnQXNBQ0lBTlFBMkFEa0FaZ0JtQUdFQU1RQmtBRGNBWmdBeEFEZ0FaQUEzQURFQU53QXhBRGdBWlFBMEFHVUFaUUE1QUdJQUlnQXNBQ0lBTVFBeUFEa0FOQUJmQURFQU1RQXhBQ0lBTEFBaUFEVUFOZ0E1QUdZQVpnQmhBRElBTUFBM0FHWUFNUUE0QUdRQU53QXhBRGNBTVFBNEFHVUFOQUJsQUdVQU9RQmtBQ0lBTEFBaUFERUFNZ0E1QURNQVh3QXhBREVBTVFBaUFDd0FJZ0ExQURZQU9RQm1BR1lBWVFBeUFETUFOd0JtQURFQU9BQmtBRGNBTVFBM0FERUFPQUJsQURRQVpRQmxBRGtBWmdBaUFDd0FJZ0F4QURNQU5BQTVBRjhBTVFBeEFERUFJZ0FzQUNJQU5RQTJBRGtBWmdCbUFHRUFNZ0EwQURjQVpnQXhBRGdBWkFBM0FERUFOd0F4QURnQVpRQTBBR1VBWlFCaEFEQUFJZ0FzQUNJQU1RQXpBRFVBTUFCZkFERUFNUUF4QUNJQUxBQWlBRFVBTmdBNUFHWUFaZ0JoQURJQVlRQTNBR1lBTVFBNEFHUUFOd0F4QURjQU1RQTRBR1VBTkFCbEFHVUFZUUExQUNJQUxBQWlBREVBTXdBMUFESUFYd0F4QURFQU1RQWlBQ3dBSWdBMUFEWUFPUUJtQUdZQVlRQXlBR01BTndCbUFERUFPQUJrQURjQU1RQTNBREVBT0FCbEFEUUFaUUJsQUdFQU5nQWlBQ3dBSWdBeEFETUFOUUE0QUY4QU1RQXhBREVBSWdBc0FDSUFOUUEyQURrQVpnQm1BR0VBTWdCa0FEY0FaZ0F4QURnQVpBQTNBREVBTndBeEFEZ0FaUUEwQUdVQVpRQmhBRGNBSWdBc0FDSUFNUUF6QURFQU9RQmZBREVBTVFBeEFDSUFMQUFpQURVQU5nQTVBR1lBWmdCaUFERUFZUUEzQUdZQU1RQTRBR1FBTndBeEFEY0FNUUE0QUdVQU5BQmxBR1lBTUFBeUFDSUFMQUFpQURFQU13QXpBRFVBWHdBeEFERUFNUUFpQUN3QUlnQTFBRFlBT1FCbUFHWUFZZ0F4QUdJQU53Qm1BREVBT0FCa0FEY0FNUUEzQURFQU9BQmxBRFFBWlFCbUFEQUFNd0FpQUN3QUlnQXhBRElBT1FBM0FGOEFNUUF4QURFQUlnQXNBQ0lBTlFBMkFEa0FaZ0JtQUdJQU1RQm1BRGNBWmdBeEFEZ0FaQUEzQURFQU53QXhBRGdBWlFBMEFHVUFaZ0F3QURZQUlnQXNBQ0lBTVFBekFESUFOQUJmQURFQU1RQXhBQ0lBTEFBaUFEVUFOZ0E1QUdZQVpnQmlBRElBTmdBM0FHWUFNUUE0QUdRQU53QXhBRGNBTVFBNEFHVUFOQUJsQUdZQU1BQmlBQ0lBTEFBaUFERUFNd0EyQURBQVh3QXhBREVBTVFBaUFDd0FJZ0ExQURZQU9RQm1BR1lBT1FBM0FERUFOd0JtQURFQU9BQmtBRGNBTVFBM0FERUFPQUJsQURRQVpRQmxBRFVBTXdBaUFDd0FJZ0F4QURNQU5RQXpBRjhBTVFBeEFERUFJZ0FzQUNJQU5RQTJBRFlBT1FCbUFEY0FaZ0EzQURJQVl3QTNBRFlBWkFBNUFESUFZd0F5QURRQU5nQmhBR1VBTmdBeEFHVUFJZ0FzQUNJQU1RQTJBREFBTlFCZkFERUFNUUF4QUNJQUxBQWlBRFVBTmdBM0FEQUFPQUJsQUdJQU13QXlBR01BTndBMkFHUUFPUUF5QURnQVlRQmpBREFBWlFBMkFEVUFaZ0E0QUNJQUxBQWlBREVBTmdBekFEY0FYd0F4QURFQU1RQWlBQ3dBSWdBMUFEWUFOd0F5QUdJQVpBQTNBR1FBTndCbUFERUFPQUJrQURjQU1RQTBBRElBTUFCaEFERUFOZ0JrQURBQU9BQWlBQ3dBSWdBeEFEWUFOUUEzQUY4QU1RQXhBREVBSWdBc0FDSUFOUUEyQURrQU5nQTJBR01BTndCaUFESUFZd0EzQURZQVpBQTVBRElBTWdCbEFHTUFaQUJpQURnQU1nQmxBRGNBSWdBc0FDSUFNUUE1QURBQU1BQmZBREVBTVFBeEFDSUFMQUFpQURVQU5nQTRBR1FBTndCaUFEUUFZd0EzQUdZQU1RQTRBR1FBTndBeEFESUFaZ0JqQURnQU9BQXlBRGNBWlFBMEFDSUFMQUFpQURFQU53QTRBRE1BWHdBeEFERUFNUUFpQUN3QUlnQTFBRFlBTndBNEFETUFNQUEwQURnQU1nQmpBRGNBTmdCa0FEa0FNQUJqQURJQU9BQTRBR1FBTkFCaUFHVUFPUUFpQUN3QUlnQXhBRGNBTUFBM0FGOEFNUUF4QURFQUlnQXNBQ0lBTlFBMkFEY0FNQUE1QUdRQU53QTFBRElBWXdBM0FEWUFaQUE1QURJQVpnQmhBRFFBWXdBM0FHVUFZZ0JqQURjQUlnQXNBQ0lBTVFBMkFETUFPQUJmQURFQU1RQXhBQ0lBTEFBaUFEVUFOZ0EzQURFQVlRQXlBRFlBTXdBeUFHTUFOd0EyQUdRQU9RQXdBR01BWlFBNEFERUFOd0EzQURrQU1RQTVBQ0lBTEFBaUFERUFOZ0ExQURBQVh3QXhBREVBTVFBaUFDd0FJZ0ExQURZQU9RQm1BR1lBWVFBNUFHRUFOd0JtQURFQU9BQmtBRGNBTVFBM0FERUFPQUJsQURRQVpRQmxBR01BWVFBaUFDd0FJZ0F4QURNQU1RQXpBRjhBTVFBeEFERUFJZ0FzQUNJQU5RQTJBRGtBWmdCbUFHRUFPUUJqQURjQVpnQXhBRGdBWkFBM0FERUFOd0F4QURnQVpRQTBBR1VBWlFCakFHSUFJZ0FzQUNJQU1RQTFBREFBTXdCZkFERUFNUUF4QUNJQUxBQWlBRFVBTmdBNUFHWUFaZ0JoQURNQU13QTNBR1lBTVFBNEFHUUFOd0F4QURjQU1RQTRBR1VBTkFCbEFHVUFZUUE1QUNJQUxBQWlBREVBTlFBd0FESUFYd0F4QURFQU1RQWlBQ3dBSWdBMUFEWUFPUUJoQUdJQU5nQTRBR1lBTndCbUFERUFPQUJrQURjQU1nQmlBR0lBTkFCa0FHWUFZd0JrQURJQVpnQWlBQ3dBSWdBeEFEa0FNUUEyQUY4QU1RQXhBREVBSWdBc0FDSUFOUUEyQURrQVpnQm1BR0lBTXdBM0FEY0FaZ0F4QURnQVpBQTNBREVBTndBeEFEZ0FaUUEwQUdVQVpnQXhBRFFBSWdBc0FDSUFNUUEwQURrQU9RQmZBREVBTVFBeEFDSUFMQUFpQURVQU5nQmlBRGdBTndCbEFEY0FOZ0F5QUdNQU53QTJBR1FBT1FBeUFEZ0FaQUJqQURNQVlnQmtBRFlBTVFCbEFDSUFMQUFpQURJQU1nQXdBRE1BWHdBeEFERUFNUUFpQUN3QUlnQTFBRFlBWVFCakFHRUFNd0E1QURBQU53Qm1BREVBT0FCa0FEY0FNZ0JqQURRQU5BQm1BREVBWWdBMUFHSUFPQUFpQUN3QUlnQXlBREFBTlFBNEFGOEFNUUF4QURFQUlnQXNBQ0lBTlFBMkFHRUFNZ0F6QURBQU5nQmhBRElBWXdBM0FEWUFaQUE1QURFQU5nQXlBREFBWVFCbUFEa0FNZ0ExQURBQUlnQXNBQ0lBTVFBNUFEVUFNQUJmQURFQU1RQXhBQ0lBTEFBaUFEVUFOZ0E1QUdZQVpnQmpBRGNBTndBM0FHWUFNUUE0QUdRQU53QXhBRGNBTVFBNEFHVUFOQUJsQUdZQVlRQmxBQ0lBTEFBaUFERUFOQUE0QURNQVh3QXhBREVBTVFBaUFDd0FJZ0ExQURZQU9RQXpBRGNBWXdBeUFEa0FOd0JtQURFQU9BQmtBRGNBTXdBeEFEZ0FZd0F3QURrQVpnQTFBREFBTUFBaUFDd0FJZ0F4QURnQU5BQTJBRjhBTVFBeEFERUFJZ0FzQUNJQU5RQTJBRGtBTkFCa0FEVUFOd0E1QURjQVpnQXhBRGdBWkFBM0FESUFZUUEwQURnQU5RQmtBREVBTlFBMkFEQUFJZ0FzQUNJQU1RQTRBRGNBTmdCZkFERUFNUUF4QUNJQUxBQWlBRFVBTmdBNUFHWUFaZ0JqQURjQVlnQTNBR1lBTVFBNEFHUUFOd0F4QURjQU1RQTRBR1VBTkFCbEFHWUFZUUJtQUNJQUxBQWlBREVBTlFBNEFEa0FYd0F4QURFQU1RQWlBQ3dBSWdBMUFEWUFPUUJtQUdZQVl3QTRBREFBTndCbUFERUFPQUJrQURjQU1RQTNBREVBT0FCbEFEUUFaUUJtQUdJQU1BQWlBQ3dBSWdBeEFEUUFOd0E0QUY4QU1RQXhBREVBSWdBc0FDSUFOUUEyQURrQU5BQmxBR1lBTlFBd0FEY0FaZ0F4QURnQVpBQTNBRElBWVFBMEFEZ0FOUUJrQURFQU5RQTJBR0VBSWdBc0FDSUFNUUE0QURnQU1RQmZBREVBTVFBeEFDSUFMQUFpQURVQU5nQTVBR1lBWmdCakFEZ0FNUUEzQUdZQU1RQTRBR1FBTndBeEFEY0FNUUE0QUdVQU5BQmxBR1lBWWdBeEFDSUFMQUFpQURFQU5BQTJBRGNBWHdBeEFERUFNUUFpQUN3QUlnQTFBRFlBWWdBMEFEZ0FOd0JsQURRQU1nQmpBRGNBTmdCa0FEa0FNZ0JsQURnQU1BQTNBRElBTWdBNUFERUFPUUFpQUN3QUlnQXlBREVBTlFBMEFGOEFNUUF4QURFQUlnQXNBQ0lBTlFBMkFEY0FZUUE0QUdFQVpRQTJBRElBWXdBM0FEWUFaQUE1QURBQU53QTNBREFBTndCbEFERUFNUUE0QURRQUlnQXNBQ0lBTVFBM0FETUFNUUJmQURFQU1RQXhBQ0lBTEFBaUFEVUFOZ0E1QUdZQVpnQmpBRGdBTkFBM0FHWUFNUUE0QUdRQU53QXhBRGNBTVFBNEFHVUFOQUJsQUdZQVlnQXlBQ0lBTEFBaUFERUFOUUExQURjQVh3QXhBREVBTVFBaUFDd0FJZ0ExQURZQU9RQm1BR1lBWXdBNEFEVUFOd0JtQURFQU9BQmtBRGNBTVFBM0FERUFPQUJsQURRQVpRQm1BR0lBTXdBaUFDd0FJZ0F4QURZQU1BQXhBRjhBTVFBeEFERUFJZ0FzQUNJQU5RQTJBRGtBWmdCbUFHTUFPQUEyQURjQVpnQXhBRGdBWkFBM0FERUFOd0F4QURnQVpRQTBBR1VBWmdCaUFEUUFJZ0FzQUNJQU1RQTJBRE1BTUFCZkFERUFNUUF4QUNJQUxBQWlBRFVBTmdCaUFETUFOQUE0QUdFQU53QTNBR1lBTVFBNEFHUUFOd0F4QUdZQU5nQTBBRGNBWXdBNEFEVUFNQUF3QUNJQUxBQWlBRElBTVFBekFETUFYd0F4QURFQU1RQWlBQ3dBSWdBMUFEWUFZZ0JpQURBQU53QTRBRFFBTWdCakFEY0FOZ0JrQURrQU1RQXpBR1lBTkFBNEFESUFNQUEwQUdVQVlnQWlBQ3dBSWdBeUFESUFOQUF6QUY4QU1RQXhBREVBSWdBc0FDSUFOUUEyQURrQU13QTJBRFFBTmdCa0FESUFZd0EzQURZQVpBQTVBREVBWXdBd0FEZ0FaUUE1QURrQU1nQTVBRFlBSWdBc0FDSUFNUUE0QURRQU13QmZBREVBTVFBeEFDSUFMQUFpQURVQU5nQmlBRFFBTndBM0FEUUFPUUF5QUdNQU53QTJBR1FBT1FBeUFHVUFPQUF3QURjQU1nQXlBRGtBTUFBM0FDSUFMQUFpQURJQU1RQTBBRGdBWHdBeEFERUFNUUFpQUN3QUlnQTFBRFlBWWdCa0FHUUFaZ0F6QURJQU1nQmpBRGNBTmdCa0FEa0FNUUJrQUdFQVl3QXlBRElBTVFBNEFHSUFOd0FpQUN3QUlnQXlBRElBTndBekFGOEFNUUF4QURFQUlnQXNBQ0lBTlFBMkFEZ0FaZ0JrQURVQU5BQm1BRGNBWmdBeEFEZ0FaQUEzQURFQU9RQmtBRFFBWWdBd0FEZ0FaZ0JsQURRQUlnQXNBQ0lBTVFBNEFESUFNQUJmQURFQU1RQXhBQ0lBTEFBaUFEVUFOZ0E1QURRQVpBQXhBR0VBWXdBeUFHTUFOd0EyQUdRQU9RQXhBRElBTVFBd0FHUUFNZ0ExQURNQU13QmtBQ0lBTEFBaUFERUFPQUEzQURVQVh3QXhBREVBTVFBaUFDd0FJZ0ExQURZQVlRQTNBRFVBWWdBekFHUUFNZ0JqQURjQU5nQmtBRGtBTXdBeUFEY0FOQUE1QURZQU9RQmlBR1FBWmdBaUFDd0FJZ0F4QURrQU53QTJBRjhBTVFBeEFERUFJZ0FzQUNJQU5RQTJBRGtBWmdCbUFHTUFPQUJpQURjQVpnQXhBRGdBWkFBM0FERUFOd0F4QURnQVpRQTBBR1VBWmdCaUFEVUFJZ0FzQUNJQU1RQTBBRFlBTkFCZkFERUFNUUF4QUNJQUxBQWlBRFVBTmdCaUFHSUFNZ0F4QURFQU1RQXlBR01BTndBMkFHUUFPUUF4QURNQVpnQTBBRGdBTWdBd0FEUUFaZ0JrQUNJQUxBQWlBRElBTWdBMUFEQUFYd0F4QURFQU1RQWlBQ3dBSWdBMUFEWUFZUUE0QUdVQU5BQTJBREVBTWdCakFEY0FOZ0JrQURrQU1RQm1BR1FBTUFCbUFHTUFaQUF6QURNQU1nQWlBQ3dBSWdBeUFEQUFNUUEwQUY4QU1RQXhBREVBSWdBc0FDSUFOUUEyQUdJQU9BQXpBR0lBTWdCa0FEY0FaZ0F4QURnQVpBQTNBREFBTkFBMEFEUUFOd0JsQURrQVpnQmtBRFFBSWdBc0FDSUFNZ0F4QURrQU5nQmZBREVBTVFBeEFDSUFMQUFpQURVQU5nQTNBRFFBT0FBM0FEZ0FZUUF5QUdNQU53QTJBR1FBT1FBd0FHWUFOd0F3QURBQU1nQXlBR1FBWkFBeEFDSUFMQUFpQURFQU5nQTVBRGNBWHdBeEFERUFNUUFpQUN3QUlnQTFBRFlBWVFCbUFEWUFOQUF6QUdFQU1nQmpBRGNBTmdCa0FEa0FNZ0JtQURVQU1BQXlBRFFBTUFBeEFEWUFPQUFpQUN3QUlnQXlBREFBTmdBNEFGOEFNUUF4QURFQUlnQXNBQ0lBTlFBMkFEa0FaZ0JtQUdRQU5RQTNBRGNBWmdBeEFEZ0FaQUEzQURFQU53QXhBRGdBWlFBMEFHVUFaZ0JtQURjQUlnQXNBQ0lBTVFBekFEZ0FNd0JmQURFQU1RQXhBQ0lBTEFBaUFEVUFOZ0JpQURNQU1nQXpBRGdBTndBeUFHTUFOd0EyQUdRQU9RQXhBRGtBTmdCakFEZ0FOUUF3QURVQVlRQTFBQ0lBTEFBaUFESUFNUUF5QURZQVh3QXhBREVBTVFBaUFDd0FJZ0ExQURZQU9RQXpBRGdBTndBekFHSUFOd0JtQURFQU9BQmtBRGNBTXdBeEFEZ0FZd0F3QURrQVpnQTFBREFBTndBaUFDd0FJZ0F4QURnQU5RQXdBRjhBTVFBeEFERUFJZ0FzQUNJQU5RQTJBRGtBWmdCbUFHTUFPQUJsQURjQVpnQXhBRGdBWkFBM0FERUFOd0F4QURnQVpRQTBBR1VBWmdCaUFEWUFJZ0FzQUNJQU1RQTJBREVBTndCZkFERUFNUUF4QUNJQUxBQWlBRFVBTmdCaUFHUUFaUUJpQUdRQVpRQXlBR01BTndBMkFHUUFPUUF4QUdRQVlRQmpBRElBTWdBeEFEZ0FZd0F4QUNJQUxBQWlBRElBTWdBM0FEVUFYd0F4QURFQU1RQWlBQ3dBSWdBMUFEWUFOd0E1QUdNQU13Qm1BRGdBTndCbUFERUFPQUJrQURjQU1BQm1BRFlBT0FBMkFEa0FaUUJrQURnQVl3QWlBQ3dBSWdBeEFEY0FNZ0E1QUY4QU1RQXhBREVBSWdBc0FDSUFOUUEyQURrQVpnQm1BR1FBTlFCaEFEY0FaZ0F4QURnQVpBQTNBREVBTndBeEFEZ0FaUUEwQUdVQVpnQm1BRGdBSWdBc0FDSUFNUUExQURrQU1BQmZBREVBTVFBeEFDSUFMQUFpQURVQU5nQTVBR1lBWmdCa0FEVUFZZ0EzQUdZQU1RQTRBR1FBTndBeEFEY0FNUUE0QUdVQU5BQmxBR1lBWmdBNUFDSUFMQUFpQURFQU5BQXhBRGNBWHdBeEFERUFNUUFpQUN3QUlnQTFBRFlBT1FCbUFHWUFZZ0F6QUdJQU53Qm1BREVBT0FCa0FEY0FNUUEzQURFQU9BQmxBRFFBWlFCbUFERUFOUUFpQUN3QUlnQXhBRFFBTUFBd0FGOEFNUUF4QURFQUlnQXNBQ0lBTlFBMkFHSUFZd0JoQUdVQU1BQTVBRElBWXdBM0FEWUFaQUE1QURFQVpBQmhBR01BTWdBeUFERUFPQUE0QUdVQUlnQXNBQ0lBTWdBeUFEWUFPUUJmQURFQU1RQXhBQ0lBTEFBaUFEVUFOZ0E1QUdZQVpnQmlBRE1BWXdBM0FHWUFNUUE0QUdRQU53QXhBRGNBTVFBNEFHVUFOQUJsQUdZQU1RQTJBQ0lBTEFBaUFERUFOUUF4QURrQVh3QXhBREVBTVFBaUFDd0FJZ0ExQURZQU9RQm1BR1lBWXdBNUFESUFOd0JtQURFQU9BQmtBRGNBTVFBM0FERUFPQUJsQURRQVpRQm1BR0lBTndBaUFDd0FJZ0F4QURNQU53QTJBRjhBTVFBeEFERUFJZ0FzQUNJQU5RQTJBRGtBWWdCaEFEVUFOUUJsQURjQVpnQXhBRGdBWkFBM0FESUFZZ0JpQURRQVpBQm1BR01BWkFBMEFETUFJZ0FzQUNJQU1RQTVBRElBTVFCZkFERUFNUUF4QUNJQUxBQWlBRFVBTmdBNEFHVUFaQUJqQUdJQU1RQXlBR01BTndBMkFHUUFPUUF5QURVQU5BQXdBRGNBTmdBNUFEVUFOZ0JoQUNJQUxBQWlBREVBT0FBd0FEY0FYd0F4QURFQU1RQWlBQ3dBSWdBMUFEWUFPQUExQURBQU5RQTVBRElBTWdCakFEY0FOZ0JrQURrQU1BQmtBR0lBTkFBeUFEQUFOZ0JtQURnQVlRQWlBQ3dBSWdBeEFEY0FOUUEzQUY4QU1RQXhBREVBSWdBc0FDSUFOUUEyQUdJQU5BQTNBR0VBTlFCakFESUFZd0EzQURZQVpBQTVBRElBWlFBNEFEQUFOd0F5QURJQU9RQXdBR0VBSWdBc0FDSUFNZ0F4QURRQU9RQmZBREVBTVFBeEFDSUFMQUFpQURVQU5nQTVBR1lBWmdCaUFEUUFNQUEzQUdZQU1RQTRBR1FBTndBeEFEY0FNUUE0QUdVQU5BQmxBR1lBTVFBM0FDSUFMQUFpQURFQU5BQTNBREFBWHdBeEFERUFNUUFpQUN3QUlnQTFBRFlBWWdBekFETUFOUUJpQURBQU53Qm1BREVBT0FCa0FEY0FNUUJtQURZQU5BQTNBR01BT0FBMEFHWUFNd0FpQUN3QUlnQXlBREVBTWdBNUFGOEFNUUF4QURFQUlnQXNBQ0lBTlFBMkFEZ0FOUUF5QURZQU9BQm1BRElBWXdBM0FEWUFaQUE1QURBQVpBQmlBRFFBTWdBd0FEWUFaZ0E1QUdRQUlnQXNBQ0lBTVFBM0FEVUFPUUJmQURFQU1RQXhBQ0lBTEFBaUFEVUFOZ0E1QUdZQVpnQmlBRFFBTWdBM0FHWUFNUUE0QUdRQU53QXhBRGNBTVFBNEFHVUFOQUJsQUdZQU1RQTRBQ0lBTEFBaUFERUFOZ0F3QURBQVh3QXhBREVBTVFBaUFDd0FJZ0ExQURZQU9RQTBBR1FBWXdCakFEUUFOd0JtQURFQU9BQmtBRGNBTWdCaEFEUUFPQUExQUdRQU1RQTFBRFlBTWdBaUFDd0FJZ0F4QURnQU53QTRBRjhBTVFBeEFERUFJZ0FzQUNJQU5RQTJBR0lBWVFBd0FEWUFaUUF6QURJQVl3QTNBRFlBWkFBNUFEQUFPQUJpQURBQVlnQTVBRFFBTVFBekFEQUFJZ0FzQUNJQU1nQXlBRElBTUFCZkFERUFNUUF4QUNJQUxBQWlBRFVBTmdCaEFEa0FaUUJrQURNQU5BQXlBR01BTndBMkFHUUFPUUF4QUdZQVpBQXdBR1lBWXdCa0FETUFaUUEzQUNJQUxBQWlBRElBTUFBeUFESUFYd0F4QURFQU1RQWlBQ3dBSWdBMUFEWUFPUUJtQUdZQVlnQTBBRFFBTndCbUFERUFPQUJrQURjQU1RQTNBREVBT0FCbEFEUUFaUUJtQURFQU9RQWlBQ3dBSWdBeEFEWUFNQUE1QUY4QU1RQXhBREVBSWdBc0FDSUFOUUEyQUdJQU1RQm1BRE1BTUFBeUFEY0FaZ0F4QURnQVpBQTNBRElBWXdBMEFEUUFaZ0F4QUdJQU5nQXlBRE1BSWdBc0FDSUFNZ0F4QURBQU5RQmZBREVBTVFBeEFDSUFMQUFpQURVQU5nQTNBR0lBWWdCa0FERUFPQUF5QUdNQU53QTJBR1FBT1FBd0FEa0FNd0JqQURRQVpBQmtBRFlBTUFBeEFDSUFMQUFpQURFQU53QXpBRGdBWHdBeEFERUFNUUFpQUN3QUlnQTFBRFlBWWdBNEFETUFaZ0E1QUdFQU1nQmpBRGNBTmdCa0FEa0FNZ0E0QUdRQVl3QXpBR0lBWkFBMUFHVUFPQUFpQUN3QUlnQXlBREVBT1FBM0FGOEFNUUF4QURFQUlnQXNBQ0lBTlFBMkFEa0FaZ0JtQUdJQU5BQTFBRGNBWmdBeEFEZ0FaQUEzQURFQU53QXhBRGdBWlFBMEFHVUFaZ0F4QUdFQUlnQXNBQ0lBTVFBMUFEZ0FNd0JmQURFQU1RQXhBQ0lBTEFBaUFEVUFOZ0JpQURVQVpBQm1BRE1BT0FBeUFHTUFOd0EyQUdRQU9RQXlBRGdBWkFCakFETUFZZ0JrQURVQVlnQmlBQ0lBTEFBaUFESUFNUUEzQURrQVh3QXhBREVBTVFBaUFDd0FJZ0ExQURZQVlRQm1BR0lBTVFCa0FEVUFNZ0JqQURjQU5nQmtBRGtBTWdCbUFEVUFNQUF5QURRQU1BQXhBRGNBTmdBaUFDd0FJZ0F5QURBQU53QXhBRjhBTVFBeEFERUFJZ0FzQUNJQU5RQTJBR0lBTVFCaEFHVUFOd0JpQURjQVpnQXhBRGdBWkFBM0FESUFZd0EwQURRQVpnQXhBR0lBTmdBeEFERUFJZ0FzQUNJQU1nQXdBRGtBTndCZkFERUFNUUF4QUNJQUxBQWlBRFVBTmdCaUFHRUFZZ0EyQURZQU5BQXlBR01BTndBMkFHUUFPUUF4QURNQVpnQTBBRGdBTWdBd0FEUUFZd0JsQUNJQUxBQWlBRElBTWdBekFERUFYd0F4QURFQU1RQWlBQ3dBSWdBMUFEWUFZZ0F3QUdNQU5nQmlBRFFBTndCbUFERUFPQUJrQURjQU1nQmpBRFFBTkFCbUFERUFZZ0ExQUdZQU9RQWlBQ3dBSWdBeUFEQUFPQUF6QUY4QU1RQXhBREVBSWdBc0FDSUFOUUEyQURrQVpnQm1BR0lBTkFBMkFEY0FaZ0F4QURnQVpBQTNBREVBTndBeEFEZ0FaUUEwQUdVQVpnQXhBR0lBSWdBc0FDSUFNUUExQURrQU53QmZBREVBTVFBeEFDSUFMQUFpQURVQU5nQmlBREVBWXdCaUFEQUFOQUEzQUdZQU1RQTRBR1FBTndBeUFHTUFOQUEwQUdZQU1RQmlBRFlBTVFBNUFDSUFMQUFpQURJQU1RQXdBREVBWHdBeEFERUFNUUFpQUN3QUlnQTFBRFlBT1FCbUFHWUFZZ0EwQURnQU53Qm1BREVBT0FCa0FEY0FNUUEzQURFQU9BQmxBRFFBWlFCbUFERUFZd0FpQUN3QUlnQXhBRFVBT1FBNUFGOEFNUUF4QURFQUlnQXNBQ0lBTlFBMkFEZ0FZZ0E1QURRQU53QTJBRGNBWmdBeEFEZ0FaQUEzQURBQU53QXlBREFBTXdBMEFEQUFZd0JtQUdJQUlnQXNBQ0lBTVFBM0FEWUFPQUJmQURFQU1RQXhBQ0lBTEFBaUFEVUFOZ0E1QUdZQVpnQmpBRGtBT1FBM0FHWUFNUUE0QUdRQU53QXhBRGNBTVFBNEFHVUFOQUJsQUdZQVlnQTRBQ0lBTEFBaUFERUFOQUEzQURrQVh3QXhBREVBTVFBaUFDd0FJZ0ExQURZQU53QTVBRFFBTlFBekFHUUFNZ0JqQURjQU5nQmtBRGtBTVFBd0FETUFPQUF5QURnQVlRQTRBRElBTmdBaUFDd0FJZ0F4QURjQU1RQTFBRjhBTVFBeEFERUFJZ0FzQUNJQU5RQTJBRGtBWmdCbUFHSUFOQUJpQURjQVpnQXhBRGdBWkFBM0FERUFOd0F4QURnQVpRQTBBR1VBWmdBeEFHUUFJZ0FzQUNJQU1RQTFBRFFBTlFCZkFERUFNUUF4QUNJQUxBQWlBRFVBTmdBNUFHRUFNZ0F3QURnQU5nQXlBR01BTndBMkFHUUFPUUF5QURJQVpRQmpBRElBTmdCaEFEY0FOUUJsQUNJQUxBQWlBREVBT1FBd0FEY0FYd0F4QURFQU1RQWlBQ3dBSWdBMUFEWUFPUUJtQUdZQVlnQTBBR1FBTndCbUFERUFPQUJrQURjQU1RQTNBREVBT0FCbEFEUUFaUUJtQURFQVpRQWlBQ3dBSWdBeEFEUUFPQUF4QUY4QU1RQXhBREVBSWdBc0FDSUFOUUEyQUdJQU13QXpBREVBWlFBd0FESUFZd0EzQURZQVpBQTVBREVBT1FBMkFHTUFPQUExQURBQU5RQmhBRGtBSWdBc0FDSUFNZ0F4QURJQU9BQmZBREVBTVFBeEFDSUFMQUFpQURVQU5nQmlBRGdBWWdCakFHRUFOUUEzQUdZQU1RQTRBR1FBTndBd0FEUUFOQUEwQURjQVpRQmhBREFBTWdCa0FDSUFMQUFpQURJQU1nQXhBRFVBWHdBeEFERUFNUUFpQUN3QUlnQTFBRFlBTndBNUFEa0FZd0F3QURjQU1nQmpBRGNBTmdCa0FEa0FNQUEzQUdNQVl3QXpBR1lBTUFBeEFEY0FNQUFpQUN3QUlnQXhBRGNBTVFBNEFGOEFNUUF4QURFQUlnQXNBQ0lBTlFBMkFHRUFOZ0E0QUdVQU9BQmlBRGNBWmdBeEFEZ0FaQUEzQURJQU13QmlBRFFBWVFCaUFERUFaUUE1QUdZQUlnQXNBQ0lBTVFBNUFEWUFOUUJmQURFQU1RQXhBQ0lBTEFBaUFEVUFOZ0JoQURjQU5BQmlBR1FBT0FBM0FHWUFNUUE0QUdRQU53QXlBRE1BWWdBMEFHRUFZZ0F4QUdVQVlnQTVBQ0lBTEFBaUFERUFPUUEzQURJQVh3QXhBREVBTVFBaUFDd0FJZ0ExQURZQU53QTVBR01BTVFCbUFHWUFOd0JtQURFQU9BQmtBRGNBTUFCbUFEWUFPQUEyQURrQVpRQmtBRGdBWWdBaUFDd0FJZ0F4QURjQU1nQTNBRjhBTVFBeEFERUFJZ0FzQUNJQU5RQTJBRGtBWmdCbUFHTUFPUUJqQURjQVpnQXhBRGdBWkFBM0FERUFOd0F4QURnQVpRQTBBR1VBWmdCaUFEa0FJZ0FzQUNJQU1RQTBBRFVBT0FCZkFERUFNUUF4QUNJQUxBQWlBRFVBTmdCaEFHTUFPUUF6QURFQU5RQTNBR1lBTVFBNEFHUUFOd0F5QUdNQU5BQTBBR1lBTVFCaUFEVUFZUUJqQUNJQUxBQWlBRElBTUFBMUFEY0FYd0F4QURFQU1RQWlBQ3dBSWdBMUFEWUFPUUJtQUdZQVlnQTBBR1lBTndCbUFERUFPQUJrQURjQU1RQTNBREVBT0FCbEFEUUFaUUJtQURFQVpnQWlBQ3dBSWdBeEFEWUFNd0EwQUY4QU1RQXhBREVBSWdBc0FDSUFOUUEyQUdJQU5BQTJBR1VBWlFCaUFESUFZd0EzQURZQVpBQTVBRElBWlFBNEFEQUFOd0F5QURJQU9RQXdBRFFBSWdBc0FDSUFNZ0F4QURRQU5nQmZBREVBTVFBeEFDSUFMQUFpQURVQU5nQmlBRGdBTVFCbEFERUFZd0EzQUdZQU1RQTRBR1FBTndBd0FEUUFOQUEwQURjQVpRQTVBR1lBWkFBd0FDSUFMQUFpQURJQU1RQTVBRFFBWHdBeEFERUFNUUFpQUN3QUlnQTFBRFlBT1FCbUFHWUFOd0E0QUdNQU53Qm1BREVBT0FCa0FEY0FNUUEzQURFQU9BQmxBRFFBWlFCa0FEa0FZZ0FpQUN3QUlnQXhBRFFBTXdBekFGOEFNUUF4QURFQUlnQXNBQ0lBTlFBMkFEa0FaZ0JtQURjQU9BQmtBRGNBWmdBeEFEZ0FaQUEzQURFQU53QXhBRGdBWlFBMEFHVUFaQUE1QUdNQUlnQXNBQ0lBTVFBMEFETUFPUUJmQURFQU1RQXhBQ0lBTEFBaUFEVUFOZ0E0QUdZQU9RQTRBRFVBTXdBeUFHTUFOd0EyQUdRQU9RQXhBR0lBWWdCakFEVUFaUUJsQURnQU5nQmhBQ0lBTEFBaUFERUFPQUF4QURVQVh3QXhBREVBTVFBaUFDd0FJZ0ExQURZQVlnQTFBRElBTUFCbEFHUUFOd0JtQURFQU9BQmtBRGNBTUFBMEFEUUFOQUEzQUdVQU9RQm1BRGdBTWdBaUFDd0FJZ0F5QURFQU5nQXlBRjhBTVFBeEFERUFJZ0FzQUNJQU5RQTJBRGdBTVFCaEFEZ0FZZ0JrQURJQVl3QTNBRFlBWkFBNUFEQUFZUUF6QUdNQU5nQmtBR01BTWdBMUFHWUFJZ0FzQUNJQU1RQTNBRFFBTmdCZkFERUFNUUF4QUNJQUxBQWlBRFVBTmdBM0FEUUFPQUJrQURnQU1BQXlBR01BTndBMkFHUUFPUUF3QUdZQU53QXdBREFBTWdBeUFHUUFaQUF6QUNJQUxBQWlBREVBTmdBNUFEZ0FYd0F4QURFQU1RQWlBQ3dBSWdBMUFEWUFPUUExQUdRQU53QTVBRGtBTWdCakFEY0FOZ0JrQURrQU1RQTBBR1lBTUFBNEFEUUFaZ0E1QUdNQU53QWlBQ3dBSWdBeEFEZ0FPUUEwQUY4QU1RQXhBREVBSWdBc0FDSUFOUUEyQURrQVpnQm1BR0lBTlFBd0FEY0FaZ0F4QURnQVpBQTNBREVBTndBeEFEZ0FaUUEwQUdVQVpnQXlBREFBSWdBc0FDSUFNUUEwQURrQU1RQmZBREVBTVFBeEFDSUFMQUFpQURVQU5nQTVBR1lBWmdBM0FEa0FNZ0EzQUdZQU1RQTRBR1FBTndBeEFEY0FNUUE0QUdVQU5BQmxBR1FBT1FCa0FDSUFMQUFpQURFQU5RQTNBRFFBWHdBeEFERUFNUUFpQUN3QUlnQTFBRFlBWWdBNEFEa0FZd0F4QURnQU53Qm1BREVBT0FCa0FEY0FNQUEwQURRQU5BQTNBR1VBWVFBd0FERUFPUUFpQUN3QUlnQXlBRElBTUFBNUFGOEFNUUF4QURFQUlnQXNBQ0lBTlFBMkFEa0FNd0JoQURFQVl3QXhBRElBWXdBM0FEWUFaQUE1QURFQVl3QXdBRGdBWlFBNUFEa0FNZ0JpQURnQUlnQXNBQ0lBTVFBNEFEVUFOUUJmQURFQU1RQXhBQ0lBTEFBaUFEVUFOZ0E1QUdZQVpnQTNBRGtBTkFBM0FHWUFNUUE0QUdRQU53QXhBRGNBTVFBNEFHVUFOQUJsQUdRQU9RQmxBQ0lBTEFBaUFERUFOQUF6QURZQVh3QXhBREVBTVFBaUFDd0FJZ0ExQURZQVlRQTJBRGNBWWdBd0FEZ0FOd0JtQURFQU9BQmtBRGNBTWdBekFHSUFOQUJoQUdJQU1RQmxBRGtBTkFBaUFDd0FJZ0F4QURrQU5nQXdBRjhBTVFBeEFERUFJZ0FzQUNJQU5RQTJBRGtBWmdCbUFHSUFOUUF6QURjQVpnQXhBRGdBWkFBM0FERUFOd0F4QURnQVpRQTBBR1VBWmdBeUFERUFJZ0FzQUNJQU1RQTFBRE1BTVFCZkFERUFNUUF4QUNJQUxBQWlBRFVBTmdBNUFEQUFaUUEyQURBQU13QXlBR01BTndBMkFHUUFPUUF4QUdNQU1BQTRBR1VBT1FBNUFESUFOd0JoQUNJQUxBQWlBREVBT0FBekFEUUFYd0F4QURFQU1RQWlBQ3dBSWdBMUFEWUFPUUF3QUdVQU5BQXlBR1lBTWdCakFEY0FOZ0JrQURrQU1RQmpBREFBT0FCbEFEa0FPUUF5QURjQU9RQWlBQ3dBSWdBeEFEZ0FNd0F5QUY4QU1RQXhBREVBSWdBc0FDSUFOUUEyQURrQVpnQm1BRGNBT1FBNUFEY0FaZ0F4QURnQVpBQTNBREVBTndBeEFEZ0FaUUEwQUdVQVpBQTVBR1lBSWdBc0FDSUFNUUExQURRQU1BQmZBREVBTVFBeEFDSUFMQUFpQURVQU5nQmhBR01BTndCa0FHUUFOUUEzQUdZQU1RQTRBR1FBTndBeUFHTUFOQUEwQUdZQU1RQmlBRFVBWVFBeUFDSUFMQUFpQURJQU1BQTFBREVBWHdBeEFERUFNUUFpQUN3QUlnQTFBRFlBWWdBM0FERUFaZ0JqQURnQU53Qm1BREVBT0FCa0FEY0FNQUEwQURRQU5BQTNBR1VBT1FCbUFHSUFPQUFpQUN3QUlnQXlBREVBT0FBNUFGOEFNUUF4QURFQUlnQXNBQ0lBTlFBMkFEa0FNd0E0QUdFQU13QmlBRGNBWmdBeEFEZ0FaQUEzQURNQU1RQTRBR01BTUFBNUFHWUFOUUF3QUdJQUlnQXNBQ0lBTVFBNEFEVUFNUUJmQURFQU1RQXhBQ0lBTEFBaUFEVUFOZ0JpQURNQVl3QTVBREFBWXdBeUFHTUFOd0EyQUdRQU9RQXhBRGtBTmdCakFEZ0FOUUF3QURVQVl3QmxBQ0lBTEFBaUFESUFNUUEwQURNQVh3QXhBREVBTVFBaUFDd0FJZ0ExQURZQVlRQmpBRGdBWVFBNEFHVUFNZ0JqQURjQU5nQmtBRGtBTWdCbUFEVUFNQUF5QURRQU1BQXhBRFFBTUFBaUFDd0FJZ0F5QURBQU5RQTBBRjhBTVFBeEFERUFJZ0FzQUNJQU5RQTJBRGtBWmdCbUFEY0FPUUJqQURjQVpnQXhBRGdBWkFBM0FERUFOd0F4QURnQVpRQTBBR1VBWkFCaEFEQUFJZ0FzQUNJQU1RQXpBRGdBTVFCZkFERUFNUUF4QUNJQUxBQWlBRFVBTmdBNUFHWUFaZ0JpQURVQU5BQTNBR1lBTVFBNEFHUUFOd0F4QURjQU1RQTRBR1VBTkFCbEFHWUFNZ0F5QUNJQUxBQWlBREVBTlFBMkFEa0FYd0F4QURFQU1RQWlBQ3dBSWdBMUFEWUFPUUJtQUdZQU53QTVBR1FBTndCbUFERUFPQUJrQURjQU1RQTNBREVBT0FCbEFEUUFaUUJrQUdFQU1RQWlBQ3dBSWdBeEFEVUFNd0F6QUY4QU1RQXhBREVBSWdBc0FDSUFOUUEyQUdFQU9BQmpBRFlBTmdBM0FESUFZd0EzQURZQVpBQTVBREVBWmdCa0FEQUFaZ0JqQUdRQU13QXhBRGdBSWdBc0FDSUFNZ0F3QURBQU9RQmZBREVBTVFBeEFDSUFMQUFpQURVQU5nQTVBR1lBWmdBM0FEa0FaZ0EzQUdZQU1RQTRBR1FBTndBeEFEY0FNUUE0QUdVQU5BQmxBR1FBWVFBeUFDSUFMQUFpQURFQU5BQXhBREVBWHdBeEFERUFNUUFpQUN3QUlnQTFBRFlBWWdBeEFHSUFOQUF6QURNQU53Qm1BREVBT0FCa0FEY0FNZ0JqQURRQU5BQm1BREVBWWdBMkFERUFOQUFpQUN3QUlnQXlBREFBT1FBNEFGOEFNUUF4QURFQUlnQXNBQ0lBTlFBMkFEZ0FaZ0JoQUdNQU13QXlBRGNBWmdBeEFEZ0FaQUEzQURFQU9RQmtBRFFBWWdBd0FEZ0FaZ0JrQUdFQUlnQXNBQ0lBTVFBNEFERUFOd0JmQURFQU1RQXhBQ0lBTEFBaUFEVUFOZ0E1QUdZQVpnQTNBR0VBTUFBM0FHWUFNUUE0QUdRQU53QXhBRGNBTVFBNEFHVUFOQUJsQUdRQVlRQXpBQ0lBTEFBaUFERUFOQUF4QURJQVh3QXhBREVBTVFBaUFDd0FJZ0ExQURZQVlnQXpBRGNBWkFBNUFHWUFOd0JtQURFQU9BQmtBRGNBTVFCbUFEWUFOQUEzQUdNQU9BQTFBREFBT0FBaUFDd0FJZ0F5QURFQU13QTRBRjhBTVFBeEFERUFJZ0FzQUNJQU5RQTJBR0lBTndBeUFETUFNQUF3QURjQVpnQXhBRGdBWkFBM0FEQUFOQUEwQURRQU53QmxBRGtBWmdCaUFHSUFJZ0FzQUNJQU1nQXhBRGtBTUFCZkFERUFNUUF4QUNJQUxBQWlBRFVBTmdBNUFHWUFaZ0EzQUdFQU1RQTNBR1lBTVFBNEFHUUFOd0F4QURjQU1RQTRBR1VBTkFCbEFHUUFZUUEwQUNJQUxBQWlBREVBTXdBNUFESUFYd0F4QURFQU1RQWlBQ3dBSWdBMUFEWUFZUUEyQURrQU53QmxBRElBTWdCakFEY0FOZ0JrQURrQU13QXlBRGNBTkFBNUFEWUFPUUJpQUdNQU1nQWlBQ3dBSWdBeEFEa0FOZ0EzQUY4QU1RQXhBREVBSWdBc0FDSUFOUUEyQURrQVpnQm1BRGNBWVFBekFEY0FaZ0F4QURnQVpBQTNBREVBTndBeEFEZ0FaUUEwQUdVQVpBQmhBRFVBSWdBc0FDSUFNUUExQURZQU13QmZBREVBTVFBeEFDSUFMQUFpQURVQU5nQTRBR01BWVFBeUFETUFNZ0F5QUdNQU53QTJBR1FBT1FBd0FHWUFZZ0E0QUdRQVpBQTBBREVBWkFBNEFDSUFMQUFpQURFQU53QTNBRFlBWHdBeEFERUFNUUFpQUN3QUlnQTFBRFlBT1FCaEFHSUFPQUJtQUdFQU1nQmpBRGNBTmdCa0FEa0FNZ0F5QUdVQVl3QXlBRFlBWVFBM0FEZ0FOQUFpQUN3QUlnQXhBRGtBTVFBM0FGOEFNUUF4QURFQUlnQXNBQ0lBTlFBMkFHSUFOQUJoQUdZQU13QTFBRGNBWmdBeEFEZ0FaQUEzQURBQVpnQTJBREFBTndCaEFHRUFPUUJrQURZQUlnQXNBQ0lBTWdBeEFEVUFOZ0JmQURFQU1RQXhBQ0lBTEFBaUFEVUFOZ0JpQURJQU1BQXhBREFBWVFBeUFHTUFOd0EyQUdRQU9RQXlBR1lBTlFBd0FESUFOQUF3QURFQVl3QXhBQ0lBTEFBaUFESUFNUUF3QURnQVh3QXhBREVBTVFBaUFDd0FJZ0ExQURZQVlnQTRBR0VBTVFBeEFEa0FOd0JtQURFQU9BQmtBRGNBTUFBMEFEUUFOQUEzQUdVQVlRQXdBREVBWXdBaUFDd0FJZ0F5QURJQU1RQXdBRjhBTVFBeEFERUFJZ0FzQUNJQU5RQTJBRGdBWlFBM0FHWUFNZ0F3QURjQVpnQXhBRGdBWkFBM0FESUFOUUJtQURBQVlnQXpBR1lBTVFBeEFHTUFJZ0FzQUNJQU1RQTRBREFBTWdCZkFERUFNUUF4QUNJQUxBQWlBRFVBTmdBNUFHWUFaZ0JpQURZQU1BQTNBR1lBTVFBNEFHUUFOd0F4QURjQU1RQTRBR1VBTkFCbEFHWUFNZ0F6QUNJQUxBQWlBREVBTmdBeUFEZ0FYd0F4QURFQU1RQWlBQ3dBSWdBMUFEWUFZUUJsQUdVQU5nQTJBREVBTWdCakFEY0FOZ0JrQURrQU1nQm1BRFVBTUFBeUFEUUFNQUF4QURVQU1nQWlBQ3dBSWdBeUFEQUFOZ0F3QUY4QU1RQXhBREVBSWdBc0FDSUFOUUEyQUdJQU13QXhBRE1BTmdCaUFEY0FaZ0F4QURnQVpBQTNBREVBWmdBMkFEUUFOd0JqQURnQU5BQmxBRE1BSWdBc0FDSUFNZ0F4QURJQU1nQmZBREVBTVFBeEFDSUFMQUFpQURVQU5nQTVBR1lBWmdCaUFEWUFNUUEzQUdZQU1RQTRBR1FBTndBeEFEY0FNUUE0QUdVQU5BQmxBR1lBTWdBMEFDSUFMQUFpQURFQU5BQXpBRFVBWHdBeEFERUFNUUFpQUN3QUlnQTFBRFlBTndBNUFHRUFOQUJsQURJQU53Qm1BREVBT0FCa0FEY0FNQUJsQUdVQU5BQTFBRE1BTmdCaEFHTUFaUUFpQUN3QUlnQXhBRGNBTWdBeUFGOEFNUUF4QURFQUlnQXNBQ0lBTlFBMkFEa0FNd0E0QURjQU5RQTJBRGNBWmdBeEFEZ0FaQUEzQURNQU1RQTRBR01BTUFBNUFHWUFOUUF3QURnQUlnQXNBQ0lBTVFBNEFEUUFPUUJmQURFQU1RQXhBQ0lBTEFBaUFEVUFOZ0E1QUdZQVpnQTNBR0VBTndBM0FHWUFNUUE0QUdRQU53QXhBRGNBTVFBNEFHVUFOQUJsQUdRQVlRQTJBQ0lBTEFBaUFERUFOUUEzQURZQVh3QXhBREVBTVFBaUFDd0FJZ0ExQURZQVlnQTRBRGdBTUFBMkFHSUFOd0JtQURFQU9BQmtBRGNBTUFBMEFEUUFOQUEzQUdVQVlRQXdBREFBWlFBaUFDd0FJZ0F5QURJQU1BQTBBRjhBTVFBeEFERUFJZ0FzQUNJQU5RQTJBRGtBWmdCbUFHSUFOZ0F6QURjQVpnQXhBRGdBWkFBM0FERUFOd0F4QURnQVpRQTBBR1VBWmdBeUFEVUFJZ0FzQUNJQU1RQTBBRGtBTUFCZkFERUFNUUF4QUNJQUxBQWlBRFVBTmdBNEFHRUFOUUF4QURZQU13QXlBR01BTndBMkFHUUFPUUF3QUdRQVlnQTBBRElBTUFBMkFHWUFZUUJrQUNJQUxBQWlBREVBTndBMkFEUUFYd0F4QURFQU1RQWlBQ3dBSWdBMUFEWUFPUUJtQUdZQVlnQTJBRFVBTndCbUFERUFPQUJrQURjQU1RQTNBREVBT0FCbEFEUUFaUUJtQURJQU5nQWlBQ3dBSWdBeEFEWUFNZ0E1QUY4QU1RQXhBREVBSWdBc0FDSUFOUUEyQURrQVpBQXdBRFVBWmdCakFESUFZd0EzQURZQVpBQTVBRElBTWdCbEFHTUFNZ0EyQUdFQU53QmlBRGdBSWdBc0FDSUFNUUE1QURJQU9BQmZBREVBTVFBeEFDSUFMQUFpQURVQU5nQTVBR1lBWmdBM0FHRUFPQUEzQUdZQU1RQTRBR1FBTndBeEFEY0FNUUE0QUdVQU5BQmxBR1FBWVFBM0FDSUFMQUFpQURFQU5RQXlBRGdBWHdBeEFERUFNUUFpQUN3QUlnQTFBRFlBWWdCa0FHVUFZZ0EwQURBQU1nQmpBRGNBTmdCa0FEa0FNUUJrQUdFQVl3QXlBRElBTVFBNEFHTUFNQUFpQUN3QUlnQXlBRElBTndBMkFGOEFNUUF4QURFQUlnQXNBQ0lBTlFBMkFEZ0FaZ0JoQUdNQVpBQmtBRElBWXdBM0FEWUFaQUE1QURFQVlnQmlBR01BTlFCbEFHVUFPQUEzQUdFQUlnQXNBQ0lBTVFBNEFERUFPQUJmQURFQU1RQXhBQ0lBTEFBaUFEVUFOZ0JoQUdJQVlnQXpBR0lBWmdBM0FHWUFNUUE0QUdRQU53QXlBR1VBWWdCakFEa0FaZ0F4QURVQU5BQXdBQ0lBTEFBaUFESUFNQUEwQURVQVh3QXhBREVBTVFBaUFDd0FJZ0ExQURZQU9RQm1BR1lBWWdBMkFEZ0FOd0JtQURFQU9BQmtBRGNBTVFBM0FERUFPQUJsQURRQVpRQm1BRElBTndBaUFDd0FJZ0F4QURVQU13QXdBRjhBTVFBeEFERUFJZ0FzQUNJQU5RQTJBR0VBTVFCbUFEZ0FPUUEwQURJQVl3QTNBRFlBWkFBNUFERUFOZ0F5QURBQVlRQm1BRGtBTWdBMEFETUFJZ0FzQUNJQU1RQTVBRFFBT1FCZkFERUFNUUF4QUNJQUxBQWlBRFVBTmdBNUFHWUFaZ0EzQUdFQVlRQTNBR1lBTVFBNEFHUUFOd0F4QURjQU1RQTRBR1VBTkFCbEFHUUFZUUE0QUNJQUxBQWlBREVBTlFBeUFEWUFYd0F4QURFQU1RQWlBQ3dBSWdBMUFEWUFPUUF6QUdFQU1RQTBBREFBTWdCakFEY0FOZ0JrQURrQU1RQmpBREFBT0FCbEFEa0FPUUF5QUdJQU5nQWlBQ3dBSWdBeEFEZ0FOUUEwQUY4QU1RQXhBREVBSWdBc0FDSUFOUUEyQUdJQU5RQmtBREVBWmdBNUFESUFZd0EzQURZQVpBQTVBRElBT0FCa0FHTUFNd0JpQUdRQU5RQmhBR1FBSWdBc0FDSUFNZ0F4QURjQU5RQmZBREVBTVFBeEFDSUFMQUFpQURVQU5nQTVBR1lBWmdBM0FHRUFZZ0EzQUdZQU1RQTRBR1FBTndBeEFEY0FNUUE0QUdVQU5BQmxBR1FBWVFBNUFDSUFMQUFpQURFQU5RQXdBRGNBWHdBeEFERUFNUUFpQUN3QUlnQTFBRFlBWWdBd0FHUUFNd0EwQURnQU53Qm1BREVBT0FCa0FEY0FNZ0JqQURRQU5BQm1BREVBWWdBMUFHWUFZd0FpQUN3QUlnQXlBREFBT0FBMUFGOEFNUUF4QURFQUlnQXNBQ0lBTlFBMkFEa0FaZ0JtQUdNQU1RQm1BRGNBWmdBeEFEZ0FaQUEzQURFQU53QXhBRGdBWlFBMEFHVUFaZ0E0QURJQUlnQXNBQ0lBTVFBMkFESUFOUUJmQURFQU1RQXhBQ0lBTEFBaUFEVUFOZ0JpQURNQVlRQmpBRFVBTXdBM0FHWUFNUUE0QUdRQU53QXhBR1lBTmdBMEFEY0FZd0E0QURVQU1RQXlBQ0lBTEFBaUFESUFNUUEwQURJQVh3QXhBREVBTVFBaUFDd0FJZ0ExQURZQVlnQTRBRFFBTXdBM0FEa0FNZ0JqQURjQU5nQmtBRGtBTWdBNEFHUUFZd0F6QUdJQVpBQTFBR1VBT1FBaUFDd0FJZ0F5QURFQU9RQTRBRjhBTVFBeEFERUFJZ0FzQUNJQU5RQTJBRGdBTkFBMEFHUUFPQUJqQURJQVl3QTNBRFlBWkFBNUFEQUFaQUJpQURRQU1nQXdBRFlBWmdBM0FEVUFJZ0FzQUNJQU1RQTNBRFVBTXdCZkFERUFNUUF4QUNJQUxBQWlBRFVBTmdBNUFHWUFaZ0EzQUdFQVpBQTNBR1lBTVFBNEFHUUFOd0F4QURjQU1RQTRBR1VBTkFCbEFHUUFZUUJoQUNJQUxBQWlBREVBTmdBeUFEWUFYd0F4QURFQU1RQWlBQ3dBSWdBMUFEWUFZZ0F6QURjQU13QTJBREVBTndCbUFERUFPQUJrQURjQU1RQm1BRFlBTkFBM0FHTUFPQUExQURBQU5RQWlBQ3dBSWdBeUFERUFNd0ExQUY4QU1RQXhBREVBSWdBc0FDSUFOUUEyQUdJQVl3QmhBR1VBWWdBMEFESUFZd0EzQURZQVpBQTVBREVBWkFCaEFHTUFNZ0F5QURFQU9BQTVBRElBSWdBc0FDSUFNZ0F5QURjQU1BQmZBREVBTVFBeEFDSUFMQUFpQURVQU5nQTVBR1lBWmdCakFESUFNQUEzQUdZQU1RQTRBR1FBTndBeEFEY0FNUUE0QUdVQU5BQmxBR1lBT0FBekFDSUFMQUFpQURFQU5BQTBBRGNBWHdBeEFERUFNUUFpQUN3QUlnQTFBRFlBWWdBMEFEY0FaQUE0QURNQU53Qm1BREVBT0FCa0FEY0FNQUJtQURZQU1BQTNBR0VBWVFBNUFHTUFOUUFpQUN3QUlnQXlBREVBTlFBeEFGOEFNUUF4QURFQUlnQXNBQ0lBTlFBMkFEa0FaZ0JtQUdNQU1nQXlBRGNBWmdBeEFEZ0FaQUEzQURFQU53QXhBRGdBWlFBMEFHVUFaZ0E0QURRQUlnQXNBQ0lBTVFBMUFEY0FPQUJmQURFQU1RQXhBQ0lBTEFBaUFEVUFOZ0JpQUdRQVpnQTNBRElBT0FBeUFHTUFOd0EyQUdRQU9RQXhBR1FBWVFCakFESUFNZ0F4QURnQVpRQTVBQ0lBTEFBaUFESUFNZ0E0QURBQVh3QXhBREVBTVFBaUFDd0FJZ0ExQURZQVlnQTBBR0VBT0FBMEFEWUFOd0JtQURFQU9BQmtBRGNBTUFCbUFEWUFNQUEzQUdFQVlRQTVBR1FBTlFBaUFDd0FJZ0F5QURFQU5RQTFBRjhBTVFBeEFERUFJZ0FzQUNJQU5RQTJBR0lBTlFCa0FEVUFNZ0EwQURjQVpnQXhBRGdBWkFBM0FEQUFOQUEwQURRQU53QmxBRGtBWmdBNUFHUUFJZ0FzQUNJQU1nQXhBRGNBTndCZkFERUFNUUF4QUNJQUxBQWlBRFVBTmdCaUFESUFNQUJoQURVQVpRQTNBR1lBTVFBNEFHUUFOd0F5QUdNQU5BQTBBR1lBTVFCaUFEWUFNZ0JrQUNJQUxBQWlBRElBTVFBeEFERUFYd0F4QURFQU1RQWlBQ3dBSWdBMUFEWUFZUUE0QUdRQU1RQm1BRElBTndCbUFERUFPQUJrQURjQU1nQXpBREVBWXdBd0FHSUFZd0F6QURFQU53QWlBQ3dBSWdBeUFEQUFNUUF5QUY4QU1RQXhBREVBSWdBc0FDSUFOUUEyQURrQVpnQm1BRGNBWVFCbUFEY0FaZ0F4QURnQVpBQTNBREVBTndBeEFEZ0FaUUEwQUdVQVpBQmhBR0lBSWdBc0FDSUFNUUF6QURrQU9RQmZBREVBTVFBeEFDSUFMQUFpQURVQU5nQmlBR01BWVFBMEFERUFNZ0F5QUdNQU53QTJBR1FBT1FBeEFHUUFZUUJqQURJQU1nQXhBRGdBTndBNUFDSUFMQUFpQURJQU1nQTJBRGNBWHdBeEFERUFNUUFpQUN3QUlnQTFBRFlBWWdCaEFEVUFNZ0JsQURVQU53Qm1BREVBT0FCa0FEY0FNZ0JtQURrQU9BQTVBR1lBTUFBNEFHTUFNZ0FpQUN3QUlnQXlBRElBTWdBMEFGOEFNUUF4QURFQUlnQXNBQ0lBTlFBMkFEa0FaZ0JtQURjQVlnQXdBRGNBWmdBeEFEZ0FaQUEzQURFQU53QXhBRGdBWlFBMEFHVUFaQUJoQUdNQUlnQXNBQ0lBTVFBMEFEVUFPUUJmQURFQU1RQXhBQ0lBTEFBaUFEVUFOZ0E1QUdZQVpnQTNBR0lBTWdBM0FHWUFNUUE0QUdRQU53QXhBRGNBTVFBNEFHVUFOQUJsQUdRQVlRQmtBQ0lBTEFBaUFERUFOUUE0QURjQVh3QXhBREVBTVFBaUFDd0FJZ0ExQURZQU9BQmhBRElBTlFBNUFHTUFOd0JtQURFQU9BQmtBRGNBTUFCaUFEa0FOQUE1QURZQU9BQm1BREFBTndBaUFDd0FJZ0F4QURjQU5nQXhBRjhBTVFBeEFERUFJZ0FzQUNJQU5RQTJBRGdBTVFBNUFEY0FPUUEwQURJQVl3QTNBRFlBWkFBNUFEQUFZUUF6QUdNQU5nQmtBR01BTWdBMUFEUUFJZ0FzQUNJQU1RQTNBRFFBTXdCZkFERUFNUUF4QUNJQUxBQWlBRFVBTmdCaUFETUFOd0E0QURjQU1RQXlBR01BTndBMkFHUUFPUUF4QURrQU5nQmpBRGdBTlFBd0FEVUFZd0F3QUNJQUxBQWlBRElBTVFBekFEWUFYd0F4QURFQU1RQWlBQ3dBSWdBMUFEWUFZUUE0QURBQVlRQXdBR0VBTWdCakFEY0FOZ0JrQURrQU1RQm1BR1FBTUFCbUFHTUFaQUF5QUdNQU1BQWlBQ3dBSWdBeEFEa0FPQUE0QUY4QU1RQXhBREVBSWdBc0FDSUFOUUEyQURrQVpnQm1BRGNBWWdBMUFEY0FaZ0F4QURnQVpBQTNBREVBTndBeEFEZ0FaUUEwQUdVQVpBQmhBR1VBSWdBc0FDSUFNUUExQURJQU1RQmZBREVBTVFBeEFDSUFMQUFpQURVQU5nQmhBR01BT0FBMUFEWUFaZ0F5QUdNQU53QTJBR1FBT1FBeUFHWUFOUUF3QURJQU5BQXdBREVBTXdCa0FDSUFMQUFpQURJQU1BQTFBRE1BWHdBeEFERUFNUUFpQUN3QUlnQTFBRFlBWVFCaEFEWUFNUUF5QURjQU1nQmpBRGNBTmdCa0FEa0FNd0JrQURjQU5BQmpBR1lBT0FBMkFEWUFNQUFpQUN3QUlnQXlBREFBTXdBeEFGOEFNUUF4QURFQUlnQXNBQ0lBTlFBMkFEa0FaZ0JtQURjQVlnQTNBRGNBWmdBeEFEZ0FaQUEzQURFQU53QXhBRGdBWlFBMEFHVUFaQUJoQUdZQUlnQXNBQ0lBTVFBMUFEZ0FNZ0JmQURFQU1RQXhBQ0lBTEFBaUFEVUFOZ0E1QUdZQVpnQTNBR0lBT0FBM0FHWUFNUUE0QUdRQU53QXhBRGNBTVFBNEFHVUFOQUJsQUdRQVlnQXdBQ0lBTEFBaUFERUFOUUEyQURZQVh3QXhBREVBTVFBaUFDd0FJZ0ExQURZQU53QTRBRElBWVFCa0FHTUFNZ0JqQURjQU5nQmtBRGtBTVFBd0FEUUFZd0JrQURrQVpnQXpBRElBWmdBaUFDd0FJZ0F4QURjQU1BQTJBRjhBTVFBeEFERUFJZ0FzQUNJQU5RQTJBR0lBTlFCaUFEWUFOd0F4QURJQVl3QTNBRFlBWkFBNUFESUFPQUJrQUdNQU13QmlBR1FBTlFBNUFHUUFJZ0FzQUNJQU1nQXhBRFlBTmdCZkFERUFNUUF4QUNJQUxBQWlBRFVBTmdCaUFEZ0FZUUE1QURJQU1nQXlBR01BTndBMkFHUUFPUUF5QURnQVpBQmpBRE1BWWdCa0FEWUFNd0F5QUNJQUxBQWlBRElBTWdBeEFETUFYd0F4QURFQU1RQWlBQ3dBSWdBMUFEWUFZUUEyQURRQVpBQmpBRGdBTndCbUFERUFPQUJrQURjQU1RQTRBRGdBTkFBd0FEa0FNd0JoQURFQU5RQWlBQ3dBSWdBeEFEa0FOUUEzQUY4QU1RQXhBREVBSWdBc0FDSUFOUUEyQUdJQVl3QTVBREFBT1FCaUFESUFZd0EzQURZQVpBQTVBREVBWkFCaEFHTUFNZ0F5QURFQU9BQTJBRE1BSWdBc0FDSUFNZ0F5QURZQU1BQmZBREVBTVFBeEFDSUFMQUFpQURVQU5nQmlBR01BWVFBd0FESUFNd0F5QUdNQU53QTJBR1FBT1FBeEFHUUFZUUJqQURJQU1nQXhBRGdBTndBeEFDSUFMQUFpQURJQU1nQTJBRFVBWHdBeEFERUFNUUFpQUN3QUlnQTFBRFlBWVFBNUFHWUFOZ0E1QUdVQU53Qm1BREVBT0FCa0FEY0FNZ0F6QURFQVl3QXdBR0lBWXdBekFHVUFNQUFpQUN3QUlnQXlBREFBTWdBMEFGOEFNUUF4QURFQUlnQXNBQ0lBTlFBMkFEa0FaZ0JtQUdNQU1nQXpBRGNBWmdBeEFEZ0FaQUEzQURFQU53QXhBRGdBWlFBMEFHVUFaZ0E0QURVQUlnQXNBQ0lBTVFBMUFEQUFNQUJmQURFQU1RQXhBQ0lBTEFBaUFEVUFOZ0JoQUdJQU1RQTVBR01BTkFBM0FHWUFNUUE0QUdRQU53QXhBRElBTXdCakFHWUFZUUF3QURRQU5RQTBBQ0lBTEFBaUFESUFNQUF6QURZQVh3QXhBREVBTVFBaUFDd0FJZ0ExQURZQU9BQmxBR1FBWlFBMUFEWUFNZ0JqQURjQU5nQmtBRGtBTWdBMUFEUUFNQUEzQURZQU9RQTFBRFlBWXdBaUFDd0FJZ0F4QURnQU1BQTVBRjhBTVFBeEFERUFJZ0FzQUNJQU5RQTJBRGtBWmdCbUFEY0FZZ0JqQURjQVpnQXhBRGdBWkFBM0FERUFOd0F4QURnQVpRQTBBR1VBWkFCaUFERUFJZ0FzQUNJQU1RQTBBREVBTmdCZkFERUFNUUF4QUNJQUxBQWlBRFVBTmdBM0FEY0FZZ0ExQURrQVlnQXlBR01BTndBMkFHUUFPUUF3QUdZQU53QXdBREFBTWdBeUFHUUFaUUF4QUNJQUxBQWlBREVBTndBd0FETUFYd0F4QURFQU1RQWlBQ3dBSWdBMUFEWUFZZ0EzQURBQU53Qm1BRE1BTndCbUFERUFPQUJrQURjQU1BQTBBRFFBTkFBM0FHVUFPUUJtQUdFQVlnQWlBQ3dBSWdBeUFERUFPQUF4QUY4QU1RQXhBREVBSWdBc0FDSUFOUUEyQUdJQU9BQTBBRFVBT1FCaUFEY0FaZ0F4QURnQVpBQTNBREFBTkFBMEFEUUFOd0JsQURrQVpnQmtBRFlBSWdBc0FDSUFNZ0F4QURrQU9RQmZBREVBTVFBeEFDSUFMQUFpQURVQU5nQmlBRE1BTXdCaEFHWUFOZ0EzQUdZQU1RQTRBR1FBTndBeEFHWUFOZ0EwQURjQVl3QTRBRFFBWmdBM0FDSUFMQUFpQURJQU1RQXpBREVBWHdBeEFERUFNUUFpQUN3QUlnQTFBRFlBWVFBNEFERUFNZ0F3QUdNQU1nQmpBRGNBTmdCa0FEa0FNUUJtQUdRQU1BQm1BR01BWkFBeUFHTUFaUUFpQUN3QUlnQXhBRGtBT1FBekFGOEFNUUF4QURFQUlnQXNBQ0lBTlFBMkFHSUFZUUJtQURZQVlnQTVBRGNBWmdBeEFEZ0FaQUEzQURFQU5BQmxBRFFBWXdCa0FHWUFaUUJqQURJQUlnQXNBQ0lBTWdBeUFEUUFNQUJmQURFQU1RQXhBQ0lBTEFBaUFEVUFOZ0E1QUdZQVpnQmpBRElBTlFBM0FHWUFNUUE0QUdRQU53QXhBRGNBTVFBNEFHVUFOQUJsQUdZQU9BQTJBQ0lBTEFBaUFERUFOQUF5QURJQVh3QXhBREVBTVFBaUFDd0FJZ0ExQURZQU9RQm1BR1lBTndCakFESUFOd0JtQURFQU9BQmtBRGNBTVFBM0FERUFPQUJsQURRQVpRQmtBR0lBTWdBaUFDd0FJZ0F4QURZQU5BQTNBRjhBTVFBeEFERUFJZ0FzQUNJQU5RQTJBRGtBWmdCbUFEY0FZd0F6QURjQVpnQXhBRGdBWkFBM0FERUFOd0F4QURnQVpRQTBBR1VBWkFCaUFETUFJZ0FzQUNJQU1RQTFBRElBTWdCZkFERUFNUUF4QUNJQUxBQWlBRFVBTmdCaUFESUFNZ0E1QURFQU5nQXlBR01BTndBMkFHUUFPUUF4QURrQU5nQmpBRGdBTlFBd0FEVUFPQUJpQUNJQUxBQWlBRElBTVFBeEFEVUFYd0F4QURFQU1RQWlBQ3dBSWdBMUFEWUFPUUJtQUdZQVl3QXlBRFlBTndCbUFERUFPQUJrQURjQU1RQTNBREVBT0FCbEFEUUFaUUJtQURnQU53QWlBQ3dBSWdBeEFEVUFOZ0E0QUY4QU1RQXhBREVBSWdBc0FDSUFOUUEyQURrQU13QTVBRGNBTXdCaUFESUFZd0EzQURZQVpBQTVBREVBWXdBd0FEZ0FaUUE1QURrQU1nQmhBR01BSWdBc0FDSUFNUUE0QURVQU1nQmZBREVBTVFBeEFDSUFMQUFpQURVQU5nQTRBR0VBTlFBeEFEQUFPUUEzQUdZQU1RQTRBR1FBTndBd0FHSUFPUUEwQURrQU5nQTRBR1lBTVFBMUFDSUFMQUFpQURFQU53QTJBRE1BWHdBeEFERUFNUUFpQUN3QUlnQTFBRFlBT1FCbUFHWUFZd0F5QURnQU53Qm1BREVBT0FCa0FEY0FNUUEzQURFQU9BQmxBRFFBWlFCbUFEZ0FPQUFpQUN3QUlnQXhBRFlBTVFBd0FGOEFNUUF4QURFQUlnQXNBQ0lBTlFBMkFEa0FNd0ExQUdFQU5nQmpBRElBWXdBM0FEWUFaQUE1QURFQVl3QXdBRGdBWlFBNUFEa0FNZ0E1QURRQUlnQXNBQ0lBTVFBNEFEUUFNUUJmQURFQU1RQXhBQ0lBTEFBaUFEVUFOZ0JoQURZQU53QmlBR0VBWlFBM0FHWUFNUUE0QUdRQU53QXlBRE1BWWdBMEFHRUFZZ0F4QUdVQU9RQTFBQ0lBTEFBaUFERUFPUUExQURrQVh3QXhBREVBTVFBaUFDd0FJZ0ExQURZQU9RQm1BR1lBTndCakFEWUFOd0JtQURFQU9BQmtBRGNBTVFBM0FERUFPQUJsQURRQVpRQmtBR0lBTkFBaUFDd0FJZ0F4QURRQU5nQXhBRjhBTVFBeEFERUFJZ0FzQUNJQU5RQTJBRGtBTlFCbUFHRUFNUUJsQURJQVl3QTNBRFlBWkFBNUFEQUFaZ0EzQUdNQU1nQmxBRGdBWVFBNEFETUFJZ0FzQUNJQU1RQTRBRGtBTmdCZkFERUFNUUF4QUNJQUxBQWlBRFVBTmdBNUFHWUFaZ0JqQURJQVlnQTNBR1lBTVFBNEFHUUFOd0F4QURjQU1RQTRBR1VBTkFCbEFHWUFPQUE1QUNJQUxBQWlBREVBTmdBMEFERUFYd0F4QURFQU1RQWlBQ3dBSWdBMUFEWUFZZ0JsQURBQU53QTBBRElBTndCbUFERUFPQUJrQURjQU1BQmlBR1lBTkFBNEFERUFZZ0F3QURRQVlRQWlBQ3dBSWdBeUFESUFPQUExQUY4QU1RQXhBREVBSWdBc0FDSUFOUUEyQURrQVpnQm1BRGNBWXdBNUFEY0FaZ0F4QURnQVpBQTNBREVBTndBeEFEZ0FaUUEwQUdVQVpBQmlBRFVBSWdBc0FDSUFNUUExQURNQU9BQmZBREVBTVFBeEFDSUFMQUFpQURVQU5nQTVBR1lBWmdCakFESUFZd0EzQUdZQU1RQTRBR1FBTndBeEFEY0FNUUE0QUdVQU5BQmxBR1lBT0FCaEFDSUFMQUFpQURFQU5BQXhBRFFBWHdBeEFERUFNUUFpQUN3QUlnQTFBRFlBWWdCakFEa0FZZ0F6QUdVQU1nQmpBRGNBTmdCa0FEa0FNUUJrQUdFQVl3QXlBRElBTVFBNEFEWUFZZ0FpQUN3QUlnQXlBRElBTmdBMEFGOEFNUUF4QURFQUlnQXNBQ0lBTlFBMkFEZ0FaUUExQURJQVlnQmlBRElBWXdBM0FEWUFaQUE1QURFQU5nQTBBR01BWlFBeUFHTUFNd0JpQURFQUlnQXNBQ0lBTVFBM0FEa0FPQUJmQURFQU1RQXhBQ0lBTEFBaUFEVUFOZ0EzQURRQU9RQTJBRGNBWmdBeUFHTUFOd0EyQUdRQU9RQXdBR1lBTndBd0FEQUFNZ0F5QUdRQVpBQTVBQ0lBTEFBaUFERUFOd0F3QURBQVh3QXhBREVBTVFBaUFDd0FJZ0ExQURZQU9RQm1BR1lBTndCakFHSUFOd0JtQURFQU9BQmtBRGNBTVFBM0FERUFPQUJsQURRQVpRQmtBR0lBTmdBaUFDd0FJZ0F4QURNQU9BQXdBRjhBTVFBeEFERUFJZ0FzQUNJQU5RQTJBRGtBTVFBd0FEWUFZUUF3QURjQVpnQXhBRGdBWkFBM0FETUFNUUE0QUdNQU1BQTVBR1lBTkFCbEFHWUFJZ0FzQUNJQU1RQTRBRE1BT0FCZkFERUFNUUF4QUNJQUxBQWlBRFVBTmdCaUFEQUFOZ0F4QURVQVl3QTNBR1lBTVFBNEFHUUFOd0F5QUdNQU5BQTBBR1lBTVFCaUFEVUFaUUJrQUNJQUxBQWlBRElBTUFBM0FEZ0FYd0F4QURFQU1RQWlBQ3dBSWdBMUFEWUFPUUJtQUdZQVl3QXpBREFBTndCbUFERUFPQUJrQURjQU1RQTNBREVBT0FCbEFEUUFaUUJtQURnQVlnQWlBQ3dBSWdBeEFEVUFOZ0EwQUY4QU1RQXhBREVBSWdBc0FDSUFOUUEyQUdJQVlRQmpBRE1BWkFBNEFEY0FaZ0F4QURnQVpBQTNBREVBTkFCbEFEUUFZd0JrQUdZQVpRQmhBR1lBSWdBc0FDSUFNZ0F5QURNQU1nQmZBREVBTVFBeEFDSUFMQUFpQURVQU5nQTNBRGtBTVFBeUFHSUFOd0F5QUdNQU53QTJBR1FBT1FBeEFEQUFNd0E0QURJQU9BQmhBRGdBTVFCbUFDSUFMQUFpQURFQU53QXhBRFFBWHdBeEFERUFNUUFpQUN3QUlnQTFBRFlBWWdBeEFHRUFNQUEyQURBQU53Qm1BREVBT0FCa0FEY0FNZ0JqQURRQU5BQm1BREVBWWdBMkFEQUFZd0FpQUN3QUlnQXlBREFBT1FBMEFGOEFNUUF4QURFQUlnQXNBQ0lBTlFBMkFEZ0FaZ0E1QURNQVpBQmhBRGNBWmdBeEFEZ0FaQUEzQURFQU9RQmtBRFFBWWdBd0FEZ0FaZ0JqQUdFQUlnQXNBQ0lBTVFBNEFERUFNd0JmQURFQU1RQXhBQ0lBTEFBaUFEVUFOZ0E0QUdZQU9RQm1BR1FBTndBeUFHTUFOd0EyQUdRQU9RQXhBR0lBWWdCakFEVUFaUUJsQURnQU5nQmtBQ0lBTEFBaUFERUFPQUF4QURZQVh3QXhBREVBTVFBaUFDd0FJZ0ExQURZQVlRQTRBREFBWXdBd0FHVUFNZ0JqQURjQU5nQmtBRGtBTVFCbUFHUUFNQUJtQUdNQVpBQXlBR01BTkFBaUFDd0FJZ0F4QURrQU9RQXdBRjhBTVFBeEFERUFJZ0FzQUNJQU5RQTJBRGtBWmdCbUFEY0FZd0JtQURjQVpnQXhBRGdBWkFBM0FERUFOd0F4QURnQVpRQTBBR1VBWkFCaUFEY0FJZ0FzQUNJQU1RQTBBRGdBT1FCZkFERUFNUUF4QUNJQUxBQWlBRFVBTmdBM0FEUUFPUUF6QURJQU9BQXlBR01BTndBMkFHUUFPUUF3QUdZQU53QXdBREFBTWdBeUFHUUFaQUEyQUNJQUxBQWlBREVBTmdBNUFEa0FYd0F4QURFQU1RQWlBQ3dBSWdBMUFEWUFPUUJoQURRQVpRQXpBRFFBTWdCakFEY0FOZ0JrQURrQU1nQXlBR1VBWXdBeUFEWUFZUUEzQURjQU1BQWlBQ3dBSWdBeEFEa0FNUUF4QUY4QU1RQXhBREVBSWdBc0FDSUFOUUEyQURnQU1RQTVBR01BT0FBekFESUFZd0EzQURZQVpBQTVBREFBWVFBekFHTUFOZ0JrQUdNQU1nQTFBRGNBSWdBc0FDSUFNUUEzQURRQU5BQmZBREVBTVFBeEFDSUFMQUFpQURVQU5nQTVBR1lBWmdCakFETUFPQUEzQUdZQU1RQTRBR1FBTndBeEFEY0FNUUE0QUdVQU5BQmxBR1lBT0FCakFDSUFMQUFpQURFQU13QTRBRElBWHdBeEFERUFNUUFpQUN3QUlnQTFBRFlBT1FCbUFHWUFOd0JrQURNQU53Qm1BREVBT0FCa0FEY0FNUUEzQURFQU9BQmxBRFFBWlFCa0FHSUFPQUFpQUN3QUlnQXhBRFVBTVFBMEFGOEFNUUF4QURFQUlnQXNBQ0lBTlFBMkFEZ0FaUUE0QURBQU1RQTJBRElBWXdBM0FEWUFaQUE1QURFQU5nQTBBR01BWlFBeUFHTUFNd0JqQURjQUlnQXNBQ0lBTVFBNEFEQUFNd0JmQURFQU1RQXhBQ0lBTEFBaUFEVUFOZ0E1QUdZQVpnQmpBRE1BWWdBM0FHWUFNUUE0QUdRQU53QXhBRGNBTVFBNEFHVUFOQUJsQUdZQU9BQmtBQ0lBTEFBaUFERUFNd0EzQURjQVh3QXhBREVBTVFBaUFDd0FJZ0ExQURZQVlnQmlBRElBTWdCa0FHSUFOd0JtQURFQU9BQmtBRGNBTVFBMEFHVUFOQUJqQUdRQVpnQmxBR1FBWmdBaUFDd0FJZ0F5QURJQU5RQXhBRjhBTVFBeEFERUFJZ0FzQUNJQU5RQTJBR0lBTWdBMkFHSUFNUUEyQURJQVl3QTNBRFlBWkFBNUFERUFPUUEyQUdNQU9BQTFBREFBTlFBNUFEWUFJZ0FzQUNJQU1nQXhBRElBTUFCZkFERUFNUUF4QUNJQUxBQWlBRFVBTmdBNUFHWUFaZ0EzQUdRQU5BQTNBR1lBTVFBNEFHUUFOd0F4QURjQU1RQTRBR1VBTkFCbEFHUUFZZ0E1QUNJQUxBQWlBREVBTkFBMUFEY0FYd0F4QURFQU1RQWlBQ3dBSWdBMUFEWUFZZ0JrQUdZQVlRQXhBRFlBTWdCakFEY0FOZ0JrQURrQU1RQmtBR0VBWXdBeUFESUFNUUE0QUdVQVl3QWlBQ3dBSWdBeUFESUFPQUF4QUY4QU1RQXhBREVBSWdBc0FDSUFOUUEyQUdJQU1RQmhBRFVBWmdCa0FEY0FaZ0F4QURnQVpBQTNBRElBWXdBMEFEUUFaZ0F4QUdJQU5nQXdBR1VBSWdBc0FDSUFNZ0F3QURrQU5RQmZBREVBTVFBeEFDSUFMQUFpQURVQU5nQmhBRGtBWmdCbEFEUUFaQUF5QUdNQU53QTJBR1FBT1FBeEFHWUFaQUF3QUdZQVl3QmtBRE1BWlFCa0FDSUFMQUFpQURJQU1BQXlBRFVBWHdBeEFERUFNUUFpQUN3QUlnQTFBRFlBWWdBeUFEY0FOd0JrQURBQU1nQmpBRGNBTmdCa0FEa0FNUUE1QURZQVl3QTRBRFVBTUFBMUFEa0FZUUFpQUN3QUlnQXlBREVBTWdBeEFGOEFNUUF4QURFQUlnQXNBQ0lBTlFBMkFHRUFPQUF4QURFQU53QXdBRGNBWmdBeEFEZ0FaQUEzQURJQU13QXhBR01BTUFCaUFHTUFNZ0JqQURRQUlnQXNBQ0lBTVFBNUFEa0FNZ0JmQURFQU1RQXhBQ0lBTEFBaUFEVUFOZ0E1QUdZQVpnQTNBR1FBTmdBM0FHWUFNUUE0QUdRQU53QXhBRGNBTVFBNEFHVUFOQUJsQUdRQVlnQmhBQ0lBTEFBaUFERUFOQUF6QURJQVh3QXhBREVBTVFBaUFDd0FJZ0ExQURZQU53QTVBR0VBWXdBeEFEWUFOd0JtQURFQU9BQmtBRGNBTUFCbEFHVUFOQUExQURNQU5nQmhBR1FBTVFBaUFDd0FJZ0F4QURjQU1nQXpBRjhBTVFBeEFERUFJZ0FzQUNJQU5RQTJBRGtBWmdCbUFHTUFNd0JqQURjQVpnQXhBRGdBWkFBM0FERUFOd0F4QURnQVpRQTBBR1VBWmdBNEFHVUFJZ0FzQUNJQU1RQTFBRE1BTmdCZkFERUFNUUF4QUNJQUxBQWlBRFVBTmdCaEFHSUFOUUE1QUdFQVpBQXlBR01BTndBMkFHUUFPUUF4QURBQVpnQTBBRE1BWkFBM0FHUUFPUUF3QUNJQUxBQWlBRElBTUFBMEFEQUFYd0F4QURFQU1RQWlBQ3dBSWdBMUFEWUFPUUEwQUdRQVpnQTVBR0lBTWdCakFEY0FOZ0JrQURrQU1RQXlBREVBTUFCa0FESUFOUUF6QURRQU1RQWlBQ3dBSWdBeEFEZ0FOd0E1QUY4QU1RQXhBREVBSWdBc0FDSUFOUUEyQURrQVpnQm1BR01BTXdCa0FEY0FaZ0F4QURnQVpBQTNBREVBTndBeEFEZ0FaUUEwQUdVQVpnQTRBR1lBSWdBc0FDSUFNUUEwQURZQU5RQmZBREVBTVFBeEFDSUFMQUFpQURVQU5nQTVBR1lBWmdBM0FHUUFPUUEzQUdZQU1RQTRBR1FBTndBeEFEY0FNUUE0QUdVQU5BQmxBR1FBWWdCaUFDSUFMQUFpQURFQU5BQXhBRE1BWHdBeEFERUFNUUFpQUN3QUlnQTFBRFlBT1FCbUFHWUFOd0JrQUdJQU53Qm1BREVBT0FCa0FEY0FNUUEzQURFQU9BQmxBRFFBWlFCa0FHSUFZd0FpQUN3QUlnQXhBRFVBT0FBeEFGOEFNUUF4QURFQUlnQXNBQ0lBTlFBMkFEa0FaZ0JtQURjQVpBQmpBRGNBWmdBeEFEZ0FaQUEzQURFQU53QXhBRGdBWlFBMEFHVUFaQUJpQUdRQUlnQXNBQ0lBTVFBMkFEQUFOd0JmQURFQU1RQXhBQ0lBTEFBaUFEVUFOZ0E1QUdZQVpnQTNBR1FBWkFBM0FHWUFNUUE0QUdRQU53QXhBRGNBTVFBNEFHVUFOQUJsQUdRQVlnQmxBQ0lBTEFBaUFERUFOUUEyQURJQVh3QXhBREVBTVFBaUFDd0FJZ0ExQURZQVlnQTNBREVBTndBMUFHTUFOd0JtQURFQU9BQmtBRGNBTUFBMEFEUUFOQUEzQUdVQU9RQm1BR0lBTlFBaUFDd0FJZ0F5QURFQU9BQTFBRjhBTVFBeEFERUFJZ0FzQUNJQU5RQTJBRGdBTkFBeUFEZ0FOZ0E1QURjQVpnQXhBRGdBWkFBM0FERUFNZ0E1QUdNQU1nQXpBREFBT0FBM0FEa0FJZ0FzQUNJQU1RQTNBRFVBTUFCZkFERUFNUUF4QUNJQUxBQWlBRFVBTmdBNUFHSUFZUUEzQUdNQVl3QXlBR01BTndBMkFHUUFPUUF5QURJQVpRQmpBRElBTmdCaEFEY0FPUUEzQUNJQUxBQWlBREVBT1FBeUFESUFYd0F4QURFQU1RQWlBQ3dBSWdBMUFEWUFPQUJqQUdVQU5RQmxBRFVBTWdCakFEY0FOZ0JrQURrQU1BQm1BR0lBT0FCa0FHUUFOQUF4QUdRQVpRQWlBQ3dBSWdBeEFEY0FPQUF3QUY4QU1RQXhBREVBSWdBc0FDSUFOUUEyQUdFQU9BQmxBRElBTmdBeEFEY0FaZ0F4QURnQVpBQTNBRElBTXdBeEFHTUFNQUJpQUdNQU13QXlBRGNBSWdBc0FDSUFNZ0F3QURFQU13QmZBREVBTVFBeEFDSUFMQUFpQURVQU5nQmhBRGdBWWdCbUFETUFaZ0EzQUdZQU1RQTRBR1FBTndBeUFETUFNUUJqQURBQVlnQmpBRE1BTUFBNUFDSUFMQUFpQURJQU1BQXdBRGdBWHdBeEFERUFNUUFpQUN3QUlnQTFBRFlBT1FCbUFHWUFZd0EwQURBQU53Qm1BREVBT0FCa0FEY0FNUUEzQURFQU9BQmxBRFFBWlFCbUFEa0FNQUFpQUN3QUlnQXhBRFVBT1FBNEFGOEFNUUF4QURFQUlnQXNBQ0lBTlFBMkFHRUFPQUF3QURnQU5RQmhBRElBWXdBM0FEWUFaQUE1QURFQVpnQmtBREFBWmdCakFHUUFNZ0JpQUdRQUlnQXNBQ0lBTVFBNUFEZ0FOd0JmQURFQU1RQXhBQ0lBTEFBaUFEVUFOZ0JpQURrQVlnQXhBRGNBT1FBeUFHTUFOd0EyQUdRQU9RQXdBRGdBWWdBd0FHSUFPUUEwQURFQU1nQTJBQ0lBTEFBaUFESUFNZ0F4QURjQVh3QXhBREVBTVFBaUFDd0FJZ0ExQURZQVlRQmlBRElBTkFBekFEZ0FNZ0JqQURjQU5nQmtBRGtBTVFBd0FHWUFOQUF6QUdRQU53QmtBRGdBTVFBaUFDd0FJZ0F5QURBQU13QTVBRjhBTVFBeEFERUFJZ0FzQUNJQU5RQTJBR0VBWWdCbEFEQUFaZ0JpQURjQVpnQXhBRGdBWkFBM0FESUFZd0EwQURRQVpnQXhBR0lBTlFBNUFEa0FJZ0FzQUNJQU1nQXdBRFFBT1FCZkFERUFNUUF4QUNJQUxBQWlBRFVBTmdCaEFEWUFPQUE0QURnQU9RQTNBR1lBTVFBNEFHUUFOd0F5QURNQVlnQTBBR0VBWWdBeEFHVUFPUUJpQUNJQUxBQWlBREVBT1FBMkFESUFYd0F4QURFQU1RQWlBQ3dBSWdBMUFEWUFOd0F6QUdZQU5nQm1BRE1BTWdCakFEY0FOZ0JrQURrQU1RQTNBRGdBWXdCaUFERUFOZ0EyQURJQU5nQWlBQ3dBSWdBeEFEWUFPQUF3QUY4QU1RQXhBREVBSWdBc0FDSUFOUUEyQUdJQU9BQXpBRGdBT0FBMEFESUFZd0EzQURZQVpBQTVBRElBT0FCa0FHTUFNd0JpQUdRQU5RQmxBRGNBSWdBc0FDSUFNZ0F4QURrQU5RQmZBREVBTVFBeEFDSUFMQUFpQURVQU5nQmhBR01BWVFBMUFEWUFZZ0F5QUdNQU53QTJBR1FBT1FBeUFHWUFOUUF3QURJQU5BQXdBREVBTlFBd0FDSUFMQUFpQURJQU1BQTFBRGtBWHdBeEFERUFNUUFpQUN3QUlnQTFBRFlBWVFCbUFEVUFNQUF5QUdRQU53Qm1BREVBT0FCa0FEY0FNZ0JqQURRQU5BQm1BREVBWWdBMUFHTUFOd0FpQUN3QUlnQXlBREFBTmdBekFGOEFNUUF4QURFQUlnQXNBQ0lBTlFBMkFHRUFOd0EwQURnQU1nQTRBRGNBWmdBeEFEZ0FaQUEzQURJQU13QmlBRFFBWVFCaUFERUFaUUJpQURZQUlnQXNBQ0lBTVFBNUFEY0FNUUJmQURFQU1RQXhBQ0lBTEFBaUFEVUFOZ0JoQURnQU9BQTFBRGNBTUFBM0FHWUFNUUE0QUdRQU53QXlBRE1BTVFCakFEQUFZZ0JqQURJQVpRQTNBQ0lBTEFBaUFESUFNQUF3QURJQVh3QXhBREVBTVFBaUFDd0FJZ0ExQURZQU9RQm1BRFlBTXdCbUFEY0FNZ0JqQURjQU5nQmtBRGtBTVFCakFHSUFPQUF4QURrQVpBQm1BRElBTlFBaUFDd0FJZ0F4QURrQU13QTBBRjhBTVFBeEFERUFJZ0FzQUNJQU5RQTJBR0lBTlFCakFEVUFOUUE0QURJQVl3QTNBRFlBWkFBNUFESUFPQUJrQUdNQU13QmlBR1FBTlFCaEFEWUFJZ0FzQUNJQU1nQXhBRGNBTUFCZkFERUFNUUF4QUNJQUxBQWlBRFVBTmdBNUFHWUFaZ0JpQURZQVl3QTNBR1lBTVFBNEFHUUFOd0F4QURjQU1RQTRBR1VBTkFCbEFHWUFNZ0E0QUNJQUxBQWlBREVBTlFBNEFEQUFYd0F4QURFQU1RQWlBQ3dBSWdBMUFEWUFPUUF6QURrQVl3QXpBR0VBTWdCakFEY0FOZ0JrQURrQU1RQmpBREFBT0FCbEFEa0FPUUF5QUdJQU1BQWlBQ3dBSWdBeEFEZ0FOUUF6QUY4QU1RQXhBREVBSWdBc0FDSUFOUUEyQURrQVpnQm1BRGtBTndBMkFEY0FaZ0F4QURnQVpBQTNBREVBTndBeEFEZ0FaUUEwQUdVQVpRQTFBRFFBSWdBc0FDSUFNUUF6QURrQU13QmZBREVBTVFBeEFDSUFMQUFpQURVQU5nQmhBR0lBTVFBekFEY0FOZ0EzQUdZQU1RQTRBR1FBTndBeEFESUFNd0JqQUdZQVlRQXdBRFFBTlFBeEFDSUFMQUFpQURJQU1BQXpBRFVBWHdBeEFERUFNUUFpQUN3QUlnQTFBRFlBT1FBd0FHUUFZUUJrQURFQU53Qm1BREVBT0FCa0FEY0FNd0F4QURnQVl3QXdBRGtBWmdBMEFHUUFOd0FpQUN3QUlnQXhBRGdBTXdBeEFGOEFNUUF4QURFQUlnQXNBQ0lBTlFBMkFEa0FaZ0JtQURrQU53QTRBRGNBWmdBeEFEZ0FaQUEzQURFQU53QXhBRGdBWlFBMEFHVUFaUUExQURVQUlnQXNBQ0lBTVFBekFEY0FPQUJmQURFQU1RQXhBQ0lBTEFBaUFEVUFOZ0E1QUdZQVpnQmlBRFlBWkFBM0FHWUFNUUE0QUdRQU53QXhBRGNBTVFBNEFHVUFOQUJsQUdZQU1nQTVBQ0lBTEFBaUFERUFOQUEwQURZQVh3QXhBREVBTVFBaUFDd0FJZ0ExQURZQU9RQm1BR1lBT1FBM0FHRUFOd0JtQURFQU9BQmtBRGNBTVFBM0FERUFPQUJsQURRQVpRQmxBRFVBTmdBaUFDd0FJZ0F4QURRQU13QTRBRjhBTVFBeEFERUFJZ0FzQUNJQU5RQTJBRGdBWmdCa0FEY0FOZ0E0QURJQVl3QTNBRFlBWkFBNUFERUFZZ0JpQUdNQU5RQmxBR1VBT0FBNEFETUFJZ0FzQUNJQU1RQTRBRElBTVFCZkFERUFNUUF4QUNJQUxBQWlBRFVBTmdBM0FHSUFZZ0F4QUdZQU5BQXlBR01BTndBMkFHUUFPUUF3QURrQU13QmpBRFFBWkFCa0FEVUFaZ0JqQUNJQUxBQWlBREVBTndBekFEY0FYd0F4QURFQU1RQWlBQ3dBSWdBMUFEWUFOd0F6QUdZQU9BQmxBRFVBTndCbUFERUFPQUJrQURjQU1RQm1BR1VBWXdBeEFHRUFOUUE1QURNQU1BQWlBQ3dBSWdBeEFEWUFPQUF4QUY4QU1RQXhBREVBSWdBc0FDSUFOUUEyQUdJQU1BQTJBRGtBTXdBM0FESUFZd0EzQURZQVpBQTVBRElBWmdBMUFEQUFNZ0EwQURBQU1RQTRBRGdBSWdBc0FDSUFNZ0F3QURnQU1BQmZBREVBTVFBeEFDSUFMQUFpQURVQU5nQTVBREFBWmdBNUFERUFaQUEzQUdZQU1RQTRBR1FBTndBekFERUFPQUJqQURBQU9RQm1BRFFBWlFBekFDSUFMQUFpQURFQU9BQXpBRGNBWHdBeEFERUFNUUFpQUN3QUlnQTFBRFlBT0FCbEFEVUFZd0ExQUdNQU1nQmpBRGNBTmdCa0FEa0FNUUEyQURRQVl3QmxBRElBWXdBekFHSUFNd0FpQUN3QUlnQXhBRGNBT1FBNUFGOEFNUUF4QURFQUlnQXNBQ0lBTlFBMkFHSUFaUUF3QURjQVpnQmlBRElBWXdBM0FEWUFaQUE1QURFQVpBQmhBR01BTWdBeUFERUFPQUJtQUdRQUlnQXNBQ0lBTWdBeUFEZ0FOZ0JmQURFQU1RQXhBQ0lBTEFBaUFEVUFOZ0E1QUdZQVpnQTVBRGNBWmdBM0FHWUFNUUE0QUdRQU53QXhBRGNBTVFBNEFHVUFOQUJsQUdVQU5RQTNBQ0lBTEFBaUFERUFOQUF6QURFQVh3QXhBREVBTVFBaUFDd0FJZ0ExQURZQVlnQTFBR1VBTUFBd0FHWUFOd0JtQURFQU9BQmtBRGNBTUFBMEFEUUFOQUEzQUdVQU9RQm1BR0VBT1FBaUFDd0FJZ0F5QURFQU9BQXdBRjhBTVFBeEFERUFJZ0FzQUNJQU5RQTJBRGtBWmdCbUFHSUFOd0F3QURjQVpnQXhBRGdBWkFBM0FERUFOd0F4QURnQVpRQTBBR1VBWmdBeUFHRUFJZ0FzQUNJQU1RQTBBREFBTVFCZkFERUFNUUF4QUNJQUxBQWlBRFVBTmdCaUFHRUFaUUF5QURRQU5BQTNBR1lBTVFBNEFHUUFOd0F4QURRQVpRQTBBR01BWkFCbUFHVUFZZ0JoQUNJQUxBQWlBRElBTWdBekFEWUFYd0F4QURFQU1RQWlBQ3dBSWdBMUFEWUFPUUJtQUdZQVlnQTNBREVBTndCbUFERUFPQUJrQURjQU1RQTNBREVBT0FCbEFEUUFaUUJtQURJQVlnQWlBQ3dBSWdBeEFEVUFOQUEwQUY4QU1RQXhBREVBSWdBc0FDSUFOUUEyQURrQVpnQm1BR0lBTndBekFEY0FaZ0F4QURnQVpBQTNBREVBTndBeEFEZ0FaUUEwQUdVQVpnQXlBR01BSWdBc0FDSUFNUUEyQURNQU1nQmZBREVBTVFBeEFDSUFMQUFpQURVQU5nQmlBR0lBTWdBNUFEY0FNQUEzQUdZQU1RQTRBR1FBTndBeEFEUUFaUUEwQUdNQVpBQm1BR1VBWlFBekFDSUFMQUFpQURJQU1nQTFBRElBWHdBeEFERUFNUUFpQUN3QUlnQTFBRFlBWWdCa0FHWUFaQUExQURRQU1nQmpBRGNBTmdCa0FEa0FNUUJrQUdFQVl3QXlBRElBTVFBNEFHWUFNQUFpQUN3QUlnQXlBRElBT0FBekFGOEFNUUF4QURFQUlnQXNBQ0lBTlFBMkFHRUFOZ0E1QURjQVl3QmlBRGNBWmdBeEFEZ0FaQUEzQURJQU13QmlBRFFBWVFCaUFERUFaUUJoQUdFQUlnQXNBQ0lBTVFBNUFEWUFOZ0JmQURFQU1RQXhBQ0lBTEFBaUFEVUFOZ0JpQURFQU1nQXlBRGdBT1FBeUFHTUFOd0EyQUdRQU9RQXlBR1lBTlFBd0FESUFOQUF3QURFQU9RQmpBQ0lBTEFBaUFESUFNQUE1QURBQVh3QXhBREVBTVFBaUFDd0FJZ0ExQURZQVlRQm1BRFVBTndCbEFESUFNZ0JqQURjQU5nQmtBRGtBTWdCbUFEVUFNQUF5QURRQU1BQXhBRFlBTVFBaUFDd0FJZ0F5QURBQU5nQTFBRjhBTVFBeEFERUFJZ0FzQUNJQU5RQTJBRGtBWmdCbUFEa0FPQUF5QURjQVpnQXhBRGdBWkFBM0FERUFOd0F4QURnQVpRQTBBR1VBWlFBMUFEZ0FJZ0FzQUNJQU1RQTFBRGtBTXdCZkFERUFNUUF4QUNJQUxBQWlBRFVBTmdCaEFHRUFNd0JrQUdRQU9RQXlBR01BTndBMkFHUUFPUUF4QUdZQVpBQXdBR1lBWXdCa0FEUUFNQUJoQUNJQUxBQWlBRElBTUFBeUFEZ0FYd0F4QURFQU1RQWlBQ3dBSWdBMUFEWUFPUUJtQUdZQVlnQTNBRFFBTndCbUFERUFPQUJrQURjQU1RQTNBREVBT0FCbEFEUUFaUUJtQURJQVpBQWlBQ3dBSWdBeEFEUUFOQUF6QUY4QU1RQXhBREVBSWdBc0FDSUFOUUEyQUdFQVpnQTNBRFFBTXdCakFEY0FaZ0F4QURnQVpBQTNBRElBWXdBMEFEUUFaZ0F4QUdJQU5RQmtBR01BSWdBc0FDSUFNZ0F3QURZQU9RQmZBREVBTVFBeEFDSUFMQUFpQURVQU5nQTVBR1lBWmdCaUFEY0FOZ0EzQUdZQU1RQTRBR1FBTndBeEFEY0FNUUE0QUdVQU5BQmxBR1lBTWdCbEFDSUFMQUFpQURFQU5BQTVBRFlBWHdBeEFERUFNUUFpQUN3QUlnQTFBRFlBT1FCbUFHWUFPUUE0QURRQU53Qm1BREVBT0FCa0FEY0FNUUEzQURFQU9BQmxBRFFBWlFCbEFEVUFPUUFpQUN3QUlnQXhBRFlBTVFBeUFGOEFNUUF4QURFQUlnQXNBQ0lBTlFBMkFHSUFZZ0F3QUdZQVpnQmpBRGNBWmdBeEFEZ0FaQUEzQURFQU5BQmxBRFFBWXdCa0FHWUFaUUJrQURFQUlnQXNBQ0lBTWdBeUFEUUFOZ0JmQURFQU1RQXhBQ0lBTEFBaUFEVUFOZ0E1QURNQU5RQmpBRFlBTXdBM0FHWUFNUUE0QUdRQU53QXpBREVBT0FCakFEQUFPUUJtQURRQVpnQmhBQ0lBTEFBaUFERUFPQUEwQURJQVh3QXhBREVBTVFBaUFDd0FJZ0ExQURZQVlnQTRBRGdBTkFCakFEZ0FNZ0JqQURjQU5nQmtBRGtBTWdBNEFHUUFZd0F6QUdJQVpBQTJBRElBTUFBaUFDd0FJZ0F5QURJQU1BQTFBRjhBTVFBeEFERUFJZ0FzQUNJQU5RQTJBRGtBWmdCbUFEa0FPQUEyQURjQVpnQXhBRGdBWkFBM0FERUFOd0F4QURnQVpRQTBBR1VBWlFBMUFHRUFJZ0FzQUNJQU1RQTJBREVBT1FCZkFERUFNUUF4QUNJQUxBQWlBRFVBTmdBNUFHWUFaZ0E1QURnQU53QTNBR1lBTVFBNEFHUUFOd0F4QURjQU1RQTRBR1VBTkFCbEFHVUFOUUJpQUNJQUxBQWlBREVBTlFBeEFEVUFYd0F4QURFQU1RQWlBQ3dBSWdBMUFEWUFOd0EwQURrQVl3QTNBR1FBTWdCakFEY0FOZ0JrQURrQU1BQm1BRGNBTUFBd0FESUFNZ0JrQUdRQVpBQWlBQ3dBSWdBeEFEY0FNQUF4QUY4QU1RQXhBREVBSWdBc0FDSUFOUUEyQUdJQU5RQXhBRGNBWlFBeEFESUFZd0EzQURZQVpBQTVBRElBT0FCa0FHTUFNd0JpQUdRQU5RQTRBR1VBSWdBc0FDSUFNZ0F4QURZQU1BQmZBREVBTVFBeEFDSUFMQUFpQURVQU5nQTVBR1lBWmdCaUFEY0FOd0EzQUdZQU1RQTRBR1FBTndBeEFEY0FNUUE0QUdVQU5BQmxBR1lBTWdCbUFDSUFMQUFpQURFQU13QTVBREVBWHdBeEFERUFNUUFpQUN3QUlnQTFBRFlBWWdBd0FEY0FPQUJtQUdJQU1nQmpBRGNBTmdCa0FEa0FNZ0JtQURVQU1BQXlBRFFBTUFBeEFEZ0FaUUFpQUN3QUlnQXlBREFBT0FBeEFGOEFNUUF4QURFQUlnQXNBQ0lBTlFBMkFEa0FaZ0JtQURrQU9BQmhBRGNBWmdBeEFEZ0FaQUEzQURFQU53QXhBRGdBWlFBMEFHVUFaUUExQUdNQUlnQXNBQ0lBTVFBMEFEa0FPQUJmQURFQU1RQXhBQ0lBTEFBaUFEVUFOZ0E1QUdFQU1nQTRBRGNBTndBeUFHTUFOd0EyQUdRQU9RQXlBRElBWlFCakFESUFOZ0JoQURjQU5nQXhBQ0lBTEFBaUFERUFPUUF3QURnQVh3QXhBREVBTVFBaUFDd0FJZ0ExQURZQU9RQXhBREFBTmdCaUFEY0FNZ0JqQURjQU5nQmtBRGtBTVFCakFEQUFPQUJsQURrQU9RQXlBRGdBWXdBaUFDd0FJZ0F4QURnQU13QTVBRjhBTVFBeEFERUFJZ0FzQUNJQU5RQTJBRGtBWmdCbUFEa0FPQUJqQURjQVpnQXhBRGdBWkFBM0FERUFOd0F4QURnQVpRQTBBR1VBWlFBMUFHUUFJZ0FzQUNJQU1RQTFBRFVBT1FCZkFERUFNUUF4QUNJQUxBQWlBRFVBTmdBNUFHWUFaZ0JpQURjQU9RQTNBR1lBTVFBNEFHUUFOd0F4QURjQU1RQTRBR1VBTkFCbEFHWUFNd0F3QUNJQUxBQWlBREVBTkFBMkFEa0FYd0F4QURFQU1RQWlBQ3dBSWdBMUFEWUFOd0EwQURNQU5nQXlBRFFBTndCbUFERUFPQUJrQURjQU1RQm1BR1VBWXdBeEFHRUFOUUE1QURNQVlnQWlBQ3dBSWdBeEFEWUFPQUF6QUY4QU1RQXhBREVBSWdBc0FDSUFOUUEyQUdFQU9RQmlBR1lBWkFBMkFESUFZd0EzQURZQVpBQTVBREVBWmdCa0FEQUFaZ0JqQUdRQU13QmtBR1VBSWdBc0FDSUFNZ0F3QURJQU1RQmZBREVBTVFBeEFDSUFMQUFpQURVQU5nQmhBRGNBWmdBMUFHTUFOd0EzQUdZQU1RQTRBR1FBTndBeUFETUFNUUJqQURBQVlnQmpBRElBT1FCbUFDSUFMQUFpQURFQU9RQTRBRFFBWHdBeEFERUFNUUFpQUN3QUlnQTFBRFlBT0FCbEFEWUFPUUF3QURZQU53Qm1BREVBT0FCa0FEY0FNZ0ExQUdZQU1BQmlBRE1BWmdBeEFEQUFaUUFpQUN3QUlnQXhBRGdBTUFBd0FGOEFNUUF4QURFQUlnQXNBQ0lBTlFBMkFEa0FaZ0JtQUdJQU53QmlBRGNBWmdBeEFEZ0FaQUEzQURFQU53QXhBRGdBWlFBMEFHVUFaZ0F6QURFQUlnQXNBQ0lBTVFBMUFEa0FOQUJmQURFQU1RQXhBQ0lBTEFBaUFEVUFOZ0JpQURFQVpnQmlBR0VBWWdBeUFHTUFOd0EyQUdRQU9RQXlBR1lBTlFBd0FESUFOQUF3QURFQVlnQmxBQ0lBTEFBaUFESUFNUUF3QURjQVh3QXhBREVBTVFBaUFDd0FJZ0ExQURZQVlnQTVBR0VBTndBeUFEQUFNZ0JqQURjQU5nQmtBRGtBTUFBNEFHSUFNQUJpQURrQU5BQXhBRElBTXdBaUFDd0FJZ0F5QURJQU1RQTJBRjhBTVFBeEFERUFJZ0FzQUNJQU5RQTJBR0lBTWdBeUFEQUFOUUJpQURjQVpnQXhBRGdBWkFBM0FESUFZd0EwQURRQVpnQXhBR0lBTmdBekFEa0FJZ0FzQUNJQU1nQXhBREVBTkFCZkFERUFNUUF4QUNJQUxBQWlBRFVBTmdBNUFHWUFaZ0E1QURrQU1BQTNBR1lBTVFBNEFHUUFOd0F4QURjQU1RQTRBR1VBTkFCbEFHVUFOUUJsQUNJQUxBQWlBREVBTlFBeUFEY0FYd0F4QURFQU1RQWlBQ3dBSWdBMUFEWUFZZ0JoQURZQVl3QTFBRGdBTndCbUFERUFPQUJrQURjQU1nQm1BRGtBT0FBNUFHWUFNQUE0QUdNQU9RQWlBQ3dBSWdBeUFESUFNZ0EyQUY4QU1RQXhBREVBSWdBc0FDSUFOUUEyQURrQVpnQm1BR0lBTndCakFEY0FaZ0F4QURnQVpBQTNBREVBTndBeEFEZ0FaUUEwQUdVQVpnQXpBRElBSWdBc0FDSUFNUUExQURFQU13QmZBREVBTVFBeEFDSUFMQUFpQURVQU5nQTRBREVBWVFBeUFEY0FOQUF5QUdNQU53QTJBR1FBT1FBd0FHRUFNd0JqQURZQVpBQmpBRElBTlFCaEFDSUFMQUFpQURFQU53QTBBRFVBWHdBeEFERUFNUUFpQUN3QUlnQTFBRFlBT1FBd0FHWUFNQUJqQURNQU53Qm1BREVBT0FCa0FEY0FNd0F4QURnQVl3QXdBRGtBWmdBMEFHVUFNQUFpQUN3QUlnQXhBRGdBTXdBMkFGOEFNUUF4QURFQUlnQXNBQ0lBTlFBMkFHRUFOd0EwQUdVQVpBQTFBRGNBWmdBeEFEZ0FaQUEzQURJQU13QmlBRFFBWVFCaUFERUFaUUJpQUdRQUlnQXNBQ0lBTVFBNUFEY0FOQUJmQURFQU1RQXhBQ0lBTEFBaUFEVUFOZ0JpQUdNQU9BQXdBR01BWXdBeUFHTUFOd0EyQUdRQU9RQXhBR1FBWVFCakFESUFNZ0F4QURnQU5RQXdBQ0lBTEFBaUFESUFNZ0ExQURZQVh3QXhBREVBTVFBaUFDd0FJZ0ExQURZQU9RQm1BR1lBT1FBNUFETUFOd0JtQURFQU9BQmtBRGNBTVFBM0FERUFPQUJsQURRQVpRQmxBRFVBWmdBaUFDd0FJZ0F4QURZQU1nQXdBRjhBTVFBeEFERUFJZ0FzQUNJQU5RQTJBRGtBWmdCbUFHSUFOd0JrQURjQVpnQXhBRGdBWkFBM0FERUFOd0F4QURnQVpRQTBBR1VBWmdBekFETUFJZ0FzQUNJQU1RQTBBRE1BTUFCZkFERUFNUUF4QUNJQUxBQWlBRFVBTmdBNEFHVUFaQUJqQUdNQU1nQXlBR01BTndBMkFHUUFPUUF5QURVQU5BQXdBRGNBTmdBNUFEVUFOZ0JpQUNJQUxBQWlBREVBT0FBd0FEZ0FYd0F4QURFQU1RQWlBQ3dBSWdBMUFEWUFZZ0E0QURZQU1BQm1BR0VBTWdCakFEY0FOZ0JrQURrQU1nQTRBR1FBWXdBekFHSUFaQUExQUdVQVl3QWlBQ3dBSWdBeUFESUFNQUF3QUY4QU1RQXhBREVBSWdBc0FDSUFOUUEyQURnQU5BQm1BR1FBTVFCa0FEY0FaZ0F4QURnQVpBQTNBREFBWWdBNUFEUUFPUUEyQURnQVpRQmxBRGdBSWdBc0FDSUFNUUEzQURVQU5nQmZBREVBTVFBeEFDSUFMQUFpQURVQU5nQmhBR0lBTlFCaUFEZ0FOZ0EzQUdZQU1RQTRBR1FBTndBeEFESUFNd0JqQUdZQVlRQXdBRFFBTmdBNUFDSUFMQUFpQURJQU1BQTBBREVBWHdBeEFERUFNUUFpQUN3QUlnQTFBRFlBWVFBM0FEVUFZZ0E1QUdVQU53Qm1BREVBT0FCa0FEY0FNZ0F6QUdJQU5BQmhBR0lBTVFCbEFHTUFZUUFpQUN3QUlnQXhBRGtBTndBM0FGOEFNUUF4QURFQUlnQXNBQ0lBTlFBMkFEa0FaZ0JtQUdJQU53QmxBRGNBWmdBeEFEZ0FaQUEzQURFQU53QXhBRGdBWlFBMEFHVUFaZ0F6QURRQUlnQXNBQ0lBTVFBMkFESUFOQUJmQURFQU1RQXhBQ0lBTEFBaUFEVUFOZ0JoQUdZQU53QTJBREVBWmdBeUFHTUFOd0EyQUdRQU9RQXlBR1lBTlFBd0FESUFOQUF3QURFQU53QTBBQ0lBTEFBaUFESUFNQUEzQURBQVh3QXhBREVBTVFBaUFDd0FJZ0ExQURZQU9RQm1BR1lBT1FBNUFEZ0FOd0JtQURFQU9BQmtBRGNBTVFBM0FERUFPQUJsQURRQVpRQmxBRFlBTUFBaUFDd0FJZ0F4QURZQU5BQTRBRjhBTVFBeEFERUFJZ0FzQUNJQU5RQTJBRGtBTXdBM0FHUUFZd0EwQURJQVl3QTNBRFlBWkFBNUFERUFZd0F3QURnQVpRQTVBRGtBTWdBNUFHTUFJZ0FzQUNJQU1RQTRBRFFBT0FCZkFERUFNUUF4QUNJQUxBQWlBRFVBTmdCaEFEY0FNd0EyQURrQU1BQTNBR1lBTVFBNEFHUUFOd0F5QURNQVlnQTBBR0VBWWdBeEFHVUFZZ0F5QUNJQUxBQWlBREVBT1FBMkFEa0FYd0F4QURFQU1RQWlBQ3dBSWdBMUFEWUFPUUEwQUdVQVlnQXdBRFVBTndCbUFERUFPQUJrQURjQU1nQmhBRFFBT0FBMUFHUUFNUUExQURZQU5nQWlBQ3dBSWdBeEFEZ0FPQUF3QUY4QU1RQXhBREVBSWdBc0FDSUFOUUEyQURnQU5RQXlBRFVBTlFBMEFEY0FaZ0F4QURnQVpBQTNBREFBWWdBNUFEUUFPUUEyQURnQVpRQm1BR1VBSWdBc0FDSUFNUUEzQURVQU9BQmZBREVBTVFBeEFDSUFMQUFpQURVQU5nQTRBR1VBTndBd0FESUFNUUEzQUdZQU1RQTRBR1FBTndBeUFEVUFaZ0F3QUdJQU13Qm1BREVBTVFBeEFDSUFMQUFpQURFQU9BQXdBREVBWHdBeEFERUFNUUFpQUN3QUlnQTFBRFlBWVFBeEFHWUFNd0F6QURnQU53Qm1BREVBT0FCa0FEY0FNUUEwQURZQU5BQXdBR1VBTVFBekFEWUFOUUFpQUN3QUlnQXhBRGtBTkFBNEFGOEFNUUF4QURFQUlnQXNBQ0lBTlFBMkFHSUFOQUE0QURjQU1BQTRBRGNBWmdBeEFEZ0FaQUEzQURBQVpnQTJBREFBTndCaEFHRUFPUUJqQUdZQUlnQXNBQ0lBTWdBeEFEVUFNd0JmQURFQU1RQXhBQ0lBTEFBaUFEVUFOZ0E1QUdZQVpnQmlBRGdBTWdBM0FHWUFNUUE0QUdRQU53QXhBRGNBTVFBNEFHVUFOQUJsQUdZQU13QTFBQ0lBTEFBaUFERUFOUUE1QURFQVh3QXhBREVBTVFBaUFDd0FJZ0ExQURZQU9RQm1BR1lBWWdBNEFETUFOd0JtQURFQU9BQmtBRGNBTVFBM0FERUFPQUJsQURRQVpRQm1BRE1BTmdBaUFDd0FJZ0F4QURVQU1RQTRBRjhBTVFBeEFERUFJZ0FzQUNJQU5RQTJBRGdBWlFBNUFESUFaZ0F6QURjQVpnQXhBRGdBWkFBM0FESUFOUUJtQURBQVlnQXpBR1lBTVFBeUFEUUFJZ0FzQUNJQU1RQTRBREFBTlFCZkFERUFNUUF4QUNJQUxBQWlBRFVBTmdCaUFEY0FNd0F3QUdZQVlnQTNBR1lBTVFBNEFHUUFOd0F3QURRQU5BQTBBRGNBWlFBNUFHWUFZd0JqQUNJQUxBQWlBRElBTVFBNUFETUFYd0F4QURFQU1RQWlBQ3dBSWdBMUFEWUFOd0F6QUdVQVpBQmhBR1VBTWdCakFEY0FOZ0JrQURrQU1RQTNBRGdBWXdCaUFERUFOZ0EyQURJQU13QWlBQ3dBSWdBeEFEWUFOd0E1QUY4QU1RQXhBREVBSWdBc0FDSUFOUUEyQURrQVpnQm1BRGtBT1FCa0FEY0FaZ0F4QURnQVpBQTNBREVBTndBeEFEZ0FaUUEwQUdVQVpRQTJBREVBSWdBc0FDSUFNUUEwQURBQU5nQmZBREVBTVFBeEFDSUFMQUFpQURVQU5nQTVBR1lBWmdBNUFEa0FaUUEzQUdZQU1RQTRBR1FBTndBeEFEY0FNUUE0QUdVQU5BQmxBR1VBTmdBeUFDSUFMQUFpQURFQU13QTNBREFBWHdBeEFERUFNUUFpQUN3QUlnQTFBRFlBT1FCbUFHWUFPUUJoQURBQU53Qm1BREVBT0FCa0FEY0FNUUEzQURFQU9BQmxBRFFBWlFCbEFEWUFNd0FpQUN3QUlnQXhBRFFBTVFBNUFGOEFNUUF4QURFQUlnQXNBQ0lBTlFBMkFEa0FOUUF3QURZQU53QTNBRGNBWmdBeEFEZ0FaQUEzQURJQVlRQTBBRGdBTlFCa0FERUFOUUEyQUdZQUlnQXNBQ0lBTVFBNEFEZ0FOd0JmQURFQU1RQXhBQ0lBTEFBaUFEVUFOZ0EzQUdJQU9RQTNBRFFBTUFBeUFHTUFOd0EyQUdRQU9RQXdBRGtBTXdCakFEUUFaQUJrQURVQVpnQTFBQ0lBTEFBaUFERUFOd0F6QURZQVh3QXhBREVBTVFBaUFDd0FJZ0ExQURZQVlRQTVBRGtBTmdCakFHTUFNZ0JqQURjQU5nQmtBRGtBTVFCbUFHUUFNQUJtQUdNQVpBQXpBR1FBTXdBaUFDd0FJZ0F5QURBQU1RQTRBRjhBTVFBeEFERUFJZ0FzQUNJQU5RQTJBRGtBWmdCbUFHSUFPQUEyQURjQVpnQXhBRGdBWkFBM0FERUFOd0F4QURnQVpRQTBBR1VBWmdBekFEY0FJZ0FzQUNJQU1RQTBBRElBT1FCZkFERUFNUUF4QUNJQUxBQWlBRFVBTmdBMEFHSUFPUUJsQURZQU9BQTNBR1lBTVFBNEFHUUFOd0F5QURrQVlRQmpBRGdBT0FCaEFEa0FaZ0JqQUNJQUxBQWlBREVBTkFBMEFEUUFYd0F4QURFQU1RQWlBQ3dBSWdBMUFEWUFPUUJtQUdZQU9RQmhBRFFBTndCbUFERUFPQUJrQURjQU1RQTNBREVBT0FCbEFEUUFaUUJsQURZQU5BQWlBQ3dBSWdBeEFEWUFNUUEyQUY4QU1RQXhBREVBSWdBc0FDSUFOUUEyQURrQVpnQm1BR0lBT0FBM0FEY0FaZ0F4QURnQVpBQTNBREVBTndBeEFEZ0FaUUEwQUdVQVpnQXpBRGdBSWdBc0FDSUFNUUEwQURJQU1RQmZBREVBTVFBeEFDSUFMQUFpQURVQU5nQTVBR1lBWmdBNUFHRUFOZ0EzQUdZQU1RQTRBR1FBTndBeEFEY0FNUUE0QUdVQU5BQmxBR1VBTmdBMUFDSUFMQUFpQURFQU5RQXhBRElBWHdBeEFERUFNUUFpQUN3QUlnQTFBRFlBWWdCaUFERUFPQUJtQUdJQU53Qm1BREVBT0FCa0FEY0FNUUEwQUdVQU5BQmpBR1FBWmdCbEFHUUFOZ0FpQUN3QUlnQXlBRElBTkFBNUFGOEFNUUF4QURFQUlnQXNBQ0lBTlFBMkFEa0FaZ0JtQURrQVlRQTNBRGNBWmdBeEFEZ0FaQUEzQURFQU53QXhBRGdBWlFBMEFHVUFaUUEyQURZQUlnQXNBQ0lBTVFBMEFETUFOQUJmQURFQU1RQXhBQ0lBTEFBaUFEVUFOZ0JpQURnQVlnQmhBR1VBTlFBeUFHTUFOd0EyQUdRQU9RQXlBRGdBWkFCakFETUFZZ0JrQURZQU13QmtBQ0lBTEFBaUFESUFNZ0F4QURRQVh3QXhBREVBTVFBaUFDd0FJZ0ExQURZQU9RQmhBRFVBTUFCaUFEZ0FOd0JtQURFQU9BQmtBRGNBTWdCaUFHSUFOQUJrQUdZQVl3QmtBREVBWWdBaUFDd0FJZ0F4QURrQU1RQXlBRjhBTVFBeEFERUFJZ0FzQUNJQU5RQTJBRFVBT0FCaUFEWUFOQUF5QURjQVpnQXhBRGdBWkFBM0FEUUFOUUF4QUdNQU5BQXlBREVBT0FCbEFHRUFJZ0FzQUNJQU1RQTBBRGdBT0FCZkFERUFNUUF4QUNJQUxBQWlBRFVBTmdBNEFHWUFPUUF5QURVQU1nQTNBR1lBTVFBNEFHUUFOd0F4QURrQVpBQTBBR0lBTUFBNEFHWUFZd0E0QUNJQUxBQWlBREVBT0FBeEFESUFYd0F4QURFQU1RQWlBQ3dBSWdBMUFEWUFPUUJtQUdZQU9RQmhBR0lBTndCbUFERUFPQUJrQURjQU1RQTNBREVBT0FCbEFEUUFaUUJsQURZQU53QWlBQ3dBSWdBeEFEWUFNZ0F5QUY4QU1RQXhBREVBSWdBc0FDSUFOUUEyQUdFQU1nQXpBRE1BWmdCaEFEY0FaZ0F4QURnQVpBQTNBREVBTkFBMkFEUUFNQUJsQURFQU13QTNBRElBSWdBc0FDSUFNUUE1QURVQU1RQmZBREVBTVFBeEFDSUFMQUFpQURVQU5nQmlBRGtBWWdBMkFERUFOZ0F5QUdNQU53QTJBR1FBT1FBd0FEZ0FZZ0F3QUdJQU9RQTBBREVBTWdBM0FDSUFMQUFpQURJQU1nQXhBRGdBWHdBeEFERUFNUUFpQUN3QUlnQTFBRFlBWWdBMUFHTUFaUUJsQURVQU53Qm1BREVBT0FCa0FEY0FNQUEwQURRQU5BQTNBR1VBT1FCbUFEa0FOZ0FpQUN3QUlnQXlBREVBTndBekFGOEFNUUF4QURFQUlnQXNBQ0lBTlFBMkFEZ0FZd0JsQURRQU9RQTJBRGNBWmdBeEFEZ0FaQUEzQURFQU1RQmhBREFBWmdBMUFEWUFNUUJqQURrQUlnQXNBQ0lBTVFBM0FEY0FPQUJmQURFQU1RQXhBQ0lBTEFBaUFEVUFOZ0E1QUdZQVpnQTVBR0lBTVFBM0FHWUFNUUE0QUdRQU53QXhBRGNBTVFBNEFHVUFOQUJsQUdVQU5nQTRBQ0lBTEFBaUFERUFOUUF6QURjQVh3QXhBREVBTVFBaUFDd0FJZ0ExQURZQU9RQXpBRGNBTndCaEFETUFOd0JtQURFQU9BQmtBRGNBTXdBeEFEZ0FZd0F3QURrQVpnQTBBR1lBWkFBaUFDd0FJZ0F4QURnQU5BQTFBRjhBTVFBeEFERUFJZ0FzQUNJQU5RQTJBRGtBWmdCbUFEa0FZZ0F6QURjQVpnQXhBRGdBWkFBM0FERUFOd0F4QURnQVpRQTBBR1VBWlFBMkFEa0FJZ0FzQUNJQU1RQTBBRE1BTndCZkFERUFNUUF4QUNJQUxBQWlBRFVBTmdBM0FETUFaUUEyQUdNQVpnQXlBR01BTndBMkFHUUFPUUF4QURjQU9BQmpBR0lBTVFBMkFEWUFNZ0F4QUNJQUxBQWlBREVBTmdBM0FEY0FYd0F4QURFQU1RQWlBQ3dBSWdBMUFEWUFPUUF3QUdVQU5BQXhBR01BTWdCakFEY0FOZ0JrQURrQU1RQmpBREFBT0FCbEFEa0FPUUF5QURjQU9BQWlBQ3dBSWdBeEFEZ0FNd0F6QUY4QU1RQXhBREVBSWdBc0FDSUFOUUEyQUdJQU1nQXhBR1VBTkFBeEFESUFZd0EzQURZQVpBQTVBRElBWmdBMUFEQUFNZ0EwQURBQU1RQmtBRElBSWdBc0FDSUFNZ0F4QURFQU13QmZBREVBTVFBeEFDSUFMQUFpQURVQU5nQTVBR1lBWmdBNUFHSUFOZ0EzQUdZQU1RQTRBR1FBTndBeEFEY0FNUUE0QUdVQU5BQmxBR1VBTmdCaEFDSUFMQUFpQURFQU5BQTFBRElBWHdBeEFERUFNUUFpQUN3QUlnQTFBRFlBT1FCa0FEQUFPQUJpQURVQU53Qm1BREVBT0FCa0FEY0FNZ0JpQUdJQU5BQmtBR1lBWXdCa0FEWUFOQUFpQUN3QUlnQXhBRGtBTWdBNUFGOEFNUUF4QURFQUlnQXNBQ0lBTlFBMkFEa0FaZ0JtQURrQVlnQTNBRGNBWmdBeEFEZ0FaQUEzQURFQU53QXhBRGdBWlFBMEFHVUFaUUEyQUdJQUlnQXNBQ0lBTVFBMkFESUFNd0JmQURFQU1RQXhBQ0lBTEFBaUFEVUFOZ0JpQURNQU5BQTVBR0VBTkFBeUFHTUFOd0EyQUdRQU9RQXhBRGtBTmdCakFEZ0FOUUF3QURVQVlnQmpBQ0lBTEFBaUFESUFNUUF6QURRQVh3QXhBREVBTVFBaUFDd0FJZ0ExQURZQU9RQm1BR1lBWXdBMEFETUFOd0JtQURFQU9BQmtBRGNBTVFBM0FERUFPQUJsQURRQVpRQm1BRGtBTWdBaUFDd0FJZ0F4QURNQU5BQXlBRjhBTVFBeEFERUFJZ0FzQUNJQU5RQTJBRGtBWmdCbUFHTUFZUUF4QURjQVpnQXhBRGdBWkFBM0FERUFOd0F4QURnQVpRQTBBR1VBWmdCaUFHTUFJZ0FzQUNJQU1RQXpBRE1BTndCZkFERUFNUUF4QUNJQUxBQWlBRFVBTmdBNUFHWUFaZ0JqQUdFQU13QTNBR1lBTVFBNEFHUUFOd0F4QURjQU1RQTRBR1VBTkFCbEFHWUFZZ0JsQUNJQUxBQWlBREVBTXdBMEFEZ0FYd0F4QURFQU1RQWlBQ3dBSWdBMUFEWUFPUUJtQUdZQVl3QmhBRFlBTndCbUFERUFPQUJrQURjQU1RQTNBREVBT0FCbEFEUUFaUUJtQUdNQU1BQWlBQ3dBSWdBeEFETUFNd0EwQUY4QU1RQXhBREVBSWdBc0FDSUFOUUEyQURrQVpnQm1BR01BWWdCaEFEY0FaZ0F4QURnQVpBQTNBREVBTndBeEFEZ0FaUUEwQUdVQVpnQmpBR1lBSWdBc0FDSUFNUUF6QURRQU5BQmZBREVBTVFBeEFDSUFMQUFpQURVQU5nQTVBR1lBWmdCakFHSUFZd0EzQUdZQU1RQTRBR1FBTndBeEFEY0FNUUE0QUdVQU5BQmxBR1lBWkFBd0FDSUFMQUFpQURFQU13QTJBRFFBWHdBeEFERUFNUUFpQUN3QUlnQTFBRFlBT1FCbUFHWUFZd0JpQUdRQU53Qm1BREVBT0FCa0FEY0FNUUEzQURFQU9BQmxBRFFBWlFCbUFHUUFNUUFpQUN3QUlnQXhBRE1BTXdBMkFGOEFNUUF4QURFQUlnQXNBQ0lBTlFBMkFEa0FaZ0JtQUdNQVlnQm1BRGNBWmdBeEFEZ0FaQUEzQURFQU53QXhBRGdBWlFBMEFHVUFaZ0JrQURJQUlnQXNBQ0lBTVFBekFETUFNd0JmQURFQU1RQXhBQ0lBTEFBaUFEVUFOZ0E1QUdZQVpnQTNBR1VBWWdBM0FHWUFNUUE0QUdRQU53QXhBRGNBTVFBNEFHVUFOQUJsQUdRQVl3QTNBQ0lBTEFBaUFERUFNd0EwQURFQVh3QXhBREVBTVFBaUFDd0FJZ0ExQURZQU9RQm1BR1lBWWdCaEFHTUFOd0JtQURFQU9BQmtBRGNBTVFBM0FERUFPQUJsQURRQVpRQm1BRFFBWWdBaUFDd0FJZ0F4QURNQU5BQTFBRjhBTVFBeEFERUFJZ0FzQUNJQU5RQTJBRGtBWmdCbUFEY0FaZ0EyQURjQVpnQXhBRGdBWkFBM0FERUFOd0F4QURnQVpRQTBBR1VBWkFCakFHWUFJZ0FzQUNJQU1RQXpBRFVBTlFCZkFERUFNUUF4QUNJQUxBQWlBRFVBTmdBNUFHWUFaZ0JpQUdFQVpRQTNBR1lBTVFBNEFHUUFOd0F4QURjQU1RQTRBR1VBTkFCbEFHWUFOQUJqQUNJQUxBQWlBREVBTXdBekFEZ0FYd0F4QURFQU1RQWlBQ3dBSWdBMUFEWUFPUUJtQUdZQU53Qm1BRGtBTndCbUFERUFPQUJrQURjQU1RQTNBREVBT0FCbEFEUUFaUUJrQUdRQU1RQWlBQ3dBSWdBeEFETUFOZ0F4QUY4QU1RQXhBREVBSWdBc0FDSUFOUUEyQURrQVpnQm1BRGdBTUFCakFEY0FaZ0F4QURnQVpBQTNBREVBTndBeEFEZ0FaUUEwQUdVQVpBQmtBRGtBSWdBc0FDSUFNUUF6QURRQU1BQmZBREVBTVFBeEFDSUFMQUFpQURVQU5nQTVBR1lBWmdBNEFERUFOQUEzQUdZQU1RQTRBR1FBTndBeEFEY0FNUUE0QUdVQU5BQmxBR1FBWkFCbUFDSUFMQUFpQURFQU13QTBBRE1BWHdBeEFERUFNUUFpQUN3QUlnQTFBRFlBT1FCbUFHWUFPQUF5QUdNQU53Qm1BREVBT0FCa0FEY0FNUUEzQURFQU9BQmxBRFFBWlFCa0FHWUFNQUFpQUN3QUlnQXhBRE1BTkFBM0FGOEFNUUF4QURFQUlnQXNBQ0lBTlFBMkFEa0FaZ0JtQUdNQVpnQTJBRGNBWmdBeEFEZ0FaQUEzQURFQU53QXhBRGdBWlFBMEFHVUFaZ0JsQURJQUlnQXNBQ0lBTVFBekFETUFNUUJmQURFQU1RQXhBQ0lBTEFBaUFEVUFOZ0E1QUdZQVpnQTRBR1lBTUFBM0FHWUFNUUE0QUdRQU53QXhBRGNBTVFBNEFHVUFOQUJsQUdVQU13QTNBQ0lBTEFBaUFERUFNd0F6QURrQVh3QXhBREVBTVFBaUFDd0FJZ0ExQURZQU9RQm1BR1lBT1FCakFHWUFOd0JtQURFQU9BQmtBRGNBTVFBM0FERUFPQUJsQURRQVpRQmxBRGNBWXdBaUFDd0FJZ0F4QURNQU5RQTVBRjhBTVFBeEFERUFJZ0FzQUNJQU5RQTJBRFFBWWdBNUFHTUFOZ0EzQURjQVpnQXhBRGdBWkFBM0FERUFOZ0E0QURnQU9BQmtBREVBTmdCakFERUFJZ0FzQUNJQU1RQXpBRFlBTWdCZkFERUFNUUF4QUNJQUxBQWlBRFVBTmdBNUFHWUFaZ0E1QUdRQU9RQTNBR1lBTVFBNEFHUUFOd0F4QURjQU1RQTRBR1VBTkFCbEFHVUFPQUF6QUNJQUxBQWlBREVBTXdBMUFEY0FYd0F4QURFQU1RQWlBQ3dBSWdBMUFEWUFOUUJsQUdVQU5nQTRBR1FBTndCbUFERUFPQUJrQURjQU1nQXhBREFBT0FBMUFESUFZd0JqQURjQU1RQWlBQ3dBSWdBeEFEVUFOUUF4QUY4QU1RQXhBREVBSWdBc0FDSUFOUUEyQURVQVpRQmpBRGtBTUFBNEFEY0FaZ0F4QURnQVpBQTNBRElBTVFBd0FEZ0FOUUF5QUdNQVl3QTJBR0lBSWdBc0FDSUFNUUExQURRQU9BQmZBREVBTVFBeEFDSUFMQUFpQURVQU5nQTNBREVBTXdCbUFHUUFNQUF5QUdNQU53QTJBR1FBT1FBeUFHWUFZUUEwQUdNQU53QmxBR0lBWlFBeEFDSUFMQUFpQURFQU5nQTBBRFVBWHdBeEFERUFNUUFpQUN3QUlnQTFBRFlBT1FCbUFHWUFaQUF5QURRQU53Qm1BREVBT0FCa0FEY0FNUUEzQURFQU9BQmxBRFFBWlFCbUFHWUFNQUFpQUN3QUlnQXhBRE1BTVFBeUFGOEFNUUF4QURFQUlnQXNBQ0lBTlFBMkFEVUFaUUJqQUdRQVlRQTFBRGNBWmdBeEFEZ0FaQUEzQURJQU1RQXdBRGdBTlFBeUFHTUFZd0EyQUdNQUlnQXNBQ0lBTVFBMUFEVUFNQUJmQURFQU1RQXhBQ0lBTEFBaUFEVUFOZ0E0QUdRQU9RQXhBRGNBT0FBM0FHWUFNUUE0QUdRQU53QXhBRElBWmdCakFEZ0FPQUF5QURjQVpRQmhBQ0lBTEFBaUFERUFOd0E0QURZQVh3QXhBREVBTVFBaUFDd0FJZ0ExQURZQU9BQmtBRGtBTWdBMEFHWUFNZ0JqQURjQU5nQmtBRGtBTUFCbUFESUFZd0JqQURFQVpBQm1BRFlBTWdBaUFDd0FJZ0F4QURjQU9BQTVBRjhBTVFBeEFERUFJZ0FzQUNJQU5RQTJBRGtBWmdCbUFHSUFZd0JrQURjQVpnQXhBRGdBWkFBM0FERUFOd0F4QURnQVpRQTBBR1VBWmdBMUFHWUFJZ0FzQUNJQU1RQTFBRFlBTlFCZkFERUFNUUF4QUNJQUxBQWlBRFVBTmdBNUFHWUFaZ0JpQUdNQVpRQTNBR1lBTVFBNEFHUUFOd0F4QURjQU1RQTRBR1VBTkFCbEFHWUFOZ0F3QUNJQUxBQWlBREVBTkFBMkFEWUFYd0F4QURFQU1RQWlBQ3dBSWdBMUFEWUFPUUJtQUdZQVlnQmpBR1lBTndCbUFERUFPQUJrQURjQU1RQTNBREVBT0FCbEFEUUFaUUJtQURZQU1RQWlBQ3dBSWdBeEFEUUFNZ0E0QUY4QU1RQXhBREVBSWdBc0FDSUFOUUEyQUdFQVl3QTRBREFBWlFBMEFEY0FaZ0F4QURnQVpBQTNBRElBWXdBMEFEUUFaZ0F4QUdJQU5RQmhBRE1BSWdBc0FDSUFNZ0F3QURVQU1nQmZBREVBTVFBeEFDSUFMQUFpQURVQU5nQTVBREFBWlFCakFEZ0FaZ0F5QUdNQU53QTJBR1FBT1FBeEFHTUFNQUE0QUdVQU9RQTVBRElBTndCaUFDSUFMQUFpQURFQU9BQXpBRFVBWHdBeEFERUFNUUFpQUN3QUlnQTFBRFlBWVFCbUFEVUFNd0ExQURRQU53Qm1BREVBT0FCa0FEY0FNZ0JqQURRQU5BQm1BREVBWWdBMUFHTUFPQUFpQUN3QUlnQXlBREFBTmdBMEFGOEFNUUF4QURFQUlnQXNBQ0lBTlFBMkFEa0FaZ0JtQUdJQVpBQXlBRGNBWmdBeEFEZ0FaQUEzQURFQU53QXhBRGdBWlFBMEFHVUFaZ0EyQURJQUlnQXNBQ0lBTVFBMEFEQUFNZ0JmQURFQU1RQXhBQ0lBTEFBaUFEVUFOZ0JpQURBQVl3QmhBRFFBTXdBM0FHWUFNUUE0QUdRQU53QXlBR01BTkFBMEFHWUFNUUJpQURVQVpnQmhBQ0lBTEFBaUFESUFNQUE0QURRQVh3QXhBREVBTVFBaUFDd0FJZ0ExQURZQU9RQm1BR1lBWWdCa0FETUFOd0JtQURFQU9BQmtBRGNBTVFBM0FERUFPQUJsQURRQVpRQm1BRFlBTXdBaUFDd0FJZ0F4QURVQU53QTFBRjhBTVFBeEFERUFJZ0FzQUNJQU5RQTJBRGdBWlFCbEFETUFZd0EyQURjQVpnQXhBRGdBWkFBM0FESUFaQUEyQUdNQVlnQmlBRFVBT1FCaEFEUUFJZ0FzQUNJQU1RQTRBREVBTUFCZkFERUFNUUF4QUNJQUxBQWlBRFVBTmdCaUFHTUFPUUEwQUdRQU53QXlBR01BTndBMkFHUUFPUUF4QUdRQVlRQmpBRElBTWdBeEFEZ0FOZ0EzQUNJQUxBQWlBRElBTWdBMkFERUFYd0F4QURFQU1RQWlBQ3dBSWdBMUFEWUFZZ0JrQUdZQU1BQmtBR0lBTndCbUFERUFPQUJrQURjQU1BQmlBR1lBTkFBNEFERUFZZ0F3QURFQU1nQWlBQ3dBSWdBeUFESUFOd0EzQUY4QU1RQXhBREVBSWdBc0FDSUFOUUEyQURjQU13QmlBRGtBWmdCa0FESUFZd0EzQURZQVpBQTVBREVBTndBNEFHTUFZZ0F4QURZQU5nQXhBR1VBSWdBc0FDSUFNUUEyQURjQU5nQmZBREVBTVFBeEFDSUFMQUFpQURVQU5nQTVBR1lBWmdCaUFHUUFOZ0EzQUdZQU1RQTRBR1FBTndBeEFEY0FNUUE0QUdVQU5BQmxBR1lBTmdBMEFDSUFMQUFpQURFQU5BQTBBRElBWHdBeEFERUFNUUFpQUN3QUlnQTFBRFlBT1FCbUFHWUFPQUJtQURnQU53Qm1BREVBT0FCa0FEY0FNUUEzQURFQU9BQmxBRFFBWlFCbEFETUFaQUFpQUN3QUlnQXhBRFFBTWdBd0FGOEFNUUF4QURFQUlnQXNBQ0lBTlFBMkFHSUFPQUE1QURVQU9BQXdBRGNBWmdBeEFEZ0FaQUEzQURBQU5BQTBBRFFBTndCbEFHRUFNQUF4QURjQUlnQXNBQ0lBTWdBeUFEQUFOZ0JmQURFQU1RQXhBQ0lBTEFBaUFEVUFOZ0E1QURRQVpBQmhBRFFBTUFBeUFHTUFOd0EyQUdRQU9RQXhBRElBTVFBd0FHUUFNZ0ExQURNQU5BQXdBQ0lBTEFBaUFERUFPQUEzQURjQVh3QXhBREVBTVFBaUFDd0FJZ0ExQURZQU9RQm1BR1lBT0FCbUFHSUFOd0JtQURFQU9BQmtBRGNBTVFBM0FERUFPQUJsQURRQVpRQmxBRE1BWlFBaUFDd0FJZ0F4QURVQU1RQTNBRjhBTVFBeEFERUFJZ0FzQUNJQU5RQTJBRGdBWmdBNUFEVUFZZ0F6QURJQVl3QTNBRFlBWkFBNUFERUFZZ0JpQUdNQU5RQmxBR1VBT0FBMkFEa0FJZ0FzQUNJQU1RQTRBREVBTkFCZkFERUFNUUF4QUNJQUxBQWlBRFVBTmdCaUFEVUFZd0JpQURFQVl3QXlBR01BTndBMkFHUUFPUUF5QURnQVpBQmpBRE1BWWdCa0FEVUFZUUE0QUNJQUxBQWlBRElBTVFBM0FERUFYd0F4QURFQU1RQWlBQ3dBSWdBMUFEWUFZZ0F6QURJQU9RQTRBR1lBTWdCakFEY0FOZ0JrQURrQU1RQTVBRFlBWXdBNEFEVUFNQUExQUdFQU53QWlBQ3dBSWdBeUFERUFNZ0EzQUY4QU1RQXhBREVBSWdBc0FDSUFOUUEyQUdJQU1BQTJBRFFBT0FCakFEY0FaZ0F4QURnQVpBQTNBRElBWXdBMEFEUUFaZ0F4QUdJQU5RQmxBR1VBSWdBc0FDSUFNZ0F3QURjQU9RQmZBREVBTVFBeEFDSUFMQUFpQURVQU5nQmhBRFlBT0FBd0FEZ0FZUUF5QUdNQU53QTJBR1FBT1FBekFESUFOd0EwQURrQU5nQTVBR0lBWVFCa0FDSUFMQUFpQURFQU9RQTJBREVBWHdBeEFERUFNUUFpQUN3QUlnQTFBRFlBT1FCbUFHWUFPQUJtQUdRQU53Qm1BREVBT0FCa0FEY0FNUUEzQURFQU9BQmxBRFFBWlFCbEFETUFaZ0FpQUN3QUlnQXhBRFVBT0FBNEFGOEFNUUF4QURFQUlnQXNBQ0lBTlFBMkFHRUFOd0EwQURNQU9RQTVBRElBWXdBM0FEWUFaQUE1QURNQU1nQTNBRFFBT1FBMkFEa0FZZ0JqQUdNQUlnQXNBQ0lBTVFBNUFEY0FNQUJmQURFQU1RQXhBQ0lBTEFBaUFEVUFOZ0E1QUdZQVpnQTRBR1lBWmdBM0FHWUFNUUE0QUdRQU53QXhBRGNBTVFBNEFHVUFOQUJsQUdVQU5BQXdBQ0lBTEFBaUFERUFOUUF6QURrQVh3QXhBREVBTVFBaUFDd0FJZ0ExQURZQU9RQXpBRFlBWlFBNEFESUFNZ0JqQURjQU5nQmtBRGtBTVFCakFEQUFPQUJsQURrQU9RQXlBRGtBTndBaUFDd0FJZ0F4QURnQU5BQTBBRjhBTVFBeEFERUFJZ0FzQUNJQU5RQTJBRGtBWmdCbUFEa0FNQUF5QURjQVpnQXhBRGdBWkFBM0FERUFOd0F4QURnQVpRQTBBR1VBWlFBMEFERUFJZ0FzQUNJQU1RQTJBRGNBTkFCZkFERUFNUUF4QUNJQUxBQWlBRFVBTmdBNUFHWUFaZ0JqQURVQVlnQTNBR1lBTVFBNEFHUUFOd0F4QURjQU1RQTRBR1VBTkFCbEFHWUFZUUF6QUNJQUxBQWlBREVBTkFBNEFEWUFYd0F4QURFQU1RQWlBQ3dBSWdBMUFEWUFZUUE1QUdZQU1RQTNBRE1BTWdCakFEY0FOZ0JrQURrQU1RQm1BR1FBTUFCbUFHTUFaQUF6QUdVQU9BQWlBQ3dBSWdBeUFEQUFNZ0F6QUY4QU1RQXhBREVBSWdBc0FDSUFOUUEyQURjQU9RQTVBR1lBTlFBd0FEY0FaZ0F4QURnQVpBQTNBREFBWlFCbEFEUUFOUUF6QURZQVlRQmpBR01BSWdBc0FDSUFNUUEzQURJQU1BQmZBREVBTVFBeEFDSUFMQUFpQURVQU5nQmlBRFFBTndBeUFEY0FPUUEzQUdZQU1RQTRBR1FBTndBd0FHWUFOZ0F3QURjQVlRQmhBRGtBWWdCa0FDSUFMQUFpQURJQU1RQTBBRGNBWHdBeEFERUFNUUFpQUN3QUlnQTFBRFlBTndBekFHVUFZUUF5QUdNQU1nQmpBRGNBTmdCa0FEa0FNUUEzQURnQVl3QmlBREVBTmdBMkFESUFNZ0FpQUN3QUlnQXhBRFlBTndBNEFGOEFNUUF4QURFQUlnQXNBQ0lBTlFBMkFHRUFPQUEzQURBQVlnQXdBRGNBWmdBeEFEZ0FaQUEzQURJQU13QXhBR01BTUFCaUFHTUFNZ0JrQURVQUlnQXNBQ0lBTVFBNUFEa0FOQUJmQURFQU1RQXhBQ0lBTEFBaUFEVUFOZ0E1QUdZQVpnQmpBRFVBWmdBM0FHWUFNUUE0QUdRQU53QXhBRGNBTVFBNEFHVUFOQUJsQUdZQVlRQTBBQ0lBTEFBaUFERUFOZ0F5QURFQVh3QXhBREVBTVFBaUFDd0FJZ0ExQURZQU9RQm1BR1lBWWdCa0FEZ0FOd0JtQURFQU9BQmtBRGNBTVFBM0FERUFPQUJsQURRQVpRQm1BRFlBTlFBaUFDd0FJZ0F4QURRQU1RQTFBRjhBTVFBeEFERUFJZ0FzQUNJQU5RQTJBR0VBTmdBM0FEWUFZd0F4QURJQVl3QTNBRFlBWkFBNUFETUFNZ0EzQURRQU9RQTJBRGtBWWdCaEFEa0FJZ0FzQUNJQU1RQTVBRFVBT0FCZkFERUFNUUF4QUNJQUxBQWlBRFVBTmdCaUFERUFaZ0EyQUdFQU13QTNBR1lBTVFBNEFHUUFOd0F5QUdNQU5BQTBBR1lBTVFCaUFEWUFNZ0EwQUNJQUxBQWlBRElBTVFBd0FEWUFYd0F4QURFQU1RQWlBQ3dBSWdBMUFEWUFZUUE0QUdJQU9BQmxBRElBTndCbUFERUFPQUJrQURjQU1nQXpBREVBWXdBd0FHSUFZd0F6QURBQU5nQWlBQ3dBSWdBeUFEQUFNQUEzQUY4QU1RQXhBREVBSWdBc0FDSUFOUUEyQURrQVpnQm1BR0lBWkFBNUFEY0FaZ0F4QURnQVpBQTNBREVBTndBeEFEZ0FaUUEwQUdVQVpnQTJBRFlBSWdBc0FDSUFNUUExQURBQU1RQmZBREVBTVFBeEFDSUFMQUFpQURVQU5nQTVBR1lBWmdCaUFHUUFZUUEzQUdZQU1RQTRBR1FBTndBeEFEY0FNUUE0QUdVQU5BQmxBR1lBTmdBM0FDSUFMQUFpQURFQU13QTNBRGtBWHdBeEFERUFNUUFpQUN3QUlnQTFBRFlBT1FCbUFHWUFZZ0JrQUdNQU53Qm1BREVBT0FCa0FEY0FNUUEzQURFQU9BQmxBRFFBWlFCbUFEWUFPQUFpQUN3QUlnQXhBRFFBT1FBMEFGOEFNUUF4QURFQUlnQXNBQ0lBTlFBMkFHSUFNUUJoQURrQU9BQTFBRGNBWmdBeEFEZ0FaQUEzQURJQVl3QTBBRFFBWmdBeEFHSUFOZ0F3QUdZQUlnQXNBQ0lBTWdBd0FEa0FOZ0JmQURFQU1RQXhBQ0lBTEFBaUFEVUFOZ0E1QUdZQVpnQmlBR1FBWkFBM0FHWUFNUUE0QUdRQU53QXhBRGNBTVFBNEFHVUFOQUJsQUdZQU5nQTVBQ0lBTEFBaUFERUFNd0E1QURjQVh3QXhBREVBTVFBaUFDd0FJZ0ExQURZQVlnQTNBREVBT1FCaUFEY0FOd0JtQURFQU9BQmtBRGNBTUFBMEFEUUFOQUEzQUdVQU9RQm1BR0lBTmdBaUFDd0FJZ0F5QURFQU9BQTJBRjhBTVFBeEFERUFJZ0FzQUNJQU5RQTJBRGNBTXdCaEFHVUFZd0F3QURJQVl3QTNBRFlBWkFBNUFERUFOd0E0QUdNQVlnQXhBRFlBTmdBeEFHUUFJZ0FzQUNJQU1RQTJBRGNBTlFCZkFERUFNUUF4QUNJQUxBQWlBRFVBTmdBNEFHSUFPUUE1QUdVQU9RQXlBR01BTndBMkFHUUFPUUF4QURrQU1BQTBBR0VBT1FBMUFEa0FPUUE1QUNJQUxBQWlBREVBTndBMkFEa0FYd0F4QURFQU1RQWlBQ3dBSWdBMUFEWUFPUUJtQUdZQU9RQm1BREVBTndCbUFERUFPQUJrQURjQU1RQTNBREVBT0FCbEFEUUFaUUJsQURnQVlRQWlBQ3dBSWdBeEFEWUFOd0F5QUY4QU1RQXhBREVBSWdBc0FDSUFOUUEyQURrQVpnQm1BRGtBWmdBeUFEY0FaZ0F4QURnQVpBQTNBREVBTndBeEFEZ0FaUUEwQUdVQVpRQTRBR0lBSWdBc0FDSUFNUUEyQURjQU1RQmZBREVBTVFBeEFDSUFMQUFpQURVQU5nQTVBR1lBWmdBNUFHWUFNd0EzQUdZQU1RQTRBR1FBTndBeEFEY0FNUUE0QUdVQU5BQmxBR1VBT0FCakFDSUFMQUFpQURFQU5nQTNBREFBWHdBeEFERUFNUUFpQUN3QUlnQTFBRFlBT1FCbUFHWUFPUUJtQURVQU53Qm1BREVBT0FCa0FEY0FNUUEzQURFQU9BQmxBRFFBWlFCbEFEZ0FaQUFpQUN3QUlnQXhBRFlBTmdBNUFGOEFNUUF4QURFQUlnQXNBQ0lBTlFBMkFEa0FaZ0JtQURrQVpnQTJBRGNBWmdBeEFEZ0FaQUEzQURFQU53QXhBRGdBWlFBMEFHVUFaUUE0QUdVQUlnQXNBQ0lBTVFBMkFEWUFPQUJmQURFQU1RQXhBQ0lBTEFBaUFEVUFOZ0E1QUdZQVpnQTVBR1lBTndBM0FHWUFNUUE0QUdRQU53QXhBRGNBTVFBNEFHVUFOQUJsQUdVQU9BQm1BQ0lBTEFBaUFERUFOZ0EyQURjQVh3QXhBREVBTVFBaUFDd0FJZ0ExQURZQU9RQTFBREVBTmdCaUFEUUFNZ0JqQURjQU5nQmtBRGtBTVFBeUFERUFNQUJrQURJQU5RQXpBRFVBTkFBaUFDd0FJZ0F4QURnQU9BQTVBRjhBTVFBeEFERUFJZ0FzQUNJQU5RQTJBRGtBWmdCbUFHUUFNZ0E0QURjQVpnQXhBRGdBWkFBM0FERUFOd0F4QURnQVpRQTBBR1VBWmdCbUFERUFJZ0FzQUNJQU1RQTJBRFVBTVFCZkFERUFNUUF4QUNJQUxBQWlBRFVBTmdBMEFHSUFPUUJsQURZQU53QTNBR1lBTVFBNEFHUUFOd0F5QURrQVlRQmpBRGdBT0FCaEFEa0FaZ0JpQUNJQUxBQWlBREVBTXdBMkFEZ0FYd0F4QURFQU1RQWlBQ3dBSWdBMUFEWUFOQUJpQURrQVl3QTJBRGNBTndCbUFERUFPQUJrQURjQU1RQTJBRGdBT0FBNEFHUUFNUUEyQUdNQU5BQWlBQ3dBSWdBeEFEUUFNZ0EwQUY4QU1RQXhBREVBSWdBc0FDSUFOUUEyQURrQVpnQm1BR1FBTWdCa0FEY0FaZ0F4QURnQVpBQTNBREVBTndBeEFEZ0FaUUEwQUdVQVpnQm1BRFFBSWdBc0FDSUFNUUEyQURFQU1RQmZBREVBTVFBeEFDSUFMQUFpQURVQU5nQTRBR1FBT0FBNUFERUFZd0F5QUdNQU53QTJBR1FBT1FBd0FHWUFNZ0JqQUdNQU1RQmtBR1lBTlFCbEFDSUFMQUFpQURFQU53QTRBRFFBWHdBeEFERUFNUUFpQUN3QUlnQTFBRFlBT1FCbUFHWUFZd0F4QURnQU53Qm1BREVBT0FCa0FEY0FNUUEzQURFQU9BQmxBRFFBWlFCbUFEZ0FNQUFpQUN3QUlnQXhBRFlBTlFBMUFGOEFNUUF4QURFQUlnQXNBQ0lBTlFBMkFEY0FOQUExQURVQVlRQTNBRElBWXdBM0FEWUFaQUE1QURBQVpnQTNBREFBTUFBeUFESUFaQUJqQURVQUlnQXNBQ0lBTVFBMkFEZ0FOd0JmQURFQU1RQXhBQ0lBTEFBaUFEVUFOZ0E1QUdZQVpnQmpBREVBWVFBM0FHWUFNUUE0QUdRQU53QXhBRGNBTVFBNEFHVUFOQUJsQUdZQU9BQXhBQ0lBTEFBaUFERUFPQUF5QURrQVh3QXhBREVBTVFBaUFDd0FJZ0ExQURZQU53QTRBR0lBTVFBeUFEY0FNZ0JqQURjQU5nQmtBRGtBTVFBd0FETUFPQUF5QURnQVlRQTRBREFBT1FBaUFDd0FJZ0F4QURjQU1RQXpBRjhBTVFBeEFERUFJZ0FzQUNJQU5RQTJBRGNBT0FCaEFHSUFOQUEzQURJQVl3QTNBRFlBWkFBNUFERUFNQUF6QURnQU1nQTRBR0VBT0FBd0FEZ0FJZ0FzQUNJQU1RQTNBREVBTWdCZkFERUFNUUF4QUNJQUxBQWlBRFVBTmdBMEFHSUFPUUJsQURZQU9RQTNBR1lBTVFBNEFHUUFOd0F5QURrQVlRQmpBRGdBT0FCaEFEa0FaZ0JrQUNJQUxBQWlBREVBTXdBekFESUFYd0F4QURFQU1RQWlBQ3dBSWdBMUFEWUFOQUJpQURrQVl3QTJBRGdBTndCbUFERUFPQUJrQURjQU1RQTJBRGdBT0FBNEFHUUFNUUEyQUdNQU5RQWlBQ3dBSWdBeEFETUFOZ0EyQUY4QU1RQXhBREVBSWdBc0FDSUFOUUEyQURjQU9RQmpBRFVBWlFBd0FEY0FaZ0F4QURnQVpBQTNBREFBWmdBMkFEZ0FOZ0E1QUdVQVpBQTRBR1FBSWdBc0FDSUFNUUEzQURNQU1BQmZBREVBTVFBeEFDSUFMQUFpQURVQU5nQTJBR0VBT0FBMkFHVUFaUUF5QUdNQU53QTJBR1FBT1FBeUFHTUFNZ0EwQURZQVlRQmxBRFlBTWdBNUFDSUFMQUFpQURFQU5nQXdBRGdBWHdBeEFERUFNUUFpQUN3QUlnQTFBRFlBTndBd0FEZ0FZd0ExQUdJQU53Qm1BREVBT0FCa0FEY0FNUUJtQUdNQVl3QTVBRGNBTlFBekFEY0FNUUFpQUN3QUlnQXhBRFlBTXdBMkFGOEFNUUF4QURFQUlnQXNBQ0lBTlFBMkFEZ0FaQUEwQURjQU5RQXlBRElBWXdBM0FEWUFaQUE1QURBQU9RQTNBREFBTndBMUFETUFOUUJrQUdJQUlnQXNBQ0lBTVFBM0FEZ0FNUUJmQURFQU1RQXhBQ0lBTEFBaUFEVUFOZ0F6QUdJQVpBQmlBR1FBTndBeUFHTUFOd0EyQUdRQU9RQXdBR1FBT0FBNEFEWUFaQUExQUdJQU53QmxBQ0lBTEFBaUFERUFNd0E1QURZQVh3QXhBREVBTVFBaUFDd0FJZ0ExQURZQU5BQTFBRElBTVFBeUFHTUFOd0JtQURFQU9BQmtBRGNBTWdCbEFEQUFNQUJoQURBQU1BQTVBRGdBWXdBaUFDd0FJZ0F4QURRQU1nQTJBRjhBTVFBeEFERUFJZ0FzQUNJQU5RQTJBRGNBTVFCakFHRUFNUUJoQURjQVpnQXhBRGdBWkFBM0FEQUFaZ0JqQUdNQU9BQmhBR1FBT1FBMEFHVUFJZ0FzQUNJQU1RQTJBRFVBTWdCZkFERUFNUUF4QUNJQUxBQWlBRFVBTmdBMUFHWUFOd0F6QUdFQU9BQXlBR01BTndBMkFHUUFPUUF5QURNQU1BQTBBRFVBTkFBeEFEa0FPQUE1QUNJQUxBQWlBREVBTlFBMUFEZ0FYd0F4QURFQU1RQWlBQ3dBSWdBMUFEWUFNd0JoQURZQU5BQXlBRFVBTWdCakFEY0FOZ0JrQURrQU1nQTFBR01BWXdCakFHTUFaUUE0QURnQU1nQWlBQ3dBSWdBeEFETUFPQUEyQUY4QU1RQXhBREVBSWdBc0FDSUFOUUEyQURnQVl3QTBBR1lBTmdBMkFESUFZd0EzQURZQVpBQTVBREFBWmdCaUFEZ0FaQUJrQURRQU1RQmtBRGNBSWdBc0FDSUFNUUEzQURjQU5RQmZBREVBTVFBeEFDSUFMQUFpQURVQU5nQTVBR1lBWmdCaEFERUFNd0EzQUdZQU1RQTRBR1FBTndBeEFEY0FNUUE0QUdVQU5BQmxBR1VBT1FBMUFDSUFMQUFpQURFQU5nQTJBRFlBWHdBeEFERUFNUUFpQUN3QUlnQTFBRFlBT1FBMUFEWUFPUUF3QUdNQU53Qm1BREVBT0FCa0FEY0FNQUJtQURZQU1BQmxBRE1BTlFCaEFHUUFOQUFpQUN3QUlnQXhBRGdBT1FBeEFGOEFNUUF4QURFQUlnQXNBQ0lBTlFBMkFEZ0FaQUE1QURFQU9BQmxBRElBWXdBM0FEWUFaQUE1QURBQVpnQXlBR01BWXdBeEFHUUFaZ0EyQURFQUlnQXNBQ0lBTVFBM0FEZ0FPQUJmQURFQU1RQXhBQ0lBTEFBaUFEVUFOZ0E1QURRQU1BQm1BRGtBT0FBM0FHWUFNUUE0QUdRQU53QXpBR1FBTVFBNEFEa0FNQUEwQUdJQVpBQTRBQ0lBTEFBaUFERUFPQUExQURrQVh3QXhBREVBTVFBaUFDd0FJZ0ExQURZQVlRQTRBR0lBTWdCaEFETUFNZ0JqQURjQU5nQmtBRGtBTVFCbUFHUUFNQUJtQUdNQVpBQXpBREFBWmdBaUFDd0FJZ0F5QURBQU1BQTJBRjhBTVFBeEFERUFJZ0FzQUNJQU5RQTJBR0VBT0FBNEFEY0FaQUEyQURJQVl3QTNBRFlBWkFBNUFERUFaZ0JrQURBQVpnQmpBR1FBTWdCbUFESUFJZ0FzQUNJQU1nQXdBREFBTkFCZkFERUFNUUF4QUNJQUxBQWlBRFVBTmdBM0FEUUFOUUE1QUdJQU5nQXlBR01BTndBMkFHUUFPUUF3QUdZQU53QXdBREFBTWdBeUFHUUFZd0EyQUNJQUxBQWlBREVBTmdBNEFEWUFYd0F4QURFQU1RQWlBQ3dBSWdBMUFEWUFPQUJrQUdFQU53QTRBREFBTWdCakFEY0FOZ0JrQURrQU1nQXdBRGNBWXdBNUFERUFNd0EwQURRQVlnQWlBQ3dBSWdBeEFEY0FPUUF6QUY4QU1RQXhBREVBSWdBc0FDSUFOUUEyQURjQU5BQTFBRE1BTWdCaUFEY0FaZ0F4QURnQVpBQTNBREVBTVFBMEFHTUFZUUF4QURZQVl3QXlBREVBSWdBc0FDSUFNUUEyQURnQU5RQmZBREVBTVFBeEFDSUFMQUFpQURVQU5nQmhBRGtBTXdBMEFEUUFZZ0EzQUdZQU1RQTRBR1FBTndBeUFETUFNUUJqQURBQVlnQmpBRE1BTkFCaEFDSUFMQUFpQURJQU1BQXhBRGNBWHdBeEFERUFNUUFpQUN3QUlnQTFBRFlBTndBekFESUFaQUJsQUdRQU53Qm1BREVBT0FCa0FEY0FNQUF4QUdVQU9BQmlBR1lBWmdCakFEUUFZZ0FpQUN3QUlnQXhBRFlBT0FBMEFGOEFNUUF4QURFQUlnQXNBQ0lBTlFBMkFEa0FaZ0JtQUdFQVlRQmlBRGNBWmdBeEFEZ0FaQUEzQURFQU53QXhBRGdBWlFBMEFHVUFaUUJqQUdRQUlnQXNBQ0lBTVFBMkFEY0FNd0JmQURFQU1RQXhBQ0lBTEFBaUFEVUFOZ0E1QUdZQVpnQmhBR0VBWXdBM0FHWUFNUUE0QUdRQU53QXhBRGNBTVFBNEFHVUFOQUJsQUdVQVl3QmxBQ0lBTEFBaUFERUFOZ0EyQURVQVh3QXhBREVBTVFBaUFDd0FJZ0ExQURZQU9RQm1BR1lBWVFCaEFHUUFOd0JtQURFQU9BQmtBRGNBTVFBM0FERUFPQUJsQURRQVpRQmxBR01BWmdBaUFDd0FJZ0F4QURZQU5nQTBBRjhBTVFBeEFERUFJZ0FzQUNJQU5RQTJBRGtBWmdCbUFHRUFZUUJsQURjQVpnQXhBRGdBWkFBM0FERUFOd0F4QURnQVpRQTBBR1VBWlFCa0FEQUFJZ0FzQUNJQU1RQTJBRFlBTXdCZkFERUFNUUF4QUNJQUxBQWlBRFVBTmdBNUFHWUFaZ0JoQUdFQVpnQTNBR1lBTVFBNEFHUUFOd0F4QURjQU1RQTRBR1VBTkFCbEFHVUFaQUF4QUNJQUxBQWlBREVBTmdBMkFESUFYd0F4QURFQU1RQWlBQ3dBSWdBMUFEWUFZUUE0QURjQU5nQXlBR01BTndCbUFERUFPQUJrQURjQU1nQXpBREVBWXdBd0FHSUFZd0F5QUdRQU53QWlBQ3dBSWdBeEFEa0FPUUEyQUY4QU1RQXhBREVBSWdBc0FDSUFOUUEyQUdJQU1nQTBBR1FBWWdBMUFEY0FaZ0F4QURnQVpBQTNBREVBWmdBMkFEUUFOd0JqQURnQU5BQmtBRGNBSWdBc0FDSUFNZ0F4QURFQU53QmZBREVBTVFBeEFDSUFMQUFpQURVQU5nQTNBREVBWkFBNUFEQUFNd0EzQUdZQU1RQTRBR1FBTndBd0FHWUFZd0JqQURnQVlRQmtBRGtBTlFBeEFDSUFMQUFpQURFQU5nQTFBRFFBWHdBeEFERUFNUUFpQUN3QUlnQTFBRFlBT0FCa0FEa0FaZ0F3QUdNQU1nQmpBRGNBTmdCa0FEa0FNQUJtQURJQVl3QmpBREVBWkFCbUFEWUFNd0FpQUN3QUlnQXhBRGNBT1FBeEFGOEFNUUF4QURFQUlnQXNBQ0lBTlFBMkFEVUFaZ0F5QURVQU13QTJBRElBWXdBM0FEWUFaQUE1QURJQU5RQTNBREFBT0FBeUFEVUFOd0ExQURrQUlnQXNBQ0lBTVFBMUFEVUFOUUJmQURFQU1RQXhBQ0lBTEFBaUFEVUFOZ0EzQUdNQU1nQmpBR1lBTVFBeUFHTUFOd0EyQUdRQU9RQXdBR1VBTVFBMEFETUFPUUJrQURjQU9RQTFBQ0lBTEFBaUFERUFOd0EwQURBQVh3QXhBREVBTVFBaUFDd0FJZ0ExQURZQU53QmpBRElBWWdBNUFHTUFNZ0JqQURjQU5nQmtBRGtBTUFCbEFERUFOQUF6QURrQVpBQTNBRGtBTXdBaUFDd0FJZ0F4QURjQU5BQXhBRjhBTVFBeEFERUFJZ0FzQUNJQU5RQTJBRGNBT1FBMUFEZ0FNZ0E0QURJQVl3QTNBRFlBWkFBNUFERUFNQUF6QURnQU1nQTRBR0VBT0FBeUFEa0FJZ0FzQUNJQU1RQTNBREVBTmdCZkFERUFNUUF4QUNJQUxBQWlBRFVBTmdBNUFHWUFaZ0E0QURRQVlRQTNBR1lBTVFBNEFHUUFOd0F4QURjQU1RQTRBR1VBTkFCbEFHUUFaZ0JtQUNJQUxBQWlBREVBTkFBMkFEQUFYd0F4QURFQU1RQWlBQ3dBSWdBMUFEWUFPUUJtQUdZQU9BQTBBR01BTndCbUFERUFPQUJrQURjQU1RQTNBREVBT0FCbEFEUUFaUUJsQURBQU1BQWlBQ3dBSWdBeEFEWUFNUUExQUY4QU1RQXhBREVBSWdBc0FDSUFOUUEyQURjQU9BQXlBRElBWVFBd0FESUFZd0EzQURZQVpBQTVBREFBWmdBM0FEQUFNQUF5QURJQVpBQm1BR1lBSWdBc0FDSUFNUUEzQURBQU5RQmZBREVBTVFBeEFDSUFMQUFpQURVQU5nQTJBR0lBTWdCakFEZ0FNQUEzQUdZQU1RQTRBR1FBTndBeUFHVUFaZ0EwQURrQVpnQTJBR1lBTmdBd0FDSUFMQUFpQURFQU5nQXhBRFFBWHdBeEFERUFNUUFpQUN3QUlnQTFBRFlBTmdBNUFHVUFaZ0F4QUdNQU1nQmpBRGNBTmdCa0FEa0FNZ0JqQURJQU5BQTJBR0VBWlFBMkFERUFZd0FpQUN3QUlnQXhBRFlBTUFBekFGOEFNUUF4QURFQUlnQXNBQ0lBTlFBMkFETUFZUUEyQURVQVpnQTBBRGNBWmdBeEFEZ0FaQUEzQURBQVpnQXdBREFBTVFCaUFEZ0FNUUJrQURBQUlnQXNBQ0lBTVFBekFEZ0FOd0JmQURFQU1RQXhBQ0lBTEFBaUFEVUFOZ0E1QURVQU5nQmhBR1FBTUFBeUFHTUFOd0EyQUdRQU9RQXdBR1VBTXdBMEFESUFNQUJtQUdNQU13QXpBQ0lBTEFBaUFERUFPQUE1QURJQVh3QXhBREVBTVFBaUFDd0FJZ0ExQURZQU9BQTBBRFFBT1FCakFETUFNZ0JqQURjQU5nQmtBRGtBTUFCa0FHSUFOQUF5QURBQU5nQm1BRGNBTkFBaUFDd0FJZ0F4QURjQU5RQXhBRjhBTVFBeEFERUFJZ0FzQUNJQU5RQTJBRFVBWmdBMEFEa0FaZ0EyQURjQVpnQXhBRGdBWkFBM0FERUFOQUE1QURRQVpnQmlBR1lBWVFCa0FEVUFJZ0FzQUNJQU1RQTFBRFVBTmdCZkFERUFNUUF4QUNJQUxBQWlBRFVBTmdBNUFEUUFNQUE0QURNQVpnQXlBR01BTndBMkFHUUFPUUF5QURJQU53QmpBR0lBTndBeEFHVUFOd0EyQUNJQUxBQWlBREVBT0FBMUFEZ0FYd0F4QURFQU1RQWlBQ3dBSWdBMUFEWUFPUUF3QURBQU53QTBBRFlBTndCbUFERUFPQUJrQURjQU13QTBBRFVBT0FBNUFHUUFNZ0ExQUdFQU13QWlBQ3dBSWdBeEFEZ0FNZ0EwQUY4QU1RQXhBREVBSWdBc0FDSUFOUUEyQURNQU13QmlBR1lBTndCaUFEY0FaZ0F4QURnQVpBQTNBRE1BTkFCbEFEQUFNd0JtQURrQU1nQmtBRE1BSWdBc0FDSUFNUUF6QURjQU1RQmZBREVBTVFBeEFDSUFMQUFpQURVQU5nQmhBRGdBWWdBeEFETUFPUUEzQUdZQU1RQTRBR1FBTndBeUFETUFNUUJqQURBQVlnQmpBRE1BTUFBekFDSUFMQUFpQURJQU1BQXdBRFVBWHdBeEFERUFNUUFpQUN3QUlnQTFBRFlBWWdCaUFEa0FNd0JoQURNQU53Qm1BREVBT0FCa0FEY0FNUUEzQURRQU5BQmpBR01BTUFCbUFHUUFNUUFpQUN3QUlnQXlBRElBTlFBekFGOEFNUUF4QURFQUlnQXNBQ0lBTlFBMkFHRUFPQUE0QURZQVpnQXhBRGNBWmdBeEFEZ0FaQUEzQURJQU13QXhBR01BTUFCaUFHTUFNZ0JsQURnQUlnQXNBQ0lBTWdBd0FEQUFNd0JmQURFQU1RQXhBQ0lBTEFBaUFEVUFOZ0E0QUdRQVlnQTNBR0VBWVFBeUFHTUFOd0EyQUdRQU9RQXdBRGdBTndCakFESUFPUUE0QURVQU5nQTJBQ0lBTEFBaUFERUFOd0E1QURZQVh3QXhBREVBTVFBaUFDd0FJZ0ExQURZQU53QXlBR1FBTlFBMkFHRUFOd0JtQURFQU9BQmtBRGNBTVFCbUFEZ0FNQUE0QUdJQVlnQTVBRGdBWlFBaUFDd0FJZ0F4QURZQU5RQTVBRjhBTVFBeEFERUFJZ0FzQUNJQU5RQTJBRGNBTkFBMUFHUUFOQUF6QURJQVl3QTNBRFlBWkFBNUFEQUFaZ0EzQURBQU1BQXlBRElBWkFCakFEa0FJZ0FzQUNJQU1RQTJBRGtBTUFCZkFERUFNUUF4QUNJQUxBQWlBRFVBTmdBMkFEVUFaZ0F3QUdFQU9BQTNBR1lBTVFBNEFHUUFOd0F5QUdRQU1RQTBBREVBTUFBMUFEWUFOUUJrQUNJQUxBQWlBREVBTlFBNUFEVUFYd0F4QURFQU1RQWlBQ3dBSWdBMUFEWUFPUUF3QURFQU5RQTRBR0VBTndCbUFERUFPQUJrQURjQU13QXhBRGdBWXdBd0FEa0FaZ0EwQUdRQU13QWlBQ3dBSWdBeEFEZ0FNZ0ExQUY4QU1RQXhBREVBSWdBc0FDSUFOUUEyQURnQVpBQmhBR01BWkFBMUFESUFZd0EzQURZQVpBQTVBRElBTUFBM0FHTUFPUUF4QURNQU5BQTBBR01BSWdBc0FDSUFNUUEzQURrQU5BQmZBREVBTVFBeEFDSUFMQUFpQURVQU5nQTRBR1FBWVFBekFEZ0FNZ0F5QUdNQU53QTJBR1FBT1FBd0FHWUFNZ0JqQUdNQU1RQmtBR1lBTmdBMEFDSUFMQUFpQURFQU53QTVBRElBWHdBeEFERUFNUUFpQUN3QUlnQTFBRFlBTndBeUFHUUFOZ0F6QUdZQU1nQmpBRGNBTmdCa0FEa0FNQUJoQUdNQVl3QTFBR0VBTVFBd0FEWUFOUUFpQUN3QUlnQXhBRFlBTmdBd0FGOEFNUUF4QURFQUlnQXNBQ0lBTlFBMkFEWUFNUUJsQURFQVl3QXhBRElBWXdBM0FEWUFaQUE1QURJQVpnQXdBRGdBTVFCaEFEZ0FOZ0F4QURBQUlnQXNBQ0lBTVFBMUFEZ0FOQUJmQURFQU1RQXhBQ0lBTEFBaUFEVUFOZ0EzQURFQU5BQXdBRElBWVFBeUFHTUFOd0EyQUdRQU9RQXlBR1lBWVFBMEFHTUFOd0JsQUdJQVpRQXlBQ0lBTEFBaUFERUFOZ0EwQURJQVh3QXhBREVBTVFBaUFDd0FJZ0ExQURZQVlnQmlBREVBTUFBNEFHUUFNZ0JqQURjQU5nQmtBRGtBTVFBekFHWUFOQUE0QURJQU1BQTBBR1lBTVFBaUFDd0FJZ0F5QURJQU5BQTNBRjhBTVFBeEFERUFJZ0FzQUNJQU5RQTJBR0lBWWdBeEFERUFNd0F3QURjQVpnQXhBRGdBWkFBM0FEQUFaUUJsQURBQVpnQmxBR1FBT1FBMEFHUUFJZ0FzQUNJQU5RQTJBRGtBTkFBeUFESUFZUUExQURJQVl3QTNBRFlBWkFBNUFESUFNZ0EzQUdNQVlnQTNBREVBWlFBM0FEa0FJZ0FzQUNJQU1RQTRBRFlBTWdCZkFERUFNUUF4QUNJQUxBQWlBRFVBTmdBMUFEUUFPQUF5QURZQVpRQTNBR1lBTVFBNEFHUUFOd0F3QURrQU1RQmpBR1FBWVFCbUFHTUFPUUF6QUNJQUxBQWlBREVBTkFBM0FERUFYd0F4QURFQU1RQWlBQ3dBSWdBMUFEWUFOd0F3QURnQU1BQmxBRElBTWdCakFEY0FOZ0JrQURrQU1nQTRBR0VBWXdBd0FHVUFOZ0ExQUdZQU5BQWlBQ3dBSWdBeEFEWUFNd0F6QUY4QU1RQXhBREVBSWdBc0FDSUFOUUEyQURnQU13Qm1BRFVBTVFCaUFEY0FaZ0F4QURnQVpBQTNBREVBT0FCbEFEZ0FOUUEzQUdZQU53QmpBRE1BSWdBc0FDSUFNUUEzQURRQU9BQmZBREVBTVFBeEFDSUFMQUFpQURVQU5nQTNBRFFBTmdBMkFEa0FOUUF5QUdNQU53QTJBR1FBT1FBd0FHWUFOd0F3QURBQU1nQXlBR1FBWXdCbEFDSUFMQUFpQURFQU5nQTVBRFVBWHdBeEFERUFNUUFpQUN3QUlnQTFBRFlBWVFCaEFEZ0FZd0JpQUdZQU1nQmpBRGNBTmdCa0FEa0FNd0F5QURJQU1BQXpBRFVBTmdBekFHTUFZd0FpQUN3QUlnQXlBREFBTXdBMEFGOEFNUUF4QURFQUlnQXNBQ0lBTlFBMkFEa0FNQUF5QURZQU13QmpBRGNBWmdBeEFEZ0FaQUEzQURNQU1RQTRBR01BTUFBNUFHWUFOQUJrQURVQUlnQXNBQ0lBTVFBNEFESUFOd0JmQURFQU1RQXhBQ0lBTEFBaUFEVUFOZ0E1QUdVQU9RQmlBR01BTkFBM0FHWUFNUUE0QUdRQU53QXlBR1FBWXdCakFHVUFOQUE0QUdZQU13QmlBQ0lBTEFBaUFERUFPUUF6QURFQVh3QXhBREVBTVFBaUFDd0FJZ0ExQURZQVlRQTVBREVBWWdCbUFESUFOd0JtQURFQU9BQmtBRGNBTWdBekFERUFZd0F3QUdJQVl3QXpBRE1BWXdBaUFDd0FJZ0F5QURBQU1RQTFBRjhBTVFBeEFERUFJZ0FzQUNJQU5RQTJBR0VBT1FBeEFHWUFaQUEwQURJQVl3QTNBRFlBWkFBNUFERUFaZ0JrQURBQVpnQmpBR1FBTXdBMEFEY0FJZ0FzQUNJQU1nQXdBREVBTmdCZkFERUFNUUF4QUNJQUxBQWlBRFVBTmdCaUFHTUFaZ0EyQUdVQVpRQTNBR1lBTVFBNEFHUUFOd0F3QUdJQVpnQTBBRGdBTVFCaEFHWUFaUUE1QUNJQUxBQWlBRElBTWdBM0FERUFYd0F4QURFQU1RQWlBQ3dBSWdBMUFEWUFOd0E1QUdFQU13Qm1BR0lBTWdCakFEY0FOZ0JrQURrQU1BQTNBR01BWXdBekFHWUFNQUF4QURjQU13QWlBQ3dBSWdBeEFEY0FNZ0F4QUY4QU1RQXhBREVBSWdBc0FDSUFOUUEyQURjQU9RQTVBR01BWmdCa0FEY0FaZ0F4QURnQVpBQTNBREFBWlFCbEFEUUFOUUF6QURZQVlRQmpBR0lBSWdBc0FDSUFNUUEzQURFQU9RQmZBREVBTVFBeEFDSUFMQUFpQURVQU5nQTRBR1FBWWdBd0FERUFNZ0EzQUdZQU1RQTRBR1FBTndBd0FEWUFOQUE0QURZQU53QmtBR0VBTUFBeEFDSUFMQUFpQURFQU53QTVBRFVBWHdBeEFERUFNUUFpQUN3QUlnQTFBRFlBTndCaEFHVUFZd0JoQUdJQU1nQmpBRGNBTmdCa0FEa0FNUUEyQUdNQVl3QmlBR1lBWWdBd0FEWUFZd0FpQUN3QUlnQXhBRGNBTXdBekFGOEFNUUF4QURFQUlnQXNBQ0lBTlFBMkFHSUFZZ0F4QURBQVpnQXhBRGNBWmdBeEFEZ0FaQUEzQURFQU5BQmxBRFFBWXdCa0FHWUFaUUJrQURJQUlnQXNBQ0lBTWdBeUFEUUFPQUJmQURFQU1RQXhBQ0lBTEFBaUFEVUFOZ0EzQURJQVpBQTNBRGdBWXdBM0FHWUFNUUE0QUdRQU53QXhBR1lBT0FBd0FEZ0FZZ0JpQURrQU9BQm1BQ0lBTEFBaUFERUFOZ0EyQURFQVh3QXhBREVBTVFBaUFDd0FJZ0ExQURZQU1nQmxBRGdBT1FBMUFHWUFOd0JtQURFQU9BQmtBRGNBTUFCa0FEWUFOQUJoQUdZQVlRQmlBREFBWXdBaUFDd0FJZ0F4QURNQU5nQTFBRjhBTVFBeEFERUFJZ0FzQUNJQU5RQTJBR0lBWlFBd0FHTUFNZ0JqQURJQVl3QTNBRFlBWkFBNUFERUFaQUJoQUdNQU1nQXlBREVBT0FCbUFHWUFJZ0FzQUNJQU1nQXlBRGdBTndCZkFERUFNUUF4QUNJQUxBQWlBRFVBTmdBM0FEUUFOZ0ExQURVQVlRQXlBR01BTndBMkFHUUFPUUF3QUdZQU53QXdBREFBTWdBeUFHUUFZd0JrQUNJQUxBQWlBREVBTmdBNUFEUUFYd0F4QURFQU1RQWlBQ3dBSWdBMUFEWUFPQUEwQURVQU53QXpBRElBTWdCakFEY0FOZ0JrQURrQU1BQmtBR0lBTkFBeUFEQUFOZ0JtQURjQVpRQWlBQ3dBSWdBeEFEY0FOUUEwQUY4QU1RQXhBREVBSWdBc0FDSUFOUUEyQUdFQU1RQTJBRElBTWdBeUFEY0FaZ0F4QURnQVpBQTNBREVBTkFBMkFEUUFNQUJsQURFQU13QTFBRGdBSWdBc0FDSUFNUUE1QURRQU5RQmZBREVBTVFBeEFDSUFMQUFpQURVQU5nQTVBREFBTVFBNEFERUFNUUF5QUdNQU53QTJBR1FBT1FBeEFHTUFNQUE0QUdVQU9RQTVBRElBTndBeUFDSUFMQUFpQURFQU9BQXlBRFlBWHdBeEFERUFNUUFpQUN3QUlnQTFBRFlBTndBeUFHTUFaZ0JpQURJQU1nQmpBRGNBTmdCa0FEa0FNQUJoQUdNQVl3QTFBR0VBTVFBd0FEUUFaUUFpQUN3QUlnQXhBRFlBTlFBNEFGOEFNUUF4QURFQUlnQXNBQ0lBTlFBMkFEa0FOQUF3QURFQVlRQmhBRElBWXdBM0FEWUFaQUE1QURJQU1nQTNBR01BWWdBM0FERUFaUUEzQURVQUlnQXNBQ0lBTVFBNEFEVUFOZ0JmQURFQU1RQXhBQ0lBTEFBaUFEVUFOZ0JoQURnQU5nQm1BR0lBWmdBM0FHWUFNUUE0QUdRQU53QXlBRE1BTVFCakFEQUFZZ0JqQURJQVpBQTBBQ0lBTEFBaUFERUFPUUE1QURVQVh3QXhBREVBTVFBaUFDd0FJZ0ExQURZQVlnQXlBREVBWWdCa0FERUFNZ0JqQURjQU5nQmtBRGtBTWdCbUFEVUFNQUF5QURRQU1BQXhBR01BWkFBaUFDd0FJZ0F5QURFQU1RQXlBRjhBTVFBeEFERUFJZ0FzQUNJQU5RQTJBRGNBTkFBMUFHVUFaZ0JsQURJQVl3QTNBRFlBWkFBNUFEQUFaZ0EzQURBQU1BQXlBRElBWkFCakFHRUFJZ0FzQUNJQU1RQTJBRGtBTVFCZkFERUFNUUF4QUNJQUxBQWlBRFVBTmdBMEFEVUFNUUJtQUdVQU9RQXlBR01BTndBMkFHUUFPUUF5QUdJQU53QTBBRE1BWVFCbUFHVUFNUUE0QUNJQUxBQWlBREVBTkFBeUFEVUFYd0F4QURFQU1RQWlBQ3dBSWdBMUFEWUFOQUJqQUdZQVl3QmxBRFlBTWdCakFEY0FOZ0JrQURrQU13QTRBRGtBTkFCakFHUUFOQUJqQURNQU13QWlBQ3dBSWdBeEFEUUFOUUExQUY4QU1RQXhBREVBSWdBc0FDSUFOUUEyQUdJQU1BQTRBRE1BTVFCakFEY0FaZ0F4QURnQVpBQTNBRElBWXdBMEFEUUFaZ0F4QUdJQU5RQm1BRFlBSWdBc0FDSUFNZ0F3QURnQU1nQmZBREVBTVFBeEFDSUFMQUFpQURVQU5nQXpBREVBTXdBMUFEY0FNd0F5QUdNQU53QTJBR1FBT1FBekFHVUFZZ0F3QURZQU5BQTNBRE1BTndBMUFDSUFMQUFpQURFQU13QTJBRGtBWHdBeEFERUFNUUFpQUN3QUlnQTFBRFlBTndBeEFHUUFOZ0F4QUdJQU53Qm1BREVBT0FCa0FEY0FNQUJtQUdNQVl3QTRBR0VBWkFBNUFEVUFNQUFpQUN3QUlnQXhBRFlBTlFBekFGOEFNUUF4QURFQUlnQXNBQ0lBTlFBMkFEZ0FaQUE1QURrQVpBQmxBRGNBWmdBeEFEZ0FaQUEzQURFQU1nQm1BR01BT0FBNEFESUFOd0JsQUdJQUlnQXNBQ0lBTVFBM0FEa0FNQUJmQURFQU1RQXhBQ0lBTEFBaUFEVUFOZ0EzQURFQU1nQm1BR1lBT1FBeUFHTUFOd0EyQUdRQU9RQXlBR1lBWVFBMEFHTUFOd0JsQUdJQVpBQTJBQ0lBTEFBaUFERUFOZ0EwQURBQVh3QXhBREVBTVFBaUFDd0FJZ0ExQURZQU53QTBBRFVBWXdBMUFHWUFNZ0JqQURjQU5nQmtBRGtBTUFCbUFEY0FNQUF3QURJQU1nQmtBR01BT0FBaUFDd0FJZ0F4QURZQU9BQTVBRjhBTVFBeEFERUFJZ0FzQUNJQU5RQTJBRGNBWVFCakFEQUFPQUJoQURJQVl3QTNBRFlBWkFBNUFEQUFOd0EzQURBQU53QmxBREVBTVFBNEFEWUFJZ0FzQUNJQU1RQTNBRE1BTWdCZkFERUFNUUF4QUNJQUxBQWlBRFVBTmdBMUFHWUFNZ0F4QURrQU53QXlBR01BTndBMkFHUUFPUUF5QURVQU53QXdBRGdBTWdBMUFEY0FOUUEzQUNJQUxBQWlBREVBTlFBMUFETUFYd0F4QURFQU1RQWlBQ3dBSWdBMUFEWUFPUUEyQUdRQU1RQmlBRElBTndCbUFERUFPQUJrQURjQU1nQXdBR1VBT0FCbEFEY0FaUUE1QURFQU5BQWlBQ3dBSWdBeEFEa0FNQUF5QUY4QU1RQXhBREVBSWdBc0FDSUFOUUEyQUdJQVl3Qm1BR1VBWWdCbUFEY0FaZ0F4QURnQVpBQTNBREFBWWdCbUFEUUFPQUF4QUdFQVpnQmxBR1FBSWdBc0FDSUFNZ0F5QURjQU1nQmZBREVBTVFBeEFDSUFMQUFpQURVQU5nQTNBR0lBTUFBeUFEY0FZZ0F5QUdNQU53QTJBR1FBT1FBd0FEa0FNd0JqQURRQVpBQmtBRFVBWmdBekFDSUFMQUFpQURFQU53QXpBRFVBWHdBeEFERUFNUUFpQUN3QUlnQTFBRFlBTndCaEFHWUFZZ0ExQURZQU53Qm1BREVBT0FCa0FEY0FNZ0F4QURBQU1BQTRBRGtBWVFBekFEWUFOZ0FpQUN3QUlnQXhBRGNBTXdBMEFGOEFNUUF4QURFQUlnQXNBQ0lBTlFBMkFETUFZUUExQURBQVlnQXdBRElBWXdBM0FEWUFaQUE1QURJQU5RQmpBR01BWXdCakFHVUFPQUEzQUdZQUlnQXNBQ0lBTVFBekFEZ0FOUUJmQURFQU1RQXhBQ0lBTEFBaUFEVUFOZ0E1QURjQU53QTNBREFBTkFBM0FHWUFNUUE0QUdRQU53QXdBR01BTndBNEFEa0FNUUEyQURBQU13QXpBQ0lBTEFBaUFERUFPUUF3QURZQVh3QXhBREVBTVFBaUFDd0FJZ0ExQURZQU5RQmxBREFBT0FBNEFHRUFOd0JtQURFQU9BQmtBRGNBTUFCbUFHSUFOQUEwQURjQU5RQTVBR01BTkFBaUFDd0FJZ0F4QURVQU1nQXdBRjhBTVFBeEFERUFJZ0FzQUNJQU5RQTJBRGNBWXdBekFEQUFNUUJsQURJQVl3QTNBRFlBWkFBNUFERUFPQUE0QURRQVlnQTRBRFlBWVFBMEFHSUFJZ0FzQUNJQU1RQTNBRFFBTWdCZkFERUFNUUF4QUNJQUxBQWlBRFVBTmdBekFEa0FNUUEwQURjQU1RQXlBR01BTndBMkFHUUFPUUF4QURBQU53QTBBREFBTndBd0FHTUFZZ0E1QUNJQUxBQWlBREVBTXdBM0FETUFYd0F4QURFQU1RQWlBQ3dBSWdBMUFEWUFNd0JoQURZQVpRQmtBRE1BTWdCakFEY0FOZ0JrQURrQU1nQTFBR01BWXdCakFHTUFaUUE0QURnQU5BQWlBQ3dBSWdBeEFETUFPQUE0QUY4QU1RQXhBREVBSWdBc0FDSUFOUUEyQURrQU5RQXpBRFFBTWdBd0FESUFZd0EzQURZQVpBQTVBREVBTXdBeEFEQUFNQUJqQURNQVl3QTJBRGNBSWdBc0FDSUFNUUE0QURrQU1BQmZBREVBTVFBeEFDSUFMQUFpQURVQU5nQmlBR0VBTndCbEFEZ0FNUUEzQUdZQU1RQTRBR1FBTndBeEFEUUFaUUEwQUdNQVpBQm1BR1VBWVFCbEFDSUFMQUFpQURJQU1nQXpBREFBWHdBeEFERUFNUUFpQUN3QUlnQTFBRFlBWVFCaUFHRUFOd0JtQURRQU53Qm1BREVBT0FCa0FEY0FNZ0JsQUdJQVl3QTVBR1lBTVFBMUFETUFZUUFpQUN3QUlnQXlBREFBTkFBeUFGOEFNUUF4QURFQUlnQXNBQ0lBTlFBMkFEVUFZd0JqQUdJQVlRQTRBRElBWXdBM0FEWUFaQUE1QURFQU53QTJBRGdBT1FBNUFETUFNQUEyQURFQUlnQXNBQ0lBTVFBMUFEQUFOUUJmQURFQU1RQXhBQ0lBTEFBaUFEVUFOZ0E1QURVQVpnQTVBRElBWlFBM0FHWUFNUUE0QUdRQU53QXdBR1lBWlFBNEFEZ0FaUUF6QURBQU9RQTBBQ0lBTEFBaUFERUFPQUE1QURVQVh3QXhBREVBTVFBaUFDd0FJZ0ExQURZQU13QmhBRGNBTUFBekFERUFOd0JtQURFQU9BQmtBRGNBTUFCbUFEQUFNQUF4QUdJQU9BQXhBR1FBTXdBaUFDd0FJZ0F4QURNQU9BQTVBRjhBTVFBeEFERUFJZ0FzQUNJQU5RQTJBRGtBTlFBeEFEVUFOd0F5QURjQVpnQXhBRGdBWkFBM0FESUFZUUEwQURnQU5RQmtBREVBTlFBM0FEUUFJZ0FzQUNJQU1RQTRBRGdBT0FCZkFERUFNUUF4QUNJQUxBQWlBRFVBTmdBNEFHRUFaUUJoQURZQVlRQXlBR01BTndBMkFHUUFPUUF4QURrQU1BQTBBR0VBT1FBMUFEa0FOd0JrQUNJQUxBQWlBREVBTndBMkFEY0FYd0F4QURFQU1RQWlBQ3dBSWdBMUFEWUFNd0EzQURrQU1RQmtBR1lBTndCbUFERUFPQUJrQURjQU1nQXdBRGdBTUFCbUFEQUFZUUE1QURjQU1RQWlBQ3dBSWdBeEFETUFOd0F5QUY4QU1RQXhBREVBSWdBc0FDSUFOUUEyQUdJQU13QTNBR1FBWmdCa0FEY0FaZ0F4QURnQVpBQTNBREVBWmdBMkFEUUFOd0JqQURnQU5RQXdBRGtBSWdBc0FDSUFNZ0F4QURNQU53QmZBREVBTVFBeEFDSUFMQUFpQURVQU5nQmlBR0VBWXdCbUFETUFOUUF5QUdNQU53QTJBR1FBT1FBeEFETUFaZ0EwQURnQU1nQXdBRFFBWkFBekFDSUFMQUFpQURJQU1nQXpBRFFBWHdBeEFERUFNUUFpQUN3QUlnQTFBRFlBWWdCaEFHUUFOQUF6QUdRQU53Qm1BREVBT0FCa0FEY0FNQUJsQUdVQU1BQm1BR1VBWkFBNUFEUUFZd0FpQUN3QUlnQXlBRElBTXdBMUFGOEFNUUF4QURFQUlnQXNBQ0lBTlFBMkFEY0FPQUEyQURVQVlRQTFBRElBWXdBM0FEWUFaQUE1QURFQU1BQTBBR01BWkFBNUFHWUFNd0F6QUdRQUlnQXNBQ0lBTVFBM0FERUFNUUJmQURFQU1RQXhBQ0lBWFFBc0FDSUFTUUJ1QUdNQWJBQjFBR1FBWlFCa0FGQUFZUUJ6QUhRQVRBQnBBSE1BZEFCSkFHUUFjd0FpQURvQVd3QmRBQ3dBSWdCVEFHVUFaUUJrQUV3QWFRQnpBSFFBU1FCa0FITUFJZ0E2QUZzQUlnQTFBRFVBWkFBMkFEZ0FOZ0F5QURrQU1nQmpBRGNBTmdCa0FEa0FNZ0JpQURNQU9BQTBBRE1BTmdBMkFHSUFZZ0FpQUYwQUxBQWlBRk1BWlFCbkFHMEFaUUJ1QUhRQWN3QWlBRG9BV3dCZEFDd0FJZ0JKQUhNQVJRQmtBR2tBZEFCaEFHSUFiQUJsQUNJQU9nQjBBSElBZFFCbEFDd0FJZ0JKQUhNQVZBQnlBR0VBYmdCekFHa0FaUUJ1QUhRQUlnQTZBSFFBY2dCMUFHVUFMQUFpQUVVQWVBQmpBR3dBZFFCa0FHVUFTQUJ2QUd3QVpBQnZBSFVBZEFCekFDSUFPZ0IwQUhJQWRRQmxBQ3dBSWdCRUFHa0Fjd0IwQUhJQWFRQmlBSFVBZEFCbEFFSUFlUUJJQUc4QWRRQnpBR1VBYUFCdkFHd0FaQUFpQURvQWRBQnlBSFVBWlFBc0FDSUFTUUJ6QUVFQVl3QjBBR2tBZGdCbEFDSUFPZ0IwQUhJQWRRQmxBQ3dBSWdCTUFHRUFjd0IwQUVNQVlRQnNBR01BZFFCc0FHRUFkQUJwQUc4QWJnQWlBRG9BV3dCZEFDd0FJZ0JEQUhVQWNnQnlBR1VBYmdCMEFGVUFTUUJUQUhRQVlRQjBBR1VBSWdBNkFIc0FJZ0JEQUhVQWNnQnlBR1VBYmdCMEFFd0Fid0JqQUdFQWRBQnBBRzhBYmdCSkFHNEFaQUJsQUhnQUlnQTZBREFBTEFBaUFHZ0FZUUJ6QUZZQWFRQnpBR2tBZEFCbEFHUUFJZ0E2QUhzQUlnQnlBR1VBWXdCcEFIQUFaUUFpQURvQWRBQnlBSFVBWlFBc0FDSUFjd0JsQUd3QVpRQmpBSFFBVEFCdkFHTUFZUUIwQUdrQWJ3QnVBQ0lBT2dCMEFISUFkUUJsQUN3QUlnQnpBR1VBY2dCMkFHa0FZd0JsQUVFQWNnQmxBR0VBVWdCaEFHUUFhUUIxQUhNQUlnQTZBSFFBY2dCMUFHVUFMQUFpQUhNQVpRQnlBSFlBYVFCakFHVUFRUUJ5QUdVQVlRQWlBRG9BZEFCeUFIVUFaUUFzQUNJQVp3QmxBRzhBWndCeUFHRUFjQUJvQUdrQVpRQnpBRk1BZFFCdEFHMEFZUUJ5QUhrQUlnQTZBSFFBY2dCMUFHVUFMQUFpQUhBQVlRQnpBSFFBVEFCcEFITUFkQUJ6QUNJQU9nQjBBSElBZFFCbEFDd0FJZ0J0QUdFQWJnQmhBR2NBWlFCVEFHVUFaUUJrQUV3QWFRQnpBSFFBSWdBNkFIUUFjZ0IxQUdVQUxBQWlBR01BY2dCcEFIUUFaUUJ5QUdrQVlRQWlBRG9BZEFCeUFIVUFaUUFzQUNJQWJRQmhBRzRBWVFCbkFHVUFVd0JsQUdjQWJRQmxBRzRBZEFCekFDSUFPZ0IwQUhJQWRRQmxBSDBBTEFBaUFHa0Fjd0JEQUc4QWJnQjBBSElBYndCc0FFY0FjZ0J2QUhVQWNBQkVBR2tBY2dCMEFIa0FJZ0E2QUdZQVlRQnNBSE1BWlFBc0FDSUFZd0IxQUhJQWNnQmxBRzRBZEFCVEFIVUFZZ0JUQUhRQVpRQndBRTRBWVFCdEFHVUFJZ0E2QUNJQWJRQmhBRzRBWVFCbkFHVUFVd0JsQUdjQWJRQmxBRzRBZEFCekFDSUFMQUFpQUdrQWN3QkRBRzhBYlFCd0FHd0FaUUIwQUdVQUlnQTZBR1lBWVFCc0FITUFaUUFzQUNJQWVnQnBBSEFBY3dCVEFHVUFiQUJsQUdNQWRBQmxBR1FBVmdCaEFHd0FhUUJrQUNJQU9nQjBBSElBZFFCbEFDd0FJZ0JqQUc4QWRRQnVBSFFBVlFCd0FHUUFZUUIwQUdVQVV3QjBBR0VBZEFCMUFITUFJZ0E2QUNJQVZRQndBR1FBWVFCMEFHVUFaQUFpQUgwQUxBQWlBRklBWlFCakFHa0FjQUJsQUVrQVpBQWlBRG9BTVFBd0FEQUFNQUFzQUNJQVNRQnpBRXdBYndCakFGQUFjZ0JsQUdZQVJBQnBBSElBZEFCNUFDSUFPZ0JtQUdFQWJBQnpBR1VBTEFBaUFFa0Fjd0JEQUc4QWRRQnVBSFFBUkFCcEFISUFkQUI1QUNJQU9nQm1BR0VBYkFCekFHVUFMQUFpQUZVQWN3QmxBRXdBYndCakFHRUFkQUJwQUc4QWJnQk1BRzhBWndCcEFHTUFJZ0E2QUhRQWNnQjFBR1VBZlFCOUFBPT08L1N0cmluZ0h0dHBCb2R5Pg0KICAgIDwvUmVxdWVzdD4NCiAgPC9JdGVtcz4NCiAgPFZhbGlkYXRpb25SdWxlcz4NCiAgICA8VmFsaWRhdGlvblJ1bGUgQ2xhc3NuYW1lPSJNaWNyb3NvZnQuVmlzdWFsU3R1ZGlvLlRlc3RUb29scy5XZWJUZXN0aW5nLlJ1bGVzLlZhbGlkYXRlUmVzcG9uc2VVcmwsIE1pY3Jvc29mdC5WaXN1YWxTdHVkaW8uUXVhbGl0eVRvb2xzLldlYlRlc3RGcmFtZXdvcmssIFZlcnNpb249MTAuMC4wLjAsIEN1bHR1cmU9bmV1dHJhbCwgUHVibGljS2V5VG9rZW49YjAzZjVmN2YxMWQ1MGEzYSIgRGlzcGxheU5hbWU9IlJlc3BvbnNlIFVSTCIgRGVzY3JpcHRpb249IlZhbGlkYXRlcyB0aGF0IHRoZSByZXNwb25zZSBVUkwgYWZ0ZXIgcmVkaXJlY3RzIGFyZSBmb2xsb3dlZCBpcyB0aGUgc2FtZSBhcyB0aGUgcmVjb3JkZWQgcmVzcG9uc2UgVVJMLiAgUXVlcnlTdHJpbmcgcGFyYW1ldGVycyBhcmUgaWdub3JlZC4iIExldmVsPSJMb3ciIEV4ZWN0dWlvbk9yZGVyPSJCZWZvcmVEZXBlbmRlbnRzIiAvPg0KICAgIDxWYWxpZGF0aW9uUnVsZSBDbGFzc25hbWU9Ik1pY3Jvc29mdC5WaXN1YWxTdHVkaW8uVGVzdFRvb2xzLldlYlRlc3RpbmcuUnVsZXMuVmFsaWRhdGlvblJ1bGVSZXNwb25zZVRpbWVHb2FsLCBNaWNyb3NvZnQuVmlzdWFsU3R1ZGlvLlF1YWxpdHlUb29scy5XZWJUZXN0RnJhbWV3b3JrLCBWZXJzaW9uPTEwLjAuMC4wLCBDdWx0dXJlPW5ldXRyYWwsIFB1YmxpY0tleVRva2VuPWIwM2Y1ZjdmMTFkNTBhM2EiIERpc3BsYXlOYW1lPSJSZXNwb25zZSBUaW1lIEdvYWwiIERlc2NyaXB0aW9uPSJWYWxpZGF0ZXMgdGhhdCB0aGUgcmVzcG9uc2UgdGltZSBmb3IgdGhlIHJlcXVlc3QgaXMgbGVzcyB0aGFuIG9yIGVxdWFsIHRvIHRoZSByZXNwb25zZSB0aW1lIGdvYWwgYXMgc3BlY2lmaWVkIG9uIHRoZSByZXF1ZXN0LiAgUmVzcG9uc2UgdGltZSBnb2FscyBvZiB6ZXJvIHdpbGwgYmUgaWdub3JlZC4iIExldmVsPSJMb3ciIEV4ZWN0dWlvbk9yZGVyPSJBZnRlckRlcGVuZGVudHMiPg0KICAgICAgPFJ1bGVQYXJhbWV0ZXJzPg0KICAgICAgICA8UnVsZVBhcmFtZXRlciBOYW1lPSJUb2xlcmFuY2UiIFZhbHVlPSIwIiAvPg0KICAgICAgPC9SdWxlUGFyYW1ldGVycz4NCiAgICA8L1ZhbGlkYXRpb25SdWxlPg0KICA8L1ZhbGlkYXRpb25SdWxlcz4NCjwvV2ViVGVzdD4=">
      <Execution id="1e458394-1b3a-4064-a5b0-5c0fff49c917" />
    </WebTest>
  </TestDefinitions>
  <TestLists>
    <TestList name="Results Not in a List" id="8c84fa94-04c1-424b-9868-57a2d4851a1d" />
    <TestList name="All Loaded Results" id="19431567-8539-422a-85d7-44ee4e166bda" />
  </TestLists>
  <TestEntries>
    <TestEntry isTransparent="false" testId="e8c8b533-91a1-4000-9ac5-6aa372a8f00e" executionId="1e458394-1b3a-4064-a5b0-5c0fff49c917" testListId="8c84fa94-04c1-424b-9868-57a2d4851a1d" />
  </TestEntries>
  <Results>
    <WebTestResult executionId="1e458394-1b3a-4064-a5b0-5c0fff49c917" testId="e8c8b533-91a1-4000-9ac5-6aa372a8f00e" testName="WebTest3" computerName="CHI-LAB-VSU-03" duration="00:00:02.2152284" startTime="2016-02-22T04:57:47.6939834-06:00" testType="4e7599fa-5ecb-43e9-a887-cd63cf72d207" testListId="8c84fa94-04c1-424b-9868-57a2d4851a1d" relativeResultsDirectory="1e458394-1b3a-4064-a5b0-5c0fff49c917">
      <Output>
        <ErrorInfo>
          <Message>The test adapter 'WebTestAdapter' threw an exception while running test 'WebTest3'. Thread was being aborted.</Message>
        </ErrorInfo>
      </Output>
      <ResultFiles>
        <ResultFile path="WebTest3.webtestResult" />
      </ResultFiles>
      <TestSettings name="Local" id="3b1c1cf5-f0fc-4a30-a355-a117d32b02ff">
        <Description>These are default test settings for a local test run.</Description>
        <Execution>
          <TestTypeSpecific>
            <WebTestRunConfiguration testTypeId="4e7599fa-5ecb-43e9-a887-cd63cf72d207">
              <Browser name="Internet Explorer 9.0" MaxConnections="6">
                <Headers>
                  <Header name="User-Agent" value="Mozilla/5.0 (compatible; MSIE 9.0; Windows NT 6.1; Trident/5.0)" />
                  <Header name="Accept" value="*/*" />
                  <Header name="Accept-Language" value="{{$IEAcceptLanguage}}" />
                  <Header name="Accept-Encoding" value="GZIP" />
                </Headers>
              </Browser>
            </WebTestRunConfiguration>
          </TestTypeSpecific>
          <AgentRule name="Execution Agents">
          </AgentRule>
        </Execution>
        <Deployment runDeploymentRoot="load.test_CHI-LAB-VSU-03 2016-02-22 04_57_47" />
      </TestSettings>
      <WebTestResultFilePath>load.test_CHI-LAB-VSU-03 2016-02-22 04_57_47\In\1e458394-1b3a-4064-a5b0-5c0fff49c917\WebTest3.webtestResult</WebTestResultFilePath>
    </WebTestResult>
  </Results>
</TestRun>