<?xml version="1.0" encoding="UTF-8"?>
<TestRun id="6f01d76b-19e2-4a9d-a393-b9a683904a85" name="load.test@CHI-LAB-VSU-03 2016-02-22 05:09:12" runUser="MEDSEEKLAB\load.test" xmlns="http://microsoft.com/schemas/VisualStudio/TeamTest/2010">
  <TestSettings name="Local" id="3b1c1cf5-f0fc-4a30-a355-a117d32b02ff">
    <Description>These are default test settings for a local test run.</Description>
    <Execution>
      <TestTypeSpecific />
      <AgentRule name="Execution Agents">
      </AgentRule>
    </Execution>
    <Deployment runDeploymentRoot="load.test_CHI-LAB-VSU-03 2016-02-22 05_09_12" />
  </TestSettings>
  <Times creation="2016-02-22T05:09:12.8717231-06:00" queuing="2016-02-22T05:09:13.3085343-06:00" start="2016-02-22T05:09:13.4645383-06:00" finish="2016-02-22T05:09:15.7109959-06:00" />
  <ResultSummary outcome="Completed">
    <Counters total="1" error="0" failed="0" timeout="0" aborted="0" inconclusive="0" passedButRunAborted="0" notRunnable="0" notExecuted="0" disconnected="0" warning="0" passed="0" completed="0" inProgress="0" pending="0" />
  </ResultSummary>
  <TestDefinitions>
    <WebTest name="WebTest4" storage="c:\medseek\automation\persuade\vsprojects\webandloadtestproject1\webandloadtestproject1\webtest4.webtest" id="ce41df44-2c48-4814-bced-7f28a8328559" persistedWebTest="77u/PD94bWwgdmVyc2lvbj0iMS4wIiBlbmNvZGluZz0iVVRGLTgiIHN0YW5kYWxvbmU9InllcyI/Pg0KPFdlYlRlc3QgTmFtZT0iV2ViVGVzdDQiIElkPSJjZTQxZGY0NC0yYzQ4LTQ4MTQtYmNlZC03ZjI4YTgzMjg1NTkiIE93bmVyPSIiIFByaW9yaXR5PSIyMTQ3NDgzNjQ3IiBFbmFibGVkPSJUcnVlIiBDc3NQcm9qZWN0U3RydWN0dXJlPSIiIENzc0l0ZXJhdGlvbj0iIiBUaW1lb3V0PSIwIiBXb3JrSXRlbUlkcz0iIiB4bWxucz0iaHR0cDovL21pY3Jvc29mdC5jb20vc2NoZW1hcy9WaXN1YWxTdHVkaW8vVGVhbVRlc3QvMjAxMCIgRGVzY3JpcHRpb249IiIgQ3JlZGVudGlhbFVzZXJOYW1lPSIiIENyZWRlbnRpYWxQYXNzd29yZD0iIiBQcmVBdXRoZW50aWNhdGU9IlRydWUiIFByb3h5PSIiIFN0b3BPbkVycm9yPSJGYWxzZSIgUmVjb3JkZWRSZXN1bHRGaWxlPSJXZWJUZXN0NC42YWUyZmY1NS00YmM0LTRhNjEtOWRmMi1hYjkxZjU4MTllMzUucmVjLndlYnRlc3RyZXN1bHQiIFJlc3VsdHNMb2NhbGU9IiI+DQogIDxJdGVtcz4NCiAgICA8Q29tbWVudCBDb21tZW50VGV4dD0iTGFuZGluZyBwYWdlIiAvPg0KICAgIDxSZXF1ZXN0IE1ldGhvZD0iR0VUIiBHdWlkPSIyODlhZWZhYS02MDllLTQzMjgtYmIzNC05MmU0MDNiOGZjZGMiIFZlcnNpb249IjEuMSIgVXJsPSJodHRwczovL3N0YWdpbmdwcmVkaWN0NS5pbmZsdWVuY2VoZWFsdGguY29tL3VuaXZlcnNpdHljb2xvcmFkby9zZXNzaW9uL2xvZ2luIiBUaGlua1RpbWU9IjAiIFRpbWVvdXQ9IjMwMCIgUGFyc2VEZXBlbmRlbnRSZXF1ZXN0cz0iVHJ1ZSIgRm9sbG93UmVkaXJlY3RzPSJUcnVlIiBSZWNvcmRSZXN1bHQ9IlRydWUiIENhY2hlPSJGYWxzZSIgUmVzcG9uc2VUaW1lR29hbD0iMCIgRW5jb2Rpbmc9InV0Zi04IiBFeHBlY3RlZEh0dHBTdGF0dXNDb2RlPSIwIiBFeHBlY3RlZFJlc3BvbnNlVXJsPSIiIFJlcG9ydGluZ05hbWU9IiIgSWdub3JlSHR0cFN0YXR1c0NvZGU9IkZhbHNlIj4NCiAgICAgIDxEZXBlbmRlbnRSZXF1ZXN0cz4NCiAgICAgICAgPFJlcXVlc3QgTWV0aG9kPSJHRVQiIEd1aWQ9IjdlN2QyMDQyLWRhYjEtNGQ4NS05YjMxLWExMWQ3ZDMwNmY1NiIgVmVyc2lvbj0iMS4xIiBVcmw9Imh0dHBzOi8vZm9udHMuZ3N0YXRpYy5jb20vcy9yb2JvdG8vdjE1L3Z6SVVIbzl6LW9KNFdna3BQT3RnMV9lc1pXMnhPUS14c05xTzQ3bTU1REEud29mZiIgVGhpbmtUaW1lPSIwIiBUaW1lb3V0PSIzMDAiIFBhcnNlRGVwZW5kZW50UmVxdWVzdHM9IlRydWUiIEZvbGxvd1JlZGlyZWN0cz0iVHJ1ZSIgUmVjb3JkUmVzdWx0PSJUcnVlIiBDYWNoZT0iRmFsc2UiIFJlc3BvbnNlVGltZUdvYWw9IjAiIEVuY29kaW5nPSJ1dGYtOCIgRXhwZWN0ZWRIdHRwU3RhdHVzQ29kZT0iMCIgRXhwZWN0ZWRSZXNwb25zZVVybD0iIiBSZXBvcnRpbmdOYW1lPSIiIElnbm9yZUh0dHBTdGF0dXNDb2RlPSJGYWxzZSI+DQogICAgICAgICAgPEhlYWRlcnM+DQogICAgICAgICAgICA8SGVhZGVyIE5hbWU9IlJlZmVyZXIiIFZhbHVlPSJodHRwczovL3N0YWdpbmdwcmVkaWN0NS5pbmZsdWVuY2VoZWFsdGguY29tL3VuaXZlcnNpdHljb2xvcmFkby9zZXNzaW9uL2xvZ2luIiAvPg0KICAgICAgICAgIDwvSGVhZGVycz4NCiAgICAgICAgPC9SZXF1ZXN0Pg0KICAgICAgICA8UmVxdWVzdCBNZXRob2Q9IkdFVCIgR3VpZD0iMDE2YzEyZWQtNDhhMS00NjYzLWI2ZTYtOTE2MjVmYWZjZWE4IiBWZXJzaW9uPSIxLjEiIFVybD0iaHR0cHM6Ly9mb250cy5nc3RhdGljLmNvbS9zL3JvYm90by92MTUvSGdvMTNrLXRmU3BuMHFpMVNGZFVmVDhFMGk3S1puLUVQbnlvM0hadTdrdy53b2ZmIiBUaGlua1RpbWU9IjAiIFRpbWVvdXQ9IjMwMCIgUGFyc2VEZXBlbmRlbnRSZXF1ZXN0cz0iVHJ1ZSIgRm9sbG93UmVkaXJlY3RzPSJUcnVlIiBSZWNvcmRSZXN1bHQ9IlRydWUiIENhY2hlPSJGYWxzZSIgUmVzcG9uc2VUaW1lR29hbD0iMCIgRW5jb2Rpbmc9InV0Zi04IiBFeHBlY3RlZEh0dHBTdGF0dXNDb2RlPSIwIiBFeHBlY3RlZFJlc3BvbnNlVXJsPSIiIFJlcG9ydGluZ05hbWU9IiIgSWdub3JlSHR0cFN0YXR1c0NvZGU9IkZhbHNlIj4NCiAgICAgICAgICA8SGVhZGVycz4NCiAgICAgICAgICAgIDxIZWFkZXIgTmFtZT0iUmVmZXJlciIgVmFsdWU9Imh0dHBzOi8vc3RhZ2luZ3ByZWRpY3Q1LmluZmx1ZW5jZWhlYWx0aC5jb20vdW5pdmVyc2l0eWNvbG9yYWRvL3Nlc3Npb24vbG9naW4iIC8+DQogICAgICAgICAgPC9IZWFkZXJzPg0KICAgICAgICA8L1JlcXVlc3Q+DQogICAgICAgIDxSZXF1ZXN0IE1ldGhvZD0iR0VUIiBHdWlkPSIyZGQwZTU3NS05ZjQ5LTQ2YWEtYTc4Ni0xOGQ2MzJlNjY0Y2QiIFZlcnNpb249IjEuMSIgVXJsPSJodHRwczovL2ZvbnRzLmdzdGF0aWMuY29tL3Mvcm9ib3RvL3YxNS8yVVg3V0xUZlczVzhUY2xUVXZsRnlRLndvZmYiIFRoaW5rVGltZT0iMCIgVGltZW91dD0iMzAwIiBQYXJzZURlcGVuZGVudFJlcXVlc3RzPSJUcnVlIiBGb2xsb3dSZWRpcmVjdHM9IlRydWUiIFJlY29yZFJlc3VsdD0iVHJ1ZSIgQ2FjaGU9IkZhbHNlIiBSZXNwb25zZVRpbWVHb2FsPSIwIiBFbmNvZGluZz0idXRmLTgiIEV4cGVjdGVkSHR0cFN0YXR1c0NvZGU9IjAiIEV4cGVjdGVkUmVzcG9uc2VVcmw9IiIgUmVwb3J0aW5nTmFtZT0iIiBJZ25vcmVIdHRwU3RhdHVzQ29kZT0iRmFsc2UiPg0KICAgICAgICAgIDxIZWFkZXJzPg0KICAgICAgICAgICAgPEhlYWRlciBOYW1lPSJSZWZlcmVyIiBWYWx1ZT0iaHR0cHM6Ly9zdGFnaW5ncHJlZGljdDUuaW5mbHVlbmNlaGVhbHRoLmNvbS91bml2ZXJzaXR5Y29sb3JhZG8vc2Vzc2lvbi9sb2dpbiIgLz4NCiAgICAgICAgICA8L0hlYWRlcnM+DQogICAgICAgIDwvUmVxdWVzdD4NCiAgICAgICAgPFJlcXVlc3QgTWV0aG9kPSJHRVQiIEd1aWQ9Ijg3YzVmOTVkLTdmN2YtNDE4Ni1hZTY0LTFkNTdkYzJhZjMyZSIgVmVyc2lvbj0iMS4xIiBVcmw9Imh0dHBzOi8vZm9udHMuZ3N0YXRpYy5jb20vcy9yb2JvdG8vdjE1L2QtNklZcGxPRm9jQ2FjS3p4d1hTT0Q4RTBpN0tabi1FUG55bzNIWnU3a3cud29mZiIgVGhpbmtUaW1lPSIwIiBUaW1lb3V0PSIzMDAiIFBhcnNlRGVwZW5kZW50UmVxdWVzdHM9IlRydWUiIEZvbGxvd1JlZGlyZWN0cz0iVHJ1ZSIgUmVjb3JkUmVzdWx0PSJUcnVlIiBDYWNoZT0iRmFsc2UiIFJlc3BvbnNlVGltZUdvYWw9IjAiIEVuY29kaW5nPSJ1dGYtOCIgRXhwZWN0ZWRIdHRwU3RhdHVzQ29kZT0iMCIgRXhwZWN0ZWRSZXNwb25zZVVybD0iIiBSZXBvcnRpbmdOYW1lPSIiIElnbm9yZUh0dHBTdGF0dXNDb2RlPSJGYWxzZSI+DQogICAgICAgICAgPEhlYWRlcnM+DQogICAgICAgICAgICA8SGVhZGVyIE5hbWU9IlJlZmVyZXIiIFZhbHVlPSJodHRwczovL3N0YWdpbmdwcmVkaWN0NS5pbmZsdWVuY2VoZWFsdGguY29tL3VuaXZlcnNpdHljb2xvcmFkby9zZXNzaW9uL2xvZ2luIiAvPg0KICAgICAgICAgIDwvSGVhZGVycz4NCiAgICAgICAgPC9SZXF1ZXN0Pg0KICAgICAgICA8UmVxdWVzdCBNZXRob2Q9IkdFVCIgR3VpZD0iM2Y1YjY2ZTgtMmI5Yi00MmNmLTk3MTEtNjUxYWMwOTZjZGU1IiBWZXJzaW9uPSIxLjEiIFVybD0iaHR0cHM6Ly9jc2kuZ3N0YXRpYy5jb20vY3NpIiBUaGlua1RpbWU9IjAiIFRpbWVvdXQ9IjMwMCIgUGFyc2VEZXBlbmRlbnRSZXF1ZXN0cz0iVHJ1ZSIgRm9sbG93UmVkaXJlY3RzPSJUcnVlIiBSZWNvcmRSZXN1bHQ9IlRydWUiIENhY2hlPSJGYWxzZSIgUmVzcG9uc2VUaW1lR29hbD0iMCIgRW5jb2Rpbmc9InV0Zi04IiBFeHBlY3RlZEh0dHBTdGF0dXNDb2RlPSIwIiBFeHBlY3RlZFJlc3BvbnNlVXJsPSIiIFJlcG9ydGluZ05hbWU9IiIgSWdub3JlSHR0cFN0YXR1c0NvZGU9IkZhbHNlIj4NCiAgICAgICAgICA8SGVhZGVycz4NCiAgICAgICAgICAgIDxIZWFkZXIgTmFtZT0iUmVmZXJlciIgVmFsdWU9Imh0dHBzOi8vc3RhZ2luZ3ByZWRpY3Q1LmluZmx1ZW5jZWhlYWx0aC5jb20vdW5pdmVyc2l0eWNvbG9yYWRvL3Nlc3Npb24vbG9naW4iIC8+DQogICAgICAgICAgPC9IZWFkZXJzPg0KICAgICAgICAgIDxRdWVyeVN0cmluZ1BhcmFtZXRlcnM+DQogICAgICAgICAgICA8UXVlcnlTdHJpbmdQYXJhbWV0ZXIgTmFtZT0idiIgVmFsdWU9IjIiIFJlY29yZGVkVmFsdWU9IjIiIENvcnJlbGF0aW9uQmluZGluZz0iIiBVcmxFbmNvZGU9IkZhbHNlIiBVc2VUb0dyb3VwUmVzdWx0cz0iRmFsc2UiIC8+DQogICAgICAgICAgICA8UXVlcnlTdHJpbmdQYXJhbWV0ZXIgTmFtZT0icyIgVmFsdWU9Im1hcHNhcGkzIiBSZWNvcmRlZFZhbHVlPSJtYXBzYXBpMyIgQ29ycmVsYXRpb25CaW5kaW5nPSIiIFVybEVuY29kZT0iRmFsc2UiIFVzZVRvR3JvdXBSZXN1bHRzPSJGYWxzZSIgLz4NCiAgICAgICAgICAgIDxRdWVyeVN0cmluZ1BhcmFtZXRlciBOYW1lPSJ2M3YiIFZhbHVlPSIyMi4xNSIgUmVjb3JkZWRWYWx1ZT0iMjIuMTUiIENvcnJlbGF0aW9uQmluZGluZz0iIiBVcmxFbmNvZGU9IkZhbHNlIiBVc2VUb0dyb3VwUmVzdWx0cz0iRmFsc2UiIC8+DQogICAgICAgICAgICA8UXVlcnlTdHJpbmdQYXJhbWV0ZXIgTmFtZT0iYWN0aW9uIiBWYWx1ZT0iYXBpYm9vdDIiIFJlY29yZGVkVmFsdWU9ImFwaWJvb3QyIiBDb3JyZWxhdGlvbkJpbmRpbmc9IiIgVXJsRW5jb2RlPSJGYWxzZSIgVXNlVG9Hcm91cFJlc3VsdHM9IkZhbHNlIiAvPg0KICAgICAgICAgICAgPFF1ZXJ5U3RyaW5nUGFyYW1ldGVyIE5hbWU9InJ0IiBWYWx1ZT0ibWFpbi4xNiIgUmVjb3JkZWRWYWx1ZT0ibWFpbi4xNiIgQ29ycmVsYXRpb25CaW5kaW5nPSIiIFVybEVuY29kZT0iRmFsc2UiIFVzZVRvR3JvdXBSZXN1bHRzPSJGYWxzZSIgLz4NCiAgICAgICAgICA8L1F1ZXJ5U3RyaW5nUGFyYW1ldGVycz4NCiAgICAgICAgPC9SZXF1ZXN0Pg0KICAgICAgICA8UmVxdWVzdCBNZXRob2Q9IkdFVCIgR3VpZD0iYmNmM2M5ZTUtNGI4Mi00ZDJlLTg1ZmItODdkMGU5NDI4ZGU3IiBWZXJzaW9uPSIxLjEiIFVybD0iaHR0cHM6Ly9zdGFnaW5ncHJlZGljdDUuaW5mbHVlbmNlaGVhbHRoLmNvbS9yb3V0ZXMuanNvbiIgVGhpbmtUaW1lPSIwIiBUaW1lb3V0PSIzMDAiIFBhcnNlRGVwZW5kZW50UmVxdWVzdHM9IlRydWUiIEZvbGxvd1JlZGlyZWN0cz0iVHJ1ZSIgUmVjb3JkUmVzdWx0PSJUcnVlIiBDYWNoZT0iRmFsc2UiIFJlc3BvbnNlVGltZUdvYWw9IjAiIEVuY29kaW5nPSJ1dGYtOCIgRXhwZWN0ZWRIdHRwU3RhdHVzQ29kZT0iMCIgRXhwZWN0ZWRSZXNwb25zZVVybD0iIiBSZXBvcnRpbmdOYW1lPSIiIElnbm9yZUh0dHBTdGF0dXNDb2RlPSJGYWxzZSI+DQogICAgICAgICAgPEhlYWRlcnM+DQogICAgICAgICAgICA8SGVhZGVyIE5hbWU9IkFjY2VwdCIgVmFsdWU9ImFwcGxpY2F0aW9uL2pzb24sIHRleHQvamF2YXNjcmlwdCwgKi8qOyBxPTAuMDEiIC8+DQogICAgICAgICAgICA8SGVhZGVyIE5hbWU9IlgtUmVxdWVzdGVkLVdpdGgiIFZhbHVlPSJYTUxIdHRwUmVxdWVzdCIgLz4NCiAgICAgICAgICAgIDxIZWFkZXIgTmFtZT0iUmVmZXJlciIgVmFsdWU9Imh0dHBzOi8vc3RhZ2luZ3ByZWRpY3Q1LmluZmx1ZW5jZWhlYWx0aC5jb20vdW5pdmVyc2l0eWNvbG9yYWRvL3Nlc3Npb24vbG9naW4iIC8+DQogICAgICAgICAgPC9IZWFkZXJzPg0KICAgICAgICAgIDxRdWVyeVN0cmluZ1BhcmFtZXRlcnM+DQogICAgICAgICAgICA8UXVlcnlTdHJpbmdQYXJhbWV0ZXIgTmFtZT0iXyIgVmFsdWU9IjE0NTYxMzkzMDc4NjEiIFJlY29yZGVkVmFsdWU9IjE0NTYxMzkzMDc4NjEiIENvcnJlbGF0aW9uQmluZGluZz0iIiBVcmxFbmNvZGU9IkZhbHNlIiBVc2VUb0dyb3VwUmVzdWx0cz0iRmFsc2UiIC8+DQogICAgICAgICAgPC9RdWVyeVN0cmluZ1BhcmFtZXRlcnM+DQogICAgICAgIDwvUmVxdWVzdD4NCiAgICAgIDwvRGVwZW5kZW50UmVxdWVzdHM+DQogICAgPC9SZXF1ZXN0Pg0KICAgIDxSZXF1ZXN0IE1ldGhvZD0iR0VUIiBHdWlkPSJhOTYyODNlZi04YjgwLTQ4YjktYTZmZC1lZmRkYzE2YjgyYTkiIFZlcnNpb249IjEuMSIgVXJsPSJodHRwczovL3N0YWdpbmdwcmVkaWN0NS5pbmZsdWVuY2VoZWFsdGguY29tLyRtb2R1bGUvbGF5b3V0cy9kZWZhdWx0IiBUaGlua1RpbWU9IjAiIFRpbWVvdXQ9IjMwMCIgUGFyc2VEZXBlbmRlbnRSZXF1ZXN0cz0iVHJ1ZSIgRm9sbG93UmVkaXJlY3RzPSJUcnVlIiBSZWNvcmRSZXN1bHQ9IlRydWUiIENhY2hlPSJGYWxzZSIgUmVzcG9uc2VUaW1lR29hbD0iMCIgRW5jb2Rpbmc9InV0Zi04IiBFeHBlY3RlZEh0dHBTdGF0dXNDb2RlPSIwIiBFeHBlY3RlZFJlc3BvbnNlVXJsPSIiIFJlcG9ydGluZ05hbWU9IiIgSWdub3JlSHR0cFN0YXR1c0NvZGU9IkZhbHNlIj4NCiAgICAgIDxIZWFkZXJzPg0KICAgICAgICA8SGVhZGVyIE5hbWU9IkFjY2VwdCIgVmFsdWU9IiovKiIgLz4NCiAgICAgICAgPEhlYWRlciBOYW1lPSJYLVJlcXVlc3RlZC1XaXRoIiBWYWx1ZT0iWE1MSHR0cFJlcXVlc3QiIC8+DQogICAgICAgIDxIZWFkZXIgTmFtZT0iUmVmZXJlciIgVmFsdWU9Imh0dHBzOi8vc3RhZ2luZ3ByZWRpY3Q1LmluZmx1ZW5jZWhlYWx0aC5jb20vdW5pdmVyc2l0eWNvbG9yYWRvL3Nlc3Npb24vbG9naW4iIC8+DQogICAgICA8L0hlYWRlcnM+DQogICAgICA8UXVlcnlTdHJpbmdQYXJhbWV0ZXJzPg0KICAgICAgICA8UXVlcnlTdHJpbmdQYXJhbWV0ZXIgTmFtZT0iXyIgVmFsdWU9IjE0NTYxMzkzMDc4NjIiIFJlY29yZGVkVmFsdWU9IjE0NTYxMzkzMDc4NjIiIENvcnJlbGF0aW9uQmluZGluZz0iIiBVcmxFbmNvZGU9IkZhbHNlIiBVc2VUb0dyb3VwUmVzdWx0cz0iRmFsc2UiIC8+DQogICAgICA8L1F1ZXJ5U3RyaW5nUGFyYW1ldGVycz4NCiAgICA8L1JlcXVlc3Q+DQogICAgPFJlcXVlc3QgTWV0aG9kPSJHRVQiIEd1aWQ9IjQ4NjQ3YjM4LTU5YjAtNGRhOS1iNzY0LTQ2NWQyMGYxYjc3ZCIgVmVyc2lvbj0iMS4xIiBVcmw9Imh0dHBzOi8vYmFtLm5yLWRhdGEubmV0LzEvZTRmNjNkYTYzNyIgVGhpbmtUaW1lPSIwIiBUaW1lb3V0PSIzMDAiIFBhcnNlRGVwZW5kZW50UmVxdWVzdHM9IlRydWUiIEZvbGxvd1JlZGlyZWN0cz0iVHJ1ZSIgUmVjb3JkUmVzdWx0PSJUcnVlIiBDYWNoZT0iRmFsc2UiIFJlc3BvbnNlVGltZUdvYWw9IjAiIEVuY29kaW5nPSJpc28tODg1OS0xIiBFeHBlY3RlZEh0dHBTdGF0dXNDb2RlPSIwIiBFeHBlY3RlZFJlc3BvbnNlVXJsPSIiIFJlcG9ydGluZ05hbWU9IiIgSWdub3JlSHR0cFN0YXR1c0NvZGU9IkZhbHNlIj4NCiAgICAgIDxIZWFkZXJzPg0KICAgICAgICA8SGVhZGVyIE5hbWU9IlJlZmVyZXIiIFZhbHVlPSJodHRwczovL3N0YWdpbmdwcmVkaWN0NS5pbmZsdWVuY2VoZWFsdGguY29tL3VuaXZlcnNpdHljb2xvcmFkby9zZXNzaW9uL2xvZ2luIiAvPg0KICAgICAgPC9IZWFkZXJzPg0KICAgICAgPFF1ZXJ5U3RyaW5nUGFyYW1ldGVycz4NCiAgICAgICAgPFF1ZXJ5U3RyaW5nUGFyYW1ldGVyIE5hbWU9ImEiIFZhbHVlPSIxMjM0NjY4OCIgUmVjb3JkZWRWYWx1ZT0iMTIzNDY2ODgiIENvcnJlbGF0aW9uQmluZGluZz0iIiBVcmxFbmNvZGU9IkZhbHNlIiBVc2VUb0dyb3VwUmVzdWx0cz0iRmFsc2UiIC8+DQogICAgICAgIDxRdWVyeVN0cmluZ1BhcmFtZXRlciBOYW1lPSJ2IiBWYWx1ZT0iODUyLmEzNmYwZmQiIFJlY29yZGVkVmFsdWU9Ijg1Mi5hMzZmMGZkIiBDb3JyZWxhdGlvbkJpbmRpbmc9IiIgVXJsRW5jb2RlPSJGYWxzZSIgVXNlVG9Hcm91cFJlc3VsdHM9IkZhbHNlIiAvPg0KICAgICAgICA8UXVlcnlTdHJpbmdQYXJhbWV0ZXIgTmFtZT0idG8iIFZhbHVlPSJNZ1lBTjBRSERCRllWVUZiWHd0TUp4dEdGQWNSU2x4R0hYY2dOMDFNSEElM0QlM0QiIFJlY29yZGVkVmFsdWU9Ik1nWUFOMFFIREJGWVZVRmJYd3RNSnh0R0ZBY1JTbHhHSFhjZ04wMU1IQSUzRCUzRCIgQ29ycmVsYXRpb25CaW5kaW5nPSIiIFVybEVuY29kZT0iRmFsc2UiIFVzZVRvR3JvdXBSZXN1bHRzPSJGYWxzZSIgLz4NCiAgICAgICAgPFF1ZXJ5U3RyaW5nUGFyYW1ldGVyIE5hbWU9ImFwIiBWYWx1ZT0iMC4zMjQ2MDEiIFJlY29yZGVkVmFsdWU9IjAuMzI0NjAxIiBDb3JyZWxhdGlvbkJpbmRpbmc9IiIgVXJsRW5jb2RlPSJGYWxzZSIgVXNlVG9Hcm91cFJlc3VsdHM9IkZhbHNlIiAvPg0KICAgICAgICA8UXVlcnlTdHJpbmdQYXJhbWV0ZXIgTmFtZT0iYmUiIFZhbHVlPSIxNTc1IiBSZWNvcmRlZFZhbHVlPSIxNTc1IiBDb3JyZWxhdGlvbkJpbmRpbmc9IiIgVXJsRW5jb2RlPSJGYWxzZSIgVXNlVG9Hcm91cFJlc3VsdHM9IkZhbHNlIiAvPg0KICAgICAgICA8UXVlcnlTdHJpbmdQYXJhbWV0ZXIgTmFtZT0iZmUiIFZhbHVlPSIxMzMxIiBSZWNvcmRlZFZhbHVlPSIxMzMxIiBDb3JyZWxhdGlvbkJpbmRpbmc9IiIgVXJsRW5jb2RlPSJGYWxzZSIgVXNlVG9Hcm91cFJlc3VsdHM9IkZhbHNlIiAvPg0KICAgICAgICA8UXVlcnlTdHJpbmdQYXJhbWV0ZXIgTmFtZT0iZGMiIFZhbHVlPSIxMTg4IiBSZWNvcmRlZFZhbHVlPSIxMTg4IiBDb3JyZWxhdGlvbkJpbmRpbmc9IiIgVXJsRW5jb2RlPSJGYWxzZSIgVXNlVG9Hcm91cFJlc3VsdHM9IkZhbHNlIiAvPg0KICAgICAgICA8UXVlcnlTdHJpbmdQYXJhbWV0ZXIgTmFtZT0idHQiIFZhbHVlPSJjOGRlMWNkNDc0YTU4OCIgUmVjb3JkZWRWYWx1ZT0iYzhkZTFjZDQ3NGE1ODgiIENvcnJlbGF0aW9uQmluZGluZz0iIiBVcmxFbmNvZGU9IkZhbHNlIiBVc2VUb0dyb3VwUmVzdWx0cz0iRmFsc2UiIC8+DQogICAgICAgIDxRdWVyeVN0cmluZ1BhcmFtZXRlciBOYW1lPSJmIiBWYWx1ZT0iJTVCJTIyZXJyJTIyLCUyMnhociUyMiwlMjJzdG4lMjIsJTIyaW5zJTIyJTVEIiBSZWNvcmRlZFZhbHVlPSIlNUIlMjJlcnIlMjIsJTIyeGhyJTIyLCUyMnN0biUyMiwlMjJpbnMlMjIlNUQiIENvcnJlbGF0aW9uQmluZGluZz0iIiBVcmxFbmNvZGU9IkZhbHNlIiBVc2VUb0dyb3VwUmVzdWx0cz0iRmFsc2UiIC8+DQogICAgICAgIDxRdWVyeVN0cmluZ1BhcmFtZXRlciBOYW1lPSJwZXJmIiBWYWx1ZT0iJTdCJTIydGltaW5nJTIyOiU3QiUyMm9mJTIyOjE0NTYxMzkzMDYwMjgsJTIybiUyMjowLCUyMmRsJTIyOjE0NzUsJTIyZGklMjI6Mjc3MSwlMjJkcyUyMjoyNzcxLCUyMmRlJTIyOjI5MDcsJTIyZGMlMjI6MjkxMSwlMjJsJTIyOjI5MTUsJTIybGUlMjI6MjkxOCwlMjJmJTIyOjIsJTIyZG4lMjI6MiwlMjJkbmUlMjI6MiwlMjJjJTIyOjIsJTIyY2UlMjI6MiwlMjJycSUyMjoxNDczLCUyMnJwJTIyOjE0NzUsJTIycnBlJTIyOjE0ODAlN0QsJTIybmF2aWdhdGlvbiUyMjolN0IlN0QlN0QiIFJlY29yZGVkVmFsdWU9IiU3QiUyMnRpbWluZyUyMjolN0IlMjJvZiUyMjoxNDU2MTM5MzA2MDI4LCUyMm4lMjI6MCwlMjJkbCUyMjoxNDc1LCUyMmRpJTIyOjI3NzEsJTIyZHMlMjI6Mjc3MSwlMjJkZSUyMjoyOTA3LCUyMmRjJTIyOjI5MTEsJTIybCUyMjoyOTE1LCUyMmxlJTIyOjI5MTgsJTIyZiUyMjoyLCUyMmRuJTIyOjIsJTIyZG5lJTIyOjIsJTIyYyUyMjoyLCUyMmNlJTIyOjIsJTIycnElMjI6MTQ3MywlMjJycCUyMjoxNDc1LCUyMnJwZSUyMjoxNDgwJTdELCUyMm5hdmlnYXRpb24lMjI6JTdCJTdEJTdEIiBDb3JyZWxhdGlvbkJpbmRpbmc9IiIgVXJsRW5jb2RlPSJGYWxzZSIgVXNlVG9Hcm91cFJlc3VsdHM9IkZhbHNlIiAvPg0KICAgICAgICA8UXVlcnlTdHJpbmdQYXJhbWV0ZXIgTmFtZT0ianNvbnAiIFZhbHVlPSJOUkVVTS5zZXRUb2tlbiIgUmVjb3JkZWRWYWx1ZT0iTlJFVU0uc2V0VG9rZW4iIENvcnJlbGF0aW9uQmluZGluZz0iIiBVcmxFbmNvZGU9IkZhbHNlIiBVc2VUb0dyb3VwUmVzdWx0cz0iRmFsc2UiIC8+DQogICAgICA8L1F1ZXJ5U3RyaW5nUGFyYW1ldGVycz4NCiAgICA8L1JlcXVlc3Q+DQogICAgPFJlcXVlc3QgTWV0aG9kPSJHRVQiIEd1aWQ9IjQzZmNjOTU5LWJjNDItNGQwMS1iZGU0LWI2Njg3NDM3NjBjMSIgVmVyc2lvbj0iMS4xIiBVcmw9Imh0dHBzOi8vc3RhZ2luZ3ByZWRpY3Q1LmluZmx1ZW5jZWhlYWx0aC5jb20vbGF5b3V0cy9kZWZhdWx0L2luZGV4Lmh0bWwiIFRoaW5rVGltZT0iMCIgVGltZW91dD0iMzAwIiBQYXJzZURlcGVuZGVudFJlcXVlc3RzPSJUcnVlIiBGb2xsb3dSZWRpcmVjdHM9IlRydWUiIFJlY29yZFJlc3VsdD0iVHJ1ZSIgQ2FjaGU9IkZhbHNlIiBSZXNwb25zZVRpbWVHb2FsPSIwIiBFbmNvZGluZz0idXRmLTgiIEV4cGVjdGVkSHR0cFN0YXR1c0NvZGU9IjAiIEV4cGVjdGVkUmVzcG9uc2VVcmw9IiIgUmVwb3J0aW5nTmFtZT0iIiBJZ25vcmVIdHRwU3RhdHVzQ29kZT0iRmFsc2UiPg0KICAgICAgPEhlYWRlcnM+DQogICAgICAgIDxIZWFkZXIgTmFtZT0iQWNjZXB0IiBWYWx1ZT0idGV4dC9odG1sLCAqLyo7IHE9MC4wMSIgLz4NCiAgICAgICAgPEhlYWRlciBOYW1lPSJYLVJlcXVlc3RlZC1XaXRoIiBWYWx1ZT0iWE1MSHR0cFJlcXVlc3QiIC8+DQogICAgICAgIDxIZWFkZXIgTmFtZT0iUmVmZXJlciIgVmFsdWU9Imh0dHBzOi8vc3RhZ2luZ3ByZWRpY3Q1LmluZmx1ZW5jZWhlYWx0aC5jb20vdW5pdmVyc2l0eWNvbG9yYWRvL3Nlc3Npb24vbG9naW4iIC8+DQogICAgICA8L0hlYWRlcnM+DQogICAgICA8UXVlcnlTdHJpbmdQYXJhbWV0ZXJzPg0KICAgICAgICA8UXVlcnlTdHJpbmdQYXJhbWV0ZXIgTmFtZT0iXyIgVmFsdWU9IjE0NTYxMzkzMDc4NjQiIFJlY29yZGVkVmFsdWU9IjE0NTYxMzkzMDc4NjQiIENvcnJlbGF0aW9uQmluZGluZz0iIiBVcmxFbmNvZGU9IkZhbHNlIiBVc2VUb0dyb3VwUmVzdWx0cz0iRmFsc2UiIC8+DQogICAgICA8L1F1ZXJ5U3RyaW5nUGFyYW1ldGVycz4NCiAgICA8L1JlcXVlc3Q+DQogICAgPFJlcXVlc3QgTWV0aG9kPSJQT1NUIiBHdWlkPSIzNWMxNDM2NS1kNTMyLTQxZDYtOWU4OC1lY2ViMGYzZDJhZTQiIFZlcnNpb249IjEuMSIgVXJsPSJodHRwczovL2JhbS5uci1kYXRhLm5ldC9yZXNvdXJjZXMvMS9lNGY2M2RhNjM3IiBUaGlua1RpbWU9IjAiIFRpbWVvdXQ9IjMwMCIgUGFyc2VEZXBlbmRlbnRSZXF1ZXN0cz0iVHJ1ZSIgRm9sbG93UmVkaXJlY3RzPSJUcnVlIiBSZWNvcmRSZXN1bHQ9IlRydWUiIENhY2hlPSJGYWxzZSIgUmVzcG9uc2VUaW1lR29hbD0iMCIgRW5jb2Rpbmc9InV0Zi04IiBFeHBlY3RlZEh0dHBTdGF0dXNDb2RlPSIwIiBFeHBlY3RlZFJlc3BvbnNlVXJsPSIiIFJlcG9ydGluZ05hbWU9IiIgSWdub3JlSHR0cFN0YXR1c0NvZGU9IkZhbHNlIj4NCiAgICAgIDxIZWFkZXJzPg0KICAgICAgICA8SGVhZGVyIE5hbWU9IlJlZmVyZXIiIFZhbHVlPSJodHRwczovL3N0YWdpbmdwcmVkaWN0NS5pbmZsdWVuY2VoZWFsdGguY29tL3VuaXZlcnNpdHljb2xvcmFkby9zZXNzaW9uL2xvZ2luIiAvPg0KICAgICAgPC9IZWFkZXJzPg0KICAgICAgPFF1ZXJ5U3RyaW5nUGFyYW1ldGVycz4NCiAgICAgICAgPFF1ZXJ5U3RyaW5nUGFyYW1ldGVyIE5hbWU9ImEiIFZhbHVlPSIxMjM0NjY4OCIgUmVjb3JkZWRWYWx1ZT0iMTIzNDY2ODgiIENvcnJlbGF0aW9uQmluZGluZz0iIiBVcmxFbmNvZGU9IkZhbHNlIiBVc2VUb0dyb3VwUmVzdWx0cz0iRmFsc2UiIC8+DQogICAgICAgIDxRdWVyeVN0cmluZ1BhcmFtZXRlciBOYW1lPSJ2IiBWYWx1ZT0iODUyLmEzNmYwZmQiIFJlY29yZGVkVmFsdWU9Ijg1Mi5hMzZmMGZkIiBDb3JyZWxhdGlvbkJpbmRpbmc9IiIgVXJsRW5jb2RlPSJGYWxzZSIgVXNlVG9Hcm91cFJlc3VsdHM9IkZhbHNlIiAvPg0KICAgICAgICA8UXVlcnlTdHJpbmdQYXJhbWV0ZXIgTmFtZT0idG8iIFZhbHVlPSJNZ1lBTjBRSERCRllWVUZiWHd0TUp4dEdGQWNSU2x4R0hYY2dOMDFNSEElM0QlM0QiIFJlY29yZGVkVmFsdWU9Ik1nWUFOMFFIREJGWVZVRmJYd3RNSnh0R0ZBY1JTbHhHSFhjZ04wMU1IQSUzRCUzRCIgQ29ycmVsYXRpb25CaW5kaW5nPSIiIFVybEVuY29kZT0iRmFsc2UiIFVzZVRvR3JvdXBSZXN1bHRzPSJGYWxzZSIgLz4NCiAgICAgICAgPFF1ZXJ5U3RyaW5nUGFyYW1ldGVyIE5hbWU9InN0IiBWYWx1ZT0iMTQ1NjEzOTMwNjAyOCIgUmVjb3JkZWRWYWx1ZT0iMTQ1NjEzOTMwNjAyOCIgQ29ycmVsYXRpb25CaW5kaW5nPSIiIFVybEVuY29kZT0iRmFsc2UiIFVzZVRvR3JvdXBSZXN1bHRzPSJGYWxzZSIgLz4NCiAgICAgIDwvUXVlcnlTdHJpbmdQYXJhbWV0ZXJzPg0KICAgICAgPFN0cmluZ0h0dHBCb2R5IENvbnRlbnRUeXBlPSJ0ZXh0L3BsYWluO2NoYXJzZXQ9VVRGLTgiIEluc2VydEJ5dGVPcmRlck1hcms9IkZhbHNlIj5ld0FpQUhJQVpRQnpBQ0lBT2dCYkFIc0FJZ0J1QUNJQU9nQWlBR01BYndCdUFHNEFaUUJqQUhRQVJRQnVBR1FBSWdBc0FDSUFjd0FpQURvQU1nQXNBQ0lBWlFBaUFEb0FNZ0FzQUNJQWJ3QWlBRG9BSWdCa0FHOEFZd0IxQUcwQVpRQnVBSFFBSWdBc0FDSUFkQUFpQURvQUlnQjBBR2tBYlFCcEFHNEFad0FpQUgwQUxBQjdBQ0lBYmdBaUFEb0FJZ0JqQUc4QWJnQnVBR1VBWXdCMEFGTUFkQUJoQUhJQWRBQWlBQ3dBSWdCekFDSUFPZ0F5QUN3QUlnQmxBQ0lBT2dBeUFDd0FJZ0J2QUNJQU9nQWlBR1FBYndCakFIVUFiUUJsQUc0QWRBQWlBQ3dBSWdCMEFDSUFPZ0FpQUhRQWFRQnRBR2tBYmdCbkFDSUFmUUFzQUhzQUlnQnVBQ0lBT2dBaUFHUUFid0J0QUVNQWJ3QnRBSEFBYkFCbEFIUUFaUUFpQUN3QUlnQnpBQ0lBT2dBeUFEa0FNUUF4QUN3QUlnQmxBQ0lBT2dBeUFEa0FNUUF4QUN3QUlnQnZBQ0lBT2dBaUFHUUFid0JqQUhVQWJRQmxBRzRBZEFBaUFDd0FJZ0IwQUNJQU9nQWlBSFFBYVFCdEFHa0FiZ0JuQUNJQWZRQXNBSHNBSWdCdUFDSUFPZ0FpQUdRQWJ3QnRBRU1BYndCdUFIUUFaUUJ1QUhRQVRBQnZBR0VBWkFCbEFHUUFSUUIyQUdVQWJnQjBBRVVBYmdCa0FDSUFMQUFpQUhNQUlnQTZBRElBT1FBd0FEY0FMQUFpQUdVQUlnQTZBRElBT1FBd0FEY0FMQUFpQUc4QUlnQTZBQ0lBWkFCdkFHTUFkUUJ0QUdVQWJnQjBBQ0lBTEFBaUFIUUFJZ0E2QUNJQWRBQnBBRzBBYVFCdUFHY0FJZ0I5QUN3QWV3QWlBRzRBSWdBNkFDSUFaQUJ2QUcwQVF3QnZBRzRBZEFCbEFHNEFkQUJNQUc4QVlRQmtBR1VBWkFCRkFIWUFaUUJ1QUhRQVV3QjBBR0VBY2dCMEFDSUFMQUFpQUhNQUlnQTZBRElBTndBM0FERUFMQUFpQUdVQUlnQTZBRElBTndBM0FERUFMQUFpQUc4QUlnQTZBQ0lBWkFCdkFHTUFkUUJ0QUdVQWJnQjBBQ0lBTEFBaUFIUUFJZ0E2QUNJQWRBQnBBRzBBYVFCdUFHY0FJZ0I5QUN3QWV3QWlBRzRBSWdBNkFDSUFaQUJ2QUcwQVNRQnVBSFFBWlFCeUFHRUFZd0IwQUdrQWRnQmxBQ0lBTEFBaUFITUFJZ0E2QURJQU53QTNBREVBTEFBaUFHVUFJZ0E2QURJQU53QTNBREVBTEFBaUFHOEFJZ0E2QUNJQVpBQnZBR01BZFFCdEFHVUFiZ0IwQUNJQUxBQWlBSFFBSWdBNkFDSUFkQUJwQUcwQWFRQnVBR2NBSWdCOUFDd0Fld0FpQUc0QUlnQTZBQ0lBWkFCdkFHMEFUQUJ2QUdFQVpBQnBBRzRBWndBaUFDd0FJZ0J6QUNJQU9nQXhBRFFBTndBMUFDd0FJZ0JsQUNJQU9nQXhBRFFBTndBMUFDd0FJZ0J2QUNJQU9nQWlBR1FBYndCakFIVUFiUUJsQUc0QWRBQWlBQ3dBSWdCMEFDSUFPZ0FpQUhRQWFRQnRBR2tBYmdCbkFDSUFmUUFzQUhzQUlnQnVBQ0lBT2dBaUFHUUFid0J0QUdFQWFRQnVBRXdBYndCdkFHc0FkUUJ3QUVVQWJnQmtBQ0lBTEFBaUFITUFJZ0E2QURJQUxBQWlBR1VBSWdBNkFESUFMQUFpQUc4QUlnQTZBQ0lBWkFCdkFHTUFkUUJ0QUdVQWJnQjBBQ0lBTEFBaUFIUUFJZ0E2QUNJQWRBQnBBRzBBYVFCdUFHY0FJZ0I5QUN3QWV3QWlBRzRBSWdBNkFDSUFaQUJ2QUcwQVlRQnBBRzRBVEFCdkFHOEFhd0IxQUhBQVV3QjBBR0VBY2dCMEFDSUFMQUFpQUhNQUlnQTZBRElBTEFBaUFHVUFJZ0E2QURJQUxBQWlBRzhBSWdBNkFDSUFaQUJ2QUdNQWRRQnRBR1VBYmdCMEFDSUFMQUFpQUhRQUlnQTZBQ0lBZEFCcEFHMEFhUUJ1QUdjQUlnQjlBQ3dBZXdBaUFHNEFJZ0E2QUNJQVpnQmxBSFFBWXdCb0FGTUFkQUJoQUhJQWRBQWlBQ3dBSWdCekFDSUFPZ0F5QUN3QUlnQmxBQ0lBT2dBeUFDd0FJZ0J2QUNJQU9nQWlBR1FBYndCakFIVUFiUUJsQUc0QWRBQWlBQ3dBSWdCMEFDSUFPZ0FpQUhRQWFRQnRBR2tBYmdCbkFDSUFmUUFzQUhzQUlnQnVBQ0lBT2dBaUFHd0Fid0JoQUdRQVJRQjJBR1VBYmdCMEFFVUFiZ0JrQUNJQUxBQWlBSE1BSWdBNkFESUFPUUF4QURnQUxBQWlBR1VBSWdBNkFESUFPUUF4QURnQUxBQWlBRzhBSWdBNkFDSUFaQUJ2QUdNQWRRQnRBR1VBYmdCMEFDSUFMQUFpQUhRQUlnQTZBQ0lBZEFCcEFHMEFhUUJ1QUdjQUlnQjlBQ3dBZXdBaUFHNEFJZ0E2QUNJQWJBQnZBR0VBWkFCRkFIWUFaUUJ1QUhRQVV3QjBBR0VBY2dCMEFDSUFMQUFpQUhNQUlnQTZBRElBT1FBeEFEVUFMQUFpQUdVQUlnQTZBRElBT1FBeEFEVUFMQUFpQUc4QUlnQTZBQ0lBWkFCdkFHTUFkUUJ0QUdVQWJnQjBBQ0lBTEFBaUFIUUFJZ0E2QUNJQWRBQnBBRzBBYVFCdUFHY0FJZ0I5QUN3QWV3QWlBRzRBSWdBNkFDSUFiUUJ6QUVZQWFRQnlBSE1BZEFCUUFHRUFhUUJ1QUhRQUlnQXNBQ0lBY3dBaUFEb0FNUUE0QURnQU5RQXNBQ0lBWlFBaUFEb0FNUUE0QURnQU5RQXNBQ0lBYndBaUFEb0FJZ0JrQUc4QVl3QjFBRzBBWlFCdUFIUUFJZ0FzQUNJQWRBQWlBRG9BSWdCMEFHa0FiUUJwQUc0QVp3QWlBSDBBTEFCN0FDSUFiZ0FpQURvQUlnQnVBR0VBZGdCcEFHY0FZUUIwQUdrQWJ3QnVBRk1BZEFCaEFISUFkQUFpQUN3QUlnQnpBQ0lBT2dBd0FDd0FJZ0JsQUNJQU9nQXdBQ3dBSWdCdkFDSUFPZ0FpQUdRQWJ3QmpBSFVBYlFCbEFHNEFkQUFpQUN3QUlnQjBBQ0lBT2dBaUFIUUFhUUJ0QUdrQWJnQm5BQ0lBZlFBc0FIc0FJZ0J1QUNJQU9nQWlBSElBWlFCeEFIVUFaUUJ6QUhRQVV3QjBBR0VBY2dCMEFDSUFMQUFpQUhNQUlnQTZBREVBTkFBM0FETUFMQUFpQUdVQUlnQTZBREVBTkFBM0FETUFMQUFpQUc4QUlnQTZBQ0lBWkFCdkFHTUFkUUJ0QUdVQWJnQjBBQ0lBTEFBaUFIUUFJZ0E2QUNJQWRBQnBBRzBBYVFCdUFHY0FJZ0I5QUN3QWV3QWlBRzRBSWdBNkFDSUFjZ0JsQUhNQWNBQnZBRzRBY3dCbEFFVUFiZ0JrQUNJQUxBQWlBSE1BSWdBNkFERUFOQUE0QURBQUxBQWlBR1VBSWdBNkFERUFOQUE0QURBQUxBQWlBRzhBSWdBNkFDSUFaQUJ2QUdNQWRRQnRBR1VBYmdCMEFDSUFMQUFpQUhRQUlnQTZBQ0lBZEFCcEFHMEFhUUJ1QUdjQUlnQjlBQ3dBZXdBaUFHNEFJZ0E2QUNJQWNnQmxBSE1BY0FCdkFHNEFjd0JsQUZNQWRBQmhBSElBZEFBaUFDd0FJZ0J6QUNJQU9nQXhBRFFBTndBMUFDd0FJZ0JsQUNJQU9nQXhBRFFBTndBMUFDd0FJZ0J2QUNJQU9nQWlBR1FBYndCakFIVUFiUUJsQUc0QWRBQWlBQ3dBSWdCMEFDSUFPZ0FpQUhRQWFRQnRBR2tBYmdCbkFDSUFmUUFzQUhzQUlnQnVBQ0lBT2dBaUFHd0FhUUJ1QUdzQUlnQXNBQ0lBY3dBaUFEb0FNUUEwQURnQU1nQXNBQ0lBWlFBaUFEb0FNUUExQURVQU1RQXNBQ0lBYndBaUFEb0FJZ0JvQUhRQWRBQndBSE1BT2dBdkFDOEFjd0IwQUdFQVp3QnBBRzRBWndCd0FISUFaUUJrQUdrQVl3QjBBRFVBTGdCcEFHNEFaZ0JzQUhVQVpRQnVBR01BWlFCb0FHVUFZUUJzQUhRQWFBQXVBR01BYndCdEFEb0FOQUEwQURNQUx3QWtBR01BY3dCekFDOEFiZ0J2QUhJQWJRQmhBR3dBYVFCNkFHVUFMZ0J0QUdrQWJnQXVBR01BY3dCekFDSUFMQUFpQUhRQUlnQTZBQ0lBY2dCbEFITUFid0IxQUhJQVl3QmxBQ0lBZlFBc0FIc0FJZ0J1QUNJQU9nQWlBR3dBYVFCdUFHc0FJZ0FzQUNJQWN3QWlBRG9BTVFBMEFEZ0FOQUFzQUNJQVpRQWlBRG9BTVFBMUFETUFOUUFzQUNJQWJ3QWlBRG9BSWdCb0FIUUFkQUJ3QUhNQU9nQXZBQzhBY3dCMEFHRUFad0JwQUc0QVp3QndBSElBWlFCa0FHa0FZd0IwQURVQUxnQnBBRzRBWmdCc0FIVUFaUUJ1QUdNQVpRQm9BR1VBWVFCc0FIUUFhQUF1QUdNQWJ3QnRBRG9BTkFBMEFETUFMd0FrQUhVQWFRQXRBSEFBWVFCMEFIUUFaUUJ5QUc0QWN3QXZBR1FBYVFCekFIUUFMd0IxQUdrQUxRQndBR0VBZEFCMEFHVUFjZ0J1QUhNQUxnQmpBSE1BY3dBaUFDd0FJZ0IwQUNJQU9nQWlBSElBWlFCekFHOEFkUUJ5QUdNQVpRQWlBSDBBTEFCN0FDSUFiZ0FpQURvQUlnQnNBR2tBYmdCckFDSUFMQUFpQUhNQUlnQTZBREVBTkFBNEFEY0FMQUFpQUdVQUlnQTZBREVBTlFBMUFETUFMQUFpQUc4QUlnQTZBQ0lBYUFCMEFIUUFjQUJ6QURvQUx3QXZBSE1BZEFCaEFHY0FhUUJ1QUdjQWNBQnlBR1VBWkFCcEFHTUFkQUExQUM0QWFRQnVBR1lBYkFCMUFHVUFiZ0JqQUdVQWFBQmxBR0VBYkFCMEFHZ0FMZ0JqQUc4QWJRQTZBRFFBTkFBekFDOEFZd0J6QUhNQUx3QnVBR2NBTFFCbkFISUFhUUJrQUM0QWJRQnBBRzRBTGdCakFITUFjd0FpQUN3QUlnQjBBQ0lBT2dBaUFISUFaUUJ6QUc4QWRRQnlBR01BWlFBaUFIMEFMQUI3QUNJQWJnQWlBRG9BSWdCc0FHa0FiZ0JyQUNJQUxBQWlBSE1BSWdBNkFERUFOQUE0QURnQUxBQWlBR1VBSWdBNkFERUFOUUExQURrQUxBQWlBRzhBSWdBNkFDSUFhQUIwQUhRQWNBQnpBRG9BTHdBdkFITUFkQUJoQUdjQWFRQnVBR2NBY0FCeUFHVUFaQUJwQUdNQWRBQTFBQzRBYVFCdUFHWUFiQUIxQUdVQWJnQmpBR1VBYUFCbEFHRUFiQUIwQUdnQUxnQmpBRzhBYlFBNkFEUUFOQUF6QUM4QVl3QnpBSE1BTHdCcUFIRUFkUUJsQUhJQWVRQXRBSFVBYVFBdUFHTUFjd0J6QUNJQUxBQWlBSFFBSWdBNkFDSUFjZ0JsQUhNQWJ3QjFBSElBWXdCbEFDSUFmUUFzQUhzQUlnQnVBQ0lBT2dBaUFHd0FhUUJ1QUdzQUlnQXNBQ0lBY3dBaUFEb0FNUUEwQURrQU1BQXNBQ0lBWlFBaUFEb0FNUUExQURVQU1BQXNBQ0lBYndBaUFEb0FJZ0JvQUhRQWRBQndBSE1BT2dBdkFDOEFjd0IwQUdFQVp3QnBBRzRBWndCd0FISUFaUUJrQUdrQVl3QjBBRFVBTGdCcEFHNEFaZ0JzQUhVQVpRQnVBR01BWlFCb0FHVUFZUUJzQUhRQWFBQXVBR01BYndCdEFEb0FOQUEwQURNQUx3QmpBSE1BY3dBdkFHb0Fjd0JzQUdrQVpBQmxBSElBTGdCakFITUFjd0FpQUN3QUlnQjBBQ0lBT2dBaUFISUFaUUJ6QUc4QWRRQnlBR01BWlFBaUFIMEFMQUI3QUNJQWJnQWlBRG9BSWdCc0FHa0FiZ0JyQUNJQUxBQWlBSE1BSWdBNkFERUFOQUE1QURJQUxBQWlBR1VBSWdBNkFERUFOUUE1QURNQUxBQWlBRzhBSWdBNkFDSUFhQUIwQUhRQWNBQnpBRG9BTHdBdkFITUFkQUJoQUdjQWFRQnVBR2NBY0FCeUFHVUFaQUJwQUdNQWRBQTFBQzRBYVFCdUFHWUFiQUIxQUdVQWJnQmpBR1VBYUFCbEFHRUFiQUIwQUdnQUxnQmpBRzhBYlFBNkFEUUFOQUF6QUM4QVl3QnpBSE1BTHdCc0FHVUFZUUJtQUd3QVpRQjBBQzRBWXdCekFITUFJZ0FzQUNJQWRBQWlBRG9BSWdCeUFHVUFjd0J2QUhVQWNnQmpBR1VBSWdCOUFDd0Fld0FpQUc0QUlnQTZBQ0lBYkFCcEFHNEFhd0FpQUN3QUlnQnpBQ0lBT2dBeEFEUUFPUUF6QUN3QUlnQmxBQ0lBT2dBeEFEVUFPUUF4QUN3QUlnQnZBQ0lBT2dBaUFHZ0FkQUIwQUhBQWN3QTZBQzhBTHdCekFIUUFZUUJuQUdrQWJnQm5BSEFBY2dCbEFHUUFhUUJqQUhRQU5RQXVBR2tBYmdCbUFHd0FkUUJsQUc0QVl3QmxBR2dBWlFCaEFHd0FkQUJvQUM0QVl3QnZBRzBBT2dBMEFEUUFNd0F2QUdNQWN3QnpBQzhBVEFBdUFFTUFid0J1QUhRQWNnQnZBR3dBTGdCUUFHRUFiZ0F1QUdNQWN3QnpBQ0lBTEFBaUFIUUFJZ0E2QUNJQWNnQmxBSE1BYndCMUFISUFZd0JsQUNJQWZRQXNBSHNBSWdCdUFDSUFPZ0FpQUd3QWFRQnVBR3NBSWdBc0FDSUFjd0FpQURvQU1RQTBBRGtBTlFBc0FDSUFaUUFpQURvQU1RQTJBREFBTXdBc0FDSUFid0FpQURvQUlnQm9BSFFBZEFCd0FITUFPZ0F2QUM4QWN3QjBBR0VBWndCcEFHNEFad0J3QUhJQVpRQmtBR2tBWXdCMEFEVUFMZ0JwQUc0QVpnQnNBSFVBWlFCdUFHTUFaUUJvQUdVQVlRQnNBSFFBYUFBdUFHTUFid0J0QURvQU5BQTBBRE1BTHdCakFITUFjd0F2QUV3QUxnQkRBRzhBYmdCMEFISUFid0JzQUM0QVVBQmhBRzRBTGdCcEFHVUFMZ0JqQUhNQWN3QWlBQ3dBSWdCMEFDSUFPZ0FpQUhJQVpRQnpBRzhBZFFCeUFHTUFaUUFpQUgwQUxBQjdBQ0lBYmdBaUFEb0FJZ0JzQUdrQWJnQnJBQ0lBTEFBaUFITUFJZ0E2QURFQU5BQTVBRFlBTEFBaUFHVUFJZ0E2QURFQU5nQXdBRFFBTEFBaUFHOEFJZ0E2QUNJQWFBQjBBSFFBY0FCekFEb0FMd0F2QUhNQWRBQmhBR2NBYVFCdUFHY0FjQUJ5QUdVQVpBQnBBR01BZEFBMUFDNEFhUUJ1QUdZQWJBQjFBR1VBYmdCakFHVUFhQUJsQUdFQWJBQjBBR2dBTGdCakFHOEFiUUE2QURRQU5BQXpBQzhBWXdCekFITUFMd0JpQUc4QWJ3QjBBSE1BZEFCeUFHRUFjQUF0QUhNQVpRQnNBR1VBWXdCMEFDNEFiUUJwQUc0QUxnQmpBSE1BY3dBaUFDd0FJZ0IwQUNJQU9nQWlBSElBWlFCekFHOEFkUUJ5QUdNQVpRQWlBSDBBTEFCN0FDSUFiZ0FpQURvQUlnQnNBR2tBYmdCckFDSUFMQUFpQUhNQUlnQTZBREVBTkFBNUFEZ0FMQUFpQUdVQUlnQTZBREVBTlFBNUFEZ0FMQUFpQUc4QUlnQTZBQ0lBYUFCMEFIUUFjQUJ6QURvQUx3QXZBSE1BZEFCaEFHY0FhUUJ1QUdjQWNBQnlBR1VBWkFCcEFHTUFkQUExQUM0QWFRQnVBR1lBYkFCMUFHVUFiZ0JqQUdVQWFBQmxBR0VBYkFCMEFHZ0FMZ0JqQUc4QWJRQTZBRFFBTkFBekFDOEFZd0J6QUhNQUx3Qk5BR0VBY2dCckFHVUFjZ0JEQUd3QWRRQnpBSFFBWlFCeUFDNEFZd0J6QUhNQUlnQXNBQ0lBZEFBaUFEb0FJZ0J5QUdVQWN3QnZBSFVBY2dCakFHVUFJZ0I5QUN3QWV3QWlBRzRBSWdBNkFDSUFiQUJwQUc0QWF3QWlBQ3dBSWdCekFDSUFPZ0F4QURRQU9RQTVBQ3dBSWdCbEFDSUFPZ0F4QURZQU1BQTVBQ3dBSWdCdkFDSUFPZ0FpQUdnQWRBQjBBSEFBY3dBNkFDOEFMd0J6QUhRQVlRQm5BR2tBYmdCbkFIQUFjZ0JsQUdRQWFRQmpBSFFBTlFBdUFHa0FiZ0JtQUd3QWRRQmxBRzRBWXdCbEFHZ0FaUUJoQUd3QWRBQm9BQzRBWXdCdkFHMEFPZ0EwQURRQU13QXZBR01BY3dCekFDOEFUUUJoQUhJQWF3QmxBSElBUXdCc0FIVUFjd0IwQUdVQWNnQXVBRVFBWlFCbUFHRUFkUUJzQUhRQUxnQmpBSE1BY3dBaUFDd0FJZ0IwQUNJQU9nQWlBSElBWlFCekFHOEFkUUJ5QUdNQVpRQWlBSDBBTEFCN0FDSUFiZ0FpQURvQUlnQnNBR2tBYmdCckFDSUFMQUFpQUhNQUlnQTZBREVBTlFBd0FERUFMQUFpQUdVQUlnQTZBREVBTmdBMEFEQUFMQUFpQUc4QUlnQTZBQ0lBYUFCMEFIUUFjQUJ6QURvQUx3QXZBSE1BZEFCaEFHY0FhUUJ1QUdjQWNBQnlBR1VBWkFCcEFHTUFkQUExQUM0QWFRQnVBR1lBYkFCMUFHVUFiZ0JqQUdVQWFBQmxBR0VBYkFCMEFHZ0FMZ0JqQUc4QWJRQTZBRFFBTkFBekFDOEFZd0J6QUhNQUx3QmtBR0VBZEFCbEFIQUFhUUJqQUdzQVpRQnlBQzRBWXdCekFITUFJZ0FzQUNJQWRBQWlBRG9BSWdCeUFHVUFjd0J2QUhVQWNnQmpBR1VBSWdCOUFDd0Fld0FpQUc0QUlnQTZBQ0lBYkFCcEFHNEFhd0FpQUN3QUlnQnpBQ0lBT2dBeEFEVUFNQUF5QUN3QUlnQmxBQ0lBT2dBeEFEWUFOQUF4QUN3QUlnQnZBQ0lBT2dBaUFHZ0FkQUIwQUhBQWN3QTZBQzhBTHdCekFIUUFZUUJuQUdrQWJnQm5BSEFBY2dCbEFHUUFhUUJqQUhRQU5RQXVBR2tBYmdCbUFHd0FkUUJsQUc0QVl3QmxBR2dBWlFCaEFHd0FkQUJvQUM0QVl3QnZBRzBBT2dBMEFEUUFNd0F2QUdNQWN3QnpBQzhBWmdCdkFHNEFkQUF0QUdFQWR3QmxBSE1BYndCdEFHVUFMZ0J0QUdrQWJnQXVBR01BY3dCekFDSUFMQUFpQUhRQUlnQTZBQ0lBY2dCbEFITUFid0IxQUhJQVl3QmxBQ0lBZlFBc0FIc0FJZ0J1QUNJQU9nQWlBR3dBYVFCdUFHc0FJZ0FzQUNJQWN3QWlBRG9BTVFBMUFEQUFOQUFzQUNJQVpRQWlBRG9BTVFBMkFEUUFOd0FzQUNJQWJ3QWlBRG9BSWdCb0FIUUFkQUJ3QUhNQU9nQXZBQzhBY3dCMEFHRUFad0JwQUc0QVp3QndBSElBWlFCa0FHa0FZd0IwQURVQUxnQnBBRzRBWmdCc0FIVUFaUUJ1QUdNQVpRQm9BR1VBWVFCc0FIUUFhQUF1QUdNQWJ3QnRBRG9BTkFBMEFETUFMd0JqQUhNQWN3QXZBR0VBYmdCbkFIVUFiQUJoQUhJQUxRQjFBR2tBTFFCMEFISUFaUUJsQUM0QWJRQnBBRzRBTGdCakFITUFjd0FpQUN3QUlnQjBBQ0lBT2dBaUFISUFaUUJ6QUc4QWRRQnlBR01BWlFBaUFIMEFMQUI3QUNJQWJnQWlBRG9BSWdCc0FHa0FiZ0JyQUNJQUxBQWlBSE1BSWdBNkFERUFOUUF3QURZQUxBQWlBR1VBSWdBNkFERUFOZ0EwQURJQUxBQWlBRzhBSWdBNkFDSUFhQUIwQUhRQWNBQnpBRG9BTHdBdkFITUFkQUJoQUdjQWFRQnVBR2NBY0FCeUFHVUFaQUJwQUdNQWRBQTFBQzRBYVFCdUFHWUFiQUIxQUdVQWJnQmpBR1VBYUFCbEFHRUFiQUIwQUdnQUxnQmpBRzhBYlFBNkFEUUFOQUF6QUM4QWRBQm9BR1VBYlFCbEFITUFMd0JrQUdVQVpnQmhBSFVBYkFCMEFDOEFiUUJoQUdrQWJnQXVBR01BY3dCekFDSUFMQUFpQUhRQUlnQTZBQ0lBY2dCbEFITUFid0IxQUhJQVl3QmxBQ0lBZlFBc0FIc0FJZ0J1QUNJQU9nQWlBR3dBYVFCdUFHc0FJZ0FzQUNJQWN3QWlBRG9BTVFBMUFEQUFOd0FzQUNJQVpRQWlBRG9BTVFBMkFEVUFNd0FzQUNJQWJ3QWlBRG9BSWdCb0FIUUFkQUJ3QUhNQU9nQXZBQzhBY3dCMEFHRUFad0JwQUc0QVp3QndBSElBWlFCa0FHa0FZd0IwQURVQUxnQnBBRzRBWmdCc0FIVUFaUUJ1QUdNQVpRQm9BR1VBWVFCc0FIUUFhQUF1QUdNQWJ3QnRBRG9BTkFBMEFETUFMd0JqQUhNQWN3QXZBR3dBWlFCaEFHWUFiQUJsQUhRQUxRQlFBSElBZFFCdUFHVUFRd0JzQUhVQWN3QjBBR1VBY2dBdUFHTUFjd0J6QUNJQUxBQWlBSFFBSWdBNkFDSUFjZ0JsQUhNQWJ3QjFBSElBWXdCbEFDSUFmUUFzQUhzQUlnQnVBQ0lBT2dBaUFITUFZd0J5QUdrQWNBQjBBQ0lBTEFBaUFITUFJZ0E2QURFQU5RQXdBRGtBTEFBaUFHVUFJZ0E2QURFQU5nQTFBRFFBTEFBaUFHOEFJZ0E2QUNJQWFBQjBBSFFBY0FCekFEb0FMd0F2QUhNQWRBQmhBR2NBYVFCdUFHY0FjQUJ5QUdVQVpBQnBBR01BZEFBMUFDNEFhUUJ1QUdZQWJBQjFBR1VBYmdCakFHVUFhQUJsQUdFQWJBQjBBR2dBTGdCakFHOEFiUUE2QURRQU5BQXpBQzhBSkFCcUFITUFMd0JxQUhFQWRRQmxBSElBZVFBdUFHb0Fjd0FpQUN3QUlnQjBBQ0lBT2dBaUFISUFaUUJ6QUc4QWRRQnlBR01BWlFBaUFIMEFMQUI3QUNJQWJnQWlBRG9BSWdCekFHTUFjZ0JwQUhBQWRBQWlBQ3dBSWdCekFDSUFPZ0F4QURVQU1RQXdBQ3dBSWdCbEFDSUFPZ0F4QURrQU5nQTNBQ3dBSWdCdkFDSUFPZ0FpQUdnQWRBQjBBSEFBY3dBNkFDOEFMd0J6QUhRQVlRQm5BR2tBYmdCbkFIQUFjZ0JsQUdRQWFRQmpBSFFBTlFBdUFHa0FiZ0JtQUd3QWRRQmxBRzRBWXdCbEFHZ0FaUUJoQUd3QWRBQm9BQzRBWXdCdkFHMEFPZ0EwQURRQU13QXZBQ1FBYWdCekFDOEFZUUJ1QUdjQWRRQnNBR0VBY2dBdUFHb0Fjd0FpQUN3QUlnQjBBQ0lBT2dBaUFISUFaUUJ6QUc4QWRRQnlBR01BWlFBaUFIMEFMQUI3QUNJQWJnQWlBRG9BSWdCekFHTUFjZ0JwQUhBQWRBQWlBQ3dBSWdCekFDSUFPZ0F4QURVQU1RQXlBQ3dBSWdCbEFDSUFPZ0F4QURZQU9RQXdBQ3dBSWdCdkFDSUFPZ0FpQUdnQWRBQjBBSEFBY3dBNkFDOEFMd0J6QUhRQVlRQm5BR2tBYmdCbkFIQUFjZ0JsQUdRQWFRQmpBSFFBTlFBdUFHa0FiZ0JtQUd3QWRRQmxBRzRBWXdCbEFHZ0FaUUJoQUd3QWRBQm9BQzRBWXdCdkFHMEFPZ0EwQURRQU13QXZBQ1FBYWdCekFDOEFiUUJoQUdrQWJnQXVBR29BY3dBaUFDd0FJZ0IwQUNJQU9nQWlBSElBWlFCekFHOEFkUUJ5QUdNQVpRQWlBSDBBTEFCN0FDSUFiZ0FpQURvQUlnQnpBR01BY2dCcEFIQUFkQUFpQUN3QUlnQnpBQ0lBT2dBeEFEVUFNUUF6QUN3QUlnQmxBQ0lBT2dBeEFEY0FNUUF3QUN3QUlnQnZBQ0lBT2dBaUFHZ0FkQUIwQUhBQWN3QTZBQzhBTHdCekFIUUFZUUJuQUdrQWJnQm5BSEFBY2dCbEFHUUFhUUJqQUhRQU5RQXVBR2tBYmdCbUFHd0FkUUJsQUc0QVl3QmxBR2dBWlFCaEFHd0FkQUJvQUM0QVl3QnZBRzBBT2dBMEFEUUFNd0F2QUhNQVpRQnlBSFlBYVFCakFHVUFjd0F2QUhVQWRBQnBBR3dBTGdCcUFITUFJZ0FzQUNJQWRBQWlBRG9BSWdCeUFHVUFjd0J2QUhVQWNnQmpBR1VBSWdCOUFDd0Fld0FpQUc0QUlnQTZBQ0lBY3dCakFISUFhUUJ3QUhRQUlnQXNBQ0lBY3dBaUFEb0FNUUExQURFQU5RQXNBQ0lBWlFBaUFEb0FNUUEyQURrQU5RQXNBQ0lBYndBaUFEb0FJZ0JvQUhRQWRBQndBSE1BT2dBdkFDOEFjd0IwQUdFQVp3QnBBRzRBWndCd0FISUFaUUJrQUdrQVl3QjBBRFVBTGdCcEFHNEFaZ0JzQUhVQVpRQnVBR01BWlFCb0FHVUFZUUJzQUhRQWFBQXVBR01BYndCdEFEb0FOQUEwQURNQUx3QnpBR1VBY2dCMkFHa0FZd0JsQUhNQUx3QjFBSE1BWlFCeUFITUFVd0IyQUdNQUxnQnFBSE1BSWdBc0FDSUFkQUFpQURvQUlnQnlBR1VBY3dCdkFIVUFjZ0JqQUdVQUlnQjlBQ3dBZXdBaUFHNEFJZ0E2QUNJQWN3QmpBSElBYVFCd0FIUUFJZ0FzQUNJQWN3QWlBRG9BTVFBMUFERUFOZ0FzQUNJQVpRQWlBRG9BTVFBM0FEQUFPQUFzQUNJQWJ3QWlBRG9BSWdCb0FIUUFkQUJ3QUhNQU9nQXZBQzhBY3dCMEFHRUFad0JwQUc0QVp3QndBSElBWlFCa0FHa0FZd0IwQURVQUxnQnBBRzRBWmdCc0FIVUFaUUJ1QUdNQVpRQm9BR1VBWVFCc0FIUUFhQUF1QUdNQWJ3QnRBRG9BTkFBMEFETUFMd0J6QUdVQWNnQjJBR2tBWXdCbEFITUFMd0IxQUhNQVpRQnlBRU1BYndCdUFIUUFaUUI0QUhRQVV3QjJBR01BTGdCcUFITUFJZ0FzQUNJQWRBQWlBRG9BSWdCeUFHVUFjd0J2QUhVQWNnQmpBR1VBSWdCOUFDd0Fld0FpQUc0QUlnQTZBQ0lBY3dCakFISUFhUUJ3QUhRQUlnQXNBQ0lBY3dBaUFEb0FNUUExQURFQU9BQXNBQ0lBWlFBaUFEb0FNUUE1QURnQU1nQXNBQ0lBYndBaUFEb0FJZ0JvQUhRQWRBQndBSE1BT2dBdkFDOEFjd0IwQUdFQVp3QnBBRzRBWndCd0FISUFaUUJrQUdrQVl3QjBBRFVBTGdCcEFHNEFaZ0JzQUhVQVpRQnVBR01BWlFCb0FHVUFZUUJzQUhRQWFBQXVBR01BYndCdEFEb0FOQUEwQURNQUx3QnpBR1VBY2dCMkFHa0FZd0JsQUhNQUx3QjBBR0VBY2dCbkFHVUFkQUJCQUhJQVpRQmhBSE1BUXdCdkFHd0FkUUJ0QUc0QUxnQnFBSE1BSWdBc0FDSUFkQUFpQURvQUlnQnlBR1VBY3dCdkFIVUFjZ0JqQUdVQUlnQjlBQ3dBZXdBaUFHNEFJZ0E2QUNJQWN3QmpBSElBYVFCd0FIUUFJZ0FzQUNJQWN3QWlBRG9BTVFBMUFERUFPUUFzQUNJQVpRQWlBRG9BTVFBM0FEUUFPQUFzQUNJQWJ3QWlBRG9BSWdCb0FIUUFkQUJ3QUhNQU9nQXZBQzhBY3dCMEFHRUFad0JwQUc0QVp3QndBSElBWlFCa0FHa0FZd0IwQURVQUxnQnBBRzRBWmdCc0FIVUFaUUJ1QUdNQVpRQm9BR1VBWVFCc0FIUUFhQUF1QUdNQWJ3QnRBRG9BTkFBMEFETUFMd0J6QUdVQWNnQjJBR2tBWXdCbEFITUFMd0IwQUdFQVlnQkJBRzRBWkFCVEFIUUFaUUJ3QUVRQVpRQm1BR2tBYmdCcEFIUUFhUUJ2QUc0QWN3QXVBR29BY3dBaUFDd0FJZ0IwQUNJQU9nQWlBSElBWlFCekFHOEFkUUJ5QUdNQVpRQWlBSDBBTEFCN0FDSUFiZ0FpQURvQUlnQnpBR01BY2dCcEFIQUFkQUFpQUN3QUlnQnpBQ0lBT2dBeEFEVUFNZ0F5QUN3QUlnQmxBQ0lBT2dBeEFEY0FOQUEwQUN3QUlnQnZBQ0lBT2dBaUFHZ0FkQUIwQUhBQWN3QTZBQzhBTHdCekFIUUFZUUJuQUdrQWJnQm5BSEFBY2dCbEFHUUFhUUJqQUhRQU5RQXVBR2tBYmdCbUFHd0FkUUJsQUc0QVl3QmxBR2dBWlFCaEFHd0FkQUJvQUM0QVl3QnZBRzBBT2dBMEFEUUFNd0F2QUhNQVpRQnlBSFlBYVFCakFHVUFjd0F2QUhNQVpRQnpBSE1BYVFCdkFHNEFVd0IyQUdNQUxnQnFBSE1BSWdBc0FDSUFkQUFpQURvQUlnQnlBR1VBY3dCdkFIVUFjZ0JqQUdVQUlnQjlBQ3dBZXdBaUFHNEFJZ0E2QUNJQWN3QmpBSElBYVFCd0FIUUFJZ0FzQUNJQWN3QWlBRG9BTVFBMUFESUFNZ0FzQUNJQVpRQWlBRG9BTVFBM0FEUUFOUUFzQUNJQWJ3QWlBRG9BSWdCb0FIUUFkQUJ3QUhNQU9nQXZBQzhBY3dCMEFHRUFad0JwQUc0QVp3QndBSElBWlFCa0FHa0FZd0IwQURVQUxnQnBBRzRBWmdCc0FIVUFaUUJ1QUdNQVpRQm9BR1VBWVFCc0FIUUFhQUF1QUdNQWJ3QnRBRG9BTkFBMEFETUFMd0J6QUdVQWNnQjJBR2tBWXdCbEFITUFMd0J6QUdVQWJBQmxBR01BZEFCbEFHUUFRd0J2QUc0QWRBQmxBSGdBZEFCVEFIWUFZd0F1QUdvQWN3QWlBQ3dBSWdCMEFDSUFPZ0FpQUhJQVpRQnpBRzhBZFFCeUFHTUFaUUFpQUgwQUxBQjdBQ0lBYmdBaUFEb0FJZ0J6QUdNQWNnQnBBSEFBZEFBaUFDd0FJZ0J6QUNJQU9nQXhBRFVBTWdBMEFDd0FJZ0JsQUNJQU9nQXhBRGNBTlFBekFDd0FJZ0J2QUNJQU9nQWlBR2dBZEFCMEFIQUFjd0E2QUM4QUx3QnpBSFFBWVFCbkFHa0FiZ0JuQUhBQWNnQmxBR1FBYVFCakFIUUFOUUF1QUdrQWJnQm1BR3dBZFFCbEFHNEFZd0JsQUdnQVpRQmhBR3dBZEFCb0FDNEFZd0J2QUcwQU9nQTBBRFFBTXdBdkFITUFaUUJ5QUhZQWFRQmpBR1VBY3dBdkFITUFaUUJsQUdRQVRBQnBBSE1BZEFCVEFIWUFZd0F1QUdvQWN3QWlBQ3dBSWdCMEFDSUFPZ0FpQUhJQVpRQnpBRzhBZFFCeUFHTUFaUUFpQUgwQUxBQjdBQ0lBYmdBaUFEb0FJZ0J6QUdNQWNnQnBBSEFBZEFBaUFDd0FJZ0J6QUNJQU9nQXhBRFVBTWdBMUFDd0FJZ0JsQUNJQU9nQXhBRGNBT1FBeUFDd0FJZ0J2QUNJQU9nQWlBR2dBZEFCMEFIQUFjd0E2QUM4QUx3QnpBSFFBWVFCbkFHa0FiZ0JuQUhBQWNnQmxBR1FBYVFCakFIUUFOUUF1QUdrQWJnQm1BR3dBZFFCbEFHNEFZd0JsQUdnQVpRQmhBR3dBZEFCb0FDNEFZd0J2QUcwQU9nQTBBRFFBTXdBdkFITUFaUUJ5QUhZQWFRQmpBR1VBY3dBdkFISUFaUUJ4QUhVQVpRQnpBSFFBVEFCdkFHY0FTUUJ1QUhRQVpRQnlBR01BWlFCd0FIUUFid0J5QUM0QWFnQnpBQ0lBTEFBaUFIUUFJZ0E2QUNJQWNnQmxBSE1BYndCMUFISUFZd0JsQUNJQWZRQXNBSHNBSWdCdUFDSUFPZ0FpQUhNQVl3QnlBR2tBY0FCMEFDSUFMQUFpQUhNQUlnQTZBREVBTlFBeUFEY0FMQUFpQUdVQUlnQTZBREVBTndBNUFEY0FMQUFpQUc4QUlnQTZBQ0lBYUFCMEFIUUFjQUJ6QURvQUx3QXZBSE1BZEFCaEFHY0FhUUJ1QUdjQWNBQnlBR1VBWkFCcEFHTUFkQUExQUM0QWFRQnVBR1lBYkFCMUFHVUFiZ0JqQUdVQWFBQmxBR0VBYkFCMEFHZ0FMZ0JqQUc4QWJRQTZBRFFBTkFBekFDOEFjd0JsQUhJQWRnQnBBR01BWlFCekFDOEFjZ0JsQUdNQWFRQndBR1VBVXdCMkFHTUFMZ0JxQUhNQUlnQXNBQ0lBZEFBaUFEb0FJZ0J5QUdVQWN3QnZBSFVBY2dCakFHVUFJZ0I5QUN3QWV3QWlBRzRBSWdBNkFDSUFjd0JqQUhJQWFRQndBSFFBSWdBc0FDSUFjd0FpQURvQU1RQTFBRElBT0FBc0FDSUFaUUFpQURvQU1RQTNBRGtBTndBc0FDSUFid0FpQURvQUlnQm9BSFFBZEFCd0FITUFPZ0F2QUM4QWN3QjBBR0VBWndCcEFHNEFad0J3QUhJQVpRQmtBR2tBWXdCMEFEVUFMZ0JwQUc0QVpnQnNBSFVBWlFCdUFHTUFaUUJvQUdVQVlRQnNBSFFBYUFBdUFHTUFid0J0QURvQU5BQTBBRE1BTHdCekFHVUFjZ0IyQUdrQVl3QmxBSE1BTHdCd0FISUFid0IyQUdrQVpBQmxBSElBVXdCMkFHTUFMZ0JxQUhNQUlnQXNBQ0lBZEFBaUFEb0FJZ0J5QUdVQWN3QnZBSFVBY2dCakFHVUFJZ0I5QUN3QWV3QWlBRzRBSWdBNkFDSUFjd0JqQUhJQWFRQndBSFFBSWdBc0FDSUFjd0FpQURvQU1RQTFBRE1BTUFBc0FDSUFaUUFpQURvQU1RQTRBREFBTndBc0FDSUFid0FpQURvQUlnQm9BSFFBZEFCd0FITUFPZ0F2QUM4QWN3QjBBR0VBWndCcEFHNEFad0J3QUhJQVpRQmtBR2tBWXdCMEFEVUFMZ0JwQUc0QVpnQnNBSFVBWlFCdUFHTUFaUUJvQUdVQVlRQnNBSFFBYUFBdUFHTUFid0J0QURvQU5BQTBBRE1BTHdCekFHVUFjZ0IyQUdrQVl3QmxBSE1BTHdCd0FHa0FkZ0J2QUhRQVZBQmhBR0lBYkFCbEFGTUFkZ0JqQUM0QWFnQnpBQ0lBTEFBaUFIUUFJZ0E2QUNJQWNnQmxBSE1BYndCMUFISUFZd0JsQUNJQWZRQXNBSHNBSWdCdUFDSUFPZ0FpQUhNQVl3QnlBR2tBY0FCMEFDSUFMQUFpQUhNQUlnQTZBREVBTlFBekFERUFMQUFpQUdVQUlnQTZBREVBT0FBMEFEUUFMQUFpQUc4QUlnQTZBQ0lBYUFCMEFIUUFjQUJ6QURvQUx3QXZBSE1BZEFCaEFHY0FhUUJ1QUdjQWNBQnlBR1VBWkFCcEFHTUFkQUExQUM0QWFRQnVBR1lBYkFCMUFHVUFiZ0JqQUdVQWFBQmxBR0VBYkFCMEFHZ0FMZ0JqQUc4QWJRQTZBRFFBTkFBekFDOEFjd0JsQUhJQWRnQnBBR01BWlFCekFDOEFjQUJoQUhNQWRBQk1BR2tBY3dCMEFGTUFkZ0JqQUM0QWFnQnpBQ0lBTEFBaUFIUUFJZ0E2QUNJQWNnQmxBSE1BYndCMUFISUFZd0JsQUNJQWZRQXNBSHNBSWdCdUFDSUFPZ0FpQUhNQVl3QnlBR2tBY0FCMEFDSUFMQUFpQUhNQUlnQTZBREVBTlFBekFEUUFMQUFpQUdVQUlnQTZBREVBT0FBMEFEVUFMQUFpQUc4QUlnQTZBQ0lBYUFCMEFIUUFjQUJ6QURvQUx3QXZBSE1BZEFCaEFHY0FhUUJ1QUdjQWNBQnlBR1VBWkFCcEFHTUFkQUExQUM0QWFRQnVBR1lBYkFCMUFHVUFiZ0JqQUdVQWFBQmxBR0VBYkFCMEFHZ0FMZ0JqQUc4QWJRQTZBRFFBTkFBekFDOEFjd0JsQUhJQWRnQnBBR01BWlFCekFDOEFiZ0J2QUhRQWFRQm1BR2tBWXdCaEFIUUFhUUJ2QUc0QVV3QjJBR01BTGdCcUFITUFJZ0FzQUNJQWRBQWlBRG9BSWdCeUFHVUFjd0J2QUhVQWNnQmpBR1VBSWdCOUFDd0Fld0FpQUc0QUlnQTZBQ0lBY3dCakFISUFhUUJ3QUhRQUlnQXNBQ0lBY3dBaUFEb0FNUUExQURRQU1BQXNBQ0lBWlFBaUFEb0FNUUE0QURNQU9RQXNBQ0lBYndBaUFEb0FJZ0JvQUhRQWRBQndBSE1BT2dBdkFDOEFjd0IwQUdFQVp3QnBBRzRBWndCd0FISUFaUUJrQUdrQVl3QjBBRFVBTGdCcEFHNEFaZ0JzQUhVQVpRQnVBR01BWlFCb0FHVUFZUUJzQUhRQWFBQXVBR01BYndCdEFEb0FOQUEwQURNQUx3QnpBR1VBY2dCMkFHa0FZd0JsQUhNQUx3QnRBRzhBY3dCMEFGSUFaUUJqQUdVQWJnQjBBRU1BWVFCc0FHTUFkUUJzQUdFQWRBQnBBRzhBYmdBdUFHb0Fjd0FpQUN3QUlnQjBBQ0lBT2dBaUFISUFaUUJ6QUc4QWRRQnlBR01BWlFBaUFIMEFMQUI3QUNJQWJnQWlBRG9BSWdCekFHTUFjZ0JwQUhBQWRBQWlBQ3dBSWdCekFDSUFPZ0F4QURVQU5BQXlBQ3dBSWdCbEFDSUFPZ0F4QURnQU5RQTFBQ3dBSWdCdkFDSUFPZ0FpQUdnQWRBQjBBSEFBY3dBNkFDOEFMd0J6QUhRQVlRQm5BR2tBYmdCbkFIQUFjZ0JsQUdRQWFRQmpBSFFBTlFBdUFHa0FiZ0JtQUd3QWRRQmxBRzRBWXdCbEFHZ0FaUUJoQUd3QWRBQm9BQzRBWXdCdkFHMEFPZ0EwQURRQU13QXZBSE1BWlFCeUFIWUFhUUJqQUdVQWN3QXZBR3dBYndCdkFHc0FkUUJ3QUZNQWRnQmpBQzRBYWdCekFDSUFMQUFpQUhRQUlnQTZBQ0lBY2dCbEFITUFid0IxQUhJQVl3QmxBQ0lBZlFBc0FIc0FJZ0J1QUNJQU9nQWlBSE1BWXdCeUFHa0FjQUIwQUNJQUxBQWlBSE1BSWdBNkFERUFOUUEwQURZQUxBQWlBR1VBSWdBNkFERUFPQUEzQURJQUxBQWlBRzhBSWdBNkFDSUFhQUIwQUhRQWNBQnpBRG9BTHdBdkFITUFkQUJoQUdjQWFRQnVBR2NBY0FCeUFHVUFaQUJwQUdNQWRBQTFBQzRBYVFCdUFHWUFiQUIxQUdVQWJnQmpBR1VBYUFCbEFHRUFiQUIwQUdnQUxnQmpBRzhBYlFBNkFEUUFOQUF6QUM4QWN3QmxBSElBZGdCcEFHTUFaUUJ6QUM4QWJBQnZBRzRBWndCVUFHRUFjd0JyQUZNQWRnQmpBQzRBYWdCekFDSUFMQUFpQUhRQUlnQTZBQ0lBY2dCbEFITUFid0IxQUhJQVl3QmxBQ0lBZlFBc0FIc0FJZ0J1QUNJQU9nQWlBSE1BWXdCeUFHa0FjQUIwQUNJQUxBQWlBSE1BSWdBNkFERUFOUUEwQURrQUxBQWlBR1VBSWdBNkFERUFPQUE0QURFQUxBQWlBRzhBSWdBNkFDSUFhQUIwQUhRQWNBQnpBRG9BTHdBdkFITUFkQUJoQUdjQWFRQnVBR2NBY0FCeUFHVUFaQUJwQUdNQWRBQTFBQzRBYVFCdUFHWUFiQUIxQUdVQWJnQmpBR1VBYUFCbEFHRUFiQUIwQUdnQUxnQmpBRzhBYlFBNkFEUUFOQUF6QUM4QWN3QmxBSElBZGdCcEFHTUFaUUJ6QUM4QWJBQnZBR1FBWVFCekFHZ0FMZ0JxQUhNQUlnQXNBQ0lBZEFBaUFEb0FJZ0J5QUdVQWN3QnZBSFVBY2dCakFHVUFJZ0I5QUN3QWV3QWlBRzRBSWdBNkFDSUFjd0JqQUhJQWFRQndBSFFBSWdBc0FDSUFjd0FpQURvQU1RQTFBRFVBTkFBc0FDSUFaUUFpQURvQU1RQTRBRGNBTkFBc0FDSUFid0FpQURvQUlnQm9BSFFBZEFCd0FITUFPZ0F2QUM4QWN3QjBBR0VBWndCcEFHNEFad0J3QUhJQVpRQmtBR2tBWXdCMEFEVUFMZ0JwQUc0QVpnQnNBSFVBWlFCdUFHTUFaUUJvQUdVQVlRQnNBSFFBYUFBdUFHTUFid0J0QURvQU5BQTBBRE1BTHdCekFHVUFjZ0IyQUdrQVl3QmxBSE1BTHdCc0FHOEFZd0JoQUhRQWFRQnZBRzRBVXdCMkFHTUFMZ0JxQUhNQUlnQXNBQ0lBZEFBaUFEb0FJZ0J5QUdVQWN3QnZBSFVBY2dCakFHVUFJZ0I5QUN3QWV3QWlBRzRBSWdBNkFDSUFjd0JqQUhJQWFRQndBSFFBSWdBc0FDSUFjd0FpQURvQU1RQTFBRFVBT0FBc0FDSUFaUUFpQURvQU1RQTRBRGtBTXdBc0FDSUFid0FpQURvQUlnQm9BSFFBZEFCd0FITUFPZ0F2QUM4QWN3QjBBR0VBWndCcEFHNEFad0J3QUhJQVpRQmtBR2tBWXdCMEFEVUFMZ0JwQUc0QVpnQnNBSFVBWlFCdUFHTUFaUUJvQUdVQVlRQnNBSFFBYUFBdUFHTUFid0J0QURvQU5BQTBBRE1BTHdCekFHVUFjZ0IyQUdrQVl3QmxBSE1BTHdCc0FHa0Fjd0IwQUZNQWRnQmpBQzRBYWdCekFDSUFMQUFpQUhRQUlnQTZBQ0lBY2dCbEFITUFid0IxQUhJQVl3QmxBQ0lBZlFBc0FIc0FJZ0J1QUNJQU9nQWlBSE1BWXdCeUFHa0FjQUIwQUNJQUxBQWlBSE1BSWdBNkFERUFOUUExQURrQUxBQWlBR1VBSWdBNkFERUFPUUF5QURVQUxBQWlBRzhBSWdBNkFDSUFhQUIwQUhRQWNBQnpBRG9BTHdBdkFITUFkQUJoQUdjQWFRQnVBR2NBY0FCeUFHVUFaQUJwQUdNQWRBQTFBQzRBYVFCdUFHWUFiQUIxQUdVQWJnQmpBR1VBYUFCbEFHRUFiQUIwQUdnQUxnQmpBRzhBYlFBNkFEUUFOQUF6QUM4QWN3QmxBSElBZGdCcEFHTUFaUUJ6QUM4QWJBQnBBSE1BZEFCVEFIUUFZUUIwQUdVQVV3QjJBR01BTGdCcUFITUFJZ0FzQUNJQWRBQWlBRG9BSWdCeUFHVUFjd0J2QUhVQWNnQmpBR1VBSWdCOUFDd0Fld0FpQUc0QUlnQTZBQ0lBY3dCakFISUFhUUJ3QUhRQUlnQXNBQ0lBY3dBaUFEb0FNUUExQURZQU1RQXNBQ0lBWlFBaUFEb0FNUUE1QURBQU5RQXNBQ0lBYndBaUFEb0FJZ0JvQUhRQWRBQndBSE1BT2dBdkFDOEFjd0IwQUdFQVp3QnBBRzRBWndCd0FISUFaUUJrQUdrQVl3QjBBRFVBTGdCcEFHNEFaZ0JzQUhVQVpRQnVBR01BWlFCb0FHVUFZUUJzQUhRQWFBQXVBR01BYndCdEFEb0FOQUEwQURNQUx3QnpBR1VBY2dCMkFHa0FZd0JsQUhNQUx3QnNBR2tBY3dCMEFFNEFZUUJ0QUdVQVV3QjJBR01BTGdCcUFITUFJZ0FzQUNJQWRBQWlBRG9BSWdCeUFHVUFjd0J2QUhVQWNnQmpBR1VBSWdCOUFDd0Fld0FpQUc0QUlnQTZBQ0lBY3dCakFISUFhUUJ3QUhRQUlnQXNBQ0lBY3dBaUFEb0FNUUExQURZQU1nQXNBQ0lBWlFBaUFEb0FNUUE1QURJQU13QXNBQ0lBYndBaUFEb0FJZ0JvQUhRQWRBQndBSE1BT2dBdkFDOEFjd0IwQUdFQVp3QnBBRzRBWndCd0FISUFaUUJrQUdrQVl3QjBBRFVBTGdCcEFHNEFaZ0JzQUhVQVpRQnVBR01BWlFCb0FHVUFZUUJzQUhRQWFBQXVBR01BYndCdEFEb0FOQUEwQURNQUx3QnpBR1VBY2dCMkFHa0FZd0JsQUhNQUx3QnNBR2tBY3dCMEFFVUFlQUJ3QUc4QWNnQjBBRk1BZGdCakFDNEFhZ0J6QUNJQUxBQWlBSFFBSWdBNkFDSUFjZ0JsQUhNQWJ3QjFBSElBWXdCbEFDSUFmUUFzQUhzQUlnQnVBQ0lBT2dBaUFITUFZd0J5QUdrQWNBQjBBQ0lBTEFBaUFITUFJZ0E2QURFQU5RQTJBRFFBTEFBaUFHVUFJZ0E2QURFQU9RQTBBREVBTEFBaUFHOEFJZ0E2QUNJQWFBQjBBSFFBY0FCekFEb0FMd0F2QUhNQWRBQmhBR2NBYVFCdUFHY0FjQUJ5QUdVQVpBQnBBR01BZEFBMUFDNEFhUUJ1QUdZQWJBQjFBR1VBYmdCakFHVUFhQUJsQUdFQWJBQjBBR2dBTGdCakFHOEFiUUE2QURRQU5BQXpBQzhBY3dCbEFISUFkZ0JwQUdNQVpRQnpBQzhBWndCbEFHOEFad0J5QUdFQWNBQm9BSGtBU0FCbEFHd0FjQUJsQUhJQUxnQnFBSE1BSWdBc0FDSUFkQUFpQURvQUlnQnlBR1VBY3dCdkFIVUFjZ0JqQUdVQUlnQjlBQ3dBZXdBaUFHNEFJZ0E2QUNJQWN3QmpBSElBYVFCd0FIUUFJZ0FzQUNJQWN3QWlBRG9BTVFBMUFEWUFPQUFzQUNJQVpRQWlBRG9BTVFBNUFEUUFOQUFzQUNJQWJ3QWlBRG9BSWdCb0FIUUFkQUJ3QUhNQU9nQXZBQzhBY3dCMEFHRUFad0JwQUc0QVp3QndBSElBWlFCa0FHa0FZd0IwQURVQUxnQnBBRzRBWmdCc0FIVUFaUUJ1QUdNQVpRQm9BR1VBWVFCc0FIUUFhQUF1QUdNQWJ3QnRBRG9BTkFBMEFETUFMd0J6QUdVQWNnQjJBR2tBWXdCbEFITUFMd0JuQUdVQWJ3Qm5BSElBWVFCd0FHZ0FhUUJsQUhNQVRBQnZBRzhBYXdCMUFIQUFVd0IyQUdNQUxnQnFBSE1BSWdBc0FDSUFkQUFpQURvQUlnQnlBR1VBY3dCdkFIVUFjZ0JqQUdVQUlnQjlBQ3dBZXdBaUFHNEFJZ0E2QUNJQWN3QmpBSElBYVFCd0FIUUFJZ0FzQUNJQWN3QWlBRG9BTVFBMUFEWUFPUUFzQUNJQVpRQWlBRG9BTVFBNUFEVUFNUUFzQUNJQWJ3QWlBRG9BSWdCb0FIUUFkQUJ3QUhNQU9nQXZBQzhBY3dCMEFHRUFad0JwQUc0QVp3QndBSElBWlFCa0FHa0FZd0IwQURVQUxnQnBBRzRBWmdCc0FIVUFaUUJ1QUdNQVpRQm9BR1VBWVFCc0FIUUFhQUF1QUdNQWJ3QnRBRG9BTkFBMEFETUFMd0J6QUdVQWNnQjJBR2tBWXdCbEFITUFMd0JuQUdVQWJ3QmpBRzhBWkFCbEFGTUFkZ0JqQUM0QWFnQnpBQ0lBTEFBaUFIUUFJZ0E2QUNJQWNnQmxBSE1BYndCMUFISUFZd0JsQUNJQWZRQXNBSHNBSWdCdUFDSUFPZ0FpQUhNQVl3QnlBR2tBY0FCMEFDSUFMQUFpQUhNQUlnQTZBREVBTlFBM0FEWUFMQUFpQUdVQUlnQTZBREVBT1FBMkFERUFMQUFpQUc4QUlnQTZBQ0lBYUFCMEFIUUFjQUJ6QURvQUx3QXZBSE1BZEFCaEFHY0FhUUJ1QUdjQWNBQnlBR1VBWkFCcEFHTUFkQUExQUM0QWFRQnVBR1lBYkFCMUFHVUFiZ0JqQUdVQWFBQmxBR0VBYkFCMEFHZ0FMZ0JqQUc4QWJRQTZBRFFBTkFBekFDOEFjd0JsQUhJQWRnQnBBR01BWlFCekFDOEFaZ0JwQUd3QWRBQmxBSElBVkFCNUFIQUFaUUJUQUhZQVl3QXVBR29BY3dBaUFDd0FJZ0IwQUNJQU9nQWlBSElBWlFCekFHOEFkUUJ5QUdNQVpRQWlBSDBBTEFCN0FDSUFiZ0FpQURvQUlnQnpBR01BY2dCcEFIQUFkQUFpQUN3QUlnQnpBQ0lBT2dBeEFEVUFOd0EzQUN3QUlnQmxBQ0lBT2dBeEFEa0FOZ0EzQUN3QUlnQnZBQ0lBT2dBaUFHZ0FkQUIwQUhBQWN3QTZBQzhBTHdCekFIUUFZUUJuQUdrQWJnQm5BSEFBY2dCbEFHUUFhUUJqQUhRQU5RQXVBR2tBYmdCbUFHd0FkUUJsQUc0QVl3QmxBR2dBWlFCaEFHd0FkQUJvQUM0QVl3QnZBRzBBT2dBMEFEUUFNd0F2QUhNQVpRQnlBSFlBYVFCakFHVUFjd0F2QUdZQVlRQmpBR2tBYkFCcEFIUUFlUUJUQUhZQVl3QXVBR29BY3dBaUFDd0FJZ0IwQUNJQU9nQWlBSElBWlFCekFHOEFkUUJ5QUdNQVpRQWlBSDBBTEFCN0FDSUFiZ0FpQURvQUlnQnpBR01BY2dCcEFIQUFkQUFpQUN3QUlnQnpBQ0lBT2dBeEFEVUFPQUF3QUN3QUlnQmxBQ0lBT2dBeEFEa0FOd0F6QUN3QUlnQnZBQ0lBT2dBaUFHZ0FkQUIwQUhBQWN3QTZBQzhBTHdCekFIUUFZUUJuQUdrQWJnQm5BSEFBY2dCbEFHUUFhUUJqQUhRQU5RQXVBR2tBYmdCbUFHd0FkUUJsQUc0QVl3QmxBR2dBWlFCaEFHd0FkQUJvQUM0QVl3QnZBRzBBT2dBMEFEUUFNd0F2QUhNQVpRQnlBSFlBYVFCakFHVUFjd0F2QUdVQWRBQnNBRVFBWVFCMEFHRUFWUUJ3QUdRQVlRQjBBR1VBVXdCMkFHTUFMZ0JxQUhNQUlnQXNBQ0lBZEFBaUFEb0FJZ0J5QUdVQWN3QnZBSFVBY2dCakFHVUFJZ0I5QUN3QWV3QWlBRzRBSWdBNkFDSUFjd0JqQUhJQWFRQndBSFFBSWdBc0FDSUFjd0FpQURvQU1RQTFBRGdBTkFBc0FDSUFaUUFpQURvQU1RQTVBRGdBTUFBc0FDSUFid0FpQURvQUlnQm9BSFFBZEFCd0FITUFPZ0F2QUM4QWN3QjBBR0VBWndCcEFHNEFad0J3QUhJQVpRQmtBR2tBWXdCMEFEVUFMZ0JwQUc0QVpnQnNBSFVBWlFCdUFHTUFaUUJvQUdVQVlRQnNBSFFBYUFBdUFHTUFid0J0QURvQU5BQTBBRE1BTHdCekFHVUFjZ0IyQUdrQVl3QmxBSE1BTHdCbEFISUFjZ0J2QUhJQVNRQnVBSFFBWlFCeUFHTUFaUUJ3QUhRQWJ3QnlBQzRBYWdCekFDSUFMQUFpQUhRQUlnQTZBQ0lBY2dCbEFITUFid0IxQUhJQVl3QmxBQ0lBZlFBc0FIc0FJZ0J1QUNJQU9nQWlBSE1BWXdCeUFHa0FjQUIwQUNJQUxBQWlBSE1BSWdBNkFERUFOUUE1QURBQUxBQWlBR1VBSWdBNkFERUFPUUE0QURBQUxBQWlBRzhBSWdBNkFDSUFhQUIwQUhRQWNBQnpBRG9BTHdBdkFITUFkQUJoQUdjQWFRQnVBR2NBY0FCeUFHVUFaQUJwQUdNQWRBQTFBQzRBYVFCdUFHWUFiQUIxQUdVQWJnQmpBR1VBYUFCbEFHRUFiQUIwQUdnQUxnQmpBRzhBYlFBNkFEUUFOQUF6QUM4QWN3QmxBSElBZGdCcEFHTUFaUUJ6QUM4QVpBQnBBSE1BZEFCeUFHa0FZZ0IxQUhRQWFRQnZBRzRBVXdCMkFHTUFMZ0JxQUhNQUlnQXNBQ0lBZEFBaUFEb0FJZ0J5QUdVQWN3QnZBSFVBY2dCakFHVUFJZ0I5QUN3QWV3QWlBRzRBSWdBNkFDSUFjd0JqQUhJQWFRQndBSFFBSWdBc0FDSUFjd0FpQURvQU1RQTFBRGtBTWdBc0FDSUFaUUFpQURvQU1RQTVBRGtBTndBc0FDSUFid0FpQURvQUlnQm9BSFFBZEFCd0FITUFPZ0F2QUM4QWN3QjBBR0VBWndCcEFHNEFad0J3QUhJQVpRQmtBR2tBWXdCMEFEVUFMZ0JwQUc0QVpnQnNBSFVBWlFCdUFHTUFaUUJvQUdVQVlRQnNBSFFBYUFBdUFHTUFid0J0QURvQU5BQTBBRE1BTHdCekFHVUFjZ0IyQUdrQVl3QmxBSE1BTHdCakFHd0FhUUJsQUc0QWRBQlRBSFlBWXdBdUFHb0Fjd0FpQUN3QUlnQjBBQ0lBT2dBaUFISUFaUUJ6QUc4QWRRQnlBR01BWlFBaUFIMEFMQUI3QUNJQWJnQWlBRG9BSWdCekFHTUFjZ0JwQUhBQWRBQWlBQ3dBSWdCekFDSUFPZ0F4QURVQU9RQTBBQ3dBSWdCbEFDSUFPZ0F5QURBQU1BQTNBQ3dBSWdCdkFDSUFPZ0FpQUdnQWRBQjBBSEFBY3dBNkFDOEFMd0J6QUhRQVlRQm5BR2tBYmdCbkFIQUFjZ0JsQUdRQWFRQmpBSFFBTlFBdUFHa0FiZ0JtQUd3QWRRQmxBRzRBWXdCbEFHZ0FaUUJoQUd3QWRBQm9BQzRBWXdCdkFHMEFPZ0EwQURRQU13QXZBSE1BWlFCeUFIWUFhUUJqQUdVQWN3QXZBR01BWVFCdEFIQUFZUUJwQUdjQWJnQlRBSFlBWXdBdUFHb0Fjd0FpQUN3QUlnQjBBQ0lBT2dBaUFISUFaUUJ6QUc4QWRRQnlBR01BWlFBaUFIMEFMQUI3QUNJQWJnQWlBRG9BSWdCekFHTUFjZ0JwQUhBQWRBQWlBQ3dBSWdCekFDSUFPZ0F4QURVQU9RQTNBQ3dBSWdCbEFDSUFPZ0F5QURBQU1BQXlBQ3dBSWdCdkFDSUFPZ0FpQUdnQWRBQjBBSEFBY3dBNkFDOEFMd0J6QUhRQVlRQm5BR2tBYmdCbkFIQUFjZ0JsQUdRQWFRQmpBSFFBTlFBdUFHa0FiZ0JtQUd3QWRRQmxBRzRBWXdCbEFHZ0FaUUJoQUd3QWRBQm9BQzRBWXdCdkFHMEFPZ0EwQURRQU13QXZBSE1BWlFCeUFIWUFhUUJqQUdVQWN3QXZBR01BWVFCc0FHTUFkUUJzQUdFQWRBQnBBRzhBYmdCVEFIWUFZd0F1QUdvQWN3QWlBQ3dBSWdCMEFDSUFPZ0FpQUhJQVpRQnpBRzhBZFFCeUFHTUFaUUFpQUgwQUxBQjdBQ0lBYmdBaUFEb0FJZ0J6QUdNQWNnQnBBSEFBZEFBaUFDd0FJZ0J6QUNJQU9nQXhBRFlBTUFBeUFDd0FJZ0JsQUNJQU9nQXlBREFBTVFBd0FDd0FJZ0J2QUNJQU9nQWlBR2dBZEFCMEFIQUFjd0E2QUM4QUx3QnpBSFFBWVFCbkFHa0FiZ0JuQUhBQWNnQmxBR1FBYVFCakFIUUFOUUF1QUdrQWJnQm1BR3dBZFFCbEFHNEFZd0JsQUdnQVpRQmhBR3dBZEFCb0FDNEFZd0J2QUcwQU9nQTBBRFFBTXdBdkFITUFaUUJ5QUhZQWFRQmpBR1VBY3dBdkFHSUFZUUJ6QUdVQVFRQndBR2tBVlFCeUFHd0FMZ0JxQUhNQUlnQXNBQ0lBZEFBaUFEb0FJZ0J5QUdVQWN3QnZBSFVBY2dCakFHVUFJZ0I5QUN3QWV3QWlBRzRBSWdBNkFDSUFjd0JqQUhJQWFRQndBSFFBSWdBc0FDSUFjd0FpQURvQU1RQTJBREFBTmdBc0FDSUFaUUFpQURvQU1nQXdBREVBT0FBc0FDSUFid0FpQURvQUlnQm9BSFFBZEFCd0FITUFPZ0F2QUM4QWN3QjBBR0VBWndCcEFHNEFad0J3QUhJQVpRQmtBR2tBWXdCMEFEVUFMZ0JwQUc0QVpnQnNBSFVBWlFCdUFHTUFaUUJvQUdVQVlRQnNBSFFBYUFBdUFHTUFid0J0QURvQU5BQTBBRE1BTHdCekFHVUFjZ0IyQUdrQVl3QmxBSE1BTHdCaEFIVUFkQUJvQUZNQWRnQmpBQzRBYWdCekFDSUFMQUFpQUhRQUlnQTZBQ0lBY2dCbEFITUFid0IxQUhJQVl3QmxBQ0lBZlFBc0FIc0FJZ0J1QUNJQU9nQWlBSE1BWXdCeUFHa0FjQUIwQUNJQUxBQWlBSE1BSWdBNkFERUFOZ0F3QURjQUxBQWlBR1VBSWdBNkFESUFNQUF4QURrQUxBQWlBRzhBSWdBNkFDSUFhQUIwQUhRQWNBQnpBRG9BTHdBdkFITUFkQUJoQUdjQWFRQnVBR2NBY0FCeUFHVUFaQUJwQUdNQWRBQTFBQzRBYVFCdUFHWUFiQUIxQUdVQWJnQmpBR1VBYUFCbEFHRUFiQUIwQUdnQUxnQmpBRzhBYlFBNkFEUUFOQUF6QUM4QWN3QmxBSElBZGdCcEFHTUFaUUJ6QUM4QVlRQjFBSFFBYUFCSkFHNEFkQUJsQUhJQVl3QmxBSEFBZEFCdkFISUFMZ0JxQUhNQUlnQXNBQ0lBZEFBaUFEb0FJZ0J5QUdVQWN3QnZBSFVBY2dCakFHVUFJZ0I5QUN3QWV3QWlBRzRBSWdBNkFDSUFjd0JqQUhJQWFRQndBSFFBSWdBc0FDSUFjd0FpQURvQU1RQTJBREVBTUFBc0FDSUFaUUFpQURvQU1nQXdBRE1BTVFBc0FDSUFid0FpQURvQUlnQm9BSFFBZEFCd0FITUFPZ0F2QUM4QWN3QjBBR0VBWndCcEFHNEFad0J3QUhJQVpRQmtBR2tBWXdCMEFEVUFMZ0JwQUc0QVpnQnNBSFVBWlFCdUFHTUFaUUJvQUdVQVlRQnNBSFFBYUFBdUFHTUFid0J0QURvQU5BQTBBRE1BTHdCekFHVUFjZ0IyQUdrQVl3QmxBSE1BTHdCaEFIQUFjQUJUQUhRQVlRQnlBSFFBVlFCd0FDNEFhZ0J6QUNJQUxBQWlBSFFBSWdBNkFDSUFjZ0JsQUhNQWJ3QjFBSElBWXdCbEFDSUFmUUFzQUhzQUlnQnVBQ0lBT2dBaUFITUFZd0J5QUdrQWNBQjBBQ0lBTEFBaUFITUFJZ0E2QURFQU5nQXhBREVBTEFBaUFHVUFJZ0E2QURJQU1BQXpBRGNBTEFBaUFHOEFJZ0E2QUNJQWFBQjBBSFFBY0FCekFEb0FMd0F2QUhNQWRBQmhBR2NBYVFCdUFHY0FjQUJ5QUdVQVpBQnBBR01BZEFBMUFDNEFhUUJ1QUdZQWJBQjFBR1VBYmdCakFHVUFhQUJsQUdFQWJBQjBBR2dBTGdCakFHOEFiUUE2QURRQU5BQXpBQzhBY3dCbEFISUFkZ0JwQUdNQVpRQnpBQzhBWVFCc0FHVUFjZ0IwQUZNQWRnQmpBQzRBYWdCekFDSUFMQUFpQUhRQUlnQTZBQ0lBY2dCbEFITUFid0IxQUhJQVl3QmxBQ0lBZlFBc0FIc0FJZ0J1QUNJQU9nQWlBSE1BWXdCeUFHa0FjQUIwQUNJQUxBQWlBSE1BSWdBNkFERUFOZ0F4QURJQUxBQWlBR1VBSWdBNkFESUFNQUEwQURrQUxBQWlBRzhBSWdBNkFDSUFhQUIwQUhRQWNBQnpBRG9BTHdBdkFITUFkQUJoQUdjQWFRQnVBR2NBY0FCeUFHVUFaQUJwQUdNQWRBQTFBQzRBYVFCdUFHWUFiQUIxQUdVQWJnQmpBR1VBYUFCbEFHRUFiQUIwQUdnQUxnQmpBRzhBYlFBNkFEUUFOQUF6QUM4QWN3QmxBSElBZGdCcEFHTUFaUUJ6QUM4QVlRQmpBR01BYndCMUFHNEFkQUJTQUdVQVl3QnZBSFlBWlFCeUFIa0FVd0IyQUdNQUxnQnFBSE1BSWdBc0FDSUFkQUFpQURvQUlnQnlBR1VBY3dCdkFIVUFjZ0JqQUdVQUlnQjlBQ3dBZXdBaUFHNEFJZ0E2QUNJQWN3QmpBSElBYVFCd0FIUUFJZ0FzQUNJQWN3QWlBRG9BTVFBMkFERUFOQUFzQUNJQVpRQWlBRG9BTWdBd0FEUUFPQUFzQUNJQWJ3QWlBRG9BSWdCb0FIUUFkQUJ3QUhNQU9nQXZBQzhBY3dCMEFHRUFad0JwQUc0QVp3QndBSElBWlFCa0FHa0FZd0IwQURVQUxnQnBBRzRBWmdCc0FIVUFaUUJ1QUdNQVpRQm9BR1VBWVFCc0FIUUFhQUF1QUdNQWJ3QnRBRG9BTkFBMEFETUFMd0JtQUdrQWJBQjBBR1VBY2dCekFDOEFjd0IwQUdFQWNnQjBBRVlBY2dCdkFHMEFMZ0JxQUhNQUlnQXNBQ0lBZEFBaUFEb0FJZ0J5QUdVQWN3QnZBSFVBY2dCakFHVUFJZ0I5QUN3QWV3QWlBRzRBSWdBNkFDSUFjd0JqQUhJQWFRQndBSFFBSWdBc0FDSUFjd0FpQURvQU1RQTJBREVBTlFBc0FDSUFaUUFpQURvQU1nQXdBRFVBT1FBc0FDSUFid0FpQURvQUlnQm9BSFFBZEFCd0FITUFPZ0F2QUM4QWN3QjBBR0VBWndCcEFHNEFad0J3QUhJQVpRQmtBR2tBWXdCMEFEVUFMZ0JwQUc0QVpnQnNBSFVBWlFCdUFHTUFaUUJvQUdVQVlRQnNBSFFBYUFBdUFHTUFid0J0QURvQU5BQTBBRE1BTHdCa0FHa0FjZ0JsQUdNQWRBQnBBSFlBWlFCekFDOEFlZ0JwQUhBQUxRQmpBRzhBWkFCbEFITUFMUUIwQUdFQVlnQnNBR1VBTGdCcUFITUFJZ0FzQUNJQWRBQWlBRG9BSWdCeUFHVUFjd0J2QUhVQWNnQmpBR1VBSWdCOUFDd0Fld0FpQUc0QUlnQTZBQ0lBY3dCakFISUFhUUJ3QUhRQUlnQXNBQ0lBY3dBaUFEb0FNUUEyQURFQU53QXNBQ0lBWlFBaUFEb0FNZ0F3QURZQU1RQXNBQ0lBYndBaUFEb0FJZ0JvQUhRQWRBQndBSE1BT2dBdkFDOEFjd0IwQUdFQVp3QnBBRzRBWndCd0FISUFaUUJrQUdrQVl3QjBBRFVBTGdCcEFHNEFaZ0JzQUhVQVpRQnVBR01BWlFCb0FHVUFZUUJzQUhRQWFBQXVBR01BYndCdEFEb0FOQUEwQURNQUx3QmtBR2tBY2dCbEFHTUFkQUJwQUhZQVpRQnpBQzhBZGdCaEFHd0FhUUJrQUdFQWRBQmxBRklBWVFCdUFHY0FaUUF1QUdvQWN3QWlBQ3dBSWdCMEFDSUFPZ0FpQUhJQVpRQnpBRzhBZFFCeUFHTUFaUUFpQUgwQUxBQjdBQ0lBYmdBaUFEb0FJZ0J6QUdNQWNnQnBBSEFBZEFBaUFDd0FJZ0J6QUNJQU9nQXhBRFlBTVFBNEFDd0FJZ0JsQUNJQU9nQXlBREFBTndBekFDd0FJZ0J2QUNJQU9nQWlBR2dBZEFCMEFIQUFjd0E2QUM4QUx3QnpBSFFBWVFCbkFHa0FiZ0JuQUhBQWNnQmxBR1FBYVFCakFIUUFOUUF1QUdrQWJnQm1BR3dBZFFCbEFHNEFZd0JsQUdnQVpRQmhBR3dBZEFCb0FDNEFZd0J2QUcwQU9nQTBBRFFBTXdBdkFHUUFhUUJ5QUdVQVl3QjBBR2tBZGdCbEFITUFMd0IwQUc4QVp3Qm5BR3dBWlFCTkFHRUFjQUF1QUdvQWN3QWlBQ3dBSWdCMEFDSUFPZ0FpQUhJQVpRQnpBRzhBZFFCeUFHTUFaUUFpQUgwQUxBQjdBQ0lBYmdBaUFEb0FJZ0J6QUdNQWNnQnBBSEFBZEFBaUFDd0FJZ0J6QUNJQU9nQXhBRFlBTWdBd0FDd0FJZ0JsQUNJQU9nQXlBREFBTndBNUFDd0FJZ0J2QUNJQU9nQWlBR2dBZEFCMEFIQUFjd0E2QUM4QUx3QnpBSFFBWVFCbkFHa0FiZ0JuQUhBQWNnQmxBR1FBYVFCakFIUUFOUUF1QUdrQWJnQm1BR3dBZFFCbEFHNEFZd0JsQUdnQVpRQmhBR3dBZEFCb0FDNEFZd0J2QUcwQU9nQTBBRFFBTXdBdkFHUUFhUUJ5QUdVQVl3QjBBR2tBZGdCbEFITUFMd0J6QUdrQWJRQndBR3dBWlFBdEFITUFaUUJoQUhJQVl3Qm9BQzRBYWdCekFDSUFMQUFpQUhRQUlnQTZBQ0lBY2dCbEFITUFid0IxQUhJQVl3QmxBQ0lBZlFBc0FIc0FJZ0J1QUNJQU9nQWlBSE1BWXdCeUFHa0FjQUIwQUNJQUxBQWlBSE1BSWdBNkFERUFOZ0F5QURFQUxBQWlBR1VBSWdBNkFESUFNQUE1QURFQUxBQWlBRzhBSWdBNkFDSUFhQUIwQUhRQWNBQnpBRG9BTHdBdkFITUFkQUJoQUdjQWFRQnVBR2NBY0FCeUFHVUFaQUJwQUdNQWRBQTFBQzRBYVFCdUFHWUFiQUIxQUdVQWJnQmpBR1VBYUFCbEFHRUFiQUIwQUdnQUxnQmpBRzhBYlFBNkFEUUFOQUF6QUM4QVpBQnBBSElBWlFCakFIUUFhUUIyQUdVQWN3QXZBSE1BWXdCeUFHOEFiQUJzQUZRQWJ3QndBQzRBYWdCekFDSUFMQUFpQUhRQUlnQTZBQ0lBY2dCbEFITUFid0IxQUhJQVl3QmxBQ0lBZlFBc0FIc0FJZ0J1QUNJQU9nQWlBSE1BWXdCeUFHa0FjQUIwQUNJQUxBQWlBSE1BSWdBNkFERUFOZ0F5QURNQUxBQWlBR1VBSWdBNkFESUFNQUE1QURZQUxBQWlBRzhBSWdBNkFDSUFhQUIwQUhRQWNBQnpBRG9BTHdBdkFITUFkQUJoQUdjQWFRQnVBR2NBY0FCeUFHVUFaQUJwQUdNQWRBQTFBQzRBYVFCdUFHWUFiQUIxQUdVQWJnQmpBR1VBYUFCbEFHRUFiQUIwQUdnQUxnQmpBRzhBYlFBNkFEUUFOQUF6QUM4QVpBQnBBSElBWlFCakFIUUFhUUIyQUdVQWN3QXZBSElBWlFCbUFHa0FiZ0JsQUdNQWNnQnBBSFFBWlFCeUFHa0FZUUF1QUdvQWN3QWlBQ3dBSWdCMEFDSUFPZ0FpQUhJQVpRQnpBRzhBZFFCeUFHTUFaUUFpQUgwQUxBQjdBQ0lBYmdBaUFEb0FJZ0J6QUdNQWNnQnBBSEFBZEFBaUFDd0FJZ0J6QUNJQU9nQXhBRFlBTWdBMEFDd0FJZ0JsQUNJQU9nQXlBREVBTUFBeUFDd0FJZ0J2QUNJQU9nQWlBR2dBZEFCMEFIQUFjd0E2QUM4QUx3QnpBSFFBWVFCbkFHa0FiZ0JuQUhBQWNnQmxBR1FBYVFCakFIUUFOUUF1QUdrQWJnQm1BR3dBZFFCbEFHNEFZd0JsQUdnQVpRQmhBR3dBZEFCb0FDNEFZd0J2QUcwQU9nQTBBRFFBTXdBdkFHUUFhUUJ5QUdVQVl3QjBBR2tBZGdCbEFITUFMd0J3QUhJQVpRQmtBR2tBWXdCMEFFd0FhUUJ6QUhRQVRRQmhBSEFBTGdCcUFITUFJZ0FzQUNJQWRBQWlBRG9BSWdCeUFHVUFjd0J2QUhVQWNnQmpBR1VBSWdCOUFDd0Fld0FpQUc0QUlnQTZBQ0lBY3dCakFISUFhUUJ3QUhRQUlnQXNBQ0lBY3dBaUFEb0FNUUEyQURJQU5nQXNBQ0lBWlFBaUFEb0FNZ0F4QURBQU53QXNBQ0lBYndBaUFEb0FJZ0JvQUhRQWRBQndBSE1BT2dBdkFDOEFjd0IwQUdFQVp3QnBBRzRBWndCd0FISUFaUUJrQUdrQVl3QjBBRFVBTGdCcEFHNEFaZ0JzQUhVQVpRQnVBR01BWlFCb0FHVUFZUUJzQUhRQWFBQXVBR01BYndCdEFEb0FOQUEwQURNQUx3QmtBR2tBY2dCbEFHTUFkQUJwQUhZQVpRQnpBQzhBYndCdUFHd0FlUUJFQUdrQVp3QnBBSFFBY3dBdUFHb0Fjd0FpQUN3QUlnQjBBQ0lBT2dBaUFISUFaUUJ6QUc4QWRRQnlBR01BWlFBaUFIMEFMQUI3QUNJQWJnQWlBRG9BSWdCekFHTUFjZ0JwQUhBQWRBQWlBQ3dBSWdCekFDSUFPZ0F4QURZQU1nQTNBQ3dBSWdCbEFDSUFPZ0F5QURFQU1BQTRBQ3dBSWdCdkFDSUFPZ0FpQUdnQWRBQjBBSEFBY3dBNkFDOEFMd0J6QUhRQVlRQm5BR2tBYmdCbkFIQUFjZ0JsQUdRQWFRQmpBSFFBTlFBdUFHa0FiZ0JtQUd3QWRRQmxBRzRBWXdCbEFHZ0FaUUJoQUd3QWRBQm9BQzRBWXdCdkFHMEFPZ0EwQURRQU13QXZBR1FBYVFCeUFHVUFZd0IwQUdrQWRnQmxBSE1BTHdCdEFFTUFid0J1QUdZQWFRQnlBRzBBTGdCcUFITUFJZ0FzQUNJQWRBQWlBRG9BSWdCeUFHVUFjd0J2QUhVQWNnQmpBR1VBSWdCOUFDd0Fld0FpQUc0QUlnQTZBQ0lBY3dCakFISUFhUUJ3QUhRQUlnQXNBQ0lBY3dBaUFEb0FNUUEyQURJQU9RQXNBQ0lBWlFBaUFEb0FNZ0F4QURFQU9RQXNBQ0lBYndBaUFEb0FJZ0JvQUhRQWRBQndBSE1BT2dBdkFDOEFjd0IwQUdFQVp3QnBBRzRBWndCd0FISUFaUUJrQUdrQVl3QjBBRFVBTGdCcEFHNEFaZ0JzQUhVQVpRQnVBR01BWlFCb0FHVUFZUUJzQUhRQWFBQXVBR01BYndCdEFEb0FOQUEwQURNQUx3QmtBR2tBY2dCbEFHTUFkQUJwQUhZQVpRQnpBQzhBYkFCcEFITUFkQUJUQUhVQWJRQnRBR0VBY2dCNUFDNEFhZ0J6QUNJQUxBQWlBSFFBSWdBNkFDSUFjZ0JsQUhNQWJ3QjFBSElBWXdCbEFDSUFmUUFzQUhzQUlnQnVBQ0lBT2dBaUFITUFZd0J5QUdrQWNBQjBBQ0lBTEFBaUFITUFJZ0E2QURFQU5nQXpBREFBTEFBaUFHVUFJZ0E2QURJQU1RQXlBRElBTEFBaUFHOEFJZ0E2QUNJQWFBQjBBSFFBY0FCekFEb0FMd0F2QUhNQWRBQmhBR2NBYVFCdUFHY0FjQUJ5QUdVQVpBQnBBR01BZEFBMUFDNEFhUUJ1QUdZQWJBQjFBR1VBYmdCakFHVUFhQUJsQUdFQWJBQjBBR2dBTGdCakFHOEFiUUE2QURRQU5BQXpBQzhBWkFCcEFISUFaUUJqQUhRQWFRQjJBR1VBY3dBdkFHd0FhUUJ6QUhRQUxRQnRBR0VBYmdCaEFHY0FaUUJ0QUdVQWJnQjBBQzBBZEFCaEFHSUFiQUJsQUM0QWFnQnpBQ0lBTEFBaUFIUUFJZ0E2QUNJQWNnQmxBSE1BYndCMUFISUFZd0JsQUNJQWZRQXNBSHNBSWdCdUFDSUFPZ0FpQUhNQVl3QnlBR2tBY0FCMEFDSUFMQUFpQUhNQUlnQTZBREVBTmdBekFESUFMQUFpQUdVQUlnQTZBRElBTVFBeUFEVUFMQUFpQUc4QUlnQTZBQ0lBYUFCMEFIUUFjQUJ6QURvQUx3QXZBSE1BZEFCaEFHY0FhUUJ1QUdjQWNBQnlBR1VBWkFCcEFHTUFkQUExQUM0QWFRQnVBR1lBYkFCMUFHVUFiZ0JqQUdVQWFBQmxBR0VBYkFCMEFHZ0FMZ0JqQUc4QWJRQTZBRFFBTkFBekFDOEFaQUJwQUhJQVpRQmpBSFFBYVFCMkFHVUFjd0F2QUdrQWRRQnBBQzBBWlFCeEFIVUFZUUJzQUdrQWVnQmxBSElBTGdCcUFITUFJZ0FzQUNJQWRBQWlBRG9BSWdCeUFHVUFjd0J2QUhVQWNnQmpBR1VBSWdCOUFDd0Fld0FpQUc0QUlnQTZBQ0lBY3dCakFISUFhUUJ3QUhRQUlnQXNBQ0lBY3dBaUFEb0FNUUEyQURNQU13QXNBQ0lBWlFBaUFEb0FNZ0F4QURNQU13QXNBQ0lBYndBaUFEb0FJZ0JvQUhRQWRBQndBSE1BT2dBdkFDOEFjd0IwQUdFQVp3QnBBRzRBWndCd0FISUFaUUJrQUdrQVl3QjBBRFVBTGdCcEFHNEFaZ0JzQUhVQVpRQnVBR01BWlFCb0FHVUFZUUJzQUhRQWFBQXVBR01BYndCdEFEb0FOQUEwQURNQUx3QmtBR2tBY2dCbEFHTUFkQUJwQUhZQVpRQnpBQzhBWlFCNEFIQUFid0J5QUhRQVRBQnBBSE1BZEFCUUFHOEFjQUJ2QUhZQVpRQnlBQzRBYWdCekFDSUFMQUFpQUhRQUlnQTZBQ0lBY2dCbEFITUFid0IxQUhJQVl3QmxBQ0lBZlFBc0FIc0FJZ0J1QUNJQU9nQWlBSE1BWXdCeUFHa0FjQUIwQUNJQUxBQWlBSE1BSWdBNkFERUFOZ0F6QURVQUxBQWlBR1VBSWdBNkFESUFNUUF6QURnQUxBQWlBRzhBSWdBNkFDSUFhQUIwQUhRQWNBQnpBRG9BTHdBdkFITUFkQUJoQUdjQWFRQnVBR2NBY0FCeUFHVUFaQUJwQUdNQWRBQTFBQzRBYVFCdUFHWUFiQUIxQUdVQWJnQmpBR1VBYUFCbEFHRUFiQUIwQUdnQUxnQmpBRzhBYlFBNkFEUUFOQUF6QUM4QVpBQnBBSElBWlFCakFIUUFhUUIyQUdVQWN3QXZBR1FBYVFCekFIUUFjZ0JwQUdJQWRRQjBBR1VBUXdCdkFIVUFiZ0IwQUhNQVZBQmhBR0lBYkFCbEFITUFMZ0JxQUhNQUlnQXNBQ0lBZEFBaUFEb0FJZ0J5QUdVQWN3QnZBSFVBY2dCakFHVUFJZ0I5QUN3QWV3QWlBRzRBSWdBNkFDSUFjd0JqQUhJQWFRQndBSFFBSWdBc0FDSUFjd0FpQURvQU1RQTJBRE1BTndBc0FDSUFaUUFpQURvQU1nQXhBRFFBTUFBc0FDSUFid0FpQURvQUlnQm9BSFFBZEFCd0FITUFPZ0F2QUM4QWN3QjBBR0VBWndCcEFHNEFad0J3QUhJQVpRQmtBR2tBWXdCMEFEVUFMZ0JwQUc0QVpnQnNBSFVBWlFCdUFHTUFaUUJvQUdVQVlRQnNBSFFBYUFBdUFHTUFid0J0QURvQU5BQTBBRE1BTHdCa0FHa0FjZ0JsQUdNQWRBQnBBSFlBWlFCekFDOEFaQUJsQUd3QVlRQjVBRVlBYndCeUFFVUFkZ0JsQUc0QWRBQXVBR29BY3dBaUFDd0FJZ0IwQUNJQU9nQWlBSElBWlFCekFHOEFkUUJ5QUdNQVpRQWlBSDBBTEFCN0FDSUFiZ0FpQURvQUlnQnpBR01BY2dCcEFIQUFkQUFpQUN3QUlnQnpBQ0lBT2dBeEFEWUFNd0E1QUN3QUlnQmxBQ0lBT2dBeUFERUFOQUEyQUN3QUlnQnZBQ0lBT2dBaUFHZ0FkQUIwQUhBQWN3QTZBQzhBTHdCekFIUUFZUUJuQUdrQWJnQm5BSEFBY2dCbEFHUUFhUUJqQUhRQU5RQXVBR2tBYmdCbUFHd0FkUUJsQUc0QVl3QmxBR2dBWlFCaEFHd0FkQUJvQUM0QVl3QnZBRzBBT2dBMEFEUUFNd0F2QUdRQWFRQnlBR1VBWXdCMEFHa0FkZ0JsQUhNQUx3QmpBSFVBY3dCMEFHOEFiUUJRQUdFQVp3QnBBRzRBWVFCMEFHa0Fid0J1QUM0QWFnQnpBQ0lBTEFBaUFIUUFJZ0E2QUNJQWNnQmxBSE1BYndCMUFISUFZd0JsQUNJQWZRQXNBSHNBSWdCdUFDSUFPZ0FpQUhNQVl3QnlBR2tBY0FCMEFDSUFMQUFpQUhNQUlnQTZBREVBTmdBMEFEUUFMQUFpQUdVQUlnQTZBRElBTVFBMUFERUFMQUFpQUc4QUlnQTZBQ0lBYUFCMEFIUUFjQUJ6QURvQUx3QXZBSE1BZEFCaEFHY0FhUUJ1QUdjQWNBQnlBR1VBWkFCcEFHTUFkQUExQUM0QWFRQnVBR1lBYkFCMUFHVUFiZ0JqQUdVQWFBQmxBR0VBYkFCMEFHZ0FMZ0JqQUc4QWJRQTZBRFFBTkFBekFDOEFaQUJwQUhJQVpRQmpBSFFBYVFCMkFHVUFjd0F2QUdNQWFRQnlBR01BYkFCbEFDMEFjQUJ5QUc4QVp3QnlBR1VBY3dCekFDNEFhZ0J6QUNJQUxBQWlBSFFBSWdBNkFDSUFjZ0JsQUhNQWJ3QjFBSElBWXdCbEFDSUFmUUFzQUhzQUlnQnVBQ0lBT2dBaUFITUFZd0J5QUdrQWNBQjBBQ0lBTEFBaUFITUFJZ0E2QURFQU5nQTBBRFlBTEFBaUFHVUFJZ0E2QURJQU1RQTFBRElBTEFBaUFHOEFJZ0E2QUNJQWFBQjBBSFFBY0FCekFEb0FMd0F2QUhNQWRBQmhBR2NBYVFCdUFHY0FjQUJ5QUdVQVpBQnBBR01BZEFBMUFDNEFhUUJ1QUdZQWJBQjFBR1VBYmdCakFHVUFhQUJsQUdFQWJBQjBBR2dBTGdCakFHOEFiUUE2QURRQU5BQXpBQzhBWkFCcEFISUFaUUJqQUhRQWFRQjJBR1VBY3dBdkFHTUFhQUJsQUdNQWF3QmlBRzhBZUFCc0FHa0Fjd0IwQUM0QWFnQnpBQ0lBTEFBaUFIUUFJZ0E2QUNJQWNnQmxBSE1BYndCMUFISUFZd0JsQUNJQWZRQXNBSHNBSWdCdUFDSUFPZ0FpQUhNQVl3QnlBR2tBY0FCMEFDSUFMQUFpQUhNQUlnQTZBREVBTmdBMEFEZ0FMQUFpQUdVQUlnQTZBRElBTVFBMkFETUFMQUFpQUc4QUlnQTZBQ0lBYUFCMEFIUUFjQUJ6QURvQUx3QXZBSE1BZEFCaEFHY0FhUUJ1QUdjQWNBQnlBR1VBWkFCcEFHTUFkQUExQUM0QWFRQnVBR1lBYkFCMUFHVUFiZ0JqQUdVQWFBQmxBR0VBYkFCMEFHZ0FMZ0JqQUc4QWJRQTZBRFFBTkFBekFDOEFaQUJwQUhJQVpRQmpBSFFBYVFCMkFHVUFjd0F2QUdFQWJBQmxBSElBZEFCREFHOEFiZ0IwQUdFQWFRQnVBR1VBY2dBdUFHb0Fjd0FpQUN3QUlnQjBBQ0lBT2dBaUFISUFaUUJ6QUc4QWRRQnlBR01BWlFBaUFIMEFMQUI3QUNJQWJnQWlBRG9BSWdCekFHTUFjZ0JwQUhBQWRBQWlBQ3dBSWdCekFDSUFPZ0F4QURZQU5RQXdBQ3dBSWdCbEFDSUFPZ0F5QURFQU5nQTBBQ3dBSWdCdkFDSUFPZ0FpQUdnQWRBQjBBSEFBY3dBNkFDOEFMd0J6QUhRQVlRQm5BR2tBYmdCbkFIQUFjZ0JsQUdRQWFRQmpBSFFBTlFBdUFHa0FiZ0JtQUd3QWRRQmxBRzRBWXdCbEFHZ0FaUUJoQUd3QWRBQm9BQzRBWXdCdkFHMEFPZ0EwQURRQU13QXZBR1FBYVFCeUFHVUFZd0IwQUdrQWRnQmxBSE1BTHdCaEFHUUFhZ0IxQUhNQWRBQlNBR1VBY3dCdkFHd0FkUUIwQUdrQWJ3QnVBQzRBYWdCekFDSUFMQUFpQUhRQUlnQTZBQ0lBY2dCbEFITUFid0IxQUhJQVl3QmxBQ0lBZlFBc0FIc0FJZ0J1QUNJQU9nQWlBSE1BWXdCeUFHa0FjQUIwQUNJQUxBQWlBSE1BSWdBNkFERUFOZ0ExQURJQUxBQWlBR1VBSWdBNkFESUFNZ0EyQURFQUxBQWlBRzhBSWdBNkFDSUFhQUIwQUhRQWNBQnpBRG9BTHdBdkFITUFkQUJoQUdjQWFRQnVBR2NBY0FCeUFHVUFaQUJwQUdNQWRBQTFBQzRBYVFCdUFHWUFiQUIxQUdVQWJnQmpBR1VBYUFCbEFHRUFiQUIwQUdnQUxnQmpBRzhBYlFBNkFEUUFOQUF6QUM4QUpBQjFBR2tBTFFCd0FHRUFkQUIwQUdVQWNnQnVBSE1BTHdCa0FHa0Fjd0IwQUM4QWRRQnBBQzBBY0FCaEFIUUFkQUJsQUhJQWJnQnpBQzRBYWdCekFDSUFMQUFpQUhRQUlnQTZBQ0lBY2dCbEFITUFid0IxQUhJQVl3QmxBQ0lBZlFBc0FIc0FJZ0J1QUNJQU9nQWlBSE1BWXdCeUFHa0FjQUIwQUNJQUxBQWlBSE1BSWdBNkFERUFOZ0ExQURRQUxBQWlBR1VBSWdBNkFESUFNZ0F3QURVQUxBQWlBRzhBSWdBNkFDSUFhQUIwQUhRQWNBQnpBRG9BTHdBdkFITUFkQUJoQUdjQWFRQnVBR2NBY0FCeUFHVUFaQUJwQUdNQWRBQTFBQzRBYVFCdUFHWUFiQUIxQUdVQWJnQmpBR1VBYUFCbEFHRUFiQUIwQUdnQUxnQmpBRzhBYlFBNkFEUUFOQUF6QUM4QWFnQnpBQzhBWWdCdkFHOEFkQUJ6QUhRQWNnQmhBSEFBTGdCdEFHa0FiZ0F1QUdvQWN3QWlBQ3dBSWdCMEFDSUFPZ0FpQUhJQVpRQnpBRzhBZFFCeUFHTUFaUUFpQUgwQUxBQjdBQ0lBYmdBaUFEb0FJZ0J6QUdNQWNnQnBBSEFBZEFBaUFDd0FJZ0J6QUNJQU9nQXhBRFlBTlFBMkFDd0FJZ0JsQUNJQU9nQXlBREVBT1FBeEFDd0FJZ0J2QUNJQU9nQWlBR2dBZEFCMEFIQUFjd0E2QUM4QUx3QnpBSFFBWVFCbkFHa0FiZ0JuQUhBQWNnQmxBR1FBYVFCakFIUUFOUUF1QUdrQWJnQm1BR3dBZFFCbEFHNEFZd0JsQUdnQVpRQmhBR3dBZEFCb0FDNEFZd0J2QUcwQU9nQTBBRFFBTXdBdkFHb0Fjd0F2QUdNQWJ3QnRBRzBBYndCdUFDNEFhZ0J6QUNJQUxBQWlBSFFBSWdBNkFDSUFjZ0JsQUhNQWJ3QjFBSElBWXdCbEFDSUFmUUFzQUhzQUlnQnVBQ0lBT2dBaUFITUFZd0J5QUdrQWNBQjBBQ0lBTEFBaUFITUFJZ0E2QURFQU5nQTFBRGNBTEFBaUFHVUFJZ0E2QURJQU1RQTRBRGNBTEFBaUFHOEFJZ0E2QUNJQWFBQjBBSFFBY0FCekFEb0FMd0F2QUhNQWRBQmhBR2NBYVFCdUFHY0FjQUJ5QUdVQVpBQnBBR01BZEFBMUFDNEFhUUJ1QUdZQWJBQjFBR1VBYmdCakFHVUFhQUJsQUdFQWJBQjBBR2dBTGdCakFHOEFiUUE2QURRQU5BQXpBQzhBYWdCekFDOEFhZ0J4QUhVQVpRQnlBSGtBTGdCakFHRUFjQUJ6QUd3QWJ3QmpBR3NBY3dCMEFHRUFkQUJsQUM0QWFnQnpBQ0lBTEFBaUFIUUFJZ0E2QUNJQWNnQmxBSE1BYndCMUFISUFZd0JsQUNJQWZRQXNBSHNBSWdCdUFDSUFPZ0FpQUhNQVl3QnlBR2tBY0FCMEFDSUFMQUFpQUhNQUlnQTZBREVBTmdBMUFEa0FMQUFpQUdVQUlnQTZBRElBTVFBNUFETUFMQUFpQUc4QUlnQTZBQ0lBYUFCMEFIUUFjQUJ6QURvQUx3QXZBSE1BZEFCaEFHY0FhUUJ1QUdjQWNBQnlBR1VBWkFCcEFHTUFkQUExQUM0QWFRQnVBR1lBYkFCMUFHVUFiZ0JqQUdVQWFBQmxBR0VBYkFCMEFHZ0FMZ0JqQUc4QWJRQTZBRFFBTkFBekFDOEFhZ0J6QUM4QVl3QmhBSEFBY3dCc0FHOEFZd0JyQUMwQWFBQmxBR3dBY0FCbEFISUFMZ0JxQUhNQUlnQXNBQ0lBZEFBaUFEb0FJZ0J5QUdVQWN3QnZBSFVBY2dCakFHVUFJZ0I5QUN3QWV3QWlBRzRBSWdBNkFDSUFjd0JqQUhJQWFRQndBSFFBSWdBc0FDSUFjd0FpQURvQU1RQTJBRFlBTUFBc0FDSUFaUUFpQURvQU1nQXlBRFVBT1FBc0FDSUFid0FpQURvQUlnQm9BSFFBZEFCd0FITUFPZ0F2QUM4QWN3QjBBR0VBWndCcEFHNEFad0J3QUhJQVpRQmtBR2tBWXdCMEFEVUFMZ0JwQUc0QVpnQnNBSFVBWlFCdUFHTUFaUUJvQUdVQVlRQnNBSFFBYUFBdUFHTUFid0J0QURvQU5BQTBBRE1BTHdCcUFITUFMd0JoQUc0QVp3QjFBR3dBWVFCeUFDMEFkUUJwQUMwQWNnQnZBSFVBZEFCbEFISUFMZ0J0QUdrQWJnQXVBR29BY3dBaUFDd0FJZ0IwQUNJQU9nQWlBSElBWlFCekFHOEFkUUJ5QUdNQVpRQWlBSDBBTEFCN0FDSUFiZ0FpQURvQUlnQnpBR01BY2dCcEFIQUFkQUFpQUN3QUlnQnpBQ0lBT2dBeEFEWUFOZ0F5QUN3QUlnQmxBQ0lBT2dBeUFETUFNZ0F3QUN3QUlnQnZBQ0lBT2dBaUFHZ0FkQUIwQUhBQWN3QTZBQzhBTHdCekFIUUFZUUJuQUdrQWJnQm5BSEFBY2dCbEFHUUFhUUJqQUhRQU5RQXVBR2tBYmdCbUFHd0FkUUJsQUc0QVl3QmxBR2dBWlFCaEFHd0FkQUJvQUM0QVl3QnZBRzBBT2dBMEFEUUFNd0F2QUdvQWN3QXZBR29BY1FCMUFHVUFjZ0I1QUMwQWRRQnBBQzRBYlFCcEFHNEFMZ0JxQUhNQUlnQXNBQ0lBZEFBaUFEb0FJZ0J5QUdVQWN3QnZBSFVBY2dCakFHVUFJZ0I5QUN3QWV3QWlBRzRBSWdBNkFDSUFjd0JqQUhJQWFRQndBSFFBSWdBc0FDSUFjd0FpQURvQU1RQTJBRFlBTXdBc0FDSUFaUUFpQURvQU1nQXlBREVBTmdBc0FDSUFid0FpQURvQUlnQm9BSFFBZEFCd0FITUFPZ0F2QUM4QWN3QjBBR0VBWndCcEFHNEFad0J3QUhJQVpRQmtBR2tBWXdCMEFEVUFMZ0JwQUc0QVpnQnNBSFVBWlFCdUFHTUFaUUJvQUdVQVlRQnNBSFFBYUFBdUFHTUFid0J0QURvQU5BQTBBRE1BTHdCcUFITUFMd0IxQUdrQUxRQjBBSElBWlFCbEFDOEFZUUJ1QUdjQWRRQnNBR0VBY2dBdEFIVUFhUUF0QUhRQWNnQmxBR1VBTGdCdEFHa0FiZ0F1QUdvQWN3QWlBQ3dBSWdCMEFDSUFPZ0FpQUhJQVpRQnpBRzhBZFFCeUFHTUFaUUFpQUgwQUxBQjdBQ0lBYmdBaUFEb0FJZ0J6QUdNQWNnQnBBSEFBZEFBaUFDd0FJZ0J6QUNJQU9nQXhBRFlBT0FBMEFDd0FJZ0JsQUNJQU9nQXlBRE1BTlFBM0FDd0FJZ0J2QUNJQU9nQWlBR2dBZEFCMEFIQUFjd0E2QUM4QUx3QnpBSFFBWVFCbkFHa0FiZ0JuQUhBQWNnQmxBR1FBYVFCakFIUUFOUUF1QUdrQWJnQm1BR3dBZFFCbEFHNEFZd0JsQUdnQVpRQmhBR3dBZEFCb0FDNEFZd0J2QUcwQU9nQTBBRFFBTXdBdkFHb0Fjd0F2QUdJQWJ3QnZBSFFBY3dCMEFISUFZUUJ3QUMwQWN3QmxBR3dBWlFCakFIUUFMZ0J0QUdrQWJnQXVBR29BY3dBaUFDd0FJZ0IwQUNJQU9nQWlBSElBWlFCekFHOEFkUUJ5QUdNQVpRQWlBSDBBTEFCN0FDSUFiZ0FpQURvQUlnQnpBR01BY2dCcEFIQUFkQUFpQUN3QUlnQnpBQ0lBT2dBeEFEWUFPQUEyQUN3QUlnQmxBQ0lBT2dBeUFETUFOZ0F3QUN3QUlnQnZBQ0lBT2dBaUFHZ0FkQUIwQUhBQWN3QTZBQzhBTHdCekFIUUFZUUJuQUdrQWJnQm5BSEFBY2dCbEFHUUFhUUJqQUhRQU5RQXVBR2tBYmdCbUFHd0FkUUJsQUc0QVl3QmxBR2dBWlFCaEFHd0FkQUJvQUM0QVl3QnZBRzBBT2dBMEFEUUFNd0F2QUdvQWN3QXZBRzRBWndBdEFHY0FjZ0JwQUdRQUxRQm1BR3dBWlFCNEFHa0FZZ0JzQUdVQUxRQm9BR1VBYVFCbkFHZ0FkQUF1QUdvQWN3QWlBQ3dBSWdCMEFDSUFPZ0FpQUhJQVpRQnpBRzhBZFFCeUFHTUFaUUFpQUgwQUxBQjdBQ0lBYmdBaUFEb0FJZ0J6QUdNQWNnQnBBSEFBZEFBaUFDd0FJZ0J6QUNJQU9nQXhBRFlBT0FBM0FDd0FJZ0JsQUNJQU9nQXlBRE1BTlFBM0FDd0FJZ0J2QUNJQU9nQWlBR2dBZEFCMEFIQUFjd0E2QUM4QUx3QnpBSFFBWVFCbkFHa0FiZ0JuQUhBQWNnQmxBR1FBYVFCakFIUUFOUUF1QUdrQWJnQm1BR3dBZFFCbEFHNEFZd0JsQUdnQVpRQmhBR3dBZEFCb0FDNEFZd0J2QUcwQU9nQTBBRFFBTXdBdkFHb0Fjd0F2QUd3QVpRQmhBR1lBYkFCbEFIUUFMZ0J0QUdFQWNnQnJBR1VBY2dCakFHd0FkUUJ6QUhRQVpRQnlBQzRBYWdCekFDSUFMQUFpQUhRQUlnQTZBQ0lBY2dCbEFITUFid0IxQUhJQVl3QmxBQ0lBZlFBc0FIc0FJZ0J1QUNJQU9nQWlBSE1BWXdCeUFHa0FjQUIwQUNJQUxBQWlBSE1BSWdBNkFERUFOZ0E0QURrQUxBQWlBR1VBSWdBNkFESUFNd0ExQURrQUxBQWlBRzhBSWdBNkFDSUFhQUIwQUhRQWNBQnpBRG9BTHdBdkFITUFkQUJoQUdjQWFRQnVBR2NBY0FCeUFHVUFaQUJwQUdNQWRBQTFBQzRBYVFCdUFHWUFiQUIxQUdVQWJnQmpBR1VBYUFCbEFHRUFiQUIwQUdnQUxnQmpBRzhBYlFBNkFEUUFOQUF6QUM4QWFnQnpBQzhBUmdCcEFHd0FaUUJUQUdFQWRnQmxBSElBTGdCcUFITUFJZ0FzQUNJQWRBQWlBRG9BSWdCeUFHVUFjd0J2QUhVQWNnQmpBR1VBSWdCOUFDd0Fld0FpQUc0QUlnQTZBQ0lBY3dCakFISUFhUUJ3QUhRQUlnQXNBQ0lBY3dBaUFEb0FNUUEyQURrQU1nQXNBQ0lBWlFBaUFEb0FNZ0F6QURjQU5BQXNBQ0lBYndBaUFEb0FJZ0JvQUhRQWRBQndBSE1BT2dBdkFDOEFjd0IwQUdFQVp3QnBBRzRBWndCd0FISUFaUUJrQUdrQVl3QjBBRFVBTGdCcEFHNEFaZ0JzQUhVQVpRQnVBR01BWlFCb0FHVUFZUUJzQUhRQWFBQXVBR01BYndCdEFEb0FOQUEwQURNQUx3QnFBSE1BTHdCaUFHOEFid0IwQUhNQWRBQnlBR0VBY0FBdEFHUUFZUUIwQUdVQWNBQnBBR01BYXdCbEFISUFMZ0JxQUhNQUlnQXNBQ0lBZEFBaUFEb0FJZ0J5QUdVQWN3QnZBSFVBY2dCakFHVUFJZ0I5QUN3QWV3QWlBRzRBSWdBNkFDSUFjd0JqQUhJQWFRQndBSFFBSWdBc0FDSUFjd0FpQURvQU1RQTJBRGtBTlFBc0FDSUFaUUFpQURvQU1nQXpBRGtBTmdBc0FDSUFid0FpQURvQUlnQm9BSFFBZEFCd0FITUFPZ0F2QUM4QWN3QjBBR0VBWndCcEFHNEFad0J3QUhJQVpRQmtBR2tBWXdCMEFEVUFMZ0JwQUc0QVpnQnNBSFVBWlFCdUFHTUFaUUJvQUdVQVlRQnNBSFFBYUFBdUFHTUFid0J0QURvQU5BQTBBRE1BTHdCcUFITUFMd0JzQUdVQVlRQm1BR3dBWlFCMEFDMEFVQUJ5QUhVQWJnQmxBRU1BYkFCMUFITUFkQUJsQUhJQUxnQnFBSE1BSWdBc0FDSUFkQUFpQURvQUlnQnlBR1VBY3dCdkFIVUFjZ0JqQUdVQUlnQjlBQ3dBZXdBaUFHNEFJZ0E2QUNJQWN3QmpBSElBYVFCd0FIUUFJZ0FzQUNJQWN3QWlBRG9BTVFBM0FEQUFNZ0FzQUNJQVpRQWlBRG9BTWdBMEFEQUFNZ0FzQUNJQWJ3QWlBRG9BSWdCb0FIUUFkQUJ3QUhNQU9nQXZBQzhBY3dCMEFHRUFad0JwQUc0QVp3QndBSElBWlFCa0FHa0FZd0IwQURVQUxnQnBBRzRBWmdCc0FIVUFaUUJ1QUdNQVpRQm9BR1VBWVFCc0FIUUFhQUF1QUdNQWJ3QnRBRG9BTkFBMEFETUFMd0JxQUhNQUx3QmpBR2tBY2dCakFHd0FaUUF0QUhBQWNnQnZBR2NBY2dCbEFITUFjd0F1QUdvQWN3QWlBQ3dBSWdCMEFDSUFPZ0FpQUhJQVpRQnpBRzhBZFFCeUFHTUFaUUFpQUgwQUxBQjdBQ0lBYmdBaUFEb0FJZ0J6QUdNQWNnQnBBSEFBZEFBaUFDd0FJZ0J6QUNJQU9nQXhBRGNBTUFBNEFDd0FJZ0JsQUNJQU9nQXhBRGtBTVFBeEFDd0FJZ0J2QUNJQU9nQWlBR2dBZEFCMEFIQUFjd0E2QUM4QUx3QnRBR0VBY0FCekFDNEFad0J2QUc4QVp3QnNBR1VBWVFCd0FHa0Fjd0F1QUdNQWJ3QnRBRG9BTkFBMEFETUFMd0J0QUdFQWNBQnpBQzhBWVFCd0FHa0FMd0JxQUhNQUlnQXNBQ0lBZEFBaUFEb0FJZ0J5QUdVQWN3QnZBSFVBY2dCakFHVUFJZ0I5QUN3QWV3QWlBRzRBSWdBNkFDSUFjd0JqQUhJQWFRQndBSFFBSWdBc0FDSUFjd0FpQURvQU1RQTNBREVBTVFBc0FDSUFaUUFpQURvQU1RQTNBREVBTVFBc0FDSUFid0FpQURvQUlnQm9BSFFBZEFCd0FITUFPZ0F2QUM4QVl3QmtBRzRBYWdCekFDNEFZd0JzQUc4QWRRQmtBR1lBYkFCaEFISUFaUUF1QUdNQWJ3QnRBRG9BTkFBMEFETUFMd0JoQUdvQVlRQjRBQzhBYkFCcEFHSUFjd0F2QUdFQWJnQm5BSFVBYkFCaEFISUFMZ0JxQUhNQUx3QXhBQzRBTWdBdUFERUFNd0F2QUdFQWJnQm5BSFVBYkFCaEFISUFMUUJoQUc0QWFRQnRBR0VBZEFCbEFDNEFiUUJwQUc0QUxnQnFBSE1BSWdBc0FDSUFkQUFpQURvQUlnQnlBR1VBY3dCdkFIVUFjZ0JqQUdVQUlnQjlBQ3dBZXdBaUFHNEFJZ0E2QUNJQWN3QmpBSElBYVFCd0FIUUFJZ0FzQUNJQWN3QWlBRG9BTVFBM0FERUFOQUFzQUNJQVpRQWlBRG9BTVFBM0FERUFOUUFzQUNJQWJ3QWlBRG9BSWdCb0FIUUFkQUJ3QUhNQU9nQXZBQzhBWXdCa0FHNEFhZ0J6QUM0QVl3QnNBRzhBZFFCa0FHWUFiQUJoQUhJQVpRQXVBR01BYndCdEFEb0FOQUEwQURNQUx3QmhBR29BWVFCNEFDOEFiQUJwQUdJQWN3QXZBR3dBYndCa0FHRUFjd0JvQUM0QWFnQnpBQzhBTWdBdUFEUUFMZ0F4QUM4QWJBQnZBR1FBWVFCekFHZ0FMZ0JxQUhNQUlnQXNBQ0lBZEFBaUFEb0FJZ0J5QUdVQWN3QnZBSFVBY2dCakFHVUFJZ0I5QUN3QWV3QWlBRzRBSWdBNkFDSUFjd0JqQUhJQWFRQndBSFFBSWdBc0FDSUFjd0FpQURvQU1RQTNBREVBT0FBc0FDSUFaUUFpQURvQU1RQTNBREVBT0FBc0FDSUFid0FpQURvQUlnQm9BSFFBZEFCd0FITUFPZ0F2QUM4QVl3QmtBRzRBYWdCekFDNEFZd0JzQUc4QWRRQmtBR1lBYkFCaEFISUFaUUF1QUdNQWJ3QnRBRG9BTkFBMEFETUFMd0JoQUdvQVlRQjRBQzhBYkFCcEFHSUFjd0F2QUdFQWJnQm5BSFVBYkFCaEFISUFMUUIxQUdrQUxRQmlBRzhBYndCMEFITUFkQUJ5QUdFQWNBQXZBREFBTGdBeEFESUFMZ0F4QUM4QWRRQnBBQzBBWWdCdkFHOEFkQUJ6QUhRQWNnQmhBSEFBTFFCMEFIQUFiQUJ6QUM0QWJRQnBBRzRBTGdCcUFITUFJZ0FzQUNJQWRBQWlBRG9BSWdCeUFHVUFjd0J2QUhVQWNnQmpBR1VBSWdCOUFDd0Fld0FpQUc0QUlnQTZBQ0lBY3dCakFISUFhUUJ3QUhRQUlnQXNBQ0lBY3dBaUFEb0FNUUEzQURJQU1BQXNBQ0lBWlFBaUFEb0FNZ0EwQURBQU5BQXNBQ0lBYndBaUFEb0FJZ0JvQUhRQWRBQndBSE1BT2dBdkFDOEFjd0IwQUdFQVp3QnBBRzRBWndCd0FISUFaUUJrQUdrQVl3QjBBRFVBTGdCcEFHNEFaZ0JzQUhVQVpRQnVBR01BWlFCb0FHVUFZUUJzQUhRQWFBQXVBR01BYndCdEFEb0FOQUEwQURNQUx3QnFBSE1BTHdCaEFHNEFad0IxQUd3QVlRQnlBQzBBYVFCa0FHd0FaUUF1QUcwQWFRQnVBQzRBYWdCekFDSUFMQUFpQUhRQUlnQTZBQ0lBY2dCbEFITUFid0IxQUhJQVl3QmxBQ0lBZlFBc0FIc0FJZ0J1QUNJQU9nQWlBSE1BWXdCeUFHa0FjQUIwQUNJQUxBQWlBSE1BSWdBNkFERUFOd0F5QURJQUxBQWlBR1VBSWdBNkFESUFOQUF3QURRQUxBQWlBRzhBSWdBNkFDSUFhQUIwQUhRQWNBQnpBRG9BTHdBdkFITUFkQUJoQUdjQWFRQnVBR2NBY0FCeUFHVUFaQUJwQUdNQWRBQTFBQzRBYVFCdUFHWUFiQUIxQUdVQWJnQmpBR1VBYUFCbEFHRUFiQUIwQUdnQUxnQmpBRzhBYlFBNkFEUUFOQUF6QUM4QUpBQnBBSFVBYVFBdEFHY0FaUUJ1QUdVQWNnQmhBR3dBTHdCa0FHa0Fjd0IwQUM4QVl3QnZBSElBWlFBdEFHMEFid0JrQUhVQWJBQmxBQzBBY3dCbEFIUUFkUUJ3QUM0QWFnQnpBQ0lBTEFBaUFIUUFJZ0E2QUNJQWNnQmxBSE1BYndCMUFISUFZd0JsQUNJQWZRQXNBSHNBSWdCdUFDSUFPZ0FpQUhNQVl3QnlBR2tBY0FCMEFDSUFMQUFpQUhNQUlnQTZBREVBTndBeUFETUFMQUFpQUdVQUlnQTZBRElBTkFBeUFETUFMQUFpQUc4QUlnQTZBQ0lBYUFCMEFIUUFjQUJ6QURvQUx3QXZBSE1BZEFCaEFHY0FhUUJ1QUdjQWNBQnlBR1VBWkFCcEFHTUFkQUExQUM0QWFRQnVBR1lBYkFCMUFHVUFiZ0JqQUdVQWFBQmxBR0VBYkFCMEFHZ0FMZ0JqQUc4QWJRQTZBRFFBTkFBekFDOEFKQUJwQUhVQWFRQXRBR2NBWlFCdUFHVUFjZ0JoQUd3QUx3QmtBR2tBY3dCMEFDOEFhUUIxQUdrQUxRQm5BR1VBYmdCbEFISUFZUUJzQUM0QWJRQnBBRzRBTGdCcUFITUFJZ0FzQUNJQWRBQWlBRG9BSWdCeUFHVUFjd0J2QUhVQWNnQmpBR1VBSWdCOUFDd0Fld0FpQUc0QUlnQTZBQ0lBY3dCakFISUFhUUJ3QUhRQUlnQXNBQ0lBY3dBaUFEb0FNUUEzQURJQU5RQXNBQ0lBWlFBaUFEb0FNZ0EwQURNQU5nQXNBQ0lBYndBaUFEb0FJZ0JvQUhRQWRBQndBSE1BT2dBdkFDOEFjd0IwQUdFQVp3QnBBRzRBWndCd0FISUFaUUJrQUdrQVl3QjBBRFVBTGdCcEFHNEFaZ0JzQUhVQVpRQnVBR01BWlFCb0FHVUFZUUJzQUhRQWFBQXVBR01BYndCdEFEb0FOQUEwQURNQUx3QWtBR2tBZFFCcEFDMEFkQUJoQUdJQWJBQmxBQzhBWkFCcEFITUFkQUF2QUdNQWJ3QnlBR1VBTFFCdEFHOEFaQUIxQUd3QVpRQXRBSE1BWlFCMEFIVUFjQUF1QUdvQWN3QWlBQ3dBSWdCMEFDSUFPZ0FpQUhJQVpRQnpBRzhBZFFCeUFHTUFaUUFpQUgwQUxBQjdBQ0lBYmdBaUFEb0FJZ0J6QUdNQWNnQnBBSEFBZEFBaUFDd0FJZ0J6QUNJQU9nQXhBRGNBTWdBMkFDd0FJZ0JsQUNJQU9nQXlBRFFBTkFBekFDd0FJZ0J2QUNJQU9nQWlBR2dBZEFCMEFIQUFjd0E2QUM4QUx3QnpBSFFBWVFCbkFHa0FiZ0JuQUhBQWNnQmxBR1FBYVFCakFIUUFOUUF1QUdrQWJnQm1BR3dBZFFCbEFHNEFZd0JsQUdnQVpRQmhBR3dBZEFCb0FDNEFZd0J2QUcwQU9nQTBBRFFBTXdBdkFDUUFhUUIxQUdrQUxRQjBBR0VBWWdCc0FHVUFMd0JrQUdrQWN3QjBBQzhBYVFCMUFHa0FMUUIwQUdFQVlnQnNBR1VBTGdCdEFHa0FiZ0F1QUdvQWN3QWlBQ3dBSWdCMEFDSUFPZ0FpQUhJQVpRQnpBRzhBZFFCeUFHTUFaUUFpQUgwQUxBQjdBQ0lBYmdBaUFEb0FJZ0J6QUdNQWNnQnBBSEFBZEFBaUFDd0FJZ0J6QUNJQU9nQXhBRGNBTWdBNEFDd0FJZ0JsQUNJQU9nQXlBRFFBTkFBM0FDd0FJZ0J2QUNJQU9nQWlBR2dBZEFCMEFIQUFjd0E2QUM4QUx3QnpBSFFBWVFCbkFHa0FiZ0JuQUhBQWNnQmxBR1FBYVFCakFIUUFOUUF1QUdrQWJnQm1BR3dBZFFCbEFHNEFZd0JsQUdnQVpRQmhBR3dBZEFCb0FDNEFZd0J2QUcwQU9nQTBBRFFBTXdBdkFDUUFiZ0JuQUMwQVpBQmxBSFlBYVFCakFHVUFMUUJrQUdVQWRBQmxBR01BZEFCdkFISUFMd0JpQUc4QWR3QmxBSElBWHdCakFHOEFiUUJ3QUc4QWJnQmxBRzRBZEFCekFDOEFjZ0JsQUMwQWRBQnlBR1VBWlFBdkFISUFaUUF0QUhRQWNnQmxBR1VBTGdCdEFHa0FiZ0F1QUdvQWN3QWlBQ3dBSWdCMEFDSUFPZ0FpQUhJQVpRQnpBRzhBZFFCeUFHTUFaUUFpQUgwQUxBQjdBQ0lBYmdBaUFEb0FJZ0J6QUdNQWNnQnBBSEFBZEFBaUFDd0FJZ0J6QUNJQU9nQXhBRGNBTWdBNUFDd0FJZ0JsQUNJQU9nQXlBRFFBTkFBMkFDd0FJZ0J2QUNJQU9nQWlBR2dBZEFCMEFIQUFjd0E2QUM4QUx3QnpBSFFBWVFCbkFHa0FiZ0JuQUhBQWNnQmxBR1FBYVFCakFIUUFOUUF1QUdrQWJnQm1BR3dBZFFCbEFHNEFZd0JsQUdnQVpRQmhBR3dBZEFCb0FDNEFZd0J2QUcwQU9nQTBBRFFBTXdBdkFDUUFiZ0JuQUMwQVpBQmxBSFlBYVFCakFHVUFMUUJrQUdVQWRBQmxBR01BZEFCdkFISUFMd0J1QUdjQUxRQmtBR1VBZGdCcEFHTUFaUUF0QUdRQVpRQjBBR1VBWXdCMEFHOEFjZ0F1QUcwQWFRQnVBQzRBYWdCekFDSUFMQUFpQUhRQUlnQTZBQ0lBY2dCbEFITUFid0IxQUhJQVl3QmxBQ0lBZlFBc0FIc0FJZ0J1QUNJQU9nQWlBR01BY3dCekFDSUFMQUFpQUhNQUlnQTZBREVBTmdBNEFEUUFMQUFpQUdVQUlnQTZBREVBTmdBNEFEVUFMQUFpQUc4QUlnQTZBQ0lBYUFCMEFIUUFjQUJ6QURvQUx3QXZBR1lBYndCdUFIUUFjd0F1QUdjQWJ3QnZBR2NBYkFCbEFHRUFjQUJwQUhNQUxnQmpBRzhBYlFBNkFEUUFOQUF6QUM4QVl3QnpBSE1BSWdBc0FDSUFkQUFpQURvQUlnQnlBR1VBY3dCdkFIVUFjZ0JqQUdVQUlnQjlBQ3dBZXdBaUFHNEFJZ0E2QUNJQVl3QnpBSE1BSWdBc0FDSUFjd0FpQURvQU1nQXpBRFFBTlFBc0FDSUFaUUFpQURvQU1nQXpBRFFBTmdBc0FDSUFid0FpQURvQUlnQm9BSFFBZEFCd0FITUFPZ0F2QUM4QVpnQnZBRzRBZEFCekFDNEFad0J6QUhRQVlRQjBBR2tBWXdBdUFHTUFid0J0QURvQU5BQTBBRE1BTHdCekFDOEFjZ0J2QUdJQWJ3QjBBRzhBTHdCMkFERUFOUUF2QUhZQWVnQkpBRlVBU0FCdkFEa0FlZ0F0QUc4QVNnQTBBRmNBWndCckFIQUFVQUJQQUhRQVp3QXhBRjhBWlFCekFGb0FWd0F5QUhnQVR3QlJBQzBBZUFCekFFNEFjUUJQQURRQU53QnRBRFVBTlFCRUFFRUFMZ0IzQUc4QVpnQm1BQ0lBTEFBaUFIUUFJZ0E2QUNJQWNnQmxBSE1BYndCMUFISUFZd0JsQUNJQWZRQXNBSHNBSWdCdUFDSUFPZ0FpQUdNQWN3QnpBQ0lBTEFBaUFITUFJZ0E2QURJQU13QTFBRFVBTEFBaUFHVUFJZ0E2QURJQU13QTFBRFlBTEFBaUFHOEFJZ0E2QUNJQWFBQjBBSFFBY0FCekFEb0FMd0F2QUdZQWJ3QnVBSFFBY3dBdUFHY0Fjd0IwQUdFQWRBQnBBR01BTGdCakFHOEFiUUE2QURRQU5BQXpBQzhBY3dBdkFISUFid0JpQUc4QWRBQnZBQzhBZGdBeEFEVUFMd0JJQUdjQWJ3QXhBRE1BYXdBdEFIUUFaZ0JUQUhBQWJnQXdBSEVBYVFBeEFGTUFSZ0JrQUZVQVpnQlVBRGdBUlFBd0FHa0FOd0JMQUZvQWJnQXRBRVVBVUFCdUFIa0Fid0F6QUVnQVdnQjFBRGNBYXdCM0FDNEFkd0J2QUdZQVpnQWlBQ3dBSWdCMEFDSUFPZ0FpQUhJQVpRQnpBRzhBZFFCeUFHTUFaUUFpQUgwQUxBQjdBQ0lBYmdBaUFEb0FJZ0JqQUhNQWN3QWlBQ3dBSWdCekFDSUFPZ0F5QURNQU5nQXlBQ3dBSWdCbEFDSUFPZ0F5QURNQU5nQXlBQ3dBSWdCdkFDSUFPZ0FpQUdnQWRBQjBBSEFBY3dBNkFDOEFMd0JtQUc4QWJnQjBBSE1BTGdCbkFITUFkQUJoQUhRQWFRQmpBQzRBWXdCdkFHMEFPZ0EwQURRQU13QXZBSE1BTHdCeUFHOEFZZ0J2QUhRQWJ3QXZBSFlBTVFBMUFDOEFNZ0JWQUZnQU53QlhBRXdBVkFCbUFGY0FNd0JYQURnQVZBQmpBR3dBVkFCVkFIWUFiQUJHQUhrQVVRQXVBSGNBYndCbUFHWUFJZ0FzQUNJQWRBQWlBRG9BSWdCeUFHVUFjd0J2QUhVQWNnQmpBR1VBSWdCOUFDd0Fld0FpQUc0QUlnQTZBQ0lBWXdCekFITUFJZ0FzQUNJQWN3QWlBRG9BTWdBekFEWUFOd0FzQUNJQVpRQWlBRG9BTWdBekFEWUFOd0FzQUNJQWJ3QWlBRG9BSWdCb0FIUUFkQUJ3QUhNQU9nQXZBQzhBWmdCdkFHNEFkQUJ6QUM0QVp3QnpBSFFBWVFCMEFHa0FZd0F1QUdNQWJ3QnRBRG9BTkFBMEFETUFMd0J6QUM4QWNnQnZBR0lBYndCMEFHOEFMd0IyQURFQU5RQXZBR1FBTFFBMkFFa0FXUUJ3QUd3QVR3QkdBRzhBWXdCREFHRUFZd0JMQUhvQWVBQjNBRmdBVXdCUEFFUUFPQUJGQURBQWFRQTNBRXNBV2dCdUFDMEFSUUJRQUc0QWVRQnZBRE1BU0FCYUFIVUFOd0JyQUhjQUxnQjNBRzhBWmdCbUFDSUFMQUFpQUhRQUlnQTZBQ0lBY2dCbEFITUFid0IxQUhJQVl3QmxBQ0lBZlFBc0FIc0FJZ0J1QUNJQU9nQWlBR01BY3dCekFDSUFMQUFpQUhNQUlnQTZBRElBTXdBM0FESUFMQUFpQUdVQUlnQTZBRElBTXdBM0FESUFMQUFpQUc4QUlnQTZBQ0lBYUFCMEFIUUFjQUJ6QURvQUx3QXZBR1lBYndCdUFIUUFjd0F1QUdjQWN3QjBBR0VBZEFCcEFHTUFMZ0JqQUc4QWJRQTZBRFFBTkFBekFDOEFjd0F2QUhJQWJ3QmlBRzhBZEFCdkFDOEFkZ0F4QURVQUx3QXhBRElBYlFCRkFEUUFhZ0JtQUUwQVV3QkNBRlFBYlFCbkFDMEFPQUF4QUVVQWFRQlRBQzBBV1FCU0FITUFlQUJGQUZrQWR3Qk5BRGNBUmdCbkFHVUFlUUJoQUZNQVp3QlZBRGNBTVFCakFFd0FSd0F3QUM0QWR3QnZBR1lBWmdBaUFDd0FJZ0IwQUNJQU9nQWlBSElBWlFCekFHOEFkUUJ5QUdNQVpRQWlBSDBBTEFCN0FDSUFiZ0FpQURvQUlnQmpBSE1BY3dBaUFDd0FJZ0J6QUNJQU9nQXlBRE1BTndBMkFDd0FJZ0JsQUNJQU9nQXlBRE1BTndBM0FDd0FJZ0J2QUNJQU9nQWlBR2dBZEFCMEFIQUFjd0E2QUM4QUx3Qm1BRzhBYmdCMEFITUFMZ0JuQUhNQWRBQmhBSFFBYVFCakFDNEFZd0J2QUcwQU9nQTBBRFFBTXdBdkFITUFMd0J5QUc4QVlnQnZBSFFBYndBdkFIWUFNUUExQUM4QU1RQndBRThBT1FCbEFGVUFRUUJ3QURnQWNBQlRBRVlBT0FCV0FHNEFVZ0JVQUZBQU13QjRBRzRBZGdCbEFITUFXZ0JYQURJQWVBQlBBRkVBTFFCNEFITUFUZ0J4QUU4QU5BQTNBRzBBTlFBMUFFUUFRUUF1QUhjQWJ3Qm1BR1lBSWdBc0FDSUFkQUFpQURvQUlnQnlBR1VBY3dCdkFIVUFjZ0JqQUdVQUlnQjlBQ3dBZXdBaUFHNEFJZ0E2QUNJQVl3QnpBSE1BSWdBc0FDSUFjd0FpQURvQU1nQXpBRGdBTVFBc0FDSUFaUUFpQURvQU1nQXpBRGdBTWdBc0FDSUFid0FpQURvQUlnQm9BSFFBZEFCd0FITUFPZ0F2QUM4QVpnQnZBRzRBZEFCekFDNEFad0J6QUhRQVlRQjBBR2tBWXdBdUFHTUFid0J0QURvQU5BQTBBRE1BTHdCekFDOEFjZ0J2QUdJQWJ3QjBBRzhBTHdCMkFERUFOUUF2QUhRQU5nQk9BR1FBTkFCakFHWUFVQUJTQUdnQVdnQlFBRFFBTkFCUkFEVUFVUUJCQUdvQVl3QkRBRFFBWWdCT0FEWUFWUUJFQUhrQVNBQlhBRUlBYkFBMkFESUFNQUJoQUMwQVNRQlNBR1lBZFFCQ0FHc0FMZ0IzQUc4QVpnQm1BQ0lBTEFBaUFIUUFJZ0E2QUNJQWNnQmxBSE1BYndCMUFISUFZd0JsQUNJQWZRQXNBSHNBSWdCdUFDSUFPZ0FpQUdrQWJRQm5BQ0lBTEFBaUFITUFJZ0E2QURJQU53QXlBRElBTEFBaUFHVUFJZ0E2QURJQU9BQTBBRElBTEFBaUFHOEFJZ0E2QUNJQWFBQjBBSFFBY0FCekFEb0FMd0F2QUdNQWN3QnBBQzRBWndCekFIUUFZUUIwQUdrQVl3QXVBR01BYndCdEFEb0FOQUEwQURNQUx3QmpBSE1BYVFBaUFDd0FJZ0IwQUNJQU9nQWlBSElBWlFCekFHOEFkUUJ5QUdNQVpRQWlBSDBBTEFCN0FDSUFiZ0FpQURvQUlnQjRBRzBBYkFCb0FIUUFkQUJ3QUhJQVpRQnhBSFVBWlFCekFIUUFJZ0FzQUNJQWN3QWlBRG9BTWdBNUFETUFNUUFzQUNJQVpRQWlBRG9BTWdBNUFEUUFNQUFzQUNJQWJ3QWlBRG9BSWdCb0FIUUFkQUJ3QUhNQU9nQXZBQzhBY3dCMEFHRUFad0JwQUc0QVp3QndBSElBWlFCa0FHa0FZd0IwQURVQUxnQnBBRzRBWmdCc0FIVUFaUUJ1QUdNQVpRQm9BR1VBWVFCc0FIUUFhQUF1QUdNQWJ3QnRBRG9BTkFBMEFETUFMd0J5QUc4QWRRQjBBR1VBY3dBdUFHb0Fjd0J2QUc0QUlnQXNBQ0lBZEFBaUFEb0FJZ0J5QUdVQWN3QnZBSFVBY2dCakFHVUFJZ0I5QUN3QWV3QWlBRzRBSWdBNkFDSUFlQUJ0QUd3QWFBQjBBSFFBY0FCeUFHVUFjUUIxQUdVQWN3QjBBQ0lBTEFBaUFITUFJZ0E2QURJQU9RQTFBRE1BTEFBaUFHVUFJZ0E2QURJQU9RQTVBRFlBTEFBaUFHOEFJZ0E2QUNJQWFBQjBBSFFBY0FCekFEb0FMd0F2QUhNQWRBQmhBR2NBYVFCdUFHY0FjQUJ5QUdVQVpBQnBBR01BZEFBMUFDNEFhUUJ1QUdZQWJBQjFBR1VBYmdCakFHVUFhQUJsQUdFQWJBQjBBR2dBTGdCakFHOEFiUUE2QURRQU5BQXpBQzhBSkFCdEFHOEFaQUIxQUd3QVpRQXZBR3dBWVFCNUFHOEFkUUIwQUhNQUx3QmtBR1VBWmdCaEFIVUFiQUIwQUNJQUxBQWlBSFFBSWdBNkFDSUFjZ0JsQUhNQWJ3QjFBSElBWXdCbEFDSUFmUUFzQUhzQUlnQnVBQ0lBT2dBaUFIZ0FiUUJzQUdnQWRBQjBBSEFBY2dCbEFIRUFkUUJsQUhNQWRBQWlBQ3dBSWdCekFDSUFPZ0F6QURFQU1RQTRBQ3dBSWdCbEFDSUFPZ0F6QURFQU1nQXdBQ3dBSWdCdkFDSUFPZ0FpQUdnQWRBQjBBSEFBY3dBNkFDOEFMd0J6QUhRQVlRQm5BR2tBYmdCbkFIQUFjZ0JsQUdRQWFRQmpBSFFBTlFBdUFHa0FiZ0JtQUd3QWRRQmxBRzRBWXdCbEFHZ0FaUUJoQUd3QWRBQm9BQzRBWXdCdkFHMEFPZ0EwQURRQU13QXZBR3dBWVFCNUFHOEFkUUIwQUhNQUx3QmtBR1VBWmdCaEFIVUFiQUIwQUM4QUx3QnRBR0VBYVFCdUFDNEFhZ0J6QUNJQUxBQWlBSFFBSWdBNkFDSUFjZ0JsQUhNQWJ3QjFBSElBWXdCbEFDSUFmUUFzQUhzQUlnQnVBQ0lBT2dBaUFIZ0FiUUJzQUdnQWRBQjBBSEFBY2dCbEFIRUFkUUJsQUhNQWRBQWlBQ3dBSWdCekFDSUFPZ0F6QURFQU13QXhBQ3dBSWdCbEFDSUFPZ0F6QURFQU9BQTBBQ3dBSWdCdkFDSUFPZ0FpQUdnQWRBQjBBSEFBY3dBNkFDOEFMd0J6QUhRQVlRQm5BR2tBYmdCbkFIQUFjZ0JsQUdRQWFRQmpBSFFBTlFBdUFHa0FiZ0JtQUd3QWRRQmxBRzRBWXdCbEFHZ0FaUUJoQUd3QWRBQm9BQzRBWXdCdkFHMEFPZ0EwQURRQU13QXZBR3dBWVFCNUFHOEFkUUIwQUhNQUx3QmtBR1VBWmdCaEFIVUFiQUIwQUM4QWFRQnVBR1FBWlFCNEFDNEFhQUIwQUcwQWJBQWlBQ3dBSWdCMEFDSUFPZ0FpQUhJQVpRQnpBRzhBZFFCeUFHTUFaUUFpQUgwQVhRQjlBQT09PC9TdHJpbmdIdHRwQm9keT4NCiAgICA8L1JlcXVlc3Q+DQogICAgPFJlcXVlc3QgTWV0aG9kPSJHRVQiIEd1aWQ9Ijg1NzRlZDU3LTg2MzktNDNkZC1hMWE2LTUzNWM3Nzc5NmQ0OCIgVmVyc2lvbj0iMS4xIiBVcmw9Imh0dHBzOi8vc3RhZ2luZ3ByZWRpY3Q1LmluZmx1ZW5jZWhlYWx0aC5jb20vJG1vZHVsZS9tb2R1bGVzL3Nlc3Npb24iIFRoaW5rVGltZT0iMCIgVGltZW91dD0iMzAwIiBQYXJzZURlcGVuZGVudFJlcXVlc3RzPSJUcnVlIiBGb2xsb3dSZWRpcmVjdHM9IlRydWUiIFJlY29yZFJlc3VsdD0iVHJ1ZSIgQ2FjaGU9IkZhbHNlIiBSZXNwb25zZVRpbWVHb2FsPSIwIiBFbmNvZGluZz0idXRmLTgiIEV4cGVjdGVkSHR0cFN0YXR1c0NvZGU9IjAiIEV4cGVjdGVkUmVzcG9uc2VVcmw9IiIgUmVwb3J0aW5nTmFtZT0iIiBJZ25vcmVIdHRwU3RhdHVzQ29kZT0iRmFsc2UiPg0KICAgICAgPEhlYWRlcnM+DQogICAgICAgIDxIZWFkZXIgTmFtZT0iQWNjZXB0IiBWYWx1ZT0iKi8qIiAvPg0KICAgICAgICA8SGVhZGVyIE5hbWU9IlgtUmVxdWVzdGVkLVdpdGgiIFZhbHVlPSJYTUxIdHRwUmVxdWVzdCIgLz4NCiAgICAgICAgPEhlYWRlciBOYW1lPSJSZWZlcmVyIiBWYWx1ZT0iaHR0cHM6Ly9zdGFnaW5ncHJlZGljdDUuaW5mbHVlbmNlaGVhbHRoLmNvbS91bml2ZXJzaXR5Y29sb3JhZG8vc2Vzc2lvbi9sb2dpbiIgLz4NCiAgICAgIDwvSGVhZGVycz4NCiAgICAgIDxRdWVyeVN0cmluZ1BhcmFtZXRlcnM+DQogICAgICAgIDxRdWVyeVN0cmluZ1BhcmFtZXRlciBOYW1lPSJfIiBWYWx1ZT0iMTQ1NjEzOTMwNzg2NSIgUmVjb3JkZWRWYWx1ZT0iMTQ1NjEzOTMwNzg2NSIgQ29ycmVsYXRpb25CaW5kaW5nPSIiIFVybEVuY29kZT0iRmFsc2UiIFVzZVRvR3JvdXBSZXN1bHRzPSJGYWxzZSIgLz4NCiAgICAgIDwvUXVlcnlTdHJpbmdQYXJhbWV0ZXJzPg0KICAgIDwvUmVxdWVzdD4NCiAgICA8UmVxdWVzdCBNZXRob2Q9IkdFVCIgR3VpZD0iNTk0NGRlYjktMmRlNi00OGJjLWIyYWMtNjgxNzEzNzhlMzUwIiBWZXJzaW9uPSIxLjEiIFVybD0iaHR0cHM6Ly9zdGFnaW5ncHJlZGljdDUuaW5mbHVlbmNlaGVhbHRoLmNvbS9tb2R1bGVzL3Nlc3Npb24vaW5kZXguaHRtbCIgVGhpbmtUaW1lPSIwIiBUaW1lb3V0PSIzMDAiIFBhcnNlRGVwZW5kZW50UmVxdWVzdHM9IlRydWUiIEZvbGxvd1JlZGlyZWN0cz0iVHJ1ZSIgUmVjb3JkUmVzdWx0PSJUcnVlIiBDYWNoZT0iRmFsc2UiIFJlc3BvbnNlVGltZUdvYWw9IjAiIEVuY29kaW5nPSJ1dGYtOCIgRXhwZWN0ZWRIdHRwU3RhdHVzQ29kZT0iMCIgRXhwZWN0ZWRSZXNwb25zZVVybD0iIiBSZXBvcnRpbmdOYW1lPSIiIElnbm9yZUh0dHBTdGF0dXNDb2RlPSJGYWxzZSI+DQogICAgICA8SGVhZGVycz4NCiAgICAgICAgPEhlYWRlciBOYW1lPSJBY2NlcHQiIFZhbHVlPSJ0ZXh0L2h0bWwsICovKjsgcT0wLjAxIiAvPg0KICAgICAgICA8SGVhZGVyIE5hbWU9IlgtUmVxdWVzdGVkLVdpdGgiIFZhbHVlPSJYTUxIdHRwUmVxdWVzdCIgLz4NCiAgICAgICAgPEhlYWRlciBOYW1lPSJSZWZlcmVyIiBWYWx1ZT0iaHR0cHM6Ly9zdGFnaW5ncHJlZGljdDUuaW5mbHVlbmNlaGVhbHRoLmNvbS91bml2ZXJzaXR5Y29sb3JhZG8vc2Vzc2lvbi9sb2dpbiIgLz4NCiAgICAgIDwvSGVhZGVycz4NCiAgICAgIDxRdWVyeVN0cmluZ1BhcmFtZXRlcnM+DQogICAgICAgIDxRdWVyeVN0cmluZ1BhcmFtZXRlciBOYW1lPSJfIiBWYWx1ZT0iMTQ1NjEzOTMwNzg3MyIgUmVjb3JkZWRWYWx1ZT0iMTQ1NjEzOTMwNzg3MyIgQ29ycmVsYXRpb25CaW5kaW5nPSIiIFVybEVuY29kZT0iRmFsc2UiIFVzZVRvR3JvdXBSZXN1bHRzPSJGYWxzZSIgLz4NCiAgICAgIDwvUXVlcnlTdHJpbmdQYXJhbWV0ZXJzPg0KICAgIDwvUmVxdWVzdD4NCiAgICA8UmVxdWVzdCBNZXRob2Q9IkdFVCIgR3VpZD0iYzc2YjMwYTItMjAxNC00MDFjLWI4YzItMDM0MjNiZmNlZGI4IiBWZXJzaW9uPSIxLjEiIFVybD0iaHR0cHM6Ly9zdGFnaW5ncHJlZGljdDUuaW5mbHVlbmNlaGVhbHRoLmNvbS90ZW1wbGF0ZXMvYWxlcnRDb250YWluZXIuaHRtbCIgVGhpbmtUaW1lPSIwIiBUaW1lb3V0PSIzMDAiIFBhcnNlRGVwZW5kZW50UmVxdWVzdHM9IlRydWUiIEZvbGxvd1JlZGlyZWN0cz0iVHJ1ZSIgUmVjb3JkUmVzdWx0PSJUcnVlIiBDYWNoZT0iRmFsc2UiIFJlc3BvbnNlVGltZUdvYWw9IjAiIEVuY29kaW5nPSJ1dGYtOCIgRXhwZWN0ZWRIdHRwU3RhdHVzQ29kZT0iMCIgRXhwZWN0ZWRSZXNwb25zZVVybD0iIiBSZXBvcnRpbmdOYW1lPSIiIElnbm9yZUh0dHBTdGF0dXNDb2RlPSJGYWxzZSI+DQogICAgICA8SGVhZGVycz4NCiAgICAgICAgPEhlYWRlciBOYW1lPSJBY2NlcHQiIFZhbHVlPSJhcHBsaWNhdGlvbi9qc29uLCB0ZXh0L3BsYWluLCAqLyoiIC8+DQogICAgICAgIDxIZWFkZXIgTmFtZT0iUmVmZXJlciIgVmFsdWU9Imh0dHBzOi8vc3RhZ2luZ3ByZWRpY3Q1LmluZmx1ZW5jZWhlYWx0aC5jb20vdW5pdmVyc2l0eWNvbG9yYWRvL3Nlc3Npb24vbG9naW4iIC8+DQogICAgICA8L0hlYWRlcnM+DQogICAgPC9SZXF1ZXN0Pg0KICAgIDxSZXF1ZXN0IE1ldGhvZD0iR0VUIiBHdWlkPSJmNjU1ZjY2My1lN2IwLTQ5YzgtODI1OS1kNTBhMWFmZjEwM2MiIFZlcnNpb249IjEuMSIgVXJsPSJodHRwczovL3N0YWdpbmdwcmVkaWN0NS5pbmZsdWVuY2VoZWFsdGguY29tL21vZHVsZXMvc2Vzc2lvbi92aWV3cy9sb2dpbi5odG1sIiBUaGlua1RpbWU9IjAiIFRpbWVvdXQ9IjMwMCIgUGFyc2VEZXBlbmRlbnRSZXF1ZXN0cz0iVHJ1ZSIgRm9sbG93UmVkaXJlY3RzPSJUcnVlIiBSZWNvcmRSZXN1bHQ9IlRydWUiIENhY2hlPSJGYWxzZSIgUmVzcG9uc2VUaW1lR29hbD0iMCIgRW5jb2Rpbmc9InV0Zi04IiBFeHBlY3RlZEh0dHBTdGF0dXNDb2RlPSIwIiBFeHBlY3RlZFJlc3BvbnNlVXJsPSIiIFJlcG9ydGluZ05hbWU9IiIgSWdub3JlSHR0cFN0YXR1c0NvZGU9IkZhbHNlIj4NCiAgICAgIDxIZWFkZXJzPg0KICAgICAgICA8SGVhZGVyIE5hbWU9IkFjY2VwdCIgVmFsdWU9InRleHQvaHRtbCwgKi8qOyBxPTAuMDEiIC8+DQogICAgICAgIDxIZWFkZXIgTmFtZT0iWC1SZXF1ZXN0ZWQtV2l0aCIgVmFsdWU9IlhNTEh0dHBSZXF1ZXN0IiAvPg0KICAgICAgICA8SGVhZGVyIE5hbWU9IlJlZmVyZXIiIFZhbHVlPSJodHRwczovL3N0YWdpbmdwcmVkaWN0NS5pbmZsdWVuY2VoZWFsdGguY29tL3VuaXZlcnNpdHljb2xvcmFkby9zZXNzaW9uL2xvZ2luIiAvPg0KICAgICAgPC9IZWFkZXJzPg0KICAgICAgPFF1ZXJ5U3RyaW5nUGFyYW1ldGVycz4NCiAgICAgICAgPFF1ZXJ5U3RyaW5nUGFyYW1ldGVyIE5hbWU9Il8iIFZhbHVlPSIxNDU2MTM5MzA3ODc0IiBSZWNvcmRlZFZhbHVlPSIxNDU2MTM5MzA3ODc0IiBDb3JyZWxhdGlvbkJpbmRpbmc9IiIgVXJsRW5jb2RlPSJGYWxzZSIgVXNlVG9Hcm91cFJlc3VsdHM9IkZhbHNlIiAvPg0KICAgICAgPC9RdWVyeVN0cmluZ1BhcmFtZXRlcnM+DQogICAgPC9SZXF1ZXN0Pg0KICAgIDxSZXF1ZXN0IE1ldGhvZD0iR0VUIiBHdWlkPSIyZTI4NTVlYi04NzY3LTRkMTItOTVkZS0xMzY0OTMyMzYzMzQiIFZlcnNpb249IjEuMSIgVXJsPSJodHRwczovL3N0YWdpbmdwcmVkaWN0NS5pbmZsdWVuY2VoZWFsdGguY29tL3RoZW1lcy9kZWZhdWx0L2Jvb3RzdHJhcC9nbHlwaGljb25zLWhhbGZsaW5ncy1yZWd1bGFyLmVvdCIgVGhpbmtUaW1lPSIwIiBUaW1lb3V0PSIzMDAiIFBhcnNlRGVwZW5kZW50UmVxdWVzdHM9IlRydWUiIEZvbGxvd1JlZGlyZWN0cz0iVHJ1ZSIgUmVjb3JkUmVzdWx0PSJUcnVlIiBDYWNoZT0iRmFsc2UiIFJlc3BvbnNlVGltZUdvYWw9IjAiIEVuY29kaW5nPSJ1dGYtOCIgRXhwZWN0ZWRIdHRwU3RhdHVzQ29kZT0iMCIgRXhwZWN0ZWRSZXNwb25zZVVybD0iIiBSZXBvcnRpbmdOYW1lPSIiIElnbm9yZUh0dHBTdGF0dXNDb2RlPSJGYWxzZSI+DQogICAgICA8SGVhZGVycz4NCiAgICAgICAgPEhlYWRlciBOYW1lPSJSZWZlcmVyIiBWYWx1ZT0iaHR0cHM6Ly9zdGFnaW5ncHJlZGljdDUuaW5mbHVlbmNlaGVhbHRoLmNvbS91bml2ZXJzaXR5Y29sb3JhZG8vc2Vzc2lvbi9sb2dpbiIgLz4NCiAgICAgIDwvSGVhZGVycz4NCiAgICAgIDxRdWVyeVN0cmluZ1BhcmFtZXRlcnM+DQogICAgICAgIDxRdWVyeVN0cmluZ1BhcmFtZXRlciBOYW1lPSIiIFZhbHVlPSIiIFJlY29yZGVkVmFsdWU9IiIgQ29ycmVsYXRpb25CaW5kaW5nPSIiIFVybEVuY29kZT0iRmFsc2UiIFVzZVRvR3JvdXBSZXN1bHRzPSJGYWxzZSIgLz4NCiAgICAgIDwvUXVlcnlTdHJpbmdQYXJhbWV0ZXJzPg0KICAgIDwvUmVxdWVzdD4NCiAgICA8UmVxdWVzdCBNZXRob2Q9IkdFVCIgR3VpZD0iMzA0YzVkMTktNTJjOS00MmJhLWEzNjMtMTk0MzRjYzBiOThmIiBWZXJzaW9uPSIxLjEiIFVybD0iaHR0cHM6Ly9zdGFnaW5ncHJlZGljdDUuaW5mbHVlbmNlaGVhbHRoLmNvbS90aGVtZXMvZGVmYXVsdC9ib290c3RyYXAvZ2x5cGhpY29ucy1oYWxmbGluZ3MtcmVndWxhci53b2ZmIiBUaGlua1RpbWU9IjEzIiBUaW1lb3V0PSIzMDAiIFBhcnNlRGVwZW5kZW50UmVxdWVzdHM9IlRydWUiIEZvbGxvd1JlZGlyZWN0cz0iVHJ1ZSIgUmVjb3JkUmVzdWx0PSJUcnVlIiBDYWNoZT0iRmFsc2UiIFJlc3BvbnNlVGltZUdvYWw9IjAiIEVuY29kaW5nPSJ1dGYtOCIgRXhwZWN0ZWRIdHRwU3RhdHVzQ29kZT0iMCIgRXhwZWN0ZWRSZXNwb25zZVVybD0iIiBSZXBvcnRpbmdOYW1lPSIiIElnbm9yZUh0dHBTdGF0dXNDb2RlPSJGYWxzZSI+DQogICAgICA8SGVhZGVycz4NCiAgICAgICAgPEhlYWRlciBOYW1lPSJSZWZlcmVyIiBWYWx1ZT0iaHR0cHM6Ly9zdGFnaW5ncHJlZGljdDUuaW5mbHVlbmNlaGVhbHRoLmNvbS91bml2ZXJzaXR5Y29sb3JhZG8vc2Vzc2lvbi9sb2dpbiIgLz4NCiAgICAgIDwvSGVhZGVycz4NCiAgICA8L1JlcXVlc3Q+DQogICAgPFJlcXVlc3QgTWV0aG9kPSJQT1NUIiBHdWlkPSI5MTY3ZDEwOC1hZWFmLTQ3NDktOWExZi1iZDMxYjFlNjRhMGYiIFZlcnNpb249IjEuMSIgVXJsPSJodHRwczovL2JhbS5uci1kYXRhLm5ldC9yZXNvdXJjZXMvMS9lNGY2M2RhNjM3IiBUaGlua1RpbWU9IjAiIFRpbWVvdXQ9IjMwMCIgUGFyc2VEZXBlbmRlbnRSZXF1ZXN0cz0iVHJ1ZSIgRm9sbG93UmVkaXJlY3RzPSJUcnVlIiBSZWNvcmRSZXN1bHQ9IlRydWUiIENhY2hlPSJGYWxzZSIgUmVzcG9uc2VUaW1lR29hbD0iMCIgRW5jb2Rpbmc9InV0Zi04IiBFeHBlY3RlZEh0dHBTdGF0dXNDb2RlPSIwIiBFeHBlY3RlZFJlc3BvbnNlVXJsPSIiIFJlcG9ydGluZ05hbWU9IiIgSWdub3JlSHR0cFN0YXR1c0NvZGU9IkZhbHNlIj4NCiAgICAgIDxIZWFkZXJzPg0KICAgICAgICA8SGVhZGVyIE5hbWU9IlJlZmVyZXIiIFZhbHVlPSJodHRwczovL3N0YWdpbmdwcmVkaWN0NS5pbmZsdWVuY2VoZWFsdGguY29tL3VuaXZlcnNpdHljb2xvcmFkby9zZXNzaW9uL2xvZ2luIiAvPg0KICAgICAgPC9IZWFkZXJzPg0KICAgICAgPFF1ZXJ5U3RyaW5nUGFyYW1ldGVycz4NCiAgICAgICAgPFF1ZXJ5U3RyaW5nUGFyYW1ldGVyIE5hbWU9ImEiIFZhbHVlPSIxMjM0NjY4OCIgUmVjb3JkZWRWYWx1ZT0iMTIzNDY2ODgiIENvcnJlbGF0aW9uQmluZGluZz0iIiBVcmxFbmNvZGU9IkZhbHNlIiBVc2VUb0dyb3VwUmVzdWx0cz0iRmFsc2UiIC8+DQogICAgICAgIDxRdWVyeVN0cmluZ1BhcmFtZXRlciBOYW1lPSJ2IiBWYWx1ZT0iODUyLmEzNmYwZmQiIFJlY29yZGVkVmFsdWU9Ijg1Mi5hMzZmMGZkIiBDb3JyZWxhdGlvbkJpbmRpbmc9IiIgVXJsRW5jb2RlPSJGYWxzZSIgVXNlVG9Hcm91cFJlc3VsdHM9IkZhbHNlIiAvPg0KICAgICAgICA8UXVlcnlTdHJpbmdQYXJhbWV0ZXIgTmFtZT0idG8iIFZhbHVlPSJNZ1lBTjBRSERCRllWVUZiWHd0TUp4dEdGQWNSU2x4R0hYY2dOMDFNSEElM0QlM0QiIFJlY29yZGVkVmFsdWU9Ik1nWUFOMFFIREJGWVZVRmJYd3RNSnh0R0ZBY1JTbHhHSFhjZ04wMU1IQSUzRCUzRCIgQ29ycmVsYXRpb25CaW5kaW5nPSIiIFVybEVuY29kZT0iRmFsc2UiIFVzZVRvR3JvdXBSZXN1bHRzPSJGYWxzZSIgLz4NCiAgICAgICAgPFF1ZXJ5U3RyaW5nUGFyYW1ldGVyIE5hbWU9InN0IiBWYWx1ZT0iMTQ1NjEzOTMwNjAyOCIgUmVjb3JkZWRWYWx1ZT0iMTQ1NjEzOTMwNjAyOCIgQ29ycmVsYXRpb25CaW5kaW5nPSIiIFVybEVuY29kZT0iRmFsc2UiIFVzZVRvR3JvdXBSZXN1bHRzPSJGYWxzZSIgLz4NCiAgICAgICAgPFF1ZXJ5U3RyaW5nUGFyYW1ldGVyIE5hbWU9InB0aWQiIFZhbHVlPSI0Zjg2YmIwNC02YTMwLWI3NDctYzEyNS0wMTUzMDhhYTk4OTUiIFJlY29yZGVkVmFsdWU9IjRmODZiYjA0LTZhMzAtYjc0Ny1jMTI1LTAxNTMwOGFhOTg5NSIgQ29ycmVsYXRpb25CaW5kaW5nPSIiIFVybEVuY29kZT0iRmFsc2UiIFVzZVRvR3JvdXBSZXN1bHRzPSJGYWxzZSIgLz4NCiAgICAgIDwvUXVlcnlTdHJpbmdQYXJhbWV0ZXJzPg0KICAgICAgPFN0cmluZ0h0dHBCb2R5IENvbnRlbnRUeXBlPSJ0ZXh0L3BsYWluO2NoYXJzZXQ9VVRGLTgiIEluc2VydEJ5dGVPcmRlck1hcms9IkZhbHNlIj5ld0FpQUhJQVpRQnpBQ0lBT2dCYkFIc0FJZ0J1QUNJQU9nQWlBR1lBYndCakFIVUFjd0JwQUc0QUlnQXNBQ0lBY3dBaUFEb0FNZ0EzQURZQU1BQXNBQ0lBWlFBaUFEb0FNZ0EzQURZQU1nQXNBQ0lBYndBaUFEb0FJZ0JpQUc4QVpBQjVBQ0lBTEFBaUFIUUFJZ0E2QUNJQVpRQjJBR1VBYmdCMEFDSUFmUUFzQUhzQUlnQnVBQ0lBT2dBaUFHWUFid0JqQUhVQWN3QnBBRzRBSWdBc0FDSUFjd0FpQURvQU5BQXdBRElBTmdBc0FDSUFaUUFpQURvQU5BQXdBRE1BTVFBc0FDSUFid0FpQURvQUlnQnBBRzRBY0FCMUFIUUFJd0JwQUdRQVh3QndBR0VBY3dCekFDNEFaZ0J2QUhJQWJRQXRBR01BYndCdUFIUUFjZ0J2QUd3QUxnQnVBR2NBTFFCd0FISUFhUUJ6QUhRQWFRQnVBR1VBTGdCdUFHY0FMUUJwQUc0QWRnQmhBR3dBYVFCa0FDNEFiZ0JuQUMwQWFRQnVBSFlBWVFCc0FHa0FaQUF0QUhJQVpRQnhBSFVBYVFCeUFHVUFaQUFpQUN3QUlnQjBBQ0lBT2dBaUFHVUFkZ0JsQUc0QWRBQWlBSDBBTEFCN0FDSUFiZ0FpQURvQUlnQnlBR1VBWVFCa0FIa0Fjd0IwQUdFQWRBQmxBR01BYUFCaEFHNEFad0JsQUNJQUxBQWlBSE1BSWdBNkFESUFPQUE0QURVQUxBQWlBR1VBSWdBNkFESUFPQUE0QURVQUxBQWlBRzhBSWdBNkFDSUFNZ0F3QURBQUlBQkhBRVVBVkFBNkFDQUFjd0IwQUdFQVp3QnBBRzRBWndCd0FISUFaUUJrQUdrQVl3QjBBRFVBTGdCcEFHNEFaZ0JzQUhVQVpRQnVBR01BWlFCb0FHVUFZUUJzQUhRQWFBQXVBR01BYndCdEFEb0FOQUEwQURNQUx3QnlBRzhBZFFCMEFHVUFjd0F1QUdvQWN3QnZBRzRBSWdBc0FDSUFkQUFpQURvQUlnQmxBSFlBWlFCdUFIUUFJZ0I5QUN3QWV3QWlBRzRBSWdBNkFDSUFjZ0JsQUdFQVpBQjVBSE1BZEFCaEFIUUFaUUJqQUdnQVlRQnVBR2NBWlFBaUFDd0FJZ0J6QUNJQU9nQXlBRGdBT0FBMkFDd0FJZ0JsQUNJQU9nQXlBRGdBT0FBMkFDd0FJZ0J2QUNJQU9nQWlBRElBTUFBd0FDQUFSd0JGQUZRQU9nQWdBSE1BZEFCaEFHY0FhUUJ1QUdjQWNBQnlBR1VBWkFCcEFHTUFkQUExQUM0QWFRQnVBR1lBYkFCMUFHVUFiZ0JqQUdVQWFBQmxBR0VBYkFCMEFHZ0FMZ0JqQUc4QWJRQTZBRFFBTkFBekFDOEFjZ0J2QUhVQWRBQmxBSE1BTGdCcUFITUFid0J1QUNJQUxBQWlBSFFBSWdBNkFDSUFaUUIyQUdVQWJnQjBBQ0lBZlFBc0FIc0FJZ0J1QUNJQU9nQWlBSElBWlFCaEFHUUFlUUJ6QUhRQVlRQjBBR1VBWXdCb0FHRUFiZ0JuQUdVQUlnQXNBQ0lBY3dBaUFEb0FNZ0E1QURNQU1RQXNBQ0lBWlFBaUFEb0FNZ0E1QURNQU1RQXNBQ0lBYndBaUFEb0FJZ0F5QURBQU1BQWdBRWNBUlFCVUFEb0FJQUJ6QUhRQVlRQm5BR2tBYmdCbkFIQUFjZ0JsQUdRQWFRQmpBSFFBTlFBdUFHa0FiZ0JtQUd3QWRRQmxBRzRBWXdCbEFHZ0FaUUJoQUd3QWRBQm9BQzRBWXdCdkFHMEFPZ0EwQURRQU13QXZBSElBYndCMUFIUUFaUUJ6QUM0QWFnQnpBRzhBYmdBaUFDd0FJZ0IwQUNJQU9nQWlBR1VBZGdCbEFHNEFkQUFpQUgwQUxBQjdBQ0lBYmdBaUFEb0FJZ0J5QUdVQVlRQmtBSGtBY3dCMEFHRUFkQUJsQUdNQWFBQmhBRzRBWndCbEFDSUFMQUFpQUhNQUlnQTZBRElBT1FBekFERUFMQUFpQUdVQUlnQTZBRElBT1FBekFESUFMQUFpQUc4QUlnQTZBQ0lBTWdBd0FEQUFJQUJIQUVVQVZBQTZBQ0FBY3dCMEFHRUFad0JwQUc0QVp3QndBSElBWlFCa0FHa0FZd0IwQURVQUxnQnBBRzRBWmdCc0FIVUFaUUJ1QUdNQVpRQm9BR1VBWVFCc0FIUUFhQUF1QUdNQWJ3QnRBRG9BTkFBMEFETUFMd0J5QUc4QWRRQjBBR1VBY3dBdUFHb0Fjd0J2QUc0QUlnQXNBQ0lBZEFBaUFEb0FJZ0JsQUhZQVpRQnVBSFFBSWdCOUFDd0Fld0FpQUc0QUlnQTZBQ0lBY2dCbEFHRUFaQUI1QUhNQWRBQmhBSFFBWlFCakFHZ0FZUUJ1QUdjQVpRQWlBQ3dBSWdCekFDSUFPZ0F5QURrQU13QXlBQ3dBSWdCbEFDSUFPZ0F5QURrQU13QXlBQ3dBSWdCdkFDSUFPZ0FpQURJQU1BQXdBQ0FBUndCRkFGUUFPZ0FnQUhNQWRBQmhBR2NBYVFCdUFHY0FjQUJ5QUdVQVpBQnBBR01BZEFBMUFDNEFhUUJ1QUdZQWJBQjFBR1VBYmdCakFHVUFhQUJsQUdFQWJBQjBBR2dBTGdCakFHOEFiUUE2QURRQU5BQXpBQzhBY2dCdkFIVUFkQUJsQUhNQUxnQnFBSE1BYndCdUFDSUFMQUFpQUhRQUlnQTZBQ0lBWlFCMkFHVUFiZ0IwQUNJQWZRQXNBSHNBSWdCdUFDSUFPZ0FpQUhJQVpRQmhBR1FBZVFCekFIUUFZUUIwQUdVQVl3Qm9BR0VBYmdCbkFHVUFJZ0FzQUNJQWN3QWlBRG9BTWdBNUFETUFOZ0FzQUNJQVpRQWlBRG9BTWdBNUFETUFOZ0FzQUNJQWJ3QWlBRG9BSWdBeUFEQUFNQUFnQUVjQVJRQlVBRG9BSUFCekFIUUFZUUJuQUdrQWJnQm5BSEFBY2dCbEFHUUFhUUJqQUhRQU5RQXVBR2tBYmdCbUFHd0FkUUJsQUc0QVl3QmxBR2dBWlFCaEFHd0FkQUJvQUM0QVl3QnZBRzBBT2dBMEFEUUFNd0F2QUNRQWJRQnZBR1FBZFFCc0FHVUFMd0JzQUdFQWVRQnZBSFVBZEFCekFDOEFaQUJsQUdZQVlRQjFBR3dBZEFBaUFDd0FJZ0IwQUNJQU9nQWlBR1VBZGdCbEFHNEFkQUFpQUgwQUxBQjdBQ0lBYmdBaUFEb0FJZ0J5QUdVQVlRQmtBSGtBY3dCMEFHRUFkQUJsQUdNQWFBQmhBRzRBWndCbEFDSUFMQUFpQUhNQUlnQTZBRElBT1FBekFEY0FMQUFpQUdVQUlnQTZBRElBT1FBekFEY0FMQUFpQUc4QUlnQTZBQ0lBTWdBd0FEQUFJQUJIQUVVQVZBQTZBQ0FBY3dCMEFHRUFad0JwQUc0QVp3QndBSElBWlFCa0FHa0FZd0IwQURVQUxnQnBBRzRBWmdCc0FIVUFaUUJ1QUdNQVpRQm9BR1VBWVFCc0FIUUFhQUF1QUdNQWJ3QnRBRG9BTkFBMEFETUFMd0FrQUcwQWJ3QmtBSFVBYkFCbEFDOEFiQUJoQUhrQWJ3QjFBSFFBY3dBdkFHUUFaUUJtQUdFQWRRQnNBSFFBSWdBc0FDSUFkQUFpQURvQUlnQmxBSFlBWlFCdUFIUUFJZ0I5QUN3QWV3QWlBRzRBSWdBNkFDSUFjZ0JsQUdFQVpBQjVBSE1BZEFCaEFIUUFaUUJqQUdnQVlRQnVBR2NBWlFBaUFDd0FJZ0J6QUNJQU9nQXlBRGtBT0FBM0FDd0FJZ0JsQUNJQU9nQXlBRGtBT0FBM0FDd0FJZ0J2QUNJQU9nQWlBRElBTUFBd0FDQUFSd0JGQUZRQU9nQWdBSE1BZEFCaEFHY0FhUUJ1QUdjQWNBQnlBR1VBWkFCcEFHTUFkQUExQUM0QWFRQnVBR1lBYkFCMUFHVUFiZ0JqQUdVQWFBQmxBR0VBYkFCMEFHZ0FMZ0JqQUc4QWJRQTZBRFFBTkFBekFDOEFKQUJ0QUc4QVpBQjFBR3dBWlFBdkFHd0FZUUI1QUc4QWRRQjBBSE1BTHdCa0FHVUFaZ0JoQUhVQWJBQjBBQ0lBTEFBaUFIUUFJZ0E2QUNJQVpRQjJBR1VBYmdCMEFDSUFmUUFzQUhzQUlnQnVBQ0lBT2dBaUFISUFaUUJoQUdRQWVRQnpBSFFBWVFCMEFHVUFZd0JvQUdFQWJnQm5BR1VBSWdBc0FDSUFjd0FpQURvQU1nQTVBRGdBTndBc0FDSUFaUUFpQURvQU1nQTVBRGdBT0FBc0FDSUFid0FpQURvQUlnQXlBREFBTUFBZ0FFY0FSUUJVQURvQUlBQnpBSFFBWVFCbkFHa0FiZ0JuQUhBQWNnQmxBR1FBYVFCakFIUUFOUUF1QUdrQWJnQm1BR3dBZFFCbEFHNEFZd0JsQUdnQVpRQmhBR3dBZEFCb0FDNEFZd0J2QUcwQU9nQTBBRFFBTXdBdkFDUUFiUUJ2QUdRQWRRQnNBR1VBTHdCc0FHRUFlUUJ2QUhVQWRBQnpBQzhBWkFCbEFHWUFZUUIxQUd3QWRBQWlBQ3dBSWdCMEFDSUFPZ0FpQUdVQWRnQmxBRzRBZEFBaUFIMEFMQUI3QUNJQWJnQWlBRG9BSWdCeUFHVUFZUUJrQUhrQWN3QjBBR0VBZEFCbEFHTUFhQUJoQUc0QVp3QmxBQ0lBTEFBaUFITUFJZ0E2QURJQU9RQTRBRGdBTEFBaUFHVUFJZ0E2QURJQU9RQTRBRGdBTEFBaUFHOEFJZ0E2QUNJQU1nQXdBREFBSUFCSEFFVUFWQUE2QUNBQWN3QjBBR0VBWndCcEFHNEFad0J3QUhJQVpRQmtBR2tBWXdCMEFEVUFMZ0JwQUc0QVpnQnNBSFVBWlFCdUFHTUFaUUJvQUdVQVlRQnNBSFFBYUFBdUFHTUFid0J0QURvQU5BQTBBRE1BTHdBa0FHMEFid0JrQUhVQWJBQmxBQzhBYkFCaEFIa0Fid0IxQUhRQWN3QXZBR1FBWlFCbUFHRUFkUUJzQUhRQUlnQXNBQ0lBZEFBaUFEb0FJZ0JsQUhZQVpRQnVBSFFBSWdCOUFDd0Fld0FpQUc0QUlnQTZBQ0lBY2dCbEFHRUFaQUI1QUhNQWRBQmhBSFFBWlFCakFHZ0FZUUJ1QUdjQVpRQWlBQ3dBSWdCekFDSUFPZ0F5QURrQU9RQXlBQ3dBSWdCbEFDSUFPZ0F5QURrQU9RQXlBQ3dBSWdCdkFDSUFPZ0FpQURJQU1BQXdBQ0FBUndCRkFGUUFPZ0FnQUhNQWRBQmhBR2NBYVFCdUFHY0FjQUJ5QUdVQVpBQnBBR01BZEFBMUFDNEFhUUJ1QUdZQWJBQjFBR1VBYmdCakFHVUFhQUJsQUdFQWJBQjBBR2dBTGdCakFHOEFiUUE2QURRQU5BQXpBQzhBYkFCaEFIa0Fid0IxQUhRQWN3QXZBR1FBWlFCbUFHRUFkUUJzQUhRQUx3QXZBRzBBWVFCcEFHNEFMZ0JxQUhNQUlnQXNBQ0lBZEFBaUFEb0FJZ0JsQUhZQVpRQnVBSFFBSWdCOUFDd0Fld0FpQUc0QUlnQTZBQ0lBY2dCbEFHRUFaQUI1QUhNQWRBQmhBSFFBWlFCakFHZ0FZUUJ1QUdjQVpRQWlBQ3dBSWdCekFDSUFPZ0F5QURrQU9RQXpBQ3dBSWdCbEFDSUFPZ0F5QURrQU9RQXpBQ3dBSWdCdkFDSUFPZ0FpQURJQU1BQXdBQ0FBUndCRkFGUUFPZ0FnQUhNQWRBQmhBR2NBYVFCdUFHY0FjQUJ5QUdVQVpBQnBBR01BZEFBMUFDNEFhUUJ1QUdZQWJBQjFBR1VBYmdCakFHVUFhQUJsQUdFQWJBQjBBR2dBTGdCakFHOEFiUUE2QURRQU5BQXpBQzhBYkFCaEFIa0Fid0IxQUhRQWN3QXZBR1FBWlFCbUFHRUFkUUJzQUhRQUx3QXZBRzBBWVFCcEFHNEFMZ0JxQUhNQUlnQXNBQ0lBZEFBaUFEb0FJZ0JsQUhZQVpRQnVBSFFBSWdCOUFDd0Fld0FpQUc0QUlnQTZBQ0lBY2dCbEFHRUFaQUI1QUhNQWRBQmhBSFFBWlFCakFHZ0FZUUJ1QUdjQVpRQWlBQ3dBSWdCekFDSUFPZ0F6QURFQU1RQXlBQ3dBSWdCbEFDSUFPZ0F6QURFQU1RQXlBQ3dBSWdCdkFDSUFPZ0FpQURJQU1BQXdBQ0FBUndCRkFGUUFPZ0FnQUhNQWRBQmhBR2NBYVFCdUFHY0FjQUJ5QUdVQVpBQnBBR01BZEFBMUFDNEFhUUJ1QUdZQWJBQjFBR1VBYmdCakFHVUFhQUJsQUdFQWJBQjBBR2dBTGdCakFHOEFiUUE2QURRQU5BQXpBQzhBYkFCaEFIa0Fid0IxQUhRQWN3QXZBR1FBWlFCbUFHRUFkUUJzQUhRQUx3QXZBRzBBWVFCcEFHNEFMZ0JxQUhNQUlnQXNBQ0lBZEFBaUFEb0FJZ0JsQUhZQVpRQnVBSFFBSWdCOUFDd0Fld0FpQUc0QUlnQTZBQ0lBY2dCbEFHRUFaQUI1QUhNQWRBQmhBSFFBWlFCakFHZ0FZUUJ1QUdjQVpRQWlBQ3dBSWdCekFDSUFPZ0F6QURFQU1RQXpBQ3dBSWdCbEFDSUFPZ0F6QURFQU1RQXpBQ3dBSWdCdkFDSUFPZ0FpQURJQU1BQXdBQ0FBUndCRkFGUUFPZ0FnQUhNQWRBQmhBR2NBYVFCdUFHY0FjQUJ5QUdVQVpBQnBBR01BZEFBMUFDNEFhUUJ1QUdZQWJBQjFBR1VBYmdCakFHVUFhQUJsQUdFQWJBQjBBR2dBTGdCakFHOEFiUUE2QURRQU5BQXpBQzhBYkFCaEFIa0Fid0IxQUhRQWN3QXZBR1FBWlFCbUFHRUFkUUJzQUhRQUx3QXZBRzBBWVFCcEFHNEFMZ0JxQUhNQUlnQXNBQ0lBZEFBaUFEb0FJZ0JsQUhZQVpRQnVBSFFBSWdCOUFDd0Fld0FpQUc0QUlnQTZBQ0lBY2dCbEFHRUFaQUI1QUhNQWRBQmhBSFFBWlFCakFHZ0FZUUJ1QUdjQVpRQWlBQ3dBSWdCekFDSUFPZ0F6QURFQU1RQXpBQ3dBSWdCbEFDSUFPZ0F6QURFQU1RQXpBQ3dBSWdCdkFDSUFPZ0FpQURJQU1BQXdBQ0FBUndCRkFGUUFPZ0FnQUhNQWRBQmhBR2NBYVFCdUFHY0FjQUJ5QUdVQVpBQnBBR01BZEFBMUFDNEFhUUJ1QUdZQWJBQjFBR1VBYmdCakFHVUFhQUJsQUdFQWJBQjBBR2dBTGdCakFHOEFiUUE2QURRQU5BQXpBQzhBYkFCaEFIa0Fid0IxQUhRQWN3QXZBR1FBWlFCbUFHRUFkUUJzQUhRQUx3QXZBRzBBWVFCcEFHNEFMZ0JxQUhNQUlnQXNBQ0lBZEFBaUFEb0FJZ0JsQUhZQVpRQnVBSFFBSWdCOUFDd0Fld0FpQUc0QUlnQTZBQ0lBY2dCbEFHRUFaQUI1QUhNQWRBQmhBSFFBWlFCakFHZ0FZUUJ1QUdjQVpRQWlBQ3dBSWdCekFDSUFPZ0F6QURFQU1nQXdBQ3dBSWdCbEFDSUFPZ0F6QURFQU1nQXdBQ3dBSWdCdkFDSUFPZ0FpQUhVQWJnQmtBR1VBWmdCcEFHNEFaUUJrQUNBQVJ3QkZBRlFBT2dBZ0FITUFkQUJoQUdjQWFRQnVBR2NBY0FCeUFHVUFaQUJwQUdNQWRBQTFBQzRBYVFCdUFHWUFiQUIxQUdVQWJnQmpBR1VBYUFCbEFHRUFiQUIwQUdnQUxnQmpBRzhBYlFBNkFEUUFOQUF6QUM4QWJBQmhBSGtBYndCMUFIUUFjd0F2QUdRQVpRQm1BR0VBZFFCc0FIUUFMd0JwQUc0QVpBQmxBSGdBTGdCb0FIUUFiUUJzQUNJQUxBQWlBSFFBSWdBNkFDSUFaUUIyQUdVQWJnQjBBQ0lBZlFBc0FIc0FJZ0J1QUNJQU9nQWlBSElBWlFCaEFHUUFlUUJ6QUhRQVlRQjBBR1VBWXdCb0FHRUFiZ0JuQUdVQUlnQXNBQ0lBY3dBaUFEb0FNd0F4QURJQU1BQXNBQ0lBWlFBaUFEb0FNd0F4QURJQU1BQXNBQ0lBYndBaUFEb0FJZ0IxQUc0QVpBQmxBR1lBYVFCdUFHVUFaQUFnQUVjQVJRQlVBRG9BSUFCekFIUUFZUUJuQUdrQWJnQm5BSEFBY2dCbEFHUUFhUUJqQUhRQU5RQXVBR2tBYmdCbUFHd0FkUUJsQUc0QVl3QmxBR2dBWlFCaEFHd0FkQUJvQUM0QVl3QnZBRzBBT2dBMEFEUUFNd0F2QUd3QVlRQjVBRzhBZFFCMEFITUFMd0JrQUdVQVpnQmhBSFVBYkFCMEFDOEFhUUJ1QUdRQVpRQjRBQzRBYUFCMEFHMEFiQUFpQUN3QUlnQjBBQ0lBT2dBaUFHVUFkZ0JsQUc0QWRBQWlBSDBBTEFCN0FDSUFiZ0FpQURvQUlnQnlBR1VBWVFCa0FIa0Fjd0IwQUdFQWRBQmxBR01BYUFCaEFHNEFad0JsQUNJQUxBQWlBSE1BSWdBNkFETUFNZ0F5QURnQUxBQWlBR1VBSWdBNkFETUFNZ0F5QURnQUxBQWlBRzhBSWdBNkFDSUFkUUJ1QUdRQVpRQm1BR2tBYmdCbEFHUUFJQUJRQUU4QVV3QlVBRG9BSUFCaUFHRUFiUUF1QUc0QWNnQXRBR1FBWVFCMEFHRUFMZ0J1QUdVQWRBQTZBRFFBTkFBekFDOEFjZ0JsQUhNQWJ3QjFBSElBWXdCbEFITUFMd0F4QUM4QVpRQTBBR1lBTmdBekFHUUFZUUEyQURNQU53QWlBQ3dBSWdCMEFDSUFPZ0FpQUdVQWRnQmxBRzRBZEFBaUFIMEFMQUI3QUNJQWJnQWlBRG9BSWdCeUFHVUFZUUJrQUhrQWN3QjBBR0VBZEFCbEFHTUFhQUJoQUc0QVp3QmxBQ0lBTEFBaUFITUFJZ0E2QURNQU1nQXlBRGtBTEFBaUFHVUFJZ0E2QURNQU1nQXlBRGtBTEFBaUFHOEFJZ0E2QUNJQWRRQnVBR1FBWlFCbUFHa0FiZ0JsQUdRQUlBQlFBRThBVXdCVUFEb0FJQUJpQUdFQWJRQXVBRzRBY2dBdEFHUUFZUUIwQUdFQUxnQnVBR1VBZEFBNkFEUUFOQUF6QUM4QWNnQmxBSE1BYndCMUFISUFZd0JsQUhNQUx3QXhBQzhBWlFBMEFHWUFOZ0F6QUdRQVlRQTJBRE1BTndBaUFDd0FJZ0IwQUNJQU9nQWlBR1VBZGdCbEFHNEFkQUFpQUgwQUxBQjdBQ0lBYmdBaUFEb0FJZ0J5QUdVQVlRQmtBSGtBY3dCMEFHRUFkQUJsQUdNQWFBQmhBRzRBWndCbEFDSUFMQUFpQUhNQUlnQTZBRE1BTWdBekFEVUFMQUFpQUdVQUlnQTZBRE1BTWdBekFEVUFMQUFpQUc4QUlnQTZBQ0lBZFFCdUFHUUFaUUJtQUdrQWJnQmxBR1FBSUFCSEFFVUFWQUE2QUNBQWN3QjBBR0VBWndCcEFHNEFad0J3QUhJQVpRQmtBR2tBWXdCMEFEVUFMZ0JwQUc0QVpnQnNBSFVBWlFCdUFHTUFaUUJvQUdVQVlRQnNBSFFBYUFBdUFHTUFid0J0QURvQU5BQTBBRE1BTHdCc0FHRUFlUUJ2QUhVQWRBQnpBQzhBWkFCbEFHWUFZUUIxQUd3QWRBQXZBR2tBYmdCa0FHVUFlQUF1QUdnQWRBQnRBR3dBSWdBc0FDSUFkQUFpQURvQUlnQmxBSFlBWlFCdUFIUUFJZ0I5QUN3QWV3QWlBRzRBSWdBNkFDSUFjZ0JsQUdFQVpBQjVBSE1BZEFCaEFIUUFaUUJqQUdnQVlRQnVBR2NBWlFBaUFDd0FJZ0J6QUNJQU9nQXpBRElBTXdBMkFDd0FJZ0JsQUNJQU9nQXpBRElBTXdBMkFDd0FJZ0J2QUNJQU9nQWlBSFVBYmdCa0FHVUFaZ0JwQUc0QVpRQmtBQ0FBUndCRkFGUUFPZ0FnQUhNQWRBQmhBR2NBYVFCdUFHY0FjQUJ5QUdVQVpBQnBBR01BZEFBMUFDNEFhUUJ1QUdZQWJBQjFBR1VBYmdCakFHVUFhQUJsQUdFQWJBQjBBR2dBTGdCakFHOEFiUUE2QURRQU5BQXpBQzhBYkFCaEFIa0Fid0IxQUhRQWN3QXZBR1FBWlFCbUFHRUFkUUJzQUhRQUx3QnBBRzRBWkFCbEFIZ0FMZ0JvQUhRQWJRQnNBQ0lBTEFBaUFIUUFJZ0E2QUNJQVpRQjJBR1VBYmdCMEFDSUFmUUFzQUhzQUlnQnVBQ0lBT2dBaUFISUFaUUJoQUdRQWVRQnpBSFFBWVFCMEFHVUFZd0JvQUdFQWJnQm5BR1VBSWdBc0FDSUFjd0FpQURvQU13QXlBRE1BTmdBc0FDSUFaUUFpQURvQU13QXlBRE1BTndBc0FDSUFid0FpQURvQUlnQjFBRzRBWkFCbEFHWUFhUUJ1QUdVQVpBQWdBRWNBUlFCVUFEb0FJQUJ6QUhRQVlRQm5BR2tBYmdCbkFIQUFjZ0JsQUdRQWFRQmpBSFFBTlFBdUFHa0FiZ0JtQUd3QWRRQmxBRzRBWXdCbEFHZ0FaUUJoQUd3QWRBQm9BQzRBWXdCdkFHMEFPZ0EwQURRQU13QXZBR3dBWVFCNUFHOEFkUUIwQUhNQUx3QmtBR1VBWmdCaEFIVUFiQUIwQUM4QWFRQnVBR1FBWlFCNEFDNEFhQUIwQUcwQWJBQWlBQ3dBSWdCMEFDSUFPZ0FpQUdVQWRnQmxBRzRBZEFBaUFIMEFMQUI3QUNJQWJnQWlBRG9BSWdCeUFHVUFZUUJrQUhrQWN3QjBBR0VBZEFCbEFHTUFhQUJoQUc0QVp3QmxBQ0lBTEFBaUFITUFJZ0E2QURNQU1nQTFBRGdBTEFBaUFHVUFJZ0E2QURNQU1nQTFBRGdBTEFBaUFHOEFJZ0E2QUNJQWRRQnVBR1FBWlFCbUFHa0FiZ0JsQUdRQUlBQkhBRVVBVkFBNkFDQUFjd0IwQUdFQVp3QnBBRzRBWndCd0FISUFaUUJrQUdrQVl3QjBBRFVBTGdCcEFHNEFaZ0JzQUhVQVpRQnVBR01BWlFCb0FHVUFZUUJzQUhRQWFBQXVBR01BYndCdEFEb0FOQUEwQURNQUx3QWtBRzBBYndCa0FIVUFiQUJsQUM4QWJRQnZBR1FBZFFCc0FHVUFjd0F2QUhNQVpRQnpBSE1BYVFCdkFHNEFJZ0FzQUNJQWRBQWlBRG9BSWdCbEFIWUFaUUJ1QUhRQUlnQjlBQ3dBZXdBaUFHNEFJZ0E2QUNJQWNnQmxBR0VBWkFCNUFITUFkQUJoQUhRQVpRQmpBR2dBWVFCdUFHY0FaUUFpQUN3QUlnQnpBQ0lBT2dBekFESUFOUUE0QUN3QUlnQmxBQ0lBT2dBekFESUFOUUE0QUN3QUlnQnZBQ0lBT2dBaUFIVUFiZ0JrQUdVQVpnQnBBRzRBWlFCa0FDQUFSd0JGQUZRQU9nQWdBSE1BZEFCaEFHY0FhUUJ1QUdjQWNBQnlBR1VBWkFCcEFHTUFkQUExQUM0QWFRQnVBR1lBYkFCMUFHVUFiZ0JqQUdVQWFBQmxBR0VBYkFCMEFHZ0FMZ0JqQUc4QWJRQTZBRFFBTkFBekFDOEFKQUJ0QUc4QVpBQjFBR3dBWlFBdkFHMEFid0JrQUhVQWJBQmxBSE1BTHdCekFHVUFjd0J6QUdrQWJ3QnVBQ0lBTEFBaUFIUUFJZ0E2QUNJQVpRQjJBR1VBYmdCMEFDSUFmUUFzQUhzQUlnQnVBQ0lBT2dBaUFISUFaUUJoQUdRQWVRQnpBSFFBWVFCMEFHVUFZd0JvQUdFQWJnQm5BR1VBSWdBc0FDSUFjd0FpQURvQU13QXpBRGdBTVFBc0FDSUFaUUFpQURvQU13QXpBRGdBTVFBc0FDSUFid0FpQURvQUlnQjFBRzRBWkFCbEFHWUFhUUJ1QUdVQVpBQWdBRWNBUlFCVUFEb0FJQUJ6QUhRQVlRQm5BR2tBYmdCbkFIQUFjZ0JsQUdRQWFRQmpBSFFBTlFBdUFHa0FiZ0JtQUd3QWRRQmxBRzRBWXdCbEFHZ0FaUUJoQUd3QWRBQm9BQzRBWXdCdkFHMEFPZ0EwQURRQU13QXZBQ1FBYlFCdkFHUUFkUUJzQUdVQUx3QnRBRzhBWkFCMUFHd0FaUUJ6QUM4QWN3QmxBSE1BY3dCcEFHOEFiZ0FpQUN3QUlnQjBBQ0lBT2dBaUFHVUFkZ0JsQUc0QWRBQWlBSDBBTEFCN0FDSUFiZ0FpQURvQUlnQnlBR1VBWVFCa0FIa0Fjd0IwQUdFQWRBQmxBR01BYUFCaEFHNEFad0JsQUNJQUxBQWlBSE1BSWdBNkFETUFNd0E0QURFQUxBQWlBR1VBSWdBNkFETUFNd0E0QURFQUxBQWlBRzhBSWdBNkFDSUFkUUJ1QUdRQVpRQm1BR2tBYmdCbEFHUUFJQUJIQUVVQVZBQTZBQ0FBY3dCMEFHRUFad0JwQUc0QVp3QndBSElBWlFCa0FHa0FZd0IwQURVQUxnQnBBRzRBWmdCc0FIVUFaUUJ1QUdNQVpRQm9BR1VBWVFCc0FIUUFhQUF1QUdNQWJ3QnRBRG9BTkFBMEFETUFMd0FrQUcwQWJ3QmtBSFVBYkFCbEFDOEFiUUJ2QUdRQWRRQnNBR1VBY3dBdkFITUFaUUJ6QUhNQWFRQnZBRzRBSWdBc0FDSUFkQUFpQURvQUlnQmxBSFlBWlFCdUFIUUFJZ0I5QUN3QWV3QWlBRzRBSWdBNkFDSUFjZ0JsQUdFQVpBQjVBSE1BZEFCaEFIUUFaUUJqQUdnQVlRQnVBR2NBWlFBaUFDd0FJZ0J6QUNJQU9nQXpBRE1BT0FBeEFDd0FJZ0JsQUNJQU9nQXpBRE1BT0FBeEFDd0FJZ0J2QUNJQU9nQWlBSFVBYmdCa0FHVUFaZ0JwQUc0QVpRQmtBQ0FBUndCRkFGUUFPZ0FnQUhNQWRBQmhBR2NBYVFCdUFHY0FjQUJ5QUdVQVpBQnBBR01BZEFBMUFDNEFhUUJ1QUdZQWJBQjFBR1VBYmdCakFHVUFhQUJsQUdFQWJBQjBBR2dBTGdCakFHOEFiUUE2QURRQU5BQXpBQzhBSkFCdEFHOEFaQUIxQUd3QVpRQXZBRzBBYndCa0FIVUFiQUJsQUhNQUx3QnpBR1VBY3dCekFHa0Fid0J1QUNJQUxBQWlBSFFBSWdBNkFDSUFaUUIyQUdVQWJnQjBBQ0lBZlFBc0FIc0FJZ0J1QUNJQU9nQWlBSElBWlFCaEFHUUFlUUJ6QUhRQVlRQjBBR1VBWXdCb0FHRUFiZ0JuQUdVQUlnQXNBQ0lBY3dBaUFEb0FNd0F6QURnQU5BQXNBQ0lBWlFBaUFEb0FNd0F6QURnQU5BQXNBQ0lBYndBaUFEb0FJZ0IxQUc0QVpBQmxBR1lBYVFCdUFHVUFaQUFnQUVjQVJRQlVBRG9BSUFCekFIUUFZUUJuQUdrQWJnQm5BSEFBY2dCbEFHUUFhUUJqQUhRQU5RQXVBR2tBYmdCbUFHd0FkUUJsQUc0QVl3QmxBR2dBWlFCaEFHd0FkQUJvQUM0QVl3QnZBRzBBT2dBMEFEUUFNd0F2QUcwQWJ3QmtBSFVBYkFCbEFITUFMd0J6QUdVQWN3QnpBR2tBYndCdUFDOEFMd0J0QUdFQWFRQnVBQzRBYWdCekFDSUFMQUFpQUhRQUlnQTZBQ0lBWlFCMkFHVUFiZ0IwQUNJQWZRQXNBSHNBSWdCdUFDSUFPZ0FpQUhJQVpRQmhBR1FBZVFCekFIUUFZUUIwQUdVQVl3Qm9BR0VBYmdCbkFHVUFJZ0FzQUNJQWN3QWlBRG9BTXdBekFEZ0FOUUFzQUNJQVpRQWlBRG9BTXdBekFEZ0FOUUFzQUNJQWJ3QWlBRG9BSWdCMUFHNEFaQUJsQUdZQWFRQnVBR1VBWkFBZ0FFY0FSUUJVQURvQUlBQnpBSFFBWVFCbkFHa0FiZ0JuQUhBQWNnQmxBR1FBYVFCakFIUUFOUUF1QUdrQWJnQm1BR3dBZFFCbEFHNEFZd0JsQUdnQVpRQmhBR3dBZEFCb0FDNEFZd0J2QUcwQU9nQTBBRFFBTXdBdkFHMEFid0JrQUhVQWJBQmxBSE1BTHdCekFHVUFjd0J6QUdrQWJ3QnVBQzhBTHdCdEFHRUFhUUJ1QUM0QWFnQnpBQ0lBTEFBaUFIUUFJZ0E2QUNJQVpRQjJBR1VBYmdCMEFDSUFmUUFzQUhzQUlnQnVBQ0lBT2dBaUFISUFaUUJoQUdRQWVRQnpBSFFBWVFCMEFHVUFZd0JvQUdFQWJnQm5BR1VBSWdBc0FDSUFjd0FpQURvQU13QXpBRGdBT0FBc0FDSUFaUUFpQURvQU13QXpBRGdBT0FBc0FDSUFid0FpQURvQUlnQjFBRzRBWkFCbEFHWUFhUUJ1QUdVQVpBQWdBRWNBUlFCVUFEb0FJQUJ6QUhRQVlRQm5BR2tBYmdCbkFIQUFjZ0JsQUdRQWFRQmpBSFFBTlFBdUFHa0FiZ0JtQUd3QWRRQmxBRzRBWXdCbEFHZ0FaUUJoQUd3QWRBQm9BQzRBWXdCdkFHMEFPZ0EwQURRQU13QXZBRzBBYndCa0FIVUFiQUJsQUhNQUx3QnpBR1VBY3dCekFHa0Fid0J1QUM4QUx3QmpBRzhBYmdCMEFISUFid0JzQUd3QVpRQnlBSE1BWEFCY0FFd0Fid0JuQUdrQWJnQkRBSFFBY2dCc0FDNEFhZ0J6QUNJQUxBQWlBSFFBSWdBNkFDSUFaUUIyQUdVQWJnQjBBQ0lBZlFBc0FIc0FJZ0J1QUNJQU9nQWlBSElBWlFCaEFHUUFlUUJ6QUhRQVlRQjBBR1VBWXdCb0FHRUFiZ0JuQUdVQUlnQXNBQ0lBY3dBaUFEb0FNd0F6QURnQU9RQXNBQ0lBWlFBaUFEb0FNd0F6QURnQU9RQXNBQ0lBYndBaUFEb0FJZ0IxQUc0QVpBQmxBR1lBYVFCdUFHVUFaQUFnQUVjQVJRQlVBRG9BSUFCekFIUUFZUUJuQUdrQWJnQm5BSEFBY2dCbEFHUUFhUUJqQUhRQU5RQXVBR2tBYmdCbUFHd0FkUUJsQUc0QVl3QmxBR2dBWlFCaEFHd0FkQUJvQUM0QVl3QnZBRzBBT2dBMEFEUUFNd0F2QUcwQWJ3QmtBSFVBYkFCbEFITUFMd0J6QUdVQWN3QnpBR2tBYndCdUFDOEFMd0JqQUc4QWJnQjBBSElBYndCc0FHd0FaUUJ5QUhNQVhBQmNBRXdBYndCbkFHa0FiZ0JEQUhRQWNnQnNBQzRBYWdCekFDSUFMQUFpQUhRQUlnQTZBQ0lBWlFCMkFHVUFiZ0IwQUNJQWZRQXNBSHNBSWdCdUFDSUFPZ0FpQUhJQVpRQmhBR1FBZVFCekFIUUFZUUIwQUdVQVl3Qm9BR0VBYmdCbkFHVUFJZ0FzQUNJQWN3QWlBRG9BTXdBekFEa0FNd0FzQUNJQVpRQWlBRG9BTXdBekFEa0FNd0FzQUNJQWJ3QWlBRG9BSWdCMUFHNEFaQUJsQUdZQWFRQnVBR1VBWkFBZ0FFY0FSUUJVQURvQUlBQnpBSFFBWVFCbkFHa0FiZ0JuQUhBQWNnQmxBR1FBYVFCakFIUUFOUUF1QUdrQWJnQm1BR3dBZFFCbEFHNEFZd0JsQUdnQVpRQmhBR3dBZEFCb0FDNEFZd0J2QUcwQU9nQTBBRFFBTXdBdkFHMEFid0JrQUhVQWJBQmxBSE1BTHdCekFHVUFjd0J6QUdrQWJ3QnVBQzhBTHdCakFHOEFiZ0IwQUhJQWJ3QnNBR3dBWlFCeUFITUFYQUJjQUV3QWJ3Qm5BRzhBZFFCMEFFTUFkQUJ5QUd3QUxnQnFBSE1BSWdBc0FDSUFkQUFpQURvQUlnQmxBSFlBWlFCdUFIUUFJZ0I5QUN3QWV3QWlBRzRBSWdBNkFDSUFjZ0JsQUdFQVpBQjVBSE1BZEFCaEFIUUFaUUJqQUdnQVlRQnVBR2NBWlFBaUFDd0FJZ0J6QUNJQU9nQXpBRE1BT1FBekFDd0FJZ0JsQUNJQU9nQXpBRE1BT1FBekFDd0FJZ0J2QUNJQU9nQWlBSFVBYmdCa0FHVUFaZ0JwQUc0QVpRQmtBQ0FBUndCRkFGUUFPZ0FnQUhNQWRBQmhBR2NBYVFCdUFHY0FjQUJ5QUdVQVpBQnBBR01BZEFBMUFDNEFhUUJ1QUdZQWJBQjFBR1VBYmdCakFHVUFhQUJsQUdFQWJBQjBBR2dBTGdCakFHOEFiUUE2QURRQU5BQXpBQzhBYlFCdkFHUUFkUUJzQUdVQWN3QXZBSE1BWlFCekFITUFhUUJ2QUc0QUx3QXZBR01BYndCdUFIUUFjZ0J2QUd3QWJBQmxBSElBY3dCY0FGd0FUQUJ2QUdjQWJ3QjFBSFFBUXdCMEFISUFiQUF1QUdvQWN3QWlBQ3dBSWdCMEFDSUFPZ0FpQUdVQWRnQmxBRzRBZEFBaUFIMEFMQUI3QUNJQWJnQWlBRG9BSWdCeUFHVUFZUUJrQUhrQWN3QjBBR0VBZEFCbEFHTUFhQUJoQUc0QVp3QmxBQ0lBTEFBaUFITUFJZ0E2QURNQU13QTVBRGNBTEFBaUFHVUFJZ0E2QURNQU13QTVBRGNBTEFBaUFHOEFJZ0E2QUNJQWRRQnVBR1FBWlFCbUFHa0FiZ0JsQUdRQUlBQkhBRVVBVkFBNkFDQUFjd0IwQUdFQVp3QnBBRzRBWndCd0FISUFaUUJrQUdrQVl3QjBBRFVBTGdCcEFHNEFaZ0JzQUhVQVpRQnVBR01BWlFCb0FHVUFZUUJzQUhRQWFBQXVBR01BYndCdEFEb0FOQUEwQURNQUx3QnRBRzhBWkFCMUFHd0FaUUJ6QUM4QWN3QmxBSE1BY3dCcEFHOEFiZ0F2QUM4QVl3QnZBRzRBZEFCeUFHOEFiQUJzQUdVQWNnQnpBRndBWEFCU0FHOEFkUUIwQUdVQVF3QjBBSElBYkFBdUFHb0Fjd0FpQUN3QUlnQjBBQ0lBT2dBaUFHVUFkZ0JsQUc0QWRBQWlBSDBBTEFCN0FDSUFiZ0FpQURvQUlnQnlBR1VBWVFCa0FIa0Fjd0IwQUdFQWRBQmxBR01BYUFCaEFHNEFad0JsQUNJQUxBQWlBSE1BSWdBNkFETUFNd0E1QURnQUxBQWlBR1VBSWdBNkFETUFNd0E1QURnQUxBQWlBRzhBSWdBNkFDSUFkUUJ1QUdRQVpRQm1BR2tBYmdCbEFHUUFJQUJIQUVVQVZBQTZBQ0FBY3dCMEFHRUFad0JwQUc0QVp3QndBSElBWlFCa0FHa0FZd0IwQURVQUxnQnBBRzRBWmdCc0FIVUFaUUJ1QUdNQVpRQm9BR1VBWVFCc0FIUUFhQUF1QUdNQWJ3QnRBRG9BTkFBMEFETUFMd0J0QUc4QVpBQjFBR3dBWlFCekFDOEFjd0JsQUhNQWN3QnBBRzhBYmdBdkFDOEFZd0J2QUc0QWRBQnlBRzhBYkFCc0FHVUFjZ0J6QUZ3QVhBQlNBRzhBZFFCMEFHVUFRd0IwQUhJQWJBQXVBR29BY3dBaUFDd0FJZ0IwQUNJQU9nQWlBR1VBZGdCbEFHNEFkQUFpQUgwQUxBQjdBQ0lBYmdBaUFEb0FJZ0J5QUdVQVlRQmtBSGtBY3dCMEFHRUFkQUJsQUdNQWFBQmhBRzRBWndCbEFDSUFMQUFpQUhNQUlnQTZBRE1BTkFBd0FERUFMQUFpQUdVQUlnQTZBRE1BTkFBd0FERUFMQUFpQUc4QUlnQTZBQ0lBZFFCdUFHUUFaUUJtQUdrQWJnQmxBR1FBSUFCUUFFOEFVd0JVQURvQUlBQmlBR0VBYlFBdUFHNEFjZ0F0QUdRQVlRQjBBR0VBTGdCdUFHVUFkQUE2QURRQU5BQXpBQzhBY2dCbEFITUFid0IxQUhJQVl3QmxBSE1BTHdBeEFDOEFaUUEwQUdZQU5nQXpBR1FBWVFBMkFETUFOd0FpQUN3QUlnQjBBQ0lBT2dBaUFHVUFkZ0JsQUc0QWRBQWlBSDBBTEFCN0FDSUFiZ0FpQURvQUlnQnlBR1VBWVFCa0FIa0Fjd0IwQUdFQWRBQmxBR01BYUFCaEFHNEFad0JsQUNJQUxBQWlBSE1BSWdBNkFETUFOQUF3QURFQUxBQWlBR1VBSWdBNkFETUFOQUF3QURFQUxBQWlBRzhBSWdBNkFDSUFkUUJ1QUdRQVpRQm1BR2tBYmdCbEFHUUFJQUJRQUU4QVV3QlVBRG9BSUFCaUFHRUFiUUF1QUc0QWNnQXRBR1FBWVFCMEFHRUFMZ0J1QUdVQWRBQTZBRFFBTkFBekFDOEFjZ0JsQUhNQWJ3QjFBSElBWXdCbEFITUFMd0F4QUM4QVpRQTBBR1lBTmdBekFHUUFZUUEyQURNQU53QWlBQ3dBSWdCMEFDSUFPZ0FpQUdVQWRnQmxBRzRBZEFBaUFIMEFMQUI3QUNJQWJnQWlBRG9BSWdCeUFHVUFZUUJrQUhrQWN3QjBBR0VBZEFCbEFHTUFhQUJoQUc0QVp3QmxBQ0lBTEFBaUFITUFJZ0E2QURNQU5BQXdBREVBTEFBaUFHVUFJZ0E2QURNQU5BQXdBREVBTEFBaUFHOEFJZ0E2QUNJQWRRQnVBR1FBWlFCbUFHa0FiZ0JsQUdRQUlBQlFBRThBVXdCVUFEb0FJQUJpQUdFQWJRQXVBRzRBY2dBdEFHUUFZUUIwQUdFQUxnQnVBR1VBZEFBNkFEUUFOQUF6QUM4QWNnQmxBSE1BYndCMUFISUFZd0JsQUhNQUx3QXhBQzhBWlFBMEFHWUFOZ0F6QUdRQVlRQTJBRE1BTndBaUFDd0FJZ0IwQUNJQU9nQWlBR1VBZGdCbEFHNEFkQUFpQUgwQUxBQjdBQ0lBYmdBaUFEb0FJZ0J5QUdVQVlRQmtBSGtBY3dCMEFHRUFkQUJsQUdNQWFBQmhBRzRBWndCbEFDSUFMQUFpQUhNQUlnQTZBRE1BTkFBekFEWUFMQUFpQUdVQUlnQTZBRE1BTkFBekFEWUFMQUFpQUc4QUlnQTZBQ0lBZFFCdUFHUUFaUUJtQUdrQWJnQmxBR1FBSUFCSEFFVUFWQUE2QUNBQWN3QjBBR0VBWndCcEFHNEFad0J3QUhJQVpRQmtBR2tBWXdCMEFEVUFMZ0JwQUc0QVpnQnNBSFVBWlFCdUFHTUFaUUJvQUdVQVlRQnNBSFFBYUFBdUFHTUFid0J0QURvQU5BQTBBRE1BTHdCdEFHOEFaQUIxQUd3QVpRQnpBQzhBY3dCbEFITUFjd0JwQUc4QWJnQXZBQzhBYlFCaEFHa0FiZ0F1QUdvQWN3QWlBQ3dBSWdCMEFDSUFPZ0FpQUdVQWRnQmxBRzRBZEFBaUFIMEFMQUI3QUNJQWJnQWlBRG9BSWdCeUFHVUFZUUJrQUhrQWN3QjBBR0VBZEFCbEFHTUFhQUJoQUc0QVp3QmxBQ0lBTEFBaUFITUFJZ0E2QURNQU5BQXpBRGNBTEFBaUFHVUFJZ0E2QURNQU5BQXpBRGNBTEFBaUFHOEFJZ0E2QUNJQWRRQnVBR1FBWlFCbUFHa0FiZ0JsQUdRQUlBQkhBRVVBVkFBNkFDQUFjd0IwQUdFQVp3QnBBRzRBWndCd0FISUFaUUJrQUdrQVl3QjBBRFVBTGdCcEFHNEFaZ0JzQUhVQVpRQnVBR01BWlFCb0FHVUFZUUJzQUhRQWFBQXVBR01BYndCdEFEb0FOQUEwQURNQUx3QnRBRzhBWkFCMUFHd0FaUUJ6QUM4QWN3QmxBSE1BY3dCcEFHOEFiZ0F2QUM4QWJRQmhBR2tBYmdBdUFHb0Fjd0FpQUN3QUlnQjBBQ0lBT2dBaUFHVUFkZ0JsQUc0QWRBQWlBSDBBTEFCN0FDSUFiZ0FpQURvQUlnQnlBR1VBWVFCa0FIa0Fjd0IwQUdFQWRBQmxBR01BYUFCaEFHNEFad0JsQUNJQUxBQWlBSE1BSWdBNkFETUFOQUF6QURjQUxBQWlBR1VBSWdBNkFETUFOQUF6QURjQUxBQWlBRzhBSWdBNkFDSUFkUUJ1QUdRQVpRQm1BR2tBYmdCbEFHUUFJQUJIQUVVQVZBQTZBQ0FBY3dCMEFHRUFad0JwQUc0QVp3QndBSElBWlFCa0FHa0FZd0IwQURVQUxnQnBBRzRBWmdCc0FIVUFaUUJ1QUdNQVpRQm9BR1VBWVFCc0FIUUFhQUF1QUdNQWJ3QnRBRG9BTkFBMEFETUFMd0J0QUc4QVpBQjFBR3dBWlFCekFDOEFjd0JsQUhNQWN3QnBBRzhBYmdBdkFDOEFiUUJoQUdrQWJnQXVBR29BY3dBaUFDd0FJZ0IwQUNJQU9nQWlBR1VBZGdCbEFHNEFkQUFpQUgwQUxBQjdBQ0lBYmdBaUFEb0FJZ0J5QUdVQVlRQmtBSGtBY3dCMEFHRUFkQUJsQUdNQWFBQmhBRzRBWndCbEFDSUFMQUFpQUhNQUlnQTZBRE1BTkFBekFEY0FMQUFpQUdVQUlnQTZBRE1BTkFBekFEY0FMQUFpQUc4QUlnQTZBQ0lBZFFCdUFHUUFaUUJtQUdrQWJnQmxBR1FBSUFCSEFFVUFWQUE2QUNBQWN3QjBBR0VBWndCcEFHNEFad0J3QUhJQVpRQmtBR2tBWXdCMEFEVUFMZ0JwQUc0QVpnQnNBSFVBWlFCdUFHTUFaUUJvQUdVQVlRQnNBSFFBYUFBdUFHTUFid0J0QURvQU5BQTBBRE1BTHdCdEFHOEFaQUIxQUd3QVpRQnpBQzhBY3dCbEFITUFjd0JwQUc4QWJnQXZBQzhBYlFCaEFHa0FiZ0F1QUdvQWN3QWlBQ3dBSWdCMEFDSUFPZ0FpQUdVQWRnQmxBRzRBZEFBaUFIMEFMQUI3QUNJQWJnQWlBRG9BSWdCeUFHVUFZUUJrQUhrQWN3QjBBR0VBZEFCbEFHTUFhQUJoQUc0QVp3QmxBQ0lBTEFBaUFITUFJZ0E2QURNQU5BQTBBREVBTEFBaUFHVUFJZ0E2QURNQU5BQTBBREVBTEFBaUFHOEFJZ0E2QUNJQWRRQnVBR1FBWlFCbUFHa0FiZ0JsQUdRQUlBQkhBRVVBVkFBNkFDQUFjd0IwQUdFQVp3QnBBRzRBWndCd0FISUFaUUJrQUdrQVl3QjBBRFVBTGdCcEFHNEFaZ0JzQUhVQVpRQnVBR01BWlFCb0FHVUFZUUJzQUhRQWFBQXVBR01BYndCdEFEb0FOQUEwQURNQUx3QnRBRzhBWkFCMUFHd0FaUUJ6QUM4QWN3QmxBSE1BY3dCcEFHOEFiZ0F2QUdNQWJ3QnVBSFFBY2dCdkFHd0FiQUJsQUhJQWN3QXZBRklBYndCMUFIUUFaUUJEQUhRQWNnQnNBQzRBYWdCekFDSUFMQUFpQUhRQUlnQTZBQ0lBWlFCMkFHVUFiZ0IwQUNJQWZRQXNBSHNBSWdCdUFDSUFPZ0FpQUhJQVpRQmhBR1FBZVFCekFIUUFZUUIwQUdVQVl3Qm9BR0VBYmdCbkFHVUFJZ0FzQUNJQWN3QWlBRG9BTXdBMEFEUUFNZ0FzQUNJQVpRQWlBRG9BTXdBMEFEUUFNZ0FzQUNJQWJ3QWlBRG9BSWdCMUFHNEFaQUJsQUdZQWFRQnVBR1VBWkFBZ0FFY0FSUUJVQURvQUlBQnpBSFFBWVFCbkFHa0FiZ0JuQUhBQWNnQmxBR1FBYVFCakFIUUFOUUF1QUdrQWJnQm1BR3dBZFFCbEFHNEFZd0JsQUdnQVpRQmhBR3dBZEFCb0FDNEFZd0J2QUcwQU9nQTBBRFFBTXdBdkFHMEFid0JrQUhVQWJBQmxBSE1BTHdCekFHVUFjd0J6QUdrQWJ3QnVBQzhBWXdCdkFHNEFkQUJ5QUc4QWJBQnNBR1VBY2dCekFDOEFVZ0J2QUhVQWRBQmxBRU1BZEFCeUFHd0FMZ0JxQUhNQUlnQXNBQ0lBZEFBaUFEb0FJZ0JsQUhZQVpRQnVBSFFBSWdCOUFDd0Fld0FpQUc0QUlnQTZBQ0lBY2dCbEFHRUFaQUI1QUhNQWRBQmhBSFFBWlFCakFHZ0FZUUJ1QUdjQVpRQWlBQ3dBSWdCekFDSUFPZ0F6QURRQU5BQTFBQ3dBSWdCbEFDSUFPZ0F6QURRQU5BQTFBQ3dBSWdCdkFDSUFPZ0FpQUhVQWJnQmtBR1VBWmdCcEFHNEFaUUJrQUNBQVJ3QkZBRlFBT2dBZ0FITUFkQUJoQUdjQWFRQnVBR2NBY0FCeUFHVUFaQUJwQUdNQWRBQTFBQzRBYVFCdUFHWUFiQUIxQUdVQWJnQmpBR1VBYUFCbEFHRUFiQUIwQUdnQUxnQmpBRzhBYlFBNkFEUUFOQUF6QUM4QWJRQnZBR1FBZFFCc0FHVUFjd0F2QUhNQVpRQnpBSE1BYVFCdkFHNEFMd0JqQUc4QWJnQjBBSElBYndCc0FHd0FaUUJ5QUhNQUx3Qk1BRzhBWndCcEFHNEFRd0IwQUhJQWJBQXVBR29BY3dBaUFDd0FJZ0IwQUNJQU9nQWlBR1VBZGdCbEFHNEFkQUFpQUgwQUxBQjdBQ0lBYmdBaUFEb0FJZ0J5QUdVQVlRQmtBSGtBY3dCMEFHRUFkQUJsQUdNQWFBQmhBRzRBWndCbEFDSUFMQUFpQUhNQUlnQTZBRE1BTkFBMEFEWUFMQUFpQUdVQUlnQTZBRE1BTkFBMEFEWUFMQUFpQUc4QUlnQTZBQ0lBZFFCdUFHUUFaUUJtQUdrQWJnQmxBR1FBSUFCSEFFVUFWQUE2QUNBQWN3QjBBR0VBWndCcEFHNEFad0J3QUhJQVpRQmtBR2tBWXdCMEFEVUFMZ0JwQUc0QVpnQnNBSFVBWlFCdUFHTUFaUUJvQUdVQVlRQnNBSFFBYUFBdUFHTUFid0J0QURvQU5BQTBBRE1BTHdCdEFHOEFaQUIxQUd3QVpRQnpBQzhBY3dCbEFITUFjd0JwQUc4QWJnQXZBR01BYndCdUFIUUFjZ0J2QUd3QWJBQmxBSElBY3dBdkFFd0Fid0JuQUdrQWJnQkRBSFFBY2dCc0FDNEFhZ0J6QUNJQUxBQWlBSFFBSWdBNkFDSUFaUUIyQUdVQWJnQjBBQ0lBZlFBc0FIc0FJZ0J1QUNJQU9nQWlBSElBWlFCaEFHUUFlUUJ6QUhRQVlRQjBBR1VBWXdCb0FHRUFiZ0JuQUdVQUlnQXNBQ0lBY3dBaUFEb0FNd0EwQURRQU9RQXNBQ0lBWlFBaUFEb0FNd0EwQURRQU9RQXNBQ0lBYndBaUFEb0FJZ0IxQUc0QVpBQmxBR1lBYVFCdUFHVUFaQUFnQUVjQVJRQlVBRG9BSUFCekFIUUFZUUJuQUdrQWJnQm5BSEFBY2dCbEFHUUFhUUJqQUhRQU5RQXVBR2tBYmdCbUFHd0FkUUJsQUc0QVl3QmxBR2dBWlFCaEFHd0FkQUJvQUM0QVl3QnZBRzBBT2dBMEFEUUFNd0F2QUcwQWJ3QmtBSFVBYkFCbEFITUFMd0J6QUdVQWN3QnpBR2tBYndCdUFDOEFZd0J2QUc0QWRBQnlBRzhBYkFCc0FHVUFjZ0J6QUM4QVRBQnZBR2NBYndCMUFIUUFRd0IwQUhJQWJBQXVBR29BY3dBaUFDd0FJZ0IwQUNJQU9nQWlBR1VBZGdCbEFHNEFkQUFpQUgwQUxBQjdBQ0lBYmdBaUFEb0FJZ0J5QUdVQVlRQmtBSGtBY3dCMEFHRUFkQUJsQUdNQWFBQmhBRzRBWndCbEFDSUFMQUFpQUhNQUlnQTZBRE1BTkFBMUFEQUFMQUFpQUdVQUlnQTZBRE1BTkFBMUFEQUFMQUFpQUc4QUlnQTZBQ0lBZFFCdUFHUUFaUUJtQUdrQWJnQmxBR1FBSUFCSEFFVUFWQUE2QUNBQWN3QjBBR0VBWndCcEFHNEFad0J3QUhJQVpRQmtBR2tBWXdCMEFEVUFMZ0JwQUc0QVpnQnNBSFVBWlFCdUFHTUFaUUJvQUdVQVlRQnNBSFFBYUFBdUFHTUFid0J0QURvQU5BQTBBRE1BTHdCdEFHOEFaQUIxQUd3QVpRQnpBQzhBY3dCbEFITUFjd0JwQUc4QWJnQXZBR01BYndCdUFIUUFjZ0J2QUd3QWJBQmxBSElBY3dBdkFFd0Fid0JuQUc4QWRRQjBBRU1BZEFCeUFHd0FMZ0JxQUhNQUlnQXNBQ0lBZEFBaUFEb0FJZ0JsQUhZQVpRQnVBSFFBSWdCOUFDd0Fld0FpQUc0QUlnQTZBQ0lBY2dCbEFHRUFaQUI1QUhNQWRBQmhBSFFBWlFCakFHZ0FZUUJ1QUdjQVpRQWlBQ3dBSWdCekFDSUFPZ0F6QURRQU5RQTJBQ3dBSWdCbEFDSUFPZ0F6QURRQU5RQTJBQ3dBSWdCdkFDSUFPZ0FpQUhVQWJnQmtBR1VBWmdCcEFHNEFaUUJrQUNBQVJ3QkZBRlFBT2dBZ0FITUFkQUJoQUdjQWFRQnVBR2NBY0FCeUFHVUFaQUJwQUdNQWRBQTFBQzRBYVFCdUFHWUFiQUIxQUdVQWJnQmpBR1VBYUFCbEFHRUFiQUIwQUdnQUxnQmpBRzhBYlFBNkFEUUFOQUF6QUM4QWJRQnZBR1FBZFFCc0FHVUFjd0F2QUhNQVpRQnpBSE1BYVFCdkFHNEFMd0F2QUdNQWJ3QnVBSFFBY2dCdkFHd0FiQUJsQUhJQWN3QmNBRndBVEFCdkFHY0FhUUJ1QUVNQWRBQnlBR3dBTGdCcUFITUFJZ0FzQUNJQWRBQWlBRG9BSWdCbEFIWUFaUUJ1QUhRQUlnQjlBQ3dBZXdBaUFHNEFJZ0E2QUNJQWNnQmxBR0VBWkFCNUFITUFkQUJoQUhRQVpRQmpBR2dBWVFCdUFHY0FaUUFpQUN3QUlnQnpBQ0lBT2dBekFEUUFOUUEzQUN3QUlnQmxBQ0lBT2dBekFEUUFOUUEzQUN3QUlnQnZBQ0lBT2dBaUFIVUFiZ0JrQUdVQVpnQnBBRzRBWlFCa0FDQUFSd0JGQUZRQU9nQWdBSE1BZEFCaEFHY0FhUUJ1QUdjQWNBQnlBR1VBWkFCcEFHTUFkQUExQUM0QWFRQnVBR1lBYkFCMUFHVUFiZ0JqQUdVQWFBQmxBR0VBYkFCMEFHZ0FMZ0JqQUc4QWJRQTZBRFFBTkFBekFDOEFiUUJ2QUdRQWRRQnNBR1VBY3dBdkFITUFaUUJ6QUhNQWFRQnZBRzRBTHdBdkFHTUFid0J1QUhRQWNnQnZBR3dBYkFCbEFISUFjd0JjQUZ3QVRBQnZBR2NBYVFCdUFFTUFkQUJ5QUd3QUxnQnFBSE1BSWdBc0FDSUFkQUFpQURvQUlnQmxBSFlBWlFCdUFIUUFJZ0I5QUN3QWV3QWlBRzRBSWdBNkFDSUFjZ0JsQUdFQVpBQjVBSE1BZEFCaEFIUUFaUUJqQUdnQVlRQnVBR2NBWlFBaUFDd0FJZ0J6QUNJQU9nQXpBRFFBTlFBM0FDd0FJZ0JsQUNJQU9nQXpBRFFBTlFBM0FDd0FJZ0J2QUNJQU9nQWlBSFVBYmdCa0FHVUFaZ0JwQUc0QVpRQmtBQ0FBUndCRkFGUUFPZ0FnQUhNQWRBQmhBR2NBYVFCdUFHY0FjQUJ5QUdVQVpBQnBBR01BZEFBMUFDNEFhUUJ1QUdZQWJBQjFBR1VBYmdCakFHVUFhQUJsQUdFQWJBQjBBR2dBTGdCakFHOEFiUUE2QURRQU5BQXpBQzhBYlFCdkFHUUFkUUJzQUdVQWN3QXZBSE1BWlFCekFITUFhUUJ2QUc0QUx3QXZBR01BYndCdUFIUUFjZ0J2QUd3QWJBQmxBSElBY3dCY0FGd0FUQUJ2QUdjQWFRQnVBRU1BZEFCeUFHd0FMZ0JxQUhNQUlnQXNBQ0lBZEFBaUFEb0FJZ0JsQUhZQVpRQnVBSFFBSWdCOUFDd0Fld0FpQUc0QUlnQTZBQ0lBY2dCbEFHRUFaQUI1QUhNQWRBQmhBSFFBWlFCakFHZ0FZUUJ1QUdjQVpRQWlBQ3dBSWdCekFDSUFPZ0F6QURRQU5RQTNBQ3dBSWdCbEFDSUFPZ0F6QURRQU5RQTNBQ3dBSWdCdkFDSUFPZ0FpQUhVQWJnQmtBR1VBWmdCcEFHNEFaUUJrQUNBQVJ3QkZBRlFBT2dBZ0FITUFkQUJoQUdjQWFRQnVBR2NBY0FCeUFHVUFaQUJwQUdNQWRBQTFBQzRBYVFCdUFHWUFiQUIxQUdVQWJnQmpBR1VBYUFCbEFHRUFiQUIwQUdnQUxnQmpBRzhBYlFBNkFEUUFOQUF6QUM4QWJRQnZBR1FBZFFCc0FHVUFjd0F2QUhNQVpRQnpBSE1BYVFCdkFHNEFMd0F2QUdNQWJ3QnVBSFFBY2dCdkFHd0FiQUJsQUhJQWN3QmNBRndBVEFCdkFHY0FhUUJ1QUVNQWRBQnlBR3dBTGdCcUFITUFJZ0FzQUNJQWRBQWlBRG9BSWdCbEFIWUFaUUJ1QUhRQUlnQjlBQ3dBZXdBaUFHNEFJZ0E2QUNJQWNnQmxBR0VBWkFCNUFITUFkQUJoQUhRQVpRQmpBR2dBWVFCdUFHY0FaUUFpQUN3QUlnQnpBQ0lBT2dBekFEUUFOUUEzQUN3QUlnQmxBQ0lBT2dBekFEUUFOUUEzQUN3QUlnQnZBQ0lBT2dBaUFIVUFiZ0JrQUdVQVpnQnBBRzRBWlFCa0FDQUFSd0JGQUZRQU9nQWdBSE1BZEFCaEFHY0FhUUJ1QUdjQWNBQnlBR1VBWkFCcEFHTUFkQUExQUM0QWFRQnVBR1lBYkFCMUFHVUFiZ0JqQUdVQWFBQmxBR0VBYkFCMEFHZ0FMZ0JqQUc4QWJRQTZBRFFBTkFBekFDOEFiUUJ2QUdRQWRRQnNBR1VBY3dBdkFITUFaUUJ6QUhNQWFRQnZBRzRBTHdBdkFHTUFid0J1QUhRQWNnQnZBR3dBYkFCbEFISUFjd0JjQUZ3QVRBQnZBR2NBYVFCdUFFTUFkQUJ5QUd3QUxnQnFBSE1BSWdBc0FDSUFkQUFpQURvQUlnQmxBSFlBWlFCdUFIUUFJZ0I5QUN3QWV3QWlBRzRBSWdBNkFDSUFjZ0JsQUdFQVpBQjVBSE1BZEFCaEFIUUFaUUJqQUdnQVlRQnVBR2NBWlFBaUFDd0FJZ0J6QUNJQU9nQXpBRFFBTlFBM0FDd0FJZ0JsQUNJQU9nQXpBRFFBTlFBM0FDd0FJZ0J2QUNJQU9nQWlBSFVBYmdCa0FHVUFaZ0JwQUc0QVpRQmtBQ0FBUndCRkFGUUFPZ0FnQUhNQWRBQmhBR2NBYVFCdUFHY0FjQUJ5QUdVQVpBQnBBR01BZEFBMUFDNEFhUUJ1QUdZQWJBQjFBR1VBYmdCakFHVUFhQUJsQUdFQWJBQjBBR2dBTGdCakFHOEFiUUE2QURRQU5BQXpBQzhBYlFCdkFHUUFkUUJzQUdVQWN3QXZBSE1BWlFCekFITUFhUUJ2QUc0QUx3QXZBR01BYndCdUFIUUFjZ0J2QUd3QWJBQmxBSElBY3dCY0FGd0FUQUJ2QUdjQWFRQnVBRU1BZEFCeUFHd0FMZ0JxQUhNQUlnQXNBQ0lBZEFBaUFEb0FJZ0JsQUhZQVpRQnVBSFFBSWdCOUFDd0Fld0FpQUc0QUlnQTZBQ0lBY2dCbEFHRUFaQUI1QUhNQWRBQmhBSFFBWlFCakFHZ0FZUUJ1QUdjQVpRQWlBQ3dBSWdCekFDSUFPZ0F6QURRQU5RQTRBQ3dBSWdCbEFDSUFPZ0F6QURRQU5RQTRBQ3dBSWdCdkFDSUFPZ0FpQUhVQWJnQmtBR1VBWmdCcEFHNEFaUUJrQUNBQVJ3QkZBRlFBT2dBZ0FITUFkQUJoQUdjQWFRQnVBR2NBY0FCeUFHVUFaQUJwQUdNQWRBQTFBQzRBYVFCdUFHWUFiQUIxQUdVQWJnQmpBR1VBYUFCbEFHRUFiQUIwQUdnQUxnQmpBRzhBYlFBNkFEUUFOQUF6QUM4QWJRQnZBR1FBZFFCc0FHVUFjd0F2QUhNQVpRQnpBSE1BYVFCdkFHNEFMd0F2QUdNQWJ3QnVBSFFBY2dCdkFHd0FiQUJsQUhJQWN3QmNBRndBVEFCdkFHY0FhUUJ1QUVNQWRBQnlBR3dBTGdCcUFITUFJZ0FzQUNJQWRBQWlBRG9BSWdCbEFIWUFaUUJ1QUhRQUlnQjlBQ3dBZXdBaUFHNEFJZ0E2QUNJQWNnQmxBR0VBWkFCNUFITUFkQUJoQUhRQVpRQmpBR2dBWVFCdUFHY0FaUUFpQUN3QUlnQnpBQ0lBT2dBekFEUUFOd0F5QUN3QUlnQmxBQ0lBT2dBekFEUUFOd0F5QUN3QUlnQnZBQ0lBT2dBaUFIVUFiZ0JrQUdVQVpnQnBBRzRBWlFCa0FDQUFSd0JGQUZRQU9nQWdBSE1BZEFCaEFHY0FhUUJ1QUdjQWNBQnlBR1VBWkFCcEFHTUFkQUExQUM0QWFRQnVBR1lBYkFCMUFHVUFiZ0JqQUdVQWFBQmxBR0VBYkFCMEFHZ0FMZ0JqQUc4QWJRQTZBRFFBTkFBekFDOEFiUUJ2QUdRQWRRQnNBR1VBY3dBdkFITUFaUUJ6QUhNQWFRQnZBRzRBTHdBdkFHTUFid0J1QUhRQWNnQnZBR3dBYkFCbEFISUFjd0JjQUZ3QVRBQnZBR2NBYndCMUFIUUFRd0IwQUhJQWJBQXVBR29BY3dBaUFDd0FJZ0IwQUNJQU9nQWlBR1VBZGdCbEFHNEFkQUFpQUgwQUxBQjdBQ0lBYmdBaUFEb0FJZ0J5QUdVQVlRQmtBSGtBY3dCMEFHRUFkQUJsQUdNQWFBQmhBRzRBWndCbEFDSUFMQUFpQUhNQUlnQTZBRE1BTkFBM0FESUFMQUFpQUdVQUlnQTZBRE1BTkFBM0FESUFMQUFpQUc4QUlnQTZBQ0lBZFFCdUFHUUFaUUJtQUdrQWJnQmxBR1FBSUFCSEFFVUFWQUE2QUNBQWN3QjBBR0VBWndCcEFHNEFad0J3QUhJQVpRQmtBR2tBWXdCMEFEVUFMZ0JwQUc0QVpnQnNBSFVBWlFCdUFHTUFaUUJvQUdVQVlRQnNBSFFBYUFBdUFHTUFid0J0QURvQU5BQTBBRE1BTHdCdEFHOEFaQUIxQUd3QVpRQnpBQzhBY3dCbEFITUFjd0JwQUc4QWJnQXZBQzhBWXdCdkFHNEFkQUJ5QUc4QWJBQnNBR1VBY2dCekFGd0FYQUJNQUc4QVp3QnZBSFVBZEFCREFIUUFjZ0JzQUM0QWFnQnpBQ0lBTEFBaUFIUUFJZ0E2QUNJQVpRQjJBR1VBYmdCMEFDSUFmUUFzQUhzQUlnQnVBQ0lBT2dBaUFISUFaUUJoQUdRQWVRQnpBSFFBWVFCMEFHVUFZd0JvQUdFQWJnQm5BR1VBSWdBc0FDSUFjd0FpQURvQU13QTBBRGNBTWdBc0FDSUFaUUFpQURvQU13QTBBRGNBTWdBc0FDSUFid0FpQURvQUlnQjFBRzRBWkFCbEFHWUFhUUJ1QUdVQVpBQWdBRWNBUlFCVUFEb0FJQUJ6QUhRQVlRQm5BR2tBYmdCbkFIQUFjZ0JsQUdRQWFRQmpBSFFBTlFBdUFHa0FiZ0JtQUd3QWRRQmxBRzRBWXdCbEFHZ0FaUUJoQUd3QWRBQm9BQzRBWXdCdkFHMEFPZ0EwQURRQU13QXZBRzBBYndCa0FIVUFiQUJsQUhNQUx3QnpBR1VBY3dCekFHa0Fid0J1QUM4QUx3QmpBRzhBYmdCMEFISUFid0JzQUd3QVpRQnlBSE1BWEFCY0FFd0Fid0JuQUc4QWRRQjBBRU1BZEFCeUFHd0FMZ0JxQUhNQUlnQXNBQ0lBZEFBaUFEb0FJZ0JsQUhZQVpRQnVBSFFBSWdCOUFDd0Fld0FpQUc0QUlnQTZBQ0lBY2dCbEFHRUFaQUI1QUhNQWRBQmhBSFFBWlFCakFHZ0FZUUJ1QUdjQVpRQWlBQ3dBSWdCekFDSUFPZ0F6QURRQU53QTBBQ3dBSWdCbEFDSUFPZ0F6QURRQU53QTBBQ3dBSWdCdkFDSUFPZ0FpQUhVQWJnQmtBR1VBWmdCcEFHNEFaUUJrQUNBQVJ3QkZBRlFBT2dBZ0FITUFkQUJoQUdjQWFRQnVBR2NBY0FCeUFHVUFaQUJwQUdNQWRBQTFBQzRBYVFCdUFHWUFiQUIxQUdVQWJnQmpBR1VBYUFCbEFHRUFiQUIwQUdnQUxnQmpBRzhBYlFBNkFEUUFOQUF6QUM4QWJRQnZBR1FBZFFCc0FHVUFjd0F2QUhNQVpRQnpBSE1BYVFCdkFHNEFMd0F2QUdNQWJ3QnVBSFFBY2dCdkFHd0FiQUJsQUhJQWN3QmNBRndBVWdCdkFIVUFkQUJsQUVNQWRBQnlBR3dBTGdCcUFITUFJZ0FzQUNJQWRBQWlBRG9BSWdCbEFIWUFaUUJ1QUhRQUlnQjlBQ3dBZXdBaUFHNEFJZ0E2QUNJQWNnQmxBR0VBWkFCNUFITUFkQUJoQUhRQVpRQmpBR2dBWVFCdUFHY0FaUUFpQUN3QUlnQnpBQ0lBT2dBekFEUUFOd0EwQUN3QUlnQmxBQ0lBT2dBekFEUUFOd0EwQUN3QUlnQnZBQ0lBT2dBaUFIVUFiZ0JrQUdVQVpnQnBBRzRBWlFCa0FDQUFSd0JGQUZRQU9nQWdBSE1BZEFCaEFHY0FhUUJ1QUdjQWNBQnlBR1VBWkFCcEFHTUFkQUExQUM0QWFRQnVBR1lBYkFCMUFHVUFiZ0JqQUdVQWFBQmxBR0VBYkFCMEFHZ0FMZ0JqQUc4QWJRQTZBRFFBTkFBekFDOEFiUUJ2QUdRQWRRQnNBR1VBY3dBdkFITUFaUUJ6QUhNQWFRQnZBRzRBTHdBdkFHTUFid0J1QUhRQWNnQnZBR3dBYkFCbEFISUFjd0JjQUZ3QVVnQnZBSFVBZEFCbEFFTUFkQUJ5QUd3QUxnQnFBSE1BSWdBc0FDSUFkQUFpQURvQUlnQmxBSFlBWlFCdUFIUUFJZ0I5QUN3QWV3QWlBRzRBSWdBNkFDSUFjZ0JsQUdFQVpBQjVBSE1BZEFCaEFIUUFaUUJqQUdnQVlRQnVBR2NBWlFBaUFDd0FJZ0J6QUNJQU9nQXpBRFFBTndBMEFDd0FJZ0JsQUNJQU9nQXpBRFFBTndBMEFDd0FJZ0J2QUNJQU9nQWlBSFVBYmdCa0FHVUFaZ0JwQUc0QVpRQmtBQ0FBUndCRkFGUUFPZ0FnQUhNQWRBQmhBR2NBYVFCdUFHY0FjQUJ5QUdVQVpBQnBBR01BZEFBMUFDNEFhUUJ1QUdZQWJBQjFBR1VBYmdCakFHVUFhQUJsQUdFQWJBQjBBR2dBTGdCakFHOEFiUUE2QURRQU5BQXpBQzhBYlFCdkFHUUFkUUJzQUdVQWN3QXZBSE1BWlFCekFITUFhUUJ2QUc0QUx3QXZBR01BYndCdUFIUUFjZ0J2QUd3QWJBQmxBSElBY3dCY0FGd0FVZ0J2QUhVQWRBQmxBRU1BZEFCeUFHd0FMZ0JxQUhNQUlnQXNBQ0lBZEFBaUFEb0FJZ0JsQUhZQVpRQnVBSFFBSWdCOUFDd0Fld0FpQUc0QUlnQTZBQ0lBY2dCbEFHRUFaQUI1QUhNQWRBQmhBSFFBWlFCakFHZ0FZUUJ1QUdjQVpRQWlBQ3dBSWdCekFDSUFPZ0F6QURRQU53QTVBQ3dBSWdCbEFDSUFPZ0F6QURRQU53QTVBQ3dBSWdCdkFDSUFPZ0FpQUhVQWJnQmtBR1VBWmdCcEFHNEFaUUJrQUNBQVJ3QkZBRlFBT2dBZ0FITUFkQUJoQUdjQWFRQnVBR2NBY0FCeUFHVUFaQUJwQUdNQWRBQTFBQzRBYVFCdUFHWUFiQUIxQUdVQWJnQmpBR1VBYUFCbEFHRUFiQUIwQUdnQUxnQmpBRzhBYlFBNkFEUUFOQUF6QUM4QWJRQnZBR1FBZFFCc0FHVUFjd0F2QUhNQVpRQnpBSE1BYVFCdkFHNEFMd0JwQUc0QVpBQmxBSGdBTGdCb0FIUUFiUUJzQUNJQUxBQWlBSFFBSWdBNkFDSUFaUUIyQUdVQWJnQjBBQ0lBZlFBc0FIc0FJZ0J1QUNJQU9nQWlBSElBWlFCaEFHUUFlUUJ6QUhRQVlRQjBBR1VBWXdCb0FHRUFiZ0JuQUdVQUlnQXNBQ0lBY3dBaUFEb0FNd0EwQURjQU9RQXNBQ0lBWlFBaUFEb0FNd0EwQURnQU1BQXNBQ0lBYndBaUFEb0FJZ0IxQUc0QVpBQmxBR1lBYVFCdUFHVUFaQUFnQUVjQVJRQlVBRG9BSUFCekFIUUFZUUJuQUdrQWJnQm5BSEFBY2dCbEFHUUFhUUJqQUhRQU5RQXVBR2tBYmdCbUFHd0FkUUJsQUc0QVl3QmxBR2dBWlFCaEFHd0FkQUJvQUM0QVl3QnZBRzBBT2dBMEFEUUFNd0F2QUcwQWJ3QmtBSFVBYkFCbEFITUFMd0J6QUdVQWN3QnpBR2tBYndCdUFDOEFhUUJ1QUdRQVpRQjRBQzRBYUFCMEFHMEFiQUFpQUN3QUlnQjBBQ0lBT2dBaUFHVUFkZ0JsQUc0QWRBQWlBSDBBTEFCN0FDSUFiZ0FpQURvQUlnQnlBR1VBWVFCa0FIa0Fjd0IwQUdFQWRBQmxBR01BYUFCaEFHNEFad0JsQUNJQUxBQWlBSE1BSWdBNkFETUFOQUE1QURNQUxBQWlBR1VBSWdBNkFETUFOQUE1QURNQUxBQWlBRzhBSWdBNkFDSUFkUUJ1QUdRQVpRQm1BR2tBYmdCbEFHUUFJQUJIQUVVQVZBQTZBQ0FBY3dCMEFHRUFad0JwQUc0QVp3QndBSElBWlFCa0FHa0FZd0IwQURVQUxnQnBBRzRBWmdCc0FIVUFaUUJ1QUdNQVpRQm9BR1VBWVFCc0FIUUFhQUF1QUdNQWJ3QnRBRG9BTkFBMEFETUFMd0J0QUc4QVpBQjFBR3dBWlFCekFDOEFjd0JsQUhNQWN3QnBBRzhBYmdBdkFHTUFid0J1QUhRQWNnQnZBR3dBYkFCbEFISUFjd0F2QUZJQWJ3QjFBSFFBWlFCREFIUUFjZ0JzQUM0QWFnQnpBQ0lBTEFBaUFIUUFJZ0E2QUNJQVpRQjJBR1VBYmdCMEFDSUFmUUFzQUhzQUlnQnVBQ0lBT2dBaUFISUFaUUJoQUdRQWVRQnpBSFFBWVFCMEFHVUFZd0JvQUdFQWJnQm5BR1VBSWdBc0FDSUFjd0FpQURvQU13QTBBRGtBTXdBc0FDSUFaUUFpQURvQU13QTBBRGtBTXdBc0FDSUFid0FpQURvQUlnQjFBRzRBWkFCbEFHWUFhUUJ1QUdVQVpBQWdBRWNBUlFCVUFEb0FJQUJ6QUhRQVlRQm5BR2tBYmdCbkFIQUFjZ0JsQUdRQWFRQmpBSFFBTlFBdUFHa0FiZ0JtQUd3QWRRQmxBRzRBWXdCbEFHZ0FaUUJoQUd3QWRBQm9BQzRBWXdCdkFHMEFPZ0EwQURRQU13QXZBRzBBYndCa0FIVUFiQUJsQUhNQUx3QnpBR1VBY3dCekFHa0Fid0J1QUM4QVl3QnZBRzRBZEFCeUFHOEFiQUJzQUdVQWNnQnpBQzhBVWdCdkFIVUFkQUJsQUVNQWRBQnlBR3dBTGdCcUFITUFJZ0FzQUNJQWRBQWlBRG9BSWdCbEFIWUFaUUJ1QUhRQUlnQjlBQ3dBZXdBaUFHNEFJZ0E2QUNJQWNnQmxBR0VBWkFCNUFITUFkQUJoQUhRQVpRQmpBR2dBWVFCdUFHY0FaUUFpQUN3QUlnQnpBQ0lBT2dBekFEUUFPUUF6QUN3QUlnQmxBQ0lBT2dBekFEUUFPUUF6QUN3QUlnQnZBQ0lBT2dBaUFIVUFiZ0JrQUdVQVpnQnBBRzRBWlFCa0FDQUFSd0JGQUZRQU9nQWdBSE1BZEFCaEFHY0FhUUJ1QUdjQWNBQnlBR1VBWkFCcEFHTUFkQUExQUM0QWFRQnVBR1lBYkFCMUFHVUFiZ0JqQUdVQWFBQmxBR0VBYkFCMEFHZ0FMZ0JqQUc4QWJRQTZBRFFBTkFBekFDOEFiUUJ2QUdRQWRRQnNBR1VBY3dBdkFITUFaUUJ6QUhNQWFRQnZBRzRBTHdCakFHOEFiZ0IwQUhJQWJ3QnNBR3dBWlFCeUFITUFMd0JTQUc4QWRRQjBBR1VBUXdCMEFISUFiQUF1QUdvQWN3QWlBQ3dBSWdCMEFDSUFPZ0FpQUdVQWRnQmxBRzRBZEFBaUFIMEFMQUI3QUNJQWJnQWlBRG9BSWdCeUFHVUFZUUJrQUhrQWN3QjBBR0VBZEFCbEFHTUFhQUJoQUc0QVp3QmxBQ0lBTEFBaUFITUFJZ0E2QURNQU5RQXdBREVBTEFBaUFHVUFJZ0E2QURNQU5RQXdBREVBTEFBaUFHOEFJZ0E2QUNJQWRRQnVBR1FBWlFCbUFHa0FiZ0JsQUdRQUlBQkhBRVVBVkFBNkFDQUFjd0IwQUdFQVp3QnBBRzRBWndCd0FISUFaUUJrQUdrQVl3QjBBRFVBTGdCcEFHNEFaZ0JzQUhVQVpRQnVBR01BWlFCb0FHVUFZUUJzQUhRQWFBQXVBR01BYndCdEFEb0FOQUEwQURNQUx3QnRBRzhBWkFCMUFHd0FaUUJ6QUM4QWN3QmxBSE1BY3dCcEFHOEFiZ0F2QUdNQWJ3QnVBSFFBY2dCdkFHd0FiQUJsQUhJQWN3QXZBRXdBYndCbkFHa0FiZ0JEQUhRQWNnQnNBQzRBYWdCekFDSUFMQUFpQUhRQUlnQTZBQ0lBWlFCMkFHVUFiZ0IwQUNJQWZRQXNBSHNBSWdCdUFDSUFPZ0FpQUhJQVpRQmhBR1FBZVFCekFIUUFZUUIwQUdVQVl3Qm9BR0VBYmdCbkFHVUFJZ0FzQUNJQWN3QWlBRG9BTXdBMUFEQUFNUUFzQUNJQVpRQWlBRG9BTXdBMUFEQUFNUUFzQUNJQWJ3QWlBRG9BSWdCMUFHNEFaQUJsQUdZQWFRQnVBR1VBWkFBZ0FFY0FSUUJVQURvQUlBQnpBSFFBWVFCbkFHa0FiZ0JuQUhBQWNnQmxBR1FBYVFCakFIUUFOUUF1QUdrQWJnQm1BR3dBZFFCbEFHNEFZd0JsQUdnQVpRQmhBR3dBZEFCb0FDNEFZd0J2QUcwQU9nQTBBRFFBTXdBdkFHMEFid0JrQUhVQWJBQmxBSE1BTHdCekFHVUFjd0J6QUdrQWJ3QnVBQzhBWXdCdkFHNEFkQUJ5QUc4QWJBQnNBR1VBY2dCekFDOEFUQUJ2QUdjQWFRQnVBRU1BZEFCeUFHd0FMZ0JxQUhNQUlnQXNBQ0lBZEFBaUFEb0FJZ0JsQUhZQVpRQnVBSFFBSWdCOUFDd0Fld0FpQUc0QUlnQTZBQ0lBY2dCbEFHRUFaQUI1QUhNQWRBQmhBSFFBWlFCakFHZ0FZUUJ1QUdjQVpRQWlBQ3dBSWdCekFDSUFPZ0F6QURVQU1BQXhBQ3dBSWdCbEFDSUFPZ0F6QURVQU1BQXhBQ3dBSWdCdkFDSUFPZ0FpQUhVQWJnQmtBR1VBWmdCcEFHNEFaUUJrQUNBQVJ3QkZBRlFBT2dBZ0FITUFkQUJoQUdjQWFRQnVBR2NBY0FCeUFHVUFaQUJwQUdNQWRBQTFBQzRBYVFCdUFHWUFiQUIxQUdVQWJnQmpBR1VBYUFCbEFHRUFiQUIwQUdnQUxnQmpBRzhBYlFBNkFEUUFOQUF6QUM4QWJRQnZBR1FBZFFCc0FHVUFjd0F2QUhNQVpRQnpBSE1BYVFCdkFHNEFMd0JqQUc4QWJnQjBBSElBYndCc0FHd0FaUUJ5QUhNQUx3Qk1BRzhBWndCcEFHNEFRd0IwQUhJQWJBQXVBR29BY3dBaUFDd0FJZ0IwQUNJQU9nQWlBR1VBZGdCbEFHNEFkQUFpQUgwQUxBQjdBQ0lBYmdBaUFEb0FJZ0J5QUdVQVlRQmtBSGtBY3dCMEFHRUFkQUJsQUdNQWFBQmhBRzRBWndCbEFDSUFMQUFpQUhNQUlnQTZBRE1BTlFBd0FESUFMQUFpQUdVQUlnQTZBRE1BTlFBd0FESUFMQUFpQUc4QUlnQTZBQ0lBZFFCdUFHUUFaUUJtQUdrQWJnQmxBR1FBSUFCSEFFVUFWQUE2QUNBQWN3QjBBR0VBWndCcEFHNEFad0J3QUhJQVpRQmtBR2tBWXdCMEFEVUFMZ0JwQUc0QVpnQnNBSFVBWlFCdUFHTUFaUUJvQUdVQVlRQnNBSFFBYUFBdUFHTUFid0J0QURvQU5BQTBBRE1BTHdCdEFHOEFaQUIxQUd3QVpRQnpBQzhBY3dCbEFITUFjd0JwQUc4QWJnQXZBR01BYndCdUFIUUFjZ0J2QUd3QWJBQmxBSElBY3dBdkFFd0Fid0JuQUdrQWJnQkRBSFFBY2dCc0FDNEFhZ0J6QUNJQUxBQWlBSFFBSWdBNkFDSUFaUUIyQUdVQWJnQjBBQ0lBZlFBc0FIc0FJZ0J1QUNJQU9nQWlBSElBWlFCaEFHUUFlUUJ6QUhRQVlRQjBBR1VBWXdCb0FHRUFiZ0JuQUdVQUlnQXNBQ0lBY3dBaUFEb0FNd0ExQURBQU1nQXNBQ0lBWlFBaUFEb0FNd0ExQURBQU1nQXNBQ0lBYndBaUFEb0FJZ0IxQUc0QVpBQmxBR1lBYVFCdUFHVUFaQUFnQUVjQVJRQlVBRG9BSUFCekFIUUFZUUJuQUdrQWJnQm5BSEFBY2dCbEFHUUFhUUJqQUhRQU5RQXVBR2tBYmdCbUFHd0FkUUJsQUc0QVl3QmxBR2dBWlFCaEFHd0FkQUJvQUM0QVl3QnZBRzBBT2dBMEFEUUFNd0F2QUcwQWJ3QmtBSFVBYkFCbEFITUFMd0J6QUdVQWN3QnpBR2tBYndCdUFDOEFZd0J2QUc0QWRBQnlBRzhBYkFCc0FHVUFjZ0J6QUM4QVRBQnZBR2NBYVFCdUFFTUFkQUJ5QUd3QUxnQnFBSE1BSWdBc0FDSUFkQUFpQURvQUlnQmxBSFlBWlFCdUFIUUFJZ0I5QUN3QWV3QWlBRzRBSWdBNkFDSUFjZ0JsQUdFQVpBQjVBSE1BZEFCaEFIUUFaUUJqQUdnQVlRQnVBR2NBWlFBaUFDd0FJZ0J6QUNJQU9nQXpBRFVBTUFBeUFDd0FJZ0JsQUNJQU9nQXpBRFVBTUFBeUFDd0FJZ0J2QUNJQU9nQWlBSFVBYmdCa0FHVUFaZ0JwQUc0QVpRQmtBQ0FBUndCRkFGUUFPZ0FnQUhNQWRBQmhBR2NBYVFCdUFHY0FjQUJ5QUdVQVpBQnBBR01BZEFBMUFDNEFhUUJ1QUdZQWJBQjFBR1VBYmdCakFHVUFhQUJsQUdFQWJBQjBBR2dBTGdCakFHOEFiUUE2QURRQU5BQXpBQzhBYlFCdkFHUUFkUUJzQUdVQWN3QXZBSE1BWlFCekFITUFhUUJ2QUc0QUx3QmpBRzhBYmdCMEFISUFid0JzQUd3QVpRQnlBSE1BTHdCTUFHOEFad0JwQUc0QVF3QjBBSElBYkFBdUFHb0Fjd0FpQUN3QUlnQjBBQ0lBT2dBaUFHVUFkZ0JsQUc0QWRBQWlBSDBBTEFCN0FDSUFiZ0FpQURvQUlnQnlBR1VBWVFCa0FIa0Fjd0IwQUdFQWRBQmxBR01BYUFCaEFHNEFad0JsQUNJQUxBQWlBSE1BSWdBNkFETUFOUUF3QURJQUxBQWlBR1VBSWdBNkFETUFOUUF3QURJQUxBQWlBRzhBSWdBNkFDSUFkUUJ1QUdRQVpRQm1BR2tBYmdCbEFHUUFJQUJIQUVVQVZBQTZBQ0FBY3dCMEFHRUFad0JwQUc0QVp3QndBSElBWlFCa0FHa0FZd0IwQURVQUxnQnBBRzRBWmdCc0FIVUFaUUJ1QUdNQVpRQm9BR1VBWVFCc0FIUUFhQUF1QUdNQWJ3QnRBRG9BTkFBMEFETUFMd0J0QUc4QVpBQjFBR3dBWlFCekFDOEFjd0JsQUhNQWN3QnBBRzhBYmdBdkFHTUFid0J1QUhRQWNnQnZBR3dBYkFCbEFISUFjd0F2QUV3QWJ3Qm5BR2tBYmdCREFIUUFjZ0JzQUM0QWFnQnpBQ0lBTEFBaUFIUUFJZ0E2QUNJQVpRQjJBR1VBYmdCMEFDSUFmUUFzQUhzQUlnQnVBQ0lBT2dBaUFISUFaUUJoQUdRQWVRQnpBSFFBWVFCMEFHVUFZd0JvQUdFQWJnQm5BR1VBSWdBc0FDSUFjd0FpQURvQU13QTFBREFBTndBc0FDSUFaUUFpQURvQU13QTFBREFBTndBc0FDSUFid0FpQURvQUlnQjFBRzRBWkFCbEFHWUFhUUJ1QUdVQVpBQWdBRWNBUlFCVUFEb0FJQUJ6QUhRQVlRQm5BR2tBYmdCbkFIQUFjZ0JsQUdRQWFRQmpBSFFBTlFBdUFHa0FiZ0JtQUd3QWRRQmxBRzRBWXdCbEFHZ0FaUUJoQUd3QWRBQm9BQzRBWXdCdkFHMEFPZ0EwQURRQU13QXZBRzBBYndCa0FIVUFiQUJsQUhNQUx3QnpBR1VBY3dCekFHa0Fid0J1QUM4QVl3QnZBRzRBZEFCeUFHOEFiQUJzQUdVQWNnQnpBQzhBVEFCdkFHY0Fid0IxQUhRQVF3QjBBSElBYkFBdUFHb0Fjd0FpQUN3QUlnQjBBQ0lBT2dBaUFHVUFkZ0JsQUc0QWRBQWlBSDBBTEFCN0FDSUFiZ0FpQURvQUlnQnlBR1VBWVFCa0FIa0Fjd0IwQUdFQWRBQmxBR01BYUFCaEFHNEFad0JsQUNJQUxBQWlBSE1BSWdBNkFETUFOUUF3QURjQUxBQWlBR1VBSWdBNkFETUFOUUF3QURjQUxBQWlBRzhBSWdBNkFDSUFkUUJ1QUdRQVpRQm1BR2tBYmdCbEFHUUFJQUJIQUVVQVZBQTZBQ0FBY3dCMEFHRUFad0JwQUc0QVp3QndBSElBWlFCa0FHa0FZd0IwQURVQUxnQnBBRzRBWmdCc0FIVUFaUUJ1QUdNQVpRQm9BR1VBWVFCc0FIUUFhQUF1QUdNQWJ3QnRBRG9BTkFBMEFETUFMd0J0QUc4QVpBQjFBR3dBWlFCekFDOEFjd0JsQUhNQWN3QnBBRzhBYmdBdkFHTUFid0J1QUhRQWNnQnZBR3dBYkFCbEFISUFjd0F2QUV3QWJ3Qm5BRzhBZFFCMEFFTUFkQUJ5QUd3QUxnQnFBSE1BSWdBc0FDSUFkQUFpQURvQUlnQmxBSFlBWlFCdUFIUUFJZ0I5QUN3QWV3QWlBRzRBSWdBNkFDSUFjZ0JsQUdFQVpBQjVBSE1BZEFCaEFIUUFaUUJqQUdnQVlRQnVBR2NBWlFBaUFDd0FJZ0J6QUNJQU9nQXpBRFVBTUFBM0FDd0FJZ0JsQUNJQU9nQXpBRFVBTUFBM0FDd0FJZ0J2QUNJQU9nQWlBSFVBYmdCa0FHVUFaZ0JwQUc0QVpRQmtBQ0FBUndCRkFGUUFPZ0FnQUhNQWRBQmhBR2NBYVFCdUFHY0FjQUJ5QUdVQVpBQnBBR01BZEFBMUFDNEFhUUJ1QUdZQWJBQjFBR1VBYmdCakFHVUFhQUJsQUdFQWJBQjBBR2dBTGdCakFHOEFiUUE2QURRQU5BQXpBQzhBYlFCdkFHUUFkUUJzQUdVQWN3QXZBSE1BWlFCekFITUFhUUJ2QUc0QUx3QmpBRzhBYmdCMEFISUFid0JzQUd3QVpRQnlBSE1BTHdCTUFHOEFad0J2QUhVQWRBQkRBSFFBY2dCc0FDNEFhZ0J6QUNJQUxBQWlBSFFBSWdBNkFDSUFaUUIyQUdVQWJnQjBBQ0lBZlFBc0FIc0FJZ0J1QUNJQU9nQWlBSElBWlFCaEFHUUFlUUJ6QUhRQVlRQjBBR1VBWXdCb0FHRUFiZ0JuQUdVQUlnQXNBQ0lBY3dBaUFEb0FNd0ExQURNQU5RQXNBQ0lBWlFBaUFEb0FNd0ExQURNQU5RQXNBQ0lBYndBaUFEb0FJZ0IxQUc0QVpBQmxBR1lBYVFCdUFHVUFaQUFnQUVjQVJRQlVBRG9BSUFCekFIUUFZUUJuQUdrQWJnQm5BSEFBY2dCbEFHUUFhUUJqQUhRQU5RQXVBR2tBYmdCbUFHd0FkUUJsQUc0QVl3QmxBR2dBWlFCaEFHd0FkQUJvQUM0QVl3QnZBRzBBT2dBMEFEUUFNd0F2QUcwQWJ3QmtBSFVBYkFCbEFITUFMd0J6QUdVQWN3QnpBR2tBYndCdUFDOEFhUUJ1QUdRQVpRQjRBQzRBYUFCMEFHMEFiQUFpQUN3QUlnQjBBQ0lBT2dBaUFHVUFkZ0JsQUc0QWRBQWlBSDBBTEFCN0FDSUFiZ0FpQURvQUlnQnlBR1VBWVFCa0FIa0Fjd0IwQUdFQWRBQmxBR01BYUFCaEFHNEFad0JsQUNJQUxBQWlBSE1BSWdBNkFETUFOUUF6QURVQUxBQWlBR1VBSWdBNkFETUFOUUF6QURVQUxBQWlBRzhBSWdBNkFDSUFkUUJ1QUdRQVpRQm1BR2tBYmdCbEFHUUFJQUJIQUVVQVZBQTZBQ0FBY3dCMEFHRUFad0JwQUc0QVp3QndBSElBWlFCa0FHa0FZd0IwQURVQUxnQnBBRzRBWmdCc0FIVUFaUUJ1QUdNQVpRQm9BR1VBWVFCc0FIUUFhQUF1QUdNQWJ3QnRBRG9BTkFBMEFETUFMd0J0QUc4QVpBQjFBR3dBWlFCekFDOEFjd0JsQUhNQWN3QnBBRzhBYmdBdkFHa0FiZ0JrQUdVQWVBQXVBR2dBZEFCdEFHd0FJZ0FzQUNJQWRBQWlBRG9BSWdCbEFIWUFaUUJ1QUhRQUlnQjlBQ3dBZXdBaUFHNEFJZ0E2QUNJQWNnQmxBR0VBWkFCNUFITUFkQUJoQUhRQVpRQmpBR2dBWVFCdUFHY0FaUUFpQUN3QUlnQnpBQ0lBT2dBekFEVUFNd0EyQUN3QUlnQmxBQ0lBT2dBekFEVUFNd0EyQUN3QUlnQnZBQ0lBT2dBaUFIVUFiZ0JrQUdVQVpnQnBBRzRBWlFCa0FDQUFSd0JGQUZRQU9nQWdBSE1BZEFCaEFHY0FhUUJ1QUdjQWNBQnlBR1VBWkFCcEFHTUFkQUExQUM0QWFRQnVBR1lBYkFCMUFHVUFiZ0JqQUdVQWFBQmxBR0VBYkFCMEFHZ0FMZ0JqQUc4QWJRQTZBRFFBTkFBekFDOEFiUUJ2QUdRQWRRQnNBR1VBY3dBdkFITUFaUUJ6QUhNQWFRQnZBRzRBTHdCcEFHNEFaQUJsQUhnQUxnQm9BSFFBYlFCc0FDSUFMQUFpQUhRQUlnQTZBQ0lBWlFCMkFHVUFiZ0IwQUNJQWZRQXNBSHNBSWdCdUFDSUFPZ0FpQUhJQVpRQmhBR1FBZVFCekFIUUFZUUIwQUdVQVl3Qm9BR0VBYmdCbkFHVUFJZ0FzQUNJQWN3QWlBRG9BTXdBMUFEWUFNQUFzQUNJQVpRQWlBRG9BTXdBMUFEWUFNQUFzQUNJQWJ3QWlBRG9BSWdCMUFHNEFaQUJsQUdZQWFRQnVBR1VBWkFBZ0FFY0FSUUJVQURvQUlBQnpBSFFBWVFCbkFHa0FiZ0JuQUhBQWNnQmxBR1FBYVFCakFIUUFOUUF1QUdrQWJnQm1BR3dBZFFCbEFHNEFZd0JsQUdnQVpRQmhBR3dBZEFCb0FDNEFZd0J2QUcwQU9nQTBBRFFBTXdBdkFIUUFaUUJ0QUhBQWJBQmhBSFFBWlFCekFDOEFZUUJzQUdVQWNnQjBBRU1BYndCdUFIUUFZUUJwQUc0QVpRQnlBQzRBYUFCMEFHMEFiQUFpQUN3QUlnQjBBQ0lBT2dBaUFHVUFkZ0JsQUc0QWRBQWlBSDBBTEFCN0FDSUFiZ0FpQURvQUlnQnlBR1VBWVFCa0FIa0Fjd0IwQUdFQWRBQmxBR01BYUFCaEFHNEFad0JsQUNJQUxBQWlBSE1BSWdBNkFETUFOUUEyQURFQUxBQWlBR1VBSWdBNkFETUFOUUEyQURFQUxBQWlBRzhBSWdBNkFDSUFkUUJ1QUdRQVpRQm1BR2tBYmdCbEFHUUFJQUJIQUVVQVZBQTZBQ0FBY3dCMEFHRUFad0JwQUc0QVp3QndBSElBWlFCa0FHa0FZd0IwQURVQUxnQnBBRzRBWmdCc0FIVUFaUUJ1QUdNQVpRQm9BR1VBWVFCc0FIUUFhQUF1QUdNQWJ3QnRBRG9BTkFBMEFETUFMd0IwQUdVQWJRQndBR3dBWVFCMEFHVUFjd0F2QUdFQWJBQmxBSElBZEFCREFHOEFiZ0IwQUdFQWFRQnVBR1VBY2dBdUFHZ0FkQUJ0QUd3QUlnQXNBQ0lBZEFBaUFEb0FJZ0JsQUhZQVpRQnVBSFFBSWdCOUFDd0Fld0FpQUc0QUlnQTZBQ0lBY2dCbEFHRUFaQUI1QUhNQWRBQmhBSFFBWlFCakFHZ0FZUUJ1QUdjQVpRQWlBQ3dBSWdCekFDSUFPZ0F6QURVQU5nQXhBQ3dBSWdCbEFDSUFPZ0F6QURVQU5nQXhBQ3dBSWdCdkFDSUFPZ0FpQUhVQWJnQmtBR1VBWmdCcEFHNEFaUUJrQUNBQVJ3QkZBRlFBT2dBZ0FITUFkQUJoQUdjQWFRQnVBR2NBY0FCeUFHVUFaQUJwQUdNQWRBQTFBQzRBYVFCdUFHWUFiQUIxQUdVQWJnQmpBR1VBYUFCbEFHRUFiQUIwQUdnQUxnQmpBRzhBYlFBNkFEUUFOQUF6QUM4QWRBQmxBRzBBY0FCc0FHRUFkQUJsQUhNQUx3QmhBR3dBWlFCeUFIUUFRd0J2QUc0QWRBQmhBR2tBYmdCbEFISUFMZ0JvQUhRQWJRQnNBQ0lBTEFBaUFIUUFJZ0E2QUNJQVpRQjJBR1VBYmdCMEFDSUFmUUFzQUhzQUlnQnVBQ0lBT2dBaUFISUFaUUJoQUdRQWVRQnpBSFFBWVFCMEFHVUFZd0JvQUdFQWJnQm5BR1VBSWdBc0FDSUFjd0FpQURvQU13QTFBRFlBTmdBc0FDSUFaUUFpQURvQU13QTFBRFlBTmdBc0FDSUFid0FpQURvQUlnQjFBRzRBWkFCbEFHWUFhUUJ1QUdVQVpBQWdBRWNBUlFCVUFEb0FJQUJ6QUhRQVlRQm5BR2tBYmdCbkFIQUFjZ0JsQUdRQWFRQmpBSFFBTlFBdUFHa0FiZ0JtQUd3QWRRQmxBRzRBWXdCbEFHZ0FaUUJoQUd3QWRBQm9BQzRBWXdCdkFHMEFPZ0EwQURRQU13QXZBRzBBYndCa0FIVUFiQUJsQUhNQUx3QnpBR1VBY3dCekFHa0Fid0J1QUM4QWRnQnBBR1VBZHdCekFDOEFiQUJ2QUdjQWFRQnVBQzRBYUFCMEFHMEFiQUFpQUN3QUlnQjBBQ0lBT2dBaUFHVUFkZ0JsQUc0QWRBQWlBSDBBTEFCN0FDSUFiZ0FpQURvQUlnQnlBR1VBWVFCa0FIa0Fjd0IwQUdFQWRBQmxBR01BYUFCaEFHNEFad0JsQUNJQUxBQWlBSE1BSWdBNkFETUFOUUEyQURZQUxBQWlBR1VBSWdBNkFETUFOUUEyQURjQUxBQWlBRzhBSWdBNkFDSUFkUUJ1QUdRQVpRQm1BR2tBYmdCbEFHUUFJQUJIQUVVQVZBQTZBQ0FBY3dCMEFHRUFad0JwQUc0QVp3QndBSElBWlFCa0FHa0FZd0IwQURVQUxnQnBBRzRBWmdCc0FIVUFaUUJ1QUdNQVpRQm9BR1VBWVFCc0FIUUFhQUF1QUdNQWJ3QnRBRG9BTkFBMEFETUFMd0J0QUc4QVpBQjFBR3dBWlFCekFDOEFjd0JsQUhNQWN3QnBBRzhBYmdBdkFIWUFhUUJsQUhjQWN3QXZBR3dBYndCbkFHa0FiZ0F1QUdnQWRBQnRBR3dBSWdBc0FDSUFkQUFpQURvQUlnQmxBSFlBWlFCdUFIUUFJZ0I5QUN3QWV3QWlBRzRBSWdBNkFDSUFjZ0JsQUdFQVpBQjVBSE1BZEFCaEFIUUFaUUJqQUdnQVlRQnVBR2NBWlFBaUFDd0FJZ0J6QUNJQU9nQXpBRFlBTVFBNUFDd0FJZ0JsQUNJQU9nQXpBRFlBTVFBNUFDd0FJZ0J2QUNJQU9nQWlBSFVBYmdCa0FHVUFaZ0JwQUc0QVpRQmtBQ0FBUndCRkFGUUFPZ0FnQUhNQWRBQmhBR2NBYVFCdUFHY0FjQUJ5QUdVQVpBQnBBR01BZEFBMUFDNEFhUUJ1QUdZQWJBQjFBR1VBYmdCakFHVUFhQUJsQUdFQWJBQjBBR2dBTGdCakFHOEFiUUE2QURRQU5BQXpBQzhBZEFCbEFHMEFjQUJzQUdFQWRBQmxBSE1BTHdCaEFHd0FaUUJ5QUhRQVF3QnZBRzRBZEFCaEFHa0FiZ0JsQUhJQUxnQm9BSFFBYlFCc0FDSUFMQUFpQUhRQUlnQTZBQ0lBWlFCMkFHVUFiZ0IwQUNJQWZRQXNBSHNBSWdCdUFDSUFPZ0FpQUhJQVpRQmhBR1FBZVFCekFIUUFZUUIwQUdVQVl3Qm9BR0VBYmdCbkFHVUFJZ0FzQUNJQWN3QWlBRG9BTXdBMkFERUFPUUFzQUNJQVpRQWlBRG9BTXdBMkFERUFPUUFzQUNJQWJ3QWlBRG9BSWdCMUFHNEFaQUJsQUdZQWFRQnVBR1VBWkFBZ0FFY0FSUUJVQURvQUlBQnpBSFFBWVFCbkFHa0FiZ0JuQUhBQWNnQmxBR1FBYVFCakFIUUFOUUF1QUdrQWJnQm1BR3dBZFFCbEFHNEFZd0JsQUdnQVpRQmhBR3dBZEFCb0FDNEFZd0J2QUcwQU9nQTBBRFFBTXdBdkFIUUFaUUJ0QUhBQWJBQmhBSFFBWlFCekFDOEFZUUJzQUdVQWNnQjBBRU1BYndCdUFIUUFZUUJwQUc0QVpRQnlBQzRBYUFCMEFHMEFiQUFpQUN3QUlnQjBBQ0lBT2dBaUFHVUFkZ0JsQUc0QWRBQWlBSDBBTEFCN0FDSUFiZ0FpQURvQUlnQnlBR1VBWVFCa0FIa0Fjd0IwQUdFQWRBQmxBR01BYUFCaEFHNEFad0JsQUNJQUxBQWlBSE1BSWdBNkFETUFOZ0F4QURrQUxBQWlBR1VBSWdBNkFETUFOZ0F4QURrQUxBQWlBRzhBSWdBNkFDSUFkUUJ1QUdRQVpRQm1BR2tBYmdCbEFHUUFJQUJIQUVVQVZBQTZBQ0FBY3dCMEFHRUFad0JwQUc0QVp3QndBSElBWlFCa0FHa0FZd0IwQURVQUxnQnBBRzRBWmdCc0FIVUFaUUJ1QUdNQVpRQm9BR1VBWVFCc0FIUUFhQUF1QUdNQWJ3QnRBRG9BTkFBMEFETUFMd0IwQUdVQWJRQndBR3dBWVFCMEFHVUFjd0F2QUdFQWJBQmxBSElBZEFCREFHOEFiZ0IwQUdFQWFRQnVBR1VBY2dBdUFHZ0FkQUJ0QUd3QUlnQXNBQ0lBZEFBaUFEb0FJZ0JsQUhZQVpRQnVBSFFBSWdCOUFDd0Fld0FpQUc0QUlnQTZBQ0lBY2dCbEFHRUFaQUI1QUhNQWRBQmhBSFFBWlFCakFHZ0FZUUJ1QUdjQVpRQWlBQ3dBSWdCekFDSUFPZ0F6QURZQU1nQXdBQ3dBSWdCbEFDSUFPZ0F6QURZQU1nQXdBQ3dBSWdCdkFDSUFPZ0FpQUhVQWJnQmtBR1VBWmdCcEFHNEFaUUJrQUNBQVJ3QkZBRlFBT2dBZ0FITUFkQUJoQUdjQWFRQnVBR2NBY0FCeUFHVUFaQUJwQUdNQWRBQTFBQzRBYVFCdUFHWUFiQUIxQUdVQWJnQmpBR1VBYUFCbEFHRUFiQUIwQUdnQUxnQmpBRzhBYlFBNkFEUUFOQUF6QUM4QWRBQmxBRzBBY0FCc0FHRUFkQUJsQUhNQUx3QmhBR3dBWlFCeUFIUUFRd0J2QUc0QWRBQmhBR2tBYmdCbEFISUFMZ0JvQUhRQWJRQnNBQ0lBTEFBaUFIUUFJZ0E2QUNJQVpRQjJBR1VBYmdCMEFDSUFmUUFzQUhzQUlnQnVBQ0lBT2dBaUFISUFaUUJoQUdRQWVRQnpBSFFBWVFCMEFHVUFZd0JvQUdFQWJnQm5BR1VBSWdBc0FDSUFjd0FpQURvQU13QTJBRElBTUFBc0FDSUFaUUFpQURvQU13QTJBRElBTUFBc0FDSUFid0FpQURvQUlnQjFBRzRBWkFCbEFHWUFhUUJ1QUdVQVpBQWdBRWNBUlFCVUFEb0FJQUJ6QUhRQVlRQm5BR2tBYmdCbkFIQUFjZ0JsQUdRQWFRQmpBSFFBTlFBdUFHa0FiZ0JtQUd3QWRRQmxBRzRBWXdCbEFHZ0FaUUJoQUd3QWRBQm9BQzRBWXdCdkFHMEFPZ0EwQURRQU13QXZBSFFBWlFCdEFIQUFiQUJoQUhRQVpRQnpBQzhBWVFCc0FHVUFjZ0IwQUVNQWJ3QnVBSFFBWVFCcEFHNEFaUUJ5QUM0QWFBQjBBRzBBYkFBaUFDd0FJZ0IwQUNJQU9nQWlBR1VBZGdCbEFHNEFkQUFpQUgwQUxBQjdBQ0lBYmdBaUFEb0FJZ0J5QUdVQVlRQmtBSGtBY3dCMEFHRUFkQUJsQUdNQWFBQmhBRzRBWndCbEFDSUFMQUFpQUhNQUlnQTZBRE1BTmdBeUFEQUFMQUFpQUdVQUlnQTZBRE1BTmdBMUFESUFMQUFpQUc4QUlnQTZBQ0lBZFFCdUFHUUFaUUJtQUdrQWJnQmxBR1FBSUFCSEFFVUFWQUE2QUNBQWN3QjBBR0VBWndCcEFHNEFad0J3QUhJQVpRQmtBR2tBWXdCMEFEVUFMZ0JwQUc0QVpnQnNBSFVBWlFCdUFHTUFaUUJvQUdVQVlRQnNBSFFBYUFBdUFHTUFid0J0QURvQU5BQTBBRE1BTHdCMEFHVUFiUUJ3QUd3QVlRQjBBR1VBY3dBdkFHRUFiQUJsQUhJQWRBQkRBRzhBYmdCMEFHRUFhUUJ1QUdVQWNnQXVBR2dBZEFCdEFHd0FJZ0FzQUNJQWRBQWlBRG9BSWdCbEFIWUFaUUJ1QUhRQUlnQjlBQ3dBZXdBaUFHNEFJZ0E2QUNJQWNnQmxBR0VBWkFCNUFITUFkQUJoQUhRQVpRQmpBR2dBWVFCdUFHY0FaUUFpQUN3QUlnQnpBQ0lBT2dBekFEWUFOUUE0QUN3QUlnQmxBQ0lBT2dBekFEWUFOUUE0QUN3QUlnQnZBQ0lBT2dBaUFIVUFiZ0JrQUdVQVpnQnBBRzRBWlFCa0FDQUFSd0JGQUZRQU9nQWdBSE1BZEFCaEFHY0FhUUJ1QUdjQWNBQnlBR1VBWkFCcEFHTUFkQUExQUM0QWFRQnVBR1lBYkFCMUFHVUFiZ0JqQUdVQWFBQmxBR0VBYkFCMEFHZ0FMZ0JqQUc4QWJRQTZBRFFBTkFBekFDOEFiUUJ2QUdRQWRRQnNBR1VBY3dBdkFITUFaUUJ6QUhNQWFRQnZBRzRBTHdCMkFHa0FaUUIzQUhNQUx3QnNBRzhBWndCcEFHNEFMZ0JvQUhRQWJRQnNBQ0lBTEFBaUFIUUFJZ0E2QUNJQVpRQjJBR1VBYmdCMEFDSUFmUUFzQUhzQUlnQnVBQ0lBT2dBaUFISUFaUUJoQUdRQWVRQnpBSFFBWVFCMEFHVUFZd0JvQUdFQWJnQm5BR1VBSWdBc0FDSUFjd0FpQURvQU13QTJBRFVBT0FBc0FDSUFaUUFpQURvQU13QTJBRFVBT0FBc0FDSUFid0FpQURvQUlnQjFBRzRBWkFCbEFHWUFhUUJ1QUdVQVpBQWdBRWNBUlFCVUFEb0FJQUJ6QUhRQVlRQm5BR2tBYmdCbkFIQUFjZ0JsQUdRQWFRQmpBSFFBTlFBdUFHa0FiZ0JtQUd3QWRRQmxBRzRBWXdCbEFHZ0FaUUJoQUd3QWRBQm9BQzRBWXdCdkFHMEFPZ0EwQURRQU13QXZBRzBBYndCa0FIVUFiQUJsQUhNQUx3QnpBR1VBY3dCekFHa0Fid0J1QUM4QWRnQnBBR1VBZHdCekFDOEFiQUJ2QUdjQWFRQnVBQzRBYUFCMEFHMEFiQUFpQUN3QUlnQjBBQ0lBT2dBaUFHVUFkZ0JsQUc0QWRBQWlBSDBBTEFCN0FDSUFiZ0FpQURvQUlnQnlBR1VBWVFCa0FIa0Fjd0IwQUdFQWRBQmxBR01BYUFCaEFHNEFad0JsQUNJQUxBQWlBSE1BSWdBNkFETUFOZ0ExQURnQUxBQWlBR1VBSWdBNkFETUFOZ0ExQURnQUxBQWlBRzhBSWdBNkFDSUFkUUJ1QUdRQVpRQm1BR2tBYmdCbEFHUUFJQUJIQUVVQVZBQTZBQ0FBY3dCMEFHRUFad0JwQUc0QVp3QndBSElBWlFCa0FHa0FZd0IwQURVQUxnQnBBRzRBWmdCc0FIVUFaUUJ1QUdNQVpRQm9BR1VBWVFCc0FIUUFhQUF1QUdNQWJ3QnRBRG9BTkFBMEFETUFMd0J0QUc4QVpBQjFBR3dBWlFCekFDOEFjd0JsQUhNQWN3QnBBRzhBYmdBdkFIWUFhUUJsQUhjQWN3QXZBR3dBYndCbkFHa0FiZ0F1QUdnQWRBQnRBR3dBSWdBc0FDSUFkQUFpQURvQUlnQmxBSFlBWlFCdUFIUUFJZ0I5QUN3QWV3QWlBRzRBSWdBNkFDSUFjZ0JsQUdFQVpBQjVBSE1BZEFCaEFIUUFaUUJqQUdnQVlRQnVBR2NBWlFBaUFDd0FJZ0J6QUNJQU9nQXpBRFlBTlFBNEFDd0FJZ0JsQUNJQU9nQXpBRFlBTlFBNEFDd0FJZ0J2QUNJQU9nQWlBSFVBYmdCa0FHVUFaZ0JwQUc0QVpRQmtBQ0FBUndCRkFGUUFPZ0FnQUhNQWRBQmhBR2NBYVFCdUFHY0FjQUJ5QUdVQVpBQnBBR01BZEFBMUFDNEFhUUJ1QUdZQWJBQjFBR1VBYmdCakFHVUFhQUJsQUdFQWJBQjBBR2dBTGdCakFHOEFiUUE2QURRQU5BQXpBQzhBYlFCdkFHUUFkUUJzQUdVQWN3QXZBSE1BWlFCekFITUFhUUJ2QUc0QUx3QjJBR2tBWlFCM0FITUFMd0JzQUc4QVp3QnBBRzRBTGdCb0FIUUFiUUJzQUNJQUxBQWlBSFFBSWdBNkFDSUFaUUIyQUdVQWJnQjBBQ0lBZlFBc0FIc0FJZ0J1QUNJQU9nQWlBSElBWlFCaEFHUUFlUUJ6QUhRQVlRQjBBR1VBWXdCb0FHRUFiZ0JuQUdVQUlnQXNBQ0lBY3dBaUFEb0FNd0EyQURVQU9BQXNBQ0lBWlFBaUFEb0FNd0EyQURVQU9BQXNBQ0lBYndBaUFEb0FJZ0IxQUc0QVpBQmxBR1lBYVFCdUFHVUFaQUFnQUVjQVJRQlVBRG9BSUFCekFIUUFZUUJuQUdrQWJnQm5BSEFBY2dCbEFHUUFhUUJqQUhRQU5RQXVBR2tBYmdCbUFHd0FkUUJsQUc0QVl3QmxBR2dBWlFCaEFHd0FkQUJvQUM0QVl3QnZBRzBBT2dBMEFEUUFNd0F2QUcwQWJ3QmtBSFVBYkFCbEFITUFMd0J6QUdVQWN3QnpBR2tBYndCdUFDOEFkZ0JwQUdVQWR3QnpBQzhBYkFCdkFHY0FhUUJ1QUM0QWFBQjBBRzBBYkFBaUFDd0FJZ0IwQUNJQU9nQWlBR1VBZGdCbEFHNEFkQUFpQUgwQUxBQjdBQ0lBYmdBaUFEb0FJZ0J5QUdVQVlRQmtBSGtBY3dCMEFHRUFkQUJsQUdNQWFBQmhBRzRBWndCbEFDSUFMQUFpQUhNQUlnQTZBRE1BTmdBMUFEa0FMQUFpQUdVQUlnQTZBRE1BTmdBMUFEa0FMQUFpQUc4QUlnQTZBQ0lBZFFCdUFHUUFaUUJtQUdrQWJnQmxBR1FBSUFCSEFFVUFWQUE2QUNBQWN3QjBBR0VBWndCcEFHNEFad0J3QUhJQVpRQmtBR2tBWXdCMEFEVUFMZ0JwQUc0QVpnQnNBSFVBWlFCdUFHTUFaUUJvQUdVQVlRQnNBSFFBYUFBdUFHTUFid0J0QURvQU5BQTBBRE1BTHdCdEFHOEFaQUIxQUd3QVpRQnpBQzhBY3dCbEFITUFjd0JwQUc4QWJnQXZBSFlBYVFCbEFIY0Fjd0F2QUd3QWJ3Qm5BR2tBYmdBdUFHZ0FkQUJ0QUd3QUlnQXNBQ0lBZEFBaUFEb0FJZ0JsQUhZQVpRQnVBSFFBSWdCOUFDd0Fld0FpQUc0QUlnQTZBQ0lBY2dCbEFHRUFaQUI1QUhNQWRBQmhBSFFBWlFCakFHZ0FZUUJ1QUdjQVpRQWlBQ3dBSWdCekFDSUFPZ0F6QURnQU9BQTVBQ3dBSWdCbEFDSUFPZ0F6QURnQU9BQTVBQ3dBSWdCdkFDSUFPZ0FpQUhVQWJnQmtBR1VBWmdCcEFHNEFaUUJrQUNBQVJ3QkZBRlFBT2dBZ0FITUFkQUJoQUdjQWFRQnVBR2NBY0FCeUFHVUFaQUJwQUdNQWRBQTFBQzRBYVFCdUFHWUFiQUIxQUdVQWJnQmpBR1VBYUFCbEFHRUFiQUIwQUdnQUxnQmpBRzhBYlFBNkFEUUFOQUF6QUM4QWFRQnRBR0VBWndCbEFITUFMd0JYQUdVQWJBQmpBRzhBYlFCbEFDMEFkQUJ2QUMwQVVBQnlBR1VBWkFCcEFHTUFkQUF0QUd3QWJ3Qm5BRzhBTGdCekFIWUFad0FpQUN3QUlnQjBBQ0lBT2dBaUFHVUFkZ0JsQUc0QWRBQWlBSDBBTEFCN0FDSUFiZ0FpQURvQUlnQnlBR1VBWVFCa0FIa0Fjd0IwQUdFQWRBQmxBR01BYUFCaEFHNEFad0JsQUNJQUxBQWlBSE1BSWdBNkFETUFPQUE1QURBQUxBQWlBR1VBSWdBNkFETUFPQUE1QURBQUxBQWlBRzhBSWdBNkFDSUFkUUJ1QUdRQVpRQm1BR2tBYmdCbEFHUUFJQUJIQUVVQVZBQTZBQ0FBY3dCMEFHRUFad0JwQUc0QVp3QndBSElBWlFCa0FHa0FZd0IwQURVQUxnQnBBRzRBWmdCc0FIVUFaUUJ1QUdNQVpRQm9BR1VBWVFCc0FIUUFhQUF1QUdNQWJ3QnRBRG9BTkFBMEFETUFMd0JwQUcwQVlRQm5BR1VBY3dBdkFGY0FaUUJzQUdNQWJ3QnRBR1VBTFFCMEFHOEFMUUJRQUhJQVpRQmtBR2tBWXdCMEFDMEFiQUJ2QUdjQWJ3QXVBSE1BZGdCbkFDSUFMQUFpQUhRQUlnQTZBQ0lBWlFCMkFHVUFiZ0IwQUNJQWZRQXNBSHNBSWdCdUFDSUFPZ0FpQUhJQVpRQmhBR1FBZVFCekFIUUFZUUIwQUdVQVl3Qm9BR0VBYmdCbkFHVUFJZ0FzQUNJQWN3QWlBRG9BTXdBNEFEa0FNQUFzQUNJQVpRQWlBRG9BTXdBNEFEa0FNQUFzQUNJQWJ3QWlBRG9BSWdCMUFHNEFaQUJsQUdZQWFRQnVBR1VBWkFBZ0FFY0FSUUJVQURvQUlBQnpBSFFBWVFCbkFHa0FiZ0JuQUhBQWNnQmxBR1FBYVFCakFIUUFOUUF1QUdrQWJnQm1BR3dBZFFCbEFHNEFZd0JsQUdnQVpRQmhBR3dBZEFCb0FDNEFZd0J2QUcwQU9nQTBBRFFBTXdBdkFHa0FiUUJoQUdjQVpRQnpBQzhBVndCbEFHd0FZd0J2QUcwQVpRQXRBSFFBYndBdEFGQUFjZ0JsQUdRQWFRQmpBSFFBTFFCc0FHOEFad0J2QUM0QWN3QjJBR2NBSWdBc0FDSUFkQUFpQURvQUlnQmxBSFlBWlFCdUFIUUFJZ0I5QUN3QWV3QWlBRzRBSWdBNkFDSUFjZ0JsQUdFQVpBQjVBSE1BZEFCaEFIUUFaUUJqQUdnQVlRQnVBR2NBWlFBaUFDd0FJZ0J6QUNJQU9nQXpBRGdBT1FBMEFDd0FJZ0JsQUNJQU9nQXpBRGdBT1FBMEFDd0FJZ0J2QUNJQU9nQWlBSFVBYmdCa0FHVUFaZ0JwQUc0QVpRQmtBQ0FBUndCRkFGUUFPZ0FnQUhNQWRBQmhBR2NBYVFCdUFHY0FjQUJ5QUdVQVpBQnBBR01BZEFBMUFDNEFhUUJ1QUdZQWJBQjFBR1VBYmdCakFHVUFhQUJsQUdFQWJBQjBBR2dBTGdCakFHOEFiUUE2QURRQU5BQXpBQzhBYVFCdEFHRUFad0JsQUhNQUx3QnNBRzhBWndCcEFHNEFMUUJ0QUdFQWNnQnJBR1VBZEFCcEFHNEFad0F0QUhRQVlRQm5BR3dBYVFCdUFHVUFMZ0J6QUhZQVp3QWlBQ3dBSWdCMEFDSUFPZ0FpQUdVQWRnQmxBRzRBZEFBaUFIMEFMQUI3QUNJQWJnQWlBRG9BSWdCeUFHVUFZUUJrQUhrQWN3QjBBR0VBZEFCbEFHTUFhQUJoQUc0QVp3QmxBQ0lBTEFBaUFITUFJZ0E2QURNQU9BQTVBRFVBTEFBaUFHVUFJZ0E2QURNQU9BQTVBRFVBTEFBaUFHOEFJZ0E2QUNJQWRRQnVBR1FBWlFCbUFHa0FiZ0JsQUdRQUlBQkhBRVVBVkFBNkFDQUFjd0IwQUdFQVp3QnBBRzRBWndCd0FISUFaUUJrQUdrQVl3QjBBRFVBTGdCcEFHNEFaZ0JzQUhVQVpRQnVBR01BWlFCb0FHVUFZUUJzQUhRQWFBQXVBR01BYndCdEFEb0FOQUEwQURNQUx3QnBBRzBBWVFCbkFHVUFjd0F2QUd3QWJ3Qm5BR2tBYmdBdEFHMEFZUUJ5QUdzQVpRQjBBR2tBYmdCbkFDMEFkQUJoQUdjQWJBQnBBRzRBWlFBdUFITUFkZ0JuQUNJQUxBQWlBSFFBSWdBNkFDSUFaUUIyQUdVQWJnQjBBQ0lBZlFBc0FIc0FJZ0J1QUNJQU9nQWlBSElBWlFCaEFHUUFlUUJ6QUhRQVlRQjBBR1VBWXdCb0FHRUFiZ0JuQUdVQUlnQXNBQ0lBY3dBaUFEb0FNd0E0QURrQU5RQXNBQ0lBWlFBaUFEb0FNd0E0QURrQU5RQXNBQ0lBYndBaUFEb0FJZ0IxQUc0QVpBQmxBR1lBYVFCdUFHVUFaQUFnQUVjQVJRQlVBRG9BSUFCekFIUUFZUUJuQUdrQWJnQm5BSEFBY2dCbEFHUUFhUUJqQUhRQU5RQXVBR2tBYmdCbUFHd0FkUUJsQUc0QVl3QmxBR2dBWlFCaEFHd0FkQUJvQUM0QVl3QnZBRzBBT2dBMEFEUUFNd0F2QUdrQWJRQmhBR2NBWlFCekFDOEFiQUJ2QUdjQWFRQnVBQzBBYlFCaEFISUFhd0JsQUhRQWFRQnVBR2NBTFFCMEFHRUFad0JzQUdrQWJnQmxBQzRBY3dCMkFHY0FJZ0FzQUNJQWRBQWlBRG9BSWdCbEFIWUFaUUJ1QUhRQUlnQjlBQ3dBZXdBaUFHNEFJZ0E2QUNJQWNnQmxBR0VBWkFCNUFITUFkQUJoQUhRQVpRQmpBR2dBWVFCdUFHY0FaUUFpQUN3QUlnQnpBQ0lBT2dBekFEZ0FPUUE0QUN3QUlnQmxBQ0lBT2dBekFEZ0FPUUE0QUN3QUlnQnZBQ0lBT2dBaUFIVUFiZ0JrQUdVQVpnQnBBRzRBWlFCa0FDQUFSd0JGQUZRQU9nQWdBSE1BZEFCaEFHY0FhUUJ1QUdjQWNBQnlBR1VBWkFCcEFHTUFkQUExQUM0QWFRQnVBR1lBYkFCMUFHVUFiZ0JqQUdVQWFBQmxBR0VBYkFCMEFHZ0FMZ0JqQUc4QWJRQTZBRFFBTkFBekFDOEFhUUJ0QUdFQVp3QmxBSE1BTHdCdEFHRUFjZ0JyQUdVQWRBQnBBRzRBWndBdEFIQUFid0JzQUhrQVp3QnZBRzRBY3dBdUFITUFkZ0JuQUNJQUxBQWlBSFFBSWdBNkFDSUFaUUIyQUdVQWJnQjBBQ0lBZlFBc0FIc0FJZ0J1QUNJQU9nQWlBSElBWlFCaEFHUUFlUUJ6QUhRQVlRQjBBR1VBWXdCb0FHRUFiZ0JuQUdVQUlnQXNBQ0lBY3dBaUFEb0FNd0E0QURrQU9BQXNBQ0lBWlFBaUFEb0FNd0E0QURrQU9BQXNBQ0lBYndBaUFEb0FJZ0IxQUc0QVpBQmxBR1lBYVFCdUFHVUFaQUFnQUVjQVJRQlVBRG9BSUFCekFIUUFZUUJuQUdrQWJnQm5BSEFBY2dCbEFHUUFhUUJqQUhRQU5RQXVBR2tBYmdCbUFHd0FkUUJsQUc0QVl3QmxBR2dBWlFCaEFHd0FkQUJvQUM0QVl3QnZBRzBBT2dBMEFEUUFNd0F2QUdrQWJRQmhBR2NBWlFCekFDOEFiUUJoQUhJQWF3QmxBSFFBYVFCdUFHY0FMUUJ3QUc4QWJBQjVBR2NBYndCdUFITUFMZ0J6QUhZQVp3QWlBQ3dBSWdCMEFDSUFPZ0FpQUdVQWRnQmxBRzRBZEFBaUFIMEFMQUI3QUNJQWJnQWlBRG9BSWdCeUFHVUFZUUJrQUhrQWN3QjBBR0VBZEFCbEFHTUFhQUJoQUc0QVp3QmxBQ0lBTEFBaUFITUFJZ0E2QURNQU9BQTVBRGtBTEFBaUFHVUFJZ0E2QURNQU9BQTVBRGtBTEFBaUFHOEFJZ0E2QUNJQWRRQnVBR1FBWlFCbUFHa0FiZ0JsQUdRQUlBQkhBRVVBVkFBNkFDQUFjd0IwQUdFQVp3QnBBRzRBWndCd0FISUFaUUJrQUdrQVl3QjBBRFVBTGdCcEFHNEFaZ0JzQUhVQVpRQnVBR01BWlFCb0FHVUFZUUJzQUhRQWFBQXVBR01BYndCdEFEb0FOQUEwQURNQUx3QnBBRzBBWVFCbkFHVUFjd0F2QUcwQVlRQnlBR3NBWlFCMEFHa0FiZ0JuQUMwQWNBQnZBR3dBZVFCbkFHOEFiZ0J6QUM0QWN3QjJBR2NBSWdBc0FDSUFkQUFpQURvQUlnQmxBSFlBWlFCdUFIUUFJZ0I5QUN3QWV3QWlBRzRBSWdBNkFDSUFjZ0JsQUdFQVpBQjVBSE1BZEFCaEFIUUFaUUJqQUdnQVlRQnVBR2NBWlFBaUFDd0FJZ0J6QUNJQU9nQTBBREVBTVFBMUFDd0FJZ0JsQUNJQU9nQTBBREVBTVFBMUFDd0FJZ0J2QUNJQU9nQWlBSFVBYmdCa0FHVUFaZ0JwQUc0QVpRQmtBQ0FBUndCRkFGUUFPZ0FnQUhNQWRBQmhBR2NBYVFCdUFHY0FjQUJ5QUdVQVpBQnBBR01BZEFBMUFDNEFhUUJ1QUdZQWJBQjFBR1VBYmdCakFHVUFhQUJsQUdFQWJBQjBBR2dBTGdCakFHOEFiUUE2QURRQU5BQXpBQzhBYVFCdEFHRUFad0JsQUhNQUx3QlhBR1VBYkFCakFHOEFiUUJsQUMwQWRBQnZBQzBBVUFCeUFHVUFaQUJwQUdNQWRBQXRBR3dBYndCbkFHOEFMZ0J6QUhZQVp3QWlBQ3dBSWdCMEFDSUFPZ0FpQUdVQWRnQmxBRzRBZEFBaUFIMEFMQUI3QUNJQWJnQWlBRG9BSWdCeUFHVUFZUUJrQUhrQWN3QjBBR0VBZEFCbEFHTUFhQUJoQUc0QVp3QmxBQ0lBTEFBaUFITUFJZ0E2QURRQU1RQXhBRFVBTEFBaUFHVUFJZ0E2QURRQU1RQXhBRFVBTEFBaUFHOEFJZ0E2QUNJQWRRQnVBR1FBWlFCbUFHa0FiZ0JsQUdRQUlBQkhBRVVBVkFBNkFDQUFjd0IwQUdFQVp3QnBBRzRBWndCd0FISUFaUUJrQUdrQVl3QjBBRFVBTGdCcEFHNEFaZ0JzQUhVQVpRQnVBR01BWlFCb0FHVUFZUUJzQUhRQWFBQXVBR01BYndCdEFEb0FOQUEwQURNQUx3QnBBRzBBWVFCbkFHVUFjd0F2QUZjQVpRQnNBR01BYndCdEFHVUFMUUIwQUc4QUxRQlFBSElBWlFCa0FHa0FZd0IwQUMwQWJBQnZBR2NBYndBdUFITUFkZ0JuQUNJQUxBQWlBSFFBSWdBNkFDSUFaUUIyQUdVQWJnQjBBQ0lBZlFBc0FIc0FJZ0J1QUNJQU9nQWlBSElBWlFCaEFHUUFlUUJ6QUhRQVlRQjBBR1VBWXdCb0FHRUFiZ0JuQUdVQUlnQXNBQ0lBY3dBaUFEb0FOQUF4QURFQU5RQXNBQ0lBWlFBaUFEb0FOQUF4QURFQU5RQXNBQ0lBYndBaUFEb0FJZ0IxQUc0QVpBQmxBR1lBYVFCdUFHVUFaQUFnQUVjQVJRQlVBRG9BSUFCekFIUUFZUUJuQUdrQWJnQm5BSEFBY2dCbEFHUUFhUUJqQUhRQU5RQXVBR2tBYmdCbUFHd0FkUUJsQUc0QVl3QmxBR2dBWlFCaEFHd0FkQUJvQUM0QVl3QnZBRzBBT2dBMEFEUUFNd0F2QUdrQWJRQmhBR2NBWlFCekFDOEFWd0JsQUd3QVl3QnZBRzBBWlFBdEFIUUFid0F0QUZBQWNnQmxBR1FBYVFCakFIUUFMUUJzQUc4QVp3QnZBQzRBY3dCMkFHY0FJZ0FzQUNJQWRBQWlBRG9BSWdCbEFIWUFaUUJ1QUhRQUlnQjlBQ3dBZXdBaUFHNEFJZ0E2QUNJQWNnQmxBR0VBWkFCNUFITUFkQUJoQUhRQVpRQmpBR2dBWVFCdUFHY0FaUUFpQUN3QUlnQnpBQ0lBT2dBMEFERUFNUUExQUN3QUlnQmxBQ0lBT2dBMEFERUFNUUExQUN3QUlnQnZBQ0lBT2dBaUFIVUFiZ0JrQUdVQVpnQnBBRzRBWlFCa0FDQUFSd0JGQUZRQU9nQWdBSE1BZEFCaEFHY0FhUUJ1QUdjQWNBQnlBR1VBWkFCcEFHTUFkQUExQUM0QWFRQnVBR1lBYkFCMUFHVUFiZ0JqQUdVQWFBQmxBR0VBYkFCMEFHZ0FMZ0JqQUc4QWJRQTZBRFFBTkFBekFDOEFhUUJ0QUdFQVp3QmxBSE1BTHdCWEFHVUFiQUJqQUc4QWJRQmxBQzBBZEFCdkFDMEFVQUJ5QUdVQVpBQnBBR01BZEFBdEFHd0Fid0JuQUc4QUxnQnpBSFlBWndBaUFDd0FJZ0IwQUNJQU9nQWlBR1VBZGdCbEFHNEFkQUFpQUgwQUxBQjdBQ0lBYmdBaUFEb0FJZ0J5QUdVQVlRQmtBSGtBY3dCMEFHRUFkQUJsQUdNQWFBQmhBRzRBWndCbEFDSUFMQUFpQUhNQUlnQTZBRFFBTVFBeEFEVUFMQUFpQUdVQUlnQTZBRFFBTVFBeEFEVUFMQUFpQUc4QUlnQTZBQ0lBZFFCdUFHUUFaUUJtQUdrQWJnQmxBR1FBSUFCSEFFVUFWQUE2QUNBQWN3QjBBR0VBWndCcEFHNEFad0J3QUhJQVpRQmtBR2tBWXdCMEFEVUFMZ0JwQUc0QVpnQnNBSFVBWlFCdUFHTUFaUUJvQUdVQVlRQnNBSFFBYUFBdUFHTUFid0J0QURvQU5BQTBBRE1BTHdCcEFHMEFZUUJuQUdVQWN3QXZBRmNBWlFCc0FHTUFid0J0QUdVQUxRQjBBRzhBTFFCUUFISUFaUUJrQUdrQVl3QjBBQzBBYkFCdkFHY0Fid0F1QUhNQWRnQm5BQ0lBTEFBaUFIUUFJZ0E2QUNJQVpRQjJBR1VBYmdCMEFDSUFmUUFzQUhzQUlnQnVBQ0lBT2dBaUFISUFaUUJoQUdRQWVRQnpBSFFBWVFCMEFHVUFZd0JvQUdFQWJnQm5BR1VBSWdBc0FDSUFjd0FpQURvQU5BQXhBREVBTlFBc0FDSUFaUUFpQURvQU5BQXhBREVBTlFBc0FDSUFid0FpQURvQUlnQjFBRzRBWkFCbEFHWUFhUUJ1QUdVQVpBQWdBRWNBUlFCVUFEb0FJQUJ6QUhRQVlRQm5BR2tBYmdCbkFIQUFjZ0JsQUdRQWFRQmpBSFFBTlFBdUFHa0FiZ0JtQUd3QWRRQmxBRzRBWXdCbEFHZ0FaUUJoQUd3QWRBQm9BQzRBWXdCdkFHMEFPZ0EwQURRQU13QXZBR2tBYlFCaEFHY0FaUUJ6QUM4QVZ3QmxBR3dBWXdCdkFHMEFaUUF0QUhRQWJ3QXRBRkFBY2dCbEFHUUFhUUJqQUhRQUxRQnNBRzhBWndCdkFDNEFjd0IyQUdjQUlnQXNBQ0lBZEFBaUFEb0FJZ0JsQUhZQVpRQnVBSFFBSWdCOUFDd0Fld0FpQUc0QUlnQTZBQ0lBY2dCbEFHRUFaQUI1QUhNQWRBQmhBSFFBWlFCakFHZ0FZUUJ1QUdjQVpRQWlBQ3dBSWdCekFDSUFPZ0EwQURFQU1RQTFBQ3dBSWdCbEFDSUFPZ0EwQURFQU1RQTFBQ3dBSWdCdkFDSUFPZ0FpQUhVQWJnQmtBR1VBWmdCcEFHNEFaUUJrQUNBQVJ3QkZBRlFBT2dBZ0FITUFkQUJoQUdjQWFRQnVBR2NBY0FCeUFHVUFaQUJwQUdNQWRBQTFBQzRBYVFCdUFHWUFiQUIxQUdVQWJnQmpBR1VBYUFCbEFHRUFiQUIwQUdnQUxnQmpBRzhBYlFBNkFEUUFOQUF6QUM4QWFRQnRBR0VBWndCbEFITUFMd0JYQUdVQWJBQmpBRzhBYlFCbEFDMEFkQUJ2QUMwQVVBQnlBR1VBWkFCcEFHTUFkQUF0QUd3QWJ3Qm5BRzhBTGdCekFIWUFad0FpQUN3QUlnQjBBQ0lBT2dBaUFHVUFkZ0JsQUc0QWRBQWlBSDBBTEFCN0FDSUFiZ0FpQURvQUlnQnlBR1VBWVFCa0FIa0Fjd0IwQUdFQWRBQmxBR01BYUFCaEFHNEFad0JsQUNJQUxBQWlBSE1BSWdBNkFEUUFNUUF4QURVQUxBQWlBR1VBSWdBNkFEUUFNUUF4QURZQUxBQWlBRzhBSWdBNkFDSUFkUUJ1QUdRQVpRQm1BR2tBYmdCbEFHUUFJQUJIQUVVQVZBQTZBQ0FBY3dCMEFHRUFad0JwQUc0QVp3QndBSElBWlFCa0FHa0FZd0IwQURVQUxnQnBBRzRBWmdCc0FIVUFaUUJ1QUdNQVpRQm9BR1VBWVFCc0FIUUFhQUF1QUdNQWJ3QnRBRG9BTkFBMEFETUFMd0JwQUcwQVlRQm5BR1VBY3dBdkFGY0FaUUJzQUdNQWJ3QnRBR1VBTFFCMEFHOEFMUUJRQUhJQVpRQmtBR2tBWXdCMEFDMEFiQUJ2QUdjQWJ3QXVBSE1BZGdCbkFDSUFMQUFpQUhRQUlnQTZBQ0lBWlFCMkFHVUFiZ0IwQUNJQWZRQXNBSHNBSWdCdUFDSUFPZ0FpQUhJQVpRQmhBR1FBZVFCekFIUUFZUUIwQUdVQVl3Qm9BR0VBYmdCbkFHVUFJZ0FzQUNJQWN3QWlBRG9BTkFBeEFERUFOZ0FzQUNJQVpRQWlBRG9BTkFBeEFERUFOZ0FzQUNJQWJ3QWlBRG9BSWdCMUFHNEFaQUJsQUdZQWFRQnVBR1VBWkFBZ0FFY0FSUUJVQURvQUlBQnpBSFFBWVFCbkFHa0FiZ0JuQUhBQWNnQmxBR1FBYVFCakFIUUFOUUF1QUdrQWJnQm1BR3dBZFFCbEFHNEFZd0JsQUdnQVpRQmhBR3dBZEFCb0FDNEFZd0J2QUcwQU9nQTBBRFFBTXdBdkFHa0FiUUJoQUdjQVpRQnpBQzhBVndCbEFHd0FZd0J2QUcwQVpRQXRBSFFBYndBdEFGQUFjZ0JsQUdRQWFRQmpBSFFBTFFCc0FHOEFad0J2QUM0QWN3QjJBR2NBSWdBc0FDSUFkQUFpQURvQUlnQmxBSFlBWlFCdUFIUUFJZ0I5QUN3QWV3QWlBRzRBSWdBNkFDSUFjZ0JsQUdFQVpBQjVBSE1BZEFCaEFIUUFaUUJqQUdnQVlRQnVBR2NBWlFBaUFDd0FJZ0J6QUNJQU9nQTBBREVBTVFBMkFDd0FJZ0JsQUNJQU9nQTBBREVBTXdBNEFDd0FJZ0J2QUNJQU9nQWlBSFVBYmdCa0FHVUFaZ0JwQUc0QVpRQmtBQ0FBUndCRkFGUUFPZ0FnQUhNQWRBQmhBR2NBYVFCdUFHY0FjQUJ5QUdVQVpBQnBBR01BZEFBMUFDNEFhUUJ1QUdZQWJBQjFBR1VBYmdCakFHVUFhQUJsQUdFQWJBQjBBR2dBTGdCakFHOEFiUUE2QURRQU5BQXpBQzhBYVFCdEFHRUFad0JsQUhNQUx3QlhBR1VBYkFCakFHOEFiUUJsQUMwQWRBQnZBQzBBVUFCeUFHVUFaQUJwQUdNQWRBQXRBR3dBYndCbkFHOEFMZ0J6QUhZQVp3QWlBQ3dBSWdCMEFDSUFPZ0FpQUdVQWRnQmxBRzRBZEFBaUFIMEFMQUI3QUNJQWJnQWlBRG9BSWdCeUFHVUFZUUJrQUhrQWN3QjBBR0VBZEFCbEFHTUFhQUJoQUc0QVp3QmxBQ0lBTEFBaUFITUFJZ0E2QURRQU1RQTBBREFBTEFBaUFHVUFJZ0E2QURRQU1RQTBBREFBTEFBaUFHOEFJZ0E2QUNJQWRRQnVBR1FBWlFCbUFHa0FiZ0JsQUdRQUlBQkhBRVVBVkFBNkFDQUFjd0IwQUdFQVp3QnBBRzRBWndCd0FISUFaUUJrQUdrQVl3QjBBRFVBTGdCcEFHNEFaZ0JzQUhVQVpRQnVBR01BWlFCb0FHVUFZUUJzQUhRQWFBQXVBR01BYndCdEFEb0FOQUEwQURNQUx3QnBBRzBBWVFCbkFHVUFjd0F2QUcwQVlRQnlBR3NBWlFCMEFHa0FiZ0JuQUMwQWNBQnZBR3dBZVFCbkFHOEFiZ0J6QUM0QWN3QjJBR2NBSWdBc0FDSUFkQUFpQURvQUlnQmxBSFlBWlFCdUFIUUFJZ0I5QUN3QWV3QWlBRzRBSWdBNkFDSUFjZ0JsQUdFQVpBQjVBSE1BZEFCaEFIUUFaUUJqQUdnQVlRQnVBR2NBWlFBaUFDd0FJZ0J6QUNJQU9nQTBBREVBTkFBd0FDd0FJZ0JsQUNJQU9nQTBBREVBTkFBd0FDd0FJZ0J2QUNJQU9nQWlBSFVBYmdCa0FHVUFaZ0JwQUc0QVpRQmtBQ0FBUndCRkFGUUFPZ0FnQUhNQWRBQmhBR2NBYVFCdUFHY0FjQUJ5QUdVQVpBQnBBR01BZEFBMUFDNEFhUUJ1QUdZQWJBQjFBR1VBYmdCakFHVUFhQUJsQUdFQWJBQjBBR2dBTGdCakFHOEFiUUE2QURRQU5BQXpBQzhBYVFCdEFHRUFad0JsQUhNQUx3QnRBR0VBY2dCckFHVUFkQUJwQUc0QVp3QXRBSEFBYndCc0FIa0Fad0J2QUc0QWN3QXVBSE1BZGdCbkFDSUFMQUFpQUhRQUlnQTZBQ0lBWlFCMkFHVUFiZ0IwQUNJQWZRQXNBSHNBSWdCdUFDSUFPZ0FpQUhJQVpRQmhBR1FBZVFCekFIUUFZUUIwQUdVQVl3Qm9BR0VBYmdCbkFHVUFJZ0FzQUNJQWN3QWlBRG9BTkFBeEFEUUFNQUFzQUNJQVpRQWlBRG9BTkFBeEFEUUFNQUFzQUNJQWJ3QWlBRG9BSWdCMUFHNEFaQUJsQUdZQWFRQnVBR1VBWkFBZ0FFY0FSUUJVQURvQUlBQnpBSFFBWVFCbkFHa0FiZ0JuQUhBQWNnQmxBR1FBYVFCakFIUUFOUUF1QUdrQWJnQm1BR3dBZFFCbEFHNEFZd0JsQUdnQVpRQmhBR3dBZEFCb0FDNEFZd0J2QUcwQU9nQTBBRFFBTXdBdkFHa0FiUUJoQUdjQVpRQnpBQzhBYlFCaEFISUFhd0JsQUhRQWFRQnVBR2NBTFFCd0FHOEFiQUI1QUdjQWJ3QnVBSE1BTGdCekFIWUFad0FpQUN3QUlnQjBBQ0lBT2dBaUFHVUFkZ0JsQUc0QWRBQWlBSDBBTEFCN0FDSUFiZ0FpQURvQUlnQnlBR1VBWVFCa0FIa0Fjd0IwQUdFQWRBQmxBR01BYUFCaEFHNEFad0JsQUNJQUxBQWlBSE1BSWdBNkFEUUFNUUEwQURBQUxBQWlBR1VBSWdBNkFEUUFNUUEwQURBQUxBQWlBRzhBSWdBNkFDSUFkUUJ1QUdRQVpRQm1BR2tBYmdCbEFHUUFJQUJIQUVVQVZBQTZBQ0FBY3dCMEFHRUFad0JwQUc0QVp3QndBSElBWlFCa0FHa0FZd0IwQURVQUxnQnBBRzRBWmdCc0FIVUFaUUJ1QUdNQVpRQm9BR1VBWVFCc0FIUUFhQUF1QUdNQWJ3QnRBRG9BTkFBMEFETUFMd0JwQUcwQVlRQm5BR1VBY3dBdkFHMEFZUUJ5QUdzQVpRQjBBR2tBYmdCbkFDMEFjQUJ2QUd3QWVRQm5BRzhBYmdCekFDNEFjd0IyQUdjQUlnQXNBQ0lBZEFBaUFEb0FJZ0JsQUhZQVpRQnVBSFFBSWdCOUFDd0Fld0FpQUc0QUlnQTZBQ0lBY2dCbEFHRUFaQUI1QUhNQWRBQmhBSFFBWlFCakFHZ0FZUUJ1QUdjQVpRQWlBQ3dBSWdCekFDSUFPZ0EwQURFQU5BQXdBQ3dBSWdCbEFDSUFPZ0EwQURFQU5BQXdBQ3dBSWdCdkFDSUFPZ0FpQUhVQWJnQmtBR1VBWmdCcEFHNEFaUUJrQUNBQVJ3QkZBRlFBT2dBZ0FITUFkQUJoQUdjQWFRQnVBR2NBY0FCeUFHVUFaQUJwQUdNQWRBQTFBQzRBYVFCdUFHWUFiQUIxQUdVQWJnQmpBR1VBYUFCbEFHRUFiQUIwQUdnQUxnQmpBRzhBYlFBNkFEUUFOQUF6QUM4QWFRQnRBR0VBWndCbEFITUFMd0J0QUdFQWNnQnJBR1VBZEFCcEFHNEFad0F0QUhBQWJ3QnNBSGtBWndCdkFHNEFjd0F1QUhNQWRnQm5BQ0lBTEFBaUFIUUFJZ0E2QUNJQVpRQjJBR1VBYmdCMEFDSUFmUUFzQUhzQUlnQnVBQ0lBT2dBaUFISUFaUUJoQUdRQWVRQnpBSFFBWVFCMEFHVUFZd0JvQUdFQWJnQm5BR1VBSWdBc0FDSUFjd0FpQURvQU5BQXhBRFFBTUFBc0FDSUFaUUFpQURvQU5BQXhBRFVBTUFBc0FDSUFid0FpQURvQUlnQjFBRzRBWkFCbEFHWUFhUUJ1QUdVQVpBQWdBRWNBUlFCVUFEb0FJQUJ6QUhRQVlRQm5BR2tBYmdCbkFIQUFjZ0JsQUdRQWFRQmpBSFFBTlFBdUFHa0FiZ0JtQUd3QWRRQmxBRzRBWXdCbEFHZ0FaUUJoQUd3QWRBQm9BQzRBWXdCdkFHMEFPZ0EwQURRQU13QXZBR2tBYlFCaEFHY0FaUUJ6QUM4QWJRQmhBSElBYXdCbEFIUUFhUUJ1QUdjQUxRQndBRzhBYkFCNUFHY0Fid0J1QUhNQUxnQnpBSFlBWndBaUFDd0FJZ0IwQUNJQU9nQWlBR1VBZGdCbEFHNEFkQUFpQUgwQUxBQjdBQ0lBYmdBaUFEb0FJZ0JFQUU4QVRRQkRBRzhBYmdCMEFHVUFiZ0IwQUV3QWJ3QmhBR1FBWlFCa0FDSUFMQUFpQUhNQUlnQTZBRElBTndBMkFETUFMQUFpQUdVQUlnQTZBRElBT0FBNUFEa0FMQUFpQUc4QUlnQTZBQ0lBWkFCdkFHTUFkUUJ0QUdVQWJnQjBBQ0lBTEFBaUFIUUFJZ0E2QUNJQVpRQjJBR1VBYmdCMEFDSUFmUUFzQUhzQUlnQnVBQ0lBT2dBaUFHd0Fid0JoQUdRQUlnQXNBQ0lBY3dBaUFEb0FNZ0E1QURBQU9RQXNBQ0lBWlFBaUFEb0FNZ0E1QURBQU9RQXNBQ0lBYndBaUFEb0FJZ0IzQUdrQWJnQmtBRzhBZHdBaUFDd0FJZ0IwQUNJQU9nQWlBR1VBZGdCbEFHNEFkQUFpQUgwQUxBQjdBQ0lBYmdBaUFEb0FJZ0JzQUc4QVlRQmtBQ0lBTEFBaUFITUFJZ0E2QURJQU9RQXpBRElBTEFBaUFHVUFJZ0E2QURJQU9RQTBBRE1BTEFBaUFHOEFJZ0E2QUNJQU1nQXdBREFBSUFCSEFFVUFWQUE2QUNBQWN3QjBBR0VBWndCcEFHNEFad0J3QUhJQVpRQmtBR2tBWXdCMEFEVUFMZ0JwQUc0QVpnQnNBSFVBWlFCdUFHTUFaUUJvQUdVQVlRQnNBSFFBYUFBdUFHTUFid0J0QURvQU5BQTBBRE1BTHdCeUFHOEFkUUIwQUdVQWN3QXVBR29BY3dCdkFHNEFJZ0FzQUNJQWRBQWlBRG9BSWdCbEFIWUFaUUJ1QUhRQUlnQjlBQ3dBZXdBaUFHNEFJZ0E2QUNJQWJBQnZBR0VBWkFBaUFDd0FJZ0J6QUNJQU9nQXlBRGtBT0FBNEFDd0FJZ0JsQUNJQU9nQXlBRGtBT1FBMkFDd0FJZ0J2QUNJQU9nQWlBRElBTUFBd0FDQUFSd0JGQUZRQU9nQWdBSE1BZEFCaEFHY0FhUUJ1QUdjQWNBQnlBR1VBWkFCcEFHTUFkQUExQUM0QWFRQnVBR1lBYkFCMUFHVUFiZ0JqQUdVQWFBQmxBR0VBYkFCMEFHZ0FMZ0JqQUc4QWJRQTZBRFFBTkFBekFDOEFKQUJ0QUc4QVpBQjFBR3dBWlFBdkFHd0FZUUI1QUc4QWRRQjBBSE1BTHdCa0FHVUFaZ0JoQUhVQWJBQjBBQ0lBTEFBaUFIUUFJZ0E2QUNJQVpRQjJBR1VBYmdCMEFDSUFmUUFzQUhzQUlnQnVBQ0lBT2dBaUFHd0Fid0JoQUdRQUlnQXNBQ0lBY3dBaUFEb0FNd0F4QURFQU13QXNBQ0lBWlFBaUFEb0FNd0F4QURJQU1nQXNBQ0lBYndBaUFEb0FJZ0F5QURBQU1BQWdBRWNBUlFCVUFEb0FJQUJ6QUhRQVlRQm5BR2tBYmdCbkFIQUFjZ0JsQUdRQWFRQmpBSFFBTlFBdUFHa0FiZ0JtQUd3QWRRQmxBRzRBWXdCbEFHZ0FaUUJoQUd3QWRBQm9BQzRBWXdCdkFHMEFPZ0EwQURRQU13QXZBR3dBWVFCNUFHOEFkUUIwQUhNQUx3QmtBR1VBWmdCaEFIVUFiQUIwQUM4QUx3QnRBR0VBYVFCdUFDNEFhZ0J6QUNJQUxBQWlBSFFBSWdBNkFDSUFaUUIyQUdVQWJnQjBBQ0lBZlFBc0FIc0FJZ0J1QUNJQU9nQWlBR3dBYndCaEFHUUFJZ0FzQUNJQWN3QWlBRG9BTXdBeUFETUFOd0FzQUNJQVpRQWlBRG9BTXdBeUFEWUFOUUFzQUNJQWJ3QWlBRG9BSWdBeUFEQUFNQUFnQUVjQVJRQlVBRG9BSUFCekFIUUFZUUJuQUdrQWJnQm5BSEFBY2dCbEFHUUFhUUJqQUhRQU5RQXVBR2tBYmdCbUFHd0FkUUJsQUc0QVl3QmxBR2dBWlFCaEFHd0FkQUJvQUM0QVl3QnZBRzBBT2dBMEFEUUFNd0F2QUd3QVlRQjVBRzhBZFFCMEFITUFMd0JrQUdVQVpnQmhBSFVBYkFCMEFDOEFhUUJ1QUdRQVpRQjRBQzRBYUFCMEFHMEFiQUFpQUN3QUlnQjBBQ0lBT2dBaUFHVUFkZ0JsQUc0QWRBQWlBSDBBTEFCN0FDSUFiZ0FpQURvQUlnQnNBRzhBWVFCa0FDSUFMQUFpQUhNQUlnQTZBRE1BTXdBNEFESUFMQUFpQUdVQUlnQTZBRE1BTkFBd0FERUFMQUFpQUc4QUlnQTZBQ0lBTWdBd0FEQUFJQUJIQUVVQVZBQTZBQ0FBY3dCMEFHRUFad0JwQUc0QVp3QndBSElBWlFCa0FHa0FZd0IwQURVQUxnQnBBRzRBWmdCc0FIVUFaUUJ1QUdNQVpRQm9BR1VBWVFCc0FIUUFhQUF1QUdNQWJ3QnRBRG9BTkFBMEFETUFMd0FrQUcwQWJ3QmtBSFVBYkFCbEFDOEFiUUJ2QUdRQWRRQnNBR1VBY3dBdkFITUFaUUJ6QUhNQWFRQnZBRzRBSWdBc0FDSUFkQUFpQURvQUlnQmxBSFlBWlFCdUFIUUFJZ0I5QUN3QWV3QWlBRzRBSWdBNkFDSUFiQUJ2QUdFQVpBQWlBQ3dBSWdCekFDSUFPZ0F6QURRQU1BQXlBQ3dBSWdCbEFDSUFPZ0F6QURRQU1BQXlBQ3dBSWdCdkFDSUFPZ0FpQURJQU1BQXdBQ0FBVUFCUEFGTUFWQUE2QUNBQVlnQmhBRzBBTGdCdUFISUFMUUJrQUdFQWRBQmhBQzRBYmdCbEFIUUFPZ0EwQURRQU13QXZBSElBWlFCekFHOEFkUUJ5QUdNQVpRQnpBQzhBTVFBdkFHVUFOQUJtQURZQU13QmtBR0VBTmdBekFEY0FJZ0FzQUNJQWRBQWlBRG9BSWdCbEFIWUFaUUJ1QUhRQUlnQjlBQ3dBZXdBaUFHNEFJZ0E2QUNJQWJBQnZBR0VBWkFBaUFDd0FJZ0J6QUNJQU9nQXpBRFFBTXdBM0FDd0FJZ0JsQUNJQU9nQXpBRFFBTlFBeUFDd0FJZ0J2QUNJQU9nQWlBRElBTUFBd0FDQUFSd0JGQUZRQU9nQWdBSE1BZEFCaEFHY0FhUUJ1QUdjQWNBQnlBR1VBWkFCcEFHTUFkQUExQUM0QWFRQnVBR1lBYkFCMUFHVUFiZ0JqQUdVQWFBQmxBR0VBYkFCMEFHZ0FMZ0JqQUc4QWJRQTZBRFFBTkFBekFDOEFiUUJ2QUdRQWRRQnNBR1VBY3dBdkFITUFaUUJ6QUhNQWFRQnZBRzRBTHdBdkFHMEFZUUJwQUc0QUxnQnFBSE1BSWdBc0FDSUFkQUFpQURvQUlnQmxBSFlBWlFCdUFIUUFJZ0I5QUN3QWV3QWlBRzRBSWdBNkFDSUFiQUJ2QUdFQVpBQWlBQ3dBSWdCekFDSUFPZ0F6QURRQU5RQTRBQ3dBSWdCbEFDSUFPZ0F6QURRQU5nQXdBQ3dBSWdCdkFDSUFPZ0FpQURJQU1BQXdBQ0FBUndCRkFGUUFPZ0FnQUhNQWRBQmhBR2NBYVFCdUFHY0FjQUJ5QUdVQVpBQnBBR01BZEFBMUFDNEFhUUJ1QUdZQWJBQjFBR1VBYmdCakFHVUFhQUJsQUdFQWJBQjBBR2dBTGdCakFHOEFiUUE2QURRQU5BQXpBQzhBYlFCdkFHUUFkUUJzQUdVQWN3QXZBSE1BWlFCekFITUFhUUJ2QUc0QUx3QXZBR01BYndCdUFIUUFjZ0J2QUd3QWJBQmxBSElBY3dCY0FGd0FUQUJ2QUdjQWFRQnVBRU1BZEFCeUFHd0FMZ0JxQUhNQUlnQXNBQ0lBZEFBaUFEb0FJZ0JsQUhZQVpRQnVBSFFBSWdCOUFDd0Fld0FpQUc0QUlnQTZBQ0lBYkFCdkFHRUFaQUFpQUN3QUlnQnpBQ0lBT2dBekFEUUFOd0F6QUN3QUlnQmxBQ0lBT2dBekFEUUFOd0EwQUN3QUlnQnZBQ0lBT2dBaUFESUFNQUF3QUNBQVJ3QkZBRlFBT2dBZ0FITUFkQUJoQUdjQWFRQnVBR2NBY0FCeUFHVUFaQUJwQUdNQWRBQTFBQzRBYVFCdUFHWUFiQUIxQUdVQWJnQmpBR1VBYUFCbEFHRUFiQUIwQUdnQUxnQmpBRzhBYlFBNkFEUUFOQUF6QUM4QWJRQnZBR1FBZFFCc0FHVUFjd0F2QUhNQVpRQnpBSE1BYVFCdkFHNEFMd0F2QUdNQWJ3QnVBSFFBY2dCdkFHd0FiQUJsQUhJQWN3QmNBRndBVEFCdkFHY0Fid0IxQUhRQVF3QjBBSElBYkFBdUFHb0Fjd0FpQUN3QUlnQjBBQ0lBT2dBaUFHVUFkZ0JsQUc0QWRBQWlBSDBBTEFCN0FDSUFiZ0FpQURvQUlnQnNBRzhBWVFCa0FDSUFMQUFpQUhNQUlnQTZBRE1BTkFBM0FEVUFMQUFpQUdVQUlnQTZBRE1BTkFBNEFESUFMQUFpQUc4QUlnQTZBQ0lBTWdBd0FEQUFJQUJIQUVVQVZBQTZBQ0FBY3dCMEFHRUFad0JwQUc0QVp3QndBSElBWlFCa0FHa0FZd0IwQURVQUxnQnBBRzRBWmdCc0FIVUFaUUJ1QUdNQVpRQm9BR1VBWVFCc0FIUUFhQUF1QUdNQWJ3QnRBRG9BTkFBMEFETUFMd0J0QUc4QVpBQjFBR3dBWlFCekFDOEFjd0JsQUhNQWN3QnBBRzhBYmdBdkFDOEFZd0J2QUc0QWRBQnlBRzhBYkFCc0FHVUFjZ0J6QUZ3QVhBQlNBRzhBZFFCMEFHVUFRd0IwQUhJQWJBQXVBR29BY3dBaUFDd0FJZ0IwQUNJQU9nQWlBR1VBZGdCbEFHNEFkQUFpQUgwQUxBQjdBQ0lBYmdBaUFEb0FJZ0JzQUc4QVlRQmtBQ0lBTEFBaUFITUFJZ0E2QURNQU5BQTVBRE1BTEFBaUFHVUFJZ0E2QURNQU5BQTVBRFFBTEFBaUFHOEFJZ0E2QUNJQU1nQXdBREFBSUFCSEFFVUFWQUE2QUNBQWN3QjBBR0VBWndCcEFHNEFad0J3QUhJQVpRQmtBR2tBWXdCMEFEVUFMZ0JwQUc0QVpnQnNBSFVBWlFCdUFHTUFaUUJvQUdVQVlRQnNBSFFBYUFBdUFHTUFid0J0QURvQU5BQTBBRE1BTHdCdEFHOEFaQUIxQUd3QVpRQnpBQzhBY3dCbEFITUFjd0JwQUc4QWJnQXZBR01BYndCdUFIUUFjZ0J2QUd3QWJBQmxBSElBY3dBdkFGSUFid0IxQUhRQVpRQkRBSFFBY2dCc0FDNEFhZ0J6QUNJQUxBQWlBSFFBSWdBNkFDSUFaUUIyQUdVQWJnQjBBQ0lBZlFBc0FIc0FJZ0J1QUNJQU9nQWlBR3dBYndCaEFHUUFJZ0FzQUNJQWN3QWlBRG9BTXdBMUFEQUFNZ0FzQUNJQVpRQWlBRG9BTXdBMUFEQUFOQUFzQUNJQWJ3QWlBRG9BSWdBeUFEQUFNQUFnQUVjQVJRQlVBRG9BSUFCekFIUUFZUUJuQUdrQWJnQm5BSEFBY2dCbEFHUUFhUUJqQUhRQU5RQXVBR2tBYmdCbUFHd0FkUUJsQUc0QVl3QmxBR2dBWlFCaEFHd0FkQUJvQUM0QVl3QnZBRzBBT2dBMEFEUUFNd0F2QUcwQWJ3QmtBSFVBYkFCbEFITUFMd0J6QUdVQWN3QnpBR2tBYndCdUFDOEFZd0J2QUc0QWRBQnlBRzhBYkFCc0FHVUFjZ0J6QUM4QVRBQnZBR2NBYVFCdUFFTUFkQUJ5QUd3QUxnQnFBSE1BSWdBc0FDSUFkQUFpQURvQUlnQmxBSFlBWlFCdUFIUUFJZ0I5QUN3QWV3QWlBRzRBSWdBNkFDSUFiQUJ2QUdFQVpBQWlBQ3dBSWdCekFDSUFPZ0F6QURVQU1BQTRBQ3dBSWdCbEFDSUFPZ0F6QURVQU1BQTVBQ3dBSWdCdkFDSUFPZ0FpQURJQU1BQXdBQ0FBUndCRkFGUUFPZ0FnQUhNQWRBQmhBR2NBYVFCdUFHY0FjQUJ5QUdVQVpBQnBBR01BZEFBMUFDNEFhUUJ1QUdZQWJBQjFBR1VBYmdCakFHVUFhQUJsQUdFQWJBQjBBR2dBTGdCakFHOEFiUUE2QURRQU5BQXpBQzhBYlFCdkFHUUFkUUJzQUdVQWN3QXZBSE1BWlFCekFITUFhUUJ2QUc0QUx3QmpBRzhBYmdCMEFISUFid0JzQUd3QVpRQnlBSE1BTHdCTUFHOEFad0J2QUhVQWRBQkRBSFFBY2dCc0FDNEFhZ0J6QUNJQUxBQWlBSFFBSWdBNkFDSUFaUUIyQUdVQWJnQjBBQ0lBZlFBc0FIc0FJZ0J1QUNJQU9nQWlBR3dBYndCaEFHUUFJZ0FzQUNJQWN3QWlBRG9BTXdBMUFETUFOZ0FzQUNJQVpRQWlBRG9BTXdBMUFEWUFPUUFzQUNJQWJ3QWlBRG9BSWdBeUFEQUFNQUFnQUVjQVJRQlVBRG9BSUFCekFIUUFZUUJuQUdrQWJnQm5BSEFBY2dCbEFHUUFhUUJqQUhRQU5RQXVBR2tBYmdCbUFHd0FkUUJsQUc0QVl3QmxBR2dBWlFCaEFHd0FkQUJvQUM0QVl3QnZBRzBBT2dBMEFEUUFNd0F2QUcwQWJ3QmtBSFVBYkFCbEFITUFMd0J6QUdVQWN3QnpBR2tBYndCdUFDOEFhUUJ1QUdRQVpRQjRBQzRBYUFCMEFHMEFiQUFpQUN3QUlnQjBBQ0lBT2dBaUFHVUFkZ0JsQUc0QWRBQWlBSDBBTEFCN0FDSUFiZ0FpQURvQUlnQnNBRzhBWVFCa0FDSUFMQUFpQUhNQUlnQTZBRE1BTmdBMUFEa0FMQUFpQUdVQUlnQTZBRE1BT1FBMEFEZ0FMQUFpQUc4QUlnQTZBQ0lBTWdBd0FEQUFJQUJIQUVVQVZBQTZBQ0FBY3dCMEFHRUFad0JwQUc0QVp3QndBSElBWlFCa0FHa0FZd0IwQURVQUxnQnBBRzRBWmdCc0FIVUFaUUJ1QUdNQVpRQm9BR1VBWVFCc0FIUUFhQUF1QUdNQWJ3QnRBRG9BTkFBMEFETUFMd0J0QUc4QVpBQjFBR3dBWlFCekFDOEFjd0JsQUhNQWN3QnBBRzhBYmdBdkFIWUFhUUJsQUhjQWN3QXZBR3dBYndCbkFHa0FiZ0F1QUdnQWRBQnRBR3dBSWdBc0FDSUFkQUFpQURvQUlnQmxBSFlBWlFCdUFIUUFJZ0I5QUN3QWV3QWlBRzRBSWdBNkFDSUFaZ0J2QUdNQWRRQnpBQ0lBTEFBaUFITUFJZ0E2QURJQU9RQXlBREFBTEFBaUFHVUFJZ0E2QURJQU9RQXlBREVBTEFBaUFHOEFJZ0E2QUNJQWR3QnBBRzRBWkFCdkFIY0FJZ0FzQUNJQWRBQWlBRG9BSWdCbEFIWUFaUUJ1QUhRQUlnQjlBQ3dBZXdBaUFHNEFJZ0E2QUNJQWNBQnlBRzhBWndCeUFHVUFjd0J6QUNJQUxBQWlBSE1BSWdBNkFESUFPUUF6QURJQUxBQWlBR1VBSWdBNkFESUFPUUF6QURJQUxBQWlBRzhBSWdBNkFDSUFNZ0F3QURBQUlBQkhBRVVBVkFBNkFDQUFjd0IwQUdFQVp3QnBBRzRBWndCd0FISUFaUUJrQUdrQVl3QjBBRFVBTGdCcEFHNEFaZ0JzQUhVQVpRQnVBR01BWlFCb0FHVUFZUUJzQUhRQWFBQXVBR01BYndCdEFEb0FOQUEwQURNQUx3QnlBRzhBZFFCMEFHVUFjd0F1QUdvQWN3QnZBRzRBSWdBc0FDSUFkQUFpQURvQUlnQmxBSFlBWlFCdUFIUUFJZ0I5QUN3QWV3QWlBRzRBSWdBNkFDSUFjQUJ5QUc4QVp3QnlBR1VBY3dCekFDSUFMQUFpQUhNQUlnQTZBRElBT1FBNEFEZ0FMQUFpQUdVQUlnQTZBRElBT1FBNEFEZ0FMQUFpQUc4QUlnQTZBQ0lBTWdBd0FEQUFJQUJIQUVVQVZBQTZBQ0FBY3dCMEFHRUFad0JwQUc0QVp3QndBSElBWlFCa0FHa0FZd0IwQURVQUxnQnBBRzRBWmdCc0FIVUFaUUJ1QUdNQVpRQm9BR1VBWVFCc0FIUUFhQUF1QUdNQWJ3QnRBRG9BTkFBMEFETUFMd0FrQUcwQWJ3QmtBSFVBYkFCbEFDOEFiQUJoQUhrQWJ3QjFBSFFBY3dBdkFHUUFaUUJtQUdFQWRRQnNBSFFBSWdBc0FDSUFkQUFpQURvQUlnQmxBSFlBWlFCdUFIUUFJZ0I5QUN3QWV3QWlBRzRBSWdBNkFDSUFjQUJ5QUc4QVp3QnlBR1VBY3dCekFDSUFMQUFpQUhNQUlnQTZBRE1BTVFBeEFETUFMQUFpQUdVQUlnQTZBRE1BTVFBeEFETUFMQUFpQUc4QUlnQTZBQ0lBTWdBd0FEQUFJQUJIQUVVQVZBQTZBQ0FBY3dCMEFHRUFad0JwQUc0QVp3QndBSElBWlFCa0FHa0FZd0IwQURVQUxnQnBBRzRBWmdCc0FIVUFaUUJ1QUdNQVpRQm9BR1VBWVFCc0FIUUFhQUF1QUdNQWJ3QnRBRG9BTkFBMEFETUFMd0JzQUdFQWVRQnZBSFVBZEFCekFDOEFaQUJsQUdZQVlRQjFBR3dBZEFBdkFDOEFiUUJoQUdrQWJnQXVBR29BY3dBaUFDd0FJZ0IwQUNJQU9nQWlBR1VBZGdCbEFHNEFkQUFpQUgwQUxBQjdBQ0lBYmdBaUFEb0FJZ0J3QUhJQWJ3Qm5BSElBWlFCekFITUFJZ0FzQUNJQWN3QWlBRG9BTXdBeUFETUFOZ0FzQUNJQVpRQWlBRG9BTXdBeUFETUFOZ0FzQUNJQWJ3QWlBRG9BSWdCMUFHNEFaQUJsQUdZQWFRQnVBR1VBWkFBZ0FFY0FSUUJVQURvQUlBQnpBSFFBWVFCbkFHa0FiZ0JuQUhBQWNnQmxBR1FBYVFCakFIUUFOUUF1QUdrQWJnQm1BR3dBZFFCbEFHNEFZd0JsQUdnQVpRQmhBR3dBZEFCb0FDNEFZd0J2QUcwQU9nQTBBRFFBTXdBdkFHd0FZUUI1QUc4QWRRQjBBSE1BTHdCa0FHVUFaZ0JoQUhVQWJBQjBBQzhBYVFCdUFHUUFaUUI0QUM0QWFBQjBBRzBBYkFBaUFDd0FJZ0IwQUNJQU9nQWlBR1VBZGdCbEFHNEFkQUFpQUgwQUxBQjdBQ0lBYmdBaUFEb0FJZ0J3QUhJQWJ3Qm5BSElBWlFCekFITUFJZ0FzQUNJQWN3QWlBRG9BTXdBekFEZ0FNUUFzQUNJQVpRQWlBRG9BTXdBekFEZ0FNUUFzQUNJQWJ3QWlBRG9BSWdCMUFHNEFaQUJsQUdZQWFRQnVBR1VBWkFBZ0FFY0FSUUJVQURvQUlBQnpBSFFBWVFCbkFHa0FiZ0JuQUhBQWNnQmxBR1FBYVFCakFIUUFOUUF1QUdrQWJnQm1BR3dBZFFCbEFHNEFZd0JsQUdnQVpRQmhBR3dBZEFCb0FDNEFZd0J2QUcwQU9nQTBBRFFBTXdBdkFDUUFiUUJ2QUdRQWRRQnNBR1VBTHdCdEFHOEFaQUIxQUd3QVpRQnpBQzhBY3dCbEFITUFjd0JwQUc4QWJnQWlBQ3dBSWdCMEFDSUFPZ0FpQUdVQWRnQmxBRzRBZEFBaUFIMEFMQUI3QUNJQWJnQWlBRG9BSWdCd0FISUFid0JuQUhJQVpRQnpBSE1BSWdBc0FDSUFjd0FpQURvQU13QTBBREFBTVFBc0FDSUFaUUFpQURvQU13QTBBREFBTVFBc0FDSUFid0FpQURvQUlnQjFBRzRBWkFCbEFHWUFhUUJ1QUdVQVpBQWdBRkFBVHdCVEFGUUFPZ0FnQUdJQVlRQnRBQzRBYmdCeUFDMEFaQUJoQUhRQVlRQXVBRzRBWlFCMEFEb0FOQUEwQURNQUx3QnlBR1VBY3dCdkFIVUFjZ0JqQUdVQWN3QXZBREVBTHdCbEFEUUFaZ0EyQURNQVpBQmhBRFlBTXdBM0FDSUFMQUFpQUhRQUlnQTZBQ0lBWlFCMkFHVUFiZ0IwQUNJQWZRQXNBSHNBSWdCdUFDSUFPZ0FpQUhBQWNnQnZBR2NBY2dCbEFITUFjd0FpQUN3QUlnQnpBQ0lBT2dBekFEUUFNd0EzQUN3QUlnQmxBQ0lBT2dBekFEUUFNd0EzQUN3QUlnQnZBQ0lBT2dBaUFIVUFiZ0JrQUdVQVpnQnBBRzRBWlFCa0FDQUFSd0JGQUZRQU9nQWdBSE1BZEFCaEFHY0FhUUJ1QUdjQWNBQnlBR1VBWkFCcEFHTUFkQUExQUM0QWFRQnVBR1lBYkFCMUFHVUFiZ0JqQUdVQWFBQmxBR0VBYkFCMEFHZ0FMZ0JqQUc4QWJRQTZBRFFBTkFBekFDOEFiUUJ2QUdRQWRRQnNBR1VBY3dBdkFITUFaUUJ6QUhNQWFRQnZBRzRBTHdBdkFHMEFZUUJwQUc0QUxnQnFBSE1BSWdBc0FDSUFkQUFpQURvQUlnQmxBSFlBWlFCdUFIUUFJZ0I5QUN3QWV3QWlBRzRBSWdBNkFDSUFjQUJ5QUc4QVp3QnlBR1VBY3dCekFDSUFMQUFpQUhNQUlnQTZBRE1BTkFBekFEY0FMQUFpQUdVQUlnQTZBRE1BTkFBekFEY0FMQUFpQUc4QUlnQTZBQ0lBZFFCdUFHUUFaUUJtQUdrQWJnQmxBR1FBSUFCSEFFVUFWQUE2QUNBQWN3QjBBR0VBWndCcEFHNEFad0J3QUhJQVpRQmtBR2tBWXdCMEFEVUFMZ0JwQUc0QVpnQnNBSFVBWlFCdUFHTUFaUUJvQUdVQVlRQnNBSFFBYUFBdUFHTUFid0J0QURvQU5BQTBBRE1BTHdCdEFHOEFaQUIxQUd3QVpRQnpBQzhBY3dCbEFITUFjd0JwQUc4QWJnQXZBQzhBYlFCaEFHa0FiZ0F1QUdvQWN3QWlBQ3dBSWdCMEFDSUFPZ0FpQUdVQWRnQmxBRzRBZEFBaUFIMEFMQUI3QUNJQWJnQWlBRG9BSWdCd0FISUFid0JuQUhJQVpRQnpBSE1BSWdBc0FDSUFjd0FpQURvQU13QTBBRFVBTndBc0FDSUFaUUFpQURvQU13QTBBRFVBTndBc0FDSUFid0FpQURvQUlnQjFBRzRBWkFCbEFHWUFhUUJ1QUdVQVpBQWdBRWNBUlFCVUFEb0FJQUJ6QUhRQVlRQm5BR2tBYmdCbkFIQUFjZ0JsQUdRQWFRQmpBSFFBTlFBdUFHa0FiZ0JtQUd3QWRRQmxBRzRBWXdCbEFHZ0FaUUJoQUd3QWRBQm9BQzRBWXdCdkFHMEFPZ0EwQURRQU13QXZBRzBBYndCa0FIVUFiQUJsQUhNQUx3QnpBR1VBY3dCekFHa0Fid0J1QUM4QUx3QmpBRzhBYmdCMEFISUFid0JzQUd3QVpRQnlBSE1BWEFCY0FFd0Fid0JuQUdrQWJnQkRBSFFBY2dCc0FDNEFhZ0J6QUNJQUxBQWlBSFFBSWdBNkFDSUFaUUIyQUdVQWJnQjBBQ0lBZlFBc0FIc0FJZ0J1QUNJQU9nQWlBSEFBY2dCdkFHY0FjZ0JsQUhNQWN3QWlBQ3dBSWdCekFDSUFPZ0F6QURRQU5RQTRBQ3dBSWdCbEFDSUFPZ0F6QURRQU5RQTRBQ3dBSWdCdkFDSUFPZ0FpQUhVQWJnQmtBR1VBWmdCcEFHNEFaUUJrQUNBQVJ3QkZBRlFBT2dBZ0FITUFkQUJoQUdjQWFRQnVBR2NBY0FCeUFHVUFaQUJwQUdNQWRBQTFBQzRBYVFCdUFHWUFiQUIxQUdVQWJnQmpBR1VBYUFCbEFHRUFiQUIwQUdnQUxnQmpBRzhBYlFBNkFEUUFOQUF6QUM4QWJRQnZBR1FBZFFCc0FHVUFjd0F2QUhNQVpRQnpBSE1BYVFCdkFHNEFMd0F2QUdNQWJ3QnVBSFFBY2dCdkFHd0FiQUJsQUhJQWN3QmNBRndBVEFCdkFHY0FhUUJ1QUVNQWRBQnlBR3dBTGdCcUFITUFJZ0FzQUNJQWRBQWlBRG9BSWdCbEFIWUFaUUJ1QUhRQUlnQjlBQ3dBZXdBaUFHNEFJZ0E2QUNJQWNBQnlBRzhBWndCeUFHVUFjd0J6QUNJQUxBQWlBSE1BSWdBNkFETUFOQUEzQURJQUxBQWlBR1VBSWdBNkFETUFOQUEzQURJQUxBQWlBRzhBSWdBNkFDSUFkUUJ1QUdRQVpRQm1BR2tBYmdCbEFHUUFJQUJIQUVVQVZBQTZBQ0FBY3dCMEFHRUFad0JwQUc0QVp3QndBSElBWlFCa0FHa0FZd0IwQURVQUxnQnBBRzRBWmdCc0FIVUFaUUJ1QUdNQVpRQm9BR1VBWVFCc0FIUUFhQUF1QUdNQWJ3QnRBRG9BTkFBMEFETUFMd0J0QUc4QVpBQjFBR3dBWlFCekFDOEFjd0JsQUhNQWN3QnBBRzhBYmdBdkFDOEFZd0J2QUc0QWRBQnlBRzhBYkFCc0FHVUFjZ0J6QUZ3QVhBQk1BRzhBWndCdkFIVUFkQUJEQUhRQWNnQnNBQzRBYWdCekFDSUFMQUFpQUhRQUlnQTZBQ0lBWlFCMkFHVUFiZ0IwQUNJQWZRQXNBSHNBSWdCdUFDSUFPZ0FpQUhBQWNnQnZBR2NBY2dCbEFITUFjd0FpQUN3QUlnQnpBQ0lBT2dBekFEUUFOd0EwQUN3QUlnQmxBQ0lBT2dBekFEUUFOd0EwQUN3QUlnQnZBQ0lBT2dBaUFIVUFiZ0JrQUdVQVpnQnBBRzRBWlFCa0FDQUFSd0JGQUZRQU9nQWdBSE1BZEFCaEFHY0FhUUJ1QUdjQWNBQnlBR1VBWkFCcEFHTUFkQUExQUM0QWFRQnVBR1lBYkFCMUFHVUFiZ0JqQUdVQWFBQmxBR0VBYkFCMEFHZ0FMZ0JqQUc4QWJRQTZBRFFBTkFBekFDOEFiUUJ2QUdRQWRRQnNBR1VBY3dBdkFITUFaUUJ6QUhNQWFRQnZBRzRBTHdBdkFHTUFid0J1QUhRQWNnQnZBR3dBYkFCbEFISUFjd0JjQUZ3QVVnQnZBSFVBZEFCbEFFTUFkQUJ5QUd3QUxnQnFBSE1BSWdBc0FDSUFkQUFpQURvQUlnQmxBSFlBWlFCdUFIUUFJZ0I5QUN3QWV3QWlBRzRBSWdBNkFDSUFjQUJ5QUc4QVp3QnlBR1VBY3dCekFDSUFMQUFpQUhNQUlnQTZBRE1BTkFBNUFETUFMQUFpQUdVQUlnQTZBRE1BTkFBNUFETUFMQUFpQUc4QUlnQTZBQ0lBZFFCdUFHUUFaUUJtQUdrQWJnQmxBR1FBSUFCSEFFVUFWQUE2QUNBQWN3QjBBR0VBWndCcEFHNEFad0J3QUhJQVpRQmtBR2tBWXdCMEFEVUFMZ0JwQUc0QVpnQnNBSFVBWlFCdUFHTUFaUUJvQUdVQVlRQnNBSFFBYUFBdUFHTUFid0J0QURvQU5BQTBBRE1BTHdCdEFHOEFaQUIxQUd3QVpRQnpBQzhBY3dCbEFITUFjd0JwQUc4QWJnQXZBR01BYndCdUFIUUFjZ0J2QUd3QWJBQmxBSElBY3dBdkFGSUFid0IxQUhRQVpRQkRBSFFBY2dCc0FDNEFhZ0J6QUNJQUxBQWlBSFFBSWdBNkFDSUFaUUIyQUdVQWJnQjBBQ0lBZlFBc0FIc0FJZ0J1QUNJQU9nQWlBSEFBY2dCdkFHY0FjZ0JsQUhNQWN3QWlBQ3dBSWdCekFDSUFPZ0F6QURVQU1BQXhBQ3dBSWdCbEFDSUFPZ0F6QURVQU1BQXhBQ3dBSWdCdkFDSUFPZ0FpQUhVQWJnQmtBR1VBWmdCcEFHNEFaUUJrQUNBQVJ3QkZBRlFBT2dBZ0FITUFkQUJoQUdjQWFRQnVBR2NBY0FCeUFHVUFaQUJwQUdNQWRBQTFBQzRBYVFCdUFHWUFiQUIxQUdVQWJnQmpBR1VBYUFCbEFHRUFiQUIwQUdnQUxnQmpBRzhBYlFBNkFEUUFOQUF6QUM4QWJRQnZBR1FBZFFCc0FHVUFjd0F2QUhNQVpRQnpBSE1BYVFCdkFHNEFMd0JqQUc4QWJnQjBBSElBYndCc0FHd0FaUUJ5QUhNQUx3Qk1BRzhBWndCcEFHNEFRd0IwQUhJQWJBQXVBR29BY3dBaUFDd0FJZ0IwQUNJQU9nQWlBR1VBZGdCbEFHNEFkQUFpQUgwQUxBQjdBQ0lBYmdBaUFEb0FJZ0J3QUhJQWJ3Qm5BSElBWlFCekFITUFJZ0FzQUNJQWN3QWlBRG9BTXdBMUFEQUFNZ0FzQUNJQVpRQWlBRG9BTXdBMUFEQUFNZ0FzQUNJQWJ3QWlBRG9BSWdCMUFHNEFaQUJsQUdZQWFRQnVBR1VBWkFBZ0FFY0FSUUJVQURvQUlBQnpBSFFBWVFCbkFHa0FiZ0JuQUhBQWNnQmxBR1FBYVFCakFIUUFOUUF1QUdrQWJnQm1BR3dBZFFCbEFHNEFZd0JsQUdnQVpRQmhBR3dBZEFCb0FDNEFZd0J2QUcwQU9nQTBBRFFBTXdBdkFHMEFid0JrQUhVQWJBQmxBSE1BTHdCekFHVUFjd0J6QUdrQWJ3QnVBQzhBWXdCdkFHNEFkQUJ5QUc4QWJBQnNBR1VBY2dCekFDOEFUQUJ2QUdjQWFRQnVBRU1BZEFCeUFHd0FMZ0JxQUhNQUlnQXNBQ0lBZEFBaUFEb0FJZ0JsQUhZQVpRQnVBSFFBSWdCOUFDd0Fld0FpQUc0QUlnQTZBQ0lBY0FCeUFHOEFad0J5QUdVQWN3QnpBQ0lBTEFBaUFITUFJZ0E2QURNQU5RQXdBRGNBTEFBaUFHVUFJZ0E2QURNQU5RQXdBRGNBTEFBaUFHOEFJZ0E2QUNJQWRRQnVBR1FBWlFCbUFHa0FiZ0JsQUdRQUlBQkhBRVVBVkFBNkFDQUFjd0IwQUdFQVp3QnBBRzRBWndCd0FISUFaUUJrQUdrQVl3QjBBRFVBTGdCcEFHNEFaZ0JzQUhVQVpRQnVBR01BWlFCb0FHVUFZUUJzQUhRQWFBQXVBR01BYndCdEFEb0FOQUEwQURNQUx3QnRBRzhBWkFCMUFHd0FaUUJ6QUM4QWN3QmxBSE1BY3dCcEFHOEFiZ0F2QUdNQWJ3QnVBSFFBY2dCdkFHd0FiQUJsQUhJQWN3QXZBRXdBYndCbkFHOEFkUUIwQUVNQWRBQnlBR3dBTGdCcUFITUFJZ0FzQUNJQWRBQWlBRG9BSWdCbEFIWUFaUUJ1QUhRQUlnQjlBQ3dBZXdBaUFHNEFJZ0E2QUNJQWNBQnlBRzhBWndCeUFHVUFjd0J6QUNJQUxBQWlBSE1BSWdBNkFETUFOUUF6QURZQUxBQWlBR1VBSWdBNkFETUFOUUF6QURZQUxBQWlBRzhBSWdBNkFDSUFkUUJ1QUdRQVpRQm1BR2tBYmdCbEFHUUFJQUJIQUVVQVZBQTZBQ0FBY3dCMEFHRUFad0JwQUc0QVp3QndBSElBWlFCa0FHa0FZd0IwQURVQUxnQnBBRzRBWmdCc0FIVUFaUUJ1QUdNQVpRQm9BR1VBWVFCc0FIUUFhQUF1QUdNQWJ3QnRBRG9BTkFBMEFETUFMd0J0QUc4QVpBQjFBR3dBWlFCekFDOEFjd0JsQUhNQWN3QnBBRzhBYmdBdkFHa0FiZ0JrQUdVQWVBQXVBR2dBZEFCdEFHd0FJZ0FzQUNJQWRBQWlBRG9BSWdCbEFIWUFaUUJ1QUhRQUlnQjlBQ3dBZXdBaUFHNEFJZ0E2QUNJQWNBQnlBRzhBWndCeUFHVUFjd0J6QUNJQUxBQWlBSE1BSWdBNkFETUFOZ0F5QURBQUxBQWlBR1VBSWdBNkFETUFOZ0F5QURBQUxBQWlBRzhBSWdBNkFDSUFkUUJ1QUdRQVpRQm1BR2tBYmdCbEFHUUFJQUJIQUVVQVZBQTZBQ0FBY3dCMEFHRUFad0JwQUc0QVp3QndBSElBWlFCa0FHa0FZd0IwQURVQUxnQnBBRzRBWmdCc0FIVUFaUUJ1QUdNQVpRQm9BR1VBWVFCc0FIUUFhQUF1QUdNQWJ3QnRBRG9BTkFBMEFETUFMd0IwQUdVQWJRQndBR3dBWVFCMEFHVUFjd0F2QUdFQWJBQmxBSElBZEFCREFHOEFiZ0IwQUdFQWFRQnVBR1VBY2dBdUFHZ0FkQUJ0QUd3QUlnQXNBQ0lBZEFBaUFEb0FJZ0JsQUhZQVpRQnVBSFFBSWdCOUFDd0Fld0FpQUc0QUlnQTZBQ0lBY0FCeUFHOEFad0J5QUdVQWN3QnpBQ0lBTEFBaUFITUFJZ0E2QURNQU5nQTFBRGdBTEFBaUFHVUFJZ0E2QURNQU5nQTFBRGdBTEFBaUFHOEFJZ0E2QUNJQWRRQnVBR1FBWlFCbUFHa0FiZ0JsQUdRQUlBQkhBRVVBVkFBNkFDQUFjd0IwQUdFQVp3QnBBRzRBWndCd0FISUFaUUJrQUdrQVl3QjBBRFVBTGdCcEFHNEFaZ0JzQUhVQVpRQnVBR01BWlFCb0FHVUFZUUJzQUhRQWFBQXVBR01BYndCdEFEb0FOQUEwQURNQUx3QnRBRzhBWkFCMUFHd0FaUUJ6QUM4QWN3QmxBSE1BY3dCcEFHOEFiZ0F2QUhZQWFRQmxBSGNBY3dBdkFHd0Fid0JuQUdrQWJnQXVBR2dBZEFCdEFHd0FJZ0FzQUNJQWRBQWlBRG9BSWdCbEFIWUFaUUJ1QUhRQUlnQjlBQ3dBZXdBaUFHNEFJZ0E2QUNJQWNBQnlBRzhBWndCeUFHVUFjd0J6QUNJQUxBQWlBSE1BSWdBNkFETUFOZ0ExQURrQUxBQWlBR1VBSWdBNkFETUFOZ0ExQURrQUxBQWlBRzhBSWdBNkFDSUFkUUJ1QUdRQVpRQm1BR2tBYmdCbEFHUUFJQUJIQUVVQVZBQTZBQ0FBY3dCMEFHRUFad0JwQUc0QVp3QndBSElBWlFCa0FHa0FZd0IwQURVQUxnQnBBRzRBWmdCc0FIVUFaUUJ1QUdNQVpRQm9BR1VBWVFCc0FIUUFhQUF1QUdNQWJ3QnRBRG9BTkFBMEFETUFMd0J0QUc4QVpBQjFBR3dBWlFCekFDOEFjd0JsQUhNQWN3QnBBRzhBYmdBdkFIWUFhUUJsQUhjQWN3QXZBR3dBYndCbkFHa0FiZ0F1QUdnQWRBQnRBR3dBSWdBc0FDSUFkQUFpQURvQUlnQmxBSFlBWlFCdUFIUUFJZ0I5QUN3QWV3QWlBRzRBSWdBNkFDSUFjQUJ5QUc4QVp3QnlBR1VBY3dCekFDSUFMQUFpQUhNQUlnQTZBRFFBTVFBeEFEVUFMQUFpQUdVQUlnQTZBRFFBTVFBeEFEVUFMQUFpQUc4QUlnQTZBQ0lBZFFCdUFHUUFaUUJtQUdrQWJnQmxBR1FBSUFCSEFFVUFWQUE2QUNBQWN3QjBBR0VBWndCcEFHNEFad0J3QUhJQVpRQmtBR2tBWXdCMEFEVUFMZ0JwQUc0QVpnQnNBSFVBWlFCdUFHTUFaUUJvQUdVQVlRQnNBSFFBYUFBdUFHTUFid0J0QURvQU5BQTBBRE1BTHdCcEFHMEFZUUJuQUdVQWN3QXZBRmNBWlFCc0FHTUFid0J0QUdVQUxRQjBBRzhBTFFCUUFISUFaUUJrQUdrQVl3QjBBQzBBYkFCdkFHY0Fid0F1QUhNQWRnQm5BQ0lBTEFBaUFIUUFJZ0E2QUNJQVpRQjJBR1VBYmdCMEFDSUFmUUFzQUhzQUlnQnVBQ0lBT2dBaUFIQUFjZ0J2QUdjQWNnQmxBSE1BY3dBaUFDd0FJZ0J6QUNJQU9nQTBBREVBTVFBMkFDd0FJZ0JsQUNJQU9nQTBBREVBTVFBMkFDd0FJZ0J2QUNJQU9nQWlBSFVBYmdCa0FHVUFaZ0JwQUc0QVpRQmtBQ0FBUndCRkFGUUFPZ0FnQUhNQWRBQmhBR2NBYVFCdUFHY0FjQUJ5QUdVQVpBQnBBR01BZEFBMUFDNEFhUUJ1QUdZQWJBQjFBR1VBYmdCakFHVUFhQUJsQUdFQWJBQjBBR2dBTGdCakFHOEFiUUE2QURRQU5BQXpBQzhBYVFCdEFHRUFad0JsQUhNQUx3QlhBR1VBYkFCakFHOEFiUUJsQUMwQWRBQnZBQzBBVUFCeUFHVUFaQUJwQUdNQWRBQXRBR3dBYndCbkFHOEFMZ0J6QUhZQVp3QWlBQ3dBSWdCMEFDSUFPZ0FpQUdVQWRnQmxBRzRBZEFBaUFIMEFMQUI3QUNJQWJnQWlBRG9BSWdCd0FISUFid0JuQUhJQVpRQnpBSE1BSWdBc0FDSUFjd0FpQURvQU5BQXhBRFFBTUFBc0FDSUFaUUFpQURvQU5BQXhBRFFBTUFBc0FDSUFid0FpQURvQUlnQjFBRzRBWkFCbEFHWUFhUUJ1QUdVQVpBQWdBRWNBUlFCVUFEb0FJQUJ6QUhRQVlRQm5BR2tBYmdCbkFIQUFjZ0JsQUdRQWFRQmpBSFFBTlFBdUFHa0FiZ0JtQUd3QWRRQmxBRzRBWXdCbEFHZ0FaUUJoQUd3QWRBQm9BQzRBWXdCdkFHMEFPZ0EwQURRQU13QXZBR2tBYlFCaEFHY0FaUUJ6QUM4QWJRQmhBSElBYXdCbEFIUUFhUUJ1QUdjQUxRQndBRzhBYkFCNUFHY0Fid0J1QUhNQUxnQnpBSFlBWndBaUFDd0FJZ0IwQUNJQU9nQWlBR1VBZGdCbEFHNEFkQUFpQUgwQUxBQjdBQ0lBYmdBaUFEb0FJZ0J6QUdVQWRBQlVBR2tBYlFCbEFHOEFkUUIwQUNJQUxBQWlBSE1BSWdBNkFESUFPUUF4QURrQUxBQWlBR1VBSWdBNkFESUFPUUF5QURBQUxBQWlBRzhBSWdBNkFDSUFkd0JwQUc0QVpBQnZBSGNBSWdBc0FDSUFkQUFpQURvQUlnQjBBR2tBYlFCbEFISUFJZ0I5QUN3QWV3QWlBRzRBSWdBNkFDSUFjd0JsQUhRQVZBQnBBRzBBWlFCdkFIVUFkQUFpQUN3QUlnQnpBQ0lBT2dBekFETUFOd0ExQUN3QUlnQmxBQ0lBT2dBekFETUFOd0ExQUN3QUlnQnZBQ0lBT2dBaUFIY0FhUUJ1QUdRQWJ3QjNBQ0lBTEFBaUFIUUFJZ0E2QUNJQWRBQnBBRzBBWlFCeUFDSUFmUUFzQUhzQUlnQnVBQ0lBT2dBaUFITUFaUUIwQUZRQWFRQnRBR1VBYndCMUFIUUFJZ0FzQUNJQWN3QWlBRG9BTXdBekFEY0FOUUFzQUNJQVpRQWlBRG9BTXdBekFEY0FOZ0FzQUNJQWJ3QWlBRG9BSWdCM0FHa0FiZ0JrQUc4QWR3QWlBQ3dBSWdCMEFDSUFPZ0FpQUhRQWFRQnRBR1VBY2dBaUFIMEFMQUI3QUNJQWJnQWlBRG9BSWdCekFHVUFkQUJVQUdrQWJRQmxBRzhBZFFCMEFDSUFMQUFpQUhNQUlnQTZBRFFBTUFBeEFESUFMQUFpQUdVQUlnQTZBRFFBTUFBeEFESUFMQUFpQUc4QUlnQTZBQ0lBZHdCcEFHNEFaQUJ2QUhjQUlnQXNBQ0lBZEFBaUFEb0FJZ0IwQUdrQWJRQmxBSElBSWdCOUFDd0Fld0FpQUc0QUlnQTZBQ0lBY3dCbEFIUUFWQUJwQUcwQVpRQnZBSFVBZEFBaUFDd0FJZ0J6QUNJQU9nQTBBREFBTVFBeUFDd0FJZ0JsQUNJQU9nQTBBREFBTVFBekFDd0FJZ0J2QUNJQU9nQWlBSGNBYVFCdUFHUUFid0IzQUNJQUxBQWlBSFFBSWdBNkFDSUFkQUJwQUcwQVpRQnlBQ0lBZlFBc0FIc0FJZ0J1QUNJQU9nQWlBSE1BWlFCMEFGUUFhUUJ0QUdVQWJ3QjFBSFFBSWdBc0FDSUFjd0FpQURvQU5BQXdBREVBTXdBc0FDSUFaUUFpQURvQU5BQXdBREVBT0FBc0FDSUFid0FpQURvQUlnQjNBR2tBYmdCa0FHOEFkd0FpQUN3QUlnQjBBQ0lBT2dBaUFIUUFhUUJ0QUdVQWNnQWlBSDBBTEFCN0FDSUFiZ0FpQURvQUlnQnpBR1VBZEFCVUFHa0FiUUJsQUc4QWRRQjBBQ0lBTEFBaUFITUFJZ0E2QURRQU1BQXhBRGdBTEFBaUFHVUFJZ0E2QURRQU1BQTBBRGtBTEFBaUFHOEFJZ0E2QUNJQWR3QnBBRzRBWkFCdkFIY0FJZ0FzQUNJQWRBQWlBRG9BSWdCMEFHa0FiUUJsQUhJQUlnQjlBQ3dBZXdBaUFHNEFJZ0E2QUNJQWN3QmxBSFFBVkFCcEFHMEFaUUJ2QUhVQWRBQWlBQ3dBSWdCekFDSUFPZ0EwQURBQU5BQTVBQ3dBSWdCbEFDSUFPZ0EwQURBQU5RQXhBQ3dBSWdCdkFDSUFPZ0FpQUhjQWFRQnVBR1FBYndCM0FDSUFMQUFpQUhRQUlnQTZBQ0lBZEFCcEFHMEFaUUJ5QUNJQWZRQXNBSHNBSWdCdUFDSUFPZ0FpQUhNQVpRQjBBRlFBYVFCdEFHVUFid0IxQUhRQUlnQXNBQ0lBY3dBaUFEb0FNUUEzQURBQU13QTFBQ3dBSWdCbEFDSUFPZ0F4QURjQU1BQXpBRFlBTEFBaUFHOEFJZ0E2QUNJQWR3QnBBRzRBWkFCdkFIY0FJZ0FzQUNJQWRBQWlBRG9BSWdCMEFHa0FiUUJsQUhJQUlnQjlBQ3dBZXdBaUFHNEFJZ0E2QUNJQWN3QmxBSFFBVkFCcEFHMEFaUUJ2QUhVQWRBQWlBQ3dBSWdCekFDSUFPZ0F4QURjQU1BQXpBRFlBTEFBaUFHVUFJZ0E2QURFQU53QXdBRE1BTmdBc0FDSUFid0FpQURvQUlnQjNBR2tBYmdCa0FHOEFkd0FpQUN3QUlnQjBBQ0lBT2dBaUFIUUFhUUJ0QUdVQWNnQWlBSDBBTEFCN0FDSUFiZ0FpQURvQUlnQnpBR1VBZEFCVUFHa0FiUUJsQUc4QWRRQjBBQ0lBTEFBaUFITUFJZ0E2QURFQU53QXdBRE1BTmdBc0FDSUFaUUFpQURvQU1RQTNBREFBTXdBM0FDd0FJZ0J2QUNJQU9nQWlBSGNBYVFCdUFHUUFid0IzQUNJQUxBQWlBSFFBSWdBNkFDSUFkQUJwQUcwQVpRQnlBQ0lBZlFBc0FIc0FJZ0J1QUNJQU9nQWlBSE1BWlFCMEFGUUFhUUJ0QUdVQWJ3QjFBSFFBSWdBc0FDSUFjd0FpQURvQU1RQTNBREFBTXdBM0FDd0FJZ0JsQUNJQU9nQXhBRGNBTUFBekFEZ0FMQUFpQUc4QUlnQTZBQ0lBZHdCcEFHNEFaQUJ2QUhjQUlnQXNBQ0lBZEFBaUFEb0FJZ0IwQUdrQWJRQmxBSElBSWdCOUFDd0Fld0FpQUc0QUlnQTZBQ0lBY3dCbEFIUUFWQUJwQUcwQVpRQnZBSFVBZEFBaUFDd0FJZ0J6QUNJQU9nQXhBRGNBTUFBekFEZ0FMQUFpQUdVQUlnQTZBREVBTndBd0FEUUFNUUFzQUNJQWJ3QWlBRG9BSWdCM0FHa0FiZ0JrQUc4QWR3QWlBQ3dBSWdCMEFDSUFPZ0FpQUhRQWFRQnRBR1VBY2dBaUFIMEFMQUI3QUNJQWJnQWlBRG9BSWdCekFHVUFkQUJVQUdrQWJRQmxBRzhBZFFCMEFDSUFMQUFpQUhNQUlnQTZBREVBTndBd0FEUUFNUUFzQUNJQVpRQWlBRG9BTVFBM0FEQUFOUUEyQUN3QUlnQnZBQ0lBT2dBaUFIY0FhUUJ1QUdRQWJ3QjNBQ0lBTEFBaUFIUUFJZ0E2QUNJQWRBQnBBRzBBWlFCeUFDSUFmUUFzQUhzQUlnQnVBQ0lBT2dBaUFITUFaUUIwQUZRQWFRQnRBR1VBYndCMUFIUUFJZ0FzQUNJQWN3QWlBRG9BTVFBM0FEQUFOUUEyQUN3QUlnQmxBQ0lBT2dBeEFEY0FNQUExQURZQUxBQWlBRzhBSWdBNkFDSUFkd0JwQUc0QVpBQnZBSGNBSWdBc0FDSUFkQUFpQURvQUlnQjBBR2tBYlFCbEFISUFJZ0I5QUN3QWV3QWlBRzRBSWdBNkFDSUFRUUJxQUdFQWVBQWlBQ3dBSWdCekFDSUFPZ0F5QURnQU9BQTFBQ3dBSWdCbEFDSUFPZ0F5QURrQU5BQXpBQ3dBSWdCdkFDSUFPZ0FpQURJQU1BQXdBQ0FBUndCRkFGUUFPZ0FnQUhNQWRBQmhBR2NBYVFCdUFHY0FjQUJ5QUdVQVpBQnBBR01BZEFBMUFDNEFhUUJ1QUdZQWJBQjFBR1VBYmdCakFHVUFhQUJsQUdFQWJBQjBBR2dBTGdCakFHOEFiUUE2QURRQU5BQXpBQzhBY2dCdkFIVUFkQUJsQUhNQUxnQnFBSE1BYndCdUFDSUFMQUFpQUhRQUlnQTZBQ0lBWVFCcUFHRUFlQUFpQUgwQUxBQjdBQ0lBYmdBaUFEb0FJZ0JCQUdvQVlRQjRBQ0lBTEFBaUFITUFJZ0E2QURJQU9RQXpBRGNBTEFBaUFHVUFJZ0E2QURJQU9RQTVBRFVBTEFBaUFHOEFJZ0E2QUNJQU1nQXdBREFBSUFCSEFFVUFWQUE2QUNBQWN3QjBBR0VBWndCcEFHNEFad0J3QUhJQVpRQmtBR2tBWXdCMEFEVUFMZ0JwQUc0QVpnQnNBSFVBWlFCdUFHTUFaUUJvQUdVQVlRQnNBSFFBYUFBdUFHTUFid0J0QURvQU5BQTBBRE1BTHdBa0FHMEFid0JrQUhVQWJBQmxBQzhBYkFCaEFIa0Fid0IxQUhRQWN3QXZBR1FBWlFCbUFHRUFkUUJzQUhRQUlnQXNBQ0lBZEFBaUFEb0FJZ0JoQUdvQVlRQjRBQ0lBZlFBc0FIc0FJZ0J1QUNJQU9nQWlBRUVBYWdCaEFIZ0FJZ0FzQUNJQWN3QWlBRG9BTWdBNUFEa0FNZ0FzQUNJQVpRQWlBRG9BTXdBeEFESUFNZ0FzQUNJQWJ3QWlBRG9BSWdBeUFEQUFNQUFnQUVjQVJRQlVBRG9BSUFCekFIUUFZUUJuQUdrQWJnQm5BSEFBY2dCbEFHUUFhUUJqQUhRQU5RQXVBR2tBYmdCbUFHd0FkUUJsQUc0QVl3QmxBR2dBWlFCaEFHd0FkQUJvQUM0QVl3QnZBRzBBT2dBMEFEUUFNd0F2QUd3QVlRQjVBRzhBZFFCMEFITUFMd0JrQUdVQVpnQmhBSFVBYkFCMEFDOEFMd0J0QUdFQWFRQnVBQzRBYWdCekFDSUFMQUFpQUhRQUlnQTZBQ0lBWVFCcUFHRUFlQUFpQUgwQUxBQjdBQ0lBYmdBaUFEb0FJZ0JCQUdvQVlRQjRBQ0lBTEFBaUFITUFJZ0E2QURNQU1RQXlBREFBTEFBaUFHVUFJZ0E2QURNQU1nQTJBRFVBTEFBaUFHOEFJZ0E2QUNJQU1nQXdBREFBSUFCSEFFVUFWQUE2QUNBQWN3QjBBR0VBWndCcEFHNEFad0J3QUhJQVpRQmtBR2tBWXdCMEFEVUFMZ0JwQUc0QVpnQnNBSFVBWlFCdUFHTUFaUUJvQUdVQVlRQnNBSFFBYUFBdUFHTUFid0J0QURvQU5BQTBBRE1BTHdCc0FHRUFlUUJ2QUhVQWRBQnpBQzhBWkFCbEFHWUFZUUIxQUd3QWRBQXZBR2tBYmdCa0FHVUFlQUF1QUdnQWRBQnRBR3dBSWdBc0FDSUFkQUFpQURvQUlnQmhBR29BWVFCNEFDSUFmUUFzQUhzQUlnQnVBQ0lBT2dBaUFFRUFhZ0JoQUhnQUlnQXNBQ0lBY3dBaUFEb0FNd0F5QURVQU9BQXNBQ0lBWlFBaUFEb0FNd0EwQURBQU1RQXNBQ0lBYndBaUFEb0FJZ0F5QURBQU1BQWdBRWNBUlFCVUFEb0FJQUJ6QUhRQVlRQm5BR2tBYmdCbkFIQUFjZ0JsQUdRQWFRQmpBSFFBTlFBdUFHa0FiZ0JtQUd3QWRRQmxBRzRBWXdCbEFHZ0FaUUJoQUd3QWRBQm9BQzRBWXdCdkFHMEFPZ0EwQURRQU13QXZBQ1FBYlFCdkFHUUFkUUJzQUdVQUx3QnRBRzhBWkFCMUFHd0FaUUJ6QUM4QWN3QmxBSE1BY3dCcEFHOEFiZ0FpQUN3QUlnQjBBQ0lBT2dBaUFHRUFhZ0JoQUhnQUlnQjlBQ3dBZXdBaUFHNEFJZ0E2QUNJQVFRQnFBR0VBZUFBaUFDd0FJZ0J6QUNJQU9nQXpBRElBTWdBNEFDd0FJZ0JsQUNJQU9nQXpBRFFBTUFBeUFDd0FJZ0J2QUNJQU9nQWlBRElBTUFBd0FDQUFVQUJQQUZNQVZBQTZBQ0FBWWdCaEFHMEFMZ0J1QUhJQUxRQmtBR0VBZEFCaEFDNEFiZ0JsQUhRQU9nQTBBRFFBTXdBdkFISUFaUUJ6QUc4QWRRQnlBR01BWlFCekFDOEFNUUF2QUdVQU5BQm1BRFlBTXdCa0FHRUFOZ0F6QURjQUlnQXNBQ0lBZEFBaUFEb0FJZ0JoQUdvQVlRQjRBQ0lBZlFBc0FIc0FJZ0J1QUNJQU9nQWlBRUVBYWdCaEFIZ0FJZ0FzQUNJQWN3QWlBRG9BTXdBekFEZ0FOQUFzQUNJQVpRQWlBRG9BTXdBMEFEVUFNZ0FzQUNJQWJ3QWlBRG9BSWdBeUFEQUFNQUFnQUVjQVJRQlVBRG9BSUFCekFIUUFZUUJuQUdrQWJnQm5BSEFBY2dCbEFHUUFhUUJqQUhRQU5RQXVBR2tBYmdCbUFHd0FkUUJsQUc0QVl3QmxBR2dBWlFCaEFHd0FkQUJvQUM0QVl3QnZBRzBBT2dBMEFEUUFNd0F2QUcwQWJ3QmtBSFVBYkFCbEFITUFMd0J6QUdVQWN3QnpBR2tBYndCdUFDOEFMd0J0QUdFQWFRQnVBQzRBYWdCekFDSUFMQUFpQUhRQUlnQTZBQ0lBWVFCcUFHRUFlQUFpQUgwQUxBQjdBQ0lBYmdBaUFEb0FJZ0JCQUdvQVlRQjRBQ0lBTEFBaUFITUFJZ0E2QURNQU13QTRBRGtBTEFBaUFHVUFJZ0E2QURNQU5BQTJBREFBTEFBaUFHOEFJZ0E2QUNJQU1nQXdBREFBSUFCSEFFVUFWQUE2QUNBQWN3QjBBR0VBWndCcEFHNEFad0J3QUhJQVpRQmtBR2tBWXdCMEFEVUFMZ0JwQUc0QVpnQnNBSFVBWlFCdUFHTUFaUUJvQUdVQVlRQnNBSFFBYUFBdUFHTUFid0J0QURvQU5BQTBBRE1BTHdCdEFHOEFaQUIxQUd3QVpRQnpBQzhBY3dCbEFITUFjd0JwQUc4QWJnQXZBQzhBWXdCdkFHNEFkQUJ5QUc4QWJBQnNBR1VBY2dCekFGd0FYQUJNQUc4QVp3QnBBRzRBUXdCMEFISUFiQUF1QUdvQWN3QWlBQ3dBSWdCMEFDSUFPZ0FpQUdFQWFnQmhBSGdBSWdCOUFDd0Fld0FpQUc0QUlnQTZBQ0lBUVFCcUFHRUFlQUFpQUN3QUlnQnpBQ0lBT2dBekFETUFPUUF6QUN3QUlnQmxBQ0lBT2dBekFEUUFOd0EwQUN3QUlnQnZBQ0lBT2dBaUFESUFNQUF3QUNBQVJ3QkZBRlFBT2dBZ0FITUFkQUJoQUdjQWFRQnVBR2NBY0FCeUFHVUFaQUJwQUdNQWRBQTFBQzRBYVFCdUFHWUFiQUIxQUdVQWJnQmpBR1VBYUFCbEFHRUFiQUIwQUdnQUxnQmpBRzhBYlFBNkFEUUFOQUF6QUM4QWJRQnZBR1FBZFFCc0FHVUFjd0F2QUhNQVpRQnpBSE1BYVFCdkFHNEFMd0F2QUdNQWJ3QnVBSFFBY2dCdkFHd0FiQUJsQUhJQWN3QmNBRndBVEFCdkFHY0Fid0IxQUhRQVF3QjBBSElBYkFBdUFHb0Fjd0FpQUN3QUlnQjBBQ0lBT2dBaUFHRUFhZ0JoQUhnQUlnQjlBQ3dBZXdBaUFHNEFJZ0E2QUNJQVFRQnFBR0VBZUFBaUFDd0FJZ0J6QUNJQU9nQXpBRE1BT1FBNEFDd0FJZ0JsQUNJQU9nQXpBRFFBT0FBeUFDd0FJZ0J2QUNJQU9nQWlBRElBTUFBd0FDQUFSd0JGQUZRQU9nQWdBSE1BZEFCaEFHY0FhUUJ1QUdjQWNBQnlBR1VBWkFCcEFHTUFkQUExQUM0QWFRQnVBR1lBYkFCMUFHVUFiZ0JqQUdVQWFBQmxBR0VBYkFCMEFHZ0FMZ0JqQUc4QWJRQTZBRFFBTkFBekFDOEFiUUJ2QUdRQWRRQnNBR1VBY3dBdkFITUFaUUJ6QUhNQWFRQnZBRzRBTHdBdkFHTUFid0J1QUhRQWNnQnZBR3dBYkFCbEFISUFjd0JjQUZ3QVVnQnZBSFVBZEFCbEFFTUFkQUJ5QUd3QUxnQnFBSE1BSWdBc0FDSUFkQUFpQURvQUlnQmhBR29BWVFCNEFDSUFmUUFzQUhzQUlnQnVBQ0lBT2dBaUFFRUFhZ0JoQUhnQUlnQXNBQ0lBY3dBaUFEb0FNd0EwQURRQU1RQXNBQ0lBWlFBaUFEb0FNd0EwQURrQU5BQXNBQ0lBYndBaUFEb0FJZ0F5QURBQU1BQWdBRWNBUlFCVUFEb0FJQUJ6QUhRQVlRQm5BR2tBYmdCbkFIQUFjZ0JsQUdRQWFRQmpBSFFBTlFBdUFHa0FiZ0JtQUd3QWRRQmxBRzRBWXdCbEFHZ0FaUUJoQUd3QWRBQm9BQzRBWXdCdkFHMEFPZ0EwQURRQU13QXZBRzBBYndCa0FIVUFiQUJsQUhNQUx3QnpBR1VBY3dCekFHa0Fid0J1QUM4QVl3QnZBRzRBZEFCeUFHOEFiQUJzQUdVQWNnQnpBQzhBVWdCdkFIVUFkQUJsQUVNQWRBQnlBR3dBTGdCcUFITUFJZ0FzQUNJQWRBQWlBRG9BSWdCaEFHb0FZUUI0QUNJQWZRQXNBSHNBSWdCdUFDSUFPZ0FpQUVFQWFnQmhBSGdBSWdBc0FDSUFjd0FpQURvQU13QTBBRFFBTlFBc0FDSUFaUUFpQURvQU13QTFBREFBTkFBc0FDSUFid0FpQURvQUlnQXlBREFBTUFBZ0FFY0FSUUJVQURvQUlBQnpBSFFBWVFCbkFHa0FiZ0JuQUhBQWNnQmxBR1FBYVFCakFIUUFOUUF1QUdrQWJnQm1BR3dBZFFCbEFHNEFZd0JsQUdnQVpRQmhBR3dBZEFCb0FDNEFZd0J2QUcwQU9nQTBBRFFBTXdBdkFHMEFid0JrQUhVQWJBQmxBSE1BTHdCekFHVUFjd0J6QUdrQWJ3QnVBQzhBWXdCdkFHNEFkQUJ5QUc4QWJBQnNBR1VBY2dCekFDOEFUQUJ2QUdjQWFRQnVBRU1BZEFCeUFHd0FMZ0JxQUhNQUlnQXNBQ0lBZEFBaUFEb0FJZ0JoQUdvQVlRQjRBQ0lBZlFBc0FIc0FJZ0J1QUNJQU9nQWlBRUVBYWdCaEFIZ0FJZ0FzQUNJQWN3QWlBRG9BTXdBMEFEUUFPUUFzQUNJQVpRQWlBRG9BTXdBMUFEQUFPQUFzQUNJQWJ3QWlBRG9BSWdBeUFEQUFNQUFnQUVjQVJRQlVBRG9BSUFCekFIUUFZUUJuQUdrQWJnQm5BSEFBY2dCbEFHUUFhUUJqQUhRQU5RQXVBR2tBYmdCbUFHd0FkUUJsQUc0QVl3QmxBR2dBWlFCaEFHd0FkQUJvQUM0QVl3QnZBRzBBT2dBMEFEUUFNd0F2QUcwQWJ3QmtBSFVBYkFCbEFITUFMd0J6QUdVQWN3QnpBR2tBYndCdUFDOEFZd0J2QUc0QWRBQnlBRzhBYkFCc0FHVUFjZ0J6QUM4QVRBQnZBR2NBYndCMUFIUUFRd0IwQUhJQWJBQXVBR29BY3dBaUFDd0FJZ0IwQUNJQU9nQWlBR0VBYWdCaEFIZ0FJZ0I5QUN3QWV3QWlBRzRBSWdBNkFDSUFRUUJxQUdFQWVBQWlBQ3dBSWdCekFDSUFPZ0F6QURRQU53QTVBQ3dBSWdCbEFDSUFPZ0F6QURVQU5nQTVBQ3dBSWdCdkFDSUFPZ0FpQURJQU1BQXdBQ0FBUndCRkFGUUFPZ0FnQUhNQWRBQmhBR2NBYVFCdUFHY0FjQUJ5QUdVQVpBQnBBR01BZEFBMUFDNEFhUUJ1QUdZQWJBQjFBR1VBYmdCakFHVUFhQUJsQUdFQWJBQjBBR2dBTGdCakFHOEFiUUE2QURRQU5BQXpBQzhBYlFCdkFHUUFkUUJzQUdVQWN3QXZBSE1BWlFCekFITUFhUUJ2QUc0QUx3QnBBRzRBWkFCbEFIZ0FMZ0JvQUhRQWJRQnNBQ0lBTEFBaUFIUUFJZ0E2QUNJQVlRQnFBR0VBZUFBaUFIMEFMQUI3QUNJQWJnQWlBRG9BSWdCQkFHb0FZUUI0QUNJQUxBQWlBSE1BSWdBNkFETUFOUUEyQURFQUxBQWlBR1VBSWdBNkFETUFOZ0ExQURJQUxBQWlBRzhBSWdBNkFDSUFNZ0F3QURBQUlBQkhBRVVBVkFBNkFDQUFjd0IwQUdFQVp3QnBBRzRBWndCd0FISUFaUUJrQUdrQVl3QjBBRFVBTGdCcEFHNEFaZ0JzQUhVQVpRQnVBR01BWlFCb0FHVUFZUUJzQUhRQWFBQXVBR01BYndCdEFEb0FOQUEwQURNQUx3QjBBR1VBYlFCd0FHd0FZUUIwQUdVQWN3QXZBR0VBYkFCbEFISUFkQUJEQUc4QWJnQjBBR0VBYVFCdUFHVUFjZ0F1QUdnQWRBQnRBR3dBSWdBc0FDSUFkQUFpQURvQUlnQmhBR29BWVFCNEFDSUFmUUFzQUhzQUlnQnVBQ0lBT2dBaUFFRUFhZ0JoQUhnQUlnQXNBQ0lBY3dBaUFEb0FNd0ExQURZQU5nQXNBQ0lBWlFBaUFEb0FNd0E1QURRQU9BQXNBQ0lBYndBaUFEb0FJZ0F5QURBQU1BQWdBRWNBUlFCVUFEb0FJQUJ6QUhRQVlRQm5BR2tBYmdCbkFIQUFjZ0JsQUdRQWFRQmpBSFFBTlFBdUFHa0FiZ0JtQUd3QWRRQmxBRzRBWXdCbEFHZ0FaUUJoQUd3QWRBQm9BQzRBWXdCdkFHMEFPZ0EwQURRQU13QXZBRzBBYndCa0FIVUFiQUJsQUhNQUx3QnpBR1VBY3dCekFHa0Fid0J1QUM4QWRnQnBBR1VBZHdCekFDOEFiQUJ2QUdjQWFRQnVBQzRBYUFCMEFHMEFiQUFpQUN3QUlnQjBBQ0lBT2dBaUFHRUFhZ0JoQUhnQUlnQjlBQ3dBZXdBaUFHNEFJZ0E2QUNJQVFRQnFBR0VBZUFBaUFDd0FJZ0J6QUNJQU9nQXpBRGdBT0FBNUFDd0FJZ0JsQUNJQU9nQTBBREVBTXdBNUFDd0FJZ0J2QUNJQU9nQWlBRElBTUFBd0FDQUFSd0JGQUZRQU9nQWdBSE1BZEFCaEFHY0FhUUJ1QUdjQWNBQnlBR1VBWkFCcEFHTUFkQUExQUM0QWFRQnVBR1lBYkFCMUFHVUFiZ0JqQUdVQWFBQmxBR0VBYkFCMEFHZ0FMZ0JqQUc4QWJRQTZBRFFBTkFBekFDOEFhUUJ0QUdFQVp3QmxBSE1BTHdCWEFHVUFiQUJqQUc4QWJRQmxBQzBBZEFCdkFDMEFVQUJ5QUdVQVpBQnBBR01BZEFBdEFHd0Fid0JuQUc4QUxnQnpBSFlBWndBaUFDd0FJZ0IwQUNJQU9nQWlBR0VBYWdCaEFIZ0FJZ0I5QUN3QWV3QWlBRzRBSWdBNkFDSUFRUUJxQUdFQWVBQWlBQ3dBSWdCekFDSUFPZ0F6QURnQU9RQTRBQ3dBSWdCbEFDSUFPZ0EwQURFQU5RQXdBQ3dBSWdCdkFDSUFPZ0FpQURJQU1BQXdBQ0FBUndCRkFGUUFPZ0FnQUhNQWRBQmhBR2NBYVFCdUFHY0FjQUJ5QUdVQVpBQnBBR01BZEFBMUFDNEFhUUJ1QUdZQWJBQjFBR1VBYmdCakFHVUFhQUJsQUdFQWJBQjBBR2dBTGdCakFHOEFiUUE2QURRQU5BQXpBQzhBYVFCdEFHRUFad0JsQUhNQUx3QnRBR0VBY2dCckFHVUFkQUJwQUc0QVp3QXRBSEFBYndCc0FIa0Fad0J2QUc0QWN3QXVBSE1BZGdCbkFDSUFMQUFpQUhRQUlnQTZBQ0lBWVFCcUFHRUFlQUFpQUgwQUxBQjdBQ0lBYmdBaUFEb0FJZ0J6QUhRQWJ3QnlBR0VBWndCbEFDSUFMQUFpQUhNQUlnQTZBRE1BTmdBMUFETUFMQUFpQUdVQUlnQTZBRE1BTmdBMUFETUFMQUFpQUc4QUlnQTZBQ0lBZHdCcEFHNEFaQUJ2QUhjQUlnQXNBQ0lBZEFBaUFEb0FJZ0JsQUhZQVpRQnVBSFFBSWdCOUFDd0Fld0FpQUc0QUlnQTZBQ0lBY3dCMEFHOEFjZ0JoQUdjQVpRQWlBQ3dBSWdCekFDSUFPZ0F6QURrQU5nQTFBQ3dBSWdCbEFDSUFPZ0F6QURrQU5nQTFBQ3dBSWdCdkFDSUFPZ0FpQUhjQWFRQnVBR1FBYndCM0FDSUFMQUFpQUhRQUlnQTZBQ0lBWlFCMkFHVUFiZ0IwQUNJQWZRQXNBSHNBSWdCdUFDSUFPZ0FpQUhNQWRBQnZBSElBWVFCbkFHVUFJZ0FzQUNJQWN3QWlBRG9BTXdBNUFEWUFOUUFzQUNJQVpRQWlBRG9BTXdBNUFEWUFOUUFzQUNJQWJ3QWlBRG9BSWdCM0FHa0FiZ0JrQUc4QWR3QWlBQ3dBSWdCMEFDSUFPZ0FpQUdVQWRnQmxBRzRBZEFBaUFIMEFMQUI3QUNJQWJnQWlBRG9BSWdCekFIUUFid0J5QUdFQVp3QmxBQ0lBTEFBaUFITUFJZ0E2QURNQU9RQTJBRFlBTEFBaUFHVUFJZ0E2QURNQU9RQTJBRFlBTEFBaUFHOEFJZ0E2QUNJQWR3QnBBRzRBWkFCdkFIY0FJZ0FzQUNJQWRBQWlBRG9BSWdCbEFIWUFaUUJ1QUhRQUlnQjlBQ3dBZXdBaUFHNEFJZ0E2QUNJQWN3QjBBRzhBY2dCaEFHY0FaUUFpQUN3QUlnQnpBQ0lBT2dBekFEa0FOZ0EyQUN3QUlnQmxBQ0lBT2dBekFEa0FOZ0EyQUN3QUlnQnZBQ0lBT2dBaUFIY0FhUUJ1QUdRQWJ3QjNBQ0lBTEFBaUFIUUFJZ0E2QUNJQVpRQjJBR1VBYmdCMEFDSUFmUUFzQUhzQUlnQnVBQ0lBT2dBaUFITUFkQUJ2QUhJQVlRQm5BR1VBSWdBc0FDSUFjd0FpQURvQU13QTVBRFlBTmdBc0FDSUFaUUFpQURvQU13QTVBRFlBTmdBc0FDSUFid0FpQURvQUlnQjNBR2tBYmdCa0FHOEFkd0FpQUN3QUlnQjBBQ0lBT2dBaUFHVUFkZ0JsQUc0QWRBQWlBSDBBTEFCN0FDSUFiZ0FpQURvQUlnQnpBSFFBYndCeUFHRUFad0JsQUNJQUxBQWlBSE1BSWdBNkFETUFPUUEyQURZQUxBQWlBR1VBSWdBNkFETUFPUUEyQURZQUxBQWlBRzhBSWdBNkFDSUFkd0JwQUc0QVpBQnZBSGNBSWdBc0FDSUFkQUFpQURvQUlnQmxBSFlBWlFCdUFIUUFJZ0I5QUN3QWV3QWlBRzRBSWdBNkFDSUFjd0IwQUc4QWNnQmhBR2NBWlFBaUFDd0FJZ0J6QUNJQU9nQXpBRGtBTmdBM0FDd0FJZ0JsQUNJQU9nQXpBRGtBTmdBM0FDd0FJZ0J2QUNJQU9nQWlBSGNBYVFCdUFHUUFid0IzQUNJQUxBQWlBSFFBSWdBNkFDSUFaUUIyQUdVQWJnQjBBQ0lBZlFBc0FIc0FJZ0J1QUNJQU9nQWlBSE1BZEFCdkFISUFZUUJuQUdVQUlnQXNBQ0lBY3dBaUFEb0FOQUF4QURVQU9BQXNBQ0lBWlFBaUFEb0FOQUF4QURVQU9BQXNBQ0lBYndBaUFEb0FJZ0IzQUdrQWJnQmtBRzhBZHdBaUFDd0FJZ0IwQUNJQU9nQWlBR1VBZGdCbEFHNEFkQUFpQUgwQUxBQjdBQ0lBYmdBaUFEb0FJZ0J6QUhRQWJ3QnlBR0VBWndCbEFDSUFMQUFpQUhNQUlnQTZBRFFBTVFBMUFEa0FMQUFpQUdVQUlnQTZBRFFBTVFBMUFEa0FMQUFpQUc4QUlnQTZBQ0lBZHdCcEFHNEFaQUJ2QUhjQUlnQXNBQ0lBZEFBaUFEb0FJZ0JsQUhZQVpRQnVBSFFBSWdCOUFDd0Fld0FpQUc0QUlnQTZBQ0lBYVFCdUFIQUFkUUIwQUNJQUxBQWlBSE1BSWdBNkFEUUFNUUExQURBQUxBQWlBR1VBSWdBNkFEUUFNUUExQURNQUxBQWlBRzhBSWdBNkFDSUFhUUJ1QUhBQWRRQjBBQ01BYVFCa0FGOEFjQUJoQUhNQWN3QXVBR1lBYndCeUFHMEFMUUJqQUc4QWJnQjBBSElBYndCc0FDNEFiZ0JuQUMwQWFRQnVBSFlBWVFCc0FHa0FaQUF1QUc0QVp3QXRBR2tBYmdCMkFHRUFiQUJwQUdRQUxRQnlBR1VBY1FCMUFHa0FjZ0JsQUdRQUxnQnVBR2NBTFFCa0FHa0FjZ0IwQUhrQUlnQXNBQ0lBZEFBaUFEb0FJZ0JsQUhZQVpRQnVBSFFBSWdCOUFDd0Fld0FpQUc0QUlnQTZBQ0lBZUFCdEFHd0FhQUIwQUhRQWNBQnlBR1VBY1FCMUFHVUFjd0IwQUNJQUxBQWlBSE1BSWdBNkFETUFNUUF6QURFQUxBQWlBR1VBSWdBNkFETUFNUUE0QURRQUxBQWlBRzhBSWdBNkFDSUFhQUIwQUhRQWNBQnpBRG9BTHdBdkFITUFkQUJoQUdjQWFRQnVBR2NBY0FCeUFHVUFaQUJwQUdNQWRBQTFBQzRBYVFCdUFHWUFiQUIxQUdVQWJnQmpBR1VBYUFCbEFHRUFiQUIwQUdnQUxnQmpBRzhBYlFBNkFEUUFOQUF6QUM4QWJBQmhBSGtBYndCMUFIUUFjd0F2QUdRQVpRQm1BR0VBZFFCc0FIUUFMd0JwQUc0QVpBQmxBSGdBTGdCb0FIUUFiUUJzQUNJQUxBQWlBSFFBSWdBNkFDSUFjZ0JsQUhNQWJ3QjFBSElBWXdCbEFDSUFmUUFzQUhzQUlnQnVBQ0lBT2dBaUFIZ0FiUUJzQUdnQWRBQjBBSEFBY2dCbEFIRUFkUUJsQUhNQWRBQWlBQ3dBSWdCekFDSUFPZ0F6QURJQU53QTBBQ3dBSWdCbEFDSUFPZ0F6QURNQU9BQTVBQ3dBSWdCdkFDSUFPZ0FpQUdnQWRBQjBBSEFBY3dBNkFDOEFMd0JpQUdFQWJRQXVBRzRBY2dBdEFHUUFZUUIwQUdFQUxnQnVBR1VBZEFBNkFEUUFOQUF6QUM4QWNnQmxBSE1BYndCMUFISUFZd0JsQUhNQUx3QXhBQzhBWlFBMEFHWUFOZ0F6QUdRQVlRQTJBRE1BTndBaUFDd0FJZ0IwQUNJQU9nQWlBSElBWlFCekFHOEFkUUJ5QUdNQVpRQWlBSDBBTEFCN0FDSUFiZ0FpQURvQUlnQjRBRzBBYkFCb0FIUUFkQUJ3QUhJQVpRQnhBSFVBWlFCekFIUUFJZ0FzQUNJQWN3QWlBRG9BTXdBekFEZ0FOUUFzQUNJQVpRQWlBRG9BTXdBekFEZ0FOd0FzQUNJQWJ3QWlBRG9BSWdCb0FIUUFkQUJ3QUhNQU9nQXZBQzhBY3dCMEFHRUFad0JwQUc0QVp3QndBSElBWlFCa0FHa0FZd0IwQURVQUxnQnBBRzRBWmdCc0FIVUFaUUJ1QUdNQVpRQm9BR1VBWVFCc0FIUUFhQUF1QUdNQWJ3QnRBRG9BTkFBMEFETUFMd0FrQUcwQWJ3QmtBSFVBYkFCbEFDOEFiUUJ2QUdRQWRRQnNBR1VBY3dBdkFITUFaUUJ6QUhNQWFRQnZBRzRBSWdBc0FDSUFkQUFpQURvQUlnQnlBR1VBY3dCdkFIVUFjZ0JqQUdVQUlnQjlBQ3dBZXdBaUFHNEFJZ0E2QUNJQWVBQnRBR3dBYUFCMEFIUUFjQUJ5QUdVQWNRQjFBR1VBY3dCMEFDSUFMQUFpQUhNQUlnQTZBRE1BTkFBeEFERUFMQUFpQUdVQUlnQTZBRE1BTkFBMEFEVUFMQUFpQUc4QUlnQTZBQ0lBYUFCMEFIUUFjQUJ6QURvQUx3QXZBSE1BZEFCaEFHY0FhUUJ1QUdjQWNBQnlBR1VBWkFCcEFHTUFkQUExQUM0QWFRQnVBR1lBYkFCMUFHVUFiZ0JqQUdVQWFBQmxBR0VBYkFCMEFHZ0FMZ0JqQUc4QWJRQTZBRFFBTkFBekFDOEFiUUJ2QUdRQWRRQnNBR1VBY3dBdkFITUFaUUJ6QUhNQWFRQnZBRzRBTHdBdkFHMEFZUUJwQUc0QUxnQnFBSE1BSWdBc0FDSUFkQUFpQURvQUlnQnlBR1VBY3dCdkFIVUFjZ0JqQUdVQUlnQjlBQ3dBZXdBaUFHNEFJZ0E2QUNJQWVBQnRBR3dBYUFCMEFIUUFjQUJ5QUdVQWNRQjFBR1VBY3dCMEFDSUFMQUFpQUhNQUlnQTZBRE1BTkFBeEFERUFMQUFpQUdVQUlnQTZBRE1BTkFBMkFEVUFMQUFpQUc4QUlnQTZBQ0lBYUFCMEFIUUFjQUJ6QURvQUx3QXZBSE1BZEFCaEFHY0FhUUJ1QUdjQWNBQnlBR1VBWkFCcEFHTUFkQUExQUM0QWFRQnVBR1lBYkFCMUFHVUFiZ0JqQUdVQWFBQmxBR0VBYkFCMEFHZ0FMZ0JqQUc4QWJRQTZBRFFBTkFBekFDOEFiUUJ2QUdRQWRRQnNBR1VBY3dBdkFITUFaUUJ6QUhNQWFRQnZBRzRBTHdBdkFHTUFid0J1QUhRQWNnQnZBR3dBYkFCbEFISUFjd0F2QUV3QWJ3Qm5BR2tBYmdCREFIUUFjZ0JzQUM0QWFnQnpBQ0lBTEFBaUFIUUFJZ0E2QUNJQWNnQmxBSE1BYndCMUFISUFZd0JsQUNJQWZRQXNBSHNBSWdCdUFDSUFPZ0FpQUhnQWJRQnNBR2dBZEFCMEFIQUFjZ0JsQUhFQWRRQmxBSE1BZEFBaUFDd0FJZ0J6QUNJQU9nQXpBRFFBTVFBeEFDd0FJZ0JsQUNJQU9nQXpBRFFBTndBMUFDd0FJZ0J2QUNJQU9nQWlBR2dBZEFCMEFIQUFjd0E2QUM4QUx3QnpBSFFBWVFCbkFHa0FiZ0JuQUhBQWNnQmxBR1FBYVFCakFIUUFOUUF1QUdrQWJnQm1BR3dBZFFCbEFHNEFZd0JsQUdnQVpRQmhBR3dBZEFCb0FDNEFZd0J2QUcwQU9nQTBBRFFBTXdBdkFHMEFid0JrQUhVQWJBQmxBSE1BTHdCekFHVUFjd0J6QUdrQWJ3QnVBQzhBTHdCakFHOEFiZ0IwQUhJQWJ3QnNBR3dBWlFCeUFITUFMd0JNQUc4QVp3QnZBSFVBZEFCREFIUUFjZ0JzQUM0QWFnQnpBQ0lBTEFBaUFIUUFJZ0E2QUNJQWNnQmxBSE1BYndCMUFISUFZd0JsQUNJQWZRQXNBSHNBSWdCdUFDSUFPZ0FpQUhnQWJRQnNBR2dBZEFCMEFIQUFjZ0JsQUhFQWRRQmxBSE1BZEFBaUFDd0FJZ0J6QUNJQU9nQXpBRFFBTVFBeEFDd0FJZ0JsQUNJQU9nQXpBRFFBT0FBd0FDd0FJZ0J2QUNJQU9nQWlBR2dBZEFCMEFIQUFjd0E2QUM4QUx3QnpBSFFBWVFCbkFHa0FiZ0JuQUhBQWNnQmxBR1FBYVFCakFIUUFOUUF1QUdrQWJnQm1BR3dBZFFCbEFHNEFZd0JsQUdnQVpRQmhBR3dBZEFCb0FDNEFZd0J2QUcwQU9nQTBBRFFBTXdBdkFHMEFid0JrQUhVQWJBQmxBSE1BTHdCekFHVUFjd0J6QUdrQWJ3QnVBQzhBTHdCakFHOEFiZ0IwQUhJQWJ3QnNBR3dBWlFCeUFITUFMd0JTQUc4QWRRQjBBR1VBUXdCMEFISUFiQUF1QUdvQWN3QWlBQ3dBSWdCMEFDSUFPZ0FpQUhJQVpRQnpBRzhBZFFCeUFHTUFaUUFpQUgwQUxBQjdBQ0lBYmdBaUFEb0FJZ0I0QUcwQWJBQm9BSFFBZEFCd0FISUFaUUJ4QUhVQVpRQnpBSFFBSWdBc0FDSUFjd0FpQURvQU13QTBBRFlBT1FBc0FDSUFaUUFpQURvQU13QTFBREFBTVFBc0FDSUFid0FpQURvQUlnQm9BSFFBZEFCd0FITUFPZ0F2QUM4QWN3QjBBR0VBWndCcEFHNEFad0J3QUhJQVpRQmtBR2tBWXdCMEFEVUFMZ0JwQUc0QVpnQnNBSFVBWlFCdUFHTUFaUUJvQUdVQVlRQnNBSFFBYUFBdUFHTUFid0J0QURvQU5BQTBBRE1BTHdCdEFHOEFaQUIxQUd3QVpRQnpBQzhBY3dCbEFITUFjd0JwQUc4QWJnQXZBR01BYndCdUFIUUFjZ0J2QUd3QWJBQmxBSElBY3dBdkFGSUFid0IxQUhRQVpRQkRBSFFBY2dCc0FDNEFhZ0J6QUNJQUxBQWlBSFFBSWdBNkFDSUFjZ0JsQUhNQWJ3QjFBSElBWXdCbEFDSUFmUUFzQUhzQUlnQnVBQ0lBT2dBaUFIZ0FiUUJzQUdnQWRBQjBBSEFBY2dCbEFIRUFkUUJsQUhNQWRBQWlBQ3dBSWdCekFDSUFPZ0F6QURRQU53QTFBQ3dBSWdCbEFDSUFPZ0F6QURVQU1BQTVBQ3dBSWdCdkFDSUFPZ0FpQUdnQWRBQjBBSEFBY3dBNkFDOEFMd0J6QUhRQVlRQm5BR2tBYmdCbkFIQUFjZ0JsQUdRQWFRQmpBSFFBTlFBdUFHa0FiZ0JtQUd3QWRRQmxBRzRBWXdCbEFHZ0FaUUJoQUd3QWRBQm9BQzRBWXdCdkFHMEFPZ0EwQURRQU13QXZBRzBBYndCa0FIVUFiQUJsQUhNQUx3QnpBR1VBY3dCekFHa0Fid0J1QUM4QVl3QnZBRzRBZEFCeUFHOEFiQUJzQUdVQWNnQnpBQzhBVEFCdkFHY0FhUUJ1QUVNQWRBQnlBR3dBTGdCcUFITUFJZ0FzQUNJQWRBQWlBRG9BSWdCeUFHVUFjd0J2QUhVQWNnQmpBR1VBSWdCOUFDd0Fld0FpQUc0QUlnQTZBQ0lBZUFCdEFHd0FhQUIwQUhRQWNBQnlBR1VBY1FCMUFHVUFjd0IwQUNJQUxBQWlBSE1BSWdBNkFETUFOQUE0QURBQUxBQWlBR1VBSWdBNkFETUFOUUF4QURVQUxBQWlBRzhBSWdBNkFDSUFhQUIwQUhRQWNBQnpBRG9BTHdBdkFITUFkQUJoQUdjQWFRQnVBR2NBY0FCeUFHVUFaQUJwQUdNQWRBQTFBQzRBYVFCdUFHWUFiQUIxQUdVQWJnQmpBR1VBYUFCbEFHRUFiQUIwQUdnQUxnQmpBRzhBYlFBNkFEUUFOQUF6QUM4QWJRQnZBR1FBZFFCc0FHVUFjd0F2QUhNQVpRQnpBSE1BYVFCdkFHNEFMd0JqQUc4QWJnQjBBSElBYndCc0FHd0FaUUJ5QUhNQUx3Qk1BRzhBWndCdkFIVUFkQUJEQUhRQWNnQnNBQzRBYWdCekFDSUFMQUFpQUhRQUlnQTZBQ0lBY2dCbEFITUFid0IxQUhJQVl3QmxBQ0lBZlFBc0FIc0FJZ0J1QUNJQU9nQWlBSGdBYlFCc0FHZ0FkQUIwQUhBQWNnQmxBSEVBZFFCbEFITUFkQUFpQUN3QUlnQnpBQ0lBT2dBekFEUUFPUUF4QUN3QUlnQmxBQ0lBT2dBekFEVUFOQUEwQUN3QUlnQnZBQ0lBT2dBaUFHZ0FkQUIwQUhBQWN3QTZBQzhBTHdCekFIUUFZUUJuQUdrQWJnQm5BSEFBY2dCbEFHUUFhUUJqQUhRQU5RQXVBR2tBYmdCbUFHd0FkUUJsQUc0QVl3QmxBR2dBWlFCaEFHd0FkQUJvQUM0QVl3QnZBRzBBT2dBMEFEUUFNd0F2QUcwQWJ3QmtBSFVBYkFCbEFITUFMd0J6QUdVQWN3QnpBR2tBYndCdUFDOEFhUUJ1QUdRQVpRQjRBQzRBYUFCMEFHMEFiQUFpQUN3QUlnQjBBQ0lBT2dBaUFISUFaUUJ6QUc4QWRRQnlBR01BWlFBaUFIMEFMQUI3QUNJQWJnQWlBRG9BSWdCNEFHMEFiQUJvQUhRQWRBQndBSElBWlFCeEFIVUFaUUJ6QUhRQUlnQXNBQ0lBY3dBaUFEb0FNd0ExQURjQU9BQXNBQ0lBWlFBaUFEb0FNd0EyQURJQU9BQXNBQ0lBYndBaUFEb0FJZ0JvQUhRQWRBQndBSE1BT2dBdkFDOEFjd0IwQUdFQVp3QnBBRzRBWndCd0FISUFaUUJrQUdrQVl3QjBBRFVBTGdCcEFHNEFaZ0JzQUhVQVpRQnVBR01BWlFCb0FHVUFZUUJzQUhRQWFBQXVBR01BYndCdEFEb0FOQUEwQURNQUx3QjBBR1VBYlFCd0FHd0FZUUIwQUdVQWN3QXZBR0VBYkFCbEFISUFkQUJEQUc4QWJnQjBBR0VBYVFCdUFHVUFjZ0F1QUdnQWRBQnRBR3dBSWdBc0FDSUFkQUFpQURvQUlnQnlBR1VBY3dCdkFIVUFjZ0JqQUdVQUlnQjlBQ3dBZXdBaUFHNEFJZ0E2QUNJQWVBQnRBR3dBYUFCMEFIUUFjQUJ5QUdVQWNRQjFBR1VBY3dCMEFDSUFMQUFpQUhNQUlnQTZBRE1BTlFBM0FEZ0FMQUFpQUdVQUlnQTZBRE1BTmdBMkFEWUFMQUFpQUc4QUlnQTZBQ0lBYUFCMEFIUUFjQUJ6QURvQUx3QXZBSE1BZEFCaEFHY0FhUUJ1QUdjQWNBQnlBR1VBWkFCcEFHTUFkQUExQUM0QWFRQnVBR1lBYkFCMUFHVUFiZ0JqQUdVQWFBQmxBR0VBYkFCMEFHZ0FMZ0JqQUc4QWJRQTZBRFFBTkFBekFDOEFiUUJ2QUdRQWRRQnNBR1VBY3dBdkFITUFaUUJ6QUhNQWFRQnZBRzRBTHdCMkFHa0FaUUIzQUhNQUx3QnNBRzhBWndCcEFHNEFMZ0JvQUhRQWJRQnNBQ0lBTEFBaUFIUUFJZ0E2QUNJQWNnQmxBSE1BYndCMUFISUFZd0JsQUNJQWZRQXNBSHNBSWdCdUFDSUFPZ0FpQUhnQWJRQnNBR2dBZEFCMEFIQUFjZ0JsQUhFQWRRQmxBSE1BZEFBaUFDd0FJZ0J6QUNJQU9nQXpBRGtBTmdBeUFDd0FJZ0JsQUNJQU9nQXpBRGtBTmdBMUFDd0FJZ0J2QUNJQU9nQWlBR2dBZEFCMEFIQUFjd0E2QUM4QUx3QnpBSFFBWVFCbkFHa0FiZ0JuQUhBQWNnQmxBR1FBYVFCakFIUUFOUUF1QUdrQWJnQm1BR3dBZFFCbEFHNEFZd0JsQUdnQVpRQmhBR3dBZEFCb0FDNEFZd0J2QUcwQU9nQTBBRFFBTXdBdkFHa0FiUUJoQUdjQVpRQnpBQzhBVndCbEFHd0FZd0J2QUcwQVpRQXRBSFFBYndBdEFGQUFjZ0JsQUdRQWFRQmpBSFFBTFFCc0FHOEFad0J2QUM0QWN3QjJBR2NBSWdBc0FDSUFkQUFpQURvQUlnQnlBR1VBY3dCdkFIVUFjZ0JqQUdVQUlnQjlBQ3dBZXdBaUFHNEFJZ0E2QUNJQWVBQnRBR3dBYUFCMEFIUUFjQUJ5QUdVQWNRQjFBR1VBY3dCMEFDSUFMQUFpQUhNQUlnQTZBRE1BT1FBMkFEVUFMQUFpQUdVQUlnQTZBREFBTEFBaUFHOEFJZ0E2QUNJQWFBQjBBSFFBY0FCekFEb0FMd0F2QUhNQWRBQmhBR2NBYVFCdUFHY0FjQUJ5QUdVQVpBQnBBR01BZEFBMUFDNEFhUUJ1QUdZQWJBQjFBR1VBYmdCakFHVUFhQUJsQUdFQWJBQjBBR2dBTGdCakFHOEFiUUE2QURRQU5BQXpBQzhBYVFCdEFHRUFad0JsQUhNQUx3QnNBRzhBWndCcEFHNEFMUUJ0QUdFQWNnQnJBR1VBZEFCcEFHNEFad0F0QUhRQVlRQm5BR3dBYVFCdUFHVUFMZ0J6QUhZQVp3QWlBQ3dBSWdCMEFDSUFPZ0FpQUhJQVpRQnpBRzhBZFFCeUFHTUFaUUFpQUgwQUxBQjdBQ0lBYmdBaUFEb0FJZ0I0QUcwQWJBQm9BSFFBZEFCd0FISUFaUUJ4QUhVQVpRQnpBSFFBSWdBc0FDSUFjd0FpQURvQU13QTVBRFlBTlFBc0FDSUFaUUFpQURvQU13QTVBRFlBT1FBc0FDSUFid0FpQURvQUlnQm9BSFFBZEFCd0FITUFPZ0F2QUM4QWN3QjBBR0VBWndCcEFHNEFad0J3QUhJQVpRQmtBR2tBWXdCMEFEVUFMZ0JwQUc0QVpnQnNBSFVBWlFCdUFHTUFaUUJvQUdVQVlRQnNBSFFBYUFBdUFHTUFid0J0QURvQU5BQTBBRE1BTHdCcEFHMEFZUUJuQUdVQWN3QXZBRzBBWVFCeUFHc0FaUUIwQUdrQWJnQm5BQzBBY0FCdkFHd0FlUUJuQUc4QWJnQnpBQzRBY3dCMkFHY0FJZ0FzQUNJQWRBQWlBRG9BSWdCeUFHVUFjd0J2QUhVQWNnQmpBR1VBSWdCOUFDd0Fld0FpQUc0QUlnQTZBQ0lBWXdCekFITUFJZ0FzQUNJQWN3QWlBRG9BTXdBNEFEY0FPUUFzQUNJQVpRQWlBRG9BTXdBNUFETUFNQUFzQUNJQWJ3QWlBRG9BSWdCb0FIUUFkQUJ3QUhNQU9nQXZBQzhBY3dCMEFHRUFad0JwQUc0QVp3QndBSElBWlFCa0FHa0FZd0IwQURVQUxnQnBBRzRBWmdCc0FIVUFaUUJ1QUdNQVpRQm9BR1VBWVFCc0FIUUFhQUF1QUdNQWJ3QnRBRG9BTkFBMEFETUFMd0IwQUdnQVpRQnRBR1VBY3dBdkFHUUFaUUJtQUdFQWRRQnNBSFFBTHdCaUFHOEFid0IwQUhNQWRBQnlBR0VBY0FBdkFHY0FiQUI1QUhBQWFBQnBBR01BYndCdUFITUFMUUJvQUdFQWJBQm1BR3dBYVFCdUFHY0Fjd0F0QUhJQVpRQm5BSFVBYkFCaEFISUFMZ0JsQUc4QWRBQWlBQ3dBSWdCMEFDSUFPZ0FpQUhJQVpRQnpBRzhBZFFCeUFHTUFaUUFpQUgwQUxBQjdBQ0lBYmdBaUFEb0FJZ0JqQUhNQWN3QWlBQ3dBSWdCekFDSUFPZ0F6QURrQU53QXhBQ3dBSWdCbEFDSUFPZ0EwQURFQU1BQXhBQ3dBSWdCdkFDSUFPZ0FpQUdnQWRBQjBBSEFBY3dBNkFDOEFMd0J6QUhRQVlRQm5BR2tBYmdCbkFIQUFjZ0JsQUdRQWFRQmpBSFFBTlFBdUFHa0FiZ0JtQUd3QWRRQmxBRzRBWXdCbEFHZ0FaUUJoQUd3QWRBQm9BQzRBWXdCdkFHMEFPZ0EwQURRQU13QXZBR2tBYlFCaEFHY0FaUUJ6QUM4QWNBQnlBR1VBWkFCcEFHTUFkQUF0QUd3QWJ3Qm5BR2tBYmdBdEFIQUFZUUJuQUdVQUxRQm9BR1VBY2dCdkFDNEFhZ0J3QUdjQUlnQXNBQ0lBZEFBaUFEb0FJZ0J5QUdVQWN3QnZBSFVBY2dCakFHVUFJZ0I5QUN3QWV3QWlBRzRBSWdBNkFDSUFZd0J6QUhNQUlnQXNBQ0lBY3dBaUFEb0FNd0E1QURjQU13QXNBQ0lBWlFBaUFEb0FOQUF3QURNQU1BQXNBQ0lBYndBaUFEb0FJZ0JvQUhRQWRBQndBSE1BT2dBdkFDOEFjd0IwQUdFQVp3QnBBRzRBWndCd0FISUFaUUJrQUdrQVl3QjBBRFVBTGdCcEFHNEFaZ0JzQUhVQVpRQnVBR01BWlFCb0FHVUFZUUJzQUhRQWFBQXVBR01BYndCdEFEb0FOQUEwQURNQUx3QnBBRzBBWVFCbkFHVUFjd0F2QUdrQVl3QnZBRzRBY3dBdkFISUFaUUJ4QUhVQWFRQnlBR1VBWkFCZkFHWUFhUUJsQUd3QVpBQmZBR2tBYmdCa0FHa0FZd0JoQUhRQWJ3QnlBQzRBY0FCdUFHY0FJZ0FzQUNJQWRBQWlBRG9BSWdCeUFHVUFjd0J2QUhVQWNnQmpBR1VBSWdCOUFDd0Fld0FpQUc0QUlnQTZBQ0lBWXdCekFITUFJZ0FzQUNJQWN3QWlBRG9BTXdBNUFEY0FOd0FzQUNJQVpRQWlBRG9BTkFBd0FEY0FNd0FzQUNJQWJ3QWlBRG9BSWdCb0FIUUFkQUJ3QUhNQU9nQXZBQzhBY3dCMEFHRUFad0JwQUc0QVp3QndBSElBWlFCa0FHa0FZd0IwQURVQUxnQnBBRzRBWmdCc0FIVUFaUUJ1QUdNQVpRQm9BR1VBWVFCc0FIUUFhQUF1QUdNQWJ3QnRBRG9BTkFBMEFETUFMd0IwQUdnQVpRQnRBR1VBY3dBdkFHUUFaUUJtQUdFQWRRQnNBSFFBTHdCaUFHOEFid0IwQUhNQWRBQnlBR0VBY0FBdkFHY0FiQUI1QUhBQWFBQnBBR01BYndCdUFITUFMUUJvQUdFQWJBQm1BR3dBYVFCdUFHY0Fjd0F0QUhJQVpRQm5BSFVBYkFCaEFISUFMZ0IzQUc4QVpnQm1BQ0lBTEFBaUFIUUFJZ0E2QUNJQWNnQmxBSE1BYndCMUFISUFZd0JsQUNJQWZRQXNBSHNBSWdCdUFDSUFPZ0FpQUhNQVl3QnlBR2tBY0FCMEFDSUFMQUFpQUhNQUlnQTZBREVBTndBd0FEVUFOQUFzQUNJQVpRQWlBRG9BTVFBM0FEQUFOUUEwQUN3QUlnQnZBQ0lBT2dBaUFHZ0FkQUIwQUhBQWN3QTZBQzhBTHdCdEFHRUFjQUJ6QUM0QVp3QnZBRzhBWndCc0FHVUFZUUJ3QUdrQWN3QXVBR01BYndCdEFEb0FOQUEwQURNQUx3QnRBR0VBY0FCekFDMEFZUUJ3QUdrQUxRQjJBRE1BTHdCaEFIQUFhUUF2QUdvQWN3QXZBRElBTWdBdkFERUFOUUF2QUdNQWJ3QnRBRzBBYndCdUFDNEFhZ0J6QUNJQUxBQWlBSFFBSWdBNkFDSUFjZ0JsQUhNQWJ3QjFBSElBWXdCbEFDSUFmUUFzQUhzQUlnQnVBQ0lBT2dBaUFITUFZd0J5QUdrQWNBQjBBQ0lBTEFBaUFITUFJZ0E2QURFQU53QXdBRFVBT0FBc0FDSUFaUUFpQURvQU1RQTNBREFBTlFBNUFDd0FJZ0J2QUNJQU9nQWlBR2dBZEFCMEFIQUFjd0E2QUM4QUx3QnRBR0VBY0FCekFDNEFad0J2QUc4QVp3QnNBR1VBWVFCd0FHa0Fjd0F1QUdNQWJ3QnRBRG9BTkFBMEFETUFMd0J0QUdFQWNBQnpBQzBBWVFCd0FHa0FMUUIyQURNQUx3QmhBSEFBYVFBdkFHb0Fjd0F2QURJQU1nQXZBREVBTlFBdkFIVUFkQUJwQUd3QUxnQnFBSE1BSWdBc0FDSUFkQUFpQURvQUlnQnlBR1VBY3dCdkFIVUFjZ0JqQUdVQUlnQjlBQ3dBZXdBaUFHNEFJZ0E2QUNJQWN3QmpBSElBYVFCd0FIUUFJZ0FzQUNJQWN3QWlBRG9BTVFBM0FEQUFOZ0F6QUN3QUlnQmxBQ0lBT2dBeEFEY0FNQUEyQURNQUxBQWlBRzhBSWdBNkFDSUFhQUIwQUhRQWNBQnpBRG9BTHdBdkFHMEFZUUJ3QUhNQUxnQm5BRzhBYndCbkFHd0FaUUJoQUhBQWFRQnpBQzRBWXdCdkFHMEFPZ0EwQURRQU13QXZBRzBBWVFCd0FITUFMUUJoQUhBQWFRQXRBSFlBTXdBdkFHRUFjQUJwQUM4QWFnQnpBQzhBTWdBeUFDOEFNUUExQUM4QWN3QjBBR0VBZEFCekFDNEFhZ0J6QUNJQUxBQWlBSFFBSWdBNkFDSUFjZ0JsQUhNQWJ3QjFBSElBWXdCbEFDSUFmUUJkQUgwQTwvU3RyaW5nSHR0cEJvZHk+DQogICAgPC9SZXF1ZXN0Pg0KICAgIDxSZXF1ZXN0IE1ldGhvZD0iR0VUIiBHdWlkPSI0MzJkNmE3NS05NTIxLTRmODYtOGUzYi00MzgyNzcyNTRhYjEiIFZlcnNpb249IjEuMSIgVXJsPSJodHRwczovL21hcHMuZ29vZ2xlYXBpcy5jb20vbWFwcy9hcGkvanMvQXV0aGVudGljYXRpb25TZXJ2aWNlLkF1dGhlbnRpY2F0ZSIgVGhpbmtUaW1lPSIxMyIgVGltZW91dD0iMzAwIiBQYXJzZURlcGVuZGVudFJlcXVlc3RzPSJUcnVlIiBGb2xsb3dSZWRpcmVjdHM9IlRydWUiIFJlY29yZFJlc3VsdD0iVHJ1ZSIgQ2FjaGU9IkZhbHNlIiBSZXNwb25zZVRpbWVHb2FsPSIwIiBFbmNvZGluZz0idXRmLTgiIEV4cGVjdGVkSHR0cFN0YXR1c0NvZGU9IjAiIEV4cGVjdGVkUmVzcG9uc2VVcmw9IiIgUmVwb3J0aW5nTmFtZT0iIiBJZ25vcmVIdHRwU3RhdHVzQ29kZT0iRmFsc2UiPg0KICAgICAgPEhlYWRlcnM+DQogICAgICAgIDxIZWFkZXIgTmFtZT0iUmVmZXJlciIgVmFsdWU9Imh0dHBzOi8vc3RhZ2luZ3ByZWRpY3Q1LmluZmx1ZW5jZWhlYWx0aC5jb20vdW5pdmVyc2l0eWNvbG9yYWRvL3Nlc3Npb24vbG9naW4iIC8+DQogICAgICA8L0hlYWRlcnM+DQogICAgICA8UXVlcnlTdHJpbmdQYXJhbWV0ZXJzPg0KICAgICAgICA8UXVlcnlTdHJpbmdQYXJhbWV0ZXIgTmFtZT0iIiBWYWx1ZT0iMXNodHRwcyUzQSUyRiUyRnN0YWdpbmdwcmVkaWN0NS5pbmZsdWVuY2VoZWFsdGguY29tJTJGdW5pdmVyc2l0eWNvbG9yYWRvJTJGc2Vzc2lvbiUyRmxvZ2luIiBSZWNvcmRlZFZhbHVlPSIxc2h0dHBzJTNBJTJGJTJGc3RhZ2luZ3ByZWRpY3Q1LmluZmx1ZW5jZWhlYWx0aC5jb20lMkZ1bml2ZXJzaXR5Y29sb3JhZG8lMkZzZXNzaW9uJTJGbG9naW4iIENvcnJlbGF0aW9uQmluZGluZz0iIiBVcmxFbmNvZGU9IkZhbHNlIiBVc2VUb0dyb3VwUmVzdWx0cz0iRmFsc2UiIC8+DQogICAgICAgIDxRdWVyeVN0cmluZ1BhcmFtZXRlciBOYW1lPSIiIFZhbHVlPSI0c0FJemFTeUJCaUZqSC1OUW1LQXFoZkZqLUlQY1I3VUxYQnMwRmtiQSIgUmVjb3JkZWRWYWx1ZT0iNHNBSXphU3lCQmlGakgtTlFtS0FxaGZGai1JUGNSN1VMWEJzMEZrYkEiIENvcnJlbGF0aW9uQmluZGluZz0iIiBVcmxFbmNvZGU9IkZhbHNlIiBVc2VUb0dyb3VwUmVzdWx0cz0iRmFsc2UiIC8+DQogICAgICAgIDxRdWVyeVN0cmluZ1BhcmFtZXRlciBOYW1lPSJjYWxsYmFjayIgVmFsdWU9Il94ZGNfLl95ZDNlaHIiIFJlY29yZGVkVmFsdWU9Il94ZGNfLl95ZDNlaHIiIENvcnJlbGF0aW9uQmluZGluZz0iIiBVcmxFbmNvZGU9IkZhbHNlIiBVc2VUb0dyb3VwUmVzdWx0cz0iRmFsc2UiIC8+DQogICAgICAgIDxRdWVyeVN0cmluZ1BhcmFtZXRlciBOYW1lPSJ0b2tlbiIgVmFsdWU9IjEwODc2OCIgUmVjb3JkZWRWYWx1ZT0iMTA4NzY4IiBDb3JyZWxhdGlvbkJpbmRpbmc9IiIgVXJsRW5jb2RlPSJGYWxzZSIgVXNlVG9Hcm91cFJlc3VsdHM9IkZhbHNlIiAvPg0KICAgICAgPC9RdWVyeVN0cmluZ1BhcmFtZXRlcnM+DQogICAgPC9SZXF1ZXN0Pg0KICAgIDxDb21tZW50IENvbW1lbnRUZXh0PSJMb2dpbiIgLz4NCiAgICA8UmVxdWVzdCBNZXRob2Q9IlBPU1QiIEd1aWQ9IjIyNjg1ZDEyLWNjZjktNGMwZC1iZWI2LTg3ZmE3NzU0NDg3MCIgVmVyc2lvbj0iMS4xIiBVcmw9Imh0dHBzOi8vc3RhZ2luZ3ByZWRpY3Q1LmluZmx1ZW5jZWhlYWx0aC5jb206MzAwMC9wcmVkaWN0L3YxL2NsaWVudHMvdW5pdmVyc2l0eWNvbG9yYWRvL2F1dGhUb2tlbiIgVGhpbmtUaW1lPSIwIiBUaW1lb3V0PSIzMDAiIFBhcnNlRGVwZW5kZW50UmVxdWVzdHM9IlRydWUiIEZvbGxvd1JlZGlyZWN0cz0iVHJ1ZSIgUmVjb3JkUmVzdWx0PSJUcnVlIiBDYWNoZT0iRmFsc2UiIFJlc3BvbnNlVGltZUdvYWw9IjAiIEVuY29kaW5nPSJ1dGYtOCIgRXhwZWN0ZWRIdHRwU3RhdHVzQ29kZT0iMCIgRXhwZWN0ZWRSZXNwb25zZVVybD0iIiBSZXBvcnRpbmdOYW1lPSIiIElnbm9yZUh0dHBTdGF0dXNDb2RlPSJGYWxzZSI+DQogICAgICA8SGVhZGVycz4NCiAgICAgICAgPEhlYWRlciBOYW1lPSJBY2NlcHQiIFZhbHVlPSJhcHBsaWNhdGlvbi9qc29uLCB0ZXh0L3BsYWluLCAqLyoiIC8+DQogICAgICAgIDxIZWFkZXIgTmFtZT0iUmVmZXJlciIgVmFsdWU9Imh0dHBzOi8vc3RhZ2luZ3ByZWRpY3Q1LmluZmx1ZW5jZWhlYWx0aC5jb20vdW5pdmVyc2l0eWNvbG9yYWRvL3Nlc3Npb24vbG9naW4iIC8+DQogICAgICA8L0hlYWRlcnM+DQogICAgICA8U3RyaW5nSHR0cEJvZHkgQ29udGVudFR5cGU9ImFwcGxpY2F0aW9uL2pzb24iIEluc2VydEJ5dGVPcmRlck1hcms9IkZhbHNlIj5ld0FpQUhJQWJ3QjFBSFFBWlFCUUFHRUFjZ0JoQUcwQWN3QWlBRG9BZXdCOUFDd0FJZ0JWQUhNQVpRQnlBRzRBWVFCdEFHVUFJZ0E2QUNJQVlRQjFBSFFBYndCdEFHRUFkQUJwQUc4QWJnQkFBRzBBWlFCa0FITUFaUUJsQUdzQUxnQmpBRzhBYlFBaUFDd0FJZ0JRQUdFQWN3QnpBSGNBYndCeUFHUUFJZ0E2QUNJQVRRQmxBR1FBY3dCbEFHVUFhd0F4QURJQU13QTBBQ0lBZlFBPTwvU3RyaW5nSHR0cEJvZHk+DQogICAgPC9SZXF1ZXN0Pg0KICAgIDxSZXF1ZXN0IE1ldGhvZD0iUE9TVCIgR3VpZD0iMzg0NDUyMmMtZmRkMy00MTlhLWJiZWMtZGNhNTFkZjZkOTZkIiBWZXJzaW9uPSIxLjEiIFVybD0iaHR0cHM6Ly9iYW0ubnItZGF0YS5uZXQvcmVzb3VyY2VzLzEvZTRmNjNkYTYzNyIgVGhpbmtUaW1lPSIwIiBUaW1lb3V0PSIzMDAiIFBhcnNlRGVwZW5kZW50UmVxdWVzdHM9IlRydWUiIEZvbGxvd1JlZGlyZWN0cz0iVHJ1ZSIgUmVjb3JkUmVzdWx0PSJUcnVlIiBDYWNoZT0iRmFsc2UiIFJlc3BvbnNlVGltZUdvYWw9IjAiIEVuY29kaW5nPSJ1dGYtOCIgRXhwZWN0ZWRIdHRwU3RhdHVzQ29kZT0iMCIgRXhwZWN0ZWRSZXNwb25zZVVybD0iIiBSZXBvcnRpbmdOYW1lPSIiIElnbm9yZUh0dHBTdGF0dXNDb2RlPSJGYWxzZSI+DQogICAgICA8SGVhZGVycz4NCiAgICAgICAgPEhlYWRlciBOYW1lPSJSZWZlcmVyIiBWYWx1ZT0iaHR0cHM6Ly9zdGFnaW5ncHJlZGljdDUuaW5mbHVlbmNlaGVhbHRoLmNvbS91bml2ZXJzaXR5Y29sb3JhZG8vc2Vzc2lvbi9sb2dpbiIgLz4NCiAgICAgIDwvSGVhZGVycz4NCiAgICAgIDxRdWVyeVN0cmluZ1BhcmFtZXRlcnM+DQogICAgICAgIDxRdWVyeVN0cmluZ1BhcmFtZXRlciBOYW1lPSJhIiBWYWx1ZT0iMTIzNDY2ODgiIFJlY29yZGVkVmFsdWU9IjEyMzQ2Njg4IiBDb3JyZWxhdGlvbkJpbmRpbmc9IiIgVXJsRW5jb2RlPSJGYWxzZSIgVXNlVG9Hcm91cFJlc3VsdHM9IkZhbHNlIiAvPg0KICAgICAgICA8UXVlcnlTdHJpbmdQYXJhbWV0ZXIgTmFtZT0idiIgVmFsdWU9Ijg1Mi5hMzZmMGZkIiBSZWNvcmRlZFZhbHVlPSI4NTIuYTM2ZjBmZCIgQ29ycmVsYXRpb25CaW5kaW5nPSIiIFVybEVuY29kZT0iRmFsc2UiIFVzZVRvR3JvdXBSZXN1bHRzPSJGYWxzZSIgLz4NCiAgICAgICAgPFF1ZXJ5U3RyaW5nUGFyYW1ldGVyIE5hbWU9InRvIiBWYWx1ZT0iTWdZQU4wUUhEQkZZVlVGYlh3dE1KeHRHRkFjUlNseEdIWGNnTjAxTUhBJTNEJTNEIiBSZWNvcmRlZFZhbHVlPSJNZ1lBTjBRSERCRllWVUZiWHd0TUp4dEdGQWNSU2x4R0hYY2dOMDFNSEElM0QlM0QiIENvcnJlbGF0aW9uQmluZGluZz0iIiBVcmxFbmNvZGU9IkZhbHNlIiBVc2VUb0dyb3VwUmVzdWx0cz0iRmFsc2UiIC8+DQogICAgICAgIDxRdWVyeVN0cmluZ1BhcmFtZXRlciBOYW1lPSJzdCIgVmFsdWU9IjE0NTYxMzkzMDYwMjgiIFJlY29yZGVkVmFsdWU9IjE0NTYxMzkzMDYwMjgiIENvcnJlbGF0aW9uQmluZGluZz0iIiBVcmxFbmNvZGU9IkZhbHNlIiBVc2VUb0dyb3VwUmVzdWx0cz0iRmFsc2UiIC8+DQogICAgICAgIDxRdWVyeVN0cmluZ1BhcmFtZXRlciBOYW1lPSJwdGlkIiBWYWx1ZT0iNGY4NmJiMDQtNmEzMC1iNzQ3LWMxMjUtMDE1MzA4YWE5ODk1IiBSZWNvcmRlZFZhbHVlPSI0Zjg2YmIwNC02YTMwLWI3NDctYzEyNS0wMTUzMDhhYTk4OTUiIENvcnJlbGF0aW9uQmluZGluZz0iIiBVcmxFbmNvZGU9IkZhbHNlIiBVc2VUb0dyb3VwUmVzdWx0cz0iRmFsc2UiIC8+DQogICAgICA8L1F1ZXJ5U3RyaW5nUGFyYW1ldGVycz4NCiAgICAgIDxTdHJpbmdIdHRwQm9keSBDb250ZW50VHlwZT0idGV4dC9wbGFpbjtjaGFyc2V0PVVURi04IiBJbnNlcnRCeXRlT3JkZXJNYXJrPSJGYWxzZSI+ZXdBaUFISUFaUUJ6QUNJQU9nQmJBSHNBSWdCdUFDSUFPZ0FpQUhJQVpRQmhBR1FBZVFCekFIUUFZUUIwQUdVQVl3Qm9BR0VBYmdCbkFHVUFJZ0FzQUNJQWN3QWlBRG9BTVFBM0FERUFNUUExQUN3QUlnQmxBQ0lBT2dBeEFEY0FNUUF4QURVQUxBQWlBRzhBSWdBNkFDSUFkUUJ1QUdRQVpRQm1BR2tBYmdCbEFHUUFJQUJRQUU4QVV3QlVBRG9BSUFCaUFHRUFiUUF1QUc0QWNnQXRBR1FBWVFCMEFHRUFMZ0J1QUdVQWRBQTZBRFFBTkFBekFDOEFjZ0JsQUhNQWJ3QjFBSElBWXdCbEFITUFMd0F4QUM4QVpRQTBBR1lBTmdBekFHUUFZUUEyQURNQU53QWlBQ3dBSWdCMEFDSUFPZ0FpQUdVQWRnQmxBRzRBZEFBaUFIMEFMQUI3QUNJQWJnQWlBRG9BSWdCeUFHVUFZUUJrQUhrQWN3QjBBR0VBZEFCbEFHTUFhQUJoQUc0QVp3QmxBQ0lBTEFBaUFITUFJZ0E2QURFQU53QXhBREVBTndBc0FDSUFaUUFpQURvQU1RQTNBREVBTVFBM0FDd0FJZ0J2QUNJQU9nQWlBSFVBYmdCa0FHVUFaZ0JwQUc0QVpRQmtBQ0FBVUFCUEFGTUFWQUE2QUNBQVlnQmhBRzBBTGdCdUFISUFMUUJrQUdFQWRBQmhBQzRBYmdCbEFIUUFPZ0EwQURRQU13QXZBSElBWlFCekFHOEFkUUJ5QUdNQVpRQnpBQzhBTVFBdkFHVUFOQUJtQURZQU13QmtBR0VBTmdBekFEY0FJZ0FzQUNJQWRBQWlBRG9BSWdCbEFIWUFaUUJ1QUhRQUlnQjlBQ3dBZXdBaUFHNEFJZ0E2QUNJQWNnQmxBR0VBWkFCNUFITUFkQUJoQUhRQVpRQmpBR2dBWVFCdUFHY0FaUUFpQUN3QUlnQnpBQ0lBT2dBeEFEY0FOUUEzQURBQUxBQWlBR1VBSWdBNkFERUFOd0ExQURjQU1BQXNBQ0lBYndBaUFEb0FJZ0IxQUc0QVpBQmxBR1lBYVFCdUFHVUFaQUFnQUVjQVJRQlVBRG9BSUFCekFIUUFZUUJuQUdrQWJnQm5BSEFBY2dCbEFHUUFhUUJqQUhRQU5RQXVBR2tBYmdCbUFHd0FkUUJsQUc0QVl3QmxBR2dBWlFCaEFHd0FkQUJvQUM0QVl3QnZBRzBBT2dBMEFEUUFNd0F2QUdrQWJRQmhBR2NBWlFCekFDOEFiQUJ2QUdjQWFRQnVBQzBBYlFCaEFISUFhd0JsQUhRQWFRQnVBR2NBTFFCMEFHRUFad0JzQUdrQWJnQmxBQzRBY3dCMkFHY0FJZ0FzQUNJQWRBQWlBRG9BSWdCbEFIWUFaUUJ1QUhRQUlnQjlBQ3dBZXdBaUFHNEFJZ0E2QUNJQWNnQmxBR0VBWkFCNUFITUFkQUJoQUhRQVpRQmpBR2dBWVFCdUFHY0FaUUFpQUN3QUlnQnpBQ0lBT2dBeEFEY0FOUUEzQURBQUxBQWlBR1VBSWdBNkFERUFOd0ExQURjQU1BQXNBQ0lBYndBaUFEb0FJZ0IxQUc0QVpBQmxBR1lBYVFCdUFHVUFaQUFnQUVjQVJRQlVBRG9BSUFCekFIUUFZUUJuQUdrQWJnQm5BSEFBY2dCbEFHUUFhUUJqQUhRQU5RQXVBR2tBYmdCbUFHd0FkUUJsQUc0QVl3QmxBR2dBWlFCaEFHd0FkQUJvQUM0QVl3QnZBRzBBT2dBMEFEUUFNd0F2QUdrQWJRQmhBR2NBWlFCekFDOEFiQUJ2QUdjQWFRQnVBQzBBYlFCaEFISUFhd0JsQUhRQWFRQnVBR2NBTFFCMEFHRUFad0JzQUdrQWJnQmxBQzRBY3dCMkFHY0FJZ0FzQUNJQWRBQWlBRG9BSWdCbEFIWUFaUUJ1QUhRQUlnQjlBQ3dBZXdBaUFHNEFJZ0E2QUNJQWNnQmxBR0VBWkFCNUFITUFkQUJoQUhRQVpRQmpBR2dBWVFCdUFHY0FaUUFpQUN3QUlnQnpBQ0lBT2dBeEFEY0FOUUEzQURFQUxBQWlBR1VBSWdBNkFERUFOd0ExQURjQU1RQXNBQ0lBYndBaUFEb0FJZ0IxQUc0QVpBQmxBR1lBYVFCdUFHVUFaQUFnQUVjQVJRQlVBRG9BSUFCekFIUUFZUUJuQUdrQWJnQm5BSEFBY2dCbEFHUUFhUUJqQUhRQU5RQXVBR2tBYmdCbUFHd0FkUUJsQUc0QVl3QmxBR2dBWlFCaEFHd0FkQUJvQUM0QVl3QnZBRzBBT2dBMEFEUUFNd0F2QUdrQWJRQmhBR2NBWlFCekFDOEFiQUJ2QUdjQWFRQnVBQzBBYlFCaEFISUFhd0JsQUhRQWFRQnVBR2NBTFFCMEFHRUFad0JzQUdrQWJnQmxBQzRBY3dCMkFHY0FJZ0FzQUNJQWRBQWlBRG9BSWdCbEFIWUFaUUJ1QUhRQUlnQjlBQ3dBZXdBaUFHNEFJZ0E2QUNJQWNnQmxBR0VBWkFCNUFITUFkQUJoQUhRQVpRQmpBR2dBWVFCdUFHY0FaUUFpQUN3QUlnQnpBQ0lBT2dBeEFEY0FOUUEzQURFQUxBQWlBR1VBSWdBNkFERUFOd0ExQURjQU1RQXNBQ0lBYndBaUFEb0FJZ0IxQUc0QVpBQmxBR1lBYVFCdUFHVUFaQUFnQUVjQVJRQlVBRG9BSUFCekFIUUFZUUJuQUdrQWJnQm5BSEFBY2dCbEFHUUFhUUJqQUhRQU5RQXVBR2tBYmdCbUFHd0FkUUJsQUc0QVl3QmxBR2dBWlFCaEFHd0FkQUJvQUM0QVl3QnZBRzBBT2dBMEFEUUFNd0F2QUdrQWJRQmhBR2NBWlFCekFDOEFiQUJ2QUdjQWFRQnVBQzBBYlFCaEFISUFhd0JsQUhRQWFRQnVBR2NBTFFCMEFHRUFad0JzQUdrQWJnQmxBQzRBY3dCMkFHY0FJZ0FzQUNJQWRBQWlBRG9BSWdCbEFIWUFaUUJ1QUhRQUlnQjlBQ3dBZXdBaUFHNEFJZ0E2QUNJQWNnQmxBR0VBWkFCNUFITUFkQUJoQUhRQVpRQmpBR2dBWVFCdUFHY0FaUUFpQUN3QUlnQnpBQ0lBT2dBeEFEY0FOUUEzQURFQUxBQWlBR1VBSWdBNkFERUFOd0ExQURjQU1RQXNBQ0lBYndBaUFEb0FJZ0IxQUc0QVpBQmxBR1lBYVFCdUFHVUFaQUFnQUVjQVJRQlVBRG9BSUFCekFIUUFZUUJuQUdrQWJnQm5BSEFBY2dCbEFHUUFhUUJqQUhRQU5RQXVBR2tBYmdCbUFHd0FkUUJsQUc0QVl3QmxBR2dBWlFCaEFHd0FkQUJvQUM0QVl3QnZBRzBBT2dBMEFEUUFNd0F2QUdrQWJRQmhBR2NBWlFCekFDOEFiQUJ2QUdjQWFRQnVBQzBBYlFCaEFISUFhd0JsQUhRQWFRQnVBR2NBTFFCMEFHRUFad0JzQUdrQWJnQmxBQzRBY3dCMkFHY0FJZ0FzQUNJQWRBQWlBRG9BSWdCbEFIWUFaUUJ1QUhRQUlnQjlBQ3dBZXdBaUFHNEFJZ0E2QUNJQWNnQmxBR0VBWkFCNUFITUFkQUJoQUhRQVpRQmpBR2dBWVFCdUFHY0FaUUFpQUN3QUlnQnpBQ0lBT2dBeEFEY0FOUUEzQURFQUxBQWlBR1VBSWdBNkFERUFOd0ExQURjQU1RQXNBQ0lBYndBaUFEb0FJZ0IxQUc0QVpBQmxBR1lBYVFCdUFHVUFaQUFnQUVjQVJRQlVBRG9BSUFCekFIUUFZUUJuQUdrQWJnQm5BSEFBY2dCbEFHUUFhUUJqQUhRQU5RQXVBR2tBYmdCbUFHd0FkUUJsQUc0QVl3QmxBR2dBWlFCaEFHd0FkQUJvQUM0QVl3QnZBRzBBT2dBMEFEUUFNd0F2QUdrQWJRQmhBR2NBWlFCekFDOEFiQUJ2QUdjQWFRQnVBQzBBYlFCaEFISUFhd0JsQUhRQWFRQnVBR2NBTFFCMEFHRUFad0JzQUdrQWJnQmxBQzRBY3dCMkFHY0FJZ0FzQUNJQWRBQWlBRG9BSWdCbEFIWUFaUUJ1QUhRQUlnQjlBQ3dBZXdBaUFHNEFJZ0E2QUNJQWNnQmxBR0VBWkFCNUFITUFkQUJoQUhRQVpRQmpBR2dBWVFCdUFHY0FaUUFpQUN3QUlnQnpBQ0lBT2dBeEFEY0FOUUEzQURFQUxBQWlBR1VBSWdBNkFERUFOd0ExQURjQU1RQXNBQ0lBYndBaUFEb0FJZ0IxQUc0QVpBQmxBR1lBYVFCdUFHVUFaQUFnQUVjQVJRQlVBRG9BSUFCekFIUUFZUUJuQUdrQWJnQm5BSEFBY2dCbEFHUUFhUUJqQUhRQU5RQXVBR2tBYmdCbUFHd0FkUUJsQUc0QVl3QmxBR2dBWlFCaEFHd0FkQUJvQUM0QVl3QnZBRzBBT2dBMEFEUUFNd0F2QUdrQWJRQmhBR2NBWlFCekFDOEFiQUJ2QUdjQWFRQnVBQzBBYlFCaEFISUFhd0JsQUhRQWFRQnVBR2NBTFFCMEFHRUFad0JzQUdrQWJnQmxBQzRBY3dCMkFHY0FJZ0FzQUNJQWRBQWlBRG9BSWdCbEFIWUFaUUJ1QUhRQUlnQjlBQ3dBZXdBaUFHNEFJZ0E2QUNJQWNnQmxBR0VBWkFCNUFITUFkQUJoQUhRQVpRQmpBR2dBWVFCdUFHY0FaUUFpQUN3QUlnQnpBQ0lBT2dBeEFEY0FOUUEzQURFQUxBQWlBR1VBSWdBNkFERUFOd0ExQURjQU1RQXNBQ0lBYndBaUFEb0FJZ0IxQUc0QVpBQmxBR1lBYVFCdUFHVUFaQUFnQUVjQVJRQlVBRG9BSUFCekFIUUFZUUJuQUdrQWJnQm5BSEFBY2dCbEFHUUFhUUJqQUhRQU5RQXVBR2tBYmdCbUFHd0FkUUJsQUc0QVl3QmxBR2dBWlFCaEFHd0FkQUJvQUM0QVl3QnZBRzBBT2dBMEFEUUFNd0F2QUdrQWJRQmhBR2NBWlFCekFDOEFiQUJ2QUdjQWFRQnVBQzBBYlFCaEFISUFhd0JsQUhRQWFRQnVBR2NBTFFCMEFHRUFad0JzQUdrQWJnQmxBQzRBY3dCMkFHY0FJZ0FzQUNJQWRBQWlBRG9BSWdCbEFIWUFaUUJ1QUhRQUlnQjlBQ3dBZXdBaUFHNEFJZ0E2QUNJQWNnQmxBR0VBWkFCNUFITUFkQUJoQUhRQVpRQmpBR2dBWVFCdUFHY0FaUUFpQUN3QUlnQnpBQ0lBT2dBeEFEY0FOUUEzQURFQUxBQWlBR1VBSWdBNkFERUFOd0ExQURjQU1RQXNBQ0lBYndBaUFEb0FJZ0IxQUc0QVpBQmxBR1lBYVFCdUFHVUFaQUFnQUVjQVJRQlVBRG9BSUFCekFIUUFZUUJuQUdrQWJnQm5BSEFBY2dCbEFHUUFhUUJqQUhRQU5RQXVBR2tBYmdCbUFHd0FkUUJsQUc0QVl3QmxBR2dBWlFCaEFHd0FkQUJvQUM0QVl3QnZBRzBBT2dBMEFEUUFNd0F2QUdrQWJRQmhBR2NBWlFCekFDOEFiQUJ2QUdjQWFRQnVBQzBBYlFCaEFISUFhd0JsQUhRQWFRQnVBR2NBTFFCMEFHRUFad0JzQUdrQWJnQmxBQzRBY3dCMkFHY0FJZ0FzQUNJQWRBQWlBRG9BSWdCbEFIWUFaUUJ1QUhRQUlnQjlBQ3dBZXdBaUFHNEFJZ0E2QUNJQWNnQmxBR0VBWkFCNUFITUFkQUJoQUhRQVpRQmpBR2dBWVFCdUFHY0FaUUFpQUN3QUlnQnpBQ0lBT2dBeEFEY0FOUUEzQURFQUxBQWlBR1VBSWdBNkFERUFOd0ExQURjQU1RQXNBQ0lBYndBaUFEb0FJZ0IxQUc0QVpBQmxBR1lBYVFCdUFHVUFaQUFnQUVjQVJRQlVBRG9BSUFCekFIUUFZUUJuQUdrQWJnQm5BSEFBY2dCbEFHUUFhUUJqQUhRQU5RQXVBR2tBYmdCbUFHd0FkUUJsQUc0QVl3QmxBR2dBWlFCaEFHd0FkQUJvQUM0QVl3QnZBRzBBT2dBMEFEUUFNd0F2QUdrQWJRQmhBR2NBWlFCekFDOEFiQUJ2QUdjQWFRQnVBQzBBYlFCaEFISUFhd0JsQUhRQWFRQnVBR2NBTFFCMEFHRUFad0JzQUdrQWJnQmxBQzRBY3dCMkFHY0FJZ0FzQUNJQWRBQWlBRG9BSWdCbEFIWUFaUUJ1QUhRQUlnQjlBQ3dBZXdBaUFHNEFJZ0E2QUNJQWNnQmxBR0VBWkFCNUFITUFkQUJoQUhRQVpRQmpBR2dBWVFCdUFHY0FaUUFpQUN3QUlnQnpBQ0lBT2dBeEFEY0FOUUEzQURJQUxBQWlBR1VBSWdBNkFERUFOd0ExQURjQU1nQXNBQ0lBYndBaUFEb0FJZ0IxQUc0QVpBQmxBR1lBYVFCdUFHVUFaQUFnQUVjQVJRQlVBRG9BSUFCekFIUUFZUUJuQUdrQWJnQm5BSEFBY2dCbEFHUUFhUUJqQUhRQU5RQXVBR2tBYmdCbUFHd0FkUUJsQUc0QVl3QmxBR2dBWlFCaEFHd0FkQUJvQUM0QVl3QnZBRzBBT2dBMEFEUUFNd0F2QUdrQWJRQmhBR2NBWlFCekFDOEFiQUJ2QUdjQWFRQnVBQzBBYlFCaEFISUFhd0JsQUhRQWFRQnVBR2NBTFFCMEFHRUFad0JzQUdrQWJnQmxBQzRBY3dCMkFHY0FJZ0FzQUNJQWRBQWlBRG9BSWdCbEFIWUFaUUJ1QUhRQUlnQjlBQ3dBZXdBaUFHNEFJZ0E2QUNJQWNnQmxBR0VBWkFCNUFITUFkQUJoQUhRQVpRQmpBR2dBWVFCdUFHY0FaUUFpQUN3QUlnQnpBQ0lBT2dBeEFEY0FOUUEzQURJQUxBQWlBR1VBSWdBNkFERUFOd0ExQURrQU13QXNBQ0lBYndBaUFEb0FJZ0IxQUc0QVpBQmxBR1lBYVFCdUFHVUFaQUFnQUVjQVJRQlVBRG9BSUFCekFIUUFZUUJuQUdrQWJnQm5BSEFBY2dCbEFHUUFhUUJqQUhRQU5RQXVBR2tBYmdCbUFHd0FkUUJsQUc0QVl3QmxBR2dBWlFCaEFHd0FkQUJvQUM0QVl3QnZBRzBBT2dBMEFEUUFNd0F2QUdrQWJRQmhBR2NBWlFCekFDOEFiQUJ2QUdjQWFRQnVBQzBBYlFCaEFISUFhd0JsQUhRQWFRQnVBR2NBTFFCMEFHRUFad0JzQUdrQWJnQmxBQzRBY3dCMkFHY0FJZ0FzQUNJQWRBQWlBRG9BSWdCbEFIWUFaUUJ1QUhRQUlnQjlBQ3dBZXdBaUFHNEFJZ0E2QUNJQWNnQmxBR0VBWkFCNUFITUFkQUJoQUhRQVpRQmpBR2dBWVFCdUFHY0FaUUFpQUN3QUlnQnpBQ0lBT2dBeEFEY0FPUUF4QURrQUxBQWlBR1VBSWdBNkFERUFOd0E1QURJQU1BQXNBQ0lBYndBaUFEb0FJZ0IxQUc0QVpBQmxBR1lBYVFCdUFHVUFaQUFnQUZBQVR3QlRBRlFBT2dBZ0FHSUFZUUJ0QUM0QWJnQnlBQzBBWkFCaEFIUUFZUUF1QUc0QVpRQjBBRG9BTkFBMEFETUFMd0J5QUdVQWN3QnZBSFVBY2dCakFHVUFjd0F2QURFQUx3QmxBRFFBWmdBMkFETUFaQUJoQURZQU13QTNBQ0lBTEFBaUFIUUFJZ0E2QUNJQVpRQjJBR1VBYmdCMEFDSUFmUUFzQUhzQUlnQnVBQ0lBT2dBaUFISUFaUUJoQUdRQWVRQnpBSFFBWVFCMEFHVUFZd0JvQUdFQWJnQm5BR1VBSWdBc0FDSUFjd0FpQURvQU1RQTNBRGtBTWdBd0FDd0FJZ0JsQUNJQU9nQXhBRGNBT1FBeUFEQUFMQUFpQUc4QUlnQTZBQ0lBZFFCdUFHUUFaUUJtQUdrQWJnQmxBR1FBSUFCUUFFOEFVd0JVQURvQUlBQmlBR0VBYlFBdUFHNEFjZ0F0QUdRQVlRQjBBR0VBTGdCdUFHVUFkQUE2QURRQU5BQXpBQzhBY2dCbEFITUFid0IxQUhJQVl3QmxBSE1BTHdBeEFDOEFaUUEwQUdZQU5nQXpBR1FBWVFBMkFETUFOd0FpQUN3QUlnQjBBQ0lBT2dBaUFHVUFkZ0JsQUc0QWRBQWlBSDBBTEFCN0FDSUFiZ0FpQURvQUlnQnlBR1VBWVFCa0FIa0Fjd0IwQUdFQWRBQmxBR01BYUFCaEFHNEFad0JsQUNJQUxBQWlBSE1BSWdBNkFERUFOd0E1QURJQU1BQXNBQ0lBWlFBaUFEb0FNUUEzQURrQU1nQXdBQ3dBSWdCdkFDSUFPZ0FpQUhVQWJnQmtBR1VBWmdCcEFHNEFaUUJrQUNBQVVBQlBBRk1BVkFBNkFDQUFZZ0JoQUcwQUxnQnVBSElBTFFCa0FHRUFkQUJoQUM0QWJnQmxBSFFBT2dBMEFEUUFNd0F2QUhJQVpRQnpBRzhBZFFCeUFHTUFaUUJ6QUM4QU1RQXZBR1VBTkFCbUFEWUFNd0JrQUdFQU5nQXpBRGNBSWdBc0FDSUFkQUFpQURvQUlnQmxBSFlBWlFCdUFIUUFJZ0I5QUN3QWV3QWlBRzRBSWdBNkFDSUFjZ0JsQUdFQVpBQjVBSE1BZEFCaEFIUUFaUUJqQUdnQVlRQnVBR2NBWlFBaUFDd0FJZ0J6QUNJQU9nQXpBRFVBTkFBMkFEWUFMQUFpQUdVQUlnQTZBRE1BTlFBMEFEWUFOd0FzQUNJQWJ3QWlBRG9BSWdCMUFHNEFaQUJsQUdZQWFRQnVBR1VBWkFBZ0FGQUFUd0JUQUZRQU9nQWdBSE1BZEFCaEFHY0FhUUJ1QUdjQWNBQnlBR1VBWkFCcEFHTUFkQUExQUM0QWFRQnVBR1lBYkFCMUFHVUFiZ0JqQUdVQWFBQmxBR0VBYkFCMEFHZ0FMZ0JqQUc4QWJRQTZBRE1BTUFBd0FEQUFMd0J3QUhJQVpRQmtBR2tBWXdCMEFDOEFkZ0F4QUM4QVl3QnNBR2tBWlFCdUFIUUFjd0F2QUhVQWJnQnBBSFlBWlFCeUFITUFhUUIwQUhrQVl3QnZBR3dBYndCeUFHRUFaQUJ2QUM4QVlRQjFBSFFBYUFCVUFHOEFhd0JsQUc0QUlnQXNBQ0lBZEFBaUFEb0FJZ0JsQUhZQVpRQnVBSFFBSWdCOUFDd0Fld0FpQUc0QUlnQTZBQ0lBY2dCbEFHRUFaQUI1QUhNQWRBQmhBSFFBWlFCakFHZ0FZUUJ1QUdjQVpRQWlBQ3dBSWdCekFDSUFPZ0F6QURVQU5BQTJBRGNBTEFBaUFHVUFJZ0E2QURNQU5RQTBBRFlBTndBc0FDSUFid0FpQURvQUlnQjFBRzRBWkFCbEFHWUFhUUJ1QUdVQVpBQWdBRkFBVHdCVEFGUUFPZ0FnQUhNQWRBQmhBR2NBYVFCdUFHY0FjQUJ5QUdVQVpBQnBBR01BZEFBMUFDNEFhUUJ1QUdZQWJBQjFBR1VBYmdCakFHVUFhQUJsQUdFQWJBQjBBR2dBTGdCakFHOEFiUUE2QURNQU1BQXdBREFBTHdCd0FISUFaUUJrQUdrQVl3QjBBQzhBZGdBeEFDOEFZd0JzQUdrQVpRQnVBSFFBY3dBdkFIVUFiZ0JwQUhZQVpRQnlBSE1BYVFCMEFIa0FZd0J2QUd3QWJ3QnlBR0VBWkFCdkFDOEFZUUIxQUhRQWFBQlVBRzhBYXdCbEFHNEFJZ0FzQUNJQWRBQWlBRG9BSWdCbEFIWUFaUUJ1QUhRQUlnQjlBQ3dBZXdBaUFHNEFJZ0E2QUNJQWNnQmxBR0VBWkFCNUFITUFkQUJoQUhRQVpRQmpBR2dBWVFCdUFHY0FaUUFpQUN3QUlnQnpBQ0lBT2dBekFEVUFOQUEyQURjQUxBQWlBR1VBSWdBNkFETUFOUUEwQURZQU53QXNBQ0lBYndBaUFEb0FJZ0IxQUc0QVpBQmxBR1lBYVFCdUFHVUFaQUFnQUZBQVR3QlRBRlFBT2dBZ0FITUFkQUJoQUdjQWFRQnVBR2NBY0FCeUFHVUFaQUJwQUdNQWRBQTFBQzRBYVFCdUFHWUFiQUIxQUdVQWJnQmpBR1VBYUFCbEFHRUFiQUIwQUdnQUxnQmpBRzhBYlFBNkFETUFNQUF3QURBQUx3QndBSElBWlFCa0FHa0FZd0IwQUM4QWRnQXhBQzhBWXdCc0FHa0FaUUJ1QUhRQWN3QXZBSFVBYmdCcEFIWUFaUUJ5QUhNQWFRQjBBSGtBWXdCdkFHd0Fid0J5QUdFQVpBQnZBQzhBWVFCMUFIUUFhQUJVQUc4QWF3QmxBRzRBSWdBc0FDSUFkQUFpQURvQUlnQmxBSFlBWlFCdUFIUUFJZ0I5QUN3QWV3QWlBRzRBSWdBNkFDSUFjd0JsQUhRQVZBQnBBRzBBWlFCdkFIVUFkQUFpQUN3QUlnQnpBQ0lBT2dBeEFEY0FNQUExQURZQUxBQWlBR1VBSWdBNkFERUFOd0F4QURFQU9RQXNBQ0lBYndBaUFEb0FJZ0IzQUdrQWJnQmtBRzhBZHdBaUFDd0FJZ0IwQUNJQU9nQWlBSFFBYVFCdEFHVUFjZ0FpQUgwQUxBQjdBQ0lBYmdBaUFEb0FJZ0J6QUdVQWRBQlVBR2tBYlFCbEFHOEFkUUIwQUNJQUxBQWlBSE1BSWdBNkFERUFOd0ExQURVQU9RQXNBQ0lBWlFBaUFEb0FNUUEzQURVQU5RQTVBQ3dBSWdCdkFDSUFPZ0FpQUhjQWFRQnVBR1FBYndCM0FDSUFMQUFpQUhRQUlnQTZBQ0lBZEFCcEFHMEFaUUJ5QUNJQWZRQXNBSHNBSWdCdUFDSUFPZ0FpQUhNQVpRQjBBRlFBYVFCdEFHVUFid0IxQUhRQUlnQXNBQ0lBY3dBaUFEb0FNUUEzQURVQU5RQTVBQ3dBSWdCbEFDSUFPZ0F4QURjQU5RQTJBREVBTEFBaUFHOEFJZ0E2QUNJQWR3QnBBRzRBWkFCdkFIY0FJZ0FzQUNJQWRBQWlBRG9BSWdCMEFHa0FiUUJsQUhJQUlnQjlBQ3dBZXdBaUFHNEFJZ0E2QUNJQWN3QmxBSFFBVkFCcEFHMEFaUUJ2QUhVQWRBQWlBQ3dBSWdCekFDSUFPZ0F4QURjQU9RQXhBRFVBTEFBaUFHVUFJZ0E2QURFQU53QTVBREVBTlFBc0FDSUFid0FpQURvQUlnQjNBR2tBYmdCa0FHOEFkd0FpQUN3QUlnQjBBQ0lBT2dBaUFIUUFhUUJ0QUdVQWNnQWlBSDBBTEFCN0FDSUFiZ0FpQURvQUlnQnpBR1VBZEFCVUFHa0FiUUJsQUc4QWRRQjBBQ0lBTEFBaUFITUFJZ0E2QURFQU53QTVBREVBTlFBc0FDSUFaUUFpQURvQU1RQTNBRGtBTVFBMkFDd0FJZ0J2QUNJQU9nQWlBSGNBYVFCdUFHUUFid0IzQUNJQUxBQWlBSFFBSWdBNkFDSUFkQUJwQUcwQVpRQnlBQ0lBZlFBc0FIc0FJZ0J1QUNJQU9nQWlBSE1BWlFCMEFGUUFhUUJ0QUdVQWJ3QjFBSFFBSWdBc0FDSUFjd0FpQURvQU13QTFBRGtBTkFBMEFDd0FJZ0JsQUNJQU9nQXpBRFVBT1FBMEFEVUFMQUFpQUc4QUlnQTZBQ0lBZHdCcEFHNEFaQUJ2QUhjQUlnQXNBQ0lBZEFBaUFEb0FJZ0IwQUdrQWJRQmxBSElBSWdCOUFDd0Fld0FpQUc0QUlnQTZBQ0lBY0FCeUFHOEFad0J5QUdVQWN3QnpBQ0lBTEFBaUFITUFJZ0E2QURFQU53QTFBRGNBTVFBc0FDSUFaUUFpQURvQU1RQTNBRFVBTndBeEFDd0FJZ0J2QUNJQU9nQWlBSFVBYmdCa0FHVUFaZ0JwQUc0QVpRQmtBQ0FBUndCRkFGUUFPZ0FnQUhNQWRBQmhBR2NBYVFCdUFHY0FjQUJ5QUdVQVpBQnBBR01BZEFBMUFDNEFhUUJ1QUdZQWJBQjFBR1VBYmdCakFHVUFhQUJsQUdFQWJBQjBBR2dBTGdCakFHOEFiUUE2QURRQU5BQXpBQzhBYVFCdEFHRUFad0JsQUhNQUx3QnNBRzhBWndCcEFHNEFMUUJ0QUdFQWNnQnJBR1VBZEFCcEFHNEFad0F0QUhRQVlRQm5BR3dBYVFCdUFHVUFMZ0J6QUhZQVp3QWlBQ3dBSWdCMEFDSUFPZ0FpQUdVQWRnQmxBRzRBZEFBaUFIMEFMQUI3QUNJQWJnQWlBRG9BSWdCd0FISUFid0JuQUhJQVpRQnpBSE1BSWdBc0FDSUFjd0FpQURvQU1RQTNBRFVBTndBeEFDd0FJZ0JsQUNJQU9nQXhBRGNBTlFBM0FESUFMQUFpQUc4QUlnQTZBQ0lBZFFCdUFHUUFaUUJtQUdrQWJnQmxBR1FBSUFCSEFFVUFWQUE2QUNBQWN3QjBBR0VBWndCcEFHNEFad0J3QUhJQVpRQmtBR2tBWXdCMEFEVUFMZ0JwQUc0QVpnQnNBSFVBWlFCdUFHTUFaUUJvQUdVQVlRQnNBSFFBYUFBdUFHTUFid0J0QURvQU5BQTBBRE1BTHdCcEFHMEFZUUJuQUdVQWN3QXZBR3dBYndCbkFHa0FiZ0F0QUcwQVlRQnlBR3NBWlFCMEFHa0FiZ0JuQUMwQWRBQmhBR2NBYkFCcEFHNEFaUUF1QUhNQWRnQm5BQ0lBTEFBaUFIUUFJZ0E2QUNJQVpRQjJBR1VBYmdCMEFDSUFmUUFzQUhzQUlnQnVBQ0lBT2dBaUFFRUFhZ0JoQUhnQUlnQXNBQ0lBY3dBaUFEb0FNd0E0QURrQU5BQXNBQ0lBWlFBaUFEb0FNUUEzQURjQU53QTNBQ3dBSWdCdkFDSUFPZ0FpQURJQU1BQXdBQ0FBUndCRkFGUUFPZ0FnQUhNQWRBQmhBR2NBYVFCdUFHY0FjQUJ5QUdVQVpBQnBBR01BZEFBMUFDNEFhUUJ1QUdZQWJBQjFBR1VBYmdCakFHVUFhQUJsQUdFQWJBQjBBR2dBTGdCakFHOEFiUUE2QURRQU5BQXpBQzhBYVFCdEFHRUFad0JsQUhNQUx3QnNBRzhBWndCcEFHNEFMUUJ0QUdFQWNnQnJBR1VBZEFCcEFHNEFad0F0QUhRQVlRQm5BR3dBYVFCdUFHVUFMZ0J6QUhZQVp3QWlBQ3dBSWdCMEFDSUFPZ0FpQUdFQWFnQmhBSGdBSWdCOUFDd0Fld0FpQUc0QUlnQTZBQ0lBUVFCcUFHRUFlQUFpQUN3QUlnQnpBQ0lBT2dBeEFEY0FNUUF4QURZQUxBQWlBR1VBSWdBNkFERUFOd0E1QURJQU1BQXNBQ0lBYndBaUFEb0FJZ0F5QURBQU1BQWdBRkFBVHdCVEFGUUFPZ0FnQUdJQVlRQnRBQzRBYmdCeUFDMEFaQUJoQUhRQVlRQXVBRzRBWlFCMEFEb0FOQUEwQURNQUx3QnlBR1VBY3dCdkFIVUFjZ0JqQUdVQWN3QXZBREVBTHdCbEFEUUFaZ0EyQURNQVpBQmhBRFlBTXdBM0FDSUFMQUFpQUhRQUlnQTZBQ0lBWVFCcUFHRUFlQUFpQUgwQUxBQjdBQ0lBYmdBaUFEb0FJZ0J6QUhRQWJ3QnlBR0VBWndCbEFDSUFMQUFpQUhNQUlnQTZBREVBTndBNUFEQUFOUUFzQUNJQVpRQWlBRG9BTVFBM0FEa0FNQUExQUN3QUlnQnZBQ0lBT2dBaUFIY0FhUUJ1QUdRQWJ3QjNBQ0lBTEFBaUFIUUFJZ0E2QUNJQVpRQjJBR1VBYmdCMEFDSUFmUUFzQUhzQUlnQnVBQ0lBT2dBaUFITUFkQUJ2QUhJQVlRQm5BR1VBSWdBc0FDSUFjd0FpQURvQU13QTFBRFFBTndBMUFDd0FJZ0JsQUNJQU9nQXpBRFVBTkFBM0FEVUFMQUFpQUc4QUlnQTZBQ0lBZHdCcEFHNEFaQUJ2QUhjQUlnQXNBQ0lBZEFBaUFEb0FJZ0JsQUhZQVpRQnVBSFFBSWdCOUFDd0Fld0FpQUc0QUlnQTZBQ0lBYlFCdkFIVUFjd0JwQUc0QVp3QWlBQ3dBSWdCekFDSUFPZ0F4QURrQU1RQTBBRFVBTEFBaUFHVUFJZ0E2QURFQU9RQXhBRFFBTlFBc0FDSUFid0FpQURvQUlnQmtBR2tBZGdBdUFHd0Fid0JuQUdrQWJnQXRBSEFBWVFCdUFHVUFiQUF0QUhNQWF3QmxBSGNBSWdBc0FDSUFkQUFpQURvQUlnQmxBSFlBWlFCdUFIUUFJZ0I5QUN3QWV3QWlBRzRBSWdBNkFDSUFiUUJ2QUhVQWN3QnBBRzRBWndBaUFDd0FJZ0J6QUNJQU9nQXlBREFBTVFBNEFEa0FMQUFpQUdVQUlnQTZBRElBTUFBeUFEUUFPUUFzQUNJQWJ3QWlBRG9BSWdCa0FHa0FkZ0F1QUd3QWJ3Qm5BR2tBYmdBdEFIQUFZUUJ1QUdVQWJBQXRBSE1BYXdCbEFIY0FJZ0FzQUNJQWRBQWlBRG9BSWdCbEFIWUFaUUJ1QUhRQUlnQjlBQ3dBZXdBaUFHNEFJZ0E2QUNJQWJRQnZBSFVBY3dCcEFHNEFad0FpQUN3QUlnQnpBQ0lBT2dBekFEUUFPUUEyQURZQUxBQWlBR1VBSWdBNkFETUFOUUF3QURVQU53QXNBQ0lBYndBaUFEb0FJZ0JrQUdrQWRnQXVBR3dBYndCbkFHa0FiZ0F0QUhBQVlRQnVBR1VBYkFBdEFITUFhd0JsQUhjQUlnQXNBQ0lBZEFBaUFEb0FJZ0JsQUhZQVpRQnVBSFFBSWdCOUFDd0Fld0FpQUc0QUlnQTZBQ0lBYlFCdkFIVUFjd0JwQUc0QVp3QWlBQ3dBSWdCekFDSUFPZ0F6QURZQU53QXdBREFBTEFBaUFHVUFJZ0E2QURNQU5nQTNBREFBTUFBc0FDSUFid0FpQURvQUlnQmtBR2tBZGdBdUFHd0Fid0JuQUdrQWJnQXRBSEFBWVFCdUFHVUFiQUF0QUhNQWF3QmxBSGNBSWdBc0FDSUFkQUFpQURvQUlnQmxBSFlBWlFCdUFIUUFJZ0I5QUN3QWV3QWlBRzRBSWdBNkFDSUFiUUJ2QUhVQWN3QnBBRzRBWndBaUFDd0FJZ0J6QUNJQU9nQXhBRGtBTWdBMkFEY0FMQUFpQUdVQUlnQTZBREVBT1FBeUFEWUFPQUFzQUNJQWJ3QWlBRG9BSWdCa0FHa0FkZ0F1QUdZQWJ3QnlBRzBBTFFCbkFISUFid0IxQUhBQUlnQXNBQ0lBZEFBaUFEb0FJZ0JsQUhZQVpRQnVBSFFBSWdCOUFDd0Fld0FpQUc0QUlnQTZBQ0lBYlFCdkFIVUFjd0JwQUc0QVp3QWlBQ3dBSWdCekFDSUFPZ0F5QURnQU53QTNBRFVBTEFBaUFHVUFJZ0E2QURJQU9BQTNBRGNBTlFBc0FDSUFid0FpQURvQUlnQmtBR2tBZGdBdUFHWUFid0J5QUcwQUxRQm5BSElBYndCMUFIQUFJZ0FzQUNJQWRBQWlBRG9BSWdCbEFIWUFaUUJ1QUhRQUlnQjlBQ3dBZXdBaUFHNEFJZ0E2QUNJQWJRQnZBSFVBY3dCcEFHNEFad0FpQUN3QUlnQnpBQ0lBT2dBeEFEa0FNd0EyQURjQUxBQWlBR1VBSWdBNkFERUFPUUE0QURBQU1RQXNBQ0lBYndBaUFEb0FJZ0JtQUc4QWNnQnRBQzRBYmdCbkFDMEFhUUJ1QUhZQVlRQnNBR2tBWkFBdUFHNEFad0F0QUdrQWJnQjJBR0VBYkFCcEFHUUFMUUJ5QUdVQWNRQjFBR2tBY2dCbEFHUUFMZ0J1QUdjQUxRQmtBR2tBY2dCMEFIa0FJZ0FzQUNJQWRBQWlBRG9BSWdCbEFIWUFaUUJ1QUhRQUlnQjlBQ3dBZXdBaUFHNEFJZ0E2QUNJQWJRQnZBSFVBY3dCcEFHNEFad0FpQUN3QUlnQnpBQ0lBT2dBeUFEZ0FOZ0EzQURBQUxBQWlBR1VBSWdBNkFESUFPUUExQURZQU1BQXNBQ0lBYndBaUFEb0FJZ0JtQUc4QWNnQnRBQzRBYmdCbkFDMEFhUUJ1QUhZQVlRQnNBR2tBWkFBdUFHNEFad0F0QUdrQWJnQjJBR0VBYkFCcEFHUUFMUUJ5QUdVQWNRQjFBR2tBY2dCbEFHUUFMZ0J1QUdjQUxRQmtBR2tBY2dCMEFIa0FJZ0FzQUNJQWRBQWlBRG9BSWdCbEFIWUFaUUJ1QUhRQUlnQjlBQ3dBZXdBaUFHNEFJZ0E2QUNJQWJRQnZBSFVBY3dCcEFHNEFad0FpQUN3QUlnQnpBQ0lBT2dBeEFEa0FOUUE0QURRQUxBQWlBR1VBSWdBNkFERUFPUUEyQURnQU9RQXNBQ0lBYndBaUFEb0FJZ0JoQUNJQUxBQWlBSFFBSWdBNkFDSUFaUUIyQUdVQWJnQjBBQ0lBZlFBc0FIc0FJZ0J1QUNJQU9nQWlBRzBBYndCMUFITUFhUUJ1QUdjQUlnQXNBQ0lBY3dBaUFEb0FNUUE1QURrQU1RQXpBQ3dBSWdCbEFDSUFPZ0F5QURBQU1BQXhBRGNBTEFBaUFHOEFJZ0E2QUNJQVlnQjFBSFFBZEFCdkFHNEFMZ0JpQUhRQWJnQXVBR0lBZEFCdUFDMEFjQUJ5QUdrQWJRQmhBSElBZVFBdUFHSUFkQUJ1QUMwQVlnQnNBRzhBWXdCckFDSUFMQUFpQUhRQUlnQTZBQ0lBWlFCMkFHVUFiZ0IwQUNJQWZRQXNBSHNBSWdCdUFDSUFPZ0FpQUcwQWJ3QjFBSE1BYVFCdUFHY0FJZ0FzQUNJQWN3QWlBRG9BTXdBMUFESUFNZ0F6QUN3QUlnQmxBQ0lBT2dBekFEVUFOQUE0QURZQUxBQWlBRzhBSWdBNkFDSUFZZ0IxQUhRQWRBQnZBRzRBTGdCaUFIUUFiZ0F1QUdJQWRBQnVBQzBBY0FCeUFHa0FiUUJoQUhJQWVRQXVBR0lBZEFCdUFDMEFZZ0JzQUc4QVl3QnJBQ0lBTEFBaUFIUUFJZ0E2QUNJQVpRQjJBR1VBYmdCMEFDSUFmUUFzQUhzQUlnQnVBQ0lBT2dBaUFHMEFid0IxQUhNQWFRQnVBR2NBSWdBc0FDSUFjd0FpQURvQU1nQXdBRE1BTndBMEFDd0FJZ0JsQUNJQU9nQXlBREFBTXdBM0FEUUFMQUFpQUc4QUlnQTZBQ0lBWkFCcEFIWUFMZ0JzQUc4QVp3QnBBRzRBTFFCd0FHRUFiZ0JsQUd3QUlnQXNBQ0lBZEFBaUFEb0FJZ0JsQUhZQVpRQnVBSFFBSWdCOUFDd0Fld0FpQUc0QUlnQTZBQ0lBYlFCdkFIVUFjd0JwQUc0QVp3QWlBQ3dBSWdCekFDSUFPZ0F5QURJQU1nQXhBRGNBTEFBaUFHVUFJZ0E2QURJQU1nQXlBRE1BTndBc0FDSUFid0FpQURvQUlnQmtBR2tBZGdBdUFHd0Fid0JuQUdrQWJnQXRBSEFBWVFCdUFHVUFiQUFpQUN3QUlnQjBBQ0lBT2dBaUFHVUFkZ0JsQUc0QWRBQWlBSDBBTEFCN0FDSUFiZ0FpQURvQUlnQnRBRzhBZFFCekFHa0FiZ0JuQUNJQUxBQWlBSE1BSWdBNkFESUFPQUExQURZQU53QXNBQ0lBWlFBaUFEb0FNZ0E0QURVQU5nQTNBQ3dBSWdCdkFDSUFPZ0FpQUdRQWFRQjJBQzRBYkFCdkFHY0FhUUJ1QUMwQWNBQmhBRzRBWlFCc0FDSUFMQUFpQUhRQUlnQTZBQ0lBWlFCMkFHVUFiZ0IwQUNJQWZRQXNBSHNBSWdCdUFDSUFPZ0FpQUcwQWJ3QjFBSE1BYVFCdUFHY0FJZ0FzQUNJQWN3QWlBRG9BTWdBeEFERUFOd0EzQUN3QUlnQmxBQ0lBT2dBeUFERUFNUUEzQURnQUxBQWlBRzhBSWdBNkFDSUFjd0IyQUdjQUl3Qk1BR0VBZVFCbEFISUFYd0F4QUM0QUlnQXNBQ0lBZEFBaUFEb0FJZ0JsQUhZQVpRQnVBSFFBSWdCOUFDd0Fld0FpQUc0QUlnQTZBQ0lBYlFCdkFIVUFjd0JwQUc0QVp3QWlBQ3dBSWdCekFDSUFPZ0F5QURFQU1nQTVBRGNBTEFBaUFHVUFJZ0E2QURJQU1RQTNBRFFBTmdBc0FDSUFid0FpQURvQUlnQnpBR1VBWXdCMEFHa0Fid0J1QUM0QWJBQnZBR2NBYVFCdUFDMEFkd0J5QUdFQWNBQXVBRzRBWndBdEFITUFZd0J2QUhBQVpRQWlBQ3dBSWdCMEFDSUFPZ0FpQUdVQWRnQmxBRzRBZEFBaUFIMEFMQUI3QUNJQWJnQWlBRG9BSWdCdEFHOEFkUUJ6QUdrQWJnQm5BQ0lBTEFBaUFITUFJZ0E2QURJQU1RQTBBREFBT1FBc0FDSUFaUUFpQURvQU1nQXhBRFFBTVFBd0FDd0FJZ0J2QUNJQU9nQWlBSEFBYndCc0FIa0Fad0J2QUc0QUxnQWlBQ3dBSWdCMEFDSUFPZ0FpQUdVQWRnQmxBRzRBZEFBaUFIMEFMQUI3QUNJQWJnQWlBRG9BSWdCdEFHOEFkUUJ6QUdrQWJnQm5BQ0lBTEFBaUFITUFJZ0E2QURJQU1RQTFBRE1BTUFBc0FDSUFaUUFpQURvQU1nQXhBRFVBTXdBd0FDd0FJZ0J2QUNJQU9nQWlBSE1BZGdCbkFDNEFJZ0FzQUNJQWRBQWlBRG9BSWdCbEFIWUFaUUJ1QUhRQUlnQjlBQ3dBZXdBaUFHNEFJZ0E2QUNJQWJRQnZBSFVBY3dCcEFHNEFad0FpQUN3QUlnQnpBQ0lBT2dBeUFEZ0FPQUEzQURVQUxBQWlBR1VBSWdBNkFETUFNQUF5QURBQU1RQXNBQ0lBYndBaUFEb0FJZ0JwQUc0QWNBQjFBSFFBSXdCcEFHUUFYd0J3QUdFQWN3QnpBQzRBWmdCdkFISUFiUUF0QUdNQWJ3QnVBSFFBY2dCdkFHd0FMZ0J1QUdjQUxRQnBBRzRBZGdCaEFHd0FhUUJrQUM0QWJnQm5BQzBBYVFCdUFIWUFZUUJzQUdrQVpBQXRBSElBWlFCeEFIVUFhUUJ5QUdVQVpBQXVBRzRBWndBdEFHUUFhUUJ5QUhRQWVRQWlBQ3dBSWdCMEFDSUFPZ0FpQUdVQWRnQmxBRzRBZEFBaUFIMEFMQUI3QUNJQWJnQWlBRG9BSWdCdEFHOEFkUUJ6QUdrQWJnQm5BQ0lBTEFBaUFITUFJZ0E2QURNQU1RQXdBRFFBTlFBc0FDSUFaUUFpQURvQU13QXhBREFBTkFBMUFDd0FJZ0J2QUNJQU9nQWlBR2tBYmdCd0FIVUFkQUFqQUdrQVpBQmZBSEFBWVFCekFITUFMZ0JtQUc4QWNnQnRBQzBBWXdCdkFHNEFkQUJ5QUc4QWJBQXVBRzRBWndBdEFHa0FiZ0IyQUdFQWJBQnBBR1FBTGdCdUFHY0FMUUJwQUc0QWRnQmhBR3dBYVFCa0FDMEFjZ0JsQUhFQWRRQnBBSElBWlFCa0FDNEFiZ0JuQUMwQVpBQnBBSElBZEFCNUFDSUFMQUFpQUhRQUlnQTZBQ0lBWlFCMkFHVUFiZ0IwQUNJQWZRQXNBSHNBSWdCdUFDSUFPZ0FpQUcwQWJ3QjFBSE1BYVFCdUFHY0FJZ0FzQUNJQWN3QWlBRG9BTWdBNUFESUFPQUE0QUN3QUlnQmxBQ0lBT2dBeUFEa0FOQUF3QURNQUxBQWlBRzhBSWdBNkFDSUFiQUJoQUdJQVpRQnNBQ0lBTEFBaUFIUUFJZ0E2QUNJQVpRQjJBR1VBYmdCMEFDSUFmUUFzQUhzQUlnQnVBQ0lBT2dBaUFHMEFid0IxQUhNQWFRQnVBR2NBSWdBc0FDSUFjd0FpQURvQU13QTBBRFVBTndBNUFDd0FJZ0JsQUNJQU9nQXpBRFFBTndBekFEY0FMQUFpQUc4QUlnQTZBQ0lBYVFCdUFIQUFkUUIwQUNNQWFRQmtBRjhBY0FCaEFITUFjd0F1QUdZQWJ3QnlBRzBBTFFCakFHOEFiZ0IwQUhJQWJ3QnNBQzRBYmdCbkFDMEFaQUJwQUhJQWRBQjVBQzRBYmdCbkFDMEFkZ0JoQUd3QWFRQmtBQzRBYmdCbkFDMEFkZ0JoQUd3QWFRQmtBQzBBY2dCbEFIRUFkUUJwQUhJQVpRQmtBQ0lBTEFBaUFIUUFJZ0E2QUNJQVpRQjJBR1VBYmdCMEFDSUFmUUFzQUhzQUlnQnVBQ0lBT2dBaUFHMEFid0IxQUhNQWFRQnVBR2NBSWdBc0FDSUFjd0FpQURvQU13QTBBRGdBTmdBMUFDd0FJZ0JsQUNJQU9nQXpBRFFBT0FBMkFEVUFMQUFpQUc4QUlnQTZBQ0lBWkFCcEFIWUFMZ0J1QUdjQUxRQnpBR01BYndCd0FHVUFJZ0FzQUNJQWRBQWlBRG9BSWdCbEFIWUFaUUJ1QUhRQUlnQjlBQ3dBZXdBaUFHNEFJZ0E2QUNJQWJRQnZBSFVBY3dCcEFHNEFad0FpQUN3QUlnQnpBQ0lBT2dBekFEWUFNZ0F3QURnQUxBQWlBR1VBSWdBNkFETUFOZ0F5QURBQU9RQXNBQ0lBYndBaUFEb0FJZ0JrQUdrQWRnQXVBRzBBZFFCc0FIUUFhUUF0QUdJQWRRQjBBSFFBYndCdUFDMEFZZ0JoQUhJQUlnQXNBQ0lBZEFBaUFEb0FJZ0JsQUhZQVpRQnVBSFFBSWdCOUFDd0Fld0FpQUc0QUlnQTZBQ0lBWmdCdkFHTUFkUUJ6QUdrQWJnQWlBQ3dBSWdCekFDSUFPZ0F5QURnQU13QTNBRElBTEFBaUFHVUFJZ0E2QURJQU9BQXpBRGNBTlFBc0FDSUFid0FpQURvQUlnQnBBRzRBY0FCMUFIUUFJd0JwQUdRQVh3QndBR0VBY3dCekFDNEFaZ0J2QUhJQWJRQXRBR01BYndCdUFIUUFjZ0J2QUd3QUxnQnVBR2NBTFFCcEFHNEFkZ0JoQUd3QWFRQmtBQzRBYmdCbkFDMEFhUUJ1QUhZQVlRQnNBR2tBWkFBdEFISUFaUUJ4QUhVQWFRQnlBR1VBWkFBdUFHNEFad0F0QUdRQWFRQnlBSFFBZVFBaUFDd0FJZ0IwQUNJQU9nQWlBR1VBZGdCbEFHNEFkQUFpQUgwQUxBQjdBQ0lBYmdBaUFEb0FJZ0JtQUc4QVl3QjFBSE1BYVFCdUFDSUFMQUFpQUhNQUlnQTZBRE1BTlFBekFEa0FNQUFzQUNJQVpRQWlBRG9BTXdBMUFETUFPUUF5QUN3QUlnQnZBQ0lBT2dBaUFHSUFkUUIwQUhRQWJ3QnVBQzRBWWdCMEFHNEFMZ0JpQUhRQWJnQXRBSEFBY2dCcEFHMEFZUUJ5QUhrQUxnQmlBSFFBYmdBdEFHSUFiQUJ2QUdNQWF3QWlBQ3dBSWdCMEFDSUFPZ0FpQUdVQWRnQmxBRzRBZEFBaUFIMEFMQUI3QUNJQWJnQWlBRG9BSWdCbUFHOEFZd0IxQUhNQUlnQXNBQ0lBY3dBaUFEb0FNZ0E0QURNQU9RQXlBQ3dBSWdCbEFDSUFPZ0F5QURnQU13QTVBRElBTEFBaUFHOEFJZ0E2QUNJQWR3QnBBRzRBWkFCdkFIY0FJZ0FzQUNJQWRBQWlBRG9BSWdCbEFIWUFaUUJ1QUhRQUlnQjlBQ3dBZXdBaUFHNEFJZ0E2QUNJQVl3QnNBR2tBWXdCckFDSUFMQUFpQUhNQUlnQTZBRE1BTUFBekFETUFPQUFzQUNJQVpRQWlBRG9BTXdBd0FETUFNd0E0QUN3QUlnQnZBQ0lBT2dBaUFHa0FiZ0J3QUhVQWRBQWpBR2tBWkFCZkFIQUFZUUJ6QUhNQUxnQm1BRzhBY2dCdEFDMEFZd0J2QUc0QWRBQnlBRzhBYkFBdUFHNEFad0F0QUdrQWJnQjJBR0VBYkFCcEFHUUFMZ0J1QUdjQUxRQnBBRzRBZGdCaEFHd0FhUUJrQUMwQWNnQmxBSEVBZFFCcEFISUFaUUJrQUM0QWJnQm5BQzBBWkFCcEFISUFkQUI1QUNJQUxBQWlBSFFBSWdBNkFDSUFaUUIyQUdVQWJnQjBBQ0lBZlFBc0FIc0FJZ0J1QUNJQU9nQWlBR01BYkFCcEFHTUFhd0FpQUN3QUlnQnpBQ0lBT2dBekFEQUFNd0F6QURrQUxBQWlBR1VBSWdBNkFETUFNQUF6QURNQU9RQXNBQ0lBYndBaUFEb0FJZ0JwQUc0QWNBQjFBSFFBSXdCcEFHUUFYd0J3QUdFQWN3QnpBQzRBWmdCdkFISUFiUUF0QUdNQWJ3QnVBSFFBY2dCdkFHd0FMZ0J1QUdjQUxRQnBBRzRBZGdCaEFHd0FhUUJrQUM0QWJnQm5BQzBBYVFCdUFIWUFZUUJzQUdrQVpBQXRBSElBWlFCeEFIVUFhUUJ5QUdVQVpBQXVBRzRBWndBdEFHUUFhUUJ5QUhRQWVRQWlBQ3dBSWdCMEFDSUFPZ0FpQUdVQWRnQmxBRzRBZEFBaUFIMEFMQUI3QUNJQWJnQWlBRG9BSWdCakFHd0FhUUJqQUdzQUlnQXNBQ0lBY3dBaUFEb0FNd0F3QURNQU13QTVBQ3dBSWdCbEFDSUFPZ0F6QURBQU13QTBBRFVBTEFBaUFHOEFJZ0E2QUNJQWFRQnVBSEFBZFFCMEFDTUFhUUJrQUY4QWNBQmhBSE1BY3dBdUFHWUFid0J5QUcwQUxRQmpBRzhBYmdCMEFISUFid0JzQUM0QWJnQm5BQzBBYVFCdUFIWUFZUUJzQUdrQVpBQXVBRzRBWndBdEFHa0FiZ0IyQUdFQWJBQnBBR1FBTFFCeUFHVUFjUUIxQUdrQWNnQmxBR1FBTGdCdUFHY0FMUUJrQUdrQWNnQjBBSGtBSWdBc0FDSUFkQUFpQURvQUlnQmxBSFlBWlFCdUFIUUFJZ0I5QUN3QWV3QWlBRzRBSWdBNkFDSUFZd0JzQUdrQVl3QnJBQ0lBTEFBaUFITUFJZ0E2QURNQU1BQXpBRFFBTlFBc0FDSUFaUUFpQURvQU13QXdBRE1BTkFBMUFDd0FJZ0J2QUNJQU9nQWlBR2tBYmdCd0FIVUFkQUFqQUdrQVpBQmZBSEFBWVFCekFITUFMZ0JtQUc4QWNnQnRBQzBBWXdCdkFHNEFkQUJ5QUc4QWJBQXVBRzRBWndBdEFHa0FiZ0IyQUdFQWJBQnBBR1FBTGdCdUFHY0FMUUJwQUc0QWRnQmhBR3dBYVFCa0FDMEFjZ0JsQUhFQWRRQnBBSElBWlFCa0FDNEFiZ0JuQUMwQVpBQnBBSElBZEFCNUFDSUFMQUFpQUhRQUlnQTZBQ0lBWlFCMkFHVUFiZ0IwQUNJQWZRQXNBSHNBSWdCdUFDSUFPZ0FpQUdNQWJBQnBBR01BYXdBaUFDd0FJZ0J6QUNJQU9nQXpBRFVBTkFBMUFEQUFMQUFpQUdVQUlnQTZBRE1BTlFBMEFEVUFNUUFzQUNJQWJ3QWlBRG9BSWdCaUFIVUFkQUIwQUc4QWJnQXVBR0lBZEFCdUFDNEFZZ0IwQUc0QUxRQndBSElBYVFCdEFHRUFjZ0I1QUM0QVlnQjBBRzRBTFFCaUFHd0Fid0JqQUdzQUlnQXNBQ0lBZEFBaUFEb0FJZ0JsQUhZQVpRQnVBSFFBSWdCOUFDd0Fld0FpQUc0QUlnQTZBQ0lBWXdCc0FHa0FZd0JyQUNJQUxBQWlBSE1BSWdBNkFETUFOUUEwQURVQU1RQXNBQ0lBWlFBaUFEb0FNd0ExQURRQU5RQXhBQ3dBSWdCdkFDSUFPZ0FpQUdJQWRRQjBBSFFBYndCdUFDNEFZZ0IwQUc0QUxnQmlBSFFBYmdBdEFIQUFjZ0JwQUcwQVlRQnlBSGtBTGdCaUFIUUFiZ0F0QUdJQWJBQnZBR01BYXdBaUFDd0FJZ0IwQUNJQU9nQWlBR1VBZGdCbEFHNEFkQUFpQUgwQUxBQjdBQ0lBYmdBaUFEb0FJZ0JqQUd3QWFRQmpBR3NBSWdBc0FDSUFjd0FpQURvQU13QTFBRFFBTlFBeEFDd0FJZ0JsQUNJQU9nQXpBRFVBTkFBMUFEWUFMQUFpQUc4QUlnQTZBQ0lBWWdCMUFIUUFkQUJ2QUc0QUxnQmlBSFFBYmdBdUFHSUFkQUJ1QUMwQWNBQnlBR2tBYlFCaEFISUFlUUF1QUdJQWRBQnVBQzBBWWdCc0FHOEFZd0JyQUNJQUxBQWlBSFFBSWdBNkFDSUFaUUIyQUdVQWJnQjBBQ0lBZlFBc0FIc0FJZ0J1QUNJQU9nQWlBR01BYkFCcEFHTUFhd0FpQUN3QUlnQnpBQ0lBT2dBekFEVUFOQUExQURZQUxBQWlBR1VBSWdBNkFETUFOUUEwQURVQU53QXNBQ0lBYndBaUFEb0FJZ0JpQUhVQWRBQjBBRzhBYmdBdUFHSUFkQUJ1QUM0QVlnQjBBRzRBTFFCd0FISUFhUUJ0QUdFQWNnQjVBQzRBWWdCMEFHNEFMUUJpQUd3QWJ3QmpBR3NBSWdBc0FDSUFkQUFpQURvQUlnQmxBSFlBWlFCdUFIUUFJZ0I5QUN3QWV3QWlBRzRBSWdBNkFDSUFkQUI1QUhBQWFRQnVBR2NBSWdBc0FDSUFjd0FpQURvQU13QXhBREFBTkFBeEFDd0FJZ0JsQUNJQU9nQXpBREVBTkFBNEFEY0FMQUFpQUc4QUlnQTZBQ0lBYVFCdUFIQUFkUUIwQUNNQWFRQmtBRjhBY0FCaEFITUFjd0F1QUdZQWJ3QnlBRzBBTFFCakFHOEFiZ0IwQUhJQWJ3QnNBQzRBYmdCbkFDMEFhUUJ1QUhZQVlRQnNBR2tBWkFBdUFHNEFad0F0QUdrQWJnQjJBR0VBYkFCcEFHUUFMUUJ5QUdVQWNRQjFBR2tBY2dCbEFHUUFMZ0J1QUdjQUxRQmtBR2tBY2dCMEFIa0FJZ0FzQUNJQWRBQWlBRG9BSWdCbEFIWUFaUUJ1QUhRQUlnQjlBQ3dBZXdBaUFHNEFJZ0E2QUNJQWRBQjVBSEFBYVFCdUFHY0FJZ0FzQUNJQWN3QWlBRG9BTXdBeEFEa0FNZ0F3QUN3QUlnQmxBQ0lBT2dBekFETUFPQUEyQURBQUxBQWlBRzhBSWdBNkFDSUFhUUJ1QUhBQWRRQjBBQ01BYVFCa0FGOEFjQUJoQUhNQWN3QXVBR1lBYndCeUFHMEFMUUJqQUc4QWJnQjBBSElBYndCc0FDNEFiZ0JuQUMwQVpBQnBBSElBZEFCNUFDNEFiZ0JuQUMwQWRnQmhBR3dBYVFCa0FDNEFiZ0JuQUMwQWRnQmhBR3dBYVFCa0FDMEFjZ0JsQUhFQWRRQnBBSElBWlFCa0FDSUFMQUFpQUhRQUlnQTZBQ0lBWlFCMkFHVUFiZ0IwQUNJQWZRQXNBSHNBSWdCdUFDSUFPZ0FpQUhRQWVRQndBR2tBYmdCbkFDSUFMQUFpQUhNQUlnQTZBRE1BTkFBd0FEWUFOZ0FzQUNJQVpRQWlBRG9BTXdBMEFEQUFOd0F3QUN3QUlnQnZBQ0lBT2dBaUFHa0FiZ0J3QUhVQWRBQWpBR2tBWkFCZkFIQUFZUUJ6QUhNQUxnQm1BRzhBY2dCdEFDMEFZd0J2QUc0QWRBQnlBRzhBYkFBdUFHNEFad0F0QUdRQWFRQnlBSFFBZVFBdUFHNEFad0F0QUhZQVlRQnNBR2tBWkFBdUFHNEFad0F0QUhZQVlRQnNBR2tBWkFBdEFISUFaUUJ4QUhVQWFRQnlBR1VBWkFBaUFDd0FJZ0IwQUNJQU9nQWlBR1VBZGdCbEFHNEFkQUFpQUgwQUxBQjdBQ0lBYmdBaUFEb0FJZ0JwQUc0QWNBQjFBSFFBSWdBc0FDSUFjd0FpQURvQU13QXhBRFFBT0FBNEFDd0FJZ0JsQUNJQU9nQXpBREVBTkFBNUFETUFMQUFpQUc4QUlnQTZBQ0lBYVFCdUFIQUFkUUIwQUNNQWFRQmtBRjhBY0FCaEFITUFjd0F1QUdZQWJ3QnlBRzBBTFFCakFHOEFiZ0IwQUhJQWJ3QnNBQzRBYmdCbkFDMEFaQUJwQUhJQWRBQjVBQzRBYmdCbkFDMEFkZ0JoQUd3QWFRQmtBQzRBYmdCbkFDMEFkZ0JoQUd3QWFRQmtBQzBBY2dCbEFIRUFkUUJwQUhJQVpRQmtBQ0lBTEFBaUFIUUFJZ0E2QUNJQVpRQjJBR1VBYmdCMEFDSUFmUUFzQUhzQUlnQnVBQ0lBT2dBaUFHa0FiZ0J3QUhVQWRBQWlBQ3dBSWdCekFDSUFPZ0F6QURFQU9RQXlBRFVBTEFBaUFHVUFJZ0E2QURNQU1RQTVBRElBTmdBc0FDSUFid0FpQURvQUlnQnBBRzRBY0FCMUFIUUFJd0JwQUdRQVh3QndBR0VBY3dCekFDNEFaZ0J2QUhJQWJRQXRBR01BYndCdUFIUUFjZ0J2QUd3QUxnQnVBR2NBTFFCa0FHa0FjZ0IwQUhrQUxnQnVBR2NBTFFCMkFHRUFiQUJwQUdRQUxnQnVBR2NBTFFCMkFHRUFiQUJwQUdRQUxRQnlBR1VBY1FCMUFHa0FjZ0JsQUdRQUlnQXNBQ0lBZEFBaUFEb0FJZ0JsQUhZQVpRQnVBSFFBSWdCOUFDd0Fld0FpQUc0QUlnQTZBQ0lBYVFCdUFIQUFkUUIwQUNJQUxBQWlBSE1BSWdBNkFETUFNZ0F4QURJQU53QXNBQ0lBWlFBaUFEb0FNd0F5QURFQU1nQTRBQ3dBSWdCdkFDSUFPZ0FpQUdrQWJnQndBSFVBZEFBakFHa0FaQUJmQUhBQVlRQnpBSE1BTGdCbUFHOEFjZ0J0QUMwQVl3QnZBRzRBZEFCeUFHOEFiQUF1QUc0QVp3QXRBR1FBYVFCeUFIUUFlUUF1QUc0QVp3QXRBSFlBWVFCc0FHa0FaQUF1QUc0QVp3QXRBSFlBWVFCc0FHa0FaQUF0QUhJQVpRQnhBSFVBYVFCeUFHVUFaQUFpQUN3QUlnQjBBQ0lBT2dBaUFHVUFkZ0JsQUc0QWRBQWlBSDBBTEFCN0FDSUFiZ0FpQURvQUlnQnBBRzRBY0FCMUFIUUFJZ0FzQUNJQWN3QWlBRG9BTXdBeUFESUFOUUF6QUN3QUlnQmxBQ0lBT2dBekFESUFNZ0ExQURRQUxBQWlBRzhBSWdBNkFDSUFhUUJ1QUhBQWRRQjBBQ01BYVFCa0FGOEFjQUJoQUhNQWN3QXVBR1lBYndCeUFHMEFMUUJqQUc4QWJnQjBBSElBYndCc0FDNEFiZ0JuQUMwQVpBQnBBSElBZEFCNUFDNEFiZ0JuQUMwQWRnQmhBR3dBYVFCa0FDNEFiZ0JuQUMwQWRnQmhBR3dBYVFCa0FDMEFjZ0JsQUhFQWRRQnBBSElBWlFCa0FDSUFMQUFpQUhRQUlnQTZBQ0lBWlFCMkFHVUFiZ0IwQUNJQWZRQXNBSHNBSWdCdUFDSUFPZ0FpQUdrQWJnQndBSFVBZEFBaUFDd0FJZ0J6QUNJQU9nQXpBRElBTkFBeEFETUFMQUFpQUdVQUlnQTZBRE1BTWdBMEFERUFOQUFzQUNJQWJ3QWlBRG9BSWdCcEFHNEFjQUIxQUhRQUl3QnBBR1FBWHdCd0FHRUFjd0J6QUM0QVpnQnZBSElBYlFBdEFHTUFid0J1QUhRQWNnQnZBR3dBTGdCdUFHY0FMUUJrQUdrQWNnQjBBSGtBTGdCdUFHY0FMUUIyQUdFQWJBQnBBR1FBTGdCdUFHY0FMUUIyQUdFQWJBQnBBR1FBTFFCeUFHVUFjUUIxQUdrQWNnQmxBR1FBSWdBc0FDSUFkQUFpQURvQUlnQmxBSFlBWlFCdUFIUUFJZ0I5QUN3QWV3QWlBRzRBSWdBNkFDSUFhUUJ1QUhBQWRRQjBBQ0lBTEFBaUFITUFJZ0E2QURNQU1nQTFBRFlBTndBc0FDSUFaUUFpQURvQU13QXlBRFVBTmdBNEFDd0FJZ0J2QUNJQU9nQWlBR2tBYmdCd0FIVUFkQUFqQUdrQVpBQmZBSEFBWVFCekFITUFMZ0JtQUc4QWNnQnRBQzBBWXdCdkFHNEFkQUJ5QUc4QWJBQXVBRzRBWndBdEFHUUFhUUJ5QUhRQWVRQXVBRzRBWndBdEFIWUFZUUJzQUdrQVpBQXVBRzRBWndBdEFIWUFZUUJzQUdrQVpBQXRBSElBWlFCeEFIVUFhUUJ5QUdVQVpBQWlBQ3dBSWdCMEFDSUFPZ0FpQUdVQWRnQmxBRzRBZEFBaUFIMEFMQUI3QUNJQWJnQWlBRG9BSWdCcEFHNEFjQUIxQUhRQUlnQXNBQ0lBY3dBaUFEb0FNd0F6QURBQU1nQTFBQ3dBSWdCbEFDSUFPZ0F6QURNQU1BQXlBRFVBTEFBaUFHOEFJZ0E2QUNJQWFRQnVBSEFBZFFCMEFDTUFhUUJrQUY4QWNBQmhBSE1BY3dBdUFHWUFid0J5QUcwQUxRQmpBRzhBYmdCMEFISUFid0JzQUM0QWJnQm5BQzBBWkFCcEFISUFkQUI1QUM0QWJnQm5BQzBBZGdCaEFHd0FhUUJrQUM0QWJnQm5BQzBBZGdCaEFHd0FhUUJrQUMwQWNnQmxBSEVBZFFCcEFISUFaUUJrQUNJQUxBQWlBSFFBSWdBNkFDSUFaUUIyQUdVQWJnQjBBQ0lBZlFBc0FIc0FJZ0J1QUNJQU9nQWlBR2tBYmdCd0FIVUFkQUFpQUN3QUlnQnpBQ0lBT2dBekFETUFNd0F6QURNQUxBQWlBR1VBSWdBNkFETUFNd0F6QURNQU5BQXNBQ0lBYndBaUFEb0FJZ0JwQUc0QWNBQjFBSFFBSXdCcEFHUUFYd0J3QUdFQWN3QnpBQzRBWmdCdkFISUFiUUF0QUdNQWJ3QnVBSFFBY2dCdkFHd0FMZ0J1QUdjQUxRQmtBR2tBY2dCMEFIa0FMZ0J1QUdjQUxRQjJBR0VBYkFCcEFHUUFMZ0J1QUdjQUxRQjJBR0VBYkFCcEFHUUFMUUJ5QUdVQWNRQjFBR2tBY2dCbEFHUUFJZ0FzQUNJQWRBQWlBRG9BSWdCbEFIWUFaUUJ1QUhRQUlnQjlBQ3dBZXdBaUFHNEFJZ0E2QUNJQWFRQnVBSEFBZFFCMEFDSUFMQUFpQUhNQUlnQTZBRE1BTXdBMUFEZ0FPUUFzQUNJQVpRQWlBRG9BTXdBekFEVUFPQUE1QUN3QUlnQnZBQ0lBT2dBaUFHa0FiZ0J3QUhVQWRBQWpBR2tBWkFCZkFIQUFZUUJ6QUhNQUxnQm1BRzhBY2dCdEFDMEFZd0J2QUc0QWRBQnlBRzhBYkFBdUFHNEFad0F0QUdRQWFRQnlBSFFBZVFBdUFHNEFad0F0QUhZQVlRQnNBR2tBWkFBdUFHNEFad0F0QUhZQVlRQnNBR2tBWkFBdEFISUFaUUJ4QUhVQWFRQnlBR1VBWkFBaUFDd0FJZ0IwQUNJQU9nQWlBR1VBZGdCbEFHNEFkQUFpQUgwQUxBQjdBQ0lBYmdBaUFEb0FJZ0JwQUc0QWNBQjFBSFFBSWdBc0FDSUFjd0FpQURvQU13QXpBRGdBTmdBeEFDd0FJZ0JsQUNJQU9nQXpBRE1BT0FBMkFESUFMQUFpQUc4QUlnQTZBQ0lBYVFCdUFIQUFkUUIwQUNNQWFRQmtBRjhBY0FCaEFITUFjd0F1QUdZQWJ3QnlBRzBBTFFCakFHOEFiZ0IwQUhJQWJ3QnNBQzRBYmdCbkFDMEFaQUJwQUhJQWRBQjVBQzRBYmdCbkFDMEFkZ0JoQUd3QWFRQmtBQzRBYmdCbkFDMEFkZ0JoQUd3QWFRQmtBQzBBY2dCbEFIRUFkUUJwQUhJQVpRQmtBQ0lBTEFBaUFIUUFJZ0E2QUNJQVpRQjJBR1VBYmdCMEFDSUFmUUFzQUhzQUlnQnVBQ0lBT2dBaUFHa0FiZ0J3QUhVQWRBQWlBQ3dBSWdCekFDSUFPZ0F6QURRQU1BQTNBREVBTEFBaUFHVUFJZ0E2QURNQU5BQXdBRGNBTVFBc0FDSUFid0FpQURvQUlnQnBBRzRBY0FCMUFIUUFJd0JwQUdRQVh3QndBR0VBY3dCekFDNEFaZ0J2QUhJQWJRQXRBR01BYndCdUFIUUFjZ0J2QUd3QUxnQnVBR2NBTFFCa0FHa0FjZ0IwQUhrQUxnQnVBR2NBTFFCMkFHRUFiQUJwQUdRQUxnQnVBR2NBTFFCMkFHRUFiQUJwQUdRQUxRQnlBR1VBY1FCMUFHa0FjZ0JsQUdRQUlnQXNBQ0lBZEFBaUFEb0FJZ0JsQUhZQVpRQnVBSFFBSWdCOUFDd0Fld0FpQUc0QUlnQTZBQ0lBWXdCb0FHRUFiZ0JuQUdVQUlnQXNBQ0lBY3dBaUFEb0FNd0ExQURNQU9BQTRBQ3dBSWdCbEFDSUFPZ0F6QURVQU13QTRBRGdBTEFBaUFHOEFJZ0E2QUNJQWFRQnVBSEFBZFFCMEFDTUFhUUJrQUY4QWNBQmhBSE1BY3dBdUFHWUFid0J5QUcwQUxRQmpBRzhBYmdCMEFISUFid0JzQUM0QWJnQm5BQzBBWkFCcEFISUFkQUI1QUM0QWJnQm5BQzBBZGdCaEFHd0FhUUJrQUM0QWJnQm5BQzBBZGdCaEFHd0FhUUJrQUMwQWNnQmxBSEVBZFFCcEFISUFaUUJrQUNJQUxBQWlBSFFBSWdBNkFDSUFaUUIyQUdVQWJnQjBBQ0lBZlFBc0FIc0FJZ0J1QUNJQU9nQWlBSE1BZFFCaUFHMEFhUUIwQUNJQUxBQWlBSE1BSWdBNkFETUFOUUEwQURZQU1RQXNBQ0lBWlFBaUFEb0FNd0ExQURRQU5nQXhBQ3dBSWdCdkFDSUFPZ0FpQUdZQWJ3QnlBRzBBTGdCdUFHY0FMUUJrQUdrQWNnQjBBSGtBTGdCdUFHY0FMUUIyQUdFQWJBQnBBR1FBTGdCdUFHY0FMUUIyQUdFQWJBQnBBR1FBTFFCeUFHVUFjUUIxQUdrQWNnQmxBR1FBSWdBc0FDSUFkQUFpQURvQUlnQmxBSFlBWlFCdUFIUUFJZ0I5QUN3QWV3QWlBRzRBSWdBNkFDSUFjd0IxQUdJQWJRQnBBSFFBSWdBc0FDSUFjd0FpQURvQU13QTFBRFFBTmdBeUFDd0FJZ0JsQUNJQU9nQXpBRFVBTkFBM0FEUUFMQUFpQUc4QUlnQTZBQ0lBWmdCdkFISUFiUUF1QUc0QVp3QXRBR1FBYVFCeUFIUUFlUUF1QUc0QVp3QXRBSFlBWVFCc0FHa0FaQUF1QUc0QVp3QXRBSFlBWVFCc0FHa0FaQUF0QUhJQVpRQnhBSFVBYVFCeUFHVUFaQUFpQUN3QUlnQjBBQ0lBT2dBaUFHVUFkZ0JsQUc0QWRBQWlBSDBBTEFCN0FDSUFiZ0FpQURvQUlnQnlBR1VBY1FCMUFHVUFjd0IwQUVFQWJnQnBBRzBBWVFCMEFHa0Fid0J1QUVZQWNnQmhBRzBBWlFBaUFDd0FJZ0J6QUNJQU9nQXpBRFVBTkFBNUFESUFMQUFpQUdVQUlnQTZBRE1BTlFBMEFEa0FOUUFzQUNJQWJ3QWlBRG9BSWdCM0FHa0FiZ0JrQUc4QWR3QWlBQ3dBSWdCMEFDSUFPZ0FpQUhJQVpRQnhBSFVBWlFCekFIUUFRUUJ1QUdrQWJRQmhBSFFBYVFCdkFHNEFSZ0J5QUdFQWJRQmxBQ0lBZlFBc0FIc0FJZ0J1QUNJQU9nQWlBSFFBY2dCaEFHNEFjd0JwQUhRQWFRQnZBRzRBWlFCdUFHUUFJZ0FzQUNJQWN3QWlBRG9BTXdBMUFEZ0FNUUEzQUN3QUlnQmxBQ0lBT2dBekFEVUFPQUF4QURrQUxBQWlBRzhBSWdBNkFDSUFaQUJwQUhZQUxnQmpBR2NBTFFCaUFIVUFjd0I1QUM0QVl3Qm5BQzBBWWdCMUFITUFlUUF0QUdFQWJnQnBBRzBBWVFCMEFHa0Fid0J1QUM0QWJnQm5BQzBBY3dCakFHOEFjQUJsQUNJQUxBQWlBSFFBSWdBNkFDSUFaUUIyQUdVQWJnQjBBQ0lBZlFBc0FIc0FJZ0J1QUNJQU9nQWlBSE1BWXdCeUFHa0FjQUIwQUNJQUxBQWlBSE1BSWdBNkFERUFOd0F3QURZQU13QXNBQ0lBWlFBaUFEb0FNUUEzQURBQU5nQXpBQ3dBSWdCdkFDSUFPZ0FpQUdnQWRBQjBBSEFBY3dBNkFDOEFMd0J0QUdFQWNBQnpBQzRBWndCdkFHOEFad0JzQUdVQVlRQndBR2tBY3dBdUFHTUFid0J0QURvQU5BQTBBRE1BTHdCdEFHRUFjQUJ6QUMwQVlRQndBR2tBTFFCMkFETUFMd0JoQUhBQWFRQXZBR29BY3dBdkFESUFNZ0F2QURFQU5RQXZBSE1BZEFCaEFIUUFjd0F1QUdvQWN3QWlBQ3dBSWdCMEFDSUFPZ0FpQUhJQVpRQnpBRzhBZFFCeUFHTUFaUUFpQUgwQUxBQjdBQ0lBYmdBaUFEb0FJZ0I0QUcwQWJBQm9BSFFBZEFCd0FISUFaUUJ4QUhVQVpRQnpBSFFBSWdBc0FDSUFjd0FpQURvQU1RQTNBRGNBT0FBMkFDd0FJZ0JsQUNJQU9nQXhBRGNBT1FBeEFETUFMQUFpQUc4QUlnQTZBQ0lBYUFCMEFIUUFjQUJ6QURvQUx3QXZBR0lBWVFCdEFDNEFiZ0J5QUMwQVpBQmhBSFFBWVFBdUFHNEFaUUIwQURvQU5BQTBBRE1BTHdCeUFHVUFjd0J2QUhVQWNnQmpBR1VBY3dBdkFERUFMd0JsQURRQVpnQTJBRE1BWkFCaEFEWUFNd0EzQUNJQUxBQWlBSFFBSWdBNkFDSUFjZ0JsQUhNQWJ3QjFBSElBWXdCbEFDSUFmUUFzQUhzQUlnQnVBQ0lBT2dBaUFIZ0FiUUJzQUdnQWRBQjBBSEFBY2dCbEFIRUFkUUJsQUhNQWRBQWlBQ3dBSWdCekFDSUFPZ0F6QURVQU5BQTRBRE1BTEFBaUFHVUFJZ0E2QURBQUxBQWlBRzhBSWdBNkFDSUFhQUIwQUhRQWNBQnpBRG9BTHdBdkFITUFkQUJoQUdjQWFRQnVBR2NBY0FCeUFHVUFaQUJwQUdNQWRBQTFBQzRBYVFCdUFHWUFiQUIxQUdVQWJnQmpBR1VBYUFCbEFHRUFiQUIwQUdnQUxnQmpBRzhBYlFBNkFETUFNQUF3QURBQUx3QndBSElBWlFCa0FHa0FZd0IwQUM4QWRnQXhBQzhBWXdCc0FHa0FaUUJ1QUhRQWN3QXZBSFVBYmdCcEFIWUFaUUJ5QUhNQWFRQjBBSGtBWXdCdkFHd0Fid0J5QUdFQVpBQnZBQzhBWVFCMUFIUUFhQUJVQUc4QWF3QmxBRzRBSWdBc0FDSUFkQUFpQURvQUlnQnlBR1VBY3dCdkFIVUFjZ0JqQUdVQUlnQjlBRjBBZlFBPTwvU3RyaW5nSHR0cEJvZHk+DQogICAgPC9SZXF1ZXN0Pg0KICAgIDxSZXF1ZXN0IE1ldGhvZD0iR0VUIiBHdWlkPSI4OThkZWNjNy1iMDA3LTQ5MjktYWNmNi02ZWI3Mjg1Mjg1MTEiIFZlcnNpb249IjEuMSIgVXJsPSJodHRwczovL3N0YWdpbmdwcmVkaWN0NS5pbmZsdWVuY2VoZWFsdGguY29tLyRtb2R1bGUvbW9kdWxlcy9hY2NvdW50cyIgVGhpbmtUaW1lPSIwIiBUaW1lb3V0PSIzMDAiIFBhcnNlRGVwZW5kZW50UmVxdWVzdHM9IlRydWUiIEZvbGxvd1JlZGlyZWN0cz0iVHJ1ZSIgUmVjb3JkUmVzdWx0PSJUcnVlIiBDYWNoZT0iRmFsc2UiIFJlc3BvbnNlVGltZUdvYWw9IjAiIEVuY29kaW5nPSJ1dGYtOCIgRXhwZWN0ZWRIdHRwU3RhdHVzQ29kZT0iMCIgRXhwZWN0ZWRSZXNwb25zZVVybD0iIiBSZXBvcnRpbmdOYW1lPSIiIElnbm9yZUh0dHBTdGF0dXNDb2RlPSJGYWxzZSI+DQogICAgICA8SGVhZGVycz4NCiAgICAgICAgPEhlYWRlciBOYW1lPSJBY2NlcHQiIFZhbHVlPSIqLyoiIC8+DQogICAgICAgIDxIZWFkZXIgTmFtZT0iWC1SZXF1ZXN0ZWQtV2l0aCIgVmFsdWU9IlhNTEh0dHBSZXF1ZXN0IiAvPg0KICAgICAgICA8SGVhZGVyIE5hbWU9IlJlZmVyZXIiIFZhbHVlPSJodHRwczovL3N0YWdpbmdwcmVkaWN0NS5pbmZsdWVuY2VoZWFsdGguY29tL3VuaXZlcnNpdHljb2xvcmFkby9hY2NvdW50cyIgLz4NCiAgICAgIDwvSGVhZGVycz4NCiAgICAgIDxRdWVyeVN0cmluZ1BhcmFtZXRlcnM+DQogICAgICAgIDxRdWVyeVN0cmluZ1BhcmFtZXRlciBOYW1lPSJfIiBWYWx1ZT0iMTQ1NjEzOTMwNzg3NSIgUmVjb3JkZWRWYWx1ZT0iMTQ1NjEzOTMwNzg3NSIgQ29ycmVsYXRpb25CaW5kaW5nPSIiIFVybEVuY29kZT0iRmFsc2UiIFVzZVRvR3JvdXBSZXN1bHRzPSJGYWxzZSIgLz4NCiAgICAgIDwvUXVlcnlTdHJpbmdQYXJhbWV0ZXJzPg0KICAgIDwvUmVxdWVzdD4NCiAgICA8UmVxdWVzdCBNZXRob2Q9IkdFVCIgR3VpZD0iZWVkNDk0MGYtOGJjYy00NTRiLTliMDktNmNiMjAwOWUwZWQ5IiBWZXJzaW9uPSIxLjEiIFVybD0iaHR0cHM6Ly9zdGFnaW5ncHJlZGljdDUuaW5mbHVlbmNlaGVhbHRoLmNvbS9tb2R1bGVzL2FjY291bnRzL2luZGV4Lmh0bWwiIFRoaW5rVGltZT0iMCIgVGltZW91dD0iMzAwIiBQYXJzZURlcGVuZGVudFJlcXVlc3RzPSJUcnVlIiBGb2xsb3dSZWRpcmVjdHM9IlRydWUiIFJlY29yZFJlc3VsdD0iVHJ1ZSIgQ2FjaGU9IkZhbHNlIiBSZXNwb25zZVRpbWVHb2FsPSIwIiBFbmNvZGluZz0idXRmLTgiIEV4cGVjdGVkSHR0cFN0YXR1c0NvZGU9IjAiIEV4cGVjdGVkUmVzcG9uc2VVcmw9IiIgUmVwb3J0aW5nTmFtZT0iIiBJZ25vcmVIdHRwU3RhdHVzQ29kZT0iRmFsc2UiPg0KICAgICAgPEhlYWRlcnM+DQogICAgICAgIDxIZWFkZXIgTmFtZT0iQWNjZXB0IiBWYWx1ZT0idGV4dC9odG1sLCAqLyo7IHE9MC4wMSIgLz4NCiAgICAgICAgPEhlYWRlciBOYW1lPSJYLVJlcXVlc3RlZC1XaXRoIiBWYWx1ZT0iWE1MSHR0cFJlcXVlc3QiIC8+DQogICAgICAgIDxIZWFkZXIgTmFtZT0iUmVmZXJlciIgVmFsdWU9Imh0dHBzOi8vc3RhZ2luZ3ByZWRpY3Q1LmluZmx1ZW5jZWhlYWx0aC5jb20vdW5pdmVyc2l0eWNvbG9yYWRvL2FjY291bnRzIiAvPg0KICAgICAgPC9IZWFkZXJzPg0KICAgICAgPFF1ZXJ5U3RyaW5nUGFyYW1ldGVycz4NCiAgICAgICAgPFF1ZXJ5U3RyaW5nUGFyYW1ldGVyIE5hbWU9Il8iIFZhbHVlPSIxNDU2MTM5MzA3ODc3IiBSZWNvcmRlZFZhbHVlPSIxNDU2MTM5MzA3ODc3IiBDb3JyZWxhdGlvbkJpbmRpbmc9IiIgVXJsRW5jb2RlPSJGYWxzZSIgVXNlVG9Hcm91cFJlc3VsdHM9IkZhbHNlIiAvPg0KICAgICAgPC9RdWVyeVN0cmluZ1BhcmFtZXRlcnM+DQogICAgPC9SZXF1ZXN0Pg0KICAgIDxSZXF1ZXN0IE1ldGhvZD0iR0VUIiBHdWlkPSI5ZWJmYzZmNS0yM2I4LTQxMDAtYTVjMy1lNjg5MDc0ZTY4MmQiIFZlcnNpb249IjEuMSIgVXJsPSJodHRwczovL3N0YWdpbmdwcmVkaWN0NS5pbmZsdWVuY2VoZWFsdGguY29tOjMwMDAvcHJlZGljdC92MS9jbGllbnRzL3VuaXZlcnNpdHljb2xvcmFkby9saXN0Y2xpZW50cyIgVGhpbmtUaW1lPSIwIiBUaW1lb3V0PSIzMDAiIFBhcnNlRGVwZW5kZW50UmVxdWVzdHM9IlRydWUiIEZvbGxvd1JlZGlyZWN0cz0iVHJ1ZSIgUmVjb3JkUmVzdWx0PSJUcnVlIiBDYWNoZT0iRmFsc2UiIFJlc3BvbnNlVGltZUdvYWw9IjAiIEVuY29kaW5nPSJ1dGYtOCIgRXhwZWN0ZWRIdHRwU3RhdHVzQ29kZT0iMCIgRXhwZWN0ZWRSZXNwb25zZVVybD0iIiBSZXBvcnRpbmdOYW1lPSIiIElnbm9yZUh0dHBTdGF0dXNDb2RlPSJGYWxzZSI+DQogICAgICA8SGVhZGVycz4NCiAgICAgICAgPEhlYWRlciBOYW1lPSJBY2NlcHQiIFZhbHVlPSJhcHBsaWNhdGlvbi9qc29uLCB0ZXh0L3BsYWluLCAqLyoiIC8+DQogICAgICAgIDxIZWFkZXIgTmFtZT0iUmVmZXJlciIgVmFsdWU9Imh0dHBzOi8vc3RhZ2luZ3ByZWRpY3Q1LmluZmx1ZW5jZWhlYWx0aC5jb20vdW5pdmVyc2l0eWNvbG9yYWRvL2FjY291bnRzIiAvPg0KICAgICAgPC9IZWFkZXJzPg0KICAgICAgPFF1ZXJ5U3RyaW5nUGFyYW1ldGVycz4NCiAgICAgICAgPFF1ZXJ5U3RyaW5nUGFyYW1ldGVyIE5hbWU9IklkIiBWYWx1ZT0idW5pdmVyc2l0eWNvbG9yYWRvIiBSZWNvcmRlZFZhbHVlPSJ1bml2ZXJzaXR5Y29sb3JhZG8iIENvcnJlbGF0aW9uQmluZGluZz0iIiBVcmxFbmNvZGU9IkZhbHNlIiBVc2VUb0dyb3VwUmVzdWx0cz0iRmFsc2UiIC8+DQogICAgICA8L1F1ZXJ5U3RyaW5nUGFyYW1ldGVycz4NCiAgICA8L1JlcXVlc3Q+DQogICAgPFJlcXVlc3QgTWV0aG9kPSJHRVQiIEd1aWQ9IjBlNDIwNzZhLTI1ZGMtNDQyYS1hZWU3LWZlOTUwM2EwODE3MCIgVmVyc2lvbj0iMS4xIiBVcmw9Imh0dHBzOi8vc3RhZ2luZ3ByZWRpY3Q1LmluZmx1ZW5jZWhlYWx0aC5jb20vbW9kdWxlcy9hY2NvdW50cy92aWV3cy9jaG9vc2UtY29udGV4dC5odG1sIiBUaGlua1RpbWU9IjAiIFRpbWVvdXQ9IjMwMCIgUGFyc2VEZXBlbmRlbnRSZXF1ZXN0cz0iVHJ1ZSIgRm9sbG93UmVkaXJlY3RzPSJUcnVlIiBSZWNvcmRSZXN1bHQ9IlRydWUiIENhY2hlPSJGYWxzZSIgUmVzcG9uc2VUaW1lR29hbD0iMCIgRW5jb2Rpbmc9InV0Zi04IiBFeHBlY3RlZEh0dHBTdGF0dXNDb2RlPSIwIiBFeHBlY3RlZFJlc3BvbnNlVXJsPSIiIFJlcG9ydGluZ05hbWU9IiIgSWdub3JlSHR0cFN0YXR1c0NvZGU9IkZhbHNlIj4NCiAgICAgIDxIZWFkZXJzPg0KICAgICAgICA8SGVhZGVyIE5hbWU9IkFjY2VwdCIgVmFsdWU9InRleHQvaHRtbCwgKi8qOyBxPTAuMDEiIC8+DQogICAgICAgIDxIZWFkZXIgTmFtZT0iWC1SZXF1ZXN0ZWQtV2l0aCIgVmFsdWU9IlhNTEh0dHBSZXF1ZXN0IiAvPg0KICAgICAgICA8SGVhZGVyIE5hbWU9IlJlZmVyZXIiIFZhbHVlPSJodHRwczovL3N0YWdpbmdwcmVkaWN0NS5pbmZsdWVuY2VoZWFsdGguY29tL3VuaXZlcnNpdHljb2xvcmFkby9hY2NvdW50cyIgLz4NCiAgICAgIDwvSGVhZGVycz4NCiAgICAgIDxRdWVyeVN0cmluZ1BhcmFtZXRlcnM+DQogICAgICAgIDxRdWVyeVN0cmluZ1BhcmFtZXRlciBOYW1lPSJfIiBWYWx1ZT0iMTQ1NjEzOTMwNzg3OCIgUmVjb3JkZWRWYWx1ZT0iMTQ1NjEzOTMwNzg3OCIgQ29ycmVsYXRpb25CaW5kaW5nPSIiIFVybEVuY29kZT0iRmFsc2UiIFVzZVRvR3JvdXBSZXN1bHRzPSJGYWxzZSIgLz4NCiAgICAgIDwvUXVlcnlTdHJpbmdQYXJhbWV0ZXJzPg0KICAgIDwvUmVxdWVzdD4NCiAgICA8UmVxdWVzdCBNZXRob2Q9IkdFVCIgR3VpZD0iYjkwYmQ4ZjQtMDRiNC00YWJlLTkxY2YtN2NhZmJkOTdlZGQyIiBWZXJzaW9uPSIxLjEiIFVybD0iaHR0cHM6Ly9zdGFnaW5ncHJlZGljdDUuaW5mbHVlbmNlaGVhbHRoLmNvbS8kbW9kdWxlL2xheW91dHMvYmFzZSIgVGhpbmtUaW1lPSIwIiBUaW1lb3V0PSIzMDAiIFBhcnNlRGVwZW5kZW50UmVxdWVzdHM9IlRydWUiIEZvbGxvd1JlZGlyZWN0cz0iVHJ1ZSIgUmVjb3JkUmVzdWx0PSJUcnVlIiBDYWNoZT0iRmFsc2UiIFJlc3BvbnNlVGltZUdvYWw9IjAiIEVuY29kaW5nPSJ1dGYtOCIgRXhwZWN0ZWRIdHRwU3RhdHVzQ29kZT0iMCIgRXhwZWN0ZWRSZXNwb25zZVVybD0iIiBSZXBvcnRpbmdOYW1lPSIiIElnbm9yZUh0dHBTdGF0dXNDb2RlPSJGYWxzZSI+DQogICAgICA8SGVhZGVycz4NCiAgICAgICAgPEhlYWRlciBOYW1lPSJBY2NlcHQiIFZhbHVlPSIqLyoiIC8+DQogICAgICAgIDxIZWFkZXIgTmFtZT0iWC1SZXF1ZXN0ZWQtV2l0aCIgVmFsdWU9IlhNTEh0dHBSZXF1ZXN0IiAvPg0KICAgICAgICA8SGVhZGVyIE5hbWU9IlJlZmVyZXIiIFZhbHVlPSJodHRwczovL3N0YWdpbmdwcmVkaWN0NS5pbmZsdWVuY2VoZWFsdGguY29tL3VuaXZlcnNpdHljb2xvcmFkbyIgLz4NCiAgICAgIDwvSGVhZGVycz4NCiAgICAgIDxRdWVyeVN0cmluZ1BhcmFtZXRlcnM+DQogICAgICAgIDxRdWVyeVN0cmluZ1BhcmFtZXRlciBOYW1lPSJfIiBWYWx1ZT0iMTQ1NjEzOTMwNzg3OSIgUmVjb3JkZWRWYWx1ZT0iMTQ1NjEzOTMwNzg3OSIgQ29ycmVsYXRpb25CaW5kaW5nPSIiIFVybEVuY29kZT0iRmFsc2UiIFVzZVRvR3JvdXBSZXN1bHRzPSJGYWxzZSIgLz4NCiAgICAgIDwvUXVlcnlTdHJpbmdQYXJhbWV0ZXJzPg0KICAgIDwvUmVxdWVzdD4NCiAgICA8UmVxdWVzdCBNZXRob2Q9IkdFVCIgR3VpZD0iMjdhMmRhNWYtMmY3Mi00NjFhLWFkMjgtNGU4MDBiMDA2ZjEyIiBWZXJzaW9uPSIxLjEiIFVybD0iaHR0cHM6Ly9zdGFnaW5ncHJlZGljdDUuaW5mbHVlbmNlaGVhbHRoLmNvbS9sYXlvdXRzL2Jhc2UvaW5kZXguaHRtbCIgVGhpbmtUaW1lPSIwIiBUaW1lb3V0PSIzMDAiIFBhcnNlRGVwZW5kZW50UmVxdWVzdHM9IlRydWUiIEZvbGxvd1JlZGlyZWN0cz0iVHJ1ZSIgUmVjb3JkUmVzdWx0PSJUcnVlIiBDYWNoZT0iRmFsc2UiIFJlc3BvbnNlVGltZUdvYWw9IjAiIEVuY29kaW5nPSJ1dGYtOCIgRXhwZWN0ZWRIdHRwU3RhdHVzQ29kZT0iMCIgRXhwZWN0ZWRSZXNwb25zZVVybD0iIiBSZXBvcnRpbmdOYW1lPSIiIElnbm9yZUh0dHBTdGF0dXNDb2RlPSJGYWxzZSI+DQogICAgICA8SGVhZGVycz4NCiAgICAgICAgPEhlYWRlciBOYW1lPSJBY2NlcHQiIFZhbHVlPSJ0ZXh0L2h0bWwsICovKjsgcT0wLjAxIiAvPg0KICAgICAgICA8SGVhZGVyIE5hbWU9IlgtUmVxdWVzdGVkLVdpdGgiIFZhbHVlPSJYTUxIdHRwUmVxdWVzdCIgLz4NCiAgICAgICAgPEhlYWRlciBOYW1lPSJSZWZlcmVyIiBWYWx1ZT0iaHR0cHM6Ly9zdGFnaW5ncHJlZGljdDUuaW5mbHVlbmNlaGVhbHRoLmNvbS91bml2ZXJzaXR5Y29sb3JhZG8iIC8+DQogICAgICA8L0hlYWRlcnM+DQogICAgICA8UXVlcnlTdHJpbmdQYXJhbWV0ZXJzPg0KICAgICAgICA8UXVlcnlTdHJpbmdQYXJhbWV0ZXIgTmFtZT0iXyIgVmFsdWU9IjE0NTYxMzkzMDc4ODEiIFJlY29yZGVkVmFsdWU9IjE0NTYxMzkzMDc4ODEiIENvcnJlbGF0aW9uQmluZGluZz0iIiBVcmxFbmNvZGU9IkZhbHNlIiBVc2VUb0dyb3VwUmVzdWx0cz0iRmFsc2UiIC8+DQogICAgICA8L1F1ZXJ5U3RyaW5nUGFyYW1ldGVycz4NCiAgICA8L1JlcXVlc3Q+DQogICAgPFJlcXVlc3QgTWV0aG9kPSJHRVQiIEd1aWQ9ImQ2OWYzNzA0LTkxYTQtNDVlZS1hZTUxLTlmMWM3YjdlMzRmZiIgVmVyc2lvbj0iMS4xIiBVcmw9Imh0dHBzOi8vc3RhZ2luZ3ByZWRpY3Q1LmluZmx1ZW5jZWhlYWx0aC5jb206MzAwMC9wcmVkaWN0L3YxL2xvbmdSdW5uaW5nVGFza3MiIFRoaW5rVGltZT0iMCIgVGltZW91dD0iMzAwIiBQYXJzZURlcGVuZGVudFJlcXVlc3RzPSJUcnVlIiBGb2xsb3dSZWRpcmVjdHM9IlRydWUiIFJlY29yZFJlc3VsdD0iVHJ1ZSIgQ2FjaGU9IkZhbHNlIiBSZXNwb25zZVRpbWVHb2FsPSIwIiBFbmNvZGluZz0idXRmLTgiIEV4cGVjdGVkSHR0cFN0YXR1c0NvZGU9IjAiIEV4cGVjdGVkUmVzcG9uc2VVcmw9IiIgUmVwb3J0aW5nTmFtZT0iIiBJZ25vcmVIdHRwU3RhdHVzQ29kZT0iRmFsc2UiPg0KICAgICAgPEhlYWRlcnM+DQogICAgICAgIDxIZWFkZXIgTmFtZT0iQWNjZXB0IiBWYWx1ZT0iYXBwbGljYXRpb24vanNvbiwgdGV4dC9wbGFpbiwgKi8qIiAvPg0KICAgICAgICA8SGVhZGVyIE5hbWU9IlJlZmVyZXIiIFZhbHVlPSJodHRwczovL3N0YWdpbmdwcmVkaWN0NS5pbmZsdWVuY2VoZWFsdGguY29tL3VuaXZlcnNpdHljb2xvcmFkbyIgLz4NCiAgICAgIDwvSGVhZGVycz4NCiAgICA8L1JlcXVlc3Q+DQogICAgPFJlcXVlc3QgTWV0aG9kPSJHRVQiIEd1aWQ9ImFkYmNmMzVmLTBmZWYtNDMzNC05NTRhLWZjOGU2MzlkZTA5OSIgVmVyc2lvbj0iMS4xIiBVcmw9Imh0dHBzOi8vc3RhZ2luZ3ByZWRpY3Q1LmluZmx1ZW5jZWhlYWx0aC5jb20vJG1vZHVsZS9tb2R1bGVzL2hvbWUiIFRoaW5rVGltZT0iMCIgVGltZW91dD0iMzAwIiBQYXJzZURlcGVuZGVudFJlcXVlc3RzPSJUcnVlIiBGb2xsb3dSZWRpcmVjdHM9IlRydWUiIFJlY29yZFJlc3VsdD0iVHJ1ZSIgQ2FjaGU9IkZhbHNlIiBSZXNwb25zZVRpbWVHb2FsPSIwIiBFbmNvZGluZz0idXRmLTgiIEV4cGVjdGVkSHR0cFN0YXR1c0NvZGU9IjAiIEV4cGVjdGVkUmVzcG9uc2VVcmw9IiIgUmVwb3J0aW5nTmFtZT0iIiBJZ25vcmVIdHRwU3RhdHVzQ29kZT0iRmFsc2UiPg0KICAgICAgPEhlYWRlcnM+DQogICAgICAgIDxIZWFkZXIgTmFtZT0iQWNjZXB0IiBWYWx1ZT0iKi8qIiAvPg0KICAgICAgICA8SGVhZGVyIE5hbWU9IlgtUmVxdWVzdGVkLVdpdGgiIFZhbHVlPSJYTUxIdHRwUmVxdWVzdCIgLz4NCiAgICAgICAgPEhlYWRlciBOYW1lPSJSZWZlcmVyIiBWYWx1ZT0iaHR0cHM6Ly9zdGFnaW5ncHJlZGljdDUuaW5mbHVlbmNlaGVhbHRoLmNvbS91bml2ZXJzaXR5Y29sb3JhZG8iIC8+DQogICAgICA8L0hlYWRlcnM+DQogICAgICA8UXVlcnlTdHJpbmdQYXJhbWV0ZXJzPg0KICAgICAgICA8UXVlcnlTdHJpbmdQYXJhbWV0ZXIgTmFtZT0iXyIgVmFsdWU9IjE0NTYxMzkzMDc4ODIiIFJlY29yZGVkVmFsdWU9IjE0NTYxMzkzMDc4ODIiIENvcnJlbGF0aW9uQmluZGluZz0iIiBVcmxFbmNvZGU9IkZhbHNlIiBVc2VUb0dyb3VwUmVzdWx0cz0iRmFsc2UiIC8+DQogICAgICA8L1F1ZXJ5U3RyaW5nUGFyYW1ldGVycz4NCiAgICA8L1JlcXVlc3Q+DQogICAgPFJlcXVlc3QgTWV0aG9kPSJHRVQiIEd1aWQ9ImY5YmQzMjgwLTk0ZGUtNDRiNC04MGNjLWI5Y2QwNzY0Y2U5YiIgVmVyc2lvbj0iMS4xIiBVcmw9Imh0dHBzOi8vc3RhZ2luZ3ByZWRpY3Q1LmluZmx1ZW5jZWhlYWx0aC5jb20vdGVtcGxhdGVzL2Jhc2ljL2l1aS1wb3J0YWwtbG9nby5odG1sIiBUaGlua1RpbWU9IjAiIFRpbWVvdXQ9IjMwMCIgUGFyc2VEZXBlbmRlbnRSZXF1ZXN0cz0iVHJ1ZSIgRm9sbG93UmVkaXJlY3RzPSJUcnVlIiBSZWNvcmRSZXN1bHQ9IlRydWUiIENhY2hlPSJGYWxzZSIgUmVzcG9uc2VUaW1lR29hbD0iMCIgRW5jb2Rpbmc9InV0Zi04IiBFeHBlY3RlZEh0dHBTdGF0dXNDb2RlPSIwIiBFeHBlY3RlZFJlc3BvbnNlVXJsPSIiIFJlcG9ydGluZ05hbWU9IiIgSWdub3JlSHR0cFN0YXR1c0NvZGU9IkZhbHNlIj4NCiAgICAgIDxIZWFkZXJzPg0KICAgICAgICA8SGVhZGVyIE5hbWU9IkFjY2VwdCIgVmFsdWU9ImFwcGxpY2F0aW9uL2pzb24sIHRleHQvcGxhaW4sICovKiIgLz4NCiAgICAgICAgPEhlYWRlciBOYW1lPSJSZWZlcmVyIiBWYWx1ZT0iaHR0cHM6Ly9zdGFnaW5ncHJlZGljdDUuaW5mbHVlbmNlaGVhbHRoLmNvbS91bml2ZXJzaXR5Y29sb3JhZG8iIC8+DQogICAgICA8L0hlYWRlcnM+DQogICAgPC9SZXF1ZXN0Pg0KICAgIDxSZXF1ZXN0IE1ldGhvZD0iR0VUIiBHdWlkPSI0M2EwYThkZC02YjYzLTQxYTctOGEwNi01MGQzNjUwZmQxNDgiIFZlcnNpb249IjEuMSIgVXJsPSJodHRwczovL3N0YWdpbmdwcmVkaWN0NS5pbmZsdWVuY2VoZWFsdGguY29tL2xheW91dHMvYmFzZS9zZWxlY3QtY29udGV4dC5odG1sIiBUaGlua1RpbWU9IjAiIFRpbWVvdXQ9IjMwMCIgUGFyc2VEZXBlbmRlbnRSZXF1ZXN0cz0iVHJ1ZSIgRm9sbG93UmVkaXJlY3RzPSJUcnVlIiBSZWNvcmRSZXN1bHQ9IlRydWUiIENhY2hlPSJGYWxzZSIgUmVzcG9uc2VUaW1lR29hbD0iMCIgRW5jb2Rpbmc9InV0Zi04IiBFeHBlY3RlZEh0dHBTdGF0dXNDb2RlPSIwIiBFeHBlY3RlZFJlc3BvbnNlVXJsPSIiIFJlcG9ydGluZ05hbWU9IiIgSWdub3JlSHR0cFN0YXR1c0NvZGU9IkZhbHNlIj4NCiAgICAgIDxIZWFkZXJzPg0KICAgICAgICA8SGVhZGVyIE5hbWU9IkFjY2VwdCIgVmFsdWU9ImFwcGxpY2F0aW9uL2pzb24sIHRleHQvcGxhaW4sICovKiIgLz4NCiAgICAgICAgPEhlYWRlciBOYW1lPSJSZWZlcmVyIiBWYWx1ZT0iaHR0cHM6Ly9zdGFnaW5ncHJlZGljdDUuaW5mbHVlbmNlaGVhbHRoLmNvbS91bml2ZXJzaXR5Y29sb3JhZG8iIC8+DQogICAgICA8L0hlYWRlcnM+DQogICAgPC9SZXF1ZXN0Pg0KICAgIDxSZXF1ZXN0IE1ldGhvZD0iR0VUIiBHdWlkPSI5ODI0MDkxMS05YzI3LTQ0MzUtODE1ZC1hMGUyMDgwNWQ0OTUiIFZlcnNpb249IjEuMSIgVXJsPSJodHRwczovL3N0YWdpbmdwcmVkaWN0NS5pbmZsdWVuY2VoZWFsdGguY29tL2xheW91dHMvYmFzZS9zZWNvbmRhcnktc2lkZWJhci1uYXZpZ2F0aW9uLmh0bWwiIFRoaW5rVGltZT0iMSIgVGltZW91dD0iMzAwIiBQYXJzZURlcGVuZGVudFJlcXVlc3RzPSJUcnVlIiBGb2xsb3dSZWRpcmVjdHM9IlRydWUiIFJlY29yZFJlc3VsdD0iVHJ1ZSIgQ2FjaGU9IkZhbHNlIiBSZXNwb25zZVRpbWVHb2FsPSIwIiBFbmNvZGluZz0idXRmLTgiIEV4cGVjdGVkSHR0cFN0YXR1c0NvZGU9IjAiIEV4cGVjdGVkUmVzcG9uc2VVcmw9IiIgUmVwb3J0aW5nTmFtZT0iIiBJZ25vcmVIdHRwU3RhdHVzQ29kZT0iRmFsc2UiPg0KICAgICAgPEhlYWRlcnM+DQogICAgICAgIDxIZWFkZXIgTmFtZT0iQWNjZXB0IiBWYWx1ZT0iYXBwbGljYXRpb24vanNvbiwgdGV4dC9wbGFpbiwgKi8qIiAvPg0KICAgICAgICA8SGVhZGVyIE5hbWU9IlJlZmVyZXIiIFZhbHVlPSJodHRwczovL3N0YWdpbmdwcmVkaWN0NS5pbmZsdWVuY2VoZWFsdGguY29tL3VuaXZlcnNpdHljb2xvcmFkbyIgLz4NCiAgICAgIDwvSGVhZGVycz4NCiAgICA8L1JlcXVlc3Q+DQogICAgPFJlcXVlc3QgTWV0aG9kPSJHRVQiIEd1aWQ9Ijg1ZWY4YmU1LTYyNjktNDYxZi1iZDFiLTA3YzEwZjY0YzBmYyIgVmVyc2lvbj0iMS4xIiBVcmw9Imh0dHBzOi8vc3RhZ2luZ3ByZWRpY3Q1LmluZmx1ZW5jZWhlYWx0aC5jb20vY3NzL2ZvbnRzL2ZvbnRhd2Vzb21lLXdlYmZvbnQuZW90IiBUaGlua1RpbWU9IjAiIFRpbWVvdXQ9IjMwMCIgUGFyc2VEZXBlbmRlbnRSZXF1ZXN0cz0iVHJ1ZSIgRm9sbG93UmVkaXJlY3RzPSJUcnVlIiBSZWNvcmRSZXN1bHQ9IlRydWUiIENhY2hlPSJGYWxzZSIgUmVzcG9uc2VUaW1lR29hbD0iMCIgRW5jb2Rpbmc9InV0Zi04IiBFeHBlY3RlZEh0dHBTdGF0dXNDb2RlPSIwIiBFeHBlY3RlZFJlc3BvbnNlVXJsPSIiIFJlcG9ydGluZ05hbWU9IiIgSWdub3JlSHR0cFN0YXR1c0NvZGU9IkZhbHNlIj4NCiAgICAgIDxIZWFkZXJzPg0KICAgICAgICA8SGVhZGVyIE5hbWU9IlJlZmVyZXIiIFZhbHVlPSJodHRwczovL3N0YWdpbmdwcmVkaWN0NS5pbmZsdWVuY2VoZWFsdGguY29tL3VuaXZlcnNpdHljb2xvcmFkby9zZXNzaW9uL2xvZ2luIiAvPg0KICAgICAgPC9IZWFkZXJzPg0KICAgICAgPFF1ZXJ5U3RyaW5nUGFyYW1ldGVycz4NCiAgICAgICAgPFF1ZXJ5U3RyaW5nUGFyYW1ldGVyIE5hbWU9IiIgVmFsdWU9IiIgUmVjb3JkZWRWYWx1ZT0iIiBDb3JyZWxhdGlvbkJpbmRpbmc9IiIgVXJsRW5jb2RlPSJGYWxzZSIgVXNlVG9Hcm91cFJlc3VsdHM9IkZhbHNlIiAvPg0KICAgICAgPC9RdWVyeVN0cmluZ1BhcmFtZXRlcnM+DQogICAgPC9SZXF1ZXN0Pg0KICAgIDxSZXF1ZXN0IE1ldGhvZD0iR0VUIiBHdWlkPSIwYjAxMzVkMi1mNmZkLTQyNmYtYWMyYi03NjQ4MDBhNjc5YWEiIFZlcnNpb249IjEuMSIgVXJsPSJodHRwczovL3N0YWdpbmdwcmVkaWN0NS5pbmZsdWVuY2VoZWFsdGguY29tL21vZHVsZXMvaG9tZS9pbmRleC5odG1sIiBUaGlua1RpbWU9IjAiIFRpbWVvdXQ9IjMwMCIgUGFyc2VEZXBlbmRlbnRSZXF1ZXN0cz0iVHJ1ZSIgRm9sbG93UmVkaXJlY3RzPSJUcnVlIiBSZWNvcmRSZXN1bHQ9IlRydWUiIENhY2hlPSJGYWxzZSIgUmVzcG9uc2VUaW1lR29hbD0iMCIgRW5jb2Rpbmc9InV0Zi04IiBFeHBlY3RlZEh0dHBTdGF0dXNDb2RlPSIwIiBFeHBlY3RlZFJlc3BvbnNlVXJsPSIiIFJlcG9ydGluZ05hbWU9IiIgSWdub3JlSHR0cFN0YXR1c0NvZGU9IkZhbHNlIj4NCiAgICAgIDxIZWFkZXJzPg0KICAgICAgICA8SGVhZGVyIE5hbWU9IkFjY2VwdCIgVmFsdWU9InRleHQvaHRtbCwgKi8qOyBxPTAuMDEiIC8+DQogICAgICAgIDxIZWFkZXIgTmFtZT0iWC1SZXF1ZXN0ZWQtV2l0aCIgVmFsdWU9IlhNTEh0dHBSZXF1ZXN0IiAvPg0KICAgICAgICA8SGVhZGVyIE5hbWU9IlJlZmVyZXIiIFZhbHVlPSJodHRwczovL3N0YWdpbmdwcmVkaWN0NS5pbmZsdWVuY2VoZWFsdGguY29tL3VuaXZlcnNpdHljb2xvcmFkbyIgLz4NCiAgICAgIDwvSGVhZGVycz4NCiAgICAgIDxRdWVyeVN0cmluZ1BhcmFtZXRlcnM+DQogICAgICAgIDxRdWVyeVN0cmluZ1BhcmFtZXRlciBOYW1lPSJfIiBWYWx1ZT0iMTQ1NjEzOTMwNzg4NiIgUmVjb3JkZWRWYWx1ZT0iMTQ1NjEzOTMwNzg4NiIgQ29ycmVsYXRpb25CaW5kaW5nPSIiIFVybEVuY29kZT0iRmFsc2UiIFVzZVRvR3JvdXBSZXN1bHRzPSJGYWxzZSIgLz4NCiAgICAgIDwvUXVlcnlTdHJpbmdQYXJhbWV0ZXJzPg0KICAgIDwvUmVxdWVzdD4NCiAgICA8UmVxdWVzdCBNZXRob2Q9IkdFVCIgR3VpZD0iYTQzMTJlMzItM2YxNC00YTRmLTkzNDktMDVkMGFiMjE4N2Q5IiBWZXJzaW9uPSIxLjEiIFVybD0iaHR0cHM6Ly9zdGFnaW5ncHJlZGljdDUuaW5mbHVlbmNlaGVhbHRoLmNvbS9tb2R1bGVzL2hvbWUvdmlld3Mvd2VsY29tZS5odG1sIiBUaGlua1RpbWU9IjAiIFRpbWVvdXQ9IjMwMCIgUGFyc2VEZXBlbmRlbnRSZXF1ZXN0cz0iVHJ1ZSIgRm9sbG93UmVkaXJlY3RzPSJUcnVlIiBSZWNvcmRSZXN1bHQ9IlRydWUiIENhY2hlPSJGYWxzZSIgUmVzcG9uc2VUaW1lR29hbD0iMCIgRW5jb2Rpbmc9InV0Zi04IiBFeHBlY3RlZEh0dHBTdGF0dXNDb2RlPSIwIiBFeHBlY3RlZFJlc3BvbnNlVXJsPSIiIFJlcG9ydGluZ05hbWU9IiIgSWdub3JlSHR0cFN0YXR1c0NvZGU9IkZhbHNlIj4NCiAgICAgIDxIZWFkZXJzPg0KICAgICAgICA8SGVhZGVyIE5hbWU9IkFjY2VwdCIgVmFsdWU9InRleHQvaHRtbCwgKi8qOyBxPTAuMDEiIC8+DQogICAgICAgIDxIZWFkZXIgTmFtZT0iWC1SZXF1ZXN0ZWQtV2l0aCIgVmFsdWU9IlhNTEh0dHBSZXF1ZXN0IiAvPg0KICAgICAgICA8SGVhZGVyIE5hbWU9IlJlZmVyZXIiIFZhbHVlPSJodHRwczovL3N0YWdpbmdwcmVkaWN0NS5pbmZsdWVuY2VoZWFsdGguY29tL3VuaXZlcnNpdHljb2xvcmFkbyIgLz4NCiAgICAgIDwvSGVhZGVycz4NCiAgICAgIDxRdWVyeVN0cmluZ1BhcmFtZXRlcnM+DQogICAgICAgIDxRdWVyeVN0cmluZ1BhcmFtZXRlciBOYW1lPSJfIiBWYWx1ZT0iMTQ1NjEzOTMwNzg4NyIgUmVjb3JkZWRWYWx1ZT0iMTQ1NjEzOTMwNzg4NyIgQ29ycmVsYXRpb25CaW5kaW5nPSIiIFVybEVuY29kZT0iRmFsc2UiIFVzZVRvR3JvdXBSZXN1bHRzPSJGYWxzZSIgLz4NCiAgICAgIDwvUXVlcnlTdHJpbmdQYXJhbWV0ZXJzPg0KICAgIDwvUmVxdWVzdD4NCiAgICA8UmVxdWVzdCBNZXRob2Q9IkdFVCIgR3VpZD0iMzFiNDYxZmYtYzAwOC00YWEzLTk2OWItODRhNzZhZDNhZjljIiBWZXJzaW9uPSIxLjEiIFVybD0iaHR0cHM6Ly9zdGFnaW5ncHJlZGljdDUuaW5mbHVlbmNlaGVhbHRoLmNvbS9tb2R1bGVzL2hvbWUvdmlld3MvZGVtby5odG1sIiBUaGlua1RpbWU9IjAiIFRpbWVvdXQ9IjMwMCIgUGFyc2VEZXBlbmRlbnRSZXF1ZXN0cz0iVHJ1ZSIgRm9sbG93UmVkaXJlY3RzPSJUcnVlIiBSZWNvcmRSZXN1bHQ9IlRydWUiIENhY2hlPSJGYWxzZSIgUmVzcG9uc2VUaW1lR29hbD0iMCIgRW5jb2Rpbmc9InV0Zi04IiBFeHBlY3RlZEh0dHBTdGF0dXNDb2RlPSIwIiBFeHBlY3RlZFJlc3BvbnNlVXJsPSIiIFJlcG9ydGluZ05hbWU9IiIgSWdub3JlSHR0cFN0YXR1c0NvZGU9IkZhbHNlIj4NCiAgICAgIDxIZWFkZXJzPg0KICAgICAgICA8SGVhZGVyIE5hbWU9IkFjY2VwdCIgVmFsdWU9InRleHQvaHRtbCwgKi8qOyBxPTAuMDEiIC8+DQogICAgICAgIDxIZWFkZXIgTmFtZT0iWC1SZXF1ZXN0ZWQtV2l0aCIgVmFsdWU9IlhNTEh0dHBSZXF1ZXN0IiAvPg0KICAgICAgICA8SGVhZGVyIE5hbWU9IlJlZmVyZXIiIFZhbHVlPSJodHRwczovL3N0YWdpbmdwcmVkaWN0NS5pbmZsdWVuY2VoZWFsdGguY29tL3VuaXZlcnNpdHljb2xvcmFkbyIgLz4NCiAgICAgIDwvSGVhZGVycz4NCiAgICAgIDxRdWVyeVN0cmluZ1BhcmFtZXRlcnM+DQogICAgICAgIDxRdWVyeVN0cmluZ1BhcmFtZXRlciBOYW1lPSJfIiBWYWx1ZT0iMTQ1NjEzOTMwNzg4OCIgUmVjb3JkZWRWYWx1ZT0iMTQ1NjEzOTMwNzg4OCIgQ29ycmVsYXRpb25CaW5kaW5nPSIiIFVybEVuY29kZT0iRmFsc2UiIFVzZVRvR3JvdXBSZXN1bHRzPSJGYWxzZSIgLz4NCiAgICAgIDwvUXVlcnlTdHJpbmdQYXJhbWV0ZXJzPg0KICAgIDwvUmVxdWVzdD4NCiAgICA8UmVxdWVzdCBNZXRob2Q9IkdFVCIgR3VpZD0iOWJjMjNkMGYtNDg3ZC00ZGFkLTk0ZGEtMTkzZTNjOTUwZWYxIiBWZXJzaW9uPSIxLjEiIFVybD0iaHR0cHM6Ly9zdGFnaW5ncHJlZGljdDUuaW5mbHVlbmNlaGVhbHRoLmNvbTozMDAwL3ByZWRpY3QvdjEvbG9uZ1J1bm5pbmdUYXNrcyIgVGhpbmtUaW1lPSIwIiBUaW1lb3V0PSIzMDAiIFBhcnNlRGVwZW5kZW50UmVxdWVzdHM9IlRydWUiIEZvbGxvd1JlZGlyZWN0cz0iVHJ1ZSIgUmVjb3JkUmVzdWx0PSJUcnVlIiBDYWNoZT0iRmFsc2UiIFJlc3BvbnNlVGltZUdvYWw9IjAiIEVuY29kaW5nPSJ1dGYtOCIgRXhwZWN0ZWRIdHRwU3RhdHVzQ29kZT0iMCIgRXhwZWN0ZWRSZXNwb25zZVVybD0iIiBSZXBvcnRpbmdOYW1lPSIiIElnbm9yZUh0dHBTdGF0dXNDb2RlPSJGYWxzZSI+DQogICAgICA8SGVhZGVycz4NCiAgICAgICAgPEhlYWRlciBOYW1lPSJBY2NlcHQiIFZhbHVlPSJhcHBsaWNhdGlvbi9qc29uLCB0ZXh0L3BsYWluLCAqLyoiIC8+DQogICAgICAgIDxIZWFkZXIgTmFtZT0iUmVmZXJlciIgVmFsdWU9Imh0dHBzOi8vc3RhZ2luZ3ByZWRpY3Q1LmluZmx1ZW5jZWhlYWx0aC5jb20vdW5pdmVyc2l0eWNvbG9yYWRvIiAvPg0KICAgICAgPC9IZWFkZXJzPg0KICAgIDwvUmVxdWVzdD4NCiAgPC9JdGVtcz4NCiAgPFZhbGlkYXRpb25SdWxlcz4NCiAgICA8VmFsaWRhdGlvblJ1bGUgQ2xhc3NuYW1lPSJNaWNyb3NvZnQuVmlzdWFsU3R1ZGlvLlRlc3RUb29scy5XZWJUZXN0aW5nLlJ1bGVzLlZhbGlkYXRlUmVzcG9uc2VVcmwsIE1pY3Jvc29mdC5WaXN1YWxTdHVkaW8uUXVhbGl0eVRvb2xzLldlYlRlc3RGcmFtZXdvcmssIFZlcnNpb249MTAuMC4wLjAsIEN1bHR1cmU9bmV1dHJhbCwgUHVibGljS2V5VG9rZW49YjAzZjVmN2YxMWQ1MGEzYSIgRGlzcGxheU5hbWU9IlJlc3BvbnNlIFVSTCIgRGVzY3JpcHRpb249IlZhbGlkYXRlcyB0aGF0IHRoZSByZXNwb25zZSBVUkwgYWZ0ZXIgcmVkaXJlY3RzIGFyZSBmb2xsb3dlZCBpcyB0aGUgc2FtZSBhcyB0aGUgcmVjb3JkZWQgcmVzcG9uc2UgVVJMLiAgUXVlcnlTdHJpbmcgcGFyYW1ldGVycyBhcmUgaWdub3JlZC4iIExldmVsPSJMb3ciIEV4ZWN0dWlvbk9yZGVyPSJCZWZvcmVEZXBlbmRlbnRzIiAvPg0KICAgIDxWYWxpZGF0aW9uUnVsZSBDbGFzc25hbWU9Ik1pY3Jvc29mdC5WaXN1YWxTdHVkaW8uVGVzdFRvb2xzLldlYlRlc3RpbmcuUnVsZXMuVmFsaWRhdGlvblJ1bGVSZXNwb25zZVRpbWVHb2FsLCBNaWNyb3NvZnQuVmlzdWFsU3R1ZGlvLlF1YWxpdHlUb29scy5XZWJUZXN0RnJhbWV3b3JrLCBWZXJzaW9uPTEwLjAuMC4wLCBDdWx0dXJlPW5ldXRyYWwsIFB1YmxpY0tleVRva2VuPWIwM2Y1ZjdmMTFkNTBhM2EiIERpc3BsYXlOYW1lPSJSZXNwb25zZSBUaW1lIEdvYWwiIERlc2NyaXB0aW9uPSJWYWxpZGF0ZXMgdGhhdCB0aGUgcmVzcG9uc2UgdGltZSBmb3IgdGhlIHJlcXVlc3QgaXMgbGVzcyB0aGFuIG9yIGVxdWFsIHRvIHRoZSByZXNwb25zZSB0aW1lIGdvYWwgYXMgc3BlY2lmaWVkIG9uIHRoZSByZXF1ZXN0LiAgUmVzcG9uc2UgdGltZSBnb2FscyBvZiB6ZXJvIHdpbGwgYmUgaWdub3JlZC4iIExldmVsPSJMb3ciIEV4ZWN0dWlvbk9yZGVyPSJBZnRlckRlcGVuZGVudHMiPg0KICAgICAgPFJ1bGVQYXJhbWV0ZXJzPg0KICAgICAgICA8UnVsZVBhcmFtZXRlciBOYW1lPSJUb2xlcmFuY2UiIFZhbHVlPSIwIiAvPg0KICAgICAgPC9SdWxlUGFyYW1ldGVycz4NCiAgICA8L1ZhbGlkYXRpb25SdWxlPg0KICA8L1ZhbGlkYXRpb25SdWxlcz4NCjwvV2ViVGVzdD4=">
      <Execution id="0a49aadc-de26-4009-bdd7-2c1d331f2b31" />
    </WebTest>
  </TestDefinitions>
  <TestLists>
    <TestList name="Results Not in a List" id="8c84fa94-04c1-424b-9868-57a2d4851a1d" />
    <TestList name="All Loaded Results" id="19431567-8539-422a-85d7-44ee4e166bda" />
  </TestLists>
  <TestEntries>
    <TestEntry isTransparent="false" testId="ce41df44-2c48-4814-bced-7f28a8328559" executionId="0a49aadc-de26-4009-bdd7-2c1d331f2b31" testListId="8c84fa94-04c1-424b-9868-57a2d4851a1d" />
  </TestEntries>
  <Results>
    <WebTestResult executionId="0a49aadc-de26-4009-bdd7-2c1d331f2b31" testId="ce41df44-2c48-4814-bced-7f28a8328559" testName="WebTest4" computerName="CHI-LAB-VSU-03" duration="00:00:01.0920280" startTime="2016-02-22T05:09:13.6205423-06:00" testType="4e7599fa-5ecb-43e9-a887-cd63cf72d207" testListId="8c84fa94-04c1-424b-9868-57a2d4851a1d" relativeResultsDirectory="0a49aadc-de26-4009-bdd7-2c1d331f2b31">
      <Output>
        <ErrorInfo>
          <Message>The test adapter 'WebTestAdapter' threw an exception while running test 'WebTest4'. Thread was being aborted.</Message>
        </ErrorInfo>
      </Output>
      <ResultFiles>
        <ResultFile path="WebTest4.webtestResult" />
      </ResultFiles>
      <TestSettings name="Local" id="3b1c1cf5-f0fc-4a30-a355-a117d32b02ff">
        <Description>These are default test settings for a local test run.</Description>
        <Execution>
          <TestTypeSpecific>
            <WebTestRunConfiguration testTypeId="4e7599fa-5ecb-43e9-a887-cd63cf72d207">
              <Browser name="Internet Explorer 9.0" MaxConnections="6">
                <Headers>
                  <Header name="User-Agent" value="Mozilla/5.0 (compatible; MSIE 9.0; Windows NT 6.1; Trident/5.0)" />
                  <Header name="Accept" value="*/*" />
                  <Header name="Accept-Language" value="{{$IEAcceptLanguage}}" />
                  <Header name="Accept-Encoding" value="GZIP" />
                </Headers>
              </Browser>
            </WebTestRunConfiguration>
          </TestTypeSpecific>
          <AgentRule name="Execution Agents">
          </AgentRule>
        </Execution>
        <Deployment runDeploymentRoot="load.test_CHI-LAB-VSU-03 2016-02-22 05_09_12" />
      </TestSettings>
      <WebTestResultFilePath>load.test_CHI-LAB-VSU-03 2016-02-22 05_09_12\In\0a49aadc-de26-4009-bdd7-2c1d331f2b31\WebTest4.webtestResult</WebTestResultFilePath>
    </WebTestResult>
  </Results>
</TestRun>