<?xml version="1.0" encoding="UTF-8"?>
<TestRun id="1d636cff-0dc3-475e-add7-1473e9214d6b" name="load.test@CHI-LAB-VSU-03 2016-06-23 08:12:10" runUser="MEDSEEKLAB\load.test" xmlns="http://microsoft.com/schemas/VisualStudio/TeamTest/2010">
  <TestSettings name="VSC02" id="d5578583-cbfb-4e4a-b37b-4feb802e2072">
    <Description>These are default test settings for a local test run.</Description>
    <Deployment runDeploymentRoot="load.test_CHI-LAB-VSU-03 2016-06-23 08_12_10">
      <DeploymentItem filename="C:\Medseek\Automation\Persuade\VSProjects\PersuadePerformance\TestPlugin\bin\Debug\TestPlugin.dll" />
      <DeploymentItem filename="C:\Program Files (x86)\Microsoft Visual Studio 11.0\Common7\IDE\PublicAssemblies\WebTest.WebService.Plugin.Runtime.dll" />
    </Deployment>
    <RemoteController name="CHI-LAB-VSC-02" />
    <Execution location="Remote">
      <TestTypeSpecific>
        <UnitTestRunConfig testTypeId="13cdc9d9-ddb5-4fa4-a97d-d965ccfc6d4b">
          <AssemblyResolution>
            <TestDirectory useLoadContext="true" />
          </AssemblyResolution>
        </UnitTestRunConfig>
        <WebTestRunConfiguration testTypeId="4e7599fa-5ecb-43e9-a887-cd63cf72d207">
          <Browser name="Internet Explorer 9.0" MaxConnections="6">
            <Headers>
              <Header name="User-Agent" value="Mozilla/5.0 (compatible; MSIE 9.0; Windows NT 6.1; Trident/5.0)" />
              <Header name="Accept" value="*/*" />
              <Header name="Accept-Language" value="{{$IEAcceptLanguage}}" />
              <Header name="Accept-Encoding" value="GZIP" />
            </Headers>
          </Browser>
        </WebTestRunConfiguration>
      </TestTypeSpecific>
      <AgentRule name="AllAgentsDefaultRole">
      </AgentRule>
    </Execution>
  </TestSettings>
  <Times creation="2016-06-23T08:12:10.2460459-05:00" queuing="2016-06-23T08:12:10.3670580-05:00" start="2016-06-23T08:12:13.1793392-05:00" finish="2016-06-23T08:30:49.3109163-05:00" />
  <ResultSummary outcome="Completed">
    <Counters total="1" executed="1" passed="0" error="0" failed="0" timeout="0" aborted="0" inconclusive="0" passedButRunAborted="0" notRunnable="0" notExecuted="0" disconnected="0" warning="0" completed="1" inProgress="0" pending="0" />
  </ResultSummary>
  <TestDefinitions>
    <WebTest name="PERS-1686_DirectoryStats" storage="c:\medseek\automation\persuade\vsprojects\persuadeperformance\persuadeperformance\webtests\reports\pers-1686_directorystats.webtest" priority="0" id="b28a4648-606f-4c9e-beb6-3dbc2e493437" persistedWebTest="77u/PD94bWwgdmVyc2lvbj0iMS4wIiBlbmNvZGluZz0iVVRGLTgiIHN0YW5kYWxvbmU9InllcyI/Pg0KPFdlYlRlc3QgTmFtZT0iUEVSUy0xNjg2X0RpcmVjdG9yeVN0YXRzIiBJZD0iYjI4YTQ2NDgtNjA2Zi00YzllLWJlYjYtM2RiYzJlNDkzNDM3IiBPd25lcj0iIiBQcmlvcml0eT0iMCIgRW5hYmxlZD0iVHJ1ZSIgQ3NzUHJvamVjdFN0cnVjdHVyZT0iIiBDc3NJdGVyYXRpb249IiIgVGltZW91dD0iMCIgV29ya0l0ZW1JZHM9IiIgeG1sbnM9Imh0dHA6Ly9taWNyb3NvZnQuY29tL3NjaGVtYXMvVmlzdWFsU3R1ZGlvL1RlYW1UZXN0LzIwMTAiIERlc2NyaXB0aW9uPSIiIENyZWRlbnRpYWxVc2VyTmFtZT0iIiBDcmVkZW50aWFsUGFzc3dvcmQ9IiIgUHJlQXV0aGVudGljYXRlPSJUcnVlIiBQcm94eT0iIiBTdG9wT25FcnJvcj0iRmFsc2UiIFJlY29yZGVkUmVzdWx0RmlsZT0iIiBSZXN1bHRzTG9jYWxlPSIiPg0KICA8SXRlbXM+DQogICAgPENvbW1lbnQgQ29tbWVudFRleHQ9IkxvZ2luIiAvPg0KICAgIDxUcmFuc2FjdGlvblRpbWVyIE5hbWU9IkxvZ2luIj4NCiAgICAgIDxJdGVtcz4NCiAgICAgICAgPEluY2x1ZGVkV2ViVGVzdCBOYW1lPSJMb2dpbiIgUGF0aD0iYzpcbWVkc2Vla1xhdXRvbWF0aW9uXHBlcnN1YWRlXHZzcHJvamVjdHNccGVyc3VhZGVwZXJmb3JtYW5jZVxwZXJzdWFkZXBlcmZvcm1hbmNlXHdlYnRlc3RzXGdsb2JhbCB0ZXN0c1xsb2dpbi53ZWJ0ZXN0IiBJZD0iNmU5NjFhYTItMTA5MC00YTcyLThmNWMtMDk4NThlYjI4YTU0IiBJc0NvZGVkV2ViVGVzdD0iRmFsc2UiIEluaGVyaXRXZWJUZXN0U2V0dGluZ3M9IkZhbHNlIiAvPg0KICAgICAgPC9JdGVtcz4NCiAgICA8L1RyYW5zYWN0aW9uVGltZXI+DQogICAgPENvbW1lbnQgQ29tbWVudFRleHQ9IlJlcG9ydHMgLSBEaXJlY3RvcnlTdGF0cyIgLz4NCiAgICA8VHJhbnNhY3Rpb25UaW1lciBOYW1lPSJSZXBvcnRzIC0gRGlyZWN0b3J5U3RhdHMiPg0KICAgICAgPEl0ZW1zPg0KICAgICAgICA8UmVxdWVzdCBNZXRob2Q9IkdFVCIgR3VpZD0iNTE0YmE2ZDEtYTg2YS00ZTY5LTkxMzQtMmVkYjVjMzM2ZDUwIiBWZXJzaW9uPSIxLjEiIFVybD0ie3tTZXJ2ZXJVcmx9fS9yZXBvcnRzLzEyIiBUaGlua1RpbWU9Ii01IiBUaW1lb3V0PSI2MCIgUGFyc2VEZXBlbmRlbnRSZXF1ZXN0cz0iVHJ1ZSIgRm9sbG93UmVkaXJlY3RzPSJUcnVlIiBSZWNvcmRSZXN1bHQ9IlRydWUiIENhY2hlPSJGYWxzZSIgUmVzcG9uc2VUaW1lR29hbD0iMCIgRW5jb2Rpbmc9InV0Zi04IiBFeHBlY3RlZEh0dHBTdGF0dXNDb2RlPSIwIiBFeHBlY3RlZFJlc3BvbnNlVXJsPSIiIFJlcG9ydGluZ05hbWU9IiIgSWdub3JlSHR0cFN0YXR1c0NvZGU9IkZhbHNlIj4NCiAgICAgICAgICA8SGVhZGVycz4NCiAgICAgICAgICAgIDxIZWFkZXIgTmFtZT0iVXBncmFkZS1JbnNlY3VyZS1SZXF1ZXN0cyIgVmFsdWU9IjEiIC8+DQogICAgICAgICAgPC9IZWFkZXJzPg0KICAgICAgICA8L1JlcXVlc3Q+DQogICAgICA8L0l0ZW1zPg0KICAgIDwvVHJhbnNhY3Rpb25UaW1lcj4NCiAgICA8Q29tbWVudCBDb21tZW50VGV4dD0iUnVuIFJlcG9ydCIgLz4NCiAgICA8VHJhbnNhY3Rpb25UaW1lciBOYW1lPSJSdW4gUmVwb3J0Ij4NCiAgICAgIDxJdGVtcz4NCiAgICAgICAgPFJlcXVlc3QgTWV0aG9kPSJHRVQiIEd1aWQ9ImY0MWEzMjQ3LTRjOGUtNGI1Yi05YmNhLTViZjZiZTI4MzVjNCIgVmVyc2lvbj0iMS4xIiBVcmw9Int7U2VydmVyVXJsfX0vcmVwb3J0cy8xMiIgVGhpbmtUaW1lPSItMyIgVGltZW91dD0iNjAiIFBhcnNlRGVwZW5kZW50UmVxdWVzdHM9IlRydWUiIEZvbGxvd1JlZGlyZWN0cz0iVHJ1ZSIgUmVjb3JkUmVzdWx0PSJUcnVlIiBDYWNoZT0iRmFsc2UiIFJlc3BvbnNlVGltZUdvYWw9IjAiIEVuY29kaW5nPSJ1dGYtOCIgRXhwZWN0ZWRIdHRwU3RhdHVzQ29kZT0iMCIgRXhwZWN0ZWRSZXNwb25zZVVybD0iIiBSZXBvcnRpbmdOYW1lPSIiIElnbm9yZUh0dHBTdGF0dXNDb2RlPSJGYWxzZSI+DQogICAgICAgICAgPEhlYWRlcnM+DQogICAgICAgICAgICA8SGVhZGVyIE5hbWU9IlgtQ1NSRi1Ub2tlbiIgVmFsdWU9Int7YXV0aFRva2VufX0iIC8+DQogICAgICAgICAgICA8SGVhZGVyIE5hbWU9IlgtUmVxdWVzdGVkLVdpdGgiIFZhbHVlPSJYTUxIdHRwUmVxdWVzdCIgLz4NCiAgICAgICAgICAgIDxIZWFkZXIgTmFtZT0iWC1QSkFYIiBWYWx1ZT0idHJ1ZSIgLz4NCiAgICAgICAgICA8L0hlYWRlcnM+DQogICAgICAgICAgPFF1ZXJ5U3RyaW5nUGFyYW1ldGVycz4NCiAgICAgICAgICAgIDxRdWVyeVN0cmluZ1BhcmFtZXRlciBOYW1lPSJ1dGY4IiBWYWx1ZT0i4pyTIiBSZWNvcmRlZFZhbHVlPSIiIENvcnJlbGF0aW9uQmluZGluZz0iIiBVcmxFbmNvZGU9IlRydWUiIFVzZVRvR3JvdXBSZXN1bHRzPSJGYWxzZSIgLz4NCiAgICAgICAgICAgIDxRdWVyeVN0cmluZ1BhcmFtZXRlciBOYW1lPSJzIiBWYWx1ZT0idHJ1ZSIgUmVjb3JkZWRWYWx1ZT0iIiBDb3JyZWxhdGlvbkJpbmRpbmc9IiIgVXJsRW5jb2RlPSJUcnVlIiBVc2VUb0dyb3VwUmVzdWx0cz0iRmFsc2UiIC8+DQogICAgICAgICAgICA8UXVlcnlTdHJpbmdQYXJhbWV0ZXIgTmFtZT0icGFyYW1ldGVyc1tmb3JjZV0iIFZhbHVlPSIiIFJlY29yZGVkVmFsdWU9IiIgQ29ycmVsYXRpb25CaW5kaW5nPSIiIFVybEVuY29kZT0iVHJ1ZSIgVXNlVG9Hcm91cFJlc3VsdHM9IkZhbHNlIiAvPg0KICAgICAgICAgICAgPFF1ZXJ5U3RyaW5nUGFyYW1ldGVyIE5hbWU9InBhcmFtZXRlcnNbYWdlbmN5X2lkXSIgVmFsdWU9IjIiIFJlY29yZGVkVmFsdWU9IiIgQ29ycmVsYXRpb25CaW5kaW5nPSIiIFVybEVuY29kZT0iVHJ1ZSIgVXNlVG9Hcm91cFJlc3VsdHM9IkZhbHNlIiAvPg0KICAgICAgICAgICAgPFF1ZXJ5U3RyaW5nUGFyYW1ldGVyIE5hbWU9InBhcmFtZXRlcnNbY2xpZW50X2lkXSIgVmFsdWU9IjEzIiBSZWNvcmRlZFZhbHVlPSIiIENvcnJlbGF0aW9uQmluZGluZz0iIiBVcmxFbmNvZGU9IlRydWUiIFVzZVRvR3JvdXBSZXN1bHRzPSJGYWxzZSIgLz4NCiAgICAgICAgICAgIDxRdWVyeVN0cmluZ1BhcmFtZXRlciBOYW1lPSJwYXJhbWV0ZXJzW2J1c2luZXNzX3VuaXRfaWRdIiBWYWx1ZT0iMjcwMSIgUmVjb3JkZWRWYWx1ZT0iIiBDb3JyZWxhdGlvbkJpbmRpbmc9IiIgVXJsRW5jb2RlPSJUcnVlIiBVc2VUb0dyb3VwUmVzdWx0cz0iRmFsc2UiIC8+DQogICAgICAgICAgICA8UXVlcnlTdHJpbmdQYXJhbWV0ZXIgTmFtZT0idGltZV9mcmFtZSIgVmFsdWU9Ikxhc3QgeWVhciIgUmVjb3JkZWRWYWx1ZT0iIiBDb3JyZWxhdGlvbkJpbmRpbmc9IiIgVXJsRW5jb2RlPSJUcnVlIiBVc2VUb0dyb3VwUmVzdWx0cz0iRmFsc2UiIC8+DQogICAgICAgICAgICA8UXVlcnlTdHJpbmdQYXJhbWV0ZXIgTmFtZT0icGFyYW1ldGVyc1tmcm9tXSIgVmFsdWU9IjAxLzAxLzIwMTUgMTI6MDAgYW0iIFJlY29yZGVkVmFsdWU9IiIgQ29ycmVsYXRpb25CaW5kaW5nPSIiIFVybEVuY29kZT0iVHJ1ZSIgVXNlVG9Hcm91cFJlc3VsdHM9IkZhbHNlIiAvPg0KICAgICAgICAgICAgPFF1ZXJ5U3RyaW5nUGFyYW1ldGVyIE5hbWU9InVzZXJfc3VibWl0dGVkX2RhdGVfZnJvbSIgVmFsdWU9InRydWUiIFJlY29yZGVkVmFsdWU9IiIgQ29ycmVsYXRpb25CaW5kaW5nPSIiIFVybEVuY29kZT0iVHJ1ZSIgVXNlVG9Hcm91cFJlc3VsdHM9IkZhbHNlIiAvPg0KICAgICAgICAgICAgPFF1ZXJ5U3RyaW5nUGFyYW1ldGVyIE5hbWU9InBhcmFtZXRlcnNbdG9dIiBWYWx1ZT0iMTIvMzEvMjAxNSAxMTo1OSBwbSIgUmVjb3JkZWRWYWx1ZT0iIiBDb3JyZWxhdGlvbkJpbmRpbmc9IiIgVXJsRW5jb2RlPSJUcnVlIiBVc2VUb0dyb3VwUmVzdWx0cz0iRmFsc2UiIC8+DQogICAgICAgICAgICA8UXVlcnlTdHJpbmdQYXJhbWV0ZXIgTmFtZT0idXNlcl9zdWJtaXR0ZWRfZGF0ZV90byIgVmFsdWU9InRydWUiIFJlY29yZGVkVmFsdWU9IiIgQ29ycmVsYXRpb25CaW5kaW5nPSIiIFVybEVuY29kZT0iVHJ1ZSIgVXNlVG9Hcm91cFJlc3VsdHM9IkZhbHNlIiAvPg0KICAgICAgICAgICAgPFF1ZXJ5U3RyaW5nUGFyYW1ldGVyIE5hbWU9InVzZXJfc3VibWl0dGVkX2RhdGUiIFZhbHVlPSIiIFJlY29yZGVkVmFsdWU9IiIgQ29ycmVsYXRpb25CaW5kaW5nPSIiIFVybEVuY29kZT0iVHJ1ZSIgVXNlVG9Hcm91cFJlc3VsdHM9IkZhbHNlIiAvPg0KICAgICAgICAgICAgPFF1ZXJ5U3RyaW5nUGFyYW1ldGVyIE5hbWU9InBhcmFtZXRlcnNbZGlzcGxheV90eXBlXSIgVmFsdWU9IiIgUmVjb3JkZWRWYWx1ZT0iIiBDb3JyZWxhdGlvbkJpbmRpbmc9IiIgVXJsRW5jb2RlPSJUcnVlIiBVc2VUb0dyb3VwUmVzdWx0cz0iRmFsc2UiIC8+DQogICAgICAgICAgICA8UXVlcnlTdHJpbmdQYXJhbWV0ZXIgTmFtZT0iX3BqYXgiIFZhbHVlPSJ0cnVlIiBSZWNvcmRlZFZhbHVlPSIiIENvcnJlbGF0aW9uQmluZGluZz0iIiBVcmxFbmNvZGU9IlRydWUiIFVzZVRvR3JvdXBSZXN1bHRzPSJGYWxzZSIgLz4NCiAgICAgICAgICA8L1F1ZXJ5U3RyaW5nUGFyYW1ldGVycz4NCiAgICAgICAgPC9SZXF1ZXN0Pg0KICAgICAgPC9JdGVtcz4NCiAgICA8L1RyYW5zYWN0aW9uVGltZXI+DQogICAgPENvbW1lbnQgQ29tbWVudFRleHQ9IkxvZ291dCIgLz4NCiAgICA8VHJhbnNhY3Rpb25UaW1lciBOYW1lPSJMb2dvdXQiPg0KICAgICAgPEl0ZW1zPg0KICAgICAgICA8SW5jbHVkZWRXZWJUZXN0IE5hbWU9IkxvZ291dCIgUGF0aD0iYzpcbWVkc2Vla1xhdXRvbWF0aW9uXHBlcnN1YWRlXHZzcHJvamVjdHNccGVyc3VhZGVwZXJmb3JtYW5jZVxwZXJzdWFkZXBlcmZvcm1hbmNlXHdlYnRlc3RzXGdsb2JhbCB0ZXN0c1xsb2dvdXQud2VidGVzdCIgSWQ9ImQzZmRmNDg0LTE5YTgtNGYwMi05Mjc2LTE3NzY1MjkzOTk1OCIgSXNDb2RlZFdlYlRlc3Q9IkZhbHNlIiBJbmhlcml0V2ViVGVzdFNldHRpbmdzPSJGYWxzZSIgLz4NCiAgICAgIDwvSXRlbXM+DQogICAgPC9UcmFuc2FjdGlvblRpbWVyPg0KICAgIDxDb21tZW50IENvbW1lbnRUZXh0PSIiIC8+DQogIDwvSXRlbXM+DQogIDxDb250ZXh0UGFyYW1ldGVycz4NCiAgICA8Q29udGV4dFBhcmFtZXRlciBOYW1lPSJTZXJ2ZXJVcmwiIFZhbHVlPSJodHRwczovL3N0YWdpbmcuYnJpZ2h0d2hpc3RsZS5jb20iIC8+DQogIDwvQ29udGV4dFBhcmFtZXRlcnM+DQogIDxXZWJUZXN0UGx1Z2lucz4NCiAgICA8V2ViVGVzdFBsdWdpbiBDbGFzc25hbWU9IlRlc3RQbHVnaW4uU2VydmVyVXJscywgVGVzdFBsdWdpbiwgVmVyc2lvbj0xLjAuMC4wLCBDdWx0dXJlPW5ldXRyYWwsIFB1YmxpY0tleVRva2VuPW51bGwiIERpc3BsYXlOYW1lPSJTZXJ2ZXJVcmxzIiBEZXNjcmlwdGlvbj0iIiAvPg0KICA8L1dlYlRlc3RQbHVnaW5zPg0KPC9XZWJUZXN0Pg==">
    </WebTest>
    <WebTest name="PERS-1690_Monthly" storage="c:\medseek\automation\persuade\vsprojects\persuadeperformance\persuadeperformance\webtests\reports\pers-1690_monthly.webtest" priority="0" id="feda9afa-0094-47b1-8498-f1e6e426ac2e" persistedWebTest="77u/PD94bWwgdmVyc2lvbj0iMS4wIiBlbmNvZGluZz0iVVRGLTgiIHN0YW5kYWxvbmU9InllcyI/Pg0KPFdlYlRlc3QgTmFtZT0iUEVSUy0xNjkwX01vbnRobHkiIElkPSJmZWRhOWFmYS0wMDk0LTQ3YjEtODQ5OC1mMWU2ZTQyNmFjMmUiIE93bmVyPSIiIFByaW9yaXR5PSIwIiBFbmFibGVkPSJUcnVlIiBDc3NQcm9qZWN0U3RydWN0dXJlPSIiIENzc0l0ZXJhdGlvbj0iIiBUaW1lb3V0PSIwIiBXb3JrSXRlbUlkcz0iIiB4bWxucz0iaHR0cDovL21pY3Jvc29mdC5jb20vc2NoZW1hcy9WaXN1YWxTdHVkaW8vVGVhbVRlc3QvMjAxMCIgRGVzY3JpcHRpb249IiIgQ3JlZGVudGlhbFVzZXJOYW1lPSIiIENyZWRlbnRpYWxQYXNzd29yZD0iIiBQcmVBdXRoZW50aWNhdGU9IlRydWUiIFByb3h5PSIiIFN0b3BPbkVycm9yPSJGYWxzZSIgUmVjb3JkZWRSZXN1bHRGaWxlPSIiIFJlc3VsdHNMb2NhbGU9IiI+DQogIDxJdGVtcz4NCiAgICA8Q29tbWVudCBDb21tZW50VGV4dD0iTG9naW4iIC8+DQogICAgPFRyYW5zYWN0aW9uVGltZXIgTmFtZT0iTG9naW4iPg0KICAgICAgPEl0ZW1zPg0KICAgICAgICA8SW5jbHVkZWRXZWJUZXN0IE5hbWU9IkxvZ2luIiBQYXRoPSJjOlxtZWRzZWVrXGF1dG9tYXRpb25ccGVyc3VhZGVcdnNwcm9qZWN0c1xwZXJzdWFkZXBlcmZvcm1hbmNlXHBlcnN1YWRlcGVyZm9ybWFuY2Vcd2VidGVzdHNcZ2xvYmFsIHRlc3RzXGxvZ2luLndlYnRlc3QiIElkPSI2ZTk2MWFhMi0xMDkwLTRhNzItOGY1Yy0wOTg1OGViMjhhNTQiIElzQ29kZWRXZWJUZXN0PSJGYWxzZSIgSW5oZXJpdFdlYlRlc3RTZXR0aW5ncz0iRmFsc2UiIC8+DQogICAgICA8L0l0ZW1zPg0KICAgIDwvVHJhbnNhY3Rpb25UaW1lcj4NCiAgICA8Q29tbWVudCBDb21tZW50VGV4dD0iUmVwb3J0cyAtIE1vbnRobHkiIC8+DQogICAgPFRyYW5zYWN0aW9uVGltZXIgTmFtZT0iUmVwb3J0cyAtIE1vbnRobHkiPg0KICAgICAgPEl0ZW1zPg0KICAgICAgICA8UmVxdWVzdCBNZXRob2Q9IkdFVCIgR3VpZD0iYzgzZDQ4OGYtYzk3ZC00MGUxLTg3MDMtNWI2MjZhNDc2NTk5IiBWZXJzaW9uPSIxLjEiIFVybD0ie3tTZXJ2ZXJVcmx9fS9tYWluX2Rhc2hib2FyZCIgVGhpbmtUaW1lPSItNCIgVGltZW91dD0iNjAiIFBhcnNlRGVwZW5kZW50UmVxdWVzdHM9IlRydWUiIEZvbGxvd1JlZGlyZWN0cz0iVHJ1ZSIgUmVjb3JkUmVzdWx0PSJUcnVlIiBDYWNoZT0iRmFsc2UiIFJlc3BvbnNlVGltZUdvYWw9IjAiIEVuY29kaW5nPSJ1dGYtOCIgRXhwZWN0ZWRIdHRwU3RhdHVzQ29kZT0iMCIgRXhwZWN0ZWRSZXNwb25zZVVybD0iIiBSZXBvcnRpbmdOYW1lPSIiIElnbm9yZUh0dHBTdGF0dXNDb2RlPSJGYWxzZSI+DQogICAgICAgICAgPEhlYWRlcnM+DQogICAgICAgICAgICA8SGVhZGVyIE5hbWU9IlVwZ3JhZGUtSW5zZWN1cmUtUmVxdWVzdHMiIFZhbHVlPSIxIiAvPg0KICAgICAgICAgIDwvSGVhZGVycz4NCiAgICAgICAgPC9SZXF1ZXN0Pg0KICAgICAgPC9JdGVtcz4NCiAgICA8L1RyYW5zYWN0aW9uVGltZXI+DQogICAgPENvbW1lbnQgQ29tbWVudFRleHQ9IlNob3cgU2VhcmNoIiAvPg0KICAgIDxUcmFuc2FjdGlvblRpbWVyIE5hbWU9IlNob3cgU2VhcmNoIj4NCiAgICAgIDxJdGVtcz4NCiAgICAgICAgPFJlcXVlc3QgTWV0aG9kPSJHRVQiIEd1aWQ9IjBjYTUyOWQ5LTE3NzktNGQzMC04NmE0LWZiZDk3ZWUyMmFlNiIgVmVyc2lvbj0iMS4xIiBVcmw9Int7U2VydmVyVXJsfX0vZGFzaGJvYXJkL2xpZmV0aW1lX292ZXJ2aWV3X2JveCIgVGhpbmtUaW1lPSIyIiBUaW1lb3V0PSI2MCIgUGFyc2VEZXBlbmRlbnRSZXF1ZXN0cz0iVHJ1ZSIgRm9sbG93UmVkaXJlY3RzPSJUcnVlIiBSZWNvcmRSZXN1bHQ9IlRydWUiIENhY2hlPSJGYWxzZSIgUmVzcG9uc2VUaW1lR29hbD0iMCIgRW5jb2Rpbmc9InV0Zi04IiBFeHBlY3RlZEh0dHBTdGF0dXNDb2RlPSIwIiBFeHBlY3RlZFJlc3BvbnNlVXJsPSIiIFJlcG9ydGluZ05hbWU9IiIgSWdub3JlSHR0cFN0YXR1c0NvZGU9IkZhbHNlIj4NCiAgICAgICAgICA8SGVhZGVycz4NCiAgICAgICAgICAgIDxIZWFkZXIgTmFtZT0iWC1DU1JGLVRva2VuIiBWYWx1ZT0ie3thdXRoVG9rZW59fSIgLz4NCiAgICAgICAgICAgIDxIZWFkZXIgTmFtZT0iWC1SZXF1ZXN0ZWQtV2l0aCIgVmFsdWU9IlhNTEh0dHBSZXF1ZXN0IiAvPg0KICAgICAgICAgIDwvSGVhZGVycz4NCiAgICAgICAgICA8UXVlcnlTdHJpbmdQYXJhbWV0ZXJzPg0KICAgICAgICAgICAgPFF1ZXJ5U3RyaW5nUGFyYW1ldGVyIE5hbWU9InR5cGUiIFZhbHVlPSJzZWFyY2giIFJlY29yZGVkVmFsdWU9IiIgQ29ycmVsYXRpb25CaW5kaW5nPSIiIFVybEVuY29kZT0iVHJ1ZSIgVXNlVG9Hcm91cFJlc3VsdHM9IkZhbHNlIiAvPg0KICAgICAgICAgICAgPFF1ZXJ5U3RyaW5nUGFyYW1ldGVyIE5hbWU9ImVuZF9kYXRlIiBWYWx1ZT0iMDMvMzEvMjAxNiIgUmVjb3JkZWRWYWx1ZT0iIiBDb3JyZWxhdGlvbkJpbmRpbmc9IiIgVXJsRW5jb2RlPSJUcnVlIiBVc2VUb0dyb3VwUmVzdWx0cz0iRmFsc2UiIC8+DQogICAgICAgICAgPC9RdWVyeVN0cmluZ1BhcmFtZXRlcnM+DQogICAgICAgIDwvUmVxdWVzdD4NCiAgICAgIDwvSXRlbXM+DQogICAgPC9UcmFuc2FjdGlvblRpbWVyPg0KICAgIDxDb21tZW50IENvbW1lbnRUZXh0PSJTaG93IFNvY2lhbCIgLz4NCiAgICA8VHJhbnNhY3Rpb25UaW1lciBOYW1lPSJTaG93IFNvY2lhbCI+DQogICAgICA8SXRlbXM+DQogICAgICAgIDxSZXF1ZXN0IE1ldGhvZD0iR0VUIiBHdWlkPSIzZWZkZDY1Mi1iOTE3LTQ3ZDItOThhMC1kYTU5M2UzYTIyZmEiIFZlcnNpb249IjEuMSIgVXJsPSJ7e1NlcnZlclVybH19L2Rhc2hib2FyZC9saWZldGltZV9vdmVydmlld19ib3giIFRoaW5rVGltZT0iMSIgVGltZW91dD0iNjAiIFBhcnNlRGVwZW5kZW50UmVxdWVzdHM9IlRydWUiIEZvbGxvd1JlZGlyZWN0cz0iVHJ1ZSIgUmVjb3JkUmVzdWx0PSJUcnVlIiBDYWNoZT0iRmFsc2UiIFJlc3BvbnNlVGltZUdvYWw9IjAiIEVuY29kaW5nPSJ1dGYtOCIgRXhwZWN0ZWRIdHRwU3RhdHVzQ29kZT0iMCIgRXhwZWN0ZWRSZXNwb25zZVVybD0iIiBSZXBvcnRpbmdOYW1lPSIiIElnbm9yZUh0dHBTdGF0dXNDb2RlPSJGYWxzZSI+DQogICAgICAgICAgPEhlYWRlcnM+DQogICAgICAgICAgICA8SGVhZGVyIE5hbWU9IlgtQ1NSRi1Ub2tlbiIgVmFsdWU9Int7YXV0aFRva2VufX0iIC8+DQogICAgICAgICAgICA8SGVhZGVyIE5hbWU9IlgtUmVxdWVzdGVkLVdpdGgiIFZhbHVlPSJYTUxIdHRwUmVxdWVzdCIgLz4NCiAgICAgICAgICA8L0hlYWRlcnM+DQogICAgICAgICAgPFF1ZXJ5U3RyaW5nUGFyYW1ldGVycz4NCiAgICAgICAgICAgIDxRdWVyeVN0cmluZ1BhcmFtZXRlciBOYW1lPSJ0eXBlIiBWYWx1ZT0ic29jaWFsIiBSZWNvcmRlZFZhbHVlPSIiIENvcnJlbGF0aW9uQmluZGluZz0iIiBVcmxFbmNvZGU9IlRydWUiIFVzZVRvR3JvdXBSZXN1bHRzPSJGYWxzZSIgLz4NCiAgICAgICAgICAgIDxRdWVyeVN0cmluZ1BhcmFtZXRlciBOYW1lPSJlbmRfZGF0ZSIgVmFsdWU9IjAzLzMxLzIwMTYiIFJlY29yZGVkVmFsdWU9IiIgQ29ycmVsYXRpb25CaW5kaW5nPSIiIFVybEVuY29kZT0iVHJ1ZSIgVXNlVG9Hcm91cFJlc3VsdHM9IkZhbHNlIiAvPg0KICAgICAgICAgIDwvUXVlcnlTdHJpbmdQYXJhbWV0ZXJzPg0KICAgICAgICA8L1JlcXVlc3Q+DQogICAgICA8L0l0ZW1zPg0KICAgIDwvVHJhbnNhY3Rpb25UaW1lcj4NCiAgICA8Q29tbWVudCBDb21tZW50VGV4dD0iTG9nb3V0IiAvPg0KICAgIDxUcmFuc2FjdGlvblRpbWVyIE5hbWU9IkxvZ291dCI+DQogICAgICA8SXRlbXM+DQogICAgICAgIDxJbmNsdWRlZFdlYlRlc3QgTmFtZT0iTG9nb3V0IiBQYXRoPSJjOlxtZWRzZWVrXGF1dG9tYXRpb25ccGVyc3VhZGVcdnNwcm9qZWN0c1xwZXJzdWFkZXBlcmZvcm1hbmNlXHBlcnN1YWRlcGVyZm9ybWFuY2Vcd2VidGVzdHNcZ2xvYmFsIHRlc3RzXGxvZ291dC53ZWJ0ZXN0IiBJZD0iZDNmZGY0ODQtMTlhOC00ZjAyLTkyNzYtMTc3NjUyOTM5OTU4IiBJc0NvZGVkV2ViVGVzdD0iRmFsc2UiIEluaGVyaXRXZWJUZXN0U2V0dGluZ3M9IkZhbHNlIiAvPg0KICAgICAgPC9JdGVtcz4NCiAgICA8L1RyYW5zYWN0aW9uVGltZXI+DQogICAgPENvbW1lbnQgQ29tbWVudFRleHQ9IiIgLz4NCiAgPC9JdGVtcz4NCiAgPENvbnRleHRQYXJhbWV0ZXJzPg0KICAgIDxDb250ZXh0UGFyYW1ldGVyIE5hbWU9IlNlcnZlclVybCIgVmFsdWU9Imh0dHBzOi8vc3RhZ2luZy5icmlnaHR3aGlzdGxlLmNvbSIgLz4NCiAgPC9Db250ZXh0UGFyYW1ldGVycz4NCiAgPFdlYlRlc3RQbHVnaW5zPg0KICAgIDxXZWJUZXN0UGx1Z2luIENsYXNzbmFtZT0iVGVzdFBsdWdpbi5TZXJ2ZXJVcmxzLCBUZXN0UGx1Z2luLCBWZXJzaW9uPTEuMC4wLjAsIEN1bHR1cmU9bmV1dHJhbCwgUHVibGljS2V5VG9rZW49bnVsbCIgRGlzcGxheU5hbWU9IlNlcnZlclVybHMiIERlc2NyaXB0aW9uPSIiIC8+DQogIDwvV2ViVGVzdFBsdWdpbnM+DQo8L1dlYlRlc3Q+">
    </WebTest>
    <LoadTest Name="Persuade_Reports" Description="" Owner="" storage="c:\medseek\automation\persuade\vsprojects\persuadeperformance\persuadeperformance\loadtests\persuade_reports.loadtest" Priority="2147483647" Enabled="true" CssProjectStructure="" CssIteration="" DeploymentItemsEditable="" WorkItemIds="" TraceLevel="None" CurrentRunConfig="Run Settings1" Id="a2697ea7-7447-4546-8051-0aa1d8b09e11">
      <Scenarios>
        <Scenario Name="Reports" DelayBetweenIterations="0" PercentNewUsers="0" IPSwitching="true" TestMixType="PercentageOfTestsStarted" ApplyDistributionToPacingDelay="true" MaxTestIterations="0" DisableDuringWarmup="false" DelayStartTime="0" AllowedAgents="">
          <ThinkProfile Value="0.2" Pattern="NormalDistribution" />
          <LoadProfile Pattern="Step" InitialUsers="1" MaxUsers="10" StepUsers="1" StepDuration="30" StepRampTime="0" />
          <TestMix>
            <TestProfile Name="PERS-1683_BudgetTracker" Path="c:\medseek\automation\persuade\vsprojects\persuadeperformance\persuadeperformance\webtests\reports\pers-1683_budgettracker.webtest" Id="2a59cfae-3865-4945-93db-101f89be9bdc" Percentage="10" Type="Microsoft.VisualStudio.TestTools.WebStress.DeclarativeWebTestElement, Microsoft.VisualStudio.QualityTools.LoadTest, Version=11.0.0.0, Culture=neutral, PublicKeyToken=b03f5f7f11d50a3a" />
            <TestProfile Name="PERS-1684_ConsoleStats" Path="c:\medseek\automation\persuade\vsprojects\persuadeperformance\persuadeperformance\webtests\reports\pers-1684_consolestats.webtest" Id="0fe679fc-14ce-40b7-97c8-556645783029" Percentage="10" Type="Microsoft.VisualStudio.TestTools.WebStress.DeclarativeWebTestElement, Microsoft.VisualStudio.QualityTools.LoadTest, Version=11.0.0.0, Culture=neutral, PublicKeyToken=b03f5f7f11d50a3a" />
            <TestProfile Name="PERS-1685_DirectoryIssues" Path="c:\medseek\automation\persuade\vsprojects\persuadeperformance\persuadeperformance\webtests\reports\pers-1685_directoryissues.webtest" Id="5eb6ff3e-c5ea-4af3-bb55-6ce869664552" Percentage="10" Type="Microsoft.VisualStudio.TestTools.WebStress.DeclarativeWebTestElement, Microsoft.VisualStudio.QualityTools.LoadTest, Version=11.0.0.0, Culture=neutral, PublicKeyToken=b03f5f7f11d50a3a" />
            <TestProfile Name="PERS-1686_DirectoryStats" Path="c:\medseek\automation\persuade\vsprojects\persuadeperformance\persuadeperformance\webtests\reports\pers-1686_directorystats.webtest" Id="b28a4648-606f-4c9e-beb6-3dbc2e493437" Percentage="10" Type="Microsoft.VisualStudio.TestTools.WebStress.DeclarativeWebTestElement, Microsoft.VisualStudio.QualityTools.LoadTest, Version=11.0.0.0, Culture=neutral, PublicKeyToken=b03f5f7f11d50a3a" />
            <TestProfile Name="PERS-1687_GoogleAdWords" Path="c:\medseek\automation\persuade\vsprojects\persuadeperformance\persuadeperformance\webtests\reports\pers-1687_googleadwords.webtest" Id="0eef21df-78ca-4467-9c41-4578ccb12967" Percentage="10" Type="Microsoft.VisualStudio.TestTools.WebStress.DeclarativeWebTestElement, Microsoft.VisualStudio.QualityTools.LoadTest, Version=11.0.0.0, Culture=neutral, PublicKeyToken=b03f5f7f11d50a3a" />
            <TestProfile Name="PERS-1688_LeadStats" Path="c:\medseek\automation\persuade\vsprojects\persuadeperformance\persuadeperformance\webtests\reports\pers-1688_leadstats.webtest" Id="518f655e-f63f-4b20-a614-8ec60b4fb5a7" Percentage="10" Type="Microsoft.VisualStudio.TestTools.WebStress.DeclarativeWebTestElement, Microsoft.VisualStudio.QualityTools.LoadTest, Version=11.0.0.0, Culture=neutral, PublicKeyToken=b03f5f7f11d50a3a" />
            <TestProfile Name="PERS-1689_Medicom" Path="c:\medseek\automation\persuade\vsprojects\persuadeperformance\persuadeperformance\webtests\reports\pers-1689_medicom.webtest" Id="9ba3d9c6-ccd5-4cc2-bc42-c93023b17ade" Percentage="10" Type="Microsoft.VisualStudio.TestTools.WebStress.DeclarativeWebTestElement, Microsoft.VisualStudio.QualityTools.LoadTest, Version=11.0.0.0, Culture=neutral, PublicKeyToken=b03f5f7f11d50a3a" />
            <TestProfile Name="PERS-1690_Monthly" Path="c:\medseek\automation\persuade\vsprojects\persuadeperformance\persuadeperformance\webtests\reports\pers-1690_monthly.webtest" Id="feda9afa-0094-47b1-8498-f1e6e426ac2e" Percentage="10" Type="Microsoft.VisualStudio.TestTools.WebStress.DeclarativeWebTestElement, Microsoft.VisualStudio.QualityTools.LoadTest, Version=11.0.0.0, Culture=neutral, PublicKeyToken=b03f5f7f11d50a3a" />
            <TestProfile Name="PERS-1691_MonthlyLeads" Path="c:\medseek\automation\persuade\vsprojects\persuadeperformance\persuadeperformance\webtests\reports\pers-1691_monthlyleads.webtest" Id="2cbdf330-05fa-47cd-85e1-047a91621b28" Percentage="10" Type="Microsoft.VisualStudio.TestTools.WebStress.DeclarativeWebTestElement, Microsoft.VisualStudio.QualityTools.LoadTest, Version=11.0.0.0, Culture=neutral, PublicKeyToken=b03f5f7f11d50a3a" />
            <TestProfile Name="PERS-1692_TableauReports" Path="c:\medseek\automation\persuade\vsprojects\persuadeperformance\persuadeperformance\webtests\reports\pers-1692_tableaureports.webtest" Id="e915dee3-027a-436f-a361-e95f08372145" Percentage="10" Type="Microsoft.VisualStudio.TestTools.WebStress.DeclarativeWebTestElement, Microsoft.VisualStudio.QualityTools.LoadTest, Version=11.0.0.0, Culture=neutral, PublicKeyToken=b03f5f7f11d50a3a" />
          </TestMix>
          <BrowserMix>
            <BrowserProfile Percentage="15">
              <Browser Name="Internet Explorer 9.0" MaxConnections="6">
                <Headers>
                  <Header Name="User-Agent" Value="Mozilla/5.0 (compatible; MSIE 9.0; Windows NT 6.1; Trident/5.0)" />
                  <Header Name="Accept" Value="*/*" />
                  <Header Name="Accept-Language" Value="{{$IEAcceptLanguage}}" />
                  <Header Name="Accept-Encoding" Value="GZIP" />
                </Headers>
              </Browser>
            </BrowserProfile>
            <BrowserProfile Percentage="15">
              <Browser Name="Chrome 2" MaxConnections="6">
                <Headers>
                  <Header Name="User-Agent" Value="Mozilla/5.0 (Windows; U; Windows NT 5.1;) AppleWebKit/530.1 (KHTML, like Gecko) Chrome/2.0.169.1 Safari/530.1" />
                  <Header Name="Accept" Value="*/*" />
                  <Header Name="Accept-Language" Value="{{$IEAcceptLanguage}}" />
                  <Header Name="Accept-Encoding" Value="gzip,deflate" />
                  <Header Name="Accept-Charset" Value="ISO-8859-1,*,utf-8" />
                </Headers>
              </Browser>
            </BrowserProfile>
            <BrowserProfile Percentage="14">
              <Browser Name="Chrome 47" MaxConnections="2">
                <Headers>
                  <Header Name="User-Agent" Value="" />
                  <Header Name="Accept" Value="*/*" />
                  <Header Name="Accept-Language" Value="" />
                  <Header Name="Accept-Encoding" Value="" />
                  <Header Name="Accept-Charset" Value="ISO-8859-1,*,utf-8" />
                </Headers>
              </Browser>
            </BrowserProfile>
            <BrowserProfile Percentage="14">
              <Browser Name="Firefox 2.0" MaxConnections="2">
                <Headers>
                  <Header Name="User-Agent" Value="Mozilla/5.0 (Windows; U; Windows NT 5.1; en-US; rv:1.8.1) Gecko/20061010 Firefox/2.0" />
                  <Header Name="Accept" Value="*/*" />
                  <Header Name="Accept-Language" Value="{{$IEAcceptLanguage}}" />
                  <Header Name="Accept-Encoding" Value="GZIP" />
                  <Header Name="Accept-Charset" Value="ISO-8859-1,utf-8;q=0.7,*;q=0.7" />
                </Headers>
              </Browser>
            </BrowserProfile>
            <BrowserProfile Percentage="14">
              <Browser Name="Firefox 3.0" MaxConnections="6">
                <Headers>
                  <Header Name="User-Agent" Value="Mozilla/5.0 (Windows; U; Windows NT 5.1; en-US; rv:1.8.1) Gecko/20061010 Firefox/3.0" />
                  <Header Name="Accept" Value="*/*" />
                  <Header Name="Accept-Language" Value="{{$IEAcceptLanguage}}" />
                  <Header Name="Accept-Encoding" Value="GZIP" />
                  <Header Name="Accept-Charset" Value="ISO-8859-1,utf-8;q=0.7,*;q=0.7" />
                </Headers>
              </Browser>
            </BrowserProfile>
            <BrowserProfile Percentage="14">
              <Browser Name="Firefox 40.1" MaxConnections="6">
                <Headers>
                  <Header Name="User-Agent" Value="Mozilla/5.0 (Windows NT 6.1; WOW64; rv:40.0) Gecko/20100101 Firefox/40.1" />
                  <Header Name="Accept" Value="*/*" />
                  <Header Name="Accept-Language" Value="{{$IEAcceptLanguage}}" />
                  <Header Name="Accept-Encoding" Value="GZIP" />
                  <Header Name="Accept-Charset" Value="ISO-8859-1,utf-8;q=0.7,*;q=0.7" />
                </Headers>
              </Browser>
            </BrowserProfile>
            <BrowserProfile Percentage="14">
              <Browser Name="Internet Explorer 10.0" MaxConnections="6">
                <Headers>
                  <Header Name="User-Agent" Value="Mozilla/5.0 (compatible; MSIE 10.0; Windows NT 6.1; Trident/6.0)" />
                  <Header Name="Accept" Value="*/*" />
                  <Header Name="Accept-Language" Value="{{$IEAcceptLanguage}}" />
                  <Header Name="Accept-Encoding" Value="GZIP" />
                </Headers>
              </Browser>
            </BrowserProfile>
          </BrowserMix>
          <NetworkMix>
            <NetworkProfile Percentage="100">
              <Network Name="LAN" BandwidthInKbps="1000000" NetworkProfileConfigurationXml="&lt;Emulation&gt;&lt;VirtualChannel name=&quot;defaultChannel&quot;&gt;&lt;FilterList/&gt;&lt;VirtualLink instances=&quot;1&quot; name=&quot;defaultLink&quot;&gt;&lt;LinkRule dir=&quot;upstream&quot;&gt;&lt;Bandwidth&gt;&lt;Speed unit=&quot;kbps&quot;&gt;1000000&lt;/Speed&gt;&lt;/Bandwidth&gt;&lt;/LinkRule&gt;&lt;LinkRule dir=&quot;downstream&quot;&gt;&lt;Bandwidth&gt;&lt;Speed unit=&quot;kbps&quot;&gt;1000000&lt;/Speed&gt;&lt;/Bandwidth&gt;&lt;/LinkRule&gt;&lt;/VirtualLink&gt;&lt;/VirtualChannel&gt;&lt;/Emulation&gt;" />
            </NetworkProfile>
          </NetworkMix>
        </Scenario>
      </Scenarios>
      <CounterSets>
        <CounterSet Name="LoadTest" CounterSetType="LoadTest" LocId="">
          <CounterCategories>
            <CounterCategory Name="LoadTest:Scenario">
              <Counters>
                <Counter Name="User Load" HigherIsBetter="true" />
                <Counter Name="Tests Running" HigherIsBetter="true" />
              </Counters>
            </CounterCategory>
            <CounterCategory Name="LoadTest:Test">
              <Counters>
                <Counter Name="Total Tests" HigherIsBetter="true" />
                <Counter Name="Passed Tests" HigherIsBetter="true" />
                <Counter Name="Failed Tests" />
                <Counter Name="Tests/Sec" HigherIsBetter="true" />
                <Counter Name="Passed Tests/Sec" HigherIsBetter="true" />
                <Counter Name="Failed Tests/Sec" />
                <Counter Name="Avg. Requests/Test" HigherIsBetter="true" />
                <Counter Name="Avg. Test Time" />
                <Counter Name="% Time in LoadTestPlugin" />
                <Counter Name="% Time in WebTest code" />
                <Counter Name="% Time in Rules" />
              </Counters>
            </CounterCategory>
            <CounterCategory Name="LoadTest:Transaction">
              <Counters>
                <Counter Name="Total Transactions" HigherIsBetter="true" />
                <Counter Name="Avg. Transaction Time" />
                <Counter Name="Avg. Response Time" />
                <Counter Name="Transactions/Sec" HigherIsBetter="true" />
              </Counters>
            </CounterCategory>
            <CounterCategory Name="LoadTest:Errors">
              <Counters>
                <Counter Name="Http Errors" />
                <Counter Name="Validation Rule Errors" />
                <Counter Name="Extraction Rule Errors" />
                <Counter Name="Requests Timed Out" />
                <Counter Name="Exceptions" />
                <Counter Name="Total Errors" />
                <Counter Name="Errors/Sec" />
                <Counter Name="Threshold Violations/Sec" />
              </Counters>
            </CounterCategory>
            <CounterCategory Name="LoadTest:Page">
              <Counters>
                <Counter Name="Total Pages" HigherIsBetter="true" />
                <Counter Name="Avg. Page Time" />
                <Counter Name="Page Response Time Goal" HigherIsBetter="true" />
                <Counter Name="% Pages Meeting Goal" HigherIsBetter="true" />
                <Counter Name="Pages/Sec" HigherIsBetter="true" />
              </Counters>
            </CounterCategory>
            <CounterCategory Name="LoadTest:Request">
              <Counters>
                <Counter Name="Total Requests" HigherIsBetter="true" />
                <Counter Name="Passed Requests" HigherIsBetter="true" />
                <Counter Name="Failed Requests" />
                <Counter Name="Cached Requests" HigherIsBetter="true" />
                <Counter Name="Requests/Sec" HigherIsBetter="true" />
                <Counter Name="Passed Requests/Sec" HigherIsBetter="true" />
                <Counter Name="Failed Requests/Sec" />
                <Counter Name="Avg. First Byte Time" />
                <Counter Name="Avg. Response Time" />
                <Counter Name="Avg. Connection Wait Time">
                  <ThresholdRules>
                    <ThresholdRule Classname="Microsoft.VisualStudio.TestTools.WebStress.Rules.ThresholdRuleCompareCounters, Microsoft.VisualStudio.QualityTools.LoadTest, Version=11.0.0.0, Culture=neutral, PublicKeyToken=b03f5f7f11d50a3a">
                      <RuleParameters>
                        <RuleParameter Name="DependentCategory" Value="LoadTest:Page" />
                        <RuleParameter Name="DependentCounter" Value="Avg. Page Time" />
                        <RuleParameter Name="DependentInstance" Value="_Total" />
                        <RuleParameter Name="AlertIfOver" Value="True" />
                        <RuleParameter Name="WarningThreshold" Value="0.25" />
                        <RuleParameter Name="CriticalThreshold" Value="0.5" />
                      </RuleParameters>
                    </ThresholdRule>
                  </ThresholdRules>
                </Counter>
                <Counter Name="Avg. Content Length" />
              </Counters>
            </CounterCategory>
            <CounterCategory Name="LoadTest:LogEntries">
              <Counters>
                <Counter Name="Total Log Entries" />
                <Counter Name="Log Entries/Sec" />
              </Counters>
            </CounterCategory>
          </CounterCategories>
        </CounterSet>
        <CounterSet Name="Controller" CounterSetType="Controller" LocId="CounterSet_Controller">
          <CounterCategories>
            <CounterCategory Name="Memory">
              <Counters>
                <Counter Name="% Committed Bytes In Use" Range="100" />
                <Counter Name="Available MBytes" RangeGroup="Memory Bytes" HigherIsBetter="true">
                  <ThresholdRules>
                    <ThresholdRule Classname="Microsoft.VisualStudio.TestTools.WebStress.Rules.ThresholdRuleCompareConstant, Microsoft.VisualStudio.QualityTools.LoadTest">
                      <RuleParameters>
                        <RuleParameter Name="AlertIfOver" Value="False" />
                        <RuleParameter Name="WarningThreshold" Value="100" />
                        <RuleParameter Name="CriticalThreshold" Value="50" />
                      </RuleParameters>
                    </ThresholdRule>
                  </ThresholdRules>
                </Counter>
                <Counter Name="Page Faults/sec" />
                <Counter Name="Pages/sec" />
                <Counter Name="Pool Paged Bytes" RangeGroup="Memory Bytes" />
                <Counter Name="Pool Nonpaged bytes" RangeGroup="Memory Bytes" />
              </Counters>
            </CounterCategory>
            <CounterCategory Name="Network Interface">
              <Counters>
                <Counter Name="Bytes Received/sec" RangeGroup="Network Bytes" />
                <Counter Name="Bytes Sent/sec" RangeGroup="Network Bytes" />
                <Counter Name="Output Queue Length">
                  <ThresholdRules>
                    <ThresholdRule Classname="Microsoft.VisualStudio.TestTools.WebStress.Rules.ThresholdRuleCompareConstant, Microsoft.VisualStudio.QualityTools.LoadTest">
                      <RuleParameters>
                        <RuleParameter Name="AlertIfOver" Value="True" />
                        <RuleParameter Name="WarningThreshold" Value="1.5" />
                        <RuleParameter Name="CriticalThreshold" Value="2" />
                      </RuleParameters>
                    </ThresholdRule>
                  </ThresholdRules>
                </Counter>
                <Counter Name="Packets Received/sec" RangeGroup="Network Packets" />
                <Counter Name="Packets Sent/sec" RangeGroup="Network Packets" />
                <Counter Name="Current Bandwidth" RangeGroup="Network Bytes" />
                <Counter Name="Bytes Total/sec" RangeGroup="Network Bytes">
                  <ThresholdRules>
                    <ThresholdRule Classname="Microsoft.VisualStudio.TestTools.WebStress.Rules.ThresholdRuleCompareCounters, Microsoft.VisualStudio.QualityTools.LoadTest, Version=11.0.0.0, Culture=neutral, PublicKeyToken=b03f5f7f11d50a3a">
                      <RuleParameters>
                        <RuleParameter Name="DependentCategory" Value="Network Interface" />
                        <RuleParameter Name="DependentCounter" Value="Current Bandwidth" />
                        <RuleParameter Name="DependentInstance" Value="" />
                        <RuleParameter Name="AlertIfOver" Value="True" />
                        <RuleParameter Name="WarningThreshold" Value="0.6" />
                        <RuleParameter Name="CriticalThreshold" Value="0.7" />
                      </RuleParameters>
                    </ThresholdRule>
                  </ThresholdRules>
                </Counter>
              </Counters>
              <Instances>
                <Instance Name="*" />
              </Instances>
            </CounterCategory>
            <CounterCategory Name="PhysicalDisk">
              <Counters>
                <Counter Name="% Disk Read Time" Range="100" />
                <Counter Name="% Disk Time" Range="100" />
                <Counter Name="% Disk Write Time" Range="100" />
                <Counter Name="% Idle Time" Range="100" HigherIsBetter="true">
                  <ThresholdRules>
                    <ThresholdRule Classname="Microsoft.VisualStudio.TestTools.WebStress.Rules.ThresholdRuleCompareConstant, Microsoft.VisualStudio.QualityTools.LoadTest">
                      <RuleParameters>
                        <RuleParameter Name="AlertIfOver" Value="False" />
                        <RuleParameter Name="WarningThreshold" Value="40" />
                        <RuleParameter Name="CriticalThreshold" Value="20" />
                      </RuleParameters>
                    </ThresholdRule>
                  </ThresholdRules>
                </Counter>
                <Counter Name="Avg. Disk Bytes/Read" RangeGroup="DiskBytesRate" />
                <Counter Name="Avg. Disk Bytes/Transfer" RangeGroup="DiskBytesRate" />
                <Counter Name="Avg. Disk Bytes/Write" RangeGroup="DiskBytesRate" />
                <Counter Name="Avg. Disk Queue Length" RangeGroup="Disk Queue Length" />
                <Counter Name="Avg. Disk Read Queue Length" RangeGroup="Disk Queue Length" />
                <Counter Name="Avg. Disk Write Queue Length" RangeGroup="Disk Queue Length" />
                <Counter Name="Current Disk Queue Length" RangeGroup="Disk Queue Length" />
                <Counter Name="Avg. Disk sec/Read" RangeGroup="Disk sec" />
                <Counter Name="Avg. Disk sec/Transfer" RangeGroup="Disk sec" />
                <Counter Name="Avg. Disk sec/Write" RangeGroup="Disk sec" />
                <Counter Name="Disk Bytes/sec" RangeGroup="Disk Bytes sec" />
                <Counter Name="Disk Read Bytes/sec" RangeGroup="Disk Bytes sec" />
                <Counter Name="Disk Reads/sec" RangeGroup="Disk Transfers sec" />
                <Counter Name="Disk Transfers/sec" RangeGroup="Disk Transfers sec" />
                <Counter Name="Disk Write Bytes/sec" RangeGroup="Disk Bytes sec" />
                <Counter Name="Disk Writes/sec" RangeGroup="Disk Transfers sec" />
                <Counter Name="Split IO/Sec" RangeGroup="Disk Transfers sec" />
              </Counters>
              <Instances>
                <Instance Name="*" />
              </Instances>
            </CounterCategory>
            <CounterCategory Name="Processor">
              <Counters>
                <Counter Name="% Processor Time" Range="100">
                  <ThresholdRules>
                    <ThresholdRule Classname="Microsoft.VisualStudio.TestTools.WebStress.Rules.ThresholdRuleCompareConstant, Microsoft.VisualStudio.QualityTools.LoadTest">
                      <RuleParameters>
                        <RuleParameter Name="AlertIfOver" Value="True" />
                        <RuleParameter Name="WarningThreshold" Value="75" />
                        <RuleParameter Name="CriticalThreshold" Value="90" />
                      </RuleParameters>
                    </ThresholdRule>
                  </ThresholdRules>
                </Counter>
                <Counter Name="% Privileged Time" Range="100" />
                <Counter Name="% User Time" Range="100" />
              </Counters>
              <Instances>
                <Instance Name="_Total" />
              </Instances>
            </CounterCategory>
            <CounterCategory Name="System">
              <Counters>
                <Counter Name="Context Switches/sec" />
                <Counter Name="Processes" />
                <Counter Name="Processor Queue Length" />
                <Counter Name="Threads" />
              </Counters>
            </CounterCategory>
            <CounterCategory Name="Process">
              <Counters>
                <Counter Name="% Processor Time" RangeGroup="Processor Time" />
                <Counter Name="% Privileged Time" RangeGroup="Processor Time" />
                <Counter Name="% User Time" RangeGroup="Processor Time" />
                <Counter Name="Handle Count" />
                <Counter Name="Thread Count" />
                <Counter Name="Private Bytes" RangeGroup="Memory Bytes" />
                <Counter Name="Virtual Bytes" RangeGroup="Memory Bytes" />
                <Counter Name="Working Set" RangeGroup="Memory Bytes" />
              </Counters>
              <Instances>
                <Instance Name="QTController" />
                <Instance Name="QTController64" />
              </Instances>
            </CounterCategory>
          </CounterCategories>
          <DefaultCountersForAutomaticGraphs>
            <DefaultCounter CategoryName="Processor" CounterName="% Processor Time" InstanceName="_Total" GraphName="" />
            <DefaultCounter CategoryName="Memory" CounterName="Available MBytes" InstanceName="" GraphName="" />
          </DefaultCountersForAutomaticGraphs>
        </CounterSet>
        <CounterSet Name="Agent" CounterSetType="Agent" LocId="CounterSet_Agent">
          <CounterCategories>
            <CounterCategory Name="Memory">
              <Counters>
                <Counter Name="% Committed Bytes In Use" Range="100" />
                <Counter Name="Available MBytes" RangeGroup="Memory Bytes" HigherIsBetter="true">
                  <ThresholdRules>
                    <ThresholdRule Classname="Microsoft.VisualStudio.TestTools.WebStress.Rules.ThresholdRuleCompareConstant, Microsoft.VisualStudio.QualityTools.LoadTest">
                      <RuleParameters>
                        <RuleParameter Name="AlertIfOver" Value="False" />
                        <RuleParameter Name="WarningThreshold" Value="100" />
                        <RuleParameter Name="CriticalThreshold" Value="50" />
                      </RuleParameters>
                    </ThresholdRule>
                  </ThresholdRules>
                </Counter>
                <Counter Name="Page Faults/sec" />
                <Counter Name="Pages/sec" />
                <Counter Name="Pool Paged Bytes" RangeGroup="Memory Bytes" />
                <Counter Name="Pool Nonpaged bytes" RangeGroup="Memory Bytes" />
              </Counters>
            </CounterCategory>
            <CounterCategory Name="Network Interface">
              <Counters>
                <Counter Name="Bytes Received/sec" RangeGroup="Network Bytes" />
                <Counter Name="Bytes Sent/sec" RangeGroup="Network Bytes" />
                <Counter Name="Output Queue Length">
                  <ThresholdRules>
                    <ThresholdRule Classname="Microsoft.VisualStudio.TestTools.WebStress.Rules.ThresholdRuleCompareConstant, Microsoft.VisualStudio.QualityTools.LoadTest">
                      <RuleParameters>
                        <RuleParameter Name="AlertIfOver" Value="True" />
                        <RuleParameter Name="WarningThreshold" Value="1.5" />
                        <RuleParameter Name="CriticalThreshold" Value="2" />
                      </RuleParameters>
                    </ThresholdRule>
                  </ThresholdRules>
                </Counter>
                <Counter Name="Packets Received/sec" RangeGroup="Network Packets" />
                <Counter Name="Packets Sent/sec" RangeGroup="Network Packets" />
                <Counter Name="Current Bandwidth" RangeGroup="Network Bytes" />
                <Counter Name="Bytes Total/sec" RangeGroup="Network Bytes">
                  <ThresholdRules>
                    <ThresholdRule Classname="Microsoft.VisualStudio.TestTools.WebStress.Rules.ThresholdRuleCompareCounters, Microsoft.VisualStudio.QualityTools.LoadTest, Version=11.0.0.0, Culture=neutral, PublicKeyToken=b03f5f7f11d50a3a">
                      <RuleParameters>
                        <RuleParameter Name="DependentCategory" Value="Network Interface" />
                        <RuleParameter Name="DependentCounter" Value="Current Bandwidth" />
                        <RuleParameter Name="DependentInstance" Value="" />
                        <RuleParameter Name="AlertIfOver" Value="True" />
                        <RuleParameter Name="WarningThreshold" Value="0.6" />
                        <RuleParameter Name="CriticalThreshold" Value="0.7" />
                      </RuleParameters>
                    </ThresholdRule>
                  </ThresholdRules>
                </Counter>
              </Counters>
              <Instances>
                <Instance Name="*" />
              </Instances>
            </CounterCategory>
            <CounterCategory Name="PhysicalDisk">
              <Counters>
                <Counter Name="% Disk Read Time" Range="100" />
                <Counter Name="% Disk Time" Range="100" />
                <Counter Name="% Disk Write Time" Range="100" />
                <Counter Name="% Idle Time" Range="100" HigherIsBetter="true">
                  <ThresholdRules>
                    <ThresholdRule Classname="Microsoft.VisualStudio.TestTools.WebStress.Rules.ThresholdRuleCompareConstant, Microsoft.VisualStudio.QualityTools.LoadTest">
                      <RuleParameters>
                        <RuleParameter Name="AlertIfOver" Value="False" />
                        <RuleParameter Name="WarningThreshold" Value="40" />
                        <RuleParameter Name="CriticalThreshold" Value="20" />
                      </RuleParameters>
                    </ThresholdRule>
                  </ThresholdRules>
                </Counter>
                <Counter Name="Avg. Disk Bytes/Read" RangeGroup="DiskBytesRate" />
                <Counter Name="Avg. Disk Bytes/Transfer" RangeGroup="DiskBytesRate" />
                <Counter Name="Avg. Disk Bytes/Write" RangeGroup="DiskBytesRate" />
                <Counter Name="Avg. Disk Queue Length" RangeGroup="Disk Queue Length" />
                <Counter Name="Avg. Disk Read Queue Length" RangeGroup="Disk Queue Length" />
                <Counter Name="Avg. Disk Write Queue Length" RangeGroup="Disk Queue Length" />
                <Counter Name="Current Disk Queue Length" RangeGroup="Disk Queue Length" />
                <Counter Name="Avg. Disk sec/Read" RangeGroup="Disk sec" />
                <Counter Name="Avg. Disk sec/Transfer" RangeGroup="Disk sec" />
                <Counter Name="Avg. Disk sec/Write" RangeGroup="Disk sec" />
                <Counter Name="Disk Bytes/sec" RangeGroup="Disk Bytes sec" />
                <Counter Name="Disk Read Bytes/sec" RangeGroup="Disk Bytes sec" />
                <Counter Name="Disk Reads/sec" RangeGroup="Disk Transfers sec" />
                <Counter Name="Disk Transfers/sec" RangeGroup="Disk Transfers sec" />
                <Counter Name="Disk Write Bytes/sec" RangeGroup="Disk Bytes sec" />
                <Counter Name="Disk Writes/sec" RangeGroup="Disk Transfers sec" />
                <Counter Name="Split IO/Sec" RangeGroup="Disk Transfers sec" />
              </Counters>
              <Instances>
                <Instance Name="*" />
              </Instances>
            </CounterCategory>
            <CounterCategory Name="Processor">
              <Counters>
                <Counter Name="% Processor Time" Range="100">
                  <ThresholdRules>
                    <ThresholdRule Classname="Microsoft.VisualStudio.TestTools.WebStress.Rules.ThresholdRuleCompareConstant, Microsoft.VisualStudio.QualityTools.LoadTest">
                      <RuleParameters>
                        <RuleParameter Name="AlertIfOver" Value="True" />
                        <RuleParameter Name="WarningThreshold" Value="75" />
                        <RuleParameter Name="CriticalThreshold" Value="90" />
                      </RuleParameters>
                    </ThresholdRule>
                  </ThresholdRules>
                </Counter>
                <Counter Name="% Privileged Time" Range="100" />
                <Counter Name="% User Time" Range="100" />
              </Counters>
              <Instances>
                <Instance Name="0" />
                <Instance Name="_Total" />
              </Instances>
            </CounterCategory>
            <CounterCategory Name="System">
              <Counters>
                <Counter Name="Context Switches/sec" />
                <Counter Name="Processes" />
                <Counter Name="Processor Queue Length" />
                <Counter Name="Threads" />
              </Counters>
            </CounterCategory>
            <CounterCategory Name="Process">
              <Counters>
                <Counter Name="% Processor Time" RangeGroup="Processor Time" />
                <Counter Name="% Privileged Time" RangeGroup="Processor Time" />
                <Counter Name="% User Time" RangeGroup="Processor Time" />
                <Counter Name="Handle Count" />
                <Counter Name="Thread Count" />
                <Counter Name="Private Bytes" RangeGroup="Memory Bytes" />
                <Counter Name="Virtual Bytes" RangeGroup="Memory Bytes" />
                <Counter Name="Working Set" RangeGroup="Memory Bytes" />
              </Counters>
              <Instances>
                <Instance Name="devenv" />
                <Instance Name="QTAgentService" />
                <Instance Name="QTAgent" />
                <Instance Name="QTAgent32" />
                <Instance Name="QTDCAgent" />
                <Instance Name="QTDCAgent32" />
                <Instance Name="QTAgent_35" />
                <Instance Name="QTAgent_40" />
                <Instance Name="QTAgent32_35" />
                <Instance Name="QTAgent32_40" />
              </Instances>
            </CounterCategory>
          </CounterCategories>
          <DefaultCountersForAutomaticGraphs>
            <DefaultCounter CategoryName="Processor" CounterName="% Processor Time" InstanceName="0" GraphName="" RunType="Local" />
            <DefaultCounter CategoryName="Processor" CounterName="% Processor Time" InstanceName="_Total" GraphName="" RunType="Remote" />
            <DefaultCounter CategoryName="Memory" CounterName="Available MBytes" InstanceName="" GraphName="" />
          </DefaultCountersForAutomaticGraphs>
        </CounterSet>
        <CounterSet Name="Application" CounterSetType="Application" LocId="CounterSet_Application">
          <CounterCategories>
            <CounterCategory Name="Memory">
              <Counters>
                <Counter Name="% Committed Bytes In Use" Range="100" />
                <Counter Name="Available MBytes" RangeGroup="Memory Bytes" HigherIsBetter="true">
                  <ThresholdRules>
                    <ThresholdRule Classname="Microsoft.VisualStudio.TestTools.WebStress.Rules.ThresholdRuleCompareConstant, Microsoft.VisualStudio.QualityTools.LoadTest">
                      <RuleParameters>
                        <RuleParameter Name="AlertIfOver" Value="False" />
                        <RuleParameter Name="WarningThreshold" Value="100" />
                        <RuleParameter Name="CriticalThreshold" Value="50" />
                      </RuleParameters>
                    </ThresholdRule>
                  </ThresholdRules>
                </Counter>
                <Counter Name="Page Faults/sec" />
                <Counter Name="Pages/sec" />
                <Counter Name="Pool Paged Bytes" RangeGroup="Memory Bytes" />
                <Counter Name="Pool Nonpaged bytes" RangeGroup="Memory Bytes" />
              </Counters>
            </CounterCategory>
            <CounterCategory Name="Network Interface">
              <Counters>
                <Counter Name="Bytes Received/sec" RangeGroup="Network Bytes" />
                <Counter Name="Bytes Sent/sec" RangeGroup="Network Bytes" />
                <Counter Name="Output Queue Length">
                  <ThresholdRules>
                    <ThresholdRule Classname="Microsoft.VisualStudio.TestTools.WebStress.Rules.ThresholdRuleCompareConstant, Microsoft.VisualStudio.QualityTools.LoadTest">
                      <RuleParameters>
                        <RuleParameter Name="AlertIfOver" Value="True" />
                        <RuleParameter Name="WarningThreshold" Value="1.5" />
                        <RuleParameter Name="CriticalThreshold" Value="2" />
                      </RuleParameters>
                    </ThresholdRule>
                  </ThresholdRules>
                </Counter>
                <Counter Name="Packets Received/sec" RangeGroup="Network Packets" />
                <Counter Name="Packets Sent/sec" RangeGroup="Network Packets" />
                <Counter Name="Current Bandwidth" RangeGroup="Network Bytes" />
                <Counter Name="Bytes Total/sec" RangeGroup="Network Bytes">
                  <ThresholdRules>
                    <ThresholdRule Classname="Microsoft.VisualStudio.TestTools.WebStress.Rules.ThresholdRuleCompareCounters, Microsoft.VisualStudio.QualityTools.LoadTest, Version=11.0.0.0, Culture=neutral, PublicKeyToken=b03f5f7f11d50a3a">
                      <RuleParameters>
                        <RuleParameter Name="DependentCategory" Value="Network Interface" />
                        <RuleParameter Name="DependentCounter" Value="Current Bandwidth" />
                        <RuleParameter Name="DependentInstance" Value="" />
                        <RuleParameter Name="AlertIfOver" Value="True" />
                        <RuleParameter Name="WarningThreshold" Value="0.6" />
                        <RuleParameter Name="CriticalThreshold" Value="0.7" />
                      </RuleParameters>
                    </ThresholdRule>
                  </ThresholdRules>
                </Counter>
              </Counters>
              <Instances>
                <Instance Name="*" />
              </Instances>
            </CounterCategory>
            <CounterCategory Name="PhysicalDisk">
              <Counters>
                <Counter Name="% Disk Read Time" Range="100" />
                <Counter Name="% Disk Time" Range="100" />
                <Counter Name="% Disk Write Time" Range="100" />
                <Counter Name="% Idle Time" Range="100" HigherIsBetter="true">
                  <ThresholdRules>
                    <ThresholdRule Classname="Microsoft.VisualStudio.TestTools.WebStress.Rules.ThresholdRuleCompareConstant, Microsoft.VisualStudio.QualityTools.LoadTest">
                      <RuleParameters>
                        <RuleParameter Name="AlertIfOver" Value="False" />
                        <RuleParameter Name="WarningThreshold" Value="40" />
                        <RuleParameter Name="CriticalThreshold" Value="20" />
                      </RuleParameters>
                    </ThresholdRule>
                  </ThresholdRules>
                </Counter>
                <Counter Name="Avg. Disk Bytes/Read" RangeGroup="DiskBytesRate" />
                <Counter Name="Avg. Disk Bytes/Transfer" RangeGroup="DiskBytesRate" />
                <Counter Name="Avg. Disk Bytes/Write" RangeGroup="DiskBytesRate" />
                <Counter Name="Avg. Disk Queue Length" RangeGroup="Disk Queue Length" />
                <Counter Name="Avg. Disk Read Queue Length" RangeGroup="Disk Queue Length" />
                <Counter Name="Avg. Disk Write Queue Length" RangeGroup="Disk Queue Length" />
                <Counter Name="Current Disk Queue Length" RangeGroup="Disk Queue Length" />
                <Counter Name="Avg. Disk sec/Read" RangeGroup="Disk sec" />
                <Counter Name="Avg. Disk sec/Transfer" RangeGroup="Disk sec" />
                <Counter Name="Avg. Disk sec/Write" RangeGroup="Disk sec" />
                <Counter Name="Disk Bytes/sec" RangeGroup="Disk Bytes sec" />
                <Counter Name="Disk Read Bytes/sec" RangeGroup="Disk Bytes sec" />
                <Counter Name="Disk Reads/sec" RangeGroup="Disk Transfers sec" />
                <Counter Name="Disk Transfers/sec" RangeGroup="Disk Transfers sec" />
                <Counter Name="Disk Write Bytes/sec" RangeGroup="Disk Bytes sec" />
                <Counter Name="Disk Writes/sec" RangeGroup="Disk Transfers sec" />
                <Counter Name="Split IO/Sec" RangeGroup="Disk Transfers sec" />
              </Counters>
              <Instances>
                <Instance Name="*" />
              </Instances>
            </CounterCategory>
            <CounterCategory Name="Processor">
              <Counters>
                <Counter Name="% Processor Time" Range="100">
                  <ThresholdRules>
                    <ThresholdRule Classname="Microsoft.VisualStudio.TestTools.WebStress.Rules.ThresholdRuleCompareConstant, Microsoft.VisualStudio.QualityTools.LoadTest">
                      <RuleParameters>
                        <RuleParameter Name="AlertIfOver" Value="True" />
                        <RuleParameter Name="WarningThreshold" Value="75" />
                        <RuleParameter Name="CriticalThreshold" Value="90" />
                      </RuleParameters>
                    </ThresholdRule>
                  </ThresholdRules>
                </Counter>
                <Counter Name="% Privileged Time" Range="100" />
                <Counter Name="% User Time" Range="100" />
              </Counters>
              <Instances>
                <Instance Name="_Total" />
              </Instances>
            </CounterCategory>
            <CounterCategory Name="System">
              <Counters>
                <Counter Name="Context Switches/sec" />
                <Counter Name="Processes" />
                <Counter Name="Processor Queue Length" />
                <Counter Name="Threads" />
              </Counters>
            </CounterCategory>
            <CounterCategory Name="Process">
              <Counters>
                <Counter Name="% Processor Time" RangeGroup="Processor Time" />
                <Counter Name="% Privileged Time" RangeGroup="Processor Time" />
                <Counter Name="% User Time" RangeGroup="Processor Time" />
                <Counter Name="Handle Count" />
                <Counter Name="Thread Count" />
                <Counter Name="Private Bytes" RangeGroup="Memory Bytes" />
                <Counter Name="Virtual Bytes" RangeGroup="Memory Bytes" />
                <Counter Name="Working Set" RangeGroup="Memory Bytes" />
              </Counters>
              <Instances>
                <Instance Name="*" />
              </Instances>
            </CounterCategory>
          </CounterCategories>
          <DefaultCountersForAutomaticGraphs>
            <DefaultCounter CategoryName="Processor" CounterName="% Processor Time" InstanceName="_Total" GraphName="" />
            <DefaultCounter CategoryName="Memory" CounterName="Available MBytes" InstanceName="" GraphName="" />
          </DefaultCountersForAutomaticGraphs>
        </CounterSet>
        <CounterSet Name="ASP.NET" CounterSetType="ASP.NET" LocId="CounterSet_AspDotNet">
          <CounterCategories>
            <CounterCategory Name="Memory">
              <Counters>
                <Counter Name="% Committed Bytes In Use" Range="100" />
                <Counter Name="Available MBytes" RangeGroup="Memory Bytes" HigherIsBetter="true">
                  <ThresholdRules>
                    <ThresholdRule Classname="Microsoft.VisualStudio.TestTools.WebStress.Rules.ThresholdRuleCompareConstant, Microsoft.VisualStudio.QualityTools.LoadTest">
                      <RuleParameters>
                        <RuleParameter Name="AlertIfOver" Value="False" />
                        <RuleParameter Name="WarningThreshold" Value="100" />
                        <RuleParameter Name="CriticalThreshold" Value="50" />
                      </RuleParameters>
                    </ThresholdRule>
                  </ThresholdRules>
                </Counter>
                <Counter Name="Page Faults/sec" />
                <Counter Name="Pages/sec" />
                <Counter Name="Pool Paged Bytes" RangeGroup="Memory Bytes" />
                <Counter Name="Pool Nonpaged bytes" RangeGroup="Memory Bytes" />
              </Counters>
            </CounterCategory>
            <CounterCategory Name="Network Interface">
              <Counters>
                <Counter Name="Bytes Received/sec" RangeGroup="Network Bytes" />
                <Counter Name="Bytes Sent/sec" RangeGroup="Network Bytes" />
                <Counter Name="Output Queue Length">
                  <ThresholdRules>
                    <ThresholdRule Classname="Microsoft.VisualStudio.TestTools.WebStress.Rules.ThresholdRuleCompareConstant, Microsoft.VisualStudio.QualityTools.LoadTest">
                      <RuleParameters>
                        <RuleParameter Name="AlertIfOver" Value="True" />
                        <RuleParameter Name="WarningThreshold" Value="1.5" />
                        <RuleParameter Name="CriticalThreshold" Value="2" />
                      </RuleParameters>
                    </ThresholdRule>
                  </ThresholdRules>
                </Counter>
                <Counter Name="Packets Received/sec" RangeGroup="Network Packets" />
                <Counter Name="Packets Sent/sec" RangeGroup="Network Packets" />
                <Counter Name="Current Bandwidth" RangeGroup="Network Bytes" />
                <Counter Name="Bytes Total/sec" RangeGroup="Network Bytes">
                  <ThresholdRules>
                    <ThresholdRule Classname="Microsoft.VisualStudio.TestTools.WebStress.Rules.ThresholdRuleCompareCounters, Microsoft.VisualStudio.QualityTools.LoadTest, Version=11.0.0.0, Culture=neutral, PublicKeyToken=b03f5f7f11d50a3a">
                      <RuleParameters>
                        <RuleParameter Name="DependentCategory" Value="Network Interface" />
                        <RuleParameter Name="DependentCounter" Value="Current Bandwidth" />
                        <RuleParameter Name="DependentInstance" Value="" />
                        <RuleParameter Name="AlertIfOver" Value="True" />
                        <RuleParameter Name="WarningThreshold" Value="0.6" />
                        <RuleParameter Name="CriticalThreshold" Value="0.7" />
                      </RuleParameters>
                    </ThresholdRule>
                  </ThresholdRules>
                </Counter>
              </Counters>
              <Instances>
                <Instance Name="*" />
              </Instances>
            </CounterCategory>
            <CounterCategory Name="PhysicalDisk">
              <Counters>
                <Counter Name="% Disk Read Time" Range="100" />
                <Counter Name="% Disk Time" Range="100" />
                <Counter Name="% Disk Write Time" Range="100" />
                <Counter Name="% Idle Time" Range="100" HigherIsBetter="true">
                  <ThresholdRules>
                    <ThresholdRule Classname="Microsoft.VisualStudio.TestTools.WebStress.Rules.ThresholdRuleCompareConstant, Microsoft.VisualStudio.QualityTools.LoadTest">
                      <RuleParameters>
                        <RuleParameter Name="AlertIfOver" Value="False" />
                        <RuleParameter Name="WarningThreshold" Value="40" />
                        <RuleParameter Name="CriticalThreshold" Value="20" />
                      </RuleParameters>
                    </ThresholdRule>
                  </ThresholdRules>
                </Counter>
                <Counter Name="Avg. Disk Bytes/Read" RangeGroup="DiskBytesRate" />
                <Counter Name="Avg. Disk Bytes/Transfer" RangeGroup="DiskBytesRate" />
                <Counter Name="Avg. Disk Bytes/Write" RangeGroup="DiskBytesRate" />
                <Counter Name="Avg. Disk Queue Length" RangeGroup="Disk Queue Length" />
                <Counter Name="Avg. Disk Read Queue Length" RangeGroup="Disk Queue Length" />
                <Counter Name="Avg. Disk Write Queue Length" RangeGroup="Disk Queue Length" />
                <Counter Name="Current Disk Queue Length" RangeGroup="Disk Queue Length" />
                <Counter Name="Avg. Disk sec/Read" RangeGroup="Disk sec" />
                <Counter Name="Avg. Disk sec/Transfer" RangeGroup="Disk sec" />
                <Counter Name="Avg. Disk sec/Write" RangeGroup="Disk sec" />
                <Counter Name="Disk Bytes/sec" RangeGroup="Disk Bytes sec" />
                <Counter Name="Disk Read Bytes/sec" RangeGroup="Disk Bytes sec" />
                <Counter Name="Disk Reads/sec" RangeGroup="Disk Transfers sec" />
                <Counter Name="Disk Transfers/sec" RangeGroup="Disk Transfers sec" />
                <Counter Name="Disk Write Bytes/sec" RangeGroup="Disk Bytes sec" />
                <Counter Name="Disk Writes/sec" RangeGroup="Disk Transfers sec" />
                <Counter Name="Split IO/Sec" RangeGroup="Disk Transfers sec" />
              </Counters>
              <Instances>
                <Instance Name="*" />
              </Instances>
            </CounterCategory>
            <CounterCategory Name="Processor">
              <Counters>
                <Counter Name="% Processor Time" Range="100">
                  <ThresholdRules>
                    <ThresholdRule Classname="Microsoft.VisualStudio.TestTools.WebStress.Rules.ThresholdRuleCompareConstant, Microsoft.VisualStudio.QualityTools.LoadTest">
                      <RuleParameters>
                        <RuleParameter Name="AlertIfOver" Value="True" />
                        <RuleParameter Name="WarningThreshold" Value="75" />
                        <RuleParameter Name="CriticalThreshold" Value="90" />
                      </RuleParameters>
                    </ThresholdRule>
                  </ThresholdRules>
                </Counter>
                <Counter Name="% Privileged Time" Range="100" />
                <Counter Name="% User Time" Range="100" />
              </Counters>
              <Instances>
                <Instance Name="_Total" />
              </Instances>
            </CounterCategory>
            <CounterCategory Name="System">
              <Counters>
                <Counter Name="Context Switches/sec" />
                <Counter Name="Processes" />
                <Counter Name="Processor Queue Length" />
                <Counter Name="Threads" />
              </Counters>
            </CounterCategory>
            <CounterCategory Name="Process">
              <Counters>
                <Counter Name="% Processor Time" RangeGroup="Processor Time" />
                <Counter Name="% Privileged Time" RangeGroup="Processor Time" />
                <Counter Name="% User Time" RangeGroup="Processor Time" />
                <Counter Name="Handle Count" />
                <Counter Name="Thread Count" />
                <Counter Name="Private Bytes" RangeGroup="Memory Bytes" />
                <Counter Name="Virtual Bytes" RangeGroup="Memory Bytes" />
                <Counter Name="Working Set" RangeGroup="Memory Bytes" />
              </Counters>
              <Instances>
                <Instance Name="w3wp" />
              </Instances>
            </CounterCategory>
            <CounterCategory Name=".NET CLR Interop">
              <Counters>
                <Counter Name="# of CCWs" />
                <Counter Name="# of marshalling" />
                <Counter Name="# of Stubs" />
              </Counters>
              <Instances>
                <Instance Name="_Global_" />
              </Instances>
            </CounterCategory>
            <CounterCategory Name=".NET CLR JIT">
              <Counters>
                <Counter Name="# of Methods Jitted" />
                <Counter Name="% Time in Jit" Range="100">
                  <ThresholdRules>
                    <ThresholdRule Classname="Microsoft.VisualStudio.TestTools.WebStress.Rules.ThresholdRuleCompareConstant, Microsoft.VisualStudio.QualityTools.LoadTest">
                      <RuleParameters>
                        <RuleParameter Name="AlertIfOver" Value="True" />
                        <RuleParameter Name="WarningThreshold" Value="25" />
                        <RuleParameter Name="CriticalThreshold" Value="50" />
                      </RuleParameters>
                    </ThresholdRule>
                  </ThresholdRules>
                </Counter>
              </Counters>
              <Instances>
                <Instance Name="_Global_" />
              </Instances>
            </CounterCategory>
            <CounterCategory Name=".NET CLR Loading">
              <Counters>
                <Counter Name="Bytes in Loader Heap" />
                <Counter Name="Current appdomains" />
                <Counter Name="Current Assemblies" />
                <Counter Name="Current Classes Loaded" />
                <Counter Name="Rate of appdomains" />
                <Counter Name="Rate of appdomains unloaded" />
                <Counter Name="Total # of Load Failures" />
                <Counter Name="Rate of Assemblies" />
                <Counter Name="Rate of Classes Loaded" />
              </Counters>
              <Instances>
                <Instance Name="_Global_" />
              </Instances>
            </CounterCategory>
            <CounterCategory Name=".NET CLR LocksAndThreads">
              <Counters>
                <Counter Name="# of current logical Threads" />
                <Counter Name="# of current physical Threads" />
                <Counter Name="Contention Rate / sec">
                  <ThresholdRules>
                    <ThresholdRule Classname="Microsoft.VisualStudio.TestTools.WebStress.Rules.ThresholdRuleCompareConstant, Microsoft.VisualStudio.QualityTools.LoadTest">
                      <RuleParameters>
                        <RuleParameter Name="AlertIfOver" Value="True" />
                        <RuleParameter Name="WarningThreshold" Value="80" />
                        <RuleParameter Name="CriticalThreshold" Value="120" />
                      </RuleParameters>
                    </ThresholdRule>
                  </ThresholdRules>
                </Counter>
                <Counter Name="Current Queue Length" />
              </Counters>
              <Instances>
                <Instance Name="_Global_" />
              </Instances>
            </CounterCategory>
            <CounterCategory Name=".NET CLR Memory">
              <Counters>
                <Counter Name="# Bytes in all Heaps" />
                <Counter Name="# GC Handles" />
                <Counter Name="# Gen 0 Collections" />
                <Counter Name="# Gen 1 Collections" />
                <Counter Name="# Gen 2 Collections" />
                <Counter Name="# Induced GC" />
                <Counter Name="# of Pinned Objects" />
                <Counter Name="# of Sink Blocks in use" />
                <Counter Name="# Total committed Bytes" />
                <Counter Name="# Total reserved Bytes" />
                <Counter Name="% Time in GC" Range="100">
                  <ThresholdRules>
                    <ThresholdRule Classname="Microsoft.VisualStudio.TestTools.WebStress.Rules.ThresholdRuleCompareConstant, Microsoft.VisualStudio.QualityTools.LoadTest">
                      <RuleParameters>
                        <RuleParameter Name="AlertIfOver" Value="True" />
                        <RuleParameter Name="WarningThreshold" Value="10" />
                        <RuleParameter Name="CriticalThreshold" Value="25" />
                      </RuleParameters>
                    </ThresholdRule>
                  </ThresholdRules>
                </Counter>
                <Counter Name="Gen 0 heap size" />
                <Counter Name="Gen 1 heap size" />
                <Counter Name="Gen 2 heap size" />
                <Counter Name="Large Object Heap size" />
              </Counters>
              <Instances>
                <Instance Name="_Global_" />
              </Instances>
            </CounterCategory>
            <CounterCategory Name=".NET CLR Remoting">
              <Counters>
                <Counter Name="Remote Calls/sec" HigherIsBetter="true" />
                <Counter Name="Total Remote Calls" HigherIsBetter="true" />
              </Counters>
              <Instances>
                <Instance Name="_Global_" />
              </Instances>
            </CounterCategory>
            <CounterCategory Name=".NET CLR Security">
              <Counters>
                <Counter Name="% Time in RT checks" Range="100">
                  <ThresholdRules>
                    <ThresholdRule Classname="Microsoft.VisualStudio.TestTools.WebStress.Rules.ThresholdRuleCompareConstant, Microsoft.VisualStudio.QualityTools.LoadTest">
                      <RuleParameters>
                        <RuleParameter Name="AlertIfOver" Value="True" />
                        <RuleParameter Name="WarningThreshold" Value="5" />
                        <RuleParameter Name="CriticalThreshold" Value="10" />
                      </RuleParameters>
                    </ThresholdRule>
                  </ThresholdRules>
                </Counter>
                <Counter Name="Stack Walk Depth" />
                <Counter Name="Total Runtime Checks" />
              </Counters>
              <Instances>
                <Instance Name="_Global_" />
              </Instances>
            </CounterCategory>
            <CounterCategory Name="ASP.NET">
              <Counters>
                <Counter Name="Application Restarts" />
                <Counter Name="Applications Running" />
                <Counter Name="Request Execution Time" />
                <Counter Name="Request Wait Time">
                  <ThresholdRules>
                    <ThresholdRule Classname="Microsoft.VisualStudio.TestTools.WebStress.Rules.ThresholdRuleCompareConstant, Microsoft.VisualStudio.QualityTools.LoadTest">
                      <RuleParameters>
                        <RuleParameter Name="AlertIfOver" Value="True" />
                        <RuleParameter Name="WarningThreshold" Value="500" />
                        <RuleParameter Name="CriticalThreshold" Value="1000" />
                      </RuleParameters>
                    </ThresholdRule>
                  </ThresholdRules>
                </Counter>
                <Counter Name="Requests Current" />
                <Counter Name="Requests Queued">
                  <ThresholdRules>
                    <ThresholdRule Classname="Microsoft.VisualStudio.TestTools.WebStress.Rules.ThresholdRuleCompareConstant, Microsoft.VisualStudio.QualityTools.LoadTest">
                      <RuleParameters>
                        <RuleParameter Name="AlertIfOver" Value="True" />
                        <RuleParameter Name="WarningThreshold" Value="1" />
                        <RuleParameter Name="CriticalThreshold" Value="10" />
                      </RuleParameters>
                    </ThresholdRule>
                  </ThresholdRules>
                </Counter>
                <Counter Name="Requests Rejected" />
                <Counter Name="State Server Sessions Active" />
                <Counter Name="Worker Process Restarts" />
                <Counter Name="Worker Processes Running" />
              </Counters>
            </CounterCategory>
            <CounterCategory Name="ASP.NET Applications">
              <Counters>
                <Counter Name="Anonymous Requests/Sec" />
                <Counter Name="Cache API Entries" />
                <Counter Name="Cache API Hit Ratio" HigherIsBetter="true" />
                <Counter Name="Cache API Turnover Rate" />
                <Counter Name="Cache Total Entries" />
                <Counter Name="Cache Total Hit Ratio" HigherIsBetter="true" />
                <Counter Name="Cache Total Turnover Rate" />
                <Counter Name="Compilations Total" />
                <Counter Name="Debugging Requests" />
                <Counter Name="Errors Total/Sec">
                  <ThresholdRules>
                    <ThresholdRule Classname="Microsoft.VisualStudio.TestTools.WebStress.Rules.ThresholdRuleCompareCounters, Microsoft.VisualStudio.QualityTools.LoadTest">
                      <RuleParameters>
                        <RuleParameter Name="AlertIfOver" Value="True" />
                        <RuleParameter Name="WarningThreshold" Value="0.01" />
                        <RuleParameter Name="CriticalThreshold" Value="0.10" />
                        <RuleParameter Name="DependentCounter" Value="Requests/Sec" />
                      </RuleParameters>
                    </ThresholdRule>
                  </ThresholdRules>
                </Counter>
                <Counter Name="Errors Unhandled During Execution/Sec">
                  <ThresholdRules>
                    <ThresholdRule Classname="Microsoft.VisualStudio.TestTools.WebStress.Rules.ThresholdRuleCompareCounters, Microsoft.VisualStudio.QualityTools.LoadTest">
                      <RuleParameters>
                        <RuleParameter Name="AlertIfOver" Value="True" />
                        <RuleParameter Name="WarningThreshold" Value="0.01" />
                        <RuleParameter Name="CriticalThreshold" Value="0.10" />
                        <RuleParameter Name="DependentCounter" Value="Requests/Sec" />
                      </RuleParameters>
                    </ThresholdRule>
                  </ThresholdRules>
                </Counter>
                <Counter Name="Output Cache Entries" />
                <Counter Name="Output Cache Hit Ratio" HigherIsBetter="true" />
                <Counter Name="Output Cache Turnover rate" />
                <Counter Name="Pipeline Instance Count" />
                <Counter Name="Requests Executing" />
                <Counter Name="Requests In Application Queue" />
                <Counter Name="Requests Succeeded" HigherIsBetter="true" />
                <Counter Name="Requests/Sec" HigherIsBetter="true" />
                <Counter Name="Sessions Active" />
                <Counter Name="Transactions/Sec" HigherIsBetter="true" />
              </Counters>
              <Instances>
                <Instance Name="__Total__" />
              </Instances>
            </CounterCategory>
            <CounterCategory Name="Web Service">
              <Counters>
                <Counter Name="Bytes Received/sec" HigherIsBetter="true" />
                <Counter Name="Bytes Sent/sec" HigherIsBetter="true" />
                <Counter Name="Connection Attempts/sec" HigherIsBetter="true" />
                <Counter Name="Current Connections" HigherIsBetter="true" />
                <Counter Name="Get Requests/sec" HigherIsBetter="true" />
                <Counter Name="ISAPI Extension Requests/sec" HigherIsBetter="true" />
                <Counter Name="Post Requests/sec" HigherIsBetter="true" />
                <Counter Name="Total Method Requests/sec" HigherIsBetter="true" />
              </Counters>
              <Instances>
                <Instance Name="_Total" />
              </Instances>
            </CounterCategory>
            <CounterCategory Name=".NET CLR Data">
              <Counters>
                <Counter Name="SqlClient: Current # connection pools" />
                <Counter Name="SqlClient: Current # pooled and nonpooled connections" />
                <Counter Name="SqlClient: Current # pooled connections" />
                <Counter Name="SqlClient: Peak # pooled connections" />
                <Counter Name="SqlClient: Total # failed commands" />
                <Counter Name="SqlClient: Total # failed connects" />
              </Counters>
              <Instances>
                <Instance Name="*" />
              </Instances>
            </CounterCategory>
          </CounterCategories>
          <DefaultCountersForAutomaticGraphs>
            <DefaultCounter CategoryName="Processor" CounterName="% Processor Time" InstanceName="_Total" GraphName="" />
            <DefaultCounter CategoryName="Memory" CounterName="Available MBytes" InstanceName="" GraphName="" />
          </DefaultCountersForAutomaticGraphs>
        </CounterSet>
        <CounterSet Name=".NET Application" CounterSetType=".NET Application" LocId="CounterSet_DotNetApplication">
          <CounterCategories>
            <CounterCategory Name="Memory">
              <Counters>
                <Counter Name="% Committed Bytes In Use" Range="100" />
                <Counter Name="Available MBytes" RangeGroup="Memory Bytes" HigherIsBetter="true">
                  <ThresholdRules>
                    <ThresholdRule Classname="Microsoft.VisualStudio.TestTools.WebStress.Rules.ThresholdRuleCompareConstant, Microsoft.VisualStudio.QualityTools.LoadTest">
                      <RuleParameters>
                        <RuleParameter Name="AlertIfOver" Value="False" />
                        <RuleParameter Name="WarningThreshold" Value="100" />
                        <RuleParameter Name="CriticalThreshold" Value="50" />
                      </RuleParameters>
                    </ThresholdRule>
                  </ThresholdRules>
                </Counter>
                <Counter Name="Page Faults/sec" />
                <Counter Name="Pages/sec" />
                <Counter Name="Pool Paged Bytes" RangeGroup="Memory Bytes" />
                <Counter Name="Pool Nonpaged bytes" RangeGroup="Memory Bytes" />
              </Counters>
            </CounterCategory>
            <CounterCategory Name="Network Interface">
              <Counters>
                <Counter Name="Bytes Received/sec" RangeGroup="Network Bytes" />
                <Counter Name="Bytes Sent/sec" RangeGroup="Network Bytes" />
                <Counter Name="Output Queue Length">
                  <ThresholdRules>
                    <ThresholdRule Classname="Microsoft.VisualStudio.TestTools.WebStress.Rules.ThresholdRuleCompareConstant, Microsoft.VisualStudio.QualityTools.LoadTest">
                      <RuleParameters>
                        <RuleParameter Name="AlertIfOver" Value="True" />
                        <RuleParameter Name="WarningThreshold" Value="1.5" />
                        <RuleParameter Name="CriticalThreshold" Value="2" />
                      </RuleParameters>
                    </ThresholdRule>
                  </ThresholdRules>
                </Counter>
                <Counter Name="Packets Received/sec" RangeGroup="Network Packets" />
                <Counter Name="Packets Sent/sec" RangeGroup="Network Packets" />
                <Counter Name="Current Bandwidth" RangeGroup="Network Bytes" />
                <Counter Name="Bytes Total/sec" RangeGroup="Network Bytes">
                  <ThresholdRules>
                    <ThresholdRule Classname="Microsoft.VisualStudio.TestTools.WebStress.Rules.ThresholdRuleCompareCounters, Microsoft.VisualStudio.QualityTools.LoadTest, Version=11.0.0.0, Culture=neutral, PublicKeyToken=b03f5f7f11d50a3a">
                      <RuleParameters>
                        <RuleParameter Name="DependentCategory" Value="Network Interface" />
                        <RuleParameter Name="DependentCounter" Value="Current Bandwidth" />
                        <RuleParameter Name="DependentInstance" Value="" />
                        <RuleParameter Name="AlertIfOver" Value="True" />
                        <RuleParameter Name="WarningThreshold" Value="0.6" />
                        <RuleParameter Name="CriticalThreshold" Value="0.7" />
                      </RuleParameters>
                    </ThresholdRule>
                  </ThresholdRules>
                </Counter>
              </Counters>
              <Instances>
                <Instance Name="*" />
              </Instances>
            </CounterCategory>
            <CounterCategory Name="PhysicalDisk">
              <Counters>
                <Counter Name="% Disk Read Time" Range="100" />
                <Counter Name="% Disk Time" Range="100" />
                <Counter Name="% Disk Write Time" Range="100" />
                <Counter Name="% Idle Time" Range="100" HigherIsBetter="true">
                  <ThresholdRules>
                    <ThresholdRule Classname="Microsoft.VisualStudio.TestTools.WebStress.Rules.ThresholdRuleCompareConstant, Microsoft.VisualStudio.QualityTools.LoadTest">
                      <RuleParameters>
                        <RuleParameter Name="AlertIfOver" Value="False" />
                        <RuleParameter Name="WarningThreshold" Value="40" />
                        <RuleParameter Name="CriticalThreshold" Value="20" />
                      </RuleParameters>
                    </ThresholdRule>
                  </ThresholdRules>
                </Counter>
                <Counter Name="Avg. Disk Bytes/Read" RangeGroup="DiskBytesRate" />
                <Counter Name="Avg. Disk Bytes/Transfer" RangeGroup="DiskBytesRate" />
                <Counter Name="Avg. Disk Bytes/Write" RangeGroup="DiskBytesRate" />
                <Counter Name="Avg. Disk Queue Length" RangeGroup="Disk Queue Length" />
                <Counter Name="Avg. Disk Read Queue Length" RangeGroup="Disk Queue Length" />
                <Counter Name="Avg. Disk Write Queue Length" RangeGroup="Disk Queue Length" />
                <Counter Name="Current Disk Queue Length" RangeGroup="Disk Queue Length" />
                <Counter Name="Avg. Disk sec/Read" RangeGroup="Disk sec" />
                <Counter Name="Avg. Disk sec/Transfer" RangeGroup="Disk sec" />
                <Counter Name="Avg. Disk sec/Write" RangeGroup="Disk sec" />
                <Counter Name="Disk Bytes/sec" RangeGroup="Disk Bytes sec" />
                <Counter Name="Disk Read Bytes/sec" RangeGroup="Disk Bytes sec" />
                <Counter Name="Disk Reads/sec" RangeGroup="Disk Transfers sec" />
                <Counter Name="Disk Transfers/sec" RangeGroup="Disk Transfers sec" />
                <Counter Name="Disk Write Bytes/sec" RangeGroup="Disk Bytes sec" />
                <Counter Name="Disk Writes/sec" RangeGroup="Disk Transfers sec" />
                <Counter Name="Split IO/Sec" RangeGroup="Disk Transfers sec" />
              </Counters>
              <Instances>
                <Instance Name="*" />
              </Instances>
            </CounterCategory>
            <CounterCategory Name="Processor">
              <Counters>
                <Counter Name="% Processor Time" Range="100">
                  <ThresholdRules>
                    <ThresholdRule Classname="Microsoft.VisualStudio.TestTools.WebStress.Rules.ThresholdRuleCompareConstant, Microsoft.VisualStudio.QualityTools.LoadTest">
                      <RuleParameters>
                        <RuleParameter Name="AlertIfOver" Value="True" />
                        <RuleParameter Name="WarningThreshold" Value="75" />
                        <RuleParameter Name="CriticalThreshold" Value="90" />
                      </RuleParameters>
                    </ThresholdRule>
                  </ThresholdRules>
                </Counter>
                <Counter Name="% Privileged Time" Range="100" />
                <Counter Name="% User Time" Range="100" />
              </Counters>
              <Instances>
                <Instance Name="_Total" />
              </Instances>
            </CounterCategory>
            <CounterCategory Name="System">
              <Counters>
                <Counter Name="Context Switches/sec" />
                <Counter Name="Processes" />
                <Counter Name="Processor Queue Length" />
                <Counter Name="Threads" />
              </Counters>
            </CounterCategory>
            <CounterCategory Name="Process">
              <Counters>
                <Counter Name="% Processor Time" RangeGroup="Processor Time" />
                <Counter Name="% Privileged Time" RangeGroup="Processor Time" />
                <Counter Name="% User Time" RangeGroup="Processor Time" />
                <Counter Name="Handle Count" />
                <Counter Name="Thread Count" />
                <Counter Name="Private Bytes" RangeGroup="Memory Bytes" />
                <Counter Name="Virtual Bytes" RangeGroup="Memory Bytes" />
                <Counter Name="Working Set" RangeGroup="Memory Bytes" />
              </Counters>
              <Instances>
                <Instance Name="*" />
              </Instances>
            </CounterCategory>
            <CounterCategory Name=".NET CLR Interop">
              <Counters>
                <Counter Name="# of CCWs" />
                <Counter Name="# of marshalling" />
                <Counter Name="# of Stubs" />
              </Counters>
              <Instances>
                <Instance Name="_Global_" />
              </Instances>
            </CounterCategory>
            <CounterCategory Name=".NET CLR JIT">
              <Counters>
                <Counter Name="# of Methods Jitted" />
                <Counter Name="% Time in Jit" Range="100">
                  <ThresholdRules>
                    <ThresholdRule Classname="Microsoft.VisualStudio.TestTools.WebStress.Rules.ThresholdRuleCompareConstant, Microsoft.VisualStudio.QualityTools.LoadTest">
                      <RuleParameters>
                        <RuleParameter Name="AlertIfOver" Value="True" />
                        <RuleParameter Name="WarningThreshold" Value="25" />
                        <RuleParameter Name="CriticalThreshold" Value="50" />
                      </RuleParameters>
                    </ThresholdRule>
                  </ThresholdRules>
                </Counter>
                <Counter Name="Standard Jit Failures" />
              </Counters>
              <Instances>
                <Instance Name="_Global_" />
              </Instances>
            </CounterCategory>
            <CounterCategory Name=".NET CLR Loading">
              <Counters>
                <Counter Name="Bytes in Loader Heap" />
                <Counter Name="Current appdomains" />
                <Counter Name="Current Assemblies" />
                <Counter Name="Current Classes Loaded" />
                <Counter Name="Rate of appdomains" />
                <Counter Name="Rate of appdomains unloaded" />
                <Counter Name="Total # of Load Failures" />
                <Counter Name="Rate of Assemblies" />
                <Counter Name="Rate of Classes Loaded" />
                <Counter Name="Rate of Load Failures" />
              </Counters>
              <Instances>
                <Instance Name="_Global_" />
              </Instances>
            </CounterCategory>
            <CounterCategory Name=".NET CLR LocksAndThreads">
              <Counters>
                <Counter Name="# of current logical Threads" RangeGroup="CLR Threads" />
                <Counter Name="# of current physical Threads" RangeGroup="CLR Threads" />
                <Counter Name="Contention Rate / sec">
                  <ThresholdRules>
                    <ThresholdRule Classname="Microsoft.VisualStudio.TestTools.WebStress.Rules.ThresholdRuleCompareConstant, Microsoft.VisualStudio.QualityTools.LoadTest">
                      <RuleParameters>
                        <RuleParameter Name="AlertIfOver" Value="True" />
                        <RuleParameter Name="WarningThreshold" Value="80" />
                        <RuleParameter Name="CriticalThreshold" Value="120" />
                      </RuleParameters>
                    </ThresholdRule>
                  </ThresholdRules>
                </Counter>
                <Counter Name="Current Queue Length">
                  <ThresholdRules>
                    <ThresholdRule Classname="Microsoft.VisualStudio.TestTools.WebStress.Rules.ThresholdRuleCompareConstant, Microsoft.VisualStudio.QualityTools.LoadTest">
                      <RuleParameters>
                        <RuleParameter Name="AlertIfOver" Value="True" />
                        <RuleParameter Name="WarningThreshold" Value="5" />
                        <RuleParameter Name="CriticalThreshold" Value="10" />
                      </RuleParameters>
                    </ThresholdRule>
                  </ThresholdRules>
                </Counter>
              </Counters>
              <Instances>
                <Instance Name="_Global_" />
              </Instances>
            </CounterCategory>
            <CounterCategory Name=".NET CLR Memory">
              <Counters>
                <Counter Name="# Bytes in all Heaps" RangeGroup="CLR Memory Bytes" />
                <Counter Name="# GC Handles" />
                <Counter Name="# Gen 0 Collections" RangeGroup="CLR Memory Collections" />
                <Counter Name="# Gen 1 Collections" RangeGroup="CLR Memory Collections" />
                <Counter Name="# Gen 2 Collections" RangeGroup="CLR Memory Collections" />
                <Counter Name="# Induced GC" RangeGroup="CLR Memory Collections" />
                <Counter Name="# of Pinned Objects" />
                <Counter Name="# of Sink Blocks in use" />
                <Counter Name="# Total committed Bytes" RangeGroup="CLR Memory Bytes" />
                <Counter Name="# Total reserved Bytes" RangeGroup="CLR Memory Bytes" />
                <Counter Name="% Time in GC" Range="100">
                  <ThresholdRules>
                    <ThresholdRule Classname="Microsoft.VisualStudio.TestTools.WebStress.Rules.ThresholdRuleCompareConstant, Microsoft.VisualStudio.QualityTools.LoadTest">
                      <RuleParameters>
                        <RuleParameter Name="AlertIfOver" Value="True" />
                        <RuleParameter Name="WarningThreshold" Value="10" />
                        <RuleParameter Name="CriticalThreshold" Value="25" />
                      </RuleParameters>
                    </ThresholdRule>
                  </ThresholdRules>
                </Counter>
                <Counter Name="Gen 0 heap size" RangeGroup="CLR Heap Size" />
                <Counter Name="Gen 1 heap size" RangeGroup="CLR Heap Size" />
                <Counter Name="Gen 2 heap size" RangeGroup="CLR Heap Size" />
                <Counter Name="Large Object Heap size" RangeGroup="CLR Heap Size" />
              </Counters>
              <Instances>
                <Instance Name="_Global_" />
              </Instances>
            </CounterCategory>
            <CounterCategory Name=".NET CLR Remoting">
              <Counters>
                <Counter Name="Remote Calls/sec" />
                <Counter Name="Total Remote Calls" />
              </Counters>
              <Instances>
                <Instance Name="_Global_" />
              </Instances>
            </CounterCategory>
            <CounterCategory Name=".NET CLR Security">
              <Counters>
                <Counter Name="% Time in RT checks" Range="100">
                  <ThresholdRules>
                    <ThresholdRule Classname="Microsoft.VisualStudio.TestTools.WebStress.Rules.ThresholdRuleCompareConstant, Microsoft.VisualStudio.QualityTools.LoadTest">
                      <RuleParameters>
                        <RuleParameter Name="AlertIfOver" Value="True" />
                        <RuleParameter Name="WarningThreshold" Value="5" />
                        <RuleParameter Name="CriticalThreshold" Value="10" />
                      </RuleParameters>
                    </ThresholdRule>
                  </ThresholdRules>
                </Counter>
                <Counter Name="Stack Walk Depth" />
                <Counter Name="Total Runtime Checks" />
              </Counters>
              <Instances>
                <Instance Name="_Global_" />
              </Instances>
            </CounterCategory>
          </CounterCategories>
          <DefaultCountersForAutomaticGraphs>
            <DefaultCounter CategoryName="Processor" CounterName="% Processor Time" InstanceName="_Total" GraphName="" />
            <DefaultCounter CategoryName="Memory" CounterName="Available MBytes" InstanceName="" GraphName="" />
          </DefaultCountersForAutomaticGraphs>
        </CounterSet>
        <CounterSet Name="IIS" CounterSetType="IIS" LocId="CounterSet_IIS">
          <CounterCategories>
            <CounterCategory Name="Memory">
              <Counters>
                <Counter Name="% Committed Bytes In Use" Range="100" />
                <Counter Name="Available MBytes" RangeGroup="Memory Bytes" HigherIsBetter="true">
                  <ThresholdRules>
                    <ThresholdRule Classname="Microsoft.VisualStudio.TestTools.WebStress.Rules.ThresholdRuleCompareConstant, Microsoft.VisualStudio.QualityTools.LoadTest">
                      <RuleParameters>
                        <RuleParameter Name="AlertIfOver" Value="False" />
                        <RuleParameter Name="WarningThreshold" Value="100" />
                        <RuleParameter Name="CriticalThreshold" Value="50" />
                      </RuleParameters>
                    </ThresholdRule>
                  </ThresholdRules>
                </Counter>
                <Counter Name="Page Faults/sec" />
                <Counter Name="Pages/sec" />
                <Counter Name="Pool Paged Bytes" RangeGroup="Memory Bytes" />
                <Counter Name="Pool Nonpaged bytes" RangeGroup="Memory Bytes" />
              </Counters>
            </CounterCategory>
            <CounterCategory Name="Network Interface">
              <Counters>
                <Counter Name="Bytes Received/sec" RangeGroup="Network Bytes" />
                <Counter Name="Bytes Sent/sec" RangeGroup="Network Bytes" />
                <Counter Name="Output Queue Length">
                  <ThresholdRules>
                    <ThresholdRule Classname="Microsoft.VisualStudio.TestTools.WebStress.Rules.ThresholdRuleCompareConstant, Microsoft.VisualStudio.QualityTools.LoadTest">
                      <RuleParameters>
                        <RuleParameter Name="AlertIfOver" Value="True" />
                        <RuleParameter Name="WarningThreshold" Value="1.5" />
                        <RuleParameter Name="CriticalThreshold" Value="2" />
                      </RuleParameters>
                    </ThresholdRule>
                  </ThresholdRules>
                </Counter>
                <Counter Name="Packets Received/sec" RangeGroup="Network Packets" />
                <Counter Name="Packets Sent/sec" RangeGroup="Network Packets" />
                <Counter Name="Current Bandwidth" RangeGroup="Network Bytes" />
                <Counter Name="Bytes Total/sec" RangeGroup="Network Bytes">
                  <ThresholdRules>
                    <ThresholdRule Classname="Microsoft.VisualStudio.TestTools.WebStress.Rules.ThresholdRuleCompareCounters, Microsoft.VisualStudio.QualityTools.LoadTest, Version=11.0.0.0, Culture=neutral, PublicKeyToken=b03f5f7f11d50a3a">
                      <RuleParameters>
                        <RuleParameter Name="DependentCategory" Value="Network Interface" />
                        <RuleParameter Name="DependentCounter" Value="Current Bandwidth" />
                        <RuleParameter Name="DependentInstance" Value="" />
                        <RuleParameter Name="AlertIfOver" Value="True" />
                        <RuleParameter Name="WarningThreshold" Value="0.6" />
                        <RuleParameter Name="CriticalThreshold" Value="0.7" />
                      </RuleParameters>
                    </ThresholdRule>
                  </ThresholdRules>
                </Counter>
              </Counters>
              <Instances>
                <Instance Name="*" />
              </Instances>
            </CounterCategory>
            <CounterCategory Name="PhysicalDisk">
              <Counters>
                <Counter Name="% Disk Read Time" Range="100" />
                <Counter Name="% Disk Time" Range="100" />
                <Counter Name="% Disk Write Time" Range="100" />
                <Counter Name="% Idle Time" Range="100" HigherIsBetter="true">
                  <ThresholdRules>
                    <ThresholdRule Classname="Microsoft.VisualStudio.TestTools.WebStress.Rules.ThresholdRuleCompareConstant, Microsoft.VisualStudio.QualityTools.LoadTest">
                      <RuleParameters>
                        <RuleParameter Name="AlertIfOver" Value="False" />
                        <RuleParameter Name="WarningThreshold" Value="40" />
                        <RuleParameter Name="CriticalThreshold" Value="20" />
                      </RuleParameters>
                    </ThresholdRule>
                  </ThresholdRules>
                </Counter>
                <Counter Name="Avg. Disk Bytes/Read" RangeGroup="DiskBytesRate" />
                <Counter Name="Avg. Disk Bytes/Transfer" RangeGroup="DiskBytesRate" />
                <Counter Name="Avg. Disk Bytes/Write" RangeGroup="DiskBytesRate" />
                <Counter Name="Avg. Disk Queue Length" RangeGroup="Disk Queue Length" />
                <Counter Name="Avg. Disk Read Queue Length" RangeGroup="Disk Queue Length" />
                <Counter Name="Avg. Disk Write Queue Length" RangeGroup="Disk Queue Length" />
                <Counter Name="Current Disk Queue Length" RangeGroup="Disk Queue Length" />
                <Counter Name="Avg. Disk sec/Read" RangeGroup="Disk sec" />
                <Counter Name="Avg. Disk sec/Transfer" RangeGroup="Disk sec" />
                <Counter Name="Avg. Disk sec/Write" RangeGroup="Disk sec" />
                <Counter Name="Disk Bytes/sec" RangeGroup="Disk Bytes sec" />
                <Counter Name="Disk Read Bytes/sec" RangeGroup="Disk Bytes sec" />
                <Counter Name="Disk Reads/sec" RangeGroup="Disk Transfers sec" />
                <Counter Name="Disk Transfers/sec" RangeGroup="Disk Transfers sec" />
                <Counter Name="Disk Write Bytes/sec" RangeGroup="Disk Bytes sec" />
                <Counter Name="Disk Writes/sec" RangeGroup="Disk Transfers sec" />
                <Counter Name="Split IO/Sec" RangeGroup="Disk Transfers sec" />
              </Counters>
              <Instances>
                <Instance Name="*" />
              </Instances>
            </CounterCategory>
            <CounterCategory Name="Processor">
              <Counters>
                <Counter Name="% Processor Time" Range="100">
                  <ThresholdRules>
                    <ThresholdRule Classname="Microsoft.VisualStudio.TestTools.WebStress.Rules.ThresholdRuleCompareConstant, Microsoft.VisualStudio.QualityTools.LoadTest">
                      <RuleParameters>
                        <RuleParameter Name="AlertIfOver" Value="True" />
                        <RuleParameter Name="WarningThreshold" Value="75" />
                        <RuleParameter Name="CriticalThreshold" Value="90" />
                      </RuleParameters>
                    </ThresholdRule>
                  </ThresholdRules>
                </Counter>
                <Counter Name="% Privileged Time" Range="100" />
                <Counter Name="% User Time" Range="100" />
              </Counters>
              <Instances>
                <Instance Name="_Total" />
              </Instances>
            </CounterCategory>
            <CounterCategory Name="System">
              <Counters>
                <Counter Name="Context Switches/sec" />
                <Counter Name="Processes" />
                <Counter Name="Processor Queue Length" />
                <Counter Name="Threads" />
              </Counters>
            </CounterCategory>
            <CounterCategory Name="Process">
              <Counters>
                <Counter Name="% Processor Time" RangeGroup="Processor Time" />
                <Counter Name="% Privileged Time" RangeGroup="Processor Time" />
                <Counter Name="% User Time" RangeGroup="Processor Time" />
                <Counter Name="Handle Count" />
                <Counter Name="Thread Count" />
                <Counter Name="Private Bytes" RangeGroup="Memory Bytes" />
                <Counter Name="Virtual Bytes" RangeGroup="Memory Bytes" />
                <Counter Name="Working Set" RangeGroup="Memory Bytes" />
              </Counters>
              <Instances>
                <Instance Name="w3wp" />
              </Instances>
            </CounterCategory>
            <CounterCategory Name="Active Server Pages">
              <Counters>
                <Counter Name="Errors/Sec" />
                <Counter Name="Request Bytes In Total" RangeGroup="ASP Request Bytes" />
                <Counter Name="Request Bytes Out Total" RangeGroup="ASP Request Bytes" />
                <Counter Name="Request Execution Time" />
                <Counter Name="Request Wait Time" />
                <Counter Name="Requests Executing" />
                <Counter Name="Requests Queued">
                  <ThresholdRules>
                    <ThresholdRule Classname="Microsoft.VisualStudio.TestTools.WebStress.Rules.ThresholdRuleCompareConstant, Microsoft.VisualStudio.QualityTools.LoadTest">
                      <RuleParameters>
                        <RuleParameter Name="AlertIfOver" Value="True" />
                        <RuleParameter Name="WarningThreshold" Value="1" />
                        <RuleParameter Name="CriticalThreshold" Value="25" />
                      </RuleParameters>
                    </ThresholdRule>
                  </ThresholdRules>
                </Counter>
                <Counter Name="Requests Succeeded" RangeGroup="ASP Requests" HigherIsBetter="true" />
                <Counter Name="Requests Total" RangeGroup="ASP Requests" HigherIsBetter="true" />
                <Counter Name="Requests/Sec" HigherIsBetter="true" />
                <Counter Name="Sessions Current" />
                <Counter Name="Transactions/Sec" HigherIsBetter="true" />
              </Counters>
            </CounterCategory>
            <CounterCategory Name="Web Service">
              <Counters>
                <Counter Name="Bytes Received/sec" RangeGroup="IIS Bytes" HigherIsBetter="true" />
                <Counter Name="Bytes Sent/sec" RangeGroup="IIS Bytes" HigherIsBetter="true" />
                <Counter Name="Bytes Total/sec" RangeGroup="IIS Bytes" HigherIsBetter="true" />
                <Counter Name="Connection Attempts/sec" HigherIsBetter="true" />
                <Counter Name="Current Connections" HigherIsBetter="true" />
                <Counter Name="Get Requests/sec" RangeGroup="IIS Requests" HigherIsBetter="true" />
                <Counter Name="ISAPI Extension Requests/sec" HigherIsBetter="true" />
                <Counter Name="Post Requests/sec" RangeGroup="IIS Requests" HigherIsBetter="true" />
                <Counter Name="Total Method Requests/sec" RangeGroup="IIS Requests" HigherIsBetter="true" />
              </Counters>
              <Instances>
                <Instance Name="_Total" />
              </Instances>
            </CounterCategory>
          </CounterCategories>
          <DefaultCountersForAutomaticGraphs>
            <DefaultCounter CategoryName="Processor" CounterName="% Processor Time" InstanceName="_Total" GraphName="" />
            <DefaultCounter CategoryName="Memory" CounterName="Available MBytes" InstanceName="" GraphName="" />
            <DefaultCounter CategoryName="Web Service" CounterName="Bytes Total/sec" InstanceName="_Total" GraphName="" />
            <DefaultCounter CategoryName="Web Service" CounterName="Total Method Requests/sec" InstanceName="_Total" GraphName="" />
          </DefaultCountersForAutomaticGraphs>
        </CounterSet>
        <CounterSet Name="SQL" CounterSetType="SQL" LocId="CounterSet_SQL">
          <CounterCategories>
            <CounterCategory Name="Memory">
              <Counters>
                <Counter Name="% Committed Bytes In Use" Range="100" />
                <Counter Name="Available MBytes" RangeGroup="Memory Bytes" HigherIsBetter="true">
                  <ThresholdRules>
                    <ThresholdRule Classname="Microsoft.VisualStudio.TestTools.WebStress.Rules.ThresholdRuleCompareConstant, Microsoft.VisualStudio.QualityTools.LoadTest">
                      <RuleParameters>
                        <RuleParameter Name="AlertIfOver" Value="False" />
                        <RuleParameter Name="WarningThreshold" Value="100" />
                        <RuleParameter Name="CriticalThreshold" Value="50" />
                      </RuleParameters>
                    </ThresholdRule>
                  </ThresholdRules>
                </Counter>
                <Counter Name="Page Faults/sec" />
                <Counter Name="Pages/sec" />
                <Counter Name="Pool Paged Bytes" RangeGroup="Memory Bytes" />
                <Counter Name="Pool Nonpaged bytes" RangeGroup="Memory Bytes" />
              </Counters>
            </CounterCategory>
            <CounterCategory Name="Network Interface">
              <Counters>
                <Counter Name="Bytes Received/sec" RangeGroup="Network Bytes" />
                <Counter Name="Bytes Sent/sec" RangeGroup="Network Bytes" />
                <Counter Name="Output Queue Length">
                  <ThresholdRules>
                    <ThresholdRule Classname="Microsoft.VisualStudio.TestTools.WebStress.Rules.ThresholdRuleCompareConstant, Microsoft.VisualStudio.QualityTools.LoadTest">
                      <RuleParameters>
                        <RuleParameter Name="AlertIfOver" Value="True" />
                        <RuleParameter Name="WarningThreshold" Value="1.5" />
                        <RuleParameter Name="CriticalThreshold" Value="2" />
                      </RuleParameters>
                    </ThresholdRule>
                  </ThresholdRules>
                </Counter>
                <Counter Name="Packets Received/sec" RangeGroup="Network Packets" />
                <Counter Name="Packets Sent/sec" RangeGroup="Network Packets" />
                <Counter Name="Current Bandwidth" RangeGroup="Network Bytes" />
                <Counter Name="Bytes Total/sec" RangeGroup="Network Bytes">
                  <ThresholdRules>
                    <ThresholdRule Classname="Microsoft.VisualStudio.TestTools.WebStress.Rules.ThresholdRuleCompareCounters, Microsoft.VisualStudio.QualityTools.LoadTest, Version=11.0.0.0, Culture=neutral, PublicKeyToken=b03f5f7f11d50a3a">
                      <RuleParameters>
                        <RuleParameter Name="DependentCategory" Value="Network Interface" />
                        <RuleParameter Name="DependentCounter" Value="Current Bandwidth" />
                        <RuleParameter Name="DependentInstance" Value="" />
                        <RuleParameter Name="AlertIfOver" Value="True" />
                        <RuleParameter Name="WarningThreshold" Value="0.6" />
                        <RuleParameter Name="CriticalThreshold" Value="0.7" />
                      </RuleParameters>
                    </ThresholdRule>
                  </ThresholdRules>
                </Counter>
              </Counters>
              <Instances>
                <Instance Name="*" />
              </Instances>
            </CounterCategory>
            <CounterCategory Name="PhysicalDisk">
              <Counters>
                <Counter Name="% Disk Read Time" Range="100" />
                <Counter Name="% Disk Time" Range="100" />
                <Counter Name="% Disk Write Time" Range="100" />
                <Counter Name="% Idle Time" Range="100" HigherIsBetter="true">
                  <ThresholdRules>
                    <ThresholdRule Classname="Microsoft.VisualStudio.TestTools.WebStress.Rules.ThresholdRuleCompareConstant, Microsoft.VisualStudio.QualityTools.LoadTest">
                      <RuleParameters>
                        <RuleParameter Name="AlertIfOver" Value="False" />
                        <RuleParameter Name="WarningThreshold" Value="40" />
                        <RuleParameter Name="CriticalThreshold" Value="20" />
                      </RuleParameters>
                    </ThresholdRule>
                  </ThresholdRules>
                </Counter>
                <Counter Name="Avg. Disk Bytes/Read" RangeGroup="DiskBytesRate" />
                <Counter Name="Avg. Disk Bytes/Transfer" RangeGroup="DiskBytesRate" />
                <Counter Name="Avg. Disk Bytes/Write" RangeGroup="DiskBytesRate" />
                <Counter Name="Avg. Disk Queue Length" RangeGroup="Disk Queue Length" />
                <Counter Name="Avg. Disk Read Queue Length" RangeGroup="Disk Queue Length" />
                <Counter Name="Avg. Disk Write Queue Length" RangeGroup="Disk Queue Length" />
                <Counter Name="Current Disk Queue Length" RangeGroup="Disk Queue Length" />
                <Counter Name="Avg. Disk sec/Read" RangeGroup="Disk sec" />
                <Counter Name="Avg. Disk sec/Transfer" RangeGroup="Disk sec" />
                <Counter Name="Avg. Disk sec/Write" RangeGroup="Disk sec" />
                <Counter Name="Disk Bytes/sec" RangeGroup="Disk Bytes sec" />
                <Counter Name="Disk Read Bytes/sec" RangeGroup="Disk Bytes sec" />
                <Counter Name="Disk Reads/sec" RangeGroup="Disk Transfers sec" />
                <Counter Name="Disk Transfers/sec" RangeGroup="Disk Transfers sec" />
                <Counter Name="Disk Write Bytes/sec" RangeGroup="Disk Bytes sec" />
                <Counter Name="Disk Writes/sec" RangeGroup="Disk Transfers sec" />
                <Counter Name="Split IO/Sec" RangeGroup="Disk Transfers sec" />
              </Counters>
              <Instances>
                <Instance Name="*" />
              </Instances>
            </CounterCategory>
            <CounterCategory Name="Processor">
              <Counters>
                <Counter Name="% Processor Time" Range="100">
                  <ThresholdRules>
                    <ThresholdRule Classname="Microsoft.VisualStudio.TestTools.WebStress.Rules.ThresholdRuleCompareConstant, Microsoft.VisualStudio.QualityTools.LoadTest">
                      <RuleParameters>
                        <RuleParameter Name="AlertIfOver" Value="True" />
                        <RuleParameter Name="WarningThreshold" Value="75" />
                        <RuleParameter Name="CriticalThreshold" Value="90" />
                      </RuleParameters>
                    </ThresholdRule>
                  </ThresholdRules>
                </Counter>
                <Counter Name="% Privileged Time" Range="100" />
                <Counter Name="% User Time" Range="100" />
              </Counters>
              <Instances>
                <Instance Name="_Total" />
              </Instances>
            </CounterCategory>
            <CounterCategory Name="System">
              <Counters>
                <Counter Name="Context Switches/sec" />
                <Counter Name="Processes" />
                <Counter Name="Processor Queue Length" />
                <Counter Name="Threads" />
              </Counters>
            </CounterCategory>
            <CounterCategory Name="Process">
              <Counters>
                <Counter Name="% Processor Time" RangeGroup="Processor Time" />
                <Counter Name="% Privileged Time" RangeGroup="Processor Time" />
                <Counter Name="% User Time" RangeGroup="Processor Time" />
                <Counter Name="Handle Count" />
                <Counter Name="Thread Count" />
                <Counter Name="Private Bytes" RangeGroup="Memory Bytes" />
                <Counter Name="Virtual Bytes" RangeGroup="Memory Bytes" />
                <Counter Name="Working Set" RangeGroup="Memory Bytes" />
              </Counters>
              <Instances>
                <Instance Name="sqlservr" />
                <Instance Name="sqlmangr" />
                <Instance Name="sqlwriter" />
              </Instances>
            </CounterCategory>
            <CounterCategory Name="SQLServer:Access Methods">
              <Counters>
                <Counter Name="Full Scans/sec" RangeGroup="Scan Rate" />
                <Counter Name="Index Searches/sec" />
                <Counter Name="Page Splits/sec" RangeGroup="Page Rate" />
                <Counter Name="Pages Allocated/sec" RangeGroup="Page Rate" />
                <Counter Name="Probe Scans/sec" RangeGroup="Scan Rate" />
                <Counter Name="Range Scans/sec" RangeGroup="Scan Rate" />
                <Counter Name="Table Lock Escalations/sec" />
              </Counters>
            </CounterCategory>
            <CounterCategory Name="SQLServer:Buffer Partition">
              <Counters>
                <Counter Name="Free list empty/sec" />
                <Counter Name="Free list requests/sec" />
                <Counter Name="Free pages" />
              </Counters>
              <Instances>
                <Instance Name="*" />
              </Instances>
            </CounterCategory>
            <CounterCategory Name="SQLServer:Databases">
              <Counters>
                <Counter Name="Active Transactions" />
                <Counter Name="Log Cache Hit Ratio" HigherIsBetter="true" />
                <Counter Name="Log Cache Reads/sec" RangeGroup="SQL Cache Rates" />
                <Counter Name="Log Flush Waits/sec" RangeGroup="SQL Cache Rates" />
                <Counter Name="Log Flushes/sec" RangeGroup="SQL Cache Rates" />
                <Counter Name="Log Truncations" />
                <Counter Name="Transactions/sec" HigherIsBetter="true" />
              </Counters>
              <Instances>
                <Instance Name="_Total" />
              </Instances>
            </CounterCategory>
            <CounterCategory Name="SQLServer:General Statistics">
              <Counters>
                <Counter Name="Logins/sec" HigherIsBetter="true" />
                <Counter Name="Logouts/sec" HigherIsBetter="true" />
                <Counter Name="User Connections" HigherIsBetter="true" />
              </Counters>
            </CounterCategory>
            <CounterCategory Name="SQLServer:Latches">
              <Counters>
                <Counter Name="Average Latch Wait Time (ms)" />
                <Counter Name="Latch Waits/sec" />
              </Counters>
            </CounterCategory>
            <CounterCategory Name="SQLServer:Locks">
              <Counters>
                <Counter Name="Average Wait Time (ms)" />
                <Counter Name="Lock Timeouts/sec" />
                <Counter Name="Lock Wait Time (ms)" />
                <Counter Name="Lock Waits/sec" />
                <Counter Name="Number of Deadlocks/sec" />
              </Counters>
              <Instances>
                <Instance Name="_Total" />
              </Instances>
            </CounterCategory>
            <CounterCategory Name="SQLServer:SQL Statistics">
              <Counters>
                <Counter Name="Auto-Param Attempts/sec" RangeGroup="SQL AutoParam Rate" />
                <Counter Name="Batch Requests/sec" />
                <Counter Name="Failed Auto-Params/sec" RangeGroup="SQL AutoParam Rate" />
                <Counter Name="Safe Auto-Params/sec" RangeGroup="SQL AutoParam Rate" />
                <Counter Name="SQL Compilations/sec" RangeGroup="SQL Compilations Rate" />
                <Counter Name="SQL Re-Compilations/sec" RangeGroup="SQL Compilations Rate" />
                <Counter Name="Unsafe Auto-Params/sec" RangeGroup="SQL AutoParam Rate" />
              </Counters>
            </CounterCategory>
          </CounterCategories>
          <DefaultCountersForAutomaticGraphs>
            <DefaultCounter CategoryName="Processor" CounterName="% Processor Time" InstanceName="_Total" GraphName="" />
            <DefaultCounter CategoryName="Memory" CounterName="Available MBytes" InstanceName="" GraphName="" />
            <DefaultCounter CategoryName="SQLServer:Databases" CounterName="Transactions/sec" InstanceName="_Total" GraphName="" />
          </DefaultCountersForAutomaticGraphs>
        </CounterSet>
      </CounterSets>
      <RunConfigurations>
        <RunConfiguration Name="Run Settings1" Description="" ResultsStoreType="Database" TimingDetailsStorage="None" SaveTestLogsOnError="true" SaveTestLogsFrequency="0" MaxErrorDetails="500" MaxErrorsPerType="1000" MaxThresholdViolations="1000" MaxRequestUrlsReported="100000" UseTestIterations="false" RunDuration="900" WarmupTime="120" CoolDownTime="120" TestIterations="100" WebTestConnectionModel="ConnectionPerUser" WebTestConnectionPoolSize="50" SampleRate="15" ValidationLevel="High" SqlTracingConnectString="" SqlTracingConnectStringDisplayValue="" SqlTracingDirectory="" SqlTracingEnabled="false" SqlTracingFileCount="2" SqlTracingRolloverEnabled="true" SqlTracingMinimumDuration="500" RunUnitTestsInAppDomain="true" RigType="">
          <CounterSetMappings>
            <CounterSetMapping ComputerName="54.243.152.58">
              <CounterSetReferences>
                <CounterSetReference CounterSetName="Application" />
                <CounterSetReference CounterSetName="IIS" />
                <CounterSetReference CounterSetName="SQL" />
              </CounterSetReferences>
              <ComputerTags>
                <ComputerTag Tag="Server" />
              </ComputerTags>
            </CounterSetMapping>
            <CounterSetMapping ComputerName="[CONTROLLER MACHINE]">
              <CounterSetReferences>
                <CounterSetReference CounterSetName="LoadTest" />
                <CounterSetReference CounterSetName="Controller" />
              </CounterSetReferences>
            </CounterSetMapping>
            <CounterSetMapping ComputerName="[AGENT MACHINES]">
              <CounterSetReferences>
                <CounterSetReference CounterSetName="Agent" />
              </CounterSetReferences>
            </CounterSetMapping>
          </CounterSetMappings>
        </RunConfiguration>
      </RunConfigurations>
    </LoadTest>
    <WebTest name="Login" storage="c:\medseek\automation\persuade\vsprojects\persuadeperformance\persuadeperformance\webtests\global tests\login.webtest" priority="0" id="6e961aa2-1090-4a72-8f5c-09858eb28a54" persistedWebTest="77u/PD94bWwgdmVyc2lvbj0iMS4wIiBlbmNvZGluZz0iVVRGLTgiIHN0YW5kYWxvbmU9InllcyI/Pg0KPFdlYlRlc3QgTmFtZT0iTG9naW4iIElkPSI2ZTk2MWFhMi0xMDkwLTRhNzItOGY1Yy0wOTg1OGViMjhhNTQiIE93bmVyPSIiIFByaW9yaXR5PSIwIiBFbmFibGVkPSJUcnVlIiBDc3NQcm9qZWN0U3RydWN0dXJlPSIiIENzc0l0ZXJhdGlvbj0iIiBUaW1lb3V0PSIwIiBXb3JrSXRlbUlkcz0iIiB4bWxucz0iaHR0cDovL21pY3Jvc29mdC5jb20vc2NoZW1hcy9WaXN1YWxTdHVkaW8vVGVhbVRlc3QvMjAxMCIgRGVzY3JpcHRpb249IiIgQ3JlZGVudGlhbFVzZXJOYW1lPSIiIENyZWRlbnRpYWxQYXNzd29yZD0iIiBQcmVBdXRoZW50aWNhdGU9IlRydWUiIFByb3h5PSIiIFN0b3BPbkVycm9yPSJGYWxzZSIgUmVjb3JkZWRSZXN1bHRGaWxlPSIiIFJlc3VsdHNMb2NhbGU9IiI+DQogIDxJdGVtcz4NCiAgICA8Q29tbWVudCBDb21tZW50VGV4dD0iTGFuZGluZyBQYWdlIiAvPg0KICAgIDxUcmFuc2FjdGlvblRpbWVyIE5hbWU9IkxhbmRpbmcgUGFnZSI+DQogICAgICA8SXRlbXM+DQogICAgICAgIDxSZXF1ZXN0IE1ldGhvZD0iR0VUIiBHdWlkPSIyZjY3ZWIzYS02MDY1LTQ0NmMtODc2OC1iMjAyN2E3Y2RjYTUiIFZlcnNpb249IjEuMSIgVXJsPSJ7e1NlcnZlclVybH19LyIgVGhpbmtUaW1lPSIwIiBUaW1lb3V0PSI2MCIgUGFyc2VEZXBlbmRlbnRSZXF1ZXN0cz0iRmFsc2UiIEZvbGxvd1JlZGlyZWN0cz0iVHJ1ZSIgUmVjb3JkUmVzdWx0PSJUcnVlIiBDYWNoZT0iRmFsc2UiIFJlc3BvbnNlVGltZUdvYWw9IjAiIEVuY29kaW5nPSJ1dGYtOCIgRXhwZWN0ZWRIdHRwU3RhdHVzQ29kZT0iMCIgRXhwZWN0ZWRSZXNwb25zZVVybD0iIiBSZXBvcnRpbmdOYW1lPSIiIElnbm9yZUh0dHBTdGF0dXNDb2RlPSJGYWxzZSI+DQogICAgICAgICAgPEhlYWRlcnM+DQogICAgICAgICAgICA8SGVhZGVyIE5hbWU9IlVwZ3JhZGUtSW5zZWN1cmUtUmVxdWVzdHMiIFZhbHVlPSIxIiAvPg0KICAgICAgICAgICAgPEhlYWRlciBOYW1lPSJJZi1Ob25lLU1hdGNoIiBWYWx1ZT0iJnF1b3Q7MjAyZWYxZTllN2IyZDhjYWM5ODQ0ZTViNzFlNDliNTQmcXVvdDsiIC8+DQogICAgICAgICAgPC9IZWFkZXJzPg0KICAgICAgICAgIDxWYWxpZGF0aW9uUnVsZXM+DQogICAgICAgICAgICA8VmFsaWRhdGlvblJ1bGUgQ2xhc3NuYW1lPSJNaWNyb3NvZnQuVmlzdWFsU3R1ZGlvLlRlc3RUb29scy5XZWJUZXN0aW5nLlJ1bGVzLlZhbGlkYXRpb25SdWxlRmluZFRleHQsIE1pY3Jvc29mdC5WaXN1YWxTdHVkaW8uUXVhbGl0eVRvb2xzLldlYlRlc3RGcmFtZXdvcmssIFZlcnNpb249MTAuMC4wLjAsIEN1bHR1cmU9bmV1dHJhbCwgUHVibGljS2V5VG9rZW49YjAzZjVmN2YxMWQ1MGEzYSIgRGlzcGxheU5hbWU9IkZpbmQgVGV4dCIgRGVzY3JpcHRpb249IlZlcmlmaWVzIHRoZSBleGlzdGVuY2Ugb2YgdGhlIHNwZWNpZmllZCB0ZXh0IGluIHRoZSByZXNwb25zZS4iIExldmVsPSJIaWdoIiBFeGVjdHVpb25PcmRlcj0iQmVmb3JlRGVwZW5kZW50cyI+DQogICAgICAgICAgICAgIDxSdWxlUGFyYW1ldGVycz4NCiAgICAgICAgICAgICAgICA8UnVsZVBhcmFtZXRlciBOYW1lPSJGaW5kVGV4dCIgVmFsdWU9IlNpZ24gaW4gdG8gUGVyc3VhZGUgcG93ZXJlZCBieSBCcmlnaHRXaGlzdGxlIiAvPg0KICAgICAgICAgICAgICAgIDxSdWxlUGFyYW1ldGVyIE5hbWU9Iklnbm9yZUNhc2UiIFZhbHVlPSJUcnVlIiAvPg0KICAgICAgICAgICAgICAgIDxSdWxlUGFyYW1ldGVyIE5hbWU9IlVzZVJlZ3VsYXJFeHByZXNzaW9uIiBWYWx1ZT0iRmFsc2UiIC8+DQogICAgICAgICAgICAgICAgPFJ1bGVQYXJhbWV0ZXIgTmFtZT0iUGFzc0lmVGV4dEZvdW5kIiBWYWx1ZT0iVHJ1ZSIgLz4NCiAgICAgICAgICAgICAgPC9SdWxlUGFyYW1ldGVycz4NCiAgICAgICAgICAgIDwvVmFsaWRhdGlvblJ1bGU+DQogICAgICAgICAgPC9WYWxpZGF0aW9uUnVsZXM+DQogICAgICAgICAgPEV4dHJhY3Rpb25SdWxlcz4NCiAgICAgICAgICAgIDxFeHRyYWN0aW9uUnVsZSBDbGFzc25hbWU9Ik1pY3Jvc29mdC5WaXN1YWxTdHVkaW8uVGVzdFRvb2xzLldlYlRlc3RpbmcuUnVsZXMuRXh0cmFjdEhpZGRlbkZpZWxkcywgTWljcm9zb2Z0LlZpc3VhbFN0dWRpby5RdWFsaXR5VG9vbHMuV2ViVGVzdEZyYW1ld29yaywgVmVyc2lvbj0xMC4wLjAuMCwgQ3VsdHVyZT1uZXV0cmFsLCBQdWJsaWNLZXlUb2tlbj1iMDNmNWY3ZjExZDUwYTNhIiBWYXJpYWJsZU5hbWU9IjEiIERpc3BsYXlOYW1lPSJFeHRyYWN0IEhpZGRlbiBGaWVsZHMiIERlc2NyaXB0aW9uPSJFeHRyYWN0IGFsbCBoaWRkZW4gZmllbGRzIGZyb20gdGhlIHJlc3BvbnNlIGFuZCBwbGFjZSB0aGVtIGludG8gdGhlIHRlc3QgY29udGV4dC4iPg0KICAgICAgICAgICAgICA8UnVsZVBhcmFtZXRlcnM+DQogICAgICAgICAgICAgICAgPFJ1bGVQYXJhbWV0ZXIgTmFtZT0iUmVxdWlyZWQiIFZhbHVlPSJUcnVlIiAvPg0KICAgICAgICAgICAgICAgIDxSdWxlUGFyYW1ldGVyIE5hbWU9Ikh0bWxEZWNvZGUiIFZhbHVlPSJUcnVlIiAvPg0KICAgICAgICAgICAgICA8L1J1bGVQYXJhbWV0ZXJzPg0KICAgICAgICAgICAgPC9FeHRyYWN0aW9uUnVsZT4NCiAgICAgICAgICA8L0V4dHJhY3Rpb25SdWxlcz4NCiAgICAgICAgPC9SZXF1ZXN0Pg0KICAgICAgPC9JdGVtcz4NCiAgICA8L1RyYW5zYWN0aW9uVGltZXI+DQogICAgPENvbW1lbnQgQ29tbWVudFRleHQ9ImxvZ2luIiAvPg0KICAgIDxUcmFuc2FjdGlvblRpbWVyIE5hbWU9IkxvZ2luIj4NCiAgICAgIDxJdGVtcz4NCiAgICAgICAgPFJlcXVlc3QgTWV0aG9kPSJQT1NUIiBHdWlkPSJhN2Q2YTRmMy05NDFhLTRhZWMtODU3MS1lMDIzNmY1YjUzZmQiIFZlcnNpb249IjEuMSIgVXJsPSJ7e1NlcnZlclVybH19L3NpZ25faW4iIFRoaW5rVGltZT0iMCIgVGltZW91dD0iNjAiIFBhcnNlRGVwZW5kZW50UmVxdWVzdHM9IlRydWUiIEZvbGxvd1JlZGlyZWN0cz0iVHJ1ZSIgUmVjb3JkUmVzdWx0PSJUcnVlIiBDYWNoZT0iRmFsc2UiIFJlc3BvbnNlVGltZUdvYWw9IjAiIEVuY29kaW5nPSJ1dGYtOCIgRXhwZWN0ZWRIdHRwU3RhdHVzQ29kZT0iMCIgRXhwZWN0ZWRSZXNwb25zZVVybD0iIiBSZXBvcnRpbmdOYW1lPSJMb2dpbiIgSWdub3JlSHR0cFN0YXR1c0NvZGU9IkZhbHNlIj4NCiAgICAgICAgICA8SGVhZGVycz4NCiAgICAgICAgICAgIDxIZWFkZXIgTmFtZT0iUmVmZXJlciIgVmFsdWU9Int7U2VydmVyVXJsfX0vc2lnbl9pbiIgLz4NCiAgICAgICAgICAgIDxIZWFkZXIgTmFtZT0iQ29udGVudC1UeXBlIiBWYWx1ZT0iYXBwbGljYXRpb24veC13d3ctZm9ybS11cmxlbmNvZGVkIiAvPg0KICAgICAgICAgICAgPEhlYWRlciBOYW1lPSJPcmlnaW4iIFZhbHVlPSJodHRwczovL3N0YWdpbmcuYnJpZ2h0d2hpc3RsZS5jb20iIC8+DQogICAgICAgICAgICA8SGVhZGVyIE5hbWU9IlVwZ3JhZGUtSW5zZWN1cmUtUmVxdWVzdHMiIFZhbHVlPSIxIiAvPg0KICAgICAgICAgIDwvSGVhZGVycz4NCiAgICAgICAgICA8VmFsaWRhdGlvblJ1bGVzPg0KICAgICAgICAgICAgPFZhbGlkYXRpb25SdWxlIENsYXNzbmFtZT0iTWljcm9zb2Z0LlZpc3VhbFN0dWRpby5UZXN0VG9vbHMuV2ViVGVzdGluZy5SdWxlcy5WYWxpZGF0aW9uUnVsZUZpbmRUZXh0LCBNaWNyb3NvZnQuVmlzdWFsU3R1ZGlvLlF1YWxpdHlUb29scy5XZWJUZXN0RnJhbWV3b3JrLCBWZXJzaW9uPTEwLjAuMC4wLCBDdWx0dXJlPW5ldXRyYWwsIFB1YmxpY0tleVRva2VuPWIwM2Y1ZjdmMTFkNTBhM2EiIERpc3BsYXlOYW1lPSJGaW5kIFRleHQiIERlc2NyaXB0aW9uPSJWZXJpZmllcyB0aGUgZXhpc3RlbmNlIG9mIHRoZSBzcGVjaWZpZWQgdGV4dCBpbiB0aGUgcmVzcG9uc2UuIiBMZXZlbD0iSGlnaCIgRXhlY3R1aW9uT3JkZXI9IkJlZm9yZURlcGVuZGVudHMiPg0KICAgICAgICAgICAgICA8UnVsZVBhcmFtZXRlcnM+DQogICAgICAgICAgICAgICAgPFJ1bGVQYXJhbWV0ZXIgTmFtZT0iRmluZFRleHQiIFZhbHVlPSJTaWduZWQgaW4gc3VjY2Vzc2Z1bGx5LiIgLz4NCiAgICAgICAgICAgICAgICA8UnVsZVBhcmFtZXRlciBOYW1lPSJJZ25vcmVDYXNlIiBWYWx1ZT0iRmFsc2UiIC8+DQogICAgICAgICAgICAgICAgPFJ1bGVQYXJhbWV0ZXIgTmFtZT0iVXNlUmVndWxhckV4cHJlc3Npb24iIFZhbHVlPSJGYWxzZSIgLz4NCiAgICAgICAgICAgICAgICA8UnVsZVBhcmFtZXRlciBOYW1lPSJQYXNzSWZUZXh0Rm91bmQiIFZhbHVlPSJUcnVlIiAvPg0KICAgICAgICAgICAgICA8L1J1bGVQYXJhbWV0ZXJzPg0KICAgICAgICAgICAgPC9WYWxpZGF0aW9uUnVsZT4NCiAgICAgICAgICA8L1ZhbGlkYXRpb25SdWxlcz4NCiAgICAgICAgICA8RXh0cmFjdGlvblJ1bGVzPg0KICAgICAgICAgICAgPEV4dHJhY3Rpb25SdWxlIENsYXNzbmFtZT0iTWljcm9zb2Z0LlZpc3VhbFN0dWRpby5UZXN0VG9vbHMuV2ViVGVzdGluZy5SdWxlcy5FeHRyYWN0QXR0cmlidXRlVmFsdWUsIE1pY3Jvc29mdC5WaXN1YWxTdHVkaW8uUXVhbGl0eVRvb2xzLldlYlRlc3RGcmFtZXdvcmssIFZlcnNpb249MTAuMC4wLjAsIEN1bHR1cmU9bmV1dHJhbCwgUHVibGljS2V5VG9rZW49YjAzZjVmN2YxMWQ1MGEzYSIgVmFyaWFibGVOYW1lPSJhdXRoVG9rZW4iIERpc3BsYXlOYW1lPSJFeHRyYWN0IEF0dHJpYnV0ZSBWYWx1ZSIgRGVzY3JpcHRpb249IkV4dHJhY3QgdGhlIHZhbHVlIG9mIGFuIGF0dHJpYnV0ZSBmcm9tIGEgc3BlY2lmaWVkIEhUTUwgdGFnLiI+DQogICAgICAgICAgICAgIDxSdWxlUGFyYW1ldGVycz4NCiAgICAgICAgICAgICAgICA8UnVsZVBhcmFtZXRlciBOYW1lPSJUYWdOYW1lIiBWYWx1ZT0ibWV0YSIgLz4NCiAgICAgICAgICAgICAgICA8UnVsZVBhcmFtZXRlciBOYW1lPSJBdHRyaWJ1dGVOYW1lIiBWYWx1ZT0iY29udGVudCIgLz4NCiAgICAgICAgICAgICAgICA8UnVsZVBhcmFtZXRlciBOYW1lPSJNYXRjaEF0dHJpYnV0ZU5hbWUiIFZhbHVlPSJuYW1lIiAvPg0KICAgICAgICAgICAgICAgIDxSdWxlUGFyYW1ldGVyIE5hbWU9Ik1hdGNoQXR0cmlidXRlVmFsdWUiIFZhbHVlPSJjc3JmLXRva2VuIiAvPg0KICAgICAgICAgICAgICAgIDxSdWxlUGFyYW1ldGVyIE5hbWU9Ikh0bWxEZWNvZGUiIFZhbHVlPSJUcnVlIiAvPg0KICAgICAgICAgICAgICAgIDxSdWxlUGFyYW1ldGVyIE5hbWU9IlJlcXVpcmVkIiBWYWx1ZT0iVHJ1ZSIgLz4NCiAgICAgICAgICAgICAgICA8UnVsZVBhcmFtZXRlciBOYW1lPSJJbmRleCIgVmFsdWU9IjAiIC8+DQogICAgICAgICAgICAgIDwvUnVsZVBhcmFtZXRlcnM+DQogICAgICAgICAgICA8L0V4dHJhY3Rpb25SdWxlPg0KICAgICAgICAgIDwvRXh0cmFjdGlvblJ1bGVzPg0KICAgICAgICAgIDxGb3JtUG9zdEh0dHBCb2R5Pg0KICAgICAgICAgICAgPEZvcm1Qb3N0UGFyYW1ldGVyIE5hbWU9InV0ZjgiIFZhbHVlPSLinJMiIFJlY29yZGVkVmFsdWU9IiIgQ29ycmVsYXRpb25CaW5kaW5nPSIiIFVybEVuY29kZT0iVHJ1ZSIgLz4NCiAgICAgICAgICAgIDxGb3JtUG9zdFBhcmFtZXRlciBOYW1lPSJhdXRoZW50aWNpdHlfdG9rZW4iIFZhbHVlPSJ7eyRISURERU4xLmF1dGhlbnRpY2l0eV90b2tlbn19IiBSZWNvcmRlZFZhbHVlPSIiIENvcnJlbGF0aW9uQmluZGluZz0iIiBVcmxFbmNvZGU9IlRydWUiIC8+DQogICAgICAgICAgICA8Rm9ybVBvc3RQYXJhbWV0ZXIgTmFtZT0id2luZG93X3Jlc29sdXRpb24iIFZhbHVlPSIxMTAzeDY3NCIgUmVjb3JkZWRWYWx1ZT0iIiBDb3JyZWxhdGlvbkJpbmRpbmc9IiIgVXJsRW5jb2RlPSJUcnVlIiAvPg0KICAgICAgICAgICAgPEZvcm1Qb3N0UGFyYW1ldGVyIE5hbWU9InVzZXJbZW1haWxdIiBWYWx1ZT0ie3tVc2Vycy5Vc2VycyNjc3YuVXNlcm5hbWV9fSIgUmVjb3JkZWRWYWx1ZT0iIiBDb3JyZWxhdGlvbkJpbmRpbmc9IiIgVXJsRW5jb2RlPSJUcnVlIiAvPg0KICAgICAgICAgICAgPEZvcm1Qb3N0UGFyYW1ldGVyIE5hbWU9InVzZXJbcGFzc3dvcmRdIiBWYWx1ZT0ie3tVc2Vycy5Vc2VycyNjc3YuUGFzc3dvcmR9fSIgUmVjb3JkZWRWYWx1ZT0iIiBDb3JyZWxhdGlvbkJpbmRpbmc9IiIgVXJsRW5jb2RlPSJUcnVlIiAvPg0KICAgICAgICAgICAgPEZvcm1Qb3N0UGFyYW1ldGVyIE5hbWU9ImNvbW1pdCIgVmFsdWU9IlNpZ24gaW4iIFJlY29yZGVkVmFsdWU9IiIgQ29ycmVsYXRpb25CaW5kaW5nPSIiIFVybEVuY29kZT0iVHJ1ZSIgLz4NCiAgICAgICAgICA8L0Zvcm1Qb3N0SHR0cEJvZHk+DQogICAgICAgIDwvUmVxdWVzdD4NCiAgICAgIDwvSXRlbXM+DQogICAgPC9UcmFuc2FjdGlvblRpbWVyPg0KICA8L0l0ZW1zPg0KICA8RGF0YVNvdXJjZXM+DQogICAgPERhdGFTb3VyY2UgTmFtZT0iVXNlcnMiIFByb3ZpZGVyPSJNaWNyb3NvZnQuVmlzdWFsU3R1ZGlvLlRlc3RUb29scy5EYXRhU291cmNlLkNTViIgQ29ubmVjdGlvbj0ifERhdGFEaXJlY3Rvcnl8XC4uXC4uXERhdGFcVXNlcnMuY3N2Ij4NCiAgICAgIDxUYWJsZXM+DQogICAgICAgIDxEYXRhU291cmNlVGFibGUgTmFtZT0iVXNlcnMjY3N2IiBTZWxlY3RDb2x1bW5zPSJTZWxlY3RPbmx5Qm91bmRDb2x1bW5zIiBBY2Nlc3NNZXRob2Q9IlNlcXVlbnRpYWwiIC8+DQogICAgICA8L1RhYmxlcz4NCiAgICA8L0RhdGFTb3VyY2U+DQogIDwvRGF0YVNvdXJjZXM+DQogIDxDb250ZXh0UGFyYW1ldGVycz4NCiAgICA8Q29udGV4dFBhcmFtZXRlciBOYW1lPSJTZXJ2ZXJVcmwiIFZhbHVlPSJodHRwczovL3N0YWdpbmcuYnJpZ2h0d2hpc3RsZS5jb20iIC8+DQogIDwvQ29udGV4dFBhcmFtZXRlcnM+DQogIDxXZWJUZXN0UGx1Z2lucz4NCiAgICA8V2ViVGVzdFBsdWdpbiBDbGFzc25hbWU9IlRlc3RQbHVnaW4uU2VydmVyVXJscywgVGVzdFBsdWdpbiwgVmVyc2lvbj0xLjAuMC4wLCBDdWx0dXJlPW5ldXRyYWwsIFB1YmxpY0tleVRva2VuPW51bGwiIERpc3BsYXlOYW1lPSJTZXJ2ZXJVcmxzIiBEZXNjcmlwdGlvbj0iIiAvPg0KICA8L1dlYlRlc3RQbHVnaW5zPg0KPC9XZWJUZXN0Pg==">
    </WebTest>
    <WebTest name="Logout" storage="c:\medseek\automation\persuade\vsprojects\persuadeperformance\persuadeperformance\webtests\global tests\logout.webtest" priority="0" id="d3fdf484-19a8-4f02-9276-177652939958" persistedWebTest="77u/PD94bWwgdmVyc2lvbj0iMS4wIiBlbmNvZGluZz0iVVRGLTgiIHN0YW5kYWxvbmU9InllcyI/Pg0KPFdlYlRlc3QgTmFtZT0iTG9nb3V0IiBJZD0iZDNmZGY0ODQtMTlhOC00ZjAyLTkyNzYtMTc3NjUyOTM5OTU4IiBPd25lcj0iIiBQcmlvcml0eT0iMCIgRW5hYmxlZD0iVHJ1ZSIgQ3NzUHJvamVjdFN0cnVjdHVyZT0iIiBDc3NJdGVyYXRpb249IiIgVGltZW91dD0iMCIgV29ya0l0ZW1JZHM9IiIgeG1sbnM9Imh0dHA6Ly9taWNyb3NvZnQuY29tL3NjaGVtYXMvVmlzdWFsU3R1ZGlvL1RlYW1UZXN0LzIwMTAiIERlc2NyaXB0aW9uPSIiIENyZWRlbnRpYWxVc2VyTmFtZT0iIiBDcmVkZW50aWFsUGFzc3dvcmQ9IiIgUHJlQXV0aGVudGljYXRlPSJUcnVlIiBQcm94eT0iIiBTdG9wT25FcnJvcj0iRmFsc2UiIFJlY29yZGVkUmVzdWx0RmlsZT0iIiBSZXN1bHRzTG9jYWxlPSIiPg0KICA8SXRlbXM+DQogICAgPENvbW1lbnQgQ29tbWVudFRleHQ9IkxvZ291dCIgLz4NCiAgICA8VHJhbnNhY3Rpb25UaW1lciBOYW1lPSJMb2dvdXQiPg0KICAgICAgPEl0ZW1zPg0KICAgICAgICA8UmVxdWVzdCBNZXRob2Q9IkdFVCIgR3VpZD0iNGVmOTlhMTAtMTkzNC00YTZhLWE5MmQtZjU1Nzc4Y2Y4MmQ5IiBWZXJzaW9uPSIxLjEiIFVybD0ie3tTZXJ2ZXJVcmx9fS9zaWduX291dCIgVGhpbmtUaW1lPSIwIiBUaW1lb3V0PSI2MCIgUGFyc2VEZXBlbmRlbnRSZXF1ZXN0cz0iVHJ1ZSIgRm9sbG93UmVkaXJlY3RzPSJUcnVlIiBSZWNvcmRSZXN1bHQ9IlRydWUiIENhY2hlPSJGYWxzZSIgUmVzcG9uc2VUaW1lR29hbD0iMCIgRW5jb2Rpbmc9InV0Zi04IiBFeHBlY3RlZEh0dHBTdGF0dXNDb2RlPSIwIiBFeHBlY3RlZFJlc3BvbnNlVXJsPSIiIFJlcG9ydGluZ05hbWU9IiIgSWdub3JlSHR0cFN0YXR1c0NvZGU9IkZhbHNlIj4NCiAgICAgICAgICA8SGVhZGVycz4NCiAgICAgICAgICAgIDxIZWFkZXIgTmFtZT0iVXBncmFkZS1JbnNlY3VyZS1SZXF1ZXN0cyIgVmFsdWU9IjEiIC8+DQogICAgICAgICAgPC9IZWFkZXJzPg0KICAgICAgICAgIDxWYWxpZGF0aW9uUnVsZXM+DQogICAgICAgICAgICA8VmFsaWRhdGlvblJ1bGUgQ2xhc3NuYW1lPSJNaWNyb3NvZnQuVmlzdWFsU3R1ZGlvLlRlc3RUb29scy5XZWJUZXN0aW5nLlJ1bGVzLlZhbGlkYXRlUmVzcG9uc2VVcmwsIE1pY3Jvc29mdC5WaXN1YWxTdHVkaW8uUXVhbGl0eVRvb2xzLldlYlRlc3RGcmFtZXdvcmssIFZlcnNpb249MTAuMC4wLjAsIEN1bHR1cmU9bmV1dHJhbCwgUHVibGljS2V5VG9rZW49YjAzZjVmN2YxMWQ1MGEzYSIgRGlzcGxheU5hbWU9IlJlc3BvbnNlIFVSTCIgRGVzY3JpcHRpb249IlZhbGlkYXRlcyB0aGF0IHRoZSByZXNwb25zZSBVUkwgYWZ0ZXIgcmVkaXJlY3RzIGFyZSBmb2xsb3dlZCBpcyB0aGUgc2FtZSBhcyB0aGUgcmVjb3JkZWQgcmVzcG9uc2UgVVJMLiAgUXVlcnlTdHJpbmcgcGFyYW1ldGVycyBhcmUgaWdub3JlZC4iIExldmVsPSJIaWdoIiBFeGVjdHVpb25PcmRlcj0iQmVmb3JlRGVwZW5kZW50cyI+DQogICAgICAgICAgICAgIDxSdWxlUGFyYW1ldGVycz4NCiAgICAgICAgICAgICAgICA8UnVsZVBhcmFtZXRlciBOYW1lPSJJZ25vcmVDYXNlIiBWYWx1ZT0iRmFsc2UiIC8+DQogICAgICAgICAgICAgIDwvUnVsZVBhcmFtZXRlcnM+DQogICAgICAgICAgICA8L1ZhbGlkYXRpb25SdWxlPg0KICAgICAgICAgIDwvVmFsaWRhdGlvblJ1bGVzPg0KICAgICAgICA8L1JlcXVlc3Q+DQogICAgICAgIDxSZXF1ZXN0IE1ldGhvZD0iR0VUIiBHdWlkPSI3ZDY2MGVjZi0wNmQ5LTQ2YjItYmQyNi0yNmE2M2M2OGM1MzciIFZlcnNpb249IjEuMSIgVXJsPSJ7e1NlcnZlclVybH19L3NpZ25faW4iIFRoaW5rVGltZT0iMCIgVGltZW91dD0iNjAiIFBhcnNlRGVwZW5kZW50UmVxdWVzdHM9IkZhbHNlIiBGb2xsb3dSZWRpcmVjdHM9IlRydWUiIFJlY29yZFJlc3VsdD0iVHJ1ZSIgQ2FjaGU9IkZhbHNlIiBSZXNwb25zZVRpbWVHb2FsPSIwIiBFbmNvZGluZz0idXRmLTgiIEV4cGVjdGVkSHR0cFN0YXR1c0NvZGU9IjAiIEV4cGVjdGVkUmVzcG9uc2VVcmw9IiIgUmVwb3J0aW5nTmFtZT0iIiBJZ25vcmVIdHRwU3RhdHVzQ29kZT0iRmFsc2UiPg0KICAgICAgICAgIDxIZWFkZXJzPg0KICAgICAgICAgICAgPEhlYWRlciBOYW1lPSJVcGdyYWRlLUluc2VjdXJlLVJlcXVlc3RzIiBWYWx1ZT0iMSIgLz4NCiAgICAgICAgICA8L0hlYWRlcnM+DQogICAgICAgICAgPFZhbGlkYXRpb25SdWxlcz4NCiAgICAgICAgICAgIDxWYWxpZGF0aW9uUnVsZSBDbGFzc25hbWU9Ik1pY3Jvc29mdC5WaXN1YWxTdHVkaW8uVGVzdFRvb2xzLldlYlRlc3RpbmcuUnVsZXMuVmFsaWRhdGlvblJ1bGVGaW5kVGV4dCwgTWljcm9zb2Z0LlZpc3VhbFN0dWRpby5RdWFsaXR5VG9vbHMuV2ViVGVzdEZyYW1ld29yaywgVmVyc2lvbj0xMC4wLjAuMCwgQ3VsdHVyZT1uZXV0cmFsLCBQdWJsaWNLZXlUb2tlbj1iMDNmNWY3ZjExZDUwYTNhIiBEaXNwbGF5TmFtZT0iRmluZCBUZXh0IiBEZXNjcmlwdGlvbj0iVmVyaWZpZXMgdGhlIGV4aXN0ZW5jZSBvZiB0aGUgc3BlY2lmaWVkIHRleHQgaW4gdGhlIHJlc3BvbnNlLiIgTGV2ZWw9IkhpZ2giIEV4ZWN0dWlvbk9yZGVyPSJCZWZvcmVEZXBlbmRlbnRzIj4NCiAgICAgICAgICAgICAgPFJ1bGVQYXJhbWV0ZXJzPg0KICAgICAgICAgICAgICAgIDxSdWxlUGFyYW1ldGVyIE5hbWU9IkZpbmRUZXh0IiBWYWx1ZT0iU2lnbiBpbiB0byBQZXJzdWFkZSBwb3dlcmVkIGJ5IEJyaWdodFdoaXN0bGUiIC8+DQogICAgICAgICAgICAgICAgPFJ1bGVQYXJhbWV0ZXIgTmFtZT0iSWdub3JlQ2FzZSIgVmFsdWU9IlRydWUiIC8+DQogICAgICAgICAgICAgICAgPFJ1bGVQYXJhbWV0ZXIgTmFtZT0iVXNlUmVndWxhckV4cHJlc3Npb24iIFZhbHVlPSJGYWxzZSIgLz4NCiAgICAgICAgICAgICAgICA8UnVsZVBhcmFtZXRlciBOYW1lPSJQYXNzSWZUZXh0Rm91bmQiIFZhbHVlPSJUcnVlIiAvPg0KICAgICAgICAgICAgICA8L1J1bGVQYXJhbWV0ZXJzPg0KICAgICAgICAgICAgPC9WYWxpZGF0aW9uUnVsZT4NCiAgICAgICAgICAgIDxWYWxpZGF0aW9uUnVsZSBDbGFzc25hbWU9Ik1pY3Jvc29mdC5WaXN1YWxTdHVkaW8uVGVzdFRvb2xzLldlYlRlc3RpbmcuUnVsZXMuVmFsaWRhdGlvblJ1bGVGaW5kVGV4dCwgTWljcm9zb2Z0LlZpc3VhbFN0dWRpby5RdWFsaXR5VG9vbHMuV2ViVGVzdEZyYW1ld29yaywgVmVyc2lvbj0xMC4wLjAuMCwgQ3VsdHVyZT1uZXV0cmFsLCBQdWJsaWNLZXlUb2tlbj1iMDNmNWY3ZjExZDUwYTNhIiBEaXNwbGF5TmFtZT0iRmluZCBUZXh0IiBEZXNjcmlwdGlvbj0iVmVyaWZpZXMgdGhlIGV4aXN0ZW5jZSBvZiB0aGUgc3BlY2lmaWVkIHRleHQgaW4gdGhlIHJlc3BvbnNlLiIgTGV2ZWw9IkhpZ2giIEV4ZWN0dWlvbk9yZGVyPSJCZWZvcmVEZXBlbmRlbnRzIj4NCiAgICAgICAgICAgICAgPFJ1bGVQYXJhbWV0ZXJzPg0KICAgICAgICAgICAgICAgIDxSdWxlUGFyYW1ldGVyIE5hbWU9IkZpbmRUZXh0IiBWYWx1ZT0iU2lnbmVkIG91dCBzdWNjZXNzZnVsbHkuIiAvPg0KICAgICAgICAgICAgICAgIDxSdWxlUGFyYW1ldGVyIE5hbWU9Iklnbm9yZUNhc2UiIFZhbHVlPSJGYWxzZSIgLz4NCiAgICAgICAgICAgICAgICA8UnVsZVBhcmFtZXRlciBOYW1lPSJVc2VSZWd1bGFyRXhwcmVzc2lvbiIgVmFsdWU9IkZhbHNlIiAvPg0KICAgICAgICAgICAgICAgIDxSdWxlUGFyYW1ldGVyIE5hbWU9IlBhc3NJZlRleHRGb3VuZCIgVmFsdWU9IlRydWUiIC8+DQogICAgICAgICAgICAgIDwvUnVsZVBhcmFtZXRlcnM+DQogICAgICAgICAgICA8L1ZhbGlkYXRpb25SdWxlPg0KICAgICAgICAgIDwvVmFsaWRhdGlvblJ1bGVzPg0KICAgICAgICA8L1JlcXVlc3Q+DQogICAgICA8L0l0ZW1zPg0KICAgIDwvVHJhbnNhY3Rpb25UaW1lcj4NCiAgICA8Q29tbWVudCBDb21tZW50VGV4dD0iIiAvPg0KICA8L0l0ZW1zPg0KICA8Q29udGV4dFBhcmFtZXRlcnM+DQogICAgPENvbnRleHRQYXJhbWV0ZXIgTmFtZT0iU2VydmVyVXJsIiBWYWx1ZT0iaHR0cHM6Ly9zdGFnaW5nLmJyaWdodHdoaXN0bGUuY29tIiAvPg0KICA8L0NvbnRleHRQYXJhbWV0ZXJzPg0KPC9XZWJUZXN0Pg==">
    </WebTest>
    <WebTest name="PERS-1687_GoogleAdWords" storage="c:\medseek\automation\persuade\vsprojects\persuadeperformance\persuadeperformance\webtests\reports\pers-1687_googleadwords.webtest" priority="0" id="0eef21df-78ca-4467-9c41-4578ccb12967" persistedWebTest="77u/PD94bWwgdmVyc2lvbj0iMS4wIiBlbmNvZGluZz0iVVRGLTgiIHN0YW5kYWxvbmU9InllcyI/Pg0KPFdlYlRlc3QgTmFtZT0iUEVSUy0xNjg3X0dvb2dsZUFkV29yZHMiIElkPSIwZWVmMjFkZi03OGNhLTQ0NjctOWM0MS00NTc4Y2NiMTI5NjciIE93bmVyPSIiIFByaW9yaXR5PSIwIiBFbmFibGVkPSJUcnVlIiBDc3NQcm9qZWN0U3RydWN0dXJlPSIiIENzc0l0ZXJhdGlvbj0iIiBUaW1lb3V0PSIwIiBXb3JrSXRlbUlkcz0iIiB4bWxucz0iaHR0cDovL21pY3Jvc29mdC5jb20vc2NoZW1hcy9WaXN1YWxTdHVkaW8vVGVhbVRlc3QvMjAxMCIgRGVzY3JpcHRpb249IiIgQ3JlZGVudGlhbFVzZXJOYW1lPSIiIENyZWRlbnRpYWxQYXNzd29yZD0iIiBQcmVBdXRoZW50aWNhdGU9IlRydWUiIFByb3h5PSIiIFN0b3BPbkVycm9yPSJGYWxzZSIgUmVjb3JkZWRSZXN1bHRGaWxlPSIiIFJlc3VsdHNMb2NhbGU9IiI+DQogIDxJdGVtcz4NCiAgICA8Q29tbWVudCBDb21tZW50VGV4dD0iTG9naW4iIC8+DQogICAgPFRyYW5zYWN0aW9uVGltZXIgTmFtZT0iTG9naW4iPg0KICAgICAgPEl0ZW1zPg0KICAgICAgICA8SW5jbHVkZWRXZWJUZXN0IE5hbWU9IkxvZ2luIiBQYXRoPSJjOlxtZWRzZWVrXGF1dG9tYXRpb25ccGVyc3VhZGVcdnNwcm9qZWN0c1xwZXJzdWFkZXBlcmZvcm1hbmNlXHBlcnN1YWRlcGVyZm9ybWFuY2Vcd2VidGVzdHNcZ2xvYmFsIHRlc3RzXGxvZ2luLndlYnRlc3QiIElkPSI2ZTk2MWFhMi0xMDkwLTRhNzItOGY1Yy0wOTg1OGViMjhhNTQiIElzQ29kZWRXZWJUZXN0PSJGYWxzZSIgSW5oZXJpdFdlYlRlc3RTZXR0aW5ncz0iRmFsc2UiIC8+DQogICAgICA8L0l0ZW1zPg0KICAgIDwvVHJhbnNhY3Rpb25UaW1lcj4NCiAgICA8Q29tbWVudCBDb21tZW50VGV4dD0iR29vZ2xlIEFkV29yZHMiIC8+DQogICAgPFRyYW5zYWN0aW9uVGltZXIgTmFtZT0iR29vZ2xlIEFkd29yZHMiPg0KICAgICAgPEl0ZW1zPg0KICAgICAgICA8UmVxdWVzdCBNZXRob2Q9IkdFVCIgR3VpZD0iNzBiNTk2ZmMtMDg0Yi00NDE4LTkwMDYtN2YyYzYzZjMzZTkwIiBWZXJzaW9uPSIxLjEiIFVybD0ie3tTZXJ2ZXJVcmx9fS9yZXBvcnRzLzEzIiBUaGlua1RpbWU9Ii00IiBUaW1lb3V0PSI2MCIgUGFyc2VEZXBlbmRlbnRSZXF1ZXN0cz0iVHJ1ZSIgRm9sbG93UmVkaXJlY3RzPSJUcnVlIiBSZWNvcmRSZXN1bHQ9IlRydWUiIENhY2hlPSJGYWxzZSIgUmVzcG9uc2VUaW1lR29hbD0iMCIgRW5jb2Rpbmc9InV0Zi04IiBFeHBlY3RlZEh0dHBTdGF0dXNDb2RlPSIwIiBFeHBlY3RlZFJlc3BvbnNlVXJsPSIiIFJlcG9ydGluZ05hbWU9IiIgSWdub3JlSHR0cFN0YXR1c0NvZGU9IkZhbHNlIj4NCiAgICAgICAgICA8SGVhZGVycz4NCiAgICAgICAgICAgIDxIZWFkZXIgTmFtZT0iVXBncmFkZS1JbnNlY3VyZS1SZXF1ZXN0cyIgVmFsdWU9IjEiIC8+DQogICAgICAgICAgICA8SGVhZGVyIE5hbWU9IklmLU5vbmUtTWF0Y2giIFZhbHVlPSImcXVvdDs0NDA3MDhhZDVlMDU0MWQ5MmE5Y2Y2MTlmYzE1NzJmYyZxdW90OyIgLz4NCiAgICAgICAgICA8L0hlYWRlcnM+DQogICAgICAgIDwvUmVxdWVzdD4NCiAgICAgIDwvSXRlbXM+DQogICAgPC9UcmFuc2FjdGlvblRpbWVyPg0KICAgIDxDb21tZW50IENvbW1lbnRUZXh0PSJSdW4gUmVwb3J0IiAvPg0KICAgIDxUcmFuc2FjdGlvblRpbWVyIE5hbWU9IlJ1biBSZXBvcnQiPg0KICAgICAgPEl0ZW1zPg0KICAgICAgICA8UmVxdWVzdCBNZXRob2Q9IkdFVCIgR3VpZD0iZmQzYjNhM2EtZmU0Yi00OGQyLTlhNzEtMmViMjk5N2IzNDBhIiBWZXJzaW9uPSIxLjEiIFVybD0ie3tTZXJ2ZXJVcmx9fS9yZXBvcnRzLzEzIiBUaGlua1RpbWU9Ii00IiBUaW1lb3V0PSI2MCIgUGFyc2VEZXBlbmRlbnRSZXF1ZXN0cz0iVHJ1ZSIgRm9sbG93UmVkaXJlY3RzPSJUcnVlIiBSZWNvcmRSZXN1bHQ9IlRydWUiIENhY2hlPSJGYWxzZSIgUmVzcG9uc2VUaW1lR29hbD0iMCIgRW5jb2Rpbmc9InV0Zi04IiBFeHBlY3RlZEh0dHBTdGF0dXNDb2RlPSIwIiBFeHBlY3RlZFJlc3BvbnNlVXJsPSIiIFJlcG9ydGluZ05hbWU9IiIgSWdub3JlSHR0cFN0YXR1c0NvZGU9IkZhbHNlIj4NCiAgICAgICAgICA8SGVhZGVycz4NCiAgICAgICAgICAgIDxIZWFkZXIgTmFtZT0iWC1DU1JGLVRva2VuIiBWYWx1ZT0ie3thdXRoVG9rZW59fSIgLz4NCiAgICAgICAgICAgIDxIZWFkZXIgTmFtZT0iWC1SZXF1ZXN0ZWQtV2l0aCIgVmFsdWU9IlhNTEh0dHBSZXF1ZXN0IiAvPg0KICAgICAgICAgICAgPEhlYWRlciBOYW1lPSJYLVBKQVgiIFZhbHVlPSJ0cnVlIiAvPg0KICAgICAgICAgIDwvSGVhZGVycz4NCiAgICAgICAgICA8UXVlcnlTdHJpbmdQYXJhbWV0ZXJzPg0KICAgICAgICAgICAgPFF1ZXJ5U3RyaW5nUGFyYW1ldGVyIE5hbWU9InV0ZjgiIFZhbHVlPSLinJMiIFJlY29yZGVkVmFsdWU9IiIgQ29ycmVsYXRpb25CaW5kaW5nPSIiIFVybEVuY29kZT0iVHJ1ZSIgVXNlVG9Hcm91cFJlc3VsdHM9IkZhbHNlIiAvPg0KICAgICAgICAgICAgPFF1ZXJ5U3RyaW5nUGFyYW1ldGVyIE5hbWU9InMiIFZhbHVlPSJ0cnVlIiBSZWNvcmRlZFZhbHVlPSIiIENvcnJlbGF0aW9uQmluZGluZz0iIiBVcmxFbmNvZGU9IlRydWUiIFVzZVRvR3JvdXBSZXN1bHRzPSJGYWxzZSIgLz4NCiAgICAgICAgICAgIDxRdWVyeVN0cmluZ1BhcmFtZXRlciBOYW1lPSJwYXJhbWV0ZXJzW2ZvcmNlXSIgVmFsdWU9InRydWUiIFJlY29yZGVkVmFsdWU9IiIgQ29ycmVsYXRpb25CaW5kaW5nPSIiIFVybEVuY29kZT0iVHJ1ZSIgVXNlVG9Hcm91cFJlc3VsdHM9IkZhbHNlIiAvPg0KICAgICAgICAgICAgPFF1ZXJ5U3RyaW5nUGFyYW1ldGVyIE5hbWU9InBhcmFtZXRlcnNbYWdlbmN5X2lkXSIgVmFsdWU9IjEiIFJlY29yZGVkVmFsdWU9IiIgQ29ycmVsYXRpb25CaW5kaW5nPSIiIFVybEVuY29kZT0iVHJ1ZSIgVXNlVG9Hcm91cFJlc3VsdHM9IkZhbHNlIiAvPg0KICAgICAgICAgICAgPFF1ZXJ5U3RyaW5nUGFyYW1ldGVyIE5hbWU9InBhcmFtZXRlcnNbY2xpZW50X2lkXSIgVmFsdWU9IjMiIFJlY29yZGVkVmFsdWU9IiIgQ29ycmVsYXRpb25CaW5kaW5nPSIiIFVybEVuY29kZT0iVHJ1ZSIgVXNlVG9Hcm91cFJlc3VsdHM9IkZhbHNlIiAvPg0KICAgICAgICAgICAgPFF1ZXJ5U3RyaW5nUGFyYW1ldGVyIE5hbWU9InBhcmFtZXRlcnNbYnVzaW5lc3NfdW5pdF9pZF0iIFZhbHVlPSIyODQ3IiBSZWNvcmRlZFZhbHVlPSIiIENvcnJlbGF0aW9uQmluZGluZz0iIiBVcmxFbmNvZGU9IlRydWUiIFVzZVRvR3JvdXBSZXN1bHRzPSJGYWxzZSIgLz4NCiAgICAgICAgICAgIDxRdWVyeVN0cmluZ1BhcmFtZXRlciBOYW1lPSJ0aW1lX2ZyYW1lIiBWYWx1ZT0iQWxsIFRpbWUiIFJlY29yZGVkVmFsdWU9IiIgQ29ycmVsYXRpb25CaW5kaW5nPSIiIFVybEVuY29kZT0iVHJ1ZSIgVXNlVG9Hcm91cFJlc3VsdHM9IkZhbHNlIiAvPg0KICAgICAgICAgICAgPFF1ZXJ5U3RyaW5nUGFyYW1ldGVyIE5hbWU9InBhcmFtZXRlcnNbZnJvbV0iIFZhbHVlPSIwMS8wMS8yMDAwIDEyOjAwIGFtIiBSZWNvcmRlZFZhbHVlPSIiIENvcnJlbGF0aW9uQmluZGluZz0iIiBVcmxFbmNvZGU9IlRydWUiIFVzZVRvR3JvdXBSZXN1bHRzPSJGYWxzZSIgLz4NCiAgICAgICAgICAgIDxRdWVyeVN0cmluZ1BhcmFtZXRlciBOYW1lPSJ1c2VyX3N1Ym1pdHRlZF9kYXRlX2Zyb20iIFZhbHVlPSJ0cnVlIiBSZWNvcmRlZFZhbHVlPSIiIENvcnJlbGF0aW9uQmluZGluZz0iIiBVcmxFbmNvZGU9IlRydWUiIFVzZVRvR3JvdXBSZXN1bHRzPSJGYWxzZSIgLz4NCiAgICAgICAgICAgIDxRdWVyeVN0cmluZ1BhcmFtZXRlciBOYW1lPSJwYXJhbWV0ZXJzW3RvXSIgVmFsdWU9IjEyLzMxLzIwMTYgMTE6NTkgcG0iIFJlY29yZGVkVmFsdWU9IiIgQ29ycmVsYXRpb25CaW5kaW5nPSIiIFVybEVuY29kZT0iVHJ1ZSIgVXNlVG9Hcm91cFJlc3VsdHM9IkZhbHNlIiAvPg0KICAgICAgICAgICAgPFF1ZXJ5U3RyaW5nUGFyYW1ldGVyIE5hbWU9InVzZXJfc3VibWl0dGVkX2RhdGVfdG8iIFZhbHVlPSJ0cnVlIiBSZWNvcmRlZFZhbHVlPSIiIENvcnJlbGF0aW9uQmluZGluZz0iIiBVcmxFbmNvZGU9IlRydWUiIFVzZVRvR3JvdXBSZXN1bHRzPSJGYWxzZSIgLz4NCiAgICAgICAgICAgIDxRdWVyeVN0cmluZ1BhcmFtZXRlciBOYW1lPSJ1c2VyX3N1Ym1pdHRlZF9kYXRlIiBWYWx1ZT0iIiBSZWNvcmRlZFZhbHVlPSIiIENvcnJlbGF0aW9uQmluZGluZz0iIiBVcmxFbmNvZGU9IlRydWUiIFVzZVRvR3JvdXBSZXN1bHRzPSJGYWxzZSIgLz4NCiAgICAgICAgICAgIDxRdWVyeVN0cmluZ1BhcmFtZXRlciBOYW1lPSJwYXJhbWV0ZXJzW3JlcG9ydF9pZF0iIFZhbHVlPSIyNCIgUmVjb3JkZWRWYWx1ZT0iIiBDb3JyZWxhdGlvbkJpbmRpbmc9IiIgVXJsRW5jb2RlPSJUcnVlIiBVc2VUb0dyb3VwUmVzdWx0cz0iRmFsc2UiIC8+DQogICAgICAgICAgICA8UXVlcnlTdHJpbmdQYXJhbWV0ZXIgTmFtZT0iX3BqYXgiIFZhbHVlPSJ0cnVlIiBSZWNvcmRlZFZhbHVlPSIiIENvcnJlbGF0aW9uQmluZGluZz0iIiBVcmxFbmNvZGU9IlRydWUiIFVzZVRvR3JvdXBSZXN1bHRzPSJGYWxzZSIgLz4NCiAgICAgICAgICA8L1F1ZXJ5U3RyaW5nUGFyYW1ldGVycz4NCiAgICAgICAgPC9SZXF1ZXN0Pg0KICAgICAgPC9JdGVtcz4NCiAgICA8L1RyYW5zYWN0aW9uVGltZXI+DQogICAgPENvbW1lbnQgQ29tbWVudFRleHQ9IkxvZ291dCIgLz4NCiAgICA8VHJhbnNhY3Rpb25UaW1lciBOYW1lPSJMb2dvdXQiPg0KICAgICAgPEl0ZW1zPg0KICAgICAgICA8SW5jbHVkZWRXZWJUZXN0IE5hbWU9IkxvZ291dCIgUGF0aD0iYzpcbWVkc2Vla1xhdXRvbWF0aW9uXHBlcnN1YWRlXHZzcHJvamVjdHNccGVyc3VhZGVwZXJmb3JtYW5jZVxwZXJzdWFkZXBlcmZvcm1hbmNlXHdlYnRlc3RzXGdsb2JhbCB0ZXN0c1xsb2dvdXQud2VidGVzdCIgSWQ9ImQzZmRmNDg0LTE5YTgtNGYwMi05Mjc2LTE3NzY1MjkzOTk1OCIgSXNDb2RlZFdlYlRlc3Q9IkZhbHNlIiBJbmhlcml0V2ViVGVzdFNldHRpbmdzPSJGYWxzZSIgLz4NCiAgICAgIDwvSXRlbXM+DQogICAgPC9UcmFuc2FjdGlvblRpbWVyPg0KICAgIDxDb21tZW50IENvbW1lbnRUZXh0PSIiIC8+DQogIDwvSXRlbXM+DQogIDxDb250ZXh0UGFyYW1ldGVycz4NCiAgICA8Q29udGV4dFBhcmFtZXRlciBOYW1lPSJTZXJ2ZXJVcmwiIFZhbHVlPSJodHRwczovL3N0YWdpbmcuYnJpZ2h0d2hpc3RsZS5jb20iIC8+DQogIDwvQ29udGV4dFBhcmFtZXRlcnM+DQogIDxXZWJUZXN0UGx1Z2lucz4NCiAgICA8V2ViVGVzdFBsdWdpbiBDbGFzc25hbWU9IlRlc3RQbHVnaW4uU2VydmVyVXJscywgVGVzdFBsdWdpbiwgVmVyc2lvbj0xLjAuMC4wLCBDdWx0dXJlPW5ldXRyYWwsIFB1YmxpY0tleVRva2VuPW51bGwiIERpc3BsYXlOYW1lPSJTZXJ2ZXJVcmxzIiBEZXNjcmlwdGlvbj0iIiAvPg0KICA8L1dlYlRlc3RQbHVnaW5zPg0KPC9XZWJUZXN0Pg==">
    </WebTest>
    <WebTest name="PERS-1691_MonthlyLeads" storage="c:\medseek\automation\persuade\vsprojects\persuadeperformance\persuadeperformance\webtests\reports\pers-1691_monthlyleads.webtest" priority="0" id="2cbdf330-05fa-47cd-85e1-047a91621b28" persistedWebTest="77u/PD94bWwgdmVyc2lvbj0iMS4wIiBlbmNvZGluZz0iVVRGLTgiIHN0YW5kYWxvbmU9InllcyI/Pg0KPFdlYlRlc3QgTmFtZT0iUEVSUy0xNjkxX01vbnRobHlMZWFkcyIgSWQ9IjJjYmRmMzMwLTA1ZmEtNDdjZC04NWUxLTA0N2E5MTYyMWIyOCIgT3duZXI9IiIgUHJpb3JpdHk9IjAiIEVuYWJsZWQ9IlRydWUiIENzc1Byb2plY3RTdHJ1Y3R1cmU9IiIgQ3NzSXRlcmF0aW9uPSIiIFRpbWVvdXQ9IjAiIFdvcmtJdGVtSWRzPSIiIHhtbG5zPSJodHRwOi8vbWljcm9zb2Z0LmNvbS9zY2hlbWFzL1Zpc3VhbFN0dWRpby9UZWFtVGVzdC8yMDEwIiBEZXNjcmlwdGlvbj0iIiBDcmVkZW50aWFsVXNlck5hbWU9IiIgQ3JlZGVudGlhbFBhc3N3b3JkPSIiIFByZUF1dGhlbnRpY2F0ZT0iVHJ1ZSIgUHJveHk9IiIgU3RvcE9uRXJyb3I9IkZhbHNlIiBSZWNvcmRlZFJlc3VsdEZpbGU9IiIgUmVzdWx0c0xvY2FsZT0iIj4NCiAgPEl0ZW1zPg0KICAgIDxDb21tZW50IENvbW1lbnRUZXh0PSJMb2dpbiIgLz4NCiAgICA8VHJhbnNhY3Rpb25UaW1lciBOYW1lPSJMb2dpbiI+DQogICAgICA8SXRlbXM+DQogICAgICAgIDxJbmNsdWRlZFdlYlRlc3QgTmFtZT0iTG9naW4iIFBhdGg9ImM6XG1lZHNlZWtcYXV0b21hdGlvblxwZXJzdWFkZVx2c3Byb2plY3RzXHBlcnN1YWRlcGVyZm9ybWFuY2VccGVyc3VhZGVwZXJmb3JtYW5jZVx3ZWJ0ZXN0c1xnbG9iYWwgdGVzdHNcbG9naW4ud2VidGVzdCIgSWQ9IjZlOTYxYWEyLTEwOTAtNGE3Mi04ZjVjLTA5ODU4ZWIyOGE1NCIgSXNDb2RlZFdlYlRlc3Q9IkZhbHNlIiBJbmhlcml0V2ViVGVzdFNldHRpbmdzPSJGYWxzZSIgLz4NCiAgICAgIDwvSXRlbXM+DQogICAgPC9UcmFuc2FjdGlvblRpbWVyPg0KICAgIDxDb21tZW50IENvbW1lbnRUZXh0PSJSZXBvcnRzIC0gTW9udGhseSBMZWFkcyIgLz4NCiAgICA8VHJhbnNhY3Rpb25UaW1lciBOYW1lPSJSZXBvcnRzIC0gTW9udGhseSBMZWFkcyI+DQogICAgICA8SXRlbXM+DQogICAgICAgIDxSZXF1ZXN0IE1ldGhvZD0iR0VUIiBHdWlkPSI1ZjE0YjI0OS0zN2YxLTQwYjctODBlNS1hOGE1YjFkMzZmNWYiIFZlcnNpb249IjEuMSIgVXJsPSJ7e1NlcnZlclVybH19L3JlcG9ydHMvMTQiIFRoaW5rVGltZT0iLTQiIFRpbWVvdXQ9IjYwIiBQYXJzZURlcGVuZGVudFJlcXVlc3RzPSJGYWxzZSIgRm9sbG93UmVkaXJlY3RzPSJUcnVlIiBSZWNvcmRSZXN1bHQ9IlRydWUiIENhY2hlPSJGYWxzZSIgUmVzcG9uc2VUaW1lR29hbD0iMCIgRW5jb2Rpbmc9InV0Zi04IiBFeHBlY3RlZEh0dHBTdGF0dXNDb2RlPSIwIiBFeHBlY3RlZFJlc3BvbnNlVXJsPSIiIFJlcG9ydGluZ05hbWU9IiIgSWdub3JlSHR0cFN0YXR1c0NvZGU9IkZhbHNlIj4NCiAgICAgICAgICA8SGVhZGVycz4NCiAgICAgICAgICAgIDxIZWFkZXIgTmFtZT0iVXBncmFkZS1JbnNlY3VyZS1SZXF1ZXN0cyIgVmFsdWU9IjEiIC8+DQogICAgICAgICAgPC9IZWFkZXJzPg0KICAgICAgICA8L1JlcXVlc3Q+DQogICAgICA8L0l0ZW1zPg0KICAgIDwvVHJhbnNhY3Rpb25UaW1lcj4NCiAgICA8Q29tbWVudCBDb21tZW50VGV4dD0iUnVuIFJlcG9ydCIgLz4NCiAgICA8VHJhbnNhY3Rpb25UaW1lciBOYW1lPSJSdW4gUmVwb3J0Ij4NCiAgICAgIDxJdGVtcz4NCiAgICAgICAgPFJlcXVlc3QgTWV0aG9kPSJHRVQiIEd1aWQ9IjQ4NTQzYWQ3LTg5MjQtNDE0NS1hMTg3LTM0YTdkZTgyZjNjMCIgVmVyc2lvbj0iMS4xIiBVcmw9Int7U2VydmVyVXJsfX0vcmVwb3J0cy8xNCIgVGhpbmtUaW1lPSItMiIgVGltZW91dD0iNjAiIFBhcnNlRGVwZW5kZW50UmVxdWVzdHM9IlRydWUiIEZvbGxvd1JlZGlyZWN0cz0iVHJ1ZSIgUmVjb3JkUmVzdWx0PSJUcnVlIiBDYWNoZT0iRmFsc2UiIFJlc3BvbnNlVGltZUdvYWw9IjAiIEVuY29kaW5nPSJ1dGYtOCIgRXhwZWN0ZWRIdHRwU3RhdHVzQ29kZT0iMCIgRXhwZWN0ZWRSZXNwb25zZVVybD0iIiBSZXBvcnRpbmdOYW1lPSIiIElnbm9yZUh0dHBTdGF0dXNDb2RlPSJGYWxzZSI+DQogICAgICAgICAgPEhlYWRlcnM+DQogICAgICAgICAgICA8SGVhZGVyIE5hbWU9IlgtQ1NSRi1Ub2tlbiIgVmFsdWU9Int7YXV0aFRva2VufX0iIC8+DQogICAgICAgICAgICA8SGVhZGVyIE5hbWU9IlgtUmVxdWVzdGVkLVdpdGgiIFZhbHVlPSJYTUxIdHRwUmVxdWVzdCIgLz4NCiAgICAgICAgICAgIDxIZWFkZXIgTmFtZT0iWC1QSkFYIiBWYWx1ZT0idHJ1ZSIgLz4NCiAgICAgICAgICAgIDxIZWFkZXIgTmFtZT0iSWYtTm9uZS1NYXRjaCIgVmFsdWU9IiZxdW90O2YwMTUzZWM1YzY0Zjk0OTM0NDQ3Yjk4ZDQwYTQzMGIxJnF1b3Q7IiAvPg0KICAgICAgICAgIDwvSGVhZGVycz4NCiAgICAgICAgICA8UXVlcnlTdHJpbmdQYXJhbWV0ZXJzPg0KICAgICAgICAgICAgPFF1ZXJ5U3RyaW5nUGFyYW1ldGVyIE5hbWU9InV0ZjgiIFZhbHVlPSLinJMiIFJlY29yZGVkVmFsdWU9IiIgQ29ycmVsYXRpb25CaW5kaW5nPSIiIFVybEVuY29kZT0iVHJ1ZSIgVXNlVG9Hcm91cFJlc3VsdHM9IkZhbHNlIiAvPg0KICAgICAgICAgICAgPFF1ZXJ5U3RyaW5nUGFyYW1ldGVyIE5hbWU9InMiIFZhbHVlPSJ0cnVlIiBSZWNvcmRlZFZhbHVlPSIiIENvcnJlbGF0aW9uQmluZGluZz0iIiBVcmxFbmNvZGU9IlRydWUiIFVzZVRvR3JvdXBSZXN1bHRzPSJGYWxzZSIgLz4NCiAgICAgICAgICAgIDxRdWVyeVN0cmluZ1BhcmFtZXRlciBOYW1lPSJwYXJhbWV0ZXJzW2ZvcmNlXSIgVmFsdWU9IiIgUmVjb3JkZWRWYWx1ZT0iIiBDb3JyZWxhdGlvbkJpbmRpbmc9IiIgVXJsRW5jb2RlPSJUcnVlIiBVc2VUb0dyb3VwUmVzdWx0cz0iRmFsc2UiIC8+DQogICAgICAgICAgICA8UXVlcnlTdHJpbmdQYXJhbWV0ZXIgTmFtZT0icGFyYW1ldGVyc1thZ2VuY3lfaWRdIiBWYWx1ZT0ie3tIaWVyYXJjaHkuSGllcmFyY2h5I2Nzdi5UaWVyMX19IiBSZWNvcmRlZFZhbHVlPSIiIENvcnJlbGF0aW9uQmluZGluZz0iIiBVcmxFbmNvZGU9IlRydWUiIFVzZVRvR3JvdXBSZXN1bHRzPSJGYWxzZSIgLz4NCiAgICAgICAgICAgIDxRdWVyeVN0cmluZ1BhcmFtZXRlciBOYW1lPSJwYXJhbWV0ZXJzW2NsaWVudF9pZF0iIFZhbHVlPSIiIFJlY29yZGVkVmFsdWU9IiIgQ29ycmVsYXRpb25CaW5kaW5nPSIiIFVybEVuY29kZT0iVHJ1ZSIgVXNlVG9Hcm91cFJlc3VsdHM9IkZhbHNlIiAvPg0KICAgICAgICAgICAgPFF1ZXJ5U3RyaW5nUGFyYW1ldGVyIE5hbWU9InBhcmFtZXRlcnNbYnVzaW5lc3NfdW5pdF9pZF0iIFZhbHVlPSIiIFJlY29yZGVkVmFsdWU9IiIgQ29ycmVsYXRpb25CaW5kaW5nPSIiIFVybEVuY29kZT0iVHJ1ZSIgVXNlVG9Hcm91cFJlc3VsdHM9IkZhbHNlIiAvPg0KICAgICAgICAgICAgPFF1ZXJ5U3RyaW5nUGFyYW1ldGVyIE5hbWU9InRpbWVfZnJhbWUiIFZhbHVlPSJMYXN0IDMgbW9udGhzIiBSZWNvcmRlZFZhbHVlPSIiIENvcnJlbGF0aW9uQmluZGluZz0iIiBVcmxFbmNvZGU9IlRydWUiIFVzZVRvR3JvdXBSZXN1bHRzPSJGYWxzZSIgLz4NCiAgICAgICAgICAgIDxRdWVyeVN0cmluZ1BhcmFtZXRlciBOYW1lPSJwYXJhbWV0ZXJzW2Zyb21dIiBWYWx1ZT0iMDMvMDEvMjAxNiAxMjowMCBhbSIgUmVjb3JkZWRWYWx1ZT0iIiBDb3JyZWxhdGlvbkJpbmRpbmc9IiIgVXJsRW5jb2RlPSJUcnVlIiBVc2VUb0dyb3VwUmVzdWx0cz0iRmFsc2UiIC8+DQogICAgICAgICAgICA8UXVlcnlTdHJpbmdQYXJhbWV0ZXIgTmFtZT0idXNlcl9zdWJtaXR0ZWRfZGF0ZV9mcm9tIiBWYWx1ZT0idHJ1ZSIgUmVjb3JkZWRWYWx1ZT0iIiBDb3JyZWxhdGlvbkJpbmRpbmc9IiIgVXJsRW5jb2RlPSJUcnVlIiBVc2VUb0dyb3VwUmVzdWx0cz0iRmFsc2UiIC8+DQogICAgICAgICAgICA8UXVlcnlTdHJpbmdQYXJhbWV0ZXIgTmFtZT0icGFyYW1ldGVyc1t0b10iIFZhbHVlPSIwNi8yMy8yMDE2IDExOjU5IHBtIiBSZWNvcmRlZFZhbHVlPSIiIENvcnJlbGF0aW9uQmluZGluZz0iIiBVcmxFbmNvZGU9IlRydWUiIFVzZVRvR3JvdXBSZXN1bHRzPSJGYWxzZSIgLz4NCiAgICAgICAgICAgIDxRdWVyeVN0cmluZ1BhcmFtZXRlciBOYW1lPSJ1c2VyX3N1Ym1pdHRlZF9kYXRlX3RvIiBWYWx1ZT0idHJ1ZSIgUmVjb3JkZWRWYWx1ZT0iIiBDb3JyZWxhdGlvbkJpbmRpbmc9IiIgVXJsRW5jb2RlPSJUcnVlIiBVc2VUb0dyb3VwUmVzdWx0cz0iRmFsc2UiIC8+DQogICAgICAgICAgICA8UXVlcnlTdHJpbmdQYXJhbWV0ZXIgTmFtZT0idXNlcl9zdWJtaXR0ZWRfZGF0ZSIgVmFsdWU9IiIgUmVjb3JkZWRWYWx1ZT0iIiBDb3JyZWxhdGlvbkJpbmRpbmc9IiIgVXJsRW5jb2RlPSJUcnVlIiBVc2VUb0dyb3VwUmVzdWx0cz0iRmFsc2UiIC8+DQogICAgICAgICAgICA8UXVlcnlTdHJpbmdQYXJhbWV0ZXIgTmFtZT0icGFyYW1ldGVyc1tjb25zb2xpZGF0ZWRfbGVhZF90eXBlXSIgVmFsdWU9Int7TGVhZFR5cGVzLkxlYWRUeXBlcyNjc3YuVHlwZUlkfX0iIFJlY29yZGVkVmFsdWU9IiIgQ29ycmVsYXRpb25CaW5kaW5nPSIiIFVybEVuY29kZT0iVHJ1ZSIgVXNlVG9Hcm91cFJlc3VsdHM9IkZhbHNlIiAvPg0KICAgICAgICAgICAgPFF1ZXJ5U3RyaW5nUGFyYW1ldGVyIE5hbWU9InBhcmFtZXRlcnNbY2hhbm5lbHNdW10iIFZhbHVlPSJ7e0NoYW5uZWwuQ2hhbm5lbCNjc3YuQ2hhbm5lbElkfX0iIFJlY29yZGVkVmFsdWU9IiIgQ29ycmVsYXRpb25CaW5kaW5nPSIiIFVybEVuY29kZT0iVHJ1ZSIgVXNlVG9Hcm91cFJlc3VsdHM9IkZhbHNlIiAvPg0KICAgICAgICAgICAgPFF1ZXJ5U3RyaW5nUGFyYW1ldGVyIE5hbWU9Il9wamF4IiBWYWx1ZT0idHJ1ZSIgUmVjb3JkZWRWYWx1ZT0iIiBDb3JyZWxhdGlvbkJpbmRpbmc9IiIgVXJsRW5jb2RlPSJUcnVlIiBVc2VUb0dyb3VwUmVzdWx0cz0iRmFsc2UiIC8+DQogICAgICAgICAgPC9RdWVyeVN0cmluZ1BhcmFtZXRlcnM+DQogICAgICAgIDwvUmVxdWVzdD4NCiAgICAgIDwvSXRlbXM+DQogICAgPC9UcmFuc2FjdGlvblRpbWVyPg0KICAgIDxDb21tZW50IENvbW1lbnRUZXh0PSJMb2dvdXQiIC8+DQogICAgPEluY2x1ZGVkV2ViVGVzdCBOYW1lPSJMb2dvdXQiIFBhdGg9ImM6XG1lZHNlZWtcYXV0b21hdGlvblxwZXJzdWFkZVx2c3Byb2plY3RzXHBlcnN1YWRlcGVyZm9ybWFuY2VccGVyc3VhZGVwZXJmb3JtYW5jZVx3ZWJ0ZXN0c1xnbG9iYWwgdGVzdHNcbG9nb3V0LndlYnRlc3QiIElkPSJkM2ZkZjQ4NC0xOWE4LTRmMDItOTI3Ni0xNzc2NTI5Mzk5NTgiIElzQ29kZWRXZWJUZXN0PSJGYWxzZSIgSW5oZXJpdFdlYlRlc3RTZXR0aW5ncz0iRmFsc2UiIC8+DQogICAgPENvbW1lbnQgQ29tbWVudFRleHQ9IiIgLz4NCiAgPC9JdGVtcz4NCiAgPERhdGFTb3VyY2VzPg0KICAgIDxEYXRhU291cmNlIE5hbWU9IkhpZXJhcmNoeSIgUHJvdmlkZXI9Ik1pY3Jvc29mdC5WaXN1YWxTdHVkaW8uVGVzdFRvb2xzLkRhdGFTb3VyY2UuQ1NWIiBDb25uZWN0aW9uPSJ8RGF0YURpcmVjdG9yeXxcLi5cLi5cRGF0YVxIaWVyYXJjaHkuY3N2Ij4NCiAgICAgIDxUYWJsZXM+DQogICAgICAgIDxEYXRhU291cmNlVGFibGUgTmFtZT0iSGllcmFyY2h5I2NzdiIgU2VsZWN0Q29sdW1ucz0iU2VsZWN0T25seUJvdW5kQ29sdW1ucyIgQWNjZXNzTWV0aG9kPSJTZXF1ZW50aWFsIiAvPg0KICAgICAgPC9UYWJsZXM+DQogICAgPC9EYXRhU291cmNlPg0KICAgIDxEYXRhU291cmNlIE5hbWU9IkxlYWRUeXBlcyIgUHJvdmlkZXI9Ik1pY3Jvc29mdC5WaXN1YWxTdHVkaW8uVGVzdFRvb2xzLkRhdGFTb3VyY2UuQ1NWIiBDb25uZWN0aW9uPSJ8RGF0YURpcmVjdG9yeXxcLi5cLi5cRGF0YVxMZWFkVHlwZXMuY3N2Ij4NCiAgICAgIDxUYWJsZXM+DQogICAgICAgIDxEYXRhU291cmNlVGFibGUgTmFtZT0iTGVhZFR5cGVzI2NzdiIgU2VsZWN0Q29sdW1ucz0iU2VsZWN0T25seUJvdW5kQ29sdW1ucyIgQWNjZXNzTWV0aG9kPSJTZXF1ZW50aWFsIiAvPg0KICAgICAgPC9UYWJsZXM+DQogICAgPC9EYXRhU291cmNlPg0KICAgIDxEYXRhU291cmNlIE5hbWU9IkNoYW5uZWwiIFByb3ZpZGVyPSJNaWNyb3NvZnQuVmlzdWFsU3R1ZGlvLlRlc3RUb29scy5EYXRhU291cmNlLkNTViIgQ29ubmVjdGlvbj0ifERhdGFEaXJlY3Rvcnl8XC4uXC4uXERhdGFcQ2hhbm5lbC5jc3YiPg0KICAgICAgPFRhYmxlcz4NCiAgICAgICAgPERhdGFTb3VyY2VUYWJsZSBOYW1lPSJDaGFubmVsI2NzdiIgU2VsZWN0Q29sdW1ucz0iU2VsZWN0T25seUJvdW5kQ29sdW1ucyIgQWNjZXNzTWV0aG9kPSJTZXF1ZW50aWFsIiAvPg0KICAgICAgPC9UYWJsZXM+DQogICAgPC9EYXRhU291cmNlPg0KICA8L0RhdGFTb3VyY2VzPg0KICA8Q29udGV4dFBhcmFtZXRlcnM+DQogICAgPENvbnRleHRQYXJhbWV0ZXIgTmFtZT0iU2VydmVyVXJsIiBWYWx1ZT0iaHR0cHM6Ly9zdGFnaW5nLmJyaWdodHdoaXN0bGUuY29tIiAvPg0KICA8L0NvbnRleHRQYXJhbWV0ZXJzPg0KPC9XZWJUZXN0Pg==">
      <Execution id="768df3af-2ca9-417c-9bf8-2b9f3382b9df" />
    </WebTest>
    <WebTest name="PERS-1689_Medicom" storage="c:\medseek\automation\persuade\vsprojects\persuadeperformance\persuadeperformance\webtests\reports\pers-1689_medicom.webtest" priority="0" id="9ba3d9c6-ccd5-4cc2-bc42-c93023b17ade" persistedWebTest="77u/PD94bWwgdmVyc2lvbj0iMS4wIiBlbmNvZGluZz0iVVRGLTgiIHN0YW5kYWxvbmU9InllcyI/Pg0KPFdlYlRlc3QgTmFtZT0iUEVSUy0xNjg5X01lZGljb20iIElkPSI5YmEzZDljNi1jY2Q1LTRjYzItYmM0Mi1jOTMwMjNiMTdhZGUiIE93bmVyPSIiIFByaW9yaXR5PSIwIiBFbmFibGVkPSJUcnVlIiBDc3NQcm9qZWN0U3RydWN0dXJlPSIiIENzc0l0ZXJhdGlvbj0iIiBUaW1lb3V0PSIwIiBXb3JrSXRlbUlkcz0iIiB4bWxucz0iaHR0cDovL21pY3Jvc29mdC5jb20vc2NoZW1hcy9WaXN1YWxTdHVkaW8vVGVhbVRlc3QvMjAxMCIgRGVzY3JpcHRpb249IiIgQ3JlZGVudGlhbFVzZXJOYW1lPSIiIENyZWRlbnRpYWxQYXNzd29yZD0iIiBQcmVBdXRoZW50aWNhdGU9IlRydWUiIFByb3h5PSIiIFN0b3BPbkVycm9yPSJGYWxzZSIgUmVjb3JkZWRSZXN1bHRGaWxlPSIiIFJlc3VsdHNMb2NhbGU9IiI+DQogIDxJdGVtcz4NCiAgICA8Q29tbWVudCBDb21tZW50VGV4dD0iTG9naW4iIC8+DQogICAgPFRyYW5zYWN0aW9uVGltZXIgTmFtZT0iTG9naW4iPg0KICAgICAgPEl0ZW1zPg0KICAgICAgICA8SW5jbHVkZWRXZWJUZXN0IE5hbWU9IkxvZ2luIiBQYXRoPSJjOlxtZWRzZWVrXGF1dG9tYXRpb25ccGVyc3VhZGVcdnNwcm9qZWN0c1xwZXJzdWFkZXBlcmZvcm1hbmNlXHBlcnN1YWRlcGVyZm9ybWFuY2Vcd2VidGVzdHNcZ2xvYmFsIHRlc3RzXGxvZ2luLndlYnRlc3QiIElkPSI2ZTk2MWFhMi0xMDkwLTRhNzItOGY1Yy0wOTg1OGViMjhhNTQiIElzQ29kZWRXZWJUZXN0PSJGYWxzZSIgSW5oZXJpdFdlYlRlc3RTZXR0aW5ncz0iRmFsc2UiIC8+DQogICAgICA8L0l0ZW1zPg0KICAgIDwvVHJhbnNhY3Rpb25UaW1lcj4NCiAgICA8Q29tbWVudCBDb21tZW50VGV4dD0iUmVwb3J0cyAtIE1lZGljb20iIC8+DQogICAgPFRyYW5zYWN0aW9uVGltZXIgTmFtZT0iUmVwb3J0cyAtIE1lZGljb20iPg0KICAgICAgPEl0ZW1zPg0KICAgICAgICA8UmVxdWVzdCBNZXRob2Q9IkdFVCIgR3VpZD0iOWU4NDM2NmYtYjUxYy00OTg2LThkYzctZmNiYzkxOTY1MWIyIiBWZXJzaW9uPSIxLjEiIFVybD0ie3tTZXJ2ZXJVcmx9fS9yZXBvcnRzLzE5IiBUaGlua1RpbWU9Ii0zIiBUaW1lb3V0PSI2MCIgUGFyc2VEZXBlbmRlbnRSZXF1ZXN0cz0iVHJ1ZSIgRm9sbG93UmVkaXJlY3RzPSJUcnVlIiBSZWNvcmRSZXN1bHQ9IlRydWUiIENhY2hlPSJGYWxzZSIgUmVzcG9uc2VUaW1lR29hbD0iMCIgRW5jb2Rpbmc9InV0Zi04IiBFeHBlY3RlZEh0dHBTdGF0dXNDb2RlPSIwIiBFeHBlY3RlZFJlc3BvbnNlVXJsPSIiIFJlcG9ydGluZ05hbWU9IiIgSWdub3JlSHR0cFN0YXR1c0NvZGU9IkZhbHNlIj4NCiAgICAgICAgICA8SGVhZGVycz4NCiAgICAgICAgICAgIDxIZWFkZXIgTmFtZT0iVXBncmFkZS1JbnNlY3VyZS1SZXF1ZXN0cyIgVmFsdWU9IjEiIC8+DQogICAgICAgICAgPC9IZWFkZXJzPg0KICAgICAgICA8L1JlcXVlc3Q+DQogICAgICA8L0l0ZW1zPg0KICAgIDwvVHJhbnNhY3Rpb25UaW1lcj4NCiAgICA8Q29tbWVudCBDb21tZW50VGV4dD0iUnVuIFJlcG9ydCIgLz4NCiAgICA8VHJhbnNhY3Rpb25UaW1lciBOYW1lPSJSdW4gUmVwb3J0Ij4NCiAgICAgIDxJdGVtcz4NCiAgICAgICAgPFJlcXVlc3QgTWV0aG9kPSJHRVQiIEd1aWQ9IjJmYzFjMjJkLTU3ZWUtNDg0OS1iNzcyLWYwMzQzODI3MmIzMiIgVmVyc2lvbj0iMS4xIiBVcmw9Int7U2VydmVyVXJsfX0vcmVwb3J0cy8xOSIgVGhpbmtUaW1lPSItNSIgVGltZW91dD0iNjAiIFBhcnNlRGVwZW5kZW50UmVxdWVzdHM9IlRydWUiIEZvbGxvd1JlZGlyZWN0cz0iVHJ1ZSIgUmVjb3JkUmVzdWx0PSJUcnVlIiBDYWNoZT0iRmFsc2UiIFJlc3BvbnNlVGltZUdvYWw9IjAiIEVuY29kaW5nPSJ1dGYtOCIgRXhwZWN0ZWRIdHRwU3RhdHVzQ29kZT0iMCIgRXhwZWN0ZWRSZXNwb25zZVVybD0iIiBSZXBvcnRpbmdOYW1lPSIiIElnbm9yZUh0dHBTdGF0dXNDb2RlPSJGYWxzZSI+DQogICAgICAgICAgPEhlYWRlcnM+DQogICAgICAgICAgICA8SGVhZGVyIE5hbWU9IlgtQ1NSRi1Ub2tlbiIgVmFsdWU9Int7YXV0aFRva2VufX0iIC8+DQogICAgICAgICAgICA8SGVhZGVyIE5hbWU9IlgtUmVxdWVzdGVkLVdpdGgiIFZhbHVlPSJYTUxIdHRwUmVxdWVzdCIgLz4NCiAgICAgICAgICAgIDxIZWFkZXIgTmFtZT0iWC1QSkFYIiBWYWx1ZT0idHJ1ZSIgLz4NCiAgICAgICAgICA8L0hlYWRlcnM+DQogICAgICAgICAgPFF1ZXJ5U3RyaW5nUGFyYW1ldGVycz4NCiAgICAgICAgICAgIDxRdWVyeVN0cmluZ1BhcmFtZXRlciBOYW1lPSJ1dGY4IiBWYWx1ZT0i4pyTIiBSZWNvcmRlZFZhbHVlPSIiIENvcnJlbGF0aW9uQmluZGluZz0iIiBVcmxFbmNvZGU9IlRydWUiIFVzZVRvR3JvdXBSZXN1bHRzPSJGYWxzZSIgLz4NCiAgICAgICAgICAgIDxRdWVyeVN0cmluZ1BhcmFtZXRlciBOYW1lPSJzIiBWYWx1ZT0idHJ1ZSIgUmVjb3JkZWRWYWx1ZT0iIiBDb3JyZWxhdGlvbkJpbmRpbmc9IiIgVXJsRW5jb2RlPSJUcnVlIiBVc2VUb0dyb3VwUmVzdWx0cz0iRmFsc2UiIC8+DQogICAgICAgICAgICA8UXVlcnlTdHJpbmdQYXJhbWV0ZXIgTmFtZT0icGFyYW1ldGVyc1tmb3JjZV0iIFZhbHVlPSIiIFJlY29yZGVkVmFsdWU9IiIgQ29ycmVsYXRpb25CaW5kaW5nPSIiIFVybEVuY29kZT0iVHJ1ZSIgVXNlVG9Hcm91cFJlc3VsdHM9IkZhbHNlIiAvPg0KICAgICAgICAgICAgPFF1ZXJ5U3RyaW5nUGFyYW1ldGVyIE5hbWU9InBhcmFtZXRlcnNbYWdlbmN5X2lkXSIgVmFsdWU9IjIiIFJlY29yZGVkVmFsdWU9IiIgQ29ycmVsYXRpb25CaW5kaW5nPSIiIFVybEVuY29kZT0iVHJ1ZSIgVXNlVG9Hcm91cFJlc3VsdHM9IkZhbHNlIiAvPg0KICAgICAgICAgICAgPFF1ZXJ5U3RyaW5nUGFyYW1ldGVyIE5hbWU9InBhcmFtZXRlcnNbY2xpZW50X2lkXSIgVmFsdWU9IjEzIiBSZWNvcmRlZFZhbHVlPSIiIENvcnJlbGF0aW9uQmluZGluZz0iIiBVcmxFbmNvZGU9IlRydWUiIFVzZVRvR3JvdXBSZXN1bHRzPSJGYWxzZSIgLz4NCiAgICAgICAgICAgIDxRdWVyeVN0cmluZ1BhcmFtZXRlciBOYW1lPSJwYXJhbWV0ZXJzW2J1c2luZXNzX3VuaXRfaWRdIiBWYWx1ZT0iMjcwMSIgUmVjb3JkZWRWYWx1ZT0iIiBDb3JyZWxhdGlvbkJpbmRpbmc9IiIgVXJsRW5jb2RlPSJUcnVlIiBVc2VUb0dyb3VwUmVzdWx0cz0iRmFsc2UiIC8+DQogICAgICAgICAgICA8UXVlcnlTdHJpbmdQYXJhbWV0ZXIgTmFtZT0icGFyYW1ldGVyc1tjYW1wYWlnbl9pZF0iIFZhbHVlPSIiIFJlY29yZGVkVmFsdWU9IiIgQ29ycmVsYXRpb25CaW5kaW5nPSIiIFVybEVuY29kZT0iVHJ1ZSIgVXNlVG9Hcm91cFJlc3VsdHM9IkZhbHNlIiAvPg0KICAgICAgICAgICAgPFF1ZXJ5U3RyaW5nUGFyYW1ldGVyIE5hbWU9InRpbWVfZnJhbWUiIFZhbHVlPSJBbGwgVGltZSIgUmVjb3JkZWRWYWx1ZT0iIiBDb3JyZWxhdGlvbkJpbmRpbmc9IiIgVXJsRW5jb2RlPSJUcnVlIiBVc2VUb0dyb3VwUmVzdWx0cz0iRmFsc2UiIC8+DQogICAgICAgICAgICA8UXVlcnlTdHJpbmdQYXJhbWV0ZXIgTmFtZT0icGFyYW1ldGVyc1tmcm9tXSIgVmFsdWU9IjAxLzAxLzIwMDAgMTI6MDAgYW0iIFJlY29yZGVkVmFsdWU9IiIgQ29ycmVsYXRpb25CaW5kaW5nPSIiIFVybEVuY29kZT0iVHJ1ZSIgVXNlVG9Hcm91cFJlc3VsdHM9IkZhbHNlIiAvPg0KICAgICAgICAgICAgPFF1ZXJ5U3RyaW5nUGFyYW1ldGVyIE5hbWU9InVzZXJfc3VibWl0dGVkX2RhdGVfZnJvbSIgVmFsdWU9InRydWUiIFJlY29yZGVkVmFsdWU9IiIgQ29ycmVsYXRpb25CaW5kaW5nPSIiIFVybEVuY29kZT0iVHJ1ZSIgVXNlVG9Hcm91cFJlc3VsdHM9IkZhbHNlIiAvPg0KICAgICAgICAgICAgPFF1ZXJ5U3RyaW5nUGFyYW1ldGVyIE5hbWU9InBhcmFtZXRlcnNbdG9dIiBWYWx1ZT0iMTIvMzEvMjAxNiAxMTo1OSBwbSIgUmVjb3JkZWRWYWx1ZT0iIiBDb3JyZWxhdGlvbkJpbmRpbmc9IiIgVXJsRW5jb2RlPSJUcnVlIiBVc2VUb0dyb3VwUmVzdWx0cz0iRmFsc2UiIC8+DQogICAgICAgICAgICA8UXVlcnlTdHJpbmdQYXJhbWV0ZXIgTmFtZT0idXNlcl9zdWJtaXR0ZWRfZGF0ZV90byIgVmFsdWU9InRydWUiIFJlY29yZGVkVmFsdWU9IiIgQ29ycmVsYXRpb25CaW5kaW5nPSIiIFVybEVuY29kZT0iVHJ1ZSIgVXNlVG9Hcm91cFJlc3VsdHM9IkZhbHNlIiAvPg0KICAgICAgICAgICAgPFF1ZXJ5U3RyaW5nUGFyYW1ldGVyIE5hbWU9InVzZXJfc3VibWl0dGVkX2RhdGUiIFZhbHVlPSIiIFJlY29yZGVkVmFsdWU9IiIgQ29ycmVsYXRpb25CaW5kaW5nPSIiIFVybEVuY29kZT0iVHJ1ZSIgVXNlVG9Hcm91cFJlc3VsdHM9IkZhbHNlIiAvPg0KICAgICAgICAgICAgPFF1ZXJ5U3RyaW5nUGFyYW1ldGVyIE5hbWU9Il9wamF4IiBWYWx1ZT0idHJ1ZSIgUmVjb3JkZWRWYWx1ZT0iIiBDb3JyZWxhdGlvbkJpbmRpbmc9IiIgVXJsRW5jb2RlPSJUcnVlIiBVc2VUb0dyb3VwUmVzdWx0cz0iRmFsc2UiIC8+DQogICAgICAgICAgPC9RdWVyeVN0cmluZ1BhcmFtZXRlcnM+DQogICAgICAgIDwvUmVxdWVzdD4NCiAgICAgIDwvSXRlbXM+DQogICAgPC9UcmFuc2FjdGlvblRpbWVyPg0KICAgIDxDb21tZW50IENvbW1lbnRUZXh0PSJMb2dvdXQiIC8+DQogICAgPFRyYW5zYWN0aW9uVGltZXIgTmFtZT0iTG9nb3V0Ij4NCiAgICAgIDxJdGVtcz4NCiAgICAgICAgPEluY2x1ZGVkV2ViVGVzdCBOYW1lPSJMb2dvdXQiIFBhdGg9ImM6XG1lZHNlZWtcYXV0b21hdGlvblxwZXJzdWFkZVx2c3Byb2plY3RzXHBlcnN1YWRlcGVyZm9ybWFuY2VccGVyc3VhZGVwZXJmb3JtYW5jZVx3ZWJ0ZXN0c1xnbG9iYWwgdGVzdHNcbG9nb3V0LndlYnRlc3QiIElkPSJkM2ZkZjQ4NC0xOWE4LTRmMDItOTI3Ni0xNzc2NTI5Mzk5NTgiIElzQ29kZWRXZWJUZXN0PSJGYWxzZSIgSW5oZXJpdFdlYlRlc3RTZXR0aW5ncz0iRmFsc2UiIC8+DQogICAgICA8L0l0ZW1zPg0KICAgIDwvVHJhbnNhY3Rpb25UaW1lcj4NCiAgPC9JdGVtcz4NCiAgPENvbnRleHRQYXJhbWV0ZXJzPg0KICAgIDxDb250ZXh0UGFyYW1ldGVyIE5hbWU9IlNlcnZlclVybCIgVmFsdWU9Imh0dHBzOi8vc3RhZ2luZy5icmlnaHR3aGlzdGxlLmNvbSIgLz4NCiAgPC9Db250ZXh0UGFyYW1ldGVycz4NCiAgPFdlYlRlc3RQbHVnaW5zPg0KICAgIDxXZWJUZXN0UGx1Z2luIENsYXNzbmFtZT0iVGVzdFBsdWdpbi5TZXJ2ZXJVcmxzLCBUZXN0UGx1Z2luLCBWZXJzaW9uPTEuMC4wLjAsIEN1bHR1cmU9bmV1dHJhbCwgUHVibGljS2V5VG9rZW49bnVsbCIgRGlzcGxheU5hbWU9IlNlcnZlclVybHMiIERlc2NyaXB0aW9uPSIiIC8+DQogIDwvV2ViVGVzdFBsdWdpbnM+DQo8L1dlYlRlc3Q+">
    </WebTest>
    <WebTest name="PERS-1688_LeadStats" storage="c:\medseek\automation\persuade\vsprojects\persuadeperformance\persuadeperformance\webtests\reports\pers-1688_leadstats.webtest" priority="0" id="518f655e-f63f-4b20-a614-8ec60b4fb5a7" persistedWebTest="77u/PD94bWwgdmVyc2lvbj0iMS4wIiBlbmNvZGluZz0iVVRGLTgiIHN0YW5kYWxvbmU9InllcyI/Pg0KPFdlYlRlc3QgTmFtZT0iUEVSUy0xNjg4X0xlYWRTdGF0cyIgSWQ9IjUxOGY2NTVlLWY2M2YtNGIyMC1hNjE0LThlYzYwYjRmYjVhNyIgT3duZXI9IiIgUHJpb3JpdHk9IjAiIEVuYWJsZWQ9IlRydWUiIENzc1Byb2plY3RTdHJ1Y3R1cmU9IiIgQ3NzSXRlcmF0aW9uPSIiIFRpbWVvdXQ9IjAiIFdvcmtJdGVtSWRzPSIiIHhtbG5zPSJodHRwOi8vbWljcm9zb2Z0LmNvbS9zY2hlbWFzL1Zpc3VhbFN0dWRpby9UZWFtVGVzdC8yMDEwIiBEZXNjcmlwdGlvbj0iIiBDcmVkZW50aWFsVXNlck5hbWU9IiIgQ3JlZGVudGlhbFBhc3N3b3JkPSIiIFByZUF1dGhlbnRpY2F0ZT0iVHJ1ZSIgUHJveHk9IiIgU3RvcE9uRXJyb3I9IkZhbHNlIiBSZWNvcmRlZFJlc3VsdEZpbGU9IiIgUmVzdWx0c0xvY2FsZT0iIj4NCiAgPEl0ZW1zPg0KICAgIDxDb21tZW50IENvbW1lbnRUZXh0PSJMb2dpbiIgLz4NCiAgICA8VHJhbnNhY3Rpb25UaW1lciBOYW1lPSJMb2dpbiI+DQogICAgICA8SXRlbXM+DQogICAgICAgIDxJbmNsdWRlZFdlYlRlc3QgTmFtZT0iTG9naW4iIFBhdGg9ImM6XG1lZHNlZWtcYXV0b21hdGlvblxwZXJzdWFkZVx2c3Byb2plY3RzXHBlcnN1YWRlcGVyZm9ybWFuY2VccGVyc3VhZGVwZXJmb3JtYW5jZVx3ZWJ0ZXN0c1xnbG9iYWwgdGVzdHNcbG9naW4ud2VidGVzdCIgSWQ9IjZlOTYxYWEyLTEwOTAtNGE3Mi04ZjVjLTA5ODU4ZWIyOGE1NCIgSXNDb2RlZFdlYlRlc3Q9IkZhbHNlIiBJbmhlcml0V2ViVGVzdFNldHRpbmdzPSJGYWxzZSIgLz4NCiAgICAgIDwvSXRlbXM+DQogICAgPC9UcmFuc2FjdGlvblRpbWVyPg0KICAgIDxDb21tZW50IENvbW1lbnRUZXh0PSJSZXBvcnRzIC0gTGVhZCBTdGF0cyIgLz4NCiAgICA8VHJhbnNhY3Rpb25UaW1lciBOYW1lPSJSZXBvcnRzIC0gTGVhZCBTdGF0cyI+DQogICAgICA8SXRlbXM+DQogICAgICAgIDxSZXF1ZXN0IE1ldGhvZD0iR0VUIiBHdWlkPSJiMDM4ZmE0Yy0xZDZmLTRkN2QtOWRhNS1jMmZhMjE3MmM0MjYiIFZlcnNpb249IjEuMSIgVXJsPSJ7e1NlcnZlclVybH19L3JlcG9ydHMvMTEiIFRoaW5rVGltZT0iLTEiIFRpbWVvdXQ9IjYwIiBQYXJzZURlcGVuZGVudFJlcXVlc3RzPSJUcnVlIiBGb2xsb3dSZWRpcmVjdHM9IlRydWUiIFJlY29yZFJlc3VsdD0iVHJ1ZSIgQ2FjaGU9IkZhbHNlIiBSZXNwb25zZVRpbWVHb2FsPSIwIiBFbmNvZGluZz0idXRmLTgiIEV4cGVjdGVkSHR0cFN0YXR1c0NvZGU9IjAiIEV4cGVjdGVkUmVzcG9uc2VVcmw9IiIgUmVwb3J0aW5nTmFtZT0iIiBJZ25vcmVIdHRwU3RhdHVzQ29kZT0iRmFsc2UiPg0KICAgICAgICAgIDxIZWFkZXJzPg0KICAgICAgICAgICAgPEhlYWRlciBOYW1lPSJVcGdyYWRlLUluc2VjdXJlLVJlcXVlc3RzIiBWYWx1ZT0iMSIgLz4NCiAgICAgICAgICA8L0hlYWRlcnM+DQogICAgICAgIDwvUmVxdWVzdD4NCiAgICAgIDwvSXRlbXM+DQogICAgPC9UcmFuc2FjdGlvblRpbWVyPg0KICAgIDxDb21tZW50IENvbW1lbnRUZXh0PSJSdW4gUmVwb3J0IiAvPg0KICAgIDxUcmFuc2FjdGlvblRpbWVyIE5hbWU9IlJ1biBSZXBvcnQiPg0KICAgICAgPEl0ZW1zPg0KICAgICAgICA8UmVxdWVzdCBNZXRob2Q9IkdFVCIgR3VpZD0iNTE2ZWY2NmQtMjViNC00NmI4LWExZTAtZTJkMWM1YTE4ZDFjIiBWZXJzaW9uPSIxLjEiIFVybD0ie3tTZXJ2ZXJVcmx9fS9yZXBvcnRzLzExIiBUaGlua1RpbWU9Ii0xMiIgVGltZW91dD0iNjAiIFBhcnNlRGVwZW5kZW50UmVxdWVzdHM9IlRydWUiIEZvbGxvd1JlZGlyZWN0cz0iVHJ1ZSIgUmVjb3JkUmVzdWx0PSJUcnVlIiBDYWNoZT0iRmFsc2UiIFJlc3BvbnNlVGltZUdvYWw9IjAiIEVuY29kaW5nPSJ1dGYtOCIgRXhwZWN0ZWRIdHRwU3RhdHVzQ29kZT0iMCIgRXhwZWN0ZWRSZXNwb25zZVVybD0iIiBSZXBvcnRpbmdOYW1lPSIiIElnbm9yZUh0dHBTdGF0dXNDb2RlPSJGYWxzZSI+DQogICAgICAgICAgPEhlYWRlcnM+DQogICAgICAgICAgICA8SGVhZGVyIE5hbWU9IlgtQ1NSRi1Ub2tlbiIgVmFsdWU9Int7YXV0aFRva2VufX0iIC8+DQogICAgICAgICAgICA8SGVhZGVyIE5hbWU9IlgtUmVxdWVzdGVkLVdpdGgiIFZhbHVlPSJYTUxIdHRwUmVxdWVzdCIgLz4NCiAgICAgICAgICAgIDxIZWFkZXIgTmFtZT0iWC1QSkFYIiBWYWx1ZT0idHJ1ZSIgLz4NCiAgICAgICAgICA8L0hlYWRlcnM+DQogICAgICAgICAgPFF1ZXJ5U3RyaW5nUGFyYW1ldGVycz4NCiAgICAgICAgICAgIDxRdWVyeVN0cmluZ1BhcmFtZXRlciBOYW1lPSJ1dGY4IiBWYWx1ZT0i4pyTIiBSZWNvcmRlZFZhbHVlPSIiIENvcnJlbGF0aW9uQmluZGluZz0iIiBVcmxFbmNvZGU9IlRydWUiIFVzZVRvR3JvdXBSZXN1bHRzPSJGYWxzZSIgLz4NCiAgICAgICAgICAgIDxRdWVyeVN0cmluZ1BhcmFtZXRlciBOYW1lPSJzIiBWYWx1ZT0idHJ1ZSIgUmVjb3JkZWRWYWx1ZT0iIiBDb3JyZWxhdGlvbkJpbmRpbmc9IiIgVXJsRW5jb2RlPSJUcnVlIiBVc2VUb0dyb3VwUmVzdWx0cz0iRmFsc2UiIC8+DQogICAgICAgICAgICA8UXVlcnlTdHJpbmdQYXJhbWV0ZXIgTmFtZT0icGFyYW1ldGVyc1tmb3JjZV0iIFZhbHVlPSIiIFJlY29yZGVkVmFsdWU9IiIgQ29ycmVsYXRpb25CaW5kaW5nPSIiIFVybEVuY29kZT0iVHJ1ZSIgVXNlVG9Hcm91cFJlc3VsdHM9IkZhbHNlIiAvPg0KICAgICAgICAgICAgPFF1ZXJ5U3RyaW5nUGFyYW1ldGVyIE5hbWU9InBhcmFtZXRlcnNbYWdlbmN5X2lkXSIgVmFsdWU9IjIiIFJlY29yZGVkVmFsdWU9IiIgQ29ycmVsYXRpb25CaW5kaW5nPSIiIFVybEVuY29kZT0iVHJ1ZSIgVXNlVG9Hcm91cFJlc3VsdHM9IkZhbHNlIiAvPg0KICAgICAgICAgICAgPFF1ZXJ5U3RyaW5nUGFyYW1ldGVyIE5hbWU9InBhcmFtZXRlcnNbY2xpZW50X2lkXSIgVmFsdWU9IjEzIiBSZWNvcmRlZFZhbHVlPSIiIENvcnJlbGF0aW9uQmluZGluZz0iIiBVcmxFbmNvZGU9IlRydWUiIFVzZVRvR3JvdXBSZXN1bHRzPSJGYWxzZSIgLz4NCiAgICAgICAgICAgIDxRdWVyeVN0cmluZ1BhcmFtZXRlciBOYW1lPSJwYXJhbWV0ZXJzW2J1c2luZXNzX3VuaXRfaWRdIiBWYWx1ZT0iIiBSZWNvcmRlZFZhbHVlPSIiIENvcnJlbGF0aW9uQmluZGluZz0iIiBVcmxFbmNvZGU9IlRydWUiIFVzZVRvR3JvdXBSZXN1bHRzPSJGYWxzZSIgLz4NCiAgICAgICAgICAgIDxRdWVyeVN0cmluZ1BhcmFtZXRlciBOYW1lPSJ0aW1lX2ZyYW1lIiBWYWx1ZT0iTGFzdCAxNCBkYXlzIiBSZWNvcmRlZFZhbHVlPSIiIENvcnJlbGF0aW9uQmluZGluZz0iIiBVcmxFbmNvZGU9IlRydWUiIFVzZVRvR3JvdXBSZXN1bHRzPSJGYWxzZSIgLz4NCiAgICAgICAgICAgIDxRdWVyeVN0cmluZ1BhcmFtZXRlciBOYW1lPSJwYXJhbWV0ZXJzW2Zyb21dIiBWYWx1ZT0iMDMvMTcvMjAxNiAxMjowMCBhbSIgUmVjb3JkZWRWYWx1ZT0iIiBDb3JyZWxhdGlvbkJpbmRpbmc9IiIgVXJsRW5jb2RlPSJUcnVlIiBVc2VUb0dyb3VwUmVzdWx0cz0iRmFsc2UiIC8+DQogICAgICAgICAgICA8UXVlcnlTdHJpbmdQYXJhbWV0ZXIgTmFtZT0idXNlcl9zdWJtaXR0ZWRfZGF0ZV9mcm9tIiBWYWx1ZT0idHJ1ZSIgUmVjb3JkZWRWYWx1ZT0iIiBDb3JyZWxhdGlvbkJpbmRpbmc9IiIgVXJsRW5jb2RlPSJUcnVlIiBVc2VUb0dyb3VwUmVzdWx0cz0iRmFsc2UiIC8+DQogICAgICAgICAgICA8UXVlcnlTdHJpbmdQYXJhbWV0ZXIgTmFtZT0icGFyYW1ldGVyc1t0b10iIFZhbHVlPSIwMy8zMS8yMDE2IDExOjU5IHBtIiBSZWNvcmRlZFZhbHVlPSIiIENvcnJlbGF0aW9uQmluZGluZz0iIiBVcmxFbmNvZGU9IlRydWUiIFVzZVRvR3JvdXBSZXN1bHRzPSJGYWxzZSIgLz4NCiAgICAgICAgICAgIDxRdWVyeVN0cmluZ1BhcmFtZXRlciBOYW1lPSJ1c2VyX3N1Ym1pdHRlZF9kYXRlX3RvIiBWYWx1ZT0idHJ1ZSIgUmVjb3JkZWRWYWx1ZT0iIiBDb3JyZWxhdGlvbkJpbmRpbmc9IiIgVXJsRW5jb2RlPSJUcnVlIiBVc2VUb0dyb3VwUmVzdWx0cz0iRmFsc2UiIC8+DQogICAgICAgICAgICA8UXVlcnlTdHJpbmdQYXJhbWV0ZXIgTmFtZT0idXNlcl9zdWJtaXR0ZWRfZGF0ZSIgVmFsdWU9IiIgUmVjb3JkZWRWYWx1ZT0iIiBDb3JyZWxhdGlvbkJpbmRpbmc9IiIgVXJsRW5jb2RlPSJUcnVlIiBVc2VUb0dyb3VwUmVzdWx0cz0iRmFsc2UiIC8+DQogICAgICAgICAgICA8UXVlcnlTdHJpbmdQYXJhbWV0ZXIgTmFtZT0iX3BqYXgiIFZhbHVlPSJ0cnVlIiBSZWNvcmRlZFZhbHVlPSIiIENvcnJlbGF0aW9uQmluZGluZz0iIiBVcmxFbmNvZGU9IlRydWUiIFVzZVRvR3JvdXBSZXN1bHRzPSJGYWxzZSIgLz4NCiAgICAgICAgICA8L1F1ZXJ5U3RyaW5nUGFyYW1ldGVycz4NCiAgICAgICAgPC9SZXF1ZXN0Pg0KICAgICAgPC9JdGVtcz4NCiAgICA8L1RyYW5zYWN0aW9uVGltZXI+DQogICAgPENvbW1lbnQgQ29tbWVudFRleHQ9IkxvZ291dCIgLz4NCiAgICA8VHJhbnNhY3Rpb25UaW1lciBOYW1lPSJMb2dvdXQiPg0KICAgICAgPEl0ZW1zPg0KICAgICAgICA8SW5jbHVkZWRXZWJUZXN0IE5hbWU9IkxvZ291dCIgUGF0aD0iYzpcbWVkc2Vla1xhdXRvbWF0aW9uXHBlcnN1YWRlXHZzcHJvamVjdHNccGVyc3VhZGVwZXJmb3JtYW5jZVxwZXJzdWFkZXBlcmZvcm1hbmNlXHdlYnRlc3RzXGdsb2JhbCB0ZXN0c1xsb2dvdXQud2VidGVzdCIgSWQ9ImQzZmRmNDg0LTE5YTgtNGYwMi05Mjc2LTE3NzY1MjkzOTk1OCIgSXNDb2RlZFdlYlRlc3Q9IkZhbHNlIiBJbmhlcml0V2ViVGVzdFNldHRpbmdzPSJGYWxzZSIgLz4NCiAgICAgIDwvSXRlbXM+DQogICAgPC9UcmFuc2FjdGlvblRpbWVyPg0KICAgIDxDb21tZW50IENvbW1lbnRUZXh0PSIiIC8+DQogIDwvSXRlbXM+DQogIDxDb250ZXh0UGFyYW1ldGVycz4NCiAgICA8Q29udGV4dFBhcmFtZXRlciBOYW1lPSJTZXJ2ZXJVcmwiIFZhbHVlPSJodHRwczovL3N0YWdpbmcuYnJpZ2h0d2hpc3RsZS5jb20iIC8+DQogIDwvQ29udGV4dFBhcmFtZXRlcnM+DQogIDxXZWJUZXN0UGx1Z2lucz4NCiAgICA8V2ViVGVzdFBsdWdpbiBDbGFzc25hbWU9IlRlc3RQbHVnaW4uU2VydmVyVXJscywgVGVzdFBsdWdpbiwgVmVyc2lvbj0xLjAuMC4wLCBDdWx0dXJlPW5ldXRyYWwsIFB1YmxpY0tleVRva2VuPW51bGwiIERpc3BsYXlOYW1lPSJTZXJ2ZXJVcmxzIiBEZXNjcmlwdGlvbj0iIiAvPg0KICA8L1dlYlRlc3RQbHVnaW5zPg0KPC9XZWJUZXN0Pg==">
    </WebTest>
    <WebTest name="PERS-1683_BudgetTracker" storage="c:\medseek\automation\persuade\vsprojects\persuadeperformance\persuadeperformance\webtests\reports\pers-1683_budgettracker.webtest" priority="0" id="2a59cfae-3865-4945-93db-101f89be9bdc" persistedWebTest="77u/PD94bWwgdmVyc2lvbj0iMS4wIiBlbmNvZGluZz0iVVRGLTgiIHN0YW5kYWxvbmU9InllcyI/Pg0KPFdlYlRlc3QgTmFtZT0iUEVSUy0xNjgzX0J1ZGdldFRyYWNrZXIiIElkPSIyYTU5Y2ZhZS0zODY1LTQ5NDUtOTNkYi0xMDFmODliZTliZGMiIE93bmVyPSIiIFByaW9yaXR5PSIwIiBFbmFibGVkPSJUcnVlIiBDc3NQcm9qZWN0U3RydWN0dXJlPSIiIENzc0l0ZXJhdGlvbj0iIiBUaW1lb3V0PSIwIiBXb3JrSXRlbUlkcz0iIiB4bWxucz0iaHR0cDovL21pY3Jvc29mdC5jb20vc2NoZW1hcy9WaXN1YWxTdHVkaW8vVGVhbVRlc3QvMjAxMCIgRGVzY3JpcHRpb249IiIgQ3JlZGVudGlhbFVzZXJOYW1lPSIiIENyZWRlbnRpYWxQYXNzd29yZD0iIiBQcmVBdXRoZW50aWNhdGU9IlRydWUiIFByb3h5PSIiIFN0b3BPbkVycm9yPSJGYWxzZSIgUmVjb3JkZWRSZXN1bHRGaWxlPSIiIFJlc3VsdHNMb2NhbGU9IiI+DQogIDxJdGVtcz4NCiAgICA8Q29tbWVudCBDb21tZW50VGV4dD0iTG9naW4iIC8+DQogICAgPFRyYW5zYWN0aW9uVGltZXIgTmFtZT0iTG9naW4iPg0KICAgICAgPEl0ZW1zPg0KICAgICAgICA8SW5jbHVkZWRXZWJUZXN0IE5hbWU9IkxvZ2luIiBQYXRoPSJjOlxtZWRzZWVrXGF1dG9tYXRpb25ccGVyc3VhZGVcdnNwcm9qZWN0c1xwZXJzdWFkZXBlcmZvcm1hbmNlXHBlcnN1YWRlcGVyZm9ybWFuY2Vcd2VidGVzdHNcZ2xvYmFsIHRlc3RzXGxvZ2luLndlYnRlc3QiIElkPSI2ZTk2MWFhMi0xMDkwLTRhNzItOGY1Yy0wOTg1OGViMjhhNTQiIElzQ29kZWRXZWJUZXN0PSJGYWxzZSIgSW5oZXJpdFdlYlRlc3RTZXR0aW5ncz0iRmFsc2UiIC8+DQogICAgICA8L0l0ZW1zPg0KICAgIDwvVHJhbnNhY3Rpb25UaW1lcj4NCiAgICA8Q29tbWVudCBDb21tZW50VGV4dD0iUmVwb3J0cyAtIEJ1ZGdldCBUcmFja2VyIiAvPg0KICAgIDxUcmFuc2FjdGlvblRpbWVyIE5hbWU9IlJlcG9ydHMgLSBCdWRnZXRUcmFja2VyIj4NCiAgICAgIDxJdGVtcz4NCiAgICAgICAgPFJlcXVlc3QgTWV0aG9kPSJHRVQiIEd1aWQ9Ijk2ZWUyMjczLThjMjUtNGJhNS1hNDk3LWU4NmUzNmJlNDc5YiIgVmVyc2lvbj0iMS4xIiBVcmw9Int7U2VydmVyVXJsfX0vcmVwb3J0cy8yMCIgVGhpbmtUaW1lPSItMyIgVGltZW91dD0iNjAiIFBhcnNlRGVwZW5kZW50UmVxdWVzdHM9IlRydWUiIEZvbGxvd1JlZGlyZWN0cz0iVHJ1ZSIgUmVjb3JkUmVzdWx0PSJUcnVlIiBDYWNoZT0iRmFsc2UiIFJlc3BvbnNlVGltZUdvYWw9IjAiIEVuY29kaW5nPSJ1dGYtOCIgRXhwZWN0ZWRIdHRwU3RhdHVzQ29kZT0iMCIgRXhwZWN0ZWRSZXNwb25zZVVybD0iIiBSZXBvcnRpbmdOYW1lPSIiIElnbm9yZUh0dHBTdGF0dXNDb2RlPSJGYWxzZSI+DQogICAgICAgICAgPEhlYWRlcnM+DQogICAgICAgICAgICA8SGVhZGVyIE5hbWU9IlVwZ3JhZGUtSW5zZWN1cmUtUmVxdWVzdHMiIFZhbHVlPSIxIiAvPg0KICAgICAgICAgICAgPEhlYWRlciBOYW1lPSJJZi1Ob25lLU1hdGNoIiBWYWx1ZT0iJnF1b3Q7M2E2NzkwYjc0MTdiNmNjYzYwNDQyZGNlYjgzYTE1YWYmcXVvdDsiIC8+DQogICAgICAgICAgPC9IZWFkZXJzPg0KICAgICAgICA8L1JlcXVlc3Q+DQogICAgICA8L0l0ZW1zPg0KICAgIDwvVHJhbnNhY3Rpb25UaW1lcj4NCiAgICA8Q29tbWVudCBDb21tZW50VGV4dD0iUnVuIFJlcG9ydCIgLz4NCiAgICA8VHJhbnNhY3Rpb25UaW1lciBOYW1lPSJSdW4gUmVwb3J0Ij4NCiAgICAgIDxJdGVtcz4NCiAgICAgICAgPFJlcXVlc3QgTWV0aG9kPSJHRVQiIEd1aWQ9IjBiNzU4ZWRiLTNjZmUtNDZhZS05NzQ4LTE3ZDg2ZmM5Zjc5MSIgVmVyc2lvbj0iMS4xIiBVcmw9Int7U2VydmVyVXJsfX0vcmVwb3J0cy8yMCIgVGhpbmtUaW1lPSItMyIgVGltZW91dD0iNjAiIFBhcnNlRGVwZW5kZW50UmVxdWVzdHM9IlRydWUiIEZvbGxvd1JlZGlyZWN0cz0iVHJ1ZSIgUmVjb3JkUmVzdWx0PSJUcnVlIiBDYWNoZT0iRmFsc2UiIFJlc3BvbnNlVGltZUdvYWw9IjAiIEVuY29kaW5nPSJ1dGYtOCIgRXhwZWN0ZWRIdHRwU3RhdHVzQ29kZT0iMCIgRXhwZWN0ZWRSZXNwb25zZVVybD0iIiBSZXBvcnRpbmdOYW1lPSIiIElnbm9yZUh0dHBTdGF0dXNDb2RlPSJGYWxzZSI+DQogICAgICAgICAgPEhlYWRlcnM+DQogICAgICAgICAgICA8SGVhZGVyIE5hbWU9IlgtQ1NSRi1Ub2tlbiIgVmFsdWU9Int7YXV0aFRva2VufX0iIC8+DQogICAgICAgICAgICA8SGVhZGVyIE5hbWU9IlgtUmVxdWVzdGVkLVdpdGgiIFZhbHVlPSJYTUxIdHRwUmVxdWVzdCIgLz4NCiAgICAgICAgICAgIDxIZWFkZXIgTmFtZT0iWC1QSkFYIiBWYWx1ZT0idHJ1ZSIgLz4NCiAgICAgICAgICA8L0hlYWRlcnM+DQogICAgICAgICAgPFF1ZXJ5U3RyaW5nUGFyYW1ldGVycz4NCiAgICAgICAgICAgIDxRdWVyeVN0cmluZ1BhcmFtZXRlciBOYW1lPSJ1dGY4IiBWYWx1ZT0i4pyTIiBSZWNvcmRlZFZhbHVlPSIiIENvcnJlbGF0aW9uQmluZGluZz0iIiBVcmxFbmNvZGU9IlRydWUiIFVzZVRvR3JvdXBSZXN1bHRzPSJGYWxzZSIgLz4NCiAgICAgICAgICAgIDxRdWVyeVN0cmluZ1BhcmFtZXRlciBOYW1lPSJzIiBWYWx1ZT0idHJ1ZSIgUmVjb3JkZWRWYWx1ZT0iIiBDb3JyZWxhdGlvbkJpbmRpbmc9IiIgVXJsRW5jb2RlPSJUcnVlIiBVc2VUb0dyb3VwUmVzdWx0cz0iRmFsc2UiIC8+DQogICAgICAgICAgICA8UXVlcnlTdHJpbmdQYXJhbWV0ZXIgTmFtZT0icGFyYW1ldGVyc1tmb3JjZV0iIFZhbHVlPSIiIFJlY29yZGVkVmFsdWU9IiIgQ29ycmVsYXRpb25CaW5kaW5nPSIiIFVybEVuY29kZT0iVHJ1ZSIgVXNlVG9Hcm91cFJlc3VsdHM9IkZhbHNlIiAvPg0KICAgICAgICAgICAgPFF1ZXJ5U3RyaW5nUGFyYW1ldGVyIE5hbWU9InBhcmFtZXRlcnNbYWdlbmN5X2lkXSIgVmFsdWU9IjEiIFJlY29yZGVkVmFsdWU9IiIgQ29ycmVsYXRpb25CaW5kaW5nPSIiIFVybEVuY29kZT0iVHJ1ZSIgVXNlVG9Hcm91cFJlc3VsdHM9IkZhbHNlIiAvPg0KICAgICAgICAgICAgPFF1ZXJ5U3RyaW5nUGFyYW1ldGVyIE5hbWU9InBhcmFtZXRlcnNbY2xpZW50X2lkXSIgVmFsdWU9IjMiIFJlY29yZGVkVmFsdWU9IiIgQ29ycmVsYXRpb25CaW5kaW5nPSIiIFVybEVuY29kZT0iVHJ1ZSIgVXNlVG9Hcm91cFJlc3VsdHM9IkZhbHNlIiAvPg0KICAgICAgICAgICAgPFF1ZXJ5U3RyaW5nUGFyYW1ldGVyIE5hbWU9InBhcmFtZXRlcnNbYnVzaW5lc3NfdW5pdF9pZF0iIFZhbHVlPSIyODk4IiBSZWNvcmRlZFZhbHVlPSIiIENvcnJlbGF0aW9uQmluZGluZz0iIiBVcmxFbmNvZGU9IlRydWUiIFVzZVRvR3JvdXBSZXN1bHRzPSJGYWxzZSIgLz4NCiAgICAgICAgICAgIDxRdWVyeVN0cmluZ1BhcmFtZXRlciBOYW1lPSJ0aW1lX2ZyYW1lIiBWYWx1ZT0iTGFzdCB5ZWFyIiBSZWNvcmRlZFZhbHVlPSIiIENvcnJlbGF0aW9uQmluZGluZz0iIiBVcmxFbmNvZGU9IlRydWUiIFVzZVRvR3JvdXBSZXN1bHRzPSJGYWxzZSIgLz4NCiAgICAgICAgICAgIDxRdWVyeVN0cmluZ1BhcmFtZXRlciBOYW1lPSJwYXJhbWV0ZXJzW2Zyb21dIiBWYWx1ZT0iMDEvMDEvMjAxNSAxMjowMCBhbSIgUmVjb3JkZWRWYWx1ZT0iIiBDb3JyZWxhdGlvbkJpbmRpbmc9IiIgVXJsRW5jb2RlPSJUcnVlIiBVc2VUb0dyb3VwUmVzdWx0cz0iRmFsc2UiIC8+DQogICAgICAgICAgICA8UXVlcnlTdHJpbmdQYXJhbWV0ZXIgTmFtZT0idXNlcl9zdWJtaXR0ZWRfZGF0ZV9mcm9tIiBWYWx1ZT0idHJ1ZSIgUmVjb3JkZWRWYWx1ZT0iIiBDb3JyZWxhdGlvbkJpbmRpbmc9IiIgVXJsRW5jb2RlPSJUcnVlIiBVc2VUb0dyb3VwUmVzdWx0cz0iRmFsc2UiIC8+DQogICAgICAgICAgICA8UXVlcnlTdHJpbmdQYXJhbWV0ZXIgTmFtZT0icGFyYW1ldGVyc1t0b10iIFZhbHVlPSIxMi8zMS8yMDE1IDExOjU5IHBtIiBSZWNvcmRlZFZhbHVlPSIiIENvcnJlbGF0aW9uQmluZGluZz0iIiBVcmxFbmNvZGU9IlRydWUiIFVzZVRvR3JvdXBSZXN1bHRzPSJGYWxzZSIgLz4NCiAgICAgICAgICAgIDxRdWVyeVN0cmluZ1BhcmFtZXRlciBOYW1lPSJ1c2VyX3N1Ym1pdHRlZF9kYXRlX3RvIiBWYWx1ZT0idHJ1ZSIgUmVjb3JkZWRWYWx1ZT0iIiBDb3JyZWxhdGlvbkJpbmRpbmc9IiIgVXJsRW5jb2RlPSJUcnVlIiBVc2VUb0dyb3VwUmVzdWx0cz0iRmFsc2UiIC8+DQogICAgICAgICAgICA8UXVlcnlTdHJpbmdQYXJhbWV0ZXIgTmFtZT0idXNlcl9zdWJtaXR0ZWRfZGF0ZSIgVmFsdWU9IiIgUmVjb3JkZWRWYWx1ZT0iIiBDb3JyZWxhdGlvbkJpbmRpbmc9IiIgVXJsRW5jb2RlPSJUcnVlIiBVc2VUb0dyb3VwUmVzdWx0cz0iRmFsc2UiIC8+DQogICAgICAgICAgICA8UXVlcnlTdHJpbmdQYXJhbWV0ZXIgTmFtZT0iX3BqYXgiIFZhbHVlPSJ0cnVlIiBSZWNvcmRlZFZhbHVlPSIiIENvcnJlbGF0aW9uQmluZGluZz0iIiBVcmxFbmNvZGU9IlRydWUiIFVzZVRvR3JvdXBSZXN1bHRzPSJGYWxzZSIgLz4NCiAgICAgICAgICA8L1F1ZXJ5U3RyaW5nUGFyYW1ldGVycz4NCiAgICAgICAgPC9SZXF1ZXN0Pg0KICAgICAgPC9JdGVtcz4NCiAgICA8L1RyYW5zYWN0aW9uVGltZXI+DQogICAgPENvbW1lbnQgQ29tbWVudFRleHQ9IkxvZ291dCIgLz4NCiAgICA8VHJhbnNhY3Rpb25UaW1lciBOYW1lPSJMb2dvdXQiPg0KICAgICAgPEl0ZW1zPg0KICAgICAgICA8SW5jbHVkZWRXZWJUZXN0IE5hbWU9IkxvZ291dCIgUGF0aD0iYzpcbWVkc2Vla1xhdXRvbWF0aW9uXHBlcnN1YWRlXHZzcHJvamVjdHNccGVyc3VhZGVwZXJmb3JtYW5jZVxwZXJzdWFkZXBlcmZvcm1hbmNlXHdlYnRlc3RzXGdsb2JhbCB0ZXN0c1xsb2dvdXQud2VidGVzdCIgSWQ9ImQzZmRmNDg0LTE5YTgtNGYwMi05Mjc2LTE3NzY1MjkzOTk1OCIgSXNDb2RlZFdlYlRlc3Q9IkZhbHNlIiBJbmhlcml0V2ViVGVzdFNldHRpbmdzPSJGYWxzZSIgLz4NCiAgICAgIDwvSXRlbXM+DQogICAgPC9UcmFuc2FjdGlvblRpbWVyPg0KICAgIDxDb21tZW50IENvbW1lbnRUZXh0PSIiIC8+DQogIDwvSXRlbXM+DQogIDxDb250ZXh0UGFyYW1ldGVycz4NCiAgICA8Q29udGV4dFBhcmFtZXRlciBOYW1lPSJTZXJ2ZXJVcmwiIFZhbHVlPSJodHRwczovL3N0YWdpbmcuYnJpZ2h0d2hpc3RsZS5jb20iIC8+DQogIDwvQ29udGV4dFBhcmFtZXRlcnM+DQogIDxXZWJUZXN0UGx1Z2lucz4NCiAgICA8V2ViVGVzdFBsdWdpbiBDbGFzc25hbWU9IlRlc3RQbHVnaW4uU2VydmVyVXJscywgVGVzdFBsdWdpbiwgVmVyc2lvbj0xLjAuMC4wLCBDdWx0dXJlPW5ldXRyYWwsIFB1YmxpY0tleVRva2VuPW51bGwiIERpc3BsYXlOYW1lPSJTZXJ2ZXJVcmxzIiBEZXNjcmlwdGlvbj0iIiAvPg0KICA8L1dlYlRlc3RQbHVnaW5zPg0KPC9XZWJUZXN0Pg==">
      <Execution id="b158ac69-ed9a-44e7-ba92-9961ae540dd1" />
    </WebTest>
    <WebTest name="PERS-1692_TableauReports" storage="c:\medseek\automation\persuade\vsprojects\persuadeperformance\persuadeperformance\webtests\reports\pers-1692_tableaureports.webtest" priority="0" id="e915dee3-027a-436f-a361-e95f08372145" persistedWebTest="77u/PD94bWwgdmVyc2lvbj0iMS4wIiBlbmNvZGluZz0iVVRGLTgiIHN0YW5kYWxvbmU9InllcyI/Pg0KPFdlYlRlc3QgTmFtZT0iUEVSUy0xNjkyX1RhYmxlYXVSZXBvcnRzIiBJZD0iZTkxNWRlZTMtMDI3YS00MzZmLWEzNjEtZTk1ZjA4MzcyMTQ1IiBPd25lcj0iIiBQcmlvcml0eT0iMCIgRW5hYmxlZD0iVHJ1ZSIgQ3NzUHJvamVjdFN0cnVjdHVyZT0iIiBDc3NJdGVyYXRpb249IiIgVGltZW91dD0iMCIgV29ya0l0ZW1JZHM9IiIgeG1sbnM9Imh0dHA6Ly9taWNyb3NvZnQuY29tL3NjaGVtYXMvVmlzdWFsU3R1ZGlvL1RlYW1UZXN0LzIwMTAiIERlc2NyaXB0aW9uPSIiIENyZWRlbnRpYWxVc2VyTmFtZT0iIiBDcmVkZW50aWFsUGFzc3dvcmQ9IiIgUHJlQXV0aGVudGljYXRlPSJUcnVlIiBQcm94eT0iIiBTdG9wT25FcnJvcj0iRmFsc2UiIFJlY29yZGVkUmVzdWx0RmlsZT0iIiBSZXN1bHRzTG9jYWxlPSIiPg0KICA8SXRlbXM+DQogICAgPFRyYW5zYWN0aW9uVGltZXIgTmFtZT0iTG9naW4iPg0KICAgICAgPEl0ZW1zPg0KICAgICAgICA8SW5jbHVkZWRXZWJUZXN0IE5hbWU9IkxvZ2luIiBQYXRoPSJjOlxtZWRzZWVrXGF1dG9tYXRpb25ccGVyc3VhZGVcdnNwcm9qZWN0c1xwZXJzdWFkZXBlcmZvcm1hbmNlXHBlcnN1YWRlcGVyZm9ybWFuY2Vcd2VidGVzdHNcZ2xvYmFsIHRlc3RzXGxvZ2luLndlYnRlc3QiIElkPSI2ZTk2MWFhMi0xMDkwLTRhNzItOGY1Yy0wOTg1OGViMjhhNTQiIElzQ29kZWRXZWJUZXN0PSJGYWxzZSIgSW5oZXJpdFdlYlRlc3RTZXR0aW5ncz0iRmFsc2UiIC8+DQogICAgICA8L0l0ZW1zPg0KICAgIDwvVHJhbnNhY3Rpb25UaW1lcj4NCiAgICA8Q29tbWVudCBDb21tZW50VGV4dD0iVGFibGVhdSBSZXBvcnRzIiAvPg0KICAgIDxUcmFuc2FjdGlvblRpbWVyIE5hbWU9IlRhYmxlYXUgUmVwb3J0cyI+DQogICAgICA8SXRlbXM+DQogICAgICAgIDxSZXF1ZXN0IE1ldGhvZD0iR0VUIiBHdWlkPSI5MzljZTU3OS0wNDQxLTRlMzQtOTEyZi00OGM3YzE5MTViYTAiIFZlcnNpb249IjEuMSIgVXJsPSJ7e1NlcnZlclVybH19L3RhYmxlYXVfcmVwb3J0cyIgVGhpbmtUaW1lPSItMSIgVGltZW91dD0iNjAiIFBhcnNlRGVwZW5kZW50UmVxdWVzdHM9IlRydWUiIEZvbGxvd1JlZGlyZWN0cz0iVHJ1ZSIgUmVjb3JkUmVzdWx0PSJUcnVlIiBDYWNoZT0iRmFsc2UiIFJlc3BvbnNlVGltZUdvYWw9IjAiIEVuY29kaW5nPSJ1dGYtOCIgRXhwZWN0ZWRIdHRwU3RhdHVzQ29kZT0iMCIgRXhwZWN0ZWRSZXNwb25zZVVybD0iIiBSZXBvcnRpbmdOYW1lPSIiIElnbm9yZUh0dHBTdGF0dXNDb2RlPSJGYWxzZSI+DQogICAgICAgICAgPEhlYWRlcnM+DQogICAgICAgICAgICA8SGVhZGVyIE5hbWU9IlVwZ3JhZGUtSW5zZWN1cmUtUmVxdWVzdHMiIFZhbHVlPSIxIiAvPg0KICAgICAgICAgICAgPEhlYWRlciBOYW1lPSJJZi1Ob25lLU1hdGNoIiBWYWx1ZT0iJnF1b3Q7N2M2OGNhMTlmZmFmNTE4NGFlNDBlZDFlMDdhNjI2YTQmcXVvdDsiIC8+DQogICAgICAgICAgPC9IZWFkZXJzPg0KICAgICAgICA8L1JlcXVlc3Q+DQogICAgICA8L0l0ZW1zPg0KICAgIDwvVHJhbnNhY3Rpb25UaW1lcj4NCiAgICA8Q29tbWVudCBDb21tZW50VGV4dD0iQ2xpY2sgUmVwb3J0IiAvPg0KICAgIDxUcmFuc2FjdGlvblRpbWVyIE5hbWU9IkNsaWNrIGEgUmVwb3J0Ij4NCiAgICAgIDxJdGVtcz4NCiAgICAgICAgPFJlcXVlc3QgTWV0aG9kPSJHRVQiIEd1aWQ9ImRmMGQ3ODhiLTBmODEtNDU1Ni1iMmYxLTllYjQ1MzQ5ZTQ5ZCIgVmVyc2lvbj0iMS4xIiBVcmw9Int7U2VydmVyVXJsfX0vdGFibGVhdV9yZXBvcnRzLzYiIFRoaW5rVGltZT0iNSIgVGltZW91dD0iNjAiIFBhcnNlRGVwZW5kZW50UmVxdWVzdHM9IlRydWUiIEZvbGxvd1JlZGlyZWN0cz0iVHJ1ZSIgUmVjb3JkUmVzdWx0PSJUcnVlIiBDYWNoZT0iRmFsc2UiIFJlc3BvbnNlVGltZUdvYWw9IjAiIEVuY29kaW5nPSJ1dGYtOCIgRXhwZWN0ZWRIdHRwU3RhdHVzQ29kZT0iMCIgRXhwZWN0ZWRSZXNwb25zZVVybD0iIiBSZXBvcnRpbmdOYW1lPSIiIElnbm9yZUh0dHBTdGF0dXNDb2RlPSJUcnVlIj4NCiAgICAgICAgICA8SGVhZGVycz4NCiAgICAgICAgICAgIDxIZWFkZXIgTmFtZT0iVXBncmFkZS1JbnNlY3VyZS1SZXF1ZXN0cyIgVmFsdWU9IjEiIC8+DQogICAgICAgICAgPC9IZWFkZXJzPg0KICAgICAgICA8L1JlcXVlc3Q+DQogICAgICA8L0l0ZW1zPg0KICAgIDwvVHJhbnNhY3Rpb25UaW1lcj4NCiAgICA8Q29tbWVudCBDb21tZW50VGV4dD0iQ3JlYXRlIFJlcG9ydCIgLz4NCiAgICA8VHJhbnNhY3Rpb25UaW1lciBOYW1lPSJDcmVhdGUgUmVwb3J0Ij4NCiAgICAgIDxJdGVtcz4NCiAgICAgICAgPFJlcXVlc3QgTWV0aG9kPSJHRVQiIEd1aWQ9IjMyNGY4ZjRkLTk2MWMtNGExYy05NmU0LWU0OGQ4OTM5ZjA0ZiIgVmVyc2lvbj0iMS4xIiBVcmw9Int7U2VydmVyVXJsfX0vdGFibGVhdV9yZXBvcnRzL25ldyIgVGhpbmtUaW1lPSIwIiBUaW1lb3V0PSI2MCIgUGFyc2VEZXBlbmRlbnRSZXF1ZXN0cz0iVHJ1ZSIgRm9sbG93UmVkaXJlY3RzPSJUcnVlIiBSZWNvcmRSZXN1bHQ9IlRydWUiIENhY2hlPSJGYWxzZSIgUmVzcG9uc2VUaW1lR29hbD0iMCIgRW5jb2Rpbmc9InV0Zi04IiBFeHBlY3RlZEh0dHBTdGF0dXNDb2RlPSIwIiBFeHBlY3RlZFJlc3BvbnNlVXJsPSIiIFJlcG9ydGluZ05hbWU9IiIgSWdub3JlSHR0cFN0YXR1c0NvZGU9IkZhbHNlIj4NCiAgICAgICAgICA8SGVhZGVycz4NCiAgICAgICAgICAgIDxIZWFkZXIgTmFtZT0iWC1DU1JGLVRva2VuIiBWYWx1ZT0ie3thdXRoVG9rZW59fSIgLz4NCiAgICAgICAgICAgIDxIZWFkZXIgTmFtZT0iWC1SZXF1ZXN0ZWQtV2l0aCIgVmFsdWU9IlhNTEh0dHBSZXF1ZXN0IiAvPg0KICAgICAgICAgIDwvSGVhZGVycz4NCiAgICAgICAgPC9SZXF1ZXN0Pg0KICAgICAgPC9JdGVtcz4NCiAgICA8L1RyYW5zYWN0aW9uVGltZXI+DQogICAgPENvbW1lbnQgQ29tbWVudFRleHQ9IlNhdmUiIC8+DQogICAgPFRyYW5zYWN0aW9uVGltZXIgTmFtZT0iU2F2ZSI+DQogICAgICA8SXRlbXM+DQogICAgICAgIDxSZXF1ZXN0IE1ldGhvZD0iUE9TVCIgR3VpZD0iYjEwYTY0YjQtOTA3OS00MjRmLWE4YjktNDZhMWJiMTg5NjRiIiBWZXJzaW9uPSIxLjEiIFVybD0ie3tTZXJ2ZXJVcmx9fS90YWJsZWF1X3JlcG9ydHMiIFRoaW5rVGltZT0iMCIgVGltZW91dD0iNjAiIFBhcnNlRGVwZW5kZW50UmVxdWVzdHM9IlRydWUiIEZvbGxvd1JlZGlyZWN0cz0iVHJ1ZSIgUmVjb3JkUmVzdWx0PSJUcnVlIiBDYWNoZT0iRmFsc2UiIFJlc3BvbnNlVGltZUdvYWw9IjAiIEVuY29kaW5nPSJ1dGYtOCIgRXhwZWN0ZWRIdHRwU3RhdHVzQ29kZT0iMCIgRXhwZWN0ZWRSZXNwb25zZVVybD0iIiBSZXBvcnRpbmdOYW1lPSIiIElnbm9yZUh0dHBTdGF0dXNDb2RlPSJGYWxzZSI+DQogICAgICAgICAgPEhlYWRlcnM+DQogICAgICAgICAgICA8SGVhZGVyIE5hbWU9Ik9yaWdpbiIgVmFsdWU9Int7U2VydmVyVXJsfX0iIC8+DQogICAgICAgICAgICA8SGVhZGVyIE5hbWU9IlgtQ1NSRi1Ub2tlbiIgVmFsdWU9Int7YXV0aFRva2VufX0iIC8+DQogICAgICAgICAgICA8SGVhZGVyIE5hbWU9IlgtUmVxdWVzdGVkLVdpdGgiIFZhbHVlPSJYTUxIdHRwUmVxdWVzdCIgLz4NCiAgICAgICAgICAgIDxIZWFkZXIgTmFtZT0iQ29udGVudC1UeXBlIiBWYWx1ZT0iYXBwbGljYXRpb24veC13d3ctZm9ybS11cmxlbmNvZGVkIiAvPg0KICAgICAgICAgIDwvSGVhZGVycz4NCiAgICAgICAgICA8Rm9ybVBvc3RIdHRwQm9keT4NCiAgICAgICAgICAgIDxGb3JtUG9zdFBhcmFtZXRlciBOYW1lPSJ1dGY4IiBWYWx1ZT0i4pyTIiBSZWNvcmRlZFZhbHVlPSIiIENvcnJlbGF0aW9uQmluZGluZz0iIiBVcmxFbmNvZGU9IlRydWUiIC8+DQogICAgICAgICAgICA8Rm9ybVBvc3RQYXJhbWV0ZXIgTmFtZT0iYXV0aGVudGljaXR5X3Rva2VuIiBWYWx1ZT0ie3thdXRoVG9rZW59fSIgUmVjb3JkZWRWYWx1ZT0iIiBDb3JyZWxhdGlvbkJpbmRpbmc9IiIgVXJsRW5jb2RlPSJUcnVlIiAvPg0KICAgICAgICAgICAgPEZvcm1Qb3N0UGFyYW1ldGVyIE5hbWU9ImFnZW5jeV9pZCIgVmFsdWU9Int7SGllcmFyY2h5LkhpZXJhcmNoeSNjc3YuVGllcjFJZH19IiBSZWNvcmRlZFZhbHVlPSIiIENvcnJlbGF0aW9uQmluZGluZz0iIiBVcmxFbmNvZGU9IlRydWUiIC8+DQogICAgICAgICAgICA8Rm9ybVBvc3RQYXJhbWV0ZXIgTmFtZT0idGFibGVhdV9yZXBvcnRbY2xpZW50X2lkXSIgVmFsdWU9Int7SGllcmFyY2h5LkhpZXJhcmNoeSNjc3YuVGllcjJJZH19IiBSZWNvcmRlZFZhbHVlPSIiIENvcnJlbGF0aW9uQmluZGluZz0iIiBVcmxFbmNvZGU9IlRydWUiIC8+DQogICAgICAgICAgICA8Rm9ybVBvc3RQYXJhbWV0ZXIgTmFtZT0idGFibGVhdV9yZXBvcnRbbmFtZV0iIFZhbHVlPSJQZXJmUmVwb3J0e3tzZWVkTnVtYmVyfX0iIFJlY29yZGVkVmFsdWU9IiIgQ29ycmVsYXRpb25CaW5kaW5nPSIiIFVybEVuY29kZT0iVHJ1ZSIgLz4NCiAgICAgICAgICAgIDxGb3JtUG9zdFBhcmFtZXRlciBOYW1lPSJ0YWJsZWF1X3JlcG9ydFtkZXNjcmlwdGlvbl0iIFZhbHVlPSJQZXJmUmVwb3J0e3tzZWVkTnVtYmVyfX0iIFJlY29yZGVkVmFsdWU9IiIgQ29ycmVsYXRpb25CaW5kaW5nPSIiIFVybEVuY29kZT0iVHJ1ZSIgLz4NCiAgICAgICAgICAgIDxGb3JtUG9zdFBhcmFtZXRlciBOYW1lPSJ0YWJsZWF1X3JlcG9ydFt3b3JrYm9va10iIFZhbHVlPSJQZXJmUmVwb3J0e3tzZWVkTnVtYmVyfX0iIFJlY29yZGVkVmFsdWU9IiIgQ29ycmVsYXRpb25CaW5kaW5nPSIiIFVybEVuY29kZT0iVHJ1ZSIgLz4NCiAgICAgICAgICAgIDxGb3JtUG9zdFBhcmFtZXRlciBOYW1lPSJ0YWJsZWF1X3JlcG9ydFt2aWV3XSIgVmFsdWU9IlBlcmZSZXBvcnR7e3NlZWROdW1iZXJ9fSIgUmVjb3JkZWRWYWx1ZT0iIiBDb3JyZWxhdGlvbkJpbmRpbmc9IiIgVXJsRW5jb2RlPSJUcnVlIiAvPg0KICAgICAgICAgIDwvRm9ybVBvc3RIdHRwQm9keT4NCiAgICAgICAgPC9SZXF1ZXN0Pg0KICAgICAgICA8UmVxdWVzdCBNZXRob2Q9IkdFVCIgR3VpZD0iNGNiOGRlZTMtODE4Ny00OTI5LWJhYzItZTI5ZmRhOGYyMDI4IiBWZXJzaW9uPSIxLjEiIFVybD0ie3tTZXJ2ZXJVcmx9fS90YWJsZWF1X3JlcG9ydHMiIFRoaW5rVGltZT0iMyIgVGltZW91dD0iNjAiIFBhcnNlRGVwZW5kZW50UmVxdWVzdHM9IlRydWUiIEZvbGxvd1JlZGlyZWN0cz0iVHJ1ZSIgUmVjb3JkUmVzdWx0PSJUcnVlIiBDYWNoZT0iRmFsc2UiIFJlc3BvbnNlVGltZUdvYWw9IjAiIEVuY29kaW5nPSJ1dGYtOCIgRXhwZWN0ZWRIdHRwU3RhdHVzQ29kZT0iMCIgRXhwZWN0ZWRSZXNwb25zZVVybD0iIiBSZXBvcnRpbmdOYW1lPSIiIElnbm9yZUh0dHBTdGF0dXNDb2RlPSJGYWxzZSI+DQogICAgICAgICAgPEhlYWRlcnM+DQogICAgICAgICAgICA8SGVhZGVyIE5hbWU9IlgtQ1NSRi1Ub2tlbiIgVmFsdWU9Int7YXV0aFRva2VufX0iIC8+DQogICAgICAgICAgICA8SGVhZGVyIE5hbWU9IlgtUmVxdWVzdGVkLVdpdGgiIFZhbHVlPSJYTUxIdHRwUmVxdWVzdCIgLz4NCiAgICAgICAgICAgIDxIZWFkZXIgTmFtZT0iWC1QSkFYIiBWYWx1ZT0idHJ1ZSIgLz4NCiAgICAgICAgICA8L0hlYWRlcnM+DQogICAgICAgICAgPFF1ZXJ5U3RyaW5nUGFyYW1ldGVycz4NCiAgICAgICAgICAgIDxRdWVyeVN0cmluZ1BhcmFtZXRlciBOYW1lPSJfcGpheCIgVmFsdWU9InRydWUiIFJlY29yZGVkVmFsdWU9IiIgQ29ycmVsYXRpb25CaW5kaW5nPSIiIFVybEVuY29kZT0iVHJ1ZSIgVXNlVG9Hcm91cFJlc3VsdHM9IkZhbHNlIiAvPg0KICAgICAgICAgIDwvUXVlcnlTdHJpbmdQYXJhbWV0ZXJzPg0KICAgICAgICA8L1JlcXVlc3Q+DQogICAgICA8L0l0ZW1zPg0KICAgIDwvVHJhbnNhY3Rpb25UaW1lcj4NCiAgICA8VHJhbnNhY3Rpb25UaW1lciBOYW1lPSJMb2dvdXQiPg0KICAgICAgPEl0ZW1zPg0KICAgICAgICA8SW5jbHVkZWRXZWJUZXN0IE5hbWU9IkxvZ291dCIgUGF0aD0iYzpcbWVkc2Vla1xhdXRvbWF0aW9uXHBlcnN1YWRlXHZzcHJvamVjdHNccGVyc3VhZGVwZXJmb3JtYW5jZVxwZXJzdWFkZXBlcmZvcm1hbmNlXHdlYnRlc3RzXGdsb2JhbCB0ZXN0c1xsb2dvdXQud2VidGVzdCIgSWQ9ImQzZmRmNDg0LTE5YTgtNGYwMi05Mjc2LTE3NzY1MjkzOTk1OCIgSXNDb2RlZFdlYlRlc3Q9IkZhbHNlIiBJbmhlcml0V2ViVGVzdFNldHRpbmdzPSJGYWxzZSIgLz4NCiAgICAgIDwvSXRlbXM+DQogICAgPC9UcmFuc2FjdGlvblRpbWVyPg0KICA8L0l0ZW1zPg0KICA8RGF0YVNvdXJjZXM+DQogICAgPERhdGFTb3VyY2UgTmFtZT0iSGllcmFyY2h5IiBQcm92aWRlcj0iTWljcm9zb2Z0LlZpc3VhbFN0dWRpby5UZXN0VG9vbHMuRGF0YVNvdXJjZS5DU1YiIENvbm5lY3Rpb249InxEYXRhRGlyZWN0b3J5fFwuLlwuLlxEYXRhXEhpZXJhcmNoeS5jc3YiPg0KICAgICAgPFRhYmxlcz4NCiAgICAgICAgPERhdGFTb3VyY2VUYWJsZSBOYW1lPSJIaWVyYXJjaHkjY3N2IiBTZWxlY3RDb2x1bW5zPSJTZWxlY3RPbmx5Qm91bmRDb2x1bW5zIiBBY2Nlc3NNZXRob2Q9IlNlcXVlbnRpYWwiIC8+DQogICAgICA8L1RhYmxlcz4NCiAgICA8L0RhdGFTb3VyY2U+DQogIDwvRGF0YVNvdXJjZXM+DQogIDxDb250ZXh0UGFyYW1ldGVycz4NCiAgICA8Q29udGV4dFBhcmFtZXRlciBOYW1lPSJTZXJ2ZXJVcmwiIFZhbHVlPSJodHRwczovL3N0YWdpbmcuYnJpZ2h0d2hpc3RsZS5jb20iIC8+DQogIDwvQ29udGV4dFBhcmFtZXRlcnM+DQogIDxXZWJUZXN0UGx1Z2lucz4NCiAgICA8V2ViVGVzdFBsdWdpbiBDbGFzc25hbWU9IlRlc3RQbHVnaW4uU2VydmVyVXJscywgVGVzdFBsdWdpbiwgVmVyc2lvbj0xLjAuMC4wLCBDdWx0dXJlPW5ldXRyYWwsIFB1YmxpY0tleVRva2VuPW51bGwiIERpc3BsYXlOYW1lPSJTZXJ2ZXJVcmxzIiBEZXNjcmlwdGlvbj0iIiAvPg0KICAgIDxXZWJUZXN0UGx1Z2luIENsYXNzbmFtZT0iVGVzdFBsdWdpbi5TZWVkLCBUZXN0UGx1Z2luLCBWZXJzaW9uPTEuMC4wLjAsIEN1bHR1cmU9bmV1dHJhbCwgUHVibGljS2V5VG9rZW49bnVsbCIgRGlzcGxheU5hbWU9IlNlZWQiIERlc2NyaXB0aW9uPSIiIC8+DQogIDwvV2ViVGVzdFBsdWdpbnM+DQo8L1dlYlRlc3Q+">
    </WebTest>
    <WebTest name="PERS-1685_DirectoryIssues" storage="c:\medseek\automation\persuade\vsprojects\persuadeperformance\persuadeperformance\webtests\reports\pers-1685_directoryissues.webtest" priority="0" id="5eb6ff3e-c5ea-4af3-bb55-6ce869664552" persistedWebTest="77u/PD94bWwgdmVyc2lvbj0iMS4wIiBlbmNvZGluZz0iVVRGLTgiIHN0YW5kYWxvbmU9InllcyI/Pg0KPFdlYlRlc3QgTmFtZT0iUEVSUy0xNjg1X0RpcmVjdG9yeUlzc3VlcyIgSWQ9IjVlYjZmZjNlLWM1ZWEtNGFmMy1iYjU1LTZjZTg2OTY2NDU1MiIgT3duZXI9IiIgUHJpb3JpdHk9IjAiIEVuYWJsZWQ9IlRydWUiIENzc1Byb2plY3RTdHJ1Y3R1cmU9IiIgQ3NzSXRlcmF0aW9uPSIiIFRpbWVvdXQ9IjAiIFdvcmtJdGVtSWRzPSIiIHhtbG5zPSJodHRwOi8vbWljcm9zb2Z0LmNvbS9zY2hlbWFzL1Zpc3VhbFN0dWRpby9UZWFtVGVzdC8yMDEwIiBEZXNjcmlwdGlvbj0iIiBDcmVkZW50aWFsVXNlck5hbWU9IiIgQ3JlZGVudGlhbFBhc3N3b3JkPSIiIFByZUF1dGhlbnRpY2F0ZT0iVHJ1ZSIgUHJveHk9IiIgU3RvcE9uRXJyb3I9IkZhbHNlIiBSZWNvcmRlZFJlc3VsdEZpbGU9IiIgUmVzdWx0c0xvY2FsZT0iIj4NCiAgPEl0ZW1zPg0KICAgIDxDb21tZW50IENvbW1lbnRUZXh0PSJMb2dpbiIgLz4NCiAgICA8VHJhbnNhY3Rpb25UaW1lciBOYW1lPSJMb2dpbiI+DQogICAgICA8SXRlbXM+DQogICAgICAgIDxJbmNsdWRlZFdlYlRlc3QgTmFtZT0iTG9naW4iIFBhdGg9ImM6XG1lZHNlZWtcYXV0b21hdGlvblxwZXJzdWFkZVx2c3Byb2plY3RzXHBlcnN1YWRlcGVyZm9ybWFuY2VccGVyc3VhZGVwZXJmb3JtYW5jZVx3ZWJ0ZXN0c1xnbG9iYWwgdGVzdHNcbG9naW4ud2VidGVzdCIgSWQ9IjZlOTYxYWEyLTEwOTAtNGE3Mi04ZjVjLTA5ODU4ZWIyOGE1NCIgSXNDb2RlZFdlYlRlc3Q9IkZhbHNlIiBJbmhlcml0V2ViVGVzdFNldHRpbmdzPSJGYWxzZSIgLz4NCiAgICAgIDwvSXRlbXM+DQogICAgPC9UcmFuc2FjdGlvblRpbWVyPg0KICAgIDxDb21tZW50IENvbW1lbnRUZXh0PSJSZXBvcnRzIC0gRGlyZWN0b3J5IElzc3VlcyIgLz4NCiAgICA8VHJhbnNhY3Rpb25UaW1lciBOYW1lPSJSZXBvcnRzIC0gRGlyZWN0b3J5IElzc3VlcyI+DQogICAgICA8SXRlbXM+DQogICAgICAgIDxSZXF1ZXN0IE1ldGhvZD0iR0VUIiBHdWlkPSIzOTkyYWEzZi00MmE4LTQ1MjYtOTgwMi1iZGFjMWU1ODcwMDkiIFZlcnNpb249IjEuMSIgVXJsPSJ7e1NlcnZlclVybH19L3JlcG9ydHMvMTUiIFRoaW5rVGltZT0iMCIgVGltZW91dD0iNjAiIFBhcnNlRGVwZW5kZW50UmVxdWVzdHM9IlRydWUiIEZvbGxvd1JlZGlyZWN0cz0iVHJ1ZSIgUmVjb3JkUmVzdWx0PSJUcnVlIiBDYWNoZT0iRmFsc2UiIFJlc3BvbnNlVGltZUdvYWw9IjAiIEVuY29kaW5nPSJ1dGYtOCIgRXhwZWN0ZWRIdHRwU3RhdHVzQ29kZT0iMCIgRXhwZWN0ZWRSZXNwb25zZVVybD0iIiBSZXBvcnRpbmdOYW1lPSIiIElnbm9yZUh0dHBTdGF0dXNDb2RlPSJGYWxzZSI+DQogICAgICAgICAgPEhlYWRlcnM+DQogICAgICAgICAgICA8SGVhZGVyIE5hbWU9IlVwZ3JhZGUtSW5zZWN1cmUtUmVxdWVzdHMiIFZhbHVlPSIxIiAvPg0KICAgICAgICAgIDwvSGVhZGVycz4NCiAgICAgICAgPC9SZXF1ZXN0Pg0KICAgICAgPC9JdGVtcz4NCiAgICA8L1RyYW5zYWN0aW9uVGltZXI+DQogICAgPENvbW1lbnQgQ29tbWVudFRleHQ9IlJ1biBSZXBvcnQiIC8+DQogICAgPFRyYW5zYWN0aW9uVGltZXIgTmFtZT0iUnVuIFJlcG9ydCI+DQogICAgICA8SXRlbXM+DQogICAgICAgIDxSZXF1ZXN0IE1ldGhvZD0iR0VUIiBHdWlkPSJkYzVjNDFkMS01YThmLTRhZmUtYTk3Ni0yYzZlNDFlODE1OGQiIFZlcnNpb249IjEuMSIgVXJsPSJ7e1NlcnZlclVybH19L3JlcG9ydHMvMTUiIFRoaW5rVGltZT0iLTQiIFRpbWVvdXQ9IjYwIiBQYXJzZURlcGVuZGVudFJlcXVlc3RzPSJUcnVlIiBGb2xsb3dSZWRpcmVjdHM9IlRydWUiIFJlY29yZFJlc3VsdD0iVHJ1ZSIgQ2FjaGU9IkZhbHNlIiBSZXNwb25zZVRpbWVHb2FsPSIwIiBFbmNvZGluZz0idXRmLTgiIEV4cGVjdGVkSHR0cFN0YXR1c0NvZGU9IjAiIEV4cGVjdGVkUmVzcG9uc2VVcmw9IiIgUmVwb3J0aW5nTmFtZT0iIiBJZ25vcmVIdHRwU3RhdHVzQ29kZT0iRmFsc2UiPg0KICAgICAgICAgIDxIZWFkZXJzPg0KICAgICAgICAgICAgPEhlYWRlciBOYW1lPSJYLUNTUkYtVG9rZW4iIFZhbHVlPSJ7e2F1dGhUb2tlbn19IiAvPg0KICAgICAgICAgICAgPEhlYWRlciBOYW1lPSJYLVJlcXVlc3RlZC1XaXRoIiBWYWx1ZT0iWE1MSHR0cFJlcXVlc3QiIC8+DQogICAgICAgICAgICA8SGVhZGVyIE5hbWU9IlgtUEpBWCIgVmFsdWU9InRydWUiIC8+DQogICAgICAgICAgPC9IZWFkZXJzPg0KICAgICAgICAgIDxRdWVyeVN0cmluZ1BhcmFtZXRlcnM+DQogICAgICAgICAgICA8UXVlcnlTdHJpbmdQYXJhbWV0ZXIgTmFtZT0idXRmOCIgVmFsdWU9IuKckyIgUmVjb3JkZWRWYWx1ZT0iIiBDb3JyZWxhdGlvbkJpbmRpbmc9IiIgVXJsRW5jb2RlPSJUcnVlIiBVc2VUb0dyb3VwUmVzdWx0cz0iRmFsc2UiIC8+DQogICAgICAgICAgICA8UXVlcnlTdHJpbmdQYXJhbWV0ZXIgTmFtZT0icyIgVmFsdWU9InRydWUiIFJlY29yZGVkVmFsdWU9IiIgQ29ycmVsYXRpb25CaW5kaW5nPSIiIFVybEVuY29kZT0iVHJ1ZSIgVXNlVG9Hcm91cFJlc3VsdHM9IkZhbHNlIiAvPg0KICAgICAgICAgICAgPFF1ZXJ5U3RyaW5nUGFyYW1ldGVyIE5hbWU9InBhcmFtZXRlcnNbZm9yY2VdIiBWYWx1ZT0iIiBSZWNvcmRlZFZhbHVlPSIiIENvcnJlbGF0aW9uQmluZGluZz0iIiBVcmxFbmNvZGU9IlRydWUiIFVzZVRvR3JvdXBSZXN1bHRzPSJGYWxzZSIgLz4NCiAgICAgICAgICAgIDxRdWVyeVN0cmluZ1BhcmFtZXRlciBOYW1lPSJwYXJhbWV0ZXJzW2FnZW5jeV9pZF0iIFZhbHVlPSIxIiBSZWNvcmRlZFZhbHVlPSIiIENvcnJlbGF0aW9uQmluZGluZz0iIiBVcmxFbmNvZGU9IlRydWUiIFVzZVRvR3JvdXBSZXN1bHRzPSJGYWxzZSIgLz4NCiAgICAgICAgICAgIDxRdWVyeVN0cmluZ1BhcmFtZXRlciBOYW1lPSJwYXJhbWV0ZXJzW2NsaWVudF9pZF0iIFZhbHVlPSIzIiBSZWNvcmRlZFZhbHVlPSIiIENvcnJlbGF0aW9uQmluZGluZz0iIiBVcmxFbmNvZGU9IlRydWUiIFVzZVRvR3JvdXBSZXN1bHRzPSJGYWxzZSIgLz4NCiAgICAgICAgICAgIDxRdWVyeVN0cmluZ1BhcmFtZXRlciBOYW1lPSJwYXJhbWV0ZXJzW2J1c2luZXNzX3VuaXRfaWRdIiBWYWx1ZT0iIiBSZWNvcmRlZFZhbHVlPSIiIENvcnJlbGF0aW9uQmluZGluZz0iIiBVcmxFbmNvZGU9IlRydWUiIFVzZVRvR3JvdXBSZXN1bHRzPSJGYWxzZSIgLz4NCiAgICAgICAgICAgIDxRdWVyeVN0cmluZ1BhcmFtZXRlciBOYW1lPSJ0aW1lX2ZyYW1lIiBWYWx1ZT0iQWxsIFRpbWUiIFJlY29yZGVkVmFsdWU9IiIgQ29ycmVsYXRpb25CaW5kaW5nPSIiIFVybEVuY29kZT0iVHJ1ZSIgVXNlVG9Hcm91cFJlc3VsdHM9IkZhbHNlIiAvPg0KICAgICAgICAgICAgPFF1ZXJ5U3RyaW5nUGFyYW1ldGVyIE5hbWU9InBhcmFtZXRlcnNbZnJvbV0iIFZhbHVlPSIwMS8wMS8yMDAwIDEyOjAwIGFtIiBSZWNvcmRlZFZhbHVlPSIiIENvcnJlbGF0aW9uQmluZGluZz0iIiBVcmxFbmNvZGU9IlRydWUiIFVzZVRvR3JvdXBSZXN1bHRzPSJGYWxzZSIgLz4NCiAgICAgICAgICAgIDxRdWVyeVN0cmluZ1BhcmFtZXRlciBOYW1lPSJ1c2VyX3N1Ym1pdHRlZF9kYXRlX2Zyb20iIFZhbHVlPSJ0cnVlIiBSZWNvcmRlZFZhbHVlPSIiIENvcnJlbGF0aW9uQmluZGluZz0iIiBVcmxFbmNvZGU9IlRydWUiIFVzZVRvR3JvdXBSZXN1bHRzPSJGYWxzZSIgLz4NCiAgICAgICAgICAgIDxRdWVyeVN0cmluZ1BhcmFtZXRlciBOYW1lPSJwYXJhbWV0ZXJzW3RvXSIgVmFsdWU9IjEyLzMxLzIwMTYgMTE6NTkgcG0iIFJlY29yZGVkVmFsdWU9IiIgQ29ycmVsYXRpb25CaW5kaW5nPSIiIFVybEVuY29kZT0iVHJ1ZSIgVXNlVG9Hcm91cFJlc3VsdHM9IkZhbHNlIiAvPg0KICAgICAgICAgICAgPFF1ZXJ5U3RyaW5nUGFyYW1ldGVyIE5hbWU9InVzZXJfc3VibWl0dGVkX2RhdGVfdG8iIFZhbHVlPSJ0cnVlIiBSZWNvcmRlZFZhbHVlPSIiIENvcnJlbGF0aW9uQmluZGluZz0iIiBVcmxFbmNvZGU9IlRydWUiIFVzZVRvR3JvdXBSZXN1bHRzPSJGYWxzZSIgLz4NCiAgICAgICAgICAgIDxRdWVyeVN0cmluZ1BhcmFtZXRlciBOYW1lPSJ1c2VyX3N1Ym1pdHRlZF9kYXRlIiBWYWx1ZT0iIiBSZWNvcmRlZFZhbHVlPSIiIENvcnJlbGF0aW9uQmluZGluZz0iIiBVcmxFbmNvZGU9IlRydWUiIFVzZVRvR3JvdXBSZXN1bHRzPSJGYWxzZSIgLz4NCiAgICAgICAgICAgIDxRdWVyeVN0cmluZ1BhcmFtZXRlciBOYW1lPSJwYXJhbWV0ZXJzW2Rpc3BsYXlfdHlwZV0iIFZhbHVlPSIiIFJlY29yZGVkVmFsdWU9IiIgQ29ycmVsYXRpb25CaW5kaW5nPSIiIFVybEVuY29kZT0iVHJ1ZSIgVXNlVG9Hcm91cFJlc3VsdHM9IkZhbHNlIiAvPg0KICAgICAgICAgICAgPFF1ZXJ5U3RyaW5nUGFyYW1ldGVyIE5hbWU9Il9wamF4IiBWYWx1ZT0idHJ1ZSIgUmVjb3JkZWRWYWx1ZT0iIiBDb3JyZWxhdGlvbkJpbmRpbmc9IiIgVXJsRW5jb2RlPSJUcnVlIiBVc2VUb0dyb3VwUmVzdWx0cz0iRmFsc2UiIC8+DQogICAgICAgICAgPC9RdWVyeVN0cmluZ1BhcmFtZXRlcnM+DQogICAgICAgIDwvUmVxdWVzdD4NCiAgICAgIDwvSXRlbXM+DQogICAgPC9UcmFuc2FjdGlvblRpbWVyPg0KICAgIDxDb21tZW50IENvbW1lbnRUZXh0PSJMb2dvdXQiIC8+DQogICAgPFRyYW5zYWN0aW9uVGltZXIgTmFtZT0iTG9nb3V0Ij4NCiAgICAgIDxJdGVtcz4NCiAgICAgICAgPEluY2x1ZGVkV2ViVGVzdCBOYW1lPSJMb2dvdXQiIFBhdGg9ImM6XG1lZHNlZWtcYXV0b21hdGlvblxwZXJzdWFkZVx2c3Byb2plY3RzXHBlcnN1YWRlcGVyZm9ybWFuY2VccGVyc3VhZGVwZXJmb3JtYW5jZVx3ZWJ0ZXN0c1xnbG9iYWwgdGVzdHNcbG9nb3V0LndlYnRlc3QiIElkPSJkM2ZkZjQ4NC0xOWE4LTRmMDItOTI3Ni0xNzc2NTI5Mzk5NTgiIElzQ29kZWRXZWJUZXN0PSJGYWxzZSIgSW5oZXJpdFdlYlRlc3RTZXR0aW5ncz0iRmFsc2UiIC8+DQogICAgICA8L0l0ZW1zPg0KICAgIDwvVHJhbnNhY3Rpb25UaW1lcj4NCiAgICA8Q29tbWVudCBDb21tZW50VGV4dD0iIiAvPg0KICA8L0l0ZW1zPg0KICA8Q29udGV4dFBhcmFtZXRlcnM+DQogICAgPENvbnRleHRQYXJhbWV0ZXIgTmFtZT0iU2VydmVyVXJsIiBWYWx1ZT0iaHR0cHM6Ly9zdGFnaW5nLmJyaWdodHdoaXN0bGUuY29tIiAvPg0KICA8L0NvbnRleHRQYXJhbWV0ZXJzPg0KICA8V2ViVGVzdFBsdWdpbnM+DQogICAgPFdlYlRlc3RQbHVnaW4gQ2xhc3NuYW1lPSJUZXN0UGx1Z2luLlNlcnZlclVybHMsIFRlc3RQbHVnaW4sIFZlcnNpb249MS4wLjAuMCwgQ3VsdHVyZT1uZXV0cmFsLCBQdWJsaWNLZXlUb2tlbj1udWxsIiBEaXNwbGF5TmFtZT0iU2VydmVyVXJscyIgRGVzY3JpcHRpb249IiIgLz4NCiAgPC9XZWJUZXN0UGx1Z2lucz4NCjwvV2ViVGVzdD4=">
    </WebTest>
    <WebTest name="PERS-1684_ConsoleStats" storage="c:\medseek\automation\persuade\vsprojects\persuadeperformance\persuadeperformance\webtests\reports\pers-1684_consolestats.webtest" priority="0" id="0fe679fc-14ce-40b7-97c8-556645783029" persistedWebTest="77u/PD94bWwgdmVyc2lvbj0iMS4wIiBlbmNvZGluZz0iVVRGLTgiIHN0YW5kYWxvbmU9InllcyI/Pg0KPFdlYlRlc3QgTmFtZT0iUEVSUy0xNjg0X0NvbnNvbGVTdGF0cyIgSWQ9IjBmZTY3OWZjLTE0Y2UtNDBiNy05N2M4LTU1NjY0NTc4MzAyOSIgT3duZXI9IiIgUHJpb3JpdHk9IjAiIEVuYWJsZWQ9IlRydWUiIENzc1Byb2plY3RTdHJ1Y3R1cmU9IiIgQ3NzSXRlcmF0aW9uPSIiIFRpbWVvdXQ9IjAiIFdvcmtJdGVtSWRzPSIiIHhtbG5zPSJodHRwOi8vbWljcm9zb2Z0LmNvbS9zY2hlbWFzL1Zpc3VhbFN0dWRpby9UZWFtVGVzdC8yMDEwIiBEZXNjcmlwdGlvbj0iIiBDcmVkZW50aWFsVXNlck5hbWU9IiIgQ3JlZGVudGlhbFBhc3N3b3JkPSIiIFByZUF1dGhlbnRpY2F0ZT0iVHJ1ZSIgUHJveHk9IiIgU3RvcE9uRXJyb3I9IkZhbHNlIiBSZWNvcmRlZFJlc3VsdEZpbGU9IiIgUmVzdWx0c0xvY2FsZT0iIj4NCiAgPEl0ZW1zPg0KICAgIDxDb21tZW50IENvbW1lbnRUZXh0PSJMb2dpbiIgLz4NCiAgICA8VHJhbnNhY3Rpb25UaW1lciBOYW1lPSJMb2dpbiI+DQogICAgICA8SXRlbXM+DQogICAgICAgIDxJbmNsdWRlZFdlYlRlc3QgTmFtZT0iTG9naW4iIFBhdGg9ImM6XG1lZHNlZWtcYXV0b21hdGlvblxwZXJzdWFkZVx2c3Byb2plY3RzXHBlcnN1YWRlcGVyZm9ybWFuY2VccGVyc3VhZGVwZXJmb3JtYW5jZVx3ZWJ0ZXN0c1xnbG9iYWwgdGVzdHNcbG9naW4ud2VidGVzdCIgSWQ9IjZlOTYxYWEyLTEwOTAtNGE3Mi04ZjVjLTA5ODU4ZWIyOGE1NCIgSXNDb2RlZFdlYlRlc3Q9IkZhbHNlIiBJbmhlcml0V2ViVGVzdFNldHRpbmdzPSJGYWxzZSIgLz4NCiAgICAgIDwvSXRlbXM+DQogICAgPC9UcmFuc2FjdGlvblRpbWVyPg0KICAgIDxDb21tZW50IENvbW1lbnRUZXh0PSJSZXBvcnRzIC0gQ29uc29sZSBTdGF0cyIgLz4NCiAgICA8VHJhbnNhY3Rpb25UaW1lciBOYW1lPSJSZXBvcnRzIC0gQ29uc29sZSBTdGF0cyI+DQogICAgICA8SXRlbXM+DQogICAgICAgIDxSZXF1ZXN0IE1ldGhvZD0iR0VUIiBHdWlkPSJhMmM1NWU4Yi1hMjExLTQzMTMtOTlkMi1kMWFhYzBlZTExOWEiIFZlcnNpb249IjEuMSIgVXJsPSJ7e1NlcnZlclVybH19L3JlcG9ydHMvOSIgVGhpbmtUaW1lPSItMiIgVGltZW91dD0iNjAiIFBhcnNlRGVwZW5kZW50UmVxdWVzdHM9IlRydWUiIEZvbGxvd1JlZGlyZWN0cz0iVHJ1ZSIgUmVjb3JkUmVzdWx0PSJUcnVlIiBDYWNoZT0iRmFsc2UiIFJlc3BvbnNlVGltZUdvYWw9IjAiIEVuY29kaW5nPSJ1dGYtOCIgRXhwZWN0ZWRIdHRwU3RhdHVzQ29kZT0iMCIgRXhwZWN0ZWRSZXNwb25zZVVybD0iIiBSZXBvcnRpbmdOYW1lPSIiIElnbm9yZUh0dHBTdGF0dXNDb2RlPSJGYWxzZSI+DQogICAgICAgICAgPEhlYWRlcnM+DQogICAgICAgICAgICA8SGVhZGVyIE5hbWU9IlVwZ3JhZGUtSW5zZWN1cmUtUmVxdWVzdHMiIFZhbHVlPSIxIiAvPg0KICAgICAgICAgICAgPEhlYWRlciBOYW1lPSJJZi1Ob25lLU1hdGNoIiBWYWx1ZT0iJnF1b3Q7ZjQ5MTZkZWZkMjJhYTFmMmE3YTlmZTQwMDAyNzVhYzcmcXVvdDsiIC8+DQogICAgICAgICAgPC9IZWFkZXJzPg0KICAgICAgICA8L1JlcXVlc3Q+DQogICAgICA8L0l0ZW1zPg0KICAgIDwvVHJhbnNhY3Rpb25UaW1lcj4NCiAgICA8Q29tbWVudCBDb21tZW50VGV4dD0iUnVuIFJlcG9ydCIgLz4NCiAgICA8VHJhbnNhY3Rpb25UaW1lciBOYW1lPSJSdW4gUmVwb3J0Ij4NCiAgICAgIDxJdGVtcz4NCiAgICAgICAgPFJlcXVlc3QgTWV0aG9kPSJHRVQiIEd1aWQ9ImY3ZGViMThhLTM3YmItNGI1NC04Nzk2LTQ2MjY3YjU0NWEzYyIgVmVyc2lvbj0iMS4xIiBVcmw9Int7U2VydmVyVXJsfX0vcmVwb3J0cy85IiBUaGlua1RpbWU9Ii02MCIgVGltZW91dD0iNjAiIFBhcnNlRGVwZW5kZW50UmVxdWVzdHM9IlRydWUiIEZvbGxvd1JlZGlyZWN0cz0iVHJ1ZSIgUmVjb3JkUmVzdWx0PSJUcnVlIiBDYWNoZT0iRmFsc2UiIFJlc3BvbnNlVGltZUdvYWw9IjAiIEVuY29kaW5nPSJ1dGYtOCIgRXhwZWN0ZWRIdHRwU3RhdHVzQ29kZT0iMCIgRXhwZWN0ZWRSZXNwb25zZVVybD0iIiBSZXBvcnRpbmdOYW1lPSIiIElnbm9yZUh0dHBTdGF0dXNDb2RlPSJGYWxzZSI+DQogICAgICAgICAgPEhlYWRlcnM+DQogICAgICAgICAgICA8SGVhZGVyIE5hbWU9IlgtQ1NSRi1Ub2tlbiIgVmFsdWU9Int7YXV0aFRva2VufX0iIC8+DQogICAgICAgICAgICA8SGVhZGVyIE5hbWU9IlgtUmVxdWVzdGVkLVdpdGgiIFZhbHVlPSJYTUxIdHRwUmVxdWVzdCIgLz4NCiAgICAgICAgICAgIDxIZWFkZXIgTmFtZT0iWC1QSkFYIiBWYWx1ZT0idHJ1ZSIgLz4NCiAgICAgICAgICA8L0hlYWRlcnM+DQogICAgICAgICAgPFF1ZXJ5U3RyaW5nUGFyYW1ldGVycz4NCiAgICAgICAgICAgIDxRdWVyeVN0cmluZ1BhcmFtZXRlciBOYW1lPSJ1dGY4IiBWYWx1ZT0i4pyTIiBSZWNvcmRlZFZhbHVlPSIiIENvcnJlbGF0aW9uQmluZGluZz0iIiBVcmxFbmNvZGU9IlRydWUiIFVzZVRvR3JvdXBSZXN1bHRzPSJGYWxzZSIgLz4NCiAgICAgICAgICAgIDxRdWVyeVN0cmluZ1BhcmFtZXRlciBOYW1lPSJzIiBWYWx1ZT0idHJ1ZSIgUmVjb3JkZWRWYWx1ZT0iIiBDb3JyZWxhdGlvbkJpbmRpbmc9IiIgVXJsRW5jb2RlPSJUcnVlIiBVc2VUb0dyb3VwUmVzdWx0cz0iRmFsc2UiIC8+DQogICAgICAgICAgICA8UXVlcnlTdHJpbmdQYXJhbWV0ZXIgTmFtZT0icGFyYW1ldGVyc1tmb3JjZV0iIFZhbHVlPSIiIFJlY29yZGVkVmFsdWU9IiIgQ29ycmVsYXRpb25CaW5kaW5nPSIiIFVybEVuY29kZT0iVHJ1ZSIgVXNlVG9Hcm91cFJlc3VsdHM9IkZhbHNlIiAvPg0KICAgICAgICAgICAgPFF1ZXJ5U3RyaW5nUGFyYW1ldGVyIE5hbWU9InBhcmFtZXRlcnNbYWdlbmN5X2lkXSIgVmFsdWU9IjEiIFJlY29yZGVkVmFsdWU9IiIgQ29ycmVsYXRpb25CaW5kaW5nPSIiIFVybEVuY29kZT0iVHJ1ZSIgVXNlVG9Hcm91cFJlc3VsdHM9IkZhbHNlIiAvPg0KICAgICAgICAgICAgPFF1ZXJ5U3RyaW5nUGFyYW1ldGVyIE5hbWU9InBhcmFtZXRlcnNbY2xpZW50X2lkXSIgVmFsdWU9IjMiIFJlY29yZGVkVmFsdWU9IiIgQ29ycmVsYXRpb25CaW5kaW5nPSIiIFVybEVuY29kZT0iVHJ1ZSIgVXNlVG9Hcm91cFJlc3VsdHM9IkZhbHNlIiAvPg0KICAgICAgICAgICAgPFF1ZXJ5U3RyaW5nUGFyYW1ldGVyIE5hbWU9InBhcmFtZXRlcnNbYnVzaW5lc3NfdW5pdF9pZF0iIFZhbHVlPSIiIFJlY29yZGVkVmFsdWU9IiIgQ29ycmVsYXRpb25CaW5kaW5nPSIiIFVybEVuY29kZT0iVHJ1ZSIgVXNlVG9Hcm91cFJlc3VsdHM9IkZhbHNlIiAvPg0KICAgICAgICAgICAgPFF1ZXJ5U3RyaW5nUGFyYW1ldGVyIE5hbWU9InRpbWVfZnJhbWUiIFZhbHVlPSJMYXN0IDMgbW9udGhzIiBSZWNvcmRlZFZhbHVlPSIiIENvcnJlbGF0aW9uQmluZGluZz0iIiBVcmxFbmNvZGU9IlRydWUiIFVzZVRvR3JvdXBSZXN1bHRzPSJGYWxzZSIgLz4NCiAgICAgICAgICAgIDxRdWVyeVN0cmluZ1BhcmFtZXRlciBOYW1lPSJwYXJhbWV0ZXJzW2Zyb21dIiBWYWx1ZT0iMTIvMDEvMjAxNSAxMjowMCBhbSIgUmVjb3JkZWRWYWx1ZT0iIiBDb3JyZWxhdGlvbkJpbmRpbmc9IiIgVXJsRW5jb2RlPSJUcnVlIiBVc2VUb0dyb3VwUmVzdWx0cz0iRmFsc2UiIC8+DQogICAgICAgICAgICA8UXVlcnlTdHJpbmdQYXJhbWV0ZXIgTmFtZT0idXNlcl9zdWJtaXR0ZWRfZGF0ZV9mcm9tIiBWYWx1ZT0idHJ1ZSIgUmVjb3JkZWRWYWx1ZT0iIiBDb3JyZWxhdGlvbkJpbmRpbmc9IiIgVXJsRW5jb2RlPSJUcnVlIiBVc2VUb0dyb3VwUmVzdWx0cz0iRmFsc2UiIC8+DQogICAgICAgICAgICA8UXVlcnlTdHJpbmdQYXJhbWV0ZXIgTmFtZT0icGFyYW1ldGVyc1t0b10iIFZhbHVlPSIwMy8zMS8yMDE2IDExOjU5IHBtIiBSZWNvcmRlZFZhbHVlPSIiIENvcnJlbGF0aW9uQmluZGluZz0iIiBVcmxFbmNvZGU9IlRydWUiIFVzZVRvR3JvdXBSZXN1bHRzPSJGYWxzZSIgLz4NCiAgICAgICAgICAgIDxRdWVyeVN0cmluZ1BhcmFtZXRlciBOYW1lPSJ1c2VyX3N1Ym1pdHRlZF9kYXRlX3RvIiBWYWx1ZT0idHJ1ZSIgUmVjb3JkZWRWYWx1ZT0iIiBDb3JyZWxhdGlvbkJpbmRpbmc9IiIgVXJsRW5jb2RlPSJUcnVlIiBVc2VUb0dyb3VwUmVzdWx0cz0iRmFsc2UiIC8+DQogICAgICAgICAgICA8UXVlcnlTdHJpbmdQYXJhbWV0ZXIgTmFtZT0idXNlcl9zdWJtaXR0ZWRfZGF0ZSIgVmFsdWU9IiIgUmVjb3JkZWRWYWx1ZT0iIiBDb3JyZWxhdGlvbkJpbmRpbmc9IiIgVXJsRW5jb2RlPSJUcnVlIiBVc2VUb0dyb3VwUmVzdWx0cz0iRmFsc2UiIC8+DQogICAgICAgICAgICA8UXVlcnlTdHJpbmdQYXJhbWV0ZXIgTmFtZT0iX3BqYXgiIFZhbHVlPSJ0cnVlIiBSZWNvcmRlZFZhbHVlPSIiIENvcnJlbGF0aW9uQmluZGluZz0iIiBVcmxFbmNvZGU9IlRydWUiIFVzZVRvR3JvdXBSZXN1bHRzPSJGYWxzZSIgLz4NCiAgICAgICAgICA8L1F1ZXJ5U3RyaW5nUGFyYW1ldGVycz4NCiAgICAgICAgPC9SZXF1ZXN0Pg0KICAgICAgPC9JdGVtcz4NCiAgICA8L1RyYW5zYWN0aW9uVGltZXI+DQogICAgPENvbW1lbnQgQ29tbWVudFRleHQ9IkxvZ291dCIgLz4NCiAgICA8VHJhbnNhY3Rpb25UaW1lciBOYW1lPSJMb2dvdXQiPg0KICAgICAgPEl0ZW1zPg0KICAgICAgICA8SW5jbHVkZWRXZWJUZXN0IE5hbWU9IkxvZ291dCIgUGF0aD0iYzpcbWVkc2Vla1xhdXRvbWF0aW9uXHBlcnN1YWRlXHZzcHJvamVjdHNccGVyc3VhZGVwZXJmb3JtYW5jZVxwZXJzdWFkZXBlcmZvcm1hbmNlXHdlYnRlc3RzXGdsb2JhbCB0ZXN0c1xsb2dvdXQud2VidGVzdCIgSWQ9ImQzZmRmNDg0LTE5YTgtNGYwMi05Mjc2LTE3NzY1MjkzOTk1OCIgSXNDb2RlZFdlYlRlc3Q9IkZhbHNlIiBJbmhlcml0V2ViVGVzdFNldHRpbmdzPSJGYWxzZSIgLz4NCiAgICAgIDwvSXRlbXM+DQogICAgPC9UcmFuc2FjdGlvblRpbWVyPg0KICAgIDxDb21tZW50IENvbW1lbnRUZXh0PSIiIC8+DQogIDwvSXRlbXM+DQogIDxDb250ZXh0UGFyYW1ldGVycz4NCiAgICA8Q29udGV4dFBhcmFtZXRlciBOYW1lPSJTZXJ2ZXJVcmwiIFZhbHVlPSJodHRwczovL3N0YWdpbmcuYnJpZ2h0d2hpc3RsZS5jb20iIC8+DQogIDwvQ29udGV4dFBhcmFtZXRlcnM+DQogIDxXZWJUZXN0UGx1Z2lucz4NCiAgICA8V2ViVGVzdFBsdWdpbiBDbGFzc25hbWU9IlRlc3RQbHVnaW4uU2VydmVyVXJscywgVGVzdFBsdWdpbiwgVmVyc2lvbj0xLjAuMC4wLCBDdWx0dXJlPW5ldXRyYWwsIFB1YmxpY0tleVRva2VuPW51bGwiIERpc3BsYXlOYW1lPSJTZXJ2ZXJVcmxzIiBEZXNjcmlwdGlvbj0iIiAvPg0KICA8L1dlYlRlc3RQbHVnaW5zPg0KPC9XZWJUZXN0Pg==">
    </WebTest>
  </TestDefinitions>
  <TestLists>
    <TestList name="Results Not in a List" id="8c84fa94-04c1-424b-9868-57a2d4851a1d" />
    <TestList name="All Loaded Results" id="19431567-8539-422a-85d7-44ee4e166bda" />
  </TestLists>
  <TestEntries>
    <TestEntry isTransparent="false" testId="a2697ea7-7447-4546-8051-0aa1d8b09e11" executionId="37290dba-2bc9-41d6-b10b-3d37babc7d08" testListId="8c84fa94-04c1-424b-9868-57a2d4851a1d">
      <TestEntries>
        <TestEntry isTransparent="false" testId="2a59cfae-3865-4945-93db-101f89be9bdc" executionId="ae4ca283-3ade-4fe0-94ac-51e916f593e9" parentExecutionId="37290dba-2bc9-41d6-b10b-3d37babc7d08" testListId="8c84fa94-04c1-424b-9868-57a2d4851a1d">
          <TestEntries>
            <TestEntry isTransparent="false" testId="6e961aa2-1090-4a72-8f5c-09858eb28a54" executionId="c19eaa53-3555-4a91-bb9b-47300ee9ca44" parentExecutionId="ae4ca283-3ade-4fe0-94ac-51e916f593e9" testListId="8c84fa94-04c1-424b-9868-57a2d4851a1d" />
            <TestEntry isTransparent="false" testId="d3fdf484-19a8-4f02-9276-177652939958" executionId="4e3ece79-237a-4b10-8881-d0dd833d9d42" parentExecutionId="ae4ca283-3ade-4fe0-94ac-51e916f593e9" testListId="8c84fa94-04c1-424b-9868-57a2d4851a1d" />
          </TestEntries>
        </TestEntry>
        <TestEntry isTransparent="false" testId="0fe679fc-14ce-40b7-97c8-556645783029" executionId="3bf896f4-68a9-4352-9e41-91b81dc4589c" parentExecutionId="37290dba-2bc9-41d6-b10b-3d37babc7d08" testListId="8c84fa94-04c1-424b-9868-57a2d4851a1d">
          <TestEntries>
            <TestEntry isTransparent="false" testId="6e961aa2-1090-4a72-8f5c-09858eb28a54" executionId="77c27553-2c56-44b3-b1fa-3a7863ef4c95" parentExecutionId="3bf896f4-68a9-4352-9e41-91b81dc4589c" testListId="8c84fa94-04c1-424b-9868-57a2d4851a1d" />
            <TestEntry isTransparent="false" testId="d3fdf484-19a8-4f02-9276-177652939958" executionId="bf4cf037-e206-4f06-ba1f-8b29488b1070" parentExecutionId="3bf896f4-68a9-4352-9e41-91b81dc4589c" testListId="8c84fa94-04c1-424b-9868-57a2d4851a1d" />
          </TestEntries>
        </TestEntry>
        <TestEntry isTransparent="false" testId="5eb6ff3e-c5ea-4af3-bb55-6ce869664552" executionId="aa047d15-a6b1-4b17-b522-478485fc57c4" parentExecutionId="37290dba-2bc9-41d6-b10b-3d37babc7d08" testListId="8c84fa94-04c1-424b-9868-57a2d4851a1d">
          <TestEntries>
            <TestEntry isTransparent="false" testId="6e961aa2-1090-4a72-8f5c-09858eb28a54" executionId="5ce491d7-d12a-4698-ae8a-7800ba859723" parentExecutionId="aa047d15-a6b1-4b17-b522-478485fc57c4" testListId="8c84fa94-04c1-424b-9868-57a2d4851a1d" />
            <TestEntry isTransparent="false" testId="d3fdf484-19a8-4f02-9276-177652939958" executionId="d56a3835-4078-438e-b1e1-cfdd7f9ae1c3" parentExecutionId="aa047d15-a6b1-4b17-b522-478485fc57c4" testListId="8c84fa94-04c1-424b-9868-57a2d4851a1d" />
          </TestEntries>
        </TestEntry>
        <TestEntry isTransparent="false" testId="b28a4648-606f-4c9e-beb6-3dbc2e493437" executionId="a43feb6b-7110-4c2f-8b64-23f5303a3f11" parentExecutionId="37290dba-2bc9-41d6-b10b-3d37babc7d08" testListId="8c84fa94-04c1-424b-9868-57a2d4851a1d">
          <TestEntries>
            <TestEntry isTransparent="false" testId="6e961aa2-1090-4a72-8f5c-09858eb28a54" executionId="968ba240-6b2c-48e7-b36f-283d606cc06c" parentExecutionId="a43feb6b-7110-4c2f-8b64-23f5303a3f11" testListId="8c84fa94-04c1-424b-9868-57a2d4851a1d" />
            <TestEntry isTransparent="false" testId="d3fdf484-19a8-4f02-9276-177652939958" executionId="f61d4b21-f877-4960-ae43-0bf352f86b0f" parentExecutionId="a43feb6b-7110-4c2f-8b64-23f5303a3f11" testListId="8c84fa94-04c1-424b-9868-57a2d4851a1d" />
          </TestEntries>
        </TestEntry>
        <TestEntry isTransparent="false" testId="0eef21df-78ca-4467-9c41-4578ccb12967" executionId="46b06eee-dc4e-4dc7-994f-5df38be41194" parentExecutionId="37290dba-2bc9-41d6-b10b-3d37babc7d08" testListId="8c84fa94-04c1-424b-9868-57a2d4851a1d">
          <TestEntries>
            <TestEntry isTransparent="false" testId="6e961aa2-1090-4a72-8f5c-09858eb28a54" executionId="6ed5ed4a-c39c-4a3d-a3ab-40c9d076ebc6" parentExecutionId="46b06eee-dc4e-4dc7-994f-5df38be41194" testListId="8c84fa94-04c1-424b-9868-57a2d4851a1d" />
            <TestEntry isTransparent="false" testId="d3fdf484-19a8-4f02-9276-177652939958" executionId="4eb49086-57d5-4755-87c8-e28ba207a539" parentExecutionId="46b06eee-dc4e-4dc7-994f-5df38be41194" testListId="8c84fa94-04c1-424b-9868-57a2d4851a1d" />
          </TestEntries>
        </TestEntry>
        <TestEntry isTransparent="false" testId="518f655e-f63f-4b20-a614-8ec60b4fb5a7" executionId="87773b85-5db1-4c1e-8f1e-ebb5c1e4c1e6" parentExecutionId="37290dba-2bc9-41d6-b10b-3d37babc7d08" testListId="8c84fa94-04c1-424b-9868-57a2d4851a1d">
          <TestEntries>
            <TestEntry isTransparent="false" testId="6e961aa2-1090-4a72-8f5c-09858eb28a54" executionId="4b1183b7-d18b-402a-b76a-ddb4d41013b5" parentExecutionId="87773b85-5db1-4c1e-8f1e-ebb5c1e4c1e6" testListId="8c84fa94-04c1-424b-9868-57a2d4851a1d" />
            <TestEntry isTransparent="false" testId="d3fdf484-19a8-4f02-9276-177652939958" executionId="9010c3ca-27d3-4630-a440-e80839b2f3ab" parentExecutionId="87773b85-5db1-4c1e-8f1e-ebb5c1e4c1e6" testListId="8c84fa94-04c1-424b-9868-57a2d4851a1d" />
          </TestEntries>
        </TestEntry>
        <TestEntry isTransparent="false" testId="9ba3d9c6-ccd5-4cc2-bc42-c93023b17ade" executionId="a9100561-33a7-48bf-9e36-fdd0ebf32593" parentExecutionId="37290dba-2bc9-41d6-b10b-3d37babc7d08" testListId="8c84fa94-04c1-424b-9868-57a2d4851a1d">
          <TestEntries>
            <TestEntry isTransparent="false" testId="6e961aa2-1090-4a72-8f5c-09858eb28a54" executionId="e297e108-18b2-445c-bb80-cac7f9fc6380" parentExecutionId="a9100561-33a7-48bf-9e36-fdd0ebf32593" testListId="8c84fa94-04c1-424b-9868-57a2d4851a1d" />
            <TestEntry isTransparent="false" testId="d3fdf484-19a8-4f02-9276-177652939958" executionId="7b97ecb6-4107-4afb-aa14-c88c839c1751" parentExecutionId="a9100561-33a7-48bf-9e36-fdd0ebf32593" testListId="8c84fa94-04c1-424b-9868-57a2d4851a1d" />
          </TestEntries>
        </TestEntry>
        <TestEntry isTransparent="false" testId="feda9afa-0094-47b1-8498-f1e6e426ac2e" executionId="6578896c-a5be-40c7-846f-7fe7de9a4227" parentExecutionId="37290dba-2bc9-41d6-b10b-3d37babc7d08" testListId="8c84fa94-04c1-424b-9868-57a2d4851a1d">
          <TestEntries>
            <TestEntry isTransparent="false" testId="6e961aa2-1090-4a72-8f5c-09858eb28a54" executionId="cc5f0c75-df77-4514-a3d5-4d460def62c6" parentExecutionId="6578896c-a5be-40c7-846f-7fe7de9a4227" testListId="8c84fa94-04c1-424b-9868-57a2d4851a1d" />
            <TestEntry isTransparent="false" testId="d3fdf484-19a8-4f02-9276-177652939958" executionId="9c3e7119-e312-4298-b6f4-ab3b94a2ce8c" parentExecutionId="6578896c-a5be-40c7-846f-7fe7de9a4227" testListId="8c84fa94-04c1-424b-9868-57a2d4851a1d" />
          </TestEntries>
        </TestEntry>
        <TestEntry isTransparent="false" testId="2cbdf330-05fa-47cd-85e1-047a91621b28" executionId="3d9570b4-05cf-4aaa-9c92-0532b65f9e03" parentExecutionId="37290dba-2bc9-41d6-b10b-3d37babc7d08" testListId="8c84fa94-04c1-424b-9868-57a2d4851a1d">
          <TestEntries>
            <TestEntry isTransparent="false" testId="6e961aa2-1090-4a72-8f5c-09858eb28a54" executionId="d53c96bc-a811-4f92-a1e2-6d6998b7e6ea" parentExecutionId="3d9570b4-05cf-4aaa-9c92-0532b65f9e03" testListId="8c84fa94-04c1-424b-9868-57a2d4851a1d" />
            <TestEntry isTransparent="false" testId="d3fdf484-19a8-4f02-9276-177652939958" executionId="326a979c-7051-4113-8af2-855657971db8" parentExecutionId="3d9570b4-05cf-4aaa-9c92-0532b65f9e03" testListId="8c84fa94-04c1-424b-9868-57a2d4851a1d" />
          </TestEntries>
        </TestEntry>
        <TestEntry isTransparent="false" testId="e915dee3-027a-436f-a361-e95f08372145" executionId="9633019f-fb7b-45d7-83bb-4b19d6bb8c76" parentExecutionId="37290dba-2bc9-41d6-b10b-3d37babc7d08" testListId="8c84fa94-04c1-424b-9868-57a2d4851a1d">
          <TestEntries>
            <TestEntry isTransparent="false" testId="6e961aa2-1090-4a72-8f5c-09858eb28a54" executionId="4acc8162-48b9-4109-b292-a68cd5150f4e" parentExecutionId="9633019f-fb7b-45d7-83bb-4b19d6bb8c76" testListId="8c84fa94-04c1-424b-9868-57a2d4851a1d" />
            <TestEntry isTransparent="false" testId="d3fdf484-19a8-4f02-9276-177652939958" executionId="35e1d22b-15c7-4145-a0f5-b2d8372223f0" parentExecutionId="9633019f-fb7b-45d7-83bb-4b19d6bb8c76" testListId="8c84fa94-04c1-424b-9868-57a2d4851a1d" />
          </TestEntries>
        </TestEntry>
      </TestEntries>
    </TestEntry>
  </TestEntries>
  <Results>
    <LoadTestResult executionId="37290dba-2bc9-41d6-b10b-3d37babc7d08" testId="a2697ea7-7447-4546-8051-0aa1d8b09e11" testName="Persuade_Reports" computerName="CHI-LAB-VSA-03,CHI-LAB-VSA-04" duration="00:17:43.0840000" startTime="2016-06-23T08:13:05.0099588-05:00" endTime="2016-06-23T08:30:48.0939588-05:00" testType="fa4c85ff-1236-4463-b954-3ba2f0eabd95" outcome="Completed" testListId="8c84fa94-04c1-424b-9868-57a2d4851a1d" relativeResultsDirectory="37290dba-2bc9-41d6-b10b-3d37babc7d08" runId="3369" controllerStartTime="2016-06-23T08:13:05.0099588-05:00" runStatus="Stopped" resultsStoreType="Database" resultsRepositoryConnectString="LAs4ogoKlDcHOnn2jGpaq4npzaU2Rd4K3N64aoKK+88IzEfUfkl1yuqcfHllXf4pvSPdOrbShhs2zj4U3CeB/zdl5h2UT869+rMOBsHkfF4I1MQDMLbSRqYmgmC/ARSYgmSj8rErP4I=" loadTestDuration="900" loadTestWarmupTime="120" previouslyViewed="true">
      <AnalyzerViewState>
        <LoadTestRunDescriptor isLegendPanelVisible="true" isOverviewPanelVisible="true" isCounterPanelVisible="true" scrollingGraph="false" minMaxGraph="false" showHorizontalGridOnGraph="true" showThresholdsOnGraph="true" showComparison="false" showZoom="true" lockZoom="true" activeConsoleView="Table" selectedGraphPanel1="Key Indicators" selectedGraphPanel2="Page Response Time" selectedGraphPanel3="System under Test" selectedGraphPanel4="Controller and Agents" graphPanelLayout="FourGrid" tablePanelLayout="TwoHorizontal" selectedTablePanel1="Tests" selectedTablePanel2="Errors" selectedTablePanel3="Thresholds" selectedTablePanel4="Transactions" controllerName="CHI-LAB-VSC-02" isLocalRun="false" testRunId="1d636cff-0dc3-475e-add7-1473e9214d6b" repositoryRunId="0">
          <GraphDescriptors>
            <GraphDescriptor graphName="Key Indicators">
              <HorizontalZoomRange lower="-1" upper="-1" />
              <VerticalZoomRange lower="0" upper="100" />
              <PlotDescriptors>
                <PlotDescriptor colorArgb="-65536" lineStyle="0" fixedRange="0" rangeGroup="User Load" showOnGraph="true" isSelected="false">
                  <CounterDescriptor machineName="CHI-LAB-VSC-02" categoryName="LoadTest:Scenario" counterName="User Load" instanceName="_Total" baseInstanceName="_Total" loadTestItemId="-1" />
                </PlotDescriptor>
                <PlotDescriptor colorArgb="-16744448" lineStyle="0" fixedRange="0" rangeGroup="Pages/Sec" showOnGraph="true" isSelected="false">
                  <CounterDescriptor machineName="CHI-LAB-VSC-02" categoryName="LoadTest:Page" counterName="Pages/Sec" instanceName="_Total" baseInstanceName="_Total" loadTestItemId="-1" />
                </PlotDescriptor>
                <PlotDescriptor colorArgb="-16776961" lineStyle="0" fixedRange="0" rangeGroup="Avg. Page Time" showOnGraph="true" isSelected="false">
                  <CounterDescriptor machineName="CHI-LAB-VSC-02" categoryName="LoadTest:Page" counterName="Avg. Page Time" instanceName="_Total" baseInstanceName="_Total" loadTestItemId="-1" />
                </PlotDescriptor>
                <PlotDescriptor colorArgb="-8388480" lineStyle="0" fixedRange="0" rangeGroup="Errors/Sec" showOnGraph="true" isSelected="false">
                  <CounterDescriptor machineName="CHI-LAB-VSC-02" categoryName="LoadTest:Errors" counterName="Errors/Sec" instanceName="_Total" baseInstanceName="_Total" loadTestItemId="-1" />
                </PlotDescriptor>
                <PlotDescriptor colorArgb="-23296" lineStyle="0" fixedRange="0" rangeGroup="Threshold Violations/Sec" showOnGraph="true" isSelected="false">
                  <CounterDescriptor machineName="CHI-LAB-VSC-02" categoryName="LoadTest:Errors" counterName="Threshold Violations/Sec" instanceName="_Total" baseInstanceName="_Total" loadTestItemId="-1" />
                </PlotDescriptor>
              </PlotDescriptors>
            </GraphDescriptor>
            <GraphDescriptor graphName="System under Test">
              <HorizontalZoomRange lower="-1" upper="-1" />
              <VerticalZoomRange lower="0" upper="100" />
              <PlotDescriptors>
                <PlotDescriptor colorArgb="-65536" lineStyle="0" fixedRange="100" rangeGroup="% Processor Time" showOnGraph="true" isSelected="false">
                  <CounterDescriptor machineName="54.243.152.58" categoryName="Processor" counterName="% Processor Time" instanceName="_Total" baseInstanceName="_Total" loadTestItemId="-1" />
                </PlotDescriptor>
                <PlotDescriptor colorArgb="-16744448" lineStyle="0" fixedRange="0" rangeGroup="Memory Bytes" showOnGraph="true" isSelected="false">
                  <CounterDescriptor machineName="54.243.152.58" categoryName="Memory" counterName="Available MBytes" instanceName="systemdiagnosticsperfcounterlibsingleinstance" baseInstanceName="systemdiagnosticsperfcounterlibsingleinstance" loadTestItemId="-1" />
                </PlotDescriptor>
                <PlotDescriptor colorArgb="-16776961" lineStyle="0" fixedRange="0" rangeGroup="IIS Bytes" showOnGraph="true" isSelected="false">
                  <CounterDescriptor machineName="54.243.152.58" categoryName="Web Service" counterName="Bytes Total/sec" instanceName="_Total" baseInstanceName="_Total" loadTestItemId="-1" />
                </PlotDescriptor>
                <PlotDescriptor colorArgb="-8388480" lineStyle="0" fixedRange="0" rangeGroup="IIS Requests" showOnGraph="true" isSelected="false">
                  <CounterDescriptor machineName="54.243.152.58" categoryName="Web Service" counterName="Total Method Requests/sec" instanceName="_Total" baseInstanceName="_Total" loadTestItemId="-1" />
                </PlotDescriptor>
                <PlotDescriptor colorArgb="-23296" lineStyle="0" fixedRange="0" rangeGroup="Transactions/sec" showOnGraph="true" isSelected="false">
                  <CounterDescriptor machineName="54.243.152.58" categoryName="SQLServer:Databases" counterName="Transactions/sec" instanceName="_Total" baseInstanceName="_Total" loadTestItemId="-1" />
                </PlotDescriptor>
              </PlotDescriptors>
            </GraphDescriptor>
            <GraphDescriptor graphName="Controller and Agents">
              <HorizontalZoomRange lower="-1" upper="-1" />
              <VerticalZoomRange lower="0" upper="100" />
              <PlotDescriptors>
                <PlotDescriptor colorArgb="-65536" lineStyle="0" fixedRange="100" rangeGroup="% Processor Time" showOnGraph="true" isSelected="false">
                  <CounterDescriptor machineName="CHI-LAB-VSA-03" categoryName="Processor" counterName="% Processor Time" instanceName="_Total" baseInstanceName="_Total" loadTestItemId="-1" />
                </PlotDescriptor>
                <PlotDescriptor colorArgb="-16744448" lineStyle="0" fixedRange="0" rangeGroup="Memory Bytes" showOnGraph="true" isSelected="false">
                  <CounterDescriptor machineName="CHI-LAB-VSA-03" categoryName="Memory" counterName="Available MBytes" instanceName="systemdiagnosticsperfcounterlibsingleinstance" baseInstanceName="systemdiagnosticsperfcounterlibsingleinstance" loadTestItemId="-1" />
                </PlotDescriptor>
                <PlotDescriptor colorArgb="-16776961" lineStyle="0" fixedRange="100" rangeGroup="% Processor Time" showOnGraph="true" isSelected="false">
                  <CounterDescriptor machineName="CHI-LAB-VSA-04" categoryName="Processor" counterName="% Processor Time" instanceName="_Total" baseInstanceName="_Total" loadTestItemId="-1" />
                </PlotDescriptor>
                <PlotDescriptor colorArgb="-8388480" lineStyle="0" fixedRange="0" rangeGroup="Memory Bytes" showOnGraph="true" isSelected="false">
                  <CounterDescriptor machineName="CHI-LAB-VSA-04" categoryName="Memory" counterName="Available MBytes" instanceName="systemdiagnosticsperfcounterlibsingleinstance" baseInstanceName="systemdiagnosticsperfcounterlibsingleinstance" loadTestItemId="-1" />
                </PlotDescriptor>
                <PlotDescriptor colorArgb="-23296" lineStyle="0" fixedRange="100" rangeGroup="% Processor Time" showOnGraph="true" isSelected="false">
                  <CounterDescriptor machineName="CHI-LAB-VSC-02" categoryName="Processor" counterName="% Processor Time" instanceName="_Total" baseInstanceName="_Total" loadTestItemId="-1" />
                </PlotDescriptor>
                <PlotDescriptor colorArgb="-16744320" lineStyle="0" fixedRange="0" rangeGroup="Memory Bytes" showOnGraph="true" isSelected="false">
                  <CounterDescriptor machineName="CHI-LAB-VSC-02" categoryName="Memory" counterName="Available MBytes" instanceName="systemdiagnosticsperfcounterlibsingleinstance" baseInstanceName="systemdiagnosticsperfcounterlibsingleinstance" loadTestItemId="-1" />
                </PlotDescriptor>
              </PlotDescriptors>
            </GraphDescriptor>
            <GraphDescriptor graphName="Test Response Time">
              <HorizontalZoomRange lower="-1" upper="-1" />
              <VerticalZoomRange lower="0" upper="117" />
              <PlotDescriptors>
                <PlotDescriptor colorArgb="-65536" lineStyle="0" fixedRange="117" rangeGroup="Avg. Test Time" showOnGraph="true" isSelected="false" counterMetadata="PERS-1683_BudgetTracker;Reports">
                  <CounterDescriptor machineName="CHI-LAB-VSC-02" categoryName="LoadTest:Test" counterName="Avg. Test Time" instanceName="PERS-1683_BudgetTracker(000)" baseInstanceName="PERS-1683_BudgetTracker" loadTestItemId="0" />
                </PlotDescriptor>
                <PlotDescriptor colorArgb="-16744448" lineStyle="0" fixedRange="117" rangeGroup="Avg. Test Time" showOnGraph="true" isSelected="false" counterMetadata="PERS-1690_Monthly;Reports">
                  <CounterDescriptor machineName="CHI-LAB-VSC-02" categoryName="LoadTest:Test" counterName="Avg. Test Time" instanceName="PERS-1690_Monthly(007)" baseInstanceName="PERS-1690_Monthly" loadTestItemId="7" />
                </PlotDescriptor>
                <PlotDescriptor colorArgb="-16776961" lineStyle="0" fixedRange="117" rangeGroup="Avg. Test Time" showOnGraph="true" isSelected="false" counterMetadata="PERS-1692_TableauReports;Reports">
                  <CounterDescriptor machineName="CHI-LAB-VSC-02" categoryName="LoadTest:Test" counterName="Avg. Test Time" instanceName="PERS-1692_TableauReports(009)" baseInstanceName="PERS-1692_TableauReports" loadTestItemId="9" />
                </PlotDescriptor>
                <PlotDescriptor colorArgb="-8388480" lineStyle="0" fixedRange="117" rangeGroup="Avg. Test Time" showOnGraph="true" isSelected="false" counterMetadata="PERS-1684_ConsoleStats;Reports">
                  <CounterDescriptor machineName="CHI-LAB-VSC-02" categoryName="LoadTest:Test" counterName="Avg. Test Time" instanceName="PERS-1684_ConsoleStats(001)" baseInstanceName="PERS-1684_ConsoleStats" loadTestItemId="1" />
                </PlotDescriptor>
                <PlotDescriptor colorArgb="-23296" lineStyle="0" fixedRange="117" rangeGroup="Avg. Test Time" showOnGraph="true" isSelected="false" counterMetadata="PERS-1689_Medicom;Reports">
                  <CounterDescriptor machineName="CHI-LAB-VSC-02" categoryName="LoadTest:Test" counterName="Avg. Test Time" instanceName="PERS-1689_Medicom(006)" baseInstanceName="PERS-1689_Medicom" loadTestItemId="6" />
                </PlotDescriptor>
                <PlotDescriptor colorArgb="-16744320" lineStyle="0" fixedRange="117" rangeGroup="Avg. Test Time" showOnGraph="true" isSelected="false" counterMetadata="PERS-1686_DirectoryStats;Reports">
                  <CounterDescriptor machineName="CHI-LAB-VSC-02" categoryName="LoadTest:Test" counterName="Avg. Test Time" instanceName="PERS-1686_DirectoryStats(003)" baseInstanceName="PERS-1686_DirectoryStats" loadTestItemId="3" />
                </PlotDescriptor>
                <PlotDescriptor colorArgb="-7667712" lineStyle="0" fixedRange="117" rangeGroup="Avg. Test Time" showOnGraph="true" isSelected="false" counterMetadata="PERS-1685_DirectoryIssues;Reports">
                  <CounterDescriptor machineName="CHI-LAB-VSC-02" categoryName="LoadTest:Test" counterName="Avg. Test Time" instanceName="PERS-1685_DirectoryIssues(002)" baseInstanceName="PERS-1685_DirectoryIssues" loadTestItemId="2" />
                </PlotDescriptor>
                <PlotDescriptor colorArgb="-16751616" lineStyle="0" fixedRange="117" rangeGroup="Avg. Test Time" showOnGraph="true" isSelected="false" counterMetadata="PERS-1691_MonthlyLeads;Reports">
                  <CounterDescriptor machineName="CHI-LAB-VSC-02" categoryName="LoadTest:Test" counterName="Avg. Test Time" instanceName="PERS-1691_MonthlyLeads(008)" baseInstanceName="PERS-1691_MonthlyLeads" loadTestItemId="8" />
                </PlotDescriptor>
                <PlotDescriptor colorArgb="-16777077" lineStyle="0" fixedRange="117" rangeGroup="Avg. Test Time" showOnGraph="true" isSelected="false" counterMetadata="PERS-1687_GoogleAdWords;Reports">
                  <CounterDescriptor machineName="CHI-LAB-VSC-02" categoryName="LoadTest:Test" counterName="Avg. Test Time" instanceName="PERS-1687_GoogleAdWords(004)" baseInstanceName="PERS-1687_GoogleAdWords" loadTestItemId="4" />
                </PlotDescriptor>
                <PlotDescriptor colorArgb="-16741493" lineStyle="0" fixedRange="117" rangeGroup="Avg. Test Time" showOnGraph="true" isSelected="false" counterMetadata="PERS-1688_LeadStats;Reports">
                  <CounterDescriptor machineName="CHI-LAB-VSC-02" categoryName="LoadTest:Test" counterName="Avg. Test Time" instanceName="PERS-1688_LeadStats(005)" baseInstanceName="PERS-1688_LeadStats" loadTestItemId="5" />
                </PlotDescriptor>
              </PlotDescriptors>
            </GraphDescriptor>
            <GraphDescriptor graphName="Transaction Response Time">
              <HorizontalZoomRange lower="-1" upper="-1" />
              <VerticalZoomRange lower="0" upper="47" />
              <PlotDescriptors>
                <PlotDescriptor colorArgb="-65536" lineStyle="0" fixedRange="47" rangeGroup="Avg. Response Time" showOnGraph="true" isSelected="false" counterMetadata="PERS-1683_BudgetTracker;Reports;Login.Landing Page">
                  <CounterDescriptor machineName="CHI-LAB-VSC-02" categoryName="LoadTest:Transaction" counterName="Avg. Response Time" instanceName="Login.Landing Page(000)" baseInstanceName="Login.Landing Page" loadTestItemId="0" />
                </PlotDescriptor>
                <PlotDescriptor colorArgb="-16744448" lineStyle="0" fixedRange="47" rangeGroup="Avg. Response Time" showOnGraph="true" isSelected="false" counterMetadata="PERS-1683_BudgetTracker;Reports;Login.Login">
                  <CounterDescriptor machineName="CHI-LAB-VSC-02" categoryName="LoadTest:Transaction" counterName="Avg. Response Time" instanceName="Login.Login(001)" baseInstanceName="Login.Login" loadTestItemId="1" />
                </PlotDescriptor>
                <PlotDescriptor colorArgb="-16776961" lineStyle="0" fixedRange="47" rangeGroup="Avg. Response Time" showOnGraph="true" isSelected="false" counterMetadata="PERS-1683_BudgetTracker;Reports;PERS-1683_BudgetTracker.Login">
                  <CounterDescriptor machineName="CHI-LAB-VSC-02" categoryName="LoadTest:Transaction" counterName="Avg. Response Time" instanceName="PERS-1683_BudgetTracker.Login(002)" baseInstanceName="PERS-1683_BudgetTracker.Login" loadTestItemId="2" />
                </PlotDescriptor>
                <PlotDescriptor colorArgb="-8388480" lineStyle="0" fixedRange="47" rangeGroup="Avg. Response Time" showOnGraph="true" isSelected="false" counterMetadata="PERS-1683_BudgetTracker;Reports;Login">
                  <CounterDescriptor machineName="CHI-LAB-VSC-02" categoryName="LoadTest:Transaction" counterName="Avg. Response Time" instanceName="Login(003)" baseInstanceName="Login" loadTestItemId="3" />
                </PlotDescriptor>
                <PlotDescriptor colorArgb="-23296" lineStyle="0" fixedRange="47" rangeGroup="Avg. Response Time" showOnGraph="true" isSelected="false" counterMetadata="PERS-1683_BudgetTracker;Reports;Reports - BudgetTracker">
                  <CounterDescriptor machineName="CHI-LAB-VSC-02" categoryName="LoadTest:Transaction" counterName="Avg. Response Time" instanceName="Reports - BudgetTracker(004)" baseInstanceName="Reports - BudgetTracker" loadTestItemId="4" />
                </PlotDescriptor>
                <PlotDescriptor colorArgb="-16744320" lineStyle="0" fixedRange="47" rangeGroup="Avg. Response Time" showOnGraph="true" isSelected="false" counterMetadata="PERS-1683_BudgetTracker;Reports;Run Report">
                  <CounterDescriptor machineName="CHI-LAB-VSC-02" categoryName="LoadTest:Transaction" counterName="Avg. Response Time" instanceName="Run Report(005)" baseInstanceName="Run Report" loadTestItemId="5" />
                </PlotDescriptor>
                <PlotDescriptor colorArgb="-7667712" lineStyle="0" fixedRange="47" rangeGroup="Avg. Response Time" showOnGraph="true" isSelected="false" counterMetadata="PERS-1683_BudgetTracker;Reports;Logout.Logout">
                  <CounterDescriptor machineName="CHI-LAB-VSC-02" categoryName="LoadTest:Transaction" counterName="Avg. Response Time" instanceName="Logout.Logout(006)" baseInstanceName="Logout.Logout" loadTestItemId="6" />
                </PlotDescriptor>
                <PlotDescriptor colorArgb="-16751616" lineStyle="0" fixedRange="47" rangeGroup="Avg. Response Time" showOnGraph="true" isSelected="false" counterMetadata="PERS-1683_BudgetTracker;Reports;PERS-1683_BudgetTracker.Logout">
                  <CounterDescriptor machineName="CHI-LAB-VSC-02" categoryName="LoadTest:Transaction" counterName="Avg. Response Time" instanceName="PERS-1683_BudgetTracker.Logout(007)" baseInstanceName="PERS-1683_BudgetTracker.Logout" loadTestItemId="7" />
                </PlotDescriptor>
                <PlotDescriptor colorArgb="-16777077" lineStyle="0" fixedRange="47" rangeGroup="Avg. Response Time" showOnGraph="true" isSelected="false" counterMetadata="PERS-1683_BudgetTracker;Reports;Logout">
                  <CounterDescriptor machineName="CHI-LAB-VSC-02" categoryName="LoadTest:Transaction" counterName="Avg. Response Time" instanceName="Logout(008)" baseInstanceName="Logout" loadTestItemId="8" />
                </PlotDescriptor>
                <PlotDescriptor colorArgb="-16741493" lineStyle="0" fixedRange="47" rangeGroup="Avg. Response Time" showOnGraph="true" isSelected="false" counterMetadata="PERS-1690_Monthly;Reports;Login.Landing Page">
                  <CounterDescriptor machineName="CHI-LAB-VSC-02" categoryName="LoadTest:Transaction" counterName="Avg. Response Time" instanceName="Login.Landing Page(009)" baseInstanceName="Login.Landing Page" loadTestItemId="9" />
                </PlotDescriptor>
                <PlotDescriptor colorArgb="-5383962" lineStyle="0" fixedRange="47" rangeGroup="Avg. Response Time" showOnGraph="true" isSelected="false" counterMetadata="PERS-1690_Monthly;Reports;Login.Login">
                  <CounterDescriptor machineName="CHI-LAB-VSC-02" categoryName="LoadTest:Transaction" counterName="Avg. Response Time" instanceName="Login.Login(010)" baseInstanceName="Login.Login" loadTestItemId="10" />
                </PlotDescriptor>
                <PlotDescriptor colorArgb="-7278960" lineStyle="0" fixedRange="47" rangeGroup="Avg. Response Time" showOnGraph="true" isSelected="false" counterMetadata="PERS-1690_Monthly;Reports;PERS-1690_Monthly.Login">
                  <CounterDescriptor machineName="CHI-LAB-VSC-02" categoryName="LoadTest:Transaction" counterName="Avg. Response Time" instanceName="PERS-1690_Monthly.Login(011)" baseInstanceName="PERS-1690_Monthly.Login" loadTestItemId="11" />
                </PlotDescriptor>
                <PlotDescriptor colorArgb="-38476" lineStyle="0" fixedRange="47" rangeGroup="Avg. Response Time" showOnGraph="true" isSelected="false" counterMetadata="PERS-1690_Monthly;Reports;Login">
                  <CounterDescriptor machineName="CHI-LAB-VSC-02" categoryName="LoadTest:Transaction" counterName="Avg. Response Time" instanceName="Login(012)" baseInstanceName="Login" loadTestItemId="12" />
                </PlotDescriptor>
                <PlotDescriptor colorArgb="-10496" lineStyle="0" fixedRange="47" rangeGroup="Avg. Response Time" showOnGraph="true" isSelected="false" counterMetadata="PERS-1690_Monthly;Reports;Reports - Monthly">
                  <CounterDescriptor machineName="CHI-LAB-VSC-02" categoryName="LoadTest:Transaction" counterName="Avg. Response Time" instanceName="Reports - Monthly(013)" baseInstanceName="Reports - Monthly" loadTestItemId="13" />
                </PlotDescriptor>
                <PlotDescriptor colorArgb="-16777216" lineStyle="0" fixedRange="47" rangeGroup="Avg. Response Time" showOnGraph="true" isSelected="false" counterMetadata="PERS-1690_Monthly;Reports;Show Search">
                  <CounterDescriptor machineName="CHI-LAB-VSC-02" categoryName="LoadTest:Transaction" counterName="Avg. Response Time" instanceName="Show Search(014)" baseInstanceName="Show Search" loadTestItemId="14" />
                </PlotDescriptor>
                <PlotDescriptor colorArgb="-65536" lineStyle="0" fixedRange="47" rangeGroup="Avg. Response Time" showOnGraph="true" isSelected="false" counterMetadata="PERS-1690_Monthly;Reports;Show Social">
                  <CounterDescriptor machineName="CHI-LAB-VSC-02" categoryName="LoadTest:Transaction" counterName="Avg. Response Time" instanceName="Show Social(015)" baseInstanceName="Show Social" loadTestItemId="15" />
                </PlotDescriptor>
                <PlotDescriptor colorArgb="-16744448" lineStyle="0" fixedRange="47" rangeGroup="Avg. Response Time" showOnGraph="true" isSelected="false" counterMetadata="PERS-1690_Monthly;Reports;Logout.Logout">
                  <CounterDescriptor machineName="CHI-LAB-VSC-02" categoryName="LoadTest:Transaction" counterName="Avg. Response Time" instanceName="Logout.Logout(016)" baseInstanceName="Logout.Logout" loadTestItemId="16" />
                </PlotDescriptor>
                <PlotDescriptor colorArgb="-16776961" lineStyle="0" fixedRange="47" rangeGroup="Avg. Response Time" showOnGraph="true" isSelected="false" counterMetadata="PERS-1690_Monthly;Reports;PERS-1690_Monthly.Logout">
                  <CounterDescriptor machineName="CHI-LAB-VSC-02" categoryName="LoadTest:Transaction" counterName="Avg. Response Time" instanceName="PERS-1690_Monthly.Logout(017)" baseInstanceName="PERS-1690_Monthly.Logout" loadTestItemId="17" />
                </PlotDescriptor>
                <PlotDescriptor colorArgb="-8388480" lineStyle="0" fixedRange="47" rangeGroup="Avg. Response Time" showOnGraph="true" isSelected="false" counterMetadata="PERS-1690_Monthly;Reports;Logout">
                  <CounterDescriptor machineName="CHI-LAB-VSC-02" categoryName="LoadTest:Transaction" counterName="Avg. Response Time" instanceName="Logout(018)" baseInstanceName="Logout" loadTestItemId="18" />
                </PlotDescriptor>
                <PlotDescriptor colorArgb="-23296" lineStyle="0" fixedRange="47" rangeGroup="Avg. Response Time" showOnGraph="true" isSelected="false" counterMetadata="PERS-1692_TableauReports;Reports;Login.Landing Page">
                  <CounterDescriptor machineName="CHI-LAB-VSC-02" categoryName="LoadTest:Transaction" counterName="Avg. Response Time" instanceName="Login.Landing Page(019)" baseInstanceName="Login.Landing Page" loadTestItemId="19" />
                </PlotDescriptor>
                <PlotDescriptor colorArgb="-16744320" lineStyle="0" fixedRange="47" rangeGroup="Avg. Response Time" showOnGraph="true" isSelected="false" counterMetadata="PERS-1692_TableauReports;Reports;Login.Login">
                  <CounterDescriptor machineName="CHI-LAB-VSC-02" categoryName="LoadTest:Transaction" counterName="Avg. Response Time" instanceName="Login.Login(020)" baseInstanceName="Login.Login" loadTestItemId="20" />
                </PlotDescriptor>
                <PlotDescriptor colorArgb="-7667712" lineStyle="0" fixedRange="47" rangeGroup="Avg. Response Time" showOnGraph="true" isSelected="false" counterMetadata="PERS-1692_TableauReports;Reports;PERS-1692_TableauReports.Login">
                  <CounterDescriptor machineName="CHI-LAB-VSC-02" categoryName="LoadTest:Transaction" counterName="Avg. Response Time" instanceName="PERS-1692_TableauReports.Login(021)" baseInstanceName="PERS-1692_TableauReports.Login" loadTestItemId="21" />
                </PlotDescriptor>
                <PlotDescriptor colorArgb="-16751616" lineStyle="0" fixedRange="47" rangeGroup="Avg. Response Time" showOnGraph="true" isSelected="false" counterMetadata="PERS-1692_TableauReports;Reports;Login">
                  <CounterDescriptor machineName="CHI-LAB-VSC-02" categoryName="LoadTest:Transaction" counterName="Avg. Response Time" instanceName="Login(022)" baseInstanceName="Login" loadTestItemId="22" />
                </PlotDescriptor>
                <PlotDescriptor colorArgb="-16777077" lineStyle="0" fixedRange="47" rangeGroup="Avg. Response Time" showOnGraph="true" isSelected="false" counterMetadata="PERS-1692_TableauReports;Reports;Tableau Reports">
                  <CounterDescriptor machineName="CHI-LAB-VSC-02" categoryName="LoadTest:Transaction" counterName="Avg. Response Time" instanceName="Tableau Reports(023)" baseInstanceName="Tableau Reports" loadTestItemId="23" />
                </PlotDescriptor>
                <PlotDescriptor colorArgb="-16741493" lineStyle="0" fixedRange="47" rangeGroup="Avg. Response Time" showOnGraph="true" isSelected="false" counterMetadata="PERS-1692_TableauReports;Reports;Click a Report">
                  <CounterDescriptor machineName="CHI-LAB-VSC-02" categoryName="LoadTest:Transaction" counterName="Avg. Response Time" instanceName="Click a Report(024)" baseInstanceName="Click a Report" loadTestItemId="24" />
                </PlotDescriptor>
                <PlotDescriptor colorArgb="-5383962" lineStyle="0" fixedRange="47" rangeGroup="Avg. Response Time" showOnGraph="true" isSelected="false" counterMetadata="PERS-1692_TableauReports;Reports;Create Report">
                  <CounterDescriptor machineName="CHI-LAB-VSC-02" categoryName="LoadTest:Transaction" counterName="Avg. Response Time" instanceName="Create Report(025)" baseInstanceName="Create Report" loadTestItemId="25" />
                </PlotDescriptor>
                <PlotDescriptor colorArgb="-7278960" lineStyle="0" fixedRange="47" rangeGroup="Avg. Response Time" showOnGraph="true" isSelected="false" counterMetadata="PERS-1692_TableauReports;Reports;Save">
                  <CounterDescriptor machineName="CHI-LAB-VSC-02" categoryName="LoadTest:Transaction" counterName="Avg. Response Time" instanceName="Save(026)" baseInstanceName="Save" loadTestItemId="26" />
                </PlotDescriptor>
                <PlotDescriptor colorArgb="-38476" lineStyle="0" fixedRange="47" rangeGroup="Avg. Response Time" showOnGraph="true" isSelected="false" counterMetadata="PERS-1692_TableauReports;Reports;Logout.Logout">
                  <CounterDescriptor machineName="CHI-LAB-VSC-02" categoryName="LoadTest:Transaction" counterName="Avg. Response Time" instanceName="Logout.Logout(027)" baseInstanceName="Logout.Logout" loadTestItemId="27" />
                </PlotDescriptor>
                <PlotDescriptor colorArgb="-10496" lineStyle="0" fixedRange="47" rangeGroup="Avg. Response Time" showOnGraph="true" isSelected="false" counterMetadata="PERS-1692_TableauReports;Reports;PERS-1692_TableauReports.Logout">
                  <CounterDescriptor machineName="CHI-LAB-VSC-02" categoryName="LoadTest:Transaction" counterName="Avg. Response Time" instanceName="PERS-1692_TableauReports.Logout(028)" baseInstanceName="PERS-1692_TableauReports.Logout" loadTestItemId="28" />
                </PlotDescriptor>
                <PlotDescriptor colorArgb="-16777216" lineStyle="0" fixedRange="47" rangeGroup="Avg. Response Time" showOnGraph="true" isSelected="false" counterMetadata="PERS-1692_TableauReports;Reports;Logout">
                  <CounterDescriptor machineName="CHI-LAB-VSC-02" categoryName="LoadTest:Transaction" counterName="Avg. Response Time" instanceName="Logout(029)" baseInstanceName="Logout" loadTestItemId="29" />
                </PlotDescriptor>
                <PlotDescriptor colorArgb="-65536" lineStyle="0" fixedRange="47" rangeGroup="Avg. Response Time" showOnGraph="true" isSelected="false" counterMetadata="PERS-1684_ConsoleStats;Reports;Login.Landing Page">
                  <CounterDescriptor machineName="CHI-LAB-VSC-02" categoryName="LoadTest:Transaction" counterName="Avg. Response Time" instanceName="Login.Landing Page(030)" baseInstanceName="Login.Landing Page" loadTestItemId="30" />
                </PlotDescriptor>
                <PlotDescriptor colorArgb="-16744448" lineStyle="0" fixedRange="47" rangeGroup="Avg. Response Time" showOnGraph="true" isSelected="false" counterMetadata="PERS-1684_ConsoleStats;Reports;Login.Login">
                  <CounterDescriptor machineName="CHI-LAB-VSC-02" categoryName="LoadTest:Transaction" counterName="Avg. Response Time" instanceName="Login.Login(031)" baseInstanceName="Login.Login" loadTestItemId="31" />
                </PlotDescriptor>
                <PlotDescriptor colorArgb="-16776961" lineStyle="0" fixedRange="47" rangeGroup="Avg. Response Time" showOnGraph="true" isSelected="false" counterMetadata="PERS-1684_ConsoleStats;Reports;PERS-1684_ConsoleStats.Login">
                  <CounterDescriptor machineName="CHI-LAB-VSC-02" categoryName="LoadTest:Transaction" counterName="Avg. Response Time" instanceName="PERS-1684_ConsoleStats.Login(032)" baseInstanceName="PERS-1684_ConsoleStats.Login" loadTestItemId="32" />
                </PlotDescriptor>
                <PlotDescriptor colorArgb="-8388480" lineStyle="0" fixedRange="47" rangeGroup="Avg. Response Time" showOnGraph="true" isSelected="false" counterMetadata="PERS-1684_ConsoleStats;Reports;Login">
                  <CounterDescriptor machineName="CHI-LAB-VSC-02" categoryName="LoadTest:Transaction" counterName="Avg. Response Time" instanceName="Login(033)" baseInstanceName="Login" loadTestItemId="33" />
                </PlotDescriptor>
                <PlotDescriptor colorArgb="-23296" lineStyle="0" fixedRange="47" rangeGroup="Avg. Response Time" showOnGraph="true" isSelected="false" counterMetadata="PERS-1684_ConsoleStats;Reports;Reports - Console Stats">
                  <CounterDescriptor machineName="CHI-LAB-VSC-02" categoryName="LoadTest:Transaction" counterName="Avg. Response Time" instanceName="Reports - Console Stats(034)" baseInstanceName="Reports - Console Stats" loadTestItemId="34" />
                </PlotDescriptor>
                <PlotDescriptor colorArgb="-16744320" lineStyle="0" fixedRange="47" rangeGroup="Avg. Response Time" showOnGraph="true" isSelected="false" counterMetadata="PERS-1689_Medicom;Reports;Login.Landing Page">
                  <CounterDescriptor machineName="CHI-LAB-VSC-02" categoryName="LoadTest:Transaction" counterName="Avg. Response Time" instanceName="Login.Landing Page(035)" baseInstanceName="Login.Landing Page" loadTestItemId="35" />
                </PlotDescriptor>
                <PlotDescriptor colorArgb="-7667712" lineStyle="0" fixedRange="47" rangeGroup="Avg. Response Time" showOnGraph="true" isSelected="false" counterMetadata="PERS-1684_ConsoleStats;Reports;Run Report">
                  <CounterDescriptor machineName="CHI-LAB-VSC-02" categoryName="LoadTest:Transaction" counterName="Avg. Response Time" instanceName="Run Report(036)" baseInstanceName="Run Report" loadTestItemId="36" />
                </PlotDescriptor>
                <PlotDescriptor colorArgb="-16751616" lineStyle="0" fixedRange="47" rangeGroup="Avg. Response Time" showOnGraph="true" isSelected="false" counterMetadata="PERS-1684_ConsoleStats;Reports;Logout.Logout">
                  <CounterDescriptor machineName="CHI-LAB-VSC-02" categoryName="LoadTest:Transaction" counterName="Avg. Response Time" instanceName="Logout.Logout(037)" baseInstanceName="Logout.Logout" loadTestItemId="37" />
                </PlotDescriptor>
                <PlotDescriptor colorArgb="-16777077" lineStyle="0" fixedRange="47" rangeGroup="Avg. Response Time" showOnGraph="true" isSelected="false" counterMetadata="PERS-1684_ConsoleStats;Reports;PERS-1684_ConsoleStats.Logout">
                  <CounterDescriptor machineName="CHI-LAB-VSC-02" categoryName="LoadTest:Transaction" counterName="Avg. Response Time" instanceName="PERS-1684_ConsoleStats.Logout(038)" baseInstanceName="PERS-1684_ConsoleStats.Logout" loadTestItemId="38" />
                </PlotDescriptor>
                <PlotDescriptor colorArgb="-16741493" lineStyle="0" fixedRange="47" rangeGroup="Avg. Response Time" showOnGraph="true" isSelected="false" counterMetadata="PERS-1684_ConsoleStats;Reports;Logout">
                  <CounterDescriptor machineName="CHI-LAB-VSC-02" categoryName="LoadTest:Transaction" counterName="Avg. Response Time" instanceName="Logout(039)" baseInstanceName="Logout" loadTestItemId="39" />
                </PlotDescriptor>
                <PlotDescriptor colorArgb="-5383962" lineStyle="0" fixedRange="47" rangeGroup="Avg. Response Time" showOnGraph="true" isSelected="false" counterMetadata="PERS-1686_DirectoryStats;Reports;Login.Landing Page">
                  <CounterDescriptor machineName="CHI-LAB-VSC-02" categoryName="LoadTest:Transaction" counterName="Avg. Response Time" instanceName="Login.Landing Page(040)" baseInstanceName="Login.Landing Page" loadTestItemId="40" />
                </PlotDescriptor>
                <PlotDescriptor colorArgb="-7278960" lineStyle="0" fixedRange="47" rangeGroup="Avg. Response Time" showOnGraph="true" isSelected="false" counterMetadata="PERS-1686_DirectoryStats;Reports;Login.Login">
                  <CounterDescriptor machineName="CHI-LAB-VSC-02" categoryName="LoadTest:Transaction" counterName="Avg. Response Time" instanceName="Login.Login(041)" baseInstanceName="Login.Login" loadTestItemId="41" />
                </PlotDescriptor>
                <PlotDescriptor colorArgb="-38476" lineStyle="0" fixedRange="47" rangeGroup="Avg. Response Time" showOnGraph="true" isSelected="false" counterMetadata="PERS-1686_DirectoryStats;Reports;PERS-1686_DirectoryStats.Login">
                  <CounterDescriptor machineName="CHI-LAB-VSC-02" categoryName="LoadTest:Transaction" counterName="Avg. Response Time" instanceName="PERS-1686_DirectoryStats.Login(042)" baseInstanceName="PERS-1686_DirectoryStats.Login" loadTestItemId="42" />
                </PlotDescriptor>
                <PlotDescriptor colorArgb="-10496" lineStyle="0" fixedRange="47" rangeGroup="Avg. Response Time" showOnGraph="true" isSelected="false" counterMetadata="PERS-1686_DirectoryStats;Reports;Login">
                  <CounterDescriptor machineName="CHI-LAB-VSC-02" categoryName="LoadTest:Transaction" counterName="Avg. Response Time" instanceName="Login(043)" baseInstanceName="Login" loadTestItemId="43" />
                </PlotDescriptor>
                <PlotDescriptor colorArgb="-16777216" lineStyle="0" fixedRange="47" rangeGroup="Avg. Response Time" showOnGraph="true" isSelected="false" counterMetadata="PERS-1686_DirectoryStats;Reports;Reports - DirectoryStats">
                  <CounterDescriptor machineName="CHI-LAB-VSC-02" categoryName="LoadTest:Transaction" counterName="Avg. Response Time" instanceName="Reports - DirectoryStats(044)" baseInstanceName="Reports - DirectoryStats" loadTestItemId="44" />
                </PlotDescriptor>
                <PlotDescriptor colorArgb="-65536" lineStyle="0" fixedRange="47" rangeGroup="Avg. Response Time" showOnGraph="true" isSelected="false" counterMetadata="PERS-1686_DirectoryStats;Reports;Run Report">
                  <CounterDescriptor machineName="CHI-LAB-VSC-02" categoryName="LoadTest:Transaction" counterName="Avg. Response Time" instanceName="Run Report(045)" baseInstanceName="Run Report" loadTestItemId="45" />
                </PlotDescriptor>
                <PlotDescriptor colorArgb="-16744448" lineStyle="0" fixedRange="47" rangeGroup="Avg. Response Time" showOnGraph="true" isSelected="false" counterMetadata="PERS-1686_DirectoryStats;Reports;Logout.Logout">
                  <CounterDescriptor machineName="CHI-LAB-VSC-02" categoryName="LoadTest:Transaction" counterName="Avg. Response Time" instanceName="Logout.Logout(046)" baseInstanceName="Logout.Logout" loadTestItemId="46" />
                </PlotDescriptor>
                <PlotDescriptor colorArgb="-16776961" lineStyle="0" fixedRange="47" rangeGroup="Avg. Response Time" showOnGraph="true" isSelected="false" counterMetadata="PERS-1686_DirectoryStats;Reports;PERS-1686_DirectoryStats.Logout">
                  <CounterDescriptor machineName="CHI-LAB-VSC-02" categoryName="LoadTest:Transaction" counterName="Avg. Response Time" instanceName="PERS-1686_DirectoryStats.Logout(047)" baseInstanceName="PERS-1686_DirectoryStats.Logout" loadTestItemId="47" />
                </PlotDescriptor>
                <PlotDescriptor colorArgb="-8388480" lineStyle="0" fixedRange="47" rangeGroup="Avg. Response Time" showOnGraph="true" isSelected="false" counterMetadata="PERS-1686_DirectoryStats;Reports;Logout">
                  <CounterDescriptor machineName="CHI-LAB-VSC-02" categoryName="LoadTest:Transaction" counterName="Avg. Response Time" instanceName="Logout(048)" baseInstanceName="Logout" loadTestItemId="48" />
                </PlotDescriptor>
                <PlotDescriptor colorArgb="-23296" lineStyle="0" fixedRange="47" rangeGroup="Avg. Response Time" showOnGraph="true" isSelected="false" counterMetadata="PERS-1685_DirectoryIssues;Reports;Login.Landing Page">
                  <CounterDescriptor machineName="CHI-LAB-VSC-02" categoryName="LoadTest:Transaction" counterName="Avg. Response Time" instanceName="Login.Landing Page(049)" baseInstanceName="Login.Landing Page" loadTestItemId="49" />
                </PlotDescriptor>
              </PlotDescriptors>
            </GraphDescriptor>
            <GraphDescriptor graphName="Page Response Time">
              <HorizontalZoomRange lower="-1" upper="-1" />
              <VerticalZoomRange lower="0" upper="49" />
              <PlotDescriptors>
                <PlotDescriptor colorArgb="-65536" lineStyle="0" fixedRange="49" rangeGroup="Avg. Page Time" showOnGraph="true" isSelected="false" counterMetadata="PERS-1683_BudgetTracker;Reports;https://staging.brightwhistle.com/----{GET}">
                  <CounterDescriptor machineName="CHI-LAB-VSC-02" categoryName="LoadTest:Page" counterName="Avg. Page Time" instanceName="staging-brightwhistle-com{GET}(002)" baseInstanceName="staging-brightwhistle-com{GET}" loadTestItemId="2" />
                </PlotDescriptor>
                <PlotDescriptor colorArgb="-16744448" lineStyle="0" fixedRange="49" rangeGroup="Avg. Page Time" showOnGraph="true" isSelected="false" counterMetadata="PERS-1683_BudgetTracker;Reports;Login">
                  <CounterDescriptor machineName="CHI-LAB-VSC-02" categoryName="LoadTest:Page" counterName="Avg. Page Time" instanceName="Login(007)" baseInstanceName="Login" loadTestItemId="7" />
                </PlotDescriptor>
                <PlotDescriptor colorArgb="-16776961" lineStyle="0" fixedRange="49" rangeGroup="Avg. Page Time" showOnGraph="true" isSelected="false" counterMetadata="PERS-1683_BudgetTracker;Reports;https://staging.brightwhistle.com/reports/20----{GET}">
                  <CounterDescriptor machineName="CHI-LAB-VSC-02" categoryName="LoadTest:Page" counterName="Avg. Page Time" instanceName="20{GET}(011)" baseInstanceName="20{GET}" loadTestItemId="11" />
                </PlotDescriptor>
                <PlotDescriptor colorArgb="-8388480" lineStyle="0" fixedRange="49" rangeGroup="Avg. Page Time" showOnGraph="true" isSelected="false" counterMetadata="PERS-1683_BudgetTracker;Reports;https://staging.brightwhistle.com/sign_out----{GET}">
                  <CounterDescriptor machineName="CHI-LAB-VSC-02" categoryName="LoadTest:Page" counterName="Avg. Page Time" instanceName="sign_out{GET}(014)" baseInstanceName="sign_out{GET}" loadTestItemId="14" />
                </PlotDescriptor>
                <PlotDescriptor colorArgb="-23296" lineStyle="0" fixedRange="49" rangeGroup="Avg. Page Time" showOnGraph="true" isSelected="false" counterMetadata="PERS-1683_BudgetTracker;Reports;https://staging.brightwhistle.com/sign_in----{GET}">
                  <CounterDescriptor machineName="CHI-LAB-VSC-02" categoryName="LoadTest:Page" counterName="Avg. Page Time" instanceName="sign_in{GET}(013)" baseInstanceName="sign_in{GET}" loadTestItemId="13" />
                </PlotDescriptor>
                <PlotDescriptor colorArgb="-16744320" lineStyle="0" fixedRange="49" rangeGroup="Avg. Page Time" showOnGraph="true" isSelected="false" counterMetadata="PERS-1690_Monthly;Reports;https://staging.brightwhistle.com/----{GET}">
                  <CounterDescriptor machineName="CHI-LAB-VSC-02" categoryName="LoadTest:Page" counterName="Avg. Page Time" instanceName="staging-brightwhistle-com{GET}(017)" baseInstanceName="staging-brightwhistle-com{GET}" loadTestItemId="17" />
                </PlotDescriptor>
                <PlotDescriptor colorArgb="-7667712" lineStyle="0" fixedRange="49" rangeGroup="Avg. Page Time" showOnGraph="true" isSelected="false" counterMetadata="PERS-1690_Monthly;Reports;Login">
                  <CounterDescriptor machineName="CHI-LAB-VSC-02" categoryName="LoadTest:Page" counterName="Avg. Page Time" instanceName="Login(022)" baseInstanceName="Login" loadTestItemId="22" />
                </PlotDescriptor>
                <PlotDescriptor colorArgb="-16751616" lineStyle="0" fixedRange="49" rangeGroup="Avg. Page Time" showOnGraph="true" isSelected="false" counterMetadata="PERS-1690_Monthly;Reports;https://staging.brightwhistle.com/main_dashboard----{GET}">
                  <CounterDescriptor machineName="CHI-LAB-VSC-02" categoryName="LoadTest:Page" counterName="Avg. Page Time" instanceName="main_dashboard{GET}(026)" baseInstanceName="main_dashboard{GET}" loadTestItemId="26" />
                </PlotDescriptor>
                <PlotDescriptor colorArgb="-16777077" lineStyle="0" fixedRange="49" rangeGroup="Avg. Page Time" showOnGraph="true" isSelected="false" counterMetadata="PERS-1690_Monthly;Reports;https://staging.brightwhistle.com/dashboard/lifetime_overview_box----{GET}">
                  <CounterDescriptor machineName="CHI-LAB-VSC-02" categoryName="LoadTest:Page" counterName="Avg. Page Time" instanceName="lifetime_overview_box{GET}(028)" baseInstanceName="lifetime_overview_box{GET}" loadTestItemId="28" />
                </PlotDescriptor>
                <PlotDescriptor colorArgb="-16741493" lineStyle="0" fixedRange="49" rangeGroup="Avg. Page Time" showOnGraph="true" isSelected="false" counterMetadata="PERS-1690_Monthly;Reports;https://staging.brightwhistle.com/sign_out----{GET}">
                  <CounterDescriptor machineName="CHI-LAB-VSC-02" categoryName="LoadTest:Page" counterName="Avg. Page Time" instanceName="sign_out{GET}(029)" baseInstanceName="sign_out{GET}" loadTestItemId="29" />
                </PlotDescriptor>
                <PlotDescriptor colorArgb="-5383962" lineStyle="0" fixedRange="49" rangeGroup="Avg. Page Time" showOnGraph="true" isSelected="false" counterMetadata="PERS-1690_Monthly;Reports;https://staging.brightwhistle.com/sign_in----{GET}">
                  <CounterDescriptor machineName="CHI-LAB-VSC-02" categoryName="LoadTest:Page" counterName="Avg. Page Time" instanceName="sign_in{GET}(030)" baseInstanceName="sign_in{GET}" loadTestItemId="30" />
                </PlotDescriptor>
                <PlotDescriptor colorArgb="-7278960" lineStyle="0" fixedRange="49" rangeGroup="Avg. Page Time" showOnGraph="true" isSelected="false" counterMetadata="PERS-1692_TableauReports;Reports;https://staging.brightwhistle.com/----{GET}">
                  <CounterDescriptor machineName="CHI-LAB-VSC-02" categoryName="LoadTest:Page" counterName="Avg. Page Time" instanceName="staging-brightwhistle-com{GET}(034)" baseInstanceName="staging-brightwhistle-com{GET}" loadTestItemId="34" />
                </PlotDescriptor>
                <PlotDescriptor colorArgb="-38476" lineStyle="0" fixedRange="49" rangeGroup="Avg. Page Time" showOnGraph="true" isSelected="false" counterMetadata="PERS-1692_TableauReports;Reports;Login">
                  <CounterDescriptor machineName="CHI-LAB-VSC-02" categoryName="LoadTest:Page" counterName="Avg. Page Time" instanceName="Login(039)" baseInstanceName="Login" loadTestItemId="39" />
                </PlotDescriptor>
                <PlotDescriptor colorArgb="-10496" lineStyle="0" fixedRange="49" rangeGroup="Avg. Page Time" showOnGraph="true" isSelected="false" counterMetadata="PERS-1692_TableauReports;Reports;https://staging.brightwhistle.com/tableau_reports----{GET}">
                  <CounterDescriptor machineName="CHI-LAB-VSC-02" categoryName="LoadTest:Page" counterName="Avg. Page Time" instanceName="tableau_reports{GET}(033)" baseInstanceName="tableau_reports{GET}" loadTestItemId="33" />
                </PlotDescriptor>
                <PlotDescriptor colorArgb="-16777216" lineStyle="0" fixedRange="49" rangeGroup="Avg. Page Time" showOnGraph="true" isSelected="false" counterMetadata="PERS-1692_TableauReports;Reports;https://staging.brightwhistle.com/tableau_reports/6----{GET}">
                  <CounterDescriptor machineName="CHI-LAB-VSC-02" categoryName="LoadTest:Page" counterName="Avg. Page Time" instanceName="6{GET}(048)" baseInstanceName="6{GET}" loadTestItemId="48" />
                </PlotDescriptor>
                <PlotDescriptor colorArgb="-65536" lineStyle="0" fixedRange="49" rangeGroup="Avg. Page Time" showOnGraph="true" isSelected="false" counterMetadata="PERS-1692_TableauReports;Reports;https://staging.brightwhistle.com/tableau_reports/new----{GET}">
                  <CounterDescriptor machineName="CHI-LAB-VSC-02" categoryName="LoadTest:Page" counterName="Avg. Page Time" instanceName="new{GET}(046)" baseInstanceName="new{GET}" loadTestItemId="46" />
                </PlotDescriptor>
                <PlotDescriptor colorArgb="-16744448" lineStyle="0" fixedRange="49" rangeGroup="Avg. Page Time" showOnGraph="true" isSelected="false" counterMetadata="PERS-1692_TableauReports;Reports;https://staging.brightwhistle.com/tableau_reports----{POST}">
                  <CounterDescriptor machineName="CHI-LAB-VSC-02" categoryName="LoadTest:Page" counterName="Avg. Page Time" instanceName="tableau_reports{POST}(047)" baseInstanceName="tableau_reports{POST}" loadTestItemId="47" />
                </PlotDescriptor>
                <PlotDescriptor colorArgb="-16776961" lineStyle="0" fixedRange="49" rangeGroup="Avg. Page Time" showOnGraph="true" isSelected="false" counterMetadata="PERS-1692_TableauReports;Reports;https://staging.brightwhistle.com/sign_out----{GET}">
                  <CounterDescriptor machineName="CHI-LAB-VSC-02" categoryName="LoadTest:Page" counterName="Avg. Page Time" instanceName="sign_out{GET}(045)" baseInstanceName="sign_out{GET}" loadTestItemId="45" />
                </PlotDescriptor>
                <PlotDescriptor colorArgb="-8388480" lineStyle="0" fixedRange="49" rangeGroup="Avg. Page Time" showOnGraph="true" isSelected="false" counterMetadata="PERS-1692_TableauReports;Reports;https://staging.brightwhistle.com/sign_in----{GET}">
                  <CounterDescriptor machineName="CHI-LAB-VSC-02" categoryName="LoadTest:Page" counterName="Avg. Page Time" instanceName="sign_in{GET}(044)" baseInstanceName="sign_in{GET}" loadTestItemId="44" />
                </PlotDescriptor>
                <PlotDescriptor colorArgb="-23296" lineStyle="0" fixedRange="49" rangeGroup="Avg. Page Time" showOnGraph="true" isSelected="false" counterMetadata="PERS-1684_ConsoleStats;Reports;https://staging.brightwhistle.com/----{GET}">
                  <CounterDescriptor machineName="CHI-LAB-VSC-02" categoryName="LoadTest:Page" counterName="Avg. Page Time" instanceName="staging-brightwhistle-com{GET}(051)" baseInstanceName="staging-brightwhistle-com{GET}" loadTestItemId="51" />
                </PlotDescriptor>
                <PlotDescriptor colorArgb="-16744320" lineStyle="0" fixedRange="49" rangeGroup="Avg. Page Time" showOnGraph="true" isSelected="false" counterMetadata="PERS-1684_ConsoleStats;Reports;Login">
                  <CounterDescriptor machineName="CHI-LAB-VSC-02" categoryName="LoadTest:Page" counterName="Avg. Page Time" instanceName="Login(057)" baseInstanceName="Login" loadTestItemId="57" />
                </PlotDescriptor>
                <PlotDescriptor colorArgb="-7667712" lineStyle="0" fixedRange="49" rangeGroup="Avg. Page Time" showOnGraph="true" isSelected="false" counterMetadata="PERS-1684_ConsoleStats;Reports;https://staging.brightwhistle.com/reports/9----{GET}">
                  <CounterDescriptor machineName="CHI-LAB-VSC-02" categoryName="LoadTest:Page" counterName="Avg. Page Time" instanceName="9{GET}(056)" baseInstanceName="9{GET}" loadTestItemId="56" />
                </PlotDescriptor>
                <PlotDescriptor colorArgb="-16751616" lineStyle="0" fixedRange="49" rangeGroup="Avg. Page Time" showOnGraph="true" isSelected="false" counterMetadata="PERS-1689_Medicom;Reports;https://staging.brightwhistle.com/----{GET}">
                  <CounterDescriptor machineName="CHI-LAB-VSC-02" categoryName="LoadTest:Page" counterName="Avg. Page Time" instanceName="staging-brightwhistle-com{GET}(062)" baseInstanceName="staging-brightwhistle-com{GET}" loadTestItemId="62" />
                </PlotDescriptor>
                <PlotDescriptor colorArgb="-16777077" lineStyle="0" fixedRange="49" rangeGroup="Avg. Page Time" showOnGraph="true" isSelected="false" counterMetadata="PERS-1684_ConsoleStats;Reports;https://staging.brightwhistle.com/sign_out----{GET}">
                  <CounterDescriptor machineName="CHI-LAB-VSC-02" categoryName="LoadTest:Page" counterName="Avg. Page Time" instanceName="sign_out{GET}(064)" baseInstanceName="sign_out{GET}" loadTestItemId="64" />
                </PlotDescriptor>
                <PlotDescriptor colorArgb="-16741493" lineStyle="0" fixedRange="49" rangeGroup="Avg. Page Time" showOnGraph="true" isSelected="false" counterMetadata="PERS-1684_ConsoleStats;Reports;https://staging.brightwhistle.com/sign_in----{GET}">
                  <CounterDescriptor machineName="CHI-LAB-VSC-02" categoryName="LoadTest:Page" counterName="Avg. Page Time" instanceName="sign_in{GET}(065)" baseInstanceName="sign_in{GET}" loadTestItemId="65" />
                </PlotDescriptor>
                <PlotDescriptor colorArgb="-5383962" lineStyle="0" fixedRange="49" rangeGroup="Avg. Page Time" showOnGraph="true" isSelected="false" counterMetadata="PERS-1686_DirectoryStats;Reports;https://staging.brightwhistle.com/----{GET}">
                  <CounterDescriptor machineName="CHI-LAB-VSC-02" categoryName="LoadTest:Page" counterName="Avg. Page Time" instanceName="staging-brightwhistle-com{GET}(068)" baseInstanceName="staging-brightwhistle-com{GET}" loadTestItemId="68" />
                </PlotDescriptor>
                <PlotDescriptor colorArgb="-7278960" lineStyle="0" fixedRange="49" rangeGroup="Avg. Page Time" showOnGraph="true" isSelected="false" counterMetadata="PERS-1686_DirectoryStats;Reports;Login">
                  <CounterDescriptor machineName="CHI-LAB-VSC-02" categoryName="LoadTest:Page" counterName="Avg. Page Time" instanceName="Login(073)" baseInstanceName="Login" loadTestItemId="73" />
                </PlotDescriptor>
                <PlotDescriptor colorArgb="-38476" lineStyle="0" fixedRange="49" rangeGroup="Avg. Page Time" showOnGraph="true" isSelected="false" counterMetadata="PERS-1686_DirectoryStats;Reports;https://staging.brightwhistle.com/reports/12----{GET}">
                  <CounterDescriptor machineName="CHI-LAB-VSC-02" categoryName="LoadTest:Page" counterName="Avg. Page Time" instanceName="12{GET}(077)" baseInstanceName="12{GET}" loadTestItemId="77" />
                </PlotDescriptor>
                <PlotDescriptor colorArgb="-10496" lineStyle="0" fixedRange="49" rangeGroup="Avg. Page Time" showOnGraph="true" isSelected="false" counterMetadata="PERS-1686_DirectoryStats;Reports;https://staging.brightwhistle.com/sign_out----{GET}">
                  <CounterDescriptor machineName="CHI-LAB-VSC-02" categoryName="LoadTest:Page" counterName="Avg. Page Time" instanceName="sign_out{GET}(079)" baseInstanceName="sign_out{GET}" loadTestItemId="79" />
                </PlotDescriptor>
                <PlotDescriptor colorArgb="-16777216" lineStyle="0" fixedRange="49" rangeGroup="Avg. Page Time" showOnGraph="true" isSelected="false" counterMetadata="PERS-1686_DirectoryStats;Reports;https://staging.brightwhistle.com/sign_in----{GET}">
                  <CounterDescriptor machineName="CHI-LAB-VSC-02" categoryName="LoadTest:Page" counterName="Avg. Page Time" instanceName="sign_in{GET}(080)" baseInstanceName="sign_in{GET}" loadTestItemId="80" />
                </PlotDescriptor>
                <PlotDescriptor colorArgb="-65536" lineStyle="0" fixedRange="49" rangeGroup="Avg. Page Time" showOnGraph="true" isSelected="false" counterMetadata="PERS-1685_DirectoryIssues;Reports;https://staging.brightwhistle.com/----{GET}">
                  <CounterDescriptor machineName="CHI-LAB-VSC-02" categoryName="LoadTest:Page" counterName="Avg. Page Time" instanceName="staging-brightwhistle-com{GET}(088)" baseInstanceName="staging-brightwhistle-com{GET}" loadTestItemId="88" />
                </PlotDescriptor>
                <PlotDescriptor colorArgb="-16744448" lineStyle="0" fixedRange="49" rangeGroup="Avg. Page Time" showOnGraph="true" isSelected="false" counterMetadata="PERS-1691_MonthlyLeads;Reports;https://staging.brightwhistle.com/----{GET}">
                  <CounterDescriptor machineName="CHI-LAB-VSC-02" categoryName="LoadTest:Page" counterName="Avg. Page Time" instanceName="staging-brightwhistle-com{GET}(100)" baseInstanceName="staging-brightwhistle-com{GET}" loadTestItemId="100" />
                </PlotDescriptor>
                <PlotDescriptor colorArgb="-16776961" lineStyle="0" fixedRange="49" rangeGroup="Avg. Page Time" showOnGraph="true" isSelected="false" counterMetadata="PERS-1691_MonthlyLeads;Reports;Login">
                  <CounterDescriptor machineName="CHI-LAB-VSC-02" categoryName="LoadTest:Page" counterName="Avg. Page Time" instanceName="Login(095)" baseInstanceName="Login" loadTestItemId="95" />
                </PlotDescriptor>
                <PlotDescriptor colorArgb="-8388480" lineStyle="0" fixedRange="49" rangeGroup="Avg. Page Time" showOnGraph="true" isSelected="false" counterMetadata="PERS-1689_Medicom;Reports;Login">
                  <CounterDescriptor machineName="CHI-LAB-VSC-02" categoryName="LoadTest:Page" counterName="Avg. Page Time" instanceName="Login(063)" baseInstanceName="Login" loadTestItemId="63" />
                </PlotDescriptor>
                <PlotDescriptor colorArgb="-23296" lineStyle="0" fixedRange="49" rangeGroup="Avg. Page Time" showOnGraph="true" isSelected="false" counterMetadata="PERS-1689_Medicom;Reports;https://staging.brightwhistle.com/reports/19----{GET}">
                  <CounterDescriptor machineName="CHI-LAB-VSC-02" categoryName="LoadTest:Page" counterName="Avg. Page Time" instanceName="19{GET}(114)" baseInstanceName="19{GET}" loadTestItemId="114" />
                </PlotDescriptor>
                <PlotDescriptor colorArgb="-16744320" lineStyle="0" fixedRange="49" rangeGroup="Avg. Page Time" showOnGraph="true" isSelected="false" counterMetadata="PERS-1691_MonthlyLeads;Reports;https://staging.brightwhistle.com/reports/14----{GET}">
                  <CounterDescriptor machineName="CHI-LAB-VSC-02" categoryName="LoadTest:Page" counterName="Avg. Page Time" instanceName="14{GET}(115)" baseInstanceName="14{GET}" loadTestItemId="115" />
                </PlotDescriptor>
                <PlotDescriptor colorArgb="-7667712" lineStyle="0" fixedRange="49" rangeGroup="Avg. Page Time" showOnGraph="true" isSelected="false" counterMetadata="PERS-1685_DirectoryIssues;Reports;Login">
                  <CounterDescriptor machineName="CHI-LAB-VSC-02" categoryName="LoadTest:Page" counterName="Avg. Page Time" instanceName="Login(087)" baseInstanceName="Login" loadTestItemId="87" />
                </PlotDescriptor>
                <PlotDescriptor colorArgb="-16751616" lineStyle="0" fixedRange="49" rangeGroup="Avg. Page Time" showOnGraph="true" isSelected="false" counterMetadata="PERS-1685_DirectoryIssues;Reports;https://staging.brightwhistle.com/reports/15----{GET}">
                  <CounterDescriptor machineName="CHI-LAB-VSC-02" categoryName="LoadTest:Page" counterName="Avg. Page Time" instanceName="15{GET}(118)" baseInstanceName="15{GET}" loadTestItemId="118" />
                </PlotDescriptor>
                <PlotDescriptor colorArgb="-16777077" lineStyle="0" fixedRange="49" rangeGroup="Avg. Page Time" showOnGraph="true" isSelected="false" counterMetadata="PERS-1691_MonthlyLeads;Reports;https://staging.brightwhistle.com/sign_out----{GET}">
                  <CounterDescriptor machineName="CHI-LAB-VSC-02" categoryName="LoadTest:Page" counterName="Avg. Page Time" instanceName="sign_out{GET}(119)" baseInstanceName="sign_out{GET}" loadTestItemId="119" />
                </PlotDescriptor>
                <PlotDescriptor colorArgb="-16741493" lineStyle="0" fixedRange="49" rangeGroup="Avg. Page Time" showOnGraph="true" isSelected="false" counterMetadata="PERS-1691_MonthlyLeads;Reports;https://staging.brightwhistle.com/sign_in----{GET}">
                  <CounterDescriptor machineName="CHI-LAB-VSC-02" categoryName="LoadTest:Page" counterName="Avg. Page Time" instanceName="sign_in{GET}(120)" baseInstanceName="sign_in{GET}" loadTestItemId="120" />
                </PlotDescriptor>
                <PlotDescriptor colorArgb="-5383962" lineStyle="0" fixedRange="49" rangeGroup="Avg. Page Time" showOnGraph="true" isSelected="false" counterMetadata="PERS-1689_Medicom;Reports;https://staging.brightwhistle.com/sign_out----{GET}">
                  <CounterDescriptor machineName="CHI-LAB-VSC-02" categoryName="LoadTest:Page" counterName="Avg. Page Time" instanceName="sign_out{GET}(121)" baseInstanceName="sign_out{GET}" loadTestItemId="121" />
                </PlotDescriptor>
                <PlotDescriptor colorArgb="-7278960" lineStyle="0" fixedRange="49" rangeGroup="Avg. Page Time" showOnGraph="true" isSelected="false" counterMetadata="PERS-1689_Medicom;Reports;https://staging.brightwhistle.com/sign_in----{GET}">
                  <CounterDescriptor machineName="CHI-LAB-VSC-02" categoryName="LoadTest:Page" counterName="Avg. Page Time" instanceName="sign_in{GET}(122)" baseInstanceName="sign_in{GET}" loadTestItemId="122" />
                </PlotDescriptor>
                <PlotDescriptor colorArgb="-38476" lineStyle="0" fixedRange="49" rangeGroup="Avg. Page Time" showOnGraph="true" isSelected="false" counterMetadata="PERS-1685_DirectoryIssues;Reports;https://staging.brightwhistle.com/sign_out----{GET}">
                  <CounterDescriptor machineName="CHI-LAB-VSC-02" categoryName="LoadTest:Page" counterName="Avg. Page Time" instanceName="sign_out{GET}(125)" baseInstanceName="sign_out{GET}" loadTestItemId="125" />
                </PlotDescriptor>
                <PlotDescriptor colorArgb="-10496" lineStyle="0" fixedRange="49" rangeGroup="Avg. Page Time" showOnGraph="true" isSelected="false" counterMetadata="PERS-1685_DirectoryIssues;Reports;https://staging.brightwhistle.com/sign_in----{GET}">
                  <CounterDescriptor machineName="CHI-LAB-VSC-02" categoryName="LoadTest:Page" counterName="Avg. Page Time" instanceName="sign_in{GET}(124)" baseInstanceName="sign_in{GET}" loadTestItemId="124" />
                </PlotDescriptor>
                <PlotDescriptor colorArgb="-16777216" lineStyle="0" fixedRange="49" rangeGroup="Avg. Page Time" showOnGraph="true" isSelected="false" counterMetadata="PERS-1687_GoogleAdWords;Reports;https://staging.brightwhistle.com/----{GET}">
                  <CounterDescriptor machineName="CHI-LAB-VSC-02" categoryName="LoadTest:Page" counterName="Avg. Page Time" instanceName="staging-brightwhistle-com{GET}(133)" baseInstanceName="staging-brightwhistle-com{GET}" loadTestItemId="133" />
                </PlotDescriptor>
                <PlotDescriptor colorArgb="-65536" lineStyle="0" fixedRange="49" rangeGroup="Avg. Page Time" showOnGraph="true" isSelected="false" counterMetadata="PERS-1687_GoogleAdWords;Reports;Login">
                  <CounterDescriptor machineName="CHI-LAB-VSC-02" categoryName="LoadTest:Page" counterName="Avg. Page Time" instanceName="Login(136)" baseInstanceName="Login" loadTestItemId="136" />
                </PlotDescriptor>
                <PlotDescriptor colorArgb="-16744448" lineStyle="0" fixedRange="49" rangeGroup="Avg. Page Time" showOnGraph="true" isSelected="false" counterMetadata="PERS-1687_GoogleAdWords;Reports;https://staging.brightwhistle.com/reports/13----{GET}">
                  <CounterDescriptor machineName="CHI-LAB-VSC-02" categoryName="LoadTest:Page" counterName="Avg. Page Time" instanceName="13{GET}(138)" baseInstanceName="13{GET}" loadTestItemId="138" />
                </PlotDescriptor>
                <PlotDescriptor colorArgb="-16776961" lineStyle="0" fixedRange="49" rangeGroup="Avg. Page Time" showOnGraph="true" isSelected="false" counterMetadata="PERS-1687_GoogleAdWords;Reports;https://staging.brightwhistle.com/sign_out----{GET}">
                  <CounterDescriptor machineName="CHI-LAB-VSC-02" categoryName="LoadTest:Page" counterName="Avg. Page Time" instanceName="sign_out{GET}(142)" baseInstanceName="sign_out{GET}" loadTestItemId="142" />
                </PlotDescriptor>
                <PlotDescriptor colorArgb="-8388480" lineStyle="0" fixedRange="49" rangeGroup="Avg. Page Time" showOnGraph="true" isSelected="false" counterMetadata="PERS-1687_GoogleAdWords;Reports;https://staging.brightwhistle.com/sign_in----{GET}">
                  <CounterDescriptor machineName="CHI-LAB-VSC-02" categoryName="LoadTest:Page" counterName="Avg. Page Time" instanceName="sign_in{GET}(141)" baseInstanceName="sign_in{GET}" loadTestItemId="141" />
                </PlotDescriptor>
                <PlotDescriptor colorArgb="-23296" lineStyle="0" fixedRange="49" rangeGroup="Avg. Page Time" showOnGraph="true" isSelected="true" counterMetadata="PERS-1688_LeadStats;Reports;https://staging.brightwhistle.com/----{GET}">
                  <CounterDescriptor machineName="CHI-LAB-VSC-02" categoryName="LoadTest:Page" counterName="Avg. Page Time" instanceName="staging-brightwhistle-com{GET}(147)" baseInstanceName="staging-brightwhistle-com{GET}" loadTestItemId="147" />
                </PlotDescriptor>
              </PlotDescriptors>
            </GraphDescriptor>
          </GraphDescriptors>
        </LoadTestRunDescriptor>
      </AnalyzerViewState>
      <Summary>
        <PerformanceCounterResults>
          <PerformanceCounterResult isOverallResultCounter="true" higherIsBetter="true" machineName="CHI-LAB-VSC-02" categoryName="LoadTest:Scenario" counterName="User Load" instanceName="_Total" value="10" />
          <PerformanceCounterResult isOverallResultCounter="true" higherIsBetter="true" machineName="CHI-LAB-VSC-02" categoryName="LoadTest:Test" counterName="Total Tests" instanceName="_Total" value="90" />
          <PerformanceCounterResult isOverallResultCounter="true" higherIsBetter="false" machineName="CHI-LAB-VSC-02" categoryName="LoadTest:Test" counterName="Failed Tests" instanceName="_Total" value="0" />
          <PerformanceCounterResult isOverallResultCounter="true" higherIsBetter="true" machineName="CHI-LAB-VSC-02" categoryName="LoadTest:Test" counterName="Tests/Sec" instanceName="_Total" value="0.1" />
          <PerformanceCounterResult isOverallResultCounter="true" higherIsBetter="false" machineName="CHI-LAB-VSC-02" categoryName="LoadTest:Test" counterName="Avg. Test Time" instanceName="_Total" value="78.166" />
          <PerformanceCounterResult isOverallResultCounter="true" higherIsBetter="true" machineName="CHI-LAB-VSC-02" categoryName="LoadTest:Request" counterName="Total Requests" instanceName="_Total" value="1907" />
          <PerformanceCounterResult isOverallResultCounter="true" higherIsBetter="false" machineName="CHI-LAB-VSC-02" categoryName="LoadTest:Request" counterName="Failed Requests" instanceName="_Total" value="0" />
          <PerformanceCounterResult isOverallResultCounter="true" higherIsBetter="true" machineName="CHI-LAB-VSC-02" categoryName="LoadTest:Request" counterName="Cached Requests" instanceName="_Total" value="1566" />
          <PerformanceCounterResult isOverallResultCounter="true" higherIsBetter="true" machineName="CHI-LAB-VSC-02" categoryName="LoadTest:Request" counterName="Requests/Sec" instanceName="_Total" value="2.11888885" />
          <PerformanceCounterResult isOverallResultCounter="true" higherIsBetter="false" machineName="CHI-LAB-VSC-02" categoryName="LoadTest:Request" counterName="Avg. Response Time" instanceName="_Total" value="3.85789561" />
          <PerformanceCounterResult isOverallResultCounter="false" higherIsBetter="false" machineName="CHI-LAB-VSC-02" categoryName="Processor" counterName="% Processor Time" instanceName="_Total" value="0.657696545" />
          <PerformanceCounterResult isOverallResultCounter="false" higherIsBetter="true" machineName="CHI-LAB-VSC-02" categoryName="Memory" counterName="Available MBytes" instanceName="-" value="883" />
          <PerformanceCounterResult isOverallResultCounter="false" higherIsBetter="false" machineName="CHI-LAB-VSC-02" categoryName="Network Interface" counterName="Bytes Received/sec" instanceName="isatap.medseeklab.local" value="0" />
          <PerformanceCounterResult isOverallResultCounter="false" higherIsBetter="false" machineName="CHI-LAB-VSC-02" categoryName="Network Interface" counterName="Bytes Received/sec" instanceName="intel[r] pro_1000 mt network connection" value="10025.7715" />
          <PerformanceCounterResult isOverallResultCounter="false" higherIsBetter="false" machineName="CHI-LAB-VSC-02" categoryName="Network Interface" counterName="Bytes Sent/sec" instanceName="isatap.medseeklab.local" value="0" />
          <PerformanceCounterResult isOverallResultCounter="false" higherIsBetter="false" machineName="CHI-LAB-VSC-02" categoryName="Network Interface" counterName="Bytes Sent/sec" instanceName="intel[r] pro_1000 mt network connection" value="9581.475" />
          <PerformanceCounterResult isOverallResultCounter="false" higherIsBetter="false" machineName="CHI-LAB-VSA-03" categoryName="Processor" counterName="% Processor Time" instanceName="_Total" value="0.525740445" />
          <PerformanceCounterResult isOverallResultCounter="false" higherIsBetter="true" machineName="CHI-LAB-VSA-03" categoryName="Memory" counterName="Available MBytes" instanceName="-" value="1337" />
          <PerformanceCounterResult isOverallResultCounter="false" higherIsBetter="false" machineName="CHI-LAB-VSA-03" categoryName="Network Interface" counterName="Bytes Received/sec" instanceName="isatap.medseeklab.local" value="0" />
          <PerformanceCounterResult isOverallResultCounter="false" higherIsBetter="false" machineName="CHI-LAB-VSA-03" categoryName="Network Interface" counterName="Bytes Received/sec" instanceName="intel[r] pro_1000 mt network connection" value="14674.2627" />
          <PerformanceCounterResult isOverallResultCounter="false" higherIsBetter="false" machineName="CHI-LAB-VSA-03" categoryName="Network Interface" counterName="Bytes Sent/sec" instanceName="isatap.medseeklab.local" value="0" />
          <PerformanceCounterResult isOverallResultCounter="false" higherIsBetter="false" machineName="CHI-LAB-VSA-03" categoryName="Network Interface" counterName="Bytes Sent/sec" instanceName="intel[r] pro_1000 mt network connection" value="5359.51172" />
          <PerformanceCounterResult isOverallResultCounter="false" higherIsBetter="false" machineName="CHI-LAB-VSA-04" categoryName="Processor" counterName="% Processor Time" instanceName="_Total" value="0.550756335" />
          <PerformanceCounterResult isOverallResultCounter="false" higherIsBetter="true" machineName="CHI-LAB-VSA-04" categoryName="Memory" counterName="Available MBytes" instanceName="-" value="1356" />
          <PerformanceCounterResult isOverallResultCounter="false" higherIsBetter="false" machineName="CHI-LAB-VSA-04" categoryName="Network Interface" counterName="Bytes Received/sec" instanceName="isatap.medseeklab.local" value="0" />
          <PerformanceCounterResult isOverallResultCounter="false" higherIsBetter="false" machineName="CHI-LAB-VSA-04" categoryName="Network Interface" counterName="Bytes Received/sec" instanceName="intel[r] pro_1000 mt network connection" value="14302.1426" />
          <PerformanceCounterResult isOverallResultCounter="false" higherIsBetter="false" machineName="CHI-LAB-VSA-04" categoryName="Network Interface" counterName="Bytes Sent/sec" instanceName="isatap.medseeklab.local" value="0" />
          <PerformanceCounterResult isOverallResultCounter="false" higherIsBetter="false" machineName="CHI-LAB-VSA-04" categoryName="Network Interface" counterName="Bytes Sent/sec" instanceName="intel[r] pro_1000 mt network connection" value="5225.67871" />
        </PerformanceCounterResults>
        <PageSummaries>
          <PageSummary scenarioName="Reports" testName="PERS-1683_BudgetTracker" url="staging.brightwhistle.com/{GET}" pageCount="10" responseTime="470" />
          <PageSummary scenarioName="Reports" testName="PERS-1683_BudgetTracker" url="Login" pageCount="10" responseTime="20356" />
          <PageSummary scenarioName="Reports" testName="PERS-1683_BudgetTracker" url="20{GET}" pageCount="19" responseTime="35306" />
          <PageSummary scenarioName="Reports" testName="PERS-1683_BudgetTracker" url="sign_out{GET}" pageCount="9" responseTime="3473" />
          <PageSummary scenarioName="Reports" testName="PERS-1683_BudgetTracker" url="sign_in{GET}" pageCount="9" responseTime="643" />
          <PageSummary scenarioName="Reports" testName="PERS-1690_Monthly" url="staging.brightwhistle.com/{GET}" pageCount="11" responseTime="420" />
          <PageSummary scenarioName="Reports" testName="PERS-1690_Monthly" url="Login" pageCount="11" responseTime="15970" />
          <PageSummary scenarioName="Reports" testName="PERS-1690_Monthly" url="main_dashboard{GET}" pageCount="11" responseTime="13279" />
          <PageSummary scenarioName="Reports" testName="PERS-1690_Monthly" url="lifetime_overview_box{GET}" pageCount="24" responseTime="2633" />
          <PageSummary scenarioName="Reports" testName="PERS-1690_Monthly" url="sign_out{GET}" pageCount="12" responseTime="3926" />
          <PageSummary scenarioName="Reports" testName="PERS-1690_Monthly" url="sign_in{GET}" pageCount="12" responseTime="593" />
          <PageSummary scenarioName="Reports" testName="PERS-1692_TableauReports" url="staging.brightwhistle.com/{GET}" pageCount="11" responseTime="438" />
          <PageSummary scenarioName="Reports" testName="PERS-1692_TableauReports" url="Login" pageCount="11" responseTime="18596" />
          <PageSummary scenarioName="Reports" testName="PERS-1692_TableauReports" url="tableau_reports{GET}" pageCount="22" responseTime="2801" />
          <PageSummary scenarioName="Reports" testName="PERS-1692_TableauReports" url="6{GET}" pageCount="11" responseTime="587" />
          <PageSummary scenarioName="Reports" testName="PERS-1692_TableauReports" url="new{GET}" pageCount="11" responseTime="1066" />
          <PageSummary scenarioName="Reports" testName="PERS-1692_TableauReports" url="tableau_reports{POST}" pageCount="11" responseTime="3427" />
          <PageSummary scenarioName="Reports" testName="PERS-1692_TableauReports" url="sign_out{GET}" pageCount="11" responseTime="4272" />
          <PageSummary scenarioName="Reports" testName="PERS-1692_TableauReports" url="sign_in{GET}" pageCount="11" responseTime="618" />
          <PageSummary scenarioName="Reports" testName="PERS-1684_ConsoleStats" url="staging.brightwhistle.com/{GET}" pageCount="12" responseTime="591" />
          <PageSummary scenarioName="Reports" testName="PERS-1684_ConsoleStats" url="Login" pageCount="12" responseTime="17683" />
          <PageSummary scenarioName="Reports" testName="PERS-1684_ConsoleStats" url="9{GET}" pageCount="21" responseTime="31403" />
          <PageSummary scenarioName="Reports" testName="PERS-1689_Medicom" url="staging.brightwhistle.com/{GET}" pageCount="11" responseTime="367" />
          <PageSummary scenarioName="Reports" testName="PERS-1684_ConsoleStats" url="sign_out{GET}" pageCount="10" responseTime="4699" />
          <PageSummary scenarioName="Reports" testName="PERS-1684_ConsoleStats" url="sign_in{GET}" pageCount="10" responseTime="743" />
          <PageSummary scenarioName="Reports" testName="PERS-1686_DirectoryStats" url="staging.brightwhistle.com/{GET}" pageCount="7" responseTime="942" />
          <PageSummary scenarioName="Reports" testName="PERS-1686_DirectoryStats" url="Login" pageCount="7" responseTime="18846" />
          <PageSummary scenarioName="Reports" testName="PERS-1686_DirectoryStats" url="12{GET}" pageCount="14" responseTime="34149" />
          <PageSummary scenarioName="Reports" testName="PERS-1686_DirectoryStats" url="sign_out{GET}" pageCount="7" responseTime="3884" />
          <PageSummary scenarioName="Reports" testName="PERS-1686_DirectoryStats" url="sign_in{GET}" pageCount="7" responseTime="353" />
          <PageSummary scenarioName="Reports" testName="PERS-1685_DirectoryIssues" url="staging.brightwhistle.com/{GET}" pageCount="14" responseTime="393" />
          <PageSummary scenarioName="Reports" testName="PERS-1691_MonthlyLeads" url="staging.brightwhistle.com/{GET}" pageCount="10" responseTime="624" />
          <PageSummary scenarioName="Reports" testName="PERS-1691_MonthlyLeads" url="Login" pageCount="10" responseTime="19108" />
          <PageSummary scenarioName="Reports" testName="PERS-1689_Medicom" url="Login" pageCount="10" responseTime="16449" />
          <PageSummary scenarioName="Reports" testName="PERS-1689_Medicom" url="19{GET}" pageCount="20" responseTime="36703" />
          <PageSummary scenarioName="Reports" testName="PERS-1691_MonthlyLeads" url="14{GET}" pageCount="19" responseTime="31322" />
          <PageSummary scenarioName="Reports" testName="PERS-1685_DirectoryIssues" url="Login" pageCount="14" responseTime="17895" />
          <PageSummary scenarioName="Reports" testName="PERS-1685_DirectoryIssues" url="15{GET}" pageCount="27" responseTime="33436" />
          <PageSummary scenarioName="Reports" testName="PERS-1691_MonthlyLeads" url="sign_out{GET}" pageCount="9" responseTime="3696" />
          <PageSummary scenarioName="Reports" testName="PERS-1691_MonthlyLeads" url="sign_in{GET}" pageCount="9" responseTime="422" />
          <PageSummary scenarioName="Reports" testName="PERS-1689_Medicom" url="sign_out{GET}" pageCount="10" responseTime="3589" />
          <PageSummary scenarioName="Reports" testName="PERS-1689_Medicom" url="sign_in{GET}" pageCount="10" responseTime="341" />
          <PageSummary scenarioName="Reports" testName="PERS-1685_DirectoryIssues" url="sign_out{GET}" pageCount="13" responseTime="3990" />
          <PageSummary scenarioName="Reports" testName="PERS-1685_DirectoryIssues" url="sign_in{GET}" pageCount="13" responseTime="398" />
          <PageSummary scenarioName="Reports" testName="PERS-1687_GoogleAdWords" url="staging.brightwhistle.com/{GET}" pageCount="9" responseTime="500" />
          <PageSummary scenarioName="Reports" testName="PERS-1687_GoogleAdWords" url="Login" pageCount="9" responseTime="17416" />
          <PageSummary scenarioName="Reports" testName="PERS-1687_GoogleAdWords" url="13{GET}" pageCount="15" responseTime="34201" />
          <PageSummary scenarioName="Reports" testName="PERS-1687_GoogleAdWords" url="sign_out{GET}" pageCount="6" responseTime="3388" />
          <PageSummary scenarioName="Reports" testName="PERS-1687_GoogleAdWords" url="sign_in{GET}" pageCount="6" responseTime="453" />
          <PageSummary scenarioName="Reports" testName="PERS-1688_LeadStats" url="staging.brightwhistle.com/{GET}" pageCount="4" responseTime="327" />
          <PageSummary scenarioName="Reports" testName="PERS-1688_LeadStats" url="Login" pageCount="4" responseTime="20493" />
          <PageSummary scenarioName="Reports" testName="PERS-1688_LeadStats" url="11{GET}" pageCount="6" responseTime="39058" />
          <PageSummary scenarioName="Reports" testName="PERS-1688_LeadStats" url="sign_out{GET}" pageCount="3" responseTime="2894" />
          <PageSummary scenarioName="Reports" testName="PERS-1688_LeadStats" url="sign_in{GET}" pageCount="3" responseTime="566" />
        </PageSummaries>
        <TestSummaries>
          <TestSummary scenarioName="Reports" testName="PERS-1683_BudgetTracker" totalTests="9" testsFailed="0" averageDuration="97127" />
          <TestSummary scenarioName="Reports" testName="PERS-1690_Monthly" totalTests="12" testsFailed="0" averageDuration="40738" />
          <TestSummary scenarioName="Reports" testName="PERS-1692_TableauReports" totalTests="11" testsFailed="0" averageDuration="43105" />
          <TestSummary scenarioName="Reports" testName="PERS-1684_ConsoleStats" totalTests="10" testsFailed="0" averageDuration="84922" />
          <TestSummary scenarioName="Reports" testName="PERS-1689_Medicom" totalTests="10" testsFailed="0" averageDuration="94229" />
          <TestSummary scenarioName="Reports" testName="PERS-1686_DirectoryStats" totalTests="7" testsFailed="0" averageDuration="92357" />
          <TestSummary scenarioName="Reports" testName="PERS-1685_DirectoryIssues" totalTests="13" testsFailed="0" averageDuration="88715" />
          <TestSummary scenarioName="Reports" testName="PERS-1691_MonthlyLeads" totalTests="9" testsFailed="0" averageDuration="86499" />
          <TestSummary scenarioName="Reports" testName="PERS-1687_GoogleAdWords" totalTests="6" testsFailed="0" averageDuration="86748" />
          <TestSummary scenarioName="Reports" testName="PERS-1688_LeadStats" totalTests="3" testsFailed="0" averageDuration="102485" />
        </TestSummaries>
        <TransactionSummaries>
          <TransactionSummary scenarioName="Reports" testName="PERS-1683_BudgetTracker" transactionName="Login.Landing Page" transactionCount="10" elapsedTime="470" responseTime="470" />
          <TransactionSummary scenarioName="Reports" testName="PERS-1683_BudgetTracker" transactionName="Login.Login" transactionCount="10" elapsedTime="20356" responseTime="20356" />
          <TransactionSummary scenarioName="Reports" testName="PERS-1683_BudgetTracker" transactionName="PERS-1683_BudgetTracker.Login" transactionCount="10" elapsedTime="20826" responseTime="20826" />
          <TransactionSummary scenarioName="Reports" testName="PERS-1683_BudgetTracker" transactionName="Login" transactionCount="10" elapsedTime="20826" responseTime="20826" />
          <TransactionSummary scenarioName="Reports" testName="PERS-1683_BudgetTracker" transactionName="Reports - BudgetTracker" transactionCount="10" elapsedTime="37590" responseTime="37590" />
          <TransactionSummary scenarioName="Reports" testName="PERS-1683_BudgetTracker" transactionName="Run Report" transactionCount="9" elapsedTime="32769" responseTime="32769" />
          <TransactionSummary scenarioName="Reports" testName="PERS-1683_BudgetTracker" transactionName="Logout.Logout" transactionCount="9" elapsedTime="4117" responseTime="4117" />
          <TransactionSummary scenarioName="Reports" testName="PERS-1683_BudgetTracker" transactionName="PERS-1683_BudgetTracker.Logout" transactionCount="9" elapsedTime="4117" responseTime="4117" />
          <TransactionSummary scenarioName="Reports" testName="PERS-1683_BudgetTracker" transactionName="Logout" transactionCount="9" elapsedTime="4117" responseTime="4117" />
          <TransactionSummary scenarioName="Reports" testName="PERS-1690_Monthly" transactionName="Login.Landing Page" transactionCount="11" elapsedTime="420" responseTime="420" />
          <TransactionSummary scenarioName="Reports" testName="PERS-1690_Monthly" transactionName="Login.Login" transactionCount="11" elapsedTime="15970" responseTime="15970" />
          <TransactionSummary scenarioName="Reports" testName="PERS-1690_Monthly" transactionName="PERS-1690_Monthly.Login" transactionCount="11" elapsedTime="16390" responseTime="16390" />
          <TransactionSummary scenarioName="Reports" testName="PERS-1690_Monthly" transactionName="Login" transactionCount="11" elapsedTime="16390" responseTime="16390" />
          <TransactionSummary scenarioName="Reports" testName="PERS-1690_Monthly" transactionName="Reports - Monthly" transactionCount="11" elapsedTime="13279" responseTime="13279" />
          <TransactionSummary scenarioName="Reports" testName="PERS-1690_Monthly" transactionName="Show Search" transactionCount="12" elapsedTime="5059" responseTime="3060" />
          <TransactionSummary scenarioName="Reports" testName="PERS-1690_Monthly" transactionName="Show Social" transactionCount="12" elapsedTime="3312" responseTime="2207" />
          <TransactionSummary scenarioName="Reports" testName="PERS-1690_Monthly" transactionName="Logout.Logout" transactionCount="12" elapsedTime="4519" responseTime="4519" />
          <TransactionSummary scenarioName="Reports" testName="PERS-1690_Monthly" transactionName="PERS-1690_Monthly.Logout" transactionCount="12" elapsedTime="4519" responseTime="4519" />
          <TransactionSummary scenarioName="Reports" testName="PERS-1690_Monthly" transactionName="Logout" transactionCount="12" elapsedTime="4519" responseTime="4519" />
          <TransactionSummary scenarioName="Reports" testName="PERS-1692_TableauReports" transactionName="Login.Landing Page" transactionCount="11" elapsedTime="438" responseTime="438" />
          <TransactionSummary scenarioName="Reports" testName="PERS-1692_TableauReports" transactionName="Login.Login" transactionCount="11" elapsedTime="18596" responseTime="18596" />
          <TransactionSummary scenarioName="Reports" testName="PERS-1692_TableauReports" transactionName="PERS-1692_TableauReports.Login" transactionCount="11" elapsedTime="19035" responseTime="19035" />
          <TransactionSummary scenarioName="Reports" testName="PERS-1692_TableauReports" transactionName="Login" transactionCount="11" elapsedTime="19035" responseTime="19035" />
          <TransactionSummary scenarioName="Reports" testName="PERS-1692_TableauReports" transactionName="Tableau Reports" transactionCount="11" elapsedTime="4666" responseTime="4666" />
          <TransactionSummary scenarioName="Reports" testName="PERS-1692_TableauReports" transactionName="Click a Report" transactionCount="11" elapsedTime="6196" responseTime="587" />
          <TransactionSummary scenarioName="Reports" testName="PERS-1692_TableauReports" transactionName="Create Report" transactionCount="11" elapsedTime="1066" responseTime="1066" />
          <TransactionSummary scenarioName="Reports" testName="PERS-1692_TableauReports" transactionName="Save" transactionCount="11" elapsedTime="7218" responseTime="4365" />
          <TransactionSummary scenarioName="Reports" testName="PERS-1692_TableauReports" transactionName="Logout.Logout" transactionCount="11" elapsedTime="4890" responseTime="4890" />
          <TransactionSummary scenarioName="Reports" testName="PERS-1692_TableauReports" transactionName="PERS-1692_TableauReports.Logout" transactionCount="11" elapsedTime="4890" responseTime="4890" />
          <TransactionSummary scenarioName="Reports" testName="PERS-1692_TableauReports" transactionName="Logout" transactionCount="11" elapsedTime="4890" responseTime="4890" />
          <TransactionSummary scenarioName="Reports" testName="PERS-1684_ConsoleStats" transactionName="Login.Landing Page" transactionCount="12" elapsedTime="591" responseTime="591" />
          <TransactionSummary scenarioName="Reports" testName="PERS-1684_ConsoleStats" transactionName="Login.Login" transactionCount="12" elapsedTime="17683" responseTime="17683" />
          <TransactionSummary scenarioName="Reports" testName="PERS-1684_ConsoleStats" transactionName="PERS-1684_ConsoleStats.Login" transactionCount="12" elapsedTime="18274" responseTime="18274" />
          <TransactionSummary scenarioName="Reports" testName="PERS-1684_ConsoleStats" transactionName="Login" transactionCount="12" elapsedTime="18274" responseTime="18274" />
          <TransactionSummary scenarioName="Reports" testName="PERS-1684_ConsoleStats" transactionName="Reports - Console Stats" transactionCount="11" elapsedTime="33844" responseTime="33844" />
          <TransactionSummary scenarioName="Reports" testName="PERS-1689_Medicom" transactionName="Login.Landing Page" transactionCount="11" elapsedTime="367" responseTime="367" />
          <TransactionSummary scenarioName="Reports" testName="PERS-1684_ConsoleStats" transactionName="Run Report" transactionCount="10" elapsedTime="28719" responseTime="28719" />
          <TransactionSummary scenarioName="Reports" testName="PERS-1684_ConsoleStats" transactionName="Logout.Logout" transactionCount="10" elapsedTime="5442" responseTime="5442" />
          <TransactionSummary scenarioName="Reports" testName="PERS-1684_ConsoleStats" transactionName="PERS-1684_ConsoleStats.Logout" transactionCount="10" elapsedTime="5442" responseTime="5442" />
          <TransactionSummary scenarioName="Reports" testName="PERS-1684_ConsoleStats" transactionName="Logout" transactionCount="10" elapsedTime="5442" responseTime="5442" />
          <TransactionSummary scenarioName="Reports" testName="PERS-1686_DirectoryStats" transactionName="Login.Landing Page" transactionCount="7" elapsedTime="942" responseTime="942" />
          <TransactionSummary scenarioName="Reports" testName="PERS-1686_DirectoryStats" transactionName="Login.Login" transactionCount="7" elapsedTime="18846" responseTime="18846" />
          <TransactionSummary scenarioName="Reports" testName="PERS-1686_DirectoryStats" transactionName="PERS-1686_DirectoryStats.Login" transactionCount="7" elapsedTime="19788" responseTime="19788" />
          <TransactionSummary scenarioName="Reports" testName="PERS-1686_DirectoryStats" transactionName="Login" transactionCount="7" elapsedTime="19788" responseTime="19788" />
          <TransactionSummary scenarioName="Reports" testName="PERS-1686_DirectoryStats" transactionName="Reports - DirectoryStats" transactionCount="7" elapsedTime="36910" responseTime="36910" />
          <TransactionSummary scenarioName="Reports" testName="PERS-1686_DirectoryStats" transactionName="Run Report" transactionCount="7" elapsedTime="31389" responseTime="31389" />
          <TransactionSummary scenarioName="Reports" testName="PERS-1686_DirectoryStats" transactionName="Logout.Logout" transactionCount="7" elapsedTime="4238" responseTime="4238" />
          <TransactionSummary scenarioName="Reports" testName="PERS-1686_DirectoryStats" transactionName="PERS-1686_DirectoryStats.Logout" transactionCount="7" elapsedTime="4238" responseTime="4238" />
          <TransactionSummary scenarioName="Reports" testName="PERS-1686_DirectoryStats" transactionName="Logout" transactionCount="7" elapsedTime="4238" responseTime="4238" />
          <TransactionSummary scenarioName="Reports" testName="PERS-1685_DirectoryIssues" transactionName="Login.Landing Page" transactionCount="14" elapsedTime="393" responseTime="393" />
          <TransactionSummary scenarioName="Reports" testName="PERS-1691_MonthlyLeads" transactionName="Login.Landing Page" transactionCount="10" elapsedTime="624" responseTime="624" />
          <TransactionSummary scenarioName="Reports" testName="PERS-1691_MonthlyLeads" transactionName="Login.Login" transactionCount="10" elapsedTime="19108" responseTime="19108" />
          <TransactionSummary scenarioName="Reports" testName="PERS-1691_MonthlyLeads" transactionName="PERS-1691_MonthlyLeads.Login" transactionCount="10" elapsedTime="19733" responseTime="19733" />
          <TransactionSummary scenarioName="Reports" testName="PERS-1691_MonthlyLeads" transactionName="Login" transactionCount="10" elapsedTime="19733" responseTime="19733" />
          <TransactionSummary scenarioName="Reports" testName="PERS-1689_Medicom" transactionName="Login.Login" transactionCount="10" elapsedTime="16449" responseTime="16449" />
          <TransactionSummary scenarioName="Reports" testName="PERS-1689_Medicom" transactionName="PERS-1689_Medicom.Login" transactionCount="10" elapsedTime="16840" responseTime="16840" />
          <TransactionSummary scenarioName="Reports" testName="PERS-1689_Medicom" transactionName="Login" transactionCount="10" elapsedTime="16840" responseTime="16840" />
          <TransactionSummary scenarioName="Reports" testName="PERS-1689_Medicom" transactionName="Reports - Medicom" transactionCount="10" elapsedTime="37852" responseTime="37852" />
          <TransactionSummary scenarioName="Reports" testName="PERS-1691_MonthlyLeads" transactionName="Reports - Monthly Leads" transactionCount="10" elapsedTime="33900" responseTime="33900" />
          <TransactionSummary scenarioName="Reports" testName="PERS-1685_DirectoryIssues" transactionName="Login.Login" transactionCount="14" elapsedTime="17895" responseTime="17895" />
          <TransactionSummary scenarioName="Reports" testName="PERS-1685_DirectoryIssues" transactionName="PERS-1685_DirectoryIssues.Login" transactionCount="14" elapsedTime="18289" responseTime="18289" />
          <TransactionSummary scenarioName="Reports" testName="PERS-1685_DirectoryIssues" transactionName="Login" transactionCount="14" elapsedTime="18289" responseTime="18289" />
          <TransactionSummary scenarioName="Reports" testName="PERS-1685_DirectoryIssues" transactionName="Reports - Directory Issues" transactionCount="14" elapsedTime="35519" responseTime="35519" />
          <TransactionSummary scenarioName="Reports" testName="PERS-1691_MonthlyLeads" transactionName="Run Report" transactionCount="9" elapsedTime="28457" responseTime="28457" />
          <TransactionSummary scenarioName="Reports" testName="PERS-1691_MonthlyLeads" transactionName="Logout.Logout" transactionCount="9" elapsedTime="4119" responseTime="4119" />
          <TransactionSummary scenarioName="Reports" testName="PERS-1691_MonthlyLeads" transactionName="PERS-1691_MonthlyLeads.Logout" transactionCount="9" elapsedTime="4119" responseTime="4119" />
          <TransactionSummary scenarioName="Reports" testName="PERS-1689_Medicom" transactionName="Run Report" transactionCount="10" elapsedTime="35555" responseTime="35555" />
          <TransactionSummary scenarioName="Reports" testName="PERS-1689_Medicom" transactionName="Logout.Logout" transactionCount="10" elapsedTime="3931" responseTime="3931" />
          <TransactionSummary scenarioName="Reports" testName="PERS-1689_Medicom" transactionName="PERS-1689_Medicom.Logout" transactionCount="10" elapsedTime="3931" responseTime="3931" />
          <TransactionSummary scenarioName="Reports" testName="PERS-1689_Medicom" transactionName="Logout" transactionCount="10" elapsedTime="3931" responseTime="3931" />
          <TransactionSummary scenarioName="Reports" testName="PERS-1685_DirectoryIssues" transactionName="Run Report" transactionCount="13" elapsedTime="31194" responseTime="31194" />
          <TransactionSummary scenarioName="Reports" testName="PERS-1685_DirectoryIssues" transactionName="Logout.Logout" transactionCount="13" elapsedTime="4388" responseTime="4388" />
          <TransactionSummary scenarioName="Reports" testName="PERS-1685_DirectoryIssues" transactionName="PERS-1685_DirectoryIssues.Logout" transactionCount="13" elapsedTime="4388" responseTime="4388" />
          <TransactionSummary scenarioName="Reports" testName="PERS-1685_DirectoryIssues" transactionName="Logout" transactionCount="13" elapsedTime="4388" responseTime="4388" />
          <TransactionSummary scenarioName="Reports" testName="PERS-1687_GoogleAdWords" transactionName="Login.Landing Page" transactionCount="9" elapsedTime="500" responseTime="500" />
          <TransactionSummary scenarioName="Reports" testName="PERS-1687_GoogleAdWords" transactionName="Login.Login" transactionCount="9" elapsedTime="17416" responseTime="17416" />
          <TransactionSummary scenarioName="Reports" testName="PERS-1687_GoogleAdWords" transactionName="PERS-1687_GoogleAdWords.Login" transactionCount="9" elapsedTime="17917" responseTime="17917" />
          <TransactionSummary scenarioName="Reports" testName="PERS-1687_GoogleAdWords" transactionName="Login" transactionCount="9" elapsedTime="17917" responseTime="17917" />
          <TransactionSummary scenarioName="Reports" testName="PERS-1687_GoogleAdWords" transactionName="Google Adwords" transactionCount="8" elapsedTime="35890" responseTime="35890" />
          <TransactionSummary scenarioName="Reports" testName="PERS-1687_GoogleAdWords" transactionName="Run Report" transactionCount="7" elapsedTime="32271" responseTime="32271" />
          <TransactionSummary scenarioName="Reports" testName="PERS-1687_GoogleAdWords" transactionName="Logout.Logout" transactionCount="6" elapsedTime="3842" responseTime="3842" />
          <TransactionSummary scenarioName="Reports" testName="PERS-1687_GoogleAdWords" transactionName="PERS-1687_GoogleAdWords.Logout" transactionCount="6" elapsedTime="3842" responseTime="3842" />
          <TransactionSummary scenarioName="Reports" testName="PERS-1687_GoogleAdWords" transactionName="Logout" transactionCount="6" elapsedTime="3842" responseTime="3842" />
          <TransactionSummary scenarioName="Reports" testName="PERS-1688_LeadStats" transactionName="Login.Landing Page" transactionCount="4" elapsedTime="327" responseTime="327" />
          <TransactionSummary scenarioName="Reports" testName="PERS-1688_LeadStats" transactionName="Login.Login" transactionCount="4" elapsedTime="20493" responseTime="20493" />
          <TransactionSummary scenarioName="Reports" testName="PERS-1688_LeadStats" transactionName="PERS-1688_LeadStats.Login" transactionCount="4" elapsedTime="20821" responseTime="20821" />
          <TransactionSummary scenarioName="Reports" testName="PERS-1688_LeadStats" transactionName="Login" transactionCount="4" elapsedTime="20821" responseTime="20821" />
          <TransactionSummary scenarioName="Reports" testName="PERS-1688_LeadStats" transactionName="Reports - Lead Stats" transactionCount="3" elapsedTime="45075" responseTime="45075" />
          <TransactionSummary scenarioName="Reports" testName="PERS-1688_LeadStats" transactionName="Run Report" transactionCount="3" elapsedTime="33042" responseTime="33042" />
          <TransactionSummary scenarioName="Reports" testName="PERS-1688_LeadStats" transactionName="Logout.Logout" transactionCount="3" elapsedTime="3460" responseTime="3460" />
          <TransactionSummary scenarioName="Reports" testName="PERS-1688_LeadStats" transactionName="PERS-1688_LeadStats.Logout" transactionCount="3" elapsedTime="3460" responseTime="3460" />
          <TransactionSummary scenarioName="Reports" testName="PERS-1688_LeadStats" transactionName="Logout" transactionCount="3" elapsedTime="3460" responseTime="3460" />
        </TransactionSummaries>
      </Summary>
    </LoadTestResult>
  </Results>
</TestRun>