<?xml version="1.0" encoding="UTF-8"?>
<TestRun id="154a18bf-7911-4655-9a25-d7a0ca8137d0" name="load.test@CHI-LAB-VSU-03 2016-05-05 07:59:44" runUser="MEDSEEKLAB\load.test" xmlns="http://microsoft.com/schemas/VisualStudio/TeamTest/2010">
  <TestSettings name="VSC02" id="d5578583-cbfb-4e4a-b37b-4feb802e2072">
    <Description>These are default test settings for a local test run.</Description>
    <Deployment runDeploymentRoot="load.test_CHI-LAB-VSU-03 2016-05-05 07_59_44">
      <DeploymentItem filename="C:\Medseek\Automation\Persuade\VSProjects\PersuadePerformance\TestPlugin\bin\Debug\TestPlugin.dll" />
      <DeploymentItem filename="C:\Program Files (x86)\Microsoft Visual Studio 11.0\Common7\IDE\PublicAssemblies\WebTest.WebService.Plugin.Runtime.dll" />
    </Deployment>
    <RemoteController name="CHI-LAB-VSC-02" />
    <Execution location="Remote">
      <TestTypeSpecific>
        <UnitTestRunConfig testTypeId="13cdc9d9-ddb5-4fa4-a97d-d965ccfc6d4b">
          <AssemblyResolution>
            <TestDirectory useLoadContext="true" />
          </AssemblyResolution>
        </UnitTestRunConfig>
        <WebTestRunConfiguration testTypeId="4e7599fa-5ecb-43e9-a887-cd63cf72d207">
          <Browser name="Internet Explorer 9.0" MaxConnections="6">
            <Headers>
              <Header name="User-Agent" value="Mozilla/5.0 (compatible; MSIE 9.0; Windows NT 6.1; Trident/5.0)" />
              <Header name="Accept" value="*/*" />
              <Header name="Accept-Language" value="{{$IEAcceptLanguage}}" />
              <Header name="Accept-Encoding" value="GZIP" />
            </Headers>
          </Browser>
        </WebTestRunConfiguration>
      </TestTypeSpecific>
      <AgentRule name="AllAgentsDefaultRole">
      </AgentRule>
    </Execution>
  </TestSettings>
  <Times creation="2016-05-05T07:59:44.1193197-05:00" queuing="2016-05-05T07:59:44.1883266-05:00" start="2016-05-05T07:59:44.9674045-05:00" finish="2016-05-05T08:00:28.3027376-05:00" />
  <ResultSummary outcome="Completed">
    <Counters total="1" executed="1" passed="1" error="0" failed="0" timeout="0" aborted="0" inconclusive="0" passedButRunAborted="0" notRunnable="0" notExecuted="0" disconnected="0" warning="0" completed="0" inProgress="0" pending="0" />
    <ResultFiles>
      <ResultFile path="CHI-LAB-VSA-03\bf71db0e-5d1e-419d-aaf1-98e287b62ac3\PERS-1669_SellingPoints.webtestResult" />
    </ResultFiles>
  </ResultSummary>
  <TestDefinitions>
    <WebTest name="SetHierarchy" storage="c:\medseek\automation\persuade\vsprojects\persuadeperformance\persuadeperformance\webtests\global tests\sethierarchy.webtest" id="61cbf038-7287-4a5d-ae16-e56e81335852" persistedWebTest="77u/PD94bWwgdmVyc2lvbj0iMS4wIiBlbmNvZGluZz0iVVRGLTgiIHN0YW5kYWxvbmU9InllcyI/Pg0KPFdlYlRlc3QgTmFtZT0iU2V0SGllcmFyY2h5IiBJZD0iNjFjYmYwMzgtNzI4Ny00YTVkLWFlMTYtZTU2ZTgxMzM1ODUyIiBPd25lcj0iIiBQcmlvcml0eT0iMjE0NzQ4MzY0NyIgRW5hYmxlZD0iVHJ1ZSIgQ3NzUHJvamVjdFN0cnVjdHVyZT0iIiBDc3NJdGVyYXRpb249IiIgVGltZW91dD0iMCIgV29ya0l0ZW1JZHM9IiIgeG1sbnM9Imh0dHA6Ly9taWNyb3NvZnQuY29tL3NjaGVtYXMvVmlzdWFsU3R1ZGlvL1RlYW1UZXN0LzIwMTAiIERlc2NyaXB0aW9uPSIiIENyZWRlbnRpYWxVc2VyTmFtZT0iIiBDcmVkZW50aWFsUGFzc3dvcmQ9IiIgUHJlQXV0aGVudGljYXRlPSJUcnVlIiBQcm94eT0iIiBTdG9wT25FcnJvcj0iRmFsc2UiIFJlY29yZGVkUmVzdWx0RmlsZT0iIiBSZXN1bHRzTG9jYWxlPSIiPg0KICA8SXRlbXM+DQogICAgPENvbW1lbnQgQ29tbWVudFRleHQ9IlNldCBIaWVyYXJjaHkiIC8+DQogICAgPFRyYW5zYWN0aW9uVGltZXIgTmFtZT0iU2V0IEhpZXJhcmNoeSI+DQogICAgICA8SXRlbXM+DQogICAgICAgIDxSZXF1ZXN0IE1ldGhvZD0iUFVUIiBHdWlkPSIxODY4ZWYxMi1hYjNhLTQxYWMtODNiZS04NGM4NDhkZmMwNzMiIFZlcnNpb249IjEuMSIgVXJsPSJ7e1NlcnZlclVybH19L2NvbnRleHQuaHRtbCIgVGhpbmtUaW1lPSIwIiBUaW1lb3V0PSI2MCIgUGFyc2VEZXBlbmRlbnRSZXF1ZXN0cz0iVHJ1ZSIgRm9sbG93UmVkaXJlY3RzPSJUcnVlIiBSZWNvcmRSZXN1bHQ9IlRydWUiIENhY2hlPSJGYWxzZSIgUmVzcG9uc2VUaW1lR29hbD0iMCIgRW5jb2Rpbmc9InV0Zi04IiBFeHBlY3RlZEh0dHBTdGF0dXNDb2RlPSIwIiBFeHBlY3RlZFJlc3BvbnNlVXJsPSIiIFJlcG9ydGluZ05hbWU9IlNldEhpZXJhcmNoeSIgSWdub3JlSHR0cFN0YXR1c0NvZGU9IkZhbHNlIj4NCiAgICAgICAgICA8SGVhZGVycz4NCiAgICAgICAgICAgIDxIZWFkZXIgTmFtZT0iT3JpZ2luIiBWYWx1ZT0ie3tTZXJ2ZXJVcmx9fSIgLz4NCiAgICAgICAgICAgIDxIZWFkZXIgTmFtZT0iWC1DU1JGLVRva2VuIiBWYWx1ZT0ie3thdXRoVG9rZW59fSIgLz4NCiAgICAgICAgICAgIDxIZWFkZXIgTmFtZT0iWC1SZXF1ZXN0ZWQtV2l0aCIgVmFsdWU9IlhNTEh0dHBSZXF1ZXN0IiAvPg0KICAgICAgICAgIDwvSGVhZGVycz4NCiAgICAgICAgICA8UXVlcnlTdHJpbmdQYXJhbWV0ZXJzPg0KICAgICAgICAgICAgPFF1ZXJ5U3RyaW5nUGFyYW1ldGVyIE5hbWU9ImNvbnRleHRbYWdlbmN5X2lkXSIgVmFsdWU9Int7SGllcmFyY2h5LkhpZXJhcmNoeSNjc3YuVGllcjFJZH19IiBSZWNvcmRlZFZhbHVlPSIiIENvcnJlbGF0aW9uQmluZGluZz0iIiBVcmxFbmNvZGU9IlRydWUiIFVzZVRvR3JvdXBSZXN1bHRzPSJGYWxzZSIgLz4NCiAgICAgICAgICAgIDxRdWVyeVN0cmluZ1BhcmFtZXRlciBOYW1lPSJjb250ZXh0W2NsaWVudF9pZF0iIFZhbHVlPSJ7e0hpZXJhcmNoeS5IaWVyYXJjaHkjY3N2LlRpZXIySWR9fSIgUmVjb3JkZWRWYWx1ZT0iIiBDb3JyZWxhdGlvbkJpbmRpbmc9IiIgVXJsRW5jb2RlPSJUcnVlIiBVc2VUb0dyb3VwUmVzdWx0cz0iRmFsc2UiIC8+DQogICAgICAgICAgPC9RdWVyeVN0cmluZ1BhcmFtZXRlcnM+DQogICAgICAgICAgPEZvcm1Qb3N0SHR0cEJvZHkgLz4NCiAgICAgICAgPC9SZXF1ZXN0Pg0KICAgICAgICA8UmVxdWVzdCBNZXRob2Q9IkdFVCIgR3VpZD0iZjA3NWM0MzItZTE5MC00MDhlLTg1MmQtNzQyZjkyMzJhYjc4IiBWZXJzaW9uPSIxLjEiIFVybD0ie3tTZXJ2ZXJVcmx9fS9kYXNoYm9hcmQiIFRoaW5rVGltZT0iMCIgVGltZW91dD0iNjAiIFBhcnNlRGVwZW5kZW50UmVxdWVzdHM9IkZhbHNlIiBGb2xsb3dSZWRpcmVjdHM9IlRydWUiIFJlY29yZFJlc3VsdD0iVHJ1ZSIgQ2FjaGU9IkZhbHNlIiBSZXNwb25zZVRpbWVHb2FsPSIwIiBFbmNvZGluZz0idXRmLTgiIEV4cGVjdGVkSHR0cFN0YXR1c0NvZGU9IjAiIEV4cGVjdGVkUmVzcG9uc2VVcmw9IiIgUmVwb3J0aW5nTmFtZT0iRGFzaGJvYXJkIiBJZ25vcmVIdHRwU3RhdHVzQ29kZT0iRmFsc2UiPg0KICAgICAgICAgIDxIZWFkZXJzPg0KICAgICAgICAgICAgPEhlYWRlciBOYW1lPSJSZWZlcmVyIiBWYWx1ZT0ie3tTZXJ2ZXJVcmx9fS8iIC8+DQogICAgICAgICAgICA8SGVhZGVyIE5hbWU9IklmLU5vbmUtTWF0Y2giIFZhbHVlPSImcXVvdDthNzBlNjI0ZDEyMzc4YjM3OTUxNGUzNzgyNGUwMzI4NiZxdW90OyIgLz4NCiAgICAgICAgICA8L0hlYWRlcnM+DQogICAgICAgICAgPEV4dHJhY3Rpb25SdWxlcz4NCiAgICAgICAgICAgIDxFeHRyYWN0aW9uUnVsZSBDbGFzc25hbWU9Ik1pY3Jvc29mdC5WaXN1YWxTdHVkaW8uVGVzdFRvb2xzLldlYlRlc3RpbmcuUnVsZXMuRXh0cmFjdFRleHQsIE1pY3Jvc29mdC5WaXN1YWxTdHVkaW8uUXVhbGl0eVRvb2xzLldlYlRlc3RGcmFtZXdvcmssIFZlcnNpb249MTAuMC4wLjAsIEN1bHR1cmU9bmV1dHJhbCwgUHVibGljS2V5VG9rZW49YjAzZjVmN2YxMWQ1MGEzYSIgVmFyaWFibGVOYW1lPSJ0aWVyMiIgRGlzcGxheU5hbWU9IkV4dHJhY3QgVGV4dCIgRGVzY3JpcHRpb249IkV4dHJhY3QgdGV4dCBmcm9tIHRoZSByZXNwb25zZSBhbmQgcGxhY2UgaXQgaW50byB0aGUgdGVzdCBjb250ZXh0LiI+DQogICAgICAgICAgICAgIDxSdWxlUGFyYW1ldGVycz4NCiAgICAgICAgICAgICAgICA8UnVsZVBhcmFtZXRlciBOYW1lPSJTdGFydHNXaXRoIiBWYWx1ZT0iJmx0O3NwYW4gY2xhc3M9J2xhYmVsIHN1Yi1jb250ZXh0JyZndDsiIC8+DQogICAgICAgICAgICAgICAgPFJ1bGVQYXJhbWV0ZXIgTmFtZT0iRW5kc1dpdGgiIFZhbHVlPSImbHQ7L3NwYW4mZ3Q7IiAvPg0KICAgICAgICAgICAgICAgIDxSdWxlUGFyYW1ldGVyIE5hbWU9Iklnbm9yZUNhc2UiIFZhbHVlPSJGYWxzZSIgLz4NCiAgICAgICAgICAgICAgICA8UnVsZVBhcmFtZXRlciBOYW1lPSJVc2VSZWd1bGFyRXhwcmVzc2lvbiIgVmFsdWU9IkZhbHNlIiAvPg0KICAgICAgICAgICAgICAgIDxSdWxlUGFyYW1ldGVyIE5hbWU9IlJlcXVpcmVkIiBWYWx1ZT0iVHJ1ZSIgLz4NCiAgICAgICAgICAgICAgICA8UnVsZVBhcmFtZXRlciBOYW1lPSJFeHRyYWN0UmFuZG9tTWF0Y2giIFZhbHVlPSJGYWxzZSIgLz4NCiAgICAgICAgICAgICAgICA8UnVsZVBhcmFtZXRlciBOYW1lPSJJbmRleCIgVmFsdWU9IjAiIC8+DQogICAgICAgICAgICAgICAgPFJ1bGVQYXJhbWV0ZXIgTmFtZT0iSHRtbERlY29kZSIgVmFsdWU9IlRydWUiIC8+DQogICAgICAgICAgICAgICAgPFJ1bGVQYXJhbWV0ZXIgTmFtZT0iU2VhcmNoSW5IZWFkZXJzIiBWYWx1ZT0iRmFsc2UiIC8+DQogICAgICAgICAgICAgIDwvUnVsZVBhcmFtZXRlcnM+DQogICAgICAgICAgICA8L0V4dHJhY3Rpb25SdWxlPg0KICAgICAgICAgICAgPEV4dHJhY3Rpb25SdWxlIENsYXNzbmFtZT0iTWljcm9zb2Z0LlZpc3VhbFN0dWRpby5UZXN0VG9vbHMuV2ViVGVzdGluZy5SdWxlcy5FeHRyYWN0VGV4dCwgTWljcm9zb2Z0LlZpc3VhbFN0dWRpby5RdWFsaXR5VG9vbHMuV2ViVGVzdEZyYW1ld29yaywgVmVyc2lvbj0xMC4wLjAuMCwgQ3VsdHVyZT1uZXV0cmFsLCBQdWJsaWNLZXlUb2tlbj1iMDNmNWY3ZjExZDUwYTNhIiBWYXJpYWJsZU5hbWU9InRpZXIxIiBEaXNwbGF5TmFtZT0iRXh0cmFjdCBUZXh0IiBEZXNjcmlwdGlvbj0iRXh0cmFjdCB0ZXh0IGZyb20gdGhlIHJlc3BvbnNlIGFuZCBwbGFjZSBpdCBpbnRvIHRoZSB0ZXN0IGNvbnRleHQuIj4NCiAgICAgICAgICAgICAgPFJ1bGVQYXJhbWV0ZXJzPg0KICAgICAgICAgICAgICAgIDxSdWxlUGFyYW1ldGVyIE5hbWU9IlN0YXJ0c1dpdGgiIFZhbHVlPSImbHQ7c3BhbiBjbGFzcz0nbGFiZWwgY29udGV4dCcmZ3Q7IiAvPg0KICAgICAgICAgICAgICAgIDxSdWxlUGFyYW1ldGVyIE5hbWU9IkVuZHNXaXRoIiBWYWx1ZT0iJmx0Oy9zcGFuJmd0OyIgLz4NCiAgICAgICAgICAgICAgICA8UnVsZVBhcmFtZXRlciBOYW1lPSJJZ25vcmVDYXNlIiBWYWx1ZT0iRmFsc2UiIC8+DQogICAgICAgICAgICAgICAgPFJ1bGVQYXJhbWV0ZXIgTmFtZT0iVXNlUmVndWxhckV4cHJlc3Npb24iIFZhbHVlPSJGYWxzZSIgLz4NCiAgICAgICAgICAgICAgICA8UnVsZVBhcmFtZXRlciBOYW1lPSJSZXF1aXJlZCIgVmFsdWU9IlRydWUiIC8+DQogICAgICAgICAgICAgICAgPFJ1bGVQYXJhbWV0ZXIgTmFtZT0iRXh0cmFjdFJhbmRvbU1hdGNoIiBWYWx1ZT0iRmFsc2UiIC8+DQogICAgICAgICAgICAgICAgPFJ1bGVQYXJhbWV0ZXIgTmFtZT0iSW5kZXgiIFZhbHVlPSIwIiAvPg0KICAgICAgICAgICAgICAgIDxSdWxlUGFyYW1ldGVyIE5hbWU9Ikh0bWxEZWNvZGUiIFZhbHVlPSJUcnVlIiAvPg0KICAgICAgICAgICAgICAgIDxSdWxlUGFyYW1ldGVyIE5hbWU9IlNlYXJjaEluSGVhZGVycyIgVmFsdWU9IkZhbHNlIiAvPg0KICAgICAgICAgICAgICA8L1J1bGVQYXJhbWV0ZXJzPg0KICAgICAgICAgICAgPC9FeHRyYWN0aW9uUnVsZT4NCiAgICAgICAgICA8L0V4dHJhY3Rpb25SdWxlcz4NCiAgICAgICAgPC9SZXF1ZXN0Pg0KICAgICAgPC9JdGVtcz4NCiAgICA8L1RyYW5zYWN0aW9uVGltZXI+DQogIDwvSXRlbXM+DQogIDxEYXRhU291cmNlcz4NCiAgICA8RGF0YVNvdXJjZSBOYW1lPSJIaWVyYXJjaHkiIFByb3ZpZGVyPSJNaWNyb3NvZnQuVmlzdWFsU3R1ZGlvLlRlc3RUb29scy5EYXRhU291cmNlLkNTViIgQ29ubmVjdGlvbj0ifERhdGFEaXJlY3Rvcnl8XC4uXC4uXERhdGFcSGllcmFyY2h5LmNzdiI+DQogICAgICA8VGFibGVzPg0KICAgICAgICA8RGF0YVNvdXJjZVRhYmxlIE5hbWU9IkhpZXJhcmNoeSNjc3YiIFNlbGVjdENvbHVtbnM9IlNlbGVjdE9ubHlCb3VuZENvbHVtbnMiIEFjY2Vzc01ldGhvZD0iU2VxdWVudGlhbCIgLz4NCiAgICAgIDwvVGFibGVzPg0KICAgIDwvRGF0YVNvdXJjZT4NCiAgPC9EYXRhU291cmNlcz4NCiAgPENvbnRleHRQYXJhbWV0ZXJzPg0KICAgIDxDb250ZXh0UGFyYW1ldGVyIE5hbWU9IlNlcnZlclVybCIgVmFsdWU9Imh0dHBzOi8vc3RhZ2luZy5icmlnaHR3aGlzdGxlLmNvbSIgLz4NCiAgICA8Q29udGV4dFBhcmFtZXRlciBOYW1lPSJhdXRoVG9rZW4iIFZhbHVlPSIiIC8+DQogIDwvQ29udGV4dFBhcmFtZXRlcnM+DQogIDxXZWJUZXN0UGx1Z2lucz4NCiAgICA8V2ViVGVzdFBsdWdpbiBDbGFzc25hbWU9IlRlc3RQbHVnaW4uU2VydmVyVXJscywgVGVzdFBsdWdpbiwgVmVyc2lvbj0xLjAuMC4wLCBDdWx0dXJlPW5ldXRyYWwsIFB1YmxpY0tleVRva2VuPW51bGwiIERpc3BsYXlOYW1lPSJTZXJ2ZXJVcmxzIiBEZXNjcmlwdGlvbj0iIiAvPg0KICA8L1dlYlRlc3RQbHVnaW5zPg0KPC9XZWJUZXN0Pg==">
    </WebTest>
    <WebTest name="Login" storage="c:\medseek\automation\persuade\vsprojects\persuadeperformance\persuadeperformance\webtests\global tests\login.webtest" priority="0" id="6e961aa2-1090-4a72-8f5c-09858eb28a54" persistedWebTest="77u/PD94bWwgdmVyc2lvbj0iMS4wIiBlbmNvZGluZz0iVVRGLTgiIHN0YW5kYWxvbmU9InllcyI/Pg0KPFdlYlRlc3QgTmFtZT0iTG9naW4iIElkPSI2ZTk2MWFhMi0xMDkwLTRhNzItOGY1Yy0wOTg1OGViMjhhNTQiIE93bmVyPSIiIFByaW9yaXR5PSIwIiBFbmFibGVkPSJUcnVlIiBDc3NQcm9qZWN0U3RydWN0dXJlPSIiIENzc0l0ZXJhdGlvbj0iIiBUaW1lb3V0PSIwIiBXb3JrSXRlbUlkcz0iIiB4bWxucz0iaHR0cDovL21pY3Jvc29mdC5jb20vc2NoZW1hcy9WaXN1YWxTdHVkaW8vVGVhbVRlc3QvMjAxMCIgRGVzY3JpcHRpb249IiIgQ3JlZGVudGlhbFVzZXJOYW1lPSIiIENyZWRlbnRpYWxQYXNzd29yZD0iIiBQcmVBdXRoZW50aWNhdGU9IlRydWUiIFByb3h5PSIiIFN0b3BPbkVycm9yPSJGYWxzZSIgUmVjb3JkZWRSZXN1bHRGaWxlPSIiIFJlc3VsdHNMb2NhbGU9IiI+DQogIDxJdGVtcz4NCiAgICA8Q29tbWVudCBDb21tZW50VGV4dD0iTGFuZGluZyBQYWdlIiAvPg0KICAgIDxUcmFuc2FjdGlvblRpbWVyIE5hbWU9IkxhbmRpbmcgUGFnZSI+DQogICAgICA8SXRlbXM+DQogICAgICAgIDxSZXF1ZXN0IE1ldGhvZD0iR0VUIiBHdWlkPSIyZjY3ZWIzYS02MDY1LTQ0NmMtODc2OC1iMjAyN2E3Y2RjYTUiIFZlcnNpb249IjEuMSIgVXJsPSJ7e1NlcnZlclVybH19LyIgVGhpbmtUaW1lPSIwIiBUaW1lb3V0PSI2MCIgUGFyc2VEZXBlbmRlbnRSZXF1ZXN0cz0iRmFsc2UiIEZvbGxvd1JlZGlyZWN0cz0iVHJ1ZSIgUmVjb3JkUmVzdWx0PSJUcnVlIiBDYWNoZT0iRmFsc2UiIFJlc3BvbnNlVGltZUdvYWw9IjAiIEVuY29kaW5nPSJ1dGYtOCIgRXhwZWN0ZWRIdHRwU3RhdHVzQ29kZT0iMCIgRXhwZWN0ZWRSZXNwb25zZVVybD0iIiBSZXBvcnRpbmdOYW1lPSIiIElnbm9yZUh0dHBTdGF0dXNDb2RlPSJGYWxzZSI+DQogICAgICAgICAgPEhlYWRlcnM+DQogICAgICAgICAgICA8SGVhZGVyIE5hbWU9IlVwZ3JhZGUtSW5zZWN1cmUtUmVxdWVzdHMiIFZhbHVlPSIxIiAvPg0KICAgICAgICAgICAgPEhlYWRlciBOYW1lPSJJZi1Ob25lLU1hdGNoIiBWYWx1ZT0iJnF1b3Q7MjAyZWYxZTllN2IyZDhjYWM5ODQ0ZTViNzFlNDliNTQmcXVvdDsiIC8+DQogICAgICAgICAgPC9IZWFkZXJzPg0KICAgICAgICAgIDxFeHRyYWN0aW9uUnVsZXM+DQogICAgICAgICAgICA8RXh0cmFjdGlvblJ1bGUgQ2xhc3NuYW1lPSJNaWNyb3NvZnQuVmlzdWFsU3R1ZGlvLlRlc3RUb29scy5XZWJUZXN0aW5nLlJ1bGVzLkV4dHJhY3RIaWRkZW5GaWVsZHMsIE1pY3Jvc29mdC5WaXN1YWxTdHVkaW8uUXVhbGl0eVRvb2xzLldlYlRlc3RGcmFtZXdvcmssIFZlcnNpb249MTAuMC4wLjAsIEN1bHR1cmU9bmV1dHJhbCwgUHVibGljS2V5VG9rZW49YjAzZjVmN2YxMWQ1MGEzYSIgVmFyaWFibGVOYW1lPSIxIiBEaXNwbGF5TmFtZT0iRXh0cmFjdCBIaWRkZW4gRmllbGRzIiBEZXNjcmlwdGlvbj0iRXh0cmFjdCBhbGwgaGlkZGVuIGZpZWxkcyBmcm9tIHRoZSByZXNwb25zZSBhbmQgcGxhY2UgdGhlbSBpbnRvIHRoZSB0ZXN0IGNvbnRleHQuIj4NCiAgICAgICAgICAgICAgPFJ1bGVQYXJhbWV0ZXJzPg0KICAgICAgICAgICAgICAgIDxSdWxlUGFyYW1ldGVyIE5hbWU9IlJlcXVpcmVkIiBWYWx1ZT0iVHJ1ZSIgLz4NCiAgICAgICAgICAgICAgICA8UnVsZVBhcmFtZXRlciBOYW1lPSJIdG1sRGVjb2RlIiBWYWx1ZT0iVHJ1ZSIgLz4NCiAgICAgICAgICAgICAgPC9SdWxlUGFyYW1ldGVycz4NCiAgICAgICAgICAgIDwvRXh0cmFjdGlvblJ1bGU+DQogICAgICAgICAgPC9FeHRyYWN0aW9uUnVsZXM+DQogICAgICAgIDwvUmVxdWVzdD4NCiAgICAgIDwvSXRlbXM+DQogICAgPC9UcmFuc2FjdGlvblRpbWVyPg0KICAgIDxDb21tZW50IENvbW1lbnRUZXh0PSJsb2dpbiIgLz4NCiAgICA8VHJhbnNhY3Rpb25UaW1lciBOYW1lPSJMb2dpbiI+DQogICAgICA8SXRlbXM+DQogICAgICAgIDxSZXF1ZXN0IE1ldGhvZD0iUE9TVCIgR3VpZD0iYTdkNmE0ZjMtOTQxYS00YWVjLTg1NzEtZTAyMzZmNWI1M2ZkIiBWZXJzaW9uPSIxLjEiIFVybD0ie3tTZXJ2ZXJVcmx9fS9zaWduX2luIiBUaGlua1RpbWU9IjAiIFRpbWVvdXQ9IjYwIiBQYXJzZURlcGVuZGVudFJlcXVlc3RzPSJUcnVlIiBGb2xsb3dSZWRpcmVjdHM9IlRydWUiIFJlY29yZFJlc3VsdD0iVHJ1ZSIgQ2FjaGU9IkZhbHNlIiBSZXNwb25zZVRpbWVHb2FsPSIwIiBFbmNvZGluZz0idXRmLTgiIEV4cGVjdGVkSHR0cFN0YXR1c0NvZGU9IjAiIEV4cGVjdGVkUmVzcG9uc2VVcmw9IiIgUmVwb3J0aW5nTmFtZT0iTG9naW4iIElnbm9yZUh0dHBTdGF0dXNDb2RlPSJGYWxzZSI+DQogICAgICAgICAgPEhlYWRlcnM+DQogICAgICAgICAgICA8SGVhZGVyIE5hbWU9IlJlZmVyZXIiIFZhbHVlPSJ7e1NlcnZlclVybH19L3NpZ25faW4iIC8+DQogICAgICAgICAgICA8SGVhZGVyIE5hbWU9IkNvbnRlbnQtVHlwZSIgVmFsdWU9ImFwcGxpY2F0aW9uL3gtd3d3LWZvcm0tdXJsZW5jb2RlZCIgLz4NCiAgICAgICAgICAgIDxIZWFkZXIgTmFtZT0iT3JpZ2luIiBWYWx1ZT0iaHR0cHM6Ly9zdGFnaW5nLmJyaWdodHdoaXN0bGUuY29tIiAvPg0KICAgICAgICAgICAgPEhlYWRlciBOYW1lPSJVcGdyYWRlLUluc2VjdXJlLVJlcXVlc3RzIiBWYWx1ZT0iMSIgLz4NCiAgICAgICAgICA8L0hlYWRlcnM+DQogICAgICAgICAgPEV4dHJhY3Rpb25SdWxlcz4NCiAgICAgICAgICAgIDxFeHRyYWN0aW9uUnVsZSBDbGFzc25hbWU9Ik1pY3Jvc29mdC5WaXN1YWxTdHVkaW8uVGVzdFRvb2xzLldlYlRlc3RpbmcuUnVsZXMuRXh0cmFjdEF0dHJpYnV0ZVZhbHVlLCBNaWNyb3NvZnQuVmlzdWFsU3R1ZGlvLlF1YWxpdHlUb29scy5XZWJUZXN0RnJhbWV3b3JrLCBWZXJzaW9uPTEwLjAuMC4wLCBDdWx0dXJlPW5ldXRyYWwsIFB1YmxpY0tleVRva2VuPWIwM2Y1ZjdmMTFkNTBhM2EiIFZhcmlhYmxlTmFtZT0iYXV0aFRva2VuIiBEaXNwbGF5TmFtZT0iRXh0cmFjdCBBdHRyaWJ1dGUgVmFsdWUiIERlc2NyaXB0aW9uPSJFeHRyYWN0IHRoZSB2YWx1ZSBvZiBhbiBhdHRyaWJ1dGUgZnJvbSBhIHNwZWNpZmllZCBIVE1MIHRhZy4iPg0KICAgICAgICAgICAgICA8UnVsZVBhcmFtZXRlcnM+DQogICAgICAgICAgICAgICAgPFJ1bGVQYXJhbWV0ZXIgTmFtZT0iVGFnTmFtZSIgVmFsdWU9Im1ldGEiIC8+DQogICAgICAgICAgICAgICAgPFJ1bGVQYXJhbWV0ZXIgTmFtZT0iQXR0cmlidXRlTmFtZSIgVmFsdWU9ImNvbnRlbnQiIC8+DQogICAgICAgICAgICAgICAgPFJ1bGVQYXJhbWV0ZXIgTmFtZT0iTWF0Y2hBdHRyaWJ1dGVOYW1lIiBWYWx1ZT0ibmFtZSIgLz4NCiAgICAgICAgICAgICAgICA8UnVsZVBhcmFtZXRlciBOYW1lPSJNYXRjaEF0dHJpYnV0ZVZhbHVlIiBWYWx1ZT0iY3NyZi10b2tlbiIgLz4NCiAgICAgICAgICAgICAgICA8UnVsZVBhcmFtZXRlciBOYW1lPSJIdG1sRGVjb2RlIiBWYWx1ZT0iVHJ1ZSIgLz4NCiAgICAgICAgICAgICAgICA8UnVsZVBhcmFtZXRlciBOYW1lPSJSZXF1aXJlZCIgVmFsdWU9IlRydWUiIC8+DQogICAgICAgICAgICAgICAgPFJ1bGVQYXJhbWV0ZXIgTmFtZT0iSW5kZXgiIFZhbHVlPSIwIiAvPg0KICAgICAgICAgICAgICA8L1J1bGVQYXJhbWV0ZXJzPg0KICAgICAgICAgICAgPC9FeHRyYWN0aW9uUnVsZT4NCiAgICAgICAgICA8L0V4dHJhY3Rpb25SdWxlcz4NCiAgICAgICAgICA8Rm9ybVBvc3RIdHRwQm9keT4NCiAgICAgICAgICAgIDxGb3JtUG9zdFBhcmFtZXRlciBOYW1lPSJ1dGY4IiBWYWx1ZT0i4pyTIiBSZWNvcmRlZFZhbHVlPSIiIENvcnJlbGF0aW9uQmluZGluZz0iIiBVcmxFbmNvZGU9IlRydWUiIC8+DQogICAgICAgICAgICA8Rm9ybVBvc3RQYXJhbWV0ZXIgTmFtZT0iYXV0aGVudGljaXR5X3Rva2VuIiBWYWx1ZT0ie3skSElEREVOMS5hdXRoZW50aWNpdHlfdG9rZW59fSIgUmVjb3JkZWRWYWx1ZT0iIiBDb3JyZWxhdGlvbkJpbmRpbmc9IiIgVXJsRW5jb2RlPSJUcnVlIiAvPg0KICAgICAgICAgICAgPEZvcm1Qb3N0UGFyYW1ldGVyIE5hbWU9IndpbmRvd19yZXNvbHV0aW9uIiBWYWx1ZT0iMTEwM3g2NzQiIFJlY29yZGVkVmFsdWU9IiIgQ29ycmVsYXRpb25CaW5kaW5nPSIiIFVybEVuY29kZT0iVHJ1ZSIgLz4NCiAgICAgICAgICAgIDxGb3JtUG9zdFBhcmFtZXRlciBOYW1lPSJ1c2VyW2VtYWlsXSIgVmFsdWU9Int7VXNlcnMuVXNlcnMjY3N2LlVzZXJuYW1lfX0iIFJlY29yZGVkVmFsdWU9IiIgQ29ycmVsYXRpb25CaW5kaW5nPSIiIFVybEVuY29kZT0iVHJ1ZSIgLz4NCiAgICAgICAgICAgIDxGb3JtUG9zdFBhcmFtZXRlciBOYW1lPSJ1c2VyW3Bhc3N3b3JkXSIgVmFsdWU9Int7VXNlcnMuVXNlcnMjY3N2LlBhc3N3b3JkfX0iIFJlY29yZGVkVmFsdWU9IiIgQ29ycmVsYXRpb25CaW5kaW5nPSIiIFVybEVuY29kZT0iVHJ1ZSIgLz4NCiAgICAgICAgICAgIDxGb3JtUG9zdFBhcmFtZXRlciBOYW1lPSJjb21taXQiIFZhbHVlPSJTaWduIGluIiBSZWNvcmRlZFZhbHVlPSIiIENvcnJlbGF0aW9uQmluZGluZz0iIiBVcmxFbmNvZGU9IlRydWUiIC8+DQogICAgICAgICAgPC9Gb3JtUG9zdEh0dHBCb2R5Pg0KICAgICAgICA8L1JlcXVlc3Q+DQogICAgICA8L0l0ZW1zPg0KICAgIDwvVHJhbnNhY3Rpb25UaW1lcj4NCiAgPC9JdGVtcz4NCiAgPERhdGFTb3VyY2VzPg0KICAgIDxEYXRhU291cmNlIE5hbWU9IlVzZXJzIiBQcm92aWRlcj0iTWljcm9zb2Z0LlZpc3VhbFN0dWRpby5UZXN0VG9vbHMuRGF0YVNvdXJjZS5DU1YiIENvbm5lY3Rpb249InxEYXRhRGlyZWN0b3J5fFwuLlwuLlxEYXRhXFVzZXJzLmNzdiI+DQogICAgICA8VGFibGVzPg0KICAgICAgICA8RGF0YVNvdXJjZVRhYmxlIE5hbWU9IlVzZXJzI2NzdiIgU2VsZWN0Q29sdW1ucz0iU2VsZWN0T25seUJvdW5kQ29sdW1ucyIgQWNjZXNzTWV0aG9kPSJSYW5kb20iIC8+DQogICAgICA8L1RhYmxlcz4NCiAgICA8L0RhdGFTb3VyY2U+DQogIDwvRGF0YVNvdXJjZXM+DQogIDxDb250ZXh0UGFyYW1ldGVycz4NCiAgICA8Q29udGV4dFBhcmFtZXRlciBOYW1lPSJTZXJ2ZXJVcmwiIFZhbHVlPSJodHRwczovL3N0YWdpbmcuYnJpZ2h0d2hpc3RsZS5jb20iIC8+DQogIDwvQ29udGV4dFBhcmFtZXRlcnM+DQogIDxXZWJUZXN0UGx1Z2lucz4NCiAgICA8V2ViVGVzdFBsdWdpbiBDbGFzc25hbWU9IlRlc3RQbHVnaW4uU2VydmVyVXJscywgVGVzdFBsdWdpbiwgVmVyc2lvbj0xLjAuMC4wLCBDdWx0dXJlPW5ldXRyYWwsIFB1YmxpY0tleVRva2VuPW51bGwiIERpc3BsYXlOYW1lPSJTZXJ2ZXJVcmxzIiBEZXNjcmlwdGlvbj0iIiAvPg0KICA8L1dlYlRlc3RQbHVnaW5zPg0KPC9XZWJUZXN0Pg==">
      <Execution id="aab012bd-394a-4720-894a-d9359714bbaf" />
    </WebTest>
    <WebTest name="Logout" storage="c:\medseek\automation\persuade\vsprojects\persuadeperformance\persuadeperformance\webtests\global tests\logout.webtest" priority="0" id="d3fdf484-19a8-4f02-9276-177652939958" persistedWebTest="77u/PD94bWwgdmVyc2lvbj0iMS4wIiBlbmNvZGluZz0iVVRGLTgiIHN0YW5kYWxvbmU9InllcyI/Pg0KPFdlYlRlc3QgTmFtZT0iTG9nb3V0IiBJZD0iZDNmZGY0ODQtMTlhOC00ZjAyLTkyNzYtMTc3NjUyOTM5OTU4IiBPd25lcj0iIiBQcmlvcml0eT0iMCIgRW5hYmxlZD0iVHJ1ZSIgQ3NzUHJvamVjdFN0cnVjdHVyZT0iIiBDc3NJdGVyYXRpb249IiIgVGltZW91dD0iMCIgV29ya0l0ZW1JZHM9IiIgeG1sbnM9Imh0dHA6Ly9taWNyb3NvZnQuY29tL3NjaGVtYXMvVmlzdWFsU3R1ZGlvL1RlYW1UZXN0LzIwMTAiIERlc2NyaXB0aW9uPSIiIENyZWRlbnRpYWxVc2VyTmFtZT0iIiBDcmVkZW50aWFsUGFzc3dvcmQ9IiIgUHJlQXV0aGVudGljYXRlPSJUcnVlIiBQcm94eT0iIiBTdG9wT25FcnJvcj0iRmFsc2UiIFJlY29yZGVkUmVzdWx0RmlsZT0iIiBSZXN1bHRzTG9jYWxlPSIiPg0KICA8SXRlbXM+DQogICAgPENvbW1lbnQgQ29tbWVudFRleHQ9IkxvZ291dCIgLz4NCiAgICA8VHJhbnNhY3Rpb25UaW1lciBOYW1lPSJMb2dvdXQiPg0KICAgICAgPEl0ZW1zPg0KICAgICAgICA8UmVxdWVzdCBNZXRob2Q9IkdFVCIgR3VpZD0iNGVmOTlhMTAtMTkzNC00YTZhLWE5MmQtZjU1Nzc4Y2Y4MmQ5IiBWZXJzaW9uPSIxLjEiIFVybD0ie3tTZXJ2ZXJVcmx9fS9zaWduX291dCIgVGhpbmtUaW1lPSIwIiBUaW1lb3V0PSI2MCIgUGFyc2VEZXBlbmRlbnRSZXF1ZXN0cz0iVHJ1ZSIgRm9sbG93UmVkaXJlY3RzPSJUcnVlIiBSZWNvcmRSZXN1bHQ9IlRydWUiIENhY2hlPSJGYWxzZSIgUmVzcG9uc2VUaW1lR29hbD0iMCIgRW5jb2Rpbmc9InV0Zi04IiBFeHBlY3RlZEh0dHBTdGF0dXNDb2RlPSIwIiBFeHBlY3RlZFJlc3BvbnNlVXJsPSIiIFJlcG9ydGluZ05hbWU9IiIgSWdub3JlSHR0cFN0YXR1c0NvZGU9IkZhbHNlIj4NCiAgICAgICAgICA8SGVhZGVycz4NCiAgICAgICAgICAgIDxIZWFkZXIgTmFtZT0iVXBncmFkZS1JbnNlY3VyZS1SZXF1ZXN0cyIgVmFsdWU9IjEiIC8+DQogICAgICAgICAgPC9IZWFkZXJzPg0KICAgICAgICA8L1JlcXVlc3Q+DQogICAgICAgIDxSZXF1ZXN0IE1ldGhvZD0iR0VUIiBHdWlkPSI3ZDY2MGVjZi0wNmQ5LTQ2YjItYmQyNi0yNmE2M2M2OGM1MzciIFZlcnNpb249IjEuMSIgVXJsPSJ7e1NlcnZlclVybH19L3NpZ25faW4iIFRoaW5rVGltZT0iMCIgVGltZW91dD0iNjAiIFBhcnNlRGVwZW5kZW50UmVxdWVzdHM9IkZhbHNlIiBGb2xsb3dSZWRpcmVjdHM9IlRydWUiIFJlY29yZFJlc3VsdD0iVHJ1ZSIgQ2FjaGU9IkZhbHNlIiBSZXNwb25zZVRpbWVHb2FsPSIwIiBFbmNvZGluZz0idXRmLTgiIEV4cGVjdGVkSHR0cFN0YXR1c0NvZGU9IjAiIEV4cGVjdGVkUmVzcG9uc2VVcmw9IiIgUmVwb3J0aW5nTmFtZT0iIiBJZ25vcmVIdHRwU3RhdHVzQ29kZT0iRmFsc2UiPg0KICAgICAgICAgIDxIZWFkZXJzPg0KICAgICAgICAgICAgPEhlYWRlciBOYW1lPSJVcGdyYWRlLUluc2VjdXJlLVJlcXVlc3RzIiBWYWx1ZT0iMSIgLz4NCiAgICAgICAgICA8L0hlYWRlcnM+DQogICAgICAgIDwvUmVxdWVzdD4NCiAgICAgIDwvSXRlbXM+DQogICAgPC9UcmFuc2FjdGlvblRpbWVyPg0KICAgIDxDb21tZW50IENvbW1lbnRUZXh0PSIiIC8+DQogIDwvSXRlbXM+DQogIDxDb250ZXh0UGFyYW1ldGVycz4NCiAgICA8Q29udGV4dFBhcmFtZXRlciBOYW1lPSJTZXJ2ZXJVcmwiIFZhbHVlPSJodHRwczovL3N0YWdpbmcuYnJpZ2h0d2hpc3RsZS5jb20iIC8+DQogIDwvQ29udGV4dFBhcmFtZXRlcnM+DQo8L1dlYlRlc3Q+">
    </WebTest>
    <WebTest name="PERS-1669_SellingPoints" storage="c:\medseek\automation\persuade\vsprojects\persuadeperformance\persuadeperformance\webtests\library\pers-1669_sellingpoints.webtest" priority="0" id="bedc912d-e894-4a54-b8e0-787ef180fac2" persistedWebTest="77u/PD94bWwgdmVyc2lvbj0iMS4wIiBlbmNvZGluZz0iVVRGLTgiIHN0YW5kYWxvbmU9InllcyI/Pg0KPFdlYlRlc3QgTmFtZT0iUEVSUy0xNjY5X1NlbGxpbmdQb2ludHMiIElkPSJiZWRjOTEyZC1lODk0LTRhNTQtYjhlMC03ODdlZjE4MGZhYzIiIE93bmVyPSIiIFByaW9yaXR5PSIwIiBFbmFibGVkPSJUcnVlIiBDc3NQcm9qZWN0U3RydWN0dXJlPSIiIENzc0l0ZXJhdGlvbj0iIiBUaW1lb3V0PSIwIiBXb3JrSXRlbUlkcz0iIiB4bWxucz0iaHR0cDovL21pY3Jvc29mdC5jb20vc2NoZW1hcy9WaXN1YWxTdHVkaW8vVGVhbVRlc3QvMjAxMCIgRGVzY3JpcHRpb249IiIgQ3JlZGVudGlhbFVzZXJOYW1lPSIiIENyZWRlbnRpYWxQYXNzd29yZD0iIiBQcmVBdXRoZW50aWNhdGU9IlRydWUiIFByb3h5PSIiIFN0b3BPbkVycm9yPSJGYWxzZSIgUmVjb3JkZWRSZXN1bHRGaWxlPSIiIFJlc3VsdHNMb2NhbGU9IiI+DQogIDxJdGVtcz4NCiAgICA8Q29tbWVudCBDb21tZW50VGV4dD0iTG9naW4iIC8+DQogICAgPFRyYW5zYWN0aW9uVGltZXIgTmFtZT0iTG9naW4iPg0KICAgICAgPEl0ZW1zPg0KICAgICAgICA8SW5jbHVkZWRXZWJUZXN0IE5hbWU9IkxvZ2luIiBQYXRoPSJjOlxtZWRzZWVrXGF1dG9tYXRpb25ccGVyc3VhZGVcdnNwcm9qZWN0c1xwZXJzdWFkZXBlcmZvcm1hbmNlXHBlcnN1YWRlcGVyZm9ybWFuY2Vcd2VidGVzdHNcZ2xvYmFsIHRlc3RzXGxvZ2luLndlYnRlc3QiIElkPSI2ZTk2MWFhMi0xMDkwLTRhNzItOGY1Yy0wOTg1OGViMjhhNTQiIElzQ29kZWRXZWJUZXN0PSJGYWxzZSIgSW5oZXJpdFdlYlRlc3RTZXR0aW5ncz0iRmFsc2UiIC8+DQogICAgICA8L0l0ZW1zPg0KICAgIDwvVHJhbnNhY3Rpb25UaW1lcj4NCiAgICA8Q29tbWVudCBDb21tZW50VGV4dD0iU2V0IEhpZXJhcmNoeSIgLz4NCiAgICA8VHJhbnNhY3Rpb25UaW1lciBOYW1lPSJTZXQgSGllcmFyY2h5Ij4NCiAgICAgIDxJdGVtcz4NCiAgICAgICAgPEluY2x1ZGVkV2ViVGVzdCBOYW1lPSJTZXRIaWVyYXJjaHkiIFBhdGg9ImM6XG1lZHNlZWtcYXV0b21hdGlvblxwZXJzdWFkZVx2c3Byb2plY3RzXHBlcnN1YWRlcGVyZm9ybWFuY2VccGVyc3VhZGVwZXJmb3JtYW5jZVx3ZWJ0ZXN0c1xnbG9iYWwgdGVzdHNcc2V0aGllcmFyY2h5LndlYnRlc3QiIElkPSI2MWNiZjAzOC03Mjg3LTRhNWQtYWUxNi1lNTZlODEzMzU4NTIiIElzQ29kZWRXZWJUZXN0PSJGYWxzZSIgSW5oZXJpdFdlYlRlc3RTZXR0aW5ncz0iRmFsc2UiIC8+DQogICAgICA8L0l0ZW1zPg0KICAgIDwvVHJhbnNhY3Rpb25UaW1lcj4NCiAgICA8Q29tbWVudCBDb21tZW50VGV4dD0iTGlicmFyeSAtIFNlbGxpbmcgUG9pbnQiIC8+DQogICAgPFRyYW5zYWN0aW9uVGltZXIgTmFtZT0iTGlicmFyeSAtIFNlbGxpbmcgUG9pbnQiPg0KICAgICAgPEl0ZW1zPg0KICAgICAgICA8UmVxdWVzdCBNZXRob2Q9IkdFVCIgR3VpZD0iZDViYWM4YzAtMDczNS00MjQyLWJjMGYtZjU2N2E3ZGJmMjE0IiBWZXJzaW9uPSIxLjEiIFVybD0ie3tTZXJ2ZXJVcmx9fS9zZWxsaW5nX3BvaW50cyIgVGhpbmtUaW1lPSIxIiBUaW1lb3V0PSI2MCIgUGFyc2VEZXBlbmRlbnRSZXF1ZXN0cz0iVHJ1ZSIgRm9sbG93UmVkaXJlY3RzPSJUcnVlIiBSZWNvcmRSZXN1bHQ9IlRydWUiIENhY2hlPSJGYWxzZSIgUmVzcG9uc2VUaW1lR29hbD0iMCIgRW5jb2Rpbmc9InV0Zi04IiBFeHBlY3RlZEh0dHBTdGF0dXNDb2RlPSIwIiBFeHBlY3RlZFJlc3BvbnNlVXJsPSIiIFJlcG9ydGluZ05hbWU9IlNlbGxpbmdQb2ludHMiIElnbm9yZUh0dHBTdGF0dXNDb2RlPSJGYWxzZSI+DQogICAgICAgICAgPEhlYWRlcnM+DQogICAgICAgICAgICA8SGVhZGVyIE5hbWU9IlVwZ3JhZGUtSW5zZWN1cmUtUmVxdWVzdHMiIFZhbHVlPSIxIiAvPg0KICAgICAgICAgICAgPEhlYWRlciBOYW1lPSJJZi1Ob25lLU1hdGNoIiBWYWx1ZT0iJnF1b3Q7NWNkMTljZDY3ODBlYTI4NGJhZDYzZmI4YTZlM2NlZGYmcXVvdDsiIC8+DQogICAgICAgICAgPC9IZWFkZXJzPg0KICAgICAgICA8L1JlcXVlc3Q+DQogICAgICA8L0l0ZW1zPg0KICAgIDwvVHJhbnNhY3Rpb25UaW1lcj4NCiAgICA8Q29tbWVudCBDb21tZW50VGV4dD0iQ3JlYXRlIFNlbGxpbmcgUG9pbnQiIC8+DQogICAgPFRyYW5zYWN0aW9uVGltZXIgTmFtZT0iQ3JlYXRlIFNlbGxpbmcgUG9pbnQiPg0KICAgICAgPEl0ZW1zPg0KICAgICAgICA8UmVxdWVzdCBNZXRob2Q9IkdFVCIgR3VpZD0iZjM4MzcyNjQtZjlkOS00NTczLWI5N2QtNjliZTU1NjRmMWM1IiBWZXJzaW9uPSIxLjEiIFVybD0ie3tTZXJ2ZXJVcmx9fS9zZWxsaW5nX3BvaW50cy9uZXciIFRoaW5rVGltZT0iMCIgVGltZW91dD0iNjAiIFBhcnNlRGVwZW5kZW50UmVxdWVzdHM9IlRydWUiIEZvbGxvd1JlZGlyZWN0cz0iVHJ1ZSIgUmVjb3JkUmVzdWx0PSJUcnVlIiBDYWNoZT0iRmFsc2UiIFJlc3BvbnNlVGltZUdvYWw9IjAiIEVuY29kaW5nPSJ1dGYtOCIgRXhwZWN0ZWRIdHRwU3RhdHVzQ29kZT0iMCIgRXhwZWN0ZWRSZXNwb25zZVVybD0iIiBSZXBvcnRpbmdOYW1lPSIiIElnbm9yZUh0dHBTdGF0dXNDb2RlPSJGYWxzZSI+DQogICAgICAgICAgPEhlYWRlcnM+DQogICAgICAgICAgICA8SGVhZGVyIE5hbWU9IlgtQ1NSRi1Ub2tlbiIgVmFsdWU9Int7YXV0aFRva2VufX0iIC8+DQogICAgICAgICAgICA8SGVhZGVyIE5hbWU9IlgtUmVxdWVzdGVkLVdpdGgiIFZhbHVlPSJYTUxIdHRwUmVxdWVzdCIgLz4NCiAgICAgICAgICAgIDxIZWFkZXIgTmFtZT0iSWYtTm9uZS1NYXRjaCIgVmFsdWU9IiZxdW90OzBhNWFjNzMwMDYwNDAyMjc2N2E0NDlkMjI4OGIzZWE2JnF1b3Q7IiAvPg0KICAgICAgICAgIDwvSGVhZGVycz4NCiAgICAgICAgPC9SZXF1ZXN0Pg0KICAgICAgPC9JdGVtcz4NCiAgICA8L1RyYW5zYWN0aW9uVGltZXI+DQogICAgPENvbW1lbnQgQ29tbWVudFRleHQ9IlNhdmUiIC8+DQogICAgPFRyYW5zYWN0aW9uVGltZXIgTmFtZT0iU2F2ZSAiPg0KICAgICAgPEl0ZW1zPg0KICAgICAgICA8UmVxdWVzdCBNZXRob2Q9IlBPU1QiIEd1aWQ9IjczNGI3NzEwLWY3Y2UtNGViOS1iYzVlLWYyMzNkYWY0MjUwMiIgVmVyc2lvbj0iMS4xIiBVcmw9Int7U2VydmVyVXJsfX0vc2VsbGluZ19wb2ludHMiIFRoaW5rVGltZT0iMCIgVGltZW91dD0iNjAiIFBhcnNlRGVwZW5kZW50UmVxdWVzdHM9IlRydWUiIEZvbGxvd1JlZGlyZWN0cz0iVHJ1ZSIgUmVjb3JkUmVzdWx0PSJUcnVlIiBDYWNoZT0iRmFsc2UiIFJlc3BvbnNlVGltZUdvYWw9IjAiIEVuY29kaW5nPSJ1dGYtOCIgRXhwZWN0ZWRIdHRwU3RhdHVzQ29kZT0iMCIgRXhwZWN0ZWRSZXNwb25zZVVybD0iIiBSZXBvcnRpbmdOYW1lPSJBZGQgU2VsbGluZ1BvaW50cyIgSWdub3JlSHR0cFN0YXR1c0NvZGU9IkZhbHNlIj4NCiAgICAgICAgICA8SGVhZGVycz4NCiAgICAgICAgICAgIDxIZWFkZXIgTmFtZT0iT3JpZ2luIiBWYWx1ZT0ie3tTZXJ2ZXJVcmx9fSIgLz4NCiAgICAgICAgICAgIDxIZWFkZXIgTmFtZT0iWC1DU1JGLVRva2VuIiBWYWx1ZT0ie3thdXRoVG9rZW59fSIgLz4NCiAgICAgICAgICAgIDxIZWFkZXIgTmFtZT0iWC1SZXF1ZXN0ZWQtV2l0aCIgVmFsdWU9IlhNTEh0dHBSZXF1ZXN0IiAvPg0KICAgICAgICAgICAgPEhlYWRlciBOYW1lPSJDb250ZW50LVR5cGUiIFZhbHVlPSJhcHBsaWNhdGlvbi94LXd3dy1mb3JtLXVybGVuY29kZWQiIC8+DQogICAgICAgICAgPC9IZWFkZXJzPg0KICAgICAgICAgIDxGb3JtUG9zdEh0dHBCb2R5Pg0KICAgICAgICAgICAgPEZvcm1Qb3N0UGFyYW1ldGVyIE5hbWU9InV0ZjgiIFZhbHVlPSLinJMiIFJlY29yZGVkVmFsdWU9IiIgQ29ycmVsYXRpb25CaW5kaW5nPSIiIFVybEVuY29kZT0iVHJ1ZSIgLz4NCiAgICAgICAgICAgIDxGb3JtUG9zdFBhcmFtZXRlciBOYW1lPSJhdXRoZW50aWNpdHlfdG9rZW4iIFZhbHVlPSJ7e2F1dGhUb2tlbn19IiBSZWNvcmRlZFZhbHVlPSIiIENvcnJlbGF0aW9uQmluZGluZz0iIiBVcmxFbmNvZGU9IlRydWUiIC8+DQogICAgICAgICAgICA8Rm9ybVBvc3RQYXJhbWV0ZXIgTmFtZT0iYWdlbmN5X2lkIiBWYWx1ZT0ie3tIaWVyYXJjaHkuSGllcmFyY2h5I2Nzdi5UaWVyMUlkfX0iIFJlY29yZGVkVmFsdWU9IiIgQ29ycmVsYXRpb25CaW5kaW5nPSIiIFVybEVuY29kZT0iVHJ1ZSIgLz4NCiAgICAgICAgICAgIDxGb3JtUG9zdFBhcmFtZXRlciBOYW1lPSJzZWxsaW5nX3BvaW50W2NsaWVudF9pZF0iIFZhbHVlPSJ7e0hpZXJhcmNoeS5IaWVyYXJjaHkjY3N2LlRpZXIySWR9fSIgUmVjb3JkZWRWYWx1ZT0iIiBDb3JyZWxhdGlvbkJpbmRpbmc9IiIgVXJsRW5jb2RlPSJUcnVlIiAvPg0KICAgICAgICAgICAgPEZvcm1Qb3N0UGFyYW1ldGVyIE5hbWU9InNlbGxpbmdfcG9pbnRbYnVzaW5lc3NfdW5pdF9pZF0iIFZhbHVlPSJ7e0hpZXJhcmNoeS5IaWVyYXJjaHkjY3N2LlRpZXIzSWR9fSIgUmVjb3JkZWRWYWx1ZT0iIiBDb3JyZWxhdGlvbkJpbmRpbmc9IiIgVXJsRW5jb2RlPSJUcnVlIiAvPg0KICAgICAgICAgICAgPEZvcm1Qb3N0UGFyYW1ldGVyIE5hbWU9InNlbGxpbmdfcG9pbnRbbmFtZV0iIFZhbHVlPSJwZXJmU2VsbGluZ1BvaW50e3tzZWVkTnVtYmVyfX0iIFJlY29yZGVkVmFsdWU9IiIgQ29ycmVsYXRpb25CaW5kaW5nPSIiIFVybEVuY29kZT0iVHJ1ZSIgLz4NCiAgICAgICAgICAgIDxGb3JtUG9zdFBhcmFtZXRlciBOYW1lPSJzZWxsaW5nX3BvaW50W3RpdGxlXSIgVmFsdWU9InBlcmZTZWxsaW5nUG9pbnR7e3NlZWROdW1iZXJ9fSIgUmVjb3JkZWRWYWx1ZT0iIiBDb3JyZWxhdGlvbkJpbmRpbmc9IiIgVXJsRW5jb2RlPSJUcnVlIiAvPg0KICAgICAgICAgICAgPEZvcm1Qb3N0UGFyYW1ldGVyIE5hbWU9InNlbGxpbmdfcG9pbnRbcG9pbnRzXSIgVmFsdWU9InBlcmZTZWxsaW5nUG9pbnR7e3NlZWROdW1iZXJ9fXx8cGVyZlNlbGxpbmdQb2ludHt7c2VlZE51bWJlcn19fHxwZXJmU2VsbGluZ1BvaW50e3tzZWVkTnVtYmVyfX0iIFJlY29yZGVkVmFsdWU9IiIgQ29ycmVsYXRpb25CaW5kaW5nPSIiIFVybEVuY29kZT0iVHJ1ZSIgLz4NCiAgICAgICAgICA8L0Zvcm1Qb3N0SHR0cEJvZHk+DQogICAgICAgIDwvUmVxdWVzdD4NCiAgICAgICAgPFJlcXVlc3QgTWV0aG9kPSJHRVQiIEd1aWQ9IjEzNzUwYzU5LTAzZDctNGE2OS04MDM4LWExMDBlM2Q2NTJkNSIgVmVyc2lvbj0iMS4xIiBVcmw9Int7U2VydmVyVXJsfX0vc2VsbGluZ19wb2ludHMiIFRoaW5rVGltZT0iMCIgVGltZW91dD0iNjAiIFBhcnNlRGVwZW5kZW50UmVxdWVzdHM9IlRydWUiIEZvbGxvd1JlZGlyZWN0cz0iVHJ1ZSIgUmVjb3JkUmVzdWx0PSJUcnVlIiBDYWNoZT0iRmFsc2UiIFJlc3BvbnNlVGltZUdvYWw9IjAiIEVuY29kaW5nPSJ1dGYtOCIgRXhwZWN0ZWRIdHRwU3RhdHVzQ29kZT0iMCIgRXhwZWN0ZWRSZXNwb25zZVVybD0iIiBSZXBvcnRpbmdOYW1lPSJTZWxsaW5nUG9pbnRzIiBJZ25vcmVIdHRwU3RhdHVzQ29kZT0iRmFsc2UiPg0KICAgICAgICAgIDxIZWFkZXJzPg0KICAgICAgICAgICAgPEhlYWRlciBOYW1lPSJYLUNTUkYtVG9rZW4iIFZhbHVlPSJ7e2F1dGhUb2tlbn19IiAvPg0KICAgICAgICAgICAgPEhlYWRlciBOYW1lPSJYLVJlcXVlc3RlZC1XaXRoIiBWYWx1ZT0iWE1MSHR0cFJlcXVlc3QiIC8+DQogICAgICAgICAgICA8SGVhZGVyIE5hbWU9IlgtUEpBWCIgVmFsdWU9InRydWUiIC8+DQogICAgICAgICAgPC9IZWFkZXJzPg0KICAgICAgICAgIDxRdWVyeVN0cmluZ1BhcmFtZXRlcnM+DQogICAgICAgICAgICA8UXVlcnlTdHJpbmdQYXJhbWV0ZXIgTmFtZT0iX3BqYXgiIFZhbHVlPSJ0cnVlIiBSZWNvcmRlZFZhbHVlPSIiIENvcnJlbGF0aW9uQmluZGluZz0iIiBVcmxFbmNvZGU9IlRydWUiIFVzZVRvR3JvdXBSZXN1bHRzPSJGYWxzZSIgLz4NCiAgICAgICAgICA8L1F1ZXJ5U3RyaW5nUGFyYW1ldGVycz4NCiAgICAgICAgPC9SZXF1ZXN0Pg0KICAgICAgPC9JdGVtcz4NCiAgICA8L1RyYW5zYWN0aW9uVGltZXI+DQogICAgPENvbW1lbnQgQ29tbWVudFRleHQ9IkxvZ291dCIgLz4NCiAgICA8VHJhbnNhY3Rpb25UaW1lciBOYW1lPSJMb2dvdXQiPg0KICAgICAgPEl0ZW1zPg0KICAgICAgICA8SW5jbHVkZWRXZWJUZXN0IE5hbWU9IkxvZ291dCIgUGF0aD0iYzpcbWVkc2Vla1xhdXRvbWF0aW9uXHBlcnN1YWRlXHZzcHJvamVjdHNccGVyc3VhZGVwZXJmb3JtYW5jZVxwZXJzdWFkZXBlcmZvcm1hbmNlXHdlYnRlc3RzXGdsb2JhbCB0ZXN0c1xsb2dvdXQud2VidGVzdCIgSWQ9ImQzZmRmNDg0LTE5YTgtNGYwMi05Mjc2LTE3NzY1MjkzOTk1OCIgSXNDb2RlZFdlYlRlc3Q9IkZhbHNlIiBJbmhlcml0V2ViVGVzdFNldHRpbmdzPSJGYWxzZSIgLz4NCiAgICAgIDwvSXRlbXM+DQogICAgPC9UcmFuc2FjdGlvblRpbWVyPg0KICAgIDxDb21tZW50IENvbW1lbnRUZXh0PSIiIC8+DQogIDwvSXRlbXM+DQogIDxEYXRhU291cmNlcz4NCiAgICA8RGF0YVNvdXJjZSBOYW1lPSJIaWVyYXJjaHkiIFByb3ZpZGVyPSJNaWNyb3NvZnQuVmlzdWFsU3R1ZGlvLlRlc3RUb29scy5EYXRhU291cmNlLkNTViIgQ29ubmVjdGlvbj0ifERhdGFEaXJlY3Rvcnl8XC4uXC4uXERhdGFcSGllcmFyY2h5LmNzdiI+DQogICAgICA8VGFibGVzPg0KICAgICAgICA8RGF0YVNvdXJjZVRhYmxlIE5hbWU9IkhpZXJhcmNoeSNjc3YiIFNlbGVjdENvbHVtbnM9IlNlbGVjdE9ubHlCb3VuZENvbHVtbnMiIEFjY2Vzc01ldGhvZD0iU2VxdWVudGlhbCIgLz4NCiAgICAgIDwvVGFibGVzPg0KICAgIDwvRGF0YVNvdXJjZT4NCiAgPC9EYXRhU291cmNlcz4NCiAgPENvbnRleHRQYXJhbWV0ZXJzPg0KICAgIDxDb250ZXh0UGFyYW1ldGVyIE5hbWU9IlNlcnZlclVybCIgVmFsdWU9Imh0dHBzOi8vc3RhZ2luZy5icmlnaHR3aGlzdGxlLmNvbSIgLz4NCiAgPC9Db250ZXh0UGFyYW1ldGVycz4NCiAgPFdlYlRlc3RQbHVnaW5zPg0KICAgIDxXZWJUZXN0UGx1Z2luIENsYXNzbmFtZT0iVGVzdFBsdWdpbi5TZXJ2ZXJVcmxzLCBUZXN0UGx1Z2luLCBWZXJzaW9uPTEuMC4wLjAsIEN1bHR1cmU9bmV1dHJhbCwgUHVibGljS2V5VG9rZW49bnVsbCIgRGlzcGxheU5hbWU9IlNlcnZlclVybHMiIERlc2NyaXB0aW9uPSIiIC8+DQogICAgPFdlYlRlc3RQbHVnaW4gQ2xhc3NuYW1lPSJUZXN0UGx1Z2luLlNlZWQsIFRlc3RQbHVnaW4sIFZlcnNpb249MS4wLjAuMCwgQ3VsdHVyZT1uZXV0cmFsLCBQdWJsaWNLZXlUb2tlbj1udWxsIiBEaXNwbGF5TmFtZT0iU2VlZCIgRGVzY3JpcHRpb249IiIgLz4NCiAgPC9XZWJUZXN0UGx1Z2lucz4NCjwvV2ViVGVzdD4=">
      <Execution id="bf71db0e-5d1e-419d-aaf1-98e287b62ac3" />
    </WebTest>
  </TestDefinitions>
  <TestLists>
    <TestList name="Results Not in a List" id="8c84fa94-04c1-424b-9868-57a2d4851a1d" />
    <TestList name="All Loaded Results" id="19431567-8539-422a-85d7-44ee4e166bda" />
  </TestLists>
  <TestEntries>
    <TestEntry isTransparent="false" testId="bedc912d-e894-4a54-b8e0-787ef180fac2" executionId="bf71db0e-5d1e-419d-aaf1-98e287b62ac3" testListId="8c84fa94-04c1-424b-9868-57a2d4851a1d">
      <TestEntries>
        <TestEntry isTransparent="false" testId="6e961aa2-1090-4a72-8f5c-09858eb28a54" executionId="ba6197ad-937e-47e6-ad2d-f4d4b78a5661" parentExecutionId="bf71db0e-5d1e-419d-aaf1-98e287b62ac3" testListId="8c84fa94-04c1-424b-9868-57a2d4851a1d" />
        <TestEntry isTransparent="false" testId="61cbf038-7287-4a5d-ae16-e56e81335852" executionId="746e5590-2f14-42ef-b868-b628f63e3b41" parentExecutionId="bf71db0e-5d1e-419d-aaf1-98e287b62ac3" testListId="8c84fa94-04c1-424b-9868-57a2d4851a1d" />
        <TestEntry isTransparent="false" testId="d3fdf484-19a8-4f02-9276-177652939958" executionId="b736f444-5fab-42a8-a28b-64db10cfabf2" parentExecutionId="bf71db0e-5d1e-419d-aaf1-98e287b62ac3" testListId="8c84fa94-04c1-424b-9868-57a2d4851a1d" />
      </TestEntries>
    </TestEntry>
  </TestEntries>
  <Results>
    <WebTestResult executionId="bf71db0e-5d1e-419d-aaf1-98e287b62ac3" testId="bedc912d-e894-4a54-b8e0-787ef180fac2" testName="PERS-1669_SellingPoints" computerName="CHI-LAB-VSA-03" duration="00:00:31.5087507" startTime="2016-05-05T07:59:45.3019278-05:00" endTime="2016-05-05T08:00:28.2484525-05:00" testType="4e7599fa-5ecb-43e9-a887-cd63cf72d207" outcome="Passed" testListId="8c84fa94-04c1-424b-9868-57a2d4851a1d" relativeResultsDirectory="bf71db0e-5d1e-419d-aaf1-98e287b62ac3" dataRowCount="9">
      <TestSettings name="VSC02" id="d5578583-cbfb-4e4a-b37b-4feb802e2072">
        <Description>These are default test settings for a local test run.</Description>
        <Deployment runDeploymentRoot="load.test_CHI-LAB-VSU-03 2016-05-05 07_59_44">
          <DeploymentItem filename="C:\Medseek\Automation\Persuade\VSProjects\PersuadePerformance\TestPlugin\bin\Debug\TestPlugin.dll" />
          <DeploymentItem filename="C:\Program Files (x86)\Microsoft Visual Studio 11.0\Common7\IDE\PublicAssemblies\WebTest.WebService.Plugin.Runtime.dll" />
        </Deployment>
        <RemoteController name="CHI-LAB-VSC-02" />
        <Execution location="Remote">
          <TestTypeSpecific>
            <UnitTestRunConfig testTypeId="13cdc9d9-ddb5-4fa4-a97d-d965ccfc6d4b">
              <AssemblyResolution>
                <TestDirectory useLoadContext="true" />
              </AssemblyResolution>
            </UnitTestRunConfig>
            <WebTestRunConfiguration testTypeId="4e7599fa-5ecb-43e9-a887-cd63cf72d207">
              <Browser name="Internet Explorer 9.0" MaxConnections="6">
                <Headers>
                  <Header name="User-Agent" value="Mozilla/5.0 (compatible; MSIE 9.0; Windows NT 6.1; Trident/5.0)" />
                  <Header name="Accept" value="*/*" />
                  <Header name="Accept-Language" value="{{$IEAcceptLanguage}}" />
                  <Header name="Accept-Encoding" value="GZIP" />
                </Headers>
              </Browser>
            </WebTestRunConfiguration>
          </TestTypeSpecific>
          <AgentRule name="AllAgentsDefaultRole">
          </AgentRule>
        </Execution>
      </TestSettings>
      <WebTestResultFilePath>load.test_CHI-LAB-VSU-03 2016-05-05 07_59_44\In\CHI-LAB-VSA-03\bf71db0e-5d1e-419d-aaf1-98e287b62ac3\PERS-1669_SellingPoints.webtestResult</WebTestResultFilePath>
    </WebTestResult>
  </Results>
</TestRun>