<?xml version="1.0" encoding="UTF-8"?>
<TestRun id="ce42cc23-50d3-4ebb-83c7-1037b1550682" name="load.test@CHI-LAB-VSU-03 2016-05-05 08:11:23" runUser="MEDSEEKLAB\load.test" xmlns="http://microsoft.com/schemas/VisualStudio/TeamTest/2010">
  <TestSettings name="VSC02" id="d5578583-cbfb-4e4a-b37b-4feb802e2072">
    <Description>These are default test settings for a local test run.</Description>
    <Deployment runDeploymentRoot="load.test_CHI-LAB-VSU-03 2016-05-05 08_11_23">
      <DeploymentItem filename="C:\Medseek\Automation\Persuade\VSProjects\PersuadePerformance\TestPlugin\bin\Debug\TestPlugin.dll" />
      <DeploymentItem filename="C:\Program Files (x86)\Microsoft Visual Studio 11.0\Common7\IDE\PublicAssemblies\WebTest.WebService.Plugin.Runtime.dll" />
    </Deployment>
    <RemoteController name="CHI-LAB-VSC-02" />
    <Execution location="Remote">
      <TestTypeSpecific>
        <UnitTestRunConfig testTypeId="13cdc9d9-ddb5-4fa4-a97d-d965ccfc6d4b">
          <AssemblyResolution>
            <TestDirectory useLoadContext="true" />
          </AssemblyResolution>
        </UnitTestRunConfig>
        <WebTestRunConfiguration testTypeId="4e7599fa-5ecb-43e9-a887-cd63cf72d207">
          <Browser name="Internet Explorer 9.0" MaxConnections="6">
            <Headers>
              <Header name="User-Agent" value="Mozilla/5.0 (compatible; MSIE 9.0; Windows NT 6.1; Trident/5.0)" />
              <Header name="Accept" value="*/*" />
              <Header name="Accept-Language" value="{{$IEAcceptLanguage}}" />
              <Header name="Accept-Encoding" value="GZIP" />
            </Headers>
          </Browser>
        </WebTestRunConfiguration>
      </TestTypeSpecific>
      <AgentRule name="AllAgentsDefaultRole">
      </AgentRule>
    </Execution>
  </TestSettings>
  <Times creation="2016-05-05T08:11:23.3942402-05:00" queuing="2016-05-05T08:11:23.4432451-05:00" start="2016-05-05T08:11:24.1593167-05:00" finish="2016-05-05T08:11:47.6226628-05:00" />
  <ResultSummary outcome="Completed">
    <Counters total="1" executed="1" passed="1" error="0" failed="0" timeout="0" aborted="0" inconclusive="0" passedButRunAborted="0" notRunnable="0" notExecuted="0" disconnected="0" warning="0" completed="0" inProgress="0" pending="0" />
    <ResultFiles>
      <ResultFile path="CHI-LAB-VSA-03\ea6f992a-dc10-4d8b-9c2e-95702d96acc7\PERS-1666_Pages.webtestResult" />
    </ResultFiles>
  </ResultSummary>
  <TestDefinitions>
    <WebTest name="PERS-1666_Pages" storage="c:\medseek\automation\persuade\vsprojects\persuadeperformance\persuadeperformance\webtests\presence\pers-1666_pages.webtest" priority="0" id="654f851e-d089-47b2-8c58-93b907b815fd" persistedWebTest="77u/PD94bWwgdmVyc2lvbj0iMS4wIiBlbmNvZGluZz0iVVRGLTgiIHN0YW5kYWxvbmU9InllcyI/Pg0KPFdlYlRlc3QgTmFtZT0iUEVSUy0xNjY2X1BhZ2VzIiBJZD0iNjU0Zjg1MWUtZDA4OS00N2IyLThjNTgtOTNiOTA3YjgxNWZkIiBPd25lcj0iIiBQcmlvcml0eT0iMCIgRW5hYmxlZD0iVHJ1ZSIgQ3NzUHJvamVjdFN0cnVjdHVyZT0iIiBDc3NJdGVyYXRpb249IiIgVGltZW91dD0iMCIgV29ya0l0ZW1JZHM9IiIgeG1sbnM9Imh0dHA6Ly9taWNyb3NvZnQuY29tL3NjaGVtYXMvVmlzdWFsU3R1ZGlvL1RlYW1UZXN0LzIwMTAiIERlc2NyaXB0aW9uPSIiIENyZWRlbnRpYWxVc2VyTmFtZT0iIiBDcmVkZW50aWFsUGFzc3dvcmQ9IiIgUHJlQXV0aGVudGljYXRlPSJUcnVlIiBQcm94eT0iIiBTdG9wT25FcnJvcj0iRmFsc2UiIFJlY29yZGVkUmVzdWx0RmlsZT0iIiBSZXN1bHRzTG9jYWxlPSIiPg0KICA8SXRlbXM+DQogICAgPENvbW1lbnQgQ29tbWVudFRleHQ9IkxvZ2luIiAvPg0KICAgIDxUcmFuc2FjdGlvblRpbWVyIE5hbWU9IkxvZ2luIj4NCiAgICAgIDxJdGVtcz4NCiAgICAgICAgPEluY2x1ZGVkV2ViVGVzdCBOYW1lPSJMb2dpbiIgUGF0aD0iYzpcbWVkc2Vla1xhdXRvbWF0aW9uXHBlcnN1YWRlXHZzcHJvamVjdHNccGVyc3VhZGVwZXJmb3JtYW5jZVxwZXJzdWFkZXBlcmZvcm1hbmNlXHdlYnRlc3RzXGdsb2JhbCB0ZXN0c1xsb2dpbi53ZWJ0ZXN0IiBJZD0iNmU5NjFhYTItMTA5MC00YTcyLThmNWMtMDk4NThlYjI4YTU0IiBJc0NvZGVkV2ViVGVzdD0iRmFsc2UiIEluaGVyaXRXZWJUZXN0U2V0dGluZ3M9IkZhbHNlIiAvPg0KICAgICAgPC9JdGVtcz4NCiAgICA8L1RyYW5zYWN0aW9uVGltZXI+DQogICAgPENvbW1lbnQgQ29tbWVudFRleHQ9IlByZXNlbmNlIC0gUGFnZXMiIC8+DQogICAgPFRyYW5zYWN0aW9uVGltZXIgTmFtZT0iUHJlc2VuY2UgLSBQYWdlcyI+DQogICAgICA8SXRlbXM+DQogICAgICAgIDxSZXF1ZXN0IE1ldGhvZD0iR0VUIiBHdWlkPSJlOTAwNzA2MS0yZjYwLTRhZDEtODcwMS02NWRhMzZmYjIzNDUiIFZlcnNpb249IjEuMSIgVXJsPSJ7e1NlcnZlclVybH19L2ZhY2Vib29rX3BhZ2VzIiBUaGlua1RpbWU9Ii0zIiBUaW1lb3V0PSI2MCIgUGFyc2VEZXBlbmRlbnRSZXF1ZXN0cz0iRmFsc2UiIEZvbGxvd1JlZGlyZWN0cz0iVHJ1ZSIgUmVjb3JkUmVzdWx0PSJUcnVlIiBDYWNoZT0iRmFsc2UiIFJlc3BvbnNlVGltZUdvYWw9IjAiIEVuY29kaW5nPSJ1dGYtOCIgRXhwZWN0ZWRIdHRwU3RhdHVzQ29kZT0iMCIgRXhwZWN0ZWRSZXNwb25zZVVybD0iIiBSZXBvcnRpbmdOYW1lPSIiIElnbm9yZUh0dHBTdGF0dXNDb2RlPSJGYWxzZSI+DQogICAgICAgICAgPEhlYWRlcnM+DQogICAgICAgICAgICA8SGVhZGVyIE5hbWU9IlVwZ3JhZGUtSW5zZWN1cmUtUmVxdWVzdHMiIFZhbHVlPSIxIiAvPg0KICAgICAgICAgICAgPEhlYWRlciBOYW1lPSJJZi1Ob25lLU1hdGNoIiBWYWx1ZT0iJnF1b3Q7YjAxZDE3YzhhNmY0YzU5MTY1NGIwNDFlMzIxMzllZjImcXVvdDsiIC8+DQogICAgICAgICAgPC9IZWFkZXJzPg0KICAgICAgICAgIDxFeHRyYWN0aW9uUnVsZXM+DQogICAgICAgICAgICA8RXh0cmFjdGlvblJ1bGUgQ2xhc3NuYW1lPSJNaWNyb3NvZnQuVmlzdWFsU3R1ZGlvLlRlc3RUb29scy5XZWJUZXN0aW5nLlJ1bGVzLkV4dHJhY3RUZXh0LCBNaWNyb3NvZnQuVmlzdWFsU3R1ZGlvLlF1YWxpdHlUb29scy5XZWJUZXN0RnJhbWV3b3JrLCBWZXJzaW9uPTEwLjAuMC4wLCBDdWx0dXJlPW5ldXRyYWwsIFB1YmxpY0tleVRva2VuPWIwM2Y1ZjdmMTFkNTBhM2EiIFZhcmlhYmxlTmFtZT0icGFnZUlkIiBEaXNwbGF5TmFtZT0iRXh0cmFjdCBUZXh0IiBEZXNjcmlwdGlvbj0iRXh0cmFjdCB0ZXh0IGZyb20gdGhlIHJlc3BvbnNlIGFuZCBwbGFjZSBpdCBpbnRvIHRoZSB0ZXN0IGNvbnRleHQuIj4NCiAgICAgICAgICAgICAgPFJ1bGVQYXJhbWV0ZXJzPg0KICAgICAgICAgICAgICAgIDxSdWxlUGFyYW1ldGVyIE5hbWU9IlN0YXJ0c1dpdGgiIFZhbHVlPSImbHQ7dHIgY2xhc3M9JycgZGF0YS1pZD0nIiAvPg0KICAgICAgICAgICAgICAgIDxSdWxlUGFyYW1ldGVyIE5hbWU9IkVuZHNXaXRoIiBWYWx1ZT0iJyZndDsiIC8+DQogICAgICAgICAgICAgICAgPFJ1bGVQYXJhbWV0ZXIgTmFtZT0iSWdub3JlQ2FzZSIgVmFsdWU9IkZhbHNlIiAvPg0KICAgICAgICAgICAgICAgIDxSdWxlUGFyYW1ldGVyIE5hbWU9IlVzZVJlZ3VsYXJFeHByZXNzaW9uIiBWYWx1ZT0iRmFsc2UiIC8+DQogICAgICAgICAgICAgICAgPFJ1bGVQYXJhbWV0ZXIgTmFtZT0iUmVxdWlyZWQiIFZhbHVlPSJUcnVlIiAvPg0KICAgICAgICAgICAgICAgIDxSdWxlUGFyYW1ldGVyIE5hbWU9IkV4dHJhY3RSYW5kb21NYXRjaCIgVmFsdWU9IlRydWUiIC8+DQogICAgICAgICAgICAgICAgPFJ1bGVQYXJhbWV0ZXIgTmFtZT0iSW5kZXgiIFZhbHVlPSIwIiAvPg0KICAgICAgICAgICAgICAgIDxSdWxlUGFyYW1ldGVyIE5hbWU9Ikh0bWxEZWNvZGUiIFZhbHVlPSJUcnVlIiAvPg0KICAgICAgICAgICAgICAgIDxSdWxlUGFyYW1ldGVyIE5hbWU9IlNlYXJjaEluSGVhZGVycyIgVmFsdWU9IkZhbHNlIiAvPg0KICAgICAgICAgICAgICA8L1J1bGVQYXJhbWV0ZXJzPg0KICAgICAgICAgICAgPC9FeHRyYWN0aW9uUnVsZT4NCiAgICAgICAgICA8L0V4dHJhY3Rpb25SdWxlcz4NCiAgICAgICAgPC9SZXF1ZXN0Pg0KICAgICAgPC9JdGVtcz4NCiAgICA8L1RyYW5zYWN0aW9uVGltZXI+DQogICAgPENvbW1lbnQgQ29tbWVudFRleHQ9IkNsaWNrIGEgUGFnZSIgLz4NCiAgICA8VHJhbnNhY3Rpb25UaW1lciBOYW1lPSJDbGljayBhIFBhZ2UiPg0KICAgICAgPEl0ZW1zPg0KICAgICAgICA8UmVxdWVzdCBNZXRob2Q9IkdFVCIgR3VpZD0iZTBhZDBjYTUtMmViNi00NmE2LThlYjItYWI0YTZhOTA1ZTVlIiBWZXJzaW9uPSIxLjEiIFVybD0ie3tTZXJ2ZXJVcmx9fS9mYWNlYm9va19wYWdlcy97e3BhZ2VJZH19L2VkaXQiIFRoaW5rVGltZT0iMCIgVGltZW91dD0iNjAiIFBhcnNlRGVwZW5kZW50UmVxdWVzdHM9IkZhbHNlIiBGb2xsb3dSZWRpcmVjdHM9IlRydWUiIFJlY29yZFJlc3VsdD0iVHJ1ZSIgQ2FjaGU9IkZhbHNlIiBSZXNwb25zZVRpbWVHb2FsPSIwIiBFbmNvZGluZz0idXRmLTgiIEV4cGVjdGVkSHR0cFN0YXR1c0NvZGU9IjAiIEV4cGVjdGVkUmVzcG9uc2VVcmw9IiIgUmVwb3J0aW5nTmFtZT0iIiBJZ25vcmVIdHRwU3RhdHVzQ29kZT0iRmFsc2UiPg0KICAgICAgICAgIDxIZWFkZXJzPg0KICAgICAgICAgICAgPEhlYWRlciBOYW1lPSJYLUNTUkYtVG9rZW4iIFZhbHVlPSJ7e2F1dGhUb2tlbn19IiAvPg0KICAgICAgICAgICAgPEhlYWRlciBOYW1lPSJYLVJlcXVlc3RlZC1XaXRoIiBWYWx1ZT0iWE1MSHR0cFJlcXVlc3QiIC8+DQogICAgICAgICAgICA8SGVhZGVyIE5hbWU9IklmLU5vbmUtTWF0Y2giIFZhbHVlPSImcXVvdDtkYmJjZmM4MzFjZDE5M2YwMGVhMmYxMGM3NGJjNWYxNiZxdW90OyIgLz4NCiAgICAgICAgICA8L0hlYWRlcnM+DQogICAgICAgIDwvUmVxdWVzdD4NCiAgICAgIDwvSXRlbXM+DQogICAgPC9UcmFuc2FjdGlvblRpbWVyPg0KICAgIDxDb21tZW50IENvbW1lbnRUZXh0PSJBcHBseSBGaWx0ZXIiIC8+DQogICAgPFRyYW5zYWN0aW9uVGltZXIgTmFtZT0iQXBwbHkgRmlsdGVyIj4NCiAgICAgIDxJdGVtcz4NCiAgICAgICAgPFJlcXVlc3QgTWV0aG9kPSJHRVQiIEd1aWQ9ImRjNmUxOGZjLTdkYjctNDkwZC05NzY1LWRkZTRlM2RkODU4ZCIgVmVyc2lvbj0iMS4xIiBVcmw9Int7U2VydmVyVXJsfX0vZmFjZWJvb2tfcGFnZXMiIFRoaW5rVGltZT0iLTEiIFRpbWVvdXQ9IjYwIiBQYXJzZURlcGVuZGVudFJlcXVlc3RzPSJGYWxzZSIgRm9sbG93UmVkaXJlY3RzPSJUcnVlIiBSZWNvcmRSZXN1bHQ9IlRydWUiIENhY2hlPSJGYWxzZSIgUmVzcG9uc2VUaW1lR29hbD0iMCIgRW5jb2Rpbmc9InV0Zi04IiBFeHBlY3RlZEh0dHBTdGF0dXNDb2RlPSIwIiBFeHBlY3RlZFJlc3BvbnNlVXJsPSIiIFJlcG9ydGluZ05hbWU9IiIgSWdub3JlSHR0cFN0YXR1c0NvZGU9IkZhbHNlIj4NCiAgICAgICAgICA8SGVhZGVycz4NCiAgICAgICAgICAgIDxIZWFkZXIgTmFtZT0iWC1DU1JGLVRva2VuIiBWYWx1ZT0ie3thdXRoVG9rZW59fSIgLz4NCiAgICAgICAgICAgIDxIZWFkZXIgTmFtZT0iWC1SZXF1ZXN0ZWQtV2l0aCIgVmFsdWU9IlhNTEh0dHBSZXF1ZXN0IiAvPg0KICAgICAgICAgICAgPEhlYWRlciBOYW1lPSJYLVBKQVgiIFZhbHVlPSJ0cnVlIiAvPg0KICAgICAgICAgIDwvSGVhZGVycz4NCiAgICAgICAgICA8UXVlcnlTdHJpbmdQYXJhbWV0ZXJzPg0KICAgICAgICAgICAgPFF1ZXJ5U3RyaW5nUGFyYW1ldGVyIE5hbWU9InV0ZjgiIFZhbHVlPSLinJMiIFJlY29yZGVkVmFsdWU9IiIgQ29ycmVsYXRpb25CaW5kaW5nPSIiIFVybEVuY29kZT0iVHJ1ZSIgVXNlVG9Hcm91cFJlc3VsdHM9IkZhbHNlIiAvPg0KICAgICAgICAgICAgPFF1ZXJ5U3RyaW5nUGFyYW1ldGVyIE5hbWU9ImRpcmVjdGlvbiIgVmFsdWU9ImRlc2MiIFJlY29yZGVkVmFsdWU9IiIgQ29ycmVsYXRpb25CaW5kaW5nPSIiIFVybEVuY29kZT0iVHJ1ZSIgVXNlVG9Hcm91cFJlc3VsdHM9IkZhbHNlIiAvPg0KICAgICAgICAgICAgPFF1ZXJ5U3RyaW5nUGFyYW1ldGVyIE5hbWU9InNvcnQiIFZhbHVlPSIiIFJlY29yZGVkVmFsdWU9IiIgQ29ycmVsYXRpb25CaW5kaW5nPSIiIFVybEVuY29kZT0iVHJ1ZSIgVXNlVG9Hcm91cFJlc3VsdHM9IkZhbHNlIiAvPg0KICAgICAgICAgICAgPFF1ZXJ5U3RyaW5nUGFyYW1ldGVyIE5hbWU9InBhZ2UiIFZhbHVlPSIxIiBSZWNvcmRlZFZhbHVlPSIiIENvcnJlbGF0aW9uQmluZGluZz0iIiBVcmxFbmNvZGU9IlRydWUiIFVzZVRvR3JvdXBSZXN1bHRzPSJGYWxzZSIgLz4NCiAgICAgICAgICAgIDxRdWVyeVN0cmluZ1BhcmFtZXRlciBOYW1lPSJwZXJfcGFnZSIgVmFsdWU9IjI1IiBSZWNvcmRlZFZhbHVlPSIiIENvcnJlbGF0aW9uQmluZGluZz0iIiBVcmxFbmNvZGU9IlRydWUiIFVzZVRvR3JvdXBSZXN1bHRzPSJGYWxzZSIgLz4NCiAgICAgICAgICAgIDxRdWVyeVN0cmluZ1BhcmFtZXRlciBOYW1lPSJ1dGY4IiBWYWx1ZT0i4pyTIiBSZWNvcmRlZFZhbHVlPSIiIENvcnJlbGF0aW9uQmluZGluZz0iIiBVcmxFbmNvZGU9IlRydWUiIFVzZVRvR3JvdXBSZXN1bHRzPSJGYWxzZSIgLz4NCiAgICAgICAgICAgIDxRdWVyeVN0cmluZ1BhcmFtZXRlciBOYW1lPSJwYXJhbWV0ZXJzW25hbWVdIiBWYWx1ZT0iIiBSZWNvcmRlZFZhbHVlPSIiIENvcnJlbGF0aW9uQmluZGluZz0iIiBVcmxFbmNvZGU9IlRydWUiIFVzZVRvR3JvdXBSZXN1bHRzPSJGYWxzZSIgLz4NCiAgICAgICAgICAgIDxRdWVyeVN0cmluZ1BhcmFtZXRlciBOYW1lPSJwYXJhbWV0ZXJzW2FnZW5jeV9pZF0iIFZhbHVlPSJ7e0ZhY2Vib29rSGllcmFyY2h5LkZhY2Vib29rSGllcmFyY2h5I2Nzdi5UaWVyMUlkfX0iIFJlY29yZGVkVmFsdWU9IiIgQ29ycmVsYXRpb25CaW5kaW5nPSIiIFVybEVuY29kZT0iVHJ1ZSIgVXNlVG9Hcm91cFJlc3VsdHM9IkZhbHNlIiAvPg0KICAgICAgICAgICAgPFF1ZXJ5U3RyaW5nUGFyYW1ldGVyIE5hbWU9InBhcmFtZXRlcnNbY2xpZW50X2lkXSIgVmFsdWU9IiIgUmVjb3JkZWRWYWx1ZT0iIiBDb3JyZWxhdGlvbkJpbmRpbmc9IiIgVXJsRW5jb2RlPSJUcnVlIiBVc2VUb0dyb3VwUmVzdWx0cz0iRmFsc2UiIC8+DQogICAgICAgICAgICA8UXVlcnlTdHJpbmdQYXJhbWV0ZXIgTmFtZT0idGltZV9mcmFtZSIgVmFsdWU9Ik5vbmUiIFJlY29yZGVkVmFsdWU9IiIgQ29ycmVsYXRpb25CaW5kaW5nPSIiIFVybEVuY29kZT0iVHJ1ZSIgVXNlVG9Hcm91cFJlc3VsdHM9IkZhbHNlIiAvPg0KICAgICAgICAgICAgPFF1ZXJ5U3RyaW5nUGFyYW1ldGVyIE5hbWU9InBhcmFtZXRlcnNbZnJvbV0iIFZhbHVlPSIiIFJlY29yZGVkVmFsdWU9IiIgQ29ycmVsYXRpb25CaW5kaW5nPSIiIFVybEVuY29kZT0iVHJ1ZSIgVXNlVG9Hcm91cFJlc3VsdHM9IkZhbHNlIiAvPg0KICAgICAgICAgICAgPFF1ZXJ5U3RyaW5nUGFyYW1ldGVyIE5hbWU9InVzZXJfc3VibWl0dGVkX2RhdGVfZnJvbSIgVmFsdWU9IiIgUmVjb3JkZWRWYWx1ZT0iIiBDb3JyZWxhdGlvbkJpbmRpbmc9IiIgVXJsRW5jb2RlPSJUcnVlIiBVc2VUb0dyb3VwUmVzdWx0cz0iRmFsc2UiIC8+DQogICAgICAgICAgICA8UXVlcnlTdHJpbmdQYXJhbWV0ZXIgTmFtZT0icGFyYW1ldGVyc1t0b10iIFZhbHVlPSIiIFJlY29yZGVkVmFsdWU9IiIgQ29ycmVsYXRpb25CaW5kaW5nPSIiIFVybEVuY29kZT0iVHJ1ZSIgVXNlVG9Hcm91cFJlc3VsdHM9IkZhbHNlIiAvPg0KICAgICAgICAgICAgPFF1ZXJ5U3RyaW5nUGFyYW1ldGVyIE5hbWU9InVzZXJfc3VibWl0dGVkX2RhdGVfdG8iIFZhbHVlPSIiIFJlY29yZGVkVmFsdWU9IiIgQ29ycmVsYXRpb25CaW5kaW5nPSIiIFVybEVuY29kZT0iVHJ1ZSIgVXNlVG9Hcm91cFJlc3VsdHM9IkZhbHNlIiAvPg0KICAgICAgICAgICAgPFF1ZXJ5U3RyaW5nUGFyYW1ldGVyIE5hbWU9InVzZXJfc3VibWl0dGVkX2RhdGUiIFZhbHVlPSIiIFJlY29yZGVkVmFsdWU9IiIgQ29ycmVsYXRpb25CaW5kaW5nPSIiIFVybEVuY29kZT0iVHJ1ZSIgVXNlVG9Hcm91cFJlc3VsdHM9IkZhbHNlIiAvPg0KICAgICAgICAgICAgPFF1ZXJ5U3RyaW5nUGFyYW1ldGVyIE5hbWU9Il9wamF4IiBWYWx1ZT0idHJ1ZSIgUmVjb3JkZWRWYWx1ZT0iIiBDb3JyZWxhdGlvbkJpbmRpbmc9IiIgVXJsRW5jb2RlPSJUcnVlIiBVc2VUb0dyb3VwUmVzdWx0cz0iRmFsc2UiIC8+DQogICAgICAgICAgPC9RdWVyeVN0cmluZ1BhcmFtZXRlcnM+DQogICAgICAgIDwvUmVxdWVzdD4NCiAgICAgIDwvSXRlbXM+DQogICAgPC9UcmFuc2FjdGlvblRpbWVyPg0KICAgIDxDb21tZW50IENvbW1lbnRUZXh0PSJMb2dvdXQiIC8+DQogICAgPFRyYW5zYWN0aW9uVGltZXIgTmFtZT0iTG9nb3V0Ij4NCiAgICAgIDxJdGVtcz4NCiAgICAgICAgPEluY2x1ZGVkV2ViVGVzdCBOYW1lPSJMb2dvdXQiIFBhdGg9ImM6XG1lZHNlZWtcYXV0b21hdGlvblxwZXJzdWFkZVx2c3Byb2plY3RzXHBlcnN1YWRlcGVyZm9ybWFuY2VccGVyc3VhZGVwZXJmb3JtYW5jZVx3ZWJ0ZXN0c1xnbG9iYWwgdGVzdHNcbG9nb3V0LndlYnRlc3QiIElkPSJkM2ZkZjQ4NC0xOWE4LTRmMDItOTI3Ni0xNzc2NTI5Mzk5NTgiIElzQ29kZWRXZWJUZXN0PSJGYWxzZSIgSW5oZXJpdFdlYlRlc3RTZXR0aW5ncz0iRmFsc2UiIC8+DQogICAgICA8L0l0ZW1zPg0KICAgIDwvVHJhbnNhY3Rpb25UaW1lcj4NCiAgICA8Q29tbWVudCBDb21tZW50VGV4dD0iIiAvPg0KICA8L0l0ZW1zPg0KICA8RGF0YVNvdXJjZXM+DQogICAgPERhdGFTb3VyY2UgTmFtZT0iRmFjZWJvb2tIaWVyYXJjaHkiIFByb3ZpZGVyPSJNaWNyb3NvZnQuVmlzdWFsU3R1ZGlvLlRlc3RUb29scy5EYXRhU291cmNlLkNTViIgQ29ubmVjdGlvbj0ifERhdGFEaXJlY3Rvcnl8XC4uXC4uXERhdGFcRmFjZWJvb2tIaWVyYXJjaHkuY3N2Ij4NCiAgICAgIDxUYWJsZXM+DQogICAgICAgIDxEYXRhU291cmNlVGFibGUgTmFtZT0iRmFjZWJvb2tIaWVyYXJjaHkjY3N2IiBTZWxlY3RDb2x1bW5zPSJTZWxlY3RPbmx5Qm91bmRDb2x1bW5zIiBBY2Nlc3NNZXRob2Q9IlNlcXVlbnRpYWwiIC8+DQogICAgICA8L1RhYmxlcz4NCiAgICA8L0RhdGFTb3VyY2U+DQogIDwvRGF0YVNvdXJjZXM+DQogIDxDb250ZXh0UGFyYW1ldGVycz4NCiAgICA8Q29udGV4dFBhcmFtZXRlciBOYW1lPSJTZXJ2ZXJVcmwiIFZhbHVlPSJodHRwczovL3N0YWdpbmcuYnJpZ2h0d2hpc3RsZS5jb20iIC8+DQogIDwvQ29udGV4dFBhcmFtZXRlcnM+DQogIDxXZWJUZXN0UGx1Z2lucz4NCiAgICA8V2ViVGVzdFBsdWdpbiBDbGFzc25hbWU9IlRlc3RQbHVnaW4uU2VydmVyVXJscywgVGVzdFBsdWdpbiwgVmVyc2lvbj0xLjAuMC4wLCBDdWx0dXJlPW5ldXRyYWwsIFB1YmxpY0tleVRva2VuPW51bGwiIERpc3BsYXlOYW1lPSJTZXJ2ZXJVcmxzIiBEZXNjcmlwdGlvbj0iIiAvPg0KICA8L1dlYlRlc3RQbHVnaW5zPg0KPC9XZWJUZXN0Pg==">
      <Execution id="ea6f992a-dc10-4d8b-9c2e-95702d96acc7" />
    </WebTest>
    <WebTest name="Login" storage="c:\medseek\automation\persuade\vsprojects\persuadeperformance\persuadeperformance\webtests\global tests\login.webtest" priority="0" id="6e961aa2-1090-4a72-8f5c-09858eb28a54" persistedWebTest="77u/PD94bWwgdmVyc2lvbj0iMS4wIiBlbmNvZGluZz0iVVRGLTgiIHN0YW5kYWxvbmU9InllcyI/Pg0KPFdlYlRlc3QgTmFtZT0iTG9naW4iIElkPSI2ZTk2MWFhMi0xMDkwLTRhNzItOGY1Yy0wOTg1OGViMjhhNTQiIE93bmVyPSIiIFByaW9yaXR5PSIwIiBFbmFibGVkPSJUcnVlIiBDc3NQcm9qZWN0U3RydWN0dXJlPSIiIENzc0l0ZXJhdGlvbj0iIiBUaW1lb3V0PSIwIiBXb3JrSXRlbUlkcz0iIiB4bWxucz0iaHR0cDovL21pY3Jvc29mdC5jb20vc2NoZW1hcy9WaXN1YWxTdHVkaW8vVGVhbVRlc3QvMjAxMCIgRGVzY3JpcHRpb249IiIgQ3JlZGVudGlhbFVzZXJOYW1lPSIiIENyZWRlbnRpYWxQYXNzd29yZD0iIiBQcmVBdXRoZW50aWNhdGU9IlRydWUiIFByb3h5PSIiIFN0b3BPbkVycm9yPSJGYWxzZSIgUmVjb3JkZWRSZXN1bHRGaWxlPSIiIFJlc3VsdHNMb2NhbGU9IiI+DQogIDxJdGVtcz4NCiAgICA8Q29tbWVudCBDb21tZW50VGV4dD0iTGFuZGluZyBQYWdlIiAvPg0KICAgIDxUcmFuc2FjdGlvblRpbWVyIE5hbWU9IkxhbmRpbmcgUGFnZSI+DQogICAgICA8SXRlbXM+DQogICAgICAgIDxSZXF1ZXN0IE1ldGhvZD0iR0VUIiBHdWlkPSIyZjY3ZWIzYS02MDY1LTQ0NmMtODc2OC1iMjAyN2E3Y2RjYTUiIFZlcnNpb249IjEuMSIgVXJsPSJ7e1NlcnZlclVybH19LyIgVGhpbmtUaW1lPSIwIiBUaW1lb3V0PSI2MCIgUGFyc2VEZXBlbmRlbnRSZXF1ZXN0cz0iRmFsc2UiIEZvbGxvd1JlZGlyZWN0cz0iVHJ1ZSIgUmVjb3JkUmVzdWx0PSJUcnVlIiBDYWNoZT0iRmFsc2UiIFJlc3BvbnNlVGltZUdvYWw9IjAiIEVuY29kaW5nPSJ1dGYtOCIgRXhwZWN0ZWRIdHRwU3RhdHVzQ29kZT0iMCIgRXhwZWN0ZWRSZXNwb25zZVVybD0iIiBSZXBvcnRpbmdOYW1lPSIiIElnbm9yZUh0dHBTdGF0dXNDb2RlPSJGYWxzZSI+DQogICAgICAgICAgPEhlYWRlcnM+DQogICAgICAgICAgICA8SGVhZGVyIE5hbWU9IlVwZ3JhZGUtSW5zZWN1cmUtUmVxdWVzdHMiIFZhbHVlPSIxIiAvPg0KICAgICAgICAgICAgPEhlYWRlciBOYW1lPSJJZi1Ob25lLU1hdGNoIiBWYWx1ZT0iJnF1b3Q7MjAyZWYxZTllN2IyZDhjYWM5ODQ0ZTViNzFlNDliNTQmcXVvdDsiIC8+DQogICAgICAgICAgPC9IZWFkZXJzPg0KICAgICAgICAgIDxFeHRyYWN0aW9uUnVsZXM+DQogICAgICAgICAgICA8RXh0cmFjdGlvblJ1bGUgQ2xhc3NuYW1lPSJNaWNyb3NvZnQuVmlzdWFsU3R1ZGlvLlRlc3RUb29scy5XZWJUZXN0aW5nLlJ1bGVzLkV4dHJhY3RIaWRkZW5GaWVsZHMsIE1pY3Jvc29mdC5WaXN1YWxTdHVkaW8uUXVhbGl0eVRvb2xzLldlYlRlc3RGcmFtZXdvcmssIFZlcnNpb249MTAuMC4wLjAsIEN1bHR1cmU9bmV1dHJhbCwgUHVibGljS2V5VG9rZW49YjAzZjVmN2YxMWQ1MGEzYSIgVmFyaWFibGVOYW1lPSIxIiBEaXNwbGF5TmFtZT0iRXh0cmFjdCBIaWRkZW4gRmllbGRzIiBEZXNjcmlwdGlvbj0iRXh0cmFjdCBhbGwgaGlkZGVuIGZpZWxkcyBmcm9tIHRoZSByZXNwb25zZSBhbmQgcGxhY2UgdGhlbSBpbnRvIHRoZSB0ZXN0IGNvbnRleHQuIj4NCiAgICAgICAgICAgICAgPFJ1bGVQYXJhbWV0ZXJzPg0KICAgICAgICAgICAgICAgIDxSdWxlUGFyYW1ldGVyIE5hbWU9IlJlcXVpcmVkIiBWYWx1ZT0iVHJ1ZSIgLz4NCiAgICAgICAgICAgICAgICA8UnVsZVBhcmFtZXRlciBOYW1lPSJIdG1sRGVjb2RlIiBWYWx1ZT0iVHJ1ZSIgLz4NCiAgICAgICAgICAgICAgPC9SdWxlUGFyYW1ldGVycz4NCiAgICAgICAgICAgIDwvRXh0cmFjdGlvblJ1bGU+DQogICAgICAgICAgPC9FeHRyYWN0aW9uUnVsZXM+DQogICAgICAgIDwvUmVxdWVzdD4NCiAgICAgIDwvSXRlbXM+DQogICAgPC9UcmFuc2FjdGlvblRpbWVyPg0KICAgIDxDb21tZW50IENvbW1lbnRUZXh0PSJsb2dpbiIgLz4NCiAgICA8VHJhbnNhY3Rpb25UaW1lciBOYW1lPSJMb2dpbiI+DQogICAgICA8SXRlbXM+DQogICAgICAgIDxSZXF1ZXN0IE1ldGhvZD0iUE9TVCIgR3VpZD0iYTdkNmE0ZjMtOTQxYS00YWVjLTg1NzEtZTAyMzZmNWI1M2ZkIiBWZXJzaW9uPSIxLjEiIFVybD0ie3tTZXJ2ZXJVcmx9fS9zaWduX2luIiBUaGlua1RpbWU9IjAiIFRpbWVvdXQ9IjYwIiBQYXJzZURlcGVuZGVudFJlcXVlc3RzPSJUcnVlIiBGb2xsb3dSZWRpcmVjdHM9IlRydWUiIFJlY29yZFJlc3VsdD0iVHJ1ZSIgQ2FjaGU9IkZhbHNlIiBSZXNwb25zZVRpbWVHb2FsPSIwIiBFbmNvZGluZz0idXRmLTgiIEV4cGVjdGVkSHR0cFN0YXR1c0NvZGU9IjAiIEV4cGVjdGVkUmVzcG9uc2VVcmw9IiIgUmVwb3J0aW5nTmFtZT0iTG9naW4iIElnbm9yZUh0dHBTdGF0dXNDb2RlPSJGYWxzZSI+DQogICAgICAgICAgPEhlYWRlcnM+DQogICAgICAgICAgICA8SGVhZGVyIE5hbWU9IlJlZmVyZXIiIFZhbHVlPSJ7e1NlcnZlclVybH19L3NpZ25faW4iIC8+DQogICAgICAgICAgICA8SGVhZGVyIE5hbWU9IkNvbnRlbnQtVHlwZSIgVmFsdWU9ImFwcGxpY2F0aW9uL3gtd3d3LWZvcm0tdXJsZW5jb2RlZCIgLz4NCiAgICAgICAgICAgIDxIZWFkZXIgTmFtZT0iT3JpZ2luIiBWYWx1ZT0iaHR0cHM6Ly9zdGFnaW5nLmJyaWdodHdoaXN0bGUuY29tIiAvPg0KICAgICAgICAgICAgPEhlYWRlciBOYW1lPSJVcGdyYWRlLUluc2VjdXJlLVJlcXVlc3RzIiBWYWx1ZT0iMSIgLz4NCiAgICAgICAgICA8L0hlYWRlcnM+DQogICAgICAgICAgPEV4dHJhY3Rpb25SdWxlcz4NCiAgICAgICAgICAgIDxFeHRyYWN0aW9uUnVsZSBDbGFzc25hbWU9Ik1pY3Jvc29mdC5WaXN1YWxTdHVkaW8uVGVzdFRvb2xzLldlYlRlc3RpbmcuUnVsZXMuRXh0cmFjdEF0dHJpYnV0ZVZhbHVlLCBNaWNyb3NvZnQuVmlzdWFsU3R1ZGlvLlF1YWxpdHlUb29scy5XZWJUZXN0RnJhbWV3b3JrLCBWZXJzaW9uPTEwLjAuMC4wLCBDdWx0dXJlPW5ldXRyYWwsIFB1YmxpY0tleVRva2VuPWIwM2Y1ZjdmMTFkNTBhM2EiIFZhcmlhYmxlTmFtZT0iYXV0aFRva2VuIiBEaXNwbGF5TmFtZT0iRXh0cmFjdCBBdHRyaWJ1dGUgVmFsdWUiIERlc2NyaXB0aW9uPSJFeHRyYWN0IHRoZSB2YWx1ZSBvZiBhbiBhdHRyaWJ1dGUgZnJvbSBhIHNwZWNpZmllZCBIVE1MIHRhZy4iPg0KICAgICAgICAgICAgICA8UnVsZVBhcmFtZXRlcnM+DQogICAgICAgICAgICAgICAgPFJ1bGVQYXJhbWV0ZXIgTmFtZT0iVGFnTmFtZSIgVmFsdWU9Im1ldGEiIC8+DQogICAgICAgICAgICAgICAgPFJ1bGVQYXJhbWV0ZXIgTmFtZT0iQXR0cmlidXRlTmFtZSIgVmFsdWU9ImNvbnRlbnQiIC8+DQogICAgICAgICAgICAgICAgPFJ1bGVQYXJhbWV0ZXIgTmFtZT0iTWF0Y2hBdHRyaWJ1dGVOYW1lIiBWYWx1ZT0ibmFtZSIgLz4NCiAgICAgICAgICAgICAgICA8UnVsZVBhcmFtZXRlciBOYW1lPSJNYXRjaEF0dHJpYnV0ZVZhbHVlIiBWYWx1ZT0iY3NyZi10b2tlbiIgLz4NCiAgICAgICAgICAgICAgICA8UnVsZVBhcmFtZXRlciBOYW1lPSJIdG1sRGVjb2RlIiBWYWx1ZT0iVHJ1ZSIgLz4NCiAgICAgICAgICAgICAgICA8UnVsZVBhcmFtZXRlciBOYW1lPSJSZXF1aXJlZCIgVmFsdWU9IlRydWUiIC8+DQogICAgICAgICAgICAgICAgPFJ1bGVQYXJhbWV0ZXIgTmFtZT0iSW5kZXgiIFZhbHVlPSIwIiAvPg0KICAgICAgICAgICAgICA8L1J1bGVQYXJhbWV0ZXJzPg0KICAgICAgICAgICAgPC9FeHRyYWN0aW9uUnVsZT4NCiAgICAgICAgICA8L0V4dHJhY3Rpb25SdWxlcz4NCiAgICAgICAgICA8Rm9ybVBvc3RIdHRwQm9keT4NCiAgICAgICAgICAgIDxGb3JtUG9zdFBhcmFtZXRlciBOYW1lPSJ1dGY4IiBWYWx1ZT0i4pyTIiBSZWNvcmRlZFZhbHVlPSIiIENvcnJlbGF0aW9uQmluZGluZz0iIiBVcmxFbmNvZGU9IlRydWUiIC8+DQogICAgICAgICAgICA8Rm9ybVBvc3RQYXJhbWV0ZXIgTmFtZT0iYXV0aGVudGljaXR5X3Rva2VuIiBWYWx1ZT0ie3skSElEREVOMS5hdXRoZW50aWNpdHlfdG9rZW59fSIgUmVjb3JkZWRWYWx1ZT0iIiBDb3JyZWxhdGlvbkJpbmRpbmc9IiIgVXJsRW5jb2RlPSJUcnVlIiAvPg0KICAgICAgICAgICAgPEZvcm1Qb3N0UGFyYW1ldGVyIE5hbWU9IndpbmRvd19yZXNvbHV0aW9uIiBWYWx1ZT0iMTEwM3g2NzQiIFJlY29yZGVkVmFsdWU9IiIgQ29ycmVsYXRpb25CaW5kaW5nPSIiIFVybEVuY29kZT0iVHJ1ZSIgLz4NCiAgICAgICAgICAgIDxGb3JtUG9zdFBhcmFtZXRlciBOYW1lPSJ1c2VyW2VtYWlsXSIgVmFsdWU9Int7VXNlcnMuVXNlcnMjY3N2LlVzZXJuYW1lfX0iIFJlY29yZGVkVmFsdWU9IiIgQ29ycmVsYXRpb25CaW5kaW5nPSIiIFVybEVuY29kZT0iVHJ1ZSIgLz4NCiAgICAgICAgICAgIDxGb3JtUG9zdFBhcmFtZXRlciBOYW1lPSJ1c2VyW3Bhc3N3b3JkXSIgVmFsdWU9Int7VXNlcnMuVXNlcnMjY3N2LlBhc3N3b3JkfX0iIFJlY29yZGVkVmFsdWU9IiIgQ29ycmVsYXRpb25CaW5kaW5nPSIiIFVybEVuY29kZT0iVHJ1ZSIgLz4NCiAgICAgICAgICAgIDxGb3JtUG9zdFBhcmFtZXRlciBOYW1lPSJjb21taXQiIFZhbHVlPSJTaWduIGluIiBSZWNvcmRlZFZhbHVlPSIiIENvcnJlbGF0aW9uQmluZGluZz0iIiBVcmxFbmNvZGU9IlRydWUiIC8+DQogICAgICAgICAgPC9Gb3JtUG9zdEh0dHBCb2R5Pg0KICAgICAgICA8L1JlcXVlc3Q+DQogICAgICA8L0l0ZW1zPg0KICAgIDwvVHJhbnNhY3Rpb25UaW1lcj4NCiAgPC9JdGVtcz4NCiAgPERhdGFTb3VyY2VzPg0KICAgIDxEYXRhU291cmNlIE5hbWU9IlVzZXJzIiBQcm92aWRlcj0iTWljcm9zb2Z0LlZpc3VhbFN0dWRpby5UZXN0VG9vbHMuRGF0YVNvdXJjZS5DU1YiIENvbm5lY3Rpb249InxEYXRhRGlyZWN0b3J5fFwuLlwuLlxEYXRhXFVzZXJzLmNzdiI+DQogICAgICA8VGFibGVzPg0KICAgICAgICA8RGF0YVNvdXJjZVRhYmxlIE5hbWU9IlVzZXJzI2NzdiIgU2VsZWN0Q29sdW1ucz0iU2VsZWN0T25seUJvdW5kQ29sdW1ucyIgQWNjZXNzTWV0aG9kPSJSYW5kb20iIC8+DQogICAgICA8L1RhYmxlcz4NCiAgICA8L0RhdGFTb3VyY2U+DQogIDwvRGF0YVNvdXJjZXM+DQogIDxDb250ZXh0UGFyYW1ldGVycz4NCiAgICA8Q29udGV4dFBhcmFtZXRlciBOYW1lPSJTZXJ2ZXJVcmwiIFZhbHVlPSJodHRwczovL3N0YWdpbmcuYnJpZ2h0d2hpc3RsZS5jb20iIC8+DQogIDwvQ29udGV4dFBhcmFtZXRlcnM+DQogIDxXZWJUZXN0UGx1Z2lucz4NCiAgICA8V2ViVGVzdFBsdWdpbiBDbGFzc25hbWU9IlRlc3RQbHVnaW4uU2VydmVyVXJscywgVGVzdFBsdWdpbiwgVmVyc2lvbj0xLjAuMC4wLCBDdWx0dXJlPW5ldXRyYWwsIFB1YmxpY0tleVRva2VuPW51bGwiIERpc3BsYXlOYW1lPSJTZXJ2ZXJVcmxzIiBEZXNjcmlwdGlvbj0iIiAvPg0KICA8L1dlYlRlc3RQbHVnaW5zPg0KPC9XZWJUZXN0Pg==">
      <Execution id="aab012bd-394a-4720-894a-d9359714bbaf" />
    </WebTest>
    <WebTest name="Logout" storage="c:\medseek\automation\persuade\vsprojects\persuadeperformance\persuadeperformance\webtests\global tests\logout.webtest" priority="0" id="d3fdf484-19a8-4f02-9276-177652939958" persistedWebTest="77u/PD94bWwgdmVyc2lvbj0iMS4wIiBlbmNvZGluZz0iVVRGLTgiIHN0YW5kYWxvbmU9InllcyI/Pg0KPFdlYlRlc3QgTmFtZT0iTG9nb3V0IiBJZD0iZDNmZGY0ODQtMTlhOC00ZjAyLTkyNzYtMTc3NjUyOTM5OTU4IiBPd25lcj0iIiBQcmlvcml0eT0iMCIgRW5hYmxlZD0iVHJ1ZSIgQ3NzUHJvamVjdFN0cnVjdHVyZT0iIiBDc3NJdGVyYXRpb249IiIgVGltZW91dD0iMCIgV29ya0l0ZW1JZHM9IiIgeG1sbnM9Imh0dHA6Ly9taWNyb3NvZnQuY29tL3NjaGVtYXMvVmlzdWFsU3R1ZGlvL1RlYW1UZXN0LzIwMTAiIERlc2NyaXB0aW9uPSIiIENyZWRlbnRpYWxVc2VyTmFtZT0iIiBDcmVkZW50aWFsUGFzc3dvcmQ9IiIgUHJlQXV0aGVudGljYXRlPSJUcnVlIiBQcm94eT0iIiBTdG9wT25FcnJvcj0iRmFsc2UiIFJlY29yZGVkUmVzdWx0RmlsZT0iIiBSZXN1bHRzTG9jYWxlPSIiPg0KICA8SXRlbXM+DQogICAgPENvbW1lbnQgQ29tbWVudFRleHQ9IkxvZ291dCIgLz4NCiAgICA8VHJhbnNhY3Rpb25UaW1lciBOYW1lPSJMb2dvdXQiPg0KICAgICAgPEl0ZW1zPg0KICAgICAgICA8UmVxdWVzdCBNZXRob2Q9IkdFVCIgR3VpZD0iNGVmOTlhMTAtMTkzNC00YTZhLWE5MmQtZjU1Nzc4Y2Y4MmQ5IiBWZXJzaW9uPSIxLjEiIFVybD0ie3tTZXJ2ZXJVcmx9fS9zaWduX291dCIgVGhpbmtUaW1lPSIwIiBUaW1lb3V0PSI2MCIgUGFyc2VEZXBlbmRlbnRSZXF1ZXN0cz0iVHJ1ZSIgRm9sbG93UmVkaXJlY3RzPSJUcnVlIiBSZWNvcmRSZXN1bHQ9IlRydWUiIENhY2hlPSJGYWxzZSIgUmVzcG9uc2VUaW1lR29hbD0iMCIgRW5jb2Rpbmc9InV0Zi04IiBFeHBlY3RlZEh0dHBTdGF0dXNDb2RlPSIwIiBFeHBlY3RlZFJlc3BvbnNlVXJsPSIiIFJlcG9ydGluZ05hbWU9IiIgSWdub3JlSHR0cFN0YXR1c0NvZGU9IkZhbHNlIj4NCiAgICAgICAgICA8SGVhZGVycz4NCiAgICAgICAgICAgIDxIZWFkZXIgTmFtZT0iVXBncmFkZS1JbnNlY3VyZS1SZXF1ZXN0cyIgVmFsdWU9IjEiIC8+DQogICAgICAgICAgPC9IZWFkZXJzPg0KICAgICAgICA8L1JlcXVlc3Q+DQogICAgICAgIDxSZXF1ZXN0IE1ldGhvZD0iR0VUIiBHdWlkPSI3ZDY2MGVjZi0wNmQ5LTQ2YjItYmQyNi0yNmE2M2M2OGM1MzciIFZlcnNpb249IjEuMSIgVXJsPSJ7e1NlcnZlclVybH19L3NpZ25faW4iIFRoaW5rVGltZT0iMCIgVGltZW91dD0iNjAiIFBhcnNlRGVwZW5kZW50UmVxdWVzdHM9IkZhbHNlIiBGb2xsb3dSZWRpcmVjdHM9IlRydWUiIFJlY29yZFJlc3VsdD0iVHJ1ZSIgQ2FjaGU9IkZhbHNlIiBSZXNwb25zZVRpbWVHb2FsPSIwIiBFbmNvZGluZz0idXRmLTgiIEV4cGVjdGVkSHR0cFN0YXR1c0NvZGU9IjAiIEV4cGVjdGVkUmVzcG9uc2VVcmw9IiIgUmVwb3J0aW5nTmFtZT0iIiBJZ25vcmVIdHRwU3RhdHVzQ29kZT0iRmFsc2UiPg0KICAgICAgICAgIDxIZWFkZXJzPg0KICAgICAgICAgICAgPEhlYWRlciBOYW1lPSJVcGdyYWRlLUluc2VjdXJlLVJlcXVlc3RzIiBWYWx1ZT0iMSIgLz4NCiAgICAgICAgICA8L0hlYWRlcnM+DQogICAgICAgIDwvUmVxdWVzdD4NCiAgICAgIDwvSXRlbXM+DQogICAgPC9UcmFuc2FjdGlvblRpbWVyPg0KICAgIDxDb21tZW50IENvbW1lbnRUZXh0PSIiIC8+DQogIDwvSXRlbXM+DQogIDxDb250ZXh0UGFyYW1ldGVycz4NCiAgICA8Q29udGV4dFBhcmFtZXRlciBOYW1lPSJTZXJ2ZXJVcmwiIFZhbHVlPSJodHRwczovL3N0YWdpbmcuYnJpZ2h0d2hpc3RsZS5jb20iIC8+DQogIDwvQ29udGV4dFBhcmFtZXRlcnM+DQo8L1dlYlRlc3Q+">
    </WebTest>
  </TestDefinitions>
  <TestLists>
    <TestList name="Results Not in a List" id="8c84fa94-04c1-424b-9868-57a2d4851a1d" />
    <TestList name="All Loaded Results" id="19431567-8539-422a-85d7-44ee4e166bda" />
  </TestLists>
  <TestEntries>
    <TestEntry isTransparent="false" testId="654f851e-d089-47b2-8c58-93b907b815fd" executionId="ea6f992a-dc10-4d8b-9c2e-95702d96acc7" testListId="8c84fa94-04c1-424b-9868-57a2d4851a1d">
      <TestEntries>
        <TestEntry isTransparent="false" testId="6e961aa2-1090-4a72-8f5c-09858eb28a54" executionId="18d99fd4-72e0-4e6d-a472-6fff36937f24" parentExecutionId="ea6f992a-dc10-4d8b-9c2e-95702d96acc7" testListId="8c84fa94-04c1-424b-9868-57a2d4851a1d" />
        <TestEntry isTransparent="false" testId="d3fdf484-19a8-4f02-9276-177652939958" executionId="651f8cc4-1cbe-4c0f-8d98-0368f21dfa4c" parentExecutionId="ea6f992a-dc10-4d8b-9c2e-95702d96acc7" testListId="8c84fa94-04c1-424b-9868-57a2d4851a1d" />
      </TestEntries>
    </TestEntry>
  </TestEntries>
  <Results>
    <WebTestResult executionId="ea6f992a-dc10-4d8b-9c2e-95702d96acc7" testId="654f851e-d089-47b2-8c58-93b907b815fd" testName="PERS-1666_Pages" computerName="CHI-LAB-VSA-03" duration="00:00:11.7134799" startTime="2016-05-05T08:11:24.4738459-05:00" endTime="2016-05-05T08:11:47.5616979-05:00" testType="4e7599fa-5ecb-43e9-a887-cd63cf72d207" outcome="Passed" testListId="8c84fa94-04c1-424b-9868-57a2d4851a1d" relativeResultsDirectory="ea6f992a-dc10-4d8b-9c2e-95702d96acc7" dataRowCount="1">
      <TestSettings name="VSC02" id="d5578583-cbfb-4e4a-b37b-4feb802e2072">
        <Description>These are default test settings for a local test run.</Description>
        <Deployment runDeploymentRoot="load.test_CHI-LAB-VSU-03 2016-05-05 08_11_23">
          <DeploymentItem filename="C:\Medseek\Automation\Persuade\VSProjects\PersuadePerformance\TestPlugin\bin\Debug\TestPlugin.dll" />
          <DeploymentItem filename="C:\Program Files (x86)\Microsoft Visual Studio 11.0\Common7\IDE\PublicAssemblies\WebTest.WebService.Plugin.Runtime.dll" />
        </Deployment>
        <RemoteController name="CHI-LAB-VSC-02" />
        <Execution location="Remote">
          <TestTypeSpecific>
            <UnitTestRunConfig testTypeId="13cdc9d9-ddb5-4fa4-a97d-d965ccfc6d4b">
              <AssemblyResolution>
                <TestDirectory useLoadContext="true" />
              </AssemblyResolution>
            </UnitTestRunConfig>
            <WebTestRunConfiguration testTypeId="4e7599fa-5ecb-43e9-a887-cd63cf72d207">
              <Browser name="Internet Explorer 9.0" MaxConnections="6">
                <Headers>
                  <Header name="User-Agent" value="Mozilla/5.0 (compatible; MSIE 9.0; Windows NT 6.1; Trident/5.0)" />
                  <Header name="Accept" value="*/*" />
                  <Header name="Accept-Language" value="{{$IEAcceptLanguage}}" />
                  <Header name="Accept-Encoding" value="GZIP" />
                </Headers>
              </Browser>
            </WebTestRunConfiguration>
          </TestTypeSpecific>
          <AgentRule name="AllAgentsDefaultRole">
          </AgentRule>
        </Execution>
      </TestSettings>
      <WebTestResultFilePath>load.test_CHI-LAB-VSU-03 2016-05-05 08_11_23\In\CHI-LAB-VSA-03\ea6f992a-dc10-4d8b-9c2e-95702d96acc7\PERS-1666_Pages.webtestResult</WebTestResultFilePath>
    </WebTestResult>
  </Results>
</TestRun>