<?xml version="1.0" encoding="UTF-8"?>
<TestRun id="86ed237e-8e52-4ba2-b3f6-635af1a0bdbd" name="load.test@CHI-LAB-VSU-03 2016-06-23 09:25:18" runUser="MEDSEEKLAB\load.test" xmlns="http://microsoft.com/schemas/VisualStudio/TeamTest/2010">
  <TestSettings name="VSC02" id="d5578583-cbfb-4e4a-b37b-4feb802e2072">
    <Description>These are default test settings for a local test run.</Description>
    <Deployment runDeploymentRoot="load.test_CHI-LAB-VSU-03 2016-06-23 09_25_18">
      <DeploymentItem filename="C:\Medseek\Automation\Persuade\VSProjects\PersuadePerformance\TestPlugin\bin\Debug\TestPlugin.dll" />
      <DeploymentItem filename="C:\Program Files (x86)\Microsoft Visual Studio 11.0\Common7\IDE\PublicAssemblies\WebTest.WebService.Plugin.Runtime.dll" />
    </Deployment>
    <RemoteController name="CHI-LAB-VSC-02" />
    <Execution location="Remote">
      <TestTypeSpecific>
        <UnitTestRunConfig testTypeId="13cdc9d9-ddb5-4fa4-a97d-d965ccfc6d4b">
          <AssemblyResolution>
            <TestDirectory useLoadContext="true" />
          </AssemblyResolution>
        </UnitTestRunConfig>
        <WebTestRunConfiguration testTypeId="4e7599fa-5ecb-43e9-a887-cd63cf72d207">
          <Browser name="Internet Explorer 9.0" MaxConnections="6">
            <Headers>
              <Header name="User-Agent" value="Mozilla/5.0 (compatible; MSIE 9.0; Windows NT 6.1; Trident/5.0)" />
              <Header name="Accept" value="*/*" />
              <Header name="Accept-Language" value="{{$IEAcceptLanguage}}" />
              <Header name="Accept-Encoding" value="GZIP" />
            </Headers>
          </Browser>
        </WebTestRunConfiguration>
      </TestTypeSpecific>
      <AgentRule name="AllAgentsDefaultRole">
      </AgentRule>
    </Execution>
  </TestSettings>
  <Times creation="2016-06-23T09:25:18.4911843-05:00" queuing="2016-06-23T09:25:18.6003885-05:00" start="2016-06-23T09:25:20.9092773-05:00" finish="2016-06-23T09:45:25.2447971-05:00" />
  <ResultSummary outcome="Completed">
    <Counters total="1" executed="1" passed="0" error="0" failed="0" timeout="0" aborted="0" inconclusive="0" passedButRunAborted="0" notRunnable="0" notExecuted="0" disconnected="0" warning="0" completed="1" inProgress="0" pending="0" />
  </ResultSummary>
  <TestDefinitions>
    <WebTest name="PERS-1642_LandingPages" storage="c:\medseek\automation\persuade\vsprojects\persuadeperformance\persuadeperformance\webtests\library\pers-1642_landingpages.webtest" priority="0" id="683d31eb-64c1-48db-8c41-afc8e02a00a1" persistedWebTest="77u/PD94bWwgdmVyc2lvbj0iMS4wIiBlbmNvZGluZz0iVVRGLTgiIHN0YW5kYWxvbmU9InllcyI/Pg0KPFdlYlRlc3QgTmFtZT0iUEVSUy0xNjQyX0xhbmRpbmdQYWdlcyIgSWQ9IjY4M2QzMWViLTY0YzEtNDhkYi04YzQxLWFmYzhlMDJhMDBhMSIgT3duZXI9IiIgUHJpb3JpdHk9IjAiIEVuYWJsZWQ9IlRydWUiIENzc1Byb2plY3RTdHJ1Y3R1cmU9IiIgQ3NzSXRlcmF0aW9uPSIiIFRpbWVvdXQ9IjAiIFdvcmtJdGVtSWRzPSIiIHhtbG5zPSJodHRwOi8vbWljcm9zb2Z0LmNvbS9zY2hlbWFzL1Zpc3VhbFN0dWRpby9UZWFtVGVzdC8yMDEwIiBEZXNjcmlwdGlvbj0iIiBDcmVkZW50aWFsVXNlck5hbWU9IiIgQ3JlZGVudGlhbFBhc3N3b3JkPSIiIFByZUF1dGhlbnRpY2F0ZT0iVHJ1ZSIgUHJveHk9IiIgU3RvcE9uRXJyb3I9IkZhbHNlIiBSZWNvcmRlZFJlc3VsdEZpbGU9IiIgUmVzdWx0c0xvY2FsZT0iIj4NCiAgPEl0ZW1zPg0KICAgIDxJbmNsdWRlZFdlYlRlc3QgTmFtZT0iTG9naW4iIFBhdGg9ImM6XG1lZHNlZWtcYXV0b21hdGlvblxwZXJzdWFkZVx2c3Byb2plY3RzXHBlcnN1YWRlcGVyZm9ybWFuY2VccGVyc3VhZGVwZXJmb3JtYW5jZVx3ZWJ0ZXN0c1xnbG9iYWwgdGVzdHNcbG9naW4ud2VidGVzdCIgSWQ9IjZlOTYxYWEyLTEwOTAtNGE3Mi04ZjVjLTA5ODU4ZWIyOGE1NCIgSXNDb2RlZFdlYlRlc3Q9IkZhbHNlIiBJbmhlcml0V2ViVGVzdFNldHRpbmdzPSJGYWxzZSIgLz4NCiAgICA8SW5jbHVkZWRXZWJUZXN0IE5hbWU9IkZhY2Vib29rU2V0SGllcmFyY2h5IiBQYXRoPSJjOlxtZWRzZWVrXGF1dG9tYXRpb25ccGVyc3VhZGVcdnNwcm9qZWN0c1xwZXJzdWFkZXBlcmZvcm1hbmNlXHBlcnN1YWRlcGVyZm9ybWFuY2Vcd2VidGVzdHNcZ2xvYmFsIHRlc3RzXGZhY2Vib29rc2V0aGllcmFyY2h5LndlYnRlc3QiIElkPSI2MWMzMDBjMC1mZmVkLTRlZTMtOTU0Ni03MzcwODI3MDJiZGEiIElzQ29kZWRXZWJUZXN0PSJGYWxzZSIgSW5oZXJpdFdlYlRlc3RTZXR0aW5ncz0iRmFsc2UiIC8+DQogICAgPENvbW1lbnQgQ29tbWVudFRleHQ9IkxpYnJhcnkgLSBMYW5kaW5nIFBhZ2UiIC8+DQogICAgPFRyYW5zYWN0aW9uVGltZXIgTmFtZT0iTGlicmFyeSAtIExhbmRpbmcgUGFnZSI+DQogICAgICA8SXRlbXM+DQogICAgICAgIDxSZXF1ZXN0IE1ldGhvZD0iR0VUIiBHdWlkPSI0MTdlZDEyOS1iNDU0LTQ2ZWMtOTYxNC05MjNhYjRlOWQ5Y2YiIFZlcnNpb249IjEuMSIgVXJsPSJ7e1NlcnZlclVybH19L2xhbmRpbmdfcGFnZXMiIFRoaW5rVGltZT0iMCIgVGltZW91dD0iNjAiIFBhcnNlRGVwZW5kZW50UmVxdWVzdHM9IlRydWUiIEZvbGxvd1JlZGlyZWN0cz0iVHJ1ZSIgUmVjb3JkUmVzdWx0PSJUcnVlIiBDYWNoZT0iRmFsc2UiIFJlc3BvbnNlVGltZUdvYWw9IjAiIEVuY29kaW5nPSJ1dGYtOCIgRXhwZWN0ZWRIdHRwU3RhdHVzQ29kZT0iMCIgRXhwZWN0ZWRSZXNwb25zZVVybD0iIiBSZXBvcnRpbmdOYW1lPSJMYW5kaW5nIFBhZ2UiIElnbm9yZUh0dHBTdGF0dXNDb2RlPSJGYWxzZSI+DQogICAgICAgICAgPEhlYWRlcnM+DQogICAgICAgICAgICA8SGVhZGVyIE5hbWU9IlVwZ3JhZGUtSW5zZWN1cmUtUmVxdWVzdHMiIFZhbHVlPSIxIiAvPg0KICAgICAgICAgIDwvSGVhZGVycz4NCiAgICAgICAgPC9SZXF1ZXN0Pg0KICAgICAgPC9JdGVtcz4NCiAgICA8L1RyYW5zYWN0aW9uVGltZXI+DQogICAgPENvbW1lbnQgQ29tbWVudFRleHQ9IkNyZWF0ZSBMYW5kaW5nIFBhZ2UiIC8+DQogICAgPFRyYW5zYWN0aW9uVGltZXIgTmFtZT0iQ3JlYXRlIExhbmRpbmcgUGFnZSI+DQogICAgICA8SXRlbXM+DQogICAgICAgIDxSZXF1ZXN0IE1ldGhvZD0iR0VUIiBHdWlkPSI1NWQ1NjcxYS0zNGMzLTQ1ZWItOTAwMy1kYTU4ODg3MmI4ZDIiIFZlcnNpb249IjEuMSIgVXJsPSJ7e1NlcnZlclVybH19L2xhbmRpbmdfcGFnZXMvbmV3IiBUaGlua1RpbWU9IjAiIFRpbWVvdXQ9IjYwIiBQYXJzZURlcGVuZGVudFJlcXVlc3RzPSJUcnVlIiBGb2xsb3dSZWRpcmVjdHM9IlRydWUiIFJlY29yZFJlc3VsdD0iVHJ1ZSIgQ2FjaGU9IkZhbHNlIiBSZXNwb25zZVRpbWVHb2FsPSIwIiBFbmNvZGluZz0idXRmLTgiIEV4cGVjdGVkSHR0cFN0YXR1c0NvZGU9IjAiIEV4cGVjdGVkUmVzcG9uc2VVcmw9IiIgUmVwb3J0aW5nTmFtZT0iIiBJZ25vcmVIdHRwU3RhdHVzQ29kZT0iRmFsc2UiPg0KICAgICAgICAgIDxIZWFkZXJzPg0KICAgICAgICAgICAgPEhlYWRlciBOYW1lPSJYLUNTUkYtVG9rZW4iIFZhbHVlPSJ7e2F1dGhUb2tlbn19IiAvPg0KICAgICAgICAgICAgPEhlYWRlciBOYW1lPSJYLVJlcXVlc3RlZC1XaXRoIiBWYWx1ZT0iWE1MSHR0cFJlcXVlc3QiIC8+DQogICAgICAgICAgICA8SGVhZGVyIE5hbWU9IklmLU5vbmUtTWF0Y2giIFZhbHVlPSImcXVvdDs2YThiMmZjZGEzMDBhN2FiMjY4YzQxZTBhMjUwODRjNCZxdW90OyIgLz4NCiAgICAgICAgICA8L0hlYWRlcnM+DQogICAgICAgICAgPEV4dHJhY3Rpb25SdWxlcz4NCiAgICAgICAgICAgIDxFeHRyYWN0aW9uUnVsZSBDbGFzc25hbWU9Ik1pY3Jvc29mdC5WaXN1YWxTdHVkaW8uVGVzdFRvb2xzLldlYlRlc3RpbmcuUnVsZXMuRXh0cmFjdFRleHQsIE1pY3Jvc29mdC5WaXN1YWxTdHVkaW8uUXVhbGl0eVRvb2xzLldlYlRlc3RGcmFtZXdvcmssIFZlcnNpb249MTAuMC4wLjAsIEN1bHR1cmU9bmV1dHJhbCwgUHVibGljS2V5VG9rZW49YjAzZjVmN2YxMWQ1MGEzYSIgVmFyaWFibGVOYW1lPSJmb3JtSWQiIERpc3BsYXlOYW1lPSJFeHRyYWN0IFRleHQiIERlc2NyaXB0aW9uPSJFeHRyYWN0IHRleHQgZnJvbSB0aGUgcmVzcG9uc2UgYW5kIHBsYWNlIGl0IGludG8gdGhlIHRlc3QgY29udGV4dC4iPg0KICAgICAgICAgICAgICA8UnVsZVBhcmFtZXRlcnM+DQogICAgICAgICAgICAgICAgPFJ1bGVQYXJhbWV0ZXIgTmFtZT0iU3RhcnRzV2l0aCIgVmFsdWU9InZhbHVlPSZxdW90OyIgLz4NCiAgICAgICAgICAgICAgICA8UnVsZVBhcmFtZXRlciBOYW1lPSJFbmRzV2l0aCIgVmFsdWU9IiZxdW90OyZndDsiIC8+DQogICAgICAgICAgICAgICAgPFJ1bGVQYXJhbWV0ZXIgTmFtZT0iSWdub3JlQ2FzZSIgVmFsdWU9IkZhbHNlIiAvPg0KICAgICAgICAgICAgICAgIDxSdWxlUGFyYW1ldGVyIE5hbWU9IlVzZVJlZ3VsYXJFeHByZXNzaW9uIiBWYWx1ZT0iRmFsc2UiIC8+DQogICAgICAgICAgICAgICAgPFJ1bGVQYXJhbWV0ZXIgTmFtZT0iUmVxdWlyZWQiIFZhbHVlPSJUcnVlIiAvPg0KICAgICAgICAgICAgICAgIDxSdWxlUGFyYW1ldGVyIE5hbWU9IkV4dHJhY3RSYW5kb21NYXRjaCIgVmFsdWU9IlRydWUiIC8+DQogICAgICAgICAgICAgICAgPFJ1bGVQYXJhbWV0ZXIgTmFtZT0iSW5kZXgiIFZhbHVlPSIwIiAvPg0KICAgICAgICAgICAgICAgIDxSdWxlUGFyYW1ldGVyIE5hbWU9Ikh0bWxEZWNvZGUiIFZhbHVlPSJUcnVlIiAvPg0KICAgICAgICAgICAgICAgIDxSdWxlUGFyYW1ldGVyIE5hbWU9IlNlYXJjaEluSGVhZGVycyIgVmFsdWU9IkZhbHNlIiAvPg0KICAgICAgICAgICAgICA8L1J1bGVQYXJhbWV0ZXJzPg0KICAgICAgICAgICAgPC9FeHRyYWN0aW9uUnVsZT4NCiAgICAgICAgICA8L0V4dHJhY3Rpb25SdWxlcz4NCiAgICAgICAgPC9SZXF1ZXN0Pg0KICAgICAgICA8UmVxdWVzdCBNZXRob2Q9IkdFVCIgR3VpZD0iYWM1OWM4ZDItODA5MC00MzEzLThjMzctODIyMTdkMzBlZGZmIiBWZXJzaW9uPSIxLjEiIFVybD0ie3tTZXJ2ZXJVcmx9fS9waG9uZV9udW1iZXJzIiBUaGlua1RpbWU9IjAiIFRpbWVvdXQ9IjYwIiBQYXJzZURlcGVuZGVudFJlcXVlc3RzPSJUcnVlIiBGb2xsb3dSZWRpcmVjdHM9IlRydWUiIFJlY29yZFJlc3VsdD0iVHJ1ZSIgQ2FjaGU9IkZhbHNlIiBSZXNwb25zZVRpbWVHb2FsPSIwIiBFbmNvZGluZz0idXRmLTgiIEV4cGVjdGVkSHR0cFN0YXR1c0NvZGU9IjAiIEV4cGVjdGVkUmVzcG9uc2VVcmw9IiIgUmVwb3J0aW5nTmFtZT0iUGhvbmUgTnVtYmVycyIgSWdub3JlSHR0cFN0YXR1c0NvZGU9IkZhbHNlIj4NCiAgICAgICAgICA8SGVhZGVycz4NCiAgICAgICAgICAgIDxIZWFkZXIgTmFtZT0iWC1DU1JGLVRva2VuIiBWYWx1ZT0ie3thdXRoVG9rZW59fSIgLz4NCiAgICAgICAgICAgIDxIZWFkZXIgTmFtZT0iWC1SZXF1ZXN0ZWQtV2l0aCIgVmFsdWU9IlhNTEh0dHBSZXF1ZXN0IiAvPg0KICAgICAgICAgICAgPEhlYWRlciBOYW1lPSJJZi1Ob25lLU1hdGNoIiBWYWx1ZT0iJnF1b3Q7MzQ1OGVlNzEyMzEyNDc2MjA5Yzg1ZDU3NTBhNjY3ZTQmcXVvdDsiIC8+DQogICAgICAgICAgPC9IZWFkZXJzPg0KICAgICAgICAgIDxFeHRyYWN0aW9uUnVsZXM+DQogICAgICAgICAgICA8RXh0cmFjdGlvblJ1bGUgQ2xhc3NuYW1lPSJNaWNyb3NvZnQuVmlzdWFsU3R1ZGlvLlRlc3RUb29scy5XZWJUZXN0aW5nLlJ1bGVzLkV4dHJhY3RBdHRyaWJ1dGVWYWx1ZSwgTWljcm9zb2Z0LlZpc3VhbFN0dWRpby5RdWFsaXR5VG9vbHMuV2ViVGVzdEZyYW1ld29yaywgVmVyc2lvbj0xMC4wLjAuMCwgQ3VsdHVyZT1uZXV0cmFsLCBQdWJsaWNLZXlUb2tlbj1iMDNmNWY3ZjExZDUwYTNhIiBWYXJpYWJsZU5hbWU9InBob25lTnVtYmVySWQiIERpc3BsYXlOYW1lPSJFeHRyYWN0IEF0dHJpYnV0ZSBWYWx1ZSIgRGVzY3JpcHRpb249IkV4dHJhY3QgdGhlIHZhbHVlIG9mIGFuIGF0dHJpYnV0ZSBmcm9tIGEgc3BlY2lmaWVkIEhUTUwgdGFnLiI+DQogICAgICAgICAgICAgIDxSdWxlUGFyYW1ldGVycz4NCiAgICAgICAgICAgICAgICA8UnVsZVBhcmFtZXRlciBOYW1lPSJUYWdOYW1lIiBWYWx1ZT0iaW5wdXQiIC8+DQogICAgICAgICAgICAgICAgPFJ1bGVQYXJhbWV0ZXIgTmFtZT0iQXR0cmlidXRlTmFtZSIgVmFsdWU9InZhbHVlIiAvPg0KICAgICAgICAgICAgICAgIDxSdWxlUGFyYW1ldGVyIE5hbWU9Ik1hdGNoQXR0cmlidXRlTmFtZSIgVmFsdWU9ImNsYXNzIiAvPg0KICAgICAgICAgICAgICAgIDxSdWxlUGFyYW1ldGVyIE5hbWU9Ik1hdGNoQXR0cmlidXRlVmFsdWUiIFZhbHVlPSJyb3ctc2VsZWN0b3IiIC8+DQogICAgICAgICAgICAgICAgPFJ1bGVQYXJhbWV0ZXIgTmFtZT0iSHRtbERlY29kZSIgVmFsdWU9IlRydWUiIC8+DQogICAgICAgICAgICAgICAgPFJ1bGVQYXJhbWV0ZXIgTmFtZT0iUmVxdWlyZWQiIFZhbHVlPSJUcnVlIiAvPg0KICAgICAgICAgICAgICAgIDxSdWxlUGFyYW1ldGVyIE5hbWU9IkluZGV4IiBWYWx1ZT0iMCIgLz4NCiAgICAgICAgICAgICAgPC9SdWxlUGFyYW1ldGVycz4NCiAgICAgICAgICAgIDwvRXh0cmFjdGlvblJ1bGU+DQogICAgICAgICAgPC9FeHRyYWN0aW9uUnVsZXM+DQogICAgICAgICAgPFF1ZXJ5U3RyaW5nUGFyYW1ldGVycz4NCiAgICAgICAgICAgIDxRdWVyeVN0cmluZ1BhcmFtZXRlciBOYW1lPSJwYXJhbWV0ZXJzW2J1c2luZXNzX3VuaXRfaWRdIiBWYWx1ZT0ie3tGYWNlYm9va0hpZXJhcmNoeS5GYWNlYm9va0hpZXJhcmNoeSNjc3YuVGllcjNJZH19IiBSZWNvcmRlZFZhbHVlPSIiIENvcnJlbGF0aW9uQmluZGluZz0iIiBVcmxFbmNvZGU9IlRydWUiIFVzZVRvR3JvdXBSZXN1bHRzPSJGYWxzZSIgLz4NCiAgICAgICAgICA8L1F1ZXJ5U3RyaW5nUGFyYW1ldGVycz4NCiAgICAgICAgPC9SZXF1ZXN0Pg0KICAgICAgICA8UmVxdWVzdCBNZXRob2Q9IlBPU1QiIEd1aWQ9ImNiNzdmYWVhLTUyMmMtNGQ1OS1hMTMzLTcyOWRiM2M2NTQ3MiIgVmVyc2lvbj0iMS4xIiBVcmw9Int7U2VydmVyVXJsfX0vYXBpL2dldF9sYW5kaW5nX3BhZ2VfY29udGVudCIgVGhpbmtUaW1lPSIwIiBUaW1lb3V0PSI2MCIgUGFyc2VEZXBlbmRlbnRSZXF1ZXN0cz0iVHJ1ZSIgRm9sbG93UmVkaXJlY3RzPSJUcnVlIiBSZWNvcmRSZXN1bHQ9IlRydWUiIENhY2hlPSJGYWxzZSIgUmVzcG9uc2VUaW1lR29hbD0iMCIgRW5jb2Rpbmc9InV0Zi04IiBFeHBlY3RlZEh0dHBTdGF0dXNDb2RlPSIwIiBFeHBlY3RlZFJlc3BvbnNlVXJsPSIiIFJlcG9ydGluZ05hbWU9IiIgSWdub3JlSHR0cFN0YXR1c0NvZGU9IkZhbHNlIj4NCiAgICAgICAgICA8SGVhZGVycz4NCiAgICAgICAgICAgIDxIZWFkZXIgTmFtZT0iT3JpZ2luIiBWYWx1ZT0ie3tTZXJ2ZXJVcmx9fSIgLz4NCiAgICAgICAgICAgIDxIZWFkZXIgTmFtZT0iVXBncmFkZS1JbnNlY3VyZS1SZXF1ZXN0cyIgVmFsdWU9IjEiIC8+DQogICAgICAgICAgICA8SGVhZGVyIE5hbWU9IkNvbnRlbnQtVHlwZSIgVmFsdWU9ImFwcGxpY2F0aW9uL3gtd3d3LWZvcm0tdXJsZW5jb2RlZCIgLz4NCiAgICAgICAgICA8L0hlYWRlcnM+DQogICAgICAgICAgPFF1ZXJ5U3RyaW5nUGFyYW1ldGVycz4NCiAgICAgICAgICAgIDxRdWVyeVN0cmluZ1BhcmFtZXRlciBOYW1lPSJza2lwX2xlYWQiIFZhbHVlPSJ0cnVlIiBSZWNvcmRlZFZhbHVlPSIiIENvcnJlbGF0aW9uQmluZGluZz0iIiBVcmxFbmNvZGU9IlRydWUiIFVzZVRvR3JvdXBSZXN1bHRzPSJGYWxzZSIgLz4NCiAgICAgICAgICA8L1F1ZXJ5U3RyaW5nUGFyYW1ldGVycz4NCiAgICAgICAgICA8Rm9ybVBvc3RIdHRwQm9keT4NCiAgICAgICAgICAgIDxGb3JtUG9zdFBhcmFtZXRlciBOYW1lPSJ1dGY4IiBWYWx1ZT0i4pyTIiBSZWNvcmRlZFZhbHVlPSIiIENvcnJlbGF0aW9uQmluZGluZz0iIiBVcmxFbmNvZGU9IlRydWUiIC8+DQogICAgICAgICAgICA8Rm9ybVBvc3RQYXJhbWV0ZXIgTmFtZT0iYXV0aGVudGljaXR5X3Rva2VuIiBWYWx1ZT0ie3thdXRoVG9rZW59fSIgUmVjb3JkZWRWYWx1ZT0iIiBDb3JyZWxhdGlvbkJpbmRpbmc9IiIgVXJsRW5jb2RlPSJUcnVlIiAvPg0KICAgICAgICAgICAgPEZvcm1Qb3N0UGFyYW1ldGVyIE5hbWU9ImxhbmRpbmdfcGFnZVthZ2VuY3lfaWRdIiBWYWx1ZT0ie3tGYWNlYm9va0hpZXJhcmNoeS5GYWNlYm9va0hpZXJhcmNoeSNjc3YuVGllcjFJZH19IiBSZWNvcmRlZFZhbHVlPSIiIENvcnJlbGF0aW9uQmluZGluZz0iIiBVcmxFbmNvZGU9IlRydWUiIC8+DQogICAgICAgICAgICA8Rm9ybVBvc3RQYXJhbWV0ZXIgTmFtZT0ibGFuZGluZ19wYWdlW2NsaWVudF9pZF0iIFZhbHVlPSJ7e0ZhY2Vib29rSGllcmFyY2h5LkZhY2Vib29rSGllcmFyY2h5I2Nzdi5UaWVyMklkfX0iIFJlY29yZGVkVmFsdWU9IiIgQ29ycmVsYXRpb25CaW5kaW5nPSIiIFVybEVuY29kZT0iVHJ1ZSIgLz4NCiAgICAgICAgICAgIDxGb3JtUG9zdFBhcmFtZXRlciBOYW1lPSJsYW5kaW5nX3BhZ2VbYnVzaW5lc3NfdW5pdF9pZF0iIFZhbHVlPSJ7e0ZhY2Vib29rSGllcmFyY2h5LkZhY2Vib29rSGllcmFyY2h5I2Nzdi5UaWVyM0lkfX0iIFJlY29yZGVkVmFsdWU9IiIgQ29ycmVsYXRpb25CaW5kaW5nPSIiIFVybEVuY29kZT0iVHJ1ZSIgLz4NCiAgICAgICAgICAgIDxGb3JtUG9zdFBhcmFtZXRlciBOYW1lPSJsYW5kaW5nX3BhZ2VbbmFtZV0iIFZhbHVlPSJQZXJmTGFuZGluZ1BhZ2V7e3NlZWROdW1iZXJ9fSIgUmVjb3JkZWRWYWx1ZT0iIiBDb3JyZWxhdGlvbkJpbmRpbmc9IiIgVXJsRW5jb2RlPSJUcnVlIiAvPg0KICAgICAgICAgICAgPEZvcm1Qb3N0UGFyYW1ldGVyIE5hbWU9ImxhbmRpbmdfcGFnZVt0eXBlXSIgVmFsdWU9IkNvbnRhY3RMYW5kaW5nUGFnZSIgUmVjb3JkZWRWYWx1ZT0iIiBDb3JyZWxhdGlvbkJpbmRpbmc9IiIgVXJsRW5jb2RlPSJUcnVlIiAvPg0KICAgICAgICAgICAgPEZvcm1Qb3N0UGFyYW1ldGVyIE5hbWU9ImxhbmRpbmdfcGFnZVt0YWJfbGFiZWxdIiBWYWx1ZT0iIiBSZWNvcmRlZFZhbHVlPSIiIENvcnJlbGF0aW9uQmluZGluZz0iIiBVcmxFbmNvZGU9IlRydWUiIC8+DQogICAgICAgICAgICA8Rm9ybVBvc3RQYXJhbWV0ZXIgTmFtZT0ibGFuZGluZ19wYWdlW3RoYW5rX3lvdV9vdmVycmlkZV0iIFZhbHVlPSJmb3JtX2J1aWxkZXIiIFJlY29yZGVkVmFsdWU9IiIgQ29ycmVsYXRpb25CaW5kaW5nPSIiIFVybEVuY29kZT0iVHJ1ZSIgLz4NCiAgICAgICAgICAgIDxGb3JtUG9zdFBhcmFtZXRlciBOYW1lPSJ0ZW1wbGF0ZV9hdHRyaWJ1dGVzW2RhdGFdW2ZyZWVfZm9ybV9waG9uZV0iIFZhbHVlPSIiIFJlY29yZGVkVmFsdWU9IiIgQ29ycmVsYXRpb25CaW5kaW5nPSIiIFVybEVuY29kZT0iVHJ1ZSIgLz4NCiAgICAgICAgICAgIDxGb3JtUG9zdFBhcmFtZXRlciBOYW1lPSJ0ZW1wbGF0ZV9hdHRyaWJ1dGVzW2RhdGFdW3Bob25lX3N3YXBwZXJdIiBWYWx1ZT0idHJ1ZSIgUmVjb3JkZWRWYWx1ZT0iIiBDb3JyZWxhdGlvbkJpbmRpbmc9IiIgVXJsRW5jb2RlPSJUcnVlIiAvPg0KICAgICAgICAgICAgPEZvcm1Qb3N0UGFyYW1ldGVyIE5hbWU9InRlbXBsYXRlX2F0dHJpYnV0ZXNbZGF0YV1bcGhvbmVfdGV4dF9iZWZvcmVdIiBWYWx1ZT0iIiBSZWNvcmRlZFZhbHVlPSIiIENvcnJlbGF0aW9uQmluZGluZz0iIiBVcmxFbmNvZGU9IlRydWUiIC8+DQogICAgICAgICAgICA8Rm9ybVBvc3RQYXJhbWV0ZXIgTmFtZT0idGVtcGxhdGVfYXR0cmlidXRlc1tkYXRhXVtwaG9uZV90ZXh0X2FmdGVyXSIgVmFsdWU9IiIgUmVjb3JkZWRWYWx1ZT0iIiBDb3JyZWxhdGlvbkJpbmRpbmc9IiIgVXJsRW5jb2RlPSJUcnVlIiAvPg0KICAgICAgICAgICAgPEZvcm1Qb3N0UGFyYW1ldGVyIE5hbWU9InRlbXBsYXRlX2F0dHJpYnV0ZXNbY29sb3JfZGF0YV1bcGhvbmVfYmddIiBWYWx1ZT0iIiBSZWNvcmRlZFZhbHVlPSIiIENvcnJlbGF0aW9uQmluZGluZz0iIiBVcmxFbmNvZGU9IlRydWUiIC8+DQogICAgICAgICAgICA8Rm9ybVBvc3RQYXJhbWV0ZXIgTmFtZT0idGVtcGxhdGVfYXR0cmlidXRlc1tjb2xvcl9kYXRhXVtwaG9uZV90ZXh0XSIgVmFsdWU9IiIgUmVjb3JkZWRWYWx1ZT0iIiBDb3JyZWxhdGlvbkJpbmRpbmc9IiIgVXJsRW5jb2RlPSJUcnVlIiAvPg0KICAgICAgICAgICAgPEZvcm1Qb3N0UGFyYW1ldGVyIE5hbWU9InRlbXBsYXRlX2F0dHJpYnV0ZXNbY29sb3JfZGF0YV1bcGhvbmVfaGlnaGxpZ2h0XSIgVmFsdWU9IiIgUmVjb3JkZWRWYWx1ZT0iIiBDb3JyZWxhdGlvbkJpbmRpbmc9IiIgVXJsRW5jb2RlPSJUcnVlIiAvPg0KICAgICAgICAgICAgPEZvcm1Qb3N0UGFyYW1ldGVyIE5hbWU9InRlbXBsYXRlX2F0dHJpYnV0ZXNbZGF0YV1bbW9iaWxlX2J1dHRvbl90ZXh0XSIgVmFsdWU9IiIgUmVjb3JkZWRWYWx1ZT0iIiBDb3JyZWxhdGlvbkJpbmRpbmc9IiIgVXJsRW5jb2RlPSJUcnVlIiAvPg0KICAgICAgICAgICAgPEZvcm1Qb3N0UGFyYW1ldGVyIE5hbWU9InRlbXBsYXRlX2F0dHJpYnV0ZXNbY29sb3JfZGF0YV1bZm9ybV9iZ10iIFZhbHVlPSIiIFJlY29yZGVkVmFsdWU9IiIgQ29ycmVsYXRpb25CaW5kaW5nPSIiIFVybEVuY29kZT0iVHJ1ZSIgLz4NCiAgICAgICAgICAgIDxGb3JtUG9zdFBhcmFtZXRlciBOYW1lPSJ0ZW1wbGF0ZV9hdHRyaWJ1dGVzW2NvbG9yX2RhdGFdW2Zvcm1fdGV4dF0iIFZhbHVlPSIiIFJlY29yZGVkVmFsdWU9IiIgQ29ycmVsYXRpb25CaW5kaW5nPSIiIFVybEVuY29kZT0iVHJ1ZSIgLz4NCiAgICAgICAgICAgIDxGb3JtUG9zdFBhcmFtZXRlciBOYW1lPSJ0ZW1wbGF0ZV9hdHRyaWJ1dGVzW2NvbG9yX2RhdGFdW2Zvcm1faGlnaGxpZ2h0XSIgVmFsdWU9IiIgUmVjb3JkZWRWYWx1ZT0iIiBDb3JyZWxhdGlvbkJpbmRpbmc9IiIgVXJsRW5jb2RlPSJUcnVlIiAvPg0KICAgICAgICAgICAgPEZvcm1Qb3N0UGFyYW1ldGVyIE5hbWU9InRlbXBsYXRlX2F0dHJpYnV0ZXNbY29sb3JfZGF0YV1bYnV0dG9uX2NvbG9yXSIgVmFsdWU9IiIgUmVjb3JkZWRWYWx1ZT0iIiBDb3JyZWxhdGlvbkJpbmRpbmc9IiIgVXJsRW5jb2RlPSJUcnVlIiAvPg0KICAgICAgICAgICAgPEZvcm1Qb3N0UGFyYW1ldGVyIE5hbWU9InRlbXBsYXRlX2F0dHJpYnV0ZXNbY29sb3JfZGF0YV1bYnV0dG9uX3RleHRdIiBWYWx1ZT0iIiBSZWNvcmRlZFZhbHVlPSIiIENvcnJlbGF0aW9uQmluZGluZz0iIiBVcmxFbmNvZGU9IlRydWUiIC8+DQogICAgICAgICAgICA8Rm9ybVBvc3RQYXJhbWV0ZXIgTmFtZT0idGVtcGxhdGVfYXR0cmlidXRlc1tkYXRhXVt1c3BfaW1hZ2VfaWRdIiBWYWx1ZT0iIiBSZWNvcmRlZFZhbHVlPSIiIENvcnJlbGF0aW9uQmluZGluZz0iIiBVcmxFbmNvZGU9IlRydWUiIC8+DQogICAgICAgICAgICA8Rm9ybVBvc3RQYXJhbWV0ZXIgTmFtZT0idGVtcGxhdGVfYXR0cmlidXRlc1tkYXRhXVt1c3BfdGl0bGVdIiBWYWx1ZT0iIiBSZWNvcmRlZFZhbHVlPSIiIENvcnJlbGF0aW9uQmluZGluZz0iIiBVcmxFbmNvZGU9IlRydWUiIC8+DQogICAgICAgICAgICA8Rm9ybVBvc3RQYXJhbWV0ZXIgTmFtZT0idGVtcGxhdGVfYXR0cmlidXRlc1tkYXRhXVt1c3BfbGlzdF0iIFZhbHVlPSIiIFJlY29yZGVkVmFsdWU9IiIgQ29ycmVsYXRpb25CaW5kaW5nPSIiIFVybEVuY29kZT0iVHJ1ZSIgLz4NCiAgICAgICAgICAgIDxGb3JtUG9zdFBhcmFtZXRlciBOYW1lPSJ0ZW1wbGF0ZV9hdHRyaWJ1dGVzW2NvbG9yX2RhdGFdW3VzcF9iZ10iIFZhbHVlPSIiIFJlY29yZGVkVmFsdWU9IiIgQ29ycmVsYXRpb25CaW5kaW5nPSIiIFVybEVuY29kZT0iVHJ1ZSIgLz4NCiAgICAgICAgICAgIDxGb3JtUG9zdFBhcmFtZXRlciBOYW1lPSJ0ZW1wbGF0ZV9hdHRyaWJ1dGVzW2NvbG9yX2RhdGFdW3VzcF90ZXh0XSIgVmFsdWU9IiIgUmVjb3JkZWRWYWx1ZT0iIiBDb3JyZWxhdGlvbkJpbmRpbmc9IiIgVXJsRW5jb2RlPSJUcnVlIiAvPg0KICAgICAgICAgICAgPEZvcm1Qb3N0UGFyYW1ldGVyIE5hbWU9InRlbXBsYXRlX2F0dHJpYnV0ZXNbY29sb3JfZGF0YV1bdXNwX2hpZ2hsaWdodF0iIFZhbHVlPSIiIFJlY29yZGVkVmFsdWU9IiIgQ29ycmVsYXRpb25CaW5kaW5nPSIiIFVybEVuY29kZT0iVHJ1ZSIgLz4NCiAgICAgICAgICAgIDxGb3JtUG9zdFBhcmFtZXRlciBOYW1lPSJ0ZW1wbGF0ZV9hdHRyaWJ1dGVzW2RhdGFdW2hlYWRlcl9pbWFnZV9pZF0iIFZhbHVlPSIiIFJlY29yZGVkVmFsdWU9IiIgQ29ycmVsYXRpb25CaW5kaW5nPSIiIFVybEVuY29kZT0iVHJ1ZSIgLz4NCiAgICAgICAgICAgIDxGb3JtUG9zdFBhcmFtZXRlciBOYW1lPSJ0ZW1wbGF0ZV9hdHRyaWJ1dGVzW2RhdGFdW2NhbGxvdXRfaW1hZ2VfaWRdIiBWYWx1ZT0iIiBSZWNvcmRlZFZhbHVlPSIiIENvcnJlbGF0aW9uQmluZGluZz0iIiBVcmxFbmNvZGU9IlRydWUiIC8+DQogICAgICAgICAgICA8Rm9ybVBvc3RQYXJhbWV0ZXIgTmFtZT0idGVtcGxhdGVfYXR0cmlidXRlc1tkYXRhXVtjYWxsb3V0X2NvbnRlbnRdIiBWYWx1ZT0iIiBSZWNvcmRlZFZhbHVlPSIiIENvcnJlbGF0aW9uQmluZGluZz0iIiBVcmxFbmNvZGU9IlRydWUiIC8+DQogICAgICAgICAgICA8Rm9ybVBvc3RQYXJhbWV0ZXIgTmFtZT0idGVtcGxhdGVfYXR0cmlidXRlc1tjb2xvcl9kYXRhXVtjYWxsb3V0X2JnXSIgVmFsdWU9IiIgUmVjb3JkZWRWYWx1ZT0iIiBDb3JyZWxhdGlvbkJpbmRpbmc9IiIgVXJsRW5jb2RlPSJUcnVlIiAvPg0KICAgICAgICAgICAgPEZvcm1Qb3N0UGFyYW1ldGVyIE5hbWU9InRlbXBsYXRlX2F0dHJpYnV0ZXNbY29sb3JfZGF0YV1bY2FsbG91dF90ZXh0XSIgVmFsdWU9IiIgUmVjb3JkZWRWYWx1ZT0iIiBDb3JyZWxhdGlvbkJpbmRpbmc9IiIgVXJsRW5jb2RlPSJUcnVlIiAvPg0KICAgICAgICAgICAgPEZvcm1Qb3N0UGFyYW1ldGVyIE5hbWU9InRlbXBsYXRlX2F0dHJpYnV0ZXNbY29sb3JfZGF0YV1bYm9keV90ZXh0XSIgVmFsdWU9IiIgUmVjb3JkZWRWYWx1ZT0iIiBDb3JyZWxhdGlvbkJpbmRpbmc9IiIgVXJsRW5jb2RlPSJUcnVlIiAvPg0KICAgICAgICAgICAgPEZvcm1Qb3N0UGFyYW1ldGVyIE5hbWU9InRlbXBsYXRlX2F0dHJpYnV0ZXNbY29sb3JfZGF0YV1bYm9keV9saW5rXSIgVmFsdWU9IiIgUmVjb3JkZWRWYWx1ZT0iIiBDb3JyZWxhdGlvbkJpbmRpbmc9IiIgVXJsRW5jb2RlPSJUcnVlIiAvPg0KICAgICAgICAgICAgPEZvcm1Qb3N0UGFyYW1ldGVyIE5hbWU9InRlbXBsYXRlX2F0dHJpYnV0ZXNbY29sb3JfZGF0YV1bYmFja2dyb3VuZF0iIFZhbHVlPSIiIFJlY29yZGVkVmFsdWU9IiIgQ29ycmVsYXRpb25CaW5kaW5nPSIiIFVybEVuY29kZT0iVHJ1ZSIgLz4NCiAgICAgICAgICAgIDxGb3JtUG9zdFBhcmFtZXRlciBOYW1lPSJ0ZW1wbGF0ZV9hdHRyaWJ1dGVzW2NvbG9yX2RhdGFdW2xlZnRfYmFyXSIgVmFsdWU9IiIgUmVjb3JkZWRWYWx1ZT0iIiBDb3JyZWxhdGlvbkJpbmRpbmc9IiIgVXJsRW5jb2RlPSJUcnVlIiAvPg0KICAgICAgICAgICAgPEZvcm1Qb3N0UGFyYW1ldGVyIE5hbWU9InRlbXBsYXRlX2F0dHJpYnV0ZXNbY29sb3JfZGF0YV1bcmlnaHRfYmFyXSIgVmFsdWU9IiIgUmVjb3JkZWRWYWx1ZT0iIiBDb3JyZWxhdGlvbkJpbmRpbmc9IiIgVXJsRW5jb2RlPSJUcnVlIiAvPg0KICAgICAgICAgICAgPEZvcm1Qb3N0UGFyYW1ldGVyIE5hbWU9InRlbXBsYXRlX2F0dHJpYnV0ZXNbZGF0YV1bdHdpdHRlcl93aWRnZXRfaWRdIiBWYWx1ZT0iIiBSZWNvcmRlZFZhbHVlPSIiIENvcnJlbGF0aW9uQmluZGluZz0iIiBVcmxFbmNvZGU9IlRydWUiIC8+DQogICAgICAgICAgICA8Rm9ybVBvc3RQYXJhbWV0ZXIgTmFtZT0ibGFuZGluZ19wYWdlW2Rlc2NyaXB0aW9uXSIgVmFsdWU9IiIgUmVjb3JkZWRWYWx1ZT0iIiBDb3JyZWxhdGlvbkJpbmRpbmc9IiIgVXJsRW5jb2RlPSJUcnVlIiAvPg0KICAgICAgICAgICAgPEZvcm1Qb3N0UGFyYW1ldGVyIE5hbWU9ImxhbmRpbmdfcGFnZVt1c2Vfcmlza19hc3Nlc3NtZW50XSIgVmFsdWU9IjAiIFJlY29yZGVkVmFsdWU9IiIgQ29ycmVsYXRpb25CaW5kaW5nPSIiIFVybEVuY29kZT0iVHJ1ZSIgLz4NCiAgICAgICAgICAgIDxGb3JtUG9zdFBhcmFtZXRlciBOYW1lPSJsYW5kaW5nX3BhZ2Vbcmlza19hc3Nlc3NtZW50X3VybF0iIFZhbHVlPSIiIFJlY29yZGVkVmFsdWU9IiIgQ29ycmVsYXRpb25CaW5kaW5nPSIiIFVybEVuY29kZT0iVHJ1ZSIgLz4NCiAgICAgICAgICAgIDxGb3JtUG9zdFBhcmFtZXRlciBOYW1lPSJsYW5kaW5nX3BhZ2Vbcmlza19hc3Nlc3NtZW50X2Rpc3BsYXlfbWV0aG9kXSIgVmFsdWU9IjEiIFJlY29yZGVkVmFsdWU9IiIgQ29ycmVsYXRpb25CaW5kaW5nPSIiIFVybEVuY29kZT0iVHJ1ZSIgLz4NCiAgICAgICAgICAgIDxGb3JtUG9zdFBhcmFtZXRlciBOYW1lPSJsYW5kaW5nX3BhZ2VbdXNlX2xpa2VfZ2F0ZV0iIFZhbHVlPSIwIiBSZWNvcmRlZFZhbHVlPSIiIENvcnJlbGF0aW9uQmluZGluZz0iIiBVcmxFbmNvZGU9IlRydWUiIC8+DQogICAgICAgICAgICA8Rm9ybVBvc3RQYXJhbWV0ZXIgTmFtZT0ibGFuZGluZ19wYWdlW2xpa2VfZ2F0ZV90ZXh0XSIgVmFsdWU9IiIgUmVjb3JkZWRWYWx1ZT0iIiBDb3JyZWxhdGlvbkJpbmRpbmc9IiIgVXJsRW5jb2RlPSJUcnVlIiAvPg0KICAgICAgICAgICAgPEZvcm1Qb3N0UGFyYW1ldGVyIE5hbWU9ImxhbmRpbmdfcGFnZVt1c2VybmFtZV0iIFZhbHVlPSIiIFJlY29yZGVkVmFsdWU9IiIgQ29ycmVsYXRpb25CaW5kaW5nPSIiIFVybEVuY29kZT0iVHJ1ZSIgLz4NCiAgICAgICAgICAgIDxGb3JtUG9zdFBhcmFtZXRlciBOYW1lPSJsYW5kaW5nX3BhZ2VbcGFzc3dvcmRdIiBWYWx1ZT0iIiBSZWNvcmRlZFZhbHVlPSIiIENvcnJlbGF0aW9uQmluZGluZz0iIiBVcmxFbmNvZGU9IlRydWUiIC8+DQogICAgICAgICAgICA8Rm9ybVBvc3RQYXJhbWV0ZXIgTmFtZT0ibGFuZGluZ19wYWdlW2lzX2FjdGl2ZV0iIFZhbHVlPSIxIiBSZWNvcmRlZFZhbHVlPSIiIENvcnJlbGF0aW9uQmluZGluZz0iIiBVcmxFbmNvZGU9IlRydWUiIC8+DQogICAgICAgICAgICA8Rm9ybVBvc3RQYXJhbWV0ZXIgTmFtZT0idGVtcGxhdGVfYXR0cmlidXRlc1t0eXBlXSIgVmFsdWU9IlRlbXBsYXRlczo6QmFzaWMiIFJlY29yZGVkVmFsdWU9IiIgQ29ycmVsYXRpb25CaW5kaW5nPSIiIFVybEVuY29kZT0iVHJ1ZSIgLz4NCiAgICAgICAgICAgIDxGb3JtUG9zdFBhcmFtZXRlciBOYW1lPSJwYWxldHRlIiBWYWx1ZT0iIiBSZWNvcmRlZFZhbHVlPSIiIENvcnJlbGF0aW9uQmluZGluZz0iIiBVcmxFbmNvZGU9IlRydWUiIC8+DQogICAgICAgICAgICA8Rm9ybVBvc3RQYXJhbWV0ZXIgTmFtZT0ibGFuZGluZ19wYWdlW2NvbnZlcnNpb25fcGl4ZWxfaWRdIiBWYWx1ZT0iIiBSZWNvcmRlZFZhbHVlPSIiIENvcnJlbGF0aW9uQmluZGluZz0iIiBVcmxFbmNvZGU9IlRydWUiIC8+DQogICAgICAgICAgICA8Rm9ybVBvc3RQYXJhbWV0ZXIgTmFtZT0idGVtcGxhdGVfYXR0cmlidXRlc1tkYXRhXVtwaG9uZV9udW1iZXJfaWRdIiBWYWx1ZT0iIiBSZWNvcmRlZFZhbHVlPSIiIENvcnJlbGF0aW9uQmluZGluZz0iIiBVcmxFbmNvZGU9IlRydWUiIC8+DQogICAgICAgICAgICA8Rm9ybVBvc3RQYXJhbWV0ZXIgTmFtZT0idGVtcGxhdGVfYXR0cmlidXRlc1tkYXRhXVtmb3JtX2lkXSIgVmFsdWU9IiIgUmVjb3JkZWRWYWx1ZT0iIiBDb3JyZWxhdGlvbkJpbmRpbmc9IiIgVXJsRW5jb2RlPSJUcnVlIiAvPg0KICAgICAgICAgICAgPEZvcm1Qb3N0UGFyYW1ldGVyIE5hbWU9InRlbXBsYXRlX2F0dHJpYnV0ZXNbZGF0YV1bc2VsbGluZ19wb2ludF9pZF0iIFZhbHVlPSIiIFJlY29yZGVkVmFsdWU9IiIgQ29ycmVsYXRpb25CaW5kaW5nPSIiIFVybEVuY29kZT0iVHJ1ZSIgLz4NCiAgICAgICAgICAgIDxGb3JtUG9zdFBhcmFtZXRlciBOYW1lPSJ0ZW1wbGF0ZV9hdHRyaWJ1dGVzW2RhdGFdW2NhbGxvdXRfb3BhY2l0eV0iIFZhbHVlPSIiIFJlY29yZGVkVmFsdWU9IiIgQ29ycmVsYXRpb25CaW5kaW5nPSIiIFVybEVuY29kZT0iVHJ1ZSIgLz4NCiAgICAgICAgICAgIDxGb3JtUG9zdFBhcmFtZXRlciBOYW1lPSJhbmFseXRpY3NfcHJvcGVydHlfaWQiIFZhbHVlPSIiIFJlY29yZGVkVmFsdWU9IiIgQ29ycmVsYXRpb25CaW5kaW5nPSIiIFVybEVuY29kZT0iVHJ1ZSIgLz4NCiAgICAgICAgICAgIDxGb3JtUG9zdFBhcmFtZXRlciBOYW1lPSJsYW5kaW5nX3BhZ2VbdGhhbmtfeW91X2JvZHldIiBWYWx1ZT0iIiBSZWNvcmRlZFZhbHVlPSIiIENvcnJlbGF0aW9uQmluZGluZz0iIiBVcmxFbmNvZGU9IlRydWUiIC8+DQogICAgICAgICAgICA8Rm9ybVBvc3RQYXJhbWV0ZXIgTmFtZT0idGVtcGxhdGVfYXR0cmlidXRlc1tkYXRhXVtib2R5XSIgVmFsdWU9IiIgUmVjb3JkZWRWYWx1ZT0iIiBDb3JyZWxhdGlvbkJpbmRpbmc9IiIgVXJsRW5jb2RlPSJUcnVlIiAvPg0KICAgICAgICAgIDwvRm9ybVBvc3RIdHRwQm9keT4NCiAgICAgICAgPC9SZXF1ZXN0Pg0KICAgICAgPC9JdGVtcz4NCiAgICA8L1RyYW5zYWN0aW9uVGltZXI+DQogICAgPENvbW1lbnQgQ29tbWVudFRleHQ9IlNlbGVjdCBGb3JtIiAvPg0KICAgIDxUcmFuc2FjdGlvblRpbWVyIE5hbWU9IlNlbGVjdCBGb3JtIj4NCiAgICAgIDxJdGVtcz4NCiAgICAgICAgPFJlcXVlc3QgTWV0aG9kPSJQT1NUIiBHdWlkPSIxZGE2YWE4MS00MjNlLTQ5OTAtYTI0NS1iNmJmMzAwZjczYTgiIFZlcnNpb249IjEuMSIgVXJsPSJ7e1NlcnZlclVybH19L2FwaS9nZXRfbGFuZGluZ19wYWdlX2NvbnRlbnQiIFRoaW5rVGltZT0iMCIgVGltZW91dD0iNjAiIFBhcnNlRGVwZW5kZW50UmVxdWVzdHM9IlRydWUiIEZvbGxvd1JlZGlyZWN0cz0iVHJ1ZSIgUmVjb3JkUmVzdWx0PSJUcnVlIiBDYWNoZT0iRmFsc2UiIFJlc3BvbnNlVGltZUdvYWw9IjAiIEVuY29kaW5nPSJ1dGYtOCIgRXhwZWN0ZWRIdHRwU3RhdHVzQ29kZT0iMCIgRXhwZWN0ZWRSZXNwb25zZVVybD0iIiBSZXBvcnRpbmdOYW1lPSIiIElnbm9yZUh0dHBTdGF0dXNDb2RlPSJGYWxzZSI+DQogICAgICAgICAgPEhlYWRlcnM+DQogICAgICAgICAgICA8SGVhZGVyIE5hbWU9Ik9yaWdpbiIgVmFsdWU9Int7U2VydmVyVXJsfX0iIC8+DQogICAgICAgICAgICA8SGVhZGVyIE5hbWU9IlVwZ3JhZGUtSW5zZWN1cmUtUmVxdWVzdHMiIFZhbHVlPSIxIiAvPg0KICAgICAgICAgICAgPEhlYWRlciBOYW1lPSJDb250ZW50LVR5cGUiIFZhbHVlPSJhcHBsaWNhdGlvbi94LXd3dy1mb3JtLXVybGVuY29kZWQiIC8+DQogICAgICAgICAgPC9IZWFkZXJzPg0KICAgICAgICAgIDxRdWVyeVN0cmluZ1BhcmFtZXRlcnM+DQogICAgICAgICAgICA8UXVlcnlTdHJpbmdQYXJhbWV0ZXIgTmFtZT0ic2tpcF9sZWFkIiBWYWx1ZT0idHJ1ZSIgUmVjb3JkZWRWYWx1ZT0iIiBDb3JyZWxhdGlvbkJpbmRpbmc9IiIgVXJsRW5jb2RlPSJUcnVlIiBVc2VUb0dyb3VwUmVzdWx0cz0iRmFsc2UiIC8+DQogICAgICAgICAgPC9RdWVyeVN0cmluZ1BhcmFtZXRlcnM+DQogICAgICAgICAgPEZvcm1Qb3N0SHR0cEJvZHk+DQogICAgICAgICAgICA8Rm9ybVBvc3RQYXJhbWV0ZXIgTmFtZT0idXRmOCIgVmFsdWU9IuKckyIgUmVjb3JkZWRWYWx1ZT0iIiBDb3JyZWxhdGlvbkJpbmRpbmc9IiIgVXJsRW5jb2RlPSJUcnVlIiAvPg0KICAgICAgICAgICAgPEZvcm1Qb3N0UGFyYW1ldGVyIE5hbWU9ImF1dGhlbnRpY2l0eV90b2tlbiIgVmFsdWU9Int7YXV0aFRva2VufX0iIFJlY29yZGVkVmFsdWU9IiIgQ29ycmVsYXRpb25CaW5kaW5nPSIiIFVybEVuY29kZT0iVHJ1ZSIgLz4NCiAgICAgICAgICAgIDxGb3JtUG9zdFBhcmFtZXRlciBOYW1lPSJsYW5kaW5nX3BhZ2VbYWdlbmN5X2lkXSIgVmFsdWU9Int7RmFjZWJvb2tIaWVyYXJjaHkuRmFjZWJvb2tIaWVyYXJjaHkjY3N2LlRpZXIxSWR9fSIgUmVjb3JkZWRWYWx1ZT0iIiBDb3JyZWxhdGlvbkJpbmRpbmc9IiIgVXJsRW5jb2RlPSJUcnVlIiAvPg0KICAgICAgICAgICAgPEZvcm1Qb3N0UGFyYW1ldGVyIE5hbWU9ImxhbmRpbmdfcGFnZVtjbGllbnRfaWRdIiBWYWx1ZT0ie3tGYWNlYm9va0hpZXJhcmNoeS5GYWNlYm9va0hpZXJhcmNoeSNjc3YuVGllcjJJZH19IiBSZWNvcmRlZFZhbHVlPSIiIENvcnJlbGF0aW9uQmluZGluZz0iIiBVcmxFbmNvZGU9IlRydWUiIC8+DQogICAgICAgICAgICA8Rm9ybVBvc3RQYXJhbWV0ZXIgTmFtZT0ibGFuZGluZ19wYWdlW2J1c2luZXNzX3VuaXRfaWRdIiBWYWx1ZT0ie3tGYWNlYm9va0hpZXJhcmNoeS5GYWNlYm9va0hpZXJhcmNoeSNjc3YuVGllcjNJZH19IiBSZWNvcmRlZFZhbHVlPSIiIENvcnJlbGF0aW9uQmluZGluZz0iIiBVcmxFbmNvZGU9IlRydWUiIC8+DQogICAgICAgICAgICA8Rm9ybVBvc3RQYXJhbWV0ZXIgTmFtZT0ibGFuZGluZ19wYWdlW25hbWVdIiBWYWx1ZT0iUGVyZkxhbmRpbmdQYWdle3tzZWVkTnVtYmVyfX0iIFJlY29yZGVkVmFsdWU9IiIgQ29ycmVsYXRpb25CaW5kaW5nPSIiIFVybEVuY29kZT0iVHJ1ZSIgLz4NCiAgICAgICAgICAgIDxGb3JtUG9zdFBhcmFtZXRlciBOYW1lPSJsYW5kaW5nX3BhZ2VbdHlwZV0iIFZhbHVlPSJDb250YWN0TGFuZGluZ1BhZ2UiIFJlY29yZGVkVmFsdWU9IiIgQ29ycmVsYXRpb25CaW5kaW5nPSIiIFVybEVuY29kZT0iVHJ1ZSIgLz4NCiAgICAgICAgICAgIDxGb3JtUG9zdFBhcmFtZXRlciBOYW1lPSJsYW5kaW5nX3BhZ2VbdGFiX2xhYmVsXSIgVmFsdWU9IiIgUmVjb3JkZWRWYWx1ZT0iIiBDb3JyZWxhdGlvbkJpbmRpbmc9IiIgVXJsRW5jb2RlPSJUcnVlIiAvPg0KICAgICAgICAgICAgPEZvcm1Qb3N0UGFyYW1ldGVyIE5hbWU9ImxhbmRpbmdfcGFnZVt0aGFua195b3Vfb3ZlcnJpZGVdIiBWYWx1ZT0iZm9ybV9idWlsZGVyIiBSZWNvcmRlZFZhbHVlPSIiIENvcnJlbGF0aW9uQmluZGluZz0iIiBVcmxFbmNvZGU9IlRydWUiIC8+DQogICAgICAgICAgICA8Rm9ybVBvc3RQYXJhbWV0ZXIgTmFtZT0idGVtcGxhdGVfYXR0cmlidXRlc1tkYXRhXVtmcmVlX2Zvcm1fcGhvbmVdIiBWYWx1ZT0iIiBSZWNvcmRlZFZhbHVlPSIiIENvcnJlbGF0aW9uQmluZGluZz0iIiBVcmxFbmNvZGU9IlRydWUiIC8+DQogICAgICAgICAgICA8Rm9ybVBvc3RQYXJhbWV0ZXIgTmFtZT0idGVtcGxhdGVfYXR0cmlidXRlc1tkYXRhXVtwaG9uZV9zd2FwcGVyXSIgVmFsdWU9InRydWUiIFJlY29yZGVkVmFsdWU9IiIgQ29ycmVsYXRpb25CaW5kaW5nPSIiIFVybEVuY29kZT0iVHJ1ZSIgLz4NCiAgICAgICAgICAgIDxGb3JtUG9zdFBhcmFtZXRlciBOYW1lPSJ0ZW1wbGF0ZV9hdHRyaWJ1dGVzW2RhdGFdW3Bob25lX3RleHRfYmVmb3JlXSIgVmFsdWU9IiIgUmVjb3JkZWRWYWx1ZT0iIiBDb3JyZWxhdGlvbkJpbmRpbmc9IiIgVXJsRW5jb2RlPSJUcnVlIiAvPg0KICAgICAgICAgICAgPEZvcm1Qb3N0UGFyYW1ldGVyIE5hbWU9InRlbXBsYXRlX2F0dHJpYnV0ZXNbZGF0YV1bcGhvbmVfdGV4dF9hZnRlcl0iIFZhbHVlPSIiIFJlY29yZGVkVmFsdWU9IiIgQ29ycmVsYXRpb25CaW5kaW5nPSIiIFVybEVuY29kZT0iVHJ1ZSIgLz4NCiAgICAgICAgICAgIDxGb3JtUG9zdFBhcmFtZXRlciBOYW1lPSJ0ZW1wbGF0ZV9hdHRyaWJ1dGVzW2NvbG9yX2RhdGFdW3Bob25lX2JnXSIgVmFsdWU9IiIgUmVjb3JkZWRWYWx1ZT0iIiBDb3JyZWxhdGlvbkJpbmRpbmc9IiIgVXJsRW5jb2RlPSJUcnVlIiAvPg0KICAgICAgICAgICAgPEZvcm1Qb3N0UGFyYW1ldGVyIE5hbWU9InRlbXBsYXRlX2F0dHJpYnV0ZXNbY29sb3JfZGF0YV1bcGhvbmVfdGV4dF0iIFZhbHVlPSIiIFJlY29yZGVkVmFsdWU9IiIgQ29ycmVsYXRpb25CaW5kaW5nPSIiIFVybEVuY29kZT0iVHJ1ZSIgLz4NCiAgICAgICAgICAgIDxGb3JtUG9zdFBhcmFtZXRlciBOYW1lPSJ0ZW1wbGF0ZV9hdHRyaWJ1dGVzW2NvbG9yX2RhdGFdW3Bob25lX2hpZ2hsaWdodF0iIFZhbHVlPSIiIFJlY29yZGVkVmFsdWU9IiIgQ29ycmVsYXRpb25CaW5kaW5nPSIiIFVybEVuY29kZT0iVHJ1ZSIgLz4NCiAgICAgICAgICAgIDxGb3JtUG9zdFBhcmFtZXRlciBOYW1lPSJ0ZW1wbGF0ZV9hdHRyaWJ1dGVzW2RhdGFdW21vYmlsZV9idXR0b25fdGV4dF0iIFZhbHVlPSIiIFJlY29yZGVkVmFsdWU9IiIgQ29ycmVsYXRpb25CaW5kaW5nPSIiIFVybEVuY29kZT0iVHJ1ZSIgLz4NCiAgICAgICAgICAgIDxGb3JtUG9zdFBhcmFtZXRlciBOYW1lPSJ0ZW1wbGF0ZV9hdHRyaWJ1dGVzW2NvbG9yX2RhdGFdW2Zvcm1fYmddIiBWYWx1ZT0iIiBSZWNvcmRlZFZhbHVlPSIiIENvcnJlbGF0aW9uQmluZGluZz0iIiBVcmxFbmNvZGU9IlRydWUiIC8+DQogICAgICAgICAgICA8Rm9ybVBvc3RQYXJhbWV0ZXIgTmFtZT0idGVtcGxhdGVfYXR0cmlidXRlc1tjb2xvcl9kYXRhXVtmb3JtX3RleHRdIiBWYWx1ZT0iIiBSZWNvcmRlZFZhbHVlPSIiIENvcnJlbGF0aW9uQmluZGluZz0iIiBVcmxFbmNvZGU9IlRydWUiIC8+DQogICAgICAgICAgICA8Rm9ybVBvc3RQYXJhbWV0ZXIgTmFtZT0idGVtcGxhdGVfYXR0cmlidXRlc1tjb2xvcl9kYXRhXVtmb3JtX2hpZ2hsaWdodF0iIFZhbHVlPSIiIFJlY29yZGVkVmFsdWU9IiIgQ29ycmVsYXRpb25CaW5kaW5nPSIiIFVybEVuY29kZT0iVHJ1ZSIgLz4NCiAgICAgICAgICAgIDxGb3JtUG9zdFBhcmFtZXRlciBOYW1lPSJ0ZW1wbGF0ZV9hdHRyaWJ1dGVzW2NvbG9yX2RhdGFdW2J1dHRvbl9jb2xvcl0iIFZhbHVlPSIiIFJlY29yZGVkVmFsdWU9IiIgQ29ycmVsYXRpb25CaW5kaW5nPSIiIFVybEVuY29kZT0iVHJ1ZSIgLz4NCiAgICAgICAgICAgIDxGb3JtUG9zdFBhcmFtZXRlciBOYW1lPSJ0ZW1wbGF0ZV9hdHRyaWJ1dGVzW2NvbG9yX2RhdGFdW2J1dHRvbl90ZXh0XSIgVmFsdWU9IiIgUmVjb3JkZWRWYWx1ZT0iIiBDb3JyZWxhdGlvbkJpbmRpbmc9IiIgVXJsRW5jb2RlPSJUcnVlIiAvPg0KICAgICAgICAgICAgPEZvcm1Qb3N0UGFyYW1ldGVyIE5hbWU9InRlbXBsYXRlX2F0dHJpYnV0ZXNbZGF0YV1bdXNwX2ltYWdlX2lkXSIgVmFsdWU9IiIgUmVjb3JkZWRWYWx1ZT0iIiBDb3JyZWxhdGlvbkJpbmRpbmc9IiIgVXJsRW5jb2RlPSJUcnVlIiAvPg0KICAgICAgICAgICAgPEZvcm1Qb3N0UGFyYW1ldGVyIE5hbWU9InRlbXBsYXRlX2F0dHJpYnV0ZXNbZGF0YV1bdXNwX3RpdGxlXSIgVmFsdWU9IiIgUmVjb3JkZWRWYWx1ZT0iIiBDb3JyZWxhdGlvbkJpbmRpbmc9IiIgVXJsRW5jb2RlPSJUcnVlIiAvPg0KICAgICAgICAgICAgPEZvcm1Qb3N0UGFyYW1ldGVyIE5hbWU9InRlbXBsYXRlX2F0dHJpYnV0ZXNbZGF0YV1bdXNwX2xpc3RdIiBWYWx1ZT0iIiBSZWNvcmRlZFZhbHVlPSIiIENvcnJlbGF0aW9uQmluZGluZz0iIiBVcmxFbmNvZGU9IlRydWUiIC8+DQogICAgICAgICAgICA8Rm9ybVBvc3RQYXJhbWV0ZXIgTmFtZT0idGVtcGxhdGVfYXR0cmlidXRlc1tjb2xvcl9kYXRhXVt1c3BfYmddIiBWYWx1ZT0iIiBSZWNvcmRlZFZhbHVlPSIiIENvcnJlbGF0aW9uQmluZGluZz0iIiBVcmxFbmNvZGU9IlRydWUiIC8+DQogICAgICAgICAgICA8Rm9ybVBvc3RQYXJhbWV0ZXIgTmFtZT0idGVtcGxhdGVfYXR0cmlidXRlc1tjb2xvcl9kYXRhXVt1c3BfdGV4dF0iIFZhbHVlPSIiIFJlY29yZGVkVmFsdWU9IiIgQ29ycmVsYXRpb25CaW5kaW5nPSIiIFVybEVuY29kZT0iVHJ1ZSIgLz4NCiAgICAgICAgICAgIDxGb3JtUG9zdFBhcmFtZXRlciBOYW1lPSJ0ZW1wbGF0ZV9hdHRyaWJ1dGVzW2NvbG9yX2RhdGFdW3VzcF9oaWdobGlnaHRdIiBWYWx1ZT0iIiBSZWNvcmRlZFZhbHVlPSIiIENvcnJlbGF0aW9uQmluZGluZz0iIiBVcmxFbmNvZGU9IlRydWUiIC8+DQogICAgICAgICAgICA8Rm9ybVBvc3RQYXJhbWV0ZXIgTmFtZT0idGVtcGxhdGVfYXR0cmlidXRlc1tkYXRhXVtoZWFkZXJfaW1hZ2VfaWRdIiBWYWx1ZT0iIiBSZWNvcmRlZFZhbHVlPSIiIENvcnJlbGF0aW9uQmluZGluZz0iIiBVcmxFbmNvZGU9IlRydWUiIC8+DQogICAgICAgICAgICA8Rm9ybVBvc3RQYXJhbWV0ZXIgTmFtZT0idGVtcGxhdGVfYXR0cmlidXRlc1tkYXRhXVtjYWxsb3V0X2ltYWdlX2lkXSIgVmFsdWU9IiIgUmVjb3JkZWRWYWx1ZT0iIiBDb3JyZWxhdGlvbkJpbmRpbmc9IiIgVXJsRW5jb2RlPSJUcnVlIiAvPg0KICAgICAgICAgICAgPEZvcm1Qb3N0UGFyYW1ldGVyIE5hbWU9InRlbXBsYXRlX2F0dHJpYnV0ZXNbZGF0YV1bY2FsbG91dF9jb250ZW50XSIgVmFsdWU9IiIgUmVjb3JkZWRWYWx1ZT0iIiBDb3JyZWxhdGlvbkJpbmRpbmc9IiIgVXJsRW5jb2RlPSJUcnVlIiAvPg0KICAgICAgICAgICAgPEZvcm1Qb3N0UGFyYW1ldGVyIE5hbWU9InRlbXBsYXRlX2F0dHJpYnV0ZXNbY29sb3JfZGF0YV1bY2FsbG91dF9iZ10iIFZhbHVlPSIiIFJlY29yZGVkVmFsdWU9IiIgQ29ycmVsYXRpb25CaW5kaW5nPSIiIFVybEVuY29kZT0iVHJ1ZSIgLz4NCiAgICAgICAgICAgIDxGb3JtUG9zdFBhcmFtZXRlciBOYW1lPSJ0ZW1wbGF0ZV9hdHRyaWJ1dGVzW2NvbG9yX2RhdGFdW2NhbGxvdXRfdGV4dF0iIFZhbHVlPSIiIFJlY29yZGVkVmFsdWU9IiIgQ29ycmVsYXRpb25CaW5kaW5nPSIiIFVybEVuY29kZT0iVHJ1ZSIgLz4NCiAgICAgICAgICAgIDxGb3JtUG9zdFBhcmFtZXRlciBOYW1lPSJ0ZW1wbGF0ZV9hdHRyaWJ1dGVzW2NvbG9yX2RhdGFdW2JvZHlfdGV4dF0iIFZhbHVlPSIiIFJlY29yZGVkVmFsdWU9IiIgQ29ycmVsYXRpb25CaW5kaW5nPSIiIFVybEVuY29kZT0iVHJ1ZSIgLz4NCiAgICAgICAgICAgIDxGb3JtUG9zdFBhcmFtZXRlciBOYW1lPSJ0ZW1wbGF0ZV9hdHRyaWJ1dGVzW2NvbG9yX2RhdGFdW2JvZHlfbGlua10iIFZhbHVlPSIiIFJlY29yZGVkVmFsdWU9IiIgQ29ycmVsYXRpb25CaW5kaW5nPSIiIFVybEVuY29kZT0iVHJ1ZSIgLz4NCiAgICAgICAgICAgIDxGb3JtUG9zdFBhcmFtZXRlciBOYW1lPSJ0ZW1wbGF0ZV9hdHRyaWJ1dGVzW2NvbG9yX2RhdGFdW2JhY2tncm91bmRdIiBWYWx1ZT0iIiBSZWNvcmRlZFZhbHVlPSIiIENvcnJlbGF0aW9uQmluZGluZz0iIiBVcmxFbmNvZGU9IlRydWUiIC8+DQogICAgICAgICAgICA8Rm9ybVBvc3RQYXJhbWV0ZXIgTmFtZT0idGVtcGxhdGVfYXR0cmlidXRlc1tjb2xvcl9kYXRhXVtsZWZ0X2Jhcl0iIFZhbHVlPSIiIFJlY29yZGVkVmFsdWU9IiIgQ29ycmVsYXRpb25CaW5kaW5nPSIiIFVybEVuY29kZT0iVHJ1ZSIgLz4NCiAgICAgICAgICAgIDxGb3JtUG9zdFBhcmFtZXRlciBOYW1lPSJ0ZW1wbGF0ZV9hdHRyaWJ1dGVzW2NvbG9yX2RhdGFdW3JpZ2h0X2Jhcl0iIFZhbHVlPSIiIFJlY29yZGVkVmFsdWU9IiIgQ29ycmVsYXRpb25CaW5kaW5nPSIiIFVybEVuY29kZT0iVHJ1ZSIgLz4NCiAgICAgICAgICAgIDxGb3JtUG9zdFBhcmFtZXRlciBOYW1lPSJ0ZW1wbGF0ZV9hdHRyaWJ1dGVzW2RhdGFdW3R3aXR0ZXJfd2lkZ2V0X2lkXSIgVmFsdWU9IiIgUmVjb3JkZWRWYWx1ZT0iIiBDb3JyZWxhdGlvbkJpbmRpbmc9IiIgVXJsRW5jb2RlPSJUcnVlIiAvPg0KICAgICAgICAgICAgPEZvcm1Qb3N0UGFyYW1ldGVyIE5hbWU9ImxhbmRpbmdfcGFnZVtkZXNjcmlwdGlvbl0iIFZhbHVlPSIiIFJlY29yZGVkVmFsdWU9IiIgQ29ycmVsYXRpb25CaW5kaW5nPSIiIFVybEVuY29kZT0iVHJ1ZSIgLz4NCiAgICAgICAgICAgIDxGb3JtUG9zdFBhcmFtZXRlciBOYW1lPSJsYW5kaW5nX3BhZ2VbdXNlX3Jpc2tfYXNzZXNzbWVudF0iIFZhbHVlPSIwIiBSZWNvcmRlZFZhbHVlPSIiIENvcnJlbGF0aW9uQmluZGluZz0iIiBVcmxFbmNvZGU9IlRydWUiIC8+DQogICAgICAgICAgICA8Rm9ybVBvc3RQYXJhbWV0ZXIgTmFtZT0ibGFuZGluZ19wYWdlW3Jpc2tfYXNzZXNzbWVudF91cmxdIiBWYWx1ZT0iIiBSZWNvcmRlZFZhbHVlPSIiIENvcnJlbGF0aW9uQmluZGluZz0iIiBVcmxFbmNvZGU9IlRydWUiIC8+DQogICAgICAgICAgICA8Rm9ybVBvc3RQYXJhbWV0ZXIgTmFtZT0ibGFuZGluZ19wYWdlW3Jpc2tfYXNzZXNzbWVudF9kaXNwbGF5X21ldGhvZF0iIFZhbHVlPSIxIiBSZWNvcmRlZFZhbHVlPSIiIENvcnJlbGF0aW9uQmluZGluZz0iIiBVcmxFbmNvZGU9IlRydWUiIC8+DQogICAgICAgICAgICA8Rm9ybVBvc3RQYXJhbWV0ZXIgTmFtZT0ibGFuZGluZ19wYWdlW3VzZV9saWtlX2dhdGVdIiBWYWx1ZT0iMCIgUmVjb3JkZWRWYWx1ZT0iIiBDb3JyZWxhdGlvbkJpbmRpbmc9IiIgVXJsRW5jb2RlPSJUcnVlIiAvPg0KICAgICAgICAgICAgPEZvcm1Qb3N0UGFyYW1ldGVyIE5hbWU9ImxhbmRpbmdfcGFnZVtsaWtlX2dhdGVfdGV4dF0iIFZhbHVlPSIiIFJlY29yZGVkVmFsdWU9IiIgQ29ycmVsYXRpb25CaW5kaW5nPSIiIFVybEVuY29kZT0iVHJ1ZSIgLz4NCiAgICAgICAgICAgIDxGb3JtUG9zdFBhcmFtZXRlciBOYW1lPSJsYW5kaW5nX3BhZ2VbdXNlcm5hbWVdIiBWYWx1ZT0iIiBSZWNvcmRlZFZhbHVlPSIiIENvcnJlbGF0aW9uQmluZGluZz0iIiBVcmxFbmNvZGU9IlRydWUiIC8+DQogICAgICAgICAgICA8Rm9ybVBvc3RQYXJhbWV0ZXIgTmFtZT0ibGFuZGluZ19wYWdlW3Bhc3N3b3JkXSIgVmFsdWU9IiIgUmVjb3JkZWRWYWx1ZT0iIiBDb3JyZWxhdGlvbkJpbmRpbmc9IiIgVXJsRW5jb2RlPSJUcnVlIiAvPg0KICAgICAgICAgICAgPEZvcm1Qb3N0UGFyYW1ldGVyIE5hbWU9ImxhbmRpbmdfcGFnZVtpc19hY3RpdmVdIiBWYWx1ZT0iMSIgUmVjb3JkZWRWYWx1ZT0iIiBDb3JyZWxhdGlvbkJpbmRpbmc9IiIgVXJsRW5jb2RlPSJUcnVlIiAvPg0KICAgICAgICAgICAgPEZvcm1Qb3N0UGFyYW1ldGVyIE5hbWU9InRlbXBsYXRlX2F0dHJpYnV0ZXNbdHlwZV0iIFZhbHVlPSJUZW1wbGF0ZXM6OkJhc2ljIiBSZWNvcmRlZFZhbHVlPSIiIENvcnJlbGF0aW9uQmluZGluZz0iIiBVcmxFbmNvZGU9IlRydWUiIC8+DQogICAgICAgICAgICA8Rm9ybVBvc3RQYXJhbWV0ZXIgTmFtZT0icGFsZXR0ZSIgVmFsdWU9IiIgUmVjb3JkZWRWYWx1ZT0iIiBDb3JyZWxhdGlvbkJpbmRpbmc9IiIgVXJsRW5jb2RlPSJUcnVlIiAvPg0KICAgICAgICAgICAgPEZvcm1Qb3N0UGFyYW1ldGVyIE5hbWU9ImxhbmRpbmdfcGFnZVtjb252ZXJzaW9uX3BpeGVsX2lkXSIgVmFsdWU9IiIgUmVjb3JkZWRWYWx1ZT0iIiBDb3JyZWxhdGlvbkJpbmRpbmc9IiIgVXJsRW5jb2RlPSJUcnVlIiAvPg0KICAgICAgICAgICAgPEZvcm1Qb3N0UGFyYW1ldGVyIE5hbWU9InRlbXBsYXRlX2F0dHJpYnV0ZXNbZGF0YV1bcGhvbmVfbnVtYmVyX2lkXSIgVmFsdWU9IiIgUmVjb3JkZWRWYWx1ZT0iIiBDb3JyZWxhdGlvbkJpbmRpbmc9IiIgVXJsRW5jb2RlPSJUcnVlIiAvPg0KICAgICAgICAgICAgPEZvcm1Qb3N0UGFyYW1ldGVyIE5hbWU9InRlbXBsYXRlX2F0dHJpYnV0ZXNbZGF0YV1bZm9ybV9pZF0iIFZhbHVlPSJ7e2Zvcm1JZH19IiBSZWNvcmRlZFZhbHVlPSIiIENvcnJlbGF0aW9uQmluZGluZz0iIiBVcmxFbmNvZGU9IlRydWUiIC8+DQogICAgICAgICAgICA8Rm9ybVBvc3RQYXJhbWV0ZXIgTmFtZT0idGVtcGxhdGVfYXR0cmlidXRlc1tkYXRhXVtzZWxsaW5nX3BvaW50X2lkXSIgVmFsdWU9IiIgUmVjb3JkZWRWYWx1ZT0iIiBDb3JyZWxhdGlvbkJpbmRpbmc9IiIgVXJsRW5jb2RlPSJUcnVlIiAvPg0KICAgICAgICAgICAgPEZvcm1Qb3N0UGFyYW1ldGVyIE5hbWU9InRlbXBsYXRlX2F0dHJpYnV0ZXNbZGF0YV1bY2FsbG91dF9vcGFjaXR5XSIgVmFsdWU9IiIgUmVjb3JkZWRWYWx1ZT0iIiBDb3JyZWxhdGlvbkJpbmRpbmc9IiIgVXJsRW5jb2RlPSJUcnVlIiAvPg0KICAgICAgICAgICAgPEZvcm1Qb3N0UGFyYW1ldGVyIE5hbWU9ImFuYWx5dGljc19wcm9wZXJ0eV9pZCIgVmFsdWU9IiIgUmVjb3JkZWRWYWx1ZT0iIiBDb3JyZWxhdGlvbkJpbmRpbmc9IiIgVXJsRW5jb2RlPSJUcnVlIiAvPg0KICAgICAgICAgICAgPEZvcm1Qb3N0UGFyYW1ldGVyIE5hbWU9ImxhbmRpbmdfcGFnZVt0aGFua195b3VfYm9keV0iIFZhbHVlPSIiIFJlY29yZGVkVmFsdWU9IiIgQ29ycmVsYXRpb25CaW5kaW5nPSIiIFVybEVuY29kZT0iVHJ1ZSIgLz4NCiAgICAgICAgICAgIDxGb3JtUG9zdFBhcmFtZXRlciBOYW1lPSJ0ZW1wbGF0ZV9hdHRyaWJ1dGVzW2RhdGFdW2JvZHldIiBWYWx1ZT0iIiBSZWNvcmRlZFZhbHVlPSIiIENvcnJlbGF0aW9uQmluZGluZz0iIiBVcmxFbmNvZGU9IlRydWUiIC8+DQogICAgICAgICAgPC9Gb3JtUG9zdEh0dHBCb2R5Pg0KICAgICAgICA8L1JlcXVlc3Q+DQogICAgICA8L0l0ZW1zPg0KICAgIDwvVHJhbnNhY3Rpb25UaW1lcj4NCiAgICA8Q29tbWVudCBDb21tZW50VGV4dD0iU2VsZWN0IFBob25lIE51bWJlciIgLz4NCiAgICA8VHJhbnNhY3Rpb25UaW1lciBOYW1lPSJTZWxlY3QgUGhvbmUgTnVtYmVyIj4NCiAgICAgIDxJdGVtcz4NCiAgICAgICAgPFJlcXVlc3QgTWV0aG9kPSJQT1NUIiBHdWlkPSIxMWU4MzQ1MC1lYjg1LTQ2ZjItYjNjNS01OTkzYjQ5M2FjOTgiIFZlcnNpb249IjEuMSIgVXJsPSJ7e1NlcnZlclVybH19L2FwaS9nZXRfbGFuZGluZ19wYWdlX2NvbnRlbnQiIFRoaW5rVGltZT0iMCIgVGltZW91dD0iNjAiIFBhcnNlRGVwZW5kZW50UmVxdWVzdHM9IlRydWUiIEZvbGxvd1JlZGlyZWN0cz0iVHJ1ZSIgUmVjb3JkUmVzdWx0PSJUcnVlIiBDYWNoZT0iRmFsc2UiIFJlc3BvbnNlVGltZUdvYWw9IjAiIEVuY29kaW5nPSJ1dGYtOCIgRXhwZWN0ZWRIdHRwU3RhdHVzQ29kZT0iMCIgRXhwZWN0ZWRSZXNwb25zZVVybD0iIiBSZXBvcnRpbmdOYW1lPSIiIElnbm9yZUh0dHBTdGF0dXNDb2RlPSJGYWxzZSI+DQogICAgICAgICAgPEhlYWRlcnM+DQogICAgICAgICAgICA8SGVhZGVyIE5hbWU9Ik9yaWdpbiIgVmFsdWU9Int7U2VydmVyVXJsfX0iIC8+DQogICAgICAgICAgICA8SGVhZGVyIE5hbWU9IlVwZ3JhZGUtSW5zZWN1cmUtUmVxdWVzdHMiIFZhbHVlPSIxIiAvPg0KICAgICAgICAgICAgPEhlYWRlciBOYW1lPSJDb250ZW50LVR5cGUiIFZhbHVlPSJhcHBsaWNhdGlvbi94LXd3dy1mb3JtLXVybGVuY29kZWQiIC8+DQogICAgICAgICAgPC9IZWFkZXJzPg0KICAgICAgICAgIDxRdWVyeVN0cmluZ1BhcmFtZXRlcnM+DQogICAgICAgICAgICA8UXVlcnlTdHJpbmdQYXJhbWV0ZXIgTmFtZT0ic2tpcF9sZWFkIiBWYWx1ZT0idHJ1ZSIgUmVjb3JkZWRWYWx1ZT0iIiBDb3JyZWxhdGlvbkJpbmRpbmc9IiIgVXJsRW5jb2RlPSJUcnVlIiBVc2VUb0dyb3VwUmVzdWx0cz0iRmFsc2UiIC8+DQogICAgICAgICAgPC9RdWVyeVN0cmluZ1BhcmFtZXRlcnM+DQogICAgICAgICAgPEZvcm1Qb3N0SHR0cEJvZHk+DQogICAgICAgICAgICA8Rm9ybVBvc3RQYXJhbWV0ZXIgTmFtZT0idXRmOCIgVmFsdWU9IuKckyIgUmVjb3JkZWRWYWx1ZT0iIiBDb3JyZWxhdGlvbkJpbmRpbmc9IiIgVXJsRW5jb2RlPSJUcnVlIiAvPg0KICAgICAgICAgICAgPEZvcm1Qb3N0UGFyYW1ldGVyIE5hbWU9ImF1dGhlbnRpY2l0eV90b2tlbiIgVmFsdWU9Int7YXV0aFRva2VufX0iIFJlY29yZGVkVmFsdWU9IiIgQ29ycmVsYXRpb25CaW5kaW5nPSIiIFVybEVuY29kZT0iVHJ1ZSIgLz4NCiAgICAgICAgICAgIDxGb3JtUG9zdFBhcmFtZXRlciBOYW1lPSJsYW5kaW5nX3BhZ2VbYWdlbmN5X2lkXSIgVmFsdWU9Int7RmFjZWJvb2tIaWVyYXJjaHkuRmFjZWJvb2tIaWVyYXJjaHkjY3N2LlRpZXIxSWR9fSIgUmVjb3JkZWRWYWx1ZT0iIiBDb3JyZWxhdGlvbkJpbmRpbmc9IiIgVXJsRW5jb2RlPSJUcnVlIiAvPg0KICAgICAgICAgICAgPEZvcm1Qb3N0UGFyYW1ldGVyIE5hbWU9ImxhbmRpbmdfcGFnZVtjbGllbnRfaWRdIiBWYWx1ZT0ie3tGYWNlYm9va0hpZXJhcmNoeS5GYWNlYm9va0hpZXJhcmNoeSNjc3YuVGllcjJJZH19IiBSZWNvcmRlZFZhbHVlPSIiIENvcnJlbGF0aW9uQmluZGluZz0iIiBVcmxFbmNvZGU9IlRydWUiIC8+DQogICAgICAgICAgICA8Rm9ybVBvc3RQYXJhbWV0ZXIgTmFtZT0ibGFuZGluZ19wYWdlW2J1c2luZXNzX3VuaXRfaWRdIiBWYWx1ZT0ie3tGYWNlYm9va0hpZXJhcmNoeS5GYWNlYm9va0hpZXJhcmNoeSNjc3YuVGllcjNJZH19IiBSZWNvcmRlZFZhbHVlPSIiIENvcnJlbGF0aW9uQmluZGluZz0iIiBVcmxFbmNvZGU9IlRydWUiIC8+DQogICAgICAgICAgICA8Rm9ybVBvc3RQYXJhbWV0ZXIgTmFtZT0ibGFuZGluZ19wYWdlW25hbWVdIiBWYWx1ZT0iUGVyZkxhbmRpbmdQYWdle3tzZWVkTnVtYmVyfX0iIFJlY29yZGVkVmFsdWU9IiIgQ29ycmVsYXRpb25CaW5kaW5nPSIiIFVybEVuY29kZT0iVHJ1ZSIgLz4NCiAgICAgICAgICAgIDxGb3JtUG9zdFBhcmFtZXRlciBOYW1lPSJsYW5kaW5nX3BhZ2VbdHlwZV0iIFZhbHVlPSJDb250YWN0TGFuZGluZ1BhZ2UiIFJlY29yZGVkVmFsdWU9IiIgQ29ycmVsYXRpb25CaW5kaW5nPSIiIFVybEVuY29kZT0iVHJ1ZSIgLz4NCiAgICAgICAgICAgIDxGb3JtUG9zdFBhcmFtZXRlciBOYW1lPSJsYW5kaW5nX3BhZ2VbdGFiX2xhYmVsXSIgVmFsdWU9IiIgUmVjb3JkZWRWYWx1ZT0iIiBDb3JyZWxhdGlvbkJpbmRpbmc9IiIgVXJsRW5jb2RlPSJUcnVlIiAvPg0KICAgICAgICAgICAgPEZvcm1Qb3N0UGFyYW1ldGVyIE5hbWU9ImxhbmRpbmdfcGFnZVt0aGFua195b3Vfb3ZlcnJpZGVdIiBWYWx1ZT0iZm9ybV9idWlsZGVyIiBSZWNvcmRlZFZhbHVlPSIiIENvcnJlbGF0aW9uQmluZGluZz0iIiBVcmxFbmNvZGU9IlRydWUiIC8+DQogICAgICAgICAgICA8Rm9ybVBvc3RQYXJhbWV0ZXIgTmFtZT0idGVtcGxhdGVfYXR0cmlidXRlc1tkYXRhXVtmcmVlX2Zvcm1fcGhvbmVdIiBWYWx1ZT0iIiBSZWNvcmRlZFZhbHVlPSIiIENvcnJlbGF0aW9uQmluZGluZz0iIiBVcmxFbmNvZGU9IlRydWUiIC8+DQogICAgICAgICAgICA8Rm9ybVBvc3RQYXJhbWV0ZXIgTmFtZT0idGVtcGxhdGVfYXR0cmlidXRlc1tkYXRhXVtwaG9uZV9zd2FwcGVyXSIgVmFsdWU9InRydWUiIFJlY29yZGVkVmFsdWU9IiIgQ29ycmVsYXRpb25CaW5kaW5nPSIiIFVybEVuY29kZT0iVHJ1ZSIgLz4NCiAgICAgICAgICAgIDxGb3JtUG9zdFBhcmFtZXRlciBOYW1lPSJ0ZW1wbGF0ZV9hdHRyaWJ1dGVzW2RhdGFdW3Bob25lX3RleHRfYmVmb3JlXSIgVmFsdWU9IiIgUmVjb3JkZWRWYWx1ZT0iIiBDb3JyZWxhdGlvbkJpbmRpbmc9IiIgVXJsRW5jb2RlPSJUcnVlIiAvPg0KICAgICAgICAgICAgPEZvcm1Qb3N0UGFyYW1ldGVyIE5hbWU9InRlbXBsYXRlX2F0dHJpYnV0ZXNbZGF0YV1bcGhvbmVfdGV4dF9hZnRlcl0iIFZhbHVlPSIiIFJlY29yZGVkVmFsdWU9IiIgQ29ycmVsYXRpb25CaW5kaW5nPSIiIFVybEVuY29kZT0iVHJ1ZSIgLz4NCiAgICAgICAgICAgIDxGb3JtUG9zdFBhcmFtZXRlciBOYW1lPSJ0ZW1wbGF0ZV9hdHRyaWJ1dGVzW2NvbG9yX2RhdGFdW3Bob25lX2JnXSIgVmFsdWU9IiIgUmVjb3JkZWRWYWx1ZT0iIiBDb3JyZWxhdGlvbkJpbmRpbmc9IiIgVXJsRW5jb2RlPSJUcnVlIiAvPg0KICAgICAgICAgICAgPEZvcm1Qb3N0UGFyYW1ldGVyIE5hbWU9InRlbXBsYXRlX2F0dHJpYnV0ZXNbY29sb3JfZGF0YV1bcGhvbmVfdGV4dF0iIFZhbHVlPSIiIFJlY29yZGVkVmFsdWU9IiIgQ29ycmVsYXRpb25CaW5kaW5nPSIiIFVybEVuY29kZT0iVHJ1ZSIgLz4NCiAgICAgICAgICAgIDxGb3JtUG9zdFBhcmFtZXRlciBOYW1lPSJ0ZW1wbGF0ZV9hdHRyaWJ1dGVzW2NvbG9yX2RhdGFdW3Bob25lX2hpZ2hsaWdodF0iIFZhbHVlPSIiIFJlY29yZGVkVmFsdWU9IiIgQ29ycmVsYXRpb25CaW5kaW5nPSIiIFVybEVuY29kZT0iVHJ1ZSIgLz4NCiAgICAgICAgICAgIDxGb3JtUG9zdFBhcmFtZXRlciBOYW1lPSJ0ZW1wbGF0ZV9hdHRyaWJ1dGVzW2RhdGFdW21vYmlsZV9idXR0b25fdGV4dF0iIFZhbHVlPSIiIFJlY29yZGVkVmFsdWU9IiIgQ29ycmVsYXRpb25CaW5kaW5nPSIiIFVybEVuY29kZT0iVHJ1ZSIgLz4NCiAgICAgICAgICAgIDxGb3JtUG9zdFBhcmFtZXRlciBOYW1lPSJ0ZW1wbGF0ZV9hdHRyaWJ1dGVzW2NvbG9yX2RhdGFdW2Zvcm1fYmddIiBWYWx1ZT0iIiBSZWNvcmRlZFZhbHVlPSIiIENvcnJlbGF0aW9uQmluZGluZz0iIiBVcmxFbmNvZGU9IlRydWUiIC8+DQogICAgICAgICAgICA8Rm9ybVBvc3RQYXJhbWV0ZXIgTmFtZT0idGVtcGxhdGVfYXR0cmlidXRlc1tjb2xvcl9kYXRhXVtmb3JtX3RleHRdIiBWYWx1ZT0iIiBSZWNvcmRlZFZhbHVlPSIiIENvcnJlbGF0aW9uQmluZGluZz0iIiBVcmxFbmNvZGU9IlRydWUiIC8+DQogICAgICAgICAgICA8Rm9ybVBvc3RQYXJhbWV0ZXIgTmFtZT0idGVtcGxhdGVfYXR0cmlidXRlc1tjb2xvcl9kYXRhXVtmb3JtX2hpZ2hsaWdodF0iIFZhbHVlPSIiIFJlY29yZGVkVmFsdWU9IiIgQ29ycmVsYXRpb25CaW5kaW5nPSIiIFVybEVuY29kZT0iVHJ1ZSIgLz4NCiAgICAgICAgICAgIDxGb3JtUG9zdFBhcmFtZXRlciBOYW1lPSJ0ZW1wbGF0ZV9hdHRyaWJ1dGVzW2NvbG9yX2RhdGFdW2J1dHRvbl9jb2xvcl0iIFZhbHVlPSIiIFJlY29yZGVkVmFsdWU9IiIgQ29ycmVsYXRpb25CaW5kaW5nPSIiIFVybEVuY29kZT0iVHJ1ZSIgLz4NCiAgICAgICAgICAgIDxGb3JtUG9zdFBhcmFtZXRlciBOYW1lPSJ0ZW1wbGF0ZV9hdHRyaWJ1dGVzW2NvbG9yX2RhdGFdW2J1dHRvbl90ZXh0XSIgVmFsdWU9IiIgUmVjb3JkZWRWYWx1ZT0iIiBDb3JyZWxhdGlvbkJpbmRpbmc9IiIgVXJsRW5jb2RlPSJUcnVlIiAvPg0KICAgICAgICAgICAgPEZvcm1Qb3N0UGFyYW1ldGVyIE5hbWU9InRlbXBsYXRlX2F0dHJpYnV0ZXNbZGF0YV1bdXNwX2ltYWdlX2lkXSIgVmFsdWU9IiIgUmVjb3JkZWRWYWx1ZT0iIiBDb3JyZWxhdGlvbkJpbmRpbmc9IiIgVXJsRW5jb2RlPSJUcnVlIiAvPg0KICAgICAgICAgICAgPEZvcm1Qb3N0UGFyYW1ldGVyIE5hbWU9InRlbXBsYXRlX2F0dHJpYnV0ZXNbZGF0YV1bdXNwX3RpdGxlXSIgVmFsdWU9IiIgUmVjb3JkZWRWYWx1ZT0iIiBDb3JyZWxhdGlvbkJpbmRpbmc9IiIgVXJsRW5jb2RlPSJUcnVlIiAvPg0KICAgICAgICAgICAgPEZvcm1Qb3N0UGFyYW1ldGVyIE5hbWU9InRlbXBsYXRlX2F0dHJpYnV0ZXNbZGF0YV1bdXNwX2xpc3RdIiBWYWx1ZT0iIiBSZWNvcmRlZFZhbHVlPSIiIENvcnJlbGF0aW9uQmluZGluZz0iIiBVcmxFbmNvZGU9IlRydWUiIC8+DQogICAgICAgICAgICA8Rm9ybVBvc3RQYXJhbWV0ZXIgTmFtZT0idGVtcGxhdGVfYXR0cmlidXRlc1tjb2xvcl9kYXRhXVt1c3BfYmddIiBWYWx1ZT0iIiBSZWNvcmRlZFZhbHVlPSIiIENvcnJlbGF0aW9uQmluZGluZz0iIiBVcmxFbmNvZGU9IlRydWUiIC8+DQogICAgICAgICAgICA8Rm9ybVBvc3RQYXJhbWV0ZXIgTmFtZT0idGVtcGxhdGVfYXR0cmlidXRlc1tjb2xvcl9kYXRhXVt1c3BfdGV4dF0iIFZhbHVlPSIiIFJlY29yZGVkVmFsdWU9IiIgQ29ycmVsYXRpb25CaW5kaW5nPSIiIFVybEVuY29kZT0iVHJ1ZSIgLz4NCiAgICAgICAgICAgIDxGb3JtUG9zdFBhcmFtZXRlciBOYW1lPSJ0ZW1wbGF0ZV9hdHRyaWJ1dGVzW2NvbG9yX2RhdGFdW3VzcF9oaWdobGlnaHRdIiBWYWx1ZT0iIiBSZWNvcmRlZFZhbHVlPSIiIENvcnJlbGF0aW9uQmluZGluZz0iIiBVcmxFbmNvZGU9IlRydWUiIC8+DQogICAgICAgICAgICA8Rm9ybVBvc3RQYXJhbWV0ZXIgTmFtZT0idGVtcGxhdGVfYXR0cmlidXRlc1tkYXRhXVtoZWFkZXJfaW1hZ2VfaWRdIiBWYWx1ZT0iIiBSZWNvcmRlZFZhbHVlPSIiIENvcnJlbGF0aW9uQmluZGluZz0iIiBVcmxFbmNvZGU9IlRydWUiIC8+DQogICAgICAgICAgICA8Rm9ybVBvc3RQYXJhbWV0ZXIgTmFtZT0idGVtcGxhdGVfYXR0cmlidXRlc1tkYXRhXVtjYWxsb3V0X2ltYWdlX2lkXSIgVmFsdWU9IiIgUmVjb3JkZWRWYWx1ZT0iIiBDb3JyZWxhdGlvbkJpbmRpbmc9IiIgVXJsRW5jb2RlPSJUcnVlIiAvPg0KICAgICAgICAgICAgPEZvcm1Qb3N0UGFyYW1ldGVyIE5hbWU9InRlbXBsYXRlX2F0dHJpYnV0ZXNbZGF0YV1bY2FsbG91dF9jb250ZW50XSIgVmFsdWU9IiIgUmVjb3JkZWRWYWx1ZT0iIiBDb3JyZWxhdGlvbkJpbmRpbmc9IiIgVXJsRW5jb2RlPSJUcnVlIiAvPg0KICAgICAgICAgICAgPEZvcm1Qb3N0UGFyYW1ldGVyIE5hbWU9InRlbXBsYXRlX2F0dHJpYnV0ZXNbY29sb3JfZGF0YV1bY2FsbG91dF9iZ10iIFZhbHVlPSIiIFJlY29yZGVkVmFsdWU9IiIgQ29ycmVsYXRpb25CaW5kaW5nPSIiIFVybEVuY29kZT0iVHJ1ZSIgLz4NCiAgICAgICAgICAgIDxGb3JtUG9zdFBhcmFtZXRlciBOYW1lPSJ0ZW1wbGF0ZV9hdHRyaWJ1dGVzW2NvbG9yX2RhdGFdW2NhbGxvdXRfdGV4dF0iIFZhbHVlPSIiIFJlY29yZGVkVmFsdWU9IiIgQ29ycmVsYXRpb25CaW5kaW5nPSIiIFVybEVuY29kZT0iVHJ1ZSIgLz4NCiAgICAgICAgICAgIDxGb3JtUG9zdFBhcmFtZXRlciBOYW1lPSJ0ZW1wbGF0ZV9hdHRyaWJ1dGVzW2NvbG9yX2RhdGFdW2JvZHlfdGV4dF0iIFZhbHVlPSIiIFJlY29yZGVkVmFsdWU9IiIgQ29ycmVsYXRpb25CaW5kaW5nPSIiIFVybEVuY29kZT0iVHJ1ZSIgLz4NCiAgICAgICAgICAgIDxGb3JtUG9zdFBhcmFtZXRlciBOYW1lPSJ0ZW1wbGF0ZV9hdHRyaWJ1dGVzW2NvbG9yX2RhdGFdW2JvZHlfbGlua10iIFZhbHVlPSIiIFJlY29yZGVkVmFsdWU9IiIgQ29ycmVsYXRpb25CaW5kaW5nPSIiIFVybEVuY29kZT0iVHJ1ZSIgLz4NCiAgICAgICAgICAgIDxGb3JtUG9zdFBhcmFtZXRlciBOYW1lPSJ0ZW1wbGF0ZV9hdHRyaWJ1dGVzW2NvbG9yX2RhdGFdW2JhY2tncm91bmRdIiBWYWx1ZT0iIiBSZWNvcmRlZFZhbHVlPSIiIENvcnJlbGF0aW9uQmluZGluZz0iIiBVcmxFbmNvZGU9IlRydWUiIC8+DQogICAgICAgICAgICA8Rm9ybVBvc3RQYXJhbWV0ZXIgTmFtZT0idGVtcGxhdGVfYXR0cmlidXRlc1tjb2xvcl9kYXRhXVtsZWZ0X2Jhcl0iIFZhbHVlPSIiIFJlY29yZGVkVmFsdWU9IiIgQ29ycmVsYXRpb25CaW5kaW5nPSIiIFVybEVuY29kZT0iVHJ1ZSIgLz4NCiAgICAgICAgICAgIDxGb3JtUG9zdFBhcmFtZXRlciBOYW1lPSJ0ZW1wbGF0ZV9hdHRyaWJ1dGVzW2NvbG9yX2RhdGFdW3JpZ2h0X2Jhcl0iIFZhbHVlPSIiIFJlY29yZGVkVmFsdWU9IiIgQ29ycmVsYXRpb25CaW5kaW5nPSIiIFVybEVuY29kZT0iVHJ1ZSIgLz4NCiAgICAgICAgICAgIDxGb3JtUG9zdFBhcmFtZXRlciBOYW1lPSJ0ZW1wbGF0ZV9hdHRyaWJ1dGVzW2RhdGFdW3R3aXR0ZXJfd2lkZ2V0X2lkXSIgVmFsdWU9IiIgUmVjb3JkZWRWYWx1ZT0iIiBDb3JyZWxhdGlvbkJpbmRpbmc9IiIgVXJsRW5jb2RlPSJUcnVlIiAvPg0KICAgICAgICAgICAgPEZvcm1Qb3N0UGFyYW1ldGVyIE5hbWU9ImxhbmRpbmdfcGFnZVtkZXNjcmlwdGlvbl0iIFZhbHVlPSIiIFJlY29yZGVkVmFsdWU9IiIgQ29ycmVsYXRpb25CaW5kaW5nPSIiIFVybEVuY29kZT0iVHJ1ZSIgLz4NCiAgICAgICAgICAgIDxGb3JtUG9zdFBhcmFtZXRlciBOYW1lPSJsYW5kaW5nX3BhZ2VbdXNlX3Jpc2tfYXNzZXNzbWVudF0iIFZhbHVlPSIwIiBSZWNvcmRlZFZhbHVlPSIiIENvcnJlbGF0aW9uQmluZGluZz0iIiBVcmxFbmNvZGU9IlRydWUiIC8+DQogICAgICAgICAgICA8Rm9ybVBvc3RQYXJhbWV0ZXIgTmFtZT0ibGFuZGluZ19wYWdlW3Jpc2tfYXNzZXNzbWVudF91cmxdIiBWYWx1ZT0iIiBSZWNvcmRlZFZhbHVlPSIiIENvcnJlbGF0aW9uQmluZGluZz0iIiBVcmxFbmNvZGU9IlRydWUiIC8+DQogICAgICAgICAgICA8Rm9ybVBvc3RQYXJhbWV0ZXIgTmFtZT0ibGFuZGluZ19wYWdlW3Jpc2tfYXNzZXNzbWVudF9kaXNwbGF5X21ldGhvZF0iIFZhbHVlPSIxIiBSZWNvcmRlZFZhbHVlPSIiIENvcnJlbGF0aW9uQmluZGluZz0iIiBVcmxFbmNvZGU9IlRydWUiIC8+DQogICAgICAgICAgICA8Rm9ybVBvc3RQYXJhbWV0ZXIgTmFtZT0ibGFuZGluZ19wYWdlW3VzZV9saWtlX2dhdGVdIiBWYWx1ZT0iMCIgUmVjb3JkZWRWYWx1ZT0iIiBDb3JyZWxhdGlvbkJpbmRpbmc9IiIgVXJsRW5jb2RlPSJUcnVlIiAvPg0KICAgICAgICAgICAgPEZvcm1Qb3N0UGFyYW1ldGVyIE5hbWU9ImxhbmRpbmdfcGFnZVtsaWtlX2dhdGVfdGV4dF0iIFZhbHVlPSIiIFJlY29yZGVkVmFsdWU9IiIgQ29ycmVsYXRpb25CaW5kaW5nPSIiIFVybEVuY29kZT0iVHJ1ZSIgLz4NCiAgICAgICAgICAgIDxGb3JtUG9zdFBhcmFtZXRlciBOYW1lPSJsYW5kaW5nX3BhZ2VbdXNlcm5hbWVdIiBWYWx1ZT0iIiBSZWNvcmRlZFZhbHVlPSIiIENvcnJlbGF0aW9uQmluZGluZz0iIiBVcmxFbmNvZGU9IlRydWUiIC8+DQogICAgICAgICAgICA8Rm9ybVBvc3RQYXJhbWV0ZXIgTmFtZT0ibGFuZGluZ19wYWdlW3Bhc3N3b3JkXSIgVmFsdWU9IiIgUmVjb3JkZWRWYWx1ZT0iIiBDb3JyZWxhdGlvbkJpbmRpbmc9IiIgVXJsRW5jb2RlPSJUcnVlIiAvPg0KICAgICAgICAgICAgPEZvcm1Qb3N0UGFyYW1ldGVyIE5hbWU9ImxhbmRpbmdfcGFnZVtpc19hY3RpdmVdIiBWYWx1ZT0iMSIgUmVjb3JkZWRWYWx1ZT0iIiBDb3JyZWxhdGlvbkJpbmRpbmc9IiIgVXJsRW5jb2RlPSJUcnVlIiAvPg0KICAgICAgICAgICAgPEZvcm1Qb3N0UGFyYW1ldGVyIE5hbWU9InRlbXBsYXRlX2F0dHJpYnV0ZXNbdHlwZV0iIFZhbHVlPSJUZW1wbGF0ZXM6OkJhc2ljIiBSZWNvcmRlZFZhbHVlPSIiIENvcnJlbGF0aW9uQmluZGluZz0iIiBVcmxFbmNvZGU9IlRydWUiIC8+DQogICAgICAgICAgICA8Rm9ybVBvc3RQYXJhbWV0ZXIgTmFtZT0icGFsZXR0ZSIgVmFsdWU9IiIgUmVjb3JkZWRWYWx1ZT0iIiBDb3JyZWxhdGlvbkJpbmRpbmc9IiIgVXJsRW5jb2RlPSJUcnVlIiAvPg0KICAgICAgICAgICAgPEZvcm1Qb3N0UGFyYW1ldGVyIE5hbWU9ImxhbmRpbmdfcGFnZVtjb252ZXJzaW9uX3BpeGVsX2lkXSIgVmFsdWU9IiIgUmVjb3JkZWRWYWx1ZT0iIiBDb3JyZWxhdGlvbkJpbmRpbmc9IiIgVXJsRW5jb2RlPSJUcnVlIiAvPg0KICAgICAgICAgICAgPEZvcm1Qb3N0UGFyYW1ldGVyIE5hbWU9InRlbXBsYXRlX2F0dHJpYnV0ZXNbZGF0YV1bcGhvbmVfbnVtYmVyX2lkXSIgVmFsdWU9Int7cGhvbmVOdW1iZXJJZH19IiBSZWNvcmRlZFZhbHVlPSIiIENvcnJlbGF0aW9uQmluZGluZz0iIiBVcmxFbmNvZGU9IlRydWUiIC8+DQogICAgICAgICAgICA8Rm9ybVBvc3RQYXJhbWV0ZXIgTmFtZT0idGVtcGxhdGVfYXR0cmlidXRlc1tkYXRhXVtmb3JtX2lkXSIgVmFsdWU9Int7Zm9ybUlkfX0iIFJlY29yZGVkVmFsdWU9IiIgQ29ycmVsYXRpb25CaW5kaW5nPSIiIFVybEVuY29kZT0iVHJ1ZSIgLz4NCiAgICAgICAgICAgIDxGb3JtUG9zdFBhcmFtZXRlciBOYW1lPSJ0ZW1wbGF0ZV9hdHRyaWJ1dGVzW2RhdGFdW3NlbGxpbmdfcG9pbnRfaWRdIiBWYWx1ZT0iIiBSZWNvcmRlZFZhbHVlPSIiIENvcnJlbGF0aW9uQmluZGluZz0iIiBVcmxFbmNvZGU9IlRydWUiIC8+DQogICAgICAgICAgICA8Rm9ybVBvc3RQYXJhbWV0ZXIgTmFtZT0idGVtcGxhdGVfYXR0cmlidXRlc1tkYXRhXVtjYWxsb3V0X29wYWNpdHldIiBWYWx1ZT0iIiBSZWNvcmRlZFZhbHVlPSIiIENvcnJlbGF0aW9uQmluZGluZz0iIiBVcmxFbmNvZGU9IlRydWUiIC8+DQogICAgICAgICAgICA8Rm9ybVBvc3RQYXJhbWV0ZXIgTmFtZT0iYW5hbHl0aWNzX3Byb3BlcnR5X2lkIiBWYWx1ZT0iIiBSZWNvcmRlZFZhbHVlPSIiIENvcnJlbGF0aW9uQmluZGluZz0iIiBVcmxFbmNvZGU9IlRydWUiIC8+DQogICAgICAgICAgICA8Rm9ybVBvc3RQYXJhbWV0ZXIgTmFtZT0ibGFuZGluZ19wYWdlW3RoYW5rX3lvdV9ib2R5XSIgVmFsdWU9IiIgUmVjb3JkZWRWYWx1ZT0iIiBDb3JyZWxhdGlvbkJpbmRpbmc9IiIgVXJsRW5jb2RlPSJUcnVlIiAvPg0KICAgICAgICAgICAgPEZvcm1Qb3N0UGFyYW1ldGVyIE5hbWU9InRlbXBsYXRlX2F0dHJpYnV0ZXNbZGF0YV1bYm9keV0iIFZhbHVlPSIiIFJlY29yZGVkVmFsdWU9IiIgQ29ycmVsYXRpb25CaW5kaW5nPSIiIFVybEVuY29kZT0iVHJ1ZSIgLz4NCiAgICAgICAgICA8L0Zvcm1Qb3N0SHR0cEJvZHk+DQogICAgICAgIDwvUmVxdWVzdD4NCiAgICAgIDwvSXRlbXM+DQogICAgPC9UcmFuc2FjdGlvblRpbWVyPg0KICAgIDxDb21tZW50IENvbW1lbnRUZXh0PSJTYXZlIExhbmRpbmcgUGFnZSIgLz4NCiAgICA8VHJhbnNhY3Rpb25UaW1lciBOYW1lPSJTYXZlIExhbmRpbmcgUGFnZSI+DQogICAgICA8SXRlbXM+DQogICAgICAgIDxSZXF1ZXN0IE1ldGhvZD0iR0VUIiBHdWlkPSJmMDdiODY5OC0yMTJhLTRlMjYtYWFhZC04NGI0NmU5NTY4ODkiIFZlcnNpb249IjEuMSIgVXJsPSJ7e1NlcnZlclVybH19L3ZhbGlkYXRvcnMvdW5pcXVlbmVzcyIgVGhpbmtUaW1lPSIwIiBUaW1lb3V0PSI2MCIgUGFyc2VEZXBlbmRlbnRSZXF1ZXN0cz0iVHJ1ZSIgRm9sbG93UmVkaXJlY3RzPSJUcnVlIiBSZWNvcmRSZXN1bHQ9IlRydWUiIENhY2hlPSJGYWxzZSIgUmVzcG9uc2VUaW1lR29hbD0iMCIgRW5jb2Rpbmc9InV0Zi04IiBFeHBlY3RlZEh0dHBTdGF0dXNDb2RlPSIwIiBFeHBlY3RlZFJlc3BvbnNlVXJsPSIiIFJlcG9ydGluZ05hbWU9IiIgSWdub3JlSHR0cFN0YXR1c0NvZGU9IlRydWUiPg0KICAgICAgICAgIDxIZWFkZXJzPg0KICAgICAgICAgICAgPEhlYWRlciBOYW1lPSJYLUNTUkYtVG9rZW4iIFZhbHVlPSJ7e2F1dGhUb2tlbn19IiAvPg0KICAgICAgICAgICAgPEhlYWRlciBOYW1lPSJYLVJlcXVlc3RlZC1XaXRoIiBWYWx1ZT0iWE1MSHR0cFJlcXVlc3QiIC8+DQogICAgICAgICAgPC9IZWFkZXJzPg0KICAgICAgICAgIDxRdWVyeVN0cmluZ1BhcmFtZXRlcnM+DQogICAgICAgICAgICA8UXVlcnlTdHJpbmdQYXJhbWV0ZXIgTmFtZT0iY2FzZV9zZW5zaXRpdmUiIFZhbHVlPSJ0cnVlIiBSZWNvcmRlZFZhbHVlPSIiIENvcnJlbGF0aW9uQmluZGluZz0iIiBVcmxFbmNvZGU9IlRydWUiIFVzZVRvR3JvdXBSZXN1bHRzPSJGYWxzZSIgLz4NCiAgICAgICAgICAgIDxRdWVyeVN0cmluZ1BhcmFtZXRlciBOYW1lPSJzY29wZVtidXNpbmVzc191bml0X2lkXSIgVmFsdWU9Int7RmFjZWJvb2tIaWVyYXJjaHkuRmFjZWJvb2tIaWVyYXJjaHkjY3N2LlRpZXIzSWR9fSIgUmVjb3JkZWRWYWx1ZT0iIiBDb3JyZWxhdGlvbkJpbmRpbmc9IiIgVXJsRW5jb2RlPSJUcnVlIiBVc2VUb0dyb3VwUmVzdWx0cz0iRmFsc2UiIC8+DQogICAgICAgICAgICA8UXVlcnlTdHJpbmdQYXJhbWV0ZXIgTmFtZT0ibGFuZGluZ19wYWdlW25hbWVdIiBWYWx1ZT0icGVyZkxhbmRpbmdQYWdle3tzZWVkTnVtYmVyfX0iIFJlY29yZGVkVmFsdWU9IiIgQ29ycmVsYXRpb25CaW5kaW5nPSIiIFVybEVuY29kZT0iVHJ1ZSIgVXNlVG9Hcm91cFJlc3VsdHM9IkZhbHNlIiAvPg0KICAgICAgICAgICAgPFF1ZXJ5U3RyaW5nUGFyYW1ldGVyIE5hbWU9Il8iIFZhbHVlPSIxNDU3MzUxODkwOTExIiBSZWNvcmRlZFZhbHVlPSIiIENvcnJlbGF0aW9uQmluZGluZz0iIiBVcmxFbmNvZGU9IlRydWUiIFVzZVRvR3JvdXBSZXN1bHRzPSJGYWxzZSIgLz4NCiAgICAgICAgICA8L1F1ZXJ5U3RyaW5nUGFyYW1ldGVycz4NCiAgICAgICAgPC9SZXF1ZXN0Pg0KICAgICAgICA8UmVxdWVzdCBNZXRob2Q9IlBPU1QiIEd1aWQ9ImU0OWEwY2M0LTljMTgtNDQ3ZC04YWI3LTJhNDM1NWM3MWFmNyIgVmVyc2lvbj0iMS4xIiBVcmw9Int7U2VydmVyVXJsfX0vbGFuZGluZ19wYWdlcyIgVGhpbmtUaW1lPSIwIiBUaW1lb3V0PSI2MCIgUGFyc2VEZXBlbmRlbnRSZXF1ZXN0cz0iVHJ1ZSIgRm9sbG93UmVkaXJlY3RzPSJUcnVlIiBSZWNvcmRSZXN1bHQ9IlRydWUiIENhY2hlPSJGYWxzZSIgUmVzcG9uc2VUaW1lR29hbD0iMCIgRW5jb2Rpbmc9InV0Zi04IiBFeHBlY3RlZEh0dHBTdGF0dXNDb2RlPSIwIiBFeHBlY3RlZFJlc3BvbnNlVXJsPSIiIFJlcG9ydGluZ05hbWU9IlNhdmUgTGFuZGluZ3BhZ2UiIElnbm9yZUh0dHBTdGF0dXNDb2RlPSJGYWxzZSI+DQogICAgICAgICAgPEhlYWRlcnM+DQogICAgICAgICAgICA8SGVhZGVyIE5hbWU9Ik9yaWdpbiIgVmFsdWU9Int7U2VydmVyVXJsfX0iIC8+DQogICAgICAgICAgICA8SGVhZGVyIE5hbWU9IlgtQ1NSRi1Ub2tlbiIgVmFsdWU9Int7YXV0aFRva2VufX0iIC8+DQogICAgICAgICAgICA8SGVhZGVyIE5hbWU9IlgtUmVxdWVzdGVkLVdpdGgiIFZhbHVlPSJYTUxIdHRwUmVxdWVzdCIgLz4NCiAgICAgICAgICAgIDxIZWFkZXIgTmFtZT0iQ29udGVudC1UeXBlIiBWYWx1ZT0iYXBwbGljYXRpb24veC13d3ctZm9ybS11cmxlbmNvZGVkIiAvPg0KICAgICAgICAgIDwvSGVhZGVycz4NCiAgICAgICAgICA8Rm9ybVBvc3RIdHRwQm9keT4NCiAgICAgICAgICAgIDxGb3JtUG9zdFBhcmFtZXRlciBOYW1lPSJ1dGY4IiBWYWx1ZT0i4pyTIiBSZWNvcmRlZFZhbHVlPSIiIENvcnJlbGF0aW9uQmluZGluZz0iIiBVcmxFbmNvZGU9IlRydWUiIC8+DQogICAgICAgICAgICA8Rm9ybVBvc3RQYXJhbWV0ZXIgTmFtZT0iYXV0aGVudGljaXR5X3Rva2VuIiBWYWx1ZT0ie3thdXRoVG9rZW59fSIgUmVjb3JkZWRWYWx1ZT0iIiBDb3JyZWxhdGlvbkJpbmRpbmc9IiIgVXJsRW5jb2RlPSJUcnVlIiAvPg0KICAgICAgICAgICAgPEZvcm1Qb3N0UGFyYW1ldGVyIE5hbWU9ImxhbmRpbmdfcGFnZVthZ2VuY3lfaWRdIiBWYWx1ZT0ie3tGYWNlYm9va0hpZXJhcmNoeS5GYWNlYm9va0hpZXJhcmNoeSNjc3YuVGllcjFJZH19IiBSZWNvcmRlZFZhbHVlPSIiIENvcnJlbGF0aW9uQmluZGluZz0iIiBVcmxFbmNvZGU9IlRydWUiIC8+DQogICAgICAgICAgICA8Rm9ybVBvc3RQYXJhbWV0ZXIgTmFtZT0ibGFuZGluZ19wYWdlW2NsaWVudF9pZF0iIFZhbHVlPSJ7e0ZhY2Vib29rSGllcmFyY2h5LkZhY2Vib29rSGllcmFyY2h5I2Nzdi5UaWVyMklkfX0iIFJlY29yZGVkVmFsdWU9IiIgQ29ycmVsYXRpb25CaW5kaW5nPSIiIFVybEVuY29kZT0iVHJ1ZSIgLz4NCiAgICAgICAgICAgIDxGb3JtUG9zdFBhcmFtZXRlciBOYW1lPSJsYW5kaW5nX3BhZ2VbYnVzaW5lc3NfdW5pdF9pZF0iIFZhbHVlPSJ7e0ZhY2Vib29rSGllcmFyY2h5LkZhY2Vib29rSGllcmFyY2h5I2Nzdi5UaWVyM0lkfX0iIFJlY29yZGVkVmFsdWU9IiIgQ29ycmVsYXRpb25CaW5kaW5nPSIiIFVybEVuY29kZT0iVHJ1ZSIgLz4NCiAgICAgICAgICAgIDxGb3JtUG9zdFBhcmFtZXRlciBOYW1lPSJsYW5kaW5nX3BhZ2VbbmFtZV0iIFZhbHVlPSJwZXJmTGFuZGluZ1BhZ2V7e3NlZWROdW1iZXJ9fSIgUmVjb3JkZWRWYWx1ZT0iIiBDb3JyZWxhdGlvbkJpbmRpbmc9IiIgVXJsRW5jb2RlPSJUcnVlIiAvPg0KICAgICAgICAgICAgPEZvcm1Qb3N0UGFyYW1ldGVyIE5hbWU9ImxhbmRpbmdfcGFnZVtpc19hY3RpdmVdIiBWYWx1ZT0iMSIgUmVjb3JkZWRWYWx1ZT0iIiBDb3JyZWxhdGlvbkJpbmRpbmc9IiIgVXJsRW5jb2RlPSJUcnVlIiAvPg0KICAgICAgICAgICAgPEZvcm1Qb3N0UGFyYW1ldGVyIE5hbWU9ImxhbmRpbmdfcGFnZVt0eXBlXSIgVmFsdWU9IkNvbnRhY3RMYW5kaW5nUGFnZSIgUmVjb3JkZWRWYWx1ZT0iIiBDb3JyZWxhdGlvbkJpbmRpbmc9IiIgVXJsRW5jb2RlPSJUcnVlIiAvPg0KICAgICAgICAgICAgPEZvcm1Qb3N0UGFyYW1ldGVyIE5hbWU9InRlbXBsYXRlX2F0dHJpYnV0ZXNbdHlwZV0iIFZhbHVlPSJUZW1wbGF0ZXM6OkJhc2ljIiBSZWNvcmRlZFZhbHVlPSIiIENvcnJlbGF0aW9uQmluZGluZz0iIiBVcmxFbmNvZGU9IlRydWUiIC8+DQogICAgICAgICAgICA8Rm9ybVBvc3RQYXJhbWV0ZXIgTmFtZT0ibGFuZGluZ19wYWdlW3RhYl9sYWJlbF0iIFZhbHVlPSIiIFJlY29yZGVkVmFsdWU9IiIgQ29ycmVsYXRpb25CaW5kaW5nPSIiIFVybEVuY29kZT0iVHJ1ZSIgLz4NCiAgICAgICAgICAgIDxGb3JtUG9zdFBhcmFtZXRlciBOYW1lPSJwYWxldHRlIiBWYWx1ZT0iIiBSZWNvcmRlZFZhbHVlPSIiIENvcnJlbGF0aW9uQmluZGluZz0iIiBVcmxFbmNvZGU9IlRydWUiIC8+DQogICAgICAgICAgICA8Rm9ybVBvc3RQYXJhbWV0ZXIgTmFtZT0ibGFuZGluZ19wYWdlW3RoYW5rX3lvdV9vdmVycmlkZV0iIFZhbHVlPSJmb3JtX2J1aWxkZXIiIFJlY29yZGVkVmFsdWU9IiIgQ29ycmVsYXRpb25CaW5kaW5nPSIiIFVybEVuY29kZT0iVHJ1ZSIgLz4NCiAgICAgICAgICAgIDxGb3JtUG9zdFBhcmFtZXRlciBOYW1lPSJsYW5kaW5nX3BhZ2VbdGhhbmtfeW91X2JvZHldIiBWYWx1ZT0iIiBSZWNvcmRlZFZhbHVlPSIiIENvcnJlbGF0aW9uQmluZGluZz0iIiBVcmxFbmNvZGU9IlRydWUiIC8+DQogICAgICAgICAgICA8Rm9ybVBvc3RQYXJhbWV0ZXIgTmFtZT0ibGFuZGluZ19wYWdlW2NvbnZlcnNpb25fcGl4ZWxfaWRdIiBWYWx1ZT0iIiBSZWNvcmRlZFZhbHVlPSIiIENvcnJlbGF0aW9uQmluZGluZz0iIiBVcmxFbmNvZGU9IlRydWUiIC8+DQogICAgICAgICAgICA8Rm9ybVBvc3RQYXJhbWV0ZXIgTmFtZT0idGVtcGxhdGVfYXR0cmlidXRlc1tkYXRhXVtwaG9uZV9udW1iZXJfaWRdIiBWYWx1ZT0ie3twaG9uZU51bWJlcklkfX0iIFJlY29yZGVkVmFsdWU9IiIgQ29ycmVsYXRpb25CaW5kaW5nPSIiIFVybEVuY29kZT0iVHJ1ZSIgLz4NCiAgICAgICAgICAgIDxGb3JtUG9zdFBhcmFtZXRlciBOYW1lPSJ0ZW1wbGF0ZV9hdHRyaWJ1dGVzW2RhdGFdW2ZyZWVfZm9ybV9waG9uZV0iIFZhbHVlPSIiIFJlY29yZGVkVmFsdWU9IiIgQ29ycmVsYXRpb25CaW5kaW5nPSIiIFVybEVuY29kZT0iVHJ1ZSIgLz4NCiAgICAgICAgICAgIDxGb3JtUG9zdFBhcmFtZXRlciBOYW1lPSJ0ZW1wbGF0ZV9hdHRyaWJ1dGVzW2RhdGFdW3Bob25lX3N3YXBwZXJdIiBWYWx1ZT0idHJ1ZSIgUmVjb3JkZWRWYWx1ZT0iIiBDb3JyZWxhdGlvbkJpbmRpbmc9IiIgVXJsRW5jb2RlPSJUcnVlIiAvPg0KICAgICAgICAgICAgPEZvcm1Qb3N0UGFyYW1ldGVyIE5hbWU9InRlbXBsYXRlX2F0dHJpYnV0ZXNbZGF0YV1bcGhvbmVfdGV4dF9iZWZvcmVdIiBWYWx1ZT0iIiBSZWNvcmRlZFZhbHVlPSIiIENvcnJlbGF0aW9uQmluZGluZz0iIiBVcmxFbmNvZGU9IlRydWUiIC8+DQogICAgICAgICAgICA8Rm9ybVBvc3RQYXJhbWV0ZXIgTmFtZT0idGVtcGxhdGVfYXR0cmlidXRlc1tkYXRhXVtwaG9uZV90ZXh0X2FmdGVyXSIgVmFsdWU9IiIgUmVjb3JkZWRWYWx1ZT0iIiBDb3JyZWxhdGlvbkJpbmRpbmc9IiIgVXJsRW5jb2RlPSJUcnVlIiAvPg0KICAgICAgICAgICAgPEZvcm1Qb3N0UGFyYW1ldGVyIE5hbWU9InRlbXBsYXRlX2F0dHJpYnV0ZXNbY29sb3JfZGF0YV1bcGhvbmVfYmddIiBWYWx1ZT0iIiBSZWNvcmRlZFZhbHVlPSIiIENvcnJlbGF0aW9uQmluZGluZz0iIiBVcmxFbmNvZGU9IlRydWUiIC8+DQogICAgICAgICAgICA8Rm9ybVBvc3RQYXJhbWV0ZXIgTmFtZT0idGVtcGxhdGVfYXR0cmlidXRlc1tjb2xvcl9kYXRhXVtwaG9uZV90ZXh0XSIgVmFsdWU9IiIgUmVjb3JkZWRWYWx1ZT0iIiBDb3JyZWxhdGlvbkJpbmRpbmc9IiIgVXJsRW5jb2RlPSJUcnVlIiAvPg0KICAgICAgICAgICAgPEZvcm1Qb3N0UGFyYW1ldGVyIE5hbWU9InRlbXBsYXRlX2F0dHJpYnV0ZXNbY29sb3JfZGF0YV1bcGhvbmVfaGlnaGxpZ2h0XSIgVmFsdWU9IiIgUmVjb3JkZWRWYWx1ZT0iIiBDb3JyZWxhdGlvbkJpbmRpbmc9IiIgVXJsRW5jb2RlPSJUcnVlIiAvPg0KICAgICAgICAgICAgPEZvcm1Qb3N0UGFyYW1ldGVyIE5hbWU9InRlbXBsYXRlX2F0dHJpYnV0ZXNbZGF0YV1bZm9ybV9pZF0iIFZhbHVlPSJ7e2Zvcm1JZH19IiBSZWNvcmRlZFZhbHVlPSIiIENvcnJlbGF0aW9uQmluZGluZz0iIiBVcmxFbmNvZGU9IlRydWUiIC8+DQogICAgICAgICAgICA8Rm9ybVBvc3RQYXJhbWV0ZXIgTmFtZT0idGVtcGxhdGVfYXR0cmlidXRlc1tkYXRhXVttb2JpbGVfYnV0dG9uX3RleHRdIiBWYWx1ZT0iIiBSZWNvcmRlZFZhbHVlPSIiIENvcnJlbGF0aW9uQmluZGluZz0iIiBVcmxFbmNvZGU9IlRydWUiIC8+DQogICAgICAgICAgICA8Rm9ybVBvc3RQYXJhbWV0ZXIgTmFtZT0idGVtcGxhdGVfYXR0cmlidXRlc1tjb2xvcl9kYXRhXVtmb3JtX2JnXSIgVmFsdWU9IiIgUmVjb3JkZWRWYWx1ZT0iIiBDb3JyZWxhdGlvbkJpbmRpbmc9IiIgVXJsRW5jb2RlPSJUcnVlIiAvPg0KICAgICAgICAgICAgPEZvcm1Qb3N0UGFyYW1ldGVyIE5hbWU9InRlbXBsYXRlX2F0dHJpYnV0ZXNbY29sb3JfZGF0YV1bZm9ybV90ZXh0XSIgVmFsdWU9IiIgUmVjb3JkZWRWYWx1ZT0iIiBDb3JyZWxhdGlvbkJpbmRpbmc9IiIgVXJsRW5jb2RlPSJUcnVlIiAvPg0KICAgICAgICAgICAgPEZvcm1Qb3N0UGFyYW1ldGVyIE5hbWU9InRlbXBsYXRlX2F0dHJpYnV0ZXNbY29sb3JfZGF0YV1bZm9ybV9oaWdobGlnaHRdIiBWYWx1ZT0iIiBSZWNvcmRlZFZhbHVlPSIiIENvcnJlbGF0aW9uQmluZGluZz0iIiBVcmxFbmNvZGU9IlRydWUiIC8+DQogICAgICAgICAgICA8Rm9ybVBvc3RQYXJhbWV0ZXIgTmFtZT0idGVtcGxhdGVfYXR0cmlidXRlc1tjb2xvcl9kYXRhXVtidXR0b25fY29sb3JdIiBWYWx1ZT0iIiBSZWNvcmRlZFZhbHVlPSIiIENvcnJlbGF0aW9uQmluZGluZz0iIiBVcmxFbmNvZGU9IlRydWUiIC8+DQogICAgICAgICAgICA8Rm9ybVBvc3RQYXJhbWV0ZXIgTmFtZT0idGVtcGxhdGVfYXR0cmlidXRlc1tjb2xvcl9kYXRhXVtidXR0b25fdGV4dF0iIFZhbHVlPSIiIFJlY29yZGVkVmFsdWU9IiIgQ29ycmVsYXRpb25CaW5kaW5nPSIiIFVybEVuY29kZT0iVHJ1ZSIgLz4NCiAgICAgICAgICAgIDxGb3JtUG9zdFBhcmFtZXRlciBOYW1lPSJ0ZW1wbGF0ZV9hdHRyaWJ1dGVzW2RhdGFdW3VzcF9pbWFnZV9pZF0iIFZhbHVlPSIiIFJlY29yZGVkVmFsdWU9IiIgQ29ycmVsYXRpb25CaW5kaW5nPSIiIFVybEVuY29kZT0iVHJ1ZSIgLz4NCiAgICAgICAgICAgIDxGb3JtUG9zdFBhcmFtZXRlciBOYW1lPSJ0ZW1wbGF0ZV9hdHRyaWJ1dGVzW2RhdGFdW3NlbGxpbmdfcG9pbnRfaWRdIiBWYWx1ZT0iIiBSZWNvcmRlZFZhbHVlPSIiIENvcnJlbGF0aW9uQmluZGluZz0iIiBVcmxFbmNvZGU9IlRydWUiIC8+DQogICAgICAgICAgICA8Rm9ybVBvc3RQYXJhbWV0ZXIgTmFtZT0idGVtcGxhdGVfYXR0cmlidXRlc1tkYXRhXVt1c3BfdGl0bGVdIiBWYWx1ZT0iIiBSZWNvcmRlZFZhbHVlPSIiIENvcnJlbGF0aW9uQmluZGluZz0iIiBVcmxFbmNvZGU9IlRydWUiIC8+DQogICAgICAgICAgICA8Rm9ybVBvc3RQYXJhbWV0ZXIgTmFtZT0idGVtcGxhdGVfYXR0cmlidXRlc1tkYXRhXVt1c3BfbGlzdF0iIFZhbHVlPSIiIFJlY29yZGVkVmFsdWU9IiIgQ29ycmVsYXRpb25CaW5kaW5nPSIiIFVybEVuY29kZT0iVHJ1ZSIgLz4NCiAgICAgICAgICAgIDxGb3JtUG9zdFBhcmFtZXRlciBOYW1lPSJ0ZW1wbGF0ZV9hdHRyaWJ1dGVzW2NvbG9yX2RhdGFdW3VzcF9iZ10iIFZhbHVlPSIiIFJlY29yZGVkVmFsdWU9IiIgQ29ycmVsYXRpb25CaW5kaW5nPSIiIFVybEVuY29kZT0iVHJ1ZSIgLz4NCiAgICAgICAgICAgIDxGb3JtUG9zdFBhcmFtZXRlciBOYW1lPSJ0ZW1wbGF0ZV9hdHRyaWJ1dGVzW2NvbG9yX2RhdGFdW3VzcF90ZXh0XSIgVmFsdWU9IiIgUmVjb3JkZWRWYWx1ZT0iIiBDb3JyZWxhdGlvbkJpbmRpbmc9IiIgVXJsRW5jb2RlPSJUcnVlIiAvPg0KICAgICAgICAgICAgPEZvcm1Qb3N0UGFyYW1ldGVyIE5hbWU9InRlbXBsYXRlX2F0dHJpYnV0ZXNbY29sb3JfZGF0YV1bdXNwX2hpZ2hsaWdodF0iIFZhbHVlPSIiIFJlY29yZGVkVmFsdWU9IiIgQ29ycmVsYXRpb25CaW5kaW5nPSIiIFVybEVuY29kZT0iVHJ1ZSIgLz4NCiAgICAgICAgICAgIDxGb3JtUG9zdFBhcmFtZXRlciBOYW1lPSJ0ZW1wbGF0ZV9hdHRyaWJ1dGVzW2RhdGFdW2hlYWRlcl9pbWFnZV9pZF0iIFZhbHVlPSIiIFJlY29yZGVkVmFsdWU9IiIgQ29ycmVsYXRpb25CaW5kaW5nPSIiIFVybEVuY29kZT0iVHJ1ZSIgLz4NCiAgICAgICAgICAgIDxGb3JtUG9zdFBhcmFtZXRlciBOYW1lPSJ0ZW1wbGF0ZV9hdHRyaWJ1dGVzW2RhdGFdW2NhbGxvdXRfaW1hZ2VfaWRdIiBWYWx1ZT0iIiBSZWNvcmRlZFZhbHVlPSIiIENvcnJlbGF0aW9uQmluZGluZz0iIiBVcmxFbmNvZGU9IlRydWUiIC8+DQogICAgICAgICAgICA8Rm9ybVBvc3RQYXJhbWV0ZXIgTmFtZT0idGVtcGxhdGVfYXR0cmlidXRlc1tkYXRhXVtjYWxsb3V0X2NvbnRlbnRdIiBWYWx1ZT0iIiBSZWNvcmRlZFZhbHVlPSIiIENvcnJlbGF0aW9uQmluZGluZz0iIiBVcmxFbmNvZGU9IlRydWUiIC8+DQogICAgICAgICAgICA8Rm9ybVBvc3RQYXJhbWV0ZXIgTmFtZT0idGVtcGxhdGVfYXR0cmlidXRlc1tkYXRhXVtjYWxsb3V0X29wYWNpdHldIiBWYWx1ZT0iIiBSZWNvcmRlZFZhbHVlPSIiIENvcnJlbGF0aW9uQmluZGluZz0iIiBVcmxFbmNvZGU9IlRydWUiIC8+DQogICAgICAgICAgICA8Rm9ybVBvc3RQYXJhbWV0ZXIgTmFtZT0idGVtcGxhdGVfYXR0cmlidXRlc1tjb2xvcl9kYXRhXVtjYWxsb3V0X2JnXSIgVmFsdWU9IiIgUmVjb3JkZWRWYWx1ZT0iIiBDb3JyZWxhdGlvbkJpbmRpbmc9IiIgVXJsRW5jb2RlPSJUcnVlIiAvPg0KICAgICAgICAgICAgPEZvcm1Qb3N0UGFyYW1ldGVyIE5hbWU9InRlbXBsYXRlX2F0dHJpYnV0ZXNbY29sb3JfZGF0YV1bY2FsbG91dF90ZXh0XSIgVmFsdWU9IiIgUmVjb3JkZWRWYWx1ZT0iIiBDb3JyZWxhdGlvbkJpbmRpbmc9IiIgVXJsRW5jb2RlPSJUcnVlIiAvPg0KICAgICAgICAgICAgPEZvcm1Qb3N0UGFyYW1ldGVyIE5hbWU9InRlbXBsYXRlX2F0dHJpYnV0ZXNbZGF0YV1bYm9keV0iIFZhbHVlPSIiIFJlY29yZGVkVmFsdWU9IiIgQ29ycmVsYXRpb25CaW5kaW5nPSIiIFVybEVuY29kZT0iVHJ1ZSIgLz4NCiAgICAgICAgICAgIDxGb3JtUG9zdFBhcmFtZXRlciBOYW1lPSJ0ZW1wbGF0ZV9hdHRyaWJ1dGVzW2NvbG9yX2RhdGFdW2JvZHlfdGV4dF0iIFZhbHVlPSIiIFJlY29yZGVkVmFsdWU9IiIgQ29ycmVsYXRpb25CaW5kaW5nPSIiIFVybEVuY29kZT0iVHJ1ZSIgLz4NCiAgICAgICAgICAgIDxGb3JtUG9zdFBhcmFtZXRlciBOYW1lPSJ0ZW1wbGF0ZV9hdHRyaWJ1dGVzW2NvbG9yX2RhdGFdW2JvZHlfbGlua10iIFZhbHVlPSIiIFJlY29yZGVkVmFsdWU9IiIgQ29ycmVsYXRpb25CaW5kaW5nPSIiIFVybEVuY29kZT0iVHJ1ZSIgLz4NCiAgICAgICAgICAgIDxGb3JtUG9zdFBhcmFtZXRlciBOYW1lPSJ0ZW1wbGF0ZV9hdHRyaWJ1dGVzW2NvbG9yX2RhdGFdW2JhY2tncm91bmRdIiBWYWx1ZT0iIiBSZWNvcmRlZFZhbHVlPSIiIENvcnJlbGF0aW9uQmluZGluZz0iIiBVcmxFbmNvZGU9IlRydWUiIC8+DQogICAgICAgICAgICA8Rm9ybVBvc3RQYXJhbWV0ZXIgTmFtZT0idGVtcGxhdGVfYXR0cmlidXRlc1tjb2xvcl9kYXRhXVtsZWZ0X2Jhcl0iIFZhbHVlPSIiIFJlY29yZGVkVmFsdWU9IiIgQ29ycmVsYXRpb25CaW5kaW5nPSIiIFVybEVuY29kZT0iVHJ1ZSIgLz4NCiAgICAgICAgICAgIDxGb3JtUG9zdFBhcmFtZXRlciBOYW1lPSJ0ZW1wbGF0ZV9hdHRyaWJ1dGVzW2NvbG9yX2RhdGFdW3JpZ2h0X2Jhcl0iIFZhbHVlPSIiIFJlY29yZGVkVmFsdWU9IiIgQ29ycmVsYXRpb25CaW5kaW5nPSIiIFVybEVuY29kZT0iVHJ1ZSIgLz4NCiAgICAgICAgICAgIDxGb3JtUG9zdFBhcmFtZXRlciBOYW1lPSJ0ZW1wbGF0ZV9hdHRyaWJ1dGVzW2RhdGFdW3R3aXR0ZXJfd2lkZ2V0X2lkXSIgVmFsdWU9IiIgUmVjb3JkZWRWYWx1ZT0iIiBDb3JyZWxhdGlvbkJpbmRpbmc9IiIgVXJsRW5jb2RlPSJUcnVlIiAvPg0KICAgICAgICAgICAgPEZvcm1Qb3N0UGFyYW1ldGVyIE5hbWU9ImxhbmRpbmdfcGFnZVtkZXNjcmlwdGlvbl0iIFZhbHVlPSIiIFJlY29yZGVkVmFsdWU9IiIgQ29ycmVsYXRpb25CaW5kaW5nPSIiIFVybEVuY29kZT0iVHJ1ZSIgLz4NCiAgICAgICAgICAgIDxGb3JtUG9zdFBhcmFtZXRlciBOYW1lPSJsYW5kaW5nX3BhZ2VbdXNlX3Jpc2tfYXNzZXNzbWVudF0iIFZhbHVlPSIwIiBSZWNvcmRlZFZhbHVlPSIiIENvcnJlbGF0aW9uQmluZGluZz0iIiBVcmxFbmNvZGU9IlRydWUiIC8+DQogICAgICAgICAgICA8Rm9ybVBvc3RQYXJhbWV0ZXIgTmFtZT0ibGFuZGluZ19wYWdlW3Jpc2tfYXNzZXNzbWVudF91cmxdIiBWYWx1ZT0iIiBSZWNvcmRlZFZhbHVlPSIiIENvcnJlbGF0aW9uQmluZGluZz0iIiBVcmxFbmNvZGU9IlRydWUiIC8+DQogICAgICAgICAgICA8Rm9ybVBvc3RQYXJhbWV0ZXIgTmFtZT0ibGFuZGluZ19wYWdlW3Jpc2tfYXNzZXNzbWVudF9kaXNwbGF5X21ldGhvZF0iIFZhbHVlPSIxIiBSZWNvcmRlZFZhbHVlPSIiIENvcnJlbGF0aW9uQmluZGluZz0iIiBVcmxFbmNvZGU9IlRydWUiIC8+DQogICAgICAgICAgICA8Rm9ybVBvc3RQYXJhbWV0ZXIgTmFtZT0ibGFuZGluZ19wYWdlW3VzZV9saWtlX2dhdGVdIiBWYWx1ZT0iMCIgUmVjb3JkZWRWYWx1ZT0iIiBDb3JyZWxhdGlvbkJpbmRpbmc9IiIgVXJsRW5jb2RlPSJUcnVlIiAvPg0KICAgICAgICAgICAgPEZvcm1Qb3N0UGFyYW1ldGVyIE5hbWU9ImxhbmRpbmdfcGFnZVtsaWtlX2dhdGVfdGV4dF0iIFZhbHVlPSIiIFJlY29yZGVkVmFsdWU9IiIgQ29ycmVsYXRpb25CaW5kaW5nPSIiIFVybEVuY29kZT0iVHJ1ZSIgLz4NCiAgICAgICAgICAgIDxGb3JtUG9zdFBhcmFtZXRlciBOYW1lPSJsYW5kaW5nX3BhZ2VbdXNlcm5hbWVdIiBWYWx1ZT0iIiBSZWNvcmRlZFZhbHVlPSIiIENvcnJlbGF0aW9uQmluZGluZz0iIiBVcmxFbmNvZGU9IlRydWUiIC8+DQogICAgICAgICAgICA8Rm9ybVBvc3RQYXJhbWV0ZXIgTmFtZT0ibGFuZGluZ19wYWdlW3Bhc3N3b3JkXSIgVmFsdWU9IiIgUmVjb3JkZWRWYWx1ZT0iIiBDb3JyZWxhdGlvbkJpbmRpbmc9IiIgVXJsRW5jb2RlPSJUcnVlIiAvPg0KICAgICAgICAgICAgPEZvcm1Qb3N0UGFyYW1ldGVyIE5hbWU9ImFuYWx5dGljc19wcm9wZXJ0eV9pZCIgVmFsdWU9IiIgUmVjb3JkZWRWYWx1ZT0iIiBDb3JyZWxhdGlvbkJpbmRpbmc9IiIgVXJsRW5jb2RlPSJUcnVlIiAvPg0KICAgICAgICAgIDwvRm9ybVBvc3RIdHRwQm9keT4NCiAgICAgICAgPC9SZXF1ZXN0Pg0KICAgICAgICA8UmVxdWVzdCBNZXRob2Q9IkdFVCIgR3VpZD0iMjYxNTZjMzQtMjI1Yi00Yzg5LTk4ZDQtOWU5MGJiNzEyYWVjIiBWZXJzaW9uPSIxLjEiIFVybD0ie3tTZXJ2ZXJVcmx9fS9sYW5kaW5nX3BhZ2VzIiBUaGlua1RpbWU9IjAiIFRpbWVvdXQ9IjYwIiBQYXJzZURlcGVuZGVudFJlcXVlc3RzPSJUcnVlIiBGb2xsb3dSZWRpcmVjdHM9IlRydWUiIFJlY29yZFJlc3VsdD0iVHJ1ZSIgQ2FjaGU9IkZhbHNlIiBSZXNwb25zZVRpbWVHb2FsPSIwIiBFbmNvZGluZz0idXRmLTgiIEV4cGVjdGVkSHR0cFN0YXR1c0NvZGU9IjAiIEV4cGVjdGVkUmVzcG9uc2VVcmw9IiIgUmVwb3J0aW5nTmFtZT0iIiBJZ25vcmVIdHRwU3RhdHVzQ29kZT0iRmFsc2UiPg0KICAgICAgICAgIDxIZWFkZXJzPg0KICAgICAgICAgICAgPEhlYWRlciBOYW1lPSJYLUNTUkYtVG9rZW4iIFZhbHVlPSJ7e2F1dGhUb2tlbn19IiAvPg0KICAgICAgICAgICAgPEhlYWRlciBOYW1lPSJYLVJlcXVlc3RlZC1XaXRoIiBWYWx1ZT0iWE1MSHR0cFJlcXVlc3QiIC8+DQogICAgICAgICAgICA8SGVhZGVyIE5hbWU9IlgtUEpBWCIgVmFsdWU9InRydWUiIC8+DQogICAgICAgICAgICA8SGVhZGVyIE5hbWU9IklmLU5vbmUtTWF0Y2giIFZhbHVlPSImcXVvdDswZjNkOTFmNmM1ZjE3MzNjMzI4YTkwYmU2YTVjZTgyNyZxdW90OyIgLz4NCiAgICAgICAgICA8L0hlYWRlcnM+DQogICAgICAgICAgPFF1ZXJ5U3RyaW5nUGFyYW1ldGVycz4NCiAgICAgICAgICAgIDxRdWVyeVN0cmluZ1BhcmFtZXRlciBOYW1lPSJfcGpheCIgVmFsdWU9InRydWUiIFJlY29yZGVkVmFsdWU9IiIgQ29ycmVsYXRpb25CaW5kaW5nPSIiIFVybEVuY29kZT0iVHJ1ZSIgVXNlVG9Hcm91cFJlc3VsdHM9IkZhbHNlIiAvPg0KICAgICAgICAgIDwvUXVlcnlTdHJpbmdQYXJhbWV0ZXJzPg0KICAgICAgICA8L1JlcXVlc3Q+DQogICAgICA8L0l0ZW1zPg0KICAgIDwvVHJhbnNhY3Rpb25UaW1lcj4NCiAgICA8Q29tbWVudCBDb21tZW50VGV4dD0iTG9nb3V0IiAvPg0KICAgIDxUcmFuc2FjdGlvblRpbWVyIE5hbWU9IkxvZ291dCI+DQogICAgICA8SXRlbXM+DQogICAgICAgIDxJbmNsdWRlZFdlYlRlc3QgTmFtZT0iTG9nb3V0IiBQYXRoPSJjOlxtZWRzZWVrXGF1dG9tYXRpb25ccGVyc3VhZGVcdnNwcm9qZWN0c1xwZXJzdWFkZXBlcmZvcm1hbmNlXHBlcnN1YWRlcGVyZm9ybWFuY2Vcd2VidGVzdHNcZ2xvYmFsIHRlc3RzXGxvZ291dC53ZWJ0ZXN0IiBJZD0iZDNmZGY0ODQtMTlhOC00ZjAyLTkyNzYtMTc3NjUyOTM5OTU4IiBJc0NvZGVkV2ViVGVzdD0iRmFsc2UiIEluaGVyaXRXZWJUZXN0U2V0dGluZ3M9IkZhbHNlIiAvPg0KICAgICAgPC9JdGVtcz4NCiAgICA8L1RyYW5zYWN0aW9uVGltZXI+DQogICAgPENvbW1lbnQgQ29tbWVudFRleHQ9IiIgLz4NCiAgPC9JdGVtcz4NCiAgPERhdGFTb3VyY2VzPg0KICAgIDxEYXRhU291cmNlIE5hbWU9IkZhY2Vib29rSGllcmFyY2h5IiBQcm92aWRlcj0iTWljcm9zb2Z0LlZpc3VhbFN0dWRpby5UZXN0VG9vbHMuRGF0YVNvdXJjZS5DU1YiIENvbm5lY3Rpb249InxEYXRhRGlyZWN0b3J5fFwuLlwuLlxEYXRhXEZhY2Vib29rSGllcmFyY2h5LmNzdiI+DQogICAgICA8VGFibGVzPg0KICAgICAgICA8RGF0YVNvdXJjZVRhYmxlIE5hbWU9IkZhY2Vib29rSGllcmFyY2h5I2NzdiIgU2VsZWN0Q29sdW1ucz0iU2VsZWN0T25seUJvdW5kQ29sdW1ucyIgQWNjZXNzTWV0aG9kPSJTZXF1ZW50aWFsIiAvPg0KICAgICAgPC9UYWJsZXM+DQogICAgPC9EYXRhU291cmNlPg0KICA8L0RhdGFTb3VyY2VzPg0KICA8Q29udGV4dFBhcmFtZXRlcnM+DQogICAgPENvbnRleHRQYXJhbWV0ZXIgTmFtZT0iU2VydmVyVXJsIiBWYWx1ZT0iaHR0cHM6Ly9zdGFnaW5nLmJyaWdodHdoaXN0bGUuY29tIiAvPg0KICA8L0NvbnRleHRQYXJhbWV0ZXJzPg0KICA8V2ViVGVzdFBsdWdpbnM+DQogICAgPFdlYlRlc3RQbHVnaW4gQ2xhc3NuYW1lPSJUZXN0UGx1Z2luLlNlcnZlclVybHMsIFRlc3RQbHVnaW4sIFZlcnNpb249MS4wLjAuMCwgQ3VsdHVyZT1uZXV0cmFsLCBQdWJsaWNLZXlUb2tlbj1udWxsIiBEaXNwbGF5TmFtZT0iU2VydmVyVXJscyIgRGVzY3JpcHRpb249IiIgLz4NCiAgICA8V2ViVGVzdFBsdWdpbiBDbGFzc25hbWU9IlRlc3RQbHVnaW4uU2VlZCwgVGVzdFBsdWdpbiwgVmVyc2lvbj0xLjAuMC4wLCBDdWx0dXJlPW5ldXRyYWwsIFB1YmxpY0tleVRva2VuPW51bGwiIERpc3BsYXlOYW1lPSJTZWVkIiBEZXNjcmlwdGlvbj0iIiAvPg0KICA8L1dlYlRlc3RQbHVnaW5zPg0KPC9XZWJUZXN0Pg==">
      <Execution id="c2c6acdf-fae4-4fe7-a6fd-333cca935033" />
    </WebTest>
    <WebTest name="Login" storage="c:\medseek\automation\persuade\vsprojects\persuadeperformance\persuadeperformance\webtests\global tests\login.webtest" priority="0" id="6e961aa2-1090-4a72-8f5c-09858eb28a54" persistedWebTest="77u/PD94bWwgdmVyc2lvbj0iMS4wIiBlbmNvZGluZz0iVVRGLTgiIHN0YW5kYWxvbmU9InllcyI/Pg0KPFdlYlRlc3QgTmFtZT0iTG9naW4iIElkPSI2ZTk2MWFhMi0xMDkwLTRhNzItOGY1Yy0wOTg1OGViMjhhNTQiIE93bmVyPSIiIFByaW9yaXR5PSIwIiBFbmFibGVkPSJUcnVlIiBDc3NQcm9qZWN0U3RydWN0dXJlPSIiIENzc0l0ZXJhdGlvbj0iIiBUaW1lb3V0PSIwIiBXb3JrSXRlbUlkcz0iIiB4bWxucz0iaHR0cDovL21pY3Jvc29mdC5jb20vc2NoZW1hcy9WaXN1YWxTdHVkaW8vVGVhbVRlc3QvMjAxMCIgRGVzY3JpcHRpb249IiIgQ3JlZGVudGlhbFVzZXJOYW1lPSIiIENyZWRlbnRpYWxQYXNzd29yZD0iIiBQcmVBdXRoZW50aWNhdGU9IlRydWUiIFByb3h5PSIiIFN0b3BPbkVycm9yPSJGYWxzZSIgUmVjb3JkZWRSZXN1bHRGaWxlPSIiIFJlc3VsdHNMb2NhbGU9IiI+DQogIDxJdGVtcz4NCiAgICA8Q29tbWVudCBDb21tZW50VGV4dD0iTGFuZGluZyBQYWdlIiAvPg0KICAgIDxUcmFuc2FjdGlvblRpbWVyIE5hbWU9IkxhbmRpbmcgUGFnZSI+DQogICAgICA8SXRlbXM+DQogICAgICAgIDxSZXF1ZXN0IE1ldGhvZD0iR0VUIiBHdWlkPSIyZjY3ZWIzYS02MDY1LTQ0NmMtODc2OC1iMjAyN2E3Y2RjYTUiIFZlcnNpb249IjEuMSIgVXJsPSJ7e1NlcnZlclVybH19LyIgVGhpbmtUaW1lPSIwIiBUaW1lb3V0PSI2MCIgUGFyc2VEZXBlbmRlbnRSZXF1ZXN0cz0iRmFsc2UiIEZvbGxvd1JlZGlyZWN0cz0iVHJ1ZSIgUmVjb3JkUmVzdWx0PSJUcnVlIiBDYWNoZT0iRmFsc2UiIFJlc3BvbnNlVGltZUdvYWw9IjAiIEVuY29kaW5nPSJ1dGYtOCIgRXhwZWN0ZWRIdHRwU3RhdHVzQ29kZT0iMCIgRXhwZWN0ZWRSZXNwb25zZVVybD0iIiBSZXBvcnRpbmdOYW1lPSIiIElnbm9yZUh0dHBTdGF0dXNDb2RlPSJGYWxzZSI+DQogICAgICAgICAgPEhlYWRlcnM+DQogICAgICAgICAgICA8SGVhZGVyIE5hbWU9IlVwZ3JhZGUtSW5zZWN1cmUtUmVxdWVzdHMiIFZhbHVlPSIxIiAvPg0KICAgICAgICAgICAgPEhlYWRlciBOYW1lPSJJZi1Ob25lLU1hdGNoIiBWYWx1ZT0iJnF1b3Q7MjAyZWYxZTllN2IyZDhjYWM5ODQ0ZTViNzFlNDliNTQmcXVvdDsiIC8+DQogICAgICAgICAgPC9IZWFkZXJzPg0KICAgICAgICAgIDxWYWxpZGF0aW9uUnVsZXM+DQogICAgICAgICAgICA8VmFsaWRhdGlvblJ1bGUgQ2xhc3NuYW1lPSJNaWNyb3NvZnQuVmlzdWFsU3R1ZGlvLlRlc3RUb29scy5XZWJUZXN0aW5nLlJ1bGVzLlZhbGlkYXRpb25SdWxlRmluZFRleHQsIE1pY3Jvc29mdC5WaXN1YWxTdHVkaW8uUXVhbGl0eVRvb2xzLldlYlRlc3RGcmFtZXdvcmssIFZlcnNpb249MTAuMC4wLjAsIEN1bHR1cmU9bmV1dHJhbCwgUHVibGljS2V5VG9rZW49YjAzZjVmN2YxMWQ1MGEzYSIgRGlzcGxheU5hbWU9IkZpbmQgVGV4dCIgRGVzY3JpcHRpb249IlZlcmlmaWVzIHRoZSBleGlzdGVuY2Ugb2YgdGhlIHNwZWNpZmllZCB0ZXh0IGluIHRoZSByZXNwb25zZS4iIExldmVsPSJIaWdoIiBFeGVjdHVpb25PcmRlcj0iQmVmb3JlRGVwZW5kZW50cyI+DQogICAgICAgICAgICAgIDxSdWxlUGFyYW1ldGVycz4NCiAgICAgICAgICAgICAgICA8UnVsZVBhcmFtZXRlciBOYW1lPSJGaW5kVGV4dCIgVmFsdWU9IlNpZ24gaW4gdG8gUGVyc3VhZGUgcG93ZXJlZCBieSBCcmlnaHRXaGlzdGxlIiAvPg0KICAgICAgICAgICAgICAgIDxSdWxlUGFyYW1ldGVyIE5hbWU9Iklnbm9yZUNhc2UiIFZhbHVlPSJUcnVlIiAvPg0KICAgICAgICAgICAgICAgIDxSdWxlUGFyYW1ldGVyIE5hbWU9IlVzZVJlZ3VsYXJFeHByZXNzaW9uIiBWYWx1ZT0iRmFsc2UiIC8+DQogICAgICAgICAgICAgICAgPFJ1bGVQYXJhbWV0ZXIgTmFtZT0iUGFzc0lmVGV4dEZvdW5kIiBWYWx1ZT0iVHJ1ZSIgLz4NCiAgICAgICAgICAgICAgPC9SdWxlUGFyYW1ldGVycz4NCiAgICAgICAgICAgIDwvVmFsaWRhdGlvblJ1bGU+DQogICAgICAgICAgPC9WYWxpZGF0aW9uUnVsZXM+DQogICAgICAgICAgPEV4dHJhY3Rpb25SdWxlcz4NCiAgICAgICAgICAgIDxFeHRyYWN0aW9uUnVsZSBDbGFzc25hbWU9Ik1pY3Jvc29mdC5WaXN1YWxTdHVkaW8uVGVzdFRvb2xzLldlYlRlc3RpbmcuUnVsZXMuRXh0cmFjdEhpZGRlbkZpZWxkcywgTWljcm9zb2Z0LlZpc3VhbFN0dWRpby5RdWFsaXR5VG9vbHMuV2ViVGVzdEZyYW1ld29yaywgVmVyc2lvbj0xMC4wLjAuMCwgQ3VsdHVyZT1uZXV0cmFsLCBQdWJsaWNLZXlUb2tlbj1iMDNmNWY3ZjExZDUwYTNhIiBWYXJpYWJsZU5hbWU9IjEiIERpc3BsYXlOYW1lPSJFeHRyYWN0IEhpZGRlbiBGaWVsZHMiIERlc2NyaXB0aW9uPSJFeHRyYWN0IGFsbCBoaWRkZW4gZmllbGRzIGZyb20gdGhlIHJlc3BvbnNlIGFuZCBwbGFjZSB0aGVtIGludG8gdGhlIHRlc3QgY29udGV4dC4iPg0KICAgICAgICAgICAgICA8UnVsZVBhcmFtZXRlcnM+DQogICAgICAgICAgICAgICAgPFJ1bGVQYXJhbWV0ZXIgTmFtZT0iUmVxdWlyZWQiIFZhbHVlPSJUcnVlIiAvPg0KICAgICAgICAgICAgICAgIDxSdWxlUGFyYW1ldGVyIE5hbWU9Ikh0bWxEZWNvZGUiIFZhbHVlPSJUcnVlIiAvPg0KICAgICAgICAgICAgICA8L1J1bGVQYXJhbWV0ZXJzPg0KICAgICAgICAgICAgPC9FeHRyYWN0aW9uUnVsZT4NCiAgICAgICAgICA8L0V4dHJhY3Rpb25SdWxlcz4NCiAgICAgICAgPC9SZXF1ZXN0Pg0KICAgICAgPC9JdGVtcz4NCiAgICA8L1RyYW5zYWN0aW9uVGltZXI+DQogICAgPENvbW1lbnQgQ29tbWVudFRleHQ9ImxvZ2luIiAvPg0KICAgIDxUcmFuc2FjdGlvblRpbWVyIE5hbWU9IkxvZ2luIj4NCiAgICAgIDxJdGVtcz4NCiAgICAgICAgPFJlcXVlc3QgTWV0aG9kPSJQT1NUIiBHdWlkPSJhN2Q2YTRmMy05NDFhLTRhZWMtODU3MS1lMDIzNmY1YjUzZmQiIFZlcnNpb249IjEuMSIgVXJsPSJ7e1NlcnZlclVybH19L3NpZ25faW4iIFRoaW5rVGltZT0iMCIgVGltZW91dD0iNjAiIFBhcnNlRGVwZW5kZW50UmVxdWVzdHM9IlRydWUiIEZvbGxvd1JlZGlyZWN0cz0iVHJ1ZSIgUmVjb3JkUmVzdWx0PSJUcnVlIiBDYWNoZT0iRmFsc2UiIFJlc3BvbnNlVGltZUdvYWw9IjAiIEVuY29kaW5nPSJ1dGYtOCIgRXhwZWN0ZWRIdHRwU3RhdHVzQ29kZT0iMCIgRXhwZWN0ZWRSZXNwb25zZVVybD0iIiBSZXBvcnRpbmdOYW1lPSJMb2dpbiIgSWdub3JlSHR0cFN0YXR1c0NvZGU9IkZhbHNlIj4NCiAgICAgICAgICA8SGVhZGVycz4NCiAgICAgICAgICAgIDxIZWFkZXIgTmFtZT0iUmVmZXJlciIgVmFsdWU9Int7U2VydmVyVXJsfX0vc2lnbl9pbiIgLz4NCiAgICAgICAgICAgIDxIZWFkZXIgTmFtZT0iQ29udGVudC1UeXBlIiBWYWx1ZT0iYXBwbGljYXRpb24veC13d3ctZm9ybS11cmxlbmNvZGVkIiAvPg0KICAgICAgICAgICAgPEhlYWRlciBOYW1lPSJPcmlnaW4iIFZhbHVlPSJodHRwczovL3N0YWdpbmcuYnJpZ2h0d2hpc3RsZS5jb20iIC8+DQogICAgICAgICAgICA8SGVhZGVyIE5hbWU9IlVwZ3JhZGUtSW5zZWN1cmUtUmVxdWVzdHMiIFZhbHVlPSIxIiAvPg0KICAgICAgICAgIDwvSGVhZGVycz4NCiAgICAgICAgICA8VmFsaWRhdGlvblJ1bGVzPg0KICAgICAgICAgICAgPFZhbGlkYXRpb25SdWxlIENsYXNzbmFtZT0iTWljcm9zb2Z0LlZpc3VhbFN0dWRpby5UZXN0VG9vbHMuV2ViVGVzdGluZy5SdWxlcy5WYWxpZGF0aW9uUnVsZUZpbmRUZXh0LCBNaWNyb3NvZnQuVmlzdWFsU3R1ZGlvLlF1YWxpdHlUb29scy5XZWJUZXN0RnJhbWV3b3JrLCBWZXJzaW9uPTEwLjAuMC4wLCBDdWx0dXJlPW5ldXRyYWwsIFB1YmxpY0tleVRva2VuPWIwM2Y1ZjdmMTFkNTBhM2EiIERpc3BsYXlOYW1lPSJGaW5kIFRleHQiIERlc2NyaXB0aW9uPSJWZXJpZmllcyB0aGUgZXhpc3RlbmNlIG9mIHRoZSBzcGVjaWZpZWQgdGV4dCBpbiB0aGUgcmVzcG9uc2UuIiBMZXZlbD0iSGlnaCIgRXhlY3R1aW9uT3JkZXI9IkJlZm9yZURlcGVuZGVudHMiPg0KICAgICAgICAgICAgICA8UnVsZVBhcmFtZXRlcnM+DQogICAgICAgICAgICAgICAgPFJ1bGVQYXJhbWV0ZXIgTmFtZT0iRmluZFRleHQiIFZhbHVlPSJTaWduZWQgaW4gc3VjY2Vzc2Z1bGx5LiIgLz4NCiAgICAgICAgICAgICAgICA8UnVsZVBhcmFtZXRlciBOYW1lPSJJZ25vcmVDYXNlIiBWYWx1ZT0iRmFsc2UiIC8+DQogICAgICAgICAgICAgICAgPFJ1bGVQYXJhbWV0ZXIgTmFtZT0iVXNlUmVndWxhckV4cHJlc3Npb24iIFZhbHVlPSJGYWxzZSIgLz4NCiAgICAgICAgICAgICAgICA8UnVsZVBhcmFtZXRlciBOYW1lPSJQYXNzSWZUZXh0Rm91bmQiIFZhbHVlPSJUcnVlIiAvPg0KICAgICAgICAgICAgICA8L1J1bGVQYXJhbWV0ZXJzPg0KICAgICAgICAgICAgPC9WYWxpZGF0aW9uUnVsZT4NCiAgICAgICAgICA8L1ZhbGlkYXRpb25SdWxlcz4NCiAgICAgICAgICA8RXh0cmFjdGlvblJ1bGVzPg0KICAgICAgICAgICAgPEV4dHJhY3Rpb25SdWxlIENsYXNzbmFtZT0iTWljcm9zb2Z0LlZpc3VhbFN0dWRpby5UZXN0VG9vbHMuV2ViVGVzdGluZy5SdWxlcy5FeHRyYWN0QXR0cmlidXRlVmFsdWUsIE1pY3Jvc29mdC5WaXN1YWxTdHVkaW8uUXVhbGl0eVRvb2xzLldlYlRlc3RGcmFtZXdvcmssIFZlcnNpb249MTAuMC4wLjAsIEN1bHR1cmU9bmV1dHJhbCwgUHVibGljS2V5VG9rZW49YjAzZjVmN2YxMWQ1MGEzYSIgVmFyaWFibGVOYW1lPSJhdXRoVG9rZW4iIERpc3BsYXlOYW1lPSJFeHRyYWN0IEF0dHJpYnV0ZSBWYWx1ZSIgRGVzY3JpcHRpb249IkV4dHJhY3QgdGhlIHZhbHVlIG9mIGFuIGF0dHJpYnV0ZSBmcm9tIGEgc3BlY2lmaWVkIEhUTUwgdGFnLiI+DQogICAgICAgICAgICAgIDxSdWxlUGFyYW1ldGVycz4NCiAgICAgICAgICAgICAgICA8UnVsZVBhcmFtZXRlciBOYW1lPSJUYWdOYW1lIiBWYWx1ZT0ibWV0YSIgLz4NCiAgICAgICAgICAgICAgICA8UnVsZVBhcmFtZXRlciBOYW1lPSJBdHRyaWJ1dGVOYW1lIiBWYWx1ZT0iY29udGVudCIgLz4NCiAgICAgICAgICAgICAgICA8UnVsZVBhcmFtZXRlciBOYW1lPSJNYXRjaEF0dHJpYnV0ZU5hbWUiIFZhbHVlPSJuYW1lIiAvPg0KICAgICAgICAgICAgICAgIDxSdWxlUGFyYW1ldGVyIE5hbWU9Ik1hdGNoQXR0cmlidXRlVmFsdWUiIFZhbHVlPSJjc3JmLXRva2VuIiAvPg0KICAgICAgICAgICAgICAgIDxSdWxlUGFyYW1ldGVyIE5hbWU9Ikh0bWxEZWNvZGUiIFZhbHVlPSJUcnVlIiAvPg0KICAgICAgICAgICAgICAgIDxSdWxlUGFyYW1ldGVyIE5hbWU9IlJlcXVpcmVkIiBWYWx1ZT0iVHJ1ZSIgLz4NCiAgICAgICAgICAgICAgICA8UnVsZVBhcmFtZXRlciBOYW1lPSJJbmRleCIgVmFsdWU9IjAiIC8+DQogICAgICAgICAgICAgIDwvUnVsZVBhcmFtZXRlcnM+DQogICAgICAgICAgICA8L0V4dHJhY3Rpb25SdWxlPg0KICAgICAgICAgIDwvRXh0cmFjdGlvblJ1bGVzPg0KICAgICAgICAgIDxGb3JtUG9zdEh0dHBCb2R5Pg0KICAgICAgICAgICAgPEZvcm1Qb3N0UGFyYW1ldGVyIE5hbWU9InV0ZjgiIFZhbHVlPSLinJMiIFJlY29yZGVkVmFsdWU9IiIgQ29ycmVsYXRpb25CaW5kaW5nPSIiIFVybEVuY29kZT0iVHJ1ZSIgLz4NCiAgICAgICAgICAgIDxGb3JtUG9zdFBhcmFtZXRlciBOYW1lPSJhdXRoZW50aWNpdHlfdG9rZW4iIFZhbHVlPSJ7eyRISURERU4xLmF1dGhlbnRpY2l0eV90b2tlbn19IiBSZWNvcmRlZFZhbHVlPSIiIENvcnJlbGF0aW9uQmluZGluZz0iIiBVcmxFbmNvZGU9IlRydWUiIC8+DQogICAgICAgICAgICA8Rm9ybVBvc3RQYXJhbWV0ZXIgTmFtZT0id2luZG93X3Jlc29sdXRpb24iIFZhbHVlPSIxMTAzeDY3NCIgUmVjb3JkZWRWYWx1ZT0iIiBDb3JyZWxhdGlvbkJpbmRpbmc9IiIgVXJsRW5jb2RlPSJUcnVlIiAvPg0KICAgICAgICAgICAgPEZvcm1Qb3N0UGFyYW1ldGVyIE5hbWU9InVzZXJbZW1haWxdIiBWYWx1ZT0ie3tVc2Vycy5Vc2VycyNjc3YuVXNlcm5hbWV9fSIgUmVjb3JkZWRWYWx1ZT0iIiBDb3JyZWxhdGlvbkJpbmRpbmc9IiIgVXJsRW5jb2RlPSJUcnVlIiAvPg0KICAgICAgICAgICAgPEZvcm1Qb3N0UGFyYW1ldGVyIE5hbWU9InVzZXJbcGFzc3dvcmRdIiBWYWx1ZT0ie3tVc2Vycy5Vc2VycyNjc3YuUGFzc3dvcmR9fSIgUmVjb3JkZWRWYWx1ZT0iIiBDb3JyZWxhdGlvbkJpbmRpbmc9IiIgVXJsRW5jb2RlPSJUcnVlIiAvPg0KICAgICAgICAgICAgPEZvcm1Qb3N0UGFyYW1ldGVyIE5hbWU9ImNvbW1pdCIgVmFsdWU9IlNpZ24gaW4iIFJlY29yZGVkVmFsdWU9IiIgQ29ycmVsYXRpb25CaW5kaW5nPSIiIFVybEVuY29kZT0iVHJ1ZSIgLz4NCiAgICAgICAgICA8L0Zvcm1Qb3N0SHR0cEJvZHk+DQogICAgICAgIDwvUmVxdWVzdD4NCiAgICAgIDwvSXRlbXM+DQogICAgPC9UcmFuc2FjdGlvblRpbWVyPg0KICA8L0l0ZW1zPg0KICA8RGF0YVNvdXJjZXM+DQogICAgPERhdGFTb3VyY2UgTmFtZT0iVXNlcnMiIFByb3ZpZGVyPSJNaWNyb3NvZnQuVmlzdWFsU3R1ZGlvLlRlc3RUb29scy5EYXRhU291cmNlLkNTViIgQ29ubmVjdGlvbj0ifERhdGFEaXJlY3Rvcnl8XC4uXC4uXERhdGFcVXNlcnMuY3N2Ij4NCiAgICAgIDxUYWJsZXM+DQogICAgICAgIDxEYXRhU291cmNlVGFibGUgTmFtZT0iVXNlcnMjY3N2IiBTZWxlY3RDb2x1bW5zPSJTZWxlY3RPbmx5Qm91bmRDb2x1bW5zIiBBY2Nlc3NNZXRob2Q9IlNlcXVlbnRpYWwiIC8+DQogICAgICA8L1RhYmxlcz4NCiAgICA8L0RhdGFTb3VyY2U+DQogIDwvRGF0YVNvdXJjZXM+DQogIDxDb250ZXh0UGFyYW1ldGVycz4NCiAgICA8Q29udGV4dFBhcmFtZXRlciBOYW1lPSJTZXJ2ZXJVcmwiIFZhbHVlPSJodHRwczovL3N0YWdpbmcuYnJpZ2h0d2hpc3RsZS5jb20iIC8+DQogIDwvQ29udGV4dFBhcmFtZXRlcnM+DQogIDxXZWJUZXN0UGx1Z2lucz4NCiAgICA8V2ViVGVzdFBsdWdpbiBDbGFzc25hbWU9IlRlc3RQbHVnaW4uU2VydmVyVXJscywgVGVzdFBsdWdpbiwgVmVyc2lvbj0xLjAuMC4wLCBDdWx0dXJlPW5ldXRyYWwsIFB1YmxpY0tleVRva2VuPW51bGwiIERpc3BsYXlOYW1lPSJTZXJ2ZXJVcmxzIiBEZXNjcmlwdGlvbj0iIiAvPg0KICA8L1dlYlRlc3RQbHVnaW5zPg0KPC9XZWJUZXN0Pg==">
    </WebTest>
    <WebTest name="PERS-1658_Creative" storage="c:\medseek\automation\persuade\vsprojects\persuadeperformance\persuadeperformance\webtests\library\pers-1658_creative.webtest" priority="0" id="ea881d39-d2a1-45ff-a7b9-a43159ea9ba3" persistedWebTest="77u/PD94bWwgdmVyc2lvbj0iMS4wIiBlbmNvZGluZz0iVVRGLTgiIHN0YW5kYWxvbmU9InllcyI/Pg0KPFdlYlRlc3QgTmFtZT0iUEVSUy0xNjU4X0NyZWF0aXZlIiBJZD0iZWE4ODFkMzktZDJhMS00NWZmLWE3YjktYTQzMTU5ZWE5YmEzIiBPd25lcj0iIiBQcmlvcml0eT0iMCIgRW5hYmxlZD0iVHJ1ZSIgQ3NzUHJvamVjdFN0cnVjdHVyZT0iIiBDc3NJdGVyYXRpb249IiIgVGltZW91dD0iMCIgV29ya0l0ZW1JZHM9IiIgeG1sbnM9Imh0dHA6Ly9taWNyb3NvZnQuY29tL3NjaGVtYXMvVmlzdWFsU3R1ZGlvL1RlYW1UZXN0LzIwMTAiIERlc2NyaXB0aW9uPSIiIENyZWRlbnRpYWxVc2VyTmFtZT0iIiBDcmVkZW50aWFsUGFzc3dvcmQ9IiIgUHJlQXV0aGVudGljYXRlPSJUcnVlIiBQcm94eT0iIiBTdG9wT25FcnJvcj0iRmFsc2UiIFJlY29yZGVkUmVzdWx0RmlsZT0iIiBSZXN1bHRzTG9jYWxlPSIiPg0KICA8SXRlbXM+DQogICAgPFRyYW5zYWN0aW9uVGltZXIgTmFtZT0iTG9naW4iIC8+DQogICAgPENvbW1lbnQgQ29tbWVudFRleHQ9IlNldCBIaWVyYXJjaHkiIC8+DQogICAgPFRyYW5zYWN0aW9uVGltZXIgTmFtZT0iU2V0IEhpZXJhcmNoeSI+DQogICAgICA8SXRlbXM+DQogICAgICAgIDxJbmNsdWRlZFdlYlRlc3QgTmFtZT0iRmFjZWJvb2tTZXRIaWVyYXJjaHkiIFBhdGg9ImM6XG1lZHNlZWtcYXV0b21hdGlvblxwZXJzdWFkZVx2c3Byb2plY3RzXHBlcnN1YWRlcGVyZm9ybWFuY2VccGVyc3VhZGVwZXJmb3JtYW5jZVx3ZWJ0ZXN0c1xnbG9iYWwgdGVzdHNcZmFjZWJvb2tzZXRoaWVyYXJjaHkud2VidGVzdCIgSWQ9IjYxYzMwMGMwLWZmZWQtNGVlMy05NTQ2LTczNzA4MjcwMmJkYSIgSXNDb2RlZFdlYlRlc3Q9IkZhbHNlIiBJbmhlcml0V2ViVGVzdFNldHRpbmdzPSJGYWxzZSIgLz4NCiAgICAgIDwvSXRlbXM+DQogICAgPC9UcmFuc2FjdGlvblRpbWVyPg0KICAgIDxDb21tZW50IENvbW1lbnRUZXh0PSJMaWJyYXJ5IC0gQ3JlYXRpdmUiIC8+DQogICAgPFRyYW5zYWN0aW9uVGltZXIgTmFtZT0iTGlicmFyeSAtIENyZWF0aXZlIj4NCiAgICAgIDxJdGVtcz4NCiAgICAgICAgPFJlcXVlc3QgTWV0aG9kPSJHRVQiIEd1aWQ9Ijg2NjYwNjY0LTgyNjItNDRkZS05YmQ1LTY2Y2RhYjdhM2U4ZCIgVmVyc2lvbj0iMS4xIiBVcmw9Int7U2VydmVyVXJsfX0vZW1haWxfY3JlYXRpdmVzIiBUaGlua1RpbWU9Ii0yIiBUaW1lb3V0PSI2MCIgUGFyc2VEZXBlbmRlbnRSZXF1ZXN0cz0iVHJ1ZSIgRm9sbG93UmVkaXJlY3RzPSJUcnVlIiBSZWNvcmRSZXN1bHQ9IlRydWUiIENhY2hlPSJGYWxzZSIgUmVzcG9uc2VUaW1lR29hbD0iMCIgRW5jb2Rpbmc9InV0Zi04IiBFeHBlY3RlZEh0dHBTdGF0dXNDb2RlPSIwIiBFeHBlY3RlZFJlc3BvbnNlVXJsPSIiIFJlcG9ydGluZ05hbWU9IiIgSWdub3JlSHR0cFN0YXR1c0NvZGU9IkZhbHNlIj4NCiAgICAgICAgICA8SGVhZGVycz4NCiAgICAgICAgICAgIDxIZWFkZXIgTmFtZT0iVXBncmFkZS1JbnNlY3VyZS1SZXF1ZXN0cyIgVmFsdWU9IjEiIC8+DQogICAgICAgICAgICA8SGVhZGVyIE5hbWU9IklmLU5vbmUtTWF0Y2giIFZhbHVlPSImcXVvdDtjYzhlMTQyMjZlOWMxMzE0NjYxYWNhNjJiMjhjMzMyOSZxdW90OyIgLz4NCiAgICAgICAgICA8L0hlYWRlcnM+DQogICAgICAgICAgPEV4dHJhY3Rpb25SdWxlcz4NCiAgICAgICAgICAgIDxFeHRyYWN0aW9uUnVsZSBDbGFzc25hbWU9Ik1pY3Jvc29mdC5WaXN1YWxTdHVkaW8uVGVzdFRvb2xzLldlYlRlc3RpbmcuUnVsZXMuRXh0cmFjdFRleHQsIE1pY3Jvc29mdC5WaXN1YWxTdHVkaW8uUXVhbGl0eVRvb2xzLldlYlRlc3RGcmFtZXdvcmssIFZlcnNpb249MTAuMC4wLjAsIEN1bHR1cmU9bmV1dHJhbCwgUHVibGljS2V5VG9rZW49YjAzZjVmN2YxMWQ1MGEzYSIgVmFyaWFibGVOYW1lPSJlbWFpbENyZWF0aXZlSWQiIERpc3BsYXlOYW1lPSJFeHRyYWN0IFRleHQiIERlc2NyaXB0aW9uPSJFeHRyYWN0IHRleHQgZnJvbSB0aGUgcmVzcG9uc2UgYW5kIHBsYWNlIGl0IGludG8gdGhlIHRlc3QgY29udGV4dC4iPg0KICAgICAgICAgICAgICA8UnVsZVBhcmFtZXRlcnM+DQogICAgICAgICAgICAgICAgPFJ1bGVQYXJhbWV0ZXIgTmFtZT0iU3RhcnRzV2l0aCIgVmFsdWU9ImRhdGEtc2tpcC1wamF4PSZxdW90O3RydWUmcXVvdDsgaHJlZj0mcXVvdDsvZW1haWxfY3JlYXRpdmVzLyIgLz4NCiAgICAgICAgICAgICAgICA8UnVsZVBhcmFtZXRlciBOYW1lPSJFbmRzV2l0aCIgVmFsdWU9Ii9lZGl0JnF1b3Q7Jmd0OyIgLz4NCiAgICAgICAgICAgICAgICA8UnVsZVBhcmFtZXRlciBOYW1lPSJJZ25vcmVDYXNlIiBWYWx1ZT0iRmFsc2UiIC8+DQogICAgICAgICAgICAgICAgPFJ1bGVQYXJhbWV0ZXIgTmFtZT0iVXNlUmVndWxhckV4cHJlc3Npb24iIFZhbHVlPSJGYWxzZSIgLz4NCiAgICAgICAgICAgICAgICA8UnVsZVBhcmFtZXRlciBOYW1lPSJSZXF1aXJlZCIgVmFsdWU9IlRydWUiIC8+DQogICAgICAgICAgICAgICAgPFJ1bGVQYXJhbWV0ZXIgTmFtZT0iRXh0cmFjdFJhbmRvbU1hdGNoIiBWYWx1ZT0iRmFsc2UiIC8+DQogICAgICAgICAgICAgICAgPFJ1bGVQYXJhbWV0ZXIgTmFtZT0iSW5kZXgiIFZhbHVlPSIwIiAvPg0KICAgICAgICAgICAgICAgIDxSdWxlUGFyYW1ldGVyIE5hbWU9Ikh0bWxEZWNvZGUiIFZhbHVlPSJUcnVlIiAvPg0KICAgICAgICAgICAgICAgIDxSdWxlUGFyYW1ldGVyIE5hbWU9IlNlYXJjaEluSGVhZGVycyIgVmFsdWU9IkZhbHNlIiAvPg0KICAgICAgICAgICAgICA8L1J1bGVQYXJhbWV0ZXJzPg0KICAgICAgICAgICAgPC9FeHRyYWN0aW9uUnVsZT4NCiAgICAgICAgICA8L0V4dHJhY3Rpb25SdWxlcz4NCiAgICAgICAgPC9SZXF1ZXN0Pg0KICAgICAgPC9JdGVtcz4NCiAgICA8L1RyYW5zYWN0aW9uVGltZXI+DQogICAgPENvbW1lbnQgQ29tbWVudFRleHQ9IkNsaWNrIGEgQ3JlYXRpdmUiIC8+DQogICAgPFRyYW5zYWN0aW9uVGltZXIgTmFtZT0iQ2xpY2sgYSBDcmVhdGl2ZSI+DQogICAgICA8SXRlbXM+DQogICAgICAgIDxSZXF1ZXN0IE1ldGhvZD0iR0VUIiBHdWlkPSI1NGZiNGY1Yy03MmVmLTQxZjctOTdkNC1kNmRiMjhiNzdlNjgiIFZlcnNpb249IjEuMSIgVXJsPSJ7e1NlcnZlclVybH19L2VtYWlsX2NyZWF0aXZlcy97e2VtYWlsQ3JlYXRpdmVJZH19L2VkaXQiIFRoaW5rVGltZT0iLTEzIiBUaW1lb3V0PSI2MCIgUGFyc2VEZXBlbmRlbnRSZXF1ZXN0cz0iRmFsc2UiIEZvbGxvd1JlZGlyZWN0cz0iVHJ1ZSIgUmVjb3JkUmVzdWx0PSJUcnVlIiBDYWNoZT0iRmFsc2UiIFJlc3BvbnNlVGltZUdvYWw9IjAiIEVuY29kaW5nPSJ1dGYtOCIgRXhwZWN0ZWRIdHRwU3RhdHVzQ29kZT0iMCIgRXhwZWN0ZWRSZXNwb25zZVVybD0iIiBSZXBvcnRpbmdOYW1lPSIiIElnbm9yZUh0dHBTdGF0dXNDb2RlPSJGYWxzZSI+DQogICAgICAgICAgPEhlYWRlcnM+DQogICAgICAgICAgICA8SGVhZGVyIE5hbWU9IlgtQ1NSRi1Ub2tlbiIgVmFsdWU9Int7YXV0aFRva2VufX0iIC8+DQogICAgICAgICAgICA8SGVhZGVyIE5hbWU9IlgtUmVxdWVzdGVkLVdpdGgiIFZhbHVlPSJYTUxIdHRwUmVxdWVzdCIgLz4NCiAgICAgICAgICA8L0hlYWRlcnM+DQogICAgICAgIDwvUmVxdWVzdD4NCiAgICAgIDwvSXRlbXM+DQogICAgPC9UcmFuc2FjdGlvblRpbWVyPg0KICAgIDxDb21tZW50IENvbW1lbnRUZXh0PSJDcmVhdGUgQ3JlYXRpdmUiIC8+DQogICAgPFRyYW5zYWN0aW9uVGltZXIgTmFtZT0iQ3JlYXRlIENyZWF0aXZlIj4NCiAgICAgIDxJdGVtcz4NCiAgICAgICAgPFJlcXVlc3QgTWV0aG9kPSJHRVQiIEd1aWQ9IjhlYWMwMTdmLThjODYtNDY3Yi04MmFjLTgwNGM1ZTM1NDdkYSIgVmVyc2lvbj0iMS4xIiBVcmw9Int7U2VydmVyVXJsfX0vZW1haWxfY3JlYXRpdmVzL25ldyIgVGhpbmtUaW1lPSItMSIgVGltZW91dD0iNjAiIFBhcnNlRGVwZW5kZW50UmVxdWVzdHM9IlRydWUiIEZvbGxvd1JlZGlyZWN0cz0iVHJ1ZSIgUmVjb3JkUmVzdWx0PSJUcnVlIiBDYWNoZT0iRmFsc2UiIFJlc3BvbnNlVGltZUdvYWw9IjAiIEVuY29kaW5nPSJ1dGYtOCIgRXhwZWN0ZWRIdHRwU3RhdHVzQ29kZT0iMCIgRXhwZWN0ZWRSZXNwb25zZVVybD0iIiBSZXBvcnRpbmdOYW1lPSIiIElnbm9yZUh0dHBTdGF0dXNDb2RlPSJGYWxzZSI+DQogICAgICAgICAgPEhlYWRlcnM+DQogICAgICAgICAgICA8SGVhZGVyIE5hbWU9IlgtQ1NSRi1Ub2tlbiIgVmFsdWU9Int7YXV0aFRva2VufX0iIC8+DQogICAgICAgICAgICA8SGVhZGVyIE5hbWU9IlgtUmVxdWVzdGVkLVdpdGgiIFZhbHVlPSJYTUxIdHRwUmVxdWVzdCIgLz4NCiAgICAgICAgICAgIDxIZWFkZXIgTmFtZT0iSWYtTm9uZS1NYXRjaCIgVmFsdWU9IiZxdW90OzA5YjRlODI5NDE5MTFiNmVlODIwMThhODY2MDA2YjAxJnF1b3Q7IiAvPg0KICAgICAgICAgIDwvSGVhZGVycz4NCiAgICAgICAgPC9SZXF1ZXN0Pg0KICAgICAgPC9JdGVtcz4NCiAgICA8L1RyYW5zYWN0aW9uVGltZXI+DQogICAgPENvbW1lbnQgQ29tbWVudFRleHQ9IlNhdmUiIC8+DQogICAgPFRyYW5zYWN0aW9uVGltZXIgTmFtZT0iU2F2ZSI+DQogICAgICA8SXRlbXM+DQogICAgICAgIDxSZXF1ZXN0IE1ldGhvZD0iUE9TVCIgR3VpZD0iMWZhNGU2MTktMTljMi00NDdlLWIwZDgtYzFkMWZmMGE0MTkyIiBWZXJzaW9uPSIxLjEiIFVybD0ie3tTZXJ2ZXJVcmx9fS9lbWFpbF9jcmVhdGl2ZXMiIFRoaW5rVGltZT0iMCIgVGltZW91dD0iNjAiIFBhcnNlRGVwZW5kZW50UmVxdWVzdHM9IlRydWUiIEZvbGxvd1JlZGlyZWN0cz0iVHJ1ZSIgUmVjb3JkUmVzdWx0PSJUcnVlIiBDYWNoZT0iRmFsc2UiIFJlc3BvbnNlVGltZUdvYWw9IjAiIEVuY29kaW5nPSJ1dGYtOCIgRXhwZWN0ZWRIdHRwU3RhdHVzQ29kZT0iMCIgRXhwZWN0ZWRSZXNwb25zZVVybD0iIiBSZXBvcnRpbmdOYW1lPSIiIElnbm9yZUh0dHBTdGF0dXNDb2RlPSJGYWxzZSI+DQogICAgICAgICAgPEhlYWRlcnM+DQogICAgICAgICAgICA8SGVhZGVyIE5hbWU9Ik9yaWdpbiIgVmFsdWU9Int7U2VydmVyVXJsfX0iIC8+DQogICAgICAgICAgICA8SGVhZGVyIE5hbWU9IlgtQ1NSRi1Ub2tlbiIgVmFsdWU9Int7YXV0aFRva2VufX0iIC8+DQogICAgICAgICAgICA8SGVhZGVyIE5hbWU9IlgtUmVxdWVzdGVkLVdpdGgiIFZhbHVlPSJYTUxIdHRwUmVxdWVzdCIgLz4NCiAgICAgICAgICAgIDxIZWFkZXIgTmFtZT0iQ29udGVudC1UeXBlIiBWYWx1ZT0iYXBwbGljYXRpb24veC13d3ctZm9ybS11cmxlbmNvZGVkIiAvPg0KICAgICAgICAgIDwvSGVhZGVycz4NCiAgICAgICAgICA8Rm9ybVBvc3RIdHRwQm9keT4NCiAgICAgICAgICAgIDxGb3JtUG9zdFBhcmFtZXRlciBOYW1lPSJ1dGY4IiBWYWx1ZT0i4pyTIiBSZWNvcmRlZFZhbHVlPSIiIENvcnJlbGF0aW9uQmluZGluZz0iIiBVcmxFbmNvZGU9IlRydWUiIC8+DQogICAgICAgICAgICA8Rm9ybVBvc3RQYXJhbWV0ZXIgTmFtZT0iYXV0aGVudGljaXR5X3Rva2VuIiBWYWx1ZT0ie3thdXRoVG9rZW59fSIgUmVjb3JkZWRWYWx1ZT0iIiBDb3JyZWxhdGlvbkJpbmRpbmc9IiIgVXJsRW5jb2RlPSJUcnVlIiAvPg0KICAgICAgICAgICAgPEZvcm1Qb3N0UGFyYW1ldGVyIE5hbWU9ImFnZW5jeV9pZCIgVmFsdWU9Int7U2V0SGllcmFyY2h5LkhpZXJhcmNoeSNjc3YuVGllcjFJZH19IiBSZWNvcmRlZFZhbHVlPSIiIENvcnJlbGF0aW9uQmluZGluZz0iIiBVcmxFbmNvZGU9IlRydWUiIC8+DQogICAgICAgICAgICA8Rm9ybVBvc3RQYXJhbWV0ZXIgTmFtZT0iZW1haWxfY3JlYXRpdmVbY2xpZW50X2lkXSIgVmFsdWU9Int7U2V0SGllcmFyY2h5LkhpZXJhcmNoeSNjc3YuVGllcjJJZH19IiBSZWNvcmRlZFZhbHVlPSIiIENvcnJlbGF0aW9uQmluZGluZz0iIiBVcmxFbmNvZGU9IlRydWUiIC8+DQogICAgICAgICAgICA8Rm9ybVBvc3RQYXJhbWV0ZXIgTmFtZT0iZW1haWxfY3JlYXRpdmVbYnVzaW5lc3NfdW5pdF9pZF0iIFZhbHVlPSJ7e1NldEhpZXJhcmNoeS5IaWVyYXJjaHkjY3N2LlRpZXIzSWR9fSIgUmVjb3JkZWRWYWx1ZT0iIiBDb3JyZWxhdGlvbkJpbmRpbmc9IiIgVXJsRW5jb2RlPSJUcnVlIiAvPg0KICAgICAgICAgICAgPEZvcm1Qb3N0UGFyYW1ldGVyIE5hbWU9ImVtYWlsX2NyZWF0aXZlW25hbWVdIiBWYWx1ZT0icGVyZkNyZWF0aXZle3tzZWVkTnVtYmVyfX0iIFJlY29yZGVkVmFsdWU9IiIgQ29ycmVsYXRpb25CaW5kaW5nPSIiIFVybEVuY29kZT0iVHJ1ZSIgLz4NCiAgICAgICAgICAgIDxGb3JtUG9zdFBhcmFtZXRlciBOYW1lPSJlbWFpbF9jcmVhdGl2ZVtodG1sX3RlbXBsYXRlX3R5cGVdIiBWYWx1ZT0ic2ltcGxlIiBSZWNvcmRlZFZhbHVlPSIiIENvcnJlbGF0aW9uQmluZGluZz0iIiBVcmxFbmNvZGU9IlRydWUiIC8+DQogICAgICAgICAgICA8Rm9ybVBvc3RQYXJhbWV0ZXIgTmFtZT0iZW1haWxfY3JlYXRpdmVbdGVtcGxhdGVfYXR0cmlidXRlc11bdHlwZV0iIFZhbHVlPSJUZW1wbGF0ZXM6OkVtYWlsczo6U2ltcGxlIiBSZWNvcmRlZFZhbHVlPSIiIENvcnJlbGF0aW9uQmluZGluZz0iIiBVcmxFbmNvZGU9IlRydWUiIC8+DQogICAgICAgICAgICA8Rm9ybVBvc3RQYXJhbWV0ZXIgTmFtZT0iZW1haWxfY3JlYXRpdmVbdGVtcGxhdGVfYXR0cmlidXRlc11bZGF0YV1baGVyb19pbWFnZV9pZF0iIFZhbHVlPSIiIFJlY29yZGVkVmFsdWU9IiIgQ29ycmVsYXRpb25CaW5kaW5nPSIiIFVybEVuY29kZT0iVHJ1ZSIgLz4NCiAgICAgICAgICAgIDxGb3JtUG9zdFBhcmFtZXRlciBOYW1lPSJlbWFpbF9jcmVhdGl2ZVt0ZW1wbGF0ZV9hdHRyaWJ1dGVzXVtkYXRhXVtoZWFkZXJfaW1hZ2VfaWRdIiBWYWx1ZT0iIiBSZWNvcmRlZFZhbHVlPSIiIENvcnJlbGF0aW9uQmluZGluZz0iIiBVcmxFbmNvZGU9IlRydWUiIC8+DQogICAgICAgICAgICA8Rm9ybVBvc3RQYXJhbWV0ZXIgTmFtZT0iZW1haWxfY3JlYXRpdmVbdGVtcGxhdGVfYXR0cmlidXRlc11bZGF0YV1baW5jbHVkZV91bnN1YnNjcmliZV0iIFZhbHVlPSJ0cnVlIiBSZWNvcmRlZFZhbHVlPSIiIENvcnJlbGF0aW9uQmluZGluZz0iIiBVcmxFbmNvZGU9IlRydWUiIC8+DQogICAgICAgICAgICA8Rm9ybVBvc3RQYXJhbWV0ZXIgTmFtZT0iZW1haWxfY3JlYXRpdmVbdGVtcGxhdGVfYXR0cmlidXRlc11bZGF0YV1bcGhvbmVfbnVtYmVyX2lkXSIgVmFsdWU9IiIgUmVjb3JkZWRWYWx1ZT0iIiBDb3JyZWxhdGlvbkJpbmRpbmc9IiIgVXJsRW5jb2RlPSJUcnVlIiAvPg0KICAgICAgICAgICAgPEZvcm1Qb3N0UGFyYW1ldGVyIE5hbWU9ImVtYWlsX2NyZWF0aXZlW3RlbXBsYXRlX2F0dHJpYnV0ZXNdW2RhdGFdW3BhbGV0dGVfaWRdIiBWYWx1ZT0iIiBSZWNvcmRlZFZhbHVlPSIiIENvcnJlbGF0aW9uQmluZGluZz0iIiBVcmxFbmNvZGU9IlRydWUiIC8+DQogICAgICAgICAgICA8Rm9ybVBvc3RQYXJhbWV0ZXIgTmFtZT0iZW1haWxfY3JlYXRpdmVbdGVtcGxhdGVfYXR0cmlidXRlc11bZGF0YV1bY2FsbF90b19hY3Rpb25fY2hvaWNlXSIgVmFsdWU9ImN1c3RvbSIgUmVjb3JkZWRWYWx1ZT0iIiBDb3JyZWxhdGlvbkJpbmRpbmc9IiIgVXJsRW5jb2RlPSJUcnVlIiAvPg0KICAgICAgICAgICAgPEZvcm1Qb3N0UGFyYW1ldGVyIE5hbWU9ImVtYWlsX2NyZWF0aXZlW3RlbXBsYXRlX2F0dHJpYnV0ZXNdW2RhdGFdW2NhbGxfdG9fYWN0aW9uX3VybF0iIFZhbHVlPSIiIFJlY29yZGVkVmFsdWU9IiIgQ29ycmVsYXRpb25CaW5kaW5nPSIiIFVybEVuY29kZT0iVHJ1ZSIgLz4NCiAgICAgICAgICAgIDxGb3JtUG9zdFBhcmFtZXRlciBOYW1lPSJlbWFpbF9jcmVhdGl2ZVt0ZW1wbGF0ZV9hdHRyaWJ1dGVzXVtkYXRhXVtsYW5kaW5nX3BhZ2VfaWRdIiBWYWx1ZT0iIiBSZWNvcmRlZFZhbHVlPSIiIENvcnJlbGF0aW9uQmluZGluZz0iIiBVcmxFbmNvZGU9IlRydWUiIC8+DQogICAgICAgICAgICA8Rm9ybVBvc3RQYXJhbWV0ZXIgTmFtZT0iZW1haWxfY3JlYXRpdmVbdGVtcGxhdGVfYXR0cmlidXRlc11bZGF0YV1bY2FsbF90b19hY3Rpb25fYnV0dG9uX3RleHRdIiBWYWx1ZT0iIiBSZWNvcmRlZFZhbHVlPSIiIENvcnJlbGF0aW9uQmluZGluZz0iIiBVcmxFbmNvZGU9IlRydWUiIC8+DQogICAgICAgICAgICA8Rm9ybVBvc3RQYXJhbWV0ZXIgTmFtZT0iZW1haWxfY3JlYXRpdmVbdGVtcGxhdGVfYXR0cmlidXRlc11bZGF0YV1bYm9keV0iIFZhbHVlPSIiIFJlY29yZGVkVmFsdWU9IiIgQ29ycmVsYXRpb25CaW5kaW5nPSIiIFVybEVuY29kZT0iVHJ1ZSIgLz4NCiAgICAgICAgICAgIDxGb3JtUG9zdFBhcmFtZXRlciBOYW1lPSJ0ZW1wbGF0ZV9kYXRhX2JvZHkiIFZhbHVlPSIiIFJlY29yZGVkVmFsdWU9IiIgQ29ycmVsYXRpb25CaW5kaW5nPSIiIFVybEVuY29kZT0iVHJ1ZSIgLz4NCiAgICAgICAgICAgIDxGb3JtUG9zdFBhcmFtZXRlciBOYW1lPSJlbWFpbF9jcmVhdGl2ZVt0ZW1wbGF0ZV9pZF0iIFZhbHVlPSIiIFJlY29yZGVkVmFsdWU9IiIgQ29ycmVsYXRpb25CaW5kaW5nPSIiIFVybEVuY29kZT0iVHJ1ZSIgLz4NCiAgICAgICAgICAgIDxGb3JtUG9zdFBhcmFtZXRlciBOYW1lPSJidXNpbmVzc191bml0X2lkIiBWYWx1ZT0iIiBSZWNvcmRlZFZhbHVlPSIiIENvcnJlbGF0aW9uQmluZGluZz0iIiBVcmxFbmNvZGU9IlRydWUiIC8+DQogICAgICAgICAgPC9Gb3JtUG9zdEh0dHBCb2R5Pg0KICAgICAgICA8L1JlcXVlc3Q+DQogICAgICAgIDxSZXF1ZXN0IE1ldGhvZD0iR0VUIiBHdWlkPSIwYjA2OGU0Yi0zNjUyLTRiNjMtOTNiNy04MjBjYmY5MjYzMzAiIFZlcnNpb249IjEuMSIgVXJsPSJ7e1NlcnZlclVybH19L2VtYWlsX2NyZWF0aXZlcyIgVGhpbmtUaW1lPSItNSIgVGltZW91dD0iNjAiIFBhcnNlRGVwZW5kZW50UmVxdWVzdHM9IlRydWUiIEZvbGxvd1JlZGlyZWN0cz0iVHJ1ZSIgUmVjb3JkUmVzdWx0PSJUcnVlIiBDYWNoZT0iRmFsc2UiIFJlc3BvbnNlVGltZUdvYWw9IjAiIEVuY29kaW5nPSJ1dGYtOCIgRXhwZWN0ZWRIdHRwU3RhdHVzQ29kZT0iMCIgRXhwZWN0ZWRSZXNwb25zZVVybD0iIiBSZXBvcnRpbmdOYW1lPSIiIElnbm9yZUh0dHBTdGF0dXNDb2RlPSJGYWxzZSI+DQogICAgICAgICAgPEhlYWRlcnM+DQogICAgICAgICAgICA8SGVhZGVyIE5hbWU9IlgtQ1NSRi1Ub2tlbiIgVmFsdWU9Int7YXV0aFRva2VufX0iIC8+DQogICAgICAgICAgICA8SGVhZGVyIE5hbWU9IlgtUmVxdWVzdGVkLVdpdGgiIFZhbHVlPSJYTUxIdHRwUmVxdWVzdCIgLz4NCiAgICAgICAgICAgIDxIZWFkZXIgTmFtZT0iWC1QSkFYIiBWYWx1ZT0idHJ1ZSIgLz4NCiAgICAgICAgICA8L0hlYWRlcnM+DQogICAgICAgICAgPFF1ZXJ5U3RyaW5nUGFyYW1ldGVycz4NCiAgICAgICAgICAgIDxRdWVyeVN0cmluZ1BhcmFtZXRlciBOYW1lPSJfcGpheCIgVmFsdWU9InRydWUiIFJlY29yZGVkVmFsdWU9IiIgQ29ycmVsYXRpb25CaW5kaW5nPSIiIFVybEVuY29kZT0iVHJ1ZSIgVXNlVG9Hcm91cFJlc3VsdHM9IkZhbHNlIiAvPg0KICAgICAgICAgIDwvUXVlcnlTdHJpbmdQYXJhbWV0ZXJzPg0KICAgICAgICA8L1JlcXVlc3Q+DQogICAgICA8L0l0ZW1zPg0KICAgIDwvVHJhbnNhY3Rpb25UaW1lcj4NCiAgICA8Q29tbWVudCBDb21tZW50VGV4dD0iTG9nb3V0IiAvPg0KICAgIDxUcmFuc2FjdGlvblRpbWVyIE5hbWU9IkxvZ291dCI+DQogICAgICA8SXRlbXM+DQogICAgICAgIDxJbmNsdWRlZFdlYlRlc3QgTmFtZT0iTG9nb3V0IiBQYXRoPSJjOlxtZWRzZWVrXGF1dG9tYXRpb25ccGVyc3VhZGVcdnNwcm9qZWN0c1xwZXJzdWFkZXBlcmZvcm1hbmNlXHBlcnN1YWRlcGVyZm9ybWFuY2Vcd2VidGVzdHNcZ2xvYmFsIHRlc3RzXGxvZ291dC53ZWJ0ZXN0IiBJZD0iZDNmZGY0ODQtMTlhOC00ZjAyLTkyNzYtMTc3NjUyOTM5OTU4IiBJc0NvZGVkV2ViVGVzdD0iRmFsc2UiIEluaGVyaXRXZWJUZXN0U2V0dGluZ3M9IkZhbHNlIiAvPg0KICAgICAgPC9JdGVtcz4NCiAgICA8L1RyYW5zYWN0aW9uVGltZXI+DQogIDwvSXRlbXM+DQogIDxEYXRhU291cmNlcz4NCiAgICA8RGF0YVNvdXJjZSBOYW1lPSJTZXRIaWVyYXJjaHkiIFByb3ZpZGVyPSJNaWNyb3NvZnQuVmlzdWFsU3R1ZGlvLlRlc3RUb29scy5EYXRhU291cmNlLkNTViIgQ29ubmVjdGlvbj0ifERhdGFEaXJlY3Rvcnl8XC4uXC4uXERhdGFcSGllcmFyY2h5LmNzdiI+DQogICAgICA8VGFibGVzPg0KICAgICAgICA8RGF0YVNvdXJjZVRhYmxlIE5hbWU9IkhpZXJhcmNoeSNjc3YiIFNlbGVjdENvbHVtbnM9IlNlbGVjdE9ubHlCb3VuZENvbHVtbnMiIEFjY2Vzc01ldGhvZD0iU2VxdWVudGlhbCIgLz4NCiAgICAgIDwvVGFibGVzPg0KICAgIDwvRGF0YVNvdXJjZT4NCiAgPC9EYXRhU291cmNlcz4NCiAgPENvbnRleHRQYXJhbWV0ZXJzPg0KICAgIDxDb250ZXh0UGFyYW1ldGVyIE5hbWU9IlNlcnZlclVybCIgVmFsdWU9Imh0dHBzOi8vc3RhZ2luZy5icmlnaHR3aGlzdGxlLmNvbSIgLz4NCiAgPC9Db250ZXh0UGFyYW1ldGVycz4NCiAgPFdlYlRlc3RQbHVnaW5zPg0KICAgIDxXZWJUZXN0UGx1Z2luIENsYXNzbmFtZT0iVGVzdFBsdWdpbi5TZXJ2ZXJVcmxzLCBUZXN0UGx1Z2luLCBWZXJzaW9uPTEuMC4wLjAsIEN1bHR1cmU9bmV1dHJhbCwgUHVibGljS2V5VG9rZW49bnVsbCIgRGlzcGxheU5hbWU9IlNlcnZlclVybHMiIERlc2NyaXB0aW9uPSIiIC8+DQogICAgPFdlYlRlc3RQbHVnaW4gQ2xhc3NuYW1lPSJUZXN0UGx1Z2luLlNlZWQsIFRlc3RQbHVnaW4sIFZlcnNpb249MS4wLjAuMCwgQ3VsdHVyZT1uZXV0cmFsLCBQdWJsaWNLZXlUb2tlbj1udWxsIiBEaXNwbGF5TmFtZT0iU2VlZCIgRGVzY3JpcHRpb249IiIgLz4NCiAgPC9XZWJUZXN0UGx1Z2lucz4NCjwvV2ViVGVzdD4=">
      <Execution id="e94f667f-c7c7-47cf-8694-9418212d8c2b" />
    </WebTest>
    <WebTest name="PERS-1669_SellingPoints" storage="c:\medseek\automation\persuade\vsprojects\persuadeperformance\persuadeperformance\webtests\library\pers-1669_sellingpoints.webtest" priority="0" id="bedc912d-e894-4a54-b8e0-787ef180fac2" persistedWebTest="77u/PD94bWwgdmVyc2lvbj0iMS4wIiBlbmNvZGluZz0iVVRGLTgiIHN0YW5kYWxvbmU9InllcyI/Pg0KPFdlYlRlc3QgTmFtZT0iUEVSUy0xNjY5X1NlbGxpbmdQb2ludHMiIElkPSJiZWRjOTEyZC1lODk0LTRhNTQtYjhlMC03ODdlZjE4MGZhYzIiIE93bmVyPSIiIFByaW9yaXR5PSIwIiBFbmFibGVkPSJUcnVlIiBDc3NQcm9qZWN0U3RydWN0dXJlPSIiIENzc0l0ZXJhdGlvbj0iIiBUaW1lb3V0PSIwIiBXb3JrSXRlbUlkcz0iIiB4bWxucz0iaHR0cDovL21pY3Jvc29mdC5jb20vc2NoZW1hcy9WaXN1YWxTdHVkaW8vVGVhbVRlc3QvMjAxMCIgRGVzY3JpcHRpb249IiIgQ3JlZGVudGlhbFVzZXJOYW1lPSIiIENyZWRlbnRpYWxQYXNzd29yZD0iIiBQcmVBdXRoZW50aWNhdGU9IlRydWUiIFByb3h5PSIiIFN0b3BPbkVycm9yPSJGYWxzZSIgUmVjb3JkZWRSZXN1bHRGaWxlPSIiIFJlc3VsdHNMb2NhbGU9IiI+DQogIDxJdGVtcz4NCiAgICA8Q29tbWVudCBDb21tZW50VGV4dD0iTG9naW4iIC8+DQogICAgPFRyYW5zYWN0aW9uVGltZXIgTmFtZT0iTG9naW4iIC8+DQogICAgPENvbW1lbnQgQ29tbWVudFRleHQ9IlNldCBIaWVyYXJjaHkiIC8+DQogICAgPFRyYW5zYWN0aW9uVGltZXIgTmFtZT0iU2V0IEhpZXJhcmNoeSI+DQogICAgICA8SXRlbXM+DQogICAgICAgIDxJbmNsdWRlZFdlYlRlc3QgTmFtZT0iU2V0SGllcmFyY2h5IiBQYXRoPSJjOlxtZWRzZWVrXGF1dG9tYXRpb25ccGVyc3VhZGVcdnNwcm9qZWN0c1xwZXJzdWFkZXBlcmZvcm1hbmNlXHBlcnN1YWRlcGVyZm9ybWFuY2Vcd2VidGVzdHNcZ2xvYmFsIHRlc3RzXHNldGhpZXJhcmNoeS53ZWJ0ZXN0IiBJZD0iNjFjYmYwMzgtNzI4Ny00YTVkLWFlMTYtZTU2ZTgxMzM1ODUyIiBJc0NvZGVkV2ViVGVzdD0iRmFsc2UiIEluaGVyaXRXZWJUZXN0U2V0dGluZ3M9IkZhbHNlIiAvPg0KICAgICAgPC9JdGVtcz4NCiAgICA8L1RyYW5zYWN0aW9uVGltZXI+DQogICAgPENvbW1lbnQgQ29tbWVudFRleHQ9IkxpYnJhcnkgLSBTZWxsaW5nIFBvaW50IiAvPg0KICAgIDxUcmFuc2FjdGlvblRpbWVyIE5hbWU9IkxpYnJhcnkgLSBTZWxsaW5nIFBvaW50Ij4NCiAgICAgIDxJdGVtcz4NCiAgICAgICAgPFJlcXVlc3QgTWV0aG9kPSJHRVQiIEd1aWQ9ImQ1YmFjOGMwLTA3MzUtNDI0Mi1iYzBmLWY1NjdhN2RiZjIxNCIgVmVyc2lvbj0iMS4xIiBVcmw9Int7U2VydmVyVXJsfX0vc2VsbGluZ19wb2ludHMiIFRoaW5rVGltZT0iMSIgVGltZW91dD0iNjAiIFBhcnNlRGVwZW5kZW50UmVxdWVzdHM9IlRydWUiIEZvbGxvd1JlZGlyZWN0cz0iVHJ1ZSIgUmVjb3JkUmVzdWx0PSJUcnVlIiBDYWNoZT0iRmFsc2UiIFJlc3BvbnNlVGltZUdvYWw9IjAiIEVuY29kaW5nPSJ1dGYtOCIgRXhwZWN0ZWRIdHRwU3RhdHVzQ29kZT0iMCIgRXhwZWN0ZWRSZXNwb25zZVVybD0iIiBSZXBvcnRpbmdOYW1lPSJTZWxsaW5nUG9pbnRzIiBJZ25vcmVIdHRwU3RhdHVzQ29kZT0iRmFsc2UiPg0KICAgICAgICAgIDxIZWFkZXJzPg0KICAgICAgICAgICAgPEhlYWRlciBOYW1lPSJVcGdyYWRlLUluc2VjdXJlLVJlcXVlc3RzIiBWYWx1ZT0iMSIgLz4NCiAgICAgICAgICAgIDxIZWFkZXIgTmFtZT0iSWYtTm9uZS1NYXRjaCIgVmFsdWU9IiZxdW90OzVjZDE5Y2Q2NzgwZWEyODRiYWQ2M2ZiOGE2ZTNjZWRmJnF1b3Q7IiAvPg0KICAgICAgICAgIDwvSGVhZGVycz4NCiAgICAgICAgPC9SZXF1ZXN0Pg0KICAgICAgPC9JdGVtcz4NCiAgICA8L1RyYW5zYWN0aW9uVGltZXI+DQogICAgPENvbW1lbnQgQ29tbWVudFRleHQ9IkNyZWF0ZSBTZWxsaW5nIFBvaW50IiAvPg0KICAgIDxUcmFuc2FjdGlvblRpbWVyIE5hbWU9IkNyZWF0ZSBTZWxsaW5nIFBvaW50Ij4NCiAgICAgIDxJdGVtcz4NCiAgICAgICAgPFJlcXVlc3QgTWV0aG9kPSJHRVQiIEd1aWQ9ImYzODM3MjY0LWY5ZDktNDU3My1iOTdkLTY5YmU1NTY0ZjFjNSIgVmVyc2lvbj0iMS4xIiBVcmw9Int7U2VydmVyVXJsfX0vc2VsbGluZ19wb2ludHMvbmV3IiBUaGlua1RpbWU9IjAiIFRpbWVvdXQ9IjYwIiBQYXJzZURlcGVuZGVudFJlcXVlc3RzPSJUcnVlIiBGb2xsb3dSZWRpcmVjdHM9IlRydWUiIFJlY29yZFJlc3VsdD0iVHJ1ZSIgQ2FjaGU9IkZhbHNlIiBSZXNwb25zZVRpbWVHb2FsPSIwIiBFbmNvZGluZz0idXRmLTgiIEV4cGVjdGVkSHR0cFN0YXR1c0NvZGU9IjAiIEV4cGVjdGVkUmVzcG9uc2VVcmw9IiIgUmVwb3J0aW5nTmFtZT0iIiBJZ25vcmVIdHRwU3RhdHVzQ29kZT0iRmFsc2UiPg0KICAgICAgICAgIDxIZWFkZXJzPg0KICAgICAgICAgICAgPEhlYWRlciBOYW1lPSJYLUNTUkYtVG9rZW4iIFZhbHVlPSJ7e2F1dGhUb2tlbn19IiAvPg0KICAgICAgICAgICAgPEhlYWRlciBOYW1lPSJYLVJlcXVlc3RlZC1XaXRoIiBWYWx1ZT0iWE1MSHR0cFJlcXVlc3QiIC8+DQogICAgICAgICAgICA8SGVhZGVyIE5hbWU9IklmLU5vbmUtTWF0Y2giIFZhbHVlPSImcXVvdDswYTVhYzczMDA2MDQwMjI3NjdhNDQ5ZDIyODhiM2VhNiZxdW90OyIgLz4NCiAgICAgICAgICA8L0hlYWRlcnM+DQogICAgICAgIDwvUmVxdWVzdD4NCiAgICAgIDwvSXRlbXM+DQogICAgPC9UcmFuc2FjdGlvblRpbWVyPg0KICAgIDxDb21tZW50IENvbW1lbnRUZXh0PSJTYXZlIiAvPg0KICAgIDxUcmFuc2FjdGlvblRpbWVyIE5hbWU9IlNhdmUgIj4NCiAgICAgIDxJdGVtcz4NCiAgICAgICAgPFJlcXVlc3QgTWV0aG9kPSJQT1NUIiBHdWlkPSI3MzRiNzcxMC1mN2NlLTRlYjktYmM1ZS1mMjMzZGFmNDI1MDIiIFZlcnNpb249IjEuMSIgVXJsPSJ7e1NlcnZlclVybH19L3NlbGxpbmdfcG9pbnRzIiBUaGlua1RpbWU9IjAiIFRpbWVvdXQ9IjYwIiBQYXJzZURlcGVuZGVudFJlcXVlc3RzPSJUcnVlIiBGb2xsb3dSZWRpcmVjdHM9IlRydWUiIFJlY29yZFJlc3VsdD0iVHJ1ZSIgQ2FjaGU9IkZhbHNlIiBSZXNwb25zZVRpbWVHb2FsPSIwIiBFbmNvZGluZz0idXRmLTgiIEV4cGVjdGVkSHR0cFN0YXR1c0NvZGU9IjAiIEV4cGVjdGVkUmVzcG9uc2VVcmw9IiIgUmVwb3J0aW5nTmFtZT0iQWRkIFNlbGxpbmdQb2ludHMiIElnbm9yZUh0dHBTdGF0dXNDb2RlPSJGYWxzZSI+DQogICAgICAgICAgPEhlYWRlcnM+DQogICAgICAgICAgICA8SGVhZGVyIE5hbWU9Ik9yaWdpbiIgVmFsdWU9Int7U2VydmVyVXJsfX0iIC8+DQogICAgICAgICAgICA8SGVhZGVyIE5hbWU9IlgtQ1NSRi1Ub2tlbiIgVmFsdWU9Int7YXV0aFRva2VufX0iIC8+DQogICAgICAgICAgICA8SGVhZGVyIE5hbWU9IlgtUmVxdWVzdGVkLVdpdGgiIFZhbHVlPSJYTUxIdHRwUmVxdWVzdCIgLz4NCiAgICAgICAgICAgIDxIZWFkZXIgTmFtZT0iQ29udGVudC1UeXBlIiBWYWx1ZT0iYXBwbGljYXRpb24veC13d3ctZm9ybS11cmxlbmNvZGVkIiAvPg0KICAgICAgICAgIDwvSGVhZGVycz4NCiAgICAgICAgICA8Rm9ybVBvc3RIdHRwQm9keT4NCiAgICAgICAgICAgIDxGb3JtUG9zdFBhcmFtZXRlciBOYW1lPSJ1dGY4IiBWYWx1ZT0i4pyTIiBSZWNvcmRlZFZhbHVlPSIiIENvcnJlbGF0aW9uQmluZGluZz0iIiBVcmxFbmNvZGU9IlRydWUiIC8+DQogICAgICAgICAgICA8Rm9ybVBvc3RQYXJhbWV0ZXIgTmFtZT0iYXV0aGVudGljaXR5X3Rva2VuIiBWYWx1ZT0ie3thdXRoVG9rZW59fSIgUmVjb3JkZWRWYWx1ZT0iIiBDb3JyZWxhdGlvbkJpbmRpbmc9IiIgVXJsRW5jb2RlPSJUcnVlIiAvPg0KICAgICAgICAgICAgPEZvcm1Qb3N0UGFyYW1ldGVyIE5hbWU9ImFnZW5jeV9pZCIgVmFsdWU9Int7SGllcmFyY2h5LkhpZXJhcmNoeSNjc3YuVGllcjFJZH19IiBSZWNvcmRlZFZhbHVlPSIiIENvcnJlbGF0aW9uQmluZGluZz0iIiBVcmxFbmNvZGU9IlRydWUiIC8+DQogICAgICAgICAgICA8Rm9ybVBvc3RQYXJhbWV0ZXIgTmFtZT0ic2VsbGluZ19wb2ludFtjbGllbnRfaWRdIiBWYWx1ZT0ie3tIaWVyYXJjaHkuSGllcmFyY2h5I2Nzdi5UaWVyMklkfX0iIFJlY29yZGVkVmFsdWU9IiIgQ29ycmVsYXRpb25CaW5kaW5nPSIiIFVybEVuY29kZT0iVHJ1ZSIgLz4NCiAgICAgICAgICAgIDxGb3JtUG9zdFBhcmFtZXRlciBOYW1lPSJzZWxsaW5nX3BvaW50W2J1c2luZXNzX3VuaXRfaWRdIiBWYWx1ZT0ie3tIaWVyYXJjaHkuSGllcmFyY2h5I2Nzdi5UaWVyM0lkfX0iIFJlY29yZGVkVmFsdWU9IiIgQ29ycmVsYXRpb25CaW5kaW5nPSIiIFVybEVuY29kZT0iVHJ1ZSIgLz4NCiAgICAgICAgICAgIDxGb3JtUG9zdFBhcmFtZXRlciBOYW1lPSJzZWxsaW5nX3BvaW50W25hbWVdIiBWYWx1ZT0icGVyZlNlbGxpbmdQb2ludHt7c2VlZE51bWJlcn19IiBSZWNvcmRlZFZhbHVlPSIiIENvcnJlbGF0aW9uQmluZGluZz0iIiBVcmxFbmNvZGU9IlRydWUiIC8+DQogICAgICAgICAgICA8Rm9ybVBvc3RQYXJhbWV0ZXIgTmFtZT0ic2VsbGluZ19wb2ludFt0aXRsZV0iIFZhbHVlPSJwZXJmU2VsbGluZ1BvaW50e3tzZWVkTnVtYmVyfX0iIFJlY29yZGVkVmFsdWU9IiIgQ29ycmVsYXRpb25CaW5kaW5nPSIiIFVybEVuY29kZT0iVHJ1ZSIgLz4NCiAgICAgICAgICAgIDxGb3JtUG9zdFBhcmFtZXRlciBOYW1lPSJzZWxsaW5nX3BvaW50W3BvaW50c10iIFZhbHVlPSJwZXJmU2VsbGluZ1BvaW50e3tzZWVkTnVtYmVyfX18fHBlcmZTZWxsaW5nUG9pbnR7e3NlZWROdW1iZXJ9fXx8cGVyZlNlbGxpbmdQb2ludHt7c2VlZE51bWJlcn19IiBSZWNvcmRlZFZhbHVlPSIiIENvcnJlbGF0aW9uQmluZGluZz0iIiBVcmxFbmNvZGU9IlRydWUiIC8+DQogICAgICAgICAgPC9Gb3JtUG9zdEh0dHBCb2R5Pg0KICAgICAgICA8L1JlcXVlc3Q+DQogICAgICAgIDxSZXF1ZXN0IE1ldGhvZD0iR0VUIiBHdWlkPSIxMzc1MGM1OS0wM2Q3LTRhNjktODAzOC1hMTAwZTNkNjUyZDUiIFZlcnNpb249IjEuMSIgVXJsPSJ7e1NlcnZlclVybH19L3NlbGxpbmdfcG9pbnRzIiBUaGlua1RpbWU9IjAiIFRpbWVvdXQ9IjYwIiBQYXJzZURlcGVuZGVudFJlcXVlc3RzPSJUcnVlIiBGb2xsb3dSZWRpcmVjdHM9IlRydWUiIFJlY29yZFJlc3VsdD0iVHJ1ZSIgQ2FjaGU9IkZhbHNlIiBSZXNwb25zZVRpbWVHb2FsPSIwIiBFbmNvZGluZz0idXRmLTgiIEV4cGVjdGVkSHR0cFN0YXR1c0NvZGU9IjAiIEV4cGVjdGVkUmVzcG9uc2VVcmw9IiIgUmVwb3J0aW5nTmFtZT0iU2VsbGluZ1BvaW50cyIgSWdub3JlSHR0cFN0YXR1c0NvZGU9IkZhbHNlIj4NCiAgICAgICAgICA8SGVhZGVycz4NCiAgICAgICAgICAgIDxIZWFkZXIgTmFtZT0iWC1DU1JGLVRva2VuIiBWYWx1ZT0ie3thdXRoVG9rZW59fSIgLz4NCiAgICAgICAgICAgIDxIZWFkZXIgTmFtZT0iWC1SZXF1ZXN0ZWQtV2l0aCIgVmFsdWU9IlhNTEh0dHBSZXF1ZXN0IiAvPg0KICAgICAgICAgICAgPEhlYWRlciBOYW1lPSJYLVBKQVgiIFZhbHVlPSJ0cnVlIiAvPg0KICAgICAgICAgIDwvSGVhZGVycz4NCiAgICAgICAgICA8UXVlcnlTdHJpbmdQYXJhbWV0ZXJzPg0KICAgICAgICAgICAgPFF1ZXJ5U3RyaW5nUGFyYW1ldGVyIE5hbWU9Il9wamF4IiBWYWx1ZT0idHJ1ZSIgUmVjb3JkZWRWYWx1ZT0iIiBDb3JyZWxhdGlvbkJpbmRpbmc9IiIgVXJsRW5jb2RlPSJUcnVlIiBVc2VUb0dyb3VwUmVzdWx0cz0iRmFsc2UiIC8+DQogICAgICAgICAgPC9RdWVyeVN0cmluZ1BhcmFtZXRlcnM+DQogICAgICAgIDwvUmVxdWVzdD4NCiAgICAgIDwvSXRlbXM+DQogICAgPC9UcmFuc2FjdGlvblRpbWVyPg0KICAgIDxDb21tZW50IENvbW1lbnRUZXh0PSJMb2dvdXQiIC8+DQogICAgPFRyYW5zYWN0aW9uVGltZXIgTmFtZT0iTG9nb3V0Ij4NCiAgICAgIDxJdGVtcz4NCiAgICAgICAgPEluY2x1ZGVkV2ViVGVzdCBOYW1lPSJMb2dvdXQiIFBhdGg9ImM6XG1lZHNlZWtcYXV0b21hdGlvblxwZXJzdWFkZVx2c3Byb2plY3RzXHBlcnN1YWRlcGVyZm9ybWFuY2VccGVyc3VhZGVwZXJmb3JtYW5jZVx3ZWJ0ZXN0c1xnbG9iYWwgdGVzdHNcbG9nb3V0LndlYnRlc3QiIElkPSJkM2ZkZjQ4NC0xOWE4LTRmMDItOTI3Ni0xNzc2NTI5Mzk5NTgiIElzQ29kZWRXZWJUZXN0PSJGYWxzZSIgSW5oZXJpdFdlYlRlc3RTZXR0aW5ncz0iRmFsc2UiIC8+DQogICAgICA8L0l0ZW1zPg0KICAgIDwvVHJhbnNhY3Rpb25UaW1lcj4NCiAgICA8Q29tbWVudCBDb21tZW50VGV4dD0iIiAvPg0KICA8L0l0ZW1zPg0KICA8RGF0YVNvdXJjZXM+DQogICAgPERhdGFTb3VyY2UgTmFtZT0iSGllcmFyY2h5IiBQcm92aWRlcj0iTWljcm9zb2Z0LlZpc3VhbFN0dWRpby5UZXN0VG9vbHMuRGF0YVNvdXJjZS5DU1YiIENvbm5lY3Rpb249InxEYXRhRGlyZWN0b3J5fFwuLlwuLlxEYXRhXEhpZXJhcmNoeS5jc3YiPg0KICAgICAgPFRhYmxlcz4NCiAgICAgICAgPERhdGFTb3VyY2VUYWJsZSBOYW1lPSJIaWVyYXJjaHkjY3N2IiBTZWxlY3RDb2x1bW5zPSJTZWxlY3RPbmx5Qm91bmRDb2x1bW5zIiBBY2Nlc3NNZXRob2Q9IlNlcXVlbnRpYWwiIC8+DQogICAgICA8L1RhYmxlcz4NCiAgICA8L0RhdGFTb3VyY2U+DQogIDwvRGF0YVNvdXJjZXM+DQogIDxDb250ZXh0UGFyYW1ldGVycz4NCiAgICA8Q29udGV4dFBhcmFtZXRlciBOYW1lPSJTZXJ2ZXJVcmwiIFZhbHVlPSJodHRwczovL3N0YWdpbmcuYnJpZ2h0d2hpc3RsZS5jb20iIC8+DQogIDwvQ29udGV4dFBhcmFtZXRlcnM+DQogIDxXZWJUZXN0UGx1Z2lucz4NCiAgICA8V2ViVGVzdFBsdWdpbiBDbGFzc25hbWU9IlRlc3RQbHVnaW4uU2VydmVyVXJscywgVGVzdFBsdWdpbiwgVmVyc2lvbj0xLjAuMC4wLCBDdWx0dXJlPW5ldXRyYWwsIFB1YmxpY0tleVRva2VuPW51bGwiIERpc3BsYXlOYW1lPSJTZXJ2ZXJVcmxzIiBEZXNjcmlwdGlvbj0iIiAvPg0KICAgIDxXZWJUZXN0UGx1Z2luIENsYXNzbmFtZT0iVGVzdFBsdWdpbi5TZWVkLCBUZXN0UGx1Z2luLCBWZXJzaW9uPTEuMC4wLjAsIEN1bHR1cmU9bmV1dHJhbCwgUHVibGljS2V5VG9rZW49bnVsbCIgRGlzcGxheU5hbWU9IlNlZWQiIERlc2NyaXB0aW9uPSIiIC8+DQogIDwvV2ViVGVzdFBsdWdpbnM+DQo8L1dlYlRlc3Q+">
      <Execution id="71e253fd-1149-4cc8-a428-0628dbae90c0" />
    </WebTest>
    <WebTest name="SetHierarchy" storage="c:\medseek\automation\persuade\vsprojects\persuadeperformance\persuadeperformance\webtests\global tests\sethierarchy.webtest" id="61cbf038-7287-4a5d-ae16-e56e81335852" persistedWebTest="77u/PD94bWwgdmVyc2lvbj0iMS4wIiBlbmNvZGluZz0iVVRGLTgiIHN0YW5kYWxvbmU9InllcyI/Pg0KPFdlYlRlc3QgTmFtZT0iU2V0SGllcmFyY2h5IiBJZD0iNjFjYmYwMzgtNzI4Ny00YTVkLWFlMTYtZTU2ZTgxMzM1ODUyIiBPd25lcj0iIiBQcmlvcml0eT0iMjE0NzQ4MzY0NyIgRW5hYmxlZD0iVHJ1ZSIgQ3NzUHJvamVjdFN0cnVjdHVyZT0iIiBDc3NJdGVyYXRpb249IiIgVGltZW91dD0iMCIgV29ya0l0ZW1JZHM9IiIgeG1sbnM9Imh0dHA6Ly9taWNyb3NvZnQuY29tL3NjaGVtYXMvVmlzdWFsU3R1ZGlvL1RlYW1UZXN0LzIwMTAiIERlc2NyaXB0aW9uPSIiIENyZWRlbnRpYWxVc2VyTmFtZT0iIiBDcmVkZW50aWFsUGFzc3dvcmQ9IiIgUHJlQXV0aGVudGljYXRlPSJUcnVlIiBQcm94eT0iIiBTdG9wT25FcnJvcj0iRmFsc2UiIFJlY29yZGVkUmVzdWx0RmlsZT0iIiBSZXN1bHRzTG9jYWxlPSIiPg0KICA8SXRlbXM+DQogICAgPEluY2x1ZGVkV2ViVGVzdCBOYW1lPSJMb2dpbiIgUGF0aD0iYzpcbWVkc2Vla1xhdXRvbWF0aW9uXHBlcnN1YWRlXHZzcHJvamVjdHNccGVyc3VhZGVwZXJmb3JtYW5jZVxwZXJzdWFkZXBlcmZvcm1hbmNlXHdlYnRlc3RzXGdsb2JhbCB0ZXN0c1xsb2dpbi53ZWJ0ZXN0IiBJZD0iNmU5NjFhYTItMTA5MC00YTcyLThmNWMtMDk4NThlYjI4YTU0IiBJc0NvZGVkV2ViVGVzdD0iRmFsc2UiIEluaGVyaXRXZWJUZXN0U2V0dGluZ3M9IkZhbHNlIiAvPg0KICAgIDxDb21tZW50IENvbW1lbnRUZXh0PSJTZXQgSGllcmFyY2h5IiAvPg0KICAgIDxUcmFuc2FjdGlvblRpbWVyIE5hbWU9IlNldCBIaWVyYXJjaHkiPg0KICAgICAgPEl0ZW1zPg0KICAgICAgICA8UmVxdWVzdCBNZXRob2Q9IlBVVCIgR3VpZD0iMTg2OGVmMTItYWIzYS00MWFjLTgzYmUtODRjODQ4ZGZjMDczIiBWZXJzaW9uPSIxLjEiIFVybD0ie3tTZXJ2ZXJVcmx9fS9jb250ZXh0Lmh0bWwiIFRoaW5rVGltZT0iMCIgVGltZW91dD0iNjAiIFBhcnNlRGVwZW5kZW50UmVxdWVzdHM9IlRydWUiIEZvbGxvd1JlZGlyZWN0cz0iVHJ1ZSIgUmVjb3JkUmVzdWx0PSJUcnVlIiBDYWNoZT0iRmFsc2UiIFJlc3BvbnNlVGltZUdvYWw9IjAiIEVuY29kaW5nPSJ1dGYtOCIgRXhwZWN0ZWRIdHRwU3RhdHVzQ29kZT0iMCIgRXhwZWN0ZWRSZXNwb25zZVVybD0iIiBSZXBvcnRpbmdOYW1lPSJTZXRIaWVyYXJjaHkiIElnbm9yZUh0dHBTdGF0dXNDb2RlPSJGYWxzZSI+DQogICAgICAgICAgPEhlYWRlcnM+DQogICAgICAgICAgICA8SGVhZGVyIE5hbWU9Ik9yaWdpbiIgVmFsdWU9Int7U2VydmVyVXJsfX0iIC8+DQogICAgICAgICAgICA8SGVhZGVyIE5hbWU9IlgtQ1NSRi1Ub2tlbiIgVmFsdWU9Int7YXV0aFRva2VufX0iIC8+DQogICAgICAgICAgICA8SGVhZGVyIE5hbWU9IlgtUmVxdWVzdGVkLVdpdGgiIFZhbHVlPSJYTUxIdHRwUmVxdWVzdCIgLz4NCiAgICAgICAgICA8L0hlYWRlcnM+DQogICAgICAgICAgPFZhbGlkYXRpb25SdWxlcz4NCiAgICAgICAgICAgIDxWYWxpZGF0aW9uUnVsZSBDbGFzc25hbWU9Ik1pY3Jvc29mdC5WaXN1YWxTdHVkaW8uVGVzdFRvb2xzLldlYlRlc3RpbmcuUnVsZXMuVmFsaWRhdGlvblJ1bGVGaW5kVGV4dCwgTWljcm9zb2Z0LlZpc3VhbFN0dWRpby5RdWFsaXR5VG9vbHMuV2ViVGVzdEZyYW1ld29yaywgVmVyc2lvbj0xMC4wLjAuMCwgQ3VsdHVyZT1uZXV0cmFsLCBQdWJsaWNLZXlUb2tlbj1iMDNmNWY3ZjExZDUwYTNhIiBEaXNwbGF5TmFtZT0iRmluZCBUZXh0IiBEZXNjcmlwdGlvbj0iVmVyaWZpZXMgdGhlIGV4aXN0ZW5jZSBvZiB0aGUgc3BlY2lmaWVkIHRleHQgaW4gdGhlIHJlc3BvbnNlLiIgTGV2ZWw9IkhpZ2giIEV4ZWN0dWlvbk9yZGVyPSJCZWZvcmVEZXBlbmRlbnRzIj4NCiAgICAgICAgICAgICAgPFJ1bGVQYXJhbWV0ZXJzPg0KICAgICAgICAgICAgICAgIDxSdWxlUGFyYW1ldGVyIE5hbWU9IkZpbmRUZXh0IiBWYWx1ZT0iRGFzaGJvYXJkIiAvPg0KICAgICAgICAgICAgICAgIDxSdWxlUGFyYW1ldGVyIE5hbWU9Iklnbm9yZUNhc2UiIFZhbHVlPSJGYWxzZSIgLz4NCiAgICAgICAgICAgICAgICA8UnVsZVBhcmFtZXRlciBOYW1lPSJVc2VSZWd1bGFyRXhwcmVzc2lvbiIgVmFsdWU9IkZhbHNlIiAvPg0KICAgICAgICAgICAgICAgIDxSdWxlUGFyYW1ldGVyIE5hbWU9IlBhc3NJZlRleHRGb3VuZCIgVmFsdWU9IlRydWUiIC8+DQogICAgICAgICAgICAgIDwvUnVsZVBhcmFtZXRlcnM+DQogICAgICAgICAgICA8L1ZhbGlkYXRpb25SdWxlPg0KICAgICAgICAgIDwvVmFsaWRhdGlvblJ1bGVzPg0KICAgICAgICAgIDxRdWVyeVN0cmluZ1BhcmFtZXRlcnM+DQogICAgICAgICAgICA8UXVlcnlTdHJpbmdQYXJhbWV0ZXIgTmFtZT0iY29udGV4dFthZ2VuY3lfaWRdIiBWYWx1ZT0ie3tIaWVyYXJjaHkuSGllcmFyY2h5I2Nzdi5UaWVyMUlkfX0iIFJlY29yZGVkVmFsdWU9IiIgQ29ycmVsYXRpb25CaW5kaW5nPSIiIFVybEVuY29kZT0iVHJ1ZSIgVXNlVG9Hcm91cFJlc3VsdHM9IkZhbHNlIiAvPg0KICAgICAgICAgICAgPFF1ZXJ5U3RyaW5nUGFyYW1ldGVyIE5hbWU9ImNvbnRleHRbY2xpZW50X2lkXSIgVmFsdWU9Int7SGllcmFyY2h5LkhpZXJhcmNoeSNjc3YuVGllcjJJZH19IiBSZWNvcmRlZFZhbHVlPSIiIENvcnJlbGF0aW9uQmluZGluZz0iIiBVcmxFbmNvZGU9IlRydWUiIFVzZVRvR3JvdXBSZXN1bHRzPSJGYWxzZSIgLz4NCiAgICAgICAgICA8L1F1ZXJ5U3RyaW5nUGFyYW1ldGVycz4NCiAgICAgICAgICA8Rm9ybVBvc3RIdHRwQm9keSAvPg0KICAgICAgICA8L1JlcXVlc3Q+DQogICAgICAgIDxSZXF1ZXN0IE1ldGhvZD0iR0VUIiBHdWlkPSJmMDc1YzQzMi1lMTkwLTQwOGUtODUyZC03NDJmOTIzMmFiNzgiIFZlcnNpb249IjEuMSIgVXJsPSJ7e1NlcnZlclVybH19L2Rhc2hib2FyZCIgVGhpbmtUaW1lPSIwIiBUaW1lb3V0PSI2MCIgUGFyc2VEZXBlbmRlbnRSZXF1ZXN0cz0iRmFsc2UiIEZvbGxvd1JlZGlyZWN0cz0iVHJ1ZSIgUmVjb3JkUmVzdWx0PSJUcnVlIiBDYWNoZT0iRmFsc2UiIFJlc3BvbnNlVGltZUdvYWw9IjAiIEVuY29kaW5nPSJ1dGYtOCIgRXhwZWN0ZWRIdHRwU3RhdHVzQ29kZT0iMCIgRXhwZWN0ZWRSZXNwb25zZVVybD0iIiBSZXBvcnRpbmdOYW1lPSJEYXNoYm9hcmQiIElnbm9yZUh0dHBTdGF0dXNDb2RlPSJGYWxzZSI+DQogICAgICAgICAgPEhlYWRlcnM+DQogICAgICAgICAgICA8SGVhZGVyIE5hbWU9IlJlZmVyZXIiIFZhbHVlPSJ7e1NlcnZlclVybH19LyIgLz4NCiAgICAgICAgICAgIDxIZWFkZXIgTmFtZT0iSWYtTm9uZS1NYXRjaCIgVmFsdWU9IiZxdW90O2E3MGU2MjRkMTIzNzhiMzc5NTE0ZTM3ODI0ZTAzMjg2JnF1b3Q7IiAvPg0KICAgICAgICAgIDwvSGVhZGVycz4NCiAgICAgICAgICA8VmFsaWRhdGlvblJ1bGVzPg0KICAgICAgICAgICAgPFZhbGlkYXRpb25SdWxlIENsYXNzbmFtZT0iTWljcm9zb2Z0LlZpc3VhbFN0dWRpby5UZXN0VG9vbHMuV2ViVGVzdGluZy5SdWxlcy5WYWxpZGF0aW9uUnVsZUZpbmRUZXh0LCBNaWNyb3NvZnQuVmlzdWFsU3R1ZGlvLlF1YWxpdHlUb29scy5XZWJUZXN0RnJhbWV3b3JrLCBWZXJzaW9uPTEwLjAuMC4wLCBDdWx0dXJlPW5ldXRyYWwsIFB1YmxpY0tleVRva2VuPWIwM2Y1ZjdmMTFkNTBhM2EiIERpc3BsYXlOYW1lPSJGaW5kIFRleHQiIERlc2NyaXB0aW9uPSJWZXJpZmllcyB0aGUgZXhpc3RlbmNlIG9mIHRoZSBzcGVjaWZpZWQgdGV4dCBpbiB0aGUgcmVzcG9uc2UuIiBMZXZlbD0iSGlnaCIgRXhlY3R1aW9uT3JkZXI9IkJlZm9yZURlcGVuZGVudHMiPg0KICAgICAgICAgICAgICA8UnVsZVBhcmFtZXRlcnM+DQogICAgICAgICAgICAgICAgPFJ1bGVQYXJhbWV0ZXIgTmFtZT0iRmluZFRleHQiIFZhbHVlPSJNQVJLRVRJTkcgLSAyOCBEQVkgU09DSUFMIFNOQVBTSE9UIiAvPg0KICAgICAgICAgICAgICAgIDxSdWxlUGFyYW1ldGVyIE5hbWU9Iklnbm9yZUNhc2UiIFZhbHVlPSJGYWxzZSIgLz4NCiAgICAgICAgICAgICAgICA8UnVsZVBhcmFtZXRlciBOYW1lPSJVc2VSZWd1bGFyRXhwcmVzc2lvbiIgVmFsdWU9IkZhbHNlIiAvPg0KICAgICAgICAgICAgICAgIDxSdWxlUGFyYW1ldGVyIE5hbWU9IlBhc3NJZlRleHRGb3VuZCIgVmFsdWU9IlRydWUiIC8+DQogICAgICAgICAgICAgIDwvUnVsZVBhcmFtZXRlcnM+DQogICAgICAgICAgICA8L1ZhbGlkYXRpb25SdWxlPg0KICAgICAgICAgICAgPFZhbGlkYXRpb25SdWxlIENsYXNzbmFtZT0iTWljcm9zb2Z0LlZpc3VhbFN0dWRpby5UZXN0VG9vbHMuV2ViVGVzdGluZy5SdWxlcy5WYWxpZGF0aW9uUnVsZUZpbmRUZXh0LCBNaWNyb3NvZnQuVmlzdWFsU3R1ZGlvLlF1YWxpdHlUb29scy5XZWJUZXN0RnJhbWV3b3JrLCBWZXJzaW9uPTEwLjAuMC4wLCBDdWx0dXJlPW5ldXRyYWwsIFB1YmxpY0tleVRva2VuPWIwM2Y1ZjdmMTFkNTBhM2EiIERpc3BsYXlOYW1lPSJGaW5kIFRleHQiIERlc2NyaXB0aW9uPSJWZXJpZmllcyB0aGUgZXhpc3RlbmNlIG9mIHRoZSBzcGVjaWZpZWQgdGV4dCBpbiB0aGUgcmVzcG9uc2UuIiBMZXZlbD0iSGlnaCIgRXhlY3R1aW9uT3JkZXI9IkJlZm9yZURlcGVuZGVudHMiPg0KICAgICAgICAgICAgICA8UnVsZVBhcmFtZXRlcnM+DQogICAgICAgICAgICAgICAgPFJ1bGVQYXJhbWV0ZXIgTmFtZT0iRmluZFRleHQiIFZhbHVlPSJTT0NJQUwgQ0FNUEFJR04gU05BUFNIT1QiIC8+DQogICAgICAgICAgICAgICAgPFJ1bGVQYXJhbWV0ZXIgTmFtZT0iSWdub3JlQ2FzZSIgVmFsdWU9IkZhbHNlIiAvPg0KICAgICAgICAgICAgICAgIDxSdWxlUGFyYW1ldGVyIE5hbWU9IlVzZVJlZ3VsYXJFeHByZXNzaW9uIiBWYWx1ZT0iRmFsc2UiIC8+DQogICAgICAgICAgICAgICAgPFJ1bGVQYXJhbWV0ZXIgTmFtZT0iUGFzc0lmVGV4dEZvdW5kIiBWYWx1ZT0iVHJ1ZSIgLz4NCiAgICAgICAgICAgICAgPC9SdWxlUGFyYW1ldGVycz4NCiAgICAgICAgICAgIDwvVmFsaWRhdGlvblJ1bGU+DQogICAgICAgICAgPC9WYWxpZGF0aW9uUnVsZXM+DQogICAgICAgICAgPEV4dHJhY3Rpb25SdWxlcz4NCiAgICAgICAgICAgIDxFeHRyYWN0aW9uUnVsZSBDbGFzc25hbWU9Ik1pY3Jvc29mdC5WaXN1YWxTdHVkaW8uVGVzdFRvb2xzLldlYlRlc3RpbmcuUnVsZXMuRXh0cmFjdFRleHQsIE1pY3Jvc29mdC5WaXN1YWxTdHVkaW8uUXVhbGl0eVRvb2xzLldlYlRlc3RGcmFtZXdvcmssIFZlcnNpb249MTAuMC4wLjAsIEN1bHR1cmU9bmV1dHJhbCwgUHVibGljS2V5VG9rZW49YjAzZjVmN2YxMWQ1MGEzYSIgVmFyaWFibGVOYW1lPSJ0aWVyMiIgRGlzcGxheU5hbWU9IkV4dHJhY3QgVGV4dCIgRGVzY3JpcHRpb249IkV4dHJhY3QgdGV4dCBmcm9tIHRoZSByZXNwb25zZSBhbmQgcGxhY2UgaXQgaW50byB0aGUgdGVzdCBjb250ZXh0LiI+DQogICAgICAgICAgICAgIDxSdWxlUGFyYW1ldGVycz4NCiAgICAgICAgICAgICAgICA8UnVsZVBhcmFtZXRlciBOYW1lPSJTdGFydHNXaXRoIiBWYWx1ZT0iJmx0O3NwYW4gY2xhc3M9J2xhYmVsIHN1Yi1jb250ZXh0JyZndDsiIC8+DQogICAgICAgICAgICAgICAgPFJ1bGVQYXJhbWV0ZXIgTmFtZT0iRW5kc1dpdGgiIFZhbHVlPSImbHQ7L3NwYW4mZ3Q7IiAvPg0KICAgICAgICAgICAgICAgIDxSdWxlUGFyYW1ldGVyIE5hbWU9Iklnbm9yZUNhc2UiIFZhbHVlPSJGYWxzZSIgLz4NCiAgICAgICAgICAgICAgICA8UnVsZVBhcmFtZXRlciBOYW1lPSJVc2VSZWd1bGFyRXhwcmVzc2lvbiIgVmFsdWU9IkZhbHNlIiAvPg0KICAgICAgICAgICAgICAgIDxSdWxlUGFyYW1ldGVyIE5hbWU9IlJlcXVpcmVkIiBWYWx1ZT0iVHJ1ZSIgLz4NCiAgICAgICAgICAgICAgICA8UnVsZVBhcmFtZXRlciBOYW1lPSJFeHRyYWN0UmFuZG9tTWF0Y2giIFZhbHVlPSJGYWxzZSIgLz4NCiAgICAgICAgICAgICAgICA8UnVsZVBhcmFtZXRlciBOYW1lPSJJbmRleCIgVmFsdWU9IjAiIC8+DQogICAgICAgICAgICAgICAgPFJ1bGVQYXJhbWV0ZXIgTmFtZT0iSHRtbERlY29kZSIgVmFsdWU9IlRydWUiIC8+DQogICAgICAgICAgICAgICAgPFJ1bGVQYXJhbWV0ZXIgTmFtZT0iU2VhcmNoSW5IZWFkZXJzIiBWYWx1ZT0iRmFsc2UiIC8+DQogICAgICAgICAgICAgIDwvUnVsZVBhcmFtZXRlcnM+DQogICAgICAgICAgICA8L0V4dHJhY3Rpb25SdWxlPg0KICAgICAgICAgICAgPEV4dHJhY3Rpb25SdWxlIENsYXNzbmFtZT0iTWljcm9zb2Z0LlZpc3VhbFN0dWRpby5UZXN0VG9vbHMuV2ViVGVzdGluZy5SdWxlcy5FeHRyYWN0VGV4dCwgTWljcm9zb2Z0LlZpc3VhbFN0dWRpby5RdWFsaXR5VG9vbHMuV2ViVGVzdEZyYW1ld29yaywgVmVyc2lvbj0xMC4wLjAuMCwgQ3VsdHVyZT1uZXV0cmFsLCBQdWJsaWNLZXlUb2tlbj1iMDNmNWY3ZjExZDUwYTNhIiBWYXJpYWJsZU5hbWU9InRpZXIxIiBEaXNwbGF5TmFtZT0iRXh0cmFjdCBUZXh0IiBEZXNjcmlwdGlvbj0iRXh0cmFjdCB0ZXh0IGZyb20gdGhlIHJlc3BvbnNlIGFuZCBwbGFjZSBpdCBpbnRvIHRoZSB0ZXN0IGNvbnRleHQuIj4NCiAgICAgICAgICAgICAgPFJ1bGVQYXJhbWV0ZXJzPg0KICAgICAgICAgICAgICAgIDxSdWxlUGFyYW1ldGVyIE5hbWU9IlN0YXJ0c1dpdGgiIFZhbHVlPSImbHQ7c3BhbiBjbGFzcz0nbGFiZWwgY29udGV4dCcmZ3Q7IiAvPg0KICAgICAgICAgICAgICAgIDxSdWxlUGFyYW1ldGVyIE5hbWU9IkVuZHNXaXRoIiBWYWx1ZT0iJmx0Oy9zcGFuJmd0OyIgLz4NCiAgICAgICAgICAgICAgICA8UnVsZVBhcmFtZXRlciBOYW1lPSJJZ25vcmVDYXNlIiBWYWx1ZT0iRmFsc2UiIC8+DQogICAgICAgICAgICAgICAgPFJ1bGVQYXJhbWV0ZXIgTmFtZT0iVXNlUmVndWxhckV4cHJlc3Npb24iIFZhbHVlPSJGYWxzZSIgLz4NCiAgICAgICAgICAgICAgICA8UnVsZVBhcmFtZXRlciBOYW1lPSJSZXF1aXJlZCIgVmFsdWU9IlRydWUiIC8+DQogICAgICAgICAgICAgICAgPFJ1bGVQYXJhbWV0ZXIgTmFtZT0iRXh0cmFjdFJhbmRvbU1hdGNoIiBWYWx1ZT0iRmFsc2UiIC8+DQogICAgICAgICAgICAgICAgPFJ1bGVQYXJhbWV0ZXIgTmFtZT0iSW5kZXgiIFZhbHVlPSIwIiAvPg0KICAgICAgICAgICAgICAgIDxSdWxlUGFyYW1ldGVyIE5hbWU9Ikh0bWxEZWNvZGUiIFZhbHVlPSJUcnVlIiAvPg0KICAgICAgICAgICAgICAgIDxSdWxlUGFyYW1ldGVyIE5hbWU9IlNlYXJjaEluSGVhZGVycyIgVmFsdWU9IkZhbHNlIiAvPg0KICAgICAgICAgICAgICA8L1J1bGVQYXJhbWV0ZXJzPg0KICAgICAgICAgICAgPC9FeHRyYWN0aW9uUnVsZT4NCiAgICAgICAgICA8L0V4dHJhY3Rpb25SdWxlcz4NCiAgICAgICAgPC9SZXF1ZXN0Pg0KICAgICAgPC9JdGVtcz4NCiAgICA8L1RyYW5zYWN0aW9uVGltZXI+DQogIDwvSXRlbXM+DQogIDxEYXRhU291cmNlcz4NCiAgICA8RGF0YVNvdXJjZSBOYW1lPSJIaWVyYXJjaHkiIFByb3ZpZGVyPSJNaWNyb3NvZnQuVmlzdWFsU3R1ZGlvLlRlc3RUb29scy5EYXRhU291cmNlLkNTViIgQ29ubmVjdGlvbj0ifERhdGFEaXJlY3Rvcnl8XC4uXC4uXERhdGFcSGllcmFyY2h5LmNzdiI+DQogICAgICA8VGFibGVzPg0KICAgICAgICA8RGF0YVNvdXJjZVRhYmxlIE5hbWU9IkhpZXJhcmNoeSNjc3YiIFNlbGVjdENvbHVtbnM9IlNlbGVjdE9ubHlCb3VuZENvbHVtbnMiIEFjY2Vzc01ldGhvZD0iU2VxdWVudGlhbCIgLz4NCiAgICAgIDwvVGFibGVzPg0KICAgIDwvRGF0YVNvdXJjZT4NCiAgPC9EYXRhU291cmNlcz4NCiAgPENvbnRleHRQYXJhbWV0ZXJzPg0KICAgIDxDb250ZXh0UGFyYW1ldGVyIE5hbWU9IlNlcnZlclVybCIgVmFsdWU9Imh0dHBzOi8vc3RhZ2luZy5icmlnaHR3aGlzdGxlLmNvbSIgLz4NCiAgICA8Q29udGV4dFBhcmFtZXRlciBOYW1lPSJhdXRoVG9rZW4iIFZhbHVlPSIiIC8+DQogIDwvQ29udGV4dFBhcmFtZXRlcnM+DQogIDxXZWJUZXN0UGx1Z2lucz4NCiAgICA8V2ViVGVzdFBsdWdpbiBDbGFzc25hbWU9IlRlc3RQbHVnaW4uU2VydmVyVXJscywgVGVzdFBsdWdpbiwgVmVyc2lvbj0xLjAuMC4wLCBDdWx0dXJlPW5ldXRyYWwsIFB1YmxpY0tleVRva2VuPW51bGwiIERpc3BsYXlOYW1lPSJTZXJ2ZXJVcmxzIiBEZXNjcmlwdGlvbj0iIiAvPg0KICA8L1dlYlRlc3RQbHVnaW5zPg0KPC9XZWJUZXN0Pg==">
    </WebTest>
    <WebTest name="Logout" storage="c:\medseek\automation\persuade\vsprojects\persuadeperformance\persuadeperformance\webtests\global tests\logout.webtest" priority="0" id="d3fdf484-19a8-4f02-9276-177652939958" persistedWebTest="77u/PD94bWwgdmVyc2lvbj0iMS4wIiBlbmNvZGluZz0iVVRGLTgiIHN0YW5kYWxvbmU9InllcyI/Pg0KPFdlYlRlc3QgTmFtZT0iTG9nb3V0IiBJZD0iZDNmZGY0ODQtMTlhOC00ZjAyLTkyNzYtMTc3NjUyOTM5OTU4IiBPd25lcj0iIiBQcmlvcml0eT0iMCIgRW5hYmxlZD0iVHJ1ZSIgQ3NzUHJvamVjdFN0cnVjdHVyZT0iIiBDc3NJdGVyYXRpb249IiIgVGltZW91dD0iMCIgV29ya0l0ZW1JZHM9IiIgeG1sbnM9Imh0dHA6Ly9taWNyb3NvZnQuY29tL3NjaGVtYXMvVmlzdWFsU3R1ZGlvL1RlYW1UZXN0LzIwMTAiIERlc2NyaXB0aW9uPSIiIENyZWRlbnRpYWxVc2VyTmFtZT0iIiBDcmVkZW50aWFsUGFzc3dvcmQ9IiIgUHJlQXV0aGVudGljYXRlPSJUcnVlIiBQcm94eT0iIiBTdG9wT25FcnJvcj0iRmFsc2UiIFJlY29yZGVkUmVzdWx0RmlsZT0iIiBSZXN1bHRzTG9jYWxlPSIiPg0KICA8SXRlbXM+DQogICAgPENvbW1lbnQgQ29tbWVudFRleHQ9IkxvZ291dCIgLz4NCiAgICA8VHJhbnNhY3Rpb25UaW1lciBOYW1lPSJMb2dvdXQiPg0KICAgICAgPEl0ZW1zPg0KICAgICAgICA8UmVxdWVzdCBNZXRob2Q9IkdFVCIgR3VpZD0iNGVmOTlhMTAtMTkzNC00YTZhLWE5MmQtZjU1Nzc4Y2Y4MmQ5IiBWZXJzaW9uPSIxLjEiIFVybD0ie3tTZXJ2ZXJVcmx9fS9zaWduX291dCIgVGhpbmtUaW1lPSIwIiBUaW1lb3V0PSI2MCIgUGFyc2VEZXBlbmRlbnRSZXF1ZXN0cz0iVHJ1ZSIgRm9sbG93UmVkaXJlY3RzPSJUcnVlIiBSZWNvcmRSZXN1bHQ9IlRydWUiIENhY2hlPSJGYWxzZSIgUmVzcG9uc2VUaW1lR29hbD0iMCIgRW5jb2Rpbmc9InV0Zi04IiBFeHBlY3RlZEh0dHBTdGF0dXNDb2RlPSIwIiBFeHBlY3RlZFJlc3BvbnNlVXJsPSIiIFJlcG9ydGluZ05hbWU9IiIgSWdub3JlSHR0cFN0YXR1c0NvZGU9IkZhbHNlIj4NCiAgICAgICAgICA8SGVhZGVycz4NCiAgICAgICAgICAgIDxIZWFkZXIgTmFtZT0iVXBncmFkZS1JbnNlY3VyZS1SZXF1ZXN0cyIgVmFsdWU9IjEiIC8+DQogICAgICAgICAgPC9IZWFkZXJzPg0KICAgICAgICAgIDxWYWxpZGF0aW9uUnVsZXM+DQogICAgICAgICAgICA8VmFsaWRhdGlvblJ1bGUgQ2xhc3NuYW1lPSJNaWNyb3NvZnQuVmlzdWFsU3R1ZGlvLlRlc3RUb29scy5XZWJUZXN0aW5nLlJ1bGVzLlZhbGlkYXRlUmVzcG9uc2VVcmwsIE1pY3Jvc29mdC5WaXN1YWxTdHVkaW8uUXVhbGl0eVRvb2xzLldlYlRlc3RGcmFtZXdvcmssIFZlcnNpb249MTAuMC4wLjAsIEN1bHR1cmU9bmV1dHJhbCwgUHVibGljS2V5VG9rZW49YjAzZjVmN2YxMWQ1MGEzYSIgRGlzcGxheU5hbWU9IlJlc3BvbnNlIFVSTCIgRGVzY3JpcHRpb249IlZhbGlkYXRlcyB0aGF0IHRoZSByZXNwb25zZSBVUkwgYWZ0ZXIgcmVkaXJlY3RzIGFyZSBmb2xsb3dlZCBpcyB0aGUgc2FtZSBhcyB0aGUgcmVjb3JkZWQgcmVzcG9uc2UgVVJMLiAgUXVlcnlTdHJpbmcgcGFyYW1ldGVycyBhcmUgaWdub3JlZC4iIExldmVsPSJIaWdoIiBFeGVjdHVpb25PcmRlcj0iQmVmb3JlRGVwZW5kZW50cyI+DQogICAgICAgICAgICAgIDxSdWxlUGFyYW1ldGVycz4NCiAgICAgICAgICAgICAgICA8UnVsZVBhcmFtZXRlciBOYW1lPSJJZ25vcmVDYXNlIiBWYWx1ZT0iRmFsc2UiIC8+DQogICAgICAgICAgICAgIDwvUnVsZVBhcmFtZXRlcnM+DQogICAgICAgICAgICA8L1ZhbGlkYXRpb25SdWxlPg0KICAgICAgICAgIDwvVmFsaWRhdGlvblJ1bGVzPg0KICAgICAgICA8L1JlcXVlc3Q+DQogICAgICAgIDxSZXF1ZXN0IE1ldGhvZD0iR0VUIiBHdWlkPSI3ZDY2MGVjZi0wNmQ5LTQ2YjItYmQyNi0yNmE2M2M2OGM1MzciIFZlcnNpb249IjEuMSIgVXJsPSJ7e1NlcnZlclVybH19L3NpZ25faW4iIFRoaW5rVGltZT0iMCIgVGltZW91dD0iNjAiIFBhcnNlRGVwZW5kZW50UmVxdWVzdHM9IkZhbHNlIiBGb2xsb3dSZWRpcmVjdHM9IlRydWUiIFJlY29yZFJlc3VsdD0iVHJ1ZSIgQ2FjaGU9IkZhbHNlIiBSZXNwb25zZVRpbWVHb2FsPSIwIiBFbmNvZGluZz0idXRmLTgiIEV4cGVjdGVkSHR0cFN0YXR1c0NvZGU9IjAiIEV4cGVjdGVkUmVzcG9uc2VVcmw9IiIgUmVwb3J0aW5nTmFtZT0iIiBJZ25vcmVIdHRwU3RhdHVzQ29kZT0iRmFsc2UiPg0KICAgICAgICAgIDxIZWFkZXJzPg0KICAgICAgICAgICAgPEhlYWRlciBOYW1lPSJVcGdyYWRlLUluc2VjdXJlLVJlcXVlc3RzIiBWYWx1ZT0iMSIgLz4NCiAgICAgICAgICA8L0hlYWRlcnM+DQogICAgICAgICAgPFZhbGlkYXRpb25SdWxlcz4NCiAgICAgICAgICAgIDxWYWxpZGF0aW9uUnVsZSBDbGFzc25hbWU9Ik1pY3Jvc29mdC5WaXN1YWxTdHVkaW8uVGVzdFRvb2xzLldlYlRlc3RpbmcuUnVsZXMuVmFsaWRhdGlvblJ1bGVGaW5kVGV4dCwgTWljcm9zb2Z0LlZpc3VhbFN0dWRpby5RdWFsaXR5VG9vbHMuV2ViVGVzdEZyYW1ld29yaywgVmVyc2lvbj0xMC4wLjAuMCwgQ3VsdHVyZT1uZXV0cmFsLCBQdWJsaWNLZXlUb2tlbj1iMDNmNWY3ZjExZDUwYTNhIiBEaXNwbGF5TmFtZT0iRmluZCBUZXh0IiBEZXNjcmlwdGlvbj0iVmVyaWZpZXMgdGhlIGV4aXN0ZW5jZSBvZiB0aGUgc3BlY2lmaWVkIHRleHQgaW4gdGhlIHJlc3BvbnNlLiIgTGV2ZWw9IkhpZ2giIEV4ZWN0dWlvbk9yZGVyPSJCZWZvcmVEZXBlbmRlbnRzIj4NCiAgICAgICAgICAgICAgPFJ1bGVQYXJhbWV0ZXJzPg0KICAgICAgICAgICAgICAgIDxSdWxlUGFyYW1ldGVyIE5hbWU9IkZpbmRUZXh0IiBWYWx1ZT0iU2lnbiBpbiB0byBQZXJzdWFkZSBwb3dlcmVkIGJ5IEJyaWdodFdoaXN0bGUiIC8+DQogICAgICAgICAgICAgICAgPFJ1bGVQYXJhbWV0ZXIgTmFtZT0iSWdub3JlQ2FzZSIgVmFsdWU9IlRydWUiIC8+DQogICAgICAgICAgICAgICAgPFJ1bGVQYXJhbWV0ZXIgTmFtZT0iVXNlUmVndWxhckV4cHJlc3Npb24iIFZhbHVlPSJGYWxzZSIgLz4NCiAgICAgICAgICAgICAgICA8UnVsZVBhcmFtZXRlciBOYW1lPSJQYXNzSWZUZXh0Rm91bmQiIFZhbHVlPSJUcnVlIiAvPg0KICAgICAgICAgICAgICA8L1J1bGVQYXJhbWV0ZXJzPg0KICAgICAgICAgICAgPC9WYWxpZGF0aW9uUnVsZT4NCiAgICAgICAgICAgIDxWYWxpZGF0aW9uUnVsZSBDbGFzc25hbWU9Ik1pY3Jvc29mdC5WaXN1YWxTdHVkaW8uVGVzdFRvb2xzLldlYlRlc3RpbmcuUnVsZXMuVmFsaWRhdGlvblJ1bGVGaW5kVGV4dCwgTWljcm9zb2Z0LlZpc3VhbFN0dWRpby5RdWFsaXR5VG9vbHMuV2ViVGVzdEZyYW1ld29yaywgVmVyc2lvbj0xMC4wLjAuMCwgQ3VsdHVyZT1uZXV0cmFsLCBQdWJsaWNLZXlUb2tlbj1iMDNmNWY3ZjExZDUwYTNhIiBEaXNwbGF5TmFtZT0iRmluZCBUZXh0IiBEZXNjcmlwdGlvbj0iVmVyaWZpZXMgdGhlIGV4aXN0ZW5jZSBvZiB0aGUgc3BlY2lmaWVkIHRleHQgaW4gdGhlIHJlc3BvbnNlLiIgTGV2ZWw9IkhpZ2giIEV4ZWN0dWlvbk9yZGVyPSJCZWZvcmVEZXBlbmRlbnRzIj4NCiAgICAgICAgICAgICAgPFJ1bGVQYXJhbWV0ZXJzPg0KICAgICAgICAgICAgICAgIDxSdWxlUGFyYW1ldGVyIE5hbWU9IkZpbmRUZXh0IiBWYWx1ZT0iU2lnbmVkIG91dCBzdWNjZXNzZnVsbHkuIiAvPg0KICAgICAgICAgICAgICAgIDxSdWxlUGFyYW1ldGVyIE5hbWU9Iklnbm9yZUNhc2UiIFZhbHVlPSJGYWxzZSIgLz4NCiAgICAgICAgICAgICAgICA8UnVsZVBhcmFtZXRlciBOYW1lPSJVc2VSZWd1bGFyRXhwcmVzc2lvbiIgVmFsdWU9IkZhbHNlIiAvPg0KICAgICAgICAgICAgICAgIDxSdWxlUGFyYW1ldGVyIE5hbWU9IlBhc3NJZlRleHRGb3VuZCIgVmFsdWU9IlRydWUiIC8+DQogICAgICAgICAgICAgIDwvUnVsZVBhcmFtZXRlcnM+DQogICAgICAgICAgICA8L1ZhbGlkYXRpb25SdWxlPg0KICAgICAgICAgIDwvVmFsaWRhdGlvblJ1bGVzPg0KICAgICAgICA8L1JlcXVlc3Q+DQogICAgICA8L0l0ZW1zPg0KICAgIDwvVHJhbnNhY3Rpb25UaW1lcj4NCiAgICA8Q29tbWVudCBDb21tZW50VGV4dD0iIiAvPg0KICA8L0l0ZW1zPg0KICA8Q29udGV4dFBhcmFtZXRlcnM+DQogICAgPENvbnRleHRQYXJhbWV0ZXIgTmFtZT0iU2VydmVyVXJsIiBWYWx1ZT0iaHR0cHM6Ly9zdGFnaW5nLmJyaWdodHdoaXN0bGUuY29tIiAvPg0KICA8L0NvbnRleHRQYXJhbWV0ZXJzPg0KPC9XZWJUZXN0Pg==">
    </WebTest>
    <WebTest name="PERS-1640_FormFields" storage="c:\medseek\automation\persuade\vsprojects\persuadeperformance\persuadeperformance\webtests\library\pers-1640_formfields.webtest" priority="0" id="27b96a5f-b657-4727-bdd9-928c4a2426ad" persistedWebTest="77u/PD94bWwgdmVyc2lvbj0iMS4wIiBlbmNvZGluZz0iVVRGLTgiIHN0YW5kYWxvbmU9InllcyI/Pg0KPFdlYlRlc3QgTmFtZT0iUEVSUy0xNjQwX0Zvcm1GaWVsZHMiIElkPSIyN2I5NmE1Zi1iNjU3LTQ3MjctYmRkOS05MjhjNGEyNDI2YWQiIE93bmVyPSIiIFByaW9yaXR5PSIwIiBFbmFibGVkPSJUcnVlIiBDc3NQcm9qZWN0U3RydWN0dXJlPSIiIENzc0l0ZXJhdGlvbj0iIiBUaW1lb3V0PSIwIiBXb3JrSXRlbUlkcz0iIiB4bWxucz0iaHR0cDovL21pY3Jvc29mdC5jb20vc2NoZW1hcy9WaXN1YWxTdHVkaW8vVGVhbVRlc3QvMjAxMCIgRGVzY3JpcHRpb249IiIgQ3JlZGVudGlhbFVzZXJOYW1lPSIiIENyZWRlbnRpYWxQYXNzd29yZD0iIiBQcmVBdXRoZW50aWNhdGU9IlRydWUiIFByb3h5PSIiIFN0b3BPbkVycm9yPSJGYWxzZSIgUmVjb3JkZWRSZXN1bHRGaWxlPSIiIFJlc3VsdHNMb2NhbGU9IiI+DQogIDxJdGVtcz4NCiAgICA8Q29tbWVudCBDb21tZW50VGV4dD0iTG9naW4iIC8+DQogICAgPFRyYW5zYWN0aW9uVGltZXIgTmFtZT0iTG9naW4iIC8+DQogICAgPENvbW1lbnQgQ29tbWVudFRleHQ9IlNldCBIaWVyYXJjaHkiIC8+DQogICAgPFRyYW5zYWN0aW9uVGltZXIgTmFtZT0iU2V0IEhpZXJlcmNoeSI+DQogICAgICA8SXRlbXM+DQogICAgICAgIDxJbmNsdWRlZFdlYlRlc3QgTmFtZT0iU2V0SGllcmFyY2h5IiBQYXRoPSJjOlxtZWRzZWVrXGF1dG9tYXRpb25ccGVyc3VhZGVcdnNwcm9qZWN0c1xwZXJzdWFkZXBlcmZvcm1hbmNlXHBlcnN1YWRlcGVyZm9ybWFuY2Vcd2VidGVzdHNcZ2xvYmFsIHRlc3RzXHNldGhpZXJhcmNoeS53ZWJ0ZXN0IiBJZD0iNjFjYmYwMzgtNzI4Ny00YTVkLWFlMTYtZTU2ZTgxMzM1ODUyIiBJc0NvZGVkV2ViVGVzdD0iRmFsc2UiIEluaGVyaXRXZWJUZXN0U2V0dGluZ3M9IkZhbHNlIiAvPg0KICAgICAgPC9JdGVtcz4NCiAgICA8L1RyYW5zYWN0aW9uVGltZXI+DQogICAgPENvbW1lbnQgQ29tbWVudFRleHQ9IkZvcm0gRmllbGRzIiAvPg0KICAgIDxUcmFuc2FjdGlvblRpbWVyIE5hbWU9IkZvcm0gRmllbGRzIj4NCiAgICAgIDxJdGVtcz4NCiAgICAgICAgPFJlcXVlc3QgTWV0aG9kPSJHRVQiIEd1aWQ9IjBkNTc4YzExLWYzYTMtNGFiMC04ZTI4LWZkMjgxYmE5OGQ4OSIgVmVyc2lvbj0iMS4xIiBVcmw9Int7U2VydmVyVXJsfX0vZm9ybV9maWVsZHMiIFRoaW5rVGltZT0iMSIgVGltZW91dD0iNjAiIFBhcnNlRGVwZW5kZW50UmVxdWVzdHM9IlRydWUiIEZvbGxvd1JlZGlyZWN0cz0iVHJ1ZSIgUmVjb3JkUmVzdWx0PSJUcnVlIiBDYWNoZT0iRmFsc2UiIFJlc3BvbnNlVGltZUdvYWw9IjAiIEVuY29kaW5nPSJ1dGYtOCIgRXhwZWN0ZWRIdHRwU3RhdHVzQ29kZT0iMCIgRXhwZWN0ZWRSZXNwb25zZVVybD0iIiBSZXBvcnRpbmdOYW1lPSIiIElnbm9yZUh0dHBTdGF0dXNDb2RlPSJGYWxzZSI+DQogICAgICAgICAgPEhlYWRlcnM+DQogICAgICAgICAgICA8SGVhZGVyIE5hbWU9IlVwZ3JhZGUtSW5zZWN1cmUtUmVxdWVzdHMiIFZhbHVlPSIxIiAvPg0KICAgICAgICAgICAgPEhlYWRlciBOYW1lPSJJZi1Ob25lLU1hdGNoIiBWYWx1ZT0iJnF1b3Q7YjZlZTU2Y2RlZjg3OTRmMzIyMjVjOTMyZGVlMWRmMDcmcXVvdDsiIC8+DQogICAgICAgICAgPC9IZWFkZXJzPg0KICAgICAgICA8L1JlcXVlc3Q+DQogICAgICA8L0l0ZW1zPg0KICAgIDwvVHJhbnNhY3Rpb25UaW1lcj4NCiAgICA8Q29tbWVudCBDb21tZW50VGV4dD0iQ3JlYXRlIEZvcm0gRmllbGQiIC8+DQogICAgPFRyYW5zYWN0aW9uVGltZXIgTmFtZT0iQ3JlYXRlIEZvcm0gRmllbGRzIj4NCiAgICAgIDxJdGVtcz4NCiAgICAgICAgPFJlcXVlc3QgTWV0aG9kPSJHRVQiIEd1aWQ9Ijk0MmNjY2MzLTcxNzMtNDgzYi1hYjhhLWVmYzk5ZTQ5ZTM1ZSIgVmVyc2lvbj0iMS4xIiBVcmw9Int7U2VydmVyVXJsfX0vZm9ybV9maWVsZHMvbmV3IiBUaGlua1RpbWU9IjAiIFRpbWVvdXQ9IjYwIiBQYXJzZURlcGVuZGVudFJlcXVlc3RzPSJUcnVlIiBGb2xsb3dSZWRpcmVjdHM9IlRydWUiIFJlY29yZFJlc3VsdD0iVHJ1ZSIgQ2FjaGU9IkZhbHNlIiBSZXNwb25zZVRpbWVHb2FsPSIwIiBFbmNvZGluZz0idXRmLTgiIEV4cGVjdGVkSHR0cFN0YXR1c0NvZGU9IjAiIEV4cGVjdGVkUmVzcG9uc2VVcmw9IiIgUmVwb3J0aW5nTmFtZT0iIiBJZ25vcmVIdHRwU3RhdHVzQ29kZT0iRmFsc2UiPg0KICAgICAgICAgIDxIZWFkZXJzPg0KICAgICAgICAgICAgPEhlYWRlciBOYW1lPSJYLUNTUkYtVG9rZW4iIFZhbHVlPSJ7e2F1dGhUb2tlbn19IiAvPg0KICAgICAgICAgICAgPEhlYWRlciBOYW1lPSJYLVJlcXVlc3RlZC1XaXRoIiBWYWx1ZT0iWE1MSHR0cFJlcXVlc3QiIC8+DQogICAgICAgICAgPC9IZWFkZXJzPg0KICAgICAgICA8L1JlcXVlc3Q+DQogICAgICA8L0l0ZW1zPg0KICAgIDwvVHJhbnNhY3Rpb25UaW1lcj4NCiAgICA8Q29tbWVudCBDb21tZW50VGV4dD0iU2F2ZSBGb3JtIEZpZWxkIiAvPg0KICAgIDxUcmFuc2FjdGlvblRpbWVyIE5hbWU9IlNhdmUgRm9ybSBGaWVsZCI+DQogICAgICA8SXRlbXM+DQogICAgICAgIDxSZXF1ZXN0IE1ldGhvZD0iUE9TVCIgR3VpZD0iMzAzNDVhM2QtYjNlMS00ODg0LWI5MGMtOGUyOTQwODkwNDlmIiBWZXJzaW9uPSIxLjEiIFVybD0ie3tTZXJ2ZXJVcmx9fS9mb3JtX2ZpZWxkcyIgVGhpbmtUaW1lPSIwIiBUaW1lb3V0PSI2MCIgUGFyc2VEZXBlbmRlbnRSZXF1ZXN0cz0iVHJ1ZSIgRm9sbG93UmVkaXJlY3RzPSJUcnVlIiBSZWNvcmRSZXN1bHQ9IlRydWUiIENhY2hlPSJGYWxzZSIgUmVzcG9uc2VUaW1lR29hbD0iMCIgRW5jb2Rpbmc9InV0Zi04IiBFeHBlY3RlZEh0dHBTdGF0dXNDb2RlPSIwIiBFeHBlY3RlZFJlc3BvbnNlVXJsPSIiIFJlcG9ydGluZ05hbWU9IiIgSWdub3JlSHR0cFN0YXR1c0NvZGU9IkZhbHNlIj4NCiAgICAgICAgICA8SGVhZGVycz4NCiAgICAgICAgICAgIDxIZWFkZXIgTmFtZT0iT3JpZ2luIiBWYWx1ZT0ie3tTZXJ2ZXJVcmx9fSIgLz4NCiAgICAgICAgICAgIDxIZWFkZXIgTmFtZT0iWC1DU1JGLVRva2VuIiBWYWx1ZT0ie3thdXRoVG9rZW59fSIgLz4NCiAgICAgICAgICAgIDxIZWFkZXIgTmFtZT0iWC1SZXF1ZXN0ZWQtV2l0aCIgVmFsdWU9IlhNTEh0dHBSZXF1ZXN0IiAvPg0KICAgICAgICAgICAgPEhlYWRlciBOYW1lPSJDb250ZW50LVR5cGUiIFZhbHVlPSJhcHBsaWNhdGlvbi94LXd3dy1mb3JtLXVybGVuY29kZWQiIC8+DQogICAgICAgICAgPC9IZWFkZXJzPg0KICAgICAgICAgIDxGb3JtUG9zdEh0dHBCb2R5Pg0KICAgICAgICAgICAgPEZvcm1Qb3N0UGFyYW1ldGVyIE5hbWU9InV0ZjgiIFZhbHVlPSLinJMiIFJlY29yZGVkVmFsdWU9IiIgQ29ycmVsYXRpb25CaW5kaW5nPSIiIFVybEVuY29kZT0iVHJ1ZSIgLz4NCiAgICAgICAgICAgIDxGb3JtUG9zdFBhcmFtZXRlciBOYW1lPSJhdXRoZW50aWNpdHlfdG9rZW4iIFZhbHVlPSJ7e2F1dGhUb2tlbn19IiBSZWNvcmRlZFZhbHVlPSIiIENvcnJlbGF0aW9uQmluZGluZz0iIiBVcmxFbmNvZGU9IlRydWUiIC8+DQogICAgICAgICAgICA8Rm9ybVBvc3RQYXJhbWV0ZXIgTmFtZT0iZm9ybV9maWVsZFthZ2VuY3lfaWRdIiBWYWx1ZT0ie3tIaWVyYXJjaHkuSGllcmFyY2h5I2Nzdi5UaWVyMUlkfX0iIFJlY29yZGVkVmFsdWU9IiIgQ29ycmVsYXRpb25CaW5kaW5nPSIiIFVybEVuY29kZT0iVHJ1ZSIgLz4NCiAgICAgICAgICAgIDxGb3JtUG9zdFBhcmFtZXRlciBOYW1lPSJmb3JtX2ZpZWxkW2NsaWVudF9pZF0iIFZhbHVlPSJ7e0hpZXJhcmNoeS5IaWVyYXJjaHkjY3N2LlRpZXIySWR9fSIgUmVjb3JkZWRWYWx1ZT0iIiBDb3JyZWxhdGlvbkJpbmRpbmc9IiIgVXJsRW5jb2RlPSJUcnVlIiAvPg0KICAgICAgICAgICAgPEZvcm1Qb3N0UGFyYW1ldGVyIE5hbWU9InRoaXJkX3BhcnR5IiBWYWx1ZT0ibm8iIFJlY29yZGVkVmFsdWU9IiIgQ29ycmVsYXRpb25CaW5kaW5nPSIiIFVybEVuY29kZT0iVHJ1ZSIgLz4NCiAgICAgICAgICAgIDxGb3JtUG9zdFBhcmFtZXRlciBOYW1lPSJmb3JtX2ZpZWxkW2ZpZWxkX25hbWVdIiBWYWx1ZT0icGVyZlRlc3RGaWVsZHt7c2VlZE51bWJlcn19IiBSZWNvcmRlZFZhbHVlPSIiIENvcnJlbGF0aW9uQmluZGluZz0iIiBVcmxFbmNvZGU9IlRydWUiIC8+DQogICAgICAgICAgICA8Rm9ybVBvc3RQYXJhbWV0ZXIgTmFtZT0iZm9ybV9maWVsZFtkZXNjcmlwdGlvbl0iIFZhbHVlPSJwZXJmVGVzdEZpZWxke3tzZWVkTnVtYmVyfX0iIFJlY29yZGVkVmFsdWU9IiIgQ29ycmVsYXRpb25CaW5kaW5nPSIiIFVybEVuY29kZT0iVHJ1ZSIgLz4NCiAgICAgICAgICAgIDxGb3JtUG9zdFBhcmFtZXRlciBOYW1lPSJmb3JtX2ZpZWxkW25hbWVdIiBWYWx1ZT0iIiBSZWNvcmRlZFZhbHVlPSIiIENvcnJlbGF0aW9uQmluZGluZz0iIiBVcmxFbmNvZGU9IlRydWUiIC8+DQogICAgICAgICAgICA8Rm9ybVBvc3RQYXJhbWV0ZXIgTmFtZT0iZm9ybV9maWVsZFtpbnB1dF90eXBlXSIgVmFsdWU9IjEiIFJlY29yZGVkVmFsdWU9IiIgQ29ycmVsYXRpb25CaW5kaW5nPSIiIFVybEVuY29kZT0iVHJ1ZSIgLz4NCiAgICAgICAgICAgIDxGb3JtUG9zdFBhcmFtZXRlciBOYW1lPSJmb3JtX2ZpZWxkW3NlbGVjdGlvbl90eXBlXSIgVmFsdWU9IkNoZWNrYm94IiBSZWNvcmRlZFZhbHVlPSIiIENvcnJlbGF0aW9uQmluZGluZz0iIiBVcmxFbmNvZGU9IlRydWUiIC8+DQogICAgICAgICAgICA8Rm9ybVBvc3RQYXJhbWV0ZXIgTmFtZT0iZm9ybV9maWVsZFtvcHRpb25zXVtid19tYXBwaW5nXSIgVmFsdWU9IiIgUmVjb3JkZWRWYWx1ZT0iIiBDb3JyZWxhdGlvbkJpbmRpbmc9IiIgVXJsRW5jb2RlPSJUcnVlIiAvPg0KICAgICAgICAgIDwvRm9ybVBvc3RIdHRwQm9keT4NCiAgICAgICAgPC9SZXF1ZXN0Pg0KICAgICAgICA8UmVxdWVzdCBNZXRob2Q9IkdFVCIgR3VpZD0iMmQ2MTJlOGUtYWU3Ni00MGViLWFhOTMtODgyNWJlZjFiNGM4IiBWZXJzaW9uPSIxLjEiIFVybD0ie3tTZXJ2ZXJVcmx9fS9mb3JtX2ZpZWxkcyIgVGhpbmtUaW1lPSIwIiBUaW1lb3V0PSI2MCIgUGFyc2VEZXBlbmRlbnRSZXF1ZXN0cz0iVHJ1ZSIgRm9sbG93UmVkaXJlY3RzPSJUcnVlIiBSZWNvcmRSZXN1bHQ9IlRydWUiIENhY2hlPSJGYWxzZSIgUmVzcG9uc2VUaW1lR29hbD0iMCIgRW5jb2Rpbmc9InV0Zi04IiBFeHBlY3RlZEh0dHBTdGF0dXNDb2RlPSIwIiBFeHBlY3RlZFJlc3BvbnNlVXJsPSIiIFJlcG9ydGluZ05hbWU9IiIgSWdub3JlSHR0cFN0YXR1c0NvZGU9IkZhbHNlIj4NCiAgICAgICAgICA8SGVhZGVycz4NCiAgICAgICAgICAgIDxIZWFkZXIgTmFtZT0iWC1DU1JGLVRva2VuIiBWYWx1ZT0ie3thdXRoVG9rZW59fSIgLz4NCiAgICAgICAgICAgIDxIZWFkZXIgTmFtZT0iWC1SZXF1ZXN0ZWQtV2l0aCIgVmFsdWU9IlhNTEh0dHBSZXF1ZXN0IiAvPg0KICAgICAgICAgICAgPEhlYWRlciBOYW1lPSJYLVBKQVgiIFZhbHVlPSJ0cnVlIiAvPg0KICAgICAgICAgIDwvSGVhZGVycz4NCiAgICAgICAgICA8VmFsaWRhdGlvblJ1bGVzPg0KICAgICAgICAgICAgPFZhbGlkYXRpb25SdWxlIENsYXNzbmFtZT0iTWljcm9zb2Z0LlZpc3VhbFN0dWRpby5UZXN0VG9vbHMuV2ViVGVzdGluZy5SdWxlcy5WYWxpZGF0aW9uUnVsZUZpbmRUZXh0LCBNaWNyb3NvZnQuVmlzdWFsU3R1ZGlvLlF1YWxpdHlUb29scy5XZWJUZXN0RnJhbWV3b3JrLCBWZXJzaW9uPTEwLjAuMC4wLCBDdWx0dXJlPW5ldXRyYWwsIFB1YmxpY0tleVRva2VuPWIwM2Y1ZjdmMTFkNTBhM2EiIERpc3BsYXlOYW1lPSJGaW5kIFRleHQiIERlc2NyaXB0aW9uPSJWZXJpZmllcyB0aGUgZXhpc3RlbmNlIG9mIHRoZSBzcGVjaWZpZWQgdGV4dCBpbiB0aGUgcmVzcG9uc2UuIiBMZXZlbD0iSGlnaCIgRXhlY3R1aW9uT3JkZXI9IkJlZm9yZURlcGVuZGVudHMiPg0KICAgICAgICAgICAgICA8UnVsZVBhcmFtZXRlcnM+DQogICAgICAgICAgICAgICAgPFJ1bGVQYXJhbWV0ZXIgTmFtZT0iRmluZFRleHQiIFZhbHVlPSJwZXJmVGVzdEZpZWxke3tzZWVkTnVtYmVyfX0iIC8+DQogICAgICAgICAgICAgICAgPFJ1bGVQYXJhbWV0ZXIgTmFtZT0iSWdub3JlQ2FzZSIgVmFsdWU9IkZhbHNlIiAvPg0KICAgICAgICAgICAgICAgIDxSdWxlUGFyYW1ldGVyIE5hbWU9IlVzZVJlZ3VsYXJFeHByZXNzaW9uIiBWYWx1ZT0iRmFsc2UiIC8+DQogICAgICAgICAgICAgICAgPFJ1bGVQYXJhbWV0ZXIgTmFtZT0iUGFzc0lmVGV4dEZvdW5kIiBWYWx1ZT0iVHJ1ZSIgLz4NCiAgICAgICAgICAgICAgPC9SdWxlUGFyYW1ldGVycz4NCiAgICAgICAgICAgIDwvVmFsaWRhdGlvblJ1bGU+DQogICAgICAgICAgPC9WYWxpZGF0aW9uUnVsZXM+DQogICAgICAgICAgPFF1ZXJ5U3RyaW5nUGFyYW1ldGVycz4NCiAgICAgICAgICAgIDxRdWVyeVN0cmluZ1BhcmFtZXRlciBOYW1lPSJfcGpheCIgVmFsdWU9InRydWUiIFJlY29yZGVkVmFsdWU9IiIgQ29ycmVsYXRpb25CaW5kaW5nPSIiIFVybEVuY29kZT0iVHJ1ZSIgVXNlVG9Hcm91cFJlc3VsdHM9IkZhbHNlIiAvPg0KICAgICAgICAgIDwvUXVlcnlTdHJpbmdQYXJhbWV0ZXJzPg0KICAgICAgICA8L1JlcXVlc3Q+DQogICAgICA8L0l0ZW1zPg0KICAgIDwvVHJhbnNhY3Rpb25UaW1lcj4NCiAgICA8Q29tbWVudCBDb21tZW50VGV4dD0iTG9nb3V0IiAvPg0KICAgIDxUcmFuc2FjdGlvblRpbWVyIE5hbWU9IkxvZ291dCI+DQogICAgICA8SXRlbXM+DQogICAgICAgIDxJbmNsdWRlZFdlYlRlc3QgTmFtZT0iTG9nb3V0IiBQYXRoPSJjOlxtZWRzZWVrXGF1dG9tYXRpb25ccGVyc3VhZGVcdnNwcm9qZWN0c1xwZXJzdWFkZXBlcmZvcm1hbmNlXHBlcnN1YWRlcGVyZm9ybWFuY2Vcd2VidGVzdHNcZ2xvYmFsIHRlc3RzXGxvZ291dC53ZWJ0ZXN0IiBJZD0iZDNmZGY0ODQtMTlhOC00ZjAyLTkyNzYtMTc3NjUyOTM5OTU4IiBJc0NvZGVkV2ViVGVzdD0iRmFsc2UiIEluaGVyaXRXZWJUZXN0U2V0dGluZ3M9IkZhbHNlIiAvPg0KICAgICAgPC9JdGVtcz4NCiAgICA8L1RyYW5zYWN0aW9uVGltZXI+DQogICAgPENvbW1lbnQgQ29tbWVudFRleHQ9IiIgLz4NCiAgPC9JdGVtcz4NCiAgPERhdGFTb3VyY2VzPg0KICAgIDxEYXRhU291cmNlIE5hbWU9IkhpZXJhcmNoeSIgUHJvdmlkZXI9Ik1pY3Jvc29mdC5WaXN1YWxTdHVkaW8uVGVzdFRvb2xzLkRhdGFTb3VyY2UuQ1NWIiBDb25uZWN0aW9uPSJ8RGF0YURpcmVjdG9yeXxcLi5cLi5cRGF0YVxIaWVyYXJjaHkuY3N2Ij4NCiAgICAgIDxUYWJsZXM+DQogICAgICAgIDxEYXRhU291cmNlVGFibGUgTmFtZT0iSGllcmFyY2h5I2NzdiIgU2VsZWN0Q29sdW1ucz0iU2VsZWN0T25seUJvdW5kQ29sdW1ucyIgQWNjZXNzTWV0aG9kPSJTZXF1ZW50aWFsIiAvPg0KICAgICAgPC9UYWJsZXM+DQogICAgPC9EYXRhU291cmNlPg0KICA8L0RhdGFTb3VyY2VzPg0KICA8Q29udGV4dFBhcmFtZXRlcnM+DQogICAgPENvbnRleHRQYXJhbWV0ZXIgTmFtZT0iU2VydmVyVXJsIiBWYWx1ZT0iaHR0cHM6Ly9zdGFnaW5nLmJyaWdodHdoaXN0bGUuY29tIiAvPg0KICA8L0NvbnRleHRQYXJhbWV0ZXJzPg0KICA8V2ViVGVzdFBsdWdpbnM+DQogICAgPFdlYlRlc3RQbHVnaW4gQ2xhc3NuYW1lPSJUZXN0UGx1Z2luLlNlcnZlclVybHMsIFRlc3RQbHVnaW4sIFZlcnNpb249MS4wLjAuMCwgQ3VsdHVyZT1uZXV0cmFsLCBQdWJsaWNLZXlUb2tlbj1udWxsIiBEaXNwbGF5TmFtZT0iU2VydmVyVXJscyIgRGVzY3JpcHRpb249IiIgLz4NCiAgICA8V2ViVGVzdFBsdWdpbiBDbGFzc25hbWU9IlRlc3RQbHVnaW4uU2VlZCwgVGVzdFBsdWdpbiwgVmVyc2lvbj0xLjAuMC4wLCBDdWx0dXJlPW5ldXRyYWwsIFB1YmxpY0tleVRva2VuPW51bGwiIERpc3BsYXlOYW1lPSJTZWVkIiBEZXNjcmlwdGlvbj0iIiAvPg0KICA8L1dlYlRlc3RQbHVnaW5zPg0KPC9XZWJUZXN0Pg==">
      <Execution id="936a933d-8e95-443e-8b76-b7ede874a1e3" />
    </WebTest>
    <WebTest name="PERS-1641_Forms" storage="c:\medseek\automation\persuade\vsprojects\persuadeperformance\persuadeperformance\webtests\library\pers-1641_forms.webtest" priority="0" id="f1894e03-4f1f-442a-9bc0-86a2de58caba" persistedWebTest="77u/PD94bWwgdmVyc2lvbj0iMS4wIiBlbmNvZGluZz0iVVRGLTgiIHN0YW5kYWxvbmU9InllcyI/Pg0KPFdlYlRlc3QgTmFtZT0iUEVSUy0xNjQxX0Zvcm1zIiBJZD0iZjE4OTRlMDMtNGYxZi00NDJhLTliYzAtODZhMmRlNThjYWJhIiBPd25lcj0iIiBQcmlvcml0eT0iMCIgRW5hYmxlZD0iVHJ1ZSIgQ3NzUHJvamVjdFN0cnVjdHVyZT0iIiBDc3NJdGVyYXRpb249IiIgVGltZW91dD0iMCIgV29ya0l0ZW1JZHM9IiIgeG1sbnM9Imh0dHA6Ly9taWNyb3NvZnQuY29tL3NjaGVtYXMvVmlzdWFsU3R1ZGlvL1RlYW1UZXN0LzIwMTAiIERlc2NyaXB0aW9uPSIiIENyZWRlbnRpYWxVc2VyTmFtZT0iIiBDcmVkZW50aWFsUGFzc3dvcmQ9IiIgUHJlQXV0aGVudGljYXRlPSJUcnVlIiBQcm94eT0iIiBTdG9wT25FcnJvcj0iRmFsc2UiIFJlY29yZGVkUmVzdWx0RmlsZT0iIiBSZXN1bHRzTG9jYWxlPSIiPg0KICA8SXRlbXM+DQogICAgPENvbW1lbnQgQ29tbWVudFRleHQ9IkxvZ2luIiAvPg0KICAgIDxUcmFuc2FjdGlvblRpbWVyIE5hbWU9IkxvZ2luIiAvPg0KICAgIDxDb21tZW50IENvbW1lbnRUZXh0PSJTZXQgSGllcmFyY2h5IiAvPg0KICAgIDxUcmFuc2FjdGlvblRpbWVyIE5hbWU9IlNldCBIaWVyYXJjaHkiPg0KICAgICAgPEl0ZW1zPg0KICAgICAgICA8SW5jbHVkZWRXZWJUZXN0IE5hbWU9IlNldEhpZXJhcmNoeSIgUGF0aD0iYzpcbWVkc2Vla1xhdXRvbWF0aW9uXHBlcnN1YWRlXHZzcHJvamVjdHNccGVyc3VhZGVwZXJmb3JtYW5jZVxwZXJzdWFkZXBlcmZvcm1hbmNlXHdlYnRlc3RzXGdsb2JhbCB0ZXN0c1xzZXRoaWVyYXJjaHkud2VidGVzdCIgSWQ9IjYxY2JmMDM4LTcyODctNGE1ZC1hZTE2LWU1NmU4MTMzNTg1MiIgSXNDb2RlZFdlYlRlc3Q9IkZhbHNlIiBJbmhlcml0V2ViVGVzdFNldHRpbmdzPSJGYWxzZSIgLz4NCiAgICAgIDwvSXRlbXM+DQogICAgPC9UcmFuc2FjdGlvblRpbWVyPg0KICAgIDxDb21tZW50IENvbW1lbnRUZXh0PSJMaWJyYXJ5IEZvcm1zIiAvPg0KICAgIDxUcmFuc2FjdGlvblRpbWVyIE5hbWU9IkxpYnJhcnkgLSBGb3JtcyI+DQogICAgICA8SXRlbXM+DQogICAgICAgIDxSZXF1ZXN0IE1ldGhvZD0iR0VUIiBHdWlkPSJlMzAwNTE2Ni05OWVmLTQ1NWUtOWI3My1hOGE5ZmMyM2Q4ZTUiIFZlcnNpb249IjEuMSIgVXJsPSJ7e1NlcnZlclVybH19L2Zvcm1fYnVpbGRlcnMiIFRoaW5rVGltZT0iMCIgVGltZW91dD0iNjAiIFBhcnNlRGVwZW5kZW50UmVxdWVzdHM9IlRydWUiIEZvbGxvd1JlZGlyZWN0cz0iVHJ1ZSIgUmVjb3JkUmVzdWx0PSJUcnVlIiBDYWNoZT0iRmFsc2UiIFJlc3BvbnNlVGltZUdvYWw9IjAiIEVuY29kaW5nPSJ1dGYtOCIgRXhwZWN0ZWRIdHRwU3RhdHVzQ29kZT0iMCIgRXhwZWN0ZWRSZXNwb25zZVVybD0iIiBSZXBvcnRpbmdOYW1lPSJGb3JtcyIgSWdub3JlSHR0cFN0YXR1c0NvZGU9IkZhbHNlIj4NCiAgICAgICAgICA8SGVhZGVycz4NCiAgICAgICAgICAgIDxIZWFkZXIgTmFtZT0iVXBncmFkZS1JbnNlY3VyZS1SZXF1ZXN0cyIgVmFsdWU9IjEiIC8+DQogICAgICAgICAgICA8SGVhZGVyIE5hbWU9IklmLU5vbmUtTWF0Y2giIFZhbHVlPSImcXVvdDs2MzFiOTY4NDczNGM4MjliOWZmN2VhMzEzYzZmNWVhNSZxdW90OyIgLz4NCiAgICAgICAgICA8L0hlYWRlcnM+DQogICAgICAgIDwvUmVxdWVzdD4NCiAgICAgIDwvSXRlbXM+DQogICAgPC9UcmFuc2FjdGlvblRpbWVyPg0KICAgIDxDb21tZW50IENvbW1lbnRUZXh0PSJDcmVhdGUgRm9ybSIgLz4NCiAgICA8VHJhbnNhY3Rpb25UaW1lciBOYW1lPSJDcmVhdGUgRm9ybSI+DQogICAgICA8SXRlbXM+DQogICAgICAgIDxSZXF1ZXN0IE1ldGhvZD0iR0VUIiBHdWlkPSJiNGZmMTY0Ny1hYWRjLTQxZmYtOTIzYS0xZDE1OWJhOTY5ZDAiIFZlcnNpb249IjEuMSIgVXJsPSJ7e1NlcnZlclVybH19L2Zvcm1fYnVpbGRlcnMvbmV3IiBUaGlua1RpbWU9IjAiIFRpbWVvdXQ9IjYwIiBQYXJzZURlcGVuZGVudFJlcXVlc3RzPSJUcnVlIiBGb2xsb3dSZWRpcmVjdHM9IlRydWUiIFJlY29yZFJlc3VsdD0iVHJ1ZSIgQ2FjaGU9IkZhbHNlIiBSZXNwb25zZVRpbWVHb2FsPSIwIiBFbmNvZGluZz0idXRmLTgiIEV4cGVjdGVkSHR0cFN0YXR1c0NvZGU9IjAiIEV4cGVjdGVkUmVzcG9uc2VVcmw9IiIgUmVwb3J0aW5nTmFtZT0iIiBJZ25vcmVIdHRwU3RhdHVzQ29kZT0iRmFsc2UiPg0KICAgICAgICAgIDxIZWFkZXJzPg0KICAgICAgICAgICAgPEhlYWRlciBOYW1lPSJYLUNTUkYtVG9rZW4iIFZhbHVlPSJ7e2F1dGhUb2tlbn19IiAvPg0KICAgICAgICAgICAgPEhlYWRlciBOYW1lPSJYLVJlcXVlc3RlZC1XaXRoIiBWYWx1ZT0iWE1MSHR0cFJlcXVlc3QiIC8+DQogICAgICAgICAgPC9IZWFkZXJzPg0KICAgICAgICA8L1JlcXVlc3Q+DQogICAgICAgIDxSZXF1ZXN0IE1ldGhvZD0iUE9TVCIgR3VpZD0iNzZjNWMwYmQtZWJmYy00YzI0LWJkMzEtNDI2OTkwOGYwNzU1IiBWZXJzaW9uPSIxLjEiIFVybD0ie3tTZXJ2ZXJVcmx9fS9mb3JtX2J1aWxkZXJzL3ByZXZpZXciIFRoaW5rVGltZT0iMCIgVGltZW91dD0iNjAiIFBhcnNlRGVwZW5kZW50UmVxdWVzdHM9IlRydWUiIEZvbGxvd1JlZGlyZWN0cz0iVHJ1ZSIgUmVjb3JkUmVzdWx0PSJUcnVlIiBDYWNoZT0iRmFsc2UiIFJlc3BvbnNlVGltZUdvYWw9IjAiIEVuY29kaW5nPSJ1dGYtOCIgRXhwZWN0ZWRIdHRwU3RhdHVzQ29kZT0iMCIgRXhwZWN0ZWRSZXNwb25zZVVybD0iIiBSZXBvcnRpbmdOYW1lPSIiIElnbm9yZUh0dHBTdGF0dXNDb2RlPSJGYWxzZSI+DQogICAgICAgICAgPEhlYWRlcnM+DQogICAgICAgICAgICA8SGVhZGVyIE5hbWU9Ik9yaWdpbiIgVmFsdWU9Int7U2VydmVyVXJsfX0iIC8+DQogICAgICAgICAgICA8SGVhZGVyIE5hbWU9IlVwZ3JhZGUtSW5zZWN1cmUtUmVxdWVzdHMiIFZhbHVlPSIxIiAvPg0KICAgICAgICAgICAgPEhlYWRlciBOYW1lPSJDb250ZW50LVR5cGUiIFZhbHVlPSJhcHBsaWNhdGlvbi94LXd3dy1mb3JtLXVybGVuY29kZWQiIC8+DQogICAgICAgICAgPC9IZWFkZXJzPg0KICAgICAgICAgIDxGb3JtUG9zdEh0dHBCb2R5Pg0KICAgICAgICAgICAgPEZvcm1Qb3N0UGFyYW1ldGVyIE5hbWU9InV0ZjgiIFZhbHVlPSLinJMiIFJlY29yZGVkVmFsdWU9IiIgQ29ycmVsYXRpb25CaW5kaW5nPSIiIFVybEVuY29kZT0iVHJ1ZSIgLz4NCiAgICAgICAgICAgIDxGb3JtUG9zdFBhcmFtZXRlciBOYW1lPSJhdXRoZW50aWNpdHlfdG9rZW4iIFZhbHVlPSJ7e2F1dGhUb2tlbn19IiBSZWNvcmRlZFZhbHVlPSIiIENvcnJlbGF0aW9uQmluZGluZz0iIiBVcmxFbmNvZGU9IlRydWUiIC8+DQogICAgICAgICAgICA8Rm9ybVBvc3RQYXJhbWV0ZXIgTmFtZT0iZm9ybV9idWlsZGVyW25hbWVdIiBWYWx1ZT0iIiBSZWNvcmRlZFZhbHVlPSIiIENvcnJlbGF0aW9uQmluZGluZz0iIiBVcmxFbmNvZGU9IlRydWUiIC8+DQogICAgICAgICAgICA8Rm9ybVBvc3RQYXJhbWV0ZXIgTmFtZT0iZm9ybV9idWlsZGVyW2FnZW5jeV9pZF0iIFZhbHVlPSIiIFJlY29yZGVkVmFsdWU9IiIgQ29ycmVsYXRpb25CaW5kaW5nPSIiIFVybEVuY29kZT0iVHJ1ZSIgLz4NCiAgICAgICAgICAgIDxGb3JtUG9zdFBhcmFtZXRlciBOYW1lPSJmb3JtX2J1aWxkZXJbY2xpZW50X2lkXSIgVmFsdWU9IiIgUmVjb3JkZWRWYWx1ZT0iIiBDb3JyZWxhdGlvbkJpbmRpbmc9IiIgVXJsRW5jb2RlPSJUcnVlIiAvPg0KICAgICAgICAgICAgPEZvcm1Qb3N0UGFyYW1ldGVyIE5hbWU9ImZvcm1fYnVpbGRlcltidXNpbmVzc191bml0X2lkXSIgVmFsdWU9IiIgUmVjb3JkZWRWYWx1ZT0iIiBDb3JyZWxhdGlvbkJpbmRpbmc9IiIgVXJsRW5jb2RlPSJUcnVlIiAvPg0KICAgICAgICAgICAgPEZvcm1Qb3N0UGFyYW1ldGVyIE5hbWU9ImZvcm1fYnVpbGRlcltjYW1wYWlnbl9pZF0iIFZhbHVlPSIiIFJlY29yZGVkVmFsdWU9IiIgQ29ycmVsYXRpb25CaW5kaW5nPSIiIFVybEVuY29kZT0iVHJ1ZSIgLz4NCiAgICAgICAgICAgIDxGb3JtUG9zdFBhcmFtZXRlciBOYW1lPSJmb3JtX2J1aWxkZXJbaXNfYWN0aXZlXSIgVmFsdWU9InRydWUiIFJlY29yZGVkVmFsdWU9IiIgQ29ycmVsYXRpb25CaW5kaW5nPSIiIFVybEVuY29kZT0iVHJ1ZSIgLz4NCiAgICAgICAgICAgIDxGb3JtUG9zdFBhcmFtZXRlciBOYW1lPSJmb3JtX2J1aWxkZXJbaGVhZGVyXSIgVmFsdWU9IiIgUmVjb3JkZWRWYWx1ZT0iIiBDb3JyZWxhdGlvbkJpbmRpbmc9IiIgVXJsRW5jb2RlPSJUcnVlIiAvPg0KICAgICAgICAgICAgPEZvcm1Qb3N0UGFyYW1ldGVyIE5hbWU9ImZvcm1fYnVpbGRlcltkZXNjcmlwdGlvbl0iIFZhbHVlPSIiIFJlY29yZGVkVmFsdWU9IiIgQ29ycmVsYXRpb25CaW5kaW5nPSIiIFVybEVuY29kZT0iVHJ1ZSIgLz4NCiAgICAgICAgICAgIDxGb3JtUG9zdFBhcmFtZXRlciBOYW1lPSJmb3JtX2J1aWxkZXJbZGlzY2xhaW1lcl0iIFZhbHVlPSIiIFJlY29yZGVkVmFsdWU9IiIgQ29ycmVsYXRpb25CaW5kaW5nPSIiIFVybEVuY29kZT0iVHJ1ZSIgLz4NCiAgICAgICAgICAgIDxGb3JtUG9zdFBhcmFtZXRlciBOYW1lPSJmb3JtX2J1aWxkZXJbc3VibWl0X3RleHRdIiBWYWx1ZT0iU3VibWl0IiBSZWNvcmRlZFZhbHVlPSIiIENvcnJlbGF0aW9uQmluZGluZz0iIiBVcmxFbmNvZGU9IlRydWUiIC8+DQogICAgICAgICAgICA8Rm9ybVBvc3RQYXJhbWV0ZXIgTmFtZT0iZm9ybV9idWlsZGVyW21vYmlsZV9idXR0b25fdGV4dF0iIFZhbHVlPSJDb250YWN0IFVzIiBSZWNvcmRlZFZhbHVlPSIiIENvcnJlbGF0aW9uQmluZGluZz0iIiBVcmxFbmNvZGU9IlRydWUiIC8+DQogICAgICAgICAgICA8Rm9ybVBvc3RQYXJhbWV0ZXIgTmFtZT0iZm9ybV9idWlsZGVyW3RoYW5rX3lvdV9tZXNzYWdlXSIgVmFsdWU9IlRoYW5rIHlvdSBmb3IgeW91ciByZXF1ZXN0LiBXZSB3aWxsIGJlIGluIGNvbnRhY3Qgd2l0aCB5b3Ugc2hvcnRseS4iIFJlY29yZGVkVmFsdWU9IiIgQ29ycmVsYXRpb25CaW5kaW5nPSIiIFVybEVuY29kZT0iVHJ1ZSIgLz4NCiAgICAgICAgICAgIDxGb3JtUG9zdFBhcmFtZXRlciBOYW1lPSJmb3JtX2J1aWxkZXJbaXNfb3B0X2luXSIgVmFsdWU9IjAiIFJlY29yZGVkVmFsdWU9IiIgQ29ycmVsYXRpb25CaW5kaW5nPSIiIFVybEVuY29kZT0iVHJ1ZSIgLz4NCiAgICAgICAgICAgIDxGb3JtUG9zdFBhcmFtZXRlciBOYW1lPSJmb3JtX2J1aWxkZXJbdXNlX3JlY2FwdGNoYV0iIFZhbHVlPSIwIiBSZWNvcmRlZFZhbHVlPSIiIENvcnJlbGF0aW9uQmluZGluZz0iIiBVcmxFbmNvZGU9IlRydWUiIC8+DQogICAgICAgICAgICA8Rm9ybVBvc3RQYXJhbWV0ZXIgTmFtZT0iZm9ybV9idWlsZGVyW29wdF9pbl9tZXNzYWdlXSIgVmFsdWU9Ikkgd2lzaCB0byByZWNlaXZlIHVwZGF0ZXMgZnJvbSBTZWxlY3QgVGllciAyIGFib3V0IGhlYWx0aCBpbmZvcm1hdGlvbiBhbmQgdXBjb21pbmcgZXZlbnRzIHRoYXQgSSBtYXkgYmUgaW50ZXJlc3RlZCBpbi4iIFJlY29yZGVkVmFsdWU9IiIgQ29ycmVsYXRpb25CaW5kaW5nPSIiIFVybEVuY29kZT0iVHJ1ZSIgLz4NCiAgICAgICAgICAgIDxGb3JtUG9zdFBhcmFtZXRlciBOYW1lPSJzZWFyY2gtYm94IiBWYWx1ZT0iIiBSZWNvcmRlZFZhbHVlPSIiIENvcnJlbGF0aW9uQmluZGluZz0iIiBVcmxFbmNvZGU9IlRydWUiIC8+DQogICAgICAgICAgICA8Rm9ybVBvc3RQYXJhbWV0ZXIgTmFtZT0icmVtb3ZlX2Zvcm1fYnVpbGRlcltmb3JtX2J1aWxkZXJfZmllbGRzX2F0dHJpYnV0ZXNdW11bZm9ybV9maWVsZF9pZF0iIFZhbHVlPSIzMTIiIFJlY29yZGVkVmFsdWU9IiIgQ29ycmVsYXRpb25CaW5kaW5nPSIiIFVybEVuY29kZT0iVHJ1ZSIgLz4NCiAgICAgICAgICAgIDxGb3JtUG9zdFBhcmFtZXRlciBOYW1lPSJyZW1vdmVfZm9ybV9idWlsZGVyW2Zvcm1fYnVpbGRlcl9maWVsZHNfYXR0cmlidXRlc11bXVtmb3JtX2ZpZWxkX2lkXSIgVmFsdWU9IjI1IiBSZWNvcmRlZFZhbHVlPSIiIENvcnJlbGF0aW9uQmluZGluZz0iIiBVcmxFbmNvZGU9IlRydWUiIC8+DQogICAgICAgICAgICA8Rm9ybVBvc3RQYXJhbWV0ZXIgTmFtZT0icmVtb3ZlX2Zvcm1fYnVpbGRlcltmb3JtX2J1aWxkZXJfZmllbGRzX2F0dHJpYnV0ZXNdW11bZm9ybV9maWVsZF9pZF0iIFZhbHVlPSIyMDkiIFJlY29yZGVkVmFsdWU9IiIgQ29ycmVsYXRpb25CaW5kaW5nPSIiIFVybEVuY29kZT0iVHJ1ZSIgLz4NCiAgICAgICAgICAgIDxGb3JtUG9zdFBhcmFtZXRlciBOYW1lPSJyZW1vdmVfZm9ybV9idWlsZGVyW2Zvcm1fYnVpbGRlcl9maWVsZHNfYXR0cmlidXRlc11bXVtmb3JtX2ZpZWxkX2lkXSIgVmFsdWU9IjI0NyIgUmVjb3JkZWRWYWx1ZT0iIiBDb3JyZWxhdGlvbkJpbmRpbmc9IiIgVXJsRW5jb2RlPSJUcnVlIiAvPg0KICAgICAgICAgICAgPEZvcm1Qb3N0UGFyYW1ldGVyIE5hbWU9InJlbW92ZV9mb3JtX2J1aWxkZXJbZm9ybV9idWlsZGVyX2ZpZWxkc19hdHRyaWJ1dGVzXVtdW2Zvcm1fZmllbGRfaWRdIiBWYWx1ZT0iMjYiIFJlY29yZGVkVmFsdWU9IiIgQ29ycmVsYXRpb25CaW5kaW5nPSIiIFVybEVuY29kZT0iVHJ1ZSIgLz4NCiAgICAgICAgICAgIDxGb3JtUG9zdFBhcmFtZXRlciBOYW1lPSJyZW1vdmVfZm9ybV9idWlsZGVyW2Zvcm1fYnVpbGRlcl9maWVsZHNfYXR0cmlidXRlc11bXVtmb3JtX2ZpZWxkX2lkXSIgVmFsdWU9IjIxMCIgUmVjb3JkZWRWYWx1ZT0iIiBDb3JyZWxhdGlvbkJpbmRpbmc9IiIgVXJsRW5jb2RlPSJUcnVlIiAvPg0KICAgICAgICAgICAgPEZvcm1Qb3N0UGFyYW1ldGVyIE5hbWU9InJlbW92ZV9mb3JtX2J1aWxkZXJbZm9ybV9idWlsZGVyX2ZpZWxkc19hdHRyaWJ1dGVzXVtdW2Zvcm1fZmllbGRfaWRdIiBWYWx1ZT0iMzQ4IiBSZWNvcmRlZFZhbHVlPSIiIENvcnJlbGF0aW9uQmluZGluZz0iIiBVcmxFbmNvZGU9IlRydWUiIC8+DQogICAgICAgICAgICA8Rm9ybVBvc3RQYXJhbWV0ZXIgTmFtZT0icmVtb3ZlX2Zvcm1fYnVpbGRlcltmb3JtX2J1aWxkZXJfZmllbGRzX2F0dHJpYnV0ZXNdW11bZm9ybV9maWVsZF9pZF0iIFZhbHVlPSIxNyIgUmVjb3JkZWRWYWx1ZT0iIiBDb3JyZWxhdGlvbkJpbmRpbmc9IiIgVXJsRW5jb2RlPSJUcnVlIiAvPg0KICAgICAgICAgICAgPEZvcm1Qb3N0UGFyYW1ldGVyIE5hbWU9InJlbW92ZV9mb3JtX2J1aWxkZXJbZm9ybV9idWlsZGVyX2ZpZWxkc19hdHRyaWJ1dGVzXVtdW2Zvcm1fZmllbGRfaWRdIiBWYWx1ZT0iMjc0IiBSZWNvcmRlZFZhbHVlPSIiIENvcnJlbGF0aW9uQmluZGluZz0iIiBVcmxFbmNvZGU9IlRydWUiIC8+DQogICAgICAgICAgICA8Rm9ybVBvc3RQYXJhbWV0ZXIgTmFtZT0icmVtb3ZlX2Zvcm1fYnVpbGRlcltmb3JtX2J1aWxkZXJfZmllbGRzX2F0dHJpYnV0ZXNdW11bZm9ybV9maWVsZF9pZF0iIFZhbHVlPSIyNzUiIFJlY29yZGVkVmFsdWU9IiIgQ29ycmVsYXRpb25CaW5kaW5nPSIiIFVybEVuY29kZT0iVHJ1ZSIgLz4NCiAgICAgICAgICAgIDxGb3JtUG9zdFBhcmFtZXRlciBOYW1lPSJyZW1vdmVfZm9ybV9idWlsZGVyW2Zvcm1fYnVpbGRlcl9maWVsZHNfYXR0cmlidXRlc11bXVtmb3JtX2ZpZWxkX2lkXSIgVmFsdWU9IjI1MyIgUmVjb3JkZWRWYWx1ZT0iIiBDb3JyZWxhdGlvbkJpbmRpbmc9IiIgVXJsRW5jb2RlPSJUcnVlIiAvPg0KICAgICAgICAgICAgPEZvcm1Qb3N0UGFyYW1ldGVyIE5hbWU9InJlbW92ZV9mb3JtX2J1aWxkZXJbZm9ybV9idWlsZGVyX2ZpZWxkc19hdHRyaWJ1dGVzXVtdW2Zvcm1fZmllbGRfaWRdIiBWYWx1ZT0iNjUiIFJlY29yZGVkVmFsdWU9IiIgQ29ycmVsYXRpb25CaW5kaW5nPSIiIFVybEVuY29kZT0iVHJ1ZSIgLz4NCiAgICAgICAgICAgIDxGb3JtUG9zdFBhcmFtZXRlciBOYW1lPSJyZW1vdmVfZm9ybV9idWlsZGVyW2Zvcm1fYnVpbGRlcl9maWVsZHNfYXR0cmlidXRlc11bXVtmb3JtX2ZpZWxkX2lkXSIgVmFsdWU9IjIxIiBSZWNvcmRlZFZhbHVlPSIiIENvcnJlbGF0aW9uQmluZGluZz0iIiBVcmxFbmNvZGU9IlRydWUiIC8+DQogICAgICAgICAgICA8Rm9ybVBvc3RQYXJhbWV0ZXIgTmFtZT0icmVtb3ZlX2Zvcm1fYnVpbGRlcltmb3JtX2J1aWxkZXJfZmllbGRzX2F0dHJpYnV0ZXNdW11bZm9ybV9maWVsZF9pZF0iIFZhbHVlPSI0OCIgUmVjb3JkZWRWYWx1ZT0iIiBDb3JyZWxhdGlvbkJpbmRpbmc9IiIgVXJsRW5jb2RlPSJUcnVlIiAvPg0KICAgICAgICAgICAgPEZvcm1Qb3N0UGFyYW1ldGVyIE5hbWU9InJlbW92ZV9mb3JtX2J1aWxkZXJbZm9ybV9idWlsZGVyX2ZpZWxkc19hdHRyaWJ1dGVzXVtdW2Zvcm1fZmllbGRfaWRdIiBWYWx1ZT0iMzciIFJlY29yZGVkVmFsdWU9IiIgQ29ycmVsYXRpb25CaW5kaW5nPSIiIFVybEVuY29kZT0iVHJ1ZSIgLz4NCiAgICAgICAgICAgIDxGb3JtUG9zdFBhcmFtZXRlciBOYW1lPSJyZW1vdmVfZm9ybV9idWlsZGVyW2Zvcm1fYnVpbGRlcl9maWVsZHNfYXR0cmlidXRlc11bXVtmb3JtX2ZpZWxkX2lkXSIgVmFsdWU9IjI1NiIgUmVjb3JkZWRWYWx1ZT0iIiBDb3JyZWxhdGlvbkJpbmRpbmc9IiIgVXJsRW5jb2RlPSJUcnVlIiAvPg0KICAgICAgICAgICAgPEZvcm1Qb3N0UGFyYW1ldGVyIE5hbWU9InJlbW92ZV9mb3JtX2J1aWxkZXJbZm9ybV9idWlsZGVyX2ZpZWxkc19hdHRyaWJ1dGVzXVtdW2Zvcm1fZmllbGRfaWRdIiBWYWx1ZT0iMjU4IiBSZWNvcmRlZFZhbHVlPSIiIENvcnJlbGF0aW9uQmluZGluZz0iIiBVcmxFbmNvZGU9IlRydWUiIC8+DQogICAgICAgICAgICA8Rm9ybVBvc3RQYXJhbWV0ZXIgTmFtZT0icmVtb3ZlX2Zvcm1fYnVpbGRlcltmb3JtX2J1aWxkZXJfZmllbGRzX2F0dHJpYnV0ZXNdW11bZm9ybV9maWVsZF9pZF0iIFZhbHVlPSIyNTciIFJlY29yZGVkVmFsdWU9IiIgQ29ycmVsYXRpb25CaW5kaW5nPSIiIFVybEVuY29kZT0iVHJ1ZSIgLz4NCiAgICAgICAgICAgIDxGb3JtUG9zdFBhcmFtZXRlciBOYW1lPSJyZW1vdmVfZm9ybV9idWlsZGVyW2Zvcm1fYnVpbGRlcl9maWVsZHNfYXR0cmlidXRlc11bXVtmb3JtX2ZpZWxkX2lkXSIgVmFsdWU9IjI0NiIgUmVjb3JkZWRWYWx1ZT0iIiBDb3JyZWxhdGlvbkJpbmRpbmc9IiIgVXJsRW5jb2RlPSJUcnVlIiAvPg0KICAgICAgICAgICAgPEZvcm1Qb3N0UGFyYW1ldGVyIE5hbWU9InJlbW92ZV9mb3JtX2J1aWxkZXJbZm9ybV9idWlsZGVyX2ZpZWxkc19hdHRyaWJ1dGVzXVtdW2Zvcm1fZmllbGRfaWRdIiBWYWx1ZT0iMTI4IiBSZWNvcmRlZFZhbHVlPSIiIENvcnJlbGF0aW9uQmluZGluZz0iIiBVcmxFbmNvZGU9IlRydWUiIC8+DQogICAgICAgICAgICA8Rm9ybVBvc3RQYXJhbWV0ZXIgTmFtZT0icmVtb3ZlX2Zvcm1fYnVpbGRlcltmb3JtX2J1aWxkZXJfZmllbGRzX2F0dHJpYnV0ZXNdW11bZm9ybV9maWVsZF9pZF0iIFZhbHVlPSIyNzkiIFJlY29yZGVkVmFsdWU9IiIgQ29ycmVsYXRpb25CaW5kaW5nPSIiIFVybEVuY29kZT0iVHJ1ZSIgLz4NCiAgICAgICAgICAgIDxGb3JtUG9zdFBhcmFtZXRlciBOYW1lPSJyZW1vdmVfZm9ybV9idWlsZGVyW2Zvcm1fYnVpbGRlcl9maWVsZHNfYXR0cmlidXRlc11bXVtmb3JtX2ZpZWxkX2lkXSIgVmFsdWU9IjIyOCIgUmVjb3JkZWRWYWx1ZT0iIiBDb3JyZWxhdGlvbkJpbmRpbmc9IiIgVXJsRW5jb2RlPSJUcnVlIiAvPg0KICAgICAgICAgICAgPEZvcm1Qb3N0UGFyYW1ldGVyIE5hbWU9InJlbW92ZV9mb3JtX2J1aWxkZXJbZm9ybV9idWlsZGVyX2ZpZWxkc19hdHRyaWJ1dGVzXVtdW2Zvcm1fZmllbGRfaWRdIiBWYWx1ZT0iOSIgUmVjb3JkZWRWYWx1ZT0iIiBDb3JyZWxhdGlvbkJpbmRpbmc9IiIgVXJsRW5jb2RlPSJUcnVlIiAvPg0KICAgICAgICAgICAgPEZvcm1Qb3N0UGFyYW1ldGVyIE5hbWU9InJlbW92ZV9mb3JtX2J1aWxkZXJbZm9ybV9idWlsZGVyX2ZpZWxkc19hdHRyaWJ1dGVzXVtdW2Zvcm1fZmllbGRfaWRdIiBWYWx1ZT0iNDEiIFJlY29yZGVkVmFsdWU9IiIgQ29ycmVsYXRpb25CaW5kaW5nPSIiIFVybEVuY29kZT0iVHJ1ZSIgLz4NCiAgICAgICAgICAgIDxGb3JtUG9zdFBhcmFtZXRlciBOYW1lPSJyZW1vdmVfZm9ybV9idWlsZGVyW2Zvcm1fYnVpbGRlcl9maWVsZHNfYXR0cmlidXRlc11bXVtmb3JtX2ZpZWxkX2lkXSIgVmFsdWU9IjQ3IiBSZWNvcmRlZFZhbHVlPSIiIENvcnJlbGF0aW9uQmluZGluZz0iIiBVcmxFbmNvZGU9IlRydWUiIC8+DQogICAgICAgICAgICA8Rm9ybVBvc3RQYXJhbWV0ZXIgTmFtZT0icmVtb3ZlX2Zvcm1fYnVpbGRlcltmb3JtX2J1aWxkZXJfZmllbGRzX2F0dHJpYnV0ZXNdW11bZm9ybV9maWVsZF9pZF0iIFZhbHVlPSIzMzYiIFJlY29yZGVkVmFsdWU9IiIgQ29ycmVsYXRpb25CaW5kaW5nPSIiIFVybEVuY29kZT0iVHJ1ZSIgLz4NCiAgICAgICAgICAgIDxGb3JtUG9zdFBhcmFtZXRlciBOYW1lPSJyZW1vdmVfZm9ybV9idWlsZGVyW2Zvcm1fYnVpbGRlcl9maWVsZHNfYXR0cmlidXRlc11bXVtmb3JtX2ZpZWxkX2lkXSIgVmFsdWU9IjQwIiBSZWNvcmRlZFZhbHVlPSIiIENvcnJlbGF0aW9uQmluZGluZz0iIiBVcmxFbmNvZGU9IlRydWUiIC8+DQogICAgICAgICAgICA8Rm9ybVBvc3RQYXJhbWV0ZXIgTmFtZT0icmVtb3ZlX2Zvcm1fYnVpbGRlcltmb3JtX2J1aWxkZXJfZmllbGRzX2F0dHJpYnV0ZXNdW11bZm9ybV9maWVsZF9pZF0iIFZhbHVlPSI4IiBSZWNvcmRlZFZhbHVlPSIiIENvcnJlbGF0aW9uQmluZGluZz0iIiBVcmxFbmNvZGU9IlRydWUiIC8+DQogICAgICAgICAgICA8Rm9ybVBvc3RQYXJhbWV0ZXIgTmFtZT0icmVtb3ZlX2Zvcm1fYnVpbGRlcltmb3JtX2J1aWxkZXJfZmllbGRzX2F0dHJpYnV0ZXNdW11bZm9ybV9maWVsZF9pZF0iIFZhbHVlPSIyNTIiIFJlY29yZGVkVmFsdWU9IiIgQ29ycmVsYXRpb25CaW5kaW5nPSIiIFVybEVuY29kZT0iVHJ1ZSIgLz4NCiAgICAgICAgICAgIDxGb3JtUG9zdFBhcmFtZXRlciBOYW1lPSJyZW1vdmVfZm9ybV9idWlsZGVyW2Zvcm1fYnVpbGRlcl9maWVsZHNfYXR0cmlidXRlc11bXVtmb3JtX2ZpZWxkX2lkXSIgVmFsdWU9IjI1NCIgUmVjb3JkZWRWYWx1ZT0iIiBDb3JyZWxhdGlvbkJpbmRpbmc9IiIgVXJsRW5jb2RlPSJUcnVlIiAvPg0KICAgICAgICAgICAgPEZvcm1Qb3N0UGFyYW1ldGVyIE5hbWU9InJlbW92ZV9mb3JtX2J1aWxkZXJbZm9ybV9idWlsZGVyX2ZpZWxkc19hdHRyaWJ1dGVzXVtdW2Zvcm1fZmllbGRfaWRdIiBWYWx1ZT0iMjUxIiBSZWNvcmRlZFZhbHVlPSIiIENvcnJlbGF0aW9uQmluZGluZz0iIiBVcmxFbmNvZGU9IlRydWUiIC8+DQogICAgICAgICAgICA8Rm9ybVBvc3RQYXJhbWV0ZXIgTmFtZT0icmVtb3ZlX2Zvcm1fYnVpbGRlcltmb3JtX2J1aWxkZXJfZmllbGRzX2F0dHJpYnV0ZXNdW11bZm9ybV9maWVsZF9pZF0iIFZhbHVlPSIyNTAiIFJlY29yZGVkVmFsdWU9IiIgQ29ycmVsYXRpb25CaW5kaW5nPSIiIFVybEVuY29kZT0iVHJ1ZSIgLz4NCiAgICAgICAgICAgIDxGb3JtUG9zdFBhcmFtZXRlciBOYW1lPSJyZW1vdmVfZm9ybV9idWlsZGVyW2Zvcm1fYnVpbGRlcl9maWVsZHNfYXR0cmlidXRlc11bXVtmb3JtX2ZpZWxkX2lkXSIgVmFsdWU9IjMxOSIgUmVjb3JkZWRWYWx1ZT0iIiBDb3JyZWxhdGlvbkJpbmRpbmc9IiIgVXJsRW5jb2RlPSJUcnVlIiAvPg0KICAgICAgICAgICAgPEZvcm1Qb3N0UGFyYW1ldGVyIE5hbWU9InJlbW92ZV9mb3JtX2J1aWxkZXJbZm9ybV9idWlsZGVyX2ZpZWxkc19hdHRyaWJ1dGVzXVtdW2Zvcm1fZmllbGRfaWRdIiBWYWx1ZT0iMjcyIiBSZWNvcmRlZFZhbHVlPSIiIENvcnJlbGF0aW9uQmluZGluZz0iIiBVcmxFbmNvZGU9IlRydWUiIC8+DQogICAgICAgICAgICA8Rm9ybVBvc3RQYXJhbWV0ZXIgTmFtZT0icmVtb3ZlX2Zvcm1fYnVpbGRlcltmb3JtX2J1aWxkZXJfZmllbGRzX2F0dHJpYnV0ZXNdW11bZm9ybV9maWVsZF9pZF0iIFZhbHVlPSIzMzEiIFJlY29yZGVkVmFsdWU9IiIgQ29ycmVsYXRpb25CaW5kaW5nPSIiIFVybEVuY29kZT0iVHJ1ZSIgLz4NCiAgICAgICAgICAgIDxGb3JtUG9zdFBhcmFtZXRlciBOYW1lPSJyZW1vdmVfZm9ybV9idWlsZGVyW2Zvcm1fYnVpbGRlcl9maWVsZHNfYXR0cmlidXRlc11bXVtmb3JtX2ZpZWxkX2lkXSIgVmFsdWU9IjMzMCIgUmVjb3JkZWRWYWx1ZT0iIiBDb3JyZWxhdGlvbkJpbmRpbmc9IiIgVXJsRW5jb2RlPSJUcnVlIiAvPg0KICAgICAgICAgICAgPEZvcm1Qb3N0UGFyYW1ldGVyIE5hbWU9InJlbW92ZV9mb3JtX2J1aWxkZXJbZm9ybV9idWlsZGVyX2ZpZWxkc19hdHRyaWJ1dGVzXVtdW2Zvcm1fZmllbGRfaWRdIiBWYWx1ZT0iMzQ1IiBSZWNvcmRlZFZhbHVlPSIiIENvcnJlbGF0aW9uQmluZGluZz0iIiBVcmxFbmNvZGU9IlRydWUiIC8+DQogICAgICAgICAgICA8Rm9ybVBvc3RQYXJhbWV0ZXIgTmFtZT0icmVtb3ZlX2Zvcm1fYnVpbGRlcltmb3JtX2J1aWxkZXJfZmllbGRzX2F0dHJpYnV0ZXNdW11bZm9ybV9maWVsZF9pZF0iIFZhbHVlPSIxNCIgUmVjb3JkZWRWYWx1ZT0iIiBDb3JyZWxhdGlvbkJpbmRpbmc9IiIgVXJsRW5jb2RlPSJUcnVlIiAvPg0KICAgICAgICAgICAgPEZvcm1Qb3N0UGFyYW1ldGVyIE5hbWU9InJlbW92ZV9mb3JtX2J1aWxkZXJbZm9ybV9idWlsZGVyX2ZpZWxkc19hdHRyaWJ1dGVzXVtdW2Zvcm1fZmllbGRfaWRdIiBWYWx1ZT0iMjE3IiBSZWNvcmRlZFZhbHVlPSIiIENvcnJlbGF0aW9uQmluZGluZz0iIiBVcmxFbmNvZGU9IlRydWUiIC8+DQogICAgICAgICAgICA8Rm9ybVBvc3RQYXJhbWV0ZXIgTmFtZT0icmVtb3ZlX2Zvcm1fYnVpbGRlcltmb3JtX2J1aWxkZXJfZmllbGRzX2F0dHJpYnV0ZXNdW11bZm9ybV9maWVsZF9pZF0iIFZhbHVlPSIyMzciIFJlY29yZGVkVmFsdWU9IiIgQ29ycmVsYXRpb25CaW5kaW5nPSIiIFVybEVuY29kZT0iVHJ1ZSIgLz4NCiAgICAgICAgICAgIDxGb3JtUG9zdFBhcmFtZXRlciBOYW1lPSJyZW1vdmVfZm9ybV9idWlsZGVyW2Zvcm1fYnVpbGRlcl9maWVsZHNfYXR0cmlidXRlc11bXVtmb3JtX2ZpZWxkX2lkXSIgVmFsdWU9IjIwIiBSZWNvcmRlZFZhbHVlPSIiIENvcnJlbGF0aW9uQmluZGluZz0iIiBVcmxFbmNvZGU9IlRydWUiIC8+DQogICAgICAgICAgICA8Rm9ybVBvc3RQYXJhbWV0ZXIgTmFtZT0icmVtb3ZlX2Zvcm1fYnVpbGRlcltmb3JtX2J1aWxkZXJfZmllbGRzX2F0dHJpYnV0ZXNdW11bZm9ybV9maWVsZF9pZF0iIFZhbHVlPSIzNDMiIFJlY29yZGVkVmFsdWU9IiIgQ29ycmVsYXRpb25CaW5kaW5nPSIiIFVybEVuY29kZT0iVHJ1ZSIgLz4NCiAgICAgICAgICAgIDxGb3JtUG9zdFBhcmFtZXRlciBOYW1lPSJyZW1vdmVfZm9ybV9idWlsZGVyW2Zvcm1fYnVpbGRlcl9maWVsZHNfYXR0cmlidXRlc11bXVtmb3JtX2ZpZWxkX2lkXSIgVmFsdWU9IjIxOSIgUmVjb3JkZWRWYWx1ZT0iIiBDb3JyZWxhdGlvbkJpbmRpbmc9IiIgVXJsRW5jb2RlPSJUcnVlIiAvPg0KICAgICAgICAgICAgPEZvcm1Qb3N0UGFyYW1ldGVyIE5hbWU9InJlbW92ZV9mb3JtX2J1aWxkZXJbZm9ybV9idWlsZGVyX2ZpZWxkc19hdHRyaWJ1dGVzXVtdW2Zvcm1fZmllbGRfaWRdIiBWYWx1ZT0iMjQ5IiBSZWNvcmRlZFZhbHVlPSIiIENvcnJlbGF0aW9uQmluZGluZz0iIiBVcmxFbmNvZGU9IlRydWUiIC8+DQogICAgICAgICAgICA8Rm9ybVBvc3RQYXJhbWV0ZXIgTmFtZT0icmVtb3ZlX2Zvcm1fYnVpbGRlcltmb3JtX2J1aWxkZXJfZmllbGRzX2F0dHJpYnV0ZXNdW11bZm9ybV9maWVsZF9pZF0iIFZhbHVlPSIzOSIgUmVjb3JkZWRWYWx1ZT0iIiBDb3JyZWxhdGlvbkJpbmRpbmc9IiIgVXJsRW5jb2RlPSJUcnVlIiAvPg0KICAgICAgICAgICAgPEZvcm1Qb3N0UGFyYW1ldGVyIE5hbWU9InJlbW92ZV9mb3JtX2J1aWxkZXJbZm9ybV9idWlsZGVyX2ZpZWxkc19hdHRyaWJ1dGVzXVtdW2Zvcm1fZmllbGRfaWRdIiBWYWx1ZT0iNTgiIFJlY29yZGVkVmFsdWU9IiIgQ29ycmVsYXRpb25CaW5kaW5nPSIiIFVybEVuY29kZT0iVHJ1ZSIgLz4NCiAgICAgICAgICAgIDxGb3JtUG9zdFBhcmFtZXRlciBOYW1lPSJyZW1vdmVfZm9ybV9idWlsZGVyW2Zvcm1fYnVpbGRlcl9maWVsZHNfYXR0cmlidXRlc11bXVtmb3JtX2ZpZWxkX2lkXSIgVmFsdWU9IjM0MiIgUmVjb3JkZWRWYWx1ZT0iIiBDb3JyZWxhdGlvbkJpbmRpbmc9IiIgVXJsRW5jb2RlPSJUcnVlIiAvPg0KICAgICAgICAgICAgPEZvcm1Qb3N0UGFyYW1ldGVyIE5hbWU9InJlbW92ZV9mb3JtX2J1aWxkZXJbZm9ybV9idWlsZGVyX2ZpZWxkc19hdHRyaWJ1dGVzXVtdW2Zvcm1fZmllbGRfaWRdIiBWYWx1ZT0iMTA2IiBSZWNvcmRlZFZhbHVlPSIiIENvcnJlbGF0aW9uQmluZGluZz0iIiBVcmxFbmNvZGU9IlRydWUiIC8+DQogICAgICAgICAgICA8Rm9ybVBvc3RQYXJhbWV0ZXIgTmFtZT0icmVtb3ZlX2Zvcm1fYnVpbGRlcltmb3JtX2J1aWxkZXJfZmllbGRzX2F0dHJpYnV0ZXNdW11bZm9ybV9maWVsZF9pZF0iIFZhbHVlPSIyMDMiIFJlY29yZGVkVmFsdWU9IiIgQ29ycmVsYXRpb25CaW5kaW5nPSIiIFVybEVuY29kZT0iVHJ1ZSIgLz4NCiAgICAgICAgICAgIDxGb3JtUG9zdFBhcmFtZXRlciBOYW1lPSJyZW1vdmVfZm9ybV9idWlsZGVyW2Zvcm1fYnVpbGRlcl9maWVsZHNfYXR0cmlidXRlc11bXVtmb3JtX2ZpZWxkX2lkXSIgVmFsdWU9IjE5IiBSZWNvcmRlZFZhbHVlPSIiIENvcnJlbGF0aW9uQmluZGluZz0iIiBVcmxFbmNvZGU9IlRydWUiIC8+DQogICAgICAgICAgICA8Rm9ybVBvc3RQYXJhbWV0ZXIgTmFtZT0icmVtb3ZlX2Zvcm1fYnVpbGRlcltmb3JtX2J1aWxkZXJfZmllbGRzX2F0dHJpYnV0ZXNdW11bZm9ybV9maWVsZF9pZF0iIFZhbHVlPSIzNDciIFJlY29yZGVkVmFsdWU9IiIgQ29ycmVsYXRpb25CaW5kaW5nPSIiIFVybEVuY29kZT0iVHJ1ZSIgLz4NCiAgICAgICAgICAgIDxGb3JtUG9zdFBhcmFtZXRlciBOYW1lPSJyZW1vdmVfZm9ybV9idWlsZGVyW2Zvcm1fYnVpbGRlcl9maWVsZHNfYXR0cmlidXRlc11bXVtmb3JtX2ZpZWxkX2lkXSIgVmFsdWU9IjMyMiIgUmVjb3JkZWRWYWx1ZT0iIiBDb3JyZWxhdGlvbkJpbmRpbmc9IiIgVXJsRW5jb2RlPSJUcnVlIiAvPg0KICAgICAgICAgICAgPEZvcm1Qb3N0UGFyYW1ldGVyIE5hbWU9InJlbW92ZV9mb3JtX2J1aWxkZXJbZm9ybV9idWlsZGVyX2ZpZWxkc19hdHRyaWJ1dGVzXVtdW2Zvcm1fZmllbGRfaWRdIiBWYWx1ZT0iNTEiIFJlY29yZGVkVmFsdWU9IiIgQ29ycmVsYXRpb25CaW5kaW5nPSIiIFVybEVuY29kZT0iVHJ1ZSIgLz4NCiAgICAgICAgICAgIDxGb3JtUG9zdFBhcmFtZXRlciBOYW1lPSJyZW1vdmVfZm9ybV9idWlsZGVyW2Zvcm1fYnVpbGRlcl9maWVsZHNfYXR0cmlidXRlc11bXVtmb3JtX2ZpZWxkX2lkXSIgVmFsdWU9IjQ5IiBSZWNvcmRlZFZhbHVlPSIiIENvcnJlbGF0aW9uQmluZGluZz0iIiBVcmxFbmNvZGU9IlRydWUiIC8+DQogICAgICAgICAgICA8Rm9ybVBvc3RQYXJhbWV0ZXIgTmFtZT0icmVtb3ZlX2Zvcm1fYnVpbGRlcltmb3JtX2J1aWxkZXJfZmllbGRzX2F0dHJpYnV0ZXNdW11bZm9ybV9maWVsZF9pZF0iIFZhbHVlPSI1MCIgUmVjb3JkZWRWYWx1ZT0iIiBDb3JyZWxhdGlvbkJpbmRpbmc9IiIgVXJsRW5jb2RlPSJUcnVlIiAvPg0KICAgICAgICAgICAgPEZvcm1Qb3N0UGFyYW1ldGVyIE5hbWU9InJlbW92ZV9mb3JtX2J1aWxkZXJbZm9ybV9idWlsZGVyX2ZpZWxkc19hdHRyaWJ1dGVzXVtdW2Zvcm1fZmllbGRfaWRdIiBWYWx1ZT0iNTIiIFJlY29yZGVkVmFsdWU9IiIgQ29ycmVsYXRpb25CaW5kaW5nPSIiIFVybEVuY29kZT0iVHJ1ZSIgLz4NCiAgICAgICAgICAgIDxGb3JtUG9zdFBhcmFtZXRlciBOYW1lPSJyZW1vdmVfZm9ybV9idWlsZGVyW2Zvcm1fYnVpbGRlcl9maWVsZHNfYXR0cmlidXRlc11bXVtmb3JtX2ZpZWxkX2lkXSIgVmFsdWU9IjEzNCIgUmVjb3JkZWRWYWx1ZT0iIiBDb3JyZWxhdGlvbkJpbmRpbmc9IiIgVXJsRW5jb2RlPSJUcnVlIiAvPg0KICAgICAgICAgICAgPEZvcm1Qb3N0UGFyYW1ldGVyIE5hbWU9InJlbW92ZV9mb3JtX2J1aWxkZXJbZm9ybV9idWlsZGVyX2ZpZWxkc19hdHRyaWJ1dGVzXVtdW2Zvcm1fZmllbGRfaWRdIiBWYWx1ZT0iMTgzIiBSZWNvcmRlZFZhbHVlPSIiIENvcnJlbGF0aW9uQmluZGluZz0iIiBVcmxFbmNvZGU9IlRydWUiIC8+DQogICAgICAgICAgICA8Rm9ybVBvc3RQYXJhbWV0ZXIgTmFtZT0icmVtb3ZlX2Zvcm1fYnVpbGRlcltmb3JtX2J1aWxkZXJfZmllbGRzX2F0dHJpYnV0ZXNdW11bZm9ybV9maWVsZF9pZF0iIFZhbHVlPSI0MiIgUmVjb3JkZWRWYWx1ZT0iIiBDb3JyZWxhdGlvbkJpbmRpbmc9IiIgVXJsRW5jb2RlPSJUcnVlIiAvPg0KICAgICAgICAgICAgPEZvcm1Qb3N0UGFyYW1ldGVyIE5hbWU9InJlbW92ZV9mb3JtX2J1aWxkZXJbZm9ybV9idWlsZGVyX2ZpZWxkc19hdHRyaWJ1dGVzXVtdW2Zvcm1fZmllbGRfaWRdIiBWYWx1ZT0iMTQ1IiBSZWNvcmRlZFZhbHVlPSIiIENvcnJlbGF0aW9uQmluZGluZz0iIiBVcmxFbmNvZGU9IlRydWUiIC8+DQogICAgICAgICAgICA8Rm9ybVBvc3RQYXJhbWV0ZXIgTmFtZT0icmVtb3ZlX2Zvcm1fYnVpbGRlcltmb3JtX2J1aWxkZXJfZmllbGRzX2F0dHJpYnV0ZXNdW11bZm9ybV9maWVsZF9pZF0iIFZhbHVlPSIxODIiIFJlY29yZGVkVmFsdWU9IiIgQ29ycmVsYXRpb25CaW5kaW5nPSIiIFVybEVuY29kZT0iVHJ1ZSIgLz4NCiAgICAgICAgICAgIDxGb3JtUG9zdFBhcmFtZXRlciBOYW1lPSJyZW1vdmVfZm9ybV9idWlsZGVyW2Zvcm1fYnVpbGRlcl9maWVsZHNfYXR0cmlidXRlc11bXVtmb3JtX2ZpZWxkX2lkXSIgVmFsdWU9IjE5MyIgUmVjb3JkZWRWYWx1ZT0iIiBDb3JyZWxhdGlvbkJpbmRpbmc9IiIgVXJsRW5jb2RlPSJUcnVlIiAvPg0KICAgICAgICAgICAgPEZvcm1Qb3N0UGFyYW1ldGVyIE5hbWU9InJlbW92ZV9mb3JtX2J1aWxkZXJbZm9ybV9idWlsZGVyX2ZpZWxkc19hdHRyaWJ1dGVzXVtdW2Zvcm1fZmllbGRfaWRdIiBWYWx1ZT0iOTciIFJlY29yZGVkVmFsdWU9IiIgQ29ycmVsYXRpb25CaW5kaW5nPSIiIFVybEVuY29kZT0iVHJ1ZSIgLz4NCiAgICAgICAgICAgIDxGb3JtUG9zdFBhcmFtZXRlciBOYW1lPSJyZW1vdmVfZm9ybV9idWlsZGVyW2Zvcm1fYnVpbGRlcl9maWVsZHNfYXR0cmlidXRlc11bXVtmb3JtX2ZpZWxkX2lkXSIgVmFsdWU9IjE3NCIgUmVjb3JkZWRWYWx1ZT0iIiBDb3JyZWxhdGlvbkJpbmRpbmc9IiIgVXJsRW5jb2RlPSJUcnVlIiAvPg0KICAgICAgICAgICAgPEZvcm1Qb3N0UGFyYW1ldGVyIE5hbWU9InJlbW92ZV9mb3JtX2J1aWxkZXJbZm9ybV9idWlsZGVyX2ZpZWxkc19hdHRyaWJ1dGVzXVtdW2Zvcm1fZmllbGRfaWRdIiBWYWx1ZT0iOTAiIFJlY29yZGVkVmFsdWU9IiIgQ29ycmVsYXRpb25CaW5kaW5nPSIiIFVybEVuY29kZT0iVHJ1ZSIgLz4NCiAgICAgICAgICAgIDxGb3JtUG9zdFBhcmFtZXRlciBOYW1lPSJyZW1vdmVfZm9ybV9idWlsZGVyW2Zvcm1fYnVpbGRlcl9maWVsZHNfYXR0cmlidXRlc11bXVtmb3JtX2ZpZWxkX2lkXSIgVmFsdWU9IjgyIiBSZWNvcmRlZFZhbHVlPSIiIENvcnJlbGF0aW9uQmluZGluZz0iIiBVcmxFbmNvZGU9IlRydWUiIC8+DQogICAgICAgICAgICA8Rm9ybVBvc3RQYXJhbWV0ZXIgTmFtZT0icmVtb3ZlX2Zvcm1fYnVpbGRlcltmb3JtX2J1aWxkZXJfZmllbGRzX2F0dHJpYnV0ZXNdW11bZm9ybV9maWVsZF9pZF0iIFZhbHVlPSIxMDAiIFJlY29yZGVkVmFsdWU9IiIgQ29ycmVsYXRpb25CaW5kaW5nPSIiIFVybEVuY29kZT0iVHJ1ZSIgLz4NCiAgICAgICAgICAgIDxGb3JtUG9zdFBhcmFtZXRlciBOYW1lPSJyZW1vdmVfZm9ybV9idWlsZGVyW2Zvcm1fYnVpbGRlcl9maWVsZHNfYXR0cmlidXRlc11bXVtmb3JtX2ZpZWxkX2lkXSIgVmFsdWU9IjIwMSIgUmVjb3JkZWRWYWx1ZT0iIiBDb3JyZWxhdGlvbkJpbmRpbmc9IiIgVXJsRW5jb2RlPSJUcnVlIiAvPg0KICAgICAgICAgICAgPEZvcm1Qb3N0UGFyYW1ldGVyIE5hbWU9InJlbW92ZV9mb3JtX2J1aWxkZXJbZm9ybV9idWlsZGVyX2ZpZWxkc19hdHRyaWJ1dGVzXVtdW2Zvcm1fZmllbGRfaWRdIiBWYWx1ZT0iMjMwIiBSZWNvcmRlZFZhbHVlPSIiIENvcnJlbGF0aW9uQmluZGluZz0iIiBVcmxFbmNvZGU9IlRydWUiIC8+DQogICAgICAgICAgICA8Rm9ybVBvc3RQYXJhbWV0ZXIgTmFtZT0icmVtb3ZlX2Zvcm1fYnVpbGRlcltmb3JtX2J1aWxkZXJfZmllbGRzX2F0dHJpYnV0ZXNdW11bZm9ybV9maWVsZF9pZF0iIFZhbHVlPSIxNTEiIFJlY29yZGVkVmFsdWU9IiIgQ29ycmVsYXRpb25CaW5kaW5nPSIiIFVybEVuY29kZT0iVHJ1ZSIgLz4NCiAgICAgICAgICAgIDxGb3JtUG9zdFBhcmFtZXRlciBOYW1lPSJyZW1vdmVfZm9ybV9idWlsZGVyW2Zvcm1fYnVpbGRlcl9maWVsZHNfYXR0cmlidXRlc11bXVtmb3JtX2ZpZWxkX2lkXSIgVmFsdWU9IjE2OCIgUmVjb3JkZWRWYWx1ZT0iIiBDb3JyZWxhdGlvbkJpbmRpbmc9IiIgVXJsRW5jb2RlPSJUcnVlIiAvPg0KICAgICAgICAgICAgPEZvcm1Qb3N0UGFyYW1ldGVyIE5hbWU9InJlbW92ZV9mb3JtX2J1aWxkZXJbZm9ybV9idWlsZGVyX2ZpZWxkc19hdHRyaWJ1dGVzXVtdW2Zvcm1fZmllbGRfaWRdIiBWYWx1ZT0iMTQzIiBSZWNvcmRlZFZhbHVlPSIiIENvcnJlbGF0aW9uQmluZGluZz0iIiBVcmxFbmNvZGU9IlRydWUiIC8+DQogICAgICAgICAgICA8Rm9ybVBvc3RQYXJhbWV0ZXIgTmFtZT0icmVtb3ZlX2Zvcm1fYnVpbGRlcltmb3JtX2J1aWxkZXJfZmllbGRzX2F0dHJpYnV0ZXNdW11bZm9ybV9maWVsZF9pZF0iIFZhbHVlPSIyOTAiIFJlY29yZGVkVmFsdWU9IiIgQ29ycmVsYXRpb25CaW5kaW5nPSIiIFVybEVuY29kZT0iVHJ1ZSIgLz4NCiAgICAgICAgICAgIDxGb3JtUG9zdFBhcmFtZXRlciBOYW1lPSJyZW1vdmVfZm9ybV9idWlsZGVyW2Zvcm1fYnVpbGRlcl9maWVsZHNfYXR0cmlidXRlc11bXVtmb3JtX2ZpZWxkX2lkXSIgVmFsdWU9IjI4OSIgUmVjb3JkZWRWYWx1ZT0iIiBDb3JyZWxhdGlvbkJpbmRpbmc9IiIgVXJsRW5jb2RlPSJUcnVlIiAvPg0KICAgICAgICAgICAgPEZvcm1Qb3N0UGFyYW1ldGVyIE5hbWU9InJlbW92ZV9mb3JtX2J1aWxkZXJbZm9ybV9idWlsZGVyX2ZpZWxkc19hdHRyaWJ1dGVzXVtdW2Zvcm1fZmllbGRfaWRdIiBWYWx1ZT0iMTk0IiBSZWNvcmRlZFZhbHVlPSIiIENvcnJlbGF0aW9uQmluZGluZz0iIiBVcmxFbmNvZGU9IlRydWUiIC8+DQogICAgICAgICAgICA8Rm9ybVBvc3RQYXJhbWV0ZXIgTmFtZT0icmVtb3ZlX2Zvcm1fYnVpbGRlcltmb3JtX2J1aWxkZXJfZmllbGRzX2F0dHJpYnV0ZXNdW11bZm9ybV9maWVsZF9pZF0iIFZhbHVlPSIyNjEiIFJlY29yZGVkVmFsdWU9IiIgQ29ycmVsYXRpb25CaW5kaW5nPSIiIFVybEVuY29kZT0iVHJ1ZSIgLz4NCiAgICAgICAgICAgIDxGb3JtUG9zdFBhcmFtZXRlciBOYW1lPSJyZW1vdmVfZm9ybV9idWlsZGVyW2Zvcm1fYnVpbGRlcl9maWVsZHNfYXR0cmlidXRlc11bXVtmb3JtX2ZpZWxkX2lkXSIgVmFsdWU9IjI2MyIgUmVjb3JkZWRWYWx1ZT0iIiBDb3JyZWxhdGlvbkJpbmRpbmc9IiIgVXJsRW5jb2RlPSJUcnVlIiAvPg0KICAgICAgICAgICAgPEZvcm1Qb3N0UGFyYW1ldGVyIE5hbWU9InJlbW92ZV9mb3JtX2J1aWxkZXJbZm9ybV9idWlsZGVyX2ZpZWxkc19hdHRyaWJ1dGVzXVtdW2Zvcm1fZmllbGRfaWRdIiBWYWx1ZT0iMjY2IiBSZWNvcmRlZFZhbHVlPSIiIENvcnJlbGF0aW9uQmluZGluZz0iIiBVcmxFbmNvZGU9IlRydWUiIC8+DQogICAgICAgICAgICA8Rm9ybVBvc3RQYXJhbWV0ZXIgTmFtZT0icmVtb3ZlX2Zvcm1fYnVpbGRlcltmb3JtX2J1aWxkZXJfZmllbGRzX2F0dHJpYnV0ZXNdW11bZm9ybV9maWVsZF9pZF0iIFZhbHVlPSIxNDkiIFJlY29yZGVkVmFsdWU9IiIgQ29ycmVsYXRpb25CaW5kaW5nPSIiIFVybEVuY29kZT0iVHJ1ZSIgLz4NCiAgICAgICAgICAgIDxGb3JtUG9zdFBhcmFtZXRlciBOYW1lPSJyZW1vdmVfZm9ybV9idWlsZGVyW2Zvcm1fYnVpbGRlcl9maWVsZHNfYXR0cmlidXRlc11bXVtmb3JtX2ZpZWxkX2lkXSIgVmFsdWU9IjEzNiIgUmVjb3JkZWRWYWx1ZT0iIiBDb3JyZWxhdGlvbkJpbmRpbmc9IiIgVXJsRW5jb2RlPSJUcnVlIiAvPg0KICAgICAgICAgICAgPEZvcm1Qb3N0UGFyYW1ldGVyIE5hbWU9InJlbW92ZV9mb3JtX2J1aWxkZXJbZm9ybV9idWlsZGVyX2ZpZWxkc19hdHRyaWJ1dGVzXVtdW2Zvcm1fZmllbGRfaWRdIiBWYWx1ZT0iMTY2IiBSZWNvcmRlZFZhbHVlPSIiIENvcnJlbGF0aW9uQmluZGluZz0iIiBVcmxFbmNvZGU9IlRydWUiIC8+DQogICAgICAgICAgICA8Rm9ybVBvc3RQYXJhbWV0ZXIgTmFtZT0icmVtb3ZlX2Zvcm1fYnVpbGRlcltmb3JtX2J1aWxkZXJfZmllbGRzX2F0dHJpYnV0ZXNdW11bZm9ybV9maWVsZF9pZF0iIFZhbHVlPSIxODEiIFJlY29yZGVkVmFsdWU9IiIgQ29ycmVsYXRpb25CaW5kaW5nPSIiIFVybEVuY29kZT0iVHJ1ZSIgLz4NCiAgICAgICAgICAgIDxGb3JtUG9zdFBhcmFtZXRlciBOYW1lPSJyZW1vdmVfZm9ybV9idWlsZGVyW2Zvcm1fYnVpbGRlcl9maWVsZHNfYXR0cmlidXRlc11bXVtmb3JtX2ZpZWxkX2lkXSIgVmFsdWU9IjU2IiBSZWNvcmRlZFZhbHVlPSIiIENvcnJlbGF0aW9uQmluZGluZz0iIiBVcmxFbmNvZGU9IlRydWUiIC8+DQogICAgICAgICAgICA8Rm9ybVBvc3RQYXJhbWV0ZXIgTmFtZT0icmVtb3ZlX2Zvcm1fYnVpbGRlcltmb3JtX2J1aWxkZXJfZmllbGRzX2F0dHJpYnV0ZXNdW11bZm9ybV9maWVsZF9pZF0iIFZhbHVlPSI2NiIgUmVjb3JkZWRWYWx1ZT0iIiBDb3JyZWxhdGlvbkJpbmRpbmc9IiIgVXJsRW5jb2RlPSJUcnVlIiAvPg0KICAgICAgICAgICAgPEZvcm1Qb3N0UGFyYW1ldGVyIE5hbWU9InJlbW92ZV9mb3JtX2J1aWxkZXJbZm9ybV9idWlsZGVyX2ZpZWxkc19hdHRyaWJ1dGVzXVtdW2Zvcm1fZmllbGRfaWRdIiBWYWx1ZT0iNzIiIFJlY29yZGVkVmFsdWU9IiIgQ29ycmVsYXRpb25CaW5kaW5nPSIiIFVybEVuY29kZT0iVHJ1ZSIgLz4NCiAgICAgICAgICAgIDxGb3JtUG9zdFBhcmFtZXRlciBOYW1lPSJyZW1vdmVfZm9ybV9idWlsZGVyW2Zvcm1fYnVpbGRlcl9maWVsZHNfYXR0cmlidXRlc11bXVtmb3JtX2ZpZWxkX2lkXSIgVmFsdWU9Ijg4IiBSZWNvcmRlZFZhbHVlPSIiIENvcnJlbGF0aW9uQmluZGluZz0iIiBVcmxFbmNvZGU9IlRydWUiIC8+DQogICAgICAgICAgICA8Rm9ybVBvc3RQYXJhbWV0ZXIgTmFtZT0icmVtb3ZlX2Zvcm1fYnVpbGRlcltmb3JtX2J1aWxkZXJfZmllbGRzX2F0dHJpYnV0ZXNdW11bZm9ybV9maWVsZF9pZF0iIFZhbHVlPSIxMTUiIFJlY29yZGVkVmFsdWU9IiIgQ29ycmVsYXRpb25CaW5kaW5nPSIiIFVybEVuY29kZT0iVHJ1ZSIgLz4NCiAgICAgICAgICAgIDxGb3JtUG9zdFBhcmFtZXRlciBOYW1lPSJyZW1vdmVfZm9ybV9idWlsZGVyW2Zvcm1fYnVpbGRlcl9maWVsZHNfYXR0cmlidXRlc11bXVtmb3JtX2ZpZWxkX2lkXSIgVmFsdWU9IjUiIFJlY29yZGVkVmFsdWU9IiIgQ29ycmVsYXRpb25CaW5kaW5nPSIiIFVybEVuY29kZT0iVHJ1ZSIgLz4NCiAgICAgICAgICAgIDxGb3JtUG9zdFBhcmFtZXRlciBOYW1lPSJyZW1vdmVfZm9ybV9idWlsZGVyW2Zvcm1fYnVpbGRlcl9maWVsZHNfYXR0cmlidXRlc11bXVtmb3JtX2ZpZWxkX2lkXSIgVmFsdWU9IjQ1IiBSZWNvcmRlZFZhbHVlPSIiIENvcnJlbGF0aW9uQmluZGluZz0iIiBVcmxFbmNvZGU9IlRydWUiIC8+DQogICAgICAgICAgICA8Rm9ybVBvc3RQYXJhbWV0ZXIgTmFtZT0icmVtb3ZlX2Zvcm1fYnVpbGRlcltmb3JtX2J1aWxkZXJfZmllbGRzX2F0dHJpYnV0ZXNdW11bZm9ybV9maWVsZF9pZF0iIFZhbHVlPSIxOCIgUmVjb3JkZWRWYWx1ZT0iIiBDb3JyZWxhdGlvbkJpbmRpbmc9IiIgVXJsRW5jb2RlPSJUcnVlIiAvPg0KICAgICAgICAgICAgPEZvcm1Qb3N0UGFyYW1ldGVyIE5hbWU9InJlbW92ZV9mb3JtX2J1aWxkZXJbZm9ybV9idWlsZGVyX2ZpZWxkc19hdHRyaWJ1dGVzXVtdW2Zvcm1fZmllbGRfaWRdIiBWYWx1ZT0iMTg1IiBSZWNvcmRlZFZhbHVlPSIiIENvcnJlbGF0aW9uQmluZGluZz0iIiBVcmxFbmNvZGU9IlRydWUiIC8+DQogICAgICAgICAgICA8Rm9ybVBvc3RQYXJhbWV0ZXIgTmFtZT0icmVtb3ZlX2Zvcm1fYnVpbGRlcltmb3JtX2J1aWxkZXJfZmllbGRzX2F0dHJpYnV0ZXNdW11bZm9ybV9maWVsZF9pZF0iIFZhbHVlPSIxODQiIFJlY29yZGVkVmFsdWU9IiIgQ29ycmVsYXRpb25CaW5kaW5nPSIiIFVybEVuY29kZT0iVHJ1ZSIgLz4NCiAgICAgICAgICAgIDxGb3JtUG9zdFBhcmFtZXRlciBOYW1lPSJyZW1vdmVfZm9ybV9idWlsZGVyW2Zvcm1fYnVpbGRlcl9maWVsZHNfYXR0cmlidXRlc11bXVtmb3JtX2ZpZWxkX2lkXSIgVmFsdWU9IjE4NiIgUmVjb3JkZWRWYWx1ZT0iIiBDb3JyZWxhdGlvbkJpbmRpbmc9IiIgVXJsRW5jb2RlPSJUcnVlIiAvPg0KICAgICAgICAgICAgPEZvcm1Qb3N0UGFyYW1ldGVyIE5hbWU9InJlbW92ZV9mb3JtX2J1aWxkZXJbZm9ybV9idWlsZGVyX2ZpZWxkc19hdHRyaWJ1dGVzXVtdW2Zvcm1fZmllbGRfaWRdIiBWYWx1ZT0iMTg3IiBSZWNvcmRlZFZhbHVlPSIiIENvcnJlbGF0aW9uQmluZGluZz0iIiBVcmxFbmNvZGU9IlRydWUiIC8+DQogICAgICAgICAgICA8Rm9ybVBvc3RQYXJhbWV0ZXIgTmFtZT0icmVtb3ZlX2Zvcm1fYnVpbGRlcltmb3JtX2J1aWxkZXJfZmllbGRzX2F0dHJpYnV0ZXNdW11bZm9ybV9maWVsZF9pZF0iIFZhbHVlPSIxOTUiIFJlY29yZGVkVmFsdWU9IiIgQ29ycmVsYXRpb25CaW5kaW5nPSIiIFVybEVuY29kZT0iVHJ1ZSIgLz4NCiAgICAgICAgICAgIDxGb3JtUG9zdFBhcmFtZXRlciBOYW1lPSJyZW1vdmVfZm9ybV9idWlsZGVyW2Zvcm1fYnVpbGRlcl9maWVsZHNfYXR0cmlidXRlc11bXVtmb3JtX2ZpZWxkX2lkXSIgVmFsdWU9IjEzMSIgUmVjb3JkZWRWYWx1ZT0iIiBDb3JyZWxhdGlvbkJpbmRpbmc9IiIgVXJsRW5jb2RlPSJUcnVlIiAvPg0KICAgICAgICAgICAgPEZvcm1Qb3N0UGFyYW1ldGVyIE5hbWU9InJlbW92ZV9mb3JtX2J1aWxkZXJbZm9ybV9idWlsZGVyX2ZpZWxkc19hdHRyaWJ1dGVzXVtdW2Zvcm1fZmllbGRfaWRdIiBWYWx1ZT0iMTMyIiBSZWNvcmRlZFZhbHVlPSIiIENvcnJlbGF0aW9uQmluZGluZz0iIiBVcmxFbmNvZGU9IlRydWUiIC8+DQogICAgICAgICAgICA8Rm9ybVBvc3RQYXJhbWV0ZXIgTmFtZT0icmVtb3ZlX2Zvcm1fYnVpbGRlcltmb3JtX2J1aWxkZXJfZmllbGRzX2F0dHJpYnV0ZXNdW11bZm9ybV9maWVsZF9pZF0iIFZhbHVlPSIxMzAiIFJlY29yZGVkVmFsdWU9IiIgQ29ycmVsYXRpb25CaW5kaW5nPSIiIFVybEVuY29kZT0iVHJ1ZSIgLz4NCiAgICAgICAgICAgIDxGb3JtUG9zdFBhcmFtZXRlciBOYW1lPSJyZW1vdmVfZm9ybV9idWlsZGVyW2Zvcm1fYnVpbGRlcl9maWVsZHNfYXR0cmlidXRlc11bXVtmb3JtX2ZpZWxkX2lkXSIgVmFsdWU9IjEzMyIgUmVjb3JkZWRWYWx1ZT0iIiBDb3JyZWxhdGlvbkJpbmRpbmc9IiIgVXJsRW5jb2RlPSJUcnVlIiAvPg0KICAgICAgICAgICAgPEZvcm1Qb3N0UGFyYW1ldGVyIE5hbWU9InJlbW92ZV9mb3JtX2J1aWxkZXJbZm9ybV9idWlsZGVyX2ZpZWxkc19hdHRyaWJ1dGVzXVtdW2Zvcm1fZmllbGRfaWRdIiBWYWx1ZT0iMzQ0IiBSZWNvcmRlZFZhbHVlPSIiIENvcnJlbGF0aW9uQmluZGluZz0iIiBVcmxFbmNvZGU9IlRydWUiIC8+DQogICAgICAgICAgICA8Rm9ybVBvc3RQYXJhbWV0ZXIgTmFtZT0icmVtb3ZlX2Zvcm1fYnVpbGRlcltmb3JtX2J1aWxkZXJfZmllbGRzX2F0dHJpYnV0ZXNdW11bZm9ybV9maWVsZF9pZF0iIFZhbHVlPSIzNTAiIFJlY29yZGVkVmFsdWU9IiIgQ29ycmVsYXRpb25CaW5kaW5nPSIiIFVybEVuY29kZT0iVHJ1ZSIgLz4NCiAgICAgICAgICAgIDxGb3JtUG9zdFBhcmFtZXRlciBOYW1lPSJyZW1vdmVfZm9ybV9idWlsZGVyW2Zvcm1fYnVpbGRlcl9maWVsZHNfYXR0cmlidXRlc11bXVtmb3JtX2ZpZWxkX2lkXSIgVmFsdWU9IjM2MyIgUmVjb3JkZWRWYWx1ZT0iIiBDb3JyZWxhdGlvbkJpbmRpbmc9IiIgVXJsRW5jb2RlPSJUcnVlIiAvPg0KICAgICAgICAgICAgPEZvcm1Qb3N0UGFyYW1ldGVyIE5hbWU9InJlbW92ZV9mb3JtX2J1aWxkZXJbZm9ybV9idWlsZGVyX2ZpZWxkc19hdHRyaWJ1dGVzXVtdW2Zvcm1fZmllbGRfaWRdIiBWYWx1ZT0iMzYyIiBSZWNvcmRlZFZhbHVlPSIiIENvcnJlbGF0aW9uQmluZGluZz0iIiBVcmxFbmNvZGU9IlRydWUiIC8+DQogICAgICAgICAgICA8Rm9ybVBvc3RQYXJhbWV0ZXIgTmFtZT0icmVtb3ZlX2Zvcm1fYnVpbGRlcltmb3JtX2J1aWxkZXJfZmllbGRzX2F0dHJpYnV0ZXNdW11bZm9ybV9maWVsZF9pZF0iIFZhbHVlPSIzMjYiIFJlY29yZGVkVmFsdWU9IiIgQ29ycmVsYXRpb25CaW5kaW5nPSIiIFVybEVuY29kZT0iVHJ1ZSIgLz4NCiAgICAgICAgICAgIDxGb3JtUG9zdFBhcmFtZXRlciBOYW1lPSJyZW1vdmVfZm9ybV9idWlsZGVyW2Zvcm1fYnVpbGRlcl9maWVsZHNfYXR0cmlidXRlc11bXVtmb3JtX2ZpZWxkX2lkXSIgVmFsdWU9IjI0OCIgUmVjb3JkZWRWYWx1ZT0iIiBDb3JyZWxhdGlvbkJpbmRpbmc9IiIgVXJsRW5jb2RlPSJUcnVlIiAvPg0KICAgICAgICAgICAgPEZvcm1Qb3N0UGFyYW1ldGVyIE5hbWU9InJlbW92ZV9mb3JtX2J1aWxkZXJbZm9ybV9idWlsZGVyX2ZpZWxkc19hdHRyaWJ1dGVzXVtdW2Zvcm1fZmllbGRfaWRdIiBWYWx1ZT0iMjA3IiBSZWNvcmRlZFZhbHVlPSIiIENvcnJlbGF0aW9uQmluZGluZz0iIiBVcmxFbmNvZGU9IlRydWUiIC8+DQogICAgICAgICAgICA8Rm9ybVBvc3RQYXJhbWV0ZXIgTmFtZT0icmVtb3ZlX2Zvcm1fYnVpbGRlcltmb3JtX2J1aWxkZXJfZmllbGRzX2F0dHJpYnV0ZXNdW11bZm9ybV9maWVsZF9pZF0iIFZhbHVlPSIzMTAiIFJlY29yZGVkVmFsdWU9IiIgQ29ycmVsYXRpb25CaW5kaW5nPSIiIFVybEVuY29kZT0iVHJ1ZSIgLz4NCiAgICAgICAgICAgIDxGb3JtUG9zdFBhcmFtZXRlciBOYW1lPSJyZW1vdmVfZm9ybV9idWlsZGVyW2Zvcm1fYnVpbGRlcl9maWVsZHNfYXR0cmlidXRlc11bXVtmb3JtX2ZpZWxkX2lkXSIgVmFsdWU9IjI2NCIgUmVjb3JkZWRWYWx1ZT0iIiBDb3JyZWxhdGlvbkJpbmRpbmc9IiIgVXJsRW5jb2RlPSJUcnVlIiAvPg0KICAgICAgICAgICAgPEZvcm1Qb3N0UGFyYW1ldGVyIE5hbWU9InJlbW92ZV9mb3JtX2J1aWxkZXJbZm9ybV9idWlsZGVyX2ZpZWxkc19hdHRyaWJ1dGVzXVtdW2Zvcm1fZmllbGRfaWRdIiBWYWx1ZT0iMzAzIiBSZWNvcmRlZFZhbHVlPSIiIENvcnJlbGF0aW9uQmluZGluZz0iIiBVcmxFbmNvZGU9IlRydWUiIC8+DQogICAgICAgICAgICA8Rm9ybVBvc3RQYXJhbWV0ZXIgTmFtZT0icmVtb3ZlX2Zvcm1fYnVpbGRlcltmb3JtX2J1aWxkZXJfZmllbGRzX2F0dHJpYnV0ZXNdW11bZm9ybV9maWVsZF9pZF0iIFZhbHVlPSIzMDciIFJlY29yZGVkVmFsdWU9IiIgQ29ycmVsYXRpb25CaW5kaW5nPSIiIFVybEVuY29kZT0iVHJ1ZSIgLz4NCiAgICAgICAgICAgIDxGb3JtUG9zdFBhcmFtZXRlciBOYW1lPSJyZW1vdmVfZm9ybV9idWlsZGVyW2Zvcm1fYnVpbGRlcl9maWVsZHNfYXR0cmlidXRlc11bXVtmb3JtX2ZpZWxkX2lkXSIgVmFsdWU9IjEiIFJlY29yZGVkVmFsdWU9IiIgQ29ycmVsYXRpb25CaW5kaW5nPSIiIFVybEVuY29kZT0iVHJ1ZSIgLz4NCiAgICAgICAgICAgIDxGb3JtUG9zdFBhcmFtZXRlciBOYW1lPSJyZW1vdmVfZm9ybV9idWlsZGVyW2Zvcm1fYnVpbGRlcl9maWVsZHNfYXR0cmlidXRlc11bXVtmb3JtX2ZpZWxkX2lkXSIgVmFsdWU9IjUzIiBSZWNvcmRlZFZhbHVlPSIiIENvcnJlbGF0aW9uQmluZGluZz0iIiBVcmxFbmNvZGU9IlRydWUiIC8+DQogICAgICAgICAgICA8Rm9ybVBvc3RQYXJhbWV0ZXIgTmFtZT0icmVtb3ZlX2Zvcm1fYnVpbGRlcltmb3JtX2J1aWxkZXJfZmllbGRzX2F0dHJpYnV0ZXNdW11bZm9ybV9maWVsZF9pZF0iIFZhbHVlPSIzMDkiIFJlY29yZGVkVmFsdWU9IiIgQ29ycmVsYXRpb25CaW5kaW5nPSIiIFVybEVuY29kZT0iVHJ1ZSIgLz4NCiAgICAgICAgICAgIDxGb3JtUG9zdFBhcmFtZXRlciBOYW1lPSJyZW1vdmVfZm9ybV9idWlsZGVyW2Zvcm1fYnVpbGRlcl9maWVsZHNfYXR0cmlidXRlc11bXVtmb3JtX2ZpZWxkX2lkXSIgVmFsdWU9IjQzIiBSZWNvcmRlZFZhbHVlPSIiIENvcnJlbGF0aW9uQmluZGluZz0iIiBVcmxFbmNvZGU9IlRydWUiIC8+DQogICAgICAgICAgICA8Rm9ybVBvc3RQYXJhbWV0ZXIgTmFtZT0icmVtb3ZlX2Zvcm1fYnVpbGRlcltmb3JtX2J1aWxkZXJfZmllbGRzX2F0dHJpYnV0ZXNdW11bZm9ybV9maWVsZF9pZF0iIFZhbHVlPSIxMTYiIFJlY29yZGVkVmFsdWU9IiIgQ29ycmVsYXRpb25CaW5kaW5nPSIiIFVybEVuY29kZT0iVHJ1ZSIgLz4NCiAgICAgICAgICAgIDxGb3JtUG9zdFBhcmFtZXRlciBOYW1lPSJyZW1vdmVfZm9ybV9idWlsZGVyW2Zvcm1fYnVpbGRlcl9maWVsZHNfYXR0cmlidXRlc11bXVtmb3JtX2ZpZWxkX2lkXSIgVmFsdWU9IjE3OCIgUmVjb3JkZWRWYWx1ZT0iIiBDb3JyZWxhdGlvbkJpbmRpbmc9IiIgVXJsRW5jb2RlPSJUcnVlIiAvPg0KICAgICAgICAgICAgPEZvcm1Qb3N0UGFyYW1ldGVyIE5hbWU9InJlbW92ZV9mb3JtX2J1aWxkZXJbZm9ybV9idWlsZGVyX2ZpZWxkc19hdHRyaWJ1dGVzXVtdW2Zvcm1fZmllbGRfaWRdIiBWYWx1ZT0iMjA1IiBSZWNvcmRlZFZhbHVlPSIiIENvcnJlbGF0aW9uQmluZGluZz0iIiBVcmxFbmNvZGU9IlRydWUiIC8+DQogICAgICAgICAgICA8Rm9ybVBvc3RQYXJhbWV0ZXIgTmFtZT0icmVtb3ZlX2Zvcm1fYnVpbGRlcltmb3JtX2J1aWxkZXJfZmllbGRzX2F0dHJpYnV0ZXNdW11bZm9ybV9maWVsZF9pZF0iIFZhbHVlPSIyMzYiIFJlY29yZGVkVmFsdWU9IiIgQ29ycmVsYXRpb25CaW5kaW5nPSIiIFVybEVuY29kZT0iVHJ1ZSIgLz4NCiAgICAgICAgICAgIDxGb3JtUG9zdFBhcmFtZXRlciBOYW1lPSJyZW1vdmVfZm9ybV9idWlsZGVyW2Zvcm1fYnVpbGRlcl9maWVsZHNfYXR0cmlidXRlc11bXVtmb3JtX2ZpZWxkX2lkXSIgVmFsdWU9IjMwOCIgUmVjb3JkZWRWYWx1ZT0iIiBDb3JyZWxhdGlvbkJpbmRpbmc9IiIgVXJsRW5jb2RlPSJUcnVlIiAvPg0KICAgICAgICAgICAgPEZvcm1Qb3N0UGFyYW1ldGVyIE5hbWU9InJlbW92ZV9mb3JtX2J1aWxkZXJbZm9ybV9idWlsZGVyX2ZpZWxkc19hdHRyaWJ1dGVzXVtdW2Zvcm1fZmllbGRfaWRdIiBWYWx1ZT0iMTIiIFJlY29yZGVkVmFsdWU9IiIgQ29ycmVsYXRpb25CaW5kaW5nPSIiIFVybEVuY29kZT0iVHJ1ZSIgLz4NCiAgICAgICAgICAgIDxGb3JtUG9zdFBhcmFtZXRlciBOYW1lPSJyZW1vdmVfZm9ybV9idWlsZGVyW2Zvcm1fYnVpbGRlcl9maWVsZHNfYXR0cmlidXRlc11bXVtmb3JtX2ZpZWxkX2lkXSIgVmFsdWU9IjMiIFJlY29yZGVkVmFsdWU9IiIgQ29ycmVsYXRpb25CaW5kaW5nPSIiIFVybEVuY29kZT0iVHJ1ZSIgLz4NCiAgICAgICAgICAgIDxGb3JtUG9zdFBhcmFtZXRlciBOYW1lPSJyZW1vdmVfZm9ybV9idWlsZGVyW2Zvcm1fYnVpbGRlcl9maWVsZHNfYXR0cmlidXRlc11bXVtmb3JtX2ZpZWxkX2lkXSIgVmFsdWU9IjIwOCIgUmVjb3JkZWRWYWx1ZT0iIiBDb3JyZWxhdGlvbkJpbmRpbmc9IiIgVXJsRW5jb2RlPSJUcnVlIiAvPg0KICAgICAgICAgICAgPEZvcm1Qb3N0UGFyYW1ldGVyIE5hbWU9InJlbW92ZV9mb3JtX2J1aWxkZXJbZm9ybV9idWlsZGVyX2ZpZWxkc19hdHRyaWJ1dGVzXVtdW2Zvcm1fZmllbGRfaWRdIiBWYWx1ZT0iMjI1IiBSZWNvcmRlZFZhbHVlPSIiIENvcnJlbGF0aW9uQmluZGluZz0iIiBVcmxFbmNvZGU9IlRydWUiIC8+DQogICAgICAgICAgICA8Rm9ybVBvc3RQYXJhbWV0ZXIgTmFtZT0icmVtb3ZlX2Zvcm1fYnVpbGRlcltmb3JtX2J1aWxkZXJfZmllbGRzX2F0dHJpYnV0ZXNdW11bZm9ybV9maWVsZF9pZF0iIFZhbHVlPSIzNTEiIFJlY29yZGVkVmFsdWU9IiIgQ29ycmVsYXRpb25CaW5kaW5nPSIiIFVybEVuY29kZT0iVHJ1ZSIgLz4NCiAgICAgICAgICAgIDxGb3JtUG9zdFBhcmFtZXRlciBOYW1lPSJyZW1vdmVfZm9ybV9idWlsZGVyW2Zvcm1fYnVpbGRlcl9maWVsZHNfYXR0cmlidXRlc11bXVtmb3JtX2ZpZWxkX2lkXSIgVmFsdWU9IjIyNiIgUmVjb3JkZWRWYWx1ZT0iIiBDb3JyZWxhdGlvbkJpbmRpbmc9IiIgVXJsRW5jb2RlPSJUcnVlIiAvPg0KICAgICAgICAgICAgPEZvcm1Qb3N0UGFyYW1ldGVyIE5hbWU9InJlbW92ZV9mb3JtX2J1aWxkZXJbZm9ybV9idWlsZGVyX2ZpZWxkc19hdHRyaWJ1dGVzXVtdW2Zvcm1fZmllbGRfaWRdIiBWYWx1ZT0iMjU5IiBSZWNvcmRlZFZhbHVlPSIiIENvcnJlbGF0aW9uQmluZGluZz0iIiBVcmxFbmNvZGU9IlRydWUiIC8+DQogICAgICAgICAgICA8Rm9ybVBvc3RQYXJhbWV0ZXIgTmFtZT0icmVtb3ZlX2Zvcm1fYnVpbGRlcltmb3JtX2J1aWxkZXJfZmllbGRzX2F0dHJpYnV0ZXNdW11bZm9ybV9maWVsZF9pZF0iIFZhbHVlPSIzNDEiIFJlY29yZGVkVmFsdWU9IiIgQ29ycmVsYXRpb25CaW5kaW5nPSIiIFVybEVuY29kZT0iVHJ1ZSIgLz4NCiAgICAgICAgICAgIDxGb3JtUG9zdFBhcmFtZXRlciBOYW1lPSJyZW1vdmVfZm9ybV9idWlsZGVyW2Zvcm1fYnVpbGRlcl9maWVsZHNfYXR0cmlidXRlc11bXVtmb3JtX2ZpZWxkX2lkXSIgVmFsdWU9IjMzNyIgUmVjb3JkZWRWYWx1ZT0iIiBDb3JyZWxhdGlvbkJpbmRpbmc9IiIgVXJsRW5jb2RlPSJUcnVlIiAvPg0KICAgICAgICAgICAgPEZvcm1Qb3N0UGFyYW1ldGVyIE5hbWU9InJlbW92ZV9mb3JtX2J1aWxkZXJbZm9ybV9idWlsZGVyX2ZpZWxkc19hdHRyaWJ1dGVzXVtdW2Zvcm1fZmllbGRfaWRdIiBWYWx1ZT0iNyIgUmVjb3JkZWRWYWx1ZT0iIiBDb3JyZWxhdGlvbkJpbmRpbmc9IiIgVXJsRW5jb2RlPSJUcnVlIiAvPg0KICAgICAgICAgICAgPEZvcm1Qb3N0UGFyYW1ldGVyIE5hbWU9InJlbW92ZV9mb3JtX2J1aWxkZXJbZm9ybV9idWlsZGVyX2ZpZWxkc19hdHRyaWJ1dGVzXVtdW2Zvcm1fZmllbGRfaWRdIiBWYWx1ZT0iMTA0IiBSZWNvcmRlZFZhbHVlPSIiIENvcnJlbGF0aW9uQmluZGluZz0iIiBVcmxFbmNvZGU9IlRydWUiIC8+DQogICAgICAgICAgICA8Rm9ybVBvc3RQYXJhbWV0ZXIgTmFtZT0icmVtb3ZlX2Zvcm1fYnVpbGRlcltmb3JtX2J1aWxkZXJfZmllbGRzX2F0dHJpYnV0ZXNdW11bZm9ybV9maWVsZF9pZF0iIFZhbHVlPSIxMDgiIFJlY29yZGVkVmFsdWU9IiIgQ29ycmVsYXRpb25CaW5kaW5nPSIiIFVybEVuY29kZT0iVHJ1ZSIgLz4NCiAgICAgICAgICAgIDxGb3JtUG9zdFBhcmFtZXRlciBOYW1lPSJyZW1vdmVfZm9ybV9idWlsZGVyW2Zvcm1fYnVpbGRlcl9maWVsZHNfYXR0cmlidXRlc11bXVtmb3JtX2ZpZWxkX2lkXSIgVmFsdWU9IjEwMiIgUmVjb3JkZWRWYWx1ZT0iIiBDb3JyZWxhdGlvbkJpbmRpbmc9IiIgVXJsRW5jb2RlPSJUcnVlIiAvPg0KICAgICAgICAgICAgPEZvcm1Qb3N0UGFyYW1ldGVyIE5hbWU9InJlbW92ZV9mb3JtX2J1aWxkZXJbZm9ybV9idWlsZGVyX2ZpZWxkc19hdHRyaWJ1dGVzXVtdW2Zvcm1fZmllbGRfaWRdIiBWYWx1ZT0iMTA1IiBSZWNvcmRlZFZhbHVlPSIiIENvcnJlbGF0aW9uQmluZGluZz0iIiBVcmxFbmNvZGU9IlRydWUiIC8+DQogICAgICAgICAgICA8Rm9ybVBvc3RQYXJhbWV0ZXIgTmFtZT0icmVtb3ZlX2Zvcm1fYnVpbGRlcltmb3JtX2J1aWxkZXJfZmllbGRzX2F0dHJpYnV0ZXNdW11bZm9ybV9maWVsZF9pZF0iIFZhbHVlPSIxMSIgUmVjb3JkZWRWYWx1ZT0iIiBDb3JyZWxhdGlvbkJpbmRpbmc9IiIgVXJsRW5jb2RlPSJUcnVlIiAvPg0KICAgICAgICAgICAgPEZvcm1Qb3N0UGFyYW1ldGVyIE5hbWU9InJlbW92ZV9mb3JtX2J1aWxkZXJbZm9ybV9idWlsZGVyX2ZpZWxkc19hdHRyaWJ1dGVzXVtdW2Zvcm1fZmllbGRfaWRdIiBWYWx1ZT0iMjc4IiBSZWNvcmRlZFZhbHVlPSIiIENvcnJlbGF0aW9uQmluZGluZz0iIiBVcmxFbmNvZGU9IlRydWUiIC8+DQogICAgICAgICAgICA8Rm9ybVBvc3RQYXJhbWV0ZXIgTmFtZT0icmVtb3ZlX2Zvcm1fYnVpbGRlcltmb3JtX2J1aWxkZXJfZmllbGRzX2F0dHJpYnV0ZXNdW11bZm9ybV9maWVsZF9pZF0iIFZhbHVlPSIyOTUiIFJlY29yZGVkVmFsdWU9IiIgQ29ycmVsYXRpb25CaW5kaW5nPSIiIFVybEVuY29kZT0iVHJ1ZSIgLz4NCiAgICAgICAgICAgIDxGb3JtUG9zdFBhcmFtZXRlciBOYW1lPSJyZW1vdmVfZm9ybV9idWlsZGVyW2Zvcm1fYnVpbGRlcl9maWVsZHNfYXR0cmlidXRlc11bXVtmb3JtX2ZpZWxkX2lkXSIgVmFsdWU9IjI4OCIgUmVjb3JkZWRWYWx1ZT0iIiBDb3JyZWxhdGlvbkJpbmRpbmc9IiIgVXJsRW5jb2RlPSJUcnVlIiAvPg0KICAgICAgICAgICAgPEZvcm1Qb3N0UGFyYW1ldGVyIE5hbWU9InJlbW92ZV9mb3JtX2J1aWxkZXJbZm9ybV9idWlsZGVyX2ZpZWxkc19hdHRyaWJ1dGVzXVtdW2Zvcm1fZmllbGRfaWRdIiBWYWx1ZT0iMjQ1IiBSZWNvcmRlZFZhbHVlPSIiIENvcnJlbGF0aW9uQmluZGluZz0iIiBVcmxFbmNvZGU9IlRydWUiIC8+DQogICAgICAgICAgICA8Rm9ybVBvc3RQYXJhbWV0ZXIgTmFtZT0icmVtb3ZlX2Zvcm1fYnVpbGRlcltmb3JtX2J1aWxkZXJfZmllbGRzX2F0dHJpYnV0ZXNdW11bZm9ybV9maWVsZF9pZF0iIFZhbHVlPSIyOTQiIFJlY29yZGVkVmFsdWU9IiIgQ29ycmVsYXRpb25CaW5kaW5nPSIiIFVybEVuY29kZT0iVHJ1ZSIgLz4NCiAgICAgICAgICAgIDxGb3JtUG9zdFBhcmFtZXRlciBOYW1lPSJyZW1vdmVfZm9ybV9idWlsZGVyW2Zvcm1fYnVpbGRlcl9maWVsZHNfYXR0cmlidXRlc11bXVtmb3JtX2ZpZWxkX2lkXSIgVmFsdWU9IjI5NyIgUmVjb3JkZWRWYWx1ZT0iIiBDb3JyZWxhdGlvbkJpbmRpbmc9IiIgVXJsRW5jb2RlPSJUcnVlIiAvPg0KICAgICAgICAgICAgPEZvcm1Qb3N0UGFyYW1ldGVyIE5hbWU9InJlbW92ZV9mb3JtX2J1aWxkZXJbZm9ybV9idWlsZGVyX2ZpZWxkc19hdHRyaWJ1dGVzXVtdW2Zvcm1fZmllbGRfaWRdIiBWYWx1ZT0iMjA2IiBSZWNvcmRlZFZhbHVlPSIiIENvcnJlbGF0aW9uQmluZGluZz0iIiBVcmxFbmNvZGU9IlRydWUiIC8+DQogICAgICAgICAgICA8Rm9ybVBvc3RQYXJhbWV0ZXIgTmFtZT0icmVtb3ZlX2Zvcm1fYnVpbGRlcltmb3JtX2J1aWxkZXJfZmllbGRzX2F0dHJpYnV0ZXNdW11bZm9ybV9maWVsZF9pZF0iIFZhbHVlPSI1NCIgUmVjb3JkZWRWYWx1ZT0iIiBDb3JyZWxhdGlvbkJpbmRpbmc9IiIgVXJsRW5jb2RlPSJUcnVlIiAvPg0KICAgICAgICAgICAgPEZvcm1Qb3N0UGFyYW1ldGVyIE5hbWU9InJlbW92ZV9mb3JtX2J1aWxkZXJbZm9ybV9idWlsZGVyX2ZpZWxkc19hdHRyaWJ1dGVzXVtdW2Zvcm1fZmllbGRfaWRdIiBWYWx1ZT0iNDQiIFJlY29yZGVkVmFsdWU9IiIgQ29ycmVsYXRpb25CaW5kaW5nPSIiIFVybEVuY29kZT0iVHJ1ZSIgLz4NCiAgICAgICAgICAgIDxGb3JtUG9zdFBhcmFtZXRlciBOYW1lPSJyZW1vdmVfZm9ybV9idWlsZGVyW2Zvcm1fYnVpbGRlcl9maWVsZHNfYXR0cmlidXRlc11bXVtmb3JtX2ZpZWxkX2lkXSIgVmFsdWU9IjExNyIgUmVjb3JkZWRWYWx1ZT0iIiBDb3JyZWxhdGlvbkJpbmRpbmc9IiIgVXJsRW5jb2RlPSJUcnVlIiAvPg0KICAgICAgICAgICAgPEZvcm1Qb3N0UGFyYW1ldGVyIE5hbWU9InJlbW92ZV9mb3JtX2J1aWxkZXJbZm9ybV9idWlsZGVyX2ZpZWxkc19hdHRyaWJ1dGVzXVtdW2Zvcm1fZmllbGRfaWRdIiBWYWx1ZT0iMjY1IiBSZWNvcmRlZFZhbHVlPSIiIENvcnJlbGF0aW9uQmluZGluZz0iIiBVcmxFbmNvZGU9IlRydWUiIC8+DQogICAgICAgICAgICA8Rm9ybVBvc3RQYXJhbWV0ZXIgTmFtZT0icmVtb3ZlX2Zvcm1fYnVpbGRlcltmb3JtX2J1aWxkZXJfZmllbGRzX2F0dHJpYnV0ZXNdW11bZm9ybV9maWVsZF9pZF0iIFZhbHVlPSIyIiBSZWNvcmRlZFZhbHVlPSIiIENvcnJlbGF0aW9uQmluZGluZz0iIiBVcmxFbmNvZGU9IlRydWUiIC8+DQogICAgICAgICAgICA8Rm9ybVBvc3RQYXJhbWV0ZXIgTmFtZT0icmVtb3ZlX2Zvcm1fYnVpbGRlcltmb3JtX2J1aWxkZXJfZmllbGRzX2F0dHJpYnV0ZXNdW11bZm9ybV9maWVsZF9pZF0iIFZhbHVlPSIxNzkiIFJlY29yZGVkVmFsdWU9IiIgQ29ycmVsYXRpb25CaW5kaW5nPSIiIFVybEVuY29kZT0iVHJ1ZSIgLz4NCiAgICAgICAgICAgIDxGb3JtUG9zdFBhcmFtZXRlciBOYW1lPSJyZW1vdmVfZm9ybV9idWlsZGVyW2Zvcm1fYnVpbGRlcl9maWVsZHNfYXR0cmlidXRlc11bXVtmb3JtX2ZpZWxkX2lkXSIgVmFsdWU9IjIxMyIgUmVjb3JkZWRWYWx1ZT0iIiBDb3JyZWxhdGlvbkJpbmRpbmc9IiIgVXJsRW5jb2RlPSJUcnVlIiAvPg0KICAgICAgICAgICAgPEZvcm1Qb3N0UGFyYW1ldGVyIE5hbWU9InJlbW92ZV9mb3JtX2J1aWxkZXJbZm9ybV9idWlsZGVyX2ZpZWxkc19hdHRyaWJ1dGVzXVtdW2Zvcm1fZmllbGRfaWRdIiBWYWx1ZT0iMjIwIiBSZWNvcmRlZFZhbHVlPSIiIENvcnJlbGF0aW9uQmluZGluZz0iIiBVcmxFbmNvZGU9IlRydWUiIC8+DQogICAgICAgICAgICA8Rm9ybVBvc3RQYXJhbWV0ZXIgTmFtZT0icmVtb3ZlX2Zvcm1fYnVpbGRlcltmb3JtX2J1aWxkZXJfZmllbGRzX2F0dHJpYnV0ZXNdW11bZm9ybV9maWVsZF9pZF0iIFZhbHVlPSIyMjciIFJlY29yZGVkVmFsdWU9IiIgQ29ycmVsYXRpb25CaW5kaW5nPSIiIFVybEVuY29kZT0iVHJ1ZSIgLz4NCiAgICAgICAgICAgIDxGb3JtUG9zdFBhcmFtZXRlciBOYW1lPSJyZW1vdmVfZm9ybV9idWlsZGVyW2Zvcm1fYnVpbGRlcl9maWVsZHNfYXR0cmlidXRlc11bXVtmb3JtX2ZpZWxkX2lkXSIgVmFsdWU9IjI0MSIgUmVjb3JkZWRWYWx1ZT0iIiBDb3JyZWxhdGlvbkJpbmRpbmc9IiIgVXJsRW5jb2RlPSJUcnVlIiAvPg0KICAgICAgICAgICAgPEZvcm1Qb3N0UGFyYW1ldGVyIE5hbWU9InJlbW92ZV9mb3JtX2J1aWxkZXJbZm9ybV9idWlsZGVyX2ZpZWxkc19hdHRyaWJ1dGVzXVtdW2Zvcm1fZmllbGRfaWRdIiBWYWx1ZT0iMjM5IiBSZWNvcmRlZFZhbHVlPSIiIENvcnJlbGF0aW9uQmluZGluZz0iIiBVcmxFbmNvZGU9IlRydWUiIC8+DQogICAgICAgICAgICA8Rm9ybVBvc3RQYXJhbWV0ZXIgTmFtZT0icmVtb3ZlX2Zvcm1fYnVpbGRlcltmb3JtX2J1aWxkZXJfZmllbGRzX2F0dHJpYnV0ZXNdW11bZm9ybV9maWVsZF9pZF0iIFZhbHVlPSIyMzgiIFJlY29yZGVkVmFsdWU9IiIgQ29ycmVsYXRpb25CaW5kaW5nPSIiIFVybEVuY29kZT0iVHJ1ZSIgLz4NCiAgICAgICAgICAgIDxGb3JtUG9zdFBhcmFtZXRlciBOYW1lPSJyZW1vdmVfZm9ybV9idWlsZGVyW2Zvcm1fYnVpbGRlcl9maWVsZHNfYXR0cmlidXRlc11bXVtmb3JtX2ZpZWxkX2lkXSIgVmFsdWU9IjM4IiBSZWNvcmRlZFZhbHVlPSIiIENvcnJlbGF0aW9uQmluZGluZz0iIiBVcmxFbmNvZGU9IlRydWUiIC8+DQogICAgICAgICAgICA8Rm9ybVBvc3RQYXJhbWV0ZXIgTmFtZT0icmVtb3ZlX2Zvcm1fYnVpbGRlcltmb3JtX2J1aWxkZXJfZmllbGRzX2F0dHJpYnV0ZXNdW11bZm9ybV9maWVsZF9pZF0iIFZhbHVlPSI3OSIgUmVjb3JkZWRWYWx1ZT0iIiBDb3JyZWxhdGlvbkJpbmRpbmc9IiIgVXJsRW5jb2RlPSJUcnVlIiAvPg0KICAgICAgICAgICAgPEZvcm1Qb3N0UGFyYW1ldGVyIE5hbWU9InJlbW92ZV9mb3JtX2J1aWxkZXJbZm9ybV9idWlsZGVyX2ZpZWxkc19hdHRyaWJ1dGVzXVtdW2Zvcm1fZmllbGRfaWRdIiBWYWx1ZT0iMjkiIFJlY29yZGVkVmFsdWU9IiIgQ29ycmVsYXRpb25CaW5kaW5nPSIiIFVybEVuY29kZT0iVHJ1ZSIgLz4NCiAgICAgICAgICAgIDxGb3JtUG9zdFBhcmFtZXRlciBOYW1lPSJyZW1vdmVfZm9ybV9idWlsZGVyW2Zvcm1fYnVpbGRlcl9maWVsZHNfYXR0cmlidXRlc11bXVtmb3JtX2ZpZWxkX2lkXSIgVmFsdWU9IjM1IiBSZWNvcmRlZFZhbHVlPSIiIENvcnJlbGF0aW9uQmluZGluZz0iIiBVcmxFbmNvZGU9IlRydWUiIC8+DQogICAgICAgICAgICA8Rm9ybVBvc3RQYXJhbWV0ZXIgTmFtZT0icmVtb3ZlX2Zvcm1fYnVpbGRlcltmb3JtX2J1aWxkZXJfZmllbGRzX2F0dHJpYnV0ZXNdW11bZm9ybV9maWVsZF9pZF0iIFZhbHVlPSIzMTQiIFJlY29yZGVkVmFsdWU9IiIgQ29ycmVsYXRpb25CaW5kaW5nPSIiIFVybEVuY29kZT0iVHJ1ZSIgLz4NCiAgICAgICAgICAgIDxGb3JtUG9zdFBhcmFtZXRlciBOYW1lPSJyZW1vdmVfZm9ybV9idWlsZGVyW2Zvcm1fYnVpbGRlcl9maWVsZHNfYXR0cmlidXRlc11bXVtmb3JtX2ZpZWxkX2lkXSIgVmFsdWU9IjM1NSIgUmVjb3JkZWRWYWx1ZT0iIiBDb3JyZWxhdGlvbkJpbmRpbmc9IiIgVXJsRW5jb2RlPSJUcnVlIiAvPg0KICAgICAgICAgICAgPEZvcm1Qb3N0UGFyYW1ldGVyIE5hbWU9InJlbW92ZV9mb3JtX2J1aWxkZXJbZm9ybV9idWlsZGVyX2ZpZWxkc19hdHRyaWJ1dGVzXVtdW2Zvcm1fZmllbGRfaWRdIiBWYWx1ZT0iMzU3IiBSZWNvcmRlZFZhbHVlPSIiIENvcnJlbGF0aW9uQmluZGluZz0iIiBVcmxFbmNvZGU9IlRydWUiIC8+DQogICAgICAgICAgICA8Rm9ybVBvc3RQYXJhbWV0ZXIgTmFtZT0icmVtb3ZlX2Zvcm1fYnVpbGRlcltmb3JtX2J1aWxkZXJfZmllbGRzX2F0dHJpYnV0ZXNdW11bZm9ybV9maWVsZF9pZF0iIFZhbHVlPSIzNTYiIFJlY29yZGVkVmFsdWU9IiIgQ29ycmVsYXRpb25CaW5kaW5nPSIiIFVybEVuY29kZT0iVHJ1ZSIgLz4NCiAgICAgICAgICAgIDxGb3JtUG9zdFBhcmFtZXRlciBOYW1lPSJyZW1vdmVfZm9ybV9idWlsZGVyW2Zvcm1fYnVpbGRlcl9maWVsZHNfYXR0cmlidXRlc11bXVtmb3JtX2ZpZWxkX2lkXSIgVmFsdWU9IjM2MSIgUmVjb3JkZWRWYWx1ZT0iIiBDb3JyZWxhdGlvbkJpbmRpbmc9IiIgVXJsRW5jb2RlPSJUcnVlIiAvPg0KICAgICAgICAgICAgPEZvcm1Qb3N0UGFyYW1ldGVyIE5hbWU9InJlbW92ZV9mb3JtX2J1aWxkZXJbZm9ybV9idWlsZGVyX2ZpZWxkc19hdHRyaWJ1dGVzXVtdW2Zvcm1fZmllbGRfaWRdIiBWYWx1ZT0iMzU5IiBSZWNvcmRlZFZhbHVlPSIiIENvcnJlbGF0aW9uQmluZGluZz0iIiBVcmxFbmNvZGU9IlRydWUiIC8+DQogICAgICAgICAgICA8Rm9ybVBvc3RQYXJhbWV0ZXIgTmFtZT0icmVtb3ZlX2Zvcm1fYnVpbGRlcltmb3JtX2J1aWxkZXJfZmllbGRzX2F0dHJpYnV0ZXNdW11bZm9ybV9maWVsZF9pZF0iIFZhbHVlPSIzNjAiIFJlY29yZGVkVmFsdWU9IiIgQ29ycmVsYXRpb25CaW5kaW5nPSIiIFVybEVuY29kZT0iVHJ1ZSIgLz4NCiAgICAgICAgICAgIDxGb3JtUG9zdFBhcmFtZXRlciBOYW1lPSJyZW1vdmVfZm9ybV9idWlsZGVyW2Zvcm1fYnVpbGRlcl9maWVsZHNfYXR0cmlidXRlc11bXVtmb3JtX2ZpZWxkX2lkXSIgVmFsdWU9IjM1OCIgUmVjb3JkZWRWYWx1ZT0iIiBDb3JyZWxhdGlvbkJpbmRpbmc9IiIgVXJsRW5jb2RlPSJUcnVlIiAvPg0KICAgICAgICAgICAgPEZvcm1Qb3N0UGFyYW1ldGVyIE5hbWU9InJlbW92ZV9mb3JtX2J1aWxkZXJbZm9ybV9idWlsZGVyX2ZpZWxkc19hdHRyaWJ1dGVzXVtdW2Zvcm1fZmllbGRfaWRdIiBWYWx1ZT0iODkiIFJlY29yZGVkVmFsdWU9IiIgQ29ycmVsYXRpb25CaW5kaW5nPSIiIFVybEVuY29kZT0iVHJ1ZSIgLz4NCiAgICAgICAgICAgIDxGb3JtUG9zdFBhcmFtZXRlciBOYW1lPSJyZW1vdmVfZm9ybV9idWlsZGVyW2Zvcm1fYnVpbGRlcl9maWVsZHNfYXR0cmlidXRlc11bXVtmb3JtX2ZpZWxkX2lkXSIgVmFsdWU9IjgxIiBSZWNvcmRlZFZhbHVlPSIiIENvcnJlbGF0aW9uQmluZGluZz0iIiBVcmxFbmNvZGU9IlRydWUiIC8+DQogICAgICAgICAgICA8Rm9ybVBvc3RQYXJhbWV0ZXIgTmFtZT0icmVtb3ZlX2Zvcm1fYnVpbGRlcltmb3JtX2J1aWxkZXJfZmllbGRzX2F0dHJpYnV0ZXNdW11bZm9ybV9maWVsZF9pZF0iIFZhbHVlPSI5OSIgUmVjb3JkZWRWYWx1ZT0iIiBDb3JyZWxhdGlvbkJpbmRpbmc9IiIgVXJsRW5jb2RlPSJUcnVlIiAvPg0KICAgICAgICAgICAgPEZvcm1Qb3N0UGFyYW1ldGVyIE5hbWU9InJlbW92ZV9mb3JtX2J1aWxkZXJbZm9ybV9idWlsZGVyX2ZpZWxkc19hdHRyaWJ1dGVzXVtdW2Zvcm1fZmllbGRfaWRdIiBWYWx1ZT0iOTYiIFJlY29yZGVkVmFsdWU9IiIgQ29ycmVsYXRpb25CaW5kaW5nPSIiIFVybEVuY29kZT0iVHJ1ZSIgLz4NCiAgICAgICAgICAgIDxGb3JtUG9zdFBhcmFtZXRlciBOYW1lPSJyZW1vdmVfZm9ybV9idWlsZGVyW2Zvcm1fYnVpbGRlcl9maWVsZHNfYXR0cmlidXRlc11bXVtmb3JtX2ZpZWxkX2lkXSIgVmFsdWU9IjE2NyIgUmVjb3JkZWRWYWx1ZT0iIiBDb3JyZWxhdGlvbkJpbmRpbmc9IiIgVXJsRW5jb2RlPSJUcnVlIiAvPg0KICAgICAgICAgICAgPEZvcm1Qb3N0UGFyYW1ldGVyIE5hbWU9InJlbW92ZV9mb3JtX2J1aWxkZXJbZm9ybV9idWlsZGVyX2ZpZWxkc19hdHRyaWJ1dGVzXVtdW2Zvcm1fZmllbGRfaWRdIiBWYWx1ZT0iMjAwIiBSZWNvcmRlZFZhbHVlPSIiIENvcnJlbGF0aW9uQmluZGluZz0iIiBVcmxFbmNvZGU9IlRydWUiIC8+DQogICAgICAgICAgICA8Rm9ybVBvc3RQYXJhbWV0ZXIgTmFtZT0icmVtb3ZlX2Zvcm1fYnVpbGRlcltmb3JtX2J1aWxkZXJfZmllbGRzX2F0dHJpYnV0ZXNdW11bZm9ybV9maWVsZF9pZF0iIFZhbHVlPSIyMjkiIFJlY29yZGVkVmFsdWU9IiIgQ29ycmVsYXRpb25CaW5kaW5nPSIiIFVybEVuY29kZT0iVHJ1ZSIgLz4NCiAgICAgICAgICAgIDxGb3JtUG9zdFBhcmFtZXRlciBOYW1lPSJyZW1vdmVfZm9ybV9idWlsZGVyW2Zvcm1fYnVpbGRlcl9maWVsZHNfYXR0cmlidXRlc11bXVtmb3JtX2ZpZWxkX2lkXSIgVmFsdWU9IjE1MCIgUmVjb3JkZWRWYWx1ZT0iIiBDb3JyZWxhdGlvbkJpbmRpbmc9IiIgVXJsRW5jb2RlPSJUcnVlIiAvPg0KICAgICAgICAgICAgPEZvcm1Qb3N0UGFyYW1ldGVyIE5hbWU9InJlbW92ZV9mb3JtX2J1aWxkZXJbZm9ybV9idWlsZGVyX2ZpZWxkc19hdHRyaWJ1dGVzXVtdW2Zvcm1fZmllbGRfaWRdIiBWYWx1ZT0iMTQyIiBSZWNvcmRlZFZhbHVlPSIiIENvcnJlbGF0aW9uQmluZGluZz0iIiBVcmxFbmNvZGU9IlRydWUiIC8+DQogICAgICAgICAgICA8Rm9ybVBvc3RQYXJhbWV0ZXIgTmFtZT0icmVtb3ZlX2Zvcm1fYnVpbGRlcltmb3JtX2J1aWxkZXJfZmllbGRzX2F0dHJpYnV0ZXNdW11bZm9ybV9maWVsZF9pZF0iIFZhbHVlPSIzMjUiIFJlY29yZGVkVmFsdWU9IiIgQ29ycmVsYXRpb25CaW5kaW5nPSIiIFVybEVuY29kZT0iVHJ1ZSIgLz4NCiAgICAgICAgICAgIDxGb3JtUG9zdFBhcmFtZXRlciBOYW1lPSJyZW1vdmVfZm9ybV9idWlsZGVyW2Zvcm1fYnVpbGRlcl9maWVsZHNfYXR0cmlidXRlc11bXVtmb3JtX2ZpZWxkX2lkXSIgVmFsdWU9IjMzNCIgUmVjb3JkZWRWYWx1ZT0iIiBDb3JyZWxhdGlvbkJpbmRpbmc9IiIgVXJsRW5jb2RlPSJUcnVlIiAvPg0KICAgICAgICAgICAgPEZvcm1Qb3N0UGFyYW1ldGVyIE5hbWU9InJlbW92ZV9mb3JtX2J1aWxkZXJbZm9ybV9idWlsZGVyX2ZpZWxkc19hdHRyaWJ1dGVzXVtdW2Zvcm1fZmllbGRfaWRdIiBWYWx1ZT0iMzIzIiBSZWNvcmRlZFZhbHVlPSIiIENvcnJlbGF0aW9uQmluZGluZz0iIiBVcmxFbmNvZGU9IlRydWUiIC8+DQogICAgICAgICAgICA8Rm9ybVBvc3RQYXJhbWV0ZXIgTmFtZT0icmVtb3ZlX2Zvcm1fYnVpbGRlcltmb3JtX2J1aWxkZXJfZmllbGRzX2F0dHJpYnV0ZXNdW11bZm9ybV9maWVsZF9pZF0iIFZhbHVlPSIzMzgiIFJlY29yZGVkVmFsdWU9IiIgQ29ycmVsYXRpb25CaW5kaW5nPSIiIFVybEVuY29kZT0iVHJ1ZSIgLz4NCiAgICAgICAgICAgIDxGb3JtUG9zdFBhcmFtZXRlciBOYW1lPSJyZW1vdmVfZm9ybV9idWlsZGVyW2Zvcm1fYnVpbGRlcl9maWVsZHNfYXR0cmlidXRlc11bXVtmb3JtX2ZpZWxkX2lkXSIgVmFsdWU9IjMzOSIgUmVjb3JkZWRWYWx1ZT0iIiBDb3JyZWxhdGlvbkJpbmRpbmc9IiIgVXJsRW5jb2RlPSJUcnVlIiAvPg0KICAgICAgICAgICAgPEZvcm1Qb3N0UGFyYW1ldGVyIE5hbWU9InJlbW92ZV9mb3JtX2J1aWxkZXJbZm9ybV9idWlsZGVyX2ZpZWxkc19hdHRyaWJ1dGVzXVtdW2Zvcm1fZmllbGRfaWRdIiBWYWx1ZT0iMzM1IiBSZWNvcmRlZFZhbHVlPSIiIENvcnJlbGF0aW9uQmluZGluZz0iIiBVcmxFbmNvZGU9IlRydWUiIC8+DQogICAgICAgICAgICA8Rm9ybVBvc3RQYXJhbWV0ZXIgTmFtZT0icmVtb3ZlX2Zvcm1fYnVpbGRlcltmb3JtX2J1aWxkZXJfZmllbGRzX2F0dHJpYnV0ZXNdW11bZm9ybV9maWVsZF9pZF0iIFZhbHVlPSIzMjciIFJlY29yZGVkVmFsdWU9IiIgQ29ycmVsYXRpb25CaW5kaW5nPSIiIFVybEVuY29kZT0iVHJ1ZSIgLz4NCiAgICAgICAgICAgIDxGb3JtUG9zdFBhcmFtZXRlciBOYW1lPSJyZW1vdmVfZm9ybV9idWlsZGVyW2Zvcm1fYnVpbGRlcl9maWVsZHNfYXR0cmlidXRlc11bXVtmb3JtX2ZpZWxkX2lkXSIgVmFsdWU9IjEyMyIgUmVjb3JkZWRWYWx1ZT0iIiBDb3JyZWxhdGlvbkJpbmRpbmc9IiIgVXJsRW5jb2RlPSJUcnVlIiAvPg0KICAgICAgICAgICAgPEZvcm1Qb3N0UGFyYW1ldGVyIE5hbWU9InJlbW92ZV9mb3JtX2J1aWxkZXJbZm9ybV9idWlsZGVyX2ZpZWxkc19hdHRyaWJ1dGVzXVtdW2Zvcm1fZmllbGRfaWRdIiBWYWx1ZT0iMTIyIiBSZWNvcmRlZFZhbHVlPSIiIENvcnJlbGF0aW9uQmluZGluZz0iIiBVcmxFbmNvZGU9IlRydWUiIC8+DQogICAgICAgICAgICA8Rm9ybVBvc3RQYXJhbWV0ZXIgTmFtZT0icmVtb3ZlX2Zvcm1fYnVpbGRlcltmb3JtX2J1aWxkZXJfZmllbGRzX2F0dHJpYnV0ZXNdW11bZm9ybV9maWVsZF9pZF0iIFZhbHVlPSI2NCIgUmVjb3JkZWRWYWx1ZT0iIiBDb3JyZWxhdGlvbkJpbmRpbmc9IiIgVXJsRW5jb2RlPSJUcnVlIiAvPg0KICAgICAgICAgICAgPEZvcm1Qb3N0UGFyYW1ldGVyIE5hbWU9InJlbW92ZV9mb3JtX2J1aWxkZXJbZm9ybV9idWlsZGVyX2ZpZWxkc19hdHRyaWJ1dGVzXVtdW2Zvcm1fZmllbGRfaWRdIiBWYWx1ZT0iNjEiIFJlY29yZGVkVmFsdWU9IiIgQ29ycmVsYXRpb25CaW5kaW5nPSIiIFVybEVuY29kZT0iVHJ1ZSIgLz4NCiAgICAgICAgICAgIDxGb3JtUG9zdFBhcmFtZXRlciBOYW1lPSJyZW1vdmVfZm9ybV9idWlsZGVyW2Zvcm1fYnVpbGRlcl9maWVsZHNfYXR0cmlidXRlc11bXVtmb3JtX2ZpZWxkX2lkXSIgVmFsdWU9Ijc3IiBSZWNvcmRlZFZhbHVlPSIiIENvcnJlbGF0aW9uQmluZGluZz0iIiBVcmxFbmNvZGU9IlRydWUiIC8+DQogICAgICAgICAgICA8Rm9ybVBvc3RQYXJhbWV0ZXIgTmFtZT0icmVtb3ZlX2Zvcm1fYnVpbGRlcltmb3JtX2J1aWxkZXJfZmllbGRzX2F0dHJpYnV0ZXNdW11bZm9ybV9maWVsZF9pZF0iIFZhbHVlPSI2MiIgUmVjb3JkZWRWYWx1ZT0iIiBDb3JyZWxhdGlvbkJpbmRpbmc9IiIgVXJsRW5jb2RlPSJUcnVlIiAvPg0KICAgICAgICAgICAgPEZvcm1Qb3N0UGFyYW1ldGVyIE5hbWU9InJlbW92ZV9mb3JtX2J1aWxkZXJbZm9ybV9idWlsZGVyX2ZpZWxkc19hdHRyaWJ1dGVzXVtdW2Zvcm1fZmllbGRfaWRdIiBWYWx1ZT0iNzMiIFJlY29yZGVkVmFsdWU9IiIgQ29ycmVsYXRpb25CaW5kaW5nPSIiIFVybEVuY29kZT0iVHJ1ZSIgLz4NCiAgICAgICAgICAgIDxGb3JtUG9zdFBhcmFtZXRlciBOYW1lPSJyZW1vdmVfZm9ybV9idWlsZGVyW2Zvcm1fYnVpbGRlcl9maWVsZHNfYXR0cmlidXRlc11bXVtmb3JtX2ZpZWxkX2lkXSIgVmFsdWU9Ijc1IiBSZWNvcmRlZFZhbHVlPSIiIENvcnJlbGF0aW9uQmluZGluZz0iIiBVcmxFbmNvZGU9IlRydWUiIC8+DQogICAgICAgICAgICA8Rm9ybVBvc3RQYXJhbWV0ZXIgTmFtZT0icmVtb3ZlX2Zvcm1fYnVpbGRlcltmb3JtX2J1aWxkZXJfZmllbGRzX2F0dHJpYnV0ZXNdW11bZm9ybV9maWVsZF9pZF0iIFZhbHVlPSIxMTAiIFJlY29yZGVkVmFsdWU9IiIgQ29ycmVsYXRpb25CaW5kaW5nPSIiIFVybEVuY29kZT0iVHJ1ZSIgLz4NCiAgICAgICAgICAgIDxGb3JtUG9zdFBhcmFtZXRlciBOYW1lPSJyZW1vdmVfZm9ybV9idWlsZGVyW2Zvcm1fYnVpbGRlcl9maWVsZHNfYXR0cmlidXRlc11bXVtmb3JtX2ZpZWxkX2lkXSIgVmFsdWU9IjExMSIgUmVjb3JkZWRWYWx1ZT0iIiBDb3JyZWxhdGlvbkJpbmRpbmc9IiIgVXJsRW5jb2RlPSJUcnVlIiAvPg0KICAgICAgICAgICAgPEZvcm1Qb3N0UGFyYW1ldGVyIE5hbWU9InJlbW92ZV9mb3JtX2J1aWxkZXJbZm9ybV9idWlsZGVyX2ZpZWxkc19hdHRyaWJ1dGVzXVtdW2Zvcm1fZmllbGRfaWRdIiBWYWx1ZT0iNjMiIFJlY29yZGVkVmFsdWU9IiIgQ29ycmVsYXRpb25CaW5kaW5nPSIiIFVybEVuY29kZT0iVHJ1ZSIgLz4NCiAgICAgICAgICAgIDxGb3JtUG9zdFBhcmFtZXRlciBOYW1lPSJyZW1vdmVfZm9ybV9idWlsZGVyW2Zvcm1fYnVpbGRlcl9maWVsZHNfYXR0cmlidXRlc11bXVtmb3JtX2ZpZWxkX2lkXSIgVmFsdWU9Ijc0IiBSZWNvcmRlZFZhbHVlPSIiIENvcnJlbGF0aW9uQmluZGluZz0iIiBVcmxFbmNvZGU9IlRydWUiIC8+DQogICAgICAgICAgICA8Rm9ybVBvc3RQYXJhbWV0ZXIgTmFtZT0icmVtb3ZlX2Zvcm1fYnVpbGRlcltmb3JtX2J1aWxkZXJfZmllbGRzX2F0dHJpYnV0ZXNdW11bZm9ybV9maWVsZF9pZF0iIFZhbHVlPSI3NiIgUmVjb3JkZWRWYWx1ZT0iIiBDb3JyZWxhdGlvbkJpbmRpbmc9IiIgVXJsRW5jb2RlPSJUcnVlIiAvPg0KICAgICAgICAgICAgPEZvcm1Qb3N0UGFyYW1ldGVyIE5hbWU9InJlbW92ZV9mb3JtX2J1aWxkZXJbZm9ybV9idWlsZGVyX2ZpZWxkc19hdHRyaWJ1dGVzXVtdW2Zvcm1fZmllbGRfaWRdIiBWYWx1ZT0iNzgiIFJlY29yZGVkVmFsdWU9IiIgQ29ycmVsYXRpb25CaW5kaW5nPSIiIFVybEVuY29kZT0iVHJ1ZSIgLz4NCiAgICAgICAgICAgIDxGb3JtUG9zdFBhcmFtZXRlciBOYW1lPSJyZW1vdmVfZm9ybV9idWlsZGVyW2Zvcm1fYnVpbGRlcl9maWVsZHNfYXR0cmlidXRlc11bXVtmb3JtX2ZpZWxkX2lkXSIgVmFsdWU9IjMxNyIgUmVjb3JkZWRWYWx1ZT0iIiBDb3JyZWxhdGlvbkJpbmRpbmc9IiIgVXJsRW5jb2RlPSJUcnVlIiAvPg0KICAgICAgICAgICAgPEZvcm1Qb3N0UGFyYW1ldGVyIE5hbWU9InJlbW92ZV9mb3JtX2J1aWxkZXJbZm9ybV9idWlsZGVyX2ZpZWxkc19hdHRyaWJ1dGVzXVtdW2Zvcm1fZmllbGRfaWRdIiBWYWx1ZT0iMzY0IiBSZWNvcmRlZFZhbHVlPSIiIENvcnJlbGF0aW9uQmluZGluZz0iIiBVcmxFbmNvZGU9IlRydWUiIC8+DQogICAgICAgICAgICA8Rm9ybVBvc3RQYXJhbWV0ZXIgTmFtZT0icmVtb3ZlX2Zvcm1fYnVpbGRlcltmb3JtX2J1aWxkZXJfZmllbGRzX2F0dHJpYnV0ZXNdW11bZm9ybV9maWVsZF9pZF0iIFZhbHVlPSIxOTEiIFJlY29yZGVkVmFsdWU9IiIgQ29ycmVsYXRpb25CaW5kaW5nPSIiIFVybEVuY29kZT0iVHJ1ZSIgLz4NCiAgICAgICAgICAgIDxGb3JtUG9zdFBhcmFtZXRlciBOYW1lPSJyZW1vdmVfZm9ybV9idWlsZGVyW2Zvcm1fYnVpbGRlcl9maWVsZHNfYXR0cmlidXRlc11bXVtmb3JtX2ZpZWxkX2lkXSIgVmFsdWU9IjE5MiIgUmVjb3JkZWRWYWx1ZT0iIiBDb3JyZWxhdGlvbkJpbmRpbmc9IiIgVXJsRW5jb2RlPSJUcnVlIiAvPg0KICAgICAgICAgICAgPEZvcm1Qb3N0UGFyYW1ldGVyIE5hbWU9InJlbW92ZV9mb3JtX2J1aWxkZXJbZm9ybV9idWlsZGVyX2ZpZWxkc19hdHRyaWJ1dGVzXVtdW2Zvcm1fZmllbGRfaWRdIiBWYWx1ZT0iMjEyIiBSZWNvcmRlZFZhbHVlPSIiIENvcnJlbGF0aW9uQmluZGluZz0iIiBVcmxFbmNvZGU9IlRydWUiIC8+DQogICAgICAgICAgICA8Rm9ybVBvc3RQYXJhbWV0ZXIgTmFtZT0icmVtb3ZlX2Zvcm1fYnVpbGRlcltmb3JtX2J1aWxkZXJfZmllbGRzX2F0dHJpYnV0ZXNdW11bZm9ybV9maWVsZF9pZF0iIFZhbHVlPSIxMjkiIFJlY29yZGVkVmFsdWU9IiIgQ29ycmVsYXRpb25CaW5kaW5nPSIiIFVybEVuY29kZT0iVHJ1ZSIgLz4NCiAgICAgICAgICAgIDxGb3JtUG9zdFBhcmFtZXRlciBOYW1lPSJyZW1vdmVfZm9ybV9idWlsZGVyW2Zvcm1fYnVpbGRlcl9maWVsZHNfYXR0cmlidXRlc11bXVtmb3JtX2ZpZWxkX2lkXSIgVmFsdWU9IjU1IiBSZWNvcmRlZFZhbHVlPSIiIENvcnJlbGF0aW9uQmluZGluZz0iIiBVcmxFbmNvZGU9IlRydWUiIC8+DQogICAgICAgICAgICA8Rm9ybVBvc3RQYXJhbWV0ZXIgTmFtZT0icmVtb3ZlX2Zvcm1fYnVpbGRlcltmb3JtX2J1aWxkZXJfZmllbGRzX2F0dHJpYnV0ZXNdW11bZm9ybV9maWVsZF9pZF0iIFZhbHVlPSI0IiBSZWNvcmRlZFZhbHVlPSIiIENvcnJlbGF0aW9uQmluZGluZz0iIiBVcmxFbmNvZGU9IlRydWUiIC8+DQogICAgICAgICAgICA8Rm9ybVBvc3RQYXJhbWV0ZXIgTmFtZT0icmVtb3ZlX2Zvcm1fYnVpbGRlcltmb3JtX2J1aWxkZXJfZmllbGRzX2F0dHJpYnV0ZXNdW11bZm9ybV9maWVsZF9pZF0iIFZhbHVlPSIxODkiIFJlY29yZGVkVmFsdWU9IiIgQ29ycmVsYXRpb25CaW5kaW5nPSIiIFVybEVuY29kZT0iVHJ1ZSIgLz4NCiAgICAgICAgICAgIDxGb3JtUG9zdFBhcmFtZXRlciBOYW1lPSJyZW1vdmVfZm9ybV9idWlsZGVyW2Zvcm1fYnVpbGRlcl9maWVsZHNfYXR0cmlidXRlc11bXVtmb3JtX2ZpZWxkX2lkXSIgVmFsdWU9IjE4OCIgUmVjb3JkZWRWYWx1ZT0iIiBDb3JyZWxhdGlvbkJpbmRpbmc9IiIgVXJsRW5jb2RlPSJUcnVlIiAvPg0KICAgICAgICAgICAgPEZvcm1Qb3N0UGFyYW1ldGVyIE5hbWU9InJlbW92ZV9mb3JtX2J1aWxkZXJbZm9ybV9idWlsZGVyX2ZpZWxkc19hdHRyaWJ1dGVzXVtdW2Zvcm1fZmllbGRfaWRdIiBWYWx1ZT0iMTkwIiBSZWNvcmRlZFZhbHVlPSIiIENvcnJlbGF0aW9uQmluZGluZz0iIiBVcmxFbmNvZGU9IlRydWUiIC8+DQogICAgICAgICAgICA8Rm9ybVBvc3RQYXJhbWV0ZXIgTmFtZT0icmVtb3ZlX2Zvcm1fYnVpbGRlcltmb3JtX2J1aWxkZXJfZmllbGRzX2F0dHJpYnV0ZXNdW11bZm9ybV9maWVsZF9pZF0iIFZhbHVlPSIyNCIgUmVjb3JkZWRWYWx1ZT0iIiBDb3JyZWxhdGlvbkJpbmRpbmc9IiIgVXJsRW5jb2RlPSJUcnVlIiAvPg0KICAgICAgICAgICAgPEZvcm1Qb3N0UGFyYW1ldGVyIE5hbWU9InJlbW92ZV9mb3JtX2J1aWxkZXJbZm9ybV9idWlsZGVyX2ZpZWxkc19hdHRyaWJ1dGVzXVtdW2Zvcm1fZmllbGRfaWRdIiBWYWx1ZT0iMTEyIiBSZWNvcmRlZFZhbHVlPSIiIENvcnJlbGF0aW9uQmluZGluZz0iIiBVcmxFbmNvZGU9IlRydWUiIC8+DQogICAgICAgICAgICA8Rm9ybVBvc3RQYXJhbWV0ZXIgTmFtZT0icmVtb3ZlX2Zvcm1fYnVpbGRlcltmb3JtX2J1aWxkZXJfZmllbGRzX2F0dHJpYnV0ZXNdW11bZm9ybV9maWVsZF9pZF0iIFZhbHVlPSIxMjYiIFJlY29yZGVkVmFsdWU9IiIgQ29ycmVsYXRpb25CaW5kaW5nPSIiIFVybEVuY29kZT0iVHJ1ZSIgLz4NCiAgICAgICAgICAgIDxGb3JtUG9zdFBhcmFtZXRlciBOYW1lPSJyZW1vdmVfZm9ybV9idWlsZGVyW2Zvcm1fYnVpbGRlcl9maWVsZHNfYXR0cmlidXRlc11bXVtmb3JtX2ZpZWxkX2lkXSIgVmFsdWU9IjEyNCIgUmVjb3JkZWRWYWx1ZT0iIiBDb3JyZWxhdGlvbkJpbmRpbmc9IiIgVXJsRW5jb2RlPSJUcnVlIiAvPg0KICAgICAgICAgICAgPEZvcm1Qb3N0UGFyYW1ldGVyIE5hbWU9InJlbW92ZV9mb3JtX2J1aWxkZXJbZm9ybV9idWlsZGVyX2ZpZWxkc19hdHRyaWJ1dGVzXVtdW2Zvcm1fZmllbGRfaWRdIiBWYWx1ZT0iMTIxIiBSZWNvcmRlZFZhbHVlPSIiIENvcnJlbGF0aW9uQmluZGluZz0iIiBVcmxFbmNvZGU9IlRydWUiIC8+DQogICAgICAgICAgICA8Rm9ybVBvc3RQYXJhbWV0ZXIgTmFtZT0icmVtb3ZlX2Zvcm1fYnVpbGRlcltmb3JtX2J1aWxkZXJfZmllbGRzX2F0dHJpYnV0ZXNdW11bZm9ybV9maWVsZF9pZF0iIFZhbHVlPSIxMDkiIFJlY29yZGVkVmFsdWU9IiIgQ29ycmVsYXRpb25CaW5kaW5nPSIiIFVybEVuY29kZT0iVHJ1ZSIgLz4NCiAgICAgICAgICAgIDxGb3JtUG9zdFBhcmFtZXRlciBOYW1lPSJyZW1vdmVfZm9ybV9idWlsZGVyW2Zvcm1fYnVpbGRlcl9maWVsZHNfYXR0cmlidXRlc11bXVtmb3JtX2ZpZWxkX2lkXSIgVmFsdWU9IjI3IiBSZWNvcmRlZFZhbHVlPSIiIENvcnJlbGF0aW9uQmluZGluZz0iIiBVcmxFbmNvZGU9IlRydWUiIC8+DQogICAgICAgICAgICA8Rm9ybVBvc3RQYXJhbWV0ZXIgTmFtZT0icmVtb3ZlX2Zvcm1fYnVpbGRlcltmb3JtX2J1aWxkZXJfZmllbGRzX2F0dHJpYnV0ZXNdW11bZm9ybV9maWVsZF9pZF0iIFZhbHVlPSIzMCIgUmVjb3JkZWRWYWx1ZT0iIiBDb3JyZWxhdGlvbkJpbmRpbmc9IiIgVXJsRW5jb2RlPSJUcnVlIiAvPg0KICAgICAgICAgICAgPEZvcm1Qb3N0UGFyYW1ldGVyIE5hbWU9InJlbW92ZV9mb3JtX2J1aWxkZXJbZm9ybV9idWlsZGVyX2ZpZWxkc19hdHRyaWJ1dGVzXVtdW2Zvcm1fZmllbGRfaWRdIiBWYWx1ZT0iMTA3IiBSZWNvcmRlZFZhbHVlPSIiIENvcnJlbGF0aW9uQmluZGluZz0iIiBVcmxFbmNvZGU9IlRydWUiIC8+DQogICAgICAgICAgICA8Rm9ybVBvc3RQYXJhbWV0ZXIgTmFtZT0icmVtb3ZlX2Zvcm1fYnVpbGRlcltmb3JtX2J1aWxkZXJfZmllbGRzX2F0dHJpYnV0ZXNdW11bZm9ybV9maWVsZF9pZF0iIFZhbHVlPSIxMjUiIFJlY29yZGVkVmFsdWU9IiIgQ29ycmVsYXRpb25CaW5kaW5nPSIiIFVybEVuY29kZT0iVHJ1ZSIgLz4NCiAgICAgICAgICAgIDxGb3JtUG9zdFBhcmFtZXRlciBOYW1lPSJyZW1vdmVfZm9ybV9idWlsZGVyW2Zvcm1fYnVpbGRlcl9maWVsZHNfYXR0cmlidXRlc11bXVtmb3JtX2ZpZWxkX2lkXSIgVmFsdWU9IjIyIiBSZWNvcmRlZFZhbHVlPSIiIENvcnJlbGF0aW9uQmluZGluZz0iIiBVcmxFbmNvZGU9IlRydWUiIC8+DQogICAgICAgICAgICA8Rm9ybVBvc3RQYXJhbWV0ZXIgTmFtZT0icmVtb3ZlX2Zvcm1fYnVpbGRlcltmb3JtX2J1aWxkZXJfZmllbGRzX2F0dHJpYnV0ZXNdW11bZm9ybV9maWVsZF9pZF0iIFZhbHVlPSI1OSIgUmVjb3JkZWRWYWx1ZT0iIiBDb3JyZWxhdGlvbkJpbmRpbmc9IiIgVXJsRW5jb2RlPSJUcnVlIiAvPg0KICAgICAgICAgICAgPEZvcm1Qb3N0UGFyYW1ldGVyIE5hbWU9InJlbW92ZV9mb3JtX2J1aWxkZXJbZm9ybV9idWlsZGVyX2ZpZWxkc19hdHRyaWJ1dGVzXVtdW2Zvcm1fZmllbGRfaWRdIiBWYWx1ZT0iMjgiIFJlY29yZGVkVmFsdWU9IiIgQ29ycmVsYXRpb25CaW5kaW5nPSIiIFVybEVuY29kZT0iVHJ1ZSIgLz4NCiAgICAgICAgICAgIDxGb3JtUG9zdFBhcmFtZXRlciBOYW1lPSJyZW1vdmVfZm9ybV9idWlsZGVyW2Zvcm1fYnVpbGRlcl9maWVsZHNfYXR0cmlidXRlc11bXVtmb3JtX2ZpZWxkX2lkXSIgVmFsdWU9IjIzIiBSZWNvcmRlZFZhbHVlPSIiIENvcnJlbGF0aW9uQmluZGluZz0iIiBVcmxFbmNvZGU9IlRydWUiIC8+DQogICAgICAgICAgICA8Rm9ybVBvc3RQYXJhbWV0ZXIgTmFtZT0icmVtb3ZlX2Zvcm1fYnVpbGRlcltmb3JtX2J1aWxkZXJfZmllbGRzX2F0dHJpYnV0ZXNdW11bZm9ybV9maWVsZF9pZF0iIFZhbHVlPSIzMyIgUmVjb3JkZWRWYWx1ZT0iIiBDb3JyZWxhdGlvbkJpbmRpbmc9IiIgVXJsRW5jb2RlPSJUcnVlIiAvPg0KICAgICAgICAgICAgPEZvcm1Qb3N0UGFyYW1ldGVyIE5hbWU9InJlbW92ZV9mb3JtX2J1aWxkZXJbZm9ybV9idWlsZGVyX2ZpZWxkc19hdHRyaWJ1dGVzXVtdW2Zvcm1fZmllbGRfaWRdIiBWYWx1ZT0iMzEiIFJlY29yZGVkVmFsdWU9IiIgQ29ycmVsYXRpb25CaW5kaW5nPSIiIFVybEVuY29kZT0iVHJ1ZSIgLz4NCiAgICAgICAgICAgIDxGb3JtUG9zdFBhcmFtZXRlciBOYW1lPSJyZW1vdmVfZm9ybV9idWlsZGVyW2Zvcm1fYnVpbGRlcl9maWVsZHNfYXR0cmlidXRlc11bXVtmb3JtX2ZpZWxkX2lkXSIgVmFsdWU9IjMyIiBSZWNvcmRlZFZhbHVlPSIiIENvcnJlbGF0aW9uQmluZGluZz0iIiBVcmxFbmNvZGU9IlRydWUiIC8+DQogICAgICAgICAgICA8Rm9ybVBvc3RQYXJhbWV0ZXIgTmFtZT0icmVtb3ZlX2Zvcm1fYnVpbGRlcltmb3JtX2J1aWxkZXJfZmllbGRzX2F0dHJpYnV0ZXNdW11bZm9ybV9maWVsZF9pZF0iIFZhbHVlPSIzNiIgUmVjb3JkZWRWYWx1ZT0iIiBDb3JyZWxhdGlvbkJpbmRpbmc9IiIgVXJsRW5jb2RlPSJUcnVlIiAvPg0KICAgICAgICAgICAgPEZvcm1Qb3N0UGFyYW1ldGVyIE5hbWU9InJlbW92ZV9mb3JtX2J1aWxkZXJbZm9ybV9idWlsZGVyX2ZpZWxkc19hdHRyaWJ1dGVzXVtdW2Zvcm1fZmllbGRfaWRdIiBWYWx1ZT0iMTc1IiBSZWNvcmRlZFZhbHVlPSIiIENvcnJlbGF0aW9uQmluZGluZz0iIiBVcmxFbmNvZGU9IlRydWUiIC8+DQogICAgICAgICAgICA8Rm9ybVBvc3RQYXJhbWV0ZXIgTmFtZT0icmVtb3ZlX2Zvcm1fYnVpbGRlcltmb3JtX2J1aWxkZXJfZmllbGRzX2F0dHJpYnV0ZXNdW11bZm9ybV9maWVsZF9pZF0iIFZhbHVlPSIxMTkiIFJlY29yZGVkVmFsdWU9IiIgQ29ycmVsYXRpb25CaW5kaW5nPSIiIFVybEVuY29kZT0iVHJ1ZSIgLz4NCiAgICAgICAgICAgIDxGb3JtUG9zdFBhcmFtZXRlciBOYW1lPSJyZW1vdmVfZm9ybV9idWlsZGVyW2Zvcm1fYnVpbGRlcl9maWVsZHNfYXR0cmlidXRlc11bXVtmb3JtX2ZpZWxkX2lkXSIgVmFsdWU9IjEwMyIgUmVjb3JkZWRWYWx1ZT0iIiBDb3JyZWxhdGlvbkJpbmRpbmc9IiIgVXJsRW5jb2RlPSJUcnVlIiAvPg0KICAgICAgICAgICAgPEZvcm1Qb3N0UGFyYW1ldGVyIE5hbWU9InJlbW92ZV9mb3JtX2J1aWxkZXJbZm9ybV9idWlsZGVyX2ZpZWxkc19hdHRyaWJ1dGVzXVtdW2Zvcm1fZmllbGRfaWRdIiBWYWx1ZT0iMjYwIiBSZWNvcmRlZFZhbHVlPSIiIENvcnJlbGF0aW9uQmluZGluZz0iIiBVcmxFbmNvZGU9IlRydWUiIC8+DQogICAgICAgICAgICA8Rm9ybVBvc3RQYXJhbWV0ZXIgTmFtZT0icmVtb3ZlX2Zvcm1fYnVpbGRlcltmb3JtX2J1aWxkZXJfZmllbGRzX2F0dHJpYnV0ZXNdW11bZm9ybV9maWVsZF9pZF0iIFZhbHVlPSIyNjIiIFJlY29yZGVkVmFsdWU9IiIgQ29ycmVsYXRpb25CaW5kaW5nPSIiIFVybEVuY29kZT0iVHJ1ZSIgLz4NCiAgICAgICAgICAgIDxGb3JtUG9zdFBhcmFtZXRlciBOYW1lPSJyZW1vdmVfZm9ybV9idWlsZGVyW2Zvcm1fYnVpbGRlcl9maWVsZHNfYXR0cmlidXRlc11bXVtmb3JtX2ZpZWxkX2lkXSIgVmFsdWU9IjMwNCIgUmVjb3JkZWRWYWx1ZT0iIiBDb3JyZWxhdGlvbkJpbmRpbmc9IiIgVXJsRW5jb2RlPSJUcnVlIiAvPg0KICAgICAgICAgICAgPEZvcm1Qb3N0UGFyYW1ldGVyIE5hbWU9InJlbW92ZV9mb3JtX2J1aWxkZXJbZm9ybV9idWlsZGVyX2ZpZWxkc19hdHRyaWJ1dGVzXVtdW2Zvcm1fZmllbGRfaWRdIiBWYWx1ZT0iMjk5IiBSZWNvcmRlZFZhbHVlPSIiIENvcnJlbGF0aW9uQmluZGluZz0iIiBVcmxFbmNvZGU9IlRydWUiIC8+DQogICAgICAgICAgICA8Rm9ybVBvc3RQYXJhbWV0ZXIgTmFtZT0icmVtb3ZlX2Zvcm1fYnVpbGRlcltmb3JtX2J1aWxkZXJfZmllbGRzX2F0dHJpYnV0ZXNdW11bZm9ybV9maWVsZF9pZF0iIFZhbHVlPSIyNzMiIFJlY29yZGVkVmFsdWU9IiIgQ29ycmVsYXRpb25CaW5kaW5nPSIiIFVybEVuY29kZT0iVHJ1ZSIgLz4NCiAgICAgICAgICAgIDxGb3JtUG9zdFBhcmFtZXRlciBOYW1lPSJyZW1vdmVfZm9ybV9idWlsZGVyW2Zvcm1fYnVpbGRlcl9maWVsZHNfYXR0cmlidXRlc11bXVtmb3JtX2ZpZWxkX2lkXSIgVmFsdWU9IjMwMSIgUmVjb3JkZWRWYWx1ZT0iIiBDb3JyZWxhdGlvbkJpbmRpbmc9IiIgVXJsRW5jb2RlPSJUcnVlIiAvPg0KICAgICAgICAgICAgPEZvcm1Qb3N0UGFyYW1ldGVyIE5hbWU9InJlbW92ZV9mb3JtX2J1aWxkZXJbZm9ybV9idWlsZGVyX2ZpZWxkc19hdHRyaWJ1dGVzXVtdW2Zvcm1fZmllbGRfaWRdIiBWYWx1ZT0iMzAwIiBSZWNvcmRlZFZhbHVlPSIiIENvcnJlbGF0aW9uQmluZGluZz0iIiBVcmxFbmNvZGU9IlRydWUiIC8+DQogICAgICAgICAgICA8Rm9ybVBvc3RQYXJhbWV0ZXIgTmFtZT0icmVtb3ZlX2Zvcm1fYnVpbGRlcltmb3JtX2J1aWxkZXJfZmllbGRzX2F0dHJpYnV0ZXNdW11bZm9ybV9maWVsZF9pZF0iIFZhbHVlPSIzMDUiIFJlY29yZGVkVmFsdWU9IiIgQ29ycmVsYXRpb25CaW5kaW5nPSIiIFVybEVuY29kZT0iVHJ1ZSIgLz4NCiAgICAgICAgICAgIDxGb3JtUG9zdFBhcmFtZXRlciBOYW1lPSJyZW1vdmVfZm9ybV9idWlsZGVyW2Zvcm1fYnVpbGRlcl9maWVsZHNfYXR0cmlidXRlc11bXVtmb3JtX2ZpZWxkX2lkXSIgVmFsdWU9IjIyNCIgUmVjb3JkZWRWYWx1ZT0iIiBDb3JyZWxhdGlvbkJpbmRpbmc9IiIgVXJsRW5jb2RlPSJUcnVlIiAvPg0KICAgICAgICAgICAgPEZvcm1Qb3N0UGFyYW1ldGVyIE5hbWU9InJlbW92ZV9mb3JtX2J1aWxkZXJbZm9ybV9idWlsZGVyX2ZpZWxkc19hdHRyaWJ1dGVzXVtdW2Zvcm1fZmllbGRfaWRdIiBWYWx1ZT0iMzI0IiBSZWNvcmRlZFZhbHVlPSIiIENvcnJlbGF0aW9uQmluZGluZz0iIiBVcmxFbmNvZGU9IlRydWUiIC8+DQogICAgICAgICAgICA8Rm9ybVBvc3RQYXJhbWV0ZXIgTmFtZT0icmVtb3ZlX2Zvcm1fYnVpbGRlcltmb3JtX2J1aWxkZXJfZmllbGRzX2F0dHJpYnV0ZXNdW11bZm9ybV9maWVsZF9pZF0iIFZhbHVlPSIxMyIgUmVjb3JkZWRWYWx1ZT0iIiBDb3JyZWxhdGlvbkJpbmRpbmc9IiIgVXJsRW5jb2RlPSJUcnVlIiAvPg0KICAgICAgICAgICAgPEZvcm1Qb3N0UGFyYW1ldGVyIE5hbWU9InJlbW92ZV9mb3JtX2J1aWxkZXJbZm9ybV9idWlsZGVyX2ZpZWxkc19hdHRyaWJ1dGVzXVtdW2Zvcm1fZmllbGRfaWRdIiBWYWx1ZT0iMjIzIiBSZWNvcmRlZFZhbHVlPSIiIENvcnJlbGF0aW9uQmluZGluZz0iIiBVcmxFbmNvZGU9IlRydWUiIC8+DQogICAgICAgICAgICA8Rm9ybVBvc3RQYXJhbWV0ZXIgTmFtZT0icmVtb3ZlX2Zvcm1fYnVpbGRlcltmb3JtX2J1aWxkZXJfZmllbGRzX2F0dHJpYnV0ZXNdW11bZm9ybV9maWVsZF9pZF0iIFZhbHVlPSIxNzciIFJlY29yZGVkVmFsdWU9IiIgQ29ycmVsYXRpb25CaW5kaW5nPSIiIFVybEVuY29kZT0iVHJ1ZSIgLz4NCiAgICAgICAgICAgIDxGb3JtUG9zdFBhcmFtZXRlciBOYW1lPSJyZW1vdmVfZm9ybV9idWlsZGVyW2Zvcm1fYnVpbGRlcl9maWVsZHNfYXR0cmlidXRlc11bXVtmb3JtX2ZpZWxkX2lkXSIgVmFsdWU9IjIyMSIgUmVjb3JkZWRWYWx1ZT0iIiBDb3JyZWxhdGlvbkJpbmRpbmc9IiIgVXJsRW5jb2RlPSJUcnVlIiAvPg0KICAgICAgICAgICAgPEZvcm1Qb3N0UGFyYW1ldGVyIE5hbWU9InJlbW92ZV9mb3JtX2J1aWxkZXJbZm9ybV9idWlsZGVyX2ZpZWxkc19hdHRyaWJ1dGVzXVtdW2Zvcm1fZmllbGRfaWRdIiBWYWx1ZT0iMjIyIiBSZWNvcmRlZFZhbHVlPSIiIENvcnJlbGF0aW9uQmluZGluZz0iIiBVcmxFbmNvZGU9IlRydWUiIC8+DQogICAgICAgICAgICA8Rm9ybVBvc3RQYXJhbWV0ZXIgTmFtZT0icmVtb3ZlX2Zvcm1fYnVpbGRlcltmb3JtX2J1aWxkZXJfZmllbGRzX2F0dHJpYnV0ZXNdW11bZm9ybV9maWVsZF9pZF0iIFZhbHVlPSIxMjAiIFJlY29yZGVkVmFsdWU9IiIgQ29ycmVsYXRpb25CaW5kaW5nPSIiIFVybEVuY29kZT0iVHJ1ZSIgLz4NCiAgICAgICAgICAgIDxGb3JtUG9zdFBhcmFtZXRlciBOYW1lPSJyZW1vdmVfZm9ybV9idWlsZGVyW2Zvcm1fYnVpbGRlcl9maWVsZHNfYXR0cmlidXRlc11bXVtmb3JtX2ZpZWxkX2lkXSIgVmFsdWU9IjEwIiBSZWNvcmRlZFZhbHVlPSIiIENvcnJlbGF0aW9uQmluZGluZz0iIiBVcmxFbmNvZGU9IlRydWUiIC8+DQogICAgICAgICAgICA8Rm9ybVBvc3RQYXJhbWV0ZXIgTmFtZT0icmVtb3ZlX2Zvcm1fYnVpbGRlcltmb3JtX2J1aWxkZXJfZmllbGRzX2F0dHJpYnV0ZXNdW11bZm9ybV9maWVsZF9pZF0iIFZhbHVlPSIyMTgiIFJlY29yZGVkVmFsdWU9IiIgQ29ycmVsYXRpb25CaW5kaW5nPSIiIFVybEVuY29kZT0iVHJ1ZSIgLz4NCiAgICAgICAgICAgIDxGb3JtUG9zdFBhcmFtZXRlciBOYW1lPSJyZW1vdmVfZm9ybV9idWlsZGVyW2Zvcm1fYnVpbGRlcl9maWVsZHNfYXR0cmlidXRlc11bXVtmb3JtX2ZpZWxkX2lkXSIgVmFsdWU9IjE1IiBSZWNvcmRlZFZhbHVlPSIiIENvcnJlbGF0aW9uQmluZGluZz0iIiBVcmxFbmNvZGU9IlRydWUiIC8+DQogICAgICAgICAgICA8Rm9ybVBvc3RQYXJhbWV0ZXIgTmFtZT0icmVtb3ZlX2Zvcm1fYnVpbGRlcltmb3JtX2J1aWxkZXJfZmllbGRzX2F0dHJpYnV0ZXNdW11bZm9ybV9maWVsZF9pZF0iIFZhbHVlPSIyNDIiIFJlY29yZGVkVmFsdWU9IiIgQ29ycmVsYXRpb25CaW5kaW5nPSIiIFVybEVuY29kZT0iVHJ1ZSIgLz4NCiAgICAgICAgICAgIDxGb3JtUG9zdFBhcmFtZXRlciBOYW1lPSJyZW1vdmVfZm9ybV9idWlsZGVyW2Zvcm1fYnVpbGRlcl9maWVsZHNfYXR0cmlidXRlc11bXVtmb3JtX2ZpZWxkX2lkXSIgVmFsdWU9IjI0MyIgUmVjb3JkZWRWYWx1ZT0iIiBDb3JyZWxhdGlvbkJpbmRpbmc9IiIgVXJsRW5jb2RlPSJUcnVlIiAvPg0KICAgICAgICAgICAgPEZvcm1Qb3N0UGFyYW1ldGVyIE5hbWU9InJlbW92ZV9mb3JtX2J1aWxkZXJbZm9ybV9idWlsZGVyX2ZpZWxkc19hdHRyaWJ1dGVzXVtdW2Zvcm1fZmllbGRfaWRdIiBWYWx1ZT0iMjc3IiBSZWNvcmRlZFZhbHVlPSIiIENvcnJlbGF0aW9uQmluZGluZz0iIiBVcmxFbmNvZGU9IlRydWUiIC8+DQogICAgICAgICAgICA8Rm9ybVBvc3RQYXJhbWV0ZXIgTmFtZT0icmVtb3ZlX2Zvcm1fYnVpbGRlcltmb3JtX2J1aWxkZXJfZmllbGRzX2F0dHJpYnV0ZXNdW11bZm9ybV9maWVsZF9pZF0iIFZhbHVlPSIyNTUiIFJlY29yZGVkVmFsdWU9IiIgQ29ycmVsYXRpb25CaW5kaW5nPSIiIFVybEVuY29kZT0iVHJ1ZSIgLz4NCiAgICAgICAgICAgIDxGb3JtUG9zdFBhcmFtZXRlciBOYW1lPSJyZW1vdmVfZm9ybV9idWlsZGVyW2Zvcm1fYnVpbGRlcl9maWVsZHNfYXR0cmlidXRlc11bXVtmb3JtX2ZpZWxkX2lkXSIgVmFsdWU9IjM1MiIgUmVjb3JkZWRWYWx1ZT0iIiBDb3JyZWxhdGlvbkJpbmRpbmc9IiIgVXJsRW5jb2RlPSJUcnVlIiAvPg0KICAgICAgICAgICAgPEZvcm1Qb3N0UGFyYW1ldGVyIE5hbWU9InJlbW92ZV9mb3JtX2J1aWxkZXJbZm9ybV9idWlsZGVyX2ZpZWxkc19hdHRyaWJ1dGVzXVtdW2Zvcm1fZmllbGRfaWRdIiBWYWx1ZT0iMzUzIiBSZWNvcmRlZFZhbHVlPSIiIENvcnJlbGF0aW9uQmluZGluZz0iIiBVcmxFbmNvZGU9IlRydWUiIC8+DQogICAgICAgICAgICA8Rm9ybVBvc3RQYXJhbWV0ZXIgTmFtZT0icmVtb3ZlX2Zvcm1fYnVpbGRlcltmb3JtX2J1aWxkZXJfZmllbGRzX2F0dHJpYnV0ZXNdW11bZm9ybV9maWVsZF9pZF0iIFZhbHVlPSIzNTQiIFJlY29yZGVkVmFsdWU9IiIgQ29ycmVsYXRpb25CaW5kaW5nPSIiIFVybEVuY29kZT0iVHJ1ZSIgLz4NCiAgICAgICAgICAgIDxGb3JtUG9zdFBhcmFtZXRlciBOYW1lPSJyZW1vdmVfZm9ybV9idWlsZGVyW2Zvcm1fYnVpbGRlcl9maWVsZHNfYXR0cmlidXRlc11bXVtmb3JtX2ZpZWxkX2lkXSIgVmFsdWU9IjI2OSIgUmVjb3JkZWRWYWx1ZT0iIiBDb3JyZWxhdGlvbkJpbmRpbmc9IiIgVXJsRW5jb2RlPSJUcnVlIiAvPg0KICAgICAgICAgICAgPEZvcm1Qb3N0UGFyYW1ldGVyIE5hbWU9InJlbW92ZV9mb3JtX2J1aWxkZXJbZm9ybV9idWlsZGVyX2ZpZWxkc19hdHRyaWJ1dGVzXVtdW2Zvcm1fZmllbGRfaWRdIiBWYWx1ZT0iMzI5IiBSZWNvcmRlZFZhbHVlPSIiIENvcnJlbGF0aW9uQmluZGluZz0iIiBVcmxFbmNvZGU9IlRydWUiIC8+DQogICAgICAgICAgICA8Rm9ybVBvc3RQYXJhbWV0ZXIgTmFtZT0icmVtb3ZlX2Zvcm1fYnVpbGRlcltmb3JtX2J1aWxkZXJfZmllbGRzX2F0dHJpYnV0ZXNdW11bZm9ybV9maWVsZF9pZF0iIFZhbHVlPSIyNzEiIFJlY29yZGVkVmFsdWU9IiIgQ29ycmVsYXRpb25CaW5kaW5nPSIiIFVybEVuY29kZT0iVHJ1ZSIgLz4NCiAgICAgICAgICAgIDxGb3JtUG9zdFBhcmFtZXRlciBOYW1lPSJyZW1vdmVfZm9ybV9idWlsZGVyW2Zvcm1fYnVpbGRlcl9maWVsZHNfYXR0cmlidXRlc11bXVtmb3JtX2ZpZWxkX2lkXSIgVmFsdWU9IjMyMSIgUmVjb3JkZWRWYWx1ZT0iIiBDb3JyZWxhdGlvbkJpbmRpbmc9IiIgVXJsRW5jb2RlPSJUcnVlIiAvPg0KICAgICAgICAgICAgPEZvcm1Qb3N0UGFyYW1ldGVyIE5hbWU9InJlbW92ZV9mb3JtX2J1aWxkZXJbZm9ybV9idWlsZGVyX2ZpZWxkc19hdHRyaWJ1dGVzXVtdW2Zvcm1fZmllbGRfaWRdIiBWYWx1ZT0iMjk4IiBSZWNvcmRlZFZhbHVlPSIiIENvcnJlbGF0aW9uQmluZGluZz0iIiBVcmxFbmNvZGU9IlRydWUiIC8+DQogICAgICAgICAgICA8Rm9ybVBvc3RQYXJhbWV0ZXIgTmFtZT0icmVtb3ZlX2Zvcm1fYnVpbGRlcltmb3JtX2J1aWxkZXJfZmllbGRzX2F0dHJpYnV0ZXNdW11bZm9ybV9maWVsZF9pZF0iIFZhbHVlPSIyNDAiIFJlY29yZGVkVmFsdWU9IiIgQ29ycmVsYXRpb25CaW5kaW5nPSIiIFVybEVuY29kZT0iVHJ1ZSIgLz4NCiAgICAgICAgICAgIDxGb3JtUG9zdFBhcmFtZXRlciBOYW1lPSJyZW1vdmVfZm9ybV9idWlsZGVyW2Zvcm1fYnVpbGRlcl9maWVsZHNfYXR0cmlidXRlc11bXVtmb3JtX2ZpZWxkX2lkXSIgVmFsdWU9IjI3MCIgUmVjb3JkZWRWYWx1ZT0iIiBDb3JyZWxhdGlvbkJpbmRpbmc9IiIgVXJsRW5jb2RlPSJUcnVlIiAvPg0KICAgICAgICAgICAgPEZvcm1Qb3N0UGFyYW1ldGVyIE5hbWU9InJlbW92ZV9mb3JtX2J1aWxkZXJbZm9ybV9idWlsZGVyX2ZpZWxkc19hdHRyaWJ1dGVzXVtdW2Zvcm1fZmllbGRfaWRdIiBWYWx1ZT0iMzEzIiBSZWNvcmRlZFZhbHVlPSIiIENvcnJlbGF0aW9uQmluZGluZz0iIiBVcmxFbmNvZGU9IlRydWUiIC8+DQogICAgICAgICAgICA8Rm9ybVBvc3RQYXJhbWV0ZXIgTmFtZT0icmVtb3ZlX2Zvcm1fYnVpbGRlcltmb3JtX2J1aWxkZXJfZmllbGRzX2F0dHJpYnV0ZXNdW11bZm9ybV9maWVsZF9pZF0iIFZhbHVlPSIzNDAiIFJlY29yZGVkVmFsdWU9IiIgQ29ycmVsYXRpb25CaW5kaW5nPSIiIFVybEVuY29kZT0iVHJ1ZSIgLz4NCiAgICAgICAgICAgIDxGb3JtUG9zdFBhcmFtZXRlciBOYW1lPSJyZW1vdmVfZm9ybV9idWlsZGVyW2Zvcm1fYnVpbGRlcl9maWVsZHNfYXR0cmlidXRlc11bXVtmb3JtX2ZpZWxkX2lkXSIgVmFsdWU9IjMyOCIgUmVjb3JkZWRWYWx1ZT0iIiBDb3JyZWxhdGlvbkJpbmRpbmc9IiIgVXJsRW5jb2RlPSJUcnVlIiAvPg0KICAgICAgICAgICAgPEZvcm1Qb3N0UGFyYW1ldGVyIE5hbWU9InJlbW92ZV9mb3JtX2J1aWxkZXJbZm9ybV9idWlsZGVyX2ZpZWxkc19hdHRyaWJ1dGVzXVtdW2Zvcm1fZmllbGRfaWRdIiBWYWx1ZT0iMTc2IiBSZWNvcmRlZFZhbHVlPSIiIENvcnJlbGF0aW9uQmluZGluZz0iIiBVcmxFbmNvZGU9IlRydWUiIC8+DQogICAgICAgICAgICA8Rm9ybVBvc3RQYXJhbWV0ZXIgTmFtZT0icmVtb3ZlX2Zvcm1fYnVpbGRlcltmb3JtX2J1aWxkZXJfZmllbGRzX2F0dHJpYnV0ZXNdW11bZm9ybV9maWVsZF9pZF0iIFZhbHVlPSIyOTYiIFJlY29yZGVkVmFsdWU9IiIgQ29ycmVsYXRpb25CaW5kaW5nPSIiIFVybEVuY29kZT0iVHJ1ZSIgLz4NCiAgICAgICAgICAgIDxGb3JtUG9zdFBhcmFtZXRlciBOYW1lPSJyZW1vdmVfZm9ybV9idWlsZGVyW2Zvcm1fYnVpbGRlcl9maWVsZHNfYXR0cmlidXRlc11bXVtmb3JtX2ZpZWxkX2lkXSIgVmFsdWU9IjEzNSIgUmVjb3JkZWRWYWx1ZT0iIiBDb3JyZWxhdGlvbkJpbmRpbmc9IiIgVXJsRW5jb2RlPSJUcnVlIiAvPg0KICAgICAgICAgICAgPEZvcm1Qb3N0UGFyYW1ldGVyIE5hbWU9InJlbW92ZV9mb3JtX2J1aWxkZXJbZm9ybV9idWlsZGVyX2ZpZWxkc19hdHRyaWJ1dGVzXVtdW2Zvcm1fZmllbGRfaWRdIiBWYWx1ZT0iMjA0IiBSZWNvcmRlZFZhbHVlPSIiIENvcnJlbGF0aW9uQmluZGluZz0iIiBVcmxFbmNvZGU9IlRydWUiIC8+DQogICAgICAgICAgICA8Rm9ybVBvc3RQYXJhbWV0ZXIgTmFtZT0icmVtb3ZlX2Zvcm1fYnVpbGRlcltmb3JtX2J1aWxkZXJfZmllbGRzX2F0dHJpYnV0ZXNdW11bZm9ybV9maWVsZF9pZF0iIFZhbHVlPSIzNCIgUmVjb3JkZWRWYWx1ZT0iIiBDb3JyZWxhdGlvbkJpbmRpbmc9IiIgVXJsRW5jb2RlPSJUcnVlIiAvPg0KICAgICAgICAgICAgPEZvcm1Qb3N0UGFyYW1ldGVyIE5hbWU9InJlbW92ZV9mb3JtX2J1aWxkZXJbZm9ybV9idWlsZGVyX2ZpZWxkc19hdHRyaWJ1dGVzXVtdW2Zvcm1fZmllbGRfaWRdIiBWYWx1ZT0iMjY4IiBSZWNvcmRlZFZhbHVlPSIiIENvcnJlbGF0aW9uQmluZGluZz0iIiBVcmxFbmNvZGU9IlRydWUiIC8+DQogICAgICAgICAgICA8Rm9ybVBvc3RQYXJhbWV0ZXIgTmFtZT0icmVtb3ZlX2Zvcm1fYnVpbGRlcltmb3JtX2J1aWxkZXJfZmllbGRzX2F0dHJpYnV0ZXNdW11bZm9ybV9maWVsZF9pZF0iIFZhbHVlPSI2IiBSZWNvcmRlZFZhbHVlPSIiIENvcnJlbGF0aW9uQmluZGluZz0iIiBVcmxFbmNvZGU9IlRydWUiIC8+DQogICAgICAgICAgICA8Rm9ybVBvc3RQYXJhbWV0ZXIgTmFtZT0icmVtb3ZlX2Zvcm1fYnVpbGRlcltmb3JtX2J1aWxkZXJfZmllbGRzX2F0dHJpYnV0ZXNdW11bZm9ybV9maWVsZF9pZF0iIFZhbHVlPSI5OCIgUmVjb3JkZWRWYWx1ZT0iIiBDb3JyZWxhdGlvbkJpbmRpbmc9IiIgVXJsRW5jb2RlPSJUcnVlIiAvPg0KICAgICAgICAgICAgPEZvcm1Qb3N0UGFyYW1ldGVyIE5hbWU9InJlbW92ZV9mb3JtX2J1aWxkZXJbZm9ybV9idWlsZGVyX2ZpZWxkc19hdHRyaWJ1dGVzXVtdW2Zvcm1fZmllbGRfaWRdIiBWYWx1ZT0iOTEiIFJlY29yZGVkVmFsdWU9IiIgQ29ycmVsYXRpb25CaW5kaW5nPSIiIFVybEVuY29kZT0iVHJ1ZSIgLz4NCiAgICAgICAgICAgIDxGb3JtUG9zdFBhcmFtZXRlciBOYW1lPSJyZW1vdmVfZm9ybV9idWlsZGVyW2Zvcm1fYnVpbGRlcl9maWVsZHNfYXR0cmlidXRlc11bXVtmb3JtX2ZpZWxkX2lkXSIgVmFsdWU9IjE2OSIgUmVjb3JkZWRWYWx1ZT0iIiBDb3JyZWxhdGlvbkJpbmRpbmc9IiIgVXJsRW5jb2RlPSJUcnVlIiAvPg0KICAgICAgICAgICAgPEZvcm1Qb3N0UGFyYW1ldGVyIE5hbWU9InJlbW92ZV9mb3JtX2J1aWxkZXJbZm9ybV9idWlsZGVyX2ZpZWxkc19hdHRyaWJ1dGVzXVtdW2Zvcm1fZmllbGRfaWRdIiBWYWx1ZT0iMTAxIiBSZWNvcmRlZFZhbHVlPSIiIENvcnJlbGF0aW9uQmluZGluZz0iIiBVcmxFbmNvZGU9IlRydWUiIC8+DQogICAgICAgICAgICA8Rm9ybVBvc3RQYXJhbWV0ZXIgTmFtZT0icmVtb3ZlX2Zvcm1fYnVpbGRlcltmb3JtX2J1aWxkZXJfZmllbGRzX2F0dHJpYnV0ZXNdW11bZm9ybV9maWVsZF9pZF0iIFZhbHVlPSI4MyIgUmVjb3JkZWRWYWx1ZT0iIiBDb3JyZWxhdGlvbkJpbmRpbmc9IiIgVXJsRW5jb2RlPSJUcnVlIiAvPg0KICAgICAgICAgICAgPEZvcm1Qb3N0UGFyYW1ldGVyIE5hbWU9InJlbW92ZV9mb3JtX2J1aWxkZXJbZm9ybV9idWlsZGVyX2ZpZWxkc19hdHRyaWJ1dGVzXVtdW2Zvcm1fZmllbGRfaWRdIiBWYWx1ZT0iMjAyIiBSZWNvcmRlZFZhbHVlPSIiIENvcnJlbGF0aW9uQmluZGluZz0iIiBVcmxFbmNvZGU9IlRydWUiIC8+DQogICAgICAgICAgICA8Rm9ybVBvc3RQYXJhbWV0ZXIgTmFtZT0icmVtb3ZlX2Zvcm1fYnVpbGRlcltmb3JtX2J1aWxkZXJfZmllbGRzX2F0dHJpYnV0ZXNdW11bZm9ybV9maWVsZF9pZF0iIFZhbHVlPSIyMzUiIFJlY29yZGVkVmFsdWU9IiIgQ29ycmVsYXRpb25CaW5kaW5nPSIiIFVybEVuY29kZT0iVHJ1ZSIgLz4NCiAgICAgICAgICAgIDxGb3JtUG9zdFBhcmFtZXRlciBOYW1lPSJyZW1vdmVfZm9ybV9idWlsZGVyW2Zvcm1fYnVpbGRlcl9maWVsZHNfYXR0cmlidXRlc11bXVtmb3JtX2ZpZWxkX2lkXSIgVmFsdWU9IjE1MiIgUmVjb3JkZWRWYWx1ZT0iIiBDb3JyZWxhdGlvbkJpbmRpbmc9IiIgVXJsRW5jb2RlPSJUcnVlIiAvPg0KICAgICAgICAgICAgPEZvcm1Qb3N0UGFyYW1ldGVyIE5hbWU9InJlbW92ZV9mb3JtX2J1aWxkZXJbZm9ybV9idWlsZGVyX2ZpZWxkc19hdHRyaWJ1dGVzXVtdW2Zvcm1fZmllbGRfaWRdIiBWYWx1ZT0iMTQ0IiBSZWNvcmRlZFZhbHVlPSIiIENvcnJlbGF0aW9uQmluZGluZz0iIiBVcmxFbmNvZGU9IlRydWUiIC8+DQogICAgICAgICAgICA8Rm9ybVBvc3RQYXJhbWV0ZXIgTmFtZT0icmVtb3ZlX2Zvcm1fYnVpbGRlcltmb3JtX2J1aWxkZXJfZmllbGRzX2F0dHJpYnV0ZXNdW11bZm9ybV9maWVsZF9pZF0iIFZhbHVlPSIxNTMiIFJlY29yZGVkVmFsdWU9IiIgQ29ycmVsYXRpb25CaW5kaW5nPSIiIFVybEVuY29kZT0iVHJ1ZSIgLz4NCiAgICAgICAgICAgIDxGb3JtUG9zdFBhcmFtZXRlciBOYW1lPSJyZW1vdmVfZm9ybV9idWlsZGVyW2Zvcm1fYnVpbGRlcl9maWVsZHNfYXR0cmlidXRlc11bXVtmb3JtX2ZpZWxkX2lkXSIgVmFsdWU9IjE0OCIgUmVjb3JkZWRWYWx1ZT0iIiBDb3JyZWxhdGlvbkJpbmRpbmc9IiIgVXJsRW5jb2RlPSJUcnVlIiAvPg0KICAgICAgICAgICAgPEZvcm1Qb3N0UGFyYW1ldGVyIE5hbWU9InJlbW92ZV9mb3JtX2J1aWxkZXJbZm9ybV9idWlsZGVyX2ZpZWxkc19hdHRyaWJ1dGVzXVtdW2Zvcm1fZmllbGRfaWRdIiBWYWx1ZT0iMjE1IiBSZWNvcmRlZFZhbHVlPSIiIENvcnJlbGF0aW9uQmluZGluZz0iIiBVcmxFbmNvZGU9IlRydWUiIC8+DQogICAgICAgICAgICA8Rm9ybVBvc3RQYXJhbWV0ZXIgTmFtZT0icmVtb3ZlX2Zvcm1fYnVpbGRlcltmb3JtX2J1aWxkZXJfZmllbGRzX2F0dHJpYnV0ZXNdW11bZm9ybV9maWVsZF9pZF0iIFZhbHVlPSIyMTEiIFJlY29yZGVkVmFsdWU9IiIgQ29ycmVsYXRpb25CaW5kaW5nPSIiIFVybEVuY29kZT0iVHJ1ZSIgLz4NCiAgICAgICAgICAgIDxGb3JtUG9zdFBhcmFtZXRlciBOYW1lPSJyZW1vdmVfZm9ybV9idWlsZGVyW2Zvcm1fYnVpbGRlcl9maWVsZHNfYXR0cmlidXRlc11bXVtmb3JtX2ZpZWxkX2lkXSIgVmFsdWU9IjU3IiBSZWNvcmRlZFZhbHVlPSIiIENvcnJlbGF0aW9uQmluZGluZz0iIiBVcmxFbmNvZGU9IlRydWUiIC8+DQogICAgICAgICAgICA8Rm9ybVBvc3RQYXJhbWV0ZXIgTmFtZT0icmVtb3ZlX2Zvcm1fYnVpbGRlcltmb3JtX2J1aWxkZXJfZmllbGRzX2F0dHJpYnV0ZXNdW11bZm9ybV9maWVsZF9pZF0iIFZhbHVlPSIyNDQiIFJlY29yZGVkVmFsdWU9IiIgQ29ycmVsYXRpb25CaW5kaW5nPSIiIFVybEVuY29kZT0iVHJ1ZSIgLz4NCiAgICAgICAgICAgIDxGb3JtUG9zdFBhcmFtZXRlciBOYW1lPSJyZW1vdmVfZm9ybV9idWlsZGVyW2Zvcm1fYnVpbGRlcl9maWVsZHNfYXR0cmlidXRlc11bXVtmb3JtX2ZpZWxkX2lkXSIgVmFsdWU9IjcxIiBSZWNvcmRlZFZhbHVlPSIiIENvcnJlbGF0aW9uQmluZGluZz0iIiBVcmxFbmNvZGU9IlRydWUiIC8+DQogICAgICAgICAgICA8Rm9ybVBvc3RQYXJhbWV0ZXIgTmFtZT0icmVtb3ZlX2Zvcm1fYnVpbGRlcltmb3JtX2J1aWxkZXJfZmllbGRzX2F0dHJpYnV0ZXNdW11bZm9ybV9maWVsZF9pZF0iIFZhbHVlPSIxODAiIFJlY29yZGVkVmFsdWU9IiIgQ29ycmVsYXRpb25CaW5kaW5nPSIiIFVybEVuY29kZT0iVHJ1ZSIgLz4NCiAgICAgICAgICAgIDxGb3JtUG9zdFBhcmFtZXRlciBOYW1lPSJyZW1vdmVfZm9ybV9idWlsZGVyW2Zvcm1fYnVpbGRlcl9maWVsZHNfYXR0cmlidXRlc11bXVtmb3JtX2ZpZWxkX2lkXSIgVmFsdWU9IjE2IiBSZWNvcmRlZFZhbHVlPSIiIENvcnJlbGF0aW9uQmluZGluZz0iIiBVcmxFbmNvZGU9IlRydWUiIC8+DQogICAgICAgICAgICA8Rm9ybVBvc3RQYXJhbWV0ZXIgTmFtZT0icmVtb3ZlX2Zvcm1fYnVpbGRlcltmb3JtX2J1aWxkZXJfZmllbGRzX2F0dHJpYnV0ZXNdW11bZm9ybV9maWVsZF9pZF0iIFZhbHVlPSIyOTEiIFJlY29yZGVkVmFsdWU9IiIgQ29ycmVsYXRpb25CaW5kaW5nPSIiIFVybEVuY29kZT0iVHJ1ZSIgLz4NCiAgICAgICAgICAgIDxGb3JtUG9zdFBhcmFtZXRlciBOYW1lPSJyZW1vdmVfZm9ybV9idWlsZGVyW2Zvcm1fYnVpbGRlcl9maWVsZHNfYXR0cmlidXRlc11bXVtmb3JtX2ZpZWxkX2lkXSIgVmFsdWU9IjI5MiIgUmVjb3JkZWRWYWx1ZT0iIiBDb3JyZWxhdGlvbkJpbmRpbmc9IiIgVXJsRW5jb2RlPSJUcnVlIiAvPg0KICAgICAgICAgICAgPEZvcm1Qb3N0UGFyYW1ldGVyIE5hbWU9InJlbW92ZV9mb3JtX2J1aWxkZXJbZm9ybV9idWlsZGVyX2ZpZWxkc19hdHRyaWJ1dGVzXVtdW2Zvcm1fZmllbGRfaWRdIiBWYWx1ZT0iMjg1IiBSZWNvcmRlZFZhbHVlPSIiIENvcnJlbGF0aW9uQmluZGluZz0iIiBVcmxFbmNvZGU9IlRydWUiIC8+DQogICAgICAgICAgICA8Rm9ybVBvc3RQYXJhbWV0ZXIgTmFtZT0icmVtb3ZlX2Zvcm1fYnVpbGRlcltmb3JtX2J1aWxkZXJfZmllbGRzX2F0dHJpYnV0ZXNdW11bZm9ybV9maWVsZF9pZF0iIFZhbHVlPSI2MCIgUmVjb3JkZWRWYWx1ZT0iIiBDb3JyZWxhdGlvbkJpbmRpbmc9IiIgVXJsRW5jb2RlPSJUcnVlIiAvPg0KICAgICAgICAgICAgPEZvcm1Qb3N0UGFyYW1ldGVyIE5hbWU9InJlbW92ZV9mb3JtX2J1aWxkZXJbZm9ybV9idWlsZGVyX2ZpZWxkc19hdHRyaWJ1dGVzXVtdW2Zvcm1fZmllbGRfaWRdIiBWYWx1ZT0iMjkzIiBSZWNvcmRlZFZhbHVlPSIiIENvcnJlbGF0aW9uQmluZGluZz0iIiBVcmxFbmNvZGU9IlRydWUiIC8+DQogICAgICAgICAgICA8Rm9ybVBvc3RQYXJhbWV0ZXIgTmFtZT0icmVtb3ZlX2Zvcm1fYnVpbGRlcltmb3JtX2J1aWxkZXJfZmllbGRzX2F0dHJpYnV0ZXNdW11bZm9ybV9maWVsZF9pZF0iIFZhbHVlPSIyNjciIFJlY29yZGVkVmFsdWU9IiIgQ29ycmVsYXRpb25CaW5kaW5nPSIiIFVybEVuY29kZT0iVHJ1ZSIgLz4NCiAgICAgICAgICAgIDxGb3JtUG9zdFBhcmFtZXRlciBOYW1lPSJyZW1vdmVfZm9ybV9idWlsZGVyW2Zvcm1fYnVpbGRlcl9maWVsZHNfYXR0cmlidXRlc11bXVtmb3JtX2ZpZWxkX2lkXSIgVmFsdWU9IjEyNyIgUmVjb3JkZWRWYWx1ZT0iIiBDb3JyZWxhdGlvbkJpbmRpbmc9IiIgVXJsRW5jb2RlPSJUcnVlIiAvPg0KICAgICAgICAgICAgPEZvcm1Qb3N0UGFyYW1ldGVyIE5hbWU9InJlbW92ZV9mb3JtX2J1aWxkZXJbZm9ybV9idWlsZGVyX2ZpZWxkc19hdHRyaWJ1dGVzXVtdW2Zvcm1fZmllbGRfaWRdIiBWYWx1ZT0iMjc2IiBSZWNvcmRlZFZhbHVlPSIiIENvcnJlbGF0aW9uQmluZGluZz0iIiBVcmxFbmNvZGU9IlRydWUiIC8+DQogICAgICAgICAgICA8Rm9ybVBvc3RQYXJhbWV0ZXIgTmFtZT0icmVtb3ZlX2Zvcm1fYnVpbGRlcltmb3JtX2J1aWxkZXJfZmllbGRzX2F0dHJpYnV0ZXNdW11bZm9ybV9maWVsZF9pZF0iIFZhbHVlPSIxMTgiIFJlY29yZGVkVmFsdWU9IiIgQ29ycmVsYXRpb25CaW5kaW5nPSIiIFVybEVuY29kZT0iVHJ1ZSIgLz4NCiAgICAgICAgICAgIDxGb3JtUG9zdFBhcmFtZXRlciBOYW1lPSJyZW1vdmVfZm9ybV9idWlsZGVyW2Zvcm1fYnVpbGRlcl9maWVsZHNfYXR0cmlidXRlc11bXVtmb3JtX2ZpZWxkX2lkXSIgVmFsdWU9IjM0OSIgUmVjb3JkZWRWYWx1ZT0iIiBDb3JyZWxhdGlvbkJpbmRpbmc9IiIgVXJsRW5jb2RlPSJUcnVlIiAvPg0KICAgICAgICAgICAgPEZvcm1Qb3N0UGFyYW1ldGVyIE5hbWU9InJlbW92ZV9mb3JtX2J1aWxkZXJbZm9ybV9idWlsZGVyX2ZpZWxkc19hdHRyaWJ1dGVzXVtdW2Zvcm1fZmllbGRfaWRdIiBWYWx1ZT0iMzA2IiBSZWNvcmRlZFZhbHVlPSIiIENvcnJlbGF0aW9uQmluZGluZz0iIiBVcmxFbmNvZGU9IlRydWUiIC8+DQogICAgICAgICAgICA8Rm9ybVBvc3RQYXJhbWV0ZXIgTmFtZT0icmVtb3ZlX2Zvcm1fYnVpbGRlcltmb3JtX2J1aWxkZXJfZmllbGRzX2F0dHJpYnV0ZXNdW11bZm9ybV9maWVsZF9pZF0iIFZhbHVlPSIyODIiIFJlY29yZGVkVmFsdWU9IiIgQ29ycmVsYXRpb25CaW5kaW5nPSIiIFVybEVuY29kZT0iVHJ1ZSIgLz4NCiAgICAgICAgICAgIDxGb3JtUG9zdFBhcmFtZXRlciBOYW1lPSJyZW1vdmVfZm9ybV9idWlsZGVyW2Zvcm1fYnVpbGRlcl9maWVsZHNfYXR0cmlidXRlc11bXVtmb3JtX2ZpZWxkX2lkXSIgVmFsdWU9IjI4NyIgUmVjb3JkZWRWYWx1ZT0iIiBDb3JyZWxhdGlvbkJpbmRpbmc9IiIgVXJsRW5jb2RlPSJUcnVlIiAvPg0KICAgICAgICAgICAgPEZvcm1Qb3N0UGFyYW1ldGVyIE5hbWU9InJlbW92ZV9mb3JtX2J1aWxkZXJbZm9ybV9idWlsZGVyX2ZpZWxkc19hdHRyaWJ1dGVzXVtdW2Zvcm1fZmllbGRfaWRdIiBWYWx1ZT0iMjg0IiBSZWNvcmRlZFZhbHVlPSIiIENvcnJlbGF0aW9uQmluZGluZz0iIiBVcmxFbmNvZGU9IlRydWUiIC8+DQogICAgICAgICAgICA8Rm9ybVBvc3RQYXJhbWV0ZXIgTmFtZT0icmVtb3ZlX2Zvcm1fYnVpbGRlcltmb3JtX2J1aWxkZXJfZmllbGRzX2F0dHJpYnV0ZXNdW11bZm9ybV9maWVsZF9pZF0iIFZhbHVlPSIyODYiIFJlY29yZGVkVmFsdWU9IiIgQ29ycmVsYXRpb25CaW5kaW5nPSIiIFVybEVuY29kZT0iVHJ1ZSIgLz4NCiAgICAgICAgICAgIDxGb3JtUG9zdFBhcmFtZXRlciBOYW1lPSJyZW1vdmVfZm9ybV9idWlsZGVyW2Zvcm1fYnVpbGRlcl9maWVsZHNfYXR0cmlidXRlc11bXVtmb3JtX2ZpZWxkX2lkXSIgVmFsdWU9IjM0NiIgUmVjb3JkZWRWYWx1ZT0iIiBDb3JyZWxhdGlvbkJpbmRpbmc9IiIgVXJsRW5jb2RlPSJUcnVlIiAvPg0KICAgICAgICAgICAgPEZvcm1Qb3N0UGFyYW1ldGVyIE5hbWU9InJlbW92ZV9mb3JtX2J1aWxkZXJbZm9ybV9idWlsZGVyX2ZpZWxkc19hdHRyaWJ1dGVzXVtdW2Zvcm1fZmllbGRfaWRdIiBWYWx1ZT0iMzMyIiBSZWNvcmRlZFZhbHVlPSIiIENvcnJlbGF0aW9uQmluZGluZz0iIiBVcmxFbmNvZGU9IlRydWUiIC8+DQogICAgICAgICAgICA8Rm9ybVBvc3RQYXJhbWV0ZXIgTmFtZT0icmVtb3ZlX2Zvcm1fYnVpbGRlcltmb3JtX2J1aWxkZXJfZmllbGRzX2F0dHJpYnV0ZXNdW11bZm9ybV9maWVsZF9pZF0iIFZhbHVlPSIzMzMiIFJlY29yZGVkVmFsdWU9IiIgQ29ycmVsYXRpb25CaW5kaW5nPSIiIFVybEVuY29kZT0iVHJ1ZSIgLz4NCiAgICAgICAgICAgIDxGb3JtUG9zdFBhcmFtZXRlciBOYW1lPSJyZW1vdmVfZm9ybV9idWlsZGVyW2Zvcm1fYnVpbGRlcl9maWVsZHNfYXR0cmlidXRlc11bXVtmb3JtX2ZpZWxkX2lkXSIgVmFsdWU9IjI4MyIgUmVjb3JkZWRWYWx1ZT0iIiBDb3JyZWxhdGlvbkJpbmRpbmc9IiIgVXJsRW5jb2RlPSJUcnVlIiAvPg0KICAgICAgICAgICAgPEZvcm1Qb3N0UGFyYW1ldGVyIE5hbWU9InJlbW92ZV9mb3JtX2J1aWxkZXJbZm9ybV9idWlsZGVyX2ZpZWxkc19hdHRyaWJ1dGVzXVtdW2Zvcm1fZmllbGRfaWRdIiBWYWx1ZT0iMzAyIiBSZWNvcmRlZFZhbHVlPSIiIENvcnJlbGF0aW9uQmluZGluZz0iIiBVcmxFbmNvZGU9IlRydWUiIC8+DQogICAgICAgICAgICA8Rm9ybVBvc3RQYXJhbWV0ZXIgTmFtZT0icmVtb3ZlX2Zvcm1fYnVpbGRlcltmb3JtX2J1aWxkZXJfZmllbGRzX2F0dHJpYnV0ZXNdW11bZm9ybV9maWVsZF9pZF0iIFZhbHVlPSIzMjAiIFJlY29yZGVkVmFsdWU9IiIgQ29ycmVsYXRpb25CaW5kaW5nPSIiIFVybEVuY29kZT0iVHJ1ZSIgLz4NCiAgICAgICAgICAgIDxGb3JtUG9zdFBhcmFtZXRlciBOYW1lPSJyZW1vdmVfZm9ybV9idWlsZGVyW2Zvcm1fYnVpbGRlcl9maWVsZHNfYXR0cmlidXRlc11bXVtmb3JtX2ZpZWxkX2lkXSIgVmFsdWU9IjI4MCIgUmVjb3JkZWRWYWx1ZT0iIiBDb3JyZWxhdGlvbkJpbmRpbmc9IiIgVXJsRW5jb2RlPSJUcnVlIiAvPg0KICAgICAgICAgICAgPEZvcm1Qb3N0UGFyYW1ldGVyIE5hbWU9InJlbW92ZV9mb3JtX2J1aWxkZXJbZm9ybV9idWlsZGVyX2ZpZWxkc19hdHRyaWJ1dGVzXVtdW2Zvcm1fZmllbGRfaWRdIiBWYWx1ZT0iMjgxIiBSZWNvcmRlZFZhbHVlPSIiIENvcnJlbGF0aW9uQmluZGluZz0iIiBVcmxFbmNvZGU9IlRydWUiIC8+DQogICAgICAgICAgICA8Rm9ybVBvc3RQYXJhbWV0ZXIgTmFtZT0icmVtb3ZlX2Zvcm1fYnVpbGRlcltmb3JtX2J1aWxkZXJfZmllbGRzX2F0dHJpYnV0ZXNdW11bZm9ybV9maWVsZF9pZF0iIFZhbHVlPSIzMTEiIFJlY29yZGVkVmFsdWU9IiIgQ29ycmVsYXRpb25CaW5kaW5nPSIiIFVybEVuY29kZT0iVHJ1ZSIgLz4NCiAgICAgICAgICAgIDxGb3JtUG9zdFBhcmFtZXRlciBOYW1lPSJyZW1vdmVfZm9ybV9idWlsZGVyW2Zvcm1fYnVpbGRlcl9maWVsZHNfYXR0cmlidXRlc11bXVtmb3JtX2ZpZWxkX2lkXSIgVmFsdWU9IjgwIiBSZWNvcmRlZFZhbHVlPSIiIENvcnJlbGF0aW9uQmluZGluZz0iIiBVcmxFbmNvZGU9IlRydWUiIC8+DQogICAgICAgICAgICA8Rm9ybVBvc3RQYXJhbWV0ZXIgTmFtZT0icmVtb3ZlX2Zvcm1fYnVpbGRlcltmb3JtX2J1aWxkZXJfZmllbGRzX2F0dHJpYnV0ZXNdW11bZm9ybV9maWVsZF9pZF0iIFZhbHVlPSIxOTgiIFJlY29yZGVkVmFsdWU9IiIgQ29ycmVsYXRpb25CaW5kaW5nPSIiIFVybEVuY29kZT0iVHJ1ZSIgLz4NCiAgICAgICAgICAgIDxGb3JtUG9zdFBhcmFtZXRlciBOYW1lPSJyZW1vdmVfZm9ybV9idWlsZGVyW2Zvcm1fYnVpbGRlcl9maWVsZHNfYXR0cmlidXRlc11bXVtmb3JtX2ZpZWxkX2lkXSIgVmFsdWU9IjIzMyIgUmVjb3JkZWRWYWx1ZT0iIiBDb3JyZWxhdGlvbkJpbmRpbmc9IiIgVXJsRW5jb2RlPSJUcnVlIiAvPg0KICAgICAgICAgICAgPEZvcm1Qb3N0UGFyYW1ldGVyIE5hbWU9InJlbW92ZV9mb3JtX2J1aWxkZXJbZm9ybV9idWlsZGVyX2ZpZWxkc19hdHRyaWJ1dGVzXVtdW2Zvcm1fZmllbGRfaWRdIiBWYWx1ZT0iMTU2IiBSZWNvcmRlZFZhbHVlPSIiIENvcnJlbGF0aW9uQmluZGluZz0iIiBVcmxFbmNvZGU9IlRydWUiIC8+DQogICAgICAgICAgICA8Rm9ybVBvc3RQYXJhbWV0ZXIgTmFtZT0icmVtb3ZlX2Zvcm1fYnVpbGRlcltmb3JtX2J1aWxkZXJfZmllbGRzX2F0dHJpYnV0ZXNdW11bZm9ybV9maWVsZF9pZF0iIFZhbHVlPSIxNjQiIFJlY29yZGVkVmFsdWU9IiIgQ29ycmVsYXRpb25CaW5kaW5nPSIiIFVybEVuY29kZT0iVHJ1ZSIgLz4NCiAgICAgICAgICAgIDxGb3JtUG9zdFBhcmFtZXRlciBOYW1lPSJyZW1vdmVfZm9ybV9idWlsZGVyW2Zvcm1fYnVpbGRlcl9maWVsZHNfYXR0cmlidXRlc11bXVtmb3JtX2ZpZWxkX2lkXSIgVmFsdWU9IjE2MCIgUmVjb3JkZWRWYWx1ZT0iIiBDb3JyZWxhdGlvbkJpbmRpbmc9IiIgVXJsRW5jb2RlPSJUcnVlIiAvPg0KICAgICAgICAgICAgPEZvcm1Qb3N0UGFyYW1ldGVyIE5hbWU9InJlbW92ZV9mb3JtX2J1aWxkZXJbZm9ybV9idWlsZGVyX2ZpZWxkc19hdHRyaWJ1dGVzXVtdW2Zvcm1fZmllbGRfaWRdIiBWYWx1ZT0iMTcyIiBSZWNvcmRlZFZhbHVlPSIiIENvcnJlbGF0aW9uQmluZGluZz0iIiBVcmxFbmNvZGU9IlRydWUiIC8+DQogICAgICAgICAgICA8Rm9ybVBvc3RQYXJhbWV0ZXIgTmFtZT0icmVtb3ZlX2Zvcm1fYnVpbGRlcltmb3JtX2J1aWxkZXJfZmllbGRzX2F0dHJpYnV0ZXNdW11bZm9ybV9maWVsZF9pZF0iIFZhbHVlPSI4NiIgUmVjb3JkZWRWYWx1ZT0iIiBDb3JyZWxhdGlvbkJpbmRpbmc9IiIgVXJsRW5jb2RlPSJUcnVlIiAvPg0KICAgICAgICAgICAgPEZvcm1Qb3N0UGFyYW1ldGVyIE5hbWU9InJlbW92ZV9mb3JtX2J1aWxkZXJbZm9ybV9idWlsZGVyX2ZpZWxkc19hdHRyaWJ1dGVzXVtdW2Zvcm1fZmllbGRfaWRdIiBWYWx1ZT0iNjkiIFJlY29yZGVkVmFsdWU9IiIgQ29ycmVsYXRpb25CaW5kaW5nPSIiIFVybEVuY29kZT0iVHJ1ZSIgLz4NCiAgICAgICAgICAgIDxGb3JtUG9zdFBhcmFtZXRlciBOYW1lPSJyZW1vdmVfZm9ybV9idWlsZGVyW2Zvcm1fYnVpbGRlcl9maWVsZHNfYXR0cmlidXRlc11bXVtmb3JtX2ZpZWxkX2lkXSIgVmFsdWU9IjE0MSIgUmVjb3JkZWRWYWx1ZT0iIiBDb3JyZWxhdGlvbkJpbmRpbmc9IiIgVXJsRW5jb2RlPSJUcnVlIiAvPg0KICAgICAgICAgICAgPEZvcm1Qb3N0UGFyYW1ldGVyIE5hbWU9InJlbW92ZV9mb3JtX2J1aWxkZXJbZm9ybV9idWlsZGVyX2ZpZWxkc19hdHRyaWJ1dGVzXVtdW2Zvcm1fZmllbGRfaWRdIiBWYWx1ZT0iOTQiIFJlY29yZGVkVmFsdWU9IiIgQ29ycmVsYXRpb25CaW5kaW5nPSIiIFVybEVuY29kZT0iVHJ1ZSIgLz4NCiAgICAgICAgICAgIDxGb3JtUG9zdFBhcmFtZXRlciBOYW1lPSJyZW1vdmVfZm9ybV9idWlsZGVyW2Zvcm1fYnVpbGRlcl9maWVsZHNfYXR0cmlidXRlc11bXVtmb3JtX2ZpZWxkX2lkXSIgVmFsdWU9IjE5NiIgUmVjb3JkZWRWYWx1ZT0iIiBDb3JyZWxhdGlvbkJpbmRpbmc9IiIgVXJsRW5jb2RlPSJUcnVlIiAvPg0KICAgICAgICAgICAgPEZvcm1Qb3N0UGFyYW1ldGVyIE5hbWU9InJlbW92ZV9mb3JtX2J1aWxkZXJbZm9ybV9idWlsZGVyX2ZpZWxkc19hdHRyaWJ1dGVzXVtdW2Zvcm1fZmllbGRfaWRdIiBWYWx1ZT0iMjMxIiBSZWNvcmRlZFZhbHVlPSIiIENvcnJlbGF0aW9uQmluZGluZz0iIiBVcmxFbmNvZGU9IlRydWUiIC8+DQogICAgICAgICAgICA8Rm9ybVBvc3RQYXJhbWV0ZXIgTmFtZT0icmVtb3ZlX2Zvcm1fYnVpbGRlcltmb3JtX2J1aWxkZXJfZmllbGRzX2F0dHJpYnV0ZXNdW11bZm9ybV9maWVsZF9pZF0iIFZhbHVlPSIxNTQiIFJlY29yZGVkVmFsdWU9IiIgQ29ycmVsYXRpb25CaW5kaW5nPSIiIFVybEVuY29kZT0iVHJ1ZSIgLz4NCiAgICAgICAgICAgIDxGb3JtUG9zdFBhcmFtZXRlciBOYW1lPSJyZW1vdmVfZm9ybV9idWlsZGVyW2Zvcm1fYnVpbGRlcl9maWVsZHNfYXR0cmlidXRlc11bXVtmb3JtX2ZpZWxkX2lkXSIgVmFsdWU9IjE2MiIgUmVjb3JkZWRWYWx1ZT0iIiBDb3JyZWxhdGlvbkJpbmRpbmc9IiIgVXJsRW5jb2RlPSJUcnVlIiAvPg0KICAgICAgICAgICAgPEZvcm1Qb3N0UGFyYW1ldGVyIE5hbWU9InJlbW92ZV9mb3JtX2J1aWxkZXJbZm9ybV9idWlsZGVyX2ZpZWxkc19hdHRyaWJ1dGVzXVtdW2Zvcm1fZmllbGRfaWRdIiBWYWx1ZT0iMTQ2IiBSZWNvcmRlZFZhbHVlPSIiIENvcnJlbGF0aW9uQmluZGluZz0iIiBVcmxFbmNvZGU9IlRydWUiIC8+DQogICAgICAgICAgICA8Rm9ybVBvc3RQYXJhbWV0ZXIgTmFtZT0icmVtb3ZlX2Zvcm1fYnVpbGRlcltmb3JtX2J1aWxkZXJfZmllbGRzX2F0dHJpYnV0ZXNdW11bZm9ybV9maWVsZF9pZF0iIFZhbHVlPSIxNTgiIFJlY29yZGVkVmFsdWU9IiIgQ29ycmVsYXRpb25CaW5kaW5nPSIiIFVybEVuY29kZT0iVHJ1ZSIgLz4NCiAgICAgICAgICAgIDxGb3JtUG9zdFBhcmFtZXRlciBOYW1lPSJyZW1vdmVfZm9ybV9idWlsZGVyW2Zvcm1fYnVpbGRlcl9maWVsZHNfYXR0cmlidXRlc11bXVtmb3JtX2ZpZWxkX2lkXSIgVmFsdWU9IjE3MCIgUmVjb3JkZWRWYWx1ZT0iIiBDb3JyZWxhdGlvbkJpbmRpbmc9IiIgVXJsRW5jb2RlPSJUcnVlIiAvPg0KICAgICAgICAgICAgPEZvcm1Qb3N0UGFyYW1ldGVyIE5hbWU9InJlbW92ZV9mb3JtX2J1aWxkZXJbZm9ybV9idWlsZGVyX2ZpZWxkc19hdHRyaWJ1dGVzXVtdW2Zvcm1fZmllbGRfaWRdIiBWYWx1ZT0iODQiIFJlY29yZGVkVmFsdWU9IiIgQ29ycmVsYXRpb25CaW5kaW5nPSIiIFVybEVuY29kZT0iVHJ1ZSIgLz4NCiAgICAgICAgICAgIDxGb3JtUG9zdFBhcmFtZXRlciBOYW1lPSJyZW1vdmVfZm9ybV9idWlsZGVyW2Zvcm1fYnVpbGRlcl9maWVsZHNfYXR0cmlidXRlc11bXVtmb3JtX2ZpZWxkX2lkXSIgVmFsdWU9IjY3IiBSZWNvcmRlZFZhbHVlPSIiIENvcnJlbGF0aW9uQmluZGluZz0iIiBVcmxFbmNvZGU9IlRydWUiIC8+DQogICAgICAgICAgICA8Rm9ybVBvc3RQYXJhbWV0ZXIgTmFtZT0icmVtb3ZlX2Zvcm1fYnVpbGRlcltmb3JtX2J1aWxkZXJfZmllbGRzX2F0dHJpYnV0ZXNdW11bZm9ybV9maWVsZF9pZF0iIFZhbHVlPSIxMzkiIFJlY29yZGVkVmFsdWU9IiIgQ29ycmVsYXRpb25CaW5kaW5nPSIiIFVybEVuY29kZT0iVHJ1ZSIgLz4NCiAgICAgICAgICAgIDxGb3JtUG9zdFBhcmFtZXRlciBOYW1lPSJyZW1vdmVfZm9ybV9idWlsZGVyW2Zvcm1fYnVpbGRlcl9maWVsZHNfYXR0cmlidXRlc11bXVtmb3JtX2ZpZWxkX2lkXSIgVmFsdWU9IjkyIiBSZWNvcmRlZFZhbHVlPSIiIENvcnJlbGF0aW9uQmluZGluZz0iIiBVcmxFbmNvZGU9IlRydWUiIC8+DQogICAgICAgICAgICA8Rm9ybVBvc3RQYXJhbWV0ZXIgTmFtZT0icmVtb3ZlX2Zvcm1fYnVpbGRlcltmb3JtX2J1aWxkZXJfZmllbGRzX2F0dHJpYnV0ZXNdW11bZm9ybV9maWVsZF9pZF0iIFZhbHVlPSIxOTciIFJlY29yZGVkVmFsdWU9IiIgQ29ycmVsYXRpb25CaW5kaW5nPSIiIFVybEVuY29kZT0iVHJ1ZSIgLz4NCiAgICAgICAgICAgIDxGb3JtUG9zdFBhcmFtZXRlciBOYW1lPSJyZW1vdmVfZm9ybV9idWlsZGVyW2Zvcm1fYnVpbGRlcl9maWVsZHNfYXR0cmlidXRlc11bXVtmb3JtX2ZpZWxkX2lkXSIgVmFsdWU9IjIzMiIgUmVjb3JkZWRWYWx1ZT0iIiBDb3JyZWxhdGlvbkJpbmRpbmc9IiIgVXJsRW5jb2RlPSJUcnVlIiAvPg0KICAgICAgICAgICAgPEZvcm1Qb3N0UGFyYW1ldGVyIE5hbWU9InJlbW92ZV9mb3JtX2J1aWxkZXJbZm9ybV9idWlsZGVyX2ZpZWxkc19hdHRyaWJ1dGVzXVtdW2Zvcm1fZmllbGRfaWRdIiBWYWx1ZT0iMTU1IiBSZWNvcmRlZFZhbHVlPSIiIENvcnJlbGF0aW9uQmluZGluZz0iIiBVcmxFbmNvZGU9IlRydWUiIC8+DQogICAgICAgICAgICA8Rm9ybVBvc3RQYXJhbWV0ZXIgTmFtZT0icmVtb3ZlX2Zvcm1fYnVpbGRlcltmb3JtX2J1aWxkZXJfZmllbGRzX2F0dHJpYnV0ZXNdW11bZm9ybV9maWVsZF9pZF0iIFZhbHVlPSIxNjMiIFJlY29yZGVkVmFsdWU9IiIgQ29ycmVsYXRpb25CaW5kaW5nPSIiIFVybEVuY29kZT0iVHJ1ZSIgLz4NCiAgICAgICAgICAgIDxGb3JtUG9zdFBhcmFtZXRlciBOYW1lPSJyZW1vdmVfZm9ybV9idWlsZGVyW2Zvcm1fYnVpbGRlcl9maWVsZHNfYXR0cmlidXRlc11bXVtmb3JtX2ZpZWxkX2lkXSIgVmFsdWU9IjE1OSIgUmVjb3JkZWRWYWx1ZT0iIiBDb3JyZWxhdGlvbkJpbmRpbmc9IiIgVXJsRW5jb2RlPSJUcnVlIiAvPg0KICAgICAgICAgICAgPEZvcm1Qb3N0UGFyYW1ldGVyIE5hbWU9InJlbW92ZV9mb3JtX2J1aWxkZXJbZm9ybV9idWlsZGVyX2ZpZWxkc19hdHRyaWJ1dGVzXVtdW2Zvcm1fZmllbGRfaWRdIiBWYWx1ZT0iMTcxIiBSZWNvcmRlZFZhbHVlPSIiIENvcnJlbGF0aW9uQmluZGluZz0iIiBVcmxFbmNvZGU9IlRydWUiIC8+DQogICAgICAgICAgICA8Rm9ybVBvc3RQYXJhbWV0ZXIgTmFtZT0icmVtb3ZlX2Zvcm1fYnVpbGRlcltmb3JtX2J1aWxkZXJfZmllbGRzX2F0dHJpYnV0ZXNdW11bZm9ybV9maWVsZF9pZF0iIFZhbHVlPSI4NSIgUmVjb3JkZWRWYWx1ZT0iIiBDb3JyZWxhdGlvbkJpbmRpbmc9IiIgVXJsRW5jb2RlPSJUcnVlIiAvPg0KICAgICAgICAgICAgPEZvcm1Qb3N0UGFyYW1ldGVyIE5hbWU9InJlbW92ZV9mb3JtX2J1aWxkZXJbZm9ybV9idWlsZGVyX2ZpZWxkc19hdHRyaWJ1dGVzXVtdW2Zvcm1fZmllbGRfaWRdIiBWYWx1ZT0iNjgiIFJlY29yZGVkVmFsdWU9IiIgQ29ycmVsYXRpb25CaW5kaW5nPSIiIFVybEVuY29kZT0iVHJ1ZSIgLz4NCiAgICAgICAgICAgIDxGb3JtUG9zdFBhcmFtZXRlciBOYW1lPSJyZW1vdmVfZm9ybV9idWlsZGVyW2Zvcm1fYnVpbGRlcl9maWVsZHNfYXR0cmlidXRlc11bXVtmb3JtX2ZpZWxkX2lkXSIgVmFsdWU9IjE0MCIgUmVjb3JkZWRWYWx1ZT0iIiBDb3JyZWxhdGlvbkJpbmRpbmc9IiIgVXJsRW5jb2RlPSJUcnVlIiAvPg0KICAgICAgICAgICAgPEZvcm1Qb3N0UGFyYW1ldGVyIE5hbWU9InJlbW92ZV9mb3JtX2J1aWxkZXJbZm9ybV9idWlsZGVyX2ZpZWxkc19hdHRyaWJ1dGVzXVtdW2Zvcm1fZmllbGRfaWRdIiBWYWx1ZT0iOTMiIFJlY29yZGVkVmFsdWU9IiIgQ29ycmVsYXRpb25CaW5kaW5nPSIiIFVybEVuY29kZT0iVHJ1ZSIgLz4NCiAgICAgICAgICAgIDxGb3JtUG9zdFBhcmFtZXRlciBOYW1lPSJyZW1vdmVfZm9ybV9idWlsZGVyW2Zvcm1fYnVpbGRlcl9maWVsZHNfYXR0cmlidXRlc11bXVtmb3JtX2ZpZWxkX2lkXSIgVmFsdWU9IjIzNCIgUmVjb3JkZWRWYWx1ZT0iIiBDb3JyZWxhdGlvbkJpbmRpbmc9IiIgVXJsRW5jb2RlPSJUcnVlIiAvPg0KICAgICAgICAgICAgPEZvcm1Qb3N0UGFyYW1ldGVyIE5hbWU9InJlbW92ZV9mb3JtX2J1aWxkZXJbZm9ybV9idWlsZGVyX2ZpZWxkc19hdHRyaWJ1dGVzXVtdW2Zvcm1fZmllbGRfaWRdIiBWYWx1ZT0iMTU3IiBSZWNvcmRlZFZhbHVlPSIiIENvcnJlbGF0aW9uQmluZGluZz0iIiBVcmxFbmNvZGU9IlRydWUiIC8+DQogICAgICAgICAgICA8Rm9ybVBvc3RQYXJhbWV0ZXIgTmFtZT0icmVtb3ZlX2Zvcm1fYnVpbGRlcltmb3JtX2J1aWxkZXJfZmllbGRzX2F0dHJpYnV0ZXNdW11bZm9ybV9maWVsZF9pZF0iIFZhbHVlPSIxNjUiIFJlY29yZGVkVmFsdWU9IiIgQ29ycmVsYXRpb25CaW5kaW5nPSIiIFVybEVuY29kZT0iVHJ1ZSIgLz4NCiAgICAgICAgICAgIDxGb3JtUG9zdFBhcmFtZXRlciBOYW1lPSJyZW1vdmVfZm9ybV9idWlsZGVyW2Zvcm1fYnVpbGRlcl9maWVsZHNfYXR0cmlidXRlc11bXVtmb3JtX2ZpZWxkX2lkXSIgVmFsdWU9IjE5OSIgUmVjb3JkZWRWYWx1ZT0iIiBDb3JyZWxhdGlvbkJpbmRpbmc9IiIgVXJsRW5jb2RlPSJUcnVlIiAvPg0KICAgICAgICAgICAgPEZvcm1Qb3N0UGFyYW1ldGVyIE5hbWU9InJlbW92ZV9mb3JtX2J1aWxkZXJbZm9ybV9idWlsZGVyX2ZpZWxkc19hdHRyaWJ1dGVzXVtdW2Zvcm1fZmllbGRfaWRdIiBWYWx1ZT0iMTYxIiBSZWNvcmRlZFZhbHVlPSIiIENvcnJlbGF0aW9uQmluZGluZz0iIiBVcmxFbmNvZGU9IlRydWUiIC8+DQogICAgICAgICAgICA8Rm9ybVBvc3RQYXJhbWV0ZXIgTmFtZT0icmVtb3ZlX2Zvcm1fYnVpbGRlcltmb3JtX2J1aWxkZXJfZmllbGRzX2F0dHJpYnV0ZXNdW11bZm9ybV9maWVsZF9pZF0iIFZhbHVlPSIxNzMiIFJlY29yZGVkVmFsdWU9IiIgQ29ycmVsYXRpb25CaW5kaW5nPSIiIFVybEVuY29kZT0iVHJ1ZSIgLz4NCiAgICAgICAgICAgIDxGb3JtUG9zdFBhcmFtZXRlciBOYW1lPSJyZW1vdmVfZm9ybV9idWlsZGVyW2Zvcm1fYnVpbGRlcl9maWVsZHNfYXR0cmlidXRlc11bXVtmb3JtX2ZpZWxkX2lkXSIgVmFsdWU9Ijg3IiBSZWNvcmRlZFZhbHVlPSIiIENvcnJlbGF0aW9uQmluZGluZz0iIiBVcmxFbmNvZGU9IlRydWUiIC8+DQogICAgICAgICAgICA8Rm9ybVBvc3RQYXJhbWV0ZXIgTmFtZT0icmVtb3ZlX2Zvcm1fYnVpbGRlcltmb3JtX2J1aWxkZXJfZmllbGRzX2F0dHJpYnV0ZXNdW11bZm9ybV9maWVsZF9pZF0iIFZhbHVlPSI3MCIgUmVjb3JkZWRWYWx1ZT0iIiBDb3JyZWxhdGlvbkJpbmRpbmc9IiIgVXJsRW5jb2RlPSJUcnVlIiAvPg0KICAgICAgICAgICAgPEZvcm1Qb3N0UGFyYW1ldGVyIE5hbWU9InJlbW92ZV9mb3JtX2J1aWxkZXJbZm9ybV9idWlsZGVyX2ZpZWxkc19hdHRyaWJ1dGVzXVtdW2Zvcm1fZmllbGRfaWRdIiBWYWx1ZT0iMTQ3IiBSZWNvcmRlZFZhbHVlPSIiIENvcnJlbGF0aW9uQmluZGluZz0iIiBVcmxFbmNvZGU9IlRydWUiIC8+DQogICAgICAgICAgICA8Rm9ybVBvc3RQYXJhbWV0ZXIgTmFtZT0icmVtb3ZlX2Zvcm1fYnVpbGRlcltmb3JtX2J1aWxkZXJfZmllbGRzX2F0dHJpYnV0ZXNdW11bZm9ybV9maWVsZF9pZF0iIFZhbHVlPSI5NSIgUmVjb3JkZWRWYWx1ZT0iIiBDb3JyZWxhdGlvbkJpbmRpbmc9IiIgVXJsRW5jb2RlPSJUcnVlIiAvPg0KICAgICAgICAgICAgPEZvcm1Qb3N0UGFyYW1ldGVyIE5hbWU9InJlbW92ZV9mb3JtX2J1aWxkZXJbZm9ybV9idWlsZGVyX2ZpZWxkc19hdHRyaWJ1dGVzXVtdW2Zvcm1fZmllbGRfaWRdIiBWYWx1ZT0iMTEzIiBSZWNvcmRlZFZhbHVlPSIiIENvcnJlbGF0aW9uQmluZGluZz0iIiBVcmxFbmNvZGU9IlRydWUiIC8+DQogICAgICAgICAgICA8Rm9ybVBvc3RQYXJhbWV0ZXIgTmFtZT0icmVtb3ZlX2Zvcm1fYnVpbGRlcltmb3JtX2J1aWxkZXJfZmllbGRzX2F0dHJpYnV0ZXNdW11bZm9ybV9maWVsZF9pZF0iIFZhbHVlPSIzMTUiIFJlY29yZGVkVmFsdWU9IiIgQ29ycmVsYXRpb25CaW5kaW5nPSIiIFVybEVuY29kZT0iVHJ1ZSIgLz4NCiAgICAgICAgICAgIDxGb3JtUG9zdFBhcmFtZXRlciBOYW1lPSJmb3JtX2J1aWxkZXJbc3VibWl0X3R5cGVdIiBWYWx1ZT0iMSIgUmVjb3JkZWRWYWx1ZT0iIiBDb3JyZWxhdGlvbkJpbmRpbmc9IiIgVXJsRW5jb2RlPSJUcnVlIiAvPg0KICAgICAgICAgICAgPEZvcm1Qb3N0UGFyYW1ldGVyIE5hbWU9ImZvcm1fYnVpbGRlcltyZXR1cm5fdXJsXSIgVmFsdWU9IiIgUmVjb3JkZWRWYWx1ZT0iIiBDb3JyZWxhdGlvbkJpbmRpbmc9IiIgVXJsRW5jb2RlPSJUcnVlIiAvPg0KICAgICAgICAgICAgPEZvcm1Qb3N0UGFyYW1ldGVyIE5hbWU9ImZvcm1fYnVpbGRlcltzdWJtaXRfdXJsXSIgVmFsdWU9IiIgUmVjb3JkZWRWYWx1ZT0iIiBDb3JyZWxhdGlvbkJpbmRpbmc9IiIgVXJsRW5jb2RlPSJUcnVlIiAvPg0KICAgICAgICAgICAgPEZvcm1Qb3N0UGFyYW1ldGVyIE5hbWU9ImZvcm1fYnVpbGRlcltlbWFpbF9jb3B5X29mX2xlYWRdIiBWYWx1ZT0iMCIgUmVjb3JkZWRWYWx1ZT0iIiBDb3JyZWxhdGlvbkJpbmRpbmc9IiIgVXJsRW5jb2RlPSJUcnVlIiAvPg0KICAgICAgICAgICAgPEZvcm1Qb3N0UGFyYW1ldGVyIE5hbWU9ImZvcm1fYnVpbGRlclt1c2VzX21hcmtldG9dIiBWYWx1ZT0iMCIgUmVjb3JkZWRWYWx1ZT0iIiBDb3JyZWxhdGlvbkJpbmRpbmc9IiIgVXJsRW5jb2RlPSJUcnVlIiAvPg0KICAgICAgICAgICAgPEZvcm1Qb3N0UGFyYW1ldGVyIE5hbWU9ImZvcm1fYnVpbGRlclttYXJrZXRvX2Zvcm1faWRdIiBWYWx1ZT0iIiBSZWNvcmRlZFZhbHVlPSIiIENvcnJlbGF0aW9uQmluZGluZz0iIiBVcmxFbmNvZGU9IlRydWUiIC8+DQogICAgICAgICAgICA8Rm9ybVBvc3RQYXJhbWV0ZXIgTmFtZT0iZm9ybV9idWlsZGVyW211bmNoa2luX2lkX2NvZGVdIiBWYWx1ZT0iIiBSZWNvcmRlZFZhbHVlPSIiIENvcnJlbGF0aW9uQmluZGluZz0iIiBVcmxFbmNvZGU9IlRydWUiIC8+DQogICAgICAgICAgPC9Gb3JtUG9zdEh0dHBCb2R5Pg0KICAgICAgICA8L1JlcXVlc3Q+DQogICAgICA8L0l0ZW1zPg0KICAgIDwvVHJhbnNhY3Rpb25UaW1lcj4NCiAgICA8Q29tbWVudCBDb21tZW50VGV4dD0iU2F2ZSBGb3JtIiAvPg0KICAgIDxUcmFuc2FjdGlvblRpbWVyIE5hbWU9IlNhdmUgRm9ybSI+DQogICAgICA8SXRlbXM+DQogICAgICAgIDxSZXF1ZXN0IE1ldGhvZD0iUE9TVCIgR3VpZD0iNDVjMzZmZTctNjdhYy00NjE3LTkyODktNTUxMzU3ZGNjOTE5IiBWZXJzaW9uPSIxLjEiIFVybD0ie3tTZXJ2ZXJVcmx9fS9mb3JtX2J1aWxkZXJzIiBUaGlua1RpbWU9IjAiIFRpbWVvdXQ9IjYwIiBQYXJzZURlcGVuZGVudFJlcXVlc3RzPSJUcnVlIiBGb2xsb3dSZWRpcmVjdHM9IlRydWUiIFJlY29yZFJlc3VsdD0iVHJ1ZSIgQ2FjaGU9IkZhbHNlIiBSZXNwb25zZVRpbWVHb2FsPSIwIiBFbmNvZGluZz0idXRmLTgiIEV4cGVjdGVkSHR0cFN0YXR1c0NvZGU9IjAiIEV4cGVjdGVkUmVzcG9uc2VVcmw9IiIgUmVwb3J0aW5nTmFtZT0iU2F2ZUZvcm0iIElnbm9yZUh0dHBTdGF0dXNDb2RlPSJGYWxzZSI+DQogICAgICAgICAgPEhlYWRlcnM+DQogICAgICAgICAgICA8SGVhZGVyIE5hbWU9Ik9yaWdpbiIgVmFsdWU9Int7U2VydmVyVXJsfX0iIC8+DQogICAgICAgICAgICA8SGVhZGVyIE5hbWU9IlgtQ1NSRi1Ub2tlbiIgVmFsdWU9Int7YXV0aFRva2VufX0iIC8+DQogICAgICAgICAgICA8SGVhZGVyIE5hbWU9IlgtUmVxdWVzdGVkLVdpdGgiIFZhbHVlPSJYTUxIdHRwUmVxdWVzdCIgLz4NCiAgICAgICAgICAgIDxIZWFkZXIgTmFtZT0iQ29udGVudC1UeXBlIiBWYWx1ZT0iYXBwbGljYXRpb24veC13d3ctZm9ybS11cmxlbmNvZGVkIiAvPg0KICAgICAgICAgIDwvSGVhZGVycz4NCiAgICAgICAgICA8Rm9ybVBvc3RIdHRwQm9keT4NCiAgICAgICAgICAgIDxGb3JtUG9zdFBhcmFtZXRlciBOYW1lPSJ1dGY4IiBWYWx1ZT0i4pyTIiBSZWNvcmRlZFZhbHVlPSIiIENvcnJlbGF0aW9uQmluZGluZz0iIiBVcmxFbmNvZGU9IlRydWUiIC8+DQogICAgICAgICAgICA8Rm9ybVBvc3RQYXJhbWV0ZXIgTmFtZT0iYXV0aGVudGljaXR5X3Rva2VuIiBWYWx1ZT0ie3thdXRoVG9rZW59fSIgUmVjb3JkZWRWYWx1ZT0iIiBDb3JyZWxhdGlvbkJpbmRpbmc9IiIgVXJsRW5jb2RlPSJUcnVlIiAvPg0KICAgICAgICAgICAgPEZvcm1Qb3N0UGFyYW1ldGVyIE5hbWU9ImZvcm1fYnVpbGRlcltuYW1lXSIgVmFsdWU9InBlcmZGb3Jte3tzZWVkTnVtYmVyfX0iIFJlY29yZGVkVmFsdWU9IiIgQ29ycmVsYXRpb25CaW5kaW5nPSIiIFVybEVuY29kZT0iVHJ1ZSIgLz4NCiAgICAgICAgICAgIDxGb3JtUG9zdFBhcmFtZXRlciBOYW1lPSJmb3JtX2J1aWxkZXJbYWdlbmN5X2lkXSIgVmFsdWU9Int7SGllcmFyY2h5LkhpZXJhcmNoeSNjc3YuVGllcjFJZH19IiBSZWNvcmRlZFZhbHVlPSIiIENvcnJlbGF0aW9uQmluZGluZz0iIiBVcmxFbmNvZGU9IlRydWUiIC8+DQogICAgICAgICAgICA8Rm9ybVBvc3RQYXJhbWV0ZXIgTmFtZT0iZm9ybV9idWlsZGVyW2NsaWVudF9pZF0iIFZhbHVlPSJ7e0hpZXJhcmNoeS5IaWVyYXJjaHkjY3N2LlRpZXIySWR9fSIgUmVjb3JkZWRWYWx1ZT0iIiBDb3JyZWxhdGlvbkJpbmRpbmc9IiIgVXJsRW5jb2RlPSJUcnVlIiAvPg0KICAgICAgICAgICAgPEZvcm1Qb3N0UGFyYW1ldGVyIE5hbWU9ImZvcm1fYnVpbGRlcltidXNpbmVzc191bml0X2lkXSIgVmFsdWU9Int7SGllcmFyY2h5LkhpZXJhcmNoeSNjc3YuVGllcjNJZH19IiBSZWNvcmRlZFZhbHVlPSIiIENvcnJlbGF0aW9uQmluZGluZz0iIiBVcmxFbmNvZGU9IlRydWUiIC8+DQogICAgICAgICAgICA8Rm9ybVBvc3RQYXJhbWV0ZXIgTmFtZT0iZm9ybV9idWlsZGVyW2NhbXBhaWduX2lkXSIgVmFsdWU9IiIgUmVjb3JkZWRWYWx1ZT0iIiBDb3JyZWxhdGlvbkJpbmRpbmc9IiIgVXJsRW5jb2RlPSJUcnVlIiAvPg0KICAgICAgICAgICAgPEZvcm1Qb3N0UGFyYW1ldGVyIE5hbWU9ImZvcm1fYnVpbGRlcltpc19hY3RpdmVdIiBWYWx1ZT0idHJ1ZSIgUmVjb3JkZWRWYWx1ZT0iIiBDb3JyZWxhdGlvbkJpbmRpbmc9IiIgVXJsRW5jb2RlPSJUcnVlIiAvPg0KICAgICAgICAgICAgPEZvcm1Qb3N0UGFyYW1ldGVyIE5hbWU9ImZvcm1fYnVpbGRlcltoZWFkZXJdIiBWYWx1ZT0icGVyZlRlc3RIZWFkZXJ7e3NlZWROdW1iZXJ9fSIgUmVjb3JkZWRWYWx1ZT0iIiBDb3JyZWxhdGlvbkJpbmRpbmc9IiIgVXJsRW5jb2RlPSJUcnVlIiAvPg0KICAgICAgICAgICAgPEZvcm1Qb3N0UGFyYW1ldGVyIE5hbWU9ImZvcm1fYnVpbGRlcltkZXNjcmlwdGlvbl0iIFZhbHVlPSJwZXJmVGVzdERlc2NyaXB0aW9ue3tzZWVkTnVtYmVyfX0iIFJlY29yZGVkVmFsdWU9IiIgQ29ycmVsYXRpb25CaW5kaW5nPSIiIFVybEVuY29kZT0iVHJ1ZSIgLz4NCiAgICAgICAgICAgIDxGb3JtUG9zdFBhcmFtZXRlciBOYW1lPSJmb3JtX2J1aWxkZXJbZGlzY2xhaW1lcl0iIFZhbHVlPSJwZXJmVGVzdERpc2NsYWltZXJ7e3NlZWROdW1iZXJ9fSIgUmVjb3JkZWRWYWx1ZT0iIiBDb3JyZWxhdGlvbkJpbmRpbmc9IiIgVXJsRW5jb2RlPSJUcnVlIiAvPg0KICAgICAgICAgICAgPEZvcm1Qb3N0UGFyYW1ldGVyIE5hbWU9ImZvcm1fYnVpbGRlcltzdWJtaXRfdGV4dF0iIFZhbHVlPSJTdWJtaXQiIFJlY29yZGVkVmFsdWU9IiIgQ29ycmVsYXRpb25CaW5kaW5nPSIiIFVybEVuY29kZT0iVHJ1ZSIgLz4NCiAgICAgICAgICAgIDxGb3JtUG9zdFBhcmFtZXRlciBOYW1lPSJmb3JtX2J1aWxkZXJbbW9iaWxlX2J1dHRvbl90ZXh0XSIgVmFsdWU9IkNvbnRhY3QgVXMiIFJlY29yZGVkVmFsdWU9IiIgQ29ycmVsYXRpb25CaW5kaW5nPSIiIFVybEVuY29kZT0iVHJ1ZSIgLz4NCiAgICAgICAgICAgIDxGb3JtUG9zdFBhcmFtZXRlciBOYW1lPSJmb3JtX2J1aWxkZXJbdGhhbmtfeW91X21lc3NhZ2VdIiBWYWx1ZT0iVGhhbmsgeW91IGZvciB5b3VyIHJlcXVlc3QuIFdlIHdpbGwgYmUgaW4gY29udGFjdCB3aXRoIHlvdSBzaG9ydGx5LiIgUmVjb3JkZWRWYWx1ZT0iIiBDb3JyZWxhdGlvbkJpbmRpbmc9IiIgVXJsRW5jb2RlPSJUcnVlIiAvPg0KICAgICAgICAgICAgPEZvcm1Qb3N0UGFyYW1ldGVyIE5hbWU9ImZvcm1fYnVpbGRlcltpc19vcHRfaW5dIiBWYWx1ZT0iMCIgUmVjb3JkZWRWYWx1ZT0iIiBDb3JyZWxhdGlvbkJpbmRpbmc9IiIgVXJsRW5jb2RlPSJUcnVlIiAvPg0KICAgICAgICAgICAgPEZvcm1Qb3N0UGFyYW1ldGVyIE5hbWU9ImZvcm1fYnVpbGRlcltpc19vcHRfaW5dIiBWYWx1ZT0iMSIgUmVjb3JkZWRWYWx1ZT0iIiBDb3JyZWxhdGlvbkJpbmRpbmc9IiIgVXJsRW5jb2RlPSJUcnVlIiAvPg0KICAgICAgICAgICAgPEZvcm1Qb3N0UGFyYW1ldGVyIE5hbWU9ImZvcm1fYnVpbGRlclt1c2VfcmVjYXB0Y2hhXSIgVmFsdWU9IjAiIFJlY29yZGVkVmFsdWU9IiIgQ29ycmVsYXRpb25CaW5kaW5nPSIiIFVybEVuY29kZT0iVHJ1ZSIgLz4NCiAgICAgICAgICAgIDxGb3JtUG9zdFBhcmFtZXRlciBOYW1lPSJmb3JtX2J1aWxkZXJbdXNlX3JlY2FwdGNoYV0iIFZhbHVlPSIxIiBSZWNvcmRlZFZhbHVlPSIiIENvcnJlbGF0aW9uQmluZGluZz0iIiBVcmxFbmNvZGU9IlRydWUiIC8+DQogICAgICAgICAgICA8Rm9ybVBvc3RQYXJhbWV0ZXIgTmFtZT0iZm9ybV9idWlsZGVyW29wdF9pbl9tZXNzYWdlXSIgVmFsdWU9Ikkgd2lzaCB0byByZWNlaXZlIHVwZGF0ZXMgZnJvbSBQZWFjaHRyZWUgSG9zcGl0YWwgYWJvdXQgaGVhbHRoIGluZm9ybWF0aW9uIGFuZCB1cGNvbWluZyBldmVudHMgdGhhdCBJIG1heSBiZSBpbnRlcmVzdGVkIGluLiIgUmVjb3JkZWRWYWx1ZT0iIiBDb3JyZWxhdGlvbkJpbmRpbmc9IiIgVXJsRW5jb2RlPSJUcnVlIiAvPg0KICAgICAgICAgICAgPEZvcm1Qb3N0UGFyYW1ldGVyIE5hbWU9ImZvcm1fYnVpbGRlcltmb3JtX2J1aWxkZXJfZmllbGRzX2F0dHJpYnV0ZXNdW11bZm9ybV9maWVsZF9pZF0iIFZhbHVlPSI0NyIgUmVjb3JkZWRWYWx1ZT0iIiBDb3JyZWxhdGlvbkJpbmRpbmc9IiIgVXJsRW5jb2RlPSJUcnVlIiAvPg0KICAgICAgICAgICAgPEZvcm1Qb3N0UGFyYW1ldGVyIE5hbWU9ImZvcm1fYnVpbGRlcltmb3JtX2J1aWxkZXJfZmllbGRzX2F0dHJpYnV0ZXNdW11baXNfcmVxdWlyZWRdIiBWYWx1ZT0iZmFsc2UiIFJlY29yZGVkVmFsdWU9IiIgQ29ycmVsYXRpb25CaW5kaW5nPSIiIFVybEVuY29kZT0iVHJ1ZSIgLz4NCiAgICAgICAgICAgIDxGb3JtUG9zdFBhcmFtZXRlciBOYW1lPSJmb3JtX2J1aWxkZXJbZm9ybV9idWlsZGVyX2ZpZWxkc19hdHRyaWJ1dGVzXVtdW3Bvc2l0aW9uXSIgVmFsdWU9IjAiIFJlY29yZGVkVmFsdWU9IiIgQ29ycmVsYXRpb25CaW5kaW5nPSIiIFVybEVuY29kZT0iVHJ1ZSIgLz4NCiAgICAgICAgICAgIDxGb3JtUG9zdFBhcmFtZXRlciBOYW1lPSJmb3JtX2J1aWxkZXJbZm9ybV9idWlsZGVyX2ZpZWxkc19hdHRyaWJ1dGVzXVtdW2Zvcm1fZmllbGRfaWRdIiBWYWx1ZT0iNSIgUmVjb3JkZWRWYWx1ZT0iIiBDb3JyZWxhdGlvbkJpbmRpbmc9IiIgVXJsRW5jb2RlPSJUcnVlIiAvPg0KICAgICAgICAgICAgPEZvcm1Qb3N0UGFyYW1ldGVyIE5hbWU9ImZvcm1fYnVpbGRlcltmb3JtX2J1aWxkZXJfZmllbGRzX2F0dHJpYnV0ZXNdW11baXNfcmVxdWlyZWRdIiBWYWx1ZT0iZmFsc2UiIFJlY29yZGVkVmFsdWU9IiIgQ29ycmVsYXRpb25CaW5kaW5nPSIiIFVybEVuY29kZT0iVHJ1ZSIgLz4NCiAgICAgICAgICAgIDxGb3JtUG9zdFBhcmFtZXRlciBOYW1lPSJmb3JtX2J1aWxkZXJbZm9ybV9idWlsZGVyX2ZpZWxkc19hdHRyaWJ1dGVzXVtdW3Bvc2l0aW9uXSIgVmFsdWU9IjEiIFJlY29yZGVkVmFsdWU9IiIgQ29ycmVsYXRpb25CaW5kaW5nPSIiIFVybEVuY29kZT0iVHJ1ZSIgLz4NCiAgICAgICAgICAgIDxGb3JtUG9zdFBhcmFtZXRlciBOYW1lPSJmb3JtX2J1aWxkZXJbZm9ybV9idWlsZGVyX2ZpZWxkc19hdHRyaWJ1dGVzXVtdW2Zvcm1fZmllbGRfaWRdIiBWYWx1ZT0iMSIgUmVjb3JkZWRWYWx1ZT0iIiBDb3JyZWxhdGlvbkJpbmRpbmc9IiIgVXJsRW5jb2RlPSJUcnVlIiAvPg0KICAgICAgICAgICAgPEZvcm1Qb3N0UGFyYW1ldGVyIE5hbWU9ImZvcm1fYnVpbGRlcltmb3JtX2J1aWxkZXJfZmllbGRzX2F0dHJpYnV0ZXNdW11baXNfcmVxdWlyZWRdIiBWYWx1ZT0iZmFsc2UiIFJlY29yZGVkVmFsdWU9IiIgQ29ycmVsYXRpb25CaW5kaW5nPSIiIFVybEVuY29kZT0iVHJ1ZSIgLz4NCiAgICAgICAgICAgIDxGb3JtUG9zdFBhcmFtZXRlciBOYW1lPSJmb3JtX2J1aWxkZXJbZm9ybV9idWlsZGVyX2ZpZWxkc19hdHRyaWJ1dGVzXVtdW3Bvc2l0aW9uXSIgVmFsdWU9IjIiIFJlY29yZGVkVmFsdWU9IiIgQ29ycmVsYXRpb25CaW5kaW5nPSIiIFVybEVuY29kZT0iVHJ1ZSIgLz4NCiAgICAgICAgICAgIDxGb3JtUG9zdFBhcmFtZXRlciBOYW1lPSJmb3JtX2J1aWxkZXJbZm9ybV9idWlsZGVyX2ZpZWxkc19hdHRyaWJ1dGVzXVtdW2Zvcm1fZmllbGRfaWRdIiBWYWx1ZT0iMjY1IiBSZWNvcmRlZFZhbHVlPSIiIENvcnJlbGF0aW9uQmluZGluZz0iIiBVcmxFbmNvZGU9IlRydWUiIC8+DQogICAgICAgICAgICA8Rm9ybVBvc3RQYXJhbWV0ZXIgTmFtZT0iZm9ybV9idWlsZGVyW2Zvcm1fYnVpbGRlcl9maWVsZHNfYXR0cmlidXRlc11bXVtpc19yZXF1aXJlZF0iIFZhbHVlPSJmYWxzZSIgUmVjb3JkZWRWYWx1ZT0iIiBDb3JyZWxhdGlvbkJpbmRpbmc9IiIgVXJsRW5jb2RlPSJUcnVlIiAvPg0KICAgICAgICAgICAgPEZvcm1Qb3N0UGFyYW1ldGVyIE5hbWU9ImZvcm1fYnVpbGRlcltmb3JtX2J1aWxkZXJfZmllbGRzX2F0dHJpYnV0ZXNdW11bcG9zaXRpb25dIiBWYWx1ZT0iMyIgUmVjb3JkZWRWYWx1ZT0iIiBDb3JyZWxhdGlvbkJpbmRpbmc9IiIgVXJsRW5jb2RlPSJUcnVlIiAvPg0KICAgICAgICAgICAgPEZvcm1Qb3N0UGFyYW1ldGVyIE5hbWU9InNlYXJjaC1ib3giIFZhbHVlPSIiIFJlY29yZGVkVmFsdWU9IiIgQ29ycmVsYXRpb25CaW5kaW5nPSIiIFVybEVuY29kZT0iVHJ1ZSIgLz4NCiAgICAgICAgICAgIDxGb3JtUG9zdFBhcmFtZXRlciBOYW1lPSJyZW1vdmVfZm9ybV9idWlsZGVyW2Zvcm1fYnVpbGRlcl9maWVsZHNfYXR0cmlidXRlc11bXVtmb3JtX2ZpZWxkX2lkXSIgVmFsdWU9IjMxMiIgUmVjb3JkZWRWYWx1ZT0iIiBDb3JyZWxhdGlvbkJpbmRpbmc9IiIgVXJsRW5jb2RlPSJUcnVlIiAvPg0KICAgICAgICAgICAgPEZvcm1Qb3N0UGFyYW1ldGVyIE5hbWU9InJlbW92ZV9mb3JtX2J1aWxkZXJbZm9ybV9idWlsZGVyX2ZpZWxkc19hdHRyaWJ1dGVzXVtdW2Zvcm1fZmllbGRfaWRdIiBWYWx1ZT0iMjUiIFJlY29yZGVkVmFsdWU9IiIgQ29ycmVsYXRpb25CaW5kaW5nPSIiIFVybEVuY29kZT0iVHJ1ZSIgLz4NCiAgICAgICAgICAgIDxGb3JtUG9zdFBhcmFtZXRlciBOYW1lPSJyZW1vdmVfZm9ybV9idWlsZGVyW2Zvcm1fYnVpbGRlcl9maWVsZHNfYXR0cmlidXRlc11bXVtmb3JtX2ZpZWxkX2lkXSIgVmFsdWU9IjIwOSIgUmVjb3JkZWRWYWx1ZT0iIiBDb3JyZWxhdGlvbkJpbmRpbmc9IiIgVXJsRW5jb2RlPSJUcnVlIiAvPg0KICAgICAgICAgICAgPEZvcm1Qb3N0UGFyYW1ldGVyIE5hbWU9InJlbW92ZV9mb3JtX2J1aWxkZXJbZm9ybV9idWlsZGVyX2ZpZWxkc19hdHRyaWJ1dGVzXVtdW2Zvcm1fZmllbGRfaWRdIiBWYWx1ZT0iMjQ3IiBSZWNvcmRlZFZhbHVlPSIiIENvcnJlbGF0aW9uQmluZGluZz0iIiBVcmxFbmNvZGU9IlRydWUiIC8+DQogICAgICAgICAgICA8Rm9ybVBvc3RQYXJhbWV0ZXIgTmFtZT0icmVtb3ZlX2Zvcm1fYnVpbGRlcltmb3JtX2J1aWxkZXJfZmllbGRzX2F0dHJpYnV0ZXNdW11bZm9ybV9maWVsZF9pZF0iIFZhbHVlPSIyNiIgUmVjb3JkZWRWYWx1ZT0iIiBDb3JyZWxhdGlvbkJpbmRpbmc9IiIgVXJsRW5jb2RlPSJUcnVlIiAvPg0KICAgICAgICAgICAgPEZvcm1Qb3N0UGFyYW1ldGVyIE5hbWU9InJlbW92ZV9mb3JtX2J1aWxkZXJbZm9ybV9idWlsZGVyX2ZpZWxkc19hdHRyaWJ1dGVzXVtdW2Zvcm1fZmllbGRfaWRdIiBWYWx1ZT0iMjEwIiBSZWNvcmRlZFZhbHVlPSIiIENvcnJlbGF0aW9uQmluZGluZz0iIiBVcmxFbmNvZGU9IlRydWUiIC8+DQogICAgICAgICAgICA8Rm9ybVBvc3RQYXJhbWV0ZXIgTmFtZT0icmVtb3ZlX2Zvcm1fYnVpbGRlcltmb3JtX2J1aWxkZXJfZmllbGRzX2F0dHJpYnV0ZXNdW11bZm9ybV9maWVsZF9pZF0iIFZhbHVlPSIzNDgiIFJlY29yZGVkVmFsdWU9IiIgQ29ycmVsYXRpb25CaW5kaW5nPSIiIFVybEVuY29kZT0iVHJ1ZSIgLz4NCiAgICAgICAgICAgIDxGb3JtUG9zdFBhcmFtZXRlciBOYW1lPSJyZW1vdmVfZm9ybV9idWlsZGVyW2Zvcm1fYnVpbGRlcl9maWVsZHNfYXR0cmlidXRlc11bXVtmb3JtX2ZpZWxkX2lkXSIgVmFsdWU9IjE3IiBSZWNvcmRlZFZhbHVlPSIiIENvcnJlbGF0aW9uQmluZGluZz0iIiBVcmxFbmNvZGU9IlRydWUiIC8+DQogICAgICAgICAgICA8Rm9ybVBvc3RQYXJhbWV0ZXIgTmFtZT0icmVtb3ZlX2Zvcm1fYnVpbGRlcltmb3JtX2J1aWxkZXJfZmllbGRzX2F0dHJpYnV0ZXNdW11bZm9ybV9maWVsZF9pZF0iIFZhbHVlPSIyNzQiIFJlY29yZGVkVmFsdWU9IiIgQ29ycmVsYXRpb25CaW5kaW5nPSIiIFVybEVuY29kZT0iVHJ1ZSIgLz4NCiAgICAgICAgICAgIDxGb3JtUG9zdFBhcmFtZXRlciBOYW1lPSJyZW1vdmVfZm9ybV9idWlsZGVyW2Zvcm1fYnVpbGRlcl9maWVsZHNfYXR0cmlidXRlc11bXVtmb3JtX2ZpZWxkX2lkXSIgVmFsdWU9IjI3NSIgUmVjb3JkZWRWYWx1ZT0iIiBDb3JyZWxhdGlvbkJpbmRpbmc9IiIgVXJsRW5jb2RlPSJUcnVlIiAvPg0KICAgICAgICAgICAgPEZvcm1Qb3N0UGFyYW1ldGVyIE5hbWU9InJlbW92ZV9mb3JtX2J1aWxkZXJbZm9ybV9idWlsZGVyX2ZpZWxkc19hdHRyaWJ1dGVzXVtdW2Zvcm1fZmllbGRfaWRdIiBWYWx1ZT0iMjUzIiBSZWNvcmRlZFZhbHVlPSIiIENvcnJlbGF0aW9uQmluZGluZz0iIiBVcmxFbmNvZGU9IlRydWUiIC8+DQogICAgICAgICAgICA8Rm9ybVBvc3RQYXJhbWV0ZXIgTmFtZT0icmVtb3ZlX2Zvcm1fYnVpbGRlcltmb3JtX2J1aWxkZXJfZmllbGRzX2F0dHJpYnV0ZXNdW11bZm9ybV9maWVsZF9pZF0iIFZhbHVlPSI2NSIgUmVjb3JkZWRWYWx1ZT0iIiBDb3JyZWxhdGlvbkJpbmRpbmc9IiIgVXJsRW5jb2RlPSJUcnVlIiAvPg0KICAgICAgICAgICAgPEZvcm1Qb3N0UGFyYW1ldGVyIE5hbWU9InJlbW92ZV9mb3JtX2J1aWxkZXJbZm9ybV9idWlsZGVyX2ZpZWxkc19hdHRyaWJ1dGVzXVtdW2Zvcm1fZmllbGRfaWRdIiBWYWx1ZT0iMjEiIFJlY29yZGVkVmFsdWU9IiIgQ29ycmVsYXRpb25CaW5kaW5nPSIiIFVybEVuY29kZT0iVHJ1ZSIgLz4NCiAgICAgICAgICAgIDxGb3JtUG9zdFBhcmFtZXRlciBOYW1lPSJyZW1vdmVfZm9ybV9idWlsZGVyW2Zvcm1fYnVpbGRlcl9maWVsZHNfYXR0cmlidXRlc11bXVtmb3JtX2ZpZWxkX2lkXSIgVmFsdWU9IjQ4IiBSZWNvcmRlZFZhbHVlPSIiIENvcnJlbGF0aW9uQmluZGluZz0iIiBVcmxFbmNvZGU9IlRydWUiIC8+DQogICAgICAgICAgICA8Rm9ybVBvc3RQYXJhbWV0ZXIgTmFtZT0icmVtb3ZlX2Zvcm1fYnVpbGRlcltmb3JtX2J1aWxkZXJfZmllbGRzX2F0dHJpYnV0ZXNdW11bZm9ybV9maWVsZF9pZF0iIFZhbHVlPSIzNyIgUmVjb3JkZWRWYWx1ZT0iIiBDb3JyZWxhdGlvbkJpbmRpbmc9IiIgVXJsRW5jb2RlPSJUcnVlIiAvPg0KICAgICAgICAgICAgPEZvcm1Qb3N0UGFyYW1ldGVyIE5hbWU9InJlbW92ZV9mb3JtX2J1aWxkZXJbZm9ybV9idWlsZGVyX2ZpZWxkc19hdHRyaWJ1dGVzXVtdW2Zvcm1fZmllbGRfaWRdIiBWYWx1ZT0iMjU2IiBSZWNvcmRlZFZhbHVlPSIiIENvcnJlbGF0aW9uQmluZGluZz0iIiBVcmxFbmNvZGU9IlRydWUiIC8+DQogICAgICAgICAgICA8Rm9ybVBvc3RQYXJhbWV0ZXIgTmFtZT0icmVtb3ZlX2Zvcm1fYnVpbGRlcltmb3JtX2J1aWxkZXJfZmllbGRzX2F0dHJpYnV0ZXNdW11bZm9ybV9maWVsZF9pZF0iIFZhbHVlPSIyNTgiIFJlY29yZGVkVmFsdWU9IiIgQ29ycmVsYXRpb25CaW5kaW5nPSIiIFVybEVuY29kZT0iVHJ1ZSIgLz4NCiAgICAgICAgICAgIDxGb3JtUG9zdFBhcmFtZXRlciBOYW1lPSJyZW1vdmVfZm9ybV9idWlsZGVyW2Zvcm1fYnVpbGRlcl9maWVsZHNfYXR0cmlidXRlc11bXVtmb3JtX2ZpZWxkX2lkXSIgVmFsdWU9IjI1NyIgUmVjb3JkZWRWYWx1ZT0iIiBDb3JyZWxhdGlvbkJpbmRpbmc9IiIgVXJsRW5jb2RlPSJUcnVlIiAvPg0KICAgICAgICAgICAgPEZvcm1Qb3N0UGFyYW1ldGVyIE5hbWU9InJlbW92ZV9mb3JtX2J1aWxkZXJbZm9ybV9idWlsZGVyX2ZpZWxkc19hdHRyaWJ1dGVzXVtdW2Zvcm1fZmllbGRfaWRdIiBWYWx1ZT0iMjQ2IiBSZWNvcmRlZFZhbHVlPSIiIENvcnJlbGF0aW9uQmluZGluZz0iIiBVcmxFbmNvZGU9IlRydWUiIC8+DQogICAgICAgICAgICA8Rm9ybVBvc3RQYXJhbWV0ZXIgTmFtZT0icmVtb3ZlX2Zvcm1fYnVpbGRlcltmb3JtX2J1aWxkZXJfZmllbGRzX2F0dHJpYnV0ZXNdW11bZm9ybV9maWVsZF9pZF0iIFZhbHVlPSIxMjgiIFJlY29yZGVkVmFsdWU9IiIgQ29ycmVsYXRpb25CaW5kaW5nPSIiIFVybEVuY29kZT0iVHJ1ZSIgLz4NCiAgICAgICAgICAgIDxGb3JtUG9zdFBhcmFtZXRlciBOYW1lPSJyZW1vdmVfZm9ybV9idWlsZGVyW2Zvcm1fYnVpbGRlcl9maWVsZHNfYXR0cmlidXRlc11bXVtmb3JtX2ZpZWxkX2lkXSIgVmFsdWU9IjI3OSIgUmVjb3JkZWRWYWx1ZT0iIiBDb3JyZWxhdGlvbkJpbmRpbmc9IiIgVXJsRW5jb2RlPSJUcnVlIiAvPg0KICAgICAgICAgICAgPEZvcm1Qb3N0UGFyYW1ldGVyIE5hbWU9InJlbW92ZV9mb3JtX2J1aWxkZXJbZm9ybV9idWlsZGVyX2ZpZWxkc19hdHRyaWJ1dGVzXVtdW2Zvcm1fZmllbGRfaWRdIiBWYWx1ZT0iMjI4IiBSZWNvcmRlZFZhbHVlPSIiIENvcnJlbGF0aW9uQmluZGluZz0iIiBVcmxFbmNvZGU9IlRydWUiIC8+DQogICAgICAgICAgICA8Rm9ybVBvc3RQYXJhbWV0ZXIgTmFtZT0icmVtb3ZlX2Zvcm1fYnVpbGRlcltmb3JtX2J1aWxkZXJfZmllbGRzX2F0dHJpYnV0ZXNdW11bZm9ybV9maWVsZF9pZF0iIFZhbHVlPSI5IiBSZWNvcmRlZFZhbHVlPSIiIENvcnJlbGF0aW9uQmluZGluZz0iIiBVcmxFbmNvZGU9IlRydWUiIC8+DQogICAgICAgICAgICA8Rm9ybVBvc3RQYXJhbWV0ZXIgTmFtZT0icmVtb3ZlX2Zvcm1fYnVpbGRlcltmb3JtX2J1aWxkZXJfZmllbGRzX2F0dHJpYnV0ZXNdW11bZm9ybV9maWVsZF9pZF0iIFZhbHVlPSI0MSIgUmVjb3JkZWRWYWx1ZT0iIiBDb3JyZWxhdGlvbkJpbmRpbmc9IiIgVXJsRW5jb2RlPSJUcnVlIiAvPg0KICAgICAgICAgICAgPEZvcm1Qb3N0UGFyYW1ldGVyIE5hbWU9InJlbW92ZV9mb3JtX2J1aWxkZXJbZm9ybV9idWlsZGVyX2ZpZWxkc19hdHRyaWJ1dGVzXVtdW2Zvcm1fZmllbGRfaWRdIiBWYWx1ZT0iMzM2IiBSZWNvcmRlZFZhbHVlPSIiIENvcnJlbGF0aW9uQmluZGluZz0iIiBVcmxFbmNvZGU9IlRydWUiIC8+DQogICAgICAgICAgICA8Rm9ybVBvc3RQYXJhbWV0ZXIgTmFtZT0icmVtb3ZlX2Zvcm1fYnVpbGRlcltmb3JtX2J1aWxkZXJfZmllbGRzX2F0dHJpYnV0ZXNdW11bZm9ybV9maWVsZF9pZF0iIFZhbHVlPSI0MCIgUmVjb3JkZWRWYWx1ZT0iIiBDb3JyZWxhdGlvbkJpbmRpbmc9IiIgVXJsRW5jb2RlPSJUcnVlIiAvPg0KICAgICAgICAgICAgPEZvcm1Qb3N0UGFyYW1ldGVyIE5hbWU9InJlbW92ZV9mb3JtX2J1aWxkZXJbZm9ybV9idWlsZGVyX2ZpZWxkc19hdHRyaWJ1dGVzXVtdW2Zvcm1fZmllbGRfaWRdIiBWYWx1ZT0iOCIgUmVjb3JkZWRWYWx1ZT0iIiBDb3JyZWxhdGlvbkJpbmRpbmc9IiIgVXJsRW5jb2RlPSJUcnVlIiAvPg0KICAgICAgICAgICAgPEZvcm1Qb3N0UGFyYW1ldGVyIE5hbWU9InJlbW92ZV9mb3JtX2J1aWxkZXJbZm9ybV9idWlsZGVyX2ZpZWxkc19hdHRyaWJ1dGVzXVtdW2Zvcm1fZmllbGRfaWRdIiBWYWx1ZT0iMjUyIiBSZWNvcmRlZFZhbHVlPSIiIENvcnJlbGF0aW9uQmluZGluZz0iIiBVcmxFbmNvZGU9IlRydWUiIC8+DQogICAgICAgICAgICA8Rm9ybVBvc3RQYXJhbWV0ZXIgTmFtZT0icmVtb3ZlX2Zvcm1fYnVpbGRlcltmb3JtX2J1aWxkZXJfZmllbGRzX2F0dHJpYnV0ZXNdW11bZm9ybV9maWVsZF9pZF0iIFZhbHVlPSIyNTQiIFJlY29yZGVkVmFsdWU9IiIgQ29ycmVsYXRpb25CaW5kaW5nPSIiIFVybEVuY29kZT0iVHJ1ZSIgLz4NCiAgICAgICAgICAgIDxGb3JtUG9zdFBhcmFtZXRlciBOYW1lPSJyZW1vdmVfZm9ybV9idWlsZGVyW2Zvcm1fYnVpbGRlcl9maWVsZHNfYXR0cmlidXRlc11bXVtmb3JtX2ZpZWxkX2lkXSIgVmFsdWU9IjI1MSIgUmVjb3JkZWRWYWx1ZT0iIiBDb3JyZWxhdGlvbkJpbmRpbmc9IiIgVXJsRW5jb2RlPSJUcnVlIiAvPg0KICAgICAgICAgICAgPEZvcm1Qb3N0UGFyYW1ldGVyIE5hbWU9InJlbW92ZV9mb3JtX2J1aWxkZXJbZm9ybV9idWlsZGVyX2ZpZWxkc19hdHRyaWJ1dGVzXVtdW2Zvcm1fZmllbGRfaWRdIiBWYWx1ZT0iMjUwIiBSZWNvcmRlZFZhbHVlPSIiIENvcnJlbGF0aW9uQmluZGluZz0iIiBVcmxFbmNvZGU9IlRydWUiIC8+DQogICAgICAgICAgICA8Rm9ybVBvc3RQYXJhbWV0ZXIgTmFtZT0icmVtb3ZlX2Zvcm1fYnVpbGRlcltmb3JtX2J1aWxkZXJfZmllbGRzX2F0dHJpYnV0ZXNdW11bZm9ybV9maWVsZF9pZF0iIFZhbHVlPSIzMTkiIFJlY29yZGVkVmFsdWU9IiIgQ29ycmVsYXRpb25CaW5kaW5nPSIiIFVybEVuY29kZT0iVHJ1ZSIgLz4NCiAgICAgICAgICAgIDxGb3JtUG9zdFBhcmFtZXRlciBOYW1lPSJyZW1vdmVfZm9ybV9idWlsZGVyW2Zvcm1fYnVpbGRlcl9maWVsZHNfYXR0cmlidXRlc11bXVtmb3JtX2ZpZWxkX2lkXSIgVmFsdWU9IjI3MiIgUmVjb3JkZWRWYWx1ZT0iIiBDb3JyZWxhdGlvbkJpbmRpbmc9IiIgVXJsRW5jb2RlPSJUcnVlIiAvPg0KICAgICAgICAgICAgPEZvcm1Qb3N0UGFyYW1ldGVyIE5hbWU9InJlbW92ZV9mb3JtX2J1aWxkZXJbZm9ybV9idWlsZGVyX2ZpZWxkc19hdHRyaWJ1dGVzXVtdW2Zvcm1fZmllbGRfaWRdIiBWYWx1ZT0iMzMxIiBSZWNvcmRlZFZhbHVlPSIiIENvcnJlbGF0aW9uQmluZGluZz0iIiBVcmxFbmNvZGU9IlRydWUiIC8+DQogICAgICAgICAgICA8Rm9ybVBvc3RQYXJhbWV0ZXIgTmFtZT0icmVtb3ZlX2Zvcm1fYnVpbGRlcltmb3JtX2J1aWxkZXJfZmllbGRzX2F0dHJpYnV0ZXNdW11bZm9ybV9maWVsZF9pZF0iIFZhbHVlPSIzMzAiIFJlY29yZGVkVmFsdWU9IiIgQ29ycmVsYXRpb25CaW5kaW5nPSIiIFVybEVuY29kZT0iVHJ1ZSIgLz4NCiAgICAgICAgICAgIDxGb3JtUG9zdFBhcmFtZXRlciBOYW1lPSJyZW1vdmVfZm9ybV9idWlsZGVyW2Zvcm1fYnVpbGRlcl9maWVsZHNfYXR0cmlidXRlc11bXVtmb3JtX2ZpZWxkX2lkXSIgVmFsdWU9IjM0NSIgUmVjb3JkZWRWYWx1ZT0iIiBDb3JyZWxhdGlvbkJpbmRpbmc9IiIgVXJsRW5jb2RlPSJUcnVlIiAvPg0KICAgICAgICAgICAgPEZvcm1Qb3N0UGFyYW1ldGVyIE5hbWU9InJlbW92ZV9mb3JtX2J1aWxkZXJbZm9ybV9idWlsZGVyX2ZpZWxkc19hdHRyaWJ1dGVzXVtdW2Zvcm1fZmllbGRfaWRdIiBWYWx1ZT0iMTQiIFJlY29yZGVkVmFsdWU9IiIgQ29ycmVsYXRpb25CaW5kaW5nPSIiIFVybEVuY29kZT0iVHJ1ZSIgLz4NCiAgICAgICAgICAgIDxGb3JtUG9zdFBhcmFtZXRlciBOYW1lPSJyZW1vdmVfZm9ybV9idWlsZGVyW2Zvcm1fYnVpbGRlcl9maWVsZHNfYXR0cmlidXRlc11bXVtmb3JtX2ZpZWxkX2lkXSIgVmFsdWU9IjIxNyIgUmVjb3JkZWRWYWx1ZT0iIiBDb3JyZWxhdGlvbkJpbmRpbmc9IiIgVXJsRW5jb2RlPSJUcnVlIiAvPg0KICAgICAgICAgICAgPEZvcm1Qb3N0UGFyYW1ldGVyIE5hbWU9InJlbW92ZV9mb3JtX2J1aWxkZXJbZm9ybV9idWlsZGVyX2ZpZWxkc19hdHRyaWJ1dGVzXVtdW2Zvcm1fZmllbGRfaWRdIiBWYWx1ZT0iMjM3IiBSZWNvcmRlZFZhbHVlPSIiIENvcnJlbGF0aW9uQmluZGluZz0iIiBVcmxFbmNvZGU9IlRydWUiIC8+DQogICAgICAgICAgICA8Rm9ybVBvc3RQYXJhbWV0ZXIgTmFtZT0icmVtb3ZlX2Zvcm1fYnVpbGRlcltmb3JtX2J1aWxkZXJfZmllbGRzX2F0dHJpYnV0ZXNdW11bZm9ybV9maWVsZF9pZF0iIFZhbHVlPSIyMCIgUmVjb3JkZWRWYWx1ZT0iIiBDb3JyZWxhdGlvbkJpbmRpbmc9IiIgVXJsRW5jb2RlPSJUcnVlIiAvPg0KICAgICAgICAgICAgPEZvcm1Qb3N0UGFyYW1ldGVyIE5hbWU9InJlbW92ZV9mb3JtX2J1aWxkZXJbZm9ybV9idWlsZGVyX2ZpZWxkc19hdHRyaWJ1dGVzXVtdW2Zvcm1fZmllbGRfaWRdIiBWYWx1ZT0iMzQzIiBSZWNvcmRlZFZhbHVlPSIiIENvcnJlbGF0aW9uQmluZGluZz0iIiBVcmxFbmNvZGU9IlRydWUiIC8+DQogICAgICAgICAgICA8Rm9ybVBvc3RQYXJhbWV0ZXIgTmFtZT0icmVtb3ZlX2Zvcm1fYnVpbGRlcltmb3JtX2J1aWxkZXJfZmllbGRzX2F0dHJpYnV0ZXNdW11bZm9ybV9maWVsZF9pZF0iIFZhbHVlPSIyMTkiIFJlY29yZGVkVmFsdWU9IiIgQ29ycmVsYXRpb25CaW5kaW5nPSIiIFVybEVuY29kZT0iVHJ1ZSIgLz4NCiAgICAgICAgICAgIDxGb3JtUG9zdFBhcmFtZXRlciBOYW1lPSJyZW1vdmVfZm9ybV9idWlsZGVyW2Zvcm1fYnVpbGRlcl9maWVsZHNfYXR0cmlidXRlc11bXVtmb3JtX2ZpZWxkX2lkXSIgVmFsdWU9IjI0OSIgUmVjb3JkZWRWYWx1ZT0iIiBDb3JyZWxhdGlvbkJpbmRpbmc9IiIgVXJsRW5jb2RlPSJUcnVlIiAvPg0KICAgICAgICAgICAgPEZvcm1Qb3N0UGFyYW1ldGVyIE5hbWU9InJlbW92ZV9mb3JtX2J1aWxkZXJbZm9ybV9idWlsZGVyX2ZpZWxkc19hdHRyaWJ1dGVzXVtdW2Zvcm1fZmllbGRfaWRdIiBWYWx1ZT0iMzkiIFJlY29yZGVkVmFsdWU9IiIgQ29ycmVsYXRpb25CaW5kaW5nPSIiIFVybEVuY29kZT0iVHJ1ZSIgLz4NCiAgICAgICAgICAgIDxGb3JtUG9zdFBhcmFtZXRlciBOYW1lPSJyZW1vdmVfZm9ybV9idWlsZGVyW2Zvcm1fYnVpbGRlcl9maWVsZHNfYXR0cmlidXRlc11bXVtmb3JtX2ZpZWxkX2lkXSIgVmFsdWU9IjU4IiBSZWNvcmRlZFZhbHVlPSIiIENvcnJlbGF0aW9uQmluZGluZz0iIiBVcmxFbmNvZGU9IlRydWUiIC8+DQogICAgICAgICAgICA8Rm9ybVBvc3RQYXJhbWV0ZXIgTmFtZT0icmVtb3ZlX2Zvcm1fYnVpbGRlcltmb3JtX2J1aWxkZXJfZmllbGRzX2F0dHJpYnV0ZXNdW11bZm9ybV9maWVsZF9pZF0iIFZhbHVlPSIzNDIiIFJlY29yZGVkVmFsdWU9IiIgQ29ycmVsYXRpb25CaW5kaW5nPSIiIFVybEVuY29kZT0iVHJ1ZSIgLz4NCiAgICAgICAgICAgIDxGb3JtUG9zdFBhcmFtZXRlciBOYW1lPSJyZW1vdmVfZm9ybV9idWlsZGVyW2Zvcm1fYnVpbGRlcl9maWVsZHNfYXR0cmlidXRlc11bXVtmb3JtX2ZpZWxkX2lkXSIgVmFsdWU9IjEwNiIgUmVjb3JkZWRWYWx1ZT0iIiBDb3JyZWxhdGlvbkJpbmRpbmc9IiIgVXJsRW5jb2RlPSJUcnVlIiAvPg0KICAgICAgICAgICAgPEZvcm1Qb3N0UGFyYW1ldGVyIE5hbWU9InJlbW92ZV9mb3JtX2J1aWxkZXJbZm9ybV9idWlsZGVyX2ZpZWxkc19hdHRyaWJ1dGVzXVtdW2Zvcm1fZmllbGRfaWRdIiBWYWx1ZT0iMjAzIiBSZWNvcmRlZFZhbHVlPSIiIENvcnJlbGF0aW9uQmluZGluZz0iIiBVcmxFbmNvZGU9IlRydWUiIC8+DQogICAgICAgICAgICA8Rm9ybVBvc3RQYXJhbWV0ZXIgTmFtZT0icmVtb3ZlX2Zvcm1fYnVpbGRlcltmb3JtX2J1aWxkZXJfZmllbGRzX2F0dHJpYnV0ZXNdW11bZm9ybV9maWVsZF9pZF0iIFZhbHVlPSIxOSIgUmVjb3JkZWRWYWx1ZT0iIiBDb3JyZWxhdGlvbkJpbmRpbmc9IiIgVXJsRW5jb2RlPSJUcnVlIiAvPg0KICAgICAgICAgICAgPEZvcm1Qb3N0UGFyYW1ldGVyIE5hbWU9InJlbW92ZV9mb3JtX2J1aWxkZXJbZm9ybV9idWlsZGVyX2ZpZWxkc19hdHRyaWJ1dGVzXVtdW2Zvcm1fZmllbGRfaWRdIiBWYWx1ZT0iMzQ3IiBSZWNvcmRlZFZhbHVlPSIiIENvcnJlbGF0aW9uQmluZGluZz0iIiBVcmxFbmNvZGU9IlRydWUiIC8+DQogICAgICAgICAgICA8Rm9ybVBvc3RQYXJhbWV0ZXIgTmFtZT0icmVtb3ZlX2Zvcm1fYnVpbGRlcltmb3JtX2J1aWxkZXJfZmllbGRzX2F0dHJpYnV0ZXNdW11bZm9ybV9maWVsZF9pZF0iIFZhbHVlPSIzMjIiIFJlY29yZGVkVmFsdWU9IiIgQ29ycmVsYXRpb25CaW5kaW5nPSIiIFVybEVuY29kZT0iVHJ1ZSIgLz4NCiAgICAgICAgICAgIDxGb3JtUG9zdFBhcmFtZXRlciBOYW1lPSJyZW1vdmVfZm9ybV9idWlsZGVyW2Zvcm1fYnVpbGRlcl9maWVsZHNfYXR0cmlidXRlc11bXVtmb3JtX2ZpZWxkX2lkXSIgVmFsdWU9IjUxIiBSZWNvcmRlZFZhbHVlPSIiIENvcnJlbGF0aW9uQmluZGluZz0iIiBVcmxFbmNvZGU9IlRydWUiIC8+DQogICAgICAgICAgICA8Rm9ybVBvc3RQYXJhbWV0ZXIgTmFtZT0icmVtb3ZlX2Zvcm1fYnVpbGRlcltmb3JtX2J1aWxkZXJfZmllbGRzX2F0dHJpYnV0ZXNdW11bZm9ybV9maWVsZF9pZF0iIFZhbHVlPSI0OSIgUmVjb3JkZWRWYWx1ZT0iIiBDb3JyZWxhdGlvbkJpbmRpbmc9IiIgVXJsRW5jb2RlPSJUcnVlIiAvPg0KICAgICAgICAgICAgPEZvcm1Qb3N0UGFyYW1ldGVyIE5hbWU9InJlbW92ZV9mb3JtX2J1aWxkZXJbZm9ybV9idWlsZGVyX2ZpZWxkc19hdHRyaWJ1dGVzXVtdW2Zvcm1fZmllbGRfaWRdIiBWYWx1ZT0iNTAiIFJlY29yZGVkVmFsdWU9IiIgQ29ycmVsYXRpb25CaW5kaW5nPSIiIFVybEVuY29kZT0iVHJ1ZSIgLz4NCiAgICAgICAgICAgIDxGb3JtUG9zdFBhcmFtZXRlciBOYW1lPSJyZW1vdmVfZm9ybV9idWlsZGVyW2Zvcm1fYnVpbGRlcl9maWVsZHNfYXR0cmlidXRlc11bXVtmb3JtX2ZpZWxkX2lkXSIgVmFsdWU9IjUyIiBSZWNvcmRlZFZhbHVlPSIiIENvcnJlbGF0aW9uQmluZGluZz0iIiBVcmxFbmNvZGU9IlRydWUiIC8+DQogICAgICAgICAgICA8Rm9ybVBvc3RQYXJhbWV0ZXIgTmFtZT0icmVtb3ZlX2Zvcm1fYnVpbGRlcltmb3JtX2J1aWxkZXJfZmllbGRzX2F0dHJpYnV0ZXNdW11bZm9ybV9maWVsZF9pZF0iIFZhbHVlPSIxMzQiIFJlY29yZGVkVmFsdWU9IiIgQ29ycmVsYXRpb25CaW5kaW5nPSIiIFVybEVuY29kZT0iVHJ1ZSIgLz4NCiAgICAgICAgICAgIDxGb3JtUG9zdFBhcmFtZXRlciBOYW1lPSJyZW1vdmVfZm9ybV9idWlsZGVyW2Zvcm1fYnVpbGRlcl9maWVsZHNfYXR0cmlidXRlc11bXVtmb3JtX2ZpZWxkX2lkXSIgVmFsdWU9IjE4MyIgUmVjb3JkZWRWYWx1ZT0iIiBDb3JyZWxhdGlvbkJpbmRpbmc9IiIgVXJsRW5jb2RlPSJUcnVlIiAvPg0KICAgICAgICAgICAgPEZvcm1Qb3N0UGFyYW1ldGVyIE5hbWU9InJlbW92ZV9mb3JtX2J1aWxkZXJbZm9ybV9idWlsZGVyX2ZpZWxkc19hdHRyaWJ1dGVzXVtdW2Zvcm1fZmllbGRfaWRdIiBWYWx1ZT0iNDIiIFJlY29yZGVkVmFsdWU9IiIgQ29ycmVsYXRpb25CaW5kaW5nPSIiIFVybEVuY29kZT0iVHJ1ZSIgLz4NCiAgICAgICAgICAgIDxGb3JtUG9zdFBhcmFtZXRlciBOYW1lPSJyZW1vdmVfZm9ybV9idWlsZGVyW2Zvcm1fYnVpbGRlcl9maWVsZHNfYXR0cmlidXRlc11bXVtmb3JtX2ZpZWxkX2lkXSIgVmFsdWU9IjE0NSIgUmVjb3JkZWRWYWx1ZT0iIiBDb3JyZWxhdGlvbkJpbmRpbmc9IiIgVXJsRW5jb2RlPSJUcnVlIiAvPg0KICAgICAgICAgICAgPEZvcm1Qb3N0UGFyYW1ldGVyIE5hbWU9InJlbW92ZV9mb3JtX2J1aWxkZXJbZm9ybV9idWlsZGVyX2ZpZWxkc19hdHRyaWJ1dGVzXVtdW2Zvcm1fZmllbGRfaWRdIiBWYWx1ZT0iMTgyIiBSZWNvcmRlZFZhbHVlPSIiIENvcnJlbGF0aW9uQmluZGluZz0iIiBVcmxFbmNvZGU9IlRydWUiIC8+DQogICAgICAgICAgICA8Rm9ybVBvc3RQYXJhbWV0ZXIgTmFtZT0icmVtb3ZlX2Zvcm1fYnVpbGRlcltmb3JtX2J1aWxkZXJfZmllbGRzX2F0dHJpYnV0ZXNdW11bZm9ybV9maWVsZF9pZF0iIFZhbHVlPSIxOTMiIFJlY29yZGVkVmFsdWU9IiIgQ29ycmVsYXRpb25CaW5kaW5nPSIiIFVybEVuY29kZT0iVHJ1ZSIgLz4NCiAgICAgICAgICAgIDxGb3JtUG9zdFBhcmFtZXRlciBOYW1lPSJyZW1vdmVfZm9ybV9idWlsZGVyW2Zvcm1fYnVpbGRlcl9maWVsZHNfYXR0cmlidXRlc11bXVtmb3JtX2ZpZWxkX2lkXSIgVmFsdWU9Ijk3IiBSZWNvcmRlZFZhbHVlPSIiIENvcnJlbGF0aW9uQmluZGluZz0iIiBVcmxFbmNvZGU9IlRydWUiIC8+DQogICAgICAgICAgICA8Rm9ybVBvc3RQYXJhbWV0ZXIgTmFtZT0icmVtb3ZlX2Zvcm1fYnVpbGRlcltmb3JtX2J1aWxkZXJfZmllbGRzX2F0dHJpYnV0ZXNdW11bZm9ybV9maWVsZF9pZF0iIFZhbHVlPSIxNzQiIFJlY29yZGVkVmFsdWU9IiIgQ29ycmVsYXRpb25CaW5kaW5nPSIiIFVybEVuY29kZT0iVHJ1ZSIgLz4NCiAgICAgICAgICAgIDxGb3JtUG9zdFBhcmFtZXRlciBOYW1lPSJyZW1vdmVfZm9ybV9idWlsZGVyW2Zvcm1fYnVpbGRlcl9maWVsZHNfYXR0cmlidXRlc11bXVtmb3JtX2ZpZWxkX2lkXSIgVmFsdWU9IjkwIiBSZWNvcmRlZFZhbHVlPSIiIENvcnJlbGF0aW9uQmluZGluZz0iIiBVcmxFbmNvZGU9IlRydWUiIC8+DQogICAgICAgICAgICA8Rm9ybVBvc3RQYXJhbWV0ZXIgTmFtZT0icmVtb3ZlX2Zvcm1fYnVpbGRlcltmb3JtX2J1aWxkZXJfZmllbGRzX2F0dHJpYnV0ZXNdW11bZm9ybV9maWVsZF9pZF0iIFZhbHVlPSI4MiIgUmVjb3JkZWRWYWx1ZT0iIiBDb3JyZWxhdGlvbkJpbmRpbmc9IiIgVXJsRW5jb2RlPSJUcnVlIiAvPg0KICAgICAgICAgICAgPEZvcm1Qb3N0UGFyYW1ldGVyIE5hbWU9InJlbW92ZV9mb3JtX2J1aWxkZXJbZm9ybV9idWlsZGVyX2ZpZWxkc19hdHRyaWJ1dGVzXVtdW2Zvcm1fZmllbGRfaWRdIiBWYWx1ZT0iMTAwIiBSZWNvcmRlZFZhbHVlPSIiIENvcnJlbGF0aW9uQmluZGluZz0iIiBVcmxFbmNvZGU9IlRydWUiIC8+DQogICAgICAgICAgICA8Rm9ybVBvc3RQYXJhbWV0ZXIgTmFtZT0icmVtb3ZlX2Zvcm1fYnVpbGRlcltmb3JtX2J1aWxkZXJfZmllbGRzX2F0dHJpYnV0ZXNdW11bZm9ybV9maWVsZF9pZF0iIFZhbHVlPSIyMDEiIFJlY29yZGVkVmFsdWU9IiIgQ29ycmVsYXRpb25CaW5kaW5nPSIiIFVybEVuY29kZT0iVHJ1ZSIgLz4NCiAgICAgICAgICAgIDxGb3JtUG9zdFBhcmFtZXRlciBOYW1lPSJyZW1vdmVfZm9ybV9idWlsZGVyW2Zvcm1fYnVpbGRlcl9maWVsZHNfYXR0cmlidXRlc11bXVtmb3JtX2ZpZWxkX2lkXSIgVmFsdWU9IjIzMCIgUmVjb3JkZWRWYWx1ZT0iIiBDb3JyZWxhdGlvbkJpbmRpbmc9IiIgVXJsRW5jb2RlPSJUcnVlIiAvPg0KICAgICAgICAgICAgPEZvcm1Qb3N0UGFyYW1ldGVyIE5hbWU9InJlbW92ZV9mb3JtX2J1aWxkZXJbZm9ybV9idWlsZGVyX2ZpZWxkc19hdHRyaWJ1dGVzXVtdW2Zvcm1fZmllbGRfaWRdIiBWYWx1ZT0iMTUxIiBSZWNvcmRlZFZhbHVlPSIiIENvcnJlbGF0aW9uQmluZGluZz0iIiBVcmxFbmNvZGU9IlRydWUiIC8+DQogICAgICAgICAgICA8Rm9ybVBvc3RQYXJhbWV0ZXIgTmFtZT0icmVtb3ZlX2Zvcm1fYnVpbGRlcltmb3JtX2J1aWxkZXJfZmllbGRzX2F0dHJpYnV0ZXNdW11bZm9ybV9maWVsZF9pZF0iIFZhbHVlPSIxNjgiIFJlY29yZGVkVmFsdWU9IiIgQ29ycmVsYXRpb25CaW5kaW5nPSIiIFVybEVuY29kZT0iVHJ1ZSIgLz4NCiAgICAgICAgICAgIDxGb3JtUG9zdFBhcmFtZXRlciBOYW1lPSJyZW1vdmVfZm9ybV9idWlsZGVyW2Zvcm1fYnVpbGRlcl9maWVsZHNfYXR0cmlidXRlc11bXVtmb3JtX2ZpZWxkX2lkXSIgVmFsdWU9IjE0MyIgUmVjb3JkZWRWYWx1ZT0iIiBDb3JyZWxhdGlvbkJpbmRpbmc9IiIgVXJsRW5jb2RlPSJUcnVlIiAvPg0KICAgICAgICAgICAgPEZvcm1Qb3N0UGFyYW1ldGVyIE5hbWU9InJlbW92ZV9mb3JtX2J1aWxkZXJbZm9ybV9idWlsZGVyX2ZpZWxkc19hdHRyaWJ1dGVzXVtdW2Zvcm1fZmllbGRfaWRdIiBWYWx1ZT0iMjkwIiBSZWNvcmRlZFZhbHVlPSIiIENvcnJlbGF0aW9uQmluZGluZz0iIiBVcmxFbmNvZGU9IlRydWUiIC8+DQogICAgICAgICAgICA8Rm9ybVBvc3RQYXJhbWV0ZXIgTmFtZT0icmVtb3ZlX2Zvcm1fYnVpbGRlcltmb3JtX2J1aWxkZXJfZmllbGRzX2F0dHJpYnV0ZXNdW11bZm9ybV9maWVsZF9pZF0iIFZhbHVlPSIyODkiIFJlY29yZGVkVmFsdWU9IiIgQ29ycmVsYXRpb25CaW5kaW5nPSIiIFVybEVuY29kZT0iVHJ1ZSIgLz4NCiAgICAgICAgICAgIDxGb3JtUG9zdFBhcmFtZXRlciBOYW1lPSJyZW1vdmVfZm9ybV9idWlsZGVyW2Zvcm1fYnVpbGRlcl9maWVsZHNfYXR0cmlidXRlc11bXVtmb3JtX2ZpZWxkX2lkXSIgVmFsdWU9IjE5NCIgUmVjb3JkZWRWYWx1ZT0iIiBDb3JyZWxhdGlvbkJpbmRpbmc9IiIgVXJsRW5jb2RlPSJUcnVlIiAvPg0KICAgICAgICAgICAgPEZvcm1Qb3N0UGFyYW1ldGVyIE5hbWU9InJlbW92ZV9mb3JtX2J1aWxkZXJbZm9ybV9idWlsZGVyX2ZpZWxkc19hdHRyaWJ1dGVzXVtdW2Zvcm1fZmllbGRfaWRdIiBWYWx1ZT0iMjYxIiBSZWNvcmRlZFZhbHVlPSIiIENvcnJlbGF0aW9uQmluZGluZz0iIiBVcmxFbmNvZGU9IlRydWUiIC8+DQogICAgICAgICAgICA8Rm9ybVBvc3RQYXJhbWV0ZXIgTmFtZT0icmVtb3ZlX2Zvcm1fYnVpbGRlcltmb3JtX2J1aWxkZXJfZmllbGRzX2F0dHJpYnV0ZXNdW11bZm9ybV9maWVsZF9pZF0iIFZhbHVlPSIyNjMiIFJlY29yZGVkVmFsdWU9IiIgQ29ycmVsYXRpb25CaW5kaW5nPSIiIFVybEVuY29kZT0iVHJ1ZSIgLz4NCiAgICAgICAgICAgIDxGb3JtUG9zdFBhcmFtZXRlciBOYW1lPSJyZW1vdmVfZm9ybV9idWlsZGVyW2Zvcm1fYnVpbGRlcl9maWVsZHNfYXR0cmlidXRlc11bXVtmb3JtX2ZpZWxkX2lkXSIgVmFsdWU9IjI2NiIgUmVjb3JkZWRWYWx1ZT0iIiBDb3JyZWxhdGlvbkJpbmRpbmc9IiIgVXJsRW5jb2RlPSJUcnVlIiAvPg0KICAgICAgICAgICAgPEZvcm1Qb3N0UGFyYW1ldGVyIE5hbWU9InJlbW92ZV9mb3JtX2J1aWxkZXJbZm9ybV9idWlsZGVyX2ZpZWxkc19hdHRyaWJ1dGVzXVtdW2Zvcm1fZmllbGRfaWRdIiBWYWx1ZT0iMTQ5IiBSZWNvcmRlZFZhbHVlPSIiIENvcnJlbGF0aW9uQmluZGluZz0iIiBVcmxFbmNvZGU9IlRydWUiIC8+DQogICAgICAgICAgICA8Rm9ybVBvc3RQYXJhbWV0ZXIgTmFtZT0icmVtb3ZlX2Zvcm1fYnVpbGRlcltmb3JtX2J1aWxkZXJfZmllbGRzX2F0dHJpYnV0ZXNdW11bZm9ybV9maWVsZF9pZF0iIFZhbHVlPSIxMzYiIFJlY29yZGVkVmFsdWU9IiIgQ29ycmVsYXRpb25CaW5kaW5nPSIiIFVybEVuY29kZT0iVHJ1ZSIgLz4NCiAgICAgICAgICAgIDxGb3JtUG9zdFBhcmFtZXRlciBOYW1lPSJyZW1vdmVfZm9ybV9idWlsZGVyW2Zvcm1fYnVpbGRlcl9maWVsZHNfYXR0cmlidXRlc11bXVtmb3JtX2ZpZWxkX2lkXSIgVmFsdWU9IjE2NiIgUmVjb3JkZWRWYWx1ZT0iIiBDb3JyZWxhdGlvbkJpbmRpbmc9IiIgVXJsRW5jb2RlPSJUcnVlIiAvPg0KICAgICAgICAgICAgPEZvcm1Qb3N0UGFyYW1ldGVyIE5hbWU9InJlbW92ZV9mb3JtX2J1aWxkZXJbZm9ybV9idWlsZGVyX2ZpZWxkc19hdHRyaWJ1dGVzXVtdW2Zvcm1fZmllbGRfaWRdIiBWYWx1ZT0iMTgxIiBSZWNvcmRlZFZhbHVlPSIiIENvcnJlbGF0aW9uQmluZGluZz0iIiBVcmxFbmNvZGU9IlRydWUiIC8+DQogICAgICAgICAgICA8Rm9ybVBvc3RQYXJhbWV0ZXIgTmFtZT0icmVtb3ZlX2Zvcm1fYnVpbGRlcltmb3JtX2J1aWxkZXJfZmllbGRzX2F0dHJpYnV0ZXNdW11bZm9ybV9maWVsZF9pZF0iIFZhbHVlPSI1NiIgUmVjb3JkZWRWYWx1ZT0iIiBDb3JyZWxhdGlvbkJpbmRpbmc9IiIgVXJsRW5jb2RlPSJUcnVlIiAvPg0KICAgICAgICAgICAgPEZvcm1Qb3N0UGFyYW1ldGVyIE5hbWU9InJlbW92ZV9mb3JtX2J1aWxkZXJbZm9ybV9idWlsZGVyX2ZpZWxkc19hdHRyaWJ1dGVzXVtdW2Zvcm1fZmllbGRfaWRdIiBWYWx1ZT0iNjYiIFJlY29yZGVkVmFsdWU9IiIgQ29ycmVsYXRpb25CaW5kaW5nPSIiIFVybEVuY29kZT0iVHJ1ZSIgLz4NCiAgICAgICAgICAgIDxGb3JtUG9zdFBhcmFtZXRlciBOYW1lPSJyZW1vdmVfZm9ybV9idWlsZGVyW2Zvcm1fYnVpbGRlcl9maWVsZHNfYXR0cmlidXRlc11bXVtmb3JtX2ZpZWxkX2lkXSIgVmFsdWU9IjcyIiBSZWNvcmRlZFZhbHVlPSIiIENvcnJlbGF0aW9uQmluZGluZz0iIiBVcmxFbmNvZGU9IlRydWUiIC8+DQogICAgICAgICAgICA8Rm9ybVBvc3RQYXJhbWV0ZXIgTmFtZT0icmVtb3ZlX2Zvcm1fYnVpbGRlcltmb3JtX2J1aWxkZXJfZmllbGRzX2F0dHJpYnV0ZXNdW11bZm9ybV9maWVsZF9pZF0iIFZhbHVlPSI4OCIgUmVjb3JkZWRWYWx1ZT0iIiBDb3JyZWxhdGlvbkJpbmRpbmc9IiIgVXJsRW5jb2RlPSJUcnVlIiAvPg0KICAgICAgICAgICAgPEZvcm1Qb3N0UGFyYW1ldGVyIE5hbWU9InJlbW92ZV9mb3JtX2J1aWxkZXJbZm9ybV9idWlsZGVyX2ZpZWxkc19hdHRyaWJ1dGVzXVtdW2Zvcm1fZmllbGRfaWRdIiBWYWx1ZT0iMTE1IiBSZWNvcmRlZFZhbHVlPSIiIENvcnJlbGF0aW9uQmluZGluZz0iIiBVcmxFbmNvZGU9IlRydWUiIC8+DQogICAgICAgICAgICA8Rm9ybVBvc3RQYXJhbWV0ZXIgTmFtZT0icmVtb3ZlX2Zvcm1fYnVpbGRlcltmb3JtX2J1aWxkZXJfZmllbGRzX2F0dHJpYnV0ZXNdW11bZm9ybV9maWVsZF9pZF0iIFZhbHVlPSI0NSIgUmVjb3JkZWRWYWx1ZT0iIiBDb3JyZWxhdGlvbkJpbmRpbmc9IiIgVXJsRW5jb2RlPSJUcnVlIiAvPg0KICAgICAgICAgICAgPEZvcm1Qb3N0UGFyYW1ldGVyIE5hbWU9InJlbW92ZV9mb3JtX2J1aWxkZXJbZm9ybV9idWlsZGVyX2ZpZWxkc19hdHRyaWJ1dGVzXVtdW2Zvcm1fZmllbGRfaWRdIiBWYWx1ZT0iMTgiIFJlY29yZGVkVmFsdWU9IiIgQ29ycmVsYXRpb25CaW5kaW5nPSIiIFVybEVuY29kZT0iVHJ1ZSIgLz4NCiAgICAgICAgICAgIDxGb3JtUG9zdFBhcmFtZXRlciBOYW1lPSJyZW1vdmVfZm9ybV9idWlsZGVyW2Zvcm1fYnVpbGRlcl9maWVsZHNfYXR0cmlidXRlc11bXVtmb3JtX2ZpZWxkX2lkXSIgVmFsdWU9IjE4NSIgUmVjb3JkZWRWYWx1ZT0iIiBDb3JyZWxhdGlvbkJpbmRpbmc9IiIgVXJsRW5jb2RlPSJUcnVlIiAvPg0KICAgICAgICAgICAgPEZvcm1Qb3N0UGFyYW1ldGVyIE5hbWU9InJlbW92ZV9mb3JtX2J1aWxkZXJbZm9ybV9idWlsZGVyX2ZpZWxkc19hdHRyaWJ1dGVzXVtdW2Zvcm1fZmllbGRfaWRdIiBWYWx1ZT0iMTg0IiBSZWNvcmRlZFZhbHVlPSIiIENvcnJlbGF0aW9uQmluZGluZz0iIiBVcmxFbmNvZGU9IlRydWUiIC8+DQogICAgICAgICAgICA8Rm9ybVBvc3RQYXJhbWV0ZXIgTmFtZT0icmVtb3ZlX2Zvcm1fYnVpbGRlcltmb3JtX2J1aWxkZXJfZmllbGRzX2F0dHJpYnV0ZXNdW11bZm9ybV9maWVsZF9pZF0iIFZhbHVlPSIxODYiIFJlY29yZGVkVmFsdWU9IiIgQ29ycmVsYXRpb25CaW5kaW5nPSIiIFVybEVuY29kZT0iVHJ1ZSIgLz4NCiAgICAgICAgICAgIDxGb3JtUG9zdFBhcmFtZXRlciBOYW1lPSJyZW1vdmVfZm9ybV9idWlsZGVyW2Zvcm1fYnVpbGRlcl9maWVsZHNfYXR0cmlidXRlc11bXVtmb3JtX2ZpZWxkX2lkXSIgVmFsdWU9IjE4NyIgUmVjb3JkZWRWYWx1ZT0iIiBDb3JyZWxhdGlvbkJpbmRpbmc9IiIgVXJsRW5jb2RlPSJUcnVlIiAvPg0KICAgICAgICAgICAgPEZvcm1Qb3N0UGFyYW1ldGVyIE5hbWU9InJlbW92ZV9mb3JtX2J1aWxkZXJbZm9ybV9idWlsZGVyX2ZpZWxkc19hdHRyaWJ1dGVzXVtdW2Zvcm1fZmllbGRfaWRdIiBWYWx1ZT0iMTk1IiBSZWNvcmRlZFZhbHVlPSIiIENvcnJlbGF0aW9uQmluZGluZz0iIiBVcmxFbmNvZGU9IlRydWUiIC8+DQogICAgICAgICAgICA8Rm9ybVBvc3RQYXJhbWV0ZXIgTmFtZT0icmVtb3ZlX2Zvcm1fYnVpbGRlcltmb3JtX2J1aWxkZXJfZmllbGRzX2F0dHJpYnV0ZXNdW11bZm9ybV9maWVsZF9pZF0iIFZhbHVlPSIxMzEiIFJlY29yZGVkVmFsdWU9IiIgQ29ycmVsYXRpb25CaW5kaW5nPSIiIFVybEVuY29kZT0iVHJ1ZSIgLz4NCiAgICAgICAgICAgIDxGb3JtUG9zdFBhcmFtZXRlciBOYW1lPSJyZW1vdmVfZm9ybV9idWlsZGVyW2Zvcm1fYnVpbGRlcl9maWVsZHNfYXR0cmlidXRlc11bXVtmb3JtX2ZpZWxkX2lkXSIgVmFsdWU9IjEzMiIgUmVjb3JkZWRWYWx1ZT0iIiBDb3JyZWxhdGlvbkJpbmRpbmc9IiIgVXJsRW5jb2RlPSJUcnVlIiAvPg0KICAgICAgICAgICAgPEZvcm1Qb3N0UGFyYW1ldGVyIE5hbWU9InJlbW92ZV9mb3JtX2J1aWxkZXJbZm9ybV9idWlsZGVyX2ZpZWxkc19hdHRyaWJ1dGVzXVtdW2Zvcm1fZmllbGRfaWRdIiBWYWx1ZT0iMTMwIiBSZWNvcmRlZFZhbHVlPSIiIENvcnJlbGF0aW9uQmluZGluZz0iIiBVcmxFbmNvZGU9IlRydWUiIC8+DQogICAgICAgICAgICA8Rm9ybVBvc3RQYXJhbWV0ZXIgTmFtZT0icmVtb3ZlX2Zvcm1fYnVpbGRlcltmb3JtX2J1aWxkZXJfZmllbGRzX2F0dHJpYnV0ZXNdW11bZm9ybV9maWVsZF9pZF0iIFZhbHVlPSIxMzMiIFJlY29yZGVkVmFsdWU9IiIgQ29ycmVsYXRpb25CaW5kaW5nPSIiIFVybEVuY29kZT0iVHJ1ZSIgLz4NCiAgICAgICAgICAgIDxGb3JtUG9zdFBhcmFtZXRlciBOYW1lPSJyZW1vdmVfZm9ybV9idWlsZGVyW2Zvcm1fYnVpbGRlcl9maWVsZHNfYXR0cmlidXRlc11bXVtmb3JtX2ZpZWxkX2lkXSIgVmFsdWU9IjM0NCIgUmVjb3JkZWRWYWx1ZT0iIiBDb3JyZWxhdGlvbkJpbmRpbmc9IiIgVXJsRW5jb2RlPSJUcnVlIiAvPg0KICAgICAgICAgICAgPEZvcm1Qb3N0UGFyYW1ldGVyIE5hbWU9InJlbW92ZV9mb3JtX2J1aWxkZXJbZm9ybV9idWlsZGVyX2ZpZWxkc19hdHRyaWJ1dGVzXVtdW2Zvcm1fZmllbGRfaWRdIiBWYWx1ZT0iMzUwIiBSZWNvcmRlZFZhbHVlPSIiIENvcnJlbGF0aW9uQmluZGluZz0iIiBVcmxFbmNvZGU9IlRydWUiIC8+DQogICAgICAgICAgICA8Rm9ybVBvc3RQYXJhbWV0ZXIgTmFtZT0icmVtb3ZlX2Zvcm1fYnVpbGRlcltmb3JtX2J1aWxkZXJfZmllbGRzX2F0dHJpYnV0ZXNdW11bZm9ybV9maWVsZF9pZF0iIFZhbHVlPSIzNjMiIFJlY29yZGVkVmFsdWU9IiIgQ29ycmVsYXRpb25CaW5kaW5nPSIiIFVybEVuY29kZT0iVHJ1ZSIgLz4NCiAgICAgICAgICAgIDxGb3JtUG9zdFBhcmFtZXRlciBOYW1lPSJyZW1vdmVfZm9ybV9idWlsZGVyW2Zvcm1fYnVpbGRlcl9maWVsZHNfYXR0cmlidXRlc11bXVtmb3JtX2ZpZWxkX2lkXSIgVmFsdWU9IjM2MiIgUmVjb3JkZWRWYWx1ZT0iIiBDb3JyZWxhdGlvbkJpbmRpbmc9IiIgVXJsRW5jb2RlPSJUcnVlIiAvPg0KICAgICAgICAgICAgPEZvcm1Qb3N0UGFyYW1ldGVyIE5hbWU9InJlbW92ZV9mb3JtX2J1aWxkZXJbZm9ybV9idWlsZGVyX2ZpZWxkc19hdHRyaWJ1dGVzXVtdW2Zvcm1fZmllbGRfaWRdIiBWYWx1ZT0iMzI2IiBSZWNvcmRlZFZhbHVlPSIiIENvcnJlbGF0aW9uQmluZGluZz0iIiBVcmxFbmNvZGU9IlRydWUiIC8+DQogICAgICAgICAgICA8Rm9ybVBvc3RQYXJhbWV0ZXIgTmFtZT0icmVtb3ZlX2Zvcm1fYnVpbGRlcltmb3JtX2J1aWxkZXJfZmllbGRzX2F0dHJpYnV0ZXNdW11bZm9ybV9maWVsZF9pZF0iIFZhbHVlPSIyNDgiIFJlY29yZGVkVmFsdWU9IiIgQ29ycmVsYXRpb25CaW5kaW5nPSIiIFVybEVuY29kZT0iVHJ1ZSIgLz4NCiAgICAgICAgICAgIDxGb3JtUG9zdFBhcmFtZXRlciBOYW1lPSJyZW1vdmVfZm9ybV9idWlsZGVyW2Zvcm1fYnVpbGRlcl9maWVsZHNfYXR0cmlidXRlc11bXVtmb3JtX2ZpZWxkX2lkXSIgVmFsdWU9IjIwNyIgUmVjb3JkZWRWYWx1ZT0iIiBDb3JyZWxhdGlvbkJpbmRpbmc9IiIgVXJsRW5jb2RlPSJUcnVlIiAvPg0KICAgICAgICAgICAgPEZvcm1Qb3N0UGFyYW1ldGVyIE5hbWU9InJlbW92ZV9mb3JtX2J1aWxkZXJbZm9ybV9idWlsZGVyX2ZpZWxkc19hdHRyaWJ1dGVzXVtdW2Zvcm1fZmllbGRfaWRdIiBWYWx1ZT0iMzEwIiBSZWNvcmRlZFZhbHVlPSIiIENvcnJlbGF0aW9uQmluZGluZz0iIiBVcmxFbmNvZGU9IlRydWUiIC8+DQogICAgICAgICAgICA8Rm9ybVBvc3RQYXJhbWV0ZXIgTmFtZT0icmVtb3ZlX2Zvcm1fYnVpbGRlcltmb3JtX2J1aWxkZXJfZmllbGRzX2F0dHJpYnV0ZXNdW11bZm9ybV9maWVsZF9pZF0iIFZhbHVlPSIyNjQiIFJlY29yZGVkVmFsdWU9IiIgQ29ycmVsYXRpb25CaW5kaW5nPSIiIFVybEVuY29kZT0iVHJ1ZSIgLz4NCiAgICAgICAgICAgIDxGb3JtUG9zdFBhcmFtZXRlciBOYW1lPSJyZW1vdmVfZm9ybV9idWlsZGVyW2Zvcm1fYnVpbGRlcl9maWVsZHNfYXR0cmlidXRlc11bXVtmb3JtX2ZpZWxkX2lkXSIgVmFsdWU9IjMwMyIgUmVjb3JkZWRWYWx1ZT0iIiBDb3JyZWxhdGlvbkJpbmRpbmc9IiIgVXJsRW5jb2RlPSJUcnVlIiAvPg0KICAgICAgICAgICAgPEZvcm1Qb3N0UGFyYW1ldGVyIE5hbWU9InJlbW92ZV9mb3JtX2J1aWxkZXJbZm9ybV9idWlsZGVyX2ZpZWxkc19hdHRyaWJ1dGVzXVtdW2Zvcm1fZmllbGRfaWRdIiBWYWx1ZT0iMzA3IiBSZWNvcmRlZFZhbHVlPSIiIENvcnJlbGF0aW9uQmluZGluZz0iIiBVcmxFbmNvZGU9IlRydWUiIC8+DQogICAgICAgICAgICA8Rm9ybVBvc3RQYXJhbWV0ZXIgTmFtZT0icmVtb3ZlX2Zvcm1fYnVpbGRlcltmb3JtX2J1aWxkZXJfZmllbGRzX2F0dHJpYnV0ZXNdW11bZm9ybV9maWVsZF9pZF0iIFZhbHVlPSI1MyIgUmVjb3JkZWRWYWx1ZT0iIiBDb3JyZWxhdGlvbkJpbmRpbmc9IiIgVXJsRW5jb2RlPSJUcnVlIiAvPg0KICAgICAgICAgICAgPEZvcm1Qb3N0UGFyYW1ldGVyIE5hbWU9InJlbW92ZV9mb3JtX2J1aWxkZXJbZm9ybV9idWlsZGVyX2ZpZWxkc19hdHRyaWJ1dGVzXVtdW2Zvcm1fZmllbGRfaWRdIiBWYWx1ZT0iMzA5IiBSZWNvcmRlZFZhbHVlPSIiIENvcnJlbGF0aW9uQmluZGluZz0iIiBVcmxFbmNvZGU9IlRydWUiIC8+DQogICAgICAgICAgICA8Rm9ybVBvc3RQYXJhbWV0ZXIgTmFtZT0icmVtb3ZlX2Zvcm1fYnVpbGRlcltmb3JtX2J1aWxkZXJfZmllbGRzX2F0dHJpYnV0ZXNdW11bZm9ybV9maWVsZF9pZF0iIFZhbHVlPSI0MyIgUmVjb3JkZWRWYWx1ZT0iIiBDb3JyZWxhdGlvbkJpbmRpbmc9IiIgVXJsRW5jb2RlPSJUcnVlIiAvPg0KICAgICAgICAgICAgPEZvcm1Qb3N0UGFyYW1ldGVyIE5hbWU9InJlbW92ZV9mb3JtX2J1aWxkZXJbZm9ybV9idWlsZGVyX2ZpZWxkc19hdHRyaWJ1dGVzXVtdW2Zvcm1fZmllbGRfaWRdIiBWYWx1ZT0iMTE2IiBSZWNvcmRlZFZhbHVlPSIiIENvcnJlbGF0aW9uQmluZGluZz0iIiBVcmxFbmNvZGU9IlRydWUiIC8+DQogICAgICAgICAgICA8Rm9ybVBvc3RQYXJhbWV0ZXIgTmFtZT0icmVtb3ZlX2Zvcm1fYnVpbGRlcltmb3JtX2J1aWxkZXJfZmllbGRzX2F0dHJpYnV0ZXNdW11bZm9ybV9maWVsZF9pZF0iIFZhbHVlPSIxNzgiIFJlY29yZGVkVmFsdWU9IiIgQ29ycmVsYXRpb25CaW5kaW5nPSIiIFVybEVuY29kZT0iVHJ1ZSIgLz4NCiAgICAgICAgICAgIDxGb3JtUG9zdFBhcmFtZXRlciBOYW1lPSJyZW1vdmVfZm9ybV9idWlsZGVyW2Zvcm1fYnVpbGRlcl9maWVsZHNfYXR0cmlidXRlc11bXVtmb3JtX2ZpZWxkX2lkXSIgVmFsdWU9IjIwNSIgUmVjb3JkZWRWYWx1ZT0iIiBDb3JyZWxhdGlvbkJpbmRpbmc9IiIgVXJsRW5jb2RlPSJUcnVlIiAvPg0KICAgICAgICAgICAgPEZvcm1Qb3N0UGFyYW1ldGVyIE5hbWU9InJlbW92ZV9mb3JtX2J1aWxkZXJbZm9ybV9idWlsZGVyX2ZpZWxkc19hdHRyaWJ1dGVzXVtdW2Zvcm1fZmllbGRfaWRdIiBWYWx1ZT0iMjM2IiBSZWNvcmRlZFZhbHVlPSIiIENvcnJlbGF0aW9uQmluZGluZz0iIiBVcmxFbmNvZGU9IlRydWUiIC8+DQogICAgICAgICAgICA8Rm9ybVBvc3RQYXJhbWV0ZXIgTmFtZT0icmVtb3ZlX2Zvcm1fYnVpbGRlcltmb3JtX2J1aWxkZXJfZmllbGRzX2F0dHJpYnV0ZXNdW11bZm9ybV9maWVsZF9pZF0iIFZhbHVlPSIzMDgiIFJlY29yZGVkVmFsdWU9IiIgQ29ycmVsYXRpb25CaW5kaW5nPSIiIFVybEVuY29kZT0iVHJ1ZSIgLz4NCiAgICAgICAgICAgIDxGb3JtUG9zdFBhcmFtZXRlciBOYW1lPSJyZW1vdmVfZm9ybV9idWlsZGVyW2Zvcm1fYnVpbGRlcl9maWVsZHNfYXR0cmlidXRlc11bXVtmb3JtX2ZpZWxkX2lkXSIgVmFsdWU9IjEyIiBSZWNvcmRlZFZhbHVlPSIiIENvcnJlbGF0aW9uQmluZGluZz0iIiBVcmxFbmNvZGU9IlRydWUiIC8+DQogICAgICAgICAgICA8Rm9ybVBvc3RQYXJhbWV0ZXIgTmFtZT0icmVtb3ZlX2Zvcm1fYnVpbGRlcltmb3JtX2J1aWxkZXJfZmllbGRzX2F0dHJpYnV0ZXNdW11bZm9ybV9maWVsZF9pZF0iIFZhbHVlPSIzIiBSZWNvcmRlZFZhbHVlPSIiIENvcnJlbGF0aW9uQmluZGluZz0iIiBVcmxFbmNvZGU9IlRydWUiIC8+DQogICAgICAgICAgICA8Rm9ybVBvc3RQYXJhbWV0ZXIgTmFtZT0icmVtb3ZlX2Zvcm1fYnVpbGRlcltmb3JtX2J1aWxkZXJfZmllbGRzX2F0dHJpYnV0ZXNdW11bZm9ybV9maWVsZF9pZF0iIFZhbHVlPSIyMDgiIFJlY29yZGVkVmFsdWU9IiIgQ29ycmVsYXRpb25CaW5kaW5nPSIiIFVybEVuY29kZT0iVHJ1ZSIgLz4NCiAgICAgICAgICAgIDxGb3JtUG9zdFBhcmFtZXRlciBOYW1lPSJyZW1vdmVfZm9ybV9idWlsZGVyW2Zvcm1fYnVpbGRlcl9maWVsZHNfYXR0cmlidXRlc11bXVtmb3JtX2ZpZWxkX2lkXSIgVmFsdWU9IjIyNSIgUmVjb3JkZWRWYWx1ZT0iIiBDb3JyZWxhdGlvbkJpbmRpbmc9IiIgVXJsRW5jb2RlPSJUcnVlIiAvPg0KICAgICAgICAgICAgPEZvcm1Qb3N0UGFyYW1ldGVyIE5hbWU9InJlbW92ZV9mb3JtX2J1aWxkZXJbZm9ybV9idWlsZGVyX2ZpZWxkc19hdHRyaWJ1dGVzXVtdW2Zvcm1fZmllbGRfaWRdIiBWYWx1ZT0iMzUxIiBSZWNvcmRlZFZhbHVlPSIiIENvcnJlbGF0aW9uQmluZGluZz0iIiBVcmxFbmNvZGU9IlRydWUiIC8+DQogICAgICAgICAgICA8Rm9ybVBvc3RQYXJhbWV0ZXIgTmFtZT0icmVtb3ZlX2Zvcm1fYnVpbGRlcltmb3JtX2J1aWxkZXJfZmllbGRzX2F0dHJpYnV0ZXNdW11bZm9ybV9maWVsZF9pZF0iIFZhbHVlPSIyMjYiIFJlY29yZGVkVmFsdWU9IiIgQ29ycmVsYXRpb25CaW5kaW5nPSIiIFVybEVuY29kZT0iVHJ1ZSIgLz4NCiAgICAgICAgICAgIDxGb3JtUG9zdFBhcmFtZXRlciBOYW1lPSJyZW1vdmVfZm9ybV9idWlsZGVyW2Zvcm1fYnVpbGRlcl9maWVsZHNfYXR0cmlidXRlc11bXVtmb3JtX2ZpZWxkX2lkXSIgVmFsdWU9IjI1OSIgUmVjb3JkZWRWYWx1ZT0iIiBDb3JyZWxhdGlvbkJpbmRpbmc9IiIgVXJsRW5jb2RlPSJUcnVlIiAvPg0KICAgICAgICAgICAgPEZvcm1Qb3N0UGFyYW1ldGVyIE5hbWU9InJlbW92ZV9mb3JtX2J1aWxkZXJbZm9ybV9idWlsZGVyX2ZpZWxkc19hdHRyaWJ1dGVzXVtdW2Zvcm1fZmllbGRfaWRdIiBWYWx1ZT0iMzQxIiBSZWNvcmRlZFZhbHVlPSIiIENvcnJlbGF0aW9uQmluZGluZz0iIiBVcmxFbmNvZGU9IlRydWUiIC8+DQogICAgICAgICAgICA8Rm9ybVBvc3RQYXJhbWV0ZXIgTmFtZT0icmVtb3ZlX2Zvcm1fYnVpbGRlcltmb3JtX2J1aWxkZXJfZmllbGRzX2F0dHJpYnV0ZXNdW11bZm9ybV9maWVsZF9pZF0iIFZhbHVlPSIzMzciIFJlY29yZGVkVmFsdWU9IiIgQ29ycmVsYXRpb25CaW5kaW5nPSIiIFVybEVuY29kZT0iVHJ1ZSIgLz4NCiAgICAgICAgICAgIDxGb3JtUG9zdFBhcmFtZXRlciBOYW1lPSJyZW1vdmVfZm9ybV9idWlsZGVyW2Zvcm1fYnVpbGRlcl9maWVsZHNfYXR0cmlidXRlc11bXVtmb3JtX2ZpZWxkX2lkXSIgVmFsdWU9IjciIFJlY29yZGVkVmFsdWU9IiIgQ29ycmVsYXRpb25CaW5kaW5nPSIiIFVybEVuY29kZT0iVHJ1ZSIgLz4NCiAgICAgICAgICAgIDxGb3JtUG9zdFBhcmFtZXRlciBOYW1lPSJyZW1vdmVfZm9ybV9idWlsZGVyW2Zvcm1fYnVpbGRlcl9maWVsZHNfYXR0cmlidXRlc11bXVtmb3JtX2ZpZWxkX2lkXSIgVmFsdWU9IjEwNCIgUmVjb3JkZWRWYWx1ZT0iIiBDb3JyZWxhdGlvbkJpbmRpbmc9IiIgVXJsRW5jb2RlPSJUcnVlIiAvPg0KICAgICAgICAgICAgPEZvcm1Qb3N0UGFyYW1ldGVyIE5hbWU9InJlbW92ZV9mb3JtX2J1aWxkZXJbZm9ybV9idWlsZGVyX2ZpZWxkc19hdHRyaWJ1dGVzXVtdW2Zvcm1fZmllbGRfaWRdIiBWYWx1ZT0iMTA4IiBSZWNvcmRlZFZhbHVlPSIiIENvcnJlbGF0aW9uQmluZGluZz0iIiBVcmxFbmNvZGU9IlRydWUiIC8+DQogICAgICAgICAgICA8Rm9ybVBvc3RQYXJhbWV0ZXIgTmFtZT0icmVtb3ZlX2Zvcm1fYnVpbGRlcltmb3JtX2J1aWxkZXJfZmllbGRzX2F0dHJpYnV0ZXNdW11bZm9ybV9maWVsZF9pZF0iIFZhbHVlPSIxMDIiIFJlY29yZGVkVmFsdWU9IiIgQ29ycmVsYXRpb25CaW5kaW5nPSIiIFVybEVuY29kZT0iVHJ1ZSIgLz4NCiAgICAgICAgICAgIDxGb3JtUG9zdFBhcmFtZXRlciBOYW1lPSJyZW1vdmVfZm9ybV9idWlsZGVyW2Zvcm1fYnVpbGRlcl9maWVsZHNfYXR0cmlidXRlc11bXVtmb3JtX2ZpZWxkX2lkXSIgVmFsdWU9IjEwNSIgUmVjb3JkZWRWYWx1ZT0iIiBDb3JyZWxhdGlvbkJpbmRpbmc9IiIgVXJsRW5jb2RlPSJUcnVlIiAvPg0KICAgICAgICAgICAgPEZvcm1Qb3N0UGFyYW1ldGVyIE5hbWU9InJlbW92ZV9mb3JtX2J1aWxkZXJbZm9ybV9idWlsZGVyX2ZpZWxkc19hdHRyaWJ1dGVzXVtdW2Zvcm1fZmllbGRfaWRdIiBWYWx1ZT0iMTEiIFJlY29yZGVkVmFsdWU9IiIgQ29ycmVsYXRpb25CaW5kaW5nPSIiIFVybEVuY29kZT0iVHJ1ZSIgLz4NCiAgICAgICAgICAgIDxGb3JtUG9zdFBhcmFtZXRlciBOYW1lPSJyZW1vdmVfZm9ybV9idWlsZGVyW2Zvcm1fYnVpbGRlcl9maWVsZHNfYXR0cmlidXRlc11bXVtmb3JtX2ZpZWxkX2lkXSIgVmFsdWU9IjI3OCIgUmVjb3JkZWRWYWx1ZT0iIiBDb3JyZWxhdGlvbkJpbmRpbmc9IiIgVXJsRW5jb2RlPSJUcnVlIiAvPg0KICAgICAgICAgICAgPEZvcm1Qb3N0UGFyYW1ldGVyIE5hbWU9InJlbW92ZV9mb3JtX2J1aWxkZXJbZm9ybV9idWlsZGVyX2ZpZWxkc19hdHRyaWJ1dGVzXVtdW2Zvcm1fZmllbGRfaWRdIiBWYWx1ZT0iMjk1IiBSZWNvcmRlZFZhbHVlPSIiIENvcnJlbGF0aW9uQmluZGluZz0iIiBVcmxFbmNvZGU9IlRydWUiIC8+DQogICAgICAgICAgICA8Rm9ybVBvc3RQYXJhbWV0ZXIgTmFtZT0icmVtb3ZlX2Zvcm1fYnVpbGRlcltmb3JtX2J1aWxkZXJfZmllbGRzX2F0dHJpYnV0ZXNdW11bZm9ybV9maWVsZF9pZF0iIFZhbHVlPSIyODgiIFJlY29yZGVkVmFsdWU9IiIgQ29ycmVsYXRpb25CaW5kaW5nPSIiIFVybEVuY29kZT0iVHJ1ZSIgLz4NCiAgICAgICAgICAgIDxGb3JtUG9zdFBhcmFtZXRlciBOYW1lPSJyZW1vdmVfZm9ybV9idWlsZGVyW2Zvcm1fYnVpbGRlcl9maWVsZHNfYXR0cmlidXRlc11bXVtmb3JtX2ZpZWxkX2lkXSIgVmFsdWU9IjI0NSIgUmVjb3JkZWRWYWx1ZT0iIiBDb3JyZWxhdGlvbkJpbmRpbmc9IiIgVXJsRW5jb2RlPSJUcnVlIiAvPg0KICAgICAgICAgICAgPEZvcm1Qb3N0UGFyYW1ldGVyIE5hbWU9InJlbW92ZV9mb3JtX2J1aWxkZXJbZm9ybV9idWlsZGVyX2ZpZWxkc19hdHRyaWJ1dGVzXVtdW2Zvcm1fZmllbGRfaWRdIiBWYWx1ZT0iMjk0IiBSZWNvcmRlZFZhbHVlPSIiIENvcnJlbGF0aW9uQmluZGluZz0iIiBVcmxFbmNvZGU9IlRydWUiIC8+DQogICAgICAgICAgICA8Rm9ybVBvc3RQYXJhbWV0ZXIgTmFtZT0icmVtb3ZlX2Zvcm1fYnVpbGRlcltmb3JtX2J1aWxkZXJfZmllbGRzX2F0dHJpYnV0ZXNdW11bZm9ybV9maWVsZF9pZF0iIFZhbHVlPSIyOTciIFJlY29yZGVkVmFsdWU9IiIgQ29ycmVsYXRpb25CaW5kaW5nPSIiIFVybEVuY29kZT0iVHJ1ZSIgLz4NCiAgICAgICAgICAgIDxGb3JtUG9zdFBhcmFtZXRlciBOYW1lPSJyZW1vdmVfZm9ybV9idWlsZGVyW2Zvcm1fYnVpbGRlcl9maWVsZHNfYXR0cmlidXRlc11bXVtmb3JtX2ZpZWxkX2lkXSIgVmFsdWU9IjIwNiIgUmVjb3JkZWRWYWx1ZT0iIiBDb3JyZWxhdGlvbkJpbmRpbmc9IiIgVXJsRW5jb2RlPSJUcnVlIiAvPg0KICAgICAgICAgICAgPEZvcm1Qb3N0UGFyYW1ldGVyIE5hbWU9InJlbW92ZV9mb3JtX2J1aWxkZXJbZm9ybV9idWlsZGVyX2ZpZWxkc19hdHRyaWJ1dGVzXVtdW2Zvcm1fZmllbGRfaWRdIiBWYWx1ZT0iNTQiIFJlY29yZGVkVmFsdWU9IiIgQ29ycmVsYXRpb25CaW5kaW5nPSIiIFVybEVuY29kZT0iVHJ1ZSIgLz4NCiAgICAgICAgICAgIDxGb3JtUG9zdFBhcmFtZXRlciBOYW1lPSJyZW1vdmVfZm9ybV9idWlsZGVyW2Zvcm1fYnVpbGRlcl9maWVsZHNfYXR0cmlidXRlc11bXVtmb3JtX2ZpZWxkX2lkXSIgVmFsdWU9IjQ0IiBSZWNvcmRlZFZhbHVlPSIiIENvcnJlbGF0aW9uQmluZGluZz0iIiBVcmxFbmNvZGU9IlRydWUiIC8+DQogICAgICAgICAgICA8Rm9ybVBvc3RQYXJhbWV0ZXIgTmFtZT0icmVtb3ZlX2Zvcm1fYnVpbGRlcltmb3JtX2J1aWxkZXJfZmllbGRzX2F0dHJpYnV0ZXNdW11bZm9ybV9maWVsZF9pZF0iIFZhbHVlPSIxMTciIFJlY29yZGVkVmFsdWU9IiIgQ29ycmVsYXRpb25CaW5kaW5nPSIiIFVybEVuY29kZT0iVHJ1ZSIgLz4NCiAgICAgICAgICAgIDxGb3JtUG9zdFBhcmFtZXRlciBOYW1lPSJyZW1vdmVfZm9ybV9idWlsZGVyW2Zvcm1fYnVpbGRlcl9maWVsZHNfYXR0cmlidXRlc11bXVtmb3JtX2ZpZWxkX2lkXSIgVmFsdWU9IjIiIFJlY29yZGVkVmFsdWU9IiIgQ29ycmVsYXRpb25CaW5kaW5nPSIiIFVybEVuY29kZT0iVHJ1ZSIgLz4NCiAgICAgICAgICAgIDxGb3JtUG9zdFBhcmFtZXRlciBOYW1lPSJyZW1vdmVfZm9ybV9idWlsZGVyW2Zvcm1fYnVpbGRlcl9maWVsZHNfYXR0cmlidXRlc11bXVtmb3JtX2ZpZWxkX2lkXSIgVmFsdWU9IjE3OSIgUmVjb3JkZWRWYWx1ZT0iIiBDb3JyZWxhdGlvbkJpbmRpbmc9IiIgVXJsRW5jb2RlPSJUcnVlIiAvPg0KICAgICAgICAgICAgPEZvcm1Qb3N0UGFyYW1ldGVyIE5hbWU9InJlbW92ZV9mb3JtX2J1aWxkZXJbZm9ybV9idWlsZGVyX2ZpZWxkc19hdHRyaWJ1dGVzXVtdW2Zvcm1fZmllbGRfaWRdIiBWYWx1ZT0iMjEzIiBSZWNvcmRlZFZhbHVlPSIiIENvcnJlbGF0aW9uQmluZGluZz0iIiBVcmxFbmNvZGU9IlRydWUiIC8+DQogICAgICAgICAgICA8Rm9ybVBvc3RQYXJhbWV0ZXIgTmFtZT0icmVtb3ZlX2Zvcm1fYnVpbGRlcltmb3JtX2J1aWxkZXJfZmllbGRzX2F0dHJpYnV0ZXNdW11bZm9ybV9maWVsZF9pZF0iIFZhbHVlPSIyMjAiIFJlY29yZGVkVmFsdWU9IiIgQ29ycmVsYXRpb25CaW5kaW5nPSIiIFVybEVuY29kZT0iVHJ1ZSIgLz4NCiAgICAgICAgICAgIDxGb3JtUG9zdFBhcmFtZXRlciBOYW1lPSJyZW1vdmVfZm9ybV9idWlsZGVyW2Zvcm1fYnVpbGRlcl9maWVsZHNfYXR0cmlidXRlc11bXVtmb3JtX2ZpZWxkX2lkXSIgVmFsdWU9IjIyNyIgUmVjb3JkZWRWYWx1ZT0iIiBDb3JyZWxhdGlvbkJpbmRpbmc9IiIgVXJsRW5jb2RlPSJUcnVlIiAvPg0KICAgICAgICAgICAgPEZvcm1Qb3N0UGFyYW1ldGVyIE5hbWU9InJlbW92ZV9mb3JtX2J1aWxkZXJbZm9ybV9idWlsZGVyX2ZpZWxkc19hdHRyaWJ1dGVzXVtdW2Zvcm1fZmllbGRfaWRdIiBWYWx1ZT0iMjQxIiBSZWNvcmRlZFZhbHVlPSIiIENvcnJlbGF0aW9uQmluZGluZz0iIiBVcmxFbmNvZGU9IlRydWUiIC8+DQogICAgICAgICAgICA8Rm9ybVBvc3RQYXJhbWV0ZXIgTmFtZT0icmVtb3ZlX2Zvcm1fYnVpbGRlcltmb3JtX2J1aWxkZXJfZmllbGRzX2F0dHJpYnV0ZXNdW11bZm9ybV9maWVsZF9pZF0iIFZhbHVlPSIyMzkiIFJlY29yZGVkVmFsdWU9IiIgQ29ycmVsYXRpb25CaW5kaW5nPSIiIFVybEVuY29kZT0iVHJ1ZSIgLz4NCiAgICAgICAgICAgIDxGb3JtUG9zdFBhcmFtZXRlciBOYW1lPSJyZW1vdmVfZm9ybV9idWlsZGVyW2Zvcm1fYnVpbGRlcl9maWVsZHNfYXR0cmlidXRlc11bXVtmb3JtX2ZpZWxkX2lkXSIgVmFsdWU9IjIzOCIgUmVjb3JkZWRWYWx1ZT0iIiBDb3JyZWxhdGlvbkJpbmRpbmc9IiIgVXJsRW5jb2RlPSJUcnVlIiAvPg0KICAgICAgICAgICAgPEZvcm1Qb3N0UGFyYW1ldGVyIE5hbWU9InJlbW92ZV9mb3JtX2J1aWxkZXJbZm9ybV9idWlsZGVyX2ZpZWxkc19hdHRyaWJ1dGVzXVtdW2Zvcm1fZmllbGRfaWRdIiBWYWx1ZT0iMzgiIFJlY29yZGVkVmFsdWU9IiIgQ29ycmVsYXRpb25CaW5kaW5nPSIiIFVybEVuY29kZT0iVHJ1ZSIgLz4NCiAgICAgICAgICAgIDxGb3JtUG9zdFBhcmFtZXRlciBOYW1lPSJyZW1vdmVfZm9ybV9idWlsZGVyW2Zvcm1fYnVpbGRlcl9maWVsZHNfYXR0cmlidXRlc11bXVtmb3JtX2ZpZWxkX2lkXSIgVmFsdWU9Ijc5IiBSZWNvcmRlZFZhbHVlPSIiIENvcnJlbGF0aW9uQmluZGluZz0iIiBVcmxFbmNvZGU9IlRydWUiIC8+DQogICAgICAgICAgICA8Rm9ybVBvc3RQYXJhbWV0ZXIgTmFtZT0icmVtb3ZlX2Zvcm1fYnVpbGRlcltmb3JtX2J1aWxkZXJfZmllbGRzX2F0dHJpYnV0ZXNdW11bZm9ybV9maWVsZF9pZF0iIFZhbHVlPSIyOSIgUmVjb3JkZWRWYWx1ZT0iIiBDb3JyZWxhdGlvbkJpbmRpbmc9IiIgVXJsRW5jb2RlPSJUcnVlIiAvPg0KICAgICAgICAgICAgPEZvcm1Qb3N0UGFyYW1ldGVyIE5hbWU9InJlbW92ZV9mb3JtX2J1aWxkZXJbZm9ybV9idWlsZGVyX2ZpZWxkc19hdHRyaWJ1dGVzXVtdW2Zvcm1fZmllbGRfaWRdIiBWYWx1ZT0iMzUiIFJlY29yZGVkVmFsdWU9IiIgQ29ycmVsYXRpb25CaW5kaW5nPSIiIFVybEVuY29kZT0iVHJ1ZSIgLz4NCiAgICAgICAgICAgIDxGb3JtUG9zdFBhcmFtZXRlciBOYW1lPSJyZW1vdmVfZm9ybV9idWlsZGVyW2Zvcm1fYnVpbGRlcl9maWVsZHNfYXR0cmlidXRlc11bXVtmb3JtX2ZpZWxkX2lkXSIgVmFsdWU9IjMxNCIgUmVjb3JkZWRWYWx1ZT0iIiBDb3JyZWxhdGlvbkJpbmRpbmc9IiIgVXJsRW5jb2RlPSJUcnVlIiAvPg0KICAgICAgICAgICAgPEZvcm1Qb3N0UGFyYW1ldGVyIE5hbWU9InJlbW92ZV9mb3JtX2J1aWxkZXJbZm9ybV9idWlsZGVyX2ZpZWxkc19hdHRyaWJ1dGVzXVtdW2Zvcm1fZmllbGRfaWRdIiBWYWx1ZT0iMzU1IiBSZWNvcmRlZFZhbHVlPSIiIENvcnJlbGF0aW9uQmluZGluZz0iIiBVcmxFbmNvZGU9IlRydWUiIC8+DQogICAgICAgICAgICA8Rm9ybVBvc3RQYXJhbWV0ZXIgTmFtZT0icmVtb3ZlX2Zvcm1fYnVpbGRlcltmb3JtX2J1aWxkZXJfZmllbGRzX2F0dHJpYnV0ZXNdW11bZm9ybV9maWVsZF9pZF0iIFZhbHVlPSIzNTciIFJlY29yZGVkVmFsdWU9IiIgQ29ycmVsYXRpb25CaW5kaW5nPSIiIFVybEVuY29kZT0iVHJ1ZSIgLz4NCiAgICAgICAgICAgIDxGb3JtUG9zdFBhcmFtZXRlciBOYW1lPSJyZW1vdmVfZm9ybV9idWlsZGVyW2Zvcm1fYnVpbGRlcl9maWVsZHNfYXR0cmlidXRlc11bXVtmb3JtX2ZpZWxkX2lkXSIgVmFsdWU9IjM1NiIgUmVjb3JkZWRWYWx1ZT0iIiBDb3JyZWxhdGlvbkJpbmRpbmc9IiIgVXJsRW5jb2RlPSJUcnVlIiAvPg0KICAgICAgICAgICAgPEZvcm1Qb3N0UGFyYW1ldGVyIE5hbWU9InJlbW92ZV9mb3JtX2J1aWxkZXJbZm9ybV9idWlsZGVyX2ZpZWxkc19hdHRyaWJ1dGVzXVtdW2Zvcm1fZmllbGRfaWRdIiBWYWx1ZT0iMzYxIiBSZWNvcmRlZFZhbHVlPSIiIENvcnJlbGF0aW9uQmluZGluZz0iIiBVcmxFbmNvZGU9IlRydWUiIC8+DQogICAgICAgICAgICA8Rm9ybVBvc3RQYXJhbWV0ZXIgTmFtZT0icmVtb3ZlX2Zvcm1fYnVpbGRlcltmb3JtX2J1aWxkZXJfZmllbGRzX2F0dHJpYnV0ZXNdW11bZm9ybV9maWVsZF9pZF0iIFZhbHVlPSIzNTkiIFJlY29yZGVkVmFsdWU9IiIgQ29ycmVsYXRpb25CaW5kaW5nPSIiIFVybEVuY29kZT0iVHJ1ZSIgLz4NCiAgICAgICAgICAgIDxGb3JtUG9zdFBhcmFtZXRlciBOYW1lPSJyZW1vdmVfZm9ybV9idWlsZGVyW2Zvcm1fYnVpbGRlcl9maWVsZHNfYXR0cmlidXRlc11bXVtmb3JtX2ZpZWxkX2lkXSIgVmFsdWU9IjM2MCIgUmVjb3JkZWRWYWx1ZT0iIiBDb3JyZWxhdGlvbkJpbmRpbmc9IiIgVXJsRW5jb2RlPSJUcnVlIiAvPg0KICAgICAgICAgICAgPEZvcm1Qb3N0UGFyYW1ldGVyIE5hbWU9InJlbW92ZV9mb3JtX2J1aWxkZXJbZm9ybV9idWlsZGVyX2ZpZWxkc19hdHRyaWJ1dGVzXVtdW2Zvcm1fZmllbGRfaWRdIiBWYWx1ZT0iMzU4IiBSZWNvcmRlZFZhbHVlPSIiIENvcnJlbGF0aW9uQmluZGluZz0iIiBVcmxFbmNvZGU9IlRydWUiIC8+DQogICAgICAgICAgICA8Rm9ybVBvc3RQYXJhbWV0ZXIgTmFtZT0icmVtb3ZlX2Zvcm1fYnVpbGRlcltmb3JtX2J1aWxkZXJfZmllbGRzX2F0dHJpYnV0ZXNdW11bZm9ybV9maWVsZF9pZF0iIFZhbHVlPSI4OSIgUmVjb3JkZWRWYWx1ZT0iIiBDb3JyZWxhdGlvbkJpbmRpbmc9IiIgVXJsRW5jb2RlPSJUcnVlIiAvPg0KICAgICAgICAgICAgPEZvcm1Qb3N0UGFyYW1ldGVyIE5hbWU9InJlbW92ZV9mb3JtX2J1aWxkZXJbZm9ybV9idWlsZGVyX2ZpZWxkc19hdHRyaWJ1dGVzXVtdW2Zvcm1fZmllbGRfaWRdIiBWYWx1ZT0iODEiIFJlY29yZGVkVmFsdWU9IiIgQ29ycmVsYXRpb25CaW5kaW5nPSIiIFVybEVuY29kZT0iVHJ1ZSIgLz4NCiAgICAgICAgICAgIDxGb3JtUG9zdFBhcmFtZXRlciBOYW1lPSJyZW1vdmVfZm9ybV9idWlsZGVyW2Zvcm1fYnVpbGRlcl9maWVsZHNfYXR0cmlidXRlc11bXVtmb3JtX2ZpZWxkX2lkXSIgVmFsdWU9Ijk5IiBSZWNvcmRlZFZhbHVlPSIiIENvcnJlbGF0aW9uQmluZGluZz0iIiBVcmxFbmNvZGU9IlRydWUiIC8+DQogICAgICAgICAgICA8Rm9ybVBvc3RQYXJhbWV0ZXIgTmFtZT0icmVtb3ZlX2Zvcm1fYnVpbGRlcltmb3JtX2J1aWxkZXJfZmllbGRzX2F0dHJpYnV0ZXNdW11bZm9ybV9maWVsZF9pZF0iIFZhbHVlPSI5NiIgUmVjb3JkZWRWYWx1ZT0iIiBDb3JyZWxhdGlvbkJpbmRpbmc9IiIgVXJsRW5jb2RlPSJUcnVlIiAvPg0KICAgICAgICAgICAgPEZvcm1Qb3N0UGFyYW1ldGVyIE5hbWU9InJlbW92ZV9mb3JtX2J1aWxkZXJbZm9ybV9idWlsZGVyX2ZpZWxkc19hdHRyaWJ1dGVzXVtdW2Zvcm1fZmllbGRfaWRdIiBWYWx1ZT0iMTY3IiBSZWNvcmRlZFZhbHVlPSIiIENvcnJlbGF0aW9uQmluZGluZz0iIiBVcmxFbmNvZGU9IlRydWUiIC8+DQogICAgICAgICAgICA8Rm9ybVBvc3RQYXJhbWV0ZXIgTmFtZT0icmVtb3ZlX2Zvcm1fYnVpbGRlcltmb3JtX2J1aWxkZXJfZmllbGRzX2F0dHJpYnV0ZXNdW11bZm9ybV9maWVsZF9pZF0iIFZhbHVlPSIyMDAiIFJlY29yZGVkVmFsdWU9IiIgQ29ycmVsYXRpb25CaW5kaW5nPSIiIFVybEVuY29kZT0iVHJ1ZSIgLz4NCiAgICAgICAgICAgIDxGb3JtUG9zdFBhcmFtZXRlciBOYW1lPSJyZW1vdmVfZm9ybV9idWlsZGVyW2Zvcm1fYnVpbGRlcl9maWVsZHNfYXR0cmlidXRlc11bXVtmb3JtX2ZpZWxkX2lkXSIgVmFsdWU9IjIyOSIgUmVjb3JkZWRWYWx1ZT0iIiBDb3JyZWxhdGlvbkJpbmRpbmc9IiIgVXJsRW5jb2RlPSJUcnVlIiAvPg0KICAgICAgICAgICAgPEZvcm1Qb3N0UGFyYW1ldGVyIE5hbWU9InJlbW92ZV9mb3JtX2J1aWxkZXJbZm9ybV9idWlsZGVyX2ZpZWxkc19hdHRyaWJ1dGVzXVtdW2Zvcm1fZmllbGRfaWRdIiBWYWx1ZT0iMTUwIiBSZWNvcmRlZFZhbHVlPSIiIENvcnJlbGF0aW9uQmluZGluZz0iIiBVcmxFbmNvZGU9IlRydWUiIC8+DQogICAgICAgICAgICA8Rm9ybVBvc3RQYXJhbWV0ZXIgTmFtZT0icmVtb3ZlX2Zvcm1fYnVpbGRlcltmb3JtX2J1aWxkZXJfZmllbGRzX2F0dHJpYnV0ZXNdW11bZm9ybV9maWVsZF9pZF0iIFZhbHVlPSIxNDIiIFJlY29yZGVkVmFsdWU9IiIgQ29ycmVsYXRpb25CaW5kaW5nPSIiIFVybEVuY29kZT0iVHJ1ZSIgLz4NCiAgICAgICAgICAgIDxGb3JtUG9zdFBhcmFtZXRlciBOYW1lPSJyZW1vdmVfZm9ybV9idWlsZGVyW2Zvcm1fYnVpbGRlcl9maWVsZHNfYXR0cmlidXRlc11bXVtmb3JtX2ZpZWxkX2lkXSIgVmFsdWU9IjMyNSIgUmVjb3JkZWRWYWx1ZT0iIiBDb3JyZWxhdGlvbkJpbmRpbmc9IiIgVXJsRW5jb2RlPSJUcnVlIiAvPg0KICAgICAgICAgICAgPEZvcm1Qb3N0UGFyYW1ldGVyIE5hbWU9InJlbW92ZV9mb3JtX2J1aWxkZXJbZm9ybV9idWlsZGVyX2ZpZWxkc19hdHRyaWJ1dGVzXVtdW2Zvcm1fZmllbGRfaWRdIiBWYWx1ZT0iMzM0IiBSZWNvcmRlZFZhbHVlPSIiIENvcnJlbGF0aW9uQmluZGluZz0iIiBVcmxFbmNvZGU9IlRydWUiIC8+DQogICAgICAgICAgICA8Rm9ybVBvc3RQYXJhbWV0ZXIgTmFtZT0icmVtb3ZlX2Zvcm1fYnVpbGRlcltmb3JtX2J1aWxkZXJfZmllbGRzX2F0dHJpYnV0ZXNdW11bZm9ybV9maWVsZF9pZF0iIFZhbHVlPSIzMjMiIFJlY29yZGVkVmFsdWU9IiIgQ29ycmVsYXRpb25CaW5kaW5nPSIiIFVybEVuY29kZT0iVHJ1ZSIgLz4NCiAgICAgICAgICAgIDxGb3JtUG9zdFBhcmFtZXRlciBOYW1lPSJyZW1vdmVfZm9ybV9idWlsZGVyW2Zvcm1fYnVpbGRlcl9maWVsZHNfYXR0cmlidXRlc11bXVtmb3JtX2ZpZWxkX2lkXSIgVmFsdWU9IjMzOCIgUmVjb3JkZWRWYWx1ZT0iIiBDb3JyZWxhdGlvbkJpbmRpbmc9IiIgVXJsRW5jb2RlPSJUcnVlIiAvPg0KICAgICAgICAgICAgPEZvcm1Qb3N0UGFyYW1ldGVyIE5hbWU9InJlbW92ZV9mb3JtX2J1aWxkZXJbZm9ybV9idWlsZGVyX2ZpZWxkc19hdHRyaWJ1dGVzXVtdW2Zvcm1fZmllbGRfaWRdIiBWYWx1ZT0iMzM5IiBSZWNvcmRlZFZhbHVlPSIiIENvcnJlbGF0aW9uQmluZGluZz0iIiBVcmxFbmNvZGU9IlRydWUiIC8+DQogICAgICAgICAgICA8Rm9ybVBvc3RQYXJhbWV0ZXIgTmFtZT0icmVtb3ZlX2Zvcm1fYnVpbGRlcltmb3JtX2J1aWxkZXJfZmllbGRzX2F0dHJpYnV0ZXNdW11bZm9ybV9maWVsZF9pZF0iIFZhbHVlPSIzMzUiIFJlY29yZGVkVmFsdWU9IiIgQ29ycmVsYXRpb25CaW5kaW5nPSIiIFVybEVuY29kZT0iVHJ1ZSIgLz4NCiAgICAgICAgICAgIDxGb3JtUG9zdFBhcmFtZXRlciBOYW1lPSJyZW1vdmVfZm9ybV9idWlsZGVyW2Zvcm1fYnVpbGRlcl9maWVsZHNfYXR0cmlidXRlc11bXVtmb3JtX2ZpZWxkX2lkXSIgVmFsdWU9IjMyNyIgUmVjb3JkZWRWYWx1ZT0iIiBDb3JyZWxhdGlvbkJpbmRpbmc9IiIgVXJsRW5jb2RlPSJUcnVlIiAvPg0KICAgICAgICAgICAgPEZvcm1Qb3N0UGFyYW1ldGVyIE5hbWU9InJlbW92ZV9mb3JtX2J1aWxkZXJbZm9ybV9idWlsZGVyX2ZpZWxkc19hdHRyaWJ1dGVzXVtdW2Zvcm1fZmllbGRfaWRdIiBWYWx1ZT0iMTIzIiBSZWNvcmRlZFZhbHVlPSIiIENvcnJlbGF0aW9uQmluZGluZz0iIiBVcmxFbmNvZGU9IlRydWUiIC8+DQogICAgICAgICAgICA8Rm9ybVBvc3RQYXJhbWV0ZXIgTmFtZT0icmVtb3ZlX2Zvcm1fYnVpbGRlcltmb3JtX2J1aWxkZXJfZmllbGRzX2F0dHJpYnV0ZXNdW11bZm9ybV9maWVsZF9pZF0iIFZhbHVlPSIxMjIiIFJlY29yZGVkVmFsdWU9IiIgQ29ycmVsYXRpb25CaW5kaW5nPSIiIFVybEVuY29kZT0iVHJ1ZSIgLz4NCiAgICAgICAgICAgIDxGb3JtUG9zdFBhcmFtZXRlciBOYW1lPSJyZW1vdmVfZm9ybV9idWlsZGVyW2Zvcm1fYnVpbGRlcl9maWVsZHNfYXR0cmlidXRlc11bXVtmb3JtX2ZpZWxkX2lkXSIgVmFsdWU9IjY0IiBSZWNvcmRlZFZhbHVlPSIiIENvcnJlbGF0aW9uQmluZGluZz0iIiBVcmxFbmNvZGU9IlRydWUiIC8+DQogICAgICAgICAgICA8Rm9ybVBvc3RQYXJhbWV0ZXIgTmFtZT0icmVtb3ZlX2Zvcm1fYnVpbGRlcltmb3JtX2J1aWxkZXJfZmllbGRzX2F0dHJpYnV0ZXNdW11bZm9ybV9maWVsZF9pZF0iIFZhbHVlPSI2MSIgUmVjb3JkZWRWYWx1ZT0iIiBDb3JyZWxhdGlvbkJpbmRpbmc9IiIgVXJsRW5jb2RlPSJUcnVlIiAvPg0KICAgICAgICAgICAgPEZvcm1Qb3N0UGFyYW1ldGVyIE5hbWU9InJlbW92ZV9mb3JtX2J1aWxkZXJbZm9ybV9idWlsZGVyX2ZpZWxkc19hdHRyaWJ1dGVzXVtdW2Zvcm1fZmllbGRfaWRdIiBWYWx1ZT0iNzciIFJlY29yZGVkVmFsdWU9IiIgQ29ycmVsYXRpb25CaW5kaW5nPSIiIFVybEVuY29kZT0iVHJ1ZSIgLz4NCiAgICAgICAgICAgIDxGb3JtUG9zdFBhcmFtZXRlciBOYW1lPSJyZW1vdmVfZm9ybV9idWlsZGVyW2Zvcm1fYnVpbGRlcl9maWVsZHNfYXR0cmlidXRlc11bXVtmb3JtX2ZpZWxkX2lkXSIgVmFsdWU9IjYyIiBSZWNvcmRlZFZhbHVlPSIiIENvcnJlbGF0aW9uQmluZGluZz0iIiBVcmxFbmNvZGU9IlRydWUiIC8+DQogICAgICAgICAgICA8Rm9ybVBvc3RQYXJhbWV0ZXIgTmFtZT0icmVtb3ZlX2Zvcm1fYnVpbGRlcltmb3JtX2J1aWxkZXJfZmllbGRzX2F0dHJpYnV0ZXNdW11bZm9ybV9maWVsZF9pZF0iIFZhbHVlPSI3MyIgUmVjb3JkZWRWYWx1ZT0iIiBDb3JyZWxhdGlvbkJpbmRpbmc9IiIgVXJsRW5jb2RlPSJUcnVlIiAvPg0KICAgICAgICAgICAgPEZvcm1Qb3N0UGFyYW1ldGVyIE5hbWU9InJlbW92ZV9mb3JtX2J1aWxkZXJbZm9ybV9idWlsZGVyX2ZpZWxkc19hdHRyaWJ1dGVzXVtdW2Zvcm1fZmllbGRfaWRdIiBWYWx1ZT0iNzUiIFJlY29yZGVkVmFsdWU9IiIgQ29ycmVsYXRpb25CaW5kaW5nPSIiIFVybEVuY29kZT0iVHJ1ZSIgLz4NCiAgICAgICAgICAgIDxGb3JtUG9zdFBhcmFtZXRlciBOYW1lPSJyZW1vdmVfZm9ybV9idWlsZGVyW2Zvcm1fYnVpbGRlcl9maWVsZHNfYXR0cmlidXRlc11bXVtmb3JtX2ZpZWxkX2lkXSIgVmFsdWU9IjExMCIgUmVjb3JkZWRWYWx1ZT0iIiBDb3JyZWxhdGlvbkJpbmRpbmc9IiIgVXJsRW5jb2RlPSJUcnVlIiAvPg0KICAgICAgICAgICAgPEZvcm1Qb3N0UGFyYW1ldGVyIE5hbWU9InJlbW92ZV9mb3JtX2J1aWxkZXJbZm9ybV9idWlsZGVyX2ZpZWxkc19hdHRyaWJ1dGVzXVtdW2Zvcm1fZmllbGRfaWRdIiBWYWx1ZT0iMTExIiBSZWNvcmRlZFZhbHVlPSIiIENvcnJlbGF0aW9uQmluZGluZz0iIiBVcmxFbmNvZGU9IlRydWUiIC8+DQogICAgICAgICAgICA8Rm9ybVBvc3RQYXJhbWV0ZXIgTmFtZT0icmVtb3ZlX2Zvcm1fYnVpbGRlcltmb3JtX2J1aWxkZXJfZmllbGRzX2F0dHJpYnV0ZXNdW11bZm9ybV9maWVsZF9pZF0iIFZhbHVlPSI2MyIgUmVjb3JkZWRWYWx1ZT0iIiBDb3JyZWxhdGlvbkJpbmRpbmc9IiIgVXJsRW5jb2RlPSJUcnVlIiAvPg0KICAgICAgICAgICAgPEZvcm1Qb3N0UGFyYW1ldGVyIE5hbWU9InJlbW92ZV9mb3JtX2J1aWxkZXJbZm9ybV9idWlsZGVyX2ZpZWxkc19hdHRyaWJ1dGVzXVtdW2Zvcm1fZmllbGRfaWRdIiBWYWx1ZT0iNzQiIFJlY29yZGVkVmFsdWU9IiIgQ29ycmVsYXRpb25CaW5kaW5nPSIiIFVybEVuY29kZT0iVHJ1ZSIgLz4NCiAgICAgICAgICAgIDxGb3JtUG9zdFBhcmFtZXRlciBOYW1lPSJyZW1vdmVfZm9ybV9idWlsZGVyW2Zvcm1fYnVpbGRlcl9maWVsZHNfYXR0cmlidXRlc11bXVtmb3JtX2ZpZWxkX2lkXSIgVmFsdWU9Ijc2IiBSZWNvcmRlZFZhbHVlPSIiIENvcnJlbGF0aW9uQmluZGluZz0iIiBVcmxFbmNvZGU9IlRydWUiIC8+DQogICAgICAgICAgICA8Rm9ybVBvc3RQYXJhbWV0ZXIgTmFtZT0icmVtb3ZlX2Zvcm1fYnVpbGRlcltmb3JtX2J1aWxkZXJfZmllbGRzX2F0dHJpYnV0ZXNdW11bZm9ybV9maWVsZF9pZF0iIFZhbHVlPSI3OCIgUmVjb3JkZWRWYWx1ZT0iIiBDb3JyZWxhdGlvbkJpbmRpbmc9IiIgVXJsRW5jb2RlPSJUcnVlIiAvPg0KICAgICAgICAgICAgPEZvcm1Qb3N0UGFyYW1ldGVyIE5hbWU9InJlbW92ZV9mb3JtX2J1aWxkZXJbZm9ybV9idWlsZGVyX2ZpZWxkc19hdHRyaWJ1dGVzXVtdW2Zvcm1fZmllbGRfaWRdIiBWYWx1ZT0iMzE3IiBSZWNvcmRlZFZhbHVlPSIiIENvcnJlbGF0aW9uQmluZGluZz0iIiBVcmxFbmNvZGU9IlRydWUiIC8+DQogICAgICAgICAgICA8Rm9ybVBvc3RQYXJhbWV0ZXIgTmFtZT0icmVtb3ZlX2Zvcm1fYnVpbGRlcltmb3JtX2J1aWxkZXJfZmllbGRzX2F0dHJpYnV0ZXNdW11bZm9ybV9maWVsZF9pZF0iIFZhbHVlPSIzNjQiIFJlY29yZGVkVmFsdWU9IiIgQ29ycmVsYXRpb25CaW5kaW5nPSIiIFVybEVuY29kZT0iVHJ1ZSIgLz4NCiAgICAgICAgICAgIDxGb3JtUG9zdFBhcmFtZXRlciBOYW1lPSJyZW1vdmVfZm9ybV9idWlsZGVyW2Zvcm1fYnVpbGRlcl9maWVsZHNfYXR0cmlidXRlc11bXVtmb3JtX2ZpZWxkX2lkXSIgVmFsdWU9IjE5MSIgUmVjb3JkZWRWYWx1ZT0iIiBDb3JyZWxhdGlvbkJpbmRpbmc9IiIgVXJsRW5jb2RlPSJUcnVlIiAvPg0KICAgICAgICAgICAgPEZvcm1Qb3N0UGFyYW1ldGVyIE5hbWU9InJlbW92ZV9mb3JtX2J1aWxkZXJbZm9ybV9idWlsZGVyX2ZpZWxkc19hdHRyaWJ1dGVzXVtdW2Zvcm1fZmllbGRfaWRdIiBWYWx1ZT0iMTkyIiBSZWNvcmRlZFZhbHVlPSIiIENvcnJlbGF0aW9uQmluZGluZz0iIiBVcmxFbmNvZGU9IlRydWUiIC8+DQogICAgICAgICAgICA8Rm9ybVBvc3RQYXJhbWV0ZXIgTmFtZT0icmVtb3ZlX2Zvcm1fYnVpbGRlcltmb3JtX2J1aWxkZXJfZmllbGRzX2F0dHJpYnV0ZXNdW11bZm9ybV9maWVsZF9pZF0iIFZhbHVlPSIyMTIiIFJlY29yZGVkVmFsdWU9IiIgQ29ycmVsYXRpb25CaW5kaW5nPSIiIFVybEVuY29kZT0iVHJ1ZSIgLz4NCiAgICAgICAgICAgIDxGb3JtUG9zdFBhcmFtZXRlciBOYW1lPSJyZW1vdmVfZm9ybV9idWlsZGVyW2Zvcm1fYnVpbGRlcl9maWVsZHNfYXR0cmlidXRlc11bXVtmb3JtX2ZpZWxkX2lkXSIgVmFsdWU9IjEyOSIgUmVjb3JkZWRWYWx1ZT0iIiBDb3JyZWxhdGlvbkJpbmRpbmc9IiIgVXJsRW5jb2RlPSJUcnVlIiAvPg0KICAgICAgICAgICAgPEZvcm1Qb3N0UGFyYW1ldGVyIE5hbWU9InJlbW92ZV9mb3JtX2J1aWxkZXJbZm9ybV9idWlsZGVyX2ZpZWxkc19hdHRyaWJ1dGVzXVtdW2Zvcm1fZmllbGRfaWRdIiBWYWx1ZT0iNTUiIFJlY29yZGVkVmFsdWU9IiIgQ29ycmVsYXRpb25CaW5kaW5nPSIiIFVybEVuY29kZT0iVHJ1ZSIgLz4NCiAgICAgICAgICAgIDxGb3JtUG9zdFBhcmFtZXRlciBOYW1lPSJyZW1vdmVfZm9ybV9idWlsZGVyW2Zvcm1fYnVpbGRlcl9maWVsZHNfYXR0cmlidXRlc11bXVtmb3JtX2ZpZWxkX2lkXSIgVmFsdWU9IjQiIFJlY29yZGVkVmFsdWU9IiIgQ29ycmVsYXRpb25CaW5kaW5nPSIiIFVybEVuY29kZT0iVHJ1ZSIgLz4NCiAgICAgICAgICAgIDxGb3JtUG9zdFBhcmFtZXRlciBOYW1lPSJyZW1vdmVfZm9ybV9idWlsZGVyW2Zvcm1fYnVpbGRlcl9maWVsZHNfYXR0cmlidXRlc11bXVtmb3JtX2ZpZWxkX2lkXSIgVmFsdWU9IjE4OSIgUmVjb3JkZWRWYWx1ZT0iIiBDb3JyZWxhdGlvbkJpbmRpbmc9IiIgVXJsRW5jb2RlPSJUcnVlIiAvPg0KICAgICAgICAgICAgPEZvcm1Qb3N0UGFyYW1ldGVyIE5hbWU9InJlbW92ZV9mb3JtX2J1aWxkZXJbZm9ybV9idWlsZGVyX2ZpZWxkc19hdHRyaWJ1dGVzXVtdW2Zvcm1fZmllbGRfaWRdIiBWYWx1ZT0iMTg4IiBSZWNvcmRlZFZhbHVlPSIiIENvcnJlbGF0aW9uQmluZGluZz0iIiBVcmxFbmNvZGU9IlRydWUiIC8+DQogICAgICAgICAgICA8Rm9ybVBvc3RQYXJhbWV0ZXIgTmFtZT0icmVtb3ZlX2Zvcm1fYnVpbGRlcltmb3JtX2J1aWxkZXJfZmllbGRzX2F0dHJpYnV0ZXNdW11bZm9ybV9maWVsZF9pZF0iIFZhbHVlPSIxOTAiIFJlY29yZGVkVmFsdWU9IiIgQ29ycmVsYXRpb25CaW5kaW5nPSIiIFVybEVuY29kZT0iVHJ1ZSIgLz4NCiAgICAgICAgICAgIDxGb3JtUG9zdFBhcmFtZXRlciBOYW1lPSJyZW1vdmVfZm9ybV9idWlsZGVyW2Zvcm1fYnVpbGRlcl9maWVsZHNfYXR0cmlidXRlc11bXVtmb3JtX2ZpZWxkX2lkXSIgVmFsdWU9IjI0IiBSZWNvcmRlZFZhbHVlPSIiIENvcnJlbGF0aW9uQmluZGluZz0iIiBVcmxFbmNvZGU9IlRydWUiIC8+DQogICAgICAgICAgICA8Rm9ybVBvc3RQYXJhbWV0ZXIgTmFtZT0icmVtb3ZlX2Zvcm1fYnVpbGRlcltmb3JtX2J1aWxkZXJfZmllbGRzX2F0dHJpYnV0ZXNdW11bZm9ybV9maWVsZF9pZF0iIFZhbHVlPSIxMTIiIFJlY29yZGVkVmFsdWU9IiIgQ29ycmVsYXRpb25CaW5kaW5nPSIiIFVybEVuY29kZT0iVHJ1ZSIgLz4NCiAgICAgICAgICAgIDxGb3JtUG9zdFBhcmFtZXRlciBOYW1lPSJyZW1vdmVfZm9ybV9idWlsZGVyW2Zvcm1fYnVpbGRlcl9maWVsZHNfYXR0cmlidXRlc11bXVtmb3JtX2ZpZWxkX2lkXSIgVmFsdWU9IjEyNiIgUmVjb3JkZWRWYWx1ZT0iIiBDb3JyZWxhdGlvbkJpbmRpbmc9IiIgVXJsRW5jb2RlPSJUcnVlIiAvPg0KICAgICAgICAgICAgPEZvcm1Qb3N0UGFyYW1ldGVyIE5hbWU9InJlbW92ZV9mb3JtX2J1aWxkZXJbZm9ybV9idWlsZGVyX2ZpZWxkc19hdHRyaWJ1dGVzXVtdW2Zvcm1fZmllbGRfaWRdIiBWYWx1ZT0iMTI0IiBSZWNvcmRlZFZhbHVlPSIiIENvcnJlbGF0aW9uQmluZGluZz0iIiBVcmxFbmNvZGU9IlRydWUiIC8+DQogICAgICAgICAgICA8Rm9ybVBvc3RQYXJhbWV0ZXIgTmFtZT0icmVtb3ZlX2Zvcm1fYnVpbGRlcltmb3JtX2J1aWxkZXJfZmllbGRzX2F0dHJpYnV0ZXNdW11bZm9ybV9maWVsZF9pZF0iIFZhbHVlPSIxMjEiIFJlY29yZGVkVmFsdWU9IiIgQ29ycmVsYXRpb25CaW5kaW5nPSIiIFVybEVuY29kZT0iVHJ1ZSIgLz4NCiAgICAgICAgICAgIDxGb3JtUG9zdFBhcmFtZXRlciBOYW1lPSJyZW1vdmVfZm9ybV9idWlsZGVyW2Zvcm1fYnVpbGRlcl9maWVsZHNfYXR0cmlidXRlc11bXVtmb3JtX2ZpZWxkX2lkXSIgVmFsdWU9IjEwOSIgUmVjb3JkZWRWYWx1ZT0iIiBDb3JyZWxhdGlvbkJpbmRpbmc9IiIgVXJsRW5jb2RlPSJUcnVlIiAvPg0KICAgICAgICAgICAgPEZvcm1Qb3N0UGFyYW1ldGVyIE5hbWU9InJlbW92ZV9mb3JtX2J1aWxkZXJbZm9ybV9idWlsZGVyX2ZpZWxkc19hdHRyaWJ1dGVzXVtdW2Zvcm1fZmllbGRfaWRdIiBWYWx1ZT0iMjciIFJlY29yZGVkVmFsdWU9IiIgQ29ycmVsYXRpb25CaW5kaW5nPSIiIFVybEVuY29kZT0iVHJ1ZSIgLz4NCiAgICAgICAgICAgIDxGb3JtUG9zdFBhcmFtZXRlciBOYW1lPSJyZW1vdmVfZm9ybV9idWlsZGVyW2Zvcm1fYnVpbGRlcl9maWVsZHNfYXR0cmlidXRlc11bXVtmb3JtX2ZpZWxkX2lkXSIgVmFsdWU9IjMwIiBSZWNvcmRlZFZhbHVlPSIiIENvcnJlbGF0aW9uQmluZGluZz0iIiBVcmxFbmNvZGU9IlRydWUiIC8+DQogICAgICAgICAgICA8Rm9ybVBvc3RQYXJhbWV0ZXIgTmFtZT0icmVtb3ZlX2Zvcm1fYnVpbGRlcltmb3JtX2J1aWxkZXJfZmllbGRzX2F0dHJpYnV0ZXNdW11bZm9ybV9maWVsZF9pZF0iIFZhbHVlPSIxMDciIFJlY29yZGVkVmFsdWU9IiIgQ29ycmVsYXRpb25CaW5kaW5nPSIiIFVybEVuY29kZT0iVHJ1ZSIgLz4NCiAgICAgICAgICAgIDxGb3JtUG9zdFBhcmFtZXRlciBOYW1lPSJyZW1vdmVfZm9ybV9idWlsZGVyW2Zvcm1fYnVpbGRlcl9maWVsZHNfYXR0cmlidXRlc11bXVtmb3JtX2ZpZWxkX2lkXSIgVmFsdWU9IjEyNSIgUmVjb3JkZWRWYWx1ZT0iIiBDb3JyZWxhdGlvbkJpbmRpbmc9IiIgVXJsRW5jb2RlPSJUcnVlIiAvPg0KICAgICAgICAgICAgPEZvcm1Qb3N0UGFyYW1ldGVyIE5hbWU9InJlbW92ZV9mb3JtX2J1aWxkZXJbZm9ybV9idWlsZGVyX2ZpZWxkc19hdHRyaWJ1dGVzXVtdW2Zvcm1fZmllbGRfaWRdIiBWYWx1ZT0iMjIiIFJlY29yZGVkVmFsdWU9IiIgQ29ycmVsYXRpb25CaW5kaW5nPSIiIFVybEVuY29kZT0iVHJ1ZSIgLz4NCiAgICAgICAgICAgIDxGb3JtUG9zdFBhcmFtZXRlciBOYW1lPSJyZW1vdmVfZm9ybV9idWlsZGVyW2Zvcm1fYnVpbGRlcl9maWVsZHNfYXR0cmlidXRlc11bXVtmb3JtX2ZpZWxkX2lkXSIgVmFsdWU9IjU5IiBSZWNvcmRlZFZhbHVlPSIiIENvcnJlbGF0aW9uQmluZGluZz0iIiBVcmxFbmNvZGU9IlRydWUiIC8+DQogICAgICAgICAgICA8Rm9ybVBvc3RQYXJhbWV0ZXIgTmFtZT0icmVtb3ZlX2Zvcm1fYnVpbGRlcltmb3JtX2J1aWxkZXJfZmllbGRzX2F0dHJpYnV0ZXNdW11bZm9ybV9maWVsZF9pZF0iIFZhbHVlPSIyOCIgUmVjb3JkZWRWYWx1ZT0iIiBDb3JyZWxhdGlvbkJpbmRpbmc9IiIgVXJsRW5jb2RlPSJUcnVlIiAvPg0KICAgICAgICAgICAgPEZvcm1Qb3N0UGFyYW1ldGVyIE5hbWU9InJlbW92ZV9mb3JtX2J1aWxkZXJbZm9ybV9idWlsZGVyX2ZpZWxkc19hdHRyaWJ1dGVzXVtdW2Zvcm1fZmllbGRfaWRdIiBWYWx1ZT0iMjMiIFJlY29yZGVkVmFsdWU9IiIgQ29ycmVsYXRpb25CaW5kaW5nPSIiIFVybEVuY29kZT0iVHJ1ZSIgLz4NCiAgICAgICAgICAgIDxGb3JtUG9zdFBhcmFtZXRlciBOYW1lPSJyZW1vdmVfZm9ybV9idWlsZGVyW2Zvcm1fYnVpbGRlcl9maWVsZHNfYXR0cmlidXRlc11bXVtmb3JtX2ZpZWxkX2lkXSIgVmFsdWU9IjMzIiBSZWNvcmRlZFZhbHVlPSIiIENvcnJlbGF0aW9uQmluZGluZz0iIiBVcmxFbmNvZGU9IlRydWUiIC8+DQogICAgICAgICAgICA8Rm9ybVBvc3RQYXJhbWV0ZXIgTmFtZT0icmVtb3ZlX2Zvcm1fYnVpbGRlcltmb3JtX2J1aWxkZXJfZmllbGRzX2F0dHJpYnV0ZXNdW11bZm9ybV9maWVsZF9pZF0iIFZhbHVlPSIzMSIgUmVjb3JkZWRWYWx1ZT0iIiBDb3JyZWxhdGlvbkJpbmRpbmc9IiIgVXJsRW5jb2RlPSJUcnVlIiAvPg0KICAgICAgICAgICAgPEZvcm1Qb3N0UGFyYW1ldGVyIE5hbWU9InJlbW92ZV9mb3JtX2J1aWxkZXJbZm9ybV9idWlsZGVyX2ZpZWxkc19hdHRyaWJ1dGVzXVtdW2Zvcm1fZmllbGRfaWRdIiBWYWx1ZT0iMzIiIFJlY29yZGVkVmFsdWU9IiIgQ29ycmVsYXRpb25CaW5kaW5nPSIiIFVybEVuY29kZT0iVHJ1ZSIgLz4NCiAgICAgICAgICAgIDxGb3JtUG9zdFBhcmFtZXRlciBOYW1lPSJyZW1vdmVfZm9ybV9idWlsZGVyW2Zvcm1fYnVpbGRlcl9maWVsZHNfYXR0cmlidXRlc11bXVtmb3JtX2ZpZWxkX2lkXSIgVmFsdWU9IjM2IiBSZWNvcmRlZFZhbHVlPSIiIENvcnJlbGF0aW9uQmluZGluZz0iIiBVcmxFbmNvZGU9IlRydWUiIC8+DQogICAgICAgICAgICA8Rm9ybVBvc3RQYXJhbWV0ZXIgTmFtZT0icmVtb3ZlX2Zvcm1fYnVpbGRlcltmb3JtX2J1aWxkZXJfZmllbGRzX2F0dHJpYnV0ZXNdW11bZm9ybV9maWVsZF9pZF0iIFZhbHVlPSIxNzUiIFJlY29yZGVkVmFsdWU9IiIgQ29ycmVsYXRpb25CaW5kaW5nPSIiIFVybEVuY29kZT0iVHJ1ZSIgLz4NCiAgICAgICAgICAgIDxGb3JtUG9zdFBhcmFtZXRlciBOYW1lPSJyZW1vdmVfZm9ybV9idWlsZGVyW2Zvcm1fYnVpbGRlcl9maWVsZHNfYXR0cmlidXRlc11bXVtmb3JtX2ZpZWxkX2lkXSIgVmFsdWU9IjExOSIgUmVjb3JkZWRWYWx1ZT0iIiBDb3JyZWxhdGlvbkJpbmRpbmc9IiIgVXJsRW5jb2RlPSJUcnVlIiAvPg0KICAgICAgICAgICAgPEZvcm1Qb3N0UGFyYW1ldGVyIE5hbWU9InJlbW92ZV9mb3JtX2J1aWxkZXJbZm9ybV9idWlsZGVyX2ZpZWxkc19hdHRyaWJ1dGVzXVtdW2Zvcm1fZmllbGRfaWRdIiBWYWx1ZT0iMTAzIiBSZWNvcmRlZFZhbHVlPSIiIENvcnJlbGF0aW9uQmluZGluZz0iIiBVcmxFbmNvZGU9IlRydWUiIC8+DQogICAgICAgICAgICA8Rm9ybVBvc3RQYXJhbWV0ZXIgTmFtZT0icmVtb3ZlX2Zvcm1fYnVpbGRlcltmb3JtX2J1aWxkZXJfZmllbGRzX2F0dHJpYnV0ZXNdW11bZm9ybV9maWVsZF9pZF0iIFZhbHVlPSIyNjAiIFJlY29yZGVkVmFsdWU9IiIgQ29ycmVsYXRpb25CaW5kaW5nPSIiIFVybEVuY29kZT0iVHJ1ZSIgLz4NCiAgICAgICAgICAgIDxGb3JtUG9zdFBhcmFtZXRlciBOYW1lPSJyZW1vdmVfZm9ybV9idWlsZGVyW2Zvcm1fYnVpbGRlcl9maWVsZHNfYXR0cmlidXRlc11bXVtmb3JtX2ZpZWxkX2lkXSIgVmFsdWU9IjI2MiIgUmVjb3JkZWRWYWx1ZT0iIiBDb3JyZWxhdGlvbkJpbmRpbmc9IiIgVXJsRW5jb2RlPSJUcnVlIiAvPg0KICAgICAgICAgICAgPEZvcm1Qb3N0UGFyYW1ldGVyIE5hbWU9InJlbW92ZV9mb3JtX2J1aWxkZXJbZm9ybV9idWlsZGVyX2ZpZWxkc19hdHRyaWJ1dGVzXVtdW2Zvcm1fZmllbGRfaWRdIiBWYWx1ZT0iMzA0IiBSZWNvcmRlZFZhbHVlPSIiIENvcnJlbGF0aW9uQmluZGluZz0iIiBVcmxFbmNvZGU9IlRydWUiIC8+DQogICAgICAgICAgICA8Rm9ybVBvc3RQYXJhbWV0ZXIgTmFtZT0icmVtb3ZlX2Zvcm1fYnVpbGRlcltmb3JtX2J1aWxkZXJfZmllbGRzX2F0dHJpYnV0ZXNdW11bZm9ybV9maWVsZF9pZF0iIFZhbHVlPSIyOTkiIFJlY29yZGVkVmFsdWU9IiIgQ29ycmVsYXRpb25CaW5kaW5nPSIiIFVybEVuY29kZT0iVHJ1ZSIgLz4NCiAgICAgICAgICAgIDxGb3JtUG9zdFBhcmFtZXRlciBOYW1lPSJyZW1vdmVfZm9ybV9idWlsZGVyW2Zvcm1fYnVpbGRlcl9maWVsZHNfYXR0cmlidXRlc11bXVtmb3JtX2ZpZWxkX2lkXSIgVmFsdWU9IjI3MyIgUmVjb3JkZWRWYWx1ZT0iIiBDb3JyZWxhdGlvbkJpbmRpbmc9IiIgVXJsRW5jb2RlPSJUcnVlIiAvPg0KICAgICAgICAgICAgPEZvcm1Qb3N0UGFyYW1ldGVyIE5hbWU9InJlbW92ZV9mb3JtX2J1aWxkZXJbZm9ybV9idWlsZGVyX2ZpZWxkc19hdHRyaWJ1dGVzXVtdW2Zvcm1fZmllbGRfaWRdIiBWYWx1ZT0iMzAxIiBSZWNvcmRlZFZhbHVlPSIiIENvcnJlbGF0aW9uQmluZGluZz0iIiBVcmxFbmNvZGU9IlRydWUiIC8+DQogICAgICAgICAgICA8Rm9ybVBvc3RQYXJhbWV0ZXIgTmFtZT0icmVtb3ZlX2Zvcm1fYnVpbGRlcltmb3JtX2J1aWxkZXJfZmllbGRzX2F0dHJpYnV0ZXNdW11bZm9ybV9maWVsZF9pZF0iIFZhbHVlPSIzMDAiIFJlY29yZGVkVmFsdWU9IiIgQ29ycmVsYXRpb25CaW5kaW5nPSIiIFVybEVuY29kZT0iVHJ1ZSIgLz4NCiAgICAgICAgICAgIDxGb3JtUG9zdFBhcmFtZXRlciBOYW1lPSJyZW1vdmVfZm9ybV9idWlsZGVyW2Zvcm1fYnVpbGRlcl9maWVsZHNfYXR0cmlidXRlc11bXVtmb3JtX2ZpZWxkX2lkXSIgVmFsdWU9IjMwNSIgUmVjb3JkZWRWYWx1ZT0iIiBDb3JyZWxhdGlvbkJpbmRpbmc9IiIgVXJsRW5jb2RlPSJUcnVlIiAvPg0KICAgICAgICAgICAgPEZvcm1Qb3N0UGFyYW1ldGVyIE5hbWU9InJlbW92ZV9mb3JtX2J1aWxkZXJbZm9ybV9idWlsZGVyX2ZpZWxkc19hdHRyaWJ1dGVzXVtdW2Zvcm1fZmllbGRfaWRdIiBWYWx1ZT0iMjI0IiBSZWNvcmRlZFZhbHVlPSIiIENvcnJlbGF0aW9uQmluZGluZz0iIiBVcmxFbmNvZGU9IlRydWUiIC8+DQogICAgICAgICAgICA8Rm9ybVBvc3RQYXJhbWV0ZXIgTmFtZT0icmVtb3ZlX2Zvcm1fYnVpbGRlcltmb3JtX2J1aWxkZXJfZmllbGRzX2F0dHJpYnV0ZXNdW11bZm9ybV9maWVsZF9pZF0iIFZhbHVlPSIzMjQiIFJlY29yZGVkVmFsdWU9IiIgQ29ycmVsYXRpb25CaW5kaW5nPSIiIFVybEVuY29kZT0iVHJ1ZSIgLz4NCiAgICAgICAgICAgIDxGb3JtUG9zdFBhcmFtZXRlciBOYW1lPSJyZW1vdmVfZm9ybV9idWlsZGVyW2Zvcm1fYnVpbGRlcl9maWVsZHNfYXR0cmlidXRlc11bXVtmb3JtX2ZpZWxkX2lkXSIgVmFsdWU9IjEzIiBSZWNvcmRlZFZhbHVlPSIiIENvcnJlbGF0aW9uQmluZGluZz0iIiBVcmxFbmNvZGU9IlRydWUiIC8+DQogICAgICAgICAgICA8Rm9ybVBvc3RQYXJhbWV0ZXIgTmFtZT0icmVtb3ZlX2Zvcm1fYnVpbGRlcltmb3JtX2J1aWxkZXJfZmllbGRzX2F0dHJpYnV0ZXNdW11bZm9ybV9maWVsZF9pZF0iIFZhbHVlPSIyMjMiIFJlY29yZGVkVmFsdWU9IiIgQ29ycmVsYXRpb25CaW5kaW5nPSIiIFVybEVuY29kZT0iVHJ1ZSIgLz4NCiAgICAgICAgICAgIDxGb3JtUG9zdFBhcmFtZXRlciBOYW1lPSJyZW1vdmVfZm9ybV9idWlsZGVyW2Zvcm1fYnVpbGRlcl9maWVsZHNfYXR0cmlidXRlc11bXVtmb3JtX2ZpZWxkX2lkXSIgVmFsdWU9IjE3NyIgUmVjb3JkZWRWYWx1ZT0iIiBDb3JyZWxhdGlvbkJpbmRpbmc9IiIgVXJsRW5jb2RlPSJUcnVlIiAvPg0KICAgICAgICAgICAgPEZvcm1Qb3N0UGFyYW1ldGVyIE5hbWU9InJlbW92ZV9mb3JtX2J1aWxkZXJbZm9ybV9idWlsZGVyX2ZpZWxkc19hdHRyaWJ1dGVzXVtdW2Zvcm1fZmllbGRfaWRdIiBWYWx1ZT0iMjIxIiBSZWNvcmRlZFZhbHVlPSIiIENvcnJlbGF0aW9uQmluZGluZz0iIiBVcmxFbmNvZGU9IlRydWUiIC8+DQogICAgICAgICAgICA8Rm9ybVBvc3RQYXJhbWV0ZXIgTmFtZT0icmVtb3ZlX2Zvcm1fYnVpbGRlcltmb3JtX2J1aWxkZXJfZmllbGRzX2F0dHJpYnV0ZXNdW11bZm9ybV9maWVsZF9pZF0iIFZhbHVlPSIyMjIiIFJlY29yZGVkVmFsdWU9IiIgQ29ycmVsYXRpb25CaW5kaW5nPSIiIFVybEVuY29kZT0iVHJ1ZSIgLz4NCiAgICAgICAgICAgIDxGb3JtUG9zdFBhcmFtZXRlciBOYW1lPSJyZW1vdmVfZm9ybV9idWlsZGVyW2Zvcm1fYnVpbGRlcl9maWVsZHNfYXR0cmlidXRlc11bXVtmb3JtX2ZpZWxkX2lkXSIgVmFsdWU9IjEyMCIgUmVjb3JkZWRWYWx1ZT0iIiBDb3JyZWxhdGlvbkJpbmRpbmc9IiIgVXJsRW5jb2RlPSJUcnVlIiAvPg0KICAgICAgICAgICAgPEZvcm1Qb3N0UGFyYW1ldGVyIE5hbWU9InJlbW92ZV9mb3JtX2J1aWxkZXJbZm9ybV9idWlsZGVyX2ZpZWxkc19hdHRyaWJ1dGVzXVtdW2Zvcm1fZmllbGRfaWRdIiBWYWx1ZT0iMTAiIFJlY29yZGVkVmFsdWU9IiIgQ29ycmVsYXRpb25CaW5kaW5nPSIiIFVybEVuY29kZT0iVHJ1ZSIgLz4NCiAgICAgICAgICAgIDxGb3JtUG9zdFBhcmFtZXRlciBOYW1lPSJyZW1vdmVfZm9ybV9idWlsZGVyW2Zvcm1fYnVpbGRlcl9maWVsZHNfYXR0cmlidXRlc11bXVtmb3JtX2ZpZWxkX2lkXSIgVmFsdWU9IjIxOCIgUmVjb3JkZWRWYWx1ZT0iIiBDb3JyZWxhdGlvbkJpbmRpbmc9IiIgVXJsRW5jb2RlPSJUcnVlIiAvPg0KICAgICAgICAgICAgPEZvcm1Qb3N0UGFyYW1ldGVyIE5hbWU9InJlbW92ZV9mb3JtX2J1aWxkZXJbZm9ybV9idWlsZGVyX2ZpZWxkc19hdHRyaWJ1dGVzXVtdW2Zvcm1fZmllbGRfaWRdIiBWYWx1ZT0iMTUiIFJlY29yZGVkVmFsdWU9IiIgQ29ycmVsYXRpb25CaW5kaW5nPSIiIFVybEVuY29kZT0iVHJ1ZSIgLz4NCiAgICAgICAgICAgIDxGb3JtUG9zdFBhcmFtZXRlciBOYW1lPSJyZW1vdmVfZm9ybV9idWlsZGVyW2Zvcm1fYnVpbGRlcl9maWVsZHNfYXR0cmlidXRlc11bXVtmb3JtX2ZpZWxkX2lkXSIgVmFsdWU9IjI0MiIgUmVjb3JkZWRWYWx1ZT0iIiBDb3JyZWxhdGlvbkJpbmRpbmc9IiIgVXJsRW5jb2RlPSJUcnVlIiAvPg0KICAgICAgICAgICAgPEZvcm1Qb3N0UGFyYW1ldGVyIE5hbWU9InJlbW92ZV9mb3JtX2J1aWxkZXJbZm9ybV9idWlsZGVyX2ZpZWxkc19hdHRyaWJ1dGVzXVtdW2Zvcm1fZmllbGRfaWRdIiBWYWx1ZT0iMjQzIiBSZWNvcmRlZFZhbHVlPSIiIENvcnJlbGF0aW9uQmluZGluZz0iIiBVcmxFbmNvZGU9IlRydWUiIC8+DQogICAgICAgICAgICA8Rm9ybVBvc3RQYXJhbWV0ZXIgTmFtZT0icmVtb3ZlX2Zvcm1fYnVpbGRlcltmb3JtX2J1aWxkZXJfZmllbGRzX2F0dHJpYnV0ZXNdW11bZm9ybV9maWVsZF9pZF0iIFZhbHVlPSIyNzciIFJlY29yZGVkVmFsdWU9IiIgQ29ycmVsYXRpb25CaW5kaW5nPSIiIFVybEVuY29kZT0iVHJ1ZSIgLz4NCiAgICAgICAgICAgIDxGb3JtUG9zdFBhcmFtZXRlciBOYW1lPSJyZW1vdmVfZm9ybV9idWlsZGVyW2Zvcm1fYnVpbGRlcl9maWVsZHNfYXR0cmlidXRlc11bXVtmb3JtX2ZpZWxkX2lkXSIgVmFsdWU9IjI1NSIgUmVjb3JkZWRWYWx1ZT0iIiBDb3JyZWxhdGlvbkJpbmRpbmc9IiIgVXJsRW5jb2RlPSJUcnVlIiAvPg0KICAgICAgICAgICAgPEZvcm1Qb3N0UGFyYW1ldGVyIE5hbWU9InJlbW92ZV9mb3JtX2J1aWxkZXJbZm9ybV9idWlsZGVyX2ZpZWxkc19hdHRyaWJ1dGVzXVtdW2Zvcm1fZmllbGRfaWRdIiBWYWx1ZT0iMzUyIiBSZWNvcmRlZFZhbHVlPSIiIENvcnJlbGF0aW9uQmluZGluZz0iIiBVcmxFbmNvZGU9IlRydWUiIC8+DQogICAgICAgICAgICA8Rm9ybVBvc3RQYXJhbWV0ZXIgTmFtZT0icmVtb3ZlX2Zvcm1fYnVpbGRlcltmb3JtX2J1aWxkZXJfZmllbGRzX2F0dHJpYnV0ZXNdW11bZm9ybV9maWVsZF9pZF0iIFZhbHVlPSIzNTMiIFJlY29yZGVkVmFsdWU9IiIgQ29ycmVsYXRpb25CaW5kaW5nPSIiIFVybEVuY29kZT0iVHJ1ZSIgLz4NCiAgICAgICAgICAgIDxGb3JtUG9zdFBhcmFtZXRlciBOYW1lPSJyZW1vdmVfZm9ybV9idWlsZGVyW2Zvcm1fYnVpbGRlcl9maWVsZHNfYXR0cmlidXRlc11bXVtmb3JtX2ZpZWxkX2lkXSIgVmFsdWU9IjM1NCIgUmVjb3JkZWRWYWx1ZT0iIiBDb3JyZWxhdGlvbkJpbmRpbmc9IiIgVXJsRW5jb2RlPSJUcnVlIiAvPg0KICAgICAgICAgICAgPEZvcm1Qb3N0UGFyYW1ldGVyIE5hbWU9InJlbW92ZV9mb3JtX2J1aWxkZXJbZm9ybV9idWlsZGVyX2ZpZWxkc19hdHRyaWJ1dGVzXVtdW2Zvcm1fZmllbGRfaWRdIiBWYWx1ZT0iMjY5IiBSZWNvcmRlZFZhbHVlPSIiIENvcnJlbGF0aW9uQmluZGluZz0iIiBVcmxFbmNvZGU9IlRydWUiIC8+DQogICAgICAgICAgICA8Rm9ybVBvc3RQYXJhbWV0ZXIgTmFtZT0icmVtb3ZlX2Zvcm1fYnVpbGRlcltmb3JtX2J1aWxkZXJfZmllbGRzX2F0dHJpYnV0ZXNdW11bZm9ybV9maWVsZF9pZF0iIFZhbHVlPSIzMjkiIFJlY29yZGVkVmFsdWU9IiIgQ29ycmVsYXRpb25CaW5kaW5nPSIiIFVybEVuY29kZT0iVHJ1ZSIgLz4NCiAgICAgICAgICAgIDxGb3JtUG9zdFBhcmFtZXRlciBOYW1lPSJyZW1vdmVfZm9ybV9idWlsZGVyW2Zvcm1fYnVpbGRlcl9maWVsZHNfYXR0cmlidXRlc11bXVtmb3JtX2ZpZWxkX2lkXSIgVmFsdWU9IjI3MSIgUmVjb3JkZWRWYWx1ZT0iIiBDb3JyZWxhdGlvbkJpbmRpbmc9IiIgVXJsRW5jb2RlPSJUcnVlIiAvPg0KICAgICAgICAgICAgPEZvcm1Qb3N0UGFyYW1ldGVyIE5hbWU9InJlbW92ZV9mb3JtX2J1aWxkZXJbZm9ybV9idWlsZGVyX2ZpZWxkc19hdHRyaWJ1dGVzXVtdW2Zvcm1fZmllbGRfaWRdIiBWYWx1ZT0iMzIxIiBSZWNvcmRlZFZhbHVlPSIiIENvcnJlbGF0aW9uQmluZGluZz0iIiBVcmxFbmNvZGU9IlRydWUiIC8+DQogICAgICAgICAgICA8Rm9ybVBvc3RQYXJhbWV0ZXIgTmFtZT0icmVtb3ZlX2Zvcm1fYnVpbGRlcltmb3JtX2J1aWxkZXJfZmllbGRzX2F0dHJpYnV0ZXNdW11bZm9ybV9maWVsZF9pZF0iIFZhbHVlPSIyOTgiIFJlY29yZGVkVmFsdWU9IiIgQ29ycmVsYXRpb25CaW5kaW5nPSIiIFVybEVuY29kZT0iVHJ1ZSIgLz4NCiAgICAgICAgICAgIDxGb3JtUG9zdFBhcmFtZXRlciBOYW1lPSJyZW1vdmVfZm9ybV9idWlsZGVyW2Zvcm1fYnVpbGRlcl9maWVsZHNfYXR0cmlidXRlc11bXVtmb3JtX2ZpZWxkX2lkXSIgVmFsdWU9IjI0MCIgUmVjb3JkZWRWYWx1ZT0iIiBDb3JyZWxhdGlvbkJpbmRpbmc9IiIgVXJsRW5jb2RlPSJUcnVlIiAvPg0KICAgICAgICAgICAgPEZvcm1Qb3N0UGFyYW1ldGVyIE5hbWU9InJlbW92ZV9mb3JtX2J1aWxkZXJbZm9ybV9idWlsZGVyX2ZpZWxkc19hdHRyaWJ1dGVzXVtdW2Zvcm1fZmllbGRfaWRdIiBWYWx1ZT0iMjcwIiBSZWNvcmRlZFZhbHVlPSIiIENvcnJlbGF0aW9uQmluZGluZz0iIiBVcmxFbmNvZGU9IlRydWUiIC8+DQogICAgICAgICAgICA8Rm9ybVBvc3RQYXJhbWV0ZXIgTmFtZT0icmVtb3ZlX2Zvcm1fYnVpbGRlcltmb3JtX2J1aWxkZXJfZmllbGRzX2F0dHJpYnV0ZXNdW11bZm9ybV9maWVsZF9pZF0iIFZhbHVlPSIzMTMiIFJlY29yZGVkVmFsdWU9IiIgQ29ycmVsYXRpb25CaW5kaW5nPSIiIFVybEVuY29kZT0iVHJ1ZSIgLz4NCiAgICAgICAgICAgIDxGb3JtUG9zdFBhcmFtZXRlciBOYW1lPSJyZW1vdmVfZm9ybV9idWlsZGVyW2Zvcm1fYnVpbGRlcl9maWVsZHNfYXR0cmlidXRlc11bXVtmb3JtX2ZpZWxkX2lkXSIgVmFsdWU9IjM0MCIgUmVjb3JkZWRWYWx1ZT0iIiBDb3JyZWxhdGlvbkJpbmRpbmc9IiIgVXJsRW5jb2RlPSJUcnVlIiAvPg0KICAgICAgICAgICAgPEZvcm1Qb3N0UGFyYW1ldGVyIE5hbWU9InJlbW92ZV9mb3JtX2J1aWxkZXJbZm9ybV9idWlsZGVyX2ZpZWxkc19hdHRyaWJ1dGVzXVtdW2Zvcm1fZmllbGRfaWRdIiBWYWx1ZT0iMzI4IiBSZWNvcmRlZFZhbHVlPSIiIENvcnJlbGF0aW9uQmluZGluZz0iIiBVcmxFbmNvZGU9IlRydWUiIC8+DQogICAgICAgICAgICA8Rm9ybVBvc3RQYXJhbWV0ZXIgTmFtZT0icmVtb3ZlX2Zvcm1fYnVpbGRlcltmb3JtX2J1aWxkZXJfZmllbGRzX2F0dHJpYnV0ZXNdW11bZm9ybV9maWVsZF9pZF0iIFZhbHVlPSIxNzYiIFJlY29yZGVkVmFsdWU9IiIgQ29ycmVsYXRpb25CaW5kaW5nPSIiIFVybEVuY29kZT0iVHJ1ZSIgLz4NCiAgICAgICAgICAgIDxGb3JtUG9zdFBhcmFtZXRlciBOYW1lPSJyZW1vdmVfZm9ybV9idWlsZGVyW2Zvcm1fYnVpbGRlcl9maWVsZHNfYXR0cmlidXRlc11bXVtmb3JtX2ZpZWxkX2lkXSIgVmFsdWU9IjI5NiIgUmVjb3JkZWRWYWx1ZT0iIiBDb3JyZWxhdGlvbkJpbmRpbmc9IiIgVXJsRW5jb2RlPSJUcnVlIiAvPg0KICAgICAgICAgICAgPEZvcm1Qb3N0UGFyYW1ldGVyIE5hbWU9InJlbW92ZV9mb3JtX2J1aWxkZXJbZm9ybV9idWlsZGVyX2ZpZWxkc19hdHRyaWJ1dGVzXVtdW2Zvcm1fZmllbGRfaWRdIiBWYWx1ZT0iMTM1IiBSZWNvcmRlZFZhbHVlPSIiIENvcnJlbGF0aW9uQmluZGluZz0iIiBVcmxFbmNvZGU9IlRydWUiIC8+DQogICAgICAgICAgICA8Rm9ybVBvc3RQYXJhbWV0ZXIgTmFtZT0icmVtb3ZlX2Zvcm1fYnVpbGRlcltmb3JtX2J1aWxkZXJfZmllbGRzX2F0dHJpYnV0ZXNdW11bZm9ybV9maWVsZF9pZF0iIFZhbHVlPSIyMDQiIFJlY29yZGVkVmFsdWU9IiIgQ29ycmVsYXRpb25CaW5kaW5nPSIiIFVybEVuY29kZT0iVHJ1ZSIgLz4NCiAgICAgICAgICAgIDxGb3JtUG9zdFBhcmFtZXRlciBOYW1lPSJyZW1vdmVfZm9ybV9idWlsZGVyW2Zvcm1fYnVpbGRlcl9maWVsZHNfYXR0cmlidXRlc11bXVtmb3JtX2ZpZWxkX2lkXSIgVmFsdWU9IjM0IiBSZWNvcmRlZFZhbHVlPSIiIENvcnJlbGF0aW9uQmluZGluZz0iIiBVcmxFbmNvZGU9IlRydWUiIC8+DQogICAgICAgICAgICA8Rm9ybVBvc3RQYXJhbWV0ZXIgTmFtZT0icmVtb3ZlX2Zvcm1fYnVpbGRlcltmb3JtX2J1aWxkZXJfZmllbGRzX2F0dHJpYnV0ZXNdW11bZm9ybV9maWVsZF9pZF0iIFZhbHVlPSIyNjgiIFJlY29yZGVkVmFsdWU9IiIgQ29ycmVsYXRpb25CaW5kaW5nPSIiIFVybEVuY29kZT0iVHJ1ZSIgLz4NCiAgICAgICAgICAgIDxGb3JtUG9zdFBhcmFtZXRlciBOYW1lPSJyZW1vdmVfZm9ybV9idWlsZGVyW2Zvcm1fYnVpbGRlcl9maWVsZHNfYXR0cmlidXRlc11bXVtmb3JtX2ZpZWxkX2lkXSIgVmFsdWU9IjYiIFJlY29yZGVkVmFsdWU9IiIgQ29ycmVsYXRpb25CaW5kaW5nPSIiIFVybEVuY29kZT0iVHJ1ZSIgLz4NCiAgICAgICAgICAgIDxGb3JtUG9zdFBhcmFtZXRlciBOYW1lPSJyZW1vdmVfZm9ybV9idWlsZGVyW2Zvcm1fYnVpbGRlcl9maWVsZHNfYXR0cmlidXRlc11bXVtmb3JtX2ZpZWxkX2lkXSIgVmFsdWU9Ijk4IiBSZWNvcmRlZFZhbHVlPSIiIENvcnJlbGF0aW9uQmluZGluZz0iIiBVcmxFbmNvZGU9IlRydWUiIC8+DQogICAgICAgICAgICA8Rm9ybVBvc3RQYXJhbWV0ZXIgTmFtZT0icmVtb3ZlX2Zvcm1fYnVpbGRlcltmb3JtX2J1aWxkZXJfZmllbGRzX2F0dHJpYnV0ZXNdW11bZm9ybV9maWVsZF9pZF0iIFZhbHVlPSI5MSIgUmVjb3JkZWRWYWx1ZT0iIiBDb3JyZWxhdGlvbkJpbmRpbmc9IiIgVXJsRW5jb2RlPSJUcnVlIiAvPg0KICAgICAgICAgICAgPEZvcm1Qb3N0UGFyYW1ldGVyIE5hbWU9InJlbW92ZV9mb3JtX2J1aWxkZXJbZm9ybV9idWlsZGVyX2ZpZWxkc19hdHRyaWJ1dGVzXVtdW2Zvcm1fZmllbGRfaWRdIiBWYWx1ZT0iMTY5IiBSZWNvcmRlZFZhbHVlPSIiIENvcnJlbGF0aW9uQmluZGluZz0iIiBVcmxFbmNvZGU9IlRydWUiIC8+DQogICAgICAgICAgICA8Rm9ybVBvc3RQYXJhbWV0ZXIgTmFtZT0icmVtb3ZlX2Zvcm1fYnVpbGRlcltmb3JtX2J1aWxkZXJfZmllbGRzX2F0dHJpYnV0ZXNdW11bZm9ybV9maWVsZF9pZF0iIFZhbHVlPSIxMDEiIFJlY29yZGVkVmFsdWU9IiIgQ29ycmVsYXRpb25CaW5kaW5nPSIiIFVybEVuY29kZT0iVHJ1ZSIgLz4NCiAgICAgICAgICAgIDxGb3JtUG9zdFBhcmFtZXRlciBOYW1lPSJyZW1vdmVfZm9ybV9idWlsZGVyW2Zvcm1fYnVpbGRlcl9maWVsZHNfYXR0cmlidXRlc11bXVtmb3JtX2ZpZWxkX2lkXSIgVmFsdWU9IjgzIiBSZWNvcmRlZFZhbHVlPSIiIENvcnJlbGF0aW9uQmluZGluZz0iIiBVcmxFbmNvZGU9IlRydWUiIC8+DQogICAgICAgICAgICA8Rm9ybVBvc3RQYXJhbWV0ZXIgTmFtZT0icmVtb3ZlX2Zvcm1fYnVpbGRlcltmb3JtX2J1aWxkZXJfZmllbGRzX2F0dHJpYnV0ZXNdW11bZm9ybV9maWVsZF9pZF0iIFZhbHVlPSIyMDIiIFJlY29yZGVkVmFsdWU9IiIgQ29ycmVsYXRpb25CaW5kaW5nPSIiIFVybEVuY29kZT0iVHJ1ZSIgLz4NCiAgICAgICAgICAgIDxGb3JtUG9zdFBhcmFtZXRlciBOYW1lPSJyZW1vdmVfZm9ybV9idWlsZGVyW2Zvcm1fYnVpbGRlcl9maWVsZHNfYXR0cmlidXRlc11bXVtmb3JtX2ZpZWxkX2lkXSIgVmFsdWU9IjIzNSIgUmVjb3JkZWRWYWx1ZT0iIiBDb3JyZWxhdGlvbkJpbmRpbmc9IiIgVXJsRW5jb2RlPSJUcnVlIiAvPg0KICAgICAgICAgICAgPEZvcm1Qb3N0UGFyYW1ldGVyIE5hbWU9InJlbW92ZV9mb3JtX2J1aWxkZXJbZm9ybV9idWlsZGVyX2ZpZWxkc19hdHRyaWJ1dGVzXVtdW2Zvcm1fZmllbGRfaWRdIiBWYWx1ZT0iMTUyIiBSZWNvcmRlZFZhbHVlPSIiIENvcnJlbGF0aW9uQmluZGluZz0iIiBVcmxFbmNvZGU9IlRydWUiIC8+DQogICAgICAgICAgICA8Rm9ybVBvc3RQYXJhbWV0ZXIgTmFtZT0icmVtb3ZlX2Zvcm1fYnVpbGRlcltmb3JtX2J1aWxkZXJfZmllbGRzX2F0dHJpYnV0ZXNdW11bZm9ybV9maWVsZF9pZF0iIFZhbHVlPSIxNDQiIFJlY29yZGVkVmFsdWU9IiIgQ29ycmVsYXRpb25CaW5kaW5nPSIiIFVybEVuY29kZT0iVHJ1ZSIgLz4NCiAgICAgICAgICAgIDxGb3JtUG9zdFBhcmFtZXRlciBOYW1lPSJyZW1vdmVfZm9ybV9idWlsZGVyW2Zvcm1fYnVpbGRlcl9maWVsZHNfYXR0cmlidXRlc11bXVtmb3JtX2ZpZWxkX2lkXSIgVmFsdWU9IjE1MyIgUmVjb3JkZWRWYWx1ZT0iIiBDb3JyZWxhdGlvbkJpbmRpbmc9IiIgVXJsRW5jb2RlPSJUcnVlIiAvPg0KICAgICAgICAgICAgPEZvcm1Qb3N0UGFyYW1ldGVyIE5hbWU9InJlbW92ZV9mb3JtX2J1aWxkZXJbZm9ybV9idWlsZGVyX2ZpZWxkc19hdHRyaWJ1dGVzXVtdW2Zvcm1fZmllbGRfaWRdIiBWYWx1ZT0iMTQ4IiBSZWNvcmRlZFZhbHVlPSIiIENvcnJlbGF0aW9uQmluZGluZz0iIiBVcmxFbmNvZGU9IlRydWUiIC8+DQogICAgICAgICAgICA8Rm9ybVBvc3RQYXJhbWV0ZXIgTmFtZT0icmVtb3ZlX2Zvcm1fYnVpbGRlcltmb3JtX2J1aWxkZXJfZmllbGRzX2F0dHJpYnV0ZXNdW11bZm9ybV9maWVsZF9pZF0iIFZhbHVlPSIyMTUiIFJlY29yZGVkVmFsdWU9IiIgQ29ycmVsYXRpb25CaW5kaW5nPSIiIFVybEVuY29kZT0iVHJ1ZSIgLz4NCiAgICAgICAgICAgIDxGb3JtUG9zdFBhcmFtZXRlciBOYW1lPSJyZW1vdmVfZm9ybV9idWlsZGVyW2Zvcm1fYnVpbGRlcl9maWVsZHNfYXR0cmlidXRlc11bXVtmb3JtX2ZpZWxkX2lkXSIgVmFsdWU9IjIxMSIgUmVjb3JkZWRWYWx1ZT0iIiBDb3JyZWxhdGlvbkJpbmRpbmc9IiIgVXJsRW5jb2RlPSJUcnVlIiAvPg0KICAgICAgICAgICAgPEZvcm1Qb3N0UGFyYW1ldGVyIE5hbWU9InJlbW92ZV9mb3JtX2J1aWxkZXJbZm9ybV9idWlsZGVyX2ZpZWxkc19hdHRyaWJ1dGVzXVtdW2Zvcm1fZmllbGRfaWRdIiBWYWx1ZT0iNTciIFJlY29yZGVkVmFsdWU9IiIgQ29ycmVsYXRpb25CaW5kaW5nPSIiIFVybEVuY29kZT0iVHJ1ZSIgLz4NCiAgICAgICAgICAgIDxGb3JtUG9zdFBhcmFtZXRlciBOYW1lPSJyZW1vdmVfZm9ybV9idWlsZGVyW2Zvcm1fYnVpbGRlcl9maWVsZHNfYXR0cmlidXRlc11bXVtmb3JtX2ZpZWxkX2lkXSIgVmFsdWU9IjI0NCIgUmVjb3JkZWRWYWx1ZT0iIiBDb3JyZWxhdGlvbkJpbmRpbmc9IiIgVXJsRW5jb2RlPSJUcnVlIiAvPg0KICAgICAgICAgICAgPEZvcm1Qb3N0UGFyYW1ldGVyIE5hbWU9InJlbW92ZV9mb3JtX2J1aWxkZXJbZm9ybV9idWlsZGVyX2ZpZWxkc19hdHRyaWJ1dGVzXVtdW2Zvcm1fZmllbGRfaWRdIiBWYWx1ZT0iNzEiIFJlY29yZGVkVmFsdWU9IiIgQ29ycmVsYXRpb25CaW5kaW5nPSIiIFVybEVuY29kZT0iVHJ1ZSIgLz4NCiAgICAgICAgICAgIDxGb3JtUG9zdFBhcmFtZXRlciBOYW1lPSJyZW1vdmVfZm9ybV9idWlsZGVyW2Zvcm1fYnVpbGRlcl9maWVsZHNfYXR0cmlidXRlc11bXVtmb3JtX2ZpZWxkX2lkXSIgVmFsdWU9IjE4MCIgUmVjb3JkZWRWYWx1ZT0iIiBDb3JyZWxhdGlvbkJpbmRpbmc9IiIgVXJsRW5jb2RlPSJUcnVlIiAvPg0KICAgICAgICAgICAgPEZvcm1Qb3N0UGFyYW1ldGVyIE5hbWU9InJlbW92ZV9mb3JtX2J1aWxkZXJbZm9ybV9idWlsZGVyX2ZpZWxkc19hdHRyaWJ1dGVzXVtdW2Zvcm1fZmllbGRfaWRdIiBWYWx1ZT0iMTYiIFJlY29yZGVkVmFsdWU9IiIgQ29ycmVsYXRpb25CaW5kaW5nPSIiIFVybEVuY29kZT0iVHJ1ZSIgLz4NCiAgICAgICAgICAgIDxGb3JtUG9zdFBhcmFtZXRlciBOYW1lPSJyZW1vdmVfZm9ybV9idWlsZGVyW2Zvcm1fYnVpbGRlcl9maWVsZHNfYXR0cmlidXRlc11bXVtmb3JtX2ZpZWxkX2lkXSIgVmFsdWU9IjI5MSIgUmVjb3JkZWRWYWx1ZT0iIiBDb3JyZWxhdGlvbkJpbmRpbmc9IiIgVXJsRW5jb2RlPSJUcnVlIiAvPg0KICAgICAgICAgICAgPEZvcm1Qb3N0UGFyYW1ldGVyIE5hbWU9InJlbW92ZV9mb3JtX2J1aWxkZXJbZm9ybV9idWlsZGVyX2ZpZWxkc19hdHRyaWJ1dGVzXVtdW2Zvcm1fZmllbGRfaWRdIiBWYWx1ZT0iMjkyIiBSZWNvcmRlZFZhbHVlPSIiIENvcnJlbGF0aW9uQmluZGluZz0iIiBVcmxFbmNvZGU9IlRydWUiIC8+DQogICAgICAgICAgICA8Rm9ybVBvc3RQYXJhbWV0ZXIgTmFtZT0icmVtb3ZlX2Zvcm1fYnVpbGRlcltmb3JtX2J1aWxkZXJfZmllbGRzX2F0dHJpYnV0ZXNdW11bZm9ybV9maWVsZF9pZF0iIFZhbHVlPSIyODUiIFJlY29yZGVkVmFsdWU9IiIgQ29ycmVsYXRpb25CaW5kaW5nPSIiIFVybEVuY29kZT0iVHJ1ZSIgLz4NCiAgICAgICAgICAgIDxGb3JtUG9zdFBhcmFtZXRlciBOYW1lPSJyZW1vdmVfZm9ybV9idWlsZGVyW2Zvcm1fYnVpbGRlcl9maWVsZHNfYXR0cmlidXRlc11bXVtmb3JtX2ZpZWxkX2lkXSIgVmFsdWU9IjYwIiBSZWNvcmRlZFZhbHVlPSIiIENvcnJlbGF0aW9uQmluZGluZz0iIiBVcmxFbmNvZGU9IlRydWUiIC8+DQogICAgICAgICAgICA8Rm9ybVBvc3RQYXJhbWV0ZXIgTmFtZT0icmVtb3ZlX2Zvcm1fYnVpbGRlcltmb3JtX2J1aWxkZXJfZmllbGRzX2F0dHJpYnV0ZXNdW11bZm9ybV9maWVsZF9pZF0iIFZhbHVlPSIyOTMiIFJlY29yZGVkVmFsdWU9IiIgQ29ycmVsYXRpb25CaW5kaW5nPSIiIFVybEVuY29kZT0iVHJ1ZSIgLz4NCiAgICAgICAgICAgIDxGb3JtUG9zdFBhcmFtZXRlciBOYW1lPSJyZW1vdmVfZm9ybV9idWlsZGVyW2Zvcm1fYnVpbGRlcl9maWVsZHNfYXR0cmlidXRlc11bXVtmb3JtX2ZpZWxkX2lkXSIgVmFsdWU9IjI2NyIgUmVjb3JkZWRWYWx1ZT0iIiBDb3JyZWxhdGlvbkJpbmRpbmc9IiIgVXJsRW5jb2RlPSJUcnVlIiAvPg0KICAgICAgICAgICAgPEZvcm1Qb3N0UGFyYW1ldGVyIE5hbWU9InJlbW92ZV9mb3JtX2J1aWxkZXJbZm9ybV9idWlsZGVyX2ZpZWxkc19hdHRyaWJ1dGVzXVtdW2Zvcm1fZmllbGRfaWRdIiBWYWx1ZT0iMTI3IiBSZWNvcmRlZFZhbHVlPSIiIENvcnJlbGF0aW9uQmluZGluZz0iIiBVcmxFbmNvZGU9IlRydWUiIC8+DQogICAgICAgICAgICA8Rm9ybVBvc3RQYXJhbWV0ZXIgTmFtZT0icmVtb3ZlX2Zvcm1fYnVpbGRlcltmb3JtX2J1aWxkZXJfZmllbGRzX2F0dHJpYnV0ZXNdW11bZm9ybV9maWVsZF9pZF0iIFZhbHVlPSIyNzYiIFJlY29yZGVkVmFsdWU9IiIgQ29ycmVsYXRpb25CaW5kaW5nPSIiIFVybEVuY29kZT0iVHJ1ZSIgLz4NCiAgICAgICAgICAgIDxGb3JtUG9zdFBhcmFtZXRlciBOYW1lPSJyZW1vdmVfZm9ybV9idWlsZGVyW2Zvcm1fYnVpbGRlcl9maWVsZHNfYXR0cmlidXRlc11bXVtmb3JtX2ZpZWxkX2lkXSIgVmFsdWU9IjExOCIgUmVjb3JkZWRWYWx1ZT0iIiBDb3JyZWxhdGlvbkJpbmRpbmc9IiIgVXJsRW5jb2RlPSJUcnVlIiAvPg0KICAgICAgICAgICAgPEZvcm1Qb3N0UGFyYW1ldGVyIE5hbWU9InJlbW92ZV9mb3JtX2J1aWxkZXJbZm9ybV9idWlsZGVyX2ZpZWxkc19hdHRyaWJ1dGVzXVtdW2Zvcm1fZmllbGRfaWRdIiBWYWx1ZT0iMzQ5IiBSZWNvcmRlZFZhbHVlPSIiIENvcnJlbGF0aW9uQmluZGluZz0iIiBVcmxFbmNvZGU9IlRydWUiIC8+DQogICAgICAgICAgICA8Rm9ybVBvc3RQYXJhbWV0ZXIgTmFtZT0icmVtb3ZlX2Zvcm1fYnVpbGRlcltmb3JtX2J1aWxkZXJfZmllbGRzX2F0dHJpYnV0ZXNdW11bZm9ybV9maWVsZF9pZF0iIFZhbHVlPSIzMDYiIFJlY29yZGVkVmFsdWU9IiIgQ29ycmVsYXRpb25CaW5kaW5nPSIiIFVybEVuY29kZT0iVHJ1ZSIgLz4NCiAgICAgICAgICAgIDxGb3JtUG9zdFBhcmFtZXRlciBOYW1lPSJyZW1vdmVfZm9ybV9idWlsZGVyW2Zvcm1fYnVpbGRlcl9maWVsZHNfYXR0cmlidXRlc11bXVtmb3JtX2ZpZWxkX2lkXSIgVmFsdWU9IjI4MiIgUmVjb3JkZWRWYWx1ZT0iIiBDb3JyZWxhdGlvbkJpbmRpbmc9IiIgVXJsRW5jb2RlPSJUcnVlIiAvPg0KICAgICAgICAgICAgPEZvcm1Qb3N0UGFyYW1ldGVyIE5hbWU9InJlbW92ZV9mb3JtX2J1aWxkZXJbZm9ybV9idWlsZGVyX2ZpZWxkc19hdHRyaWJ1dGVzXVtdW2Zvcm1fZmllbGRfaWRdIiBWYWx1ZT0iMjg3IiBSZWNvcmRlZFZhbHVlPSIiIENvcnJlbGF0aW9uQmluZGluZz0iIiBVcmxFbmNvZGU9IlRydWUiIC8+DQogICAgICAgICAgICA8Rm9ybVBvc3RQYXJhbWV0ZXIgTmFtZT0icmVtb3ZlX2Zvcm1fYnVpbGRlcltmb3JtX2J1aWxkZXJfZmllbGRzX2F0dHJpYnV0ZXNdW11bZm9ybV9maWVsZF9pZF0iIFZhbHVlPSIyODQiIFJlY29yZGVkVmFsdWU9IiIgQ29ycmVsYXRpb25CaW5kaW5nPSIiIFVybEVuY29kZT0iVHJ1ZSIgLz4NCiAgICAgICAgICAgIDxGb3JtUG9zdFBhcmFtZXRlciBOYW1lPSJyZW1vdmVfZm9ybV9idWlsZGVyW2Zvcm1fYnVpbGRlcl9maWVsZHNfYXR0cmlidXRlc11bXVtmb3JtX2ZpZWxkX2lkXSIgVmFsdWU9IjI4NiIgUmVjb3JkZWRWYWx1ZT0iIiBDb3JyZWxhdGlvbkJpbmRpbmc9IiIgVXJsRW5jb2RlPSJUcnVlIiAvPg0KICAgICAgICAgICAgPEZvcm1Qb3N0UGFyYW1ldGVyIE5hbWU9InJlbW92ZV9mb3JtX2J1aWxkZXJbZm9ybV9idWlsZGVyX2ZpZWxkc19hdHRyaWJ1dGVzXVtdW2Zvcm1fZmllbGRfaWRdIiBWYWx1ZT0iMzQ2IiBSZWNvcmRlZFZhbHVlPSIiIENvcnJlbGF0aW9uQmluZGluZz0iIiBVcmxFbmNvZGU9IlRydWUiIC8+DQogICAgICAgICAgICA8Rm9ybVBvc3RQYXJhbWV0ZXIgTmFtZT0icmVtb3ZlX2Zvcm1fYnVpbGRlcltmb3JtX2J1aWxkZXJfZmllbGRzX2F0dHJpYnV0ZXNdW11bZm9ybV9maWVsZF9pZF0iIFZhbHVlPSIzMzIiIFJlY29yZGVkVmFsdWU9IiIgQ29ycmVsYXRpb25CaW5kaW5nPSIiIFVybEVuY29kZT0iVHJ1ZSIgLz4NCiAgICAgICAgICAgIDxGb3JtUG9zdFBhcmFtZXRlciBOYW1lPSJyZW1vdmVfZm9ybV9idWlsZGVyW2Zvcm1fYnVpbGRlcl9maWVsZHNfYXR0cmlidXRlc11bXVtmb3JtX2ZpZWxkX2lkXSIgVmFsdWU9IjMzMyIgUmVjb3JkZWRWYWx1ZT0iIiBDb3JyZWxhdGlvbkJpbmRpbmc9IiIgVXJsRW5jb2RlPSJUcnVlIiAvPg0KICAgICAgICAgICAgPEZvcm1Qb3N0UGFyYW1ldGVyIE5hbWU9InJlbW92ZV9mb3JtX2J1aWxkZXJbZm9ybV9idWlsZGVyX2ZpZWxkc19hdHRyaWJ1dGVzXVtdW2Zvcm1fZmllbGRfaWRdIiBWYWx1ZT0iMjgzIiBSZWNvcmRlZFZhbHVlPSIiIENvcnJlbGF0aW9uQmluZGluZz0iIiBVcmxFbmNvZGU9IlRydWUiIC8+DQogICAgICAgICAgICA8Rm9ybVBvc3RQYXJhbWV0ZXIgTmFtZT0icmVtb3ZlX2Zvcm1fYnVpbGRlcltmb3JtX2J1aWxkZXJfZmllbGRzX2F0dHJpYnV0ZXNdW11bZm9ybV9maWVsZF9pZF0iIFZhbHVlPSIzMDIiIFJlY29yZGVkVmFsdWU9IiIgQ29ycmVsYXRpb25CaW5kaW5nPSIiIFVybEVuY29kZT0iVHJ1ZSIgLz4NCiAgICAgICAgICAgIDxGb3JtUG9zdFBhcmFtZXRlciBOYW1lPSJyZW1vdmVfZm9ybV9idWlsZGVyW2Zvcm1fYnVpbGRlcl9maWVsZHNfYXR0cmlidXRlc11bXVtmb3JtX2ZpZWxkX2lkXSIgVmFsdWU9IjMyMCIgUmVjb3JkZWRWYWx1ZT0iIiBDb3JyZWxhdGlvbkJpbmRpbmc9IiIgVXJsRW5jb2RlPSJUcnVlIiAvPg0KICAgICAgICAgICAgPEZvcm1Qb3N0UGFyYW1ldGVyIE5hbWU9InJlbW92ZV9mb3JtX2J1aWxkZXJbZm9ybV9idWlsZGVyX2ZpZWxkc19hdHRyaWJ1dGVzXVtdW2Zvcm1fZmllbGRfaWRdIiBWYWx1ZT0iMjgwIiBSZWNvcmRlZFZhbHVlPSIiIENvcnJlbGF0aW9uQmluZGluZz0iIiBVcmxFbmNvZGU9IlRydWUiIC8+DQogICAgICAgICAgICA8Rm9ybVBvc3RQYXJhbWV0ZXIgTmFtZT0icmVtb3ZlX2Zvcm1fYnVpbGRlcltmb3JtX2J1aWxkZXJfZmllbGRzX2F0dHJpYnV0ZXNdW11bZm9ybV9maWVsZF9pZF0iIFZhbHVlPSIyODEiIFJlY29yZGVkVmFsdWU9IiIgQ29ycmVsYXRpb25CaW5kaW5nPSIiIFVybEVuY29kZT0iVHJ1ZSIgLz4NCiAgICAgICAgICAgIDxGb3JtUG9zdFBhcmFtZXRlciBOYW1lPSJyZW1vdmVfZm9ybV9idWlsZGVyW2Zvcm1fYnVpbGRlcl9maWVsZHNfYXR0cmlidXRlc11bXVtmb3JtX2ZpZWxkX2lkXSIgVmFsdWU9IjMxMSIgUmVjb3JkZWRWYWx1ZT0iIiBDb3JyZWxhdGlvbkJpbmRpbmc9IiIgVXJsRW5jb2RlPSJUcnVlIiAvPg0KICAgICAgICAgICAgPEZvcm1Qb3N0UGFyYW1ldGVyIE5hbWU9InJlbW92ZV9mb3JtX2J1aWxkZXJbZm9ybV9idWlsZGVyX2ZpZWxkc19hdHRyaWJ1dGVzXVtdW2Zvcm1fZmllbGRfaWRdIiBWYWx1ZT0iODAiIFJlY29yZGVkVmFsdWU9IiIgQ29ycmVsYXRpb25CaW5kaW5nPSIiIFVybEVuY29kZT0iVHJ1ZSIgLz4NCiAgICAgICAgICAgIDxGb3JtUG9zdFBhcmFtZXRlciBOYW1lPSJyZW1vdmVfZm9ybV9idWlsZGVyW2Zvcm1fYnVpbGRlcl9maWVsZHNfYXR0cmlidXRlc11bXVtmb3JtX2ZpZWxkX2lkXSIgVmFsdWU9IjE5OCIgUmVjb3JkZWRWYWx1ZT0iIiBDb3JyZWxhdGlvbkJpbmRpbmc9IiIgVXJsRW5jb2RlPSJUcnVlIiAvPg0KICAgICAgICAgICAgPEZvcm1Qb3N0UGFyYW1ldGVyIE5hbWU9InJlbW92ZV9mb3JtX2J1aWxkZXJbZm9ybV9idWlsZGVyX2ZpZWxkc19hdHRyaWJ1dGVzXVtdW2Zvcm1fZmllbGRfaWRdIiBWYWx1ZT0iMjMzIiBSZWNvcmRlZFZhbHVlPSIiIENvcnJlbGF0aW9uQmluZGluZz0iIiBVcmxFbmNvZGU9IlRydWUiIC8+DQogICAgICAgICAgICA8Rm9ybVBvc3RQYXJhbWV0ZXIgTmFtZT0icmVtb3ZlX2Zvcm1fYnVpbGRlcltmb3JtX2J1aWxkZXJfZmllbGRzX2F0dHJpYnV0ZXNdW11bZm9ybV9maWVsZF9pZF0iIFZhbHVlPSIxNTYiIFJlY29yZGVkVmFsdWU9IiIgQ29ycmVsYXRpb25CaW5kaW5nPSIiIFVybEVuY29kZT0iVHJ1ZSIgLz4NCiAgICAgICAgICAgIDxGb3JtUG9zdFBhcmFtZXRlciBOYW1lPSJyZW1vdmVfZm9ybV9idWlsZGVyW2Zvcm1fYnVpbGRlcl9maWVsZHNfYXR0cmlidXRlc11bXVtmb3JtX2ZpZWxkX2lkXSIgVmFsdWU9IjE2NCIgUmVjb3JkZWRWYWx1ZT0iIiBDb3JyZWxhdGlvbkJpbmRpbmc9IiIgVXJsRW5jb2RlPSJUcnVlIiAvPg0KICAgICAgICAgICAgPEZvcm1Qb3N0UGFyYW1ldGVyIE5hbWU9InJlbW92ZV9mb3JtX2J1aWxkZXJbZm9ybV9idWlsZGVyX2ZpZWxkc19hdHRyaWJ1dGVzXVtdW2Zvcm1fZmllbGRfaWRdIiBWYWx1ZT0iMTYwIiBSZWNvcmRlZFZhbHVlPSIiIENvcnJlbGF0aW9uQmluZGluZz0iIiBVcmxFbmNvZGU9IlRydWUiIC8+DQogICAgICAgICAgICA8Rm9ybVBvc3RQYXJhbWV0ZXIgTmFtZT0icmVtb3ZlX2Zvcm1fYnVpbGRlcltmb3JtX2J1aWxkZXJfZmllbGRzX2F0dHJpYnV0ZXNdW11bZm9ybV9maWVsZF9pZF0iIFZhbHVlPSIxNzIiIFJlY29yZGVkVmFsdWU9IiIgQ29ycmVsYXRpb25CaW5kaW5nPSIiIFVybEVuY29kZT0iVHJ1ZSIgLz4NCiAgICAgICAgICAgIDxGb3JtUG9zdFBhcmFtZXRlciBOYW1lPSJyZW1vdmVfZm9ybV9idWlsZGVyW2Zvcm1fYnVpbGRlcl9maWVsZHNfYXR0cmlidXRlc11bXVtmb3JtX2ZpZWxkX2lkXSIgVmFsdWU9Ijg2IiBSZWNvcmRlZFZhbHVlPSIiIENvcnJlbGF0aW9uQmluZGluZz0iIiBVcmxFbmNvZGU9IlRydWUiIC8+DQogICAgICAgICAgICA8Rm9ybVBvc3RQYXJhbWV0ZXIgTmFtZT0icmVtb3ZlX2Zvcm1fYnVpbGRlcltmb3JtX2J1aWxkZXJfZmllbGRzX2F0dHJpYnV0ZXNdW11bZm9ybV9maWVsZF9pZF0iIFZhbHVlPSI2OSIgUmVjb3JkZWRWYWx1ZT0iIiBDb3JyZWxhdGlvbkJpbmRpbmc9IiIgVXJsRW5jb2RlPSJUcnVlIiAvPg0KICAgICAgICAgICAgPEZvcm1Qb3N0UGFyYW1ldGVyIE5hbWU9InJlbW92ZV9mb3JtX2J1aWxkZXJbZm9ybV9idWlsZGVyX2ZpZWxkc19hdHRyaWJ1dGVzXVtdW2Zvcm1fZmllbGRfaWRdIiBWYWx1ZT0iMTQxIiBSZWNvcmRlZFZhbHVlPSIiIENvcnJlbGF0aW9uQmluZGluZz0iIiBVcmxFbmNvZGU9IlRydWUiIC8+DQogICAgICAgICAgICA8Rm9ybVBvc3RQYXJhbWV0ZXIgTmFtZT0icmVtb3ZlX2Zvcm1fYnVpbGRlcltmb3JtX2J1aWxkZXJfZmllbGRzX2F0dHJpYnV0ZXNdW11bZm9ybV9maWVsZF9pZF0iIFZhbHVlPSI5NCIgUmVjb3JkZWRWYWx1ZT0iIiBDb3JyZWxhdGlvbkJpbmRpbmc9IiIgVXJsRW5jb2RlPSJUcnVlIiAvPg0KICAgICAgICAgICAgPEZvcm1Qb3N0UGFyYW1ldGVyIE5hbWU9InJlbW92ZV9mb3JtX2J1aWxkZXJbZm9ybV9idWlsZGVyX2ZpZWxkc19hdHRyaWJ1dGVzXVtdW2Zvcm1fZmllbGRfaWRdIiBWYWx1ZT0iMTk2IiBSZWNvcmRlZFZhbHVlPSIiIENvcnJlbGF0aW9uQmluZGluZz0iIiBVcmxFbmNvZGU9IlRydWUiIC8+DQogICAgICAgICAgICA8Rm9ybVBvc3RQYXJhbWV0ZXIgTmFtZT0icmVtb3ZlX2Zvcm1fYnVpbGRlcltmb3JtX2J1aWxkZXJfZmllbGRzX2F0dHJpYnV0ZXNdW11bZm9ybV9maWVsZF9pZF0iIFZhbHVlPSIyMzEiIFJlY29yZGVkVmFsdWU9IiIgQ29ycmVsYXRpb25CaW5kaW5nPSIiIFVybEVuY29kZT0iVHJ1ZSIgLz4NCiAgICAgICAgICAgIDxGb3JtUG9zdFBhcmFtZXRlciBOYW1lPSJyZW1vdmVfZm9ybV9idWlsZGVyW2Zvcm1fYnVpbGRlcl9maWVsZHNfYXR0cmlidXRlc11bXVtmb3JtX2ZpZWxkX2lkXSIgVmFsdWU9IjE1NCIgUmVjb3JkZWRWYWx1ZT0iIiBDb3JyZWxhdGlvbkJpbmRpbmc9IiIgVXJsRW5jb2RlPSJUcnVlIiAvPg0KICAgICAgICAgICAgPEZvcm1Qb3N0UGFyYW1ldGVyIE5hbWU9InJlbW92ZV9mb3JtX2J1aWxkZXJbZm9ybV9idWlsZGVyX2ZpZWxkc19hdHRyaWJ1dGVzXVtdW2Zvcm1fZmllbGRfaWRdIiBWYWx1ZT0iMTYyIiBSZWNvcmRlZFZhbHVlPSIiIENvcnJlbGF0aW9uQmluZGluZz0iIiBVcmxFbmNvZGU9IlRydWUiIC8+DQogICAgICAgICAgICA8Rm9ybVBvc3RQYXJhbWV0ZXIgTmFtZT0icmVtb3ZlX2Zvcm1fYnVpbGRlcltmb3JtX2J1aWxkZXJfZmllbGRzX2F0dHJpYnV0ZXNdW11bZm9ybV9maWVsZF9pZF0iIFZhbHVlPSIxNDYiIFJlY29yZGVkVmFsdWU9IiIgQ29ycmVsYXRpb25CaW5kaW5nPSIiIFVybEVuY29kZT0iVHJ1ZSIgLz4NCiAgICAgICAgICAgIDxGb3JtUG9zdFBhcmFtZXRlciBOYW1lPSJyZW1vdmVfZm9ybV9idWlsZGVyW2Zvcm1fYnVpbGRlcl9maWVsZHNfYXR0cmlidXRlc11bXVtmb3JtX2ZpZWxkX2lkXSIgVmFsdWU9IjE1OCIgUmVjb3JkZWRWYWx1ZT0iIiBDb3JyZWxhdGlvbkJpbmRpbmc9IiIgVXJsRW5jb2RlPSJUcnVlIiAvPg0KICAgICAgICAgICAgPEZvcm1Qb3N0UGFyYW1ldGVyIE5hbWU9InJlbW92ZV9mb3JtX2J1aWxkZXJbZm9ybV9idWlsZGVyX2ZpZWxkc19hdHRyaWJ1dGVzXVtdW2Zvcm1fZmllbGRfaWRdIiBWYWx1ZT0iMTcwIiBSZWNvcmRlZFZhbHVlPSIiIENvcnJlbGF0aW9uQmluZGluZz0iIiBVcmxFbmNvZGU9IlRydWUiIC8+DQogICAgICAgICAgICA8Rm9ybVBvc3RQYXJhbWV0ZXIgTmFtZT0icmVtb3ZlX2Zvcm1fYnVpbGRlcltmb3JtX2J1aWxkZXJfZmllbGRzX2F0dHJpYnV0ZXNdW11bZm9ybV9maWVsZF9pZF0iIFZhbHVlPSI4NCIgUmVjb3JkZWRWYWx1ZT0iIiBDb3JyZWxhdGlvbkJpbmRpbmc9IiIgVXJsRW5jb2RlPSJUcnVlIiAvPg0KICAgICAgICAgICAgPEZvcm1Qb3N0UGFyYW1ldGVyIE5hbWU9InJlbW92ZV9mb3JtX2J1aWxkZXJbZm9ybV9idWlsZGVyX2ZpZWxkc19hdHRyaWJ1dGVzXVtdW2Zvcm1fZmllbGRfaWRdIiBWYWx1ZT0iNjciIFJlY29yZGVkVmFsdWU9IiIgQ29ycmVsYXRpb25CaW5kaW5nPSIiIFVybEVuY29kZT0iVHJ1ZSIgLz4NCiAgICAgICAgICAgIDxGb3JtUG9zdFBhcmFtZXRlciBOYW1lPSJyZW1vdmVfZm9ybV9idWlsZGVyW2Zvcm1fYnVpbGRlcl9maWVsZHNfYXR0cmlidXRlc11bXVtmb3JtX2ZpZWxkX2lkXSIgVmFsdWU9IjEzOSIgUmVjb3JkZWRWYWx1ZT0iIiBDb3JyZWxhdGlvbkJpbmRpbmc9IiIgVXJsRW5jb2RlPSJUcnVlIiAvPg0KICAgICAgICAgICAgPEZvcm1Qb3N0UGFyYW1ldGVyIE5hbWU9InJlbW92ZV9mb3JtX2J1aWxkZXJbZm9ybV9idWlsZGVyX2ZpZWxkc19hdHRyaWJ1dGVzXVtdW2Zvcm1fZmllbGRfaWRdIiBWYWx1ZT0iOTIiIFJlY29yZGVkVmFsdWU9IiIgQ29ycmVsYXRpb25CaW5kaW5nPSIiIFVybEVuY29kZT0iVHJ1ZSIgLz4NCiAgICAgICAgICAgIDxGb3JtUG9zdFBhcmFtZXRlciBOYW1lPSJyZW1vdmVfZm9ybV9idWlsZGVyW2Zvcm1fYnVpbGRlcl9maWVsZHNfYXR0cmlidXRlc11bXVtmb3JtX2ZpZWxkX2lkXSIgVmFsdWU9IjE5NyIgUmVjb3JkZWRWYWx1ZT0iIiBDb3JyZWxhdGlvbkJpbmRpbmc9IiIgVXJsRW5jb2RlPSJUcnVlIiAvPg0KICAgICAgICAgICAgPEZvcm1Qb3N0UGFyYW1ldGVyIE5hbWU9InJlbW92ZV9mb3JtX2J1aWxkZXJbZm9ybV9idWlsZGVyX2ZpZWxkc19hdHRyaWJ1dGVzXVtdW2Zvcm1fZmllbGRfaWRdIiBWYWx1ZT0iMjMyIiBSZWNvcmRlZFZhbHVlPSIiIENvcnJlbGF0aW9uQmluZGluZz0iIiBVcmxFbmNvZGU9IlRydWUiIC8+DQogICAgICAgICAgICA8Rm9ybVBvc3RQYXJhbWV0ZXIgTmFtZT0icmVtb3ZlX2Zvcm1fYnVpbGRlcltmb3JtX2J1aWxkZXJfZmllbGRzX2F0dHJpYnV0ZXNdW11bZm9ybV9maWVsZF9pZF0iIFZhbHVlPSIxNTUiIFJlY29yZGVkVmFsdWU9IiIgQ29ycmVsYXRpb25CaW5kaW5nPSIiIFVybEVuY29kZT0iVHJ1ZSIgLz4NCiAgICAgICAgICAgIDxGb3JtUG9zdFBhcmFtZXRlciBOYW1lPSJyZW1vdmVfZm9ybV9idWlsZGVyW2Zvcm1fYnVpbGRlcl9maWVsZHNfYXR0cmlidXRlc11bXVtmb3JtX2ZpZWxkX2lkXSIgVmFsdWU9IjE2MyIgUmVjb3JkZWRWYWx1ZT0iIiBDb3JyZWxhdGlvbkJpbmRpbmc9IiIgVXJsRW5jb2RlPSJUcnVlIiAvPg0KICAgICAgICAgICAgPEZvcm1Qb3N0UGFyYW1ldGVyIE5hbWU9InJlbW92ZV9mb3JtX2J1aWxkZXJbZm9ybV9idWlsZGVyX2ZpZWxkc19hdHRyaWJ1dGVzXVtdW2Zvcm1fZmllbGRfaWRdIiBWYWx1ZT0iMTU5IiBSZWNvcmRlZFZhbHVlPSIiIENvcnJlbGF0aW9uQmluZGluZz0iIiBVcmxFbmNvZGU9IlRydWUiIC8+DQogICAgICAgICAgICA8Rm9ybVBvc3RQYXJhbWV0ZXIgTmFtZT0icmVtb3ZlX2Zvcm1fYnVpbGRlcltmb3JtX2J1aWxkZXJfZmllbGRzX2F0dHJpYnV0ZXNdW11bZm9ybV9maWVsZF9pZF0iIFZhbHVlPSIxNzEiIFJlY29yZGVkVmFsdWU9IiIgQ29ycmVsYXRpb25CaW5kaW5nPSIiIFVybEVuY29kZT0iVHJ1ZSIgLz4NCiAgICAgICAgICAgIDxGb3JtUG9zdFBhcmFtZXRlciBOYW1lPSJyZW1vdmVfZm9ybV9idWlsZGVyW2Zvcm1fYnVpbGRlcl9maWVsZHNfYXR0cmlidXRlc11bXVtmb3JtX2ZpZWxkX2lkXSIgVmFsdWU9Ijg1IiBSZWNvcmRlZFZhbHVlPSIiIENvcnJlbGF0aW9uQmluZGluZz0iIiBVcmxFbmNvZGU9IlRydWUiIC8+DQogICAgICAgICAgICA8Rm9ybVBvc3RQYXJhbWV0ZXIgTmFtZT0icmVtb3ZlX2Zvcm1fYnVpbGRlcltmb3JtX2J1aWxkZXJfZmllbGRzX2F0dHJpYnV0ZXNdW11bZm9ybV9maWVsZF9pZF0iIFZhbHVlPSI2OCIgUmVjb3JkZWRWYWx1ZT0iIiBDb3JyZWxhdGlvbkJpbmRpbmc9IiIgVXJsRW5jb2RlPSJUcnVlIiAvPg0KICAgICAgICAgICAgPEZvcm1Qb3N0UGFyYW1ldGVyIE5hbWU9InJlbW92ZV9mb3JtX2J1aWxkZXJbZm9ybV9idWlsZGVyX2ZpZWxkc19hdHRyaWJ1dGVzXVtdW2Zvcm1fZmllbGRfaWRdIiBWYWx1ZT0iMTQwIiBSZWNvcmRlZFZhbHVlPSIiIENvcnJlbGF0aW9uQmluZGluZz0iIiBVcmxFbmNvZGU9IlRydWUiIC8+DQogICAgICAgICAgICA8Rm9ybVBvc3RQYXJhbWV0ZXIgTmFtZT0icmVtb3ZlX2Zvcm1fYnVpbGRlcltmb3JtX2J1aWxkZXJfZmllbGRzX2F0dHJpYnV0ZXNdW11bZm9ybV9maWVsZF9pZF0iIFZhbHVlPSI5MyIgUmVjb3JkZWRWYWx1ZT0iIiBDb3JyZWxhdGlvbkJpbmRpbmc9IiIgVXJsRW5jb2RlPSJUcnVlIiAvPg0KICAgICAgICAgICAgPEZvcm1Qb3N0UGFyYW1ldGVyIE5hbWU9InJlbW92ZV9mb3JtX2J1aWxkZXJbZm9ybV9idWlsZGVyX2ZpZWxkc19hdHRyaWJ1dGVzXVtdW2Zvcm1fZmllbGRfaWRdIiBWYWx1ZT0iMjM0IiBSZWNvcmRlZFZhbHVlPSIiIENvcnJlbGF0aW9uQmluZGluZz0iIiBVcmxFbmNvZGU9IlRydWUiIC8+DQogICAgICAgICAgICA8Rm9ybVBvc3RQYXJhbWV0ZXIgTmFtZT0icmVtb3ZlX2Zvcm1fYnVpbGRlcltmb3JtX2J1aWxkZXJfZmllbGRzX2F0dHJpYnV0ZXNdW11bZm9ybV9maWVsZF9pZF0iIFZhbHVlPSIxNTciIFJlY29yZGVkVmFsdWU9IiIgQ29ycmVsYXRpb25CaW5kaW5nPSIiIFVybEVuY29kZT0iVHJ1ZSIgLz4NCiAgICAgICAgICAgIDxGb3JtUG9zdFBhcmFtZXRlciBOYW1lPSJyZW1vdmVfZm9ybV9idWlsZGVyW2Zvcm1fYnVpbGRlcl9maWVsZHNfYXR0cmlidXRlc11bXVtmb3JtX2ZpZWxkX2lkXSIgVmFsdWU9IjE2NSIgUmVjb3JkZWRWYWx1ZT0iIiBDb3JyZWxhdGlvbkJpbmRpbmc9IiIgVXJsRW5jb2RlPSJUcnVlIiAvPg0KICAgICAgICAgICAgPEZvcm1Qb3N0UGFyYW1ldGVyIE5hbWU9InJlbW92ZV9mb3JtX2J1aWxkZXJbZm9ybV9idWlsZGVyX2ZpZWxkc19hdHRyaWJ1dGVzXVtdW2Zvcm1fZmllbGRfaWRdIiBWYWx1ZT0iMTk5IiBSZWNvcmRlZFZhbHVlPSIiIENvcnJlbGF0aW9uQmluZGluZz0iIiBVcmxFbmNvZGU9IlRydWUiIC8+DQogICAgICAgICAgICA8Rm9ybVBvc3RQYXJhbWV0ZXIgTmFtZT0icmVtb3ZlX2Zvcm1fYnVpbGRlcltmb3JtX2J1aWxkZXJfZmllbGRzX2F0dHJpYnV0ZXNdW11bZm9ybV9maWVsZF9pZF0iIFZhbHVlPSIxNjEiIFJlY29yZGVkVmFsdWU9IiIgQ29ycmVsYXRpb25CaW5kaW5nPSIiIFVybEVuY29kZT0iVHJ1ZSIgLz4NCiAgICAgICAgICAgIDxGb3JtUG9zdFBhcmFtZXRlciBOYW1lPSJyZW1vdmVfZm9ybV9idWlsZGVyW2Zvcm1fYnVpbGRlcl9maWVsZHNfYXR0cmlidXRlc11bXVtmb3JtX2ZpZWxkX2lkXSIgVmFsdWU9IjE3MyIgUmVjb3JkZWRWYWx1ZT0iIiBDb3JyZWxhdGlvbkJpbmRpbmc9IiIgVXJsRW5jb2RlPSJUcnVlIiAvPg0KICAgICAgICAgICAgPEZvcm1Qb3N0UGFyYW1ldGVyIE5hbWU9InJlbW92ZV9mb3JtX2J1aWxkZXJbZm9ybV9idWlsZGVyX2ZpZWxkc19hdHRyaWJ1dGVzXVtdW2Zvcm1fZmllbGRfaWRdIiBWYWx1ZT0iODciIFJlY29yZGVkVmFsdWU9IiIgQ29ycmVsYXRpb25CaW5kaW5nPSIiIFVybEVuY29kZT0iVHJ1ZSIgLz4NCiAgICAgICAgICAgIDxGb3JtUG9zdFBhcmFtZXRlciBOYW1lPSJyZW1vdmVfZm9ybV9idWlsZGVyW2Zvcm1fYnVpbGRlcl9maWVsZHNfYXR0cmlidXRlc11bXVtmb3JtX2ZpZWxkX2lkXSIgVmFsdWU9IjcwIiBSZWNvcmRlZFZhbHVlPSIiIENvcnJlbGF0aW9uQmluZGluZz0iIiBVcmxFbmNvZGU9IlRydWUiIC8+DQogICAgICAgICAgICA8Rm9ybVBvc3RQYXJhbWV0ZXIgTmFtZT0icmVtb3ZlX2Zvcm1fYnVpbGRlcltmb3JtX2J1aWxkZXJfZmllbGRzX2F0dHJpYnV0ZXNdW11bZm9ybV9maWVsZF9pZF0iIFZhbHVlPSIxNDciIFJlY29yZGVkVmFsdWU9IiIgQ29ycmVsYXRpb25CaW5kaW5nPSIiIFVybEVuY29kZT0iVHJ1ZSIgLz4NCiAgICAgICAgICAgIDxGb3JtUG9zdFBhcmFtZXRlciBOYW1lPSJyZW1vdmVfZm9ybV9idWlsZGVyW2Zvcm1fYnVpbGRlcl9maWVsZHNfYXR0cmlidXRlc11bXVtmb3JtX2ZpZWxkX2lkXSIgVmFsdWU9Ijk1IiBSZWNvcmRlZFZhbHVlPSIiIENvcnJlbGF0aW9uQmluZGluZz0iIiBVcmxFbmNvZGU9IlRydWUiIC8+DQogICAgICAgICAgICA8Rm9ybVBvc3RQYXJhbWV0ZXIgTmFtZT0icmVtb3ZlX2Zvcm1fYnVpbGRlcltmb3JtX2J1aWxkZXJfZmllbGRzX2F0dHJpYnV0ZXNdW11bZm9ybV9maWVsZF9pZF0iIFZhbHVlPSIxMTMiIFJlY29yZGVkVmFsdWU9IiIgQ29ycmVsYXRpb25CaW5kaW5nPSIiIFVybEVuY29kZT0iVHJ1ZSIgLz4NCiAgICAgICAgICAgIDxGb3JtUG9zdFBhcmFtZXRlciBOYW1lPSJyZW1vdmVfZm9ybV9idWlsZGVyW2Zvcm1fYnVpbGRlcl9maWVsZHNfYXR0cmlidXRlc11bXVtmb3JtX2ZpZWxkX2lkXSIgVmFsdWU9IjMxNSIgUmVjb3JkZWRWYWx1ZT0iIiBDb3JyZWxhdGlvbkJpbmRpbmc9IiIgVXJsRW5jb2RlPSJUcnVlIiAvPg0KICAgICAgICAgICAgPEZvcm1Qb3N0UGFyYW1ldGVyIE5hbWU9ImZvcm1fYnVpbGRlcltzdWJtaXRfdHlwZV0iIFZhbHVlPSIxIiBSZWNvcmRlZFZhbHVlPSIiIENvcnJlbGF0aW9uQmluZGluZz0iIiBVcmxFbmNvZGU9IlRydWUiIC8+DQogICAgICAgICAgICA8Rm9ybVBvc3RQYXJhbWV0ZXIgTmFtZT0iZm9ybV9idWlsZGVyW3JldHVybl91cmxdIiBWYWx1ZT0iIiBSZWNvcmRlZFZhbHVlPSIiIENvcnJlbGF0aW9uQmluZGluZz0iIiBVcmxFbmNvZGU9IlRydWUiIC8+DQogICAgICAgICAgICA8Rm9ybVBvc3RQYXJhbWV0ZXIgTmFtZT0iZm9ybV9idWlsZGVyW3N1Ym1pdF91cmxdIiBWYWx1ZT0iIiBSZWNvcmRlZFZhbHVlPSIiIENvcnJlbGF0aW9uQmluZGluZz0iIiBVcmxFbmNvZGU9IlRydWUiIC8+DQogICAgICAgICAgICA8Rm9ybVBvc3RQYXJhbWV0ZXIgTmFtZT0iZm9ybV9idWlsZGVyW2VtYWlsX2NvcHlfb2ZfbGVhZF0iIFZhbHVlPSIwIiBSZWNvcmRlZFZhbHVlPSIiIENvcnJlbGF0aW9uQmluZGluZz0iIiBVcmxFbmNvZGU9IlRydWUiIC8+DQogICAgICAgICAgICA8Rm9ybVBvc3RQYXJhbWV0ZXIgTmFtZT0iZm9ybV9idWlsZGVyW3VzZXNfbWFya2V0b10iIFZhbHVlPSIwIiBSZWNvcmRlZFZhbHVlPSIiIENvcnJlbGF0aW9uQmluZGluZz0iIiBVcmxFbmNvZGU9IlRydWUiIC8+DQogICAgICAgICAgICA8Rm9ybVBvc3RQYXJhbWV0ZXIgTmFtZT0iZm9ybV9idWlsZGVyW21hcmtldG9fZm9ybV9pZF0iIFZhbHVlPSIiIFJlY29yZGVkVmFsdWU9IiIgQ29ycmVsYXRpb25CaW5kaW5nPSIiIFVybEVuY29kZT0iVHJ1ZSIgLz4NCiAgICAgICAgICAgIDxGb3JtUG9zdFBhcmFtZXRlciBOYW1lPSJmb3JtX2J1aWxkZXJbbXVuY2hraW5faWRfY29kZV0iIFZhbHVlPSIiIFJlY29yZGVkVmFsdWU9IiIgQ29ycmVsYXRpb25CaW5kaW5nPSIiIFVybEVuY29kZT0iVHJ1ZSIgLz4NCiAgICAgICAgICA8L0Zvcm1Qb3N0SHR0cEJvZHk+DQogICAgICAgIDwvUmVxdWVzdD4NCiAgICAgICAgPFJlcXVlc3QgTWV0aG9kPSJHRVQiIEd1aWQ9IjUzYTdmNjQ5LTk3NDUtNDc1NS1iZmMwLTNhMmRmZDUzMjMyMyIgVmVyc2lvbj0iMS4xIiBVcmw9Int7U2VydmVyVXJsfX0vZm9ybV9idWlsZGVycyIgVGhpbmtUaW1lPSIwIiBUaW1lb3V0PSI2MCIgUGFyc2VEZXBlbmRlbnRSZXF1ZXN0cz0iVHJ1ZSIgRm9sbG93UmVkaXJlY3RzPSJUcnVlIiBSZWNvcmRSZXN1bHQ9IlRydWUiIENhY2hlPSJGYWxzZSIgUmVzcG9uc2VUaW1lR29hbD0iMCIgRW5jb2Rpbmc9InV0Zi04IiBFeHBlY3RlZEh0dHBTdGF0dXNDb2RlPSIwIiBFeHBlY3RlZFJlc3BvbnNlVXJsPSIiIFJlcG9ydGluZ05hbWU9IiIgSWdub3JlSHR0cFN0YXR1c0NvZGU9IkZhbHNlIj4NCiAgICAgICAgICA8SGVhZGVycz4NCiAgICAgICAgICAgIDxIZWFkZXIgTmFtZT0iWC1DU1JGLVRva2VuIiBWYWx1ZT0ie3thdXRoVG9rZW59fSIgLz4NCiAgICAgICAgICAgIDxIZWFkZXIgTmFtZT0iWC1SZXF1ZXN0ZWQtV2l0aCIgVmFsdWU9IlhNTEh0dHBSZXF1ZXN0IiAvPg0KICAgICAgICAgICAgPEhlYWRlciBOYW1lPSJYLVBKQVgiIFZhbHVlPSJ0cnVlIiAvPg0KICAgICAgICAgIDwvSGVhZGVycz4NCiAgICAgICAgICA8VmFsaWRhdGlvblJ1bGVzPg0KICAgICAgICAgICAgPFZhbGlkYXRpb25SdWxlIENsYXNzbmFtZT0iTWljcm9zb2Z0LlZpc3VhbFN0dWRpby5UZXN0VG9vbHMuV2ViVGVzdGluZy5SdWxlcy5WYWxpZGF0aW9uUnVsZUZpbmRUZXh0LCBNaWNyb3NvZnQuVmlzdWFsU3R1ZGlvLlF1YWxpdHlUb29scy5XZWJUZXN0RnJhbWV3b3JrLCBWZXJzaW9uPTEwLjAuMC4wLCBDdWx0dXJlPW5ldXRyYWwsIFB1YmxpY0tleVRva2VuPWIwM2Y1ZjdmMTFkNTBhM2EiIERpc3BsYXlOYW1lPSJGaW5kIFRleHQiIERlc2NyaXB0aW9uPSJWZXJpZmllcyB0aGUgZXhpc3RlbmNlIG9mIHRoZSBzcGVjaWZpZWQgdGV4dCBpbiB0aGUgcmVzcG9uc2UuIiBMZXZlbD0iSGlnaCIgRXhlY3R1aW9uT3JkZXI9IkJlZm9yZURlcGVuZGVudHMiPg0KICAgICAgICAgICAgICA8UnVsZVBhcmFtZXRlcnM+DQogICAgICAgICAgICAgICAgPFJ1bGVQYXJhbWV0ZXIgTmFtZT0iRmluZFRleHQiIFZhbHVlPSJwZXJmRm9ybXt7c2VlZE51bWJlcn19IiAvPg0KICAgICAgICAgICAgICAgIDxSdWxlUGFyYW1ldGVyIE5hbWU9Iklnbm9yZUNhc2UiIFZhbHVlPSJGYWxzZSIgLz4NCiAgICAgICAgICAgICAgICA8UnVsZVBhcmFtZXRlciBOYW1lPSJVc2VSZWd1bGFyRXhwcmVzc2lvbiIgVmFsdWU9IkZhbHNlIiAvPg0KICAgICAgICAgICAgICAgIDxSdWxlUGFyYW1ldGVyIE5hbWU9IlBhc3NJZlRleHRGb3VuZCIgVmFsdWU9IlRydWUiIC8+DQogICAgICAgICAgICAgIDwvUnVsZVBhcmFtZXRlcnM+DQogICAgICAgICAgICA8L1ZhbGlkYXRpb25SdWxlPg0KICAgICAgICAgIDwvVmFsaWRhdGlvblJ1bGVzPg0KICAgICAgICAgIDxRdWVyeVN0cmluZ1BhcmFtZXRlcnM+DQogICAgICAgICAgICA8UXVlcnlTdHJpbmdQYXJhbWV0ZXIgTmFtZT0iX3BqYXgiIFZhbHVlPSJ0cnVlIiBSZWNvcmRlZFZhbHVlPSIiIENvcnJlbGF0aW9uQmluZGluZz0iIiBVcmxFbmNvZGU9IlRydWUiIFVzZVRvR3JvdXBSZXN1bHRzPSJGYWxzZSIgLz4NCiAgICAgICAgICA8L1F1ZXJ5U3RyaW5nUGFyYW1ldGVycz4NCiAgICAgICAgPC9SZXF1ZXN0Pg0KICAgICAgICA8UmVxdWVzdCBNZXRob2Q9IkdFVCIgR3VpZD0iMTIyZDkwMTUtYThlZC00M2NiLWFlMGUtZTBmOTI0ZWRmYTUwIiBWZXJzaW9uPSIxLjEiIFVybD0ie3tTZXJ2ZXJVcmx9fS9mb3JtX2J1aWxkZXJzIiBUaGlua1RpbWU9IjAiIFRpbWVvdXQ9IjYwIiBQYXJzZURlcGVuZGVudFJlcXVlc3RzPSJUcnVlIiBGb2xsb3dSZWRpcmVjdHM9IlRydWUiIFJlY29yZFJlc3VsdD0iVHJ1ZSIgQ2FjaGU9IkZhbHNlIiBSZXNwb25zZVRpbWVHb2FsPSIwIiBFbmNvZGluZz0idXRmLTgiIEV4cGVjdGVkSHR0cFN0YXR1c0NvZGU9IjAiIEV4cGVjdGVkUmVzcG9uc2VVcmw9IiIgUmVwb3J0aW5nTmFtZT0iIiBJZ25vcmVIdHRwU3RhdHVzQ29kZT0iRmFsc2UiPg0KICAgICAgICAgIDxIZWFkZXJzPg0KICAgICAgICAgICAgPEhlYWRlciBOYW1lPSJVcGdyYWRlLUluc2VjdXJlLVJlcXVlc3RzIiBWYWx1ZT0iMSIgLz4NCiAgICAgICAgICA8L0hlYWRlcnM+DQogICAgICAgIDwvUmVxdWVzdD4NCiAgICAgICAgPFJlcXVlc3QgTWV0aG9kPSJHRVQiIEd1aWQ9ImE3NDFkZTg4LTczOWUtNDg2NC05MThmLWMwNDY0MWRkOTFmYSIgVmVyc2lvbj0iMS4xIiBVcmw9Int7U2VydmVyVXJsfX0vZGFzaGJvYXJkIiBUaGlua1RpbWU9IjAiIFRpbWVvdXQ9IjYwIiBQYXJzZURlcGVuZGVudFJlcXVlc3RzPSJUcnVlIiBGb2xsb3dSZWRpcmVjdHM9IlRydWUiIFJlY29yZFJlc3VsdD0iVHJ1ZSIgQ2FjaGU9IkZhbHNlIiBSZXNwb25zZVRpbWVHb2FsPSIwIiBFbmNvZGluZz0idXRmLTgiIEV4cGVjdGVkSHR0cFN0YXR1c0NvZGU9IjAiIEV4cGVjdGVkUmVzcG9uc2VVcmw9IiIgUmVwb3J0aW5nTmFtZT0iIiBJZ25vcmVIdHRwU3RhdHVzQ29kZT0iRmFsc2UiPg0KICAgICAgICAgIDxIZWFkZXJzPg0KICAgICAgICAgICAgPEhlYWRlciBOYW1lPSJJZi1Ob25lLU1hdGNoIiBWYWx1ZT0iJnF1b3Q7YzdlYWVkYmVkOTI5Yjg0YTlhNWQ5ZGFkYTMzNDAyNTMmcXVvdDsiIC8+DQogICAgICAgICAgPC9IZWFkZXJzPg0KICAgICAgICA8L1JlcXVlc3Q+DQogICAgICA8L0l0ZW1zPg0KICAgIDwvVHJhbnNhY3Rpb25UaW1lcj4NCiAgICA8Q29tbWVudCBDb21tZW50VGV4dD0iTG9nb3V0IiAvPg0KICAgIDxUcmFuc2FjdGlvblRpbWVyIE5hbWU9IkxvZ291dCI+DQogICAgICA8SXRlbXM+DQogICAgICAgIDxJbmNsdWRlZFdlYlRlc3QgTmFtZT0iTG9nb3V0IiBQYXRoPSJjOlxtZWRzZWVrXGF1dG9tYXRpb25ccGVyc3VhZGVcdnNwcm9qZWN0c1xwZXJzdWFkZXBlcmZvcm1hbmNlXHBlcnN1YWRlcGVyZm9ybWFuY2Vcd2VidGVzdHNcZ2xvYmFsIHRlc3RzXGxvZ291dC53ZWJ0ZXN0IiBJZD0iZDNmZGY0ODQtMTlhOC00ZjAyLTkyNzYtMTc3NjUyOTM5OTU4IiBJc0NvZGVkV2ViVGVzdD0iRmFsc2UiIEluaGVyaXRXZWJUZXN0U2V0dGluZ3M9IkZhbHNlIiAvPg0KICAgICAgPC9JdGVtcz4NCiAgICA8L1RyYW5zYWN0aW9uVGltZXI+DQogICAgPENvbW1lbnQgQ29tbWVudFRleHQ9IiIgLz4NCiAgPC9JdGVtcz4NCiAgPERhdGFTb3VyY2VzPg0KICAgIDxEYXRhU291cmNlIE5hbWU9IkhpZXJhcmNoeSIgUHJvdmlkZXI9Ik1pY3Jvc29mdC5WaXN1YWxTdHVkaW8uVGVzdFRvb2xzLkRhdGFTb3VyY2UuQ1NWIiBDb25uZWN0aW9uPSJ8RGF0YURpcmVjdG9yeXxcLi5cLi5cRGF0YVxIaWVyYXJjaHkuY3N2Ij4NCiAgICAgIDxUYWJsZXM+DQogICAgICAgIDxEYXRhU291cmNlVGFibGUgTmFtZT0iSGllcmFyY2h5I2NzdiIgU2VsZWN0Q29sdW1ucz0iU2VsZWN0T25seUJvdW5kQ29sdW1ucyIgQWNjZXNzTWV0aG9kPSJTZXF1ZW50aWFsIiAvPg0KICAgICAgPC9UYWJsZXM+DQogICAgPC9EYXRhU291cmNlPg0KICA8L0RhdGFTb3VyY2VzPg0KICA8Q29udGV4dFBhcmFtZXRlcnM+DQogICAgPENvbnRleHRQYXJhbWV0ZXIgTmFtZT0iU2VydmVyVXJsIiBWYWx1ZT0iaHR0cHM6Ly9zdGFnaW5nLmJyaWdodHdoaXN0bGUuY29tIiAvPg0KICA8L0NvbnRleHRQYXJhbWV0ZXJzPg0KICA8V2ViVGVzdFBsdWdpbnM+DQogICAgPFdlYlRlc3RQbHVnaW4gQ2xhc3NuYW1lPSJUZXN0UGx1Z2luLlNlcnZlclVybHMsIFRlc3RQbHVnaW4sIFZlcnNpb249MS4wLjAuMCwgQ3VsdHVyZT1uZXV0cmFsLCBQdWJsaWNLZXlUb2tlbj1udWxsIiBEaXNwbGF5TmFtZT0iU2VydmVyVXJscyIgRGVzY3JpcHRpb249IiIgLz4NCiAgICA8V2ViVGVzdFBsdWdpbiBDbGFzc25hbWU9IlRlc3RQbHVnaW4uU2VlZCwgVGVzdFBsdWdpbiwgVmVyc2lvbj0xLjAuMC4wLCBDdWx0dXJlPW5ldXRyYWwsIFB1YmxpY0tleVRva2VuPW51bGwiIERpc3BsYXlOYW1lPSJTZWVkIiBEZXNjcmlwdGlvbj0iIiAvPg0KICA8L1dlYlRlc3RQbHVnaW5zPg0KPC9XZWJUZXN0Pg==">
      <Execution id="89c5e9d5-e525-45e7-acd2-2cb18eba4bd4" />
    </WebTest>
    <LoadTest Name="Persuade_Library" Description="" Owner="" storage="c:\medseek\automation\persuade\vsprojects\persuadeperformance\persuadeperformance\loadtests\persuade_library.loadtest" Priority="2147483647" Enabled="true" CssProjectStructure="" CssIteration="" DeploymentItemsEditable="" WorkItemIds="" TraceLevel="None" CurrentRunConfig="Run Settings1" Id="8ea52687-1365-483e-91ea-d50c96b8e29f">
      <Scenarios>
        <Scenario Name="Library" DelayBetweenIterations="0" PercentNewUsers="0" IPSwitching="true" TestMixType="PercentageOfTestsStarted" ApplyDistributionToPacingDelay="true" MaxTestIterations="0" DisableDuringWarmup="false" DelayStartTime="0" AllowedAgents="">
          <ThinkProfile Value="0.2" Pattern="NormalDistribution" />
          <LoadProfile Pattern="Step" InitialUsers="1" MaxUsers="10" StepUsers="1" StepDuration="30" StepRampTime="0" />
          <TestMix>
            <TestProfile Name="PERS-1640_FormFields" Path="c:\medseek\automation\persuade\vsprojects\persuadeperformance\persuadeperformance\webtests\library\pers-1640_formfields.webtest" Id="27b96a5f-b657-4727-bdd9-928c4a2426ad" Percentage="17" Type="Microsoft.VisualStudio.TestTools.WebStress.DeclarativeWebTestElement, Microsoft.VisualStudio.QualityTools.LoadTest, Version=11.0.0.0, Culture=neutral, PublicKeyToken=b03f5f7f11d50a3a" />
            <TestProfile Name="PERS-1641_Forms" Path="c:\medseek\automation\persuade\vsprojects\persuadeperformance\persuadeperformance\webtests\library\pers-1641_forms.webtest" Id="f1894e03-4f1f-442a-9bc0-86a2de58caba" Percentage="17" Type="Microsoft.VisualStudio.TestTools.WebStress.DeclarativeWebTestElement, Microsoft.VisualStudio.QualityTools.LoadTest, Version=11.0.0.0, Culture=neutral, PublicKeyToken=b03f5f7f11d50a3a" />
            <TestProfile Name="PERS-1642_LandingPages" Path="c:\medseek\automation\persuade\vsprojects\persuadeperformance\persuadeperformance\webtests\library\pers-1642_landingpages.webtest" Id="683d31eb-64c1-48db-8c41-afc8e02a00a1" Percentage="17" Type="Microsoft.VisualStudio.TestTools.WebStress.DeclarativeWebTestElement, Microsoft.VisualStudio.QualityTools.LoadTest, Version=11.0.0.0, Culture=neutral, PublicKeyToken=b03f5f7f11d50a3a" />
            <TestProfile Name="PERS-1658_Creative" Path="c:\medseek\automation\persuade\vsprojects\persuadeperformance\persuadeperformance\webtests\library\pers-1658_creative.webtest" Id="ea881d39-d2a1-45ff-a7b9-a43159ea9ba3" Percentage="17" Type="Microsoft.VisualStudio.TestTools.WebStress.DeclarativeWebTestElement, Microsoft.VisualStudio.QualityTools.LoadTest, Version=11.0.0.0, Culture=neutral, PublicKeyToken=b03f5f7f11d50a3a" />
            <TestProfile Name="PERS-1669_SellingPoints" Path="c:\medseek\automation\persuade\vsprojects\persuadeperformance\persuadeperformance\webtests\library\pers-1669_sellingpoints.webtest" Id="bedc912d-e894-4a54-b8e0-787ef180fac2" Percentage="16" Type="Microsoft.VisualStudio.TestTools.WebStress.DeclarativeWebTestElement, Microsoft.VisualStudio.QualityTools.LoadTest, Version=11.0.0.0, Culture=neutral, PublicKeyToken=b03f5f7f11d50a3a" />
            <TestProfile Name="PERS-1670_Sites" Path="c:\medseek\automation\persuade\vsprojects\persuadeperformance\persuadeperformance\webtests\library\pers-1670_sites.webtest" Id="836f4f8b-a3fb-4610-b6b8-f220255a9b2c" Percentage="16" Type="Microsoft.VisualStudio.TestTools.WebStress.DeclarativeWebTestElement, Microsoft.VisualStudio.QualityTools.LoadTest, Version=11.0.0.0, Culture=neutral, PublicKeyToken=b03f5f7f11d50a3a" />
          </TestMix>
          <BrowserMix>
            <BrowserProfile Percentage="25">
              <Browser Name="Internet Explorer 9.0" MaxConnections="6">
                <Headers>
                  <Header Name="User-Agent" Value="Mozilla/5.0 (compatible; MSIE 9.0; Windows NT 6.1; Trident/5.0)" />
                  <Header Name="Accept" Value="*/*" />
                  <Header Name="Accept-Language" Value="{{$IEAcceptLanguage}}" />
                  <Header Name="Accept-Encoding" Value="GZIP" />
                </Headers>
              </Browser>
            </BrowserProfile>
            <BrowserProfile Percentage="25">
              <Browser Name="Chrome 2" MaxConnections="6">
                <Headers>
                  <Header Name="User-Agent" Value="Mozilla/5.0 (Windows; U; Windows NT 5.1;) AppleWebKit/530.1 (KHTML, like Gecko) Chrome/2.0.169.1 Safari/530.1" />
                  <Header Name="Accept" Value="*/*" />
                  <Header Name="Accept-Language" Value="{{$IEAcceptLanguage}}" />
                  <Header Name="Accept-Encoding" Value="gzip,deflate" />
                  <Header Name="Accept-Charset" Value="ISO-8859-1,*,utf-8" />
                </Headers>
              </Browser>
            </BrowserProfile>
            <BrowserProfile Percentage="25">
              <Browser Name="Chrome 47" MaxConnections="2">
                <Headers>
                  <Header Name="User-Agent" Value="" />
                  <Header Name="Accept" Value="*/*" />
                  <Header Name="Accept-Language" Value="" />
                  <Header Name="Accept-Encoding" Value="" />
                  <Header Name="Accept-Charset" Value="ISO-8859-1,*,utf-8" />
                </Headers>
              </Browser>
            </BrowserProfile>
            <BrowserProfile Percentage="25">
              <Browser Name="Firefox 2.0" MaxConnections="2">
                <Headers>
                  <Header Name="User-Agent" Value="Mozilla/5.0 (Windows; U; Windows NT 5.1; en-US; rv:1.8.1) Gecko/20061010 Firefox/2.0" />
                  <Header Name="Accept" Value="*/*" />
                  <Header Name="Accept-Language" Value="{{$IEAcceptLanguage}}" />
                  <Header Name="Accept-Encoding" Value="GZIP" />
                  <Header Name="Accept-Charset" Value="ISO-8859-1,utf-8;q=0.7,*;q=0.7" />
                </Headers>
              </Browser>
            </BrowserProfile>
          </BrowserMix>
          <NetworkMix>
            <NetworkProfile Percentage="100">
              <Network Name="LAN" BandwidthInKbps="1000000" NetworkProfileConfigurationXml="&lt;Emulation&gt;&lt;VirtualChannel name=&quot;defaultChannel&quot;&gt;&lt;FilterList/&gt;&lt;VirtualLink instances=&quot;1&quot; name=&quot;defaultLink&quot;&gt;&lt;LinkRule dir=&quot;upstream&quot;&gt;&lt;Bandwidth&gt;&lt;Speed unit=&quot;kbps&quot;&gt;1000000&lt;/Speed&gt;&lt;/Bandwidth&gt;&lt;/LinkRule&gt;&lt;LinkRule dir=&quot;downstream&quot;&gt;&lt;Bandwidth&gt;&lt;Speed unit=&quot;kbps&quot;&gt;1000000&lt;/Speed&gt;&lt;/Bandwidth&gt;&lt;/LinkRule&gt;&lt;/VirtualLink&gt;&lt;/VirtualChannel&gt;&lt;/Emulation&gt;" />
            </NetworkProfile>
          </NetworkMix>
        </Scenario>
      </Scenarios>
      <CounterSets>
        <CounterSet Name="LoadTest" CounterSetType="LoadTest" LocId="">
          <CounterCategories>
            <CounterCategory Name="LoadTest:Scenario">
              <Counters>
                <Counter Name="User Load" HigherIsBetter="true" />
                <Counter Name="Tests Running" HigherIsBetter="true" />
              </Counters>
            </CounterCategory>
            <CounterCategory Name="LoadTest:Test">
              <Counters>
                <Counter Name="Total Tests" HigherIsBetter="true" />
                <Counter Name="Passed Tests" HigherIsBetter="true" />
                <Counter Name="Failed Tests" />
                <Counter Name="Tests/Sec" HigherIsBetter="true" />
                <Counter Name="Passed Tests/Sec" HigherIsBetter="true" />
                <Counter Name="Failed Tests/Sec" />
                <Counter Name="Avg. Requests/Test" HigherIsBetter="true" />
                <Counter Name="Avg. Test Time" />
                <Counter Name="% Time in LoadTestPlugin" />
                <Counter Name="% Time in WebTest code" />
                <Counter Name="% Time in Rules" />
              </Counters>
            </CounterCategory>
            <CounterCategory Name="LoadTest:Transaction">
              <Counters>
                <Counter Name="Total Transactions" HigherIsBetter="true" />
                <Counter Name="Avg. Transaction Time" />
                <Counter Name="Avg. Response Time" />
                <Counter Name="Transactions/Sec" HigherIsBetter="true" />
              </Counters>
            </CounterCategory>
            <CounterCategory Name="LoadTest:Errors">
              <Counters>
                <Counter Name="Http Errors" />
                <Counter Name="Validation Rule Errors" />
                <Counter Name="Extraction Rule Errors" />
                <Counter Name="Requests Timed Out" />
                <Counter Name="Exceptions" />
                <Counter Name="Total Errors" />
                <Counter Name="Errors/Sec" />
                <Counter Name="Threshold Violations/Sec" />
              </Counters>
            </CounterCategory>
            <CounterCategory Name="LoadTest:Page">
              <Counters>
                <Counter Name="Total Pages" HigherIsBetter="true" />
                <Counter Name="Avg. Page Time" />
                <Counter Name="Page Response Time Goal" HigherIsBetter="true" />
                <Counter Name="% Pages Meeting Goal" HigherIsBetter="true" />
                <Counter Name="Pages/Sec" HigherIsBetter="true" />
              </Counters>
            </CounterCategory>
            <CounterCategory Name="LoadTest:Request">
              <Counters>
                <Counter Name="Total Requests" HigherIsBetter="true" />
                <Counter Name="Passed Requests" HigherIsBetter="true" />
                <Counter Name="Failed Requests" />
                <Counter Name="Cached Requests" HigherIsBetter="true" />
                <Counter Name="Requests/Sec" HigherIsBetter="true" />
                <Counter Name="Passed Requests/Sec" HigherIsBetter="true" />
                <Counter Name="Failed Requests/Sec" />
                <Counter Name="Avg. First Byte Time" />
                <Counter Name="Avg. Response Time" />
                <Counter Name="Avg. Connection Wait Time">
                  <ThresholdRules>
                    <ThresholdRule Classname="Microsoft.VisualStudio.TestTools.WebStress.Rules.ThresholdRuleCompareCounters, Microsoft.VisualStudio.QualityTools.LoadTest, Version=11.0.0.0, Culture=neutral, PublicKeyToken=b03f5f7f11d50a3a">
                      <RuleParameters>
                        <RuleParameter Name="DependentCategory" Value="LoadTest:Page" />
                        <RuleParameter Name="DependentCounter" Value="Avg. Page Time" />
                        <RuleParameter Name="DependentInstance" Value="_Total" />
                        <RuleParameter Name="AlertIfOver" Value="True" />
                        <RuleParameter Name="WarningThreshold" Value="0.25" />
                        <RuleParameter Name="CriticalThreshold" Value="0.5" />
                      </RuleParameters>
                    </ThresholdRule>
                  </ThresholdRules>
                </Counter>
                <Counter Name="Avg. Content Length" />
              </Counters>
            </CounterCategory>
            <CounterCategory Name="LoadTest:LogEntries">
              <Counters>
                <Counter Name="Total Log Entries" />
                <Counter Name="Log Entries/Sec" />
              </Counters>
            </CounterCategory>
          </CounterCategories>
        </CounterSet>
        <CounterSet Name="Controller" CounterSetType="Controller" LocId="CounterSet_Controller">
          <CounterCategories>
            <CounterCategory Name="Memory">
              <Counters>
                <Counter Name="% Committed Bytes In Use" Range="100" />
                <Counter Name="Available MBytes" RangeGroup="Memory Bytes" HigherIsBetter="true">
                  <ThresholdRules>
                    <ThresholdRule Classname="Microsoft.VisualStudio.TestTools.WebStress.Rules.ThresholdRuleCompareConstant, Microsoft.VisualStudio.QualityTools.LoadTest">
                      <RuleParameters>
                        <RuleParameter Name="AlertIfOver" Value="False" />
                        <RuleParameter Name="WarningThreshold" Value="100" />
                        <RuleParameter Name="CriticalThreshold" Value="50" />
                      </RuleParameters>
                    </ThresholdRule>
                  </ThresholdRules>
                </Counter>
                <Counter Name="Page Faults/sec" />
                <Counter Name="Pages/sec" />
                <Counter Name="Pool Paged Bytes" RangeGroup="Memory Bytes" />
                <Counter Name="Pool Nonpaged bytes" RangeGroup="Memory Bytes" />
              </Counters>
            </CounterCategory>
            <CounterCategory Name="Network Interface">
              <Counters>
                <Counter Name="Bytes Received/sec" RangeGroup="Network Bytes" />
                <Counter Name="Bytes Sent/sec" RangeGroup="Network Bytes" />
                <Counter Name="Output Queue Length">
                  <ThresholdRules>
                    <ThresholdRule Classname="Microsoft.VisualStudio.TestTools.WebStress.Rules.ThresholdRuleCompareConstant, Microsoft.VisualStudio.QualityTools.LoadTest">
                      <RuleParameters>
                        <RuleParameter Name="AlertIfOver" Value="True" />
                        <RuleParameter Name="WarningThreshold" Value="1.5" />
                        <RuleParameter Name="CriticalThreshold" Value="2" />
                      </RuleParameters>
                    </ThresholdRule>
                  </ThresholdRules>
                </Counter>
                <Counter Name="Packets Received/sec" RangeGroup="Network Packets" />
                <Counter Name="Packets Sent/sec" RangeGroup="Network Packets" />
                <Counter Name="Current Bandwidth" RangeGroup="Network Bytes" />
                <Counter Name="Bytes Total/sec" RangeGroup="Network Bytes">
                  <ThresholdRules>
                    <ThresholdRule Classname="Microsoft.VisualStudio.TestTools.WebStress.Rules.ThresholdRuleCompareCounters, Microsoft.VisualStudio.QualityTools.LoadTest, Version=11.0.0.0, Culture=neutral, PublicKeyToken=b03f5f7f11d50a3a">
                      <RuleParameters>
                        <RuleParameter Name="DependentCategory" Value="Network Interface" />
                        <RuleParameter Name="DependentCounter" Value="Current Bandwidth" />
                        <RuleParameter Name="DependentInstance" Value="" />
                        <RuleParameter Name="AlertIfOver" Value="True" />
                        <RuleParameter Name="WarningThreshold" Value="0.6" />
                        <RuleParameter Name="CriticalThreshold" Value="0.7" />
                      </RuleParameters>
                    </ThresholdRule>
                  </ThresholdRules>
                </Counter>
              </Counters>
              <Instances>
                <Instance Name="*" />
              </Instances>
            </CounterCategory>
            <CounterCategory Name="PhysicalDisk">
              <Counters>
                <Counter Name="% Disk Read Time" Range="100" />
                <Counter Name="% Disk Time" Range="100" />
                <Counter Name="% Disk Write Time" Range="100" />
                <Counter Name="% Idle Time" Range="100" HigherIsBetter="true">
                  <ThresholdRules>
                    <ThresholdRule Classname="Microsoft.VisualStudio.TestTools.WebStress.Rules.ThresholdRuleCompareConstant, Microsoft.VisualStudio.QualityTools.LoadTest">
                      <RuleParameters>
                        <RuleParameter Name="AlertIfOver" Value="False" />
                        <RuleParameter Name="WarningThreshold" Value="40" />
                        <RuleParameter Name="CriticalThreshold" Value="20" />
                      </RuleParameters>
                    </ThresholdRule>
                  </ThresholdRules>
                </Counter>
                <Counter Name="Avg. Disk Bytes/Read" RangeGroup="DiskBytesRate" />
                <Counter Name="Avg. Disk Bytes/Transfer" RangeGroup="DiskBytesRate" />
                <Counter Name="Avg. Disk Bytes/Write" RangeGroup="DiskBytesRate" />
                <Counter Name="Avg. Disk Queue Length" RangeGroup="Disk Queue Length" />
                <Counter Name="Avg. Disk Read Queue Length" RangeGroup="Disk Queue Length" />
                <Counter Name="Avg. Disk Write Queue Length" RangeGroup="Disk Queue Length" />
                <Counter Name="Current Disk Queue Length" RangeGroup="Disk Queue Length" />
                <Counter Name="Avg. Disk sec/Read" RangeGroup="Disk sec" />
                <Counter Name="Avg. Disk sec/Transfer" RangeGroup="Disk sec" />
                <Counter Name="Avg. Disk sec/Write" RangeGroup="Disk sec" />
                <Counter Name="Disk Bytes/sec" RangeGroup="Disk Bytes sec" />
                <Counter Name="Disk Read Bytes/sec" RangeGroup="Disk Bytes sec" />
                <Counter Name="Disk Reads/sec" RangeGroup="Disk Transfers sec" />
                <Counter Name="Disk Transfers/sec" RangeGroup="Disk Transfers sec" />
                <Counter Name="Disk Write Bytes/sec" RangeGroup="Disk Bytes sec" />
                <Counter Name="Disk Writes/sec" RangeGroup="Disk Transfers sec" />
                <Counter Name="Split IO/Sec" RangeGroup="Disk Transfers sec" />
              </Counters>
              <Instances>
                <Instance Name="*" />
              </Instances>
            </CounterCategory>
            <CounterCategory Name="Processor">
              <Counters>
                <Counter Name="% Processor Time" Range="100">
                  <ThresholdRules>
                    <ThresholdRule Classname="Microsoft.VisualStudio.TestTools.WebStress.Rules.ThresholdRuleCompareConstant, Microsoft.VisualStudio.QualityTools.LoadTest">
                      <RuleParameters>
                        <RuleParameter Name="AlertIfOver" Value="True" />
                        <RuleParameter Name="WarningThreshold" Value="75" />
                        <RuleParameter Name="CriticalThreshold" Value="90" />
                      </RuleParameters>
                    </ThresholdRule>
                  </ThresholdRules>
                </Counter>
                <Counter Name="% Privileged Time" Range="100" />
                <Counter Name="% User Time" Range="100" />
              </Counters>
              <Instances>
                <Instance Name="_Total" />
              </Instances>
            </CounterCategory>
            <CounterCategory Name="System">
              <Counters>
                <Counter Name="Context Switches/sec" />
                <Counter Name="Processes" />
                <Counter Name="Processor Queue Length" />
                <Counter Name="Threads" />
              </Counters>
            </CounterCategory>
            <CounterCategory Name="Process">
              <Counters>
                <Counter Name="% Processor Time" RangeGroup="Processor Time" />
                <Counter Name="% Privileged Time" RangeGroup="Processor Time" />
                <Counter Name="% User Time" RangeGroup="Processor Time" />
                <Counter Name="Handle Count" />
                <Counter Name="Thread Count" />
                <Counter Name="Private Bytes" RangeGroup="Memory Bytes" />
                <Counter Name="Virtual Bytes" RangeGroup="Memory Bytes" />
                <Counter Name="Working Set" RangeGroup="Memory Bytes" />
              </Counters>
              <Instances>
                <Instance Name="QTController" />
                <Instance Name="QTController64" />
              </Instances>
            </CounterCategory>
          </CounterCategories>
          <DefaultCountersForAutomaticGraphs>
            <DefaultCounter CategoryName="Processor" CounterName="% Processor Time" InstanceName="_Total" GraphName="" />
            <DefaultCounter CategoryName="Memory" CounterName="Available MBytes" InstanceName="" GraphName="" />
          </DefaultCountersForAutomaticGraphs>
        </CounterSet>
        <CounterSet Name="Agent" CounterSetType="Agent" LocId="CounterSet_Agent">
          <CounterCategories>
            <CounterCategory Name="Memory">
              <Counters>
                <Counter Name="% Committed Bytes In Use" Range="100" />
                <Counter Name="Available MBytes" RangeGroup="Memory Bytes" HigherIsBetter="true">
                  <ThresholdRules>
                    <ThresholdRule Classname="Microsoft.VisualStudio.TestTools.WebStress.Rules.ThresholdRuleCompareConstant, Microsoft.VisualStudio.QualityTools.LoadTest">
                      <RuleParameters>
                        <RuleParameter Name="AlertIfOver" Value="False" />
                        <RuleParameter Name="WarningThreshold" Value="100" />
                        <RuleParameter Name="CriticalThreshold" Value="50" />
                      </RuleParameters>
                    </ThresholdRule>
                  </ThresholdRules>
                </Counter>
                <Counter Name="Page Faults/sec" />
                <Counter Name="Pages/sec" />
                <Counter Name="Pool Paged Bytes" RangeGroup="Memory Bytes" />
                <Counter Name="Pool Nonpaged bytes" RangeGroup="Memory Bytes" />
              </Counters>
            </CounterCategory>
            <CounterCategory Name="Network Interface">
              <Counters>
                <Counter Name="Bytes Received/sec" RangeGroup="Network Bytes" />
                <Counter Name="Bytes Sent/sec" RangeGroup="Network Bytes" />
                <Counter Name="Output Queue Length">
                  <ThresholdRules>
                    <ThresholdRule Classname="Microsoft.VisualStudio.TestTools.WebStress.Rules.ThresholdRuleCompareConstant, Microsoft.VisualStudio.QualityTools.LoadTest">
                      <RuleParameters>
                        <RuleParameter Name="AlertIfOver" Value="True" />
                        <RuleParameter Name="WarningThreshold" Value="1.5" />
                        <RuleParameter Name="CriticalThreshold" Value="2" />
                      </RuleParameters>
                    </ThresholdRule>
                  </ThresholdRules>
                </Counter>
                <Counter Name="Packets Received/sec" RangeGroup="Network Packets" />
                <Counter Name="Packets Sent/sec" RangeGroup="Network Packets" />
                <Counter Name="Current Bandwidth" RangeGroup="Network Bytes" />
                <Counter Name="Bytes Total/sec" RangeGroup="Network Bytes">
                  <ThresholdRules>
                    <ThresholdRule Classname="Microsoft.VisualStudio.TestTools.WebStress.Rules.ThresholdRuleCompareCounters, Microsoft.VisualStudio.QualityTools.LoadTest, Version=11.0.0.0, Culture=neutral, PublicKeyToken=b03f5f7f11d50a3a">
                      <RuleParameters>
                        <RuleParameter Name="DependentCategory" Value="Network Interface" />
                        <RuleParameter Name="DependentCounter" Value="Current Bandwidth" />
                        <RuleParameter Name="DependentInstance" Value="" />
                        <RuleParameter Name="AlertIfOver" Value="True" />
                        <RuleParameter Name="WarningThreshold" Value="0.6" />
                        <RuleParameter Name="CriticalThreshold" Value="0.7" />
                      </RuleParameters>
                    </ThresholdRule>
                  </ThresholdRules>
                </Counter>
              </Counters>
              <Instances>
                <Instance Name="*" />
              </Instances>
            </CounterCategory>
            <CounterCategory Name="PhysicalDisk">
              <Counters>
                <Counter Name="% Disk Read Time" Range="100" />
                <Counter Name="% Disk Time" Range="100" />
                <Counter Name="% Disk Write Time" Range="100" />
                <Counter Name="% Idle Time" Range="100" HigherIsBetter="true">
                  <ThresholdRules>
                    <ThresholdRule Classname="Microsoft.VisualStudio.TestTools.WebStress.Rules.ThresholdRuleCompareConstant, Microsoft.VisualStudio.QualityTools.LoadTest">
                      <RuleParameters>
                        <RuleParameter Name="AlertIfOver" Value="False" />
                        <RuleParameter Name="WarningThreshold" Value="40" />
                        <RuleParameter Name="CriticalThreshold" Value="20" />
                      </RuleParameters>
                    </ThresholdRule>
                  </ThresholdRules>
                </Counter>
                <Counter Name="Avg. Disk Bytes/Read" RangeGroup="DiskBytesRate" />
                <Counter Name="Avg. Disk Bytes/Transfer" RangeGroup="DiskBytesRate" />
                <Counter Name="Avg. Disk Bytes/Write" RangeGroup="DiskBytesRate" />
                <Counter Name="Avg. Disk Queue Length" RangeGroup="Disk Queue Length" />
                <Counter Name="Avg. Disk Read Queue Length" RangeGroup="Disk Queue Length" />
                <Counter Name="Avg. Disk Write Queue Length" RangeGroup="Disk Queue Length" />
                <Counter Name="Current Disk Queue Length" RangeGroup="Disk Queue Length" />
                <Counter Name="Avg. Disk sec/Read" RangeGroup="Disk sec" />
                <Counter Name="Avg. Disk sec/Transfer" RangeGroup="Disk sec" />
                <Counter Name="Avg. Disk sec/Write" RangeGroup="Disk sec" />
                <Counter Name="Disk Bytes/sec" RangeGroup="Disk Bytes sec" />
                <Counter Name="Disk Read Bytes/sec" RangeGroup="Disk Bytes sec" />
                <Counter Name="Disk Reads/sec" RangeGroup="Disk Transfers sec" />
                <Counter Name="Disk Transfers/sec" RangeGroup="Disk Transfers sec" />
                <Counter Name="Disk Write Bytes/sec" RangeGroup="Disk Bytes sec" />
                <Counter Name="Disk Writes/sec" RangeGroup="Disk Transfers sec" />
                <Counter Name="Split IO/Sec" RangeGroup="Disk Transfers sec" />
              </Counters>
              <Instances>
                <Instance Name="*" />
              </Instances>
            </CounterCategory>
            <CounterCategory Name="Processor">
              <Counters>
                <Counter Name="% Processor Time" Range="100">
                  <ThresholdRules>
                    <ThresholdRule Classname="Microsoft.VisualStudio.TestTools.WebStress.Rules.ThresholdRuleCompareConstant, Microsoft.VisualStudio.QualityTools.LoadTest">
                      <RuleParameters>
                        <RuleParameter Name="AlertIfOver" Value="True" />
                        <RuleParameter Name="WarningThreshold" Value="75" />
                        <RuleParameter Name="CriticalThreshold" Value="90" />
                      </RuleParameters>
                    </ThresholdRule>
                  </ThresholdRules>
                </Counter>
                <Counter Name="% Privileged Time" Range="100" />
                <Counter Name="% User Time" Range="100" />
              </Counters>
              <Instances>
                <Instance Name="0" />
                <Instance Name="_Total" />
              </Instances>
            </CounterCategory>
            <CounterCategory Name="System">
              <Counters>
                <Counter Name="Context Switches/sec" />
                <Counter Name="Processes" />
                <Counter Name="Processor Queue Length" />
                <Counter Name="Threads" />
              </Counters>
            </CounterCategory>
            <CounterCategory Name="Process">
              <Counters>
                <Counter Name="% Processor Time" RangeGroup="Processor Time" />
                <Counter Name="% Privileged Time" RangeGroup="Processor Time" />
                <Counter Name="% User Time" RangeGroup="Processor Time" />
                <Counter Name="Handle Count" />
                <Counter Name="Thread Count" />
                <Counter Name="Private Bytes" RangeGroup="Memory Bytes" />
                <Counter Name="Virtual Bytes" RangeGroup="Memory Bytes" />
                <Counter Name="Working Set" RangeGroup="Memory Bytes" />
              </Counters>
              <Instances>
                <Instance Name="devenv" />
                <Instance Name="QTAgentService" />
                <Instance Name="QTAgent" />
                <Instance Name="QTAgent32" />
                <Instance Name="QTDCAgent" />
                <Instance Name="QTDCAgent32" />
                <Instance Name="QTAgent_35" />
                <Instance Name="QTAgent_40" />
                <Instance Name="QTAgent32_35" />
                <Instance Name="QTAgent32_40" />
              </Instances>
            </CounterCategory>
          </CounterCategories>
          <DefaultCountersForAutomaticGraphs>
            <DefaultCounter CategoryName="Processor" CounterName="% Processor Time" InstanceName="0" GraphName="" RunType="Local" />
            <DefaultCounter CategoryName="Processor" CounterName="% Processor Time" InstanceName="_Total" GraphName="" RunType="Remote" />
            <DefaultCounter CategoryName="Memory" CounterName="Available MBytes" InstanceName="" GraphName="" />
          </DefaultCountersForAutomaticGraphs>
        </CounterSet>
        <CounterSet Name="Application" CounterSetType="Application" LocId="CounterSet_Application">
          <CounterCategories>
            <CounterCategory Name="Memory">
              <Counters>
                <Counter Name="% Committed Bytes In Use" Range="100" />
                <Counter Name="Available MBytes" RangeGroup="Memory Bytes" HigherIsBetter="true">
                  <ThresholdRules>
                    <ThresholdRule Classname="Microsoft.VisualStudio.TestTools.WebStress.Rules.ThresholdRuleCompareConstant, Microsoft.VisualStudio.QualityTools.LoadTest">
                      <RuleParameters>
                        <RuleParameter Name="AlertIfOver" Value="False" />
                        <RuleParameter Name="WarningThreshold" Value="100" />
                        <RuleParameter Name="CriticalThreshold" Value="50" />
                      </RuleParameters>
                    </ThresholdRule>
                  </ThresholdRules>
                </Counter>
                <Counter Name="Page Faults/sec" />
                <Counter Name="Pages/sec" />
                <Counter Name="Pool Paged Bytes" RangeGroup="Memory Bytes" />
                <Counter Name="Pool Nonpaged bytes" RangeGroup="Memory Bytes" />
              </Counters>
            </CounterCategory>
            <CounterCategory Name="Network Interface">
              <Counters>
                <Counter Name="Bytes Received/sec" RangeGroup="Network Bytes" />
                <Counter Name="Bytes Sent/sec" RangeGroup="Network Bytes" />
                <Counter Name="Output Queue Length">
                  <ThresholdRules>
                    <ThresholdRule Classname="Microsoft.VisualStudio.TestTools.WebStress.Rules.ThresholdRuleCompareConstant, Microsoft.VisualStudio.QualityTools.LoadTest">
                      <RuleParameters>
                        <RuleParameter Name="AlertIfOver" Value="True" />
                        <RuleParameter Name="WarningThreshold" Value="1.5" />
                        <RuleParameter Name="CriticalThreshold" Value="2" />
                      </RuleParameters>
                    </ThresholdRule>
                  </ThresholdRules>
                </Counter>
                <Counter Name="Packets Received/sec" RangeGroup="Network Packets" />
                <Counter Name="Packets Sent/sec" RangeGroup="Network Packets" />
                <Counter Name="Current Bandwidth" RangeGroup="Network Bytes" />
                <Counter Name="Bytes Total/sec" RangeGroup="Network Bytes">
                  <ThresholdRules>
                    <ThresholdRule Classname="Microsoft.VisualStudio.TestTools.WebStress.Rules.ThresholdRuleCompareCounters, Microsoft.VisualStudio.QualityTools.LoadTest, Version=11.0.0.0, Culture=neutral, PublicKeyToken=b03f5f7f11d50a3a">
                      <RuleParameters>
                        <RuleParameter Name="DependentCategory" Value="Network Interface" />
                        <RuleParameter Name="DependentCounter" Value="Current Bandwidth" />
                        <RuleParameter Name="DependentInstance" Value="" />
                        <RuleParameter Name="AlertIfOver" Value="True" />
                        <RuleParameter Name="WarningThreshold" Value="0.6" />
                        <RuleParameter Name="CriticalThreshold" Value="0.7" />
                      </RuleParameters>
                    </ThresholdRule>
                  </ThresholdRules>
                </Counter>
              </Counters>
              <Instances>
                <Instance Name="*" />
              </Instances>
            </CounterCategory>
            <CounterCategory Name="PhysicalDisk">
              <Counters>
                <Counter Name="% Disk Read Time" Range="100" />
                <Counter Name="% Disk Time" Range="100" />
                <Counter Name="% Disk Write Time" Range="100" />
                <Counter Name="% Idle Time" Range="100" HigherIsBetter="true">
                  <ThresholdRules>
                    <ThresholdRule Classname="Microsoft.VisualStudio.TestTools.WebStress.Rules.ThresholdRuleCompareConstant, Microsoft.VisualStudio.QualityTools.LoadTest">
                      <RuleParameters>
                        <RuleParameter Name="AlertIfOver" Value="False" />
                        <RuleParameter Name="WarningThreshold" Value="40" />
                        <RuleParameter Name="CriticalThreshold" Value="20" />
                      </RuleParameters>
                    </ThresholdRule>
                  </ThresholdRules>
                </Counter>
                <Counter Name="Avg. Disk Bytes/Read" RangeGroup="DiskBytesRate" />
                <Counter Name="Avg. Disk Bytes/Transfer" RangeGroup="DiskBytesRate" />
                <Counter Name="Avg. Disk Bytes/Write" RangeGroup="DiskBytesRate" />
                <Counter Name="Avg. Disk Queue Length" RangeGroup="Disk Queue Length" />
                <Counter Name="Avg. Disk Read Queue Length" RangeGroup="Disk Queue Length" />
                <Counter Name="Avg. Disk Write Queue Length" RangeGroup="Disk Queue Length" />
                <Counter Name="Current Disk Queue Length" RangeGroup="Disk Queue Length" />
                <Counter Name="Avg. Disk sec/Read" RangeGroup="Disk sec" />
                <Counter Name="Avg. Disk sec/Transfer" RangeGroup="Disk sec" />
                <Counter Name="Avg. Disk sec/Write" RangeGroup="Disk sec" />
                <Counter Name="Disk Bytes/sec" RangeGroup="Disk Bytes sec" />
                <Counter Name="Disk Read Bytes/sec" RangeGroup="Disk Bytes sec" />
                <Counter Name="Disk Reads/sec" RangeGroup="Disk Transfers sec" />
                <Counter Name="Disk Transfers/sec" RangeGroup="Disk Transfers sec" />
                <Counter Name="Disk Write Bytes/sec" RangeGroup="Disk Bytes sec" />
                <Counter Name="Disk Writes/sec" RangeGroup="Disk Transfers sec" />
                <Counter Name="Split IO/Sec" RangeGroup="Disk Transfers sec" />
              </Counters>
              <Instances>
                <Instance Name="*" />
              </Instances>
            </CounterCategory>
            <CounterCategory Name="Processor">
              <Counters>
                <Counter Name="% Processor Time" Range="100">
                  <ThresholdRules>
                    <ThresholdRule Classname="Microsoft.VisualStudio.TestTools.WebStress.Rules.ThresholdRuleCompareConstant, Microsoft.VisualStudio.QualityTools.LoadTest">
                      <RuleParameters>
                        <RuleParameter Name="AlertIfOver" Value="True" />
                        <RuleParameter Name="WarningThreshold" Value="75" />
                        <RuleParameter Name="CriticalThreshold" Value="90" />
                      </RuleParameters>
                    </ThresholdRule>
                  </ThresholdRules>
                </Counter>
                <Counter Name="% Privileged Time" Range="100" />
                <Counter Name="% User Time" Range="100" />
              </Counters>
              <Instances>
                <Instance Name="_Total" />
              </Instances>
            </CounterCategory>
            <CounterCategory Name="System">
              <Counters>
                <Counter Name="Context Switches/sec" />
                <Counter Name="Processes" />
                <Counter Name="Processor Queue Length" />
                <Counter Name="Threads" />
              </Counters>
            </CounterCategory>
            <CounterCategory Name="Process">
              <Counters>
                <Counter Name="% Processor Time" RangeGroup="Processor Time" />
                <Counter Name="% Privileged Time" RangeGroup="Processor Time" />
                <Counter Name="% User Time" RangeGroup="Processor Time" />
                <Counter Name="Handle Count" />
                <Counter Name="Thread Count" />
                <Counter Name="Private Bytes" RangeGroup="Memory Bytes" />
                <Counter Name="Virtual Bytes" RangeGroup="Memory Bytes" />
                <Counter Name="Working Set" RangeGroup="Memory Bytes" />
              </Counters>
              <Instances>
                <Instance Name="*" />
              </Instances>
            </CounterCategory>
          </CounterCategories>
          <DefaultCountersForAutomaticGraphs>
            <DefaultCounter CategoryName="Processor" CounterName="% Processor Time" InstanceName="_Total" GraphName="" />
            <DefaultCounter CategoryName="Memory" CounterName="Available MBytes" InstanceName="" GraphName="" />
          </DefaultCountersForAutomaticGraphs>
        </CounterSet>
        <CounterSet Name="ASP.NET" CounterSetType="ASP.NET" LocId="CounterSet_AspDotNet">
          <CounterCategories>
            <CounterCategory Name="Memory">
              <Counters>
                <Counter Name="% Committed Bytes In Use" Range="100" />
                <Counter Name="Available MBytes" RangeGroup="Memory Bytes" HigherIsBetter="true">
                  <ThresholdRules>
                    <ThresholdRule Classname="Microsoft.VisualStudio.TestTools.WebStress.Rules.ThresholdRuleCompareConstant, Microsoft.VisualStudio.QualityTools.LoadTest">
                      <RuleParameters>
                        <RuleParameter Name="AlertIfOver" Value="False" />
                        <RuleParameter Name="WarningThreshold" Value="100" />
                        <RuleParameter Name="CriticalThreshold" Value="50" />
                      </RuleParameters>
                    </ThresholdRule>
                  </ThresholdRules>
                </Counter>
                <Counter Name="Page Faults/sec" />
                <Counter Name="Pages/sec" />
                <Counter Name="Pool Paged Bytes" RangeGroup="Memory Bytes" />
                <Counter Name="Pool Nonpaged bytes" RangeGroup="Memory Bytes" />
              </Counters>
            </CounterCategory>
            <CounterCategory Name="Network Interface">
              <Counters>
                <Counter Name="Bytes Received/sec" RangeGroup="Network Bytes" />
                <Counter Name="Bytes Sent/sec" RangeGroup="Network Bytes" />
                <Counter Name="Output Queue Length">
                  <ThresholdRules>
                    <ThresholdRule Classname="Microsoft.VisualStudio.TestTools.WebStress.Rules.ThresholdRuleCompareConstant, Microsoft.VisualStudio.QualityTools.LoadTest">
                      <RuleParameters>
                        <RuleParameter Name="AlertIfOver" Value="True" />
                        <RuleParameter Name="WarningThreshold" Value="1.5" />
                        <RuleParameter Name="CriticalThreshold" Value="2" />
                      </RuleParameters>
                    </ThresholdRule>
                  </ThresholdRules>
                </Counter>
                <Counter Name="Packets Received/sec" RangeGroup="Network Packets" />
                <Counter Name="Packets Sent/sec" RangeGroup="Network Packets" />
                <Counter Name="Current Bandwidth" RangeGroup="Network Bytes" />
                <Counter Name="Bytes Total/sec" RangeGroup="Network Bytes">
                  <ThresholdRules>
                    <ThresholdRule Classname="Microsoft.VisualStudio.TestTools.WebStress.Rules.ThresholdRuleCompareCounters, Microsoft.VisualStudio.QualityTools.LoadTest, Version=11.0.0.0, Culture=neutral, PublicKeyToken=b03f5f7f11d50a3a">
                      <RuleParameters>
                        <RuleParameter Name="DependentCategory" Value="Network Interface" />
                        <RuleParameter Name="DependentCounter" Value="Current Bandwidth" />
                        <RuleParameter Name="DependentInstance" Value="" />
                        <RuleParameter Name="AlertIfOver" Value="True" />
                        <RuleParameter Name="WarningThreshold" Value="0.6" />
                        <RuleParameter Name="CriticalThreshold" Value="0.7" />
                      </RuleParameters>
                    </ThresholdRule>
                  </ThresholdRules>
                </Counter>
              </Counters>
              <Instances>
                <Instance Name="*" />
              </Instances>
            </CounterCategory>
            <CounterCategory Name="PhysicalDisk">
              <Counters>
                <Counter Name="% Disk Read Time" Range="100" />
                <Counter Name="% Disk Time" Range="100" />
                <Counter Name="% Disk Write Time" Range="100" />
                <Counter Name="% Idle Time" Range="100" HigherIsBetter="true">
                  <ThresholdRules>
                    <ThresholdRule Classname="Microsoft.VisualStudio.TestTools.WebStress.Rules.ThresholdRuleCompareConstant, Microsoft.VisualStudio.QualityTools.LoadTest">
                      <RuleParameters>
                        <RuleParameter Name="AlertIfOver" Value="False" />
                        <RuleParameter Name="WarningThreshold" Value="40" />
                        <RuleParameter Name="CriticalThreshold" Value="20" />
                      </RuleParameters>
                    </ThresholdRule>
                  </ThresholdRules>
                </Counter>
                <Counter Name="Avg. Disk Bytes/Read" RangeGroup="DiskBytesRate" />
                <Counter Name="Avg. Disk Bytes/Transfer" RangeGroup="DiskBytesRate" />
                <Counter Name="Avg. Disk Bytes/Write" RangeGroup="DiskBytesRate" />
                <Counter Name="Avg. Disk Queue Length" RangeGroup="Disk Queue Length" />
                <Counter Name="Avg. Disk Read Queue Length" RangeGroup="Disk Queue Length" />
                <Counter Name="Avg. Disk Write Queue Length" RangeGroup="Disk Queue Length" />
                <Counter Name="Current Disk Queue Length" RangeGroup="Disk Queue Length" />
                <Counter Name="Avg. Disk sec/Read" RangeGroup="Disk sec" />
                <Counter Name="Avg. Disk sec/Transfer" RangeGroup="Disk sec" />
                <Counter Name="Avg. Disk sec/Write" RangeGroup="Disk sec" />
                <Counter Name="Disk Bytes/sec" RangeGroup="Disk Bytes sec" />
                <Counter Name="Disk Read Bytes/sec" RangeGroup="Disk Bytes sec" />
                <Counter Name="Disk Reads/sec" RangeGroup="Disk Transfers sec" />
                <Counter Name="Disk Transfers/sec" RangeGroup="Disk Transfers sec" />
                <Counter Name="Disk Write Bytes/sec" RangeGroup="Disk Bytes sec" />
                <Counter Name="Disk Writes/sec" RangeGroup="Disk Transfers sec" />
                <Counter Name="Split IO/Sec" RangeGroup="Disk Transfers sec" />
              </Counters>
              <Instances>
                <Instance Name="*" />
              </Instances>
            </CounterCategory>
            <CounterCategory Name="Processor">
              <Counters>
                <Counter Name="% Processor Time" Range="100">
                  <ThresholdRules>
                    <ThresholdRule Classname="Microsoft.VisualStudio.TestTools.WebStress.Rules.ThresholdRuleCompareConstant, Microsoft.VisualStudio.QualityTools.LoadTest">
                      <RuleParameters>
                        <RuleParameter Name="AlertIfOver" Value="True" />
                        <RuleParameter Name="WarningThreshold" Value="75" />
                        <RuleParameter Name="CriticalThreshold" Value="90" />
                      </RuleParameters>
                    </ThresholdRule>
                  </ThresholdRules>
                </Counter>
                <Counter Name="% Privileged Time" Range="100" />
                <Counter Name="% User Time" Range="100" />
              </Counters>
              <Instances>
                <Instance Name="_Total" />
              </Instances>
            </CounterCategory>
            <CounterCategory Name="System">
              <Counters>
                <Counter Name="Context Switches/sec" />
                <Counter Name="Processes" />
                <Counter Name="Processor Queue Length" />
                <Counter Name="Threads" />
              </Counters>
            </CounterCategory>
            <CounterCategory Name="Process">
              <Counters>
                <Counter Name="% Processor Time" RangeGroup="Processor Time" />
                <Counter Name="% Privileged Time" RangeGroup="Processor Time" />
                <Counter Name="% User Time" RangeGroup="Processor Time" />
                <Counter Name="Handle Count" />
                <Counter Name="Thread Count" />
                <Counter Name="Private Bytes" RangeGroup="Memory Bytes" />
                <Counter Name="Virtual Bytes" RangeGroup="Memory Bytes" />
                <Counter Name="Working Set" RangeGroup="Memory Bytes" />
              </Counters>
              <Instances>
                <Instance Name="w3wp" />
              </Instances>
            </CounterCategory>
            <CounterCategory Name=".NET CLR Interop">
              <Counters>
                <Counter Name="# of CCWs" />
                <Counter Name="# of marshalling" />
                <Counter Name="# of Stubs" />
              </Counters>
              <Instances>
                <Instance Name="_Global_" />
              </Instances>
            </CounterCategory>
            <CounterCategory Name=".NET CLR JIT">
              <Counters>
                <Counter Name="# of Methods Jitted" />
                <Counter Name="% Time in Jit" Range="100">
                  <ThresholdRules>
                    <ThresholdRule Classname="Microsoft.VisualStudio.TestTools.WebStress.Rules.ThresholdRuleCompareConstant, Microsoft.VisualStudio.QualityTools.LoadTest">
                      <RuleParameters>
                        <RuleParameter Name="AlertIfOver" Value="True" />
                        <RuleParameter Name="WarningThreshold" Value="25" />
                        <RuleParameter Name="CriticalThreshold" Value="50" />
                      </RuleParameters>
                    </ThresholdRule>
                  </ThresholdRules>
                </Counter>
              </Counters>
              <Instances>
                <Instance Name="_Global_" />
              </Instances>
            </CounterCategory>
            <CounterCategory Name=".NET CLR Loading">
              <Counters>
                <Counter Name="Bytes in Loader Heap" />
                <Counter Name="Current appdomains" />
                <Counter Name="Current Assemblies" />
                <Counter Name="Current Classes Loaded" />
                <Counter Name="Rate of appdomains" />
                <Counter Name="Rate of appdomains unloaded" />
                <Counter Name="Total # of Load Failures" />
                <Counter Name="Rate of Assemblies" />
                <Counter Name="Rate of Classes Loaded" />
              </Counters>
              <Instances>
                <Instance Name="_Global_" />
              </Instances>
            </CounterCategory>
            <CounterCategory Name=".NET CLR LocksAndThreads">
              <Counters>
                <Counter Name="# of current logical Threads" />
                <Counter Name="# of current physical Threads" />
                <Counter Name="Contention Rate / sec">
                  <ThresholdRules>
                    <ThresholdRule Classname="Microsoft.VisualStudio.TestTools.WebStress.Rules.ThresholdRuleCompareConstant, Microsoft.VisualStudio.QualityTools.LoadTest">
                      <RuleParameters>
                        <RuleParameter Name="AlertIfOver" Value="True" />
                        <RuleParameter Name="WarningThreshold" Value="80" />
                        <RuleParameter Name="CriticalThreshold" Value="120" />
                      </RuleParameters>
                    </ThresholdRule>
                  </ThresholdRules>
                </Counter>
                <Counter Name="Current Queue Length" />
              </Counters>
              <Instances>
                <Instance Name="_Global_" />
              </Instances>
            </CounterCategory>
            <CounterCategory Name=".NET CLR Memory">
              <Counters>
                <Counter Name="# Bytes in all Heaps" />
                <Counter Name="# GC Handles" />
                <Counter Name="# Gen 0 Collections" />
                <Counter Name="# Gen 1 Collections" />
                <Counter Name="# Gen 2 Collections" />
                <Counter Name="# Induced GC" />
                <Counter Name="# of Pinned Objects" />
                <Counter Name="# of Sink Blocks in use" />
                <Counter Name="# Total committed Bytes" />
                <Counter Name="# Total reserved Bytes" />
                <Counter Name="% Time in GC" Range="100">
                  <ThresholdRules>
                    <ThresholdRule Classname="Microsoft.VisualStudio.TestTools.WebStress.Rules.ThresholdRuleCompareConstant, Microsoft.VisualStudio.QualityTools.LoadTest">
                      <RuleParameters>
                        <RuleParameter Name="AlertIfOver" Value="True" />
                        <RuleParameter Name="WarningThreshold" Value="10" />
                        <RuleParameter Name="CriticalThreshold" Value="25" />
                      </RuleParameters>
                    </ThresholdRule>
                  </ThresholdRules>
                </Counter>
                <Counter Name="Gen 0 heap size" />
                <Counter Name="Gen 1 heap size" />
                <Counter Name="Gen 2 heap size" />
                <Counter Name="Large Object Heap size" />
              </Counters>
              <Instances>
                <Instance Name="_Global_" />
              </Instances>
            </CounterCategory>
            <CounterCategory Name=".NET CLR Remoting">
              <Counters>
                <Counter Name="Remote Calls/sec" HigherIsBetter="true" />
                <Counter Name="Total Remote Calls" HigherIsBetter="true" />
              </Counters>
              <Instances>
                <Instance Name="_Global_" />
              </Instances>
            </CounterCategory>
            <CounterCategory Name=".NET CLR Security">
              <Counters>
                <Counter Name="% Time in RT checks" Range="100">
                  <ThresholdRules>
                    <ThresholdRule Classname="Microsoft.VisualStudio.TestTools.WebStress.Rules.ThresholdRuleCompareConstant, Microsoft.VisualStudio.QualityTools.LoadTest">
                      <RuleParameters>
                        <RuleParameter Name="AlertIfOver" Value="True" />
                        <RuleParameter Name="WarningThreshold" Value="5" />
                        <RuleParameter Name="CriticalThreshold" Value="10" />
                      </RuleParameters>
                    </ThresholdRule>
                  </ThresholdRules>
                </Counter>
                <Counter Name="Stack Walk Depth" />
                <Counter Name="Total Runtime Checks" />
              </Counters>
              <Instances>
                <Instance Name="_Global_" />
              </Instances>
            </CounterCategory>
            <CounterCategory Name="ASP.NET">
              <Counters>
                <Counter Name="Application Restarts" />
                <Counter Name="Applications Running" />
                <Counter Name="Request Execution Time" />
                <Counter Name="Request Wait Time">
                  <ThresholdRules>
                    <ThresholdRule Classname="Microsoft.VisualStudio.TestTools.WebStress.Rules.ThresholdRuleCompareConstant, Microsoft.VisualStudio.QualityTools.LoadTest">
                      <RuleParameters>
                        <RuleParameter Name="AlertIfOver" Value="True" />
                        <RuleParameter Name="WarningThreshold" Value="500" />
                        <RuleParameter Name="CriticalThreshold" Value="1000" />
                      </RuleParameters>
                    </ThresholdRule>
                  </ThresholdRules>
                </Counter>
                <Counter Name="Requests Current" />
                <Counter Name="Requests Queued">
                  <ThresholdRules>
                    <ThresholdRule Classname="Microsoft.VisualStudio.TestTools.WebStress.Rules.ThresholdRuleCompareConstant, Microsoft.VisualStudio.QualityTools.LoadTest">
                      <RuleParameters>
                        <RuleParameter Name="AlertIfOver" Value="True" />
                        <RuleParameter Name="WarningThreshold" Value="1" />
                        <RuleParameter Name="CriticalThreshold" Value="10" />
                      </RuleParameters>
                    </ThresholdRule>
                  </ThresholdRules>
                </Counter>
                <Counter Name="Requests Rejected" />
                <Counter Name="State Server Sessions Active" />
                <Counter Name="Worker Process Restarts" />
                <Counter Name="Worker Processes Running" />
              </Counters>
            </CounterCategory>
            <CounterCategory Name="ASP.NET Applications">
              <Counters>
                <Counter Name="Anonymous Requests/Sec" />
                <Counter Name="Cache API Entries" />
                <Counter Name="Cache API Hit Ratio" HigherIsBetter="true" />
                <Counter Name="Cache API Turnover Rate" />
                <Counter Name="Cache Total Entries" />
                <Counter Name="Cache Total Hit Ratio" HigherIsBetter="true" />
                <Counter Name="Cache Total Turnover Rate" />
                <Counter Name="Compilations Total" />
                <Counter Name="Debugging Requests" />
                <Counter Name="Errors Total/Sec">
                  <ThresholdRules>
                    <ThresholdRule Classname="Microsoft.VisualStudio.TestTools.WebStress.Rules.ThresholdRuleCompareCounters, Microsoft.VisualStudio.QualityTools.LoadTest">
                      <RuleParameters>
                        <RuleParameter Name="AlertIfOver" Value="True" />
                        <RuleParameter Name="WarningThreshold" Value="0.01" />
                        <RuleParameter Name="CriticalThreshold" Value="0.10" />
                        <RuleParameter Name="DependentCounter" Value="Requests/Sec" />
                      </RuleParameters>
                    </ThresholdRule>
                  </ThresholdRules>
                </Counter>
                <Counter Name="Errors Unhandled During Execution/Sec">
                  <ThresholdRules>
                    <ThresholdRule Classname="Microsoft.VisualStudio.TestTools.WebStress.Rules.ThresholdRuleCompareCounters, Microsoft.VisualStudio.QualityTools.LoadTest">
                      <RuleParameters>
                        <RuleParameter Name="AlertIfOver" Value="True" />
                        <RuleParameter Name="WarningThreshold" Value="0.01" />
                        <RuleParameter Name="CriticalThreshold" Value="0.10" />
                        <RuleParameter Name="DependentCounter" Value="Requests/Sec" />
                      </RuleParameters>
                    </ThresholdRule>
                  </ThresholdRules>
                </Counter>
                <Counter Name="Output Cache Entries" />
                <Counter Name="Output Cache Hit Ratio" HigherIsBetter="true" />
                <Counter Name="Output Cache Turnover rate" />
                <Counter Name="Pipeline Instance Count" />
                <Counter Name="Requests Executing" />
                <Counter Name="Requests In Application Queue" />
                <Counter Name="Requests Succeeded" HigherIsBetter="true" />
                <Counter Name="Requests/Sec" HigherIsBetter="true" />
                <Counter Name="Sessions Active" />
                <Counter Name="Transactions/Sec" HigherIsBetter="true" />
              </Counters>
              <Instances>
                <Instance Name="__Total__" />
              </Instances>
            </CounterCategory>
            <CounterCategory Name="Web Service">
              <Counters>
                <Counter Name="Bytes Received/sec" HigherIsBetter="true" />
                <Counter Name="Bytes Sent/sec" HigherIsBetter="true" />
                <Counter Name="Connection Attempts/sec" HigherIsBetter="true" />
                <Counter Name="Current Connections" HigherIsBetter="true" />
                <Counter Name="Get Requests/sec" HigherIsBetter="true" />
                <Counter Name="ISAPI Extension Requests/sec" HigherIsBetter="true" />
                <Counter Name="Post Requests/sec" HigherIsBetter="true" />
                <Counter Name="Total Method Requests/sec" HigherIsBetter="true" />
              </Counters>
              <Instances>
                <Instance Name="_Total" />
              </Instances>
            </CounterCategory>
            <CounterCategory Name=".NET CLR Data">
              <Counters>
                <Counter Name="SqlClient: Current # connection pools" />
                <Counter Name="SqlClient: Current # pooled and nonpooled connections" />
                <Counter Name="SqlClient: Current # pooled connections" />
                <Counter Name="SqlClient: Peak # pooled connections" />
                <Counter Name="SqlClient: Total # failed commands" />
                <Counter Name="SqlClient: Total # failed connects" />
              </Counters>
              <Instances>
                <Instance Name="*" />
              </Instances>
            </CounterCategory>
          </CounterCategories>
          <DefaultCountersForAutomaticGraphs>
            <DefaultCounter CategoryName="Processor" CounterName="% Processor Time" InstanceName="_Total" GraphName="" />
            <DefaultCounter CategoryName="Memory" CounterName="Available MBytes" InstanceName="" GraphName="" />
          </DefaultCountersForAutomaticGraphs>
        </CounterSet>
        <CounterSet Name=".NET Application" CounterSetType=".NET Application" LocId="CounterSet_DotNetApplication">
          <CounterCategories>
            <CounterCategory Name="Memory">
              <Counters>
                <Counter Name="% Committed Bytes In Use" Range="100" />
                <Counter Name="Available MBytes" RangeGroup="Memory Bytes" HigherIsBetter="true">
                  <ThresholdRules>
                    <ThresholdRule Classname="Microsoft.VisualStudio.TestTools.WebStress.Rules.ThresholdRuleCompareConstant, Microsoft.VisualStudio.QualityTools.LoadTest">
                      <RuleParameters>
                        <RuleParameter Name="AlertIfOver" Value="False" />
                        <RuleParameter Name="WarningThreshold" Value="100" />
                        <RuleParameter Name="CriticalThreshold" Value="50" />
                      </RuleParameters>
                    </ThresholdRule>
                  </ThresholdRules>
                </Counter>
                <Counter Name="Page Faults/sec" />
                <Counter Name="Pages/sec" />
                <Counter Name="Pool Paged Bytes" RangeGroup="Memory Bytes" />
                <Counter Name="Pool Nonpaged bytes" RangeGroup="Memory Bytes" />
              </Counters>
            </CounterCategory>
            <CounterCategory Name="Network Interface">
              <Counters>
                <Counter Name="Bytes Received/sec" RangeGroup="Network Bytes" />
                <Counter Name="Bytes Sent/sec" RangeGroup="Network Bytes" />
                <Counter Name="Output Queue Length">
                  <ThresholdRules>
                    <ThresholdRule Classname="Microsoft.VisualStudio.TestTools.WebStress.Rules.ThresholdRuleCompareConstant, Microsoft.VisualStudio.QualityTools.LoadTest">
                      <RuleParameters>
                        <RuleParameter Name="AlertIfOver" Value="True" />
                        <RuleParameter Name="WarningThreshold" Value="1.5" />
                        <RuleParameter Name="CriticalThreshold" Value="2" />
                      </RuleParameters>
                    </ThresholdRule>
                  </ThresholdRules>
                </Counter>
                <Counter Name="Packets Received/sec" RangeGroup="Network Packets" />
                <Counter Name="Packets Sent/sec" RangeGroup="Network Packets" />
                <Counter Name="Current Bandwidth" RangeGroup="Network Bytes" />
                <Counter Name="Bytes Total/sec" RangeGroup="Network Bytes">
                  <ThresholdRules>
                    <ThresholdRule Classname="Microsoft.VisualStudio.TestTools.WebStress.Rules.ThresholdRuleCompareCounters, Microsoft.VisualStudio.QualityTools.LoadTest, Version=11.0.0.0, Culture=neutral, PublicKeyToken=b03f5f7f11d50a3a">
                      <RuleParameters>
                        <RuleParameter Name="DependentCategory" Value="Network Interface" />
                        <RuleParameter Name="DependentCounter" Value="Current Bandwidth" />
                        <RuleParameter Name="DependentInstance" Value="" />
                        <RuleParameter Name="AlertIfOver" Value="True" />
                        <RuleParameter Name="WarningThreshold" Value="0.6" />
                        <RuleParameter Name="CriticalThreshold" Value="0.7" />
                      </RuleParameters>
                    </ThresholdRule>
                  </ThresholdRules>
                </Counter>
              </Counters>
              <Instances>
                <Instance Name="*" />
              </Instances>
            </CounterCategory>
            <CounterCategory Name="PhysicalDisk">
              <Counters>
                <Counter Name="% Disk Read Time" Range="100" />
                <Counter Name="% Disk Time" Range="100" />
                <Counter Name="% Disk Write Time" Range="100" />
                <Counter Name="% Idle Time" Range="100" HigherIsBetter="true">
                  <ThresholdRules>
                    <ThresholdRule Classname="Microsoft.VisualStudio.TestTools.WebStress.Rules.ThresholdRuleCompareConstant, Microsoft.VisualStudio.QualityTools.LoadTest">
                      <RuleParameters>
                        <RuleParameter Name="AlertIfOver" Value="False" />
                        <RuleParameter Name="WarningThreshold" Value="40" />
                        <RuleParameter Name="CriticalThreshold" Value="20" />
                      </RuleParameters>
                    </ThresholdRule>
                  </ThresholdRules>
                </Counter>
                <Counter Name="Avg. Disk Bytes/Read" RangeGroup="DiskBytesRate" />
                <Counter Name="Avg. Disk Bytes/Transfer" RangeGroup="DiskBytesRate" />
                <Counter Name="Avg. Disk Bytes/Write" RangeGroup="DiskBytesRate" />
                <Counter Name="Avg. Disk Queue Length" RangeGroup="Disk Queue Length" />
                <Counter Name="Avg. Disk Read Queue Length" RangeGroup="Disk Queue Length" />
                <Counter Name="Avg. Disk Write Queue Length" RangeGroup="Disk Queue Length" />
                <Counter Name="Current Disk Queue Length" RangeGroup="Disk Queue Length" />
                <Counter Name="Avg. Disk sec/Read" RangeGroup="Disk sec" />
                <Counter Name="Avg. Disk sec/Transfer" RangeGroup="Disk sec" />
                <Counter Name="Avg. Disk sec/Write" RangeGroup="Disk sec" />
                <Counter Name="Disk Bytes/sec" RangeGroup="Disk Bytes sec" />
                <Counter Name="Disk Read Bytes/sec" RangeGroup="Disk Bytes sec" />
                <Counter Name="Disk Reads/sec" RangeGroup="Disk Transfers sec" />
                <Counter Name="Disk Transfers/sec" RangeGroup="Disk Transfers sec" />
                <Counter Name="Disk Write Bytes/sec" RangeGroup="Disk Bytes sec" />
                <Counter Name="Disk Writes/sec" RangeGroup="Disk Transfers sec" />
                <Counter Name="Split IO/Sec" RangeGroup="Disk Transfers sec" />
              </Counters>
              <Instances>
                <Instance Name="*" />
              </Instances>
            </CounterCategory>
            <CounterCategory Name="Processor">
              <Counters>
                <Counter Name="% Processor Time" Range="100">
                  <ThresholdRules>
                    <ThresholdRule Classname="Microsoft.VisualStudio.TestTools.WebStress.Rules.ThresholdRuleCompareConstant, Microsoft.VisualStudio.QualityTools.LoadTest">
                      <RuleParameters>
                        <RuleParameter Name="AlertIfOver" Value="True" />
                        <RuleParameter Name="WarningThreshold" Value="75" />
                        <RuleParameter Name="CriticalThreshold" Value="90" />
                      </RuleParameters>
                    </ThresholdRule>
                  </ThresholdRules>
                </Counter>
                <Counter Name="% Privileged Time" Range="100" />
                <Counter Name="% User Time" Range="100" />
              </Counters>
              <Instances>
                <Instance Name="_Total" />
              </Instances>
            </CounterCategory>
            <CounterCategory Name="System">
              <Counters>
                <Counter Name="Context Switches/sec" />
                <Counter Name="Processes" />
                <Counter Name="Processor Queue Length" />
                <Counter Name="Threads" />
              </Counters>
            </CounterCategory>
            <CounterCategory Name="Process">
              <Counters>
                <Counter Name="% Processor Time" RangeGroup="Processor Time" />
                <Counter Name="% Privileged Time" RangeGroup="Processor Time" />
                <Counter Name="% User Time" RangeGroup="Processor Time" />
                <Counter Name="Handle Count" />
                <Counter Name="Thread Count" />
                <Counter Name="Private Bytes" RangeGroup="Memory Bytes" />
                <Counter Name="Virtual Bytes" RangeGroup="Memory Bytes" />
                <Counter Name="Working Set" RangeGroup="Memory Bytes" />
              </Counters>
              <Instances>
                <Instance Name="*" />
              </Instances>
            </CounterCategory>
            <CounterCategory Name=".NET CLR Interop">
              <Counters>
                <Counter Name="# of CCWs" />
                <Counter Name="# of marshalling" />
                <Counter Name="# of Stubs" />
              </Counters>
              <Instances>
                <Instance Name="_Global_" />
              </Instances>
            </CounterCategory>
            <CounterCategory Name=".NET CLR JIT">
              <Counters>
                <Counter Name="# of Methods Jitted" />
                <Counter Name="% Time in Jit" Range="100">
                  <ThresholdRules>
                    <ThresholdRule Classname="Microsoft.VisualStudio.TestTools.WebStress.Rules.ThresholdRuleCompareConstant, Microsoft.VisualStudio.QualityTools.LoadTest">
                      <RuleParameters>
                        <RuleParameter Name="AlertIfOver" Value="True" />
                        <RuleParameter Name="WarningThreshold" Value="25" />
                        <RuleParameter Name="CriticalThreshold" Value="50" />
                      </RuleParameters>
                    </ThresholdRule>
                  </ThresholdRules>
                </Counter>
                <Counter Name="Standard Jit Failures" />
              </Counters>
              <Instances>
                <Instance Name="_Global_" />
              </Instances>
            </CounterCategory>
            <CounterCategory Name=".NET CLR Loading">
              <Counters>
                <Counter Name="Bytes in Loader Heap" />
                <Counter Name="Current appdomains" />
                <Counter Name="Current Assemblies" />
                <Counter Name="Current Classes Loaded" />
                <Counter Name="Rate of appdomains" />
                <Counter Name="Rate of appdomains unloaded" />
                <Counter Name="Total # of Load Failures" />
                <Counter Name="Rate of Assemblies" />
                <Counter Name="Rate of Classes Loaded" />
                <Counter Name="Rate of Load Failures" />
              </Counters>
              <Instances>
                <Instance Name="_Global_" />
              </Instances>
            </CounterCategory>
            <CounterCategory Name=".NET CLR LocksAndThreads">
              <Counters>
                <Counter Name="# of current logical Threads" RangeGroup="CLR Threads" />
                <Counter Name="# of current physical Threads" RangeGroup="CLR Threads" />
                <Counter Name="Contention Rate / sec">
                  <ThresholdRules>
                    <ThresholdRule Classname="Microsoft.VisualStudio.TestTools.WebStress.Rules.ThresholdRuleCompareConstant, Microsoft.VisualStudio.QualityTools.LoadTest">
                      <RuleParameters>
                        <RuleParameter Name="AlertIfOver" Value="True" />
                        <RuleParameter Name="WarningThreshold" Value="80" />
                        <RuleParameter Name="CriticalThreshold" Value="120" />
                      </RuleParameters>
                    </ThresholdRule>
                  </ThresholdRules>
                </Counter>
                <Counter Name="Current Queue Length">
                  <ThresholdRules>
                    <ThresholdRule Classname="Microsoft.VisualStudio.TestTools.WebStress.Rules.ThresholdRuleCompareConstant, Microsoft.VisualStudio.QualityTools.LoadTest">
                      <RuleParameters>
                        <RuleParameter Name="AlertIfOver" Value="True" />
                        <RuleParameter Name="WarningThreshold" Value="5" />
                        <RuleParameter Name="CriticalThreshold" Value="10" />
                      </RuleParameters>
                    </ThresholdRule>
                  </ThresholdRules>
                </Counter>
              </Counters>
              <Instances>
                <Instance Name="_Global_" />
              </Instances>
            </CounterCategory>
            <CounterCategory Name=".NET CLR Memory">
              <Counters>
                <Counter Name="# Bytes in all Heaps" RangeGroup="CLR Memory Bytes" />
                <Counter Name="# GC Handles" />
                <Counter Name="# Gen 0 Collections" RangeGroup="CLR Memory Collections" />
                <Counter Name="# Gen 1 Collections" RangeGroup="CLR Memory Collections" />
                <Counter Name="# Gen 2 Collections" RangeGroup="CLR Memory Collections" />
                <Counter Name="# Induced GC" RangeGroup="CLR Memory Collections" />
                <Counter Name="# of Pinned Objects" />
                <Counter Name="# of Sink Blocks in use" />
                <Counter Name="# Total committed Bytes" RangeGroup="CLR Memory Bytes" />
                <Counter Name="# Total reserved Bytes" RangeGroup="CLR Memory Bytes" />
                <Counter Name="% Time in GC" Range="100">
                  <ThresholdRules>
                    <ThresholdRule Classname="Microsoft.VisualStudio.TestTools.WebStress.Rules.ThresholdRuleCompareConstant, Microsoft.VisualStudio.QualityTools.LoadTest">
                      <RuleParameters>
                        <RuleParameter Name="AlertIfOver" Value="True" />
                        <RuleParameter Name="WarningThreshold" Value="10" />
                        <RuleParameter Name="CriticalThreshold" Value="25" />
                      </RuleParameters>
                    </ThresholdRule>
                  </ThresholdRules>
                </Counter>
                <Counter Name="Gen 0 heap size" RangeGroup="CLR Heap Size" />
                <Counter Name="Gen 1 heap size" RangeGroup="CLR Heap Size" />
                <Counter Name="Gen 2 heap size" RangeGroup="CLR Heap Size" />
                <Counter Name="Large Object Heap size" RangeGroup="CLR Heap Size" />
              </Counters>
              <Instances>
                <Instance Name="_Global_" />
              </Instances>
            </CounterCategory>
            <CounterCategory Name=".NET CLR Remoting">
              <Counters>
                <Counter Name="Remote Calls/sec" />
                <Counter Name="Total Remote Calls" />
              </Counters>
              <Instances>
                <Instance Name="_Global_" />
              </Instances>
            </CounterCategory>
            <CounterCategory Name=".NET CLR Security">
              <Counters>
                <Counter Name="% Time in RT checks" Range="100">
                  <ThresholdRules>
                    <ThresholdRule Classname="Microsoft.VisualStudio.TestTools.WebStress.Rules.ThresholdRuleCompareConstant, Microsoft.VisualStudio.QualityTools.LoadTest">
                      <RuleParameters>
                        <RuleParameter Name="AlertIfOver" Value="True" />
                        <RuleParameter Name="WarningThreshold" Value="5" />
                        <RuleParameter Name="CriticalThreshold" Value="10" />
                      </RuleParameters>
                    </ThresholdRule>
                  </ThresholdRules>
                </Counter>
                <Counter Name="Stack Walk Depth" />
                <Counter Name="Total Runtime Checks" />
              </Counters>
              <Instances>
                <Instance Name="_Global_" />
              </Instances>
            </CounterCategory>
          </CounterCategories>
          <DefaultCountersForAutomaticGraphs>
            <DefaultCounter CategoryName="Processor" CounterName="% Processor Time" InstanceName="_Total" GraphName="" />
            <DefaultCounter CategoryName="Memory" CounterName="Available MBytes" InstanceName="" GraphName="" />
          </DefaultCountersForAutomaticGraphs>
        </CounterSet>
        <CounterSet Name="IIS" CounterSetType="IIS" LocId="CounterSet_IIS">
          <CounterCategories>
            <CounterCategory Name="Memory">
              <Counters>
                <Counter Name="% Committed Bytes In Use" Range="100" />
                <Counter Name="Available MBytes" RangeGroup="Memory Bytes" HigherIsBetter="true">
                  <ThresholdRules>
                    <ThresholdRule Classname="Microsoft.VisualStudio.TestTools.WebStress.Rules.ThresholdRuleCompareConstant, Microsoft.VisualStudio.QualityTools.LoadTest">
                      <RuleParameters>
                        <RuleParameter Name="AlertIfOver" Value="False" />
                        <RuleParameter Name="WarningThreshold" Value="100" />
                        <RuleParameter Name="CriticalThreshold" Value="50" />
                      </RuleParameters>
                    </ThresholdRule>
                  </ThresholdRules>
                </Counter>
                <Counter Name="Page Faults/sec" />
                <Counter Name="Pages/sec" />
                <Counter Name="Pool Paged Bytes" RangeGroup="Memory Bytes" />
                <Counter Name="Pool Nonpaged bytes" RangeGroup="Memory Bytes" />
              </Counters>
            </CounterCategory>
            <CounterCategory Name="Network Interface">
              <Counters>
                <Counter Name="Bytes Received/sec" RangeGroup="Network Bytes" />
                <Counter Name="Bytes Sent/sec" RangeGroup="Network Bytes" />
                <Counter Name="Output Queue Length">
                  <ThresholdRules>
                    <ThresholdRule Classname="Microsoft.VisualStudio.TestTools.WebStress.Rules.ThresholdRuleCompareConstant, Microsoft.VisualStudio.QualityTools.LoadTest">
                      <RuleParameters>
                        <RuleParameter Name="AlertIfOver" Value="True" />
                        <RuleParameter Name="WarningThreshold" Value="1.5" />
                        <RuleParameter Name="CriticalThreshold" Value="2" />
                      </RuleParameters>
                    </ThresholdRule>
                  </ThresholdRules>
                </Counter>
                <Counter Name="Packets Received/sec" RangeGroup="Network Packets" />
                <Counter Name="Packets Sent/sec" RangeGroup="Network Packets" />
                <Counter Name="Current Bandwidth" RangeGroup="Network Bytes" />
                <Counter Name="Bytes Total/sec" RangeGroup="Network Bytes">
                  <ThresholdRules>
                    <ThresholdRule Classname="Microsoft.VisualStudio.TestTools.WebStress.Rules.ThresholdRuleCompareCounters, Microsoft.VisualStudio.QualityTools.LoadTest, Version=11.0.0.0, Culture=neutral, PublicKeyToken=b03f5f7f11d50a3a">
                      <RuleParameters>
                        <RuleParameter Name="DependentCategory" Value="Network Interface" />
                        <RuleParameter Name="DependentCounter" Value="Current Bandwidth" />
                        <RuleParameter Name="DependentInstance" Value="" />
                        <RuleParameter Name="AlertIfOver" Value="True" />
                        <RuleParameter Name="WarningThreshold" Value="0.6" />
                        <RuleParameter Name="CriticalThreshold" Value="0.7" />
                      </RuleParameters>
                    </ThresholdRule>
                  </ThresholdRules>
                </Counter>
              </Counters>
              <Instances>
                <Instance Name="*" />
              </Instances>
            </CounterCategory>
            <CounterCategory Name="PhysicalDisk">
              <Counters>
                <Counter Name="% Disk Read Time" Range="100" />
                <Counter Name="% Disk Time" Range="100" />
                <Counter Name="% Disk Write Time" Range="100" />
                <Counter Name="% Idle Time" Range="100" HigherIsBetter="true">
                  <ThresholdRules>
                    <ThresholdRule Classname="Microsoft.VisualStudio.TestTools.WebStress.Rules.ThresholdRuleCompareConstant, Microsoft.VisualStudio.QualityTools.LoadTest">
                      <RuleParameters>
                        <RuleParameter Name="AlertIfOver" Value="False" />
                        <RuleParameter Name="WarningThreshold" Value="40" />
                        <RuleParameter Name="CriticalThreshold" Value="20" />
                      </RuleParameters>
                    </ThresholdRule>
                  </ThresholdRules>
                </Counter>
                <Counter Name="Avg. Disk Bytes/Read" RangeGroup="DiskBytesRate" />
                <Counter Name="Avg. Disk Bytes/Transfer" RangeGroup="DiskBytesRate" />
                <Counter Name="Avg. Disk Bytes/Write" RangeGroup="DiskBytesRate" />
                <Counter Name="Avg. Disk Queue Length" RangeGroup="Disk Queue Length" />
                <Counter Name="Avg. Disk Read Queue Length" RangeGroup="Disk Queue Length" />
                <Counter Name="Avg. Disk Write Queue Length" RangeGroup="Disk Queue Length" />
                <Counter Name="Current Disk Queue Length" RangeGroup="Disk Queue Length" />
                <Counter Name="Avg. Disk sec/Read" RangeGroup="Disk sec" />
                <Counter Name="Avg. Disk sec/Transfer" RangeGroup="Disk sec" />
                <Counter Name="Avg. Disk sec/Write" RangeGroup="Disk sec" />
                <Counter Name="Disk Bytes/sec" RangeGroup="Disk Bytes sec" />
                <Counter Name="Disk Read Bytes/sec" RangeGroup="Disk Bytes sec" />
                <Counter Name="Disk Reads/sec" RangeGroup="Disk Transfers sec" />
                <Counter Name="Disk Transfers/sec" RangeGroup="Disk Transfers sec" />
                <Counter Name="Disk Write Bytes/sec" RangeGroup="Disk Bytes sec" />
                <Counter Name="Disk Writes/sec" RangeGroup="Disk Transfers sec" />
                <Counter Name="Split IO/Sec" RangeGroup="Disk Transfers sec" />
              </Counters>
              <Instances>
                <Instance Name="*" />
              </Instances>
            </CounterCategory>
            <CounterCategory Name="Processor">
              <Counters>
                <Counter Name="% Processor Time" Range="100">
                  <ThresholdRules>
                    <ThresholdRule Classname="Microsoft.VisualStudio.TestTools.WebStress.Rules.ThresholdRuleCompareConstant, Microsoft.VisualStudio.QualityTools.LoadTest">
                      <RuleParameters>
                        <RuleParameter Name="AlertIfOver" Value="True" />
                        <RuleParameter Name="WarningThreshold" Value="75" />
                        <RuleParameter Name="CriticalThreshold" Value="90" />
                      </RuleParameters>
                    </ThresholdRule>
                  </ThresholdRules>
                </Counter>
                <Counter Name="% Privileged Time" Range="100" />
                <Counter Name="% User Time" Range="100" />
              </Counters>
              <Instances>
                <Instance Name="_Total" />
              </Instances>
            </CounterCategory>
            <CounterCategory Name="System">
              <Counters>
                <Counter Name="Context Switches/sec" />
                <Counter Name="Processes" />
                <Counter Name="Processor Queue Length" />
                <Counter Name="Threads" />
              </Counters>
            </CounterCategory>
            <CounterCategory Name="Process">
              <Counters>
                <Counter Name="% Processor Time" RangeGroup="Processor Time" />
                <Counter Name="% Privileged Time" RangeGroup="Processor Time" />
                <Counter Name="% User Time" RangeGroup="Processor Time" />
                <Counter Name="Handle Count" />
                <Counter Name="Thread Count" />
                <Counter Name="Private Bytes" RangeGroup="Memory Bytes" />
                <Counter Name="Virtual Bytes" RangeGroup="Memory Bytes" />
                <Counter Name="Working Set" RangeGroup="Memory Bytes" />
              </Counters>
              <Instances>
                <Instance Name="w3wp" />
              </Instances>
            </CounterCategory>
            <CounterCategory Name="Active Server Pages">
              <Counters>
                <Counter Name="Errors/Sec" />
                <Counter Name="Request Bytes In Total" RangeGroup="ASP Request Bytes" />
                <Counter Name="Request Bytes Out Total" RangeGroup="ASP Request Bytes" />
                <Counter Name="Request Execution Time" />
                <Counter Name="Request Wait Time" />
                <Counter Name="Requests Executing" />
                <Counter Name="Requests Queued">
                  <ThresholdRules>
                    <ThresholdRule Classname="Microsoft.VisualStudio.TestTools.WebStress.Rules.ThresholdRuleCompareConstant, Microsoft.VisualStudio.QualityTools.LoadTest">
                      <RuleParameters>
                        <RuleParameter Name="AlertIfOver" Value="True" />
                        <RuleParameter Name="WarningThreshold" Value="1" />
                        <RuleParameter Name="CriticalThreshold" Value="25" />
                      </RuleParameters>
                    </ThresholdRule>
                  </ThresholdRules>
                </Counter>
                <Counter Name="Requests Succeeded" RangeGroup="ASP Requests" HigherIsBetter="true" />
                <Counter Name="Requests Total" RangeGroup="ASP Requests" HigherIsBetter="true" />
                <Counter Name="Requests/Sec" HigherIsBetter="true" />
                <Counter Name="Sessions Current" />
                <Counter Name="Transactions/Sec" HigherIsBetter="true" />
              </Counters>
            </CounterCategory>
            <CounterCategory Name="Web Service">
              <Counters>
                <Counter Name="Bytes Received/sec" RangeGroup="IIS Bytes" HigherIsBetter="true" />
                <Counter Name="Bytes Sent/sec" RangeGroup="IIS Bytes" HigherIsBetter="true" />
                <Counter Name="Bytes Total/sec" RangeGroup="IIS Bytes" HigherIsBetter="true" />
                <Counter Name="Connection Attempts/sec" HigherIsBetter="true" />
                <Counter Name="Current Connections" HigherIsBetter="true" />
                <Counter Name="Get Requests/sec" RangeGroup="IIS Requests" HigherIsBetter="true" />
                <Counter Name="ISAPI Extension Requests/sec" HigherIsBetter="true" />
                <Counter Name="Post Requests/sec" RangeGroup="IIS Requests" HigherIsBetter="true" />
                <Counter Name="Total Method Requests/sec" RangeGroup="IIS Requests" HigherIsBetter="true" />
              </Counters>
              <Instances>
                <Instance Name="_Total" />
              </Instances>
            </CounterCategory>
          </CounterCategories>
          <DefaultCountersForAutomaticGraphs>
            <DefaultCounter CategoryName="Processor" CounterName="% Processor Time" InstanceName="_Total" GraphName="" />
            <DefaultCounter CategoryName="Memory" CounterName="Available MBytes" InstanceName="" GraphName="" />
            <DefaultCounter CategoryName="Web Service" CounterName="Bytes Total/sec" InstanceName="_Total" GraphName="" />
            <DefaultCounter CategoryName="Web Service" CounterName="Total Method Requests/sec" InstanceName="_Total" GraphName="" />
          </DefaultCountersForAutomaticGraphs>
        </CounterSet>
        <CounterSet Name="SQL" CounterSetType="SQL" LocId="CounterSet_SQL">
          <CounterCategories>
            <CounterCategory Name="Memory">
              <Counters>
                <Counter Name="% Committed Bytes In Use" Range="100" />
                <Counter Name="Available MBytes" RangeGroup="Memory Bytes" HigherIsBetter="true">
                  <ThresholdRules>
                    <ThresholdRule Classname="Microsoft.VisualStudio.TestTools.WebStress.Rules.ThresholdRuleCompareConstant, Microsoft.VisualStudio.QualityTools.LoadTest">
                      <RuleParameters>
                        <RuleParameter Name="AlertIfOver" Value="False" />
                        <RuleParameter Name="WarningThreshold" Value="100" />
                        <RuleParameter Name="CriticalThreshold" Value="50" />
                      </RuleParameters>
                    </ThresholdRule>
                  </ThresholdRules>
                </Counter>
                <Counter Name="Page Faults/sec" />
                <Counter Name="Pages/sec" />
                <Counter Name="Pool Paged Bytes" RangeGroup="Memory Bytes" />
                <Counter Name="Pool Nonpaged bytes" RangeGroup="Memory Bytes" />
              </Counters>
            </CounterCategory>
            <CounterCategory Name="Network Interface">
              <Counters>
                <Counter Name="Bytes Received/sec" RangeGroup="Network Bytes" />
                <Counter Name="Bytes Sent/sec" RangeGroup="Network Bytes" />
                <Counter Name="Output Queue Length">
                  <ThresholdRules>
                    <ThresholdRule Classname="Microsoft.VisualStudio.TestTools.WebStress.Rules.ThresholdRuleCompareConstant, Microsoft.VisualStudio.QualityTools.LoadTest">
                      <RuleParameters>
                        <RuleParameter Name="AlertIfOver" Value="True" />
                        <RuleParameter Name="WarningThreshold" Value="1.5" />
                        <RuleParameter Name="CriticalThreshold" Value="2" />
                      </RuleParameters>
                    </ThresholdRule>
                  </ThresholdRules>
                </Counter>
                <Counter Name="Packets Received/sec" RangeGroup="Network Packets" />
                <Counter Name="Packets Sent/sec" RangeGroup="Network Packets" />
                <Counter Name="Current Bandwidth" RangeGroup="Network Bytes" />
                <Counter Name="Bytes Total/sec" RangeGroup="Network Bytes">
                  <ThresholdRules>
                    <ThresholdRule Classname="Microsoft.VisualStudio.TestTools.WebStress.Rules.ThresholdRuleCompareCounters, Microsoft.VisualStudio.QualityTools.LoadTest, Version=11.0.0.0, Culture=neutral, PublicKeyToken=b03f5f7f11d50a3a">
                      <RuleParameters>
                        <RuleParameter Name="DependentCategory" Value="Network Interface" />
                        <RuleParameter Name="DependentCounter" Value="Current Bandwidth" />
                        <RuleParameter Name="DependentInstance" Value="" />
                        <RuleParameter Name="AlertIfOver" Value="True" />
                        <RuleParameter Name="WarningThreshold" Value="0.6" />
                        <RuleParameter Name="CriticalThreshold" Value="0.7" />
                      </RuleParameters>
                    </ThresholdRule>
                  </ThresholdRules>
                </Counter>
              </Counters>
              <Instances>
                <Instance Name="*" />
              </Instances>
            </CounterCategory>
            <CounterCategory Name="PhysicalDisk">
              <Counters>
                <Counter Name="% Disk Read Time" Range="100" />
                <Counter Name="% Disk Time" Range="100" />
                <Counter Name="% Disk Write Time" Range="100" />
                <Counter Name="% Idle Time" Range="100" HigherIsBetter="true">
                  <ThresholdRules>
                    <ThresholdRule Classname="Microsoft.VisualStudio.TestTools.WebStress.Rules.ThresholdRuleCompareConstant, Microsoft.VisualStudio.QualityTools.LoadTest">
                      <RuleParameters>
                        <RuleParameter Name="AlertIfOver" Value="False" />
                        <RuleParameter Name="WarningThreshold" Value="40" />
                        <RuleParameter Name="CriticalThreshold" Value="20" />
                      </RuleParameters>
                    </ThresholdRule>
                  </ThresholdRules>
                </Counter>
                <Counter Name="Avg. Disk Bytes/Read" RangeGroup="DiskBytesRate" />
                <Counter Name="Avg. Disk Bytes/Transfer" RangeGroup="DiskBytesRate" />
                <Counter Name="Avg. Disk Bytes/Write" RangeGroup="DiskBytesRate" />
                <Counter Name="Avg. Disk Queue Length" RangeGroup="Disk Queue Length" />
                <Counter Name="Avg. Disk Read Queue Length" RangeGroup="Disk Queue Length" />
                <Counter Name="Avg. Disk Write Queue Length" RangeGroup="Disk Queue Length" />
                <Counter Name="Current Disk Queue Length" RangeGroup="Disk Queue Length" />
                <Counter Name="Avg. Disk sec/Read" RangeGroup="Disk sec" />
                <Counter Name="Avg. Disk sec/Transfer" RangeGroup="Disk sec" />
                <Counter Name="Avg. Disk sec/Write" RangeGroup="Disk sec" />
                <Counter Name="Disk Bytes/sec" RangeGroup="Disk Bytes sec" />
                <Counter Name="Disk Read Bytes/sec" RangeGroup="Disk Bytes sec" />
                <Counter Name="Disk Reads/sec" RangeGroup="Disk Transfers sec" />
                <Counter Name="Disk Transfers/sec" RangeGroup="Disk Transfers sec" />
                <Counter Name="Disk Write Bytes/sec" RangeGroup="Disk Bytes sec" />
                <Counter Name="Disk Writes/sec" RangeGroup="Disk Transfers sec" />
                <Counter Name="Split IO/Sec" RangeGroup="Disk Transfers sec" />
              </Counters>
              <Instances>
                <Instance Name="*" />
              </Instances>
            </CounterCategory>
            <CounterCategory Name="Processor">
              <Counters>
                <Counter Name="% Processor Time" Range="100">
                  <ThresholdRules>
                    <ThresholdRule Classname="Microsoft.VisualStudio.TestTools.WebStress.Rules.ThresholdRuleCompareConstant, Microsoft.VisualStudio.QualityTools.LoadTest">
                      <RuleParameters>
                        <RuleParameter Name="AlertIfOver" Value="True" />
                        <RuleParameter Name="WarningThreshold" Value="75" />
                        <RuleParameter Name="CriticalThreshold" Value="90" />
                      </RuleParameters>
                    </ThresholdRule>
                  </ThresholdRules>
                </Counter>
                <Counter Name="% Privileged Time" Range="100" />
                <Counter Name="% User Time" Range="100" />
              </Counters>
              <Instances>
                <Instance Name="_Total" />
              </Instances>
            </CounterCategory>
            <CounterCategory Name="System">
              <Counters>
                <Counter Name="Context Switches/sec" />
                <Counter Name="Processes" />
                <Counter Name="Processor Queue Length" />
                <Counter Name="Threads" />
              </Counters>
            </CounterCategory>
            <CounterCategory Name="Process">
              <Counters>
                <Counter Name="% Processor Time" RangeGroup="Processor Time" />
                <Counter Name="% Privileged Time" RangeGroup="Processor Time" />
                <Counter Name="% User Time" RangeGroup="Processor Time" />
                <Counter Name="Handle Count" />
                <Counter Name="Thread Count" />
                <Counter Name="Private Bytes" RangeGroup="Memory Bytes" />
                <Counter Name="Virtual Bytes" RangeGroup="Memory Bytes" />
                <Counter Name="Working Set" RangeGroup="Memory Bytes" />
              </Counters>
              <Instances>
                <Instance Name="sqlservr" />
                <Instance Name="sqlmangr" />
                <Instance Name="sqlwriter" />
              </Instances>
            </CounterCategory>
            <CounterCategory Name="SQLServer:Access Methods">
              <Counters>
                <Counter Name="Full Scans/sec" RangeGroup="Scan Rate" />
                <Counter Name="Index Searches/sec" />
                <Counter Name="Page Splits/sec" RangeGroup="Page Rate" />
                <Counter Name="Pages Allocated/sec" RangeGroup="Page Rate" />
                <Counter Name="Probe Scans/sec" RangeGroup="Scan Rate" />
                <Counter Name="Range Scans/sec" RangeGroup="Scan Rate" />
                <Counter Name="Table Lock Escalations/sec" />
              </Counters>
            </CounterCategory>
            <CounterCategory Name="SQLServer:Buffer Partition">
              <Counters>
                <Counter Name="Free list empty/sec" />
                <Counter Name="Free list requests/sec" />
                <Counter Name="Free pages" />
              </Counters>
              <Instances>
                <Instance Name="*" />
              </Instances>
            </CounterCategory>
            <CounterCategory Name="SQLServer:Databases">
              <Counters>
                <Counter Name="Active Transactions" />
                <Counter Name="Log Cache Hit Ratio" HigherIsBetter="true" />
                <Counter Name="Log Cache Reads/sec" RangeGroup="SQL Cache Rates" />
                <Counter Name="Log Flush Waits/sec" RangeGroup="SQL Cache Rates" />
                <Counter Name="Log Flushes/sec" RangeGroup="SQL Cache Rates" />
                <Counter Name="Log Truncations" />
                <Counter Name="Transactions/sec" HigherIsBetter="true" />
              </Counters>
              <Instances>
                <Instance Name="_Total" />
              </Instances>
            </CounterCategory>
            <CounterCategory Name="SQLServer:General Statistics">
              <Counters>
                <Counter Name="Logins/sec" HigherIsBetter="true" />
                <Counter Name="Logouts/sec" HigherIsBetter="true" />
                <Counter Name="User Connections" HigherIsBetter="true" />
              </Counters>
            </CounterCategory>
            <CounterCategory Name="SQLServer:Latches">
              <Counters>
                <Counter Name="Average Latch Wait Time (ms)" />
                <Counter Name="Latch Waits/sec" />
              </Counters>
            </CounterCategory>
            <CounterCategory Name="SQLServer:Locks">
              <Counters>
                <Counter Name="Average Wait Time (ms)" />
                <Counter Name="Lock Timeouts/sec" />
                <Counter Name="Lock Wait Time (ms)" />
                <Counter Name="Lock Waits/sec" />
                <Counter Name="Number of Deadlocks/sec" />
              </Counters>
              <Instances>
                <Instance Name="_Total" />
              </Instances>
            </CounterCategory>
            <CounterCategory Name="SQLServer:SQL Statistics">
              <Counters>
                <Counter Name="Auto-Param Attempts/sec" RangeGroup="SQL AutoParam Rate" />
                <Counter Name="Batch Requests/sec" />
                <Counter Name="Failed Auto-Params/sec" RangeGroup="SQL AutoParam Rate" />
                <Counter Name="Safe Auto-Params/sec" RangeGroup="SQL AutoParam Rate" />
                <Counter Name="SQL Compilations/sec" RangeGroup="SQL Compilations Rate" />
                <Counter Name="SQL Re-Compilations/sec" RangeGroup="SQL Compilations Rate" />
                <Counter Name="Unsafe Auto-Params/sec" RangeGroup="SQL AutoParam Rate" />
              </Counters>
            </CounterCategory>
          </CounterCategories>
          <DefaultCountersForAutomaticGraphs>
            <DefaultCounter CategoryName="Processor" CounterName="% Processor Time" InstanceName="_Total" GraphName="" />
            <DefaultCounter CategoryName="Memory" CounterName="Available MBytes" InstanceName="" GraphName="" />
            <DefaultCounter CategoryName="SQLServer:Databases" CounterName="Transactions/sec" InstanceName="_Total" GraphName="" />
          </DefaultCountersForAutomaticGraphs>
        </CounterSet>
      </CounterSets>
      <RunConfigurations>
        <RunConfiguration Name="Run Settings1" Description="" ResultsStoreType="Database" TimingDetailsStorage="None" SaveTestLogsOnError="true" SaveTestLogsFrequency="0" MaxErrorDetails="500" MaxErrorsPerType="1000" MaxThresholdViolations="1000" MaxRequestUrlsReported="100000" UseTestIterations="false" RunDuration="900" WarmupTime="120" CoolDownTime="120" TestIterations="100" WebTestConnectionModel="ConnectionPerUser" WebTestConnectionPoolSize="50" SampleRate="15" ValidationLevel="High" SqlTracingConnectString="" SqlTracingConnectStringDisplayValue="" SqlTracingDirectory="" SqlTracingEnabled="false" SqlTracingFileCount="2" SqlTracingRolloverEnabled="true" SqlTracingMinimumDuration="500" RunUnitTestsInAppDomain="true" RigType="">
          <CounterSetMappings>
            <CounterSetMapping ComputerName="54.243.152.58">
              <CounterSetReferences>
                <CounterSetReference CounterSetName="Application" />
                <CounterSetReference CounterSetName="IIS" />
                <CounterSetReference CounterSetName="SQL" />
              </CounterSetReferences>
              <ComputerTags>
                <ComputerTag Tag="Server" />
              </ComputerTags>
            </CounterSetMapping>
            <CounterSetMapping ComputerName="[CONTROLLER MACHINE]">
              <CounterSetReferences>
                <CounterSetReference CounterSetName="LoadTest" />
                <CounterSetReference CounterSetName="Controller" />
              </CounterSetReferences>
            </CounterSetMapping>
            <CounterSetMapping ComputerName="[AGENT MACHINES]">
              <CounterSetReferences>
                <CounterSetReference CounterSetName="Agent" />
              </CounterSetReferences>
            </CounterSetMapping>
          </CounterSetMappings>
        </RunConfiguration>
      </RunConfigurations>
    </LoadTest>
    <WebTest name="FacebookSetHierarchy" storage="c:\medseek\automation\persuade\vsprojects\persuadeperformance\persuadeperformance\webtests\global tests\facebooksethierarchy.webtest" id="61c300c0-ffed-4ee3-9546-737082702bda" persistedWebTest="77u/PD94bWwgdmVyc2lvbj0iMS4wIiBlbmNvZGluZz0iVVRGLTgiIHN0YW5kYWxvbmU9InllcyI/Pg0KPFdlYlRlc3QgTmFtZT0iRmFjZWJvb2tTZXRIaWVyYXJjaHkiIElkPSI2MWMzMDBjMC1mZmVkLTRlZTMtOTU0Ni03MzcwODI3MDJiZGEiIE93bmVyPSIiIFByaW9yaXR5PSIyMTQ3NDgzNjQ3IiBFbmFibGVkPSJUcnVlIiBDc3NQcm9qZWN0U3RydWN0dXJlPSIiIENzc0l0ZXJhdGlvbj0iIiBUaW1lb3V0PSIwIiBXb3JrSXRlbUlkcz0iIiB4bWxucz0iaHR0cDovL21pY3Jvc29mdC5jb20vc2NoZW1hcy9WaXN1YWxTdHVkaW8vVGVhbVRlc3QvMjAxMCIgRGVzY3JpcHRpb249IiIgQ3JlZGVudGlhbFVzZXJOYW1lPSIiIENyZWRlbnRpYWxQYXNzd29yZD0iIiBQcmVBdXRoZW50aWNhdGU9IlRydWUiIFByb3h5PSIiIFN0b3BPbkVycm9yPSJGYWxzZSIgUmVjb3JkZWRSZXN1bHRGaWxlPSIiIFJlc3VsdHNMb2NhbGU9IiI+DQogIDxJdGVtcz4NCiAgICA8SW5jbHVkZWRXZWJUZXN0IE5hbWU9IkxvZ2luIiBQYXRoPSJjOlxtZWRzZWVrXGF1dG9tYXRpb25ccGVyc3VhZGVcdnNwcm9qZWN0c1xwZXJzdWFkZXBlcmZvcm1hbmNlXHBlcnN1YWRlcGVyZm9ybWFuY2Vcd2VidGVzdHNcZ2xvYmFsIHRlc3RzXGxvZ2luLndlYnRlc3QiIElkPSI2ZTk2MWFhMi0xMDkwLTRhNzItOGY1Yy0wOTg1OGViMjhhNTQiIElzQ29kZWRXZWJUZXN0PSJGYWxzZSIgSW5oZXJpdFdlYlRlc3RTZXR0aW5ncz0iRmFsc2UiIC8+DQogICAgPENvbW1lbnQgQ29tbWVudFRleHQ9IlNldCBIaWVyYXJjaHkiIC8+DQogICAgPFRyYW5zYWN0aW9uVGltZXIgTmFtZT0iU2V0IEhpZXJhcmNoeSI+DQogICAgICA8SXRlbXM+DQogICAgICAgIDxSZXF1ZXN0IE1ldGhvZD0iUFVUIiBHdWlkPSIxODY4ZWYxMi1hYjNhLTQxYWMtODNiZS04NGM4NDhkZmMwNzMiIFZlcnNpb249IjEuMSIgVXJsPSJ7e1NlcnZlclVybH19L2NvbnRleHQuaHRtbCIgVGhpbmtUaW1lPSIwIiBUaW1lb3V0PSI2MCIgUGFyc2VEZXBlbmRlbnRSZXF1ZXN0cz0iVHJ1ZSIgRm9sbG93UmVkaXJlY3RzPSJUcnVlIiBSZWNvcmRSZXN1bHQ9IlRydWUiIENhY2hlPSJGYWxzZSIgUmVzcG9uc2VUaW1lR29hbD0iMCIgRW5jb2Rpbmc9InV0Zi04IiBFeHBlY3RlZEh0dHBTdGF0dXNDb2RlPSIwIiBFeHBlY3RlZFJlc3BvbnNlVXJsPSIiIFJlcG9ydGluZ05hbWU9IlNldCBIaWVyYXJjaHkiIElnbm9yZUh0dHBTdGF0dXNDb2RlPSJGYWxzZSI+DQogICAgICAgICAgPEhlYWRlcnM+DQogICAgICAgICAgICA8SGVhZGVyIE5hbWU9Ik9yaWdpbiIgVmFsdWU9Int7U2VydmVyVXJsfX0iIC8+DQogICAgICAgICAgICA8SGVhZGVyIE5hbWU9IlgtQ1NSRi1Ub2tlbiIgVmFsdWU9Int7YXV0aFRva2VufX0iIC8+DQogICAgICAgICAgICA8SGVhZGVyIE5hbWU9IlgtUmVxdWVzdGVkLVdpdGgiIFZhbHVlPSJYTUxIdHRwUmVxdWVzdCIgLz4NCiAgICAgICAgICA8L0hlYWRlcnM+DQogICAgICAgICAgPFZhbGlkYXRpb25SdWxlcz4NCiAgICAgICAgICAgIDxWYWxpZGF0aW9uUnVsZSBDbGFzc25hbWU9Ik1pY3Jvc29mdC5WaXN1YWxTdHVkaW8uVGVzdFRvb2xzLldlYlRlc3RpbmcuUnVsZXMuVmFsaWRhdGlvblJ1bGVGaW5kVGV4dCwgTWljcm9zb2Z0LlZpc3VhbFN0dWRpby5RdWFsaXR5VG9vbHMuV2ViVGVzdEZyYW1ld29yaywgVmVyc2lvbj0xMC4wLjAuMCwgQ3VsdHVyZT1uZXV0cmFsLCBQdWJsaWNLZXlUb2tlbj1iMDNmNWY3ZjExZDUwYTNhIiBEaXNwbGF5TmFtZT0iRmluZCBUZXh0IiBEZXNjcmlwdGlvbj0iVmVyaWZpZXMgdGhlIGV4aXN0ZW5jZSBvZiB0aGUgc3BlY2lmaWVkIHRleHQgaW4gdGhlIHJlc3BvbnNlLiIgTGV2ZWw9IkhpZ2giIEV4ZWN0dWlvbk9yZGVyPSJCZWZvcmVEZXBlbmRlbnRzIj4NCiAgICAgICAgICAgICAgPFJ1bGVQYXJhbWV0ZXJzPg0KICAgICAgICAgICAgICAgIDxSdWxlUGFyYW1ldGVyIE5hbWU9IkZpbmRUZXh0IiBWYWx1ZT0iRGFzaGJvYXJkIiAvPg0KICAgICAgICAgICAgICAgIDxSdWxlUGFyYW1ldGVyIE5hbWU9Iklnbm9yZUNhc2UiIFZhbHVlPSJGYWxzZSIgLz4NCiAgICAgICAgICAgICAgICA8UnVsZVBhcmFtZXRlciBOYW1lPSJVc2VSZWd1bGFyRXhwcmVzc2lvbiIgVmFsdWU9IkZhbHNlIiAvPg0KICAgICAgICAgICAgICAgIDxSdWxlUGFyYW1ldGVyIE5hbWU9IlBhc3NJZlRleHRGb3VuZCIgVmFsdWU9IlRydWUiIC8+DQogICAgICAgICAgICAgIDwvUnVsZVBhcmFtZXRlcnM+DQogICAgICAgICAgICA8L1ZhbGlkYXRpb25SdWxlPg0KICAgICAgICAgIDwvVmFsaWRhdGlvblJ1bGVzPg0KICAgICAgICAgIDxRdWVyeVN0cmluZ1BhcmFtZXRlcnM+DQogICAgICAgICAgICA8UXVlcnlTdHJpbmdQYXJhbWV0ZXIgTmFtZT0iY29udGV4dFthZ2VuY3lfaWRdIiBWYWx1ZT0ie3tGYWNlYm9va0hpZXJhcmNoeS5GYWNlYm9va0hpZXJhcmNoeSNjc3YuVGllcjFJZH19IiBSZWNvcmRlZFZhbHVlPSIiIENvcnJlbGF0aW9uQmluZGluZz0iIiBVcmxFbmNvZGU9IlRydWUiIFVzZVRvR3JvdXBSZXN1bHRzPSJGYWxzZSIgLz4NCiAgICAgICAgICAgIDxRdWVyeVN0cmluZ1BhcmFtZXRlciBOYW1lPSJjb250ZXh0W2NsaWVudF9pZF0iIFZhbHVlPSJ7e0ZhY2Vib29rSGllcmFyY2h5LkZhY2Vib29rSGllcmFyY2h5I2Nzdi5UaWVyMklkfX0iIFJlY29yZGVkVmFsdWU9IiIgQ29ycmVsYXRpb25CaW5kaW5nPSIiIFVybEVuY29kZT0iVHJ1ZSIgVXNlVG9Hcm91cFJlc3VsdHM9IkZhbHNlIiAvPg0KICAgICAgICAgIDwvUXVlcnlTdHJpbmdQYXJhbWV0ZXJzPg0KICAgICAgICAgIDxGb3JtUG9zdEh0dHBCb2R5IC8+DQogICAgICAgIDwvUmVxdWVzdD4NCiAgICAgICAgPFJlcXVlc3QgTWV0aG9kPSJHRVQiIEd1aWQ9ImYwNzVjNDMyLWUxOTAtNDA4ZS04NTJkLTc0MmY5MjMyYWI3OCIgVmVyc2lvbj0iMS4xIiBVcmw9Int7U2VydmVyVXJsfX0vZGFzaGJvYXJkIiBUaGlua1RpbWU9IjAiIFRpbWVvdXQ9IjYwIiBQYXJzZURlcGVuZGVudFJlcXVlc3RzPSJGYWxzZSIgRm9sbG93UmVkaXJlY3RzPSJUcnVlIiBSZWNvcmRSZXN1bHQ9IlRydWUiIENhY2hlPSJGYWxzZSIgUmVzcG9uc2VUaW1lR29hbD0iMCIgRW5jb2Rpbmc9InV0Zi04IiBFeHBlY3RlZEh0dHBTdGF0dXNDb2RlPSIwIiBFeHBlY3RlZFJlc3BvbnNlVXJsPSIiIFJlcG9ydGluZ05hbWU9IkRhc2hib2FyZCIgSWdub3JlSHR0cFN0YXR1c0NvZGU9IkZhbHNlIj4NCiAgICAgICAgICA8SGVhZGVycz4NCiAgICAgICAgICAgIDxIZWFkZXIgTmFtZT0iUmVmZXJlciIgVmFsdWU9Int7U2VydmVyVXJsfX0vIiAvPg0KICAgICAgICAgICAgPEhlYWRlciBOYW1lPSJJZi1Ob25lLU1hdGNoIiBWYWx1ZT0iJnF1b3Q7YTcwZTYyNGQxMjM3OGIzNzk1MTRlMzc4MjRlMDMyODYmcXVvdDsiIC8+DQogICAgICAgICAgPC9IZWFkZXJzPg0KICAgICAgICAgIDxWYWxpZGF0aW9uUnVsZXM+DQogICAgICAgICAgICA8VmFsaWRhdGlvblJ1bGUgQ2xhc3NuYW1lPSJNaWNyb3NvZnQuVmlzdWFsU3R1ZGlvLlRlc3RUb29scy5XZWJUZXN0aW5nLlJ1bGVzLlZhbGlkYXRpb25SdWxlRmluZFRleHQsIE1pY3Jvc29mdC5WaXN1YWxTdHVkaW8uUXVhbGl0eVRvb2xzLldlYlRlc3RGcmFtZXdvcmssIFZlcnNpb249MTAuMC4wLjAsIEN1bHR1cmU9bmV1dHJhbCwgUHVibGljS2V5VG9rZW49YjAzZjVmN2YxMWQ1MGEzYSIgRGlzcGxheU5hbWU9IkZpbmQgVGV4dCIgRGVzY3JpcHRpb249IlZlcmlmaWVzIHRoZSBleGlzdGVuY2Ugb2YgdGhlIHNwZWNpZmllZCB0ZXh0IGluIHRoZSByZXNwb25zZS4iIExldmVsPSJIaWdoIiBFeGVjdHVpb25PcmRlcj0iQmVmb3JlRGVwZW5kZW50cyI+DQogICAgICAgICAgICAgIDxSdWxlUGFyYW1ldGVycz4NCiAgICAgICAgICAgICAgICA8UnVsZVBhcmFtZXRlciBOYW1lPSJGaW5kVGV4dCIgVmFsdWU9IlNPQ0lBTCBDQU1QQUlHTiBTTkFQU0hPVCIgLz4NCiAgICAgICAgICAgICAgICA8UnVsZVBhcmFtZXRlciBOYW1lPSJJZ25vcmVDYXNlIiBWYWx1ZT0iRmFsc2UiIC8+DQogICAgICAgICAgICAgICAgPFJ1bGVQYXJhbWV0ZXIgTmFtZT0iVXNlUmVndWxhckV4cHJlc3Npb24iIFZhbHVlPSJGYWxzZSIgLz4NCiAgICAgICAgICAgICAgICA8UnVsZVBhcmFtZXRlciBOYW1lPSJQYXNzSWZUZXh0Rm91bmQiIFZhbHVlPSJUcnVlIiAvPg0KICAgICAgICAgICAgICA8L1J1bGVQYXJhbWV0ZXJzPg0KICAgICAgICAgICAgPC9WYWxpZGF0aW9uUnVsZT4NCiAgICAgICAgICAgIDxWYWxpZGF0aW9uUnVsZSBDbGFzc25hbWU9Ik1pY3Jvc29mdC5WaXN1YWxTdHVkaW8uVGVzdFRvb2xzLldlYlRlc3RpbmcuUnVsZXMuVmFsaWRhdGlvblJ1bGVGaW5kVGV4dCwgTWljcm9zb2Z0LlZpc3VhbFN0dWRpby5RdWFsaXR5VG9vbHMuV2ViVGVzdEZyYW1ld29yaywgVmVyc2lvbj0xMC4wLjAuMCwgQ3VsdHVyZT1uZXV0cmFsLCBQdWJsaWNLZXlUb2tlbj1iMDNmNWY3ZjExZDUwYTNhIiBEaXNwbGF5TmFtZT0iRmluZCBUZXh0IiBEZXNjcmlwdGlvbj0iVmVyaWZpZXMgdGhlIGV4aXN0ZW5jZSBvZiB0aGUgc3BlY2lmaWVkIHRleHQgaW4gdGhlIHJlc3BvbnNlLiIgTGV2ZWw9IkhpZ2giIEV4ZWN0dWlvbk9yZGVyPSJCZWZvcmVEZXBlbmRlbnRzIj4NCiAgICAgICAgICAgICAgPFJ1bGVQYXJhbWV0ZXJzPg0KICAgICAgICAgICAgICAgIDxSdWxlUGFyYW1ldGVyIE5hbWU9IkZpbmRUZXh0IiBWYWx1ZT0iTUFSS0VUSU5HIC0gMjggREFZIFNPQ0lBTCBTTkFQU0hPVCIgLz4NCiAgICAgICAgICAgICAgICA8UnVsZVBhcmFtZXRlciBOYW1lPSJJZ25vcmVDYXNlIiBWYWx1ZT0iRmFsc2UiIC8+DQogICAgICAgICAgICAgICAgPFJ1bGVQYXJhbWV0ZXIgTmFtZT0iVXNlUmVndWxhckV4cHJlc3Npb24iIFZhbHVlPSJGYWxzZSIgLz4NCiAgICAgICAgICAgICAgICA8UnVsZVBhcmFtZXRlciBOYW1lPSJQYXNzSWZUZXh0Rm91bmQiIFZhbHVlPSJUcnVlIiAvPg0KICAgICAgICAgICAgICA8L1J1bGVQYXJhbWV0ZXJzPg0KICAgICAgICAgICAgPC9WYWxpZGF0aW9uUnVsZT4NCiAgICAgICAgICA8L1ZhbGlkYXRpb25SdWxlcz4NCiAgICAgICAgICA8RXh0cmFjdGlvblJ1bGVzPg0KICAgICAgICAgICAgPEV4dHJhY3Rpb25SdWxlIENsYXNzbmFtZT0iTWljcm9zb2Z0LlZpc3VhbFN0dWRpby5UZXN0VG9vbHMuV2ViVGVzdGluZy5SdWxlcy5FeHRyYWN0VGV4dCwgTWljcm9zb2Z0LlZpc3VhbFN0dWRpby5RdWFsaXR5VG9vbHMuV2ViVGVzdEZyYW1ld29yaywgVmVyc2lvbj0xMC4wLjAuMCwgQ3VsdHVyZT1uZXV0cmFsLCBQdWJsaWNLZXlUb2tlbj1iMDNmNWY3ZjExZDUwYTNhIiBWYXJpYWJsZU5hbWU9InRpZXIyIiBEaXNwbGF5TmFtZT0iRXh0cmFjdCBUZXh0IiBEZXNjcmlwdGlvbj0iRXh0cmFjdCB0ZXh0IGZyb20gdGhlIHJlc3BvbnNlIGFuZCBwbGFjZSBpdCBpbnRvIHRoZSB0ZXN0IGNvbnRleHQuIj4NCiAgICAgICAgICAgICAgPFJ1bGVQYXJhbWV0ZXJzPg0KICAgICAgICAgICAgICAgIDxSdWxlUGFyYW1ldGVyIE5hbWU9IlN0YXJ0c1dpdGgiIFZhbHVlPSImbHQ7c3BhbiBjbGFzcz0nbGFiZWwgc3ViLWNvbnRleHQnJmd0OyIgLz4NCiAgICAgICAgICAgICAgICA8UnVsZVBhcmFtZXRlciBOYW1lPSJFbmRzV2l0aCIgVmFsdWU9IiZsdDsvc3BhbiZndDsiIC8+DQogICAgICAgICAgICAgICAgPFJ1bGVQYXJhbWV0ZXIgTmFtZT0iSWdub3JlQ2FzZSIgVmFsdWU9IkZhbHNlIiAvPg0KICAgICAgICAgICAgICAgIDxSdWxlUGFyYW1ldGVyIE5hbWU9IlVzZVJlZ3VsYXJFeHByZXNzaW9uIiBWYWx1ZT0iRmFsc2UiIC8+DQogICAgICAgICAgICAgICAgPFJ1bGVQYXJhbWV0ZXIgTmFtZT0iUmVxdWlyZWQiIFZhbHVlPSJUcnVlIiAvPg0KICAgICAgICAgICAgICAgIDxSdWxlUGFyYW1ldGVyIE5hbWU9IkV4dHJhY3RSYW5kb21NYXRjaCIgVmFsdWU9IkZhbHNlIiAvPg0KICAgICAgICAgICAgICAgIDxSdWxlUGFyYW1ldGVyIE5hbWU9IkluZGV4IiBWYWx1ZT0iMCIgLz4NCiAgICAgICAgICAgICAgICA8UnVsZVBhcmFtZXRlciBOYW1lPSJIdG1sRGVjb2RlIiBWYWx1ZT0iVHJ1ZSIgLz4NCiAgICAgICAgICAgICAgICA8UnVsZVBhcmFtZXRlciBOYW1lPSJTZWFyY2hJbkhlYWRlcnMiIFZhbHVlPSJGYWxzZSIgLz4NCiAgICAgICAgICAgICAgPC9SdWxlUGFyYW1ldGVycz4NCiAgICAgICAgICAgIDwvRXh0cmFjdGlvblJ1bGU+DQogICAgICAgICAgICA8RXh0cmFjdGlvblJ1bGUgQ2xhc3NuYW1lPSJNaWNyb3NvZnQuVmlzdWFsU3R1ZGlvLlRlc3RUb29scy5XZWJUZXN0aW5nLlJ1bGVzLkV4dHJhY3RUZXh0LCBNaWNyb3NvZnQuVmlzdWFsU3R1ZGlvLlF1YWxpdHlUb29scy5XZWJUZXN0RnJhbWV3b3JrLCBWZXJzaW9uPTEwLjAuMC4wLCBDdWx0dXJlPW5ldXRyYWwsIFB1YmxpY0tleVRva2VuPWIwM2Y1ZjdmMTFkNTBhM2EiIFZhcmlhYmxlTmFtZT0idGllcjEiIERpc3BsYXlOYW1lPSJFeHRyYWN0IFRleHQiIERlc2NyaXB0aW9uPSJFeHRyYWN0IHRleHQgZnJvbSB0aGUgcmVzcG9uc2UgYW5kIHBsYWNlIGl0IGludG8gdGhlIHRlc3QgY29udGV4dC4iPg0KICAgICAgICAgICAgICA8UnVsZVBhcmFtZXRlcnM+DQogICAgICAgICAgICAgICAgPFJ1bGVQYXJhbWV0ZXIgTmFtZT0iU3RhcnRzV2l0aCIgVmFsdWU9IiZsdDtzcGFuIGNsYXNzPSdsYWJlbCBjb250ZXh0JyZndDsiIC8+DQogICAgICAgICAgICAgICAgPFJ1bGVQYXJhbWV0ZXIgTmFtZT0iRW5kc1dpdGgiIFZhbHVlPSImbHQ7L3NwYW4mZ3Q7IiAvPg0KICAgICAgICAgICAgICAgIDxSdWxlUGFyYW1ldGVyIE5hbWU9Iklnbm9yZUNhc2UiIFZhbHVlPSJGYWxzZSIgLz4NCiAgICAgICAgICAgICAgICA8UnVsZVBhcmFtZXRlciBOYW1lPSJVc2VSZWd1bGFyRXhwcmVzc2lvbiIgVmFsdWU9IkZhbHNlIiAvPg0KICAgICAgICAgICAgICAgIDxSdWxlUGFyYW1ldGVyIE5hbWU9IlJlcXVpcmVkIiBWYWx1ZT0iVHJ1ZSIgLz4NCiAgICAgICAgICAgICAgICA8UnVsZVBhcmFtZXRlciBOYW1lPSJFeHRyYWN0UmFuZG9tTWF0Y2giIFZhbHVlPSJGYWxzZSIgLz4NCiAgICAgICAgICAgICAgICA8UnVsZVBhcmFtZXRlciBOYW1lPSJJbmRleCIgVmFsdWU9IjAiIC8+DQogICAgICAgICAgICAgICAgPFJ1bGVQYXJhbWV0ZXIgTmFtZT0iSHRtbERlY29kZSIgVmFsdWU9IlRydWUiIC8+DQogICAgICAgICAgICAgICAgPFJ1bGVQYXJhbWV0ZXIgTmFtZT0iU2VhcmNoSW5IZWFkZXJzIiBWYWx1ZT0iRmFsc2UiIC8+DQogICAgICAgICAgICAgIDwvUnVsZVBhcmFtZXRlcnM+DQogICAgICAgICAgICA8L0V4dHJhY3Rpb25SdWxlPg0KICAgICAgICAgIDwvRXh0cmFjdGlvblJ1bGVzPg0KICAgICAgICA8L1JlcXVlc3Q+DQogICAgICA8L0l0ZW1zPg0KICAgIDwvVHJhbnNhY3Rpb25UaW1lcj4NCiAgPC9JdGVtcz4NCiAgPERhdGFTb3VyY2VzPg0KICAgIDxEYXRhU291cmNlIE5hbWU9IkZhY2Vib29rSGllcmFyY2h5IiBQcm92aWRlcj0iTWljcm9zb2Z0LlZpc3VhbFN0dWRpby5UZXN0VG9vbHMuRGF0YVNvdXJjZS5DU1YiIENvbm5lY3Rpb249InxEYXRhRGlyZWN0b3J5fFwuLlwuLlxEYXRhXEZhY2Vib29rSGllcmFyY2h5LmNzdiI+DQogICAgICA8VGFibGVzPg0KICAgICAgICA8RGF0YVNvdXJjZVRhYmxlIE5hbWU9IkZhY2Vib29rSGllcmFyY2h5I2NzdiIgU2VsZWN0Q29sdW1ucz0iU2VsZWN0T25seUJvdW5kQ29sdW1ucyIgQWNjZXNzTWV0aG9kPSJTZXF1ZW50aWFsIiAvPg0KICAgICAgPC9UYWJsZXM+DQogICAgPC9EYXRhU291cmNlPg0KICA8L0RhdGFTb3VyY2VzPg0KICA8Q29udGV4dFBhcmFtZXRlcnM+DQogICAgPENvbnRleHRQYXJhbWV0ZXIgTmFtZT0iU2VydmVyVXJsIiBWYWx1ZT0iaHR0cHM6Ly9zdGFnaW5nLmJyaWdodHdoaXN0bGUuY29tIiAvPg0KICAgIDxDb250ZXh0UGFyYW1ldGVyIE5hbWU9ImF1dGhUb2tlbiIgVmFsdWU9IiIgLz4NCiAgPC9Db250ZXh0UGFyYW1ldGVycz4NCiAgPFdlYlRlc3RQbHVnaW5zPg0KICAgIDxXZWJUZXN0UGx1Z2luIENsYXNzbmFtZT0iVGVzdFBsdWdpbi5TZXJ2ZXJVcmxzLCBUZXN0UGx1Z2luLCBWZXJzaW9uPTEuMC4wLjAsIEN1bHR1cmU9bmV1dHJhbCwgUHVibGljS2V5VG9rZW49bnVsbCIgRGlzcGxheU5hbWU9IlNlcnZlclVybHMiIERlc2NyaXB0aW9uPSIiIC8+DQogIDwvV2ViVGVzdFBsdWdpbnM+DQo8L1dlYlRlc3Q+">
    </WebTest>
    <WebTest name="PERS-1670_Sites" storage="c:\medseek\automation\persuade\vsprojects\persuadeperformance\persuadeperformance\webtests\library\pers-1670_sites.webtest" priority="0" id="836f4f8b-a3fb-4610-b6b8-f220255a9b2c" persistedWebTest="77u/PD94bWwgdmVyc2lvbj0iMS4wIiBlbmNvZGluZz0iVVRGLTgiIHN0YW5kYWxvbmU9InllcyI/Pg0KPFdlYlRlc3QgTmFtZT0iUEVSUy0xNjcwX1NpdGVzIiBJZD0iODM2ZjRmOGItYTNmYi00NjEwLWI2YjgtZjIyMDI1NWE5YjJjIiBPd25lcj0iIiBQcmlvcml0eT0iMCIgRW5hYmxlZD0iVHJ1ZSIgQ3NzUHJvamVjdFN0cnVjdHVyZT0iIiBDc3NJdGVyYXRpb249IiIgVGltZW91dD0iMCIgV29ya0l0ZW1JZHM9IiIgeG1sbnM9Imh0dHA6Ly9taWNyb3NvZnQuY29tL3NjaGVtYXMvVmlzdWFsU3R1ZGlvL1RlYW1UZXN0LzIwMTAiIERlc2NyaXB0aW9uPSIiIENyZWRlbnRpYWxVc2VyTmFtZT0iIiBDcmVkZW50aWFsUGFzc3dvcmQ9IiIgUHJlQXV0aGVudGljYXRlPSJUcnVlIiBQcm94eT0iIiBTdG9wT25FcnJvcj0iRmFsc2UiIFJlY29yZGVkUmVzdWx0RmlsZT0iIiBSZXN1bHRzTG9jYWxlPSIiPg0KICA8SXRlbXM+DQogICAgPENvbW1lbnQgQ29tbWVudFRleHQ9IkxvZ2luIiAvPg0KICAgIDxUcmFuc2FjdGlvblRpbWVyIE5hbWU9IkxvZ2luIiAvPg0KICAgIDxDb21tZW50IENvbW1lbnRUZXh0PSJTZXQgSGllcmFyY2h5IiAvPg0KICAgIDxUcmFuc2FjdGlvblRpbWVyIE5hbWU9IlNldCBIaWVyYXJjaHkiPg0KICAgICAgPEl0ZW1zPg0KICAgICAgICA8SW5jbHVkZWRXZWJUZXN0IE5hbWU9IlNldEhpZXJhcmNoeSIgUGF0aD0iYzpcbWVkc2Vla1xhdXRvbWF0aW9uXHBlcnN1YWRlXHZzcHJvamVjdHNccGVyc3VhZGVwZXJmb3JtYW5jZVxwZXJzdWFkZXBlcmZvcm1hbmNlXHdlYnRlc3RzXGdsb2JhbCB0ZXN0c1xzZXRoaWVyYXJjaHkud2VidGVzdCIgSWQ9IjYxY2JmMDM4LTcyODctNGE1ZC1hZTE2LWU1NmU4MTMzNTg1MiIgSXNDb2RlZFdlYlRlc3Q9IkZhbHNlIiBJbmhlcml0V2ViVGVzdFNldHRpbmdzPSJGYWxzZSIgLz4NCiAgICAgIDwvSXRlbXM+DQogICAgPC9UcmFuc2FjdGlvblRpbWVyPg0KICAgIDxDb21tZW50IENvbW1lbnRUZXh0PSJTaXRlcyIgLz4NCiAgICA8VHJhbnNhY3Rpb25UaW1lciBOYW1lPSJTaXRlcyI+DQogICAgICA8SXRlbXM+DQogICAgICAgIDxSZXF1ZXN0IE1ldGhvZD0iR0VUIiBHdWlkPSJjN2VmMjMxOC1jOTMyLTRiNDQtODdlNy1jZDBjNzJhNzE5ZmMiIFZlcnNpb249IjEuMSIgVXJsPSJ7e1NlcnZlclVybH19L3NpdGVzIiBUaGlua1RpbWU9IjAiIFRpbWVvdXQ9IjYwIiBQYXJzZURlcGVuZGVudFJlcXVlc3RzPSJUcnVlIiBGb2xsb3dSZWRpcmVjdHM9IlRydWUiIFJlY29yZFJlc3VsdD0iVHJ1ZSIgQ2FjaGU9IkZhbHNlIiBSZXNwb25zZVRpbWVHb2FsPSIwIiBFbmNvZGluZz0idXRmLTgiIEV4cGVjdGVkSHR0cFN0YXR1c0NvZGU9IjAiIEV4cGVjdGVkUmVzcG9uc2VVcmw9IiIgUmVwb3J0aW5nTmFtZT0iIiBJZ25vcmVIdHRwU3RhdHVzQ29kZT0iRmFsc2UiPg0KICAgICAgICAgIDxIZWFkZXJzPg0KICAgICAgICAgICAgPEhlYWRlciBOYW1lPSJVcGdyYWRlLUluc2VjdXJlLVJlcXVlc3RzIiBWYWx1ZT0iMSIgLz4NCiAgICAgICAgICAgIDxIZWFkZXIgTmFtZT0iSWYtTm9uZS1NYXRjaCIgVmFsdWU9IiZxdW90O2JhODg5MDI1MzJiNDBkZWY0OTEzNDRhOGQ2YzYzYzI5JnF1b3Q7IiAvPg0KICAgICAgICAgIDwvSGVhZGVycz4NCiAgICAgICAgPC9SZXF1ZXN0Pg0KICAgICAgPC9JdGVtcz4NCiAgICA8L1RyYW5zYWN0aW9uVGltZXI+DQogICAgPENvbW1lbnQgQ29tbWVudFRleHQ9IkNyZWF0ZSIgLz4NCiAgICA8VHJhbnNhY3Rpb25UaW1lciBOYW1lPSJDcmVhdGUgU2l0ZSI+DQogICAgICA8SXRlbXM+DQogICAgICAgIDxSZXF1ZXN0IE1ldGhvZD0iR0VUIiBHdWlkPSJlNGRlOGI2Zi0xNDc4LTRmYWItODQ2Yi1mYzBmMWNhOWRiOTEiIFZlcnNpb249IjEuMSIgVXJsPSJ7e1NlcnZlclVybH19L3NpdGVzL25ldyIgVGhpbmtUaW1lPSItMSIgVGltZW91dD0iNjAiIFBhcnNlRGVwZW5kZW50UmVxdWVzdHM9IlRydWUiIEZvbGxvd1JlZGlyZWN0cz0iVHJ1ZSIgUmVjb3JkUmVzdWx0PSJUcnVlIiBDYWNoZT0iRmFsc2UiIFJlc3BvbnNlVGltZUdvYWw9IjAiIEVuY29kaW5nPSJ1dGYtOCIgRXhwZWN0ZWRIdHRwU3RhdHVzQ29kZT0iMCIgRXhwZWN0ZWRSZXNwb25zZVVybD0iIiBSZXBvcnRpbmdOYW1lPSIiIElnbm9yZUh0dHBTdGF0dXNDb2RlPSJGYWxzZSI+DQogICAgICAgICAgPEhlYWRlcnM+DQogICAgICAgICAgICA8SGVhZGVyIE5hbWU9IlgtQ1NSRi1Ub2tlbiIgVmFsdWU9Int7YXV0aFRva2VufX0iIC8+DQogICAgICAgICAgICA8SGVhZGVyIE5hbWU9IlgtUmVxdWVzdGVkLVdpdGgiIFZhbHVlPSJYTUxIdHRwUmVxdWVzdCIgLz4NCiAgICAgICAgICAgIDxIZWFkZXIgTmFtZT0iSWYtTm9uZS1NYXRjaCIgVmFsdWU9IiZxdW90O2VkNzgwZjBjZGJmMGIwZTZhMzVmMmNhZDk4NjIwM2Q5JnF1b3Q7IiAvPg0KICAgICAgICAgIDwvSGVhZGVycz4NCiAgICAgICAgICA8RXh0cmFjdGlvblJ1bGVzPg0KICAgICAgICAgICAgPEV4dHJhY3Rpb25SdWxlIENsYXNzbmFtZT0iTWljcm9zb2Z0LlZpc3VhbFN0dWRpby5UZXN0VG9vbHMuV2ViVGVzdGluZy5SdWxlcy5FeHRyYWN0QXR0cmlidXRlVmFsdWUsIE1pY3Jvc29mdC5WaXN1YWxTdHVkaW8uUXVhbGl0eVRvb2xzLldlYlRlc3RGcmFtZXdvcmssIFZlcnNpb249MTAuMC4wLjAsIEN1bHR1cmU9bmV1dHJhbCwgUHVibGljS2V5VG9rZW49YjAzZjVmN2YxMWQ1MGEzYSIgVmFyaWFibGVOYW1lPSJkb21haW5JZCIgRGlzcGxheU5hbWU9IkV4dHJhY3QgQXR0cmlidXRlIFZhbHVlIiBEZXNjcmlwdGlvbj0iRXh0cmFjdCB0aGUgdmFsdWUgb2YgYW4gYXR0cmlidXRlIGZyb20gYSBzcGVjaWZpZWQgSFRNTCB0YWcuIj4NCiAgICAgICAgICAgICAgPFJ1bGVQYXJhbWV0ZXJzPg0KICAgICAgICAgICAgICAgIDxSdWxlUGFyYW1ldGVyIE5hbWU9IlRhZ05hbWUiIFZhbHVlPSJvcHRpb24iIC8+DQogICAgICAgICAgICAgICAgPFJ1bGVQYXJhbWV0ZXIgTmFtZT0iQXR0cmlidXRlTmFtZSIgVmFsdWU9InZhbHVlIiAvPg0KICAgICAgICAgICAgICAgIDxSdWxlUGFyYW1ldGVyIE5hbWU9Ik1hdGNoQXR0cmlidXRlTmFtZSIgVmFsdWU9IiIgLz4NCiAgICAgICAgICAgICAgICA8UnVsZVBhcmFtZXRlciBOYW1lPSJNYXRjaEF0dHJpYnV0ZVZhbHVlIiBWYWx1ZT0iIiAvPg0KICAgICAgICAgICAgICAgIDxSdWxlUGFyYW1ldGVyIE5hbWU9Ikh0bWxEZWNvZGUiIFZhbHVlPSJUcnVlIiAvPg0KICAgICAgICAgICAgICAgIDxSdWxlUGFyYW1ldGVyIE5hbWU9IlJlcXVpcmVkIiBWYWx1ZT0iVHJ1ZSIgLz4NCiAgICAgICAgICAgICAgICA8UnVsZVBhcmFtZXRlciBOYW1lPSJJbmRleCIgVmFsdWU9IjEiIC8+DQogICAgICAgICAgICAgIDwvUnVsZVBhcmFtZXRlcnM+DQogICAgICAgICAgICA8L0V4dHJhY3Rpb25SdWxlPg0KICAgICAgICAgICAgPEV4dHJhY3Rpb25SdWxlIENsYXNzbmFtZT0iTWljcm9zb2Z0LlZpc3VhbFN0dWRpby5UZXN0VG9vbHMuV2ViVGVzdGluZy5SdWxlcy5FeHRyYWN0QXR0cmlidXRlVmFsdWUsIE1pY3Jvc29mdC5WaXN1YWxTdHVkaW8uUXVhbGl0eVRvb2xzLldlYlRlc3RGcmFtZXdvcmssIFZlcnNpb249MTAuMC4wLjAsIEN1bHR1cmU9bmV1dHJhbCwgUHVibGljS2V5VG9rZW49YjAzZjVmN2YxMWQ1MGEzYSIgVmFyaWFibGVOYW1lPSJsYW5kaW5nUGFnZUlkIiBEaXNwbGF5TmFtZT0iRXh0cmFjdCBBdHRyaWJ1dGUgVmFsdWUiIERlc2NyaXB0aW9uPSJFeHRyYWN0IHRoZSB2YWx1ZSBvZiBhbiBhdHRyaWJ1dGUgZnJvbSBhIHNwZWNpZmllZCBIVE1MIHRhZy4iPg0KICAgICAgICAgICAgICA8UnVsZVBhcmFtZXRlcnM+DQogICAgICAgICAgICAgICAgPFJ1bGVQYXJhbWV0ZXIgTmFtZT0iVGFnTmFtZSIgVmFsdWU9Im9wdGlvbiIgLz4NCiAgICAgICAgICAgICAgICA8UnVsZVBhcmFtZXRlciBOYW1lPSJBdHRyaWJ1dGVOYW1lIiBWYWx1ZT0idmFsdWUiIC8+DQogICAgICAgICAgICAgICAgPFJ1bGVQYXJhbWV0ZXIgTmFtZT0iTWF0Y2hBdHRyaWJ1dGVOYW1lIiBWYWx1ZT0iIiAvPg0KICAgICAgICAgICAgICAgIDxSdWxlUGFyYW1ldGVyIE5hbWU9Ik1hdGNoQXR0cmlidXRlVmFsdWUiIFZhbHVlPSIiIC8+DQogICAgICAgICAgICAgICAgPFJ1bGVQYXJhbWV0ZXIgTmFtZT0iSHRtbERlY29kZSIgVmFsdWU9IlRydWUiIC8+DQogICAgICAgICAgICAgICAgPFJ1bGVQYXJhbWV0ZXIgTmFtZT0iUmVxdWlyZWQiIFZhbHVlPSJUcnVlIiAvPg0KICAgICAgICAgICAgICAgIDxSdWxlUGFyYW1ldGVyIE5hbWU9IkluZGV4IiBWYWx1ZT0iMTUiIC8+DQogICAgICAgICAgICAgIDwvUnVsZVBhcmFtZXRlcnM+DQogICAgICAgICAgICA8L0V4dHJhY3Rpb25SdWxlPg0KICAgICAgICAgIDwvRXh0cmFjdGlvblJ1bGVzPg0KICAgICAgICA8L1JlcXVlc3Q+DQogICAgICA8L0l0ZW1zPg0KICAgIDwvVHJhbnNhY3Rpb25UaW1lcj4NCiAgICA8Q29tbWVudCBDb21tZW50VGV4dD0iU2F2ZSBTaXRlIiAvPg0KICAgIDxUcmFuc2FjdGlvblRpbWVyIE5hbWU9IlNhdmUgU2l0ZSI+DQogICAgICA8SXRlbXM+DQogICAgICAgIDxSZXF1ZXN0IE1ldGhvZD0iUE9TVCIgR3VpZD0iMWM2MDlmZDItY2ExNS00ZDhiLTk2NDgtYTc2OGE2NmE5MTU1IiBWZXJzaW9uPSIxLjEiIFVybD0ie3tTZXJ2ZXJVcmx9fS9zaXRlcyIgVGhpbmtUaW1lPSIwIiBUaW1lb3V0PSI2MCIgUGFyc2VEZXBlbmRlbnRSZXF1ZXN0cz0iVHJ1ZSIgRm9sbG93UmVkaXJlY3RzPSJUcnVlIiBSZWNvcmRSZXN1bHQ9IlRydWUiIENhY2hlPSJGYWxzZSIgUmVzcG9uc2VUaW1lR29hbD0iMCIgRW5jb2Rpbmc9InV0Zi04IiBFeHBlY3RlZEh0dHBTdGF0dXNDb2RlPSIwIiBFeHBlY3RlZFJlc3BvbnNlVXJsPSIiIFJlcG9ydGluZ05hbWU9IiIgSWdub3JlSHR0cFN0YXR1c0NvZGU9IkZhbHNlIj4NCiAgICAgICAgICA8SGVhZGVycz4NCiAgICAgICAgICAgIDxIZWFkZXIgTmFtZT0iT3JpZ2luIiBWYWx1ZT0ie3tTZXJ2ZXJVcmx9fSIgLz4NCiAgICAgICAgICAgIDxIZWFkZXIgTmFtZT0iWC1DU1JGLVRva2VuIiBWYWx1ZT0ie3thdXRoVG9rZW59fSIgLz4NCiAgICAgICAgICAgIDxIZWFkZXIgTmFtZT0iWC1SZXF1ZXN0ZWQtV2l0aCIgVmFsdWU9IlhNTEh0dHBSZXF1ZXN0IiAvPg0KICAgICAgICAgICAgPEhlYWRlciBOYW1lPSJDb250ZW50LVR5cGUiIFZhbHVlPSJhcHBsaWNhdGlvbi94LXd3dy1mb3JtLXVybGVuY29kZWQiIC8+DQogICAgICAgICAgPC9IZWFkZXJzPg0KICAgICAgICAgIDxGb3JtUG9zdEh0dHBCb2R5Pg0KICAgICAgICAgICAgPEZvcm1Qb3N0UGFyYW1ldGVyIE5hbWU9InV0ZjgiIFZhbHVlPSLinJMiIFJlY29yZGVkVmFsdWU9IiIgQ29ycmVsYXRpb25CaW5kaW5nPSIiIFVybEVuY29kZT0iVHJ1ZSIgLz4NCiAgICAgICAgICAgIDxGb3JtUG9zdFBhcmFtZXRlciBOYW1lPSJhdXRoZW50aWNpdHlfdG9rZW4iIFZhbHVlPSJ7e2F1dGhUb2tlbn19IiBSZWNvcmRlZFZhbHVlPSIiIENvcnJlbGF0aW9uQmluZGluZz0iIiBVcmxFbmNvZGU9IlRydWUiIC8+DQogICAgICAgICAgICA8Rm9ybVBvc3RQYXJhbWV0ZXIgTmFtZT0iYWdlbmN5X2lkIiBWYWx1ZT0ie3tIaWVyYXJjaHkuSGllcmFyY2h5I2Nzdi5UaWVyMUlkfX0iIFJlY29yZGVkVmFsdWU9IiIgQ29ycmVsYXRpb25CaW5kaW5nPSIiIFVybEVuY29kZT0iVHJ1ZSIgLz4NCiAgICAgICAgICAgIDxGb3JtUG9zdFBhcmFtZXRlciBOYW1lPSJzaXRlW2NsaWVudF9pZF0iIFZhbHVlPSJ7e0hpZXJhcmNoeS5IaWVyYXJjaHkjY3N2LlRpZXIySWR9fSIgUmVjb3JkZWRWYWx1ZT0iIiBDb3JyZWxhdGlvbkJpbmRpbmc9IiIgVXJsRW5jb2RlPSJUcnVlIiAvPg0KICAgICAgICAgICAgPEZvcm1Qb3N0UGFyYW1ldGVyIE5hbWU9InNpdGVbaXNfYWN0aXZlXSIgVmFsdWU9IjAiIFJlY29yZGVkVmFsdWU9IiIgQ29ycmVsYXRpb25CaW5kaW5nPSIiIFVybEVuY29kZT0iVHJ1ZSIgLz4NCiAgICAgICAgICAgIDxGb3JtUG9zdFBhcmFtZXRlciBOYW1lPSJzaXRlW2lzX2FjdGl2ZV0iIFZhbHVlPSIxIiBSZWNvcmRlZFZhbHVlPSIiIENvcnJlbGF0aW9uQmluZGluZz0iIiBVcmxFbmNvZGU9IlRydWUiIC8+DQogICAgICAgICAgICA8Rm9ybVBvc3RQYXJhbWV0ZXIgTmFtZT0ic2l0ZVtyZWRpcmVjdF0iIFZhbHVlPSIwIiBSZWNvcmRlZFZhbHVlPSIiIENvcnJlbGF0aW9uQmluZGluZz0iIiBVcmxFbmNvZGU9IlRydWUiIC8+DQogICAgICAgICAgICA8Rm9ybVBvc3RQYXJhbWV0ZXIgTmFtZT0ic2l0ZVtwZXJtYW5lbnRfcmVkaXJlY3RdIiBWYWx1ZT0iMCIgUmVjb3JkZWRWYWx1ZT0iIiBDb3JyZWxhdGlvbkJpbmRpbmc9IiIgVXJsRW5jb2RlPSJUcnVlIiAvPg0KICAgICAgICAgICAgPEZvcm1Qb3N0UGFyYW1ldGVyIE5hbWU9InNpdGVbcmVkaXJlY3RfdXJsXSIgVmFsdWU9IiIgUmVjb3JkZWRWYWx1ZT0iIiBDb3JyZWxhdGlvbkJpbmRpbmc9IiIgVXJsRW5jb2RlPSJUcnVlIiAvPg0KICAgICAgICAgICAgPEZvcm1Qb3N0UGFyYW1ldGVyIE5hbWU9InNpdGVbbmFtZV0iIFZhbHVlPSJwZXJmVGVzdFNpdGV7e3NlZWROdW1iZXJ9fSIgUmVjb3JkZWRWYWx1ZT0iIiBDb3JyZWxhdGlvbkJpbmRpbmc9IiIgVXJsRW5jb2RlPSJUcnVlIiAvPg0KICAgICAgICAgICAgPEZvcm1Qb3N0UGFyYW1ldGVyIE5hbWU9InNpdGVbZG9tYWluX2lkXSIgVmFsdWU9Int7ZG9tYWluSWR9fSIgUmVjb3JkZWRWYWx1ZT0iIiBDb3JyZWxhdGlvbkJpbmRpbmc9IiIgVXJsRW5jb2RlPSJUcnVlIiAvPg0KICAgICAgICAgICAgPEZvcm1Qb3N0UGFyYW1ldGVyIE5hbWU9InNpdGVbc3ViX2RvbWFpbl0iIFZhbHVlPSIiIFJlY29yZGVkVmFsdWU9IiIgQ29ycmVsYXRpb25CaW5kaW5nPSIiIFVybEVuY29kZT0iVHJ1ZSIgLz4NCiAgICAgICAgICAgIDxGb3JtUG9zdFBhcmFtZXRlciBOYW1lPSJzaXRlW3RlbXBsYXRlX2F0dHJpYnV0ZXNdW2RhdGFfaXNfc2VhcmNoYWJsZV0iIFZhbHVlPSIwIiBSZWNvcmRlZFZhbHVlPSIiIENvcnJlbGF0aW9uQmluZGluZz0iIiBVcmxFbmNvZGU9IlRydWUiIC8+DQogICAgICAgICAgICA8Rm9ybVBvc3RQYXJhbWV0ZXIgTmFtZT0ic2l0ZVt0ZW1wbGF0ZV9hdHRyaWJ1dGVzXVtkYXRhX2luY2x1ZGVfZm9vdGVyXSIgVmFsdWU9IjAiIFJlY29yZGVkVmFsdWU9IiIgQ29ycmVsYXRpb25CaW5kaW5nPSIiIFVybEVuY29kZT0iVHJ1ZSIgLz4NCiAgICAgICAgICAgIDxGb3JtUG9zdFBhcmFtZXRlciBOYW1lPSJzaXRlW3RlbXBsYXRlX2F0dHJpYnV0ZXNdW2RhdGFfaW5jbHVkZV9mb290ZXJdIiBWYWx1ZT0iMSIgUmVjb3JkZWRWYWx1ZT0iIiBDb3JyZWxhdGlvbkJpbmRpbmc9IiIgVXJsRW5jb2RlPSJUcnVlIiAvPg0KICAgICAgICAgICAgPEZvcm1Qb3N0UGFyYW1ldGVyIE5hbWU9InNpdGVbdGVtcGxhdGVfYXR0cmlidXRlc11bZGF0YV9mb290ZXJfdGV4dF0iIFZhbHVlPSIiIFJlY29yZGVkVmFsdWU9IiIgQ29ycmVsYXRpb25CaW5kaW5nPSIiIFVybEVuY29kZT0iVHJ1ZSIgLz4NCiAgICAgICAgICAgIDxGb3JtUG9zdFBhcmFtZXRlciBOYW1lPSJzaXRlW3RlbXBsYXRlX2F0dHJpYnV0ZXNdW2RhdGFfZXh0cmFfdGhhbmtfeW91XSIgVmFsdWU9IiIgUmVjb3JkZWRWYWx1ZT0iIiBDb3JyZWxhdGlvbkJpbmRpbmc9IiIgVXJsRW5jb2RlPSJUcnVlIiAvPg0KICAgICAgICAgICAgPEZvcm1Qb3N0UGFyYW1ldGVyIE5hbWU9InNpdGVbdGVtcGxhdGVfYXR0cmlidXRlc11bY29sb3JfZGF0YV1bc2l0ZV9iYWNrZ3JvdW5kXSIgVmFsdWU9IiIgUmVjb3JkZWRWYWx1ZT0iIiBDb3JyZWxhdGlvbkJpbmRpbmc9IiIgVXJsRW5jb2RlPSJUcnVlIiAvPg0KICAgICAgICAgICAgPEZvcm1Qb3N0UGFyYW1ldGVyIE5hbWU9InNpdGVbdGVtcGxhdGVfYXR0cmlidXRlc11bY29sb3JfZGF0YV1bd3JhcHBlcl9ib3JkZXJdIiBWYWx1ZT0iIiBSZWNvcmRlZFZhbHVlPSIiIENvcnJlbGF0aW9uQmluZGluZz0iIiBVcmxFbmNvZGU9IlRydWUiIC8+DQogICAgICAgICAgICA8Rm9ybVBvc3RQYXJhbWV0ZXIgTmFtZT0ic2l0ZVt0ZW1wbGF0ZV9hdHRyaWJ1dGVzXVtjb2xvcl9kYXRhXVthY3RpdmVfbWVudV9pdGVtXSIgVmFsdWU9IiIgUmVjb3JkZWRWYWx1ZT0iIiBDb3JyZWxhdGlvbkJpbmRpbmc9IiIgVXJsRW5jb2RlPSJUcnVlIiAvPg0KICAgICAgICAgICAgPEZvcm1Qb3N0UGFyYW1ldGVyIE5hbWU9InNpdGVbdGVtcGxhdGVfYXR0cmlidXRlc11bY29sb3JfZGF0YV1bZm9vdGVyX2xpbmtdIiBWYWx1ZT0iIiBSZWNvcmRlZFZhbHVlPSIiIENvcnJlbGF0aW9uQmluZGluZz0iIiBVcmxFbmNvZGU9IlRydWUiIC8+DQogICAgICAgICAgICA8Rm9ybVBvc3RQYXJhbWV0ZXIgTmFtZT0ic2l0ZVt0ZW1wbGF0ZV9hdHRyaWJ1dGVzXVtjb2xvcl9kYXRhXVtmb290ZXJfdGV4dF0iIFZhbHVlPSIiIFJlY29yZGVkVmFsdWU9IiIgQ29ycmVsYXRpb25CaW5kaW5nPSIiIFVybEVuY29kZT0iVHJ1ZSIgLz4NCiAgICAgICAgICAgIDxGb3JtUG9zdFBhcmFtZXRlciBOYW1lPSJzaXRlW3NpdGVfcGFnZXNfYXR0cmlidXRlc11bNl1bbWVudV9wb3NpdGlvbl0iIFZhbHVlPSIxIiBSZWNvcmRlZFZhbHVlPSIiIENvcnJlbGF0aW9uQmluZGluZz0iIiBVcmxFbmNvZGU9IlRydWUiIC8+DQogICAgICAgICAgICA8Rm9ybVBvc3RQYXJhbWV0ZXIgTmFtZT0ic2l0ZVtzaXRlX3BhZ2VzX2F0dHJpYnV0ZXNdWzZdW2lzX2Zvb3Rlcl0iIFZhbHVlPSJmYWxzZSIgUmVjb3JkZWRWYWx1ZT0iIiBDb3JyZWxhdGlvbkJpbmRpbmc9IiIgVXJsRW5jb2RlPSJUcnVlIiAvPg0KICAgICAgICAgICAgPEZvcm1Qb3N0UGFyYW1ldGVyIE5hbWU9InNpdGVbc2l0ZV9wYWdlc19hdHRyaWJ1dGVzXVs2XVttZW51X2xhYmVsXSIgVmFsdWU9InBlcmZUZXN0UGFnZXt7c2VlZE51bWJlcn19IiBSZWNvcmRlZFZhbHVlPSIiIENvcnJlbGF0aW9uQmluZGluZz0iIiBVcmxFbmNvZGU9IlRydWUiIC8+DQogICAgICAgICAgICA8Rm9ybVBvc3RQYXJhbWV0ZXIgTmFtZT0ic2l0ZVtzaXRlX3BhZ2VzX2F0dHJpYnV0ZXNdWzZdW3NsdWddIiBWYWx1ZT0icGVyZlRlc3RQYWdle3tzZWVkTnVtYmVyfX0iIFJlY29yZGVkVmFsdWU9IiIgQ29ycmVsYXRpb25CaW5kaW5nPSIiIFVybEVuY29kZT0iVHJ1ZSIgLz4NCiAgICAgICAgICAgIDxGb3JtUG9zdFBhcmFtZXRlciBOYW1lPSJzaXRlW3NpdGVfcGFnZXNfYXR0cmlidXRlc11bNl1bbGFuZGluZ19wYWdlX2lkXSIgVmFsdWU9Int7bGFuZGluZ1BhZ2VJZH19IiBSZWNvcmRlZFZhbHVlPSIiIENvcnJlbGF0aW9uQmluZGluZz0iIiBVcmxFbmNvZGU9IlRydWUiIC8+DQogICAgICAgICAgICA8Rm9ybVBvc3RQYXJhbWV0ZXIgTmFtZT0ic2l0ZVt0ZW1wbGF0ZV9hdHRyaWJ1dGVzXVt0eXBlXSIgVmFsdWU9IlRlbXBsYXRlczo6U2l0ZSIgUmVjb3JkZWRWYWx1ZT0iIiBDb3JyZWxhdGlvbkJpbmRpbmc9IiIgVXJsRW5jb2RlPSJUcnVlIiAvPg0KICAgICAgICAgIDwvRm9ybVBvc3RIdHRwQm9keT4NCiAgICAgICAgPC9SZXF1ZXN0Pg0KICAgICAgICA8UmVxdWVzdCBNZXRob2Q9IkdFVCIgR3VpZD0iYjExM2RkYmEtOGUxZS00YmRiLTk5Y2YtOTQ1YjM0YzJjY2MzIiBWZXJzaW9uPSIxLjEiIFVybD0ie3tTZXJ2ZXJVcmx9fS9zaXRlcyIgVGhpbmtUaW1lPSIwIiBUaW1lb3V0PSI2MCIgUGFyc2VEZXBlbmRlbnRSZXF1ZXN0cz0iVHJ1ZSIgRm9sbG93UmVkaXJlY3RzPSJUcnVlIiBSZWNvcmRSZXN1bHQ9IlRydWUiIENhY2hlPSJGYWxzZSIgUmVzcG9uc2VUaW1lR29hbD0iMCIgRW5jb2Rpbmc9InV0Zi04IiBFeHBlY3RlZEh0dHBTdGF0dXNDb2RlPSIwIiBFeHBlY3RlZFJlc3BvbnNlVXJsPSIiIFJlcG9ydGluZ05hbWU9IiIgSWdub3JlSHR0cFN0YXR1c0NvZGU9IkZhbHNlIj4NCiAgICAgICAgICA8SGVhZGVycz4NCiAgICAgICAgICAgIDxIZWFkZXIgTmFtZT0iWC1DU1JGLVRva2VuIiBWYWx1ZT0ie3thdXRoVG9rZW59fSIgLz4NCiAgICAgICAgICAgIDxIZWFkZXIgTmFtZT0iWC1SZXF1ZXN0ZWQtV2l0aCIgVmFsdWU9IlhNTEh0dHBSZXF1ZXN0IiAvPg0KICAgICAgICAgICAgPEhlYWRlciBOYW1lPSJYLVBKQVgiIFZhbHVlPSJ0cnVlIiAvPg0KICAgICAgICAgICAgPEhlYWRlciBOYW1lPSJJZi1Ob25lLU1hdGNoIiBWYWx1ZT0iJnF1b3Q7NmMzMzU4MjljNDc2YTQwNmU5NDUyOTQzY2ZhNjI2M2UmcXVvdDsiIC8+DQogICAgICAgICAgPC9IZWFkZXJzPg0KICAgICAgICAgIDxRdWVyeVN0cmluZ1BhcmFtZXRlcnM+DQogICAgICAgICAgICA8UXVlcnlTdHJpbmdQYXJhbWV0ZXIgTmFtZT0iX3BqYXgiIFZhbHVlPSJ0cnVlIiBSZWNvcmRlZFZhbHVlPSIiIENvcnJlbGF0aW9uQmluZGluZz0iIiBVcmxFbmNvZGU9IlRydWUiIFVzZVRvR3JvdXBSZXN1bHRzPSJGYWxzZSIgLz4NCiAgICAgICAgICA8L1F1ZXJ5U3RyaW5nUGFyYW1ldGVycz4NCiAgICAgICAgPC9SZXF1ZXN0Pg0KICAgICAgPC9JdGVtcz4NCiAgICA8L1RyYW5zYWN0aW9uVGltZXI+DQogICAgPENvbW1lbnQgQ29tbWVudFRleHQ9IkxvZ291dCIgLz4NCiAgICA8VHJhbnNhY3Rpb25UaW1lciBOYW1lPSJMb2dvdXQiPg0KICAgICAgPEl0ZW1zPg0KICAgICAgICA8SW5jbHVkZWRXZWJUZXN0IE5hbWU9IkxvZ291dCIgUGF0aD0iYzpcbWVkc2Vla1xhdXRvbWF0aW9uXHBlcnN1YWRlXHZzcHJvamVjdHNccGVyc3VhZGVwZXJmb3JtYW5jZVxwZXJzdWFkZXBlcmZvcm1hbmNlXHdlYnRlc3RzXGdsb2JhbCB0ZXN0c1xsb2dvdXQud2VidGVzdCIgSWQ9ImQzZmRmNDg0LTE5YTgtNGYwMi05Mjc2LTE3NzY1MjkzOTk1OCIgSXNDb2RlZFdlYlRlc3Q9IkZhbHNlIiBJbmhlcml0V2ViVGVzdFNldHRpbmdzPSJGYWxzZSIgLz4NCiAgICAgIDwvSXRlbXM+DQogICAgPC9UcmFuc2FjdGlvblRpbWVyPg0KICA8L0l0ZW1zPg0KICA8RGF0YVNvdXJjZXM+DQogICAgPERhdGFTb3VyY2UgTmFtZT0iSGllcmFyY2h5IiBQcm92aWRlcj0iTWljcm9zb2Z0LlZpc3VhbFN0dWRpby5UZXN0VG9vbHMuRGF0YVNvdXJjZS5DU1YiIENvbm5lY3Rpb249InxEYXRhRGlyZWN0b3J5fFwuLlwuLlxEYXRhXEhpZXJhcmNoeS5jc3YiPg0KICAgICAgPFRhYmxlcz4NCiAgICAgICAgPERhdGFTb3VyY2VUYWJsZSBOYW1lPSJIaWVyYXJjaHkjY3N2IiBTZWxlY3RDb2x1bW5zPSJTZWxlY3RPbmx5Qm91bmRDb2x1bW5zIiBBY2Nlc3NNZXRob2Q9IlNlcXVlbnRpYWwiIC8+DQogICAgICA8L1RhYmxlcz4NCiAgICA8L0RhdGFTb3VyY2U+DQogIDwvRGF0YVNvdXJjZXM+DQogIDxDb250ZXh0UGFyYW1ldGVycz4NCiAgICA8Q29udGV4dFBhcmFtZXRlciBOYW1lPSJTZXJ2ZXJVcmwiIFZhbHVlPSJodHRwczovL3N0YWdpbmcuYnJpZ2h0d2hpc3RsZS5jb20iIC8+DQogIDwvQ29udGV4dFBhcmFtZXRlcnM+DQogIDxXZWJUZXN0UGx1Z2lucz4NCiAgICA8V2ViVGVzdFBsdWdpbiBDbGFzc25hbWU9IlRlc3RQbHVnaW4uU2VlZCwgVGVzdFBsdWdpbiwgVmVyc2lvbj0xLjAuMC4wLCBDdWx0dXJlPW5ldXRyYWwsIFB1YmxpY0tleVRva2VuPW51bGwiIERpc3BsYXlOYW1lPSJTZWVkIiBEZXNjcmlwdGlvbj0iIiAvPg0KICAgIDxXZWJUZXN0UGx1Z2luIENsYXNzbmFtZT0iVGVzdFBsdWdpbi5TZXJ2ZXJVcmxzLCBUZXN0UGx1Z2luLCBWZXJzaW9uPTEuMC4wLjAsIEN1bHR1cmU9bmV1dHJhbCwgUHVibGljS2V5VG9rZW49bnVsbCIgRGlzcGxheU5hbWU9IlNlcnZlclVybHMiIERlc2NyaXB0aW9uPSIiIC8+DQogIDwvV2ViVGVzdFBsdWdpbnM+DQo8L1dlYlRlc3Q+">
      <Execution id="defb4b1c-63ed-4ac2-88e4-ac25c8dd29ad" />
    </WebTest>
  </TestDefinitions>
  <TestLists>
    <TestList name="Results Not in a List" id="8c84fa94-04c1-424b-9868-57a2d4851a1d" />
    <TestList name="All Loaded Results" id="19431567-8539-422a-85d7-44ee4e166bda" />
  </TestLists>
  <TestEntries>
    <TestEntry isTransparent="false" testId="8ea52687-1365-483e-91ea-d50c96b8e29f" executionId="f2047166-fd74-4035-94dc-3a4009b6ee0c" testListId="8c84fa94-04c1-424b-9868-57a2d4851a1d">
      <TestEntries>
        <TestEntry isTransparent="false" testId="27b96a5f-b657-4727-bdd9-928c4a2426ad" executionId="7e69a8fe-20de-48c3-a521-8c621cd5802a" parentExecutionId="f2047166-fd74-4035-94dc-3a4009b6ee0c" testListId="8c84fa94-04c1-424b-9868-57a2d4851a1d">
          <TestEntries>
            <TestEntry isTransparent="false" testId="61cbf038-7287-4a5d-ae16-e56e81335852" executionId="cca03ff3-8c18-43e4-b658-91bc79f6dd6f" parentExecutionId="7e69a8fe-20de-48c3-a521-8c621cd5802a" testListId="8c84fa94-04c1-424b-9868-57a2d4851a1d">
              <TestEntries>
                <TestEntry isTransparent="false" testId="6e961aa2-1090-4a72-8f5c-09858eb28a54" executionId="336e3a79-ce51-42c1-b12f-8a162d1cf8c0" parentExecutionId="cca03ff3-8c18-43e4-b658-91bc79f6dd6f" testListId="8c84fa94-04c1-424b-9868-57a2d4851a1d" />
              </TestEntries>
            </TestEntry>
            <TestEntry isTransparent="false" testId="d3fdf484-19a8-4f02-9276-177652939958" executionId="3a3568f6-63b7-4ed5-b166-8038179db2fd" parentExecutionId="7e69a8fe-20de-48c3-a521-8c621cd5802a" testListId="8c84fa94-04c1-424b-9868-57a2d4851a1d" />
          </TestEntries>
        </TestEntry>
        <TestEntry isTransparent="false" testId="f1894e03-4f1f-442a-9bc0-86a2de58caba" executionId="81be3eb2-ec56-432b-b160-5a7a084e7364" parentExecutionId="f2047166-fd74-4035-94dc-3a4009b6ee0c" testListId="8c84fa94-04c1-424b-9868-57a2d4851a1d">
          <TestEntries>
            <TestEntry isTransparent="false" testId="61cbf038-7287-4a5d-ae16-e56e81335852" executionId="e224d4e3-8793-452c-846c-1126d1b4e114" parentExecutionId="81be3eb2-ec56-432b-b160-5a7a084e7364" testListId="8c84fa94-04c1-424b-9868-57a2d4851a1d">
              <TestEntries>
                <TestEntry isTransparent="false" testId="6e961aa2-1090-4a72-8f5c-09858eb28a54" executionId="bee6fd95-1f4d-4b07-a482-c75d487dca1c" parentExecutionId="e224d4e3-8793-452c-846c-1126d1b4e114" testListId="8c84fa94-04c1-424b-9868-57a2d4851a1d" />
              </TestEntries>
            </TestEntry>
            <TestEntry isTransparent="false" testId="d3fdf484-19a8-4f02-9276-177652939958" executionId="30e40c76-7c6b-4d82-8927-fc199a759e59" parentExecutionId="81be3eb2-ec56-432b-b160-5a7a084e7364" testListId="8c84fa94-04c1-424b-9868-57a2d4851a1d" />
          </TestEntries>
        </TestEntry>
        <TestEntry isTransparent="false" testId="683d31eb-64c1-48db-8c41-afc8e02a00a1" executionId="e1c74b79-8dba-42a8-8550-265cefd371fe" parentExecutionId="f2047166-fd74-4035-94dc-3a4009b6ee0c" testListId="8c84fa94-04c1-424b-9868-57a2d4851a1d">
          <TestEntries>
            <TestEntry isTransparent="false" testId="6e961aa2-1090-4a72-8f5c-09858eb28a54" executionId="2a8813d8-ac74-445e-ae30-5a0cb6c8da42" parentExecutionId="e1c74b79-8dba-42a8-8550-265cefd371fe" testListId="8c84fa94-04c1-424b-9868-57a2d4851a1d" />
            <TestEntry isTransparent="false" testId="61c300c0-ffed-4ee3-9546-737082702bda" executionId="f6880d5c-d1fe-4031-8c7a-ed2224fd8d06" parentExecutionId="e1c74b79-8dba-42a8-8550-265cefd371fe" testListId="8c84fa94-04c1-424b-9868-57a2d4851a1d">
              <TestEntries>
                <TestEntry isTransparent="false" testId="6e961aa2-1090-4a72-8f5c-09858eb28a54" executionId="1d068d2e-b431-44dc-b703-ce1f00e81fe6" parentExecutionId="f6880d5c-d1fe-4031-8c7a-ed2224fd8d06" testListId="8c84fa94-04c1-424b-9868-57a2d4851a1d" />
              </TestEntries>
            </TestEntry>
            <TestEntry isTransparent="false" testId="d3fdf484-19a8-4f02-9276-177652939958" executionId="2b23ef65-c242-4f29-9d23-dde6692f8a73" parentExecutionId="e1c74b79-8dba-42a8-8550-265cefd371fe" testListId="8c84fa94-04c1-424b-9868-57a2d4851a1d" />
          </TestEntries>
        </TestEntry>
        <TestEntry isTransparent="false" testId="ea881d39-d2a1-45ff-a7b9-a43159ea9ba3" executionId="96cd3084-b271-4953-ad7f-e6574874c7e7" parentExecutionId="f2047166-fd74-4035-94dc-3a4009b6ee0c" testListId="8c84fa94-04c1-424b-9868-57a2d4851a1d">
          <TestEntries>
            <TestEntry isTransparent="false" testId="61c300c0-ffed-4ee3-9546-737082702bda" executionId="ee06cfaf-a61f-4317-b9ed-c0fc744528a2" parentExecutionId="96cd3084-b271-4953-ad7f-e6574874c7e7" testListId="8c84fa94-04c1-424b-9868-57a2d4851a1d">
              <TestEntries>
                <TestEntry isTransparent="false" testId="6e961aa2-1090-4a72-8f5c-09858eb28a54" executionId="397f451c-00b7-46fe-932b-01a1a3775c6b" parentExecutionId="ee06cfaf-a61f-4317-b9ed-c0fc744528a2" testListId="8c84fa94-04c1-424b-9868-57a2d4851a1d" />
              </TestEntries>
            </TestEntry>
            <TestEntry isTransparent="false" testId="d3fdf484-19a8-4f02-9276-177652939958" executionId="697904a2-0d55-42ef-adb7-2aa455fb61a9" parentExecutionId="96cd3084-b271-4953-ad7f-e6574874c7e7" testListId="8c84fa94-04c1-424b-9868-57a2d4851a1d" />
          </TestEntries>
        </TestEntry>
        <TestEntry isTransparent="false" testId="bedc912d-e894-4a54-b8e0-787ef180fac2" executionId="f248d3f7-c3f8-4a0f-a2bb-8918cad1c412" parentExecutionId="f2047166-fd74-4035-94dc-3a4009b6ee0c" testListId="8c84fa94-04c1-424b-9868-57a2d4851a1d">
          <TestEntries>
            <TestEntry isTransparent="false" testId="61cbf038-7287-4a5d-ae16-e56e81335852" executionId="e1d45b96-1ba7-4b9b-8c76-2e0fecbd0619" parentExecutionId="f248d3f7-c3f8-4a0f-a2bb-8918cad1c412" testListId="8c84fa94-04c1-424b-9868-57a2d4851a1d">
              <TestEntries>
                <TestEntry isTransparent="false" testId="6e961aa2-1090-4a72-8f5c-09858eb28a54" executionId="43ddc517-78f3-4868-8934-9b7b690e3c4b" parentExecutionId="e1d45b96-1ba7-4b9b-8c76-2e0fecbd0619" testListId="8c84fa94-04c1-424b-9868-57a2d4851a1d" />
              </TestEntries>
            </TestEntry>
            <TestEntry isTransparent="false" testId="d3fdf484-19a8-4f02-9276-177652939958" executionId="dbaf1663-7463-40bc-bad2-257483a5bf78" parentExecutionId="f248d3f7-c3f8-4a0f-a2bb-8918cad1c412" testListId="8c84fa94-04c1-424b-9868-57a2d4851a1d" />
          </TestEntries>
        </TestEntry>
        <TestEntry isTransparent="false" testId="836f4f8b-a3fb-4610-b6b8-f220255a9b2c" executionId="6f3949bc-aa75-4b69-948e-f1f51d7d1f18" parentExecutionId="f2047166-fd74-4035-94dc-3a4009b6ee0c" testListId="8c84fa94-04c1-424b-9868-57a2d4851a1d">
          <TestEntries>
            <TestEntry isTransparent="false" testId="61cbf038-7287-4a5d-ae16-e56e81335852" executionId="82b47a0e-3f6c-4eca-9439-79339b436b0b" parentExecutionId="6f3949bc-aa75-4b69-948e-f1f51d7d1f18" testListId="8c84fa94-04c1-424b-9868-57a2d4851a1d">
              <TestEntries>
                <TestEntry isTransparent="false" testId="6e961aa2-1090-4a72-8f5c-09858eb28a54" executionId="9e92bc8e-e9cf-4bd6-83bd-b191866d0db1" parentExecutionId="82b47a0e-3f6c-4eca-9439-79339b436b0b" testListId="8c84fa94-04c1-424b-9868-57a2d4851a1d" />
              </TestEntries>
            </TestEntry>
            <TestEntry isTransparent="false" testId="d3fdf484-19a8-4f02-9276-177652939958" executionId="6f2c6474-0b12-457d-8917-903fb5db876a" parentExecutionId="6f3949bc-aa75-4b69-948e-f1f51d7d1f18" testListId="8c84fa94-04c1-424b-9868-57a2d4851a1d" />
          </TestEntries>
        </TestEntry>
      </TestEntries>
    </TestEntry>
  </TestEntries>
  <Results>
    <LoadTestResult executionId="f2047166-fd74-4035-94dc-3a4009b6ee0c" testId="8ea52687-1365-483e-91ea-d50c96b8e29f" testName="Persuade_Library" computerName="CHI-LAB-VSA-03,CHI-LAB-VSA-04" duration="00:19:00" startTime="2016-06-23T09:26:13.2689588-05:00" endTime="2016-06-23T09:45:13.2689588-05:00" testType="fa4c85ff-1236-4463-b954-3ba2f0eabd95" outcome="Completed" testListId="8c84fa94-04c1-424b-9868-57a2d4851a1d" relativeResultsDirectory="f2047166-fd74-4035-94dc-3a4009b6ee0c" runId="3372" controllerStartTime="2016-06-23T09:26:13.2689588-05:00" runStatus="Stopped" resultsStoreType="Database" resultsRepositoryConnectString="LAs4ogoKlDcHOnn2jGpaq4npzaU2Rd4K3N64aoKK+88IzEfUfkl1yuqcfHllXf4pvSPdOrbShhs2zj4U3CeB/zdl5h2UT869+rMOBsHkfF4I1MQDMLbSRqYmgmC/ARSYgmSj8rErP4I=" loadTestDuration="900" loadTestWarmupTime="120" previouslyViewed="true">
      <AnalyzerViewState>
        <LoadTestRunDescriptor isLegendPanelVisible="true" isOverviewPanelVisible="true" isCounterPanelVisible="true" scrollingGraph="false" minMaxGraph="false" showHorizontalGridOnGraph="true" showThresholdsOnGraph="true" showComparison="false" showZoom="true" lockZoom="true" activeConsoleView="Table" selectedGraphPanel1="Key Indicators" selectedGraphPanel2="Page Response Time" selectedGraphPanel3="System under Test" selectedGraphPanel4="Controller and Agents" graphPanelLayout="FourGrid" tablePanelLayout="TwoHorizontal" selectedTablePanel1="Tests" selectedTablePanel2="Errors" selectedTablePanel3="Thresholds" selectedTablePanel4="Transactions" controllerName="CHI-LAB-VSC-02" isLocalRun="false" testRunId="86ed237e-8e52-4ba2-b3f6-635af1a0bdbd" repositoryRunId="0">
          <GraphDescriptors>
            <GraphDescriptor graphName="Key Indicators">
              <HorizontalZoomRange lower="-1" upper="-1" />
              <VerticalZoomRange lower="0" upper="100" />
              <PlotDescriptors>
                <PlotDescriptor colorArgb="-65536" lineStyle="0" fixedRange="0" rangeGroup="User Load" showOnGraph="true" isSelected="false">
                  <CounterDescriptor machineName="CHI-LAB-VSC-02" categoryName="LoadTest:Scenario" counterName="User Load" instanceName="_Total" baseInstanceName="_Total" loadTestItemId="-1" />
                </PlotDescriptor>
                <PlotDescriptor colorArgb="-16744448" lineStyle="0" fixedRange="0" rangeGroup="Pages/Sec" showOnGraph="true" isSelected="false">
                  <CounterDescriptor machineName="CHI-LAB-VSC-02" categoryName="LoadTest:Page" counterName="Pages/Sec" instanceName="_Total" baseInstanceName="_Total" loadTestItemId="-1" />
                </PlotDescriptor>
                <PlotDescriptor colorArgb="-16776961" lineStyle="0" fixedRange="0" rangeGroup="Avg. Page Time" showOnGraph="true" isSelected="false">
                  <CounterDescriptor machineName="CHI-LAB-VSC-02" categoryName="LoadTest:Page" counterName="Avg. Page Time" instanceName="_Total" baseInstanceName="_Total" loadTestItemId="-1" />
                </PlotDescriptor>
                <PlotDescriptor colorArgb="-8388480" lineStyle="0" fixedRange="0" rangeGroup="Errors/Sec" showOnGraph="true" isSelected="false">
                  <CounterDescriptor machineName="CHI-LAB-VSC-02" categoryName="LoadTest:Errors" counterName="Errors/Sec" instanceName="_Total" baseInstanceName="_Total" loadTestItemId="-1" />
                </PlotDescriptor>
                <PlotDescriptor colorArgb="-23296" lineStyle="0" fixedRange="0" rangeGroup="Threshold Violations/Sec" showOnGraph="true" isSelected="false">
                  <CounterDescriptor machineName="CHI-LAB-VSC-02" categoryName="LoadTest:Errors" counterName="Threshold Violations/Sec" instanceName="_Total" baseInstanceName="_Total" loadTestItemId="-1" />
                </PlotDescriptor>
              </PlotDescriptors>
            </GraphDescriptor>
            <GraphDescriptor graphName="System under Test">
              <HorizontalZoomRange lower="-1" upper="-1" />
              <VerticalZoomRange lower="0" upper="100" />
              <PlotDescriptors>
                <PlotDescriptor colorArgb="-65536" lineStyle="0" fixedRange="100" rangeGroup="% Processor Time" showOnGraph="true" isSelected="false">
                  <CounterDescriptor machineName="54.243.152.58" categoryName="Processor" counterName="% Processor Time" instanceName="_Total" baseInstanceName="_Total" loadTestItemId="-1" />
                </PlotDescriptor>
                <PlotDescriptor colorArgb="-16744448" lineStyle="0" fixedRange="0" rangeGroup="Memory Bytes" showOnGraph="true" isSelected="false">
                  <CounterDescriptor machineName="54.243.152.58" categoryName="Memory" counterName="Available MBytes" instanceName="systemdiagnosticsperfcounterlibsingleinstance" baseInstanceName="systemdiagnosticsperfcounterlibsingleinstance" loadTestItemId="-1" />
                </PlotDescriptor>
                <PlotDescriptor colorArgb="-16776961" lineStyle="0" fixedRange="0" rangeGroup="IIS Bytes" showOnGraph="true" isSelected="false">
                  <CounterDescriptor machineName="54.243.152.58" categoryName="Web Service" counterName="Bytes Total/sec" instanceName="_Total" baseInstanceName="_Total" loadTestItemId="-1" />
                </PlotDescriptor>
                <PlotDescriptor colorArgb="-8388480" lineStyle="0" fixedRange="0" rangeGroup="IIS Requests" showOnGraph="true" isSelected="false">
                  <CounterDescriptor machineName="54.243.152.58" categoryName="Web Service" counterName="Total Method Requests/sec" instanceName="_Total" baseInstanceName="_Total" loadTestItemId="-1" />
                </PlotDescriptor>
                <PlotDescriptor colorArgb="-23296" lineStyle="0" fixedRange="0" rangeGroup="Transactions/sec" showOnGraph="true" isSelected="false">
                  <CounterDescriptor machineName="54.243.152.58" categoryName="SQLServer:Databases" counterName="Transactions/sec" instanceName="_Total" baseInstanceName="_Total" loadTestItemId="-1" />
                </PlotDescriptor>
              </PlotDescriptors>
            </GraphDescriptor>
            <GraphDescriptor graphName="Controller and Agents">
              <HorizontalZoomRange lower="-1" upper="-1" />
              <VerticalZoomRange lower="0" upper="100" />
              <PlotDescriptors>
                <PlotDescriptor colorArgb="-65536" lineStyle="0" fixedRange="100" rangeGroup="% Processor Time" showOnGraph="true" isSelected="false">
                  <CounterDescriptor machineName="CHI-LAB-VSA-03" categoryName="Processor" counterName="% Processor Time" instanceName="_Total" baseInstanceName="_Total" loadTestItemId="-1" />
                </PlotDescriptor>
                <PlotDescriptor colorArgb="-16744448" lineStyle="0" fixedRange="0" rangeGroup="Memory Bytes" showOnGraph="true" isSelected="false">
                  <CounterDescriptor machineName="CHI-LAB-VSA-03" categoryName="Memory" counterName="Available MBytes" instanceName="systemdiagnosticsperfcounterlibsingleinstance" baseInstanceName="systemdiagnosticsperfcounterlibsingleinstance" loadTestItemId="-1" />
                </PlotDescriptor>
                <PlotDescriptor colorArgb="-16776961" lineStyle="0" fixedRange="100" rangeGroup="% Processor Time" showOnGraph="true" isSelected="false">
                  <CounterDescriptor machineName="CHI-LAB-VSA-04" categoryName="Processor" counterName="% Processor Time" instanceName="_Total" baseInstanceName="_Total" loadTestItemId="-1" />
                </PlotDescriptor>
                <PlotDescriptor colorArgb="-8388480" lineStyle="0" fixedRange="0" rangeGroup="Memory Bytes" showOnGraph="true" isSelected="false">
                  <CounterDescriptor machineName="CHI-LAB-VSA-04" categoryName="Memory" counterName="Available MBytes" instanceName="systemdiagnosticsperfcounterlibsingleinstance" baseInstanceName="systemdiagnosticsperfcounterlibsingleinstance" loadTestItemId="-1" />
                </PlotDescriptor>
                <PlotDescriptor colorArgb="-23296" lineStyle="0" fixedRange="100" rangeGroup="% Processor Time" showOnGraph="true" isSelected="false">
                  <CounterDescriptor machineName="CHI-LAB-VSC-02" categoryName="Processor" counterName="% Processor Time" instanceName="_Total" baseInstanceName="_Total" loadTestItemId="-1" />
                </PlotDescriptor>
                <PlotDescriptor colorArgb="-16744320" lineStyle="0" fixedRange="0" rangeGroup="Memory Bytes" showOnGraph="true" isSelected="false">
                  <CounterDescriptor machineName="CHI-LAB-VSC-02" categoryName="Memory" counterName="Available MBytes" instanceName="systemdiagnosticsperfcounterlibsingleinstance" baseInstanceName="systemdiagnosticsperfcounterlibsingleinstance" loadTestItemId="-1" />
                </PlotDescriptor>
              </PlotDescriptors>
            </GraphDescriptor>
            <GraphDescriptor graphName="Test Response Time">
              <HorizontalZoomRange lower="-1" upper="-1" />
              <VerticalZoomRange lower="0" upper="312" />
              <PlotDescriptors>
                <PlotDescriptor colorArgb="-65536" lineStyle="0" fixedRange="312" rangeGroup="Avg. Test Time" showOnGraph="true" isSelected="false" counterMetadata="PERS-1670_Sites;Library">
                  <CounterDescriptor machineName="CHI-LAB-VSC-02" categoryName="LoadTest:Test" counterName="Avg. Test Time" instanceName="PERS-1670_Sites(005)" baseInstanceName="PERS-1670_Sites" loadTestItemId="5" />
                </PlotDescriptor>
                <PlotDescriptor colorArgb="-16744448" lineStyle="0" fixedRange="312" rangeGroup="Avg. Test Time" showOnGraph="true" isSelected="false" counterMetadata="PERS-1641_Forms;Library">
                  <CounterDescriptor machineName="CHI-LAB-VSC-02" categoryName="LoadTest:Test" counterName="Avg. Test Time" instanceName="PERS-1641_Forms(001)" baseInstanceName="PERS-1641_Forms" loadTestItemId="1" />
                </PlotDescriptor>
                <PlotDescriptor colorArgb="-16776961" lineStyle="0" fixedRange="312" rangeGroup="Avg. Test Time" showOnGraph="true" isSelected="false" counterMetadata="PERS-1658_Creative;Library">
                  <CounterDescriptor machineName="CHI-LAB-VSC-02" categoryName="LoadTest:Test" counterName="Avg. Test Time" instanceName="PERS-1658_Creative(003)" baseInstanceName="PERS-1658_Creative" loadTestItemId="3" />
                </PlotDescriptor>
                <PlotDescriptor colorArgb="-8388480" lineStyle="0" fixedRange="312" rangeGroup="Avg. Test Time" showOnGraph="true" isSelected="false" counterMetadata="PERS-1642_LandingPages;Library">
                  <CounterDescriptor machineName="CHI-LAB-VSC-02" categoryName="LoadTest:Test" counterName="Avg. Test Time" instanceName="PERS-1642_LandingPages(002)" baseInstanceName="PERS-1642_LandingPages" loadTestItemId="2" />
                </PlotDescriptor>
                <PlotDescriptor colorArgb="-23296" lineStyle="0" fixedRange="312" rangeGroup="Avg. Test Time" showOnGraph="true" isSelected="false" counterMetadata="PERS-1640_FormFields;Library">
                  <CounterDescriptor machineName="CHI-LAB-VSC-02" categoryName="LoadTest:Test" counterName="Avg. Test Time" instanceName="PERS-1640_FormFields(000)" baseInstanceName="PERS-1640_FormFields" loadTestItemId="0" />
                </PlotDescriptor>
                <PlotDescriptor colorArgb="-16744320" lineStyle="0" fixedRange="312" rangeGroup="Avg. Test Time" showOnGraph="true" isSelected="false" counterMetadata="PERS-1669_SellingPoints;Library">
                  <CounterDescriptor machineName="CHI-LAB-VSC-02" categoryName="LoadTest:Test" counterName="Avg. Test Time" instanceName="PERS-1669_SellingPoints(004)" baseInstanceName="PERS-1669_SellingPoints" loadTestItemId="4" />
                </PlotDescriptor>
              </PlotDescriptors>
            </GraphDescriptor>
            <GraphDescriptor graphName="Transaction Response Time">
              <HorizontalZoomRange lower="-1" upper="-1" />
              <VerticalZoomRange lower="0" upper="84" />
              <PlotDescriptors>
                <PlotDescriptor colorArgb="-65536" lineStyle="0" fixedRange="84" rangeGroup="Avg. Response Time" showOnGraph="true" isSelected="false" counterMetadata="PERS-1670_Sites;Library;Login">
                  <CounterDescriptor machineName="CHI-LAB-VSC-02" categoryName="LoadTest:Transaction" counterName="Avg. Response Time" instanceName="Login(000)" baseInstanceName="Login" loadTestItemId="0" />
                </PlotDescriptor>
                <PlotDescriptor colorArgb="-16744448" lineStyle="0" fixedRange="84" rangeGroup="Avg. Response Time" showOnGraph="true" isSelected="false" counterMetadata="PERS-1670_Sites;Library;Login.Landing Page">
                  <CounterDescriptor machineName="CHI-LAB-VSC-02" categoryName="LoadTest:Transaction" counterName="Avg. Response Time" instanceName="Login.Landing Page(001)" baseInstanceName="Login.Landing Page" loadTestItemId="1" />
                </PlotDescriptor>
                <PlotDescriptor colorArgb="-16776961" lineStyle="0" fixedRange="84" rangeGroup="Avg. Response Time" showOnGraph="true" isSelected="false" counterMetadata="PERS-1670_Sites;Library;Login.Login">
                  <CounterDescriptor machineName="CHI-LAB-VSC-02" categoryName="LoadTest:Transaction" counterName="Avg. Response Time" instanceName="Login.Login(002)" baseInstanceName="Login.Login" loadTestItemId="2" />
                </PlotDescriptor>
                <PlotDescriptor colorArgb="-8388480" lineStyle="0" fixedRange="84" rangeGroup="Avg. Response Time" showOnGraph="true" isSelected="false" counterMetadata="PERS-1670_Sites;Library;SetHierarchy.Login">
                  <CounterDescriptor machineName="CHI-LAB-VSC-02" categoryName="LoadTest:Transaction" counterName="Avg. Response Time" instanceName="SetHierarchy.Login(003)" baseInstanceName="SetHierarchy.Login" loadTestItemId="3" />
                </PlotDescriptor>
                <PlotDescriptor colorArgb="-23296" lineStyle="0" fixedRange="84" rangeGroup="Avg. Response Time" showOnGraph="true" isSelected="false" counterMetadata="PERS-1670_Sites;Library;SetHierarchy.Set Hierarchy">
                  <CounterDescriptor machineName="CHI-LAB-VSC-02" categoryName="LoadTest:Transaction" counterName="Avg. Response Time" instanceName="SetHierarchy.Set Hierarchy(004)" baseInstanceName="SetHierarchy.Set Hierarchy" loadTestItemId="4" />
                </PlotDescriptor>
                <PlotDescriptor colorArgb="-16744320" lineStyle="0" fixedRange="84" rangeGroup="Avg. Response Time" showOnGraph="true" isSelected="false" counterMetadata="PERS-1670_Sites;Library;PERS-1670_Sites.SetHierarchy">
                  <CounterDescriptor machineName="CHI-LAB-VSC-02" categoryName="LoadTest:Transaction" counterName="Avg. Response Time" instanceName="PERS-1670_Sites.SetHierarchy(005)" baseInstanceName="PERS-1670_Sites.SetHierarchy" loadTestItemId="5" />
                </PlotDescriptor>
                <PlotDescriptor colorArgb="-7667712" lineStyle="0" fixedRange="84" rangeGroup="Avg. Response Time" showOnGraph="true" isSelected="false" counterMetadata="PERS-1670_Sites;Library;Set Hierarchy">
                  <CounterDescriptor machineName="CHI-LAB-VSC-02" categoryName="LoadTest:Transaction" counterName="Avg. Response Time" instanceName="Set Hierarchy(006)" baseInstanceName="Set Hierarchy" loadTestItemId="6" />
                </PlotDescriptor>
                <PlotDescriptor colorArgb="-16751616" lineStyle="0" fixedRange="84" rangeGroup="Avg. Response Time" showOnGraph="true" isSelected="false" counterMetadata="PERS-1670_Sites;Library;Sites">
                  <CounterDescriptor machineName="CHI-LAB-VSC-02" categoryName="LoadTest:Transaction" counterName="Avg. Response Time" instanceName="Sites(007)" baseInstanceName="Sites" loadTestItemId="7" />
                </PlotDescriptor>
                <PlotDescriptor colorArgb="-16777077" lineStyle="0" fixedRange="84" rangeGroup="Avg. Response Time" showOnGraph="true" isSelected="false" counterMetadata="PERS-1670_Sites;Library;Create Site">
                  <CounterDescriptor machineName="CHI-LAB-VSC-02" categoryName="LoadTest:Transaction" counterName="Avg. Response Time" instanceName="Create Site(008)" baseInstanceName="Create Site" loadTestItemId="8" />
                </PlotDescriptor>
                <PlotDescriptor colorArgb="-16741493" lineStyle="0" fixedRange="84" rangeGroup="Avg. Response Time" showOnGraph="true" isSelected="false" counterMetadata="PERS-1670_Sites;Library;Save Site">
                  <CounterDescriptor machineName="CHI-LAB-VSC-02" categoryName="LoadTest:Transaction" counterName="Avg. Response Time" instanceName="Save Site(009)" baseInstanceName="Save Site" loadTestItemId="9" />
                </PlotDescriptor>
                <PlotDescriptor colorArgb="-5383962" lineStyle="0" fixedRange="84" rangeGroup="Avg. Response Time" showOnGraph="true" isSelected="false" counterMetadata="PERS-1670_Sites;Library;Logout.Logout">
                  <CounterDescriptor machineName="CHI-LAB-VSC-02" categoryName="LoadTest:Transaction" counterName="Avg. Response Time" instanceName="Logout.Logout(010)" baseInstanceName="Logout.Logout" loadTestItemId="10" />
                </PlotDescriptor>
                <PlotDescriptor colorArgb="-7278960" lineStyle="0" fixedRange="84" rangeGroup="Avg. Response Time" showOnGraph="true" isSelected="false" counterMetadata="PERS-1670_Sites;Library;PERS-1670_Sites.Logout">
                  <CounterDescriptor machineName="CHI-LAB-VSC-02" categoryName="LoadTest:Transaction" counterName="Avg. Response Time" instanceName="PERS-1670_Sites.Logout(011)" baseInstanceName="PERS-1670_Sites.Logout" loadTestItemId="11" />
                </PlotDescriptor>
                <PlotDescriptor colorArgb="-38476" lineStyle="0" fixedRange="84" rangeGroup="Avg. Response Time" showOnGraph="true" isSelected="false" counterMetadata="PERS-1670_Sites;Library;Logout">
                  <CounterDescriptor machineName="CHI-LAB-VSC-02" categoryName="LoadTest:Transaction" counterName="Avg. Response Time" instanceName="Logout(012)" baseInstanceName="Logout" loadTestItemId="12" />
                </PlotDescriptor>
                <PlotDescriptor colorArgb="-10496" lineStyle="0" fixedRange="84" rangeGroup="Avg. Response Time" showOnGraph="true" isSelected="false" counterMetadata="PERS-1641_Forms;Library;Login">
                  <CounterDescriptor machineName="CHI-LAB-VSC-02" categoryName="LoadTest:Transaction" counterName="Avg. Response Time" instanceName="Login(013)" baseInstanceName="Login" loadTestItemId="13" />
                </PlotDescriptor>
                <PlotDescriptor colorArgb="-16777216" lineStyle="0" fixedRange="84" rangeGroup="Avg. Response Time" showOnGraph="true" isSelected="false" counterMetadata="PERS-1641_Forms;Library;Login.Landing Page">
                  <CounterDescriptor machineName="CHI-LAB-VSC-02" categoryName="LoadTest:Transaction" counterName="Avg. Response Time" instanceName="Login.Landing Page(014)" baseInstanceName="Login.Landing Page" loadTestItemId="14" />
                </PlotDescriptor>
                <PlotDescriptor colorArgb="-65536" lineStyle="0" fixedRange="84" rangeGroup="Avg. Response Time" showOnGraph="true" isSelected="false" counterMetadata="PERS-1641_Forms;Library;Login.Login">
                  <CounterDescriptor machineName="CHI-LAB-VSC-02" categoryName="LoadTest:Transaction" counterName="Avg. Response Time" instanceName="Login.Login(015)" baseInstanceName="Login.Login" loadTestItemId="15" />
                </PlotDescriptor>
                <PlotDescriptor colorArgb="-16744448" lineStyle="0" fixedRange="84" rangeGroup="Avg. Response Time" showOnGraph="true" isSelected="false" counterMetadata="PERS-1641_Forms;Library;SetHierarchy.Login">
                  <CounterDescriptor machineName="CHI-LAB-VSC-02" categoryName="LoadTest:Transaction" counterName="Avg. Response Time" instanceName="SetHierarchy.Login(016)" baseInstanceName="SetHierarchy.Login" loadTestItemId="16" />
                </PlotDescriptor>
                <PlotDescriptor colorArgb="-16776961" lineStyle="0" fixedRange="84" rangeGroup="Avg. Response Time" showOnGraph="true" isSelected="false" counterMetadata="PERS-1641_Forms;Library;SetHierarchy.Set Hierarchy">
                  <CounterDescriptor machineName="CHI-LAB-VSC-02" categoryName="LoadTest:Transaction" counterName="Avg. Response Time" instanceName="SetHierarchy.Set Hierarchy(017)" baseInstanceName="SetHierarchy.Set Hierarchy" loadTestItemId="17" />
                </PlotDescriptor>
                <PlotDescriptor colorArgb="-8388480" lineStyle="0" fixedRange="84" rangeGroup="Avg. Response Time" showOnGraph="true" isSelected="false" counterMetadata="PERS-1641_Forms;Library;PERS-1641_Forms.SetHierarchy">
                  <CounterDescriptor machineName="CHI-LAB-VSC-02" categoryName="LoadTest:Transaction" counterName="Avg. Response Time" instanceName="PERS-1641_Forms.SetHierarchy(018)" baseInstanceName="PERS-1641_Forms.SetHierarchy" loadTestItemId="18" />
                </PlotDescriptor>
                <PlotDescriptor colorArgb="-23296" lineStyle="0" fixedRange="84" rangeGroup="Avg. Response Time" showOnGraph="true" isSelected="false" counterMetadata="PERS-1641_Forms;Library;Set Hierarchy">
                  <CounterDescriptor machineName="CHI-LAB-VSC-02" categoryName="LoadTest:Transaction" counterName="Avg. Response Time" instanceName="Set Hierarchy(019)" baseInstanceName="Set Hierarchy" loadTestItemId="19" />
                </PlotDescriptor>
                <PlotDescriptor colorArgb="-16744320" lineStyle="0" fixedRange="84" rangeGroup="Avg. Response Time" showOnGraph="true" isSelected="false" counterMetadata="PERS-1641_Forms;Library;Library - Forms">
                  <CounterDescriptor machineName="CHI-LAB-VSC-02" categoryName="LoadTest:Transaction" counterName="Avg. Response Time" instanceName="Library - Forms(020)" baseInstanceName="Library - Forms" loadTestItemId="20" />
                </PlotDescriptor>
                <PlotDescriptor colorArgb="-7667712" lineStyle="0" fixedRange="84" rangeGroup="Avg. Response Time" showOnGraph="true" isSelected="false" counterMetadata="PERS-1641_Forms;Library;Create Form">
                  <CounterDescriptor machineName="CHI-LAB-VSC-02" categoryName="LoadTest:Transaction" counterName="Avg. Response Time" instanceName="Create Form(021)" baseInstanceName="Create Form" loadTestItemId="21" />
                </PlotDescriptor>
                <PlotDescriptor colorArgb="-16751616" lineStyle="0" fixedRange="84" rangeGroup="Avg. Response Time" showOnGraph="true" isSelected="false" counterMetadata="PERS-1641_Forms;Library;Save Form">
                  <CounterDescriptor machineName="CHI-LAB-VSC-02" categoryName="LoadTest:Transaction" counterName="Avg. Response Time" instanceName="Save Form(022)" baseInstanceName="Save Form" loadTestItemId="22" />
                </PlotDescriptor>
                <PlotDescriptor colorArgb="-16777077" lineStyle="0" fixedRange="84" rangeGroup="Avg. Response Time" showOnGraph="true" isSelected="false" counterMetadata="PERS-1641_Forms;Library;Logout.Logout">
                  <CounterDescriptor machineName="CHI-LAB-VSC-02" categoryName="LoadTest:Transaction" counterName="Avg. Response Time" instanceName="Logout.Logout(023)" baseInstanceName="Logout.Logout" loadTestItemId="23" />
                </PlotDescriptor>
                <PlotDescriptor colorArgb="-16741493" lineStyle="0" fixedRange="84" rangeGroup="Avg. Response Time" showOnGraph="true" isSelected="false" counterMetadata="PERS-1641_Forms;Library;PERS-1641_Forms.Logout">
                  <CounterDescriptor machineName="CHI-LAB-VSC-02" categoryName="LoadTest:Transaction" counterName="Avg. Response Time" instanceName="PERS-1641_Forms.Logout(024)" baseInstanceName="PERS-1641_Forms.Logout" loadTestItemId="24" />
                </PlotDescriptor>
                <PlotDescriptor colorArgb="-5383962" lineStyle="0" fixedRange="84" rangeGroup="Avg. Response Time" showOnGraph="true" isSelected="false" counterMetadata="PERS-1641_Forms;Library;Logout">
                  <CounterDescriptor machineName="CHI-LAB-VSC-02" categoryName="LoadTest:Transaction" counterName="Avg. Response Time" instanceName="Logout(025)" baseInstanceName="Logout" loadTestItemId="25" />
                </PlotDescriptor>
                <PlotDescriptor colorArgb="-7278960" lineStyle="0" fixedRange="84" rangeGroup="Avg. Response Time" showOnGraph="true" isSelected="false" counterMetadata="PERS-1658_Creative;Library;Login">
                  <CounterDescriptor machineName="CHI-LAB-VSC-02" categoryName="LoadTest:Transaction" counterName="Avg. Response Time" instanceName="Login(026)" baseInstanceName="Login" loadTestItemId="26" />
                </PlotDescriptor>
                <PlotDescriptor colorArgb="-38476" lineStyle="0" fixedRange="84" rangeGroup="Avg. Response Time" showOnGraph="true" isSelected="false" counterMetadata="PERS-1658_Creative;Library;Login.Landing Page">
                  <CounterDescriptor machineName="CHI-LAB-VSC-02" categoryName="LoadTest:Transaction" counterName="Avg. Response Time" instanceName="Login.Landing Page(027)" baseInstanceName="Login.Landing Page" loadTestItemId="27" />
                </PlotDescriptor>
                <PlotDescriptor colorArgb="-10496" lineStyle="0" fixedRange="84" rangeGroup="Avg. Response Time" showOnGraph="true" isSelected="false" counterMetadata="PERS-1658_Creative;Library;Login.Login">
                  <CounterDescriptor machineName="CHI-LAB-VSC-02" categoryName="LoadTest:Transaction" counterName="Avg. Response Time" instanceName="Login.Login(028)" baseInstanceName="Login.Login" loadTestItemId="28" />
                </PlotDescriptor>
                <PlotDescriptor colorArgb="-16777216" lineStyle="0" fixedRange="84" rangeGroup="Avg. Response Time" showOnGraph="true" isSelected="false" counterMetadata="PERS-1658_Creative;Library;FacebookSetHierarchy.Login">
                  <CounterDescriptor machineName="CHI-LAB-VSC-02" categoryName="LoadTest:Transaction" counterName="Avg. Response Time" instanceName="FacebookSetHierarchy.Login(029)" baseInstanceName="FacebookSetHierarchy.Login" loadTestItemId="29" />
                </PlotDescriptor>
                <PlotDescriptor colorArgb="-65536" lineStyle="0" fixedRange="84" rangeGroup="Avg. Response Time" showOnGraph="true" isSelected="false" counterMetadata="PERS-1658_Creative;Library;FacebookSetHierarchy.Set Hierarchy">
                  <CounterDescriptor machineName="CHI-LAB-VSC-02" categoryName="LoadTest:Transaction" counterName="Avg. Response Time" instanceName="FacebookSetHierarchy.Set Hierarchy(030)" baseInstanceName="FacebookSetHierarchy.Set Hierarchy" loadTestItemId="30" />
                </PlotDescriptor>
                <PlotDescriptor colorArgb="-16744448" lineStyle="0" fixedRange="84" rangeGroup="Avg. Response Time" showOnGraph="true" isSelected="false" counterMetadata="PERS-1658_Creative;Library;PERS-1658_Creative.FacebookSetHierarchy">
                  <CounterDescriptor machineName="CHI-LAB-VSC-02" categoryName="LoadTest:Transaction" counterName="Avg. Response Time" instanceName="PERS-1658_Creative.FacebookSetHierarchy(031)" baseInstanceName="PERS-1658_Creative.FacebookSetHierarchy" loadTestItemId="31" />
                </PlotDescriptor>
                <PlotDescriptor colorArgb="-16776961" lineStyle="0" fixedRange="84" rangeGroup="Avg. Response Time" showOnGraph="true" isSelected="false" counterMetadata="PERS-1658_Creative;Library;Set Hierarchy">
                  <CounterDescriptor machineName="CHI-LAB-VSC-02" categoryName="LoadTest:Transaction" counterName="Avg. Response Time" instanceName="Set Hierarchy(032)" baseInstanceName="Set Hierarchy" loadTestItemId="32" />
                </PlotDescriptor>
                <PlotDescriptor colorArgb="-8388480" lineStyle="0" fixedRange="84" rangeGroup="Avg. Response Time" showOnGraph="true" isSelected="false" counterMetadata="PERS-1658_Creative;Library;Library - Creative">
                  <CounterDescriptor machineName="CHI-LAB-VSC-02" categoryName="LoadTest:Transaction" counterName="Avg. Response Time" instanceName="Library - Creative(033)" baseInstanceName="Library - Creative" loadTestItemId="33" />
                </PlotDescriptor>
                <PlotDescriptor colorArgb="-23296" lineStyle="0" fixedRange="84" rangeGroup="Avg. Response Time" showOnGraph="true" isSelected="false" counterMetadata="PERS-1658_Creative;Library;Click a Creative">
                  <CounterDescriptor machineName="CHI-LAB-VSC-02" categoryName="LoadTest:Transaction" counterName="Avg. Response Time" instanceName="Click a Creative(034)" baseInstanceName="Click a Creative" loadTestItemId="34" />
                </PlotDescriptor>
                <PlotDescriptor colorArgb="-16744320" lineStyle="0" fixedRange="84" rangeGroup="Avg. Response Time" showOnGraph="true" isSelected="false" counterMetadata="PERS-1658_Creative;Library;Create Creative">
                  <CounterDescriptor machineName="CHI-LAB-VSC-02" categoryName="LoadTest:Transaction" counterName="Avg. Response Time" instanceName="Create Creative(035)" baseInstanceName="Create Creative" loadTestItemId="35" />
                </PlotDescriptor>
                <PlotDescriptor colorArgb="-7667712" lineStyle="0" fixedRange="84" rangeGroup="Avg. Response Time" showOnGraph="true" isSelected="false" counterMetadata="PERS-1658_Creative;Library;Save">
                  <CounterDescriptor machineName="CHI-LAB-VSC-02" categoryName="LoadTest:Transaction" counterName="Avg. Response Time" instanceName="Save(036)" baseInstanceName="Save" loadTestItemId="36" />
                </PlotDescriptor>
                <PlotDescriptor colorArgb="-16751616" lineStyle="0" fixedRange="84" rangeGroup="Avg. Response Time" showOnGraph="true" isSelected="false" counterMetadata="PERS-1658_Creative;Library;Logout.Logout">
                  <CounterDescriptor machineName="CHI-LAB-VSC-02" categoryName="LoadTest:Transaction" counterName="Avg. Response Time" instanceName="Logout.Logout(037)" baseInstanceName="Logout.Logout" loadTestItemId="37" />
                </PlotDescriptor>
                <PlotDescriptor colorArgb="-16777077" lineStyle="0" fixedRange="84" rangeGroup="Avg. Response Time" showOnGraph="true" isSelected="false" counterMetadata="PERS-1658_Creative;Library;PERS-1658_Creative.Logout">
                  <CounterDescriptor machineName="CHI-LAB-VSC-02" categoryName="LoadTest:Transaction" counterName="Avg. Response Time" instanceName="PERS-1658_Creative.Logout(038)" baseInstanceName="PERS-1658_Creative.Logout" loadTestItemId="38" />
                </PlotDescriptor>
                <PlotDescriptor colorArgb="-16741493" lineStyle="0" fixedRange="84" rangeGroup="Avg. Response Time" showOnGraph="true" isSelected="false" counterMetadata="PERS-1658_Creative;Library;Logout">
                  <CounterDescriptor machineName="CHI-LAB-VSC-02" categoryName="LoadTest:Transaction" counterName="Avg. Response Time" instanceName="Logout(039)" baseInstanceName="Logout" loadTestItemId="39" />
                </PlotDescriptor>
                <PlotDescriptor colorArgb="-5383962" lineStyle="0" fixedRange="84" rangeGroup="Avg. Response Time" showOnGraph="true" isSelected="false" counterMetadata="PERS-1642_LandingPages;Library;Login.Landing Page">
                  <CounterDescriptor machineName="CHI-LAB-VSC-02" categoryName="LoadTest:Transaction" counterName="Avg. Response Time" instanceName="Login.Landing Page(040)" baseInstanceName="Login.Landing Page" loadTestItemId="40" />
                </PlotDescriptor>
                <PlotDescriptor colorArgb="-7278960" lineStyle="0" fixedRange="84" rangeGroup="Avg. Response Time" showOnGraph="true" isSelected="false" counterMetadata="PERS-1642_LandingPages;Library;Login.Login">
                  <CounterDescriptor machineName="CHI-LAB-VSC-02" categoryName="LoadTest:Transaction" counterName="Avg. Response Time" instanceName="Login.Login(041)" baseInstanceName="Login.Login" loadTestItemId="41" />
                </PlotDescriptor>
                <PlotDescriptor colorArgb="-38476" lineStyle="0" fixedRange="84" rangeGroup="Avg. Response Time" showOnGraph="true" isSelected="false" counterMetadata="PERS-1642_LandingPages;Library;PERS-1642_LandingPages.Login">
                  <CounterDescriptor machineName="CHI-LAB-VSC-02" categoryName="LoadTest:Transaction" counterName="Avg. Response Time" instanceName="PERS-1642_LandingPages.Login(042)" baseInstanceName="PERS-1642_LandingPages.Login" loadTestItemId="42" />
                </PlotDescriptor>
                <PlotDescriptor colorArgb="-10496" lineStyle="0" fixedRange="84" rangeGroup="Avg. Response Time" showOnGraph="true" isSelected="false" counterMetadata="PERS-1642_LandingPages;Library;FacebookSetHierarchy.Login">
                  <CounterDescriptor machineName="CHI-LAB-VSC-02" categoryName="LoadTest:Transaction" counterName="Avg. Response Time" instanceName="FacebookSetHierarchy.Login(043)" baseInstanceName="FacebookSetHierarchy.Login" loadTestItemId="43" />
                </PlotDescriptor>
                <PlotDescriptor colorArgb="-16777216" lineStyle="0" fixedRange="84" rangeGroup="Avg. Response Time" showOnGraph="true" isSelected="false" counterMetadata="PERS-1642_LandingPages;Library;FacebookSetHierarchy.Set Hierarchy">
                  <CounterDescriptor machineName="CHI-LAB-VSC-02" categoryName="LoadTest:Transaction" counterName="Avg. Response Time" instanceName="FacebookSetHierarchy.Set Hierarchy(044)" baseInstanceName="FacebookSetHierarchy.Set Hierarchy" loadTestItemId="44" />
                </PlotDescriptor>
                <PlotDescriptor colorArgb="-65536" lineStyle="0" fixedRange="84" rangeGroup="Avg. Response Time" showOnGraph="true" isSelected="false" counterMetadata="PERS-1642_LandingPages;Library;PERS-1642_LandingPages.FacebookSetHierarchy">
                  <CounterDescriptor machineName="CHI-LAB-VSC-02" categoryName="LoadTest:Transaction" counterName="Avg. Response Time" instanceName="PERS-1642_LandingPages.FacebookSetHierarchy(045)" baseInstanceName="PERS-1642_LandingPages.FacebookSetHierarchy" loadTestItemId="45" />
                </PlotDescriptor>
                <PlotDescriptor colorArgb="-16744448" lineStyle="0" fixedRange="84" rangeGroup="Avg. Response Time" showOnGraph="true" isSelected="false" counterMetadata="PERS-1642_LandingPages;Library;Library - Landing Page">
                  <CounterDescriptor machineName="CHI-LAB-VSC-02" categoryName="LoadTest:Transaction" counterName="Avg. Response Time" instanceName="Library - Landing Page(046)" baseInstanceName="Library - Landing Page" loadTestItemId="46" />
                </PlotDescriptor>
                <PlotDescriptor colorArgb="-16776961" lineStyle="0" fixedRange="84" rangeGroup="Avg. Response Time" showOnGraph="true" isSelected="false" counterMetadata="PERS-1640_FormFields;Library;Login">
                  <CounterDescriptor machineName="CHI-LAB-VSC-02" categoryName="LoadTest:Transaction" counterName="Avg. Response Time" instanceName="Login(047)" baseInstanceName="Login" loadTestItemId="47" />
                </PlotDescriptor>
                <PlotDescriptor colorArgb="-8388480" lineStyle="0" fixedRange="84" rangeGroup="Avg. Response Time" showOnGraph="true" isSelected="false" counterMetadata="PERS-1640_FormFields;Library;Login.Landing Page">
                  <CounterDescriptor machineName="CHI-LAB-VSC-02" categoryName="LoadTest:Transaction" counterName="Avg. Response Time" instanceName="Login.Landing Page(048)" baseInstanceName="Login.Landing Page" loadTestItemId="48" />
                </PlotDescriptor>
                <PlotDescriptor colorArgb="-23296" lineStyle="0" fixedRange="84" rangeGroup="Avg. Response Time" showOnGraph="true" isSelected="false" counterMetadata="PERS-1640_FormFields;Library;Login.Login">
                  <CounterDescriptor machineName="CHI-LAB-VSC-02" categoryName="LoadTest:Transaction" counterName="Avg. Response Time" instanceName="Login.Login(049)" baseInstanceName="Login.Login" loadTestItemId="49" />
                </PlotDescriptor>
              </PlotDescriptors>
            </GraphDescriptor>
            <GraphDescriptor graphName="Page Response Time">
              <HorizontalZoomRange lower="-1" upper="-1" />
              <VerticalZoomRange lower="0" upper="61" />
              <PlotDescriptors>
                <PlotDescriptor colorArgb="-65536" lineStyle="0" fixedRange="61" rangeGroup="Avg. Page Time" showOnGraph="true" isSelected="false" counterMetadata="PERS-1670_Sites;Library;https://staging.brightwhistle.com/----{GET}">
                  <CounterDescriptor machineName="CHI-LAB-VSC-02" categoryName="LoadTest:Page" counterName="Avg. Page Time" instanceName="staging-brightwhistle-com{GET}(003)" baseInstanceName="staging-brightwhistle-com{GET}" loadTestItemId="3" />
                </PlotDescriptor>
                <PlotDescriptor colorArgb="-16744448" lineStyle="0" fixedRange="61" rangeGroup="Avg. Page Time" showOnGraph="true" isSelected="false" counterMetadata="PERS-1670_Sites;Library;Login">
                  <CounterDescriptor machineName="CHI-LAB-VSC-02" categoryName="LoadTest:Page" counterName="Avg. Page Time" instanceName="Login(008)" baseInstanceName="Login" loadTestItemId="8" />
                </PlotDescriptor>
                <PlotDescriptor colorArgb="-16776961" lineStyle="0" fixedRange="61" rangeGroup="Avg. Page Time" showOnGraph="true" isSelected="false" counterMetadata="PERS-1670_Sites;Library;SetHierarchy">
                  <CounterDescriptor machineName="CHI-LAB-VSC-02" categoryName="LoadTest:Page" counterName="Avg. Page Time" instanceName="SetHierarchy(000)" baseInstanceName="SetHierarchy" loadTestItemId="0" />
                </PlotDescriptor>
                <PlotDescriptor colorArgb="-8388480" lineStyle="0" fixedRange="61" rangeGroup="Avg. Page Time" showOnGraph="true" isSelected="false" counterMetadata="PERS-1670_Sites;Library;Dashboard">
                  <CounterDescriptor machineName="CHI-LAB-VSC-02" categoryName="LoadTest:Page" counterName="Avg. Page Time" instanceName="Dashboard(005)" baseInstanceName="Dashboard" loadTestItemId="5" />
                </PlotDescriptor>
                <PlotDescriptor colorArgb="-23296" lineStyle="0" fixedRange="61" rangeGroup="Avg. Page Time" showOnGraph="true" isSelected="false" counterMetadata="PERS-1670_Sites;Library;https://staging.brightwhistle.com/sites----{GET}">
                  <CounterDescriptor machineName="CHI-LAB-VSC-02" categoryName="LoadTest:Page" counterName="Avg. Page Time" instanceName="sites{GET}(016)" baseInstanceName="sites{GET}" loadTestItemId="16" />
                </PlotDescriptor>
                <PlotDescriptor colorArgb="-16744320" lineStyle="0" fixedRange="61" rangeGroup="Avg. Page Time" showOnGraph="true" isSelected="false" counterMetadata="PERS-1670_Sites;Library;https://staging.brightwhistle.com/sites/new----{GET}">
                  <CounterDescriptor machineName="CHI-LAB-VSC-02" categoryName="LoadTest:Page" counterName="Avg. Page Time" instanceName="new{GET}(018)" baseInstanceName="new{GET}" loadTestItemId="18" />
                </PlotDescriptor>
                <PlotDescriptor colorArgb="-7667712" lineStyle="0" fixedRange="61" rangeGroup="Avg. Page Time" showOnGraph="true" isSelected="false" counterMetadata="PERS-1670_Sites;Library;https://staging.brightwhistle.com/sites----{POST}">
                  <CounterDescriptor machineName="CHI-LAB-VSC-02" categoryName="LoadTest:Page" counterName="Avg. Page Time" instanceName="sites{POST}(017)" baseInstanceName="sites{POST}" loadTestItemId="17" />
                </PlotDescriptor>
                <PlotDescriptor colorArgb="-16751616" lineStyle="0" fixedRange="61" rangeGroup="Avg. Page Time" showOnGraph="true" isSelected="false" counterMetadata="PERS-1670_Sites;Library;https://staging.brightwhistle.com/sign_out----{GET}">
                  <CounterDescriptor machineName="CHI-LAB-VSC-02" categoryName="LoadTest:Page" counterName="Avg. Page Time" instanceName="sign_out{GET}(015)" baseInstanceName="sign_out{GET}" loadTestItemId="15" />
                </PlotDescriptor>
                <PlotDescriptor colorArgb="-16777077" lineStyle="0" fixedRange="61" rangeGroup="Avg. Page Time" showOnGraph="true" isSelected="false" counterMetadata="PERS-1670_Sites;Library;https://staging.brightwhistle.com/sign_in----{GET}">
                  <CounterDescriptor machineName="CHI-LAB-VSC-02" categoryName="LoadTest:Page" counterName="Avg. Page Time" instanceName="sign_in{GET}(014)" baseInstanceName="sign_in{GET}" loadTestItemId="14" />
                </PlotDescriptor>
                <PlotDescriptor colorArgb="-16741493" lineStyle="0" fixedRange="61" rangeGroup="Avg. Page Time" showOnGraph="true" isSelected="false" counterMetadata="PERS-1641_Forms;Library;https://staging.brightwhistle.com/----{GET}">
                  <CounterDescriptor machineName="CHI-LAB-VSC-02" categoryName="LoadTest:Page" counterName="Avg. Page Time" instanceName="staging-brightwhistle-com{GET}(019)" baseInstanceName="staging-brightwhistle-com{GET}" loadTestItemId="19" />
                </PlotDescriptor>
                <PlotDescriptor colorArgb="-5383962" lineStyle="0" fixedRange="61" rangeGroup="Avg. Page Time" showOnGraph="true" isSelected="false" counterMetadata="PERS-1641_Forms;Library;Login">
                  <CounterDescriptor machineName="CHI-LAB-VSC-02" categoryName="LoadTest:Page" counterName="Avg. Page Time" instanceName="Login(020)" baseInstanceName="Login" loadTestItemId="20" />
                </PlotDescriptor>
                <PlotDescriptor colorArgb="-7278960" lineStyle="0" fixedRange="61" rangeGroup="Avg. Page Time" showOnGraph="true" isSelected="false" counterMetadata="PERS-1641_Forms;Library;SetHierarchy">
                  <CounterDescriptor machineName="CHI-LAB-VSC-02" categoryName="LoadTest:Page" counterName="Avg. Page Time" instanceName="SetHierarchy(021)" baseInstanceName="SetHierarchy" loadTestItemId="21" />
                </PlotDescriptor>
                <PlotDescriptor colorArgb="-38476" lineStyle="0" fixedRange="61" rangeGroup="Avg. Page Time" showOnGraph="true" isSelected="false" counterMetadata="PERS-1641_Forms;Library;Dashboard">
                  <CounterDescriptor machineName="CHI-LAB-VSC-02" categoryName="LoadTest:Page" counterName="Avg. Page Time" instanceName="Dashboard(027)" baseInstanceName="Dashboard" loadTestItemId="27" />
                </PlotDescriptor>
                <PlotDescriptor colorArgb="-10496" lineStyle="0" fixedRange="61" rangeGroup="Avg. Page Time" showOnGraph="true" isSelected="false" counterMetadata="PERS-1641_Forms;Library;Forms">
                  <CounterDescriptor machineName="CHI-LAB-VSC-02" categoryName="LoadTest:Page" counterName="Avg. Page Time" instanceName="Forms(022)" baseInstanceName="Forms" loadTestItemId="22" />
                </PlotDescriptor>
                <PlotDescriptor colorArgb="-16777216" lineStyle="0" fixedRange="61" rangeGroup="Avg. Page Time" showOnGraph="true" isSelected="false" counterMetadata="PERS-1641_Forms;Library;https://staging.brightwhistle.com/form_builders/new----{GET}">
                  <CounterDescriptor machineName="CHI-LAB-VSC-02" categoryName="LoadTest:Page" counterName="Avg. Page Time" instanceName="new{GET}(036)" baseInstanceName="new{GET}" loadTestItemId="36" />
                </PlotDescriptor>
                <PlotDescriptor colorArgb="-65536" lineStyle="0" fixedRange="61" rangeGroup="Avg. Page Time" showOnGraph="true" isSelected="false" counterMetadata="PERS-1641_Forms;Library;https://staging.brightwhistle.com/form_builders/preview----{POST}">
                  <CounterDescriptor machineName="CHI-LAB-VSC-02" categoryName="LoadTest:Page" counterName="Avg. Page Time" instanceName="preview{POST}(037)" baseInstanceName="preview{POST}" loadTestItemId="37" />
                </PlotDescriptor>
                <PlotDescriptor colorArgb="-16744448" lineStyle="0" fixedRange="61" rangeGroup="Avg. Page Time" showOnGraph="true" isSelected="false" counterMetadata="PERS-1641_Forms;Library;SaveForm">
                  <CounterDescriptor machineName="CHI-LAB-VSC-02" categoryName="LoadTest:Page" counterName="Avg. Page Time" instanceName="SaveForm(023)" baseInstanceName="SaveForm" loadTestItemId="23" />
                </PlotDescriptor>
                <PlotDescriptor colorArgb="-16776961" lineStyle="0" fixedRange="61" rangeGroup="Avg. Page Time" showOnGraph="true" isSelected="false" counterMetadata="PERS-1641_Forms;Library;https://staging.brightwhistle.com/form_builders----{GET}">
                  <CounterDescriptor machineName="CHI-LAB-VSC-02" categoryName="LoadTest:Page" counterName="Avg. Page Time" instanceName="form_builders{GET}(042)" baseInstanceName="form_builders{GET}" loadTestItemId="42" />
                </PlotDescriptor>
                <PlotDescriptor colorArgb="-8388480" lineStyle="0" fixedRange="61" rangeGroup="Avg. Page Time" showOnGraph="true" isSelected="false" counterMetadata="PERS-1641_Forms;Library;https://staging.brightwhistle.com/dashboard----{GET}">
                  <CounterDescriptor machineName="CHI-LAB-VSC-02" categoryName="LoadTest:Page" counterName="Avg. Page Time" instanceName="dashboard{GET}(035)" baseInstanceName="dashboard{GET}" loadTestItemId="35" />
                </PlotDescriptor>
                <PlotDescriptor colorArgb="-23296" lineStyle="0" fixedRange="61" rangeGroup="Avg. Page Time" showOnGraph="true" isSelected="false" counterMetadata="PERS-1641_Forms;Library;https://staging.brightwhistle.com/sign_out----{GET}">
                  <CounterDescriptor machineName="CHI-LAB-VSC-02" categoryName="LoadTest:Page" counterName="Avg. Page Time" instanceName="sign_out{GET}(044)" baseInstanceName="sign_out{GET}" loadTestItemId="44" />
                </PlotDescriptor>
                <PlotDescriptor colorArgb="-16744320" lineStyle="0" fixedRange="61" rangeGroup="Avg. Page Time" showOnGraph="true" isSelected="false" counterMetadata="PERS-1641_Forms;Library;https://staging.brightwhistle.com/sign_in----{GET}">
                  <CounterDescriptor machineName="CHI-LAB-VSC-02" categoryName="LoadTest:Page" counterName="Avg. Page Time" instanceName="sign_in{GET}(043)" baseInstanceName="sign_in{GET}" loadTestItemId="43" />
                </PlotDescriptor>
                <PlotDescriptor colorArgb="-7667712" lineStyle="0" fixedRange="61" rangeGroup="Avg. Page Time" showOnGraph="true" isSelected="false" counterMetadata="PERS-1658_Creative;Library;https://staging.brightwhistle.com/----{GET}">
                  <CounterDescriptor machineName="CHI-LAB-VSC-02" categoryName="LoadTest:Page" counterName="Avg. Page Time" instanceName="staging-brightwhistle-com{GET}(047)" baseInstanceName="staging-brightwhistle-com{GET}" loadTestItemId="47" />
                </PlotDescriptor>
                <PlotDescriptor colorArgb="-16751616" lineStyle="0" fixedRange="61" rangeGroup="Avg. Page Time" showOnGraph="true" isSelected="false" counterMetadata="PERS-1658_Creative;Library;Login">
                  <CounterDescriptor machineName="CHI-LAB-VSC-02" categoryName="LoadTest:Page" counterName="Avg. Page Time" instanceName="Login(052)" baseInstanceName="Login" loadTestItemId="52" />
                </PlotDescriptor>
                <PlotDescriptor colorArgb="-16777077" lineStyle="0" fixedRange="61" rangeGroup="Avg. Page Time" showOnGraph="true" isSelected="false" counterMetadata="PERS-1658_Creative;Library;Set Hierarchy">
                  <CounterDescriptor machineName="CHI-LAB-VSC-02" categoryName="LoadTest:Page" counterName="Avg. Page Time" instanceName="Set Hierarchy(056)" baseInstanceName="Set Hierarchy" loadTestItemId="56" />
                </PlotDescriptor>
                <PlotDescriptor colorArgb="-16741493" lineStyle="0" fixedRange="61" rangeGroup="Avg. Page Time" showOnGraph="true" isSelected="false" counterMetadata="PERS-1658_Creative;Library;Dashboard">
                  <CounterDescriptor machineName="CHI-LAB-VSC-02" categoryName="LoadTest:Page" counterName="Avg. Page Time" instanceName="Dashboard(049)" baseInstanceName="Dashboard" loadTestItemId="49" />
                </PlotDescriptor>
                <PlotDescriptor colorArgb="-5383962" lineStyle="0" fixedRange="61" rangeGroup="Avg. Page Time" showOnGraph="true" isSelected="false" counterMetadata="PERS-1658_Creative;Library;https://staging.brightwhistle.com/email_creatives----{GET}">
                  <CounterDescriptor machineName="CHI-LAB-VSC-02" categoryName="LoadTest:Page" counterName="Avg. Page Time" instanceName="email_creatives{GET}(062)" baseInstanceName="email_creatives{GET}" loadTestItemId="62" />
                </PlotDescriptor>
                <PlotDescriptor colorArgb="-7278960" lineStyle="0" fixedRange="61" rangeGroup="Avg. Page Time" showOnGraph="true" isSelected="false" counterMetadata="PERS-1658_Creative;Library;https://staging.brightwhistle.com/email_creatives/105/edit----{GET}">
                  <CounterDescriptor machineName="CHI-LAB-VSC-02" categoryName="LoadTest:Page" counterName="Avg. Page Time" instanceName="edit{GET}(059)" baseInstanceName="edit{GET}" loadTestItemId="59" />
                </PlotDescriptor>
                <PlotDescriptor colorArgb="-38476" lineStyle="0" fixedRange="61" rangeGroup="Avg. Page Time" showOnGraph="true" isSelected="false" counterMetadata="PERS-1658_Creative;Library;https://staging.brightwhistle.com/email_creatives/new----{GET}">
                  <CounterDescriptor machineName="CHI-LAB-VSC-02" categoryName="LoadTest:Page" counterName="Avg. Page Time" instanceName="new{GET}(061)" baseInstanceName="new{GET}" loadTestItemId="61" />
                </PlotDescriptor>
                <PlotDescriptor colorArgb="-10496" lineStyle="0" fixedRange="61" rangeGroup="Avg. Page Time" showOnGraph="true" isSelected="false" counterMetadata="PERS-1658_Creative;Library;https://staging.brightwhistle.com/email_creatives----{POST}">
                  <CounterDescriptor machineName="CHI-LAB-VSC-02" categoryName="LoadTest:Page" counterName="Avg. Page Time" instanceName="email_creatives{POST}(060)" baseInstanceName="email_creatives{POST}" loadTestItemId="60" />
                </PlotDescriptor>
                <PlotDescriptor colorArgb="-16777216" lineStyle="0" fixedRange="61" rangeGroup="Avg. Page Time" showOnGraph="true" isSelected="false" counterMetadata="PERS-1658_Creative;Library;https://staging.brightwhistle.com/sign_out----{GET}">
                  <CounterDescriptor machineName="CHI-LAB-VSC-02" categoryName="LoadTest:Page" counterName="Avg. Page Time" instanceName="sign_out{GET}(064)" baseInstanceName="sign_out{GET}" loadTestItemId="64" />
                </PlotDescriptor>
                <PlotDescriptor colorArgb="-65536" lineStyle="0" fixedRange="61" rangeGroup="Avg. Page Time" showOnGraph="true" isSelected="false" counterMetadata="PERS-1658_Creative;Library;https://staging.brightwhistle.com/sign_in----{GET}">
                  <CounterDescriptor machineName="CHI-LAB-VSC-02" categoryName="LoadTest:Page" counterName="Avg. Page Time" instanceName="sign_in{GET}(065)" baseInstanceName="sign_in{GET}" loadTestItemId="65" />
                </PlotDescriptor>
                <PlotDescriptor colorArgb="-16744448" lineStyle="0" fixedRange="61" rangeGroup="Avg. Page Time" showOnGraph="true" isSelected="false" counterMetadata="PERS-1642_LandingPages;Library;https://staging.brightwhistle.com/----{GET}">
                  <CounterDescriptor machineName="CHI-LAB-VSC-02" categoryName="LoadTest:Page" counterName="Avg. Page Time" instanceName="staging-brightwhistle-com{GET}(068)" baseInstanceName="staging-brightwhistle-com{GET}" loadTestItemId="68" />
                </PlotDescriptor>
                <PlotDescriptor colorArgb="-16776961" lineStyle="0" fixedRange="61" rangeGroup="Avg. Page Time" showOnGraph="true" isSelected="false" counterMetadata="PERS-1642_LandingPages;Library;Login">
                  <CounterDescriptor machineName="CHI-LAB-VSC-02" categoryName="LoadTest:Page" counterName="Avg. Page Time" instanceName="Login(073)" baseInstanceName="Login" loadTestItemId="73" />
                </PlotDescriptor>
                <PlotDescriptor colorArgb="-8388480" lineStyle="0" fixedRange="61" rangeGroup="Avg. Page Time" showOnGraph="true" isSelected="false" counterMetadata="PERS-1642_LandingPages;Library;Set Hierarchy">
                  <CounterDescriptor machineName="CHI-LAB-VSC-02" categoryName="LoadTest:Page" counterName="Avg. Page Time" instanceName="Set Hierarchy(076)" baseInstanceName="Set Hierarchy" loadTestItemId="76" />
                </PlotDescriptor>
                <PlotDescriptor colorArgb="-23296" lineStyle="0" fixedRange="61" rangeGroup="Avg. Page Time" showOnGraph="true" isSelected="false" counterMetadata="PERS-1642_LandingPages;Library;Dashboard">
                  <CounterDescriptor machineName="CHI-LAB-VSC-02" categoryName="LoadTest:Page" counterName="Avg. Page Time" instanceName="Dashboard(070)" baseInstanceName="Dashboard" loadTestItemId="70" />
                </PlotDescriptor>
                <PlotDescriptor colorArgb="-16744320" lineStyle="0" fixedRange="61" rangeGroup="Avg. Page Time" showOnGraph="true" isSelected="false" counterMetadata="PERS-1642_LandingPages;Library;Landing Page">
                  <CounterDescriptor machineName="CHI-LAB-VSC-02" categoryName="LoadTest:Page" counterName="Avg. Page Time" instanceName="Landing Page(079)" baseInstanceName="Landing Page" loadTestItemId="79" />
                </PlotDescriptor>
                <PlotDescriptor colorArgb="-7667712" lineStyle="0" fixedRange="61" rangeGroup="Avg. Page Time" showOnGraph="true" isSelected="false" counterMetadata="PERS-1642_LandingPages;Library;https://staging.brightwhistle.com/landing_pages/new----{GET}">
                  <CounterDescriptor machineName="CHI-LAB-VSC-02" categoryName="LoadTest:Page" counterName="Avg. Page Time" instanceName="new{GET}(080)" baseInstanceName="new{GET}" loadTestItemId="80" />
                </PlotDescriptor>
                <PlotDescriptor colorArgb="-16751616" lineStyle="0" fixedRange="61" rangeGroup="Avg. Page Time" showOnGraph="true" isSelected="false" counterMetadata="PERS-1640_FormFields;Library;https://staging.brightwhistle.com/----{GET}">
                  <CounterDescriptor machineName="CHI-LAB-VSC-02" categoryName="LoadTest:Page" counterName="Avg. Page Time" instanceName="staging-brightwhistle-com{GET}(084)" baseInstanceName="staging-brightwhistle-com{GET}" loadTestItemId="84" />
                </PlotDescriptor>
                <PlotDescriptor colorArgb="-16777077" lineStyle="0" fixedRange="61" rangeGroup="Avg. Page Time" showOnGraph="true" isSelected="false" counterMetadata="PERS-1640_FormFields;Library;Login">
                  <CounterDescriptor machineName="CHI-LAB-VSC-02" categoryName="LoadTest:Page" counterName="Avg. Page Time" instanceName="Login(089)" baseInstanceName="Login" loadTestItemId="89" />
                </PlotDescriptor>
                <PlotDescriptor colorArgb="-16741493" lineStyle="0" fixedRange="61" rangeGroup="Avg. Page Time" showOnGraph="true" isSelected="false" counterMetadata="PERS-1640_FormFields;Library;SetHierarchy">
                  <CounterDescriptor machineName="CHI-LAB-VSC-02" categoryName="LoadTest:Page" counterName="Avg. Page Time" instanceName="SetHierarchy(081)" baseInstanceName="SetHierarchy" loadTestItemId="81" />
                </PlotDescriptor>
                <PlotDescriptor colorArgb="-5383962" lineStyle="0" fixedRange="61" rangeGroup="Avg. Page Time" showOnGraph="true" isSelected="false" counterMetadata="PERS-1640_FormFields;Library;Dashboard">
                  <CounterDescriptor machineName="CHI-LAB-VSC-02" categoryName="LoadTest:Page" counterName="Avg. Page Time" instanceName="Dashboard(086)" baseInstanceName="Dashboard" loadTestItemId="86" />
                </PlotDescriptor>
                <PlotDescriptor colorArgb="-7278960" lineStyle="0" fixedRange="61" rangeGroup="Avg. Page Time" showOnGraph="true" isSelected="false" counterMetadata="PERS-1640_FormFields;Library;https://staging.brightwhistle.com/form_fields----{GET}">
                  <CounterDescriptor machineName="CHI-LAB-VSC-02" categoryName="LoadTest:Page" counterName="Avg. Page Time" instanceName="form_fields{GET}(093)" baseInstanceName="form_fields{GET}" loadTestItemId="93" />
                </PlotDescriptor>
                <PlotDescriptor colorArgb="-38476" lineStyle="0" fixedRange="61" rangeGroup="Avg. Page Time" showOnGraph="true" isSelected="true" counterMetadata="PERS-1642_LandingPages;Library;Phone Numbers">
                  <CounterDescriptor machineName="CHI-LAB-VSC-02" categoryName="LoadTest:Page" counterName="Avg. Page Time" instanceName="Phone Numbers(099)" baseInstanceName="Phone Numbers" loadTestItemId="99" />
                </PlotDescriptor>
                <PlotDescriptor colorArgb="-10496" lineStyle="0" fixedRange="61" rangeGroup="Avg. Page Time" showOnGraph="true" isSelected="false" counterMetadata="PERS-1642_LandingPages;Library;https://staging.brightwhistle.com/api/get_landing_page_content----{POST}">
                  <CounterDescriptor machineName="CHI-LAB-VSC-02" categoryName="LoadTest:Page" counterName="Avg. Page Time" instanceName="get_landing_page_content{POST}(104)" baseInstanceName="get_landing_page_content{POST}" loadTestItemId="104" />
                </PlotDescriptor>
                <PlotDescriptor colorArgb="-16777216" lineStyle="0" fixedRange="61" rangeGroup="Avg. Page Time" showOnGraph="true" isSelected="false" counterMetadata="PERS-1642_LandingPages;Library;https://staging.brightwhistle.com/validators/uniqueness----{GET}">
                  <CounterDescriptor machineName="CHI-LAB-VSC-02" categoryName="LoadTest:Page" counterName="Avg. Page Time" instanceName="uniqueness{GET}(101)" baseInstanceName="uniqueness{GET}" loadTestItemId="101" />
                </PlotDescriptor>
                <PlotDescriptor colorArgb="-65536" lineStyle="0" fixedRange="61" rangeGroup="Avg. Page Time" showOnGraph="true" isSelected="false" counterMetadata="PERS-1642_LandingPages;Library;Save Landingpage">
                  <CounterDescriptor machineName="CHI-LAB-VSC-02" categoryName="LoadTest:Page" counterName="Avg. Page Time" instanceName="Save Landingpage(096)" baseInstanceName="Save Landingpage" loadTestItemId="96" />
                </PlotDescriptor>
                <PlotDescriptor colorArgb="-16744448" lineStyle="0" fixedRange="61" rangeGroup="Avg. Page Time" showOnGraph="true" isSelected="false" counterMetadata="PERS-1640_FormFields;Library;https://staging.brightwhistle.com/form_fields/new----{GET}">
                  <CounterDescriptor machineName="CHI-LAB-VSC-02" categoryName="LoadTest:Page" counterName="Avg. Page Time" instanceName="new{GET}(110)" baseInstanceName="new{GET}" loadTestItemId="110" />
                </PlotDescriptor>
                <PlotDescriptor colorArgb="-16776961" lineStyle="0" fixedRange="61" rangeGroup="Avg. Page Time" showOnGraph="true" isSelected="false" counterMetadata="PERS-1640_FormFields;Library;https://staging.brightwhistle.com/form_fields----{POST}">
                  <CounterDescriptor machineName="CHI-LAB-VSC-02" categoryName="LoadTest:Page" counterName="Avg. Page Time" instanceName="form_fields{POST}(107)" baseInstanceName="form_fields{POST}" loadTestItemId="107" />
                </PlotDescriptor>
                <PlotDescriptor colorArgb="-8388480" lineStyle="0" fixedRange="61" rangeGroup="Avg. Page Time" showOnGraph="true" isSelected="false" counterMetadata="PERS-1640_FormFields;Library;https://staging.brightwhistle.com/sign_out----{GET}">
                  <CounterDescriptor machineName="CHI-LAB-VSC-02" categoryName="LoadTest:Page" counterName="Avg. Page Time" instanceName="sign_out{GET}(108)" baseInstanceName="sign_out{GET}" loadTestItemId="108" />
                </PlotDescriptor>
                <PlotDescriptor colorArgb="-23296" lineStyle="0" fixedRange="61" rangeGroup="Avg. Page Time" showOnGraph="true" isSelected="false" counterMetadata="PERS-1640_FormFields;Library;https://staging.brightwhistle.com/sign_in----{GET}">
                  <CounterDescriptor machineName="CHI-LAB-VSC-02" categoryName="LoadTest:Page" counterName="Avg. Page Time" instanceName="sign_in{GET}(109)" baseInstanceName="sign_in{GET}" loadTestItemId="109" />
                </PlotDescriptor>
              </PlotDescriptors>
            </GraphDescriptor>
          </GraphDescriptors>
        </LoadTestRunDescriptor>
      </AnalyzerViewState>
      <Summary>
        <PerformanceCounterResults>
          <PerformanceCounterResult isOverallResultCounter="true" higherIsBetter="true" machineName="CHI-LAB-VSC-02" categoryName="LoadTest:Scenario" counterName="User Load" instanceName="_Total" value="10" />
          <PerformanceCounterResult isOverallResultCounter="true" higherIsBetter="true" machineName="CHI-LAB-VSC-02" categoryName="LoadTest:Test" counterName="Total Tests" instanceName="_Total" value="50" />
          <PerformanceCounterResult isOverallResultCounter="true" higherIsBetter="false" machineName="CHI-LAB-VSC-02" categoryName="LoadTest:Test" counterName="Failed Tests" instanceName="_Total" value="10" />
          <PerformanceCounterResult isOverallResultCounter="true" higherIsBetter="true" machineName="CHI-LAB-VSC-02" categoryName="LoadTest:Test" counterName="Tests/Sec" instanceName="_Total" value="0.055555556" />
          <PerformanceCounterResult isOverallResultCounter="true" higherIsBetter="false" machineName="CHI-LAB-VSC-02" categoryName="LoadTest:Test" counterName="Avg. Test Time" instanceName="_Total" value="135.498627" />
          <PerformanceCounterResult isOverallResultCounter="true" higherIsBetter="true" machineName="CHI-LAB-VSC-02" categoryName="LoadTest:Request" counterName="Total Requests" instanceName="_Total" value="1803" />
          <PerformanceCounterResult isOverallResultCounter="true" higherIsBetter="false" machineName="CHI-LAB-VSC-02" categoryName="LoadTest:Request" counterName="Failed Requests" instanceName="_Total" value="28" />
          <PerformanceCounterResult isOverallResultCounter="true" higherIsBetter="true" machineName="CHI-LAB-VSC-02" categoryName="LoadTest:Request" counterName="Cached Requests" instanceName="_Total" value="1292" />
          <PerformanceCounterResult isOverallResultCounter="true" higherIsBetter="true" machineName="CHI-LAB-VSC-02" categoryName="LoadTest:Request" counterName="Requests/Sec" instanceName="_Total" value="2.00333333" />
          <PerformanceCounterResult isOverallResultCounter="true" higherIsBetter="false" machineName="CHI-LAB-VSC-02" categoryName="LoadTest:Request" counterName="Avg. Response Time" instanceName="_Total" value="4.187113" />
          <PerformanceCounterResult isOverallResultCounter="false" higherIsBetter="false" machineName="CHI-LAB-VSC-02" categoryName="Processor" counterName="% Processor Time" instanceName="_Total" value="0.631483853" />
          <PerformanceCounterResult isOverallResultCounter="false" higherIsBetter="true" machineName="CHI-LAB-VSC-02" categoryName="Memory" counterName="Available MBytes" instanceName="-" value="945" />
          <PerformanceCounterResult isOverallResultCounter="false" higherIsBetter="false" machineName="CHI-LAB-VSC-02" categoryName="Network Interface" counterName="Bytes Received/sec" instanceName="isatap.medseeklab.local" value="0" />
          <PerformanceCounterResult isOverallResultCounter="false" higherIsBetter="false" machineName="CHI-LAB-VSC-02" categoryName="Network Interface" counterName="Bytes Received/sec" instanceName="intel[r] pro_1000 mt network connection" value="9746.936" />
          <PerformanceCounterResult isOverallResultCounter="false" higherIsBetter="false" machineName="CHI-LAB-VSC-02" categoryName="Network Interface" counterName="Bytes Sent/sec" instanceName="isatap.medseeklab.local" value="0" />
          <PerformanceCounterResult isOverallResultCounter="false" higherIsBetter="false" machineName="CHI-LAB-VSC-02" categoryName="Network Interface" counterName="Bytes Sent/sec" instanceName="intel[r] pro_1000 mt network connection" value="8959.485" />
          <PerformanceCounterResult isOverallResultCounter="false" higherIsBetter="false" machineName="CHI-LAB-VSA-03" categoryName="Processor" counterName="% Processor Time" instanceName="_Total" value="0.631771266" />
          <PerformanceCounterResult isOverallResultCounter="false" higherIsBetter="true" machineName="CHI-LAB-VSA-03" categoryName="Memory" counterName="Available MBytes" instanceName="-" value="1331" />
          <PerformanceCounterResult isOverallResultCounter="false" higherIsBetter="false" machineName="CHI-LAB-VSA-03" categoryName="Network Interface" counterName="Bytes Received/sec" instanceName="isatap.medseeklab.local" value="0" />
          <PerformanceCounterResult isOverallResultCounter="false" higherIsBetter="false" machineName="CHI-LAB-VSA-03" categoryName="Network Interface" counterName="Bytes Received/sec" instanceName="intel[r] pro_1000 mt network connection" value="22209.9414" />
          <PerformanceCounterResult isOverallResultCounter="false" higherIsBetter="false" machineName="CHI-LAB-VSA-03" categoryName="Network Interface" counterName="Bytes Sent/sec" instanceName="isatap.medseeklab.local" value="0" />
          <PerformanceCounterResult isOverallResultCounter="false" higherIsBetter="false" machineName="CHI-LAB-VSA-03" categoryName="Network Interface" counterName="Bytes Sent/sec" instanceName="intel[r] pro_1000 mt network connection" value="5598.07471" />
          <PerformanceCounterResult isOverallResultCounter="false" higherIsBetter="false" machineName="CHI-LAB-VSA-04" categoryName="Processor" counterName="% Processor Time" instanceName="_Total" value="0.6928824" />
          <PerformanceCounterResult isOverallResultCounter="false" higherIsBetter="true" machineName="CHI-LAB-VSA-04" categoryName="Memory" counterName="Available MBytes" instanceName="-" value="1354" />
          <PerformanceCounterResult isOverallResultCounter="false" higherIsBetter="false" machineName="CHI-LAB-VSA-04" categoryName="Network Interface" counterName="Bytes Received/sec" instanceName="isatap.medseeklab.local" value="0" />
          <PerformanceCounterResult isOverallResultCounter="false" higherIsBetter="false" machineName="CHI-LAB-VSA-04" categoryName="Network Interface" counterName="Bytes Received/sec" instanceName="intel[r] pro_1000 mt network connection" value="22258.7246" />
          <PerformanceCounterResult isOverallResultCounter="false" higherIsBetter="false" machineName="CHI-LAB-VSA-04" categoryName="Network Interface" counterName="Bytes Sent/sec" instanceName="isatap.medseeklab.local" value="0" />
          <PerformanceCounterResult isOverallResultCounter="false" higherIsBetter="false" machineName="CHI-LAB-VSA-04" categoryName="Network Interface" counterName="Bytes Sent/sec" instanceName="intel[r] pro_1000 mt network connection" value="5650.226" />
        </PerformanceCounterResults>
        <PageSummaries>
          <PageSummary scenarioName="Library" testName="PERS-1670_Sites" url="staging.brightwhistle.com/{GET}" pageCount="10" responseTime="329" />
          <PageSummary scenarioName="Library" testName="PERS-1670_Sites" url="Login" pageCount="10" responseTime="21740" />
          <PageSummary scenarioName="Library" testName="PERS-1670_Sites" url="SetHierarchy" pageCount="10" responseTime="3302" />
          <PageSummary scenarioName="Library" testName="PERS-1670_Sites" url="Dashboard" pageCount="9" responseTime="14883" />
          <PageSummary scenarioName="Library" testName="PERS-1670_Sites" url="sites{GET}" pageCount="18" responseTime="38183" />
          <PageSummary scenarioName="Library" testName="PERS-1670_Sites" url="new{GET}" pageCount="9" responseTime="12082" />
          <PageSummary scenarioName="Library" testName="PERS-1670_Sites" url="sites{POST}" pageCount="9" responseTime="4413" />
          <PageSummary scenarioName="Library" testName="PERS-1670_Sites" url="sign_out{GET}" pageCount="9" responseTime="9425" />
          <PageSummary scenarioName="Library" testName="PERS-1670_Sites" url="sign_in{GET}" pageCount="9" responseTime="492" />
          <PageSummary scenarioName="Library" testName="PERS-1641_Forms" url="staging.brightwhistle.com/{GET}" pageCount="10" responseTime="466" />
          <PageSummary scenarioName="Library" testName="PERS-1641_Forms" url="Login" pageCount="9" responseTime="23532" />
          <PageSummary scenarioName="Library" testName="PERS-1641_Forms" url="SetHierarchy" pageCount="9" responseTime="3583" />
          <PageSummary scenarioName="Library" testName="PERS-1641_Forms" url="Dashboard" pageCount="9" responseTime="21574" />
          <PageSummary scenarioName="Library" testName="PERS-1641_Forms" url="Forms" pageCount="9" responseTime="5568" />
          <PageSummary scenarioName="Library" testName="PERS-1641_Forms" url="new{GET}" pageCount="9" responseTime="21483" />
          <PageSummary scenarioName="Library" testName="PERS-1641_Forms" url="preview{POST}" pageCount="9" responseTime="1920" />
          <PageSummary scenarioName="Library" testName="PERS-1641_Forms" url="SaveForm" pageCount="9" responseTime="1522" />
          <PageSummary scenarioName="Library" testName="PERS-1641_Forms" url="form_builders{GET}" pageCount="18" responseTime="6461" />
          <PageSummary scenarioName="Library" testName="PERS-1641_Forms" url="dashboard{GET}" pageCount="8" responseTime="21973" />
          <PageSummary scenarioName="Library" testName="PERS-1641_Forms" url="sign_out{GET}" pageCount="8" responseTime="6123" />
          <PageSummary scenarioName="Library" testName="PERS-1641_Forms" url="sign_in{GET}" pageCount="8" responseTime="439" />
          <PageSummary scenarioName="Library" testName="PERS-1658_Creative" url="staging.brightwhistle.com/{GET}" pageCount="6" responseTime="448" />
          <PageSummary scenarioName="Library" testName="PERS-1658_Creative" url="Login" pageCount="6" responseTime="23825" />
          <PageSummary scenarioName="Library" testName="PERS-1658_Creative" url="Set Hierarchy" pageCount="6" responseTime="4107" />
          <PageSummary scenarioName="Library" testName="PERS-1658_Creative" url="Dashboard" pageCount="6" responseTime="19619" />
          <PageSummary scenarioName="Library" testName="PERS-1658_Creative" url="email_creatives{GET}" pageCount="14" responseTime="37241" />
          <PageSummary scenarioName="Library" testName="PERS-1658_Creative" url="edit{GET}" pageCount="1" responseTime="606" />
          <PageSummary scenarioName="Library" testName="PERS-1658_Creative" url="new{GET}" pageCount="7" responseTime="12325" />
          <PageSummary scenarioName="Library" testName="PERS-1658_Creative" url="email_creatives{POST}" pageCount="7" responseTime="1406" />
          <PageSummary scenarioName="Library" testName="PERS-1658_Creative" url="sign_out{GET}" pageCount="7" responseTime="6279" />
          <PageSummary scenarioName="Library" testName="PERS-1658_Creative" url="sign_in{GET}" pageCount="7" responseTime="378" />
          <PageSummary scenarioName="Library" testName="PERS-1642_LandingPages" url="staging.brightwhistle.com/{GET}" pageCount="21" responseTime="10143" />
          <PageSummary scenarioName="Library" testName="PERS-1642_LandingPages" url="Login" pageCount="21" responseTime="21802" />
          <PageSummary scenarioName="Library" testName="PERS-1642_LandingPages" url="Set Hierarchy" pageCount="10" responseTime="3184" />
          <PageSummary scenarioName="Library" testName="PERS-1642_LandingPages" url="Dashboard" pageCount="8" responseTime="19294" />
          <PageSummary scenarioName="Library" testName="PERS-1642_LandingPages" url="Landing Page" pageCount="8" responseTime="47395" />
          <PageSummary scenarioName="Library" testName="PERS-1642_LandingPages" url="new{GET}" pageCount="7" responseTime="18039" />
          <PageSummary scenarioName="Library" testName="PERS-1640_FormFields" url="staging.brightwhistle.com/{GET}" pageCount="13" responseTime="525" />
          <PageSummary scenarioName="Library" testName="PERS-1640_FormFields" url="Login" pageCount="13" responseTime="19308" />
          <PageSummary scenarioName="Library" testName="PERS-1640_FormFields" url="SetHierarchy" pageCount="13" responseTime="3223" />
          <PageSummary scenarioName="Library" testName="PERS-1640_FormFields" url="Dashboard" pageCount="12" responseTime="16753" />
          <PageSummary scenarioName="Library" testName="PERS-1640_FormFields" url="form_fields{GET}" pageCount="24" responseTime="2727" />
          <PageSummary scenarioName="Library" testName="PERS-1642_LandingPages" url="Phone Numbers" pageCount="7" responseTime="43168" />
          <PageSummary scenarioName="Library" testName="PERS-1642_LandingPages" url="get_landing_page_content{POST}" pageCount="19" responseTime="1153" />
          <PageSummary scenarioName="Library" testName="PERS-1642_LandingPages" url="uniqueness{GET}" pageCount="6" responseTime="30" />
          <PageSummary scenarioName="Library" testName="PERS-1642_LandingPages" url="Save Landingpage" pageCount="6" responseTime="5355" />
          <PageSummary scenarioName="Library" testName="PERS-1640_FormFields" url="new{GET}" pageCount="12" responseTime="1808" />
          <PageSummary scenarioName="Library" testName="PERS-1640_FormFields" url="form_fields{POST}" pageCount="12" responseTime="4606" />
          <PageSummary scenarioName="Library" testName="PERS-1640_FormFields" url="sign_out{GET}" pageCount="12" responseTime="5258" />
          <PageSummary scenarioName="Library" testName="PERS-1640_FormFields" url="sign_in{GET}" pageCount="12" responseTime="743" />
          <PageSummary scenarioName="Library" testName="PERS-1642_LandingPages" url="landing_pages{GET}" pageCount="6" responseTime="38725" />
          <PageSummary scenarioName="Library" testName="PERS-1642_LandingPages" url="sign_out{GET}" pageCount="6" responseTime="8967" />
          <PageSummary scenarioName="Library" testName="PERS-1642_LandingPages" url="sign_in{GET}" pageCount="6" responseTime="545" />
          <PageSummary scenarioName="Library" testName="PERS-1658_Creative" url="edit{GET}" pageCount="1" responseTime="1833" />
          <PageSummary scenarioName="Library" testName="PERS-1669_SellingPoints" url="staging.brightwhistle.com/{GET}" pageCount="9" responseTime="542" />
          <PageSummary scenarioName="Library" testName="PERS-1658_Creative" url="edit{GET}" pageCount="3" responseTime="7724" />
          <PageSummary scenarioName="Library" testName="PERS-1669_SellingPoints" url="Login" pageCount="8" responseTime="28760" />
          <PageSummary scenarioName="Library" testName="PERS-1669_SellingPoints" url="SetHierarchy" pageCount="8" responseTime="3521" />
          <PageSummary scenarioName="Library" testName="PERS-1669_SellingPoints" url="Dashboard" pageCount="8" responseTime="22831" />
          <PageSummary scenarioName="Library" testName="PERS-1669_SellingPoints" url="SellingPoints" pageCount="16" responseTime="45505" />
          <PageSummary scenarioName="Library" testName="PERS-1669_SellingPoints" url="new{GET}" pageCount="8" responseTime="17821" />
          <PageSummary scenarioName="Library" testName="PERS-1669_SellingPoints" url="Add SellingPoints" pageCount="8" responseTime="5009" />
          <PageSummary scenarioName="Library" testName="PERS-1669_SellingPoints" url="sign_out{GET}" pageCount="8" responseTime="7303" />
          <PageSummary scenarioName="Library" testName="PERS-1669_SellingPoints" url="sign_in{GET}" pageCount="8" responseTime="444" />
          <PageSummary scenarioName="Library" testName="PERS-1658_Creative" url="edit{GET}" pageCount="1" responseTime="6946" />
          <PageSummary scenarioName="Library" testName="PERS-1658_Creative" url="edit{GET}" pageCount="1" responseTime="6532" />
        </PageSummaries>
        <TestSummaries>
          <TestSummary scenarioName="Library" testName="PERS-1670_Sites" totalTests="9" testsFailed="1" averageDuration="142530" />
          <TestSummary scenarioName="Library" testName="PERS-1641_Forms" totalTests="8" testsFailed="0" averageDuration="119653" />
          <TestSummary scenarioName="Library" testName="PERS-1658_Creative" totalTests="7" testsFailed="2" averageDuration="142671" />
          <TestSummary scenarioName="Library" testName="PERS-1642_LandingPages" totalTests="6" testsFailed="6" averageDuration="237628" />
          <TestSummary scenarioName="Library" testName="PERS-1640_FormFields" totalTests="12" testsFailed="0" averageDuration="57096" />
          <TestSummary scenarioName="Library" testName="PERS-1669_SellingPoints" totalTests="8" testsFailed="1" averageDuration="178162" />
        </TestSummaries>
        <TransactionSummaries>
          <TransactionSummary scenarioName="Library" testName="PERS-1670_Sites" transactionName="Login" transactionCount="10" elapsedTime="0" responseTime="0" />
          <TransactionSummary scenarioName="Library" testName="PERS-1670_Sites" transactionName="Login.Landing Page" transactionCount="10" elapsedTime="329" responseTime="329" />
          <TransactionSummary scenarioName="Library" testName="PERS-1670_Sites" transactionName="Login.Login" transactionCount="10" elapsedTime="21740" responseTime="21740" />
          <TransactionSummary scenarioName="Library" testName="PERS-1670_Sites" transactionName="SetHierarchy.Login" transactionCount="10" elapsedTime="22070" responseTime="22070" />
          <TransactionSummary scenarioName="Library" testName="PERS-1670_Sites" transactionName="SetHierarchy.Set Hierarchy" transactionCount="9" elapsedTime="18013" responseTime="18013" />
          <TransactionSummary scenarioName="Library" testName="PERS-1670_Sites" transactionName="PERS-1670_Sites.SetHierarchy" transactionCount="9" elapsedTime="39645" responseTime="39645" />
          <TransactionSummary scenarioName="Library" testName="PERS-1670_Sites" transactionName="Set Hierarchy" transactionCount="9" elapsedTime="39645" responseTime="39645" />
          <TransactionSummary scenarioName="Library" testName="PERS-1670_Sites" transactionName="Sites" transactionCount="9" elapsedTime="42443" responseTime="42443" />
          <TransactionSummary scenarioName="Library" testName="PERS-1670_Sites" transactionName="Create Site" transactionCount="9" elapsedTime="12082" responseTime="12082" />
          <TransactionSummary scenarioName="Library" testName="PERS-1670_Sites" transactionName="Save Site" transactionCount="9" elapsedTime="38336" responseTime="38336" />
          <TransactionSummary scenarioName="Library" testName="PERS-1670_Sites" transactionName="Logout.Logout" transactionCount="9" elapsedTime="9918" responseTime="9918" />
          <TransactionSummary scenarioName="Library" testName="PERS-1670_Sites" transactionName="PERS-1670_Sites.Logout" transactionCount="9" elapsedTime="9918" responseTime="9918" />
          <TransactionSummary scenarioName="Library" testName="PERS-1670_Sites" transactionName="Logout" transactionCount="9" elapsedTime="9918" responseTime="9918" />
          <TransactionSummary scenarioName="Library" testName="PERS-1641_Forms" transactionName="Login" transactionCount="10" elapsedTime="0" responseTime="0" />
          <TransactionSummary scenarioName="Library" testName="PERS-1641_Forms" transactionName="Login.Landing Page" transactionCount="10" elapsedTime="466" responseTime="466" />
          <TransactionSummary scenarioName="Library" testName="PERS-1641_Forms" transactionName="Login.Login" transactionCount="9" elapsedTime="23532" responseTime="23532" />
          <TransactionSummary scenarioName="Library" testName="PERS-1641_Forms" transactionName="SetHierarchy.Login" transactionCount="9" elapsedTime="23938" responseTime="23938" />
          <TransactionSummary scenarioName="Library" testName="PERS-1641_Forms" transactionName="SetHierarchy.Set Hierarchy" transactionCount="9" elapsedTime="25157" responseTime="25157" />
          <TransactionSummary scenarioName="Library" testName="PERS-1641_Forms" transactionName="PERS-1641_Forms.SetHierarchy" transactionCount="9" elapsedTime="49096" responseTime="49096" />
          <TransactionSummary scenarioName="Library" testName="PERS-1641_Forms" transactionName="Set Hierarchy" transactionCount="9" elapsedTime="49096" responseTime="49096" />
          <TransactionSummary scenarioName="Library" testName="PERS-1641_Forms" transactionName="Library - Forms" transactionCount="9" elapsedTime="5568" responseTime="5568" />
          <TransactionSummary scenarioName="Library" testName="PERS-1641_Forms" transactionName="Create Form" transactionCount="9" elapsedTime="23403" responseTime="23403" />
          <TransactionSummary scenarioName="Library" testName="PERS-1641_Forms" transactionName="Save Form" transactionCount="8" elapsedTime="36406" responseTime="36406" />
          <TransactionSummary scenarioName="Library" testName="PERS-1641_Forms" transactionName="Logout.Logout" transactionCount="8" elapsedTime="6562" responseTime="6562" />
          <TransactionSummary scenarioName="Library" testName="PERS-1641_Forms" transactionName="PERS-1641_Forms.Logout" transactionCount="8" elapsedTime="6562" responseTime="6562" />
          <TransactionSummary scenarioName="Library" testName="PERS-1641_Forms" transactionName="Logout" transactionCount="8" elapsedTime="6562" responseTime="6562" />
          <TransactionSummary scenarioName="Library" testName="PERS-1658_Creative" transactionName="Login" transactionCount="6" elapsedTime="0" responseTime="0" />
          <TransactionSummary scenarioName="Library" testName="PERS-1658_Creative" transactionName="Login.Landing Page" transactionCount="6" elapsedTime="448" responseTime="448" />
          <TransactionSummary scenarioName="Library" testName="PERS-1658_Creative" transactionName="Login.Login" transactionCount="6" elapsedTime="23825" responseTime="23825" />
          <TransactionSummary scenarioName="Library" testName="PERS-1658_Creative" transactionName="FacebookSetHierarchy.Login" transactionCount="6" elapsedTime="24274" responseTime="24274" />
          <TransactionSummary scenarioName="Library" testName="PERS-1658_Creative" transactionName="FacebookSetHierarchy.Set Hierarchy" transactionCount="6" elapsedTime="23726" responseTime="23726" />
          <TransactionSummary scenarioName="Library" testName="PERS-1658_Creative" transactionName="PERS-1658_Creative.FacebookSetHierarchy" transactionCount="6" elapsedTime="48001" responseTime="48001" />
          <TransactionSummary scenarioName="Library" testName="PERS-1658_Creative" transactionName="Set Hierarchy" transactionCount="6" elapsedTime="48001" responseTime="48001" />
          <TransactionSummary scenarioName="Library" testName="PERS-1658_Creative" transactionName="Library - Creative" transactionCount="7" elapsedTime="36493" responseTime="36493" />
          <TransactionSummary scenarioName="Library" testName="PERS-1658_Creative" transactionName="Click a Creative" transactionCount="7" elapsedTime="5584" responseTime="5584" />
          <TransactionSummary scenarioName="Library" testName="PERS-1658_Creative" transactionName="Create Creative" transactionCount="7" elapsedTime="12325" responseTime="12325" />
          <TransactionSummary scenarioName="Library" testName="PERS-1658_Creative" transactionName="Save" transactionCount="7" elapsedTime="39395" responseTime="39395" />
          <TransactionSummary scenarioName="Library" testName="PERS-1658_Creative" transactionName="Logout.Logout" transactionCount="7" elapsedTime="6657" responseTime="6657" />
          <TransactionSummary scenarioName="Library" testName="PERS-1658_Creative" transactionName="PERS-1658_Creative.Logout" transactionCount="7" elapsedTime="6657" responseTime="6657" />
          <TransactionSummary scenarioName="Library" testName="PERS-1658_Creative" transactionName="Logout" transactionCount="7" elapsedTime="6657" responseTime="6657" />
          <TransactionSummary scenarioName="Library" testName="PERS-1642_LandingPages" transactionName="Login.Landing Page" transactionCount="21" elapsedTime="10143" responseTime="10143" />
          <TransactionSummary scenarioName="Library" testName="PERS-1642_LandingPages" transactionName="Login.Login" transactionCount="21" elapsedTime="21802" responseTime="21802" />
          <TransactionSummary scenarioName="Library" testName="PERS-1642_LandingPages" transactionName="PERS-1642_LandingPages.Login" transactionCount="11" elapsedTime="24491" responseTime="24491" />
          <TransactionSummary scenarioName="Library" testName="PERS-1642_LandingPages" transactionName="FacebookSetHierarchy.Login" transactionCount="10" elapsedTime="40144" responseTime="40144" />
          <TransactionSummary scenarioName="Library" testName="PERS-1642_LandingPages" transactionName="FacebookSetHierarchy.Set Hierarchy" transactionCount="8" elapsedTime="22098" responseTime="22098" />
          <TransactionSummary scenarioName="Library" testName="PERS-1642_LandingPages" transactionName="PERS-1642_LandingPages.FacebookSetHierarchy" transactionCount="8" elapsedTime="60540" responseTime="60540" />
          <TransactionSummary scenarioName="Library" testName="PERS-1642_LandingPages" transactionName="Library - Landing Page" transactionCount="8" elapsedTime="47395" responseTime="47395" />
          <TransactionSummary scenarioName="Library" testName="PERS-1640_FormFields" transactionName="Login" transactionCount="13" elapsedTime="0" responseTime="0" />
          <TransactionSummary scenarioName="Library" testName="PERS-1640_FormFields" transactionName="Login.Landing Page" transactionCount="13" elapsedTime="525" responseTime="525" />
          <TransactionSummary scenarioName="Library" testName="PERS-1640_FormFields" transactionName="Login.Login" transactionCount="13" elapsedTime="19308" responseTime="19308" />
          <TransactionSummary scenarioName="Library" testName="PERS-1640_FormFields" transactionName="SetHierarchy.Login" transactionCount="13" elapsedTime="19833" responseTime="19833" />
          <TransactionSummary scenarioName="Library" testName="PERS-1640_FormFields" transactionName="SetHierarchy.Set Hierarchy" transactionCount="12" elapsedTime="19778" responseTime="19778" />
          <TransactionSummary scenarioName="Library" testName="PERS-1640_FormFields" transactionName="PERS-1640_FormFields.SetHierarchy" transactionCount="12" elapsedTime="38110" responseTime="38110" />
          <TransactionSummary scenarioName="Library" testName="PERS-1640_FormFields" transactionName="Set Hiererchy" transactionCount="12" elapsedTime="38110" responseTime="38110" />
          <TransactionSummary scenarioName="Library" testName="PERS-1642_LandingPages" transactionName="Create Landing Page" transactionCount="7" elapsedTime="62830" responseTime="62830" />
          <TransactionSummary scenarioName="Library" testName="PERS-1642_LandingPages" transactionName="Select Form" transactionCount="6" elapsedTime="992" responseTime="992" />
          <TransactionSummary scenarioName="Library" testName="PERS-1642_LandingPages" transactionName="Select Phone Number" transactionCount="6" elapsedTime="768" responseTime="768" />
          <TransactionSummary scenarioName="Library" testName="PERS-1640_FormFields" transactionName="Form Fields" transactionCount="12" elapsedTime="5723" responseTime="4611" />
          <TransactionSummary scenarioName="Library" testName="PERS-1640_FormFields" transactionName="Create Form Fields" transactionCount="12" elapsedTime="1808" responseTime="1808" />
          <TransactionSummary scenarioName="Library" testName="PERS-1640_FormFields" transactionName="Save Form Field" transactionCount="12" elapsedTime="5449" responseTime="5449" />
          <TransactionSummary scenarioName="Library" testName="PERS-1640_FormFields" transactionName="Logout.Logout" transactionCount="12" elapsedTime="6001" responseTime="6001" />
          <TransactionSummary scenarioName="Library" testName="PERS-1640_FormFields" transactionName="PERS-1640_FormFields.Logout" transactionCount="12" elapsedTime="6001" responseTime="6001" />
          <TransactionSummary scenarioName="Library" testName="PERS-1640_FormFields" transactionName="Logout" transactionCount="12" elapsedTime="6001" responseTime="6001" />
          <TransactionSummary scenarioName="Library" testName="PERS-1642_LandingPages" transactionName="Save Landing Page" transactionCount="6" elapsedTime="44111" responseTime="44111" />
          <TransactionSummary scenarioName="Library" testName="PERS-1642_LandingPages" transactionName="Logout.Logout" transactionCount="6" elapsedTime="9512" responseTime="9512" />
          <TransactionSummary scenarioName="Library" testName="PERS-1642_LandingPages" transactionName="PERS-1642_LandingPages.Logout" transactionCount="6" elapsedTime="9512" responseTime="9512" />
          <TransactionSummary scenarioName="Library" testName="PERS-1642_LandingPages" transactionName="Logout" transactionCount="6" elapsedTime="9512" responseTime="9512" />
          <TransactionSummary scenarioName="Library" testName="PERS-1669_SellingPoints" transactionName="Login" transactionCount="9" elapsedTime="0" responseTime="0" />
          <TransactionSummary scenarioName="Library" testName="PERS-1669_SellingPoints" transactionName="Login.Landing Page" transactionCount="9" elapsedTime="542" responseTime="542" />
          <TransactionSummary scenarioName="Library" testName="PERS-1669_SellingPoints" transactionName="Login.Login" transactionCount="8" elapsedTime="28760" responseTime="28760" />
          <TransactionSummary scenarioName="Library" testName="PERS-1669_SellingPoints" transactionName="SetHierarchy.Login" transactionCount="8" elapsedTime="29232" responseTime="29232" />
          <TransactionSummary scenarioName="Library" testName="PERS-1669_SellingPoints" transactionName="SetHierarchy.Set Hierarchy" transactionCount="8" elapsedTime="26352" responseTime="26352" />
          <TransactionSummary scenarioName="Library" testName="PERS-1669_SellingPoints" transactionName="PERS-1669_SellingPoints.SetHierarchy" transactionCount="8" elapsedTime="55585" responseTime="55585" />
          <TransactionSummary scenarioName="Library" testName="PERS-1669_SellingPoints" transactionName="Set Hierarchy" transactionCount="8" elapsedTime="55585" responseTime="55585" />
          <TransactionSummary scenarioName="Library" testName="PERS-1669_SellingPoints" transactionName="Library - Selling Point" transactionCount="8" elapsedTime="45831" responseTime="44814" />
          <TransactionSummary scenarioName="Library" testName="PERS-1669_SellingPoints" transactionName="Create Selling Point" transactionCount="8" elapsedTime="17821" responseTime="17821" />
          <TransactionSummary scenarioName="Library" testName="PERS-1669_SellingPoints" transactionName="Save " transactionCount="8" elapsedTime="51205" responseTime="51205" />
          <TransactionSummary scenarioName="Library" testName="PERS-1669_SellingPoints" transactionName="Logout.Logout" transactionCount="8" elapsedTime="7747" responseTime="7747" />
          <TransactionSummary scenarioName="Library" testName="PERS-1669_SellingPoints" transactionName="PERS-1669_SellingPoints.Logout" transactionCount="8" elapsedTime="7747" responseTime="7747" />
          <TransactionSummary scenarioName="Library" testName="PERS-1669_SellingPoints" transactionName="Logout" transactionCount="8" elapsedTime="7747" responseTime="7747" />
        </TransactionSummaries>
      </Summary>
    </LoadTestResult>
  </Results>
</TestRun>